Directory logs_PKT_chunks/iic-train-l2-seed1/classifiers for saving the classifiers is now present
VisionTransformer(
  (patch_embed): PatchEmbed(
    (proj): Conv2d(3, 768, kernel_size=(15, 15), stride=(15, 15))
  )
  (blocks): ModuleList(
    (0-11): 12 x Block(
      (norm1): LayerNorm((768,), eps=1e-06, elementwise_affine=True)
      (attn): Attention(
        (qkv): Linear(in_features=768, out_features=2304, bias=True)
        (attn_drop): Dropout(p=0.0, inplace=False)
        (proj): Linear(in_features=768, out_features=768, bias=True)
        (proj_drop): Dropout(p=0.0, inplace=False)
      )
      (drop_path): Identity()
      (norm2): LayerNorm((768,), eps=1e-06, elementwise_affine=True)
      (mlp): MLP(
        (fc1): Linear(in_features=768, out_features=3072, bias=True)
        (act): GELU(approximate='none')
        (fc2): Linear(in_features=3072, out_features=768, bias=True)
        (drop): Dropout(p=0.0, inplace=False)
      )
    )
  )
  (norm): LayerNorm((768,), eps=1e-06, elementwise_affine=True)
)
Extracting features and saving them in memory..
Extracting features...
Done extracting features...
 Creating datasets
Created datasets...
 Creating data loaders
Done with data loaders
Commencing training
Epoch: 1/200 Train accuracy: 3.39380e-01 Validation accuracy: 4.23800e-01 Training loss 1.46900e-02 Validation loss 1.32941e-02 Time taken: 0.71 seconds 
Epoch: 2/200 Train accuracy: 4.43860e-01 Validation accuracy: 4.53900e-01 Training loss 1.26502e-02 Validation loss 1.23860e-02 Time taken: 0.73 seconds 
Epoch: 3/200 Train accuracy: 4.68100e-01 Validation accuracy: 4.69700e-01 Training loss 1.20176e-02 Validation loss 1.19531e-02 Time taken: 0.82 seconds 
Epoch: 4/200 Train accuracy: 4.79940e-01 Validation accuracy: 4.78900e-01 Training loss 1.16833e-02 Validation loss 1.17200e-02 Time taken: 0.83 seconds 
Epoch: 5/200 Train accuracy: 4.86260e-01 Validation accuracy: 4.75800e-01 Training loss 1.14731e-02 Validation loss 1.15849e-02 Time taken: 0.84 seconds 
Epoch: 6/200 Train accuracy: 4.92220e-01 Validation accuracy: 4.88100e-01 Training loss 1.13228e-02 Validation loss 1.14448e-02 Time taken: 0.86 seconds 
Epoch: 7/200 Train accuracy: 4.97340e-01 Validation accuracy: 4.91600e-01 Training loss 1.12126e-02 Validation loss 1.13634e-02 Time taken: 0.83 seconds 
Epoch: 8/200 Train accuracy: 4.99600e-01 Validation accuracy: 4.87300e-01 Training loss 1.11253e-02 Validation loss 1.13028e-02 Time taken: 1.05 seconds 
Epoch: 9/200 Train accuracy: 5.01940e-01 Validation accuracy: 4.91600e-01 Training loss 1.10572e-02 Validation loss 1.12301e-02 Time taken: 0.86 seconds 
Epoch: 10/200 Train accuracy: 5.05260e-01 Validation accuracy: 4.99400e-01 Training loss 1.09963e-02 Validation loss 1.11713e-02 Time taken: 0.88 seconds 
Epoch: 11/200 Train accuracy: 5.05680e-01 Validation accuracy: 4.98000e-01 Training loss 1.09404e-02 Validation loss 1.11154e-02 Time taken: 1.03 seconds 
Epoch: 12/200 Train accuracy: 5.08320e-01 Validation accuracy: 4.98300e-01 Training loss 1.09000e-02 Validation loss 1.10898e-02 Time taken: 0.84 seconds 
Epoch: 13/200 Train accuracy: 5.09480e-01 Validation accuracy: 5.04400e-01 Training loss 1.08577e-02 Validation loss 1.10483e-02 Time taken: 0.92 seconds 
Epoch: 14/200 Train accuracy: 5.15060e-01 Validation accuracy: 5.01500e-01 Training loss 1.08247e-02 Validation loss 1.10213e-02 Time taken: 0.86 seconds 
Epoch: 15/200 Train accuracy: 5.14380e-01 Validation accuracy: 5.04900e-01 Training loss 1.07846e-02 Validation loss 1.10008e-02 Time taken: 0.86 seconds 
Epoch: 16/200 Train accuracy: 5.14400e-01 Validation accuracy: 5.02900e-01 Training loss 1.07588e-02 Validation loss 1.09789e-02 Time taken: 0.97 seconds 
Epoch: 17/200 Train accuracy: 5.16580e-01 Validation accuracy: 5.00800e-01 Training loss 1.07296e-02 Validation loss 1.09683e-02 Time taken: 0.83 seconds 
Epoch: 18/200 Train accuracy: 5.17700e-01 Validation accuracy: 5.06100e-01 Training loss 1.07062e-02 Validation loss 1.09074e-02 Time taken: 0.85 seconds 
Epoch: 19/200 Train accuracy: 5.19920e-01 Validation accuracy: 5.09900e-01 Training loss 1.06802e-02 Validation loss 1.08924e-02 Time taken: 0.90 seconds 
Epoch: 20/200 Train accuracy: 5.18880e-01 Validation accuracy: 5.07700e-01 Training loss 1.06617e-02 Validation loss 1.08803e-02 Time taken: 0.84 seconds 
Epoch: 21/200 Train accuracy: 5.20760e-01 Validation accuracy: 5.08100e-01 Training loss 1.06444e-02 Validation loss 1.08388e-02 Time taken: 1.09 seconds 
Epoch: 22/200 Train accuracy: 5.20720e-01 Validation accuracy: 5.14700e-01 Training loss 1.06216e-02 Validation loss 1.08466e-02 Time taken: 0.89 seconds 
Epoch: 23/200 Train accuracy: 5.21040e-01 Validation accuracy: 5.13400e-01 Training loss 1.06047e-02 Validation loss 1.08214e-02 Time taken: 0.95 seconds 
Epoch: 24/200 Train accuracy: 5.22020e-01 Validation accuracy: 5.11600e-01 Training loss 1.05898e-02 Validation loss 1.08195e-02 Time taken: 1.01 seconds 
Epoch: 25/200 Train accuracy: 5.24820e-01 Validation accuracy: 5.13200e-01 Training loss 1.05683e-02 Validation loss 1.08056e-02 Time taken: 1.01 seconds 
Epoch: 26/200 Train accuracy: 5.25260e-01 Validation accuracy: 5.12700e-01 Training loss 1.05503e-02 Validation loss 1.08119e-02 Time taken: 1.27 seconds 
Epoch: 27/200 Train accuracy: 5.23420e-01 Validation accuracy: 5.14400e-01 Training loss 1.05422e-02 Validation loss 1.07741e-02 Time taken: 1.00 seconds 
Epoch: 28/200 Train accuracy: 5.25320e-01 Validation accuracy: 5.15400e-01 Training loss 1.05261e-02 Validation loss 1.07559e-02 Time taken: 0.94 seconds 
Epoch: 29/200 Train accuracy: 5.27080e-01 Validation accuracy: 5.18700e-01 Training loss 1.05113e-02 Validation loss 1.07362e-02 Time taken: 0.88 seconds 
Epoch: 30/200 Train accuracy: 5.26220e-01 Validation accuracy: 5.13200e-01 Training loss 1.05042e-02 Validation loss 1.07214e-02 Time taken: 1.13 seconds 
Epoch: 31/200 Train accuracy: 5.28760e-01 Validation accuracy: 5.17100e-01 Training loss 1.04871e-02 Validation loss 1.07173e-02 Time taken: 0.86 seconds 
Epoch: 32/200 Train accuracy: 5.28240e-01 Validation accuracy: 5.14600e-01 Training loss 1.04814e-02 Validation loss 1.07155e-02 Time taken: 0.87 seconds 
Epoch: 33/200 Train accuracy: 5.28300e-01 Validation accuracy: 5.13800e-01 Training loss 1.04634e-02 Validation loss 1.07239e-02 Time taken: 0.85 seconds 
Epoch: 34/200 Train accuracy: 5.28980e-01 Validation accuracy: 5.18200e-01 Training loss 1.04563e-02 Validation loss 1.06790e-02 Time taken: 0.83 seconds 
Epoch: 35/200 Train accuracy: 5.29180e-01 Validation accuracy: 5.18800e-01 Training loss 1.04436e-02 Validation loss 1.07005e-02 Time taken: 1.09 seconds 
Epoch: 36/200 Train accuracy: 5.29980e-01 Validation accuracy: 5.15200e-01 Training loss 1.04315e-02 Validation loss 1.06950e-02 Time taken: 0.86 seconds 
Epoch: 37/200 Train accuracy: 5.30480e-01 Validation accuracy: 5.20700e-01 Training loss 1.04209e-02 Validation loss 1.06456e-02 Time taken: 0.86 seconds 
Epoch: 38/200 Train accuracy: 5.30700e-01 Validation accuracy: 5.16700e-01 Training loss 1.04144e-02 Validation loss 1.06790e-02 Time taken: 1.05 seconds 
Epoch: 39/200 Train accuracy: 5.32260e-01 Validation accuracy: 5.21000e-01 Training loss 1.04043e-02 Validation loss 1.06515e-02 Time taken: 0.82 seconds 
Epoch: 40/200 Train accuracy: 5.31820e-01 Validation accuracy: 5.17600e-01 Training loss 1.03927e-02 Validation loss 1.06464e-02 Time taken: 1.08 seconds 
Epoch: 41/200 Train accuracy: 5.33000e-01 Validation accuracy: 5.24100e-01 Training loss 1.03839e-02 Validation loss 1.06149e-02 Time taken: 0.85 seconds 
Epoch: 42/200 Train accuracy: 5.32700e-01 Validation accuracy: 5.21200e-01 Training loss 1.03787e-02 Validation loss 1.06411e-02 Time taken: 0.83 seconds 
Epoch: 43/200 Train accuracy: 5.34280e-01 Validation accuracy: 5.18500e-01 Training loss 1.03736e-02 Validation loss 1.06206e-02 Time taken: 1.11 seconds 
Epoch: 44/200 Train accuracy: 5.33400e-01 Validation accuracy: 5.21100e-01 Training loss 1.03618e-02 Validation loss 1.06002e-02 Time taken: 0.87 seconds 
Epoch: 45/200 Train accuracy: 5.34760e-01 Validation accuracy: 5.19700e-01 Training loss 1.03544e-02 Validation loss 1.06214e-02 Time taken: 0.90 seconds 
Epoch: 46/200 Train accuracy: 5.34100e-01 Validation accuracy: 5.24400e-01 Training loss 1.03486e-02 Validation loss 1.05792e-02 Time taken: 0.84 seconds 
Epoch: 47/200 Train accuracy: 5.34780e-01 Validation accuracy: 5.22800e-01 Training loss 1.03389e-02 Validation loss 1.06106e-02 Time taken: 0.85 seconds 
Epoch: 48/200 Train accuracy: 5.35080e-01 Validation accuracy: 5.24500e-01 Training loss 1.03344e-02 Validation loss 1.05497e-02 Time taken: 0.84 seconds 
Epoch: 49/200 Train accuracy: 5.35660e-01 Validation accuracy: 5.24100e-01 Training loss 1.03244e-02 Validation loss 1.05730e-02 Time taken: 0.89 seconds 
Epoch: 50/200 Train accuracy: 5.35220e-01 Validation accuracy: 5.25800e-01 Training loss 1.03179e-02 Validation loss 1.05464e-02 Time taken: 0.94 seconds 
Epoch: 51/200 Train accuracy: 5.36480e-01 Validation accuracy: 5.26300e-01 Training loss 1.03144e-02 Validation loss 1.05520e-02 Time taken: 0.86 seconds 
Epoch: 52/200 Train accuracy: 5.36980e-01 Validation accuracy: 5.25000e-01 Training loss 1.03006e-02 Validation loss 1.05690e-02 Time taken: 0.83 seconds 
Epoch: 53/200 Train accuracy: 5.37220e-01 Validation accuracy: 5.25600e-01 Training loss 1.02932e-02 Validation loss 1.05394e-02 Time taken: 0.88 seconds 
Epoch: 54/200 Train accuracy: 5.37180e-01 Validation accuracy: 5.26100e-01 Training loss 1.02902e-02 Validation loss 1.05297e-02 Time taken: 0.83 seconds 
Epoch: 55/200 Train accuracy: 5.36520e-01 Validation accuracy: 5.25900e-01 Training loss 1.02861e-02 Validation loss 1.05607e-02 Time taken: 1.08 seconds 
Epoch: 56/200 Train accuracy: 5.37760e-01 Validation accuracy: 5.24700e-01 Training loss 1.02815e-02 Validation loss 1.05429e-02 Time taken: 0.90 seconds 
Epoch: 57/200 Train accuracy: 5.38040e-01 Validation accuracy: 5.26900e-01 Training loss 1.02739e-02 Validation loss 1.05319e-02 Time taken: 0.83 seconds 
Epoch: 58/200 Train accuracy: 5.39440e-01 Validation accuracy: 5.28900e-01 Training loss 1.02687e-02 Validation loss 1.05153e-02 Time taken: 1.08 seconds 
Epoch: 59/200 Train accuracy: 5.39600e-01 Validation accuracy: 5.21800e-01 Training loss 1.02587e-02 Validation loss 1.05511e-02 Time taken: 0.88 seconds 
Epoch: 60/200 Train accuracy: 5.37880e-01 Validation accuracy: 5.24700e-01 Training loss 1.02584e-02 Validation loss 1.05271e-02 Time taken: 0.97 seconds 
Epoch: 61/200 Train accuracy: 5.38660e-01 Validation accuracy: 5.28500e-01 Training loss 1.02496e-02 Validation loss 1.05075e-02 Time taken: 0.84 seconds 
Epoch: 62/200 Train accuracy: 5.40660e-01 Validation accuracy: 5.23800e-01 Training loss 1.02412e-02 Validation loss 1.05319e-02 Time taken: 0.85 seconds 
Epoch: 63/200 Train accuracy: 5.39240e-01 Validation accuracy: 5.27600e-01 Training loss 1.02461e-02 Validation loss 1.05021e-02 Time taken: 0.86 seconds 
Epoch: 64/200 Train accuracy: 5.40840e-01 Validation accuracy: 5.28500e-01 Training loss 1.02330e-02 Validation loss 1.04707e-02 Time taken: 0.88 seconds 
Epoch: 65/200 Train accuracy: 5.39420e-01 Validation accuracy: 5.26700e-01 Training loss 1.02296e-02 Validation loss 1.04966e-02 Time taken: 1.15 seconds 
Epoch: 66/200 Train accuracy: 5.39080e-01 Validation accuracy: 5.30400e-01 Training loss 1.02239e-02 Validation loss 1.04768e-02 Time taken: 0.88 seconds 
Epoch: 67/200 Train accuracy: 5.40960e-01 Validation accuracy: 5.26800e-01 Training loss 1.02201e-02 Validation loss 1.04900e-02 Time taken: 0.82 seconds 
Epoch: 68/200 Train accuracy: 5.41920e-01 Validation accuracy: 5.31500e-01 Training loss 1.02158e-02 Validation loss 1.04769e-02 Time taken: 1.13 seconds 
Epoch: 69/200 Train accuracy: 5.40880e-01 Validation accuracy: 5.28300e-01 Training loss 1.02099e-02 Validation loss 1.04728e-02 Time taken: 1.08 seconds 
Epoch: 70/200 Train accuracy: 5.43040e-01 Validation accuracy: 5.29500e-01 Training loss 1.02094e-02 Validation loss 1.04651e-02 Time taken: 0.92 seconds 
Epoch: 71/200 Train accuracy: 5.41340e-01 Validation accuracy: 5.29600e-01 Training loss 1.02015e-02 Validation loss 1.04588e-02 Time taken: 1.07 seconds 
Epoch: 72/200 Train accuracy: 5.41560e-01 Validation accuracy: 5.30500e-01 Training loss 1.02086e-02 Validation loss 1.04496e-02 Time taken: 1.06 seconds 
Epoch: 73/200 Train accuracy: 5.41040e-01 Validation accuracy: 5.27500e-01 Training loss 1.01926e-02 Validation loss 1.04588e-02 Time taken: 0.84 seconds 
Epoch: 74/200 Train accuracy: 5.42260e-01 Validation accuracy: 5.34300e-01 Training loss 1.01944e-02 Validation loss 1.04408e-02 Time taken: 0.87 seconds 
Epoch: 75/200 Train accuracy: 5.44180e-01 Validation accuracy: 5.31100e-01 Training loss 1.01792e-02 Validation loss 1.04476e-02 Time taken: 0.95 seconds 
Epoch: 76/200 Train accuracy: 5.43400e-01 Validation accuracy: 5.31600e-01 Training loss 1.01846e-02 Validation loss 1.04583e-02 Time taken: 0.86 seconds 
Epoch: 77/200 Train accuracy: 5.43000e-01 Validation accuracy: 5.28200e-01 Training loss 1.01759e-02 Validation loss 1.04360e-02 Time taken: 0.84 seconds 
Epoch: 78/200 Train accuracy: 5.42700e-01 Validation accuracy: 5.31600e-01 Training loss 1.01714e-02 Validation loss 1.04301e-02 Time taken: 0.87 seconds 
Epoch: 79/200 Train accuracy: 5.43560e-01 Validation accuracy: 5.32000e-01 Training loss 1.01698e-02 Validation loss 1.04187e-02 Time taken: 0.86 seconds 
Epoch: 80/200 Train accuracy: 5.44000e-01 Validation accuracy: 5.29900e-01 Training loss 1.01572e-02 Validation loss 1.04381e-02 Time taken: 0.85 seconds 
Epoch: 81/200 Train accuracy: 5.42720e-01 Validation accuracy: 5.31400e-01 Training loss 1.01617e-02 Validation loss 1.04337e-02 Time taken: 0.87 seconds 
Epoch: 82/200 Train accuracy: 5.43780e-01 Validation accuracy: 5.35600e-01 Training loss 1.01544e-02 Validation loss 1.04279e-02 Time taken: 0.83 seconds 
Epoch: 83/200 Train accuracy: 5.43800e-01 Validation accuracy: 5.33000e-01 Training loss 1.01546e-02 Validation loss 1.04378e-02 Time taken: 1.02 seconds 
Epoch: 84/200 Train accuracy: 5.44240e-01 Validation accuracy: 5.32900e-01 Training loss 1.01488e-02 Validation loss 1.04144e-02 Time taken: 0.90 seconds 
Epoch: 85/200 Train accuracy: 5.43960e-01 Validation accuracy: 5.30100e-01 Training loss 1.01504e-02 Validation loss 1.04297e-02 Time taken: 1.08 seconds 
Epoch: 86/200 Train accuracy: 5.44140e-01 Validation accuracy: 5.31500e-01 Training loss 1.01451e-02 Validation loss 1.04130e-02 Time taken: 0.89 seconds 
Epoch: 87/200 Train accuracy: 5.45860e-01 Validation accuracy: 5.29200e-01 Training loss 1.01413e-02 Validation loss 1.04014e-02 Time taken: 0.93 seconds 
Epoch: 88/200 Train accuracy: 5.44480e-01 Validation accuracy: 5.35500e-01 Training loss 1.01306e-02 Validation loss 1.03884e-02 Time taken: 0.91 seconds 
Epoch: 89/200 Train accuracy: 5.45280e-01 Validation accuracy: 5.30300e-01 Training loss 1.01322e-02 Validation loss 1.04157e-02 Time taken: 0.87 seconds 
Epoch: 90/200 Train accuracy: 5.45280e-01 Validation accuracy: 5.35200e-01 Training loss 1.01272e-02 Validation loss 1.03863e-02 Time taken: 1.08 seconds 
Epoch: 91/200 Train accuracy: 5.46160e-01 Validation accuracy: 5.34800e-01 Training loss 1.01218e-02 Validation loss 1.03995e-02 Time taken: 1.06 seconds 
Epoch: 92/200 Train accuracy: 5.46300e-01 Validation accuracy: 5.35600e-01 Training loss 1.01241e-02 Validation loss 1.03919e-02 Time taken: 0.83 seconds 
Epoch: 93/200 Train accuracy: 5.45660e-01 Validation accuracy: 5.31800e-01 Training loss 1.01188e-02 Validation loss 1.03995e-02 Time taken: 0.85 seconds 
Epoch: 94/200 Train accuracy: 5.46000e-01 Validation accuracy: 5.32900e-01 Training loss 1.01206e-02 Validation loss 1.03843e-02 Time taken: 0.86 seconds 
Epoch: 95/200 Train accuracy: 5.46020e-01 Validation accuracy: 5.35400e-01 Training loss 1.01158e-02 Validation loss 1.03656e-02 Time taken: 0.92 seconds 
Epoch: 96/200 Train accuracy: 5.46260e-01 Validation accuracy: 5.34700e-01 Training loss 1.01079e-02 Validation loss 1.03935e-02 Time taken: 0.87 seconds 
Epoch: 97/200 Train accuracy: 5.46780e-01 Validation accuracy: 5.33700e-01 Training loss 1.01118e-02 Validation loss 1.03627e-02 Time taken: 1.08 seconds 
Epoch: 98/200 Train accuracy: 5.46700e-01 Validation accuracy: 5.34000e-01 Training loss 1.01031e-02 Validation loss 1.03670e-02 Time taken: 0.83 seconds 
Epoch: 99/200 Train accuracy: 5.47720e-01 Validation accuracy: 5.33400e-01 Training loss 1.00992e-02 Validation loss 1.03723e-02 Time taken: 0.87 seconds 
Epoch: 100/200 Train accuracy: 5.46960e-01 Validation accuracy: 5.32600e-01 Training loss 1.00972e-02 Validation loss 1.03927e-02 Time taken: 1.10 seconds 
Epoch: 101/200 Train accuracy: 5.45960e-01 Validation accuracy: 5.37700e-01 Training loss 1.00954e-02 Validation loss 1.03687e-02 Time taken: 0.84 seconds 
Epoch: 102/200 Train accuracy: 5.47340e-01 Validation accuracy: 5.35500e-01 Training loss 1.00979e-02 Validation loss 1.03532e-02 Time taken: 1.05 seconds 
Epoch: 103/200 Train accuracy: 5.46280e-01 Validation accuracy: 5.32700e-01 Training loss 1.00928e-02 Validation loss 1.03779e-02 Time taken: 0.84 seconds 
Epoch: 104/200 Train accuracy: 5.46780e-01 Validation accuracy: 5.36400e-01 Training loss 1.00878e-02 Validation loss 1.03454e-02 Time taken: 0.83 seconds 
Epoch: 105/200 Train accuracy: 5.47240e-01 Validation accuracy: 5.34200e-01 Training loss 1.00802e-02 Validation loss 1.03903e-02 Time taken: 1.05 seconds 
Epoch: 106/200 Train accuracy: 5.48920e-01 Validation accuracy: 5.34900e-01 Training loss 1.00852e-02 Validation loss 1.03719e-02 Time taken: 0.85 seconds 
Epoch: 107/200 Train accuracy: 5.48320e-01 Validation accuracy: 5.35700e-01 Training loss 1.00843e-02 Validation loss 1.03678e-02 Time taken: 1.01 seconds 
Epoch: 108/200 Train accuracy: 5.48000e-01 Validation accuracy: 5.32300e-01 Training loss 1.00743e-02 Validation loss 1.03863e-02 Time taken: 0.86 seconds 
Epoch: 109/200 Train accuracy: 5.47040e-01 Validation accuracy: 5.36800e-01 Training loss 1.00743e-02 Validation loss 1.03395e-02 Time taken: 0.84 seconds 
Epoch: 110/200 Train accuracy: 5.48300e-01 Validation accuracy: 5.35300e-01 Training loss 1.00742e-02 Validation loss 1.03723e-02 Time taken: 1.01 seconds 
Epoch: 111/200 Train accuracy: 5.47980e-01 Validation accuracy: 5.36900e-01 Training loss 1.00712e-02 Validation loss 1.03349e-02 Time taken: 0.83 seconds 
Epoch: 112/200 Train accuracy: 5.47980e-01 Validation accuracy: 5.37800e-01 Training loss 1.00679e-02 Validation loss 1.03276e-02 Time taken: 0.93 seconds 
Epoch: 113/200 Train accuracy: 5.49160e-01 Validation accuracy: 5.40700e-01 Training loss 1.00638e-02 Validation loss 1.03212e-02 Time taken: 0.84 seconds 
Epoch: 114/200 Train accuracy: 5.48720e-01 Validation accuracy: 5.35300e-01 Training loss 1.00635e-02 Validation loss 1.03655e-02 Time taken: 0.85 seconds 
Epoch: 115/200 Train accuracy: 5.49280e-01 Validation accuracy: 5.33800e-01 Training loss 1.00620e-02 Validation loss 1.03162e-02 Time taken: 0.92 seconds 
Epoch: 116/200 Train accuracy: 5.50020e-01 Validation accuracy: 5.36600e-01 Training loss 1.00558e-02 Validation loss 1.03334e-02 Time taken: 0.84 seconds 
Epoch: 117/200 Train accuracy: 5.47860e-01 Validation accuracy: 5.37600e-01 Training loss 1.00529e-02 Validation loss 1.03167e-02 Time taken: 1.07 seconds 
Epoch: 118/200 Train accuracy: 5.48340e-01 Validation accuracy: 5.36800e-01 Training loss 1.00530e-02 Validation loss 1.03388e-02 Time taken: 0.84 seconds 
Epoch: 119/200 Train accuracy: 5.47160e-01 Validation accuracy: 5.35900e-01 Training loss 1.00521e-02 Validation loss 1.03172e-02 Time taken: 0.83 seconds 
Epoch: 120/200 Train accuracy: 5.49620e-01 Validation accuracy: 5.38800e-01 Training loss 1.00508e-02 Validation loss 1.03174e-02 Time taken: 0.91 seconds 
Epoch: 121/200 Train accuracy: 5.50180e-01 Validation accuracy: 5.32400e-01 Training loss 1.00422e-02 Validation loss 1.03564e-02 Time taken: 0.83 seconds 
Epoch: 122/200 Train accuracy: 5.49180e-01 Validation accuracy: 5.33400e-01 Training loss 1.00413e-02 Validation loss 1.03433e-02 Time taken: 0.84 seconds 
Epoch: 123/200 Train accuracy: 5.50360e-01 Validation accuracy: 5.36900e-01 Training loss 1.00439e-02 Validation loss 1.03350e-02 Time taken: 0.93 seconds 
Epoch: 124/200 Train accuracy: 5.50500e-01 Validation accuracy: 5.36400e-01 Training loss 1.00392e-02 Validation loss 1.03392e-02 Time taken: 0.88 seconds 
Epoch: 125/200 Train accuracy: 5.49500e-01 Validation accuracy: 5.40400e-01 Training loss 1.00359e-02 Validation loss 1.03275e-02 Time taken: 1.00 seconds 
Epoch: 126/200 Train accuracy: 5.50560e-01 Validation accuracy: 5.40000e-01 Training loss 1.00372e-02 Validation loss 1.02999e-02 Time taken: 0.83 seconds 
Epoch: 127/200 Train accuracy: 5.50880e-01 Validation accuracy: 5.36100e-01 Training loss 1.00311e-02 Validation loss 1.03252e-02 Time taken: 0.87 seconds 
Epoch: 128/200 Train accuracy: 5.51360e-01 Validation accuracy: 5.35500e-01 Training loss 1.00262e-02 Validation loss 1.03126e-02 Time taken: 1.01 seconds 
Epoch: 129/200 Train accuracy: 5.49380e-01 Validation accuracy: 5.37000e-01 Training loss 1.00314e-02 Validation loss 1.02964e-02 Time taken: 0.83 seconds 
Epoch: 130/200 Train accuracy: 5.50800e-01 Validation accuracy: 5.36800e-01 Training loss 1.00257e-02 Validation loss 1.03066e-02 Time taken: 0.86 seconds 
Epoch: 131/200 Train accuracy: 5.51940e-01 Validation accuracy: 5.35200e-01 Training loss 1.00226e-02 Validation loss 1.03143e-02 Time taken: 0.83 seconds 
Epoch: 132/200 Train accuracy: 5.49700e-01 Validation accuracy: 5.36700e-01 Training loss 1.00258e-02 Validation loss 1.03050e-02 Time taken: 0.82 seconds 
Epoch: 133/200 Train accuracy: 5.49920e-01 Validation accuracy: 5.39100e-01 Training loss 1.00224e-02 Validation loss 1.03295e-02 Time taken: 1.12 seconds 
Epoch: 134/200 Train accuracy: 5.50860e-01 Validation accuracy: 5.39500e-01 Training loss 1.00220e-02 Validation loss 1.02929e-02 Time taken: 0.87 seconds 
Epoch: 135/200 Train accuracy: 5.50700e-01 Validation accuracy: 5.36500e-01 Training loss 1.00161e-02 Validation loss 1.02961e-02 Time taken: 1.20 seconds 
Epoch: 136/200 Train accuracy: 5.51280e-01 Validation accuracy: 5.41400e-01 Training loss 1.00195e-02 Validation loss 1.02926e-02 Time taken: 1.01 seconds 
Epoch: 137/200 Train accuracy: 5.48980e-01 Validation accuracy: 5.36800e-01 Training loss 1.00121e-02 Validation loss 1.02958e-02 Time taken: 1.17 seconds 
Epoch: 138/200 Train accuracy: 5.51040e-01 Validation accuracy: 5.42100e-01 Training loss 1.00093e-02 Validation loss 1.02641e-02 Time taken: 0.87 seconds 
Epoch: 139/200 Train accuracy: 5.51960e-01 Validation accuracy: 5.41100e-01 Training loss 1.00101e-02 Validation loss 1.02860e-02 Time taken: 0.85 seconds 
Epoch: 140/200 Train accuracy: 5.51260e-01 Validation accuracy: 5.35400e-01 Training loss 1.00098e-02 Validation loss 1.03193e-02 Time taken: 1.00 seconds 
Epoch: 141/200 Train accuracy: 5.52020e-01 Validation accuracy: 5.39200e-01 Training loss 1.00085e-02 Validation loss 1.02769e-02 Time taken: 0.84 seconds 
Epoch: 142/200 Train accuracy: 5.52640e-01 Validation accuracy: 5.36800e-01 Training loss 1.00026e-02 Validation loss 1.03151e-02 Time taken: 0.98 seconds 
Epoch: 143/200 Train accuracy: 5.50700e-01 Validation accuracy: 5.39800e-01 Training loss 1.00074e-02 Validation loss 1.02889e-02 Time taken: 0.89 seconds 
Epoch: 144/200 Train accuracy: 5.52780e-01 Validation accuracy: 5.41100e-01 Training loss 9.99980e-03 Validation loss 1.02777e-02 Time taken: 0.88 seconds 
Epoch: 145/200 Train accuracy: 5.52440e-01 Validation accuracy: 5.37400e-01 Training loss 1.00016e-02 Validation loss 1.02931e-02 Time taken: 0.89 seconds 
Epoch: 146/200 Train accuracy: 5.52680e-01 Validation accuracy: 5.38400e-01 Training loss 9.99657e-03 Validation loss 1.03069e-02 Time taken: 0.87 seconds 
Epoch: 147/200 Train accuracy: 5.52900e-01 Validation accuracy: 5.40700e-01 Training loss 9.99611e-03 Validation loss 1.02580e-02 Time taken: 0.89 seconds 
Epoch: 148/200 Train accuracy: 5.52240e-01 Validation accuracy: 5.39200e-01 Training loss 9.99704e-03 Validation loss 1.02695e-02 Time taken: 0.84 seconds 
Epoch: 149/200 Train accuracy: 5.51420e-01 Validation accuracy: 5.33400e-01 Training loss 9.99500e-03 Validation loss 1.03020e-02 Time taken: 0.87 seconds 
Epoch: 150/200 Train accuracy: 5.52900e-01 Validation accuracy: 5.36100e-01 Training loss 9.99174e-03 Validation loss 1.02628e-02 Time taken: 1.13 seconds 
Epoch: 151/200 Train accuracy: 5.52040e-01 Validation accuracy: 5.36700e-01 Training loss 9.98844e-03 Validation loss 1.02658e-02 Time taken: 0.85 seconds 
Epoch: 152/200 Train accuracy: 5.51240e-01 Validation accuracy: 5.42300e-01 Training loss 9.99061e-03 Validation loss 1.02725e-02 Time taken: 1.10 seconds 
Epoch: 153/200 Train accuracy: 5.52900e-01 Validation accuracy: 5.39700e-01 Training loss 9.99086e-03 Validation loss 1.02572e-02 Time taken: 0.83 seconds 
Epoch: 154/200 Train accuracy: 5.51460e-01 Validation accuracy: 5.38300e-01 Training loss 9.98791e-03 Validation loss 1.02757e-02 Time taken: 0.87 seconds 
Epoch: 155/200 Train accuracy: 5.52420e-01 Validation accuracy: 5.41700e-01 Training loss 9.98315e-03 Validation loss 1.02609e-02 Time taken: 1.13 seconds 
Epoch: 156/200 Train accuracy: 5.52480e-01 Validation accuracy: 5.39200e-01 Training loss 9.98599e-03 Validation loss 1.02714e-02 Time taken: 0.87 seconds 
Epoch: 157/200 Train accuracy: 5.53200e-01 Validation accuracy: 5.44100e-01 Training loss 9.98300e-03 Validation loss 1.02433e-02 Time taken: 1.07 seconds 
Epoch: 158/200 Train accuracy: 5.52060e-01 Validation accuracy: 5.39000e-01 Training loss 9.97342e-03 Validation loss 1.02540e-02 Time taken: 0.84 seconds 
Epoch: 159/200 Train accuracy: 5.53800e-01 Validation accuracy: 5.42000e-01 Training loss 9.97201e-03 Validation loss 1.02488e-02 Time taken: 0.89 seconds 
Epoch: 160/200 Train accuracy: 5.52440e-01 Validation accuracy: 5.41200e-01 Training loss 9.97900e-03 Validation loss 1.02460e-02 Time taken: 0.86 seconds 
Epoch: 161/200 Train accuracy: 5.52420e-01 Validation accuracy: 5.37700e-01 Training loss 9.97441e-03 Validation loss 1.02523e-02 Time taken: 0.87 seconds 
Epoch: 162/200 Train accuracy: 5.52260e-01 Validation accuracy: 5.40700e-01 Training loss 9.96952e-03 Validation loss 1.02623e-02 Time taken: 1.04 seconds 
Epoch: 163/200 Train accuracy: 5.53720e-01 Validation accuracy: 5.39300e-01 Training loss 9.97205e-03 Validation loss 1.02681e-02 Time taken: 0.86 seconds 
Epoch: 164/200 Train accuracy: 5.51880e-01 Validation accuracy: 5.41500e-01 Training loss 9.97376e-03 Validation loss 1.02723e-02 Time taken: 0.90 seconds 
Epoch: 165/200 Train accuracy: 5.53660e-01 Validation accuracy: 5.39600e-01 Training loss 9.96779e-03 Validation loss 1.02568e-02 Time taken: 0.90 seconds 
Epoch: 166/200 Train accuracy: 5.54260e-01 Validation accuracy: 5.37500e-01 Training loss 9.96805e-03 Validation loss 1.02941e-02 Time taken: 0.84 seconds 
Epoch: 167/200 Train accuracy: 5.54080e-01 Validation accuracy: 5.42500e-01 Training loss 9.96619e-03 Validation loss 1.02450e-02 Time taken: 0.94 seconds 
Epoch: 168/200 Train accuracy: 5.52960e-01 Validation accuracy: 5.38900e-01 Training loss 9.95844e-03 Validation loss 1.02726e-02 Time taken: 0.84 seconds 
Epoch: 169/200 Train accuracy: 5.54460e-01 Validation accuracy: 5.39100e-01 Training loss 9.95982e-03 Validation loss 1.02637e-02 Time taken: 0.88 seconds 
Epoch: 170/200 Train accuracy: 5.53440e-01 Validation accuracy: 5.43300e-01 Training loss 9.96304e-03 Validation loss 1.02316e-02 Time taken: 0.98 seconds 
Epoch: 171/200 Train accuracy: 5.55360e-01 Validation accuracy: 5.40900e-01 Training loss 9.95725e-03 Validation loss 1.02337e-02 Time taken: 0.87 seconds 
Epoch: 172/200 Train accuracy: 5.52820e-01 Validation accuracy: 5.42000e-01 Training loss 9.96069e-03 Validation loss 1.02307e-02 Time taken: 1.10 seconds 
Epoch: 173/200 Train accuracy: 5.54080e-01 Validation accuracy: 5.45100e-01 Training loss 9.95561e-03 Validation loss 1.02347e-02 Time taken: 0.84 seconds 
Epoch: 174/200 Train accuracy: 5.56280e-01 Validation accuracy: 5.40900e-01 Training loss 9.95818e-03 Validation loss 1.02450e-02 Time taken: 0.84 seconds 
Epoch: 175/200 Train accuracy: 5.54520e-01 Validation accuracy: 5.41200e-01 Training loss 9.95957e-03 Validation loss 1.02489e-02 Time taken: 0.95 seconds 
Epoch: 176/200 Train accuracy: 5.53400e-01 Validation accuracy: 5.34300e-01 Training loss 9.95847e-03 Validation loss 1.02549e-02 Time taken: 0.85 seconds 
Epoch: 177/200 Train accuracy: 5.53100e-01 Validation accuracy: 5.38000e-01 Training loss 9.95507e-03 Validation loss 1.02351e-02 Time taken: 1.04 seconds 
Epoch: 178/200 Train accuracy: 5.56080e-01 Validation accuracy: 5.41700e-01 Training loss 9.95256e-03 Validation loss 1.02454e-02 Time taken: 0.88 seconds 
Epoch: 179/200 Train accuracy: 5.53700e-01 Validation accuracy: 5.41400e-01 Training loss 9.95126e-03 Validation loss 1.02333e-02 Time taken: 0.85 seconds 
Epoch: 180/200 Train accuracy: 5.54120e-01 Validation accuracy: 5.42300e-01 Training loss 9.94567e-03 Validation loss 1.02398e-02 Time taken: 0.87 seconds 
Epoch: 181/200 Train accuracy: 5.53940e-01 Validation accuracy: 5.40800e-01 Training loss 9.94977e-03 Validation loss 1.02406e-02 Time taken: 0.88 seconds 
Epoch: 182/200 Train accuracy: 5.54020e-01 Validation accuracy: 5.40100e-01 Training loss 9.94909e-03 Validation loss 1.02197e-02 Time taken: 1.05 seconds 
Epoch: 183/200 Train accuracy: 5.54120e-01 Validation accuracy: 5.39800e-01 Training loss 9.94240e-03 Validation loss 1.02264e-02 Time taken: 0.86 seconds 
Epoch: 184/200 Train accuracy: 5.55000e-01 Validation accuracy: 5.41000e-01 Training loss 9.94275e-03 Validation loss 1.02624e-02 Time taken: 0.83 seconds 
Epoch: 185/200 Train accuracy: 5.54220e-01 Validation accuracy: 5.42700e-01 Training loss 9.93894e-03 Validation loss 1.02323e-02 Time taken: 0.89 seconds 
Epoch: 186/200 Train accuracy: 5.54840e-01 Validation accuracy: 5.40700e-01 Training loss 9.94368e-03 Validation loss 1.02185e-02 Time taken: 0.85 seconds 
Epoch: 187/200 Train accuracy: 5.55820e-01 Validation accuracy: 5.43800e-01 Training loss 9.94083e-03 Validation loss 1.02139e-02 Time taken: 1.14 seconds 
Epoch: 188/200 Train accuracy: 5.55760e-01 Validation accuracy: 5.42700e-01 Training loss 9.93709e-03 Validation loss 1.02223e-02 Time taken: 0.85 seconds 
Epoch: 189/200 Train accuracy: 5.55200e-01 Validation accuracy: 5.42900e-01 Training loss 9.94147e-03 Validation loss 1.02337e-02 Time taken: 0.83 seconds 
Epoch: 190/200 Train accuracy: 5.55160e-01 Validation accuracy: 5.42400e-01 Training loss 9.93916e-03 Validation loss 1.02329e-02 Time taken: 0.86 seconds 
Epoch: 191/200 Train accuracy: 5.53880e-01 Validation accuracy: 5.43200e-01 Training loss 9.93829e-03 Validation loss 1.02136e-02 Time taken: 0.84 seconds 
Epoch: 192/200 Train accuracy: 5.55520e-01 Validation accuracy: 5.42900e-01 Training loss 9.93013e-03 Validation loss 1.02233e-02 Time taken: 1.05 seconds 
Epoch: 193/200 Train accuracy: 5.54580e-01 Validation accuracy: 5.42600e-01 Training loss 9.94018e-03 Validation loss 1.02222e-02 Time taken: 0.85 seconds 
Epoch: 194/200 Train accuracy: 5.55420e-01 Validation accuracy: 5.43900e-01 Training loss 9.93248e-03 Validation loss 1.02107e-02 Time taken: 0.87 seconds 
Epoch: 195/200 Train accuracy: 5.55480e-01 Validation accuracy: 5.44600e-01 Training loss 9.92758e-03 Validation loss 1.02128e-02 Time taken: 0.86 seconds 
Epoch: 196/200 Train accuracy: 5.53940e-01 Validation accuracy: 5.43400e-01 Training loss 9.92840e-03 Validation loss 1.01963e-02 Time taken: 0.89 seconds 
Epoch: 197/200 Train accuracy: 5.54980e-01 Validation accuracy: 5.41800e-01 Training loss 9.93043e-03 Validation loss 1.02298e-02 Time taken: 0.93 seconds 
Epoch: 198/200 Train accuracy: 5.55320e-01 Validation accuracy: 5.42500e-01 Training loss 9.92888e-03 Validation loss 1.02270e-02 Time taken: 0.84 seconds 
Epoch: 199/200 Train accuracy: 5.55280e-01 Validation accuracy: 5.46300e-01 Training loss 9.93045e-03 Validation loss 1.02010e-02 Time taken: 0.85 seconds 
Epoch: 200/200 Train accuracy: 5.56380e-01 Validation accuracy: 5.43500e-01 Training loss 9.92089e-03 Validation loss 1.02108e-02 Time taken: 1.02 seconds 
Total time taken 0:03:03.218941
Cleaning up intermediate feature (.pt) files
Done


working on file logs_PKT_chunks/iic-train-l2-seed2/jepa-iic-l2-seed2-ep500.pth.tar ...
