INFO:root:called-params cls_configs/cls-in100-multi.yaml
INFO:root:loaded params....
{   'data': {   'batch_size': 128,
                'crop_size': 224,
                'model_name': 'vit_base',
                'num_classes': 100,
                'patch_size': 16,
                'probe_checkpoints': True,
                'probe_prefix': 'jepa-in100',
                'train_dataset_path': 'datasets/imagenet100/train',
                'val_dataset_path': 'datasets/imagenet100/val'},
    'logging': {   'checkpoint_freq': 1000,
                   'eval_output': 'ocls-jepa-in100-l2-ep300-seed0.out',
                   'log_dir': 'logs_IN100/in100-vitb-l2-ep300-seed0/',
                   'log_file': 'stats-in100-l2-ep300-seed0.csv',
                   'save_path': 'classifiers/jepa-stl-l2-ep300-seed0-classifier-pretrained-vitb'},
    'meta': {'device': 'cuda:0'},
    'multi_probing': ['logs_IN100/in100-vitb16-l2-ep300-bs448-w40-fixedtrain'],
    'optimization': {   'epochs': 200,
                        'lr': 0.001,
                        'use_last_n_blocks': 1,
                        'use_normalization': False}}
INFO:root:working on file logs_IN100/in100-vitb16-l2-ep300-bs448-w40-fixedtrain/jepa-in100-ep150.pth.tar ...
Directory logs_IN100/in100-vitb16-l2-ep300-bs448-w40-fixedtrain/classifiers for saving the classifiers is now present
VisionTransformer(
  (patch_embed): PatchEmbed(
    (proj): Conv2d(3, 768, kernel_size=(16, 16), stride=(16, 16))
  )
  (blocks): ModuleList(
    (0-11): 12 x Block(
      (norm1): LayerNorm((768,), eps=1e-06, elementwise_affine=True)
      (attn): Attention(
        (qkv): Linear(in_features=768, out_features=2304, bias=True)
        (attn_drop): Dropout(p=0.0, inplace=False)
        (proj): Linear(in_features=768, out_features=768, bias=True)
        (proj_drop): Dropout(p=0.0, inplace=False)
      )
      (drop_path): Identity()
      (norm2): LayerNorm((768,), eps=1e-06, elementwise_affine=True)
      (mlp): MLP(
        (fc1): Linear(in_features=768, out_features=3072, bias=True)
        (act): GELU(approximate='none')
        (fc2): Linear(in_features=3072, out_features=768, bias=True)
        (drop): Dropout(p=0.0, inplace=False)
      )
    )
  )
  (norm): LayerNorm((768,), eps=1e-06, elementwise_affine=True)
)
Extracting features and saving them in memory..
Extracting features...
Epoch: 1/200 Train accuracy: 3.73692e-01 Validation accuracy: 4.16000e-01 Training loss 2.05550e-02 Validation loss 1.85265e-02 Time taken: 1.81 seconds 
Epoch: 2/200 Train accuracy: 4.85562e-01 Validation accuracy: 4.42400e-01 Training loss 1.56282e-02 Validation loss 1.73770e-02 Time taken: 1.65 seconds 
Epoch: 3/200 Train accuracy: 5.12446e-01 Validation accuracy: 4.57800e-01 Training loss 1.46215e-02 Validation loss 1.68043e-02 Time taken: 1.65 seconds 
Epoch: 4/200 Train accuracy: 5.27162e-01 Validation accuracy: 4.66600e-01 Training loss 1.40780e-02 Validation loss 1.64590e-02 Time taken: 1.65 seconds 
Epoch: 5/200 Train accuracy: 5.37554e-01 Validation accuracy: 4.71800e-01 Training loss 1.37215e-02 Validation loss 1.63292e-02 Time taken: 1.65 seconds 
Epoch: 6/200 Train accuracy: 5.45777e-01 Validation accuracy: 4.75200e-01 Training loss 1.34507e-02 Validation loss 1.59876e-02 Time taken: 1.65 seconds 
Epoch: 7/200 Train accuracy: 5.51408e-01 Validation accuracy: 4.76800e-01 Training loss 1.32388e-02 Validation loss 1.59209e-02 Time taken: 1.67 seconds 
Epoch: 8/200 Train accuracy: 5.56154e-01 Validation accuracy: 4.86600e-01 Training loss 1.30684e-02 Validation loss 1.57865e-02 Time taken: 1.67 seconds 
Epoch: 9/200 Train accuracy: 5.60562e-01 Validation accuracy: 4.90800e-01 Training loss 1.29270e-02 Validation loss 1.57081e-02 Time taken: 1.67 seconds 
Epoch: 10/200 Train accuracy: 5.63531e-01 Validation accuracy: 4.91200e-01 Training loss 1.28010e-02 Validation loss 1.56223e-02 Time taken: 1.89 seconds 
Epoch: 11/200 Train accuracy: 5.67408e-01 Validation accuracy: 4.90600e-01 Training loss 1.26907e-02 Validation loss 1.55390e-02 Time taken: 1.73 seconds 
Epoch: 12/200 Train accuracy: 5.70700e-01 Validation accuracy: 4.90600e-01 Training loss 1.25989e-02 Validation loss 1.54386e-02 Time taken: 1.65 seconds 
Epoch: 13/200 Train accuracy: 5.73677e-01 Validation accuracy: 4.95800e-01 Training loss 1.25022e-02 Validation loss 1.54705e-02 Time taken: 1.65 seconds 
Epoch: 14/200 Train accuracy: 5.75823e-01 Validation accuracy: 4.95000e-01 Training loss 1.24303e-02 Validation loss 1.53611e-02 Time taken: 1.65 seconds 
Epoch: 15/200 Train accuracy: 5.78562e-01 Validation accuracy: 4.98600e-01 Training loss 1.23636e-02 Validation loss 1.53492e-02 Time taken: 1.65 seconds 
Epoch: 16/200 Train accuracy: 5.79285e-01 Validation accuracy: 4.87000e-01 Training loss 1.22929e-02 Validation loss 1.54290e-02 Time taken: 1.64 seconds 
Epoch: 17/200 Train accuracy: 5.81277e-01 Validation accuracy: 5.00000e-01 Training loss 1.22396e-02 Validation loss 1.53100e-02 Time taken: 1.65 seconds 
Epoch: 18/200 Train accuracy: 5.84100e-01 Validation accuracy: 5.02800e-01 Training loss 1.21709e-02 Validation loss 1.52018e-02 Time taken: 1.64 seconds 
Epoch: 19/200 Train accuracy: 5.83885e-01 Validation accuracy: 5.01000e-01 Training loss 1.21273e-02 Validation loss 1.51982e-02 Time taken: 1.64 seconds 
Epoch: 20/200 Train accuracy: 5.86077e-01 Validation accuracy: 5.01600e-01 Training loss 1.20772e-02 Validation loss 1.51677e-02 Time taken: 1.65 seconds 
Epoch: 21/200 Train accuracy: 5.86115e-01 Validation accuracy: 5.04600e-01 Training loss 1.20291e-02 Validation loss 1.51478e-02 Time taken: 1.66 seconds 
Epoch: 22/200 Train accuracy: 5.88954e-01 Validation accuracy: 5.01800e-01 Training loss 1.19839e-02 Validation loss 1.50897e-02 Time taken: 1.74 seconds 
Epoch: 23/200 Train accuracy: 5.90115e-01 Validation accuracy: 4.99800e-01 Training loss 1.19425e-02 Validation loss 1.50807e-02 Time taken: 1.69 seconds 
Epoch: 24/200 Train accuracy: 5.90885e-01 Validation accuracy: 4.98600e-01 Training loss 1.19084e-02 Validation loss 1.51153e-02 Time taken: 1.65 seconds 
Epoch: 25/200 Train accuracy: 5.92385e-01 Validation accuracy: 5.08400e-01 Training loss 1.18674e-02 Validation loss 1.50641e-02 Time taken: 1.65 seconds 
Epoch: 26/200 Train accuracy: 5.93815e-01 Validation accuracy: 5.04200e-01 Training loss 1.18338e-02 Validation loss 1.50881e-02 Time taken: 1.64 seconds 
Epoch: 27/200 Train accuracy: 5.95154e-01 Validation accuracy: 5.05400e-01 Training loss 1.18056e-02 Validation loss 1.50053e-02 Time taken: 1.64 seconds 
Epoch: 28/200 Train accuracy: 5.95415e-01 Validation accuracy: 5.11800e-01 Training loss 1.17749e-02 Validation loss 1.49831e-02 Time taken: 1.65 seconds 
Epoch: 29/200 Train accuracy: 5.95846e-01 Validation accuracy: 5.06600e-01 Training loss 1.17392e-02 Validation loss 1.49230e-02 Time taken: 1.64 seconds 
Epoch: 30/200 Train accuracy: 5.97162e-01 Validation accuracy: 5.08400e-01 Training loss 1.17147e-02 Validation loss 1.50347e-02 Time taken: 1.65 seconds 
Epoch: 31/200 Train accuracy: 5.98338e-01 Validation accuracy: 5.06000e-01 Training loss 1.16875e-02 Validation loss 1.49741e-02 Time taken: 1.64 seconds 
Epoch: 32/200 Train accuracy: 5.98238e-01 Validation accuracy: 5.10200e-01 Training loss 1.16601e-02 Validation loss 1.49147e-02 Time taken: 1.65 seconds 
Epoch: 33/200 Train accuracy: 5.99254e-01 Validation accuracy: 5.05000e-01 Training loss 1.16414e-02 Validation loss 1.49549e-02 Time taken: 1.65 seconds 
Epoch: 34/200 Train accuracy: 6.00485e-01 Validation accuracy: 5.09600e-01 Training loss 1.16131e-02 Validation loss 1.48912e-02 Time taken: 1.64 seconds 
Epoch: 35/200 Train accuracy: 6.00854e-01 Validation accuracy: 5.10800e-01 Training loss 1.15878e-02 Validation loss 1.48937e-02 Time taken: 1.65 seconds 
Epoch: 36/200 Train accuracy: 6.01685e-01 Validation accuracy: 5.11800e-01 Training loss 1.15739e-02 Validation loss 1.48996e-02 Time taken: 1.66 seconds 
Epoch: 37/200 Train accuracy: 6.02308e-01 Validation accuracy: 5.08000e-01 Training loss 1.15444e-02 Validation loss 1.49365e-02 Time taken: 1.65 seconds 
Epoch: 38/200 Train accuracy: 6.02269e-01 Validation accuracy: 5.10600e-01 Training loss 1.15302e-02 Validation loss 1.48597e-02 Time taken: 1.65 seconds 
Epoch: 39/200 Train accuracy: 6.03231e-01 Validation accuracy: 5.08400e-01 Training loss 1.15094e-02 Validation loss 1.48729e-02 Time taken: 1.65 seconds 
Epoch: 40/200 Train accuracy: 6.04092e-01 Validation accuracy: 5.10600e-01 Training loss 1.14930e-02 Validation loss 1.48641e-02 Time taken: 1.65 seconds 
Epoch: 41/200 Train accuracy: 6.05362e-01 Validation accuracy: 5.11200e-01 Training loss 1.14682e-02 Validation loss 1.48435e-02 Time taken: 1.65 seconds 
Epoch: 42/200 Train accuracy: 6.05792e-01 Validation accuracy: 5.09800e-01 Training loss 1.14548e-02 Validation loss 1.48100e-02 Time taken: 1.65 seconds 
Epoch: 43/200 Train accuracy: 6.05685e-01 Validation accuracy: 5.11600e-01 Training loss 1.14326e-02 Validation loss 1.48343e-02 Time taken: 1.65 seconds 
Epoch: 44/200 Train accuracy: 6.06077e-01 Validation accuracy: 5.09200e-01 Training loss 1.14206e-02 Validation loss 1.48493e-02 Time taken: 1.66 seconds 
Epoch: 45/200 Train accuracy: 6.07615e-01 Validation accuracy: 5.13000e-01 Training loss 1.14050e-02 Validation loss 1.48033e-02 Time taken: 1.65 seconds 
Epoch: 46/200 Train accuracy: 6.07585e-01 Validation accuracy: 5.14000e-01 Training loss 1.13848e-02 Validation loss 1.48588e-02 Time taken: 1.65 seconds 
Epoch: 47/200 Train accuracy: 6.07762e-01 Validation accuracy: 5.11000e-01 Training loss 1.13776e-02 Validation loss 1.48254e-02 Time taken: 1.66 seconds 
Epoch: 48/200 Train accuracy: 6.07854e-01 Validation accuracy: 5.12000e-01 Training loss 1.13581e-02 Validation loss 1.48575e-02 Time taken: 1.70 seconds 
Epoch: 49/200 Train accuracy: 6.08669e-01 Validation accuracy: 5.17600e-01 Training loss 1.13463e-02 Validation loss 1.47692e-02 Time taken: 1.76 seconds 
Epoch: 50/200 Train accuracy: 6.08723e-01 Validation accuracy: 5.10400e-01 Training loss 1.13357e-02 Validation loss 1.47939e-02 Time taken: 1.65 seconds 
Epoch: 51/200 Train accuracy: 6.09162e-01 Validation accuracy: 5.13800e-01 Training loss 1.13201e-02 Validation loss 1.48270e-02 Time taken: 1.65 seconds 
Epoch: 52/200 Train accuracy: 6.09354e-01 Validation accuracy: 5.15600e-01 Training loss 1.13074e-02 Validation loss 1.46714e-02 Time taken: 1.66 seconds 
Epoch: 53/200 Train accuracy: 6.09685e-01 Validation accuracy: 5.14800e-01 Training loss 1.12915e-02 Validation loss 1.47249e-02 Time taken: 1.66 seconds 
Epoch: 54/200 Train accuracy: 6.10285e-01 Validation accuracy: 5.13400e-01 Training loss 1.12809e-02 Validation loss 1.47771e-02 Time taken: 1.66 seconds 
Epoch: 55/200 Train accuracy: 6.10915e-01 Validation accuracy: 5.11400e-01 Training loss 1.12698e-02 Validation loss 1.47949e-02 Time taken: 1.66 seconds 
Epoch: 56/200 Train accuracy: 6.11315e-01 Validation accuracy: 5.11000e-01 Training loss 1.12572e-02 Validation loss 1.47686e-02 Time taken: 1.67 seconds 
Epoch: 57/200 Train accuracy: 6.12100e-01 Validation accuracy: 5.17000e-01 Training loss 1.12501e-02 Validation loss 1.47993e-02 Time taken: 1.68 seconds 
Epoch: 58/200 Train accuracy: 6.12654e-01 Validation accuracy: 5.13400e-01 Training loss 1.12273e-02 Validation loss 1.46853e-02 Time taken: 1.66 seconds 
Epoch: 59/200 Train accuracy: 6.11931e-01 Validation accuracy: 5.16000e-01 Training loss 1.12283e-02 Validation loss 1.47994e-02 Time taken: 1.66 seconds 
Epoch: 60/200 Train accuracy: 6.12523e-01 Validation accuracy: 5.11600e-01 Training loss 1.12126e-02 Validation loss 1.47350e-02 Time taken: 1.66 seconds 
Epoch: 61/200 Train accuracy: 6.12200e-01 Validation accuracy: 5.10200e-01 Training loss 1.12029e-02 Validation loss 1.47035e-02 Time taken: 1.65 seconds 
Epoch: 62/200 Train accuracy: 6.12731e-01 Validation accuracy: 5.13000e-01 Training loss 1.11967e-02 Validation loss 1.47362e-02 Time taken: 1.66 seconds 
Epoch: 63/200 Train accuracy: 6.12985e-01 Validation accuracy: 5.14400e-01 Training loss 1.11863e-02 Validation loss 1.47417e-02 Time taken: 1.66 seconds 
Epoch: 64/200 Train accuracy: 6.14246e-01 Validation accuracy: 5.16400e-01 Training loss 1.11764e-02 Validation loss 1.46832e-02 Time taken: 1.66 seconds 
Epoch: 65/200 Train accuracy: 6.13685e-01 Validation accuracy: 5.13000e-01 Training loss 1.11761e-02 Validation loss 1.46777e-02 Time taken: 1.68 seconds 
Epoch: 66/200 Train accuracy: 6.14600e-01 Validation accuracy: 5.12200e-01 Training loss 1.11555e-02 Validation loss 1.47700e-02 Time taken: 1.68 seconds 
Epoch: 67/200 Train accuracy: 6.14331e-01 Validation accuracy: 5.16600e-01 Training loss 1.11535e-02 Validation loss 1.47229e-02 Time taken: 1.68 seconds 
Epoch: 68/200 Train accuracy: 6.15585e-01 Validation accuracy: 5.18200e-01 Training loss 1.11423e-02 Validation loss 1.47422e-02 Time taken: 1.69 seconds 
Epoch: 69/200 Train accuracy: 6.15246e-01 Validation accuracy: 5.18800e-01 Training loss 1.11359e-02 Validation loss 1.47006e-02 Time taken: 1.73 seconds 
Epoch: 70/200 Train accuracy: 6.15854e-01 Validation accuracy: 5.11600e-01 Training loss 1.11224e-02 Validation loss 1.47225e-02 Time taken: 1.73 seconds 
Epoch: 71/200 Train accuracy: 6.15346e-01 Validation accuracy: 5.12600e-01 Training loss 1.11197e-02 Validation loss 1.47742e-02 Time taken: 1.68 seconds 
Epoch: 72/200 Train accuracy: 6.15877e-01 Validation accuracy: 5.19200e-01 Training loss 1.11144e-02 Validation loss 1.47538e-02 Time taken: 1.69 seconds 
Epoch: 73/200 Train accuracy: 6.15415e-01 Validation accuracy: 5.12800e-01 Training loss 1.11056e-02 Validation loss 1.47094e-02 Time taken: 1.68 seconds 
Epoch: 74/200 Train accuracy: 6.15915e-01 Validation accuracy: 5.10200e-01 Training loss 1.10961e-02 Validation loss 1.48082e-02 Time taken: 1.68 seconds 
Epoch: 75/200 Train accuracy: 6.17577e-01 Validation accuracy: 5.14200e-01 Training loss 1.10896e-02 Validation loss 1.46453e-02 Time taken: 1.68 seconds 
Epoch: 76/200 Train accuracy: 6.17608e-01 Validation accuracy: 5.13800e-01 Training loss 1.10793e-02 Validation loss 1.47466e-02 Time taken: 1.68 seconds 
Epoch: 77/200 Train accuracy: 6.17608e-01 Validation accuracy: 5.13600e-01 Training loss 1.10789e-02 Validation loss 1.46867e-02 Time taken: 1.68 seconds 
Epoch: 78/200 Train accuracy: 6.17362e-01 Validation accuracy: 5.11600e-01 Training loss 1.10720e-02 Validation loss 1.46581e-02 Time taken: 1.68 seconds 
Epoch: 79/200 Train accuracy: 6.17438e-01 Validation accuracy: 5.17200e-01 Training loss 1.10652e-02 Validation loss 1.46227e-02 Time taken: 1.68 seconds 
Epoch: 80/200 Train accuracy: 6.17662e-01 Validation accuracy: 5.14800e-01 Training loss 1.10553e-02 Validation loss 1.46800e-02 Time taken: 1.68 seconds 
Epoch: 81/200 Train accuracy: 6.17715e-01 Validation accuracy: 5.19800e-01 Training loss 1.10483e-02 Validation loss 1.46788e-02 Time taken: 1.68 seconds 
Epoch: 82/200 Train accuracy: 6.18123e-01 Validation accuracy: 5.18800e-01 Training loss 1.10441e-02 Validation loss 1.47562e-02 Time taken: 1.68 seconds 
Epoch: 83/200 Train accuracy: 6.18985e-01 Validation accuracy: 5.17200e-01 Training loss 1.10377e-02 Validation loss 1.46578e-02 Time taken: 1.68 seconds 
Epoch: 84/200 Train accuracy: 6.18231e-01 Validation accuracy: 5.21600e-01 Training loss 1.10345e-02 Validation loss 1.47128e-02 Time taken: 1.67 seconds 
Epoch: 85/200 Train accuracy: 6.18777e-01 Validation accuracy: 5.16800e-01 Training loss 1.10339e-02 Validation loss 1.47040e-02 Time taken: 1.68 seconds 
Epoch: 86/200 Train accuracy: 6.18485e-01 Validation accuracy: 5.16000e-01 Training loss 1.10275e-02 Validation loss 1.46748e-02 Time taken: 1.69 seconds 
Epoch: 87/200 Train accuracy: 6.18015e-01 Validation accuracy: 5.13800e-01 Training loss 1.10187e-02 Validation loss 1.46338e-02 Time taken: 1.66 seconds 
Epoch: 88/200 Train accuracy: 6.18854e-01 Validation accuracy: 5.15600e-01 Training loss 1.10166e-02 Validation loss 1.46346e-02 Time taken: 1.66 seconds 
Epoch: 89/200 Train accuracy: 6.18738e-01 Validation accuracy: 5.17800e-01 Training loss 1.10076e-02 Validation loss 1.46585e-02 Time taken: 1.67 seconds 
Epoch: 90/200 Train accuracy: 6.19223e-01 Validation accuracy: 5.18000e-01 Training loss 1.09993e-02 Validation loss 1.46155e-02 Time taken: 1.72 seconds 
Epoch: 91/200 Train accuracy: 6.19392e-01 Validation accuracy: 5.15400e-01 Training loss 1.09942e-02 Validation loss 1.46084e-02 Time taken: 1.70 seconds 
Epoch: 92/200 Train accuracy: 6.19377e-01 Validation accuracy: 5.14400e-01 Training loss 1.09935e-02 Validation loss 1.46422e-02 Time taken: 1.67 seconds 
Epoch: 93/200 Train accuracy: 6.20054e-01 Validation accuracy: 5.15200e-01 Training loss 1.09849e-02 Validation loss 1.47283e-02 Time taken: 1.66 seconds 
Epoch: 94/200 Train accuracy: 6.19754e-01 Validation accuracy: 5.14200e-01 Training loss 1.09794e-02 Validation loss 1.45929e-02 Time taken: 1.66 seconds 
Epoch: 95/200 Train accuracy: 6.19977e-01 Validation accuracy: 5.16600e-01 Training loss 1.09792e-02 Validation loss 1.46612e-02 Time taken: 1.66 seconds 
Epoch: 96/200 Train accuracy: 6.19723e-01 Validation accuracy: 5.17200e-01 Training loss 1.09749e-02 Validation loss 1.46896e-02 Time taken: 2.17 seconds 
Epoch: 97/200 Train accuracy: 6.20069e-01 Validation accuracy: 5.16800e-01 Training loss 1.09672e-02 Validation loss 1.46606e-02 Time taken: 1.66 seconds 
Epoch: 98/200 Train accuracy: 6.20408e-01 Validation accuracy: 5.15400e-01 Training loss 1.09681e-02 Validation loss 1.46099e-02 Time taken: 1.67 seconds 
Epoch: 99/200 Train accuracy: 6.20546e-01 Validation accuracy: 5.19000e-01 Training loss 1.09651e-02 Validation loss 1.46589e-02 Time taken: 1.67 seconds 
Epoch: 100/200 Train accuracy: 6.20777e-01 Validation accuracy: 5.15600e-01 Training loss 1.09586e-02 Validation loss 1.46590e-02 Time taken: 1.68 seconds 
Epoch: 101/200 Train accuracy: 6.20815e-01 Validation accuracy: 5.18200e-01 Training loss 1.09541e-02 Validation loss 1.46426e-02 Time taken: 1.68 seconds 
Epoch: 102/200 Train accuracy: 6.20346e-01 Validation accuracy: 5.16600e-01 Training loss 1.09551e-02 Validation loss 1.45839e-02 Time taken: 1.68 seconds 
Epoch: 103/200 Train accuracy: 6.20869e-01 Validation accuracy: 5.20600e-01 Training loss 1.09448e-02 Validation loss 1.46530e-02 Time taken: 1.68 seconds 
Epoch: 104/200 Train accuracy: 6.21215e-01 Validation accuracy: 5.17600e-01 Training loss 1.09449e-02 Validation loss 1.46188e-02 Time taken: 1.74 seconds 
Epoch: 105/200 Train accuracy: 6.21392e-01 Validation accuracy: 5.17800e-01 Training loss 1.09358e-02 Validation loss 1.45938e-02 Time taken: 1.77 seconds 
Epoch: 106/200 Train accuracy: 6.21369e-01 Validation accuracy: 5.17400e-01 Training loss 1.09349e-02 Validation loss 1.46713e-02 Time taken: 1.67 seconds 
Epoch: 107/200 Train accuracy: 6.21592e-01 Validation accuracy: 5.19000e-01 Training loss 1.09320e-02 Validation loss 1.45440e-02 Time taken: 1.68 seconds 
Epoch: 108/200 Train accuracy: 6.22554e-01 Validation accuracy: 5.21400e-01 Training loss 1.09269e-02 Validation loss 1.46004e-02 Time taken: 1.68 seconds 
Epoch: 109/200 Train accuracy: 6.22085e-01 Validation accuracy: 5.18400e-01 Training loss 1.09227e-02 Validation loss 1.47283e-02 Time taken: 1.68 seconds 
Epoch: 110/200 Train accuracy: 6.21608e-01 Validation accuracy: 5.15000e-01 Training loss 1.09194e-02 Validation loss 1.46312e-02 Time taken: 1.68 seconds 
Epoch: 111/200 Train accuracy: 6.22062e-01 Validation accuracy: 5.16000e-01 Training loss 1.09207e-02 Validation loss 1.46428e-02 Time taken: 1.68 seconds 
Epoch: 112/200 Train accuracy: 6.21823e-01 Validation accuracy: 5.15800e-01 Training loss 1.09197e-02 Validation loss 1.45863e-02 Time taken: 1.68 seconds 
Epoch: 113/200 Train accuracy: 6.22231e-01 Validation accuracy: 5.16600e-01 Training loss 1.09098e-02 Validation loss 1.46344e-02 Time taken: 1.68 seconds 
Epoch: 114/200 Train accuracy: 6.22462e-01 Validation accuracy: 5.16600e-01 Training loss 1.09102e-02 Validation loss 1.46378e-02 Time taken: 1.69 seconds 
Epoch: 115/200 Train accuracy: 6.22269e-01 Validation accuracy: 5.14800e-01 Training loss 1.09060e-02 Validation loss 1.46348e-02 Time taken: 1.68 seconds 
Epoch: 116/200 Train accuracy: 6.22746e-01 Validation accuracy: 5.17200e-01 Training loss 1.08992e-02 Validation loss 1.46233e-02 Time taken: 1.69 seconds 
Epoch: 117/200 Train accuracy: 6.22046e-01 Validation accuracy: 5.16400e-01 Training loss 1.08977e-02 Validation loss 1.46611e-02 Time taken: 1.69 seconds 
Epoch: 118/200 Train accuracy: 6.23723e-01 Validation accuracy: 5.19800e-01 Training loss 1.08904e-02 Validation loss 1.45806e-02 Time taken: 1.69 seconds 
Epoch: 119/200 Train accuracy: 6.21992e-01 Validation accuracy: 5.19400e-01 Training loss 1.08920e-02 Validation loss 1.45468e-02 Time taken: 1.68 seconds 
Epoch: 120/200 Train accuracy: 6.22785e-01 Validation accuracy: 5.15000e-01 Training loss 1.08890e-02 Validation loss 1.46345e-02 Time taken: 1.69 seconds 
Epoch: 121/200 Train accuracy: 6.22531e-01 Validation accuracy: 5.18400e-01 Training loss 1.08911e-02 Validation loss 1.45581e-02 Time taken: 1.69 seconds 
Epoch: 122/200 Train accuracy: 6.23077e-01 Validation accuracy: 5.18200e-01 Training loss 1.08890e-02 Validation loss 1.46223e-02 Time taken: 1.69 seconds 
Epoch: 123/200 Train accuracy: 6.23408e-01 Validation accuracy: 5.15400e-01 Training loss 1.08852e-02 Validation loss 1.46093e-02 Time taken: 1.68 seconds 
Epoch: 124/200 Train accuracy: 6.23038e-01 Validation accuracy: 5.15400e-01 Training loss 1.08819e-02 Validation loss 1.45723e-02 Time taken: 1.71 seconds 
Epoch: 125/200 Train accuracy: 6.22662e-01 Validation accuracy: 5.19600e-01 Training loss 1.08765e-02 Validation loss 1.47125e-02 Time taken: 1.66 seconds 
Epoch: 126/200 Train accuracy: 6.24469e-01 Validation accuracy: 5.19000e-01 Training loss 1.08780e-02 Validation loss 1.45364e-02 Time taken: 1.66 seconds 
Epoch: 127/200 Train accuracy: 6.23531e-01 Validation accuracy: 5.18400e-01 Training loss 1.08764e-02 Validation loss 1.45791e-02 Time taken: 1.67 seconds 
Epoch: 128/200 Train accuracy: 6.23223e-01 Validation accuracy: 5.09400e-01 Training loss 1.08702e-02 Validation loss 1.46369e-02 Time taken: 1.67 seconds 
Epoch: 129/200 Train accuracy: 6.23554e-01 Validation accuracy: 5.18200e-01 Training loss 1.08716e-02 Validation loss 1.45855e-02 Time taken: 1.67 seconds 
Epoch: 130/200 Train accuracy: 6.23862e-01 Validation accuracy: 5.17200e-01 Training loss 1.08706e-02 Validation loss 1.46078e-02 Time taken: 1.69 seconds 
Epoch: 131/200 Train accuracy: 6.24077e-01 Validation accuracy: 5.13200e-01 Training loss 1.08604e-02 Validation loss 1.45682e-02 Time taken: 1.68 seconds 
Epoch: 132/200 Train accuracy: 6.23431e-01 Validation accuracy: 5.16000e-01 Training loss 1.08605e-02 Validation loss 1.45615e-02 Time taken: 1.68 seconds 
Epoch: 133/200 Train accuracy: 6.23977e-01 Validation accuracy: 5.16400e-01 Training loss 1.08580e-02 Validation loss 1.46615e-02 Time taken: 1.68 seconds 
Epoch: 134/200 Train accuracy: 6.23985e-01 Validation accuracy: 5.14600e-01 Training loss 1.08613e-02 Validation loss 1.46250e-02 Time taken: 1.68 seconds 
Epoch: 135/200 Train accuracy: 6.22800e-01 Validation accuracy: 5.19600e-01 Training loss 1.08553e-02 Validation loss 1.45440e-02 Time taken: 1.68 seconds 
Epoch: 136/200 Train accuracy: 6.24069e-01 Validation accuracy: 5.16800e-01 Training loss 1.08519e-02 Validation loss 1.46229e-02 Time taken: 1.68 seconds 
Epoch: 137/200 Train accuracy: 6.23985e-01 Validation accuracy: 5.19200e-01 Training loss 1.08502e-02 Validation loss 1.45615e-02 Time taken: 1.69 seconds 
Epoch: 138/200 Train accuracy: 6.24215e-01 Validation accuracy: 5.21200e-01 Training loss 1.08452e-02 Validation loss 1.45579e-02 Time taken: 1.69 seconds 
Epoch: 139/200 Train accuracy: 6.24969e-01 Validation accuracy: 5.20200e-01 Training loss 1.08442e-02 Validation loss 1.46647e-02 Time taken: 1.70 seconds 
Epoch: 140/200 Train accuracy: 6.24685e-01 Validation accuracy: 5.21200e-01 Training loss 1.08483e-02 Validation loss 1.45392e-02 Time taken: 1.69 seconds 
Epoch: 141/200 Train accuracy: 6.24200e-01 Validation accuracy: 5.13400e-01 Training loss 1.08447e-02 Validation loss 1.46424e-02 Time taken: 1.69 seconds 
Epoch: 142/200 Train accuracy: 6.24892e-01 Validation accuracy: 5.20800e-01 Training loss 1.08416e-02 Validation loss 1.46356e-02 Time taken: 1.69 seconds 
Epoch: 143/200 Train accuracy: 6.24785e-01 Validation accuracy: 5.17800e-01 Training loss 1.08374e-02 Validation loss 1.46054e-02 Time taken: 1.69 seconds 
Epoch: 144/200 Train accuracy: 6.24600e-01 Validation accuracy: 5.16200e-01 Training loss 1.08350e-02 Validation loss 1.45781e-02 Time taken: 1.74 seconds 
Epoch: 145/200 Train accuracy: 6.25454e-01 Validation accuracy: 5.20400e-01 Training loss 1.08343e-02 Validation loss 1.47030e-02 Time taken: 1.70 seconds 
Epoch: 146/200 Train accuracy: 6.24977e-01 Validation accuracy: 5.21200e-01 Training loss 1.08312e-02 Validation loss 1.45494e-02 Time taken: 1.69 seconds 
Epoch: 147/200 Train accuracy: 6.24915e-01 Validation accuracy: 5.12200e-01 Training loss 1.08298e-02 Validation loss 1.46430e-02 Time taken: 1.69 seconds 
Epoch: 148/200 Train accuracy: 6.24608e-01 Validation accuracy: 5.19200e-01 Training loss 1.08322e-02 Validation loss 1.46299e-02 Time taken: 1.69 seconds 
Epoch: 149/200 Train accuracy: 6.24562e-01 Validation accuracy: 5.22400e-01 Training loss 1.08297e-02 Validation loss 1.45233e-02 Time taken: 1.74 seconds 
Epoch: 150/200 Train accuracy: 6.24723e-01 Validation accuracy: 5.19200e-01 Training loss 1.08245e-02 Validation loss 1.45750e-02 Time taken: 1.71 seconds 
Epoch: 151/200 Train accuracy: 6.24808e-01 Validation accuracy: 5.13000e-01 Training loss 1.08208e-02 Validation loss 1.46750e-02 Time taken: 1.69 seconds 
Epoch: 152/200 Train accuracy: 6.25108e-01 Validation accuracy: 5.19000e-01 Training loss 1.08203e-02 Validation loss 1.46512e-02 Time taken: 1.69 seconds 
Epoch: 153/200 Train accuracy: 6.25731e-01 Validation accuracy: 5.14600e-01 Training loss 1.08210e-02 Validation loss 1.45837e-02 Time taken: 1.69 seconds 
Epoch: 154/200 Train accuracy: 6.25638e-01 Validation accuracy: 5.15400e-01 Training loss 1.08213e-02 Validation loss 1.46372e-02 Time taken: 1.69 seconds 
Epoch: 155/200 Train accuracy: 6.25392e-01 Validation accuracy: 5.23200e-01 Training loss 1.08233e-02 Validation loss 1.45673e-02 Time taken: 1.69 seconds 
Epoch: 156/200 Train accuracy: 6.24523e-01 Validation accuracy: 5.20000e-01 Training loss 1.08226e-02 Validation loss 1.45635e-02 Time taken: 1.69 seconds 
Epoch: 157/200 Train accuracy: 6.25562e-01 Validation accuracy: 5.16200e-01 Training loss 1.08169e-02 Validation loss 1.46004e-02 Time taken: 1.69 seconds 
Epoch: 158/200 Train accuracy: 6.25008e-01 Validation accuracy: 5.17600e-01 Training loss 1.08133e-02 Validation loss 1.46280e-02 Time taken: 1.69 seconds 
Epoch: 159/200 Train accuracy: 6.25892e-01 Validation accuracy: 5.15800e-01 Training loss 1.08109e-02 Validation loss 1.45784e-02 Time taken: 1.69 seconds 
Epoch: 160/200 Train accuracy: 6.25400e-01 Validation accuracy: 5.20600e-01 Training loss 1.08102e-02 Validation loss 1.45514e-02 Time taken: 1.69 seconds 
Epoch: 161/200 Train accuracy: 6.24862e-01 Validation accuracy: 5.20600e-01 Training loss 1.08082e-02 Validation loss 1.45778e-02 Time taken: 1.67 seconds 
Epoch: 162/200 Train accuracy: 6.24515e-01 Validation accuracy: 5.18400e-01 Training loss 1.08101e-02 Validation loss 1.45777e-02 Time taken: 1.67 seconds 
Epoch: 163/200 Train accuracy: 6.25508e-01 Validation accuracy: 5.22200e-01 Training loss 1.08093e-02 Validation loss 1.45458e-02 Time taken: 1.67 seconds 
Epoch: 164/200 Train accuracy: 6.25115e-01 Validation accuracy: 5.16200e-01 Training loss 1.08083e-02 Validation loss 1.45952e-02 Time taken: 1.67 seconds 
Epoch: 165/200 Train accuracy: 6.25408e-01 Validation accuracy: 5.17200e-01 Training loss 1.08051e-02 Validation loss 1.45494e-02 Time taken: 1.67 seconds 
Epoch: 166/200 Train accuracy: 6.25615e-01 Validation accuracy: 5.19200e-01 Training loss 1.08091e-02 Validation loss 1.45568e-02 Time taken: 1.66 seconds 
Epoch: 167/200 Train accuracy: 6.25592e-01 Validation accuracy: 5.20800e-01 Training loss 1.07991e-02 Validation loss 1.45616e-02 Time taken: 1.66 seconds 
Epoch: 168/200 Train accuracy: 6.26215e-01 Validation accuracy: 5.17800e-01 Training loss 1.08020e-02 Validation loss 1.45528e-02 Time taken: 5.88 seconds 
Epoch: 169/200 Train accuracy: 6.25438e-01 Validation accuracy: 5.17400e-01 Training loss 1.07986e-02 Validation loss 1.46429e-02 Time taken: 1.74 seconds 
Epoch: 170/200 Train accuracy: 6.25846e-01 Validation accuracy: 5.23000e-01 Training loss 1.07972e-02 Validation loss 1.45702e-02 Time taken: 1.67 seconds 
Epoch: 171/200 Train accuracy: 6.26054e-01 Validation accuracy: 5.20800e-01 Training loss 1.08012e-02 Validation loss 1.46313e-02 Time taken: 1.67 seconds 
Epoch: 172/200 Train accuracy: 6.26092e-01 Validation accuracy: 5.20200e-01 Training loss 1.07971e-02 Validation loss 1.45657e-02 Time taken: 1.67 seconds 
Epoch: 173/200 Train accuracy: 6.25938e-01 Validation accuracy: 5.16800e-01 Training loss 1.07940e-02 Validation loss 1.46187e-02 Time taken: 1.66 seconds 
Epoch: 174/200 Train accuracy: 6.26208e-01 Validation accuracy: 5.18800e-01 Training loss 1.07876e-02 Validation loss 1.45592e-02 Time taken: 1.66 seconds 
Epoch: 175/200 Train accuracy: 6.26538e-01 Validation accuracy: 5.17000e-01 Training loss 1.07927e-02 Validation loss 1.45585e-02 Time taken: 1.67 seconds 
Epoch: 176/200 Train accuracy: 6.25915e-01 Validation accuracy: 5.16800e-01 Training loss 1.07906e-02 Validation loss 1.45931e-02 Time taken: 1.66 seconds 
Epoch: 177/200 Train accuracy: 6.26700e-01 Validation accuracy: 5.17600e-01 Training loss 1.07883e-02 Validation loss 1.45904e-02 Time taken: 1.67 seconds 
Epoch: 178/200 Train accuracy: 6.25446e-01 Validation accuracy: 5.19400e-01 Training loss 1.07928e-02 Validation loss 1.45640e-02 Time taken: 1.67 seconds 
Epoch: 179/200 Train accuracy: 6.26592e-01 Validation accuracy: 5.17200e-01 Training loss 1.07854e-02 Validation loss 1.45559e-02 Time taken: 1.67 seconds 
Epoch: 180/200 Train accuracy: 6.25300e-01 Validation accuracy: 5.19600e-01 Training loss 1.07858e-02 Validation loss 1.45412e-02 Time taken: 1.67 seconds 
Epoch: 181/200 Train accuracy: 6.25731e-01 Validation accuracy: 5.20400e-01 Training loss 1.07891e-02 Validation loss 1.45900e-02 Time taken: 1.67 seconds 
Epoch: 182/200 Train accuracy: 6.26354e-01 Validation accuracy: 5.20000e-01 Training loss 1.07901e-02 Validation loss 1.45806e-02 Time taken: 1.67 seconds 
Epoch: 183/200 Train accuracy: 6.26400e-01 Validation accuracy: 5.18000e-01 Training loss 1.07816e-02 Validation loss 1.46056e-02 Time taken: 1.67 seconds 
Epoch: 184/200 Train accuracy: 6.26777e-01 Validation accuracy: 5.21600e-01 Training loss 1.07796e-02 Validation loss 1.46235e-02 Time taken: 1.67 seconds 
Epoch: 185/200 Train accuracy: 6.26377e-01 Validation accuracy: 5.24600e-01 Training loss 1.07881e-02 Validation loss 1.44718e-02 Time taken: 1.76 seconds 
Epoch: 186/200 Train accuracy: 6.26038e-01 Validation accuracy: 5.23400e-01 Training loss 1.07806e-02 Validation loss 1.45643e-02 Time taken: 1.73 seconds 
Epoch: 187/200 Train accuracy: 6.26738e-01 Validation accuracy: 5.22600e-01 Training loss 1.07799e-02 Validation loss 1.45750e-02 Time taken: 1.66 seconds 
Epoch: 188/200 Train accuracy: 6.26854e-01 Validation accuracy: 5.10800e-01 Training loss 1.07831e-02 Validation loss 1.46098e-02 Time taken: 1.67 seconds 
Epoch: 189/200 Train accuracy: 6.26092e-01 Validation accuracy: 5.14800e-01 Training loss 1.07800e-02 Validation loss 1.46035e-02 Time taken: 1.66 seconds 
Epoch: 190/200 Train accuracy: 6.27023e-01 Validation accuracy: 5.17600e-01 Training loss 1.07739e-02 Validation loss 1.45592e-02 Time taken: 1.66 seconds 
Epoch: 191/200 Train accuracy: 6.27177e-01 Validation accuracy: 5.19000e-01 Training loss 1.07845e-02 Validation loss 1.45898e-02 Time taken: 1.66 seconds 
Epoch: 192/200 Train accuracy: 6.26500e-01 Validation accuracy: 5.22000e-01 Training loss 1.07701e-02 Validation loss 1.45604e-02 Time taken: 1.67 seconds 
Epoch: 193/200 Train accuracy: 6.26915e-01 Validation accuracy: 5.17200e-01 Training loss 1.07796e-02 Validation loss 1.45894e-02 Time taken: 1.67 seconds 
Epoch: 194/200 Train accuracy: 6.26638e-01 Validation accuracy: 5.18800e-01 Training loss 1.07751e-02 Validation loss 1.45518e-02 Time taken: 1.67 seconds 
Epoch: 195/200 Train accuracy: 6.27254e-01 Validation accuracy: 5.23600e-01 Training loss 1.07719e-02 Validation loss 1.45644e-02 Time taken: 1.66 seconds 
Epoch: 196/200 Train accuracy: 6.26746e-01 Validation accuracy: 5.19000e-01 Training loss 1.07808e-02 Validation loss 1.45444e-02 Time taken: 1.67 seconds 
Epoch: 197/200 Train accuracy: 6.27285e-01 Validation accuracy: 5.21400e-01 Training loss 1.07700e-02 Validation loss 1.45379e-02 Time taken: 1.66 seconds 
Epoch: 198/200 Train accuracy: 6.25738e-01 Validation accuracy: 5.20400e-01 Training loss 1.07715e-02 Validation loss 1.44895e-02 Time taken: 1.66 seconds 
Epoch: 199/200 Train accuracy: 6.26215e-01 Validation accuracy: 5.20000e-01 Training loss 1.07730e-02 Validation loss 1.45084e-02 Time taken: 1.66 seconds 
Epoch: 200/200 Train accuracy: 6.26592e-01 Validation accuracy: 5.18800e-01 Training loss 1.07743e-02 Validation loss 1.45694e-02 Time taken: 1.67 seconds 
Total time taken 0:05:42.927799
Cleaning up intermediate feature (.pt) files
Done


working on file logs_IN100/in100-vitb16-l2-ep300-bs448-w40-fixedtrain/jepa-in100-ep300.pth.tar ...
Directory logs_IN100/in100-vitb16-l2-ep300-bs448-w40-fixedtrain/classifiers for saving the classifiers is now present
VisionTransformer(
  (patch_embed): PatchEmbed(
    (proj): Conv2d(3, 768, kernel_size=(16, 16), stride=(16, 16))
  )
  (blocks): ModuleList(
    (0-11): 12 x Block(
      (norm1): LayerNorm((768,), eps=1e-06, elementwise_affine=True)
      (attn): Attention(
        (qkv): Linear(in_features=768, out_features=2304, bias=True)
        (attn_drop): Dropout(p=0.0, inplace=False)
        (proj): Linear(in_features=768, out_features=768, bias=True)
        (proj_drop): Dropout(p=0.0, inplace=False)
      )
      (drop_path): Identity()
      (norm2): LayerNorm((768,), eps=1e-06, elementwise_affine=True)
      (mlp): MLP(
        (fc1): Linear(in_features=768, out_features=3072, bias=True)
        (act): GELU(approximate='none')
        (fc2): Linear(in_features=3072, out_features=768, bias=True)
        (drop): Dropout(p=0.0, inplace=False)
      )
    )
  )
  (norm): LayerNorm((768,), eps=1e-06, elementwise_affine=True)
)
Extracting features and saving them in memory..
Extracting features...
Epoch: 1/200 Train accuracy: 3.95746e-01 Validation accuracy: 4.39200e-01 Training loss 1.95334e-02 Validation loss 1.75259e-02 Time taken: 7.50 seconds 
Epoch: 2/200 Train accuracy: 5.24923e-01 Validation accuracy: 4.70600e-01 Training loss 1.42370e-02 Validation loss 1.60430e-02 Time taken: 1.69 seconds 
Epoch: 3/200 Train accuracy: 5.55177e-01 Validation accuracy: 4.86800e-01 Training loss 1.31368e-02 Validation loss 1.55407e-02 Time taken: 1.67 seconds 
Epoch: 4/200 Train accuracy: 5.72792e-01 Validation accuracy: 5.00400e-01 Training loss 1.25284e-02 Validation loss 1.51441e-02 Time taken: 1.65 seconds 
Epoch: 5/200 Train accuracy: 5.84692e-01 Validation accuracy: 4.99000e-01 Training loss 1.21275e-02 Validation loss 1.49139e-02 Time taken: 1.65 seconds 
Epoch: 6/200 Train accuracy: 5.92546e-01 Validation accuracy: 5.09200e-01 Training loss 1.18253e-02 Validation loss 1.47877e-02 Time taken: 1.65 seconds 
Epoch: 7/200 Train accuracy: 6.00046e-01 Validation accuracy: 5.13200e-01 Training loss 1.15904e-02 Validation loss 1.46443e-02 Time taken: 1.65 seconds 
Epoch: 8/200 Train accuracy: 6.06946e-01 Validation accuracy: 5.23200e-01 Training loss 1.14012e-02 Validation loss 1.46244e-02 Time taken: 1.67 seconds 
Epoch: 9/200 Train accuracy: 6.11338e-01 Validation accuracy: 5.18200e-01 Training loss 1.12414e-02 Validation loss 1.45590e-02 Time taken: 1.66 seconds 
Epoch: 10/200 Train accuracy: 6.16131e-01 Validation accuracy: 5.23000e-01 Training loss 1.11081e-02 Validation loss 1.43919e-02 Time taken: 1.81 seconds 
Epoch: 11/200 Train accuracy: 6.19177e-01 Validation accuracy: 5.22400e-01 Training loss 1.09826e-02 Validation loss 1.43135e-02 Time taken: 1.70 seconds 
Epoch: 12/200 Train accuracy: 6.21454e-01 Validation accuracy: 5.26600e-01 Training loss 1.08798e-02 Validation loss 1.43299e-02 Time taken: 1.65 seconds 
Epoch: 13/200 Train accuracy: 6.25900e-01 Validation accuracy: 5.25400e-01 Training loss 1.07753e-02 Validation loss 1.42882e-02 Time taken: 1.65 seconds 
Epoch: 14/200 Train accuracy: 6.28223e-01 Validation accuracy: 5.27800e-01 Training loss 1.07051e-02 Validation loss 1.43928e-02 Time taken: 1.65 seconds 
Epoch: 15/200 Train accuracy: 6.29908e-01 Validation accuracy: 5.31400e-01 Training loss 1.06301e-02 Validation loss 1.42923e-02 Time taken: 1.65 seconds 
Epoch: 16/200 Train accuracy: 6.33369e-01 Validation accuracy: 5.29800e-01 Training loss 1.05569e-02 Validation loss 1.41909e-02 Time taken: 1.66 seconds 
Epoch: 17/200 Train accuracy: 6.34338e-01 Validation accuracy: 5.27600e-01 Training loss 1.04954e-02 Validation loss 1.41697e-02 Time taken: 1.65 seconds 
Epoch: 18/200 Train accuracy: 6.36808e-01 Validation accuracy: 5.28400e-01 Training loss 1.04278e-02 Validation loss 1.41526e-02 Time taken: 1.68 seconds 
Epoch: 19/200 Train accuracy: 6.38054e-01 Validation accuracy: 5.33200e-01 Training loss 1.03739e-02 Validation loss 1.41771e-02 Time taken: 1.65 seconds 
Epoch: 20/200 Train accuracy: 6.38569e-01 Validation accuracy: 5.32800e-01 Training loss 1.03227e-02 Validation loss 1.41448e-02 Time taken: 1.65 seconds 
Epoch: 21/200 Train accuracy: 6.40654e-01 Validation accuracy: 5.29400e-01 Training loss 1.02799e-02 Validation loss 1.40999e-02 Time taken: 1.65 seconds 
Epoch: 22/200 Train accuracy: 6.42100e-01 Validation accuracy: 5.31000e-01 Training loss 1.02343e-02 Validation loss 1.40990e-02 Time taken: 1.65 seconds 
Epoch: 23/200 Train accuracy: 6.43446e-01 Validation accuracy: 5.33000e-01 Training loss 1.01897e-02 Validation loss 1.40831e-02 Time taken: 1.65 seconds 
Epoch: 24/200 Train accuracy: 6.45015e-01 Validation accuracy: 5.30600e-01 Training loss 1.01537e-02 Validation loss 1.40328e-02 Time taken: 1.66 seconds 
Epoch: 25/200 Train accuracy: 6.46646e-01 Validation accuracy: 5.33600e-01 Training loss 1.01201e-02 Validation loss 1.40447e-02 Time taken: 1.65 seconds 
Epoch: 26/200 Train accuracy: 6.47408e-01 Validation accuracy: 5.40600e-01 Training loss 1.00830e-02 Validation loss 1.40629e-02 Time taken: 1.65 seconds 
Epoch: 27/200 Train accuracy: 6.48362e-01 Validation accuracy: 5.34800e-01 Training loss 1.00468e-02 Validation loss 1.40716e-02 Time taken: 1.65 seconds 
Epoch: 28/200 Train accuracy: 6.49477e-01 Validation accuracy: 5.33000e-01 Training loss 1.00178e-02 Validation loss 1.41042e-02 Time taken: 1.65 seconds 
Epoch: 29/200 Train accuracy: 6.50738e-01 Validation accuracy: 5.35800e-01 Training loss 9.98113e-03 Validation loss 1.40776e-02 Time taken: 1.65 seconds 
Epoch: 30/200 Train accuracy: 6.50469e-01 Validation accuracy: 5.31800e-01 Training loss 9.96459e-03 Validation loss 1.41545e-02 Time taken: 1.65 seconds 
Epoch: 31/200 Train accuracy: 6.51108e-01 Validation accuracy: 5.33800e-01 Training loss 9.93505e-03 Validation loss 1.39583e-02 Time taken: 1.66 seconds 
Epoch: 32/200 Train accuracy: 6.51869e-01 Validation accuracy: 5.38000e-01 Training loss 9.91197e-03 Validation loss 1.40610e-02 Time taken: 1.65 seconds 
Epoch: 33/200 Train accuracy: 6.52523e-01 Validation accuracy: 5.36000e-01 Training loss 9.87928e-03 Validation loss 1.40902e-02 Time taken: 1.65 seconds 
Epoch: 34/200 Train accuracy: 6.54546e-01 Validation accuracy: 5.38400e-01 Training loss 9.86052e-03 Validation loss 1.40226e-02 Time taken: 1.65 seconds 
Epoch: 35/200 Train accuracy: 6.53823e-01 Validation accuracy: 5.36800e-01 Training loss 9.82932e-03 Validation loss 1.40749e-02 Time taken: 1.65 seconds 
Epoch: 36/200 Train accuracy: 6.55415e-01 Validation accuracy: 5.41400e-01 Training loss 9.81854e-03 Validation loss 1.39985e-02 Time taken: 1.65 seconds 
Epoch: 37/200 Train accuracy: 6.55354e-01 Validation accuracy: 5.38200e-01 Training loss 9.80014e-03 Validation loss 1.40211e-02 Time taken: 1.64 seconds 
Epoch: 38/200 Train accuracy: 6.55992e-01 Validation accuracy: 5.34000e-01 Training loss 9.78038e-03 Validation loss 1.40130e-02 Time taken: 1.65 seconds 
Epoch: 39/200 Train accuracy: 6.56531e-01 Validation accuracy: 5.35600e-01 Training loss 9.75539e-03 Validation loss 1.40475e-02 Time taken: 1.65 seconds 
Epoch: 40/200 Train accuracy: 6.56900e-01 Validation accuracy: 5.39800e-01 Training loss 9.74001e-03 Validation loss 1.39933e-02 Time taken: 1.65 seconds 
Epoch: 41/200 Train accuracy: 6.58277e-01 Validation accuracy: 5.41400e-01 Training loss 9.72038e-03 Validation loss 1.40728e-02 Time taken: 1.68 seconds 
Epoch: 42/200 Train accuracy: 6.58638e-01 Validation accuracy: 5.35600e-01 Training loss 9.70966e-03 Validation loss 1.39906e-02 Time taken: 1.66 seconds 
Epoch: 43/200 Train accuracy: 6.58854e-01 Validation accuracy: 5.39600e-01 Training loss 9.69181e-03 Validation loss 1.40006e-02 Time taken: 1.65 seconds 
Epoch: 44/200 Train accuracy: 6.59369e-01 Validation accuracy: 5.37400e-01 Training loss 9.67548e-03 Validation loss 1.40304e-02 Time taken: 1.65 seconds 
Epoch: 45/200 Train accuracy: 6.59854e-01 Validation accuracy: 5.40000e-01 Training loss 9.65416e-03 Validation loss 1.39346e-02 Time taken: 1.65 seconds 
Epoch: 46/200 Train accuracy: 6.60954e-01 Validation accuracy: 5.42400e-01 Training loss 9.64370e-03 Validation loss 1.38892e-02 Time taken: 1.69 seconds 
Epoch: 47/200 Train accuracy: 6.61392e-01 Validation accuracy: 5.41000e-01 Training loss 9.63007e-03 Validation loss 1.40128e-02 Time taken: 1.70 seconds 
Epoch: 48/200 Train accuracy: 6.61738e-01 Validation accuracy: 5.37800e-01 Training loss 9.61595e-03 Validation loss 1.40595e-02 Time taken: 1.66 seconds 
Epoch: 49/200 Train accuracy: 6.61446e-01 Validation accuracy: 5.35800e-01 Training loss 9.60483e-03 Validation loss 1.40261e-02 Time taken: 1.65 seconds 
Epoch: 50/200 Train accuracy: 6.61677e-01 Validation accuracy: 5.42000e-01 Training loss 9.59563e-03 Validation loss 1.39804e-02 Time taken: 1.65 seconds 
Epoch: 51/200 Train accuracy: 6.61477e-01 Validation accuracy: 5.45200e-01 Training loss 9.57873e-03 Validation loss 1.39280e-02 Time taken: 1.65 seconds 
Epoch: 52/200 Train accuracy: 6.63100e-01 Validation accuracy: 5.39000e-01 Training loss 9.56680e-03 Validation loss 1.40412e-02 Time taken: 1.65 seconds 
Epoch: 53/200 Train accuracy: 6.62846e-01 Validation accuracy: 5.36400e-01 Training loss 9.55958e-03 Validation loss 1.40024e-02 Time taken: 1.65 seconds 
Epoch: 54/200 Train accuracy: 6.62415e-01 Validation accuracy: 5.39000e-01 Training loss 9.55283e-03 Validation loss 1.39607e-02 Time taken: 1.65 seconds 
Epoch: 55/200 Train accuracy: 6.63538e-01 Validation accuracy: 5.40600e-01 Training loss 9.53999e-03 Validation loss 1.39396e-02 Time taken: 1.65 seconds 
Epoch: 56/200 Train accuracy: 6.63746e-01 Validation accuracy: 5.46000e-01 Training loss 9.52705e-03 Validation loss 1.39624e-02 Time taken: 1.65 seconds 
Epoch: 57/200 Train accuracy: 6.64346e-01 Validation accuracy: 5.42000e-01 Training loss 9.51260e-03 Validation loss 1.39346e-02 Time taken: 1.65 seconds 
Epoch: 58/200 Train accuracy: 6.65092e-01 Validation accuracy: 5.40000e-01 Training loss 9.50451e-03 Validation loss 1.39480e-02 Time taken: 1.67 seconds 
Epoch: 59/200 Train accuracy: 6.64215e-01 Validation accuracy: 5.44400e-01 Training loss 9.49637e-03 Validation loss 1.39372e-02 Time taken: 1.66 seconds 
Epoch: 60/200 Train accuracy: 6.65638e-01 Validation accuracy: 5.40600e-01 Training loss 9.49062e-03 Validation loss 1.39905e-02 Time taken: 1.65 seconds 
Epoch: 61/200 Train accuracy: 6.65715e-01 Validation accuracy: 5.46200e-01 Training loss 9.47795e-03 Validation loss 1.40132e-02 Time taken: 1.65 seconds 
Epoch: 62/200 Train accuracy: 6.65469e-01 Validation accuracy: 5.39400e-01 Training loss 9.46653e-03 Validation loss 1.39798e-02 Time taken: 1.65 seconds 
Epoch: 63/200 Train accuracy: 6.65385e-01 Validation accuracy: 5.46400e-01 Training loss 9.46436e-03 Validation loss 1.39634e-02 Time taken: 1.65 seconds 
Epoch: 64/200 Train accuracy: 6.65923e-01 Validation accuracy: 5.46000e-01 Training loss 9.45424e-03 Validation loss 1.40326e-02 Time taken: 1.69 seconds 
Epoch: 65/200 Train accuracy: 6.65654e-01 Validation accuracy: 5.39400e-01 Training loss 9.44201e-03 Validation loss 1.39633e-02 Time taken: 1.66 seconds 
Epoch: 66/200 Train accuracy: 6.66508e-01 Validation accuracy: 5.46200e-01 Training loss 9.44100e-03 Validation loss 1.39626e-02 Time taken: 1.73 seconds 
Epoch: 67/200 Train accuracy: 6.66931e-01 Validation accuracy: 5.41400e-01 Training loss 9.43276e-03 Validation loss 1.39597e-02 Time taken: 1.69 seconds 
Epoch: 68/200 Train accuracy: 6.67600e-01 Validation accuracy: 5.43200e-01 Training loss 9.42460e-03 Validation loss 1.39656e-02 Time taken: 1.65 seconds 
Epoch: 69/200 Train accuracy: 6.67354e-01 Validation accuracy: 5.36800e-01 Training loss 9.41793e-03 Validation loss 1.40654e-02 Time taken: 1.65 seconds 
Epoch: 70/200 Train accuracy: 6.67577e-01 Validation accuracy: 5.44400e-01 Training loss 9.41501e-03 Validation loss 1.40275e-02 Time taken: 1.65 seconds 
Epoch: 71/200 Train accuracy: 6.67377e-01 Validation accuracy: 5.45400e-01 Training loss 9.40088e-03 Validation loss 1.39262e-02 Time taken: 1.65 seconds 
Epoch: 72/200 Train accuracy: 6.67738e-01 Validation accuracy: 5.40200e-01 Training loss 9.39697e-03 Validation loss 1.39678e-02 Time taken: 1.65 seconds 
Epoch: 73/200 Train accuracy: 6.67777e-01 Validation accuracy: 5.38000e-01 Training loss 9.38718e-03 Validation loss 1.39800e-02 Time taken: 1.65 seconds 
Epoch: 74/200 Train accuracy: 6.68485e-01 Validation accuracy: 5.37600e-01 Training loss 9.39026e-03 Validation loss 1.40336e-02 Time taken: 1.65 seconds 
Epoch: 75/200 Train accuracy: 6.68846e-01 Validation accuracy: 5.40800e-01 Training loss 9.37764e-03 Validation loss 1.40401e-02 Time taken: 1.64 seconds 
Epoch: 76/200 Train accuracy: 6.68400e-01 Validation accuracy: 5.41000e-01 Training loss 9.37252e-03 Validation loss 1.40081e-02 Time taken: 1.65 seconds 
Epoch: 77/200 Train accuracy: 6.69731e-01 Validation accuracy: 5.41400e-01 Training loss 9.36559e-03 Validation loss 1.40407e-02 Time taken: 1.67 seconds 
Epoch: 78/200 Train accuracy: 6.68592e-01 Validation accuracy: 5.41000e-01 Training loss 9.36264e-03 Validation loss 1.39764e-02 Time taken: 1.65 seconds 
Epoch: 79/200 Train accuracy: 6.69531e-01 Validation accuracy: 5.44200e-01 Training loss 9.35762e-03 Validation loss 1.39459e-02 Time taken: 1.65 seconds 
Epoch: 80/200 Train accuracy: 6.70085e-01 Validation accuracy: 5.40200e-01 Training loss 9.34467e-03 Validation loss 1.40000e-02 Time taken: 1.65 seconds 
Epoch: 81/200 Train accuracy: 6.69769e-01 Validation accuracy: 5.42600e-01 Training loss 9.34557e-03 Validation loss 1.39585e-02 Time taken: 1.65 seconds 
Epoch: 82/200 Train accuracy: 6.70346e-01 Validation accuracy: 5.43200e-01 Training loss 9.34008e-03 Validation loss 1.39969e-02 Time taken: 1.65 seconds 
Epoch: 83/200 Train accuracy: 6.69877e-01 Validation accuracy: 5.44600e-01 Training loss 9.33540e-03 Validation loss 1.39312e-02 Time taken: 1.64 seconds 
Epoch: 84/200 Train accuracy: 6.69354e-01 Validation accuracy: 5.39400e-01 Training loss 9.33906e-03 Validation loss 1.39630e-02 Time taken: 1.64 seconds 
Epoch: 85/200 Train accuracy: 6.69585e-01 Validation accuracy: 5.36200e-01 Training loss 9.32592e-03 Validation loss 1.39474e-02 Time taken: 3.77 seconds 
Epoch: 86/200 Train accuracy: 6.69808e-01 Validation accuracy: 5.39800e-01 Training loss 9.31454e-03 Validation loss 1.39516e-02 Time taken: 1.66 seconds 
Epoch: 87/200 Train accuracy: 6.70531e-01 Validation accuracy: 5.40000e-01 Training loss 9.31402e-03 Validation loss 1.40302e-02 Time taken: 1.76 seconds 
Epoch: 88/200 Train accuracy: 6.70838e-01 Validation accuracy: 5.42400e-01 Training loss 9.31545e-03 Validation loss 1.40283e-02 Time taken: 1.65 seconds 
Epoch: 89/200 Train accuracy: 6.70654e-01 Validation accuracy: 5.39400e-01 Training loss 9.31269e-03 Validation loss 1.40145e-02 Time taken: 1.65 seconds 
Epoch: 90/200 Train accuracy: 6.70962e-01 Validation accuracy: 5.42000e-01 Training loss 9.30589e-03 Validation loss 1.39141e-02 Time taken: 1.65 seconds 
Epoch: 91/200 Train accuracy: 6.70708e-01 Validation accuracy: 5.42800e-01 Training loss 9.30455e-03 Validation loss 1.39921e-02 Time taken: 1.65 seconds 
Epoch: 92/200 Train accuracy: 6.71577e-01 Validation accuracy: 5.41400e-01 Training loss 9.29591e-03 Validation loss 1.40149e-02 Time taken: 1.68 seconds 
Epoch: 93/200 Train accuracy: 6.70854e-01 Validation accuracy: 5.40000e-01 Training loss 9.28958e-03 Validation loss 1.39824e-02 Time taken: 1.65 seconds 
Epoch: 94/200 Train accuracy: 6.71892e-01 Validation accuracy: 5.40400e-01 Training loss 9.28557e-03 Validation loss 1.39355e-02 Time taken: 1.65 seconds 
Epoch: 95/200 Train accuracy: 6.71415e-01 Validation accuracy: 5.44400e-01 Training loss 9.28744e-03 Validation loss 1.40273e-02 Time taken: 1.64 seconds 
Epoch: 96/200 Train accuracy: 6.71769e-01 Validation accuracy: 5.41000e-01 Training loss 9.28685e-03 Validation loss 1.39667e-02 Time taken: 1.65 seconds 
Epoch: 97/200 Train accuracy: 6.73392e-01 Validation accuracy: 5.39400e-01 Training loss 9.27516e-03 Validation loss 1.40102e-02 Time taken: 1.65 seconds 
Epoch: 98/200 Train accuracy: 6.72392e-01 Validation accuracy: 5.32800e-01 Training loss 9.27875e-03 Validation loss 1.39514e-02 Time taken: 1.65 seconds 
Epoch: 99/200 Train accuracy: 6.71585e-01 Validation accuracy: 5.43600e-01 Training loss 9.26786e-03 Validation loss 1.39668e-02 Time taken: 1.65 seconds 
Epoch: 100/200 Train accuracy: 6.72223e-01 Validation accuracy: 5.37400e-01 Training loss 9.26669e-03 Validation loss 1.40227e-02 Time taken: 1.65 seconds 
Epoch: 101/200 Train accuracy: 6.72308e-01 Validation accuracy: 5.37800e-01 Training loss 9.27074e-03 Validation loss 1.39975e-02 Time taken: 1.72 seconds 
Epoch: 102/200 Train accuracy: 6.71846e-01 Validation accuracy: 5.43600e-01 Training loss 9.26114e-03 Validation loss 1.39320e-02 Time taken: 1.72 seconds 
Epoch: 103/200 Train accuracy: 6.72985e-01 Validation accuracy: 5.40000e-01 Training loss 9.25518e-03 Validation loss 1.39777e-02 Time taken: 1.65 seconds 
Epoch: 104/200 Train accuracy: 6.71438e-01 Validation accuracy: 5.42600e-01 Training loss 9.25211e-03 Validation loss 1.39681e-02 Time taken: 1.65 seconds 
Epoch: 105/200 Train accuracy: 6.72938e-01 Validation accuracy: 5.39800e-01 Training loss 9.25071e-03 Validation loss 1.40214e-02 Time taken: 1.65 seconds 
Epoch: 106/200 Train accuracy: 6.72192e-01 Validation accuracy: 5.45600e-01 Training loss 9.24801e-03 Validation loss 1.39177e-02 Time taken: 1.65 seconds 
Epoch: 107/200 Train accuracy: 6.73285e-01 Validation accuracy: 5.44800e-01 Training loss 9.24458e-03 Validation loss 1.39609e-02 Time taken: 1.65 seconds 
Epoch: 108/200 Train accuracy: 6.73446e-01 Validation accuracy: 5.40800e-01 Training loss 9.23560e-03 Validation loss 1.39495e-02 Time taken: 1.65 seconds 
Epoch: 109/200 Train accuracy: 6.72038e-01 Validation accuracy: 5.47200e-01 Training loss 9.24514e-03 Validation loss 1.39731e-02 Time taken: 1.65 seconds 
Epoch: 110/200 Train accuracy: 6.73769e-01 Validation accuracy: 5.41800e-01 Training loss 9.23555e-03 Validation loss 1.40399e-02 Time taken: 1.65 seconds 
Epoch: 111/200 Train accuracy: 6.73408e-01 Validation accuracy: 5.42800e-01 Training loss 9.23142e-03 Validation loss 1.39595e-02 Time taken: 1.65 seconds 
Epoch: 112/200 Train accuracy: 6.72815e-01 Validation accuracy: 5.43200e-01 Training loss 9.23723e-03 Validation loss 1.39522e-02 Time taken: 1.65 seconds 
Epoch: 113/200 Train accuracy: 6.73646e-01 Validation accuracy: 5.45000e-01 Training loss 9.23107e-03 Validation loss 1.39421e-02 Time taken: 1.65 seconds 
Epoch: 114/200 Train accuracy: 6.73685e-01 Validation accuracy: 5.44000e-01 Training loss 9.22751e-03 Validation loss 1.40120e-02 Time taken: 1.66 seconds 
Epoch: 115/200 Train accuracy: 6.73423e-01 Validation accuracy: 5.42800e-01 Training loss 9.22284e-03 Validation loss 1.39538e-02 Time taken: 1.68 seconds 
Epoch: 116/200 Train accuracy: 6.73800e-01 Validation accuracy: 5.40800e-01 Training loss 9.21775e-03 Validation loss 1.40024e-02 Time taken: 1.67 seconds 
Epoch: 117/200 Train accuracy: 6.73046e-01 Validation accuracy: 5.44000e-01 Training loss 9.21997e-03 Validation loss 1.39797e-02 Time taken: 1.76 seconds 
Epoch: 118/200 Train accuracy: 6.73831e-01 Validation accuracy: 5.48200e-01 Training loss 9.21338e-03 Validation loss 1.39628e-02 Time taken: 1.67 seconds 
Epoch: 119/200 Train accuracy: 6.72954e-01 Validation accuracy: 5.41200e-01 Training loss 9.22068e-03 Validation loss 1.39845e-02 Time taken: 1.65 seconds 
Epoch: 120/200 Train accuracy: 6.74438e-01 Validation accuracy: 5.48800e-01 Training loss 9.21442e-03 Validation loss 1.39215e-02 Time taken: 1.66 seconds 
Epoch: 121/200 Train accuracy: 6.73285e-01 Validation accuracy: 5.43600e-01 Training loss 9.21683e-03 Validation loss 1.39988e-02 Time taken: 1.65 seconds 
Epoch: 122/200 Train accuracy: 6.73154e-01 Validation accuracy: 5.42600e-01 Training loss 9.21432e-03 Validation loss 1.39360e-02 Time taken: 1.65 seconds 
Epoch: 123/200 Train accuracy: 6.73885e-01 Validation accuracy: 5.38800e-01 Training loss 9.20341e-03 Validation loss 1.38707e-02 Time taken: 1.66 seconds 
Epoch: 124/200 Train accuracy: 6.73908e-01 Validation accuracy: 5.42400e-01 Training loss 9.20491e-03 Validation loss 1.39438e-02 Time taken: 1.67 seconds 
Epoch: 125/200 Train accuracy: 6.73808e-01 Validation accuracy: 5.41800e-01 Training loss 9.19804e-03 Validation loss 1.40054e-02 Time taken: 1.65 seconds 
Epoch: 126/200 Train accuracy: 6.73985e-01 Validation accuracy: 5.47000e-01 Training loss 9.20168e-03 Validation loss 1.39315e-02 Time taken: 1.65 seconds 
Epoch: 127/200 Train accuracy: 6.73808e-01 Validation accuracy: 5.45600e-01 Training loss 9.20152e-03 Validation loss 1.39168e-02 Time taken: 1.65 seconds 
Epoch: 128/200 Train accuracy: 6.74023e-01 Validation accuracy: 5.38200e-01 Training loss 9.19634e-03 Validation loss 1.39698e-02 Time taken: 1.66 seconds 
Epoch: 129/200 Train accuracy: 6.74123e-01 Validation accuracy: 5.41600e-01 Training loss 9.19842e-03 Validation loss 1.39467e-02 Time taken: 1.66 seconds 
Epoch: 130/200 Train accuracy: 6.74969e-01 Validation accuracy: 5.40000e-01 Training loss 9.18843e-03 Validation loss 1.39499e-02 Time taken: 1.66 seconds 
Epoch: 131/200 Train accuracy: 6.74638e-01 Validation accuracy: 5.39800e-01 Training loss 9.19361e-03 Validation loss 1.40504e-02 Time taken: 1.67 seconds 
Epoch: 132/200 Train accuracy: 6.74515e-01 Validation accuracy: 5.44600e-01 Training loss 9.19327e-03 Validation loss 1.39078e-02 Time taken: 1.72 seconds 
Epoch: 133/200 Train accuracy: 6.75308e-01 Validation accuracy: 5.43200e-01 Training loss 9.18632e-03 Validation loss 1.40374e-02 Time taken: 1.69 seconds 
Epoch: 134/200 Train accuracy: 6.74023e-01 Validation accuracy: 5.45200e-01 Training loss 9.19137e-03 Validation loss 1.39614e-02 Time taken: 1.65 seconds 
Epoch: 135/200 Train accuracy: 6.74223e-01 Validation accuracy: 5.44600e-01 Training loss 9.18252e-03 Validation loss 1.39499e-02 Time taken: 1.65 seconds 
Epoch: 136/200 Train accuracy: 6.74262e-01 Validation accuracy: 5.42800e-01 Training loss 9.18270e-03 Validation loss 1.40094e-02 Time taken: 1.65 seconds 
Epoch: 137/200 Train accuracy: 6.75485e-01 Validation accuracy: 5.43600e-01 Training loss 9.17926e-03 Validation loss 1.39531e-02 Time taken: 1.65 seconds 
Epoch: 138/200 Train accuracy: 6.75569e-01 Validation accuracy: 5.42400e-01 Training loss 9.17906e-03 Validation loss 1.39831e-02 Time taken: 1.65 seconds 
Epoch: 139/200 Train accuracy: 6.74885e-01 Validation accuracy: 5.40200e-01 Training loss 9.17831e-03 Validation loss 1.39979e-02 Time taken: 1.66 seconds 
Epoch: 140/200 Train accuracy: 6.74992e-01 Validation accuracy: 5.45800e-01 Training loss 9.17874e-03 Validation loss 1.38963e-02 Time taken: 1.65 seconds 
Epoch: 141/200 Train accuracy: 6.74262e-01 Validation accuracy: 5.41400e-01 Training loss 9.18014e-03 Validation loss 1.39735e-02 Time taken: 1.65 seconds 
Epoch: 142/200 Train accuracy: 6.75285e-01 Validation accuracy: 5.39000e-01 Training loss 9.16980e-03 Validation loss 1.39590e-02 Time taken: 1.65 seconds 
Epoch: 143/200 Train accuracy: 6.73915e-01 Validation accuracy: 5.42600e-01 Training loss 9.17684e-03 Validation loss 1.40074e-02 Time taken: 1.65 seconds 
Epoch: 144/200 Train accuracy: 6.74631e-01 Validation accuracy: 5.45400e-01 Training loss 9.17105e-03 Validation loss 1.40202e-02 Time taken: 1.65 seconds 
Epoch: 145/200 Train accuracy: 6.75362e-01 Validation accuracy: 5.44800e-01 Training loss 9.17185e-03 Validation loss 1.39845e-02 Time taken: 1.65 seconds 
Epoch: 146/200 Train accuracy: 6.74546e-01 Validation accuracy: 5.43000e-01 Training loss 9.17818e-03 Validation loss 1.39656e-02 Time taken: 1.65 seconds 
Epoch: 147/200 Train accuracy: 6.75723e-01 Validation accuracy: 5.39400e-01 Training loss 9.16557e-03 Validation loss 1.40376e-02 Time taken: 2.37 seconds 
Epoch: 148/200 Train accuracy: 6.75877e-01 Validation accuracy: 5.44600e-01 Training loss 9.16864e-03 Validation loss 1.39643e-02 Time taken: 1.66 seconds 
Epoch: 149/200 Train accuracy: 6.76485e-01 Validation accuracy: 5.43000e-01 Training loss 9.16019e-03 Validation loss 1.39630e-02 Time taken: 1.65 seconds 
Epoch: 150/200 Train accuracy: 6.75285e-01 Validation accuracy: 5.42200e-01 Training loss 9.16810e-03 Validation loss 1.40275e-02 Time taken: 1.65 seconds 
Epoch: 151/200 Train accuracy: 6.75085e-01 Validation accuracy: 5.37000e-01 Training loss 9.16467e-03 Validation loss 1.40848e-02 Time taken: 1.67 seconds 
Epoch: 152/200 Train accuracy: 6.75362e-01 Validation accuracy: 5.45400e-01 Training loss 9.16610e-03 Validation loss 1.39661e-02 Time taken: 1.72 seconds 
Epoch: 153/200 Train accuracy: 6.75069e-01 Validation accuracy: 5.42000e-01 Training loss 9.16065e-03 Validation loss 1.40298e-02 Time taken: 1.70 seconds 
Epoch: 154/200 Train accuracy: 6.74862e-01 Validation accuracy: 5.39400e-01 Training loss 9.16244e-03 Validation loss 1.40085e-02 Time taken: 1.69 seconds 
Epoch: 155/200 Train accuracy: 6.74446e-01 Validation accuracy: 5.44800e-01 Training loss 9.15569e-03 Validation loss 1.39519e-02 Time taken: 1.65 seconds 
Epoch: 156/200 Train accuracy: 6.75362e-01 Validation accuracy: 5.43200e-01 Training loss 9.16283e-03 Validation loss 1.39787e-02 Time taken: 1.65 seconds 
Epoch: 157/200 Train accuracy: 6.76054e-01 Validation accuracy: 5.42800e-01 Training loss 9.15486e-03 Validation loss 1.40279e-02 Time taken: 1.66 seconds 
Epoch: 158/200 Train accuracy: 6.76777e-01 Validation accuracy: 5.41400e-01 Training loss 9.16041e-03 Validation loss 1.39895e-02 Time taken: 1.67 seconds 
Epoch: 159/200 Train accuracy: 6.75615e-01 Validation accuracy: 5.43600e-01 Training loss 9.15391e-03 Validation loss 1.39272e-02 Time taken: 1.66 seconds 
Epoch: 160/200 Train accuracy: 6.75531e-01 Validation accuracy: 5.47600e-01 Training loss 9.15409e-03 Validation loss 1.39264e-02 Time taken: 1.65 seconds 
Epoch: 161/200 Train accuracy: 6.75377e-01 Validation accuracy: 5.42000e-01 Training loss 9.14968e-03 Validation loss 1.39735e-02 Time taken: 1.66 seconds 
Epoch: 162/200 Train accuracy: 6.75838e-01 Validation accuracy: 5.45400e-01 Training loss 9.15380e-03 Validation loss 1.39005e-02 Time taken: 1.66 seconds 
Epoch: 163/200 Train accuracy: 6.75746e-01 Validation accuracy: 5.44200e-01 Training loss 9.15336e-03 Validation loss 1.39670e-02 Time taken: 1.65 seconds 
Epoch: 164/200 Train accuracy: 6.75700e-01 Validation accuracy: 5.38200e-01 Training loss 9.14948e-03 Validation loss 1.39894e-02 Time taken: 1.65 seconds 
Epoch: 165/200 Train accuracy: 6.76262e-01 Validation accuracy: 5.39600e-01 Training loss 9.14914e-03 Validation loss 1.40055e-02 Time taken: 1.65 seconds 
Epoch: 166/200 Train accuracy: 6.77054e-01 Validation accuracy: 5.49000e-01 Training loss 9.14417e-03 Validation loss 1.40578e-02 Time taken: 1.65 seconds 
Epoch: 167/200 Train accuracy: 6.74985e-01 Validation accuracy: 5.43000e-01 Training loss 9.15206e-03 Validation loss 1.39894e-02 Time taken: 1.65 seconds 
Epoch: 168/200 Train accuracy: 6.76008e-01 Validation accuracy: 5.38600e-01 Training loss 9.14697e-03 Validation loss 1.39840e-02 Time taken: 1.67 seconds 
Epoch: 169/200 Train accuracy: 6.75800e-01 Validation accuracy: 5.40600e-01 Training loss 9.14823e-03 Validation loss 1.40290e-02 Time taken: 1.66 seconds 
Epoch: 170/200 Train accuracy: 6.76708e-01 Validation accuracy: 5.45800e-01 Training loss 9.14302e-03 Validation loss 1.40210e-02 Time taken: 1.65 seconds 
Epoch: 171/200 Train accuracy: 6.75577e-01 Validation accuracy: 5.40400e-01 Training loss 9.14390e-03 Validation loss 1.39706e-02 Time taken: 1.65 seconds 
Epoch: 172/200 Train accuracy: 6.75746e-01 Validation accuracy: 5.44800e-01 Training loss 9.14249e-03 Validation loss 1.40583e-02 Time taken: 1.65 seconds 
Epoch: 173/200 Train accuracy: 6.75654e-01 Validation accuracy: 5.37800e-01 Training loss 9.13810e-03 Validation loss 1.39362e-02 Time taken: 1.70 seconds 
Epoch: 174/200 Train accuracy: 6.75992e-01 Validation accuracy: 5.44000e-01 Training loss 9.14274e-03 Validation loss 1.39553e-02 Time taken: 1.67 seconds 
Epoch: 175/200 Train accuracy: 6.74954e-01 Validation accuracy: 5.40000e-01 Training loss 9.14889e-03 Validation loss 1.40391e-02 Time taken: 1.65 seconds 
Epoch: 176/200 Train accuracy: 6.76269e-01 Validation accuracy: 5.40000e-01 Training loss 9.13461e-03 Validation loss 1.40377e-02 Time taken: 1.66 seconds 
Epoch: 177/200 Train accuracy: 6.75638e-01 Validation accuracy: 5.45800e-01 Training loss 9.14258e-03 Validation loss 1.39835e-02 Time taken: 1.70 seconds 
Epoch: 178/200 Train accuracy: 6.76208e-01 Validation accuracy: 5.41600e-01 Training loss 9.14019e-03 Validation loss 1.40247e-02 Time taken: 1.69 seconds 
Epoch: 179/200 Train accuracy: 6.76462e-01 Validation accuracy: 5.43000e-01 Training loss 9.13264e-03 Validation loss 1.40663e-02 Time taken: 1.65 seconds 
Epoch: 180/200 Train accuracy: 6.75638e-01 Validation accuracy: 5.41200e-01 Training loss 9.13623e-03 Validation loss 1.39902e-02 Time taken: 1.65 seconds 
Epoch: 181/200 Train accuracy: 6.75962e-01 Validation accuracy: 5.43800e-01 Training loss 9.13750e-03 Validation loss 1.40436e-02 Time taken: 1.66 seconds 
Epoch: 182/200 Train accuracy: 6.75262e-01 Validation accuracy: 5.42200e-01 Training loss 9.13829e-03 Validation loss 1.39531e-02 Time taken: 1.66 seconds 
Epoch: 183/200 Train accuracy: 6.76785e-01 Validation accuracy: 5.41400e-01 Training loss 9.13311e-03 Validation loss 1.39825e-02 Time taken: 1.67 seconds 
Epoch: 184/200 Train accuracy: 6.76254e-01 Validation accuracy: 5.42000e-01 Training loss 9.13220e-03 Validation loss 1.39840e-02 Time taken: 1.65 seconds 
Epoch: 185/200 Train accuracy: 6.76638e-01 Validation accuracy: 5.38800e-01 Training loss 9.13720e-03 Validation loss 1.39991e-02 Time taken: 1.65 seconds 
Epoch: 186/200 Train accuracy: 6.76315e-01 Validation accuracy: 5.39800e-01 Training loss 9.13270e-03 Validation loss 1.40240e-02 Time taken: 1.66 seconds 
Epoch: 187/200 Train accuracy: 6.76215e-01 Validation accuracy: 5.45600e-01 Training loss 9.13862e-03 Validation loss 1.39296e-02 Time taken: 1.65 seconds 
Epoch: 188/200 Train accuracy: 6.75515e-01 Validation accuracy: 5.42400e-01 Training loss 9.13295e-03 Validation loss 1.39906e-02 Time taken: 1.66 seconds 
Epoch: 189/200 Train accuracy: 6.76262e-01 Validation accuracy: 5.40800e-01 Training loss 9.12764e-03 Validation loss 1.40077e-02 Time taken: 1.66 seconds 
Epoch: 190/200 Train accuracy: 6.76077e-01 Validation accuracy: 5.38200e-01 Training loss 9.12801e-03 Validation loss 1.39774e-02 Time taken: 1.69 seconds 
Epoch: 191/200 Train accuracy: 6.76692e-01 Validation accuracy: 5.44400e-01 Training loss 9.12878e-03 Validation loss 1.39256e-02 Time taken: 1.74 seconds 
Epoch: 192/200 Train accuracy: 6.76285e-01 Validation accuracy: 5.41600e-01 Training loss 9.13101e-03 Validation loss 1.39676e-02 Time taken: 1.70 seconds 
Epoch: 193/200 Train accuracy: 6.76338e-01 Validation accuracy: 5.45200e-01 Training loss 9.12573e-03 Validation loss 1.40006e-02 Time taken: 1.66 seconds 
Epoch: 194/200 Train accuracy: 6.76562e-01 Validation accuracy: 5.39000e-01 Training loss 9.12518e-03 Validation loss 1.39906e-02 Time taken: 1.66 seconds 
Epoch: 195/200 Train accuracy: 6.76308e-01 Validation accuracy: 5.42000e-01 Training loss 9.12616e-03 Validation loss 1.40255e-02 Time taken: 1.65 seconds 
Epoch: 196/200 Train accuracy: 6.75846e-01 Validation accuracy: 5.41200e-01 Training loss 9.13008e-03 Validation loss 1.39381e-02 Time taken: 1.65 seconds 
Epoch: 197/200 Train accuracy: 6.75654e-01 Validation accuracy: 5.41800e-01 Training loss 9.12636e-03 Validation loss 1.40016e-02 Time taken: 1.66 seconds 
Epoch: 198/200 Train accuracy: 6.76985e-01 Validation accuracy: 5.47000e-01 Training loss 9.12371e-03 Validation loss 1.39976e-02 Time taken: 1.66 seconds 
Epoch: 199/200 Train accuracy: 6.75454e-01 Validation accuracy: 5.44600e-01 Training loss 9.12883e-03 Validation loss 1.39482e-02 Time taken: 1.65 seconds 
Epoch: 200/200 Train accuracy: 6.77223e-01 Validation accuracy: 5.42200e-01 Training loss 9.11893e-03 Validation loss 1.39213e-02 Time taken: 1.66 seconds 
Total time taken 0:05:44.012143
Cleaning up intermediate feature (.pt) files
Done


