Directory classifiers/jepa-iic-PKT-seed-10-classifier-pretrained-vitb-normalized-ep450 for saving the classifiers is now present
VisionTransformer(
  (patch_embed): PatchEmbed(
    (proj): Conv2d(3, 768, kernel_size=(15, 15), stride=(15, 15))
  )
  (blocks): ModuleList(
    (0-11): 12 x Block(
      (norm1): LayerNorm((768,), eps=1e-06, elementwise_affine=True)
      (attn): Attention(
        (qkv): Linear(in_features=768, out_features=2304, bias=True)
        (attn_drop): Dropout(p=0.0, inplace=False)
        (proj): Linear(in_features=768, out_features=768, bias=True)
        (proj_drop): Dropout(p=0.0, inplace=False)
      )
      (drop_path): Identity()
      (norm2): LayerNorm((768,), eps=1e-06, elementwise_affine=True)
      (mlp): MLP(
        (fc1): Linear(in_features=768, out_features=3072, bias=True)
        (act): GELU(approximate='none')
        (fc2): Linear(in_features=3072, out_features=768, bias=True)
        (drop): Dropout(p=0.0, inplace=False)
      )
    )
  )
  (norm): LayerNorm((768,), eps=1e-06, elementwise_affine=True)
)
Extracting features and saving them locally..
Epoch: 1/200 Train accuracy: 3.97820e-01 Validation accuracy: 5.67667e-01 Loss 1.28719e-02 Time taken: 2.10 seconds 
Epoch: 2/200 Train accuracy: 5.91920e-01 Validation accuracy: 6.72667e-01 Loss 1.15300e-02 Time taken: 2.27 seconds 
Epoch: 3/200 Train accuracy: 6.51988e-01 Validation accuracy: 7.05667e-01 Loss 1.10418e-02 Time taken: 2.30 seconds 
Epoch: 4/200 Train accuracy: 7.09990e-01 Validation accuracy: 7.36667e-01 Loss 1.06358e-02 Time taken: 2.28 seconds 
Epoch: 5/200 Train accuracy: 7.30013e-01 Validation accuracy: 7.42000e-01 Loss 1.04547e-02 Time taken: 2.03 seconds 
Epoch: 6/200 Train accuracy: 7.36212e-01 Validation accuracy: 7.52333e-01 Loss 1.03825e-02 Time taken: 2.30 seconds 
Epoch: 7/200 Train accuracy: 7.43195e-01 Validation accuracy: 7.54000e-01 Loss 1.03281e-02 Time taken: 2.14 seconds 
Epoch: 8/200 Train accuracy: 7.45689e-01 Validation accuracy: 7.60667e-01 Loss 1.02908e-02 Time taken: 2.23 seconds 
Epoch: 9/200 Train accuracy: 7.49466e-01 Validation accuracy: 7.53667e-01 Loss 1.02438e-02 Time taken: 2.23 seconds 
Epoch: 10/200 Train accuracy: 7.51746e-01 Validation accuracy: 7.58667e-01 Loss 1.02242e-02 Time taken: 2.23 seconds 
Epoch: 11/200 Train accuracy: 7.55807e-01 Validation accuracy: 7.61000e-01 Loss 1.01949e-02 Time taken: 2.32 seconds 
Epoch: 12/200 Train accuracy: 7.59014e-01 Validation accuracy: 7.63000e-01 Loss 1.01778e-02 Time taken: 2.16 seconds 
Epoch: 13/200 Train accuracy: 7.60083e-01 Validation accuracy: 7.63333e-01 Loss 1.01571e-02 Time taken: 2.05 seconds 
Epoch: 14/200 Train accuracy: 7.62149e-01 Validation accuracy: 7.66000e-01 Loss 1.01458e-02 Time taken: 2.18 seconds 
Epoch: 15/200 Train accuracy: 7.64429e-01 Validation accuracy: 7.66333e-01 Loss 1.01246e-02 Time taken: 2.02 seconds 
Epoch: 16/200 Train accuracy: 7.64714e-01 Validation accuracy: 7.68333e-01 Loss 1.01178e-02 Time taken: 2.18 seconds 
Epoch: 17/200 Train accuracy: 7.67850e-01 Validation accuracy: 7.69000e-01 Loss 1.00915e-02 Time taken: 2.30 seconds 
Epoch: 18/200 Train accuracy: 7.69488e-01 Validation accuracy: 7.66000e-01 Loss 1.00776e-02 Time taken: 2.32 seconds 
Epoch: 19/200 Train accuracy: 7.68776e-01 Validation accuracy: 7.73000e-01 Loss 1.00803e-02 Time taken: 2.11 seconds 
Epoch: 20/200 Train accuracy: 7.67351e-01 Validation accuracy: 7.71333e-01 Loss 1.00783e-02 Time taken: 2.15 seconds 
Epoch: 21/200 Train accuracy: 7.70486e-01 Validation accuracy: 7.70000e-01 Loss 1.00553e-02 Time taken: 2.25 seconds 
Epoch: 22/200 Train accuracy: 7.73336e-01 Validation accuracy: 7.73667e-01 Loss 1.00420e-02 Time taken: 2.14 seconds 
Epoch: 23/200 Train accuracy: 7.74619e-01 Validation accuracy: 7.75333e-01 Loss 1.00383e-02 Time taken: 2.02 seconds 
Epoch: 24/200 Train accuracy: 7.74049e-01 Validation accuracy: 7.74667e-01 Loss 1.00290e-02 Time taken: 2.12 seconds 
Epoch: 25/200 Train accuracy: 7.74476e-01 Validation accuracy: 7.73000e-01 Loss 1.00287e-02 Time taken: 2.19 seconds 
Epoch: 26/200 Train accuracy: 7.72339e-01 Validation accuracy: 7.74667e-01 Loss 1.00275e-02 Time taken: 2.39 seconds 
Epoch: 27/200 Train accuracy: 7.73550e-01 Validation accuracy: 7.76000e-01 Loss 1.00238e-02 Time taken: 2.15 seconds 
Epoch: 28/200 Train accuracy: 7.75474e-01 Validation accuracy: 7.76667e-01 Loss 1.00098e-02 Time taken: 2.25 seconds 
Epoch: 29/200 Train accuracy: 7.73764e-01 Validation accuracy: 7.78000e-01 Loss 1.00095e-02 Time taken: 2.13 seconds 
Epoch: 30/200 Train accuracy: 7.75118e-01 Validation accuracy: 7.79333e-01 Loss 1.00062e-02 Time taken: 2.28 seconds 
Epoch: 31/200 Train accuracy: 7.78680e-01 Validation accuracy: 7.76333e-01 Loss 9.98345e-03 Time taken: 2.34 seconds 
Epoch: 32/200 Train accuracy: 7.78182e-01 Validation accuracy: 7.78333e-01 Loss 9.98113e-03 Time taken: 2.09 seconds 
Epoch: 33/200 Train accuracy: 7.76614e-01 Validation accuracy: 7.76333e-01 Loss 9.99584e-03 Time taken: 2.09 seconds 
Epoch: 34/200 Train accuracy: 7.79322e-01 Validation accuracy: 7.72000e-01 Loss 9.98050e-03 Time taken: 2.09 seconds 
Epoch: 35/200 Train accuracy: 7.79322e-01 Validation accuracy: 7.79333e-01 Loss 9.97066e-03 Time taken: 2.29 seconds 
Epoch: 36/200 Train accuracy: 7.80248e-01 Validation accuracy: 7.77667e-01 Loss 9.97708e-03 Time taken: 2.18 seconds 
Epoch: 37/200 Train accuracy: 7.80747e-01 Validation accuracy: 7.80000e-01 Loss 9.97771e-03 Time taken: 2.33 seconds 
Epoch: 38/200 Train accuracy: 7.77897e-01 Validation accuracy: 7.72333e-01 Loss 9.96849e-03 Time taken: 2.29 seconds 
Epoch: 39/200 Train accuracy: 7.77825e-01 Validation accuracy: 7.80333e-01 Loss 9.96590e-03 Time taken: 2.14 seconds 
Epoch: 40/200 Train accuracy: 7.84808e-01 Validation accuracy: 7.79333e-01 Loss 9.95505e-03 Time taken: 2.31 seconds 
Epoch: 41/200 Train accuracy: 7.78823e-01 Validation accuracy: 7.75333e-01 Loss 9.96053e-03 Time taken: 2.28 seconds 
Epoch: 42/200 Train accuracy: 7.79749e-01 Validation accuracy: 7.77333e-01 Loss 9.96108e-03 Time taken: 2.16 seconds 
Epoch: 43/200 Train accuracy: 7.81744e-01 Validation accuracy: 7.73333e-01 Loss 9.95177e-03 Time taken: 2.14 seconds 
Epoch: 44/200 Train accuracy: 7.81317e-01 Validation accuracy: 7.81333e-01 Loss 9.95357e-03 Time taken: 2.32 seconds 
Epoch: 45/200 Train accuracy: 7.82314e-01 Validation accuracy: 7.80000e-01 Loss 9.94406e-03 Time taken: 2.34 seconds 
Epoch: 46/200 Train accuracy: 7.82386e-01 Validation accuracy: 7.79667e-01 Loss 9.94202e-03 Time taken: 2.29 seconds 
Epoch: 47/200 Train accuracy: 7.83811e-01 Validation accuracy: 7.82333e-01 Loss 9.93362e-03 Time taken: 2.32 seconds 
Epoch: 48/200 Train accuracy: 7.83454e-01 Validation accuracy: 7.76000e-01 Loss 9.93706e-03 Time taken: 2.31 seconds 
Epoch: 49/200 Train accuracy: 7.83312e-01 Validation accuracy: 7.80667e-01 Loss 9.93397e-03 Time taken: 2.35 seconds 
Epoch: 50/200 Train accuracy: 7.80604e-01 Validation accuracy: 7.79000e-01 Loss 9.94289e-03 Time taken: 2.59 seconds 
Epoch: 51/200 Train accuracy: 7.82457e-01 Validation accuracy: 7.82000e-01 Loss 9.93640e-03 Time taken: 2.36 seconds 
Epoch: 52/200 Train accuracy: 7.85450e-01 Validation accuracy: 7.79667e-01 Loss 9.92431e-03 Time taken: 2.20 seconds 
Epoch: 53/200 Train accuracy: 7.81673e-01 Validation accuracy: 7.80333e-01 Loss 9.94654e-03 Time taken: 1.99 seconds 
Epoch: 54/200 Train accuracy: 7.82813e-01 Validation accuracy: 7.81667e-01 Loss 9.93212e-03 Time taken: 2.32 seconds 
Epoch: 55/200 Train accuracy: 7.86590e-01 Validation accuracy: 7.83333e-01 Loss 9.91363e-03 Time taken: 2.19 seconds 
Epoch: 56/200 Train accuracy: 7.84737e-01 Validation accuracy: 7.85333e-01 Loss 9.92617e-03 Time taken: 2.12 seconds 
Epoch: 57/200 Train accuracy: 7.81602e-01 Validation accuracy: 7.80333e-01 Loss 9.92842e-03 Time taken: 2.04 seconds 
Epoch: 58/200 Train accuracy: 7.85307e-01 Validation accuracy: 7.82333e-01 Loss 9.91796e-03 Time taken: 2.03 seconds 
Epoch: 59/200 Train accuracy: 7.87445e-01 Validation accuracy: 7.83333e-01 Loss 9.90592e-03 Time taken: 2.23 seconds 
Epoch: 60/200 Train accuracy: 7.85663e-01 Validation accuracy: 7.77333e-01 Loss 9.90756e-03 Time taken: 2.28 seconds 
Epoch: 61/200 Train accuracy: 7.85165e-01 Validation accuracy: 7.80000e-01 Loss 9.91776e-03 Time taken: 2.16 seconds 
Epoch: 62/200 Train accuracy: 7.85592e-01 Validation accuracy: 7.82333e-01 Loss 9.90451e-03 Time taken: 2.15 seconds 
Epoch: 63/200 Train accuracy: 7.87516e-01 Validation accuracy: 7.83667e-01 Loss 9.90275e-03 Time taken: 2.15 seconds 
Epoch: 64/200 Train accuracy: 7.87017e-01 Validation accuracy: 7.79333e-01 Loss 9.90513e-03 Time taken: 2.11 seconds 
Epoch: 65/200 Train accuracy: 7.84025e-01 Validation accuracy: 7.81333e-01 Loss 9.90934e-03 Time taken: 2.62 seconds 
Epoch: 66/200 Train accuracy: 7.85378e-01 Validation accuracy: 7.77000e-01 Loss 9.90569e-03 Time taken: 2.23 seconds 
Epoch: 67/200 Train accuracy: 7.86590e-01 Validation accuracy: 7.83667e-01 Loss 9.89847e-03 Time taken: 2.28 seconds 
Epoch: 68/200 Train accuracy: 7.86732e-01 Validation accuracy: 7.83333e-01 Loss 9.89093e-03 Time taken: 2.27 seconds 
Epoch: 69/200 Train accuracy: 7.84025e-01 Validation accuracy: 7.85667e-01 Loss 9.90935e-03 Time taken: 2.22 seconds 
Epoch: 70/200 Train accuracy: 7.87445e-01 Validation accuracy: 7.81667e-01 Loss 9.89591e-03 Time taken: 2.38 seconds 
Epoch: 71/200 Train accuracy: 7.84310e-01 Validation accuracy: 7.85667e-01 Loss 9.90882e-03 Time taken: 2.35 seconds 
Epoch: 72/200 Train accuracy: 7.84951e-01 Validation accuracy: 7.84000e-01 Loss 9.90696e-03 Time taken: 2.23 seconds 
Epoch: 73/200 Train accuracy: 7.82528e-01 Validation accuracy: 7.84667e-01 Loss 9.92138e-03 Time taken: 2.15 seconds 
Epoch: 74/200 Train accuracy: 7.88870e-01 Validation accuracy: 7.83000e-01 Loss 9.89023e-03 Time taken: 2.16 seconds 
Epoch: 75/200 Train accuracy: 7.86233e-01 Validation accuracy: 7.85000e-01 Loss 9.89584e-03 Time taken: 2.11 seconds 
Epoch: 76/200 Train accuracy: 7.88157e-01 Validation accuracy: 7.81000e-01 Loss 9.88658e-03 Time taken: 2.12 seconds 
Epoch: 77/200 Train accuracy: 7.84595e-01 Validation accuracy: 7.82667e-01 Loss 9.90059e-03 Time taken: 2.35 seconds 
Epoch: 78/200 Train accuracy: 7.85877e-01 Validation accuracy: 7.84000e-01 Loss 9.90148e-03 Time taken: 2.01 seconds 
Epoch: 79/200 Train accuracy: 7.86803e-01 Validation accuracy: 7.82000e-01 Loss 9.89324e-03 Time taken: 2.12 seconds 
Epoch: 80/200 Train accuracy: 7.86518e-01 Validation accuracy: 7.83667e-01 Loss 9.88944e-03 Time taken: 2.34 seconds 
Epoch: 81/200 Train accuracy: 7.88585e-01 Validation accuracy: 7.84000e-01 Loss 9.88927e-03 Time taken: 2.29 seconds 
Epoch: 82/200 Train accuracy: 7.85592e-01 Validation accuracy: 7.86667e-01 Loss 9.88442e-03 Time taken: 2.40 seconds 
Epoch: 83/200 Train accuracy: 7.88514e-01 Validation accuracy: 7.81333e-01 Loss 9.88005e-03 Time taken: 2.10 seconds 
Epoch: 84/200 Train accuracy: 7.90509e-01 Validation accuracy: 7.80000e-01 Loss 9.87407e-03 Time taken: 2.13 seconds 
Epoch: 85/200 Train accuracy: 7.87374e-01 Validation accuracy: 7.81000e-01 Loss 9.87402e-03 Time taken: 2.10 seconds 
Epoch: 86/200 Train accuracy: 7.87730e-01 Validation accuracy: 7.82333e-01 Loss 9.88419e-03 Time taken: 2.08 seconds 
Epoch: 87/200 Train accuracy: 7.87516e-01 Validation accuracy: 7.87333e-01 Loss 9.87886e-03 Time taken: 2.44 seconds 
Epoch: 88/200 Train accuracy: 7.88727e-01 Validation accuracy: 7.84000e-01 Loss 9.86998e-03 Time taken: 2.13 seconds 
Epoch: 89/200 Train accuracy: 7.87659e-01 Validation accuracy: 7.84000e-01 Loss 9.88482e-03 Time taken: 2.02 seconds 
Epoch: 90/200 Train accuracy: 7.87160e-01 Validation accuracy: 7.79000e-01 Loss 9.87935e-03 Time taken: 2.30 seconds 
Epoch: 91/200 Train accuracy: 7.86162e-01 Validation accuracy: 7.85333e-01 Loss 9.88363e-03 Time taken: 2.23 seconds 
Epoch: 92/200 Train accuracy: 7.90509e-01 Validation accuracy: 7.81667e-01 Loss 9.87042e-03 Time taken: 2.18 seconds 
Epoch: 93/200 Train accuracy: 7.89369e-01 Validation accuracy: 7.88333e-01 Loss 9.87636e-03 Time taken: 2.28 seconds 
Epoch: 94/200 Train accuracy: 7.89582e-01 Validation accuracy: 7.86000e-01 Loss 9.87167e-03 Time taken: 2.32 seconds 
Epoch: 95/200 Train accuracy: 7.88300e-01 Validation accuracy: 7.87667e-01 Loss 9.87523e-03 Time taken: 2.14 seconds 
Epoch: 96/200 Train accuracy: 7.88870e-01 Validation accuracy: 7.81333e-01 Loss 9.87332e-03 Time taken: 2.37 seconds 
Epoch: 97/200 Train accuracy: 7.87231e-01 Validation accuracy: 7.83333e-01 Loss 9.87236e-03 Time taken: 2.31 seconds 
Epoch: 98/200 Train accuracy: 7.88585e-01 Validation accuracy: 7.82667e-01 Loss 9.87788e-03 Time taken: 2.36 seconds 
Epoch: 99/200 Train accuracy: 7.91791e-01 Validation accuracy: 7.82333e-01 Loss 9.85588e-03 Time taken: 2.35 seconds 
Epoch: 100/200 Train accuracy: 7.88442e-01 Validation accuracy: 7.84000e-01 Loss 9.87122e-03 Time taken: 2.30 seconds 
Epoch: 101/200 Train accuracy: 7.88514e-01 Validation accuracy: 7.85333e-01 Loss 9.86948e-03 Time taken: 2.09 seconds 
Epoch: 102/200 Train accuracy: 7.89725e-01 Validation accuracy: 7.84667e-01 Loss 9.86776e-03 Time taken: 2.40 seconds 
Epoch: 103/200 Train accuracy: 7.90366e-01 Validation accuracy: 7.83667e-01 Loss 9.86115e-03 Time taken: 2.27 seconds 
Epoch: 104/200 Train accuracy: 7.92076e-01 Validation accuracy: 7.83667e-01 Loss 9.86182e-03 Time taken: 2.32 seconds 
Epoch: 105/200 Train accuracy: 7.92361e-01 Validation accuracy: 7.84000e-01 Loss 9.85998e-03 Time taken: 2.35 seconds 
Epoch: 106/200 Train accuracy: 7.90081e-01 Validation accuracy: 7.84333e-01 Loss 9.87087e-03 Time taken: 2.29 seconds 
Epoch: 107/200 Train accuracy: 7.89725e-01 Validation accuracy: 7.83000e-01 Loss 9.85852e-03 Time taken: 2.00 seconds 
Epoch: 108/200 Train accuracy: 7.91435e-01 Validation accuracy: 7.82333e-01 Loss 9.84848e-03 Time taken: 2.20 seconds 
Epoch: 109/200 Train accuracy: 7.91506e-01 Validation accuracy: 7.86333e-01 Loss 9.85047e-03 Time taken: 2.24 seconds 
Epoch: 110/200 Train accuracy: 7.91150e-01 Validation accuracy: 7.84000e-01 Loss 9.86030e-03 Time taken: 2.00 seconds 
Epoch: 111/200 Train accuracy: 7.88870e-01 Validation accuracy: 7.86667e-01 Loss 9.86617e-03 Time taken: 2.06 seconds 
Epoch: 112/200 Train accuracy: 7.88727e-01 Validation accuracy: 7.84000e-01 Loss 9.85958e-03 Time taken: 2.03 seconds 
Epoch: 113/200 Train accuracy: 7.87302e-01 Validation accuracy: 7.88667e-01 Loss 9.87141e-03 Time taken: 2.37 seconds 
Epoch: 114/200 Train accuracy: 7.94000e-01 Validation accuracy: 7.88000e-01 Loss 9.84028e-03 Time taken: 2.18 seconds 
Epoch: 115/200 Train accuracy: 7.91649e-01 Validation accuracy: 7.83667e-01 Loss 9.84705e-03 Time taken: 2.18 seconds 
Epoch: 116/200 Train accuracy: 7.92718e-01 Validation accuracy: 7.87000e-01 Loss 9.84449e-03 Time taken: 2.03 seconds 
Epoch: 117/200 Train accuracy: 7.92076e-01 Validation accuracy: 7.86000e-01 Loss 9.85621e-03 Time taken: 2.24 seconds 
Epoch: 118/200 Train accuracy: 7.90651e-01 Validation accuracy: 7.87333e-01 Loss 9.85708e-03 Time taken: 2.16 seconds 
Epoch: 119/200 Train accuracy: 7.90723e-01 Validation accuracy: 7.87000e-01 Loss 9.85034e-03 Time taken: 2.09 seconds 
Epoch: 120/200 Train accuracy: 7.92860e-01 Validation accuracy: 7.84000e-01 Loss 9.84002e-03 Time taken: 2.22 seconds 
Epoch: 121/200 Train accuracy: 7.90723e-01 Validation accuracy: 7.87000e-01 Loss 9.85001e-03 Time taken: 2.12 seconds 
Epoch: 122/200 Train accuracy: 7.91221e-01 Validation accuracy: 7.86667e-01 Loss 9.84815e-03 Time taken: 2.44 seconds 
Epoch: 123/200 Train accuracy: 7.91791e-01 Validation accuracy: 7.88667e-01 Loss 9.84496e-03 Time taken: 2.00 seconds 
Epoch: 124/200 Train accuracy: 7.93573e-01 Validation accuracy: 7.83000e-01 Loss 9.84386e-03 Time taken: 2.04 seconds 
Epoch: 125/200 Train accuracy: 7.89654e-01 Validation accuracy: 7.89000e-01 Loss 9.84619e-03 Time taken: 2.49 seconds 
Epoch: 126/200 Train accuracy: 7.93003e-01 Validation accuracy: 7.85667e-01 Loss 9.84084e-03 Time taken: 2.22 seconds 
Epoch: 127/200 Train accuracy: 7.88870e-01 Validation accuracy: 7.85667e-01 Loss 9.84706e-03 Time taken: 2.14 seconds 
Epoch: 128/200 Train accuracy: 7.91506e-01 Validation accuracy: 7.87000e-01 Loss 9.85181e-03 Time taken: 2.13 seconds 
Epoch: 129/200 Train accuracy: 7.89297e-01 Validation accuracy: 7.89333e-01 Loss 9.85711e-03 Time taken: 2.19 seconds 
Epoch: 130/200 Train accuracy: 7.90651e-01 Validation accuracy: 7.86333e-01 Loss 9.84463e-03 Time taken: 2.17 seconds 
Epoch: 131/200 Train accuracy: 7.92646e-01 Validation accuracy: 7.90000e-01 Loss 9.85048e-03 Time taken: 2.17 seconds 
Epoch: 132/200 Train accuracy: 7.93003e-01 Validation accuracy: 7.83000e-01 Loss 9.84285e-03 Time taken: 2.30 seconds 
Epoch: 133/200 Train accuracy: 7.90936e-01 Validation accuracy: 7.89333e-01 Loss 9.84870e-03 Time taken: 2.09 seconds 
Epoch: 134/200 Train accuracy: 7.91578e-01 Validation accuracy: 7.89667e-01 Loss 9.84656e-03 Time taken: 2.12 seconds 
Epoch: 135/200 Train accuracy: 7.93074e-01 Validation accuracy: 7.87333e-01 Loss 9.84654e-03 Time taken: 1.87 seconds 
Epoch: 136/200 Train accuracy: 7.91008e-01 Validation accuracy: 7.86000e-01 Loss 9.83512e-03 Time taken: 1.71 seconds 
Epoch: 137/200 Train accuracy: 7.93359e-01 Validation accuracy: 7.90667e-01 Loss 9.84368e-03 Time taken: 1.57 seconds 
Epoch: 138/200 Train accuracy: 7.94499e-01 Validation accuracy: 7.87333e-01 Loss 9.83589e-03 Time taken: 1.56 seconds 
Epoch: 139/200 Train accuracy: 7.92076e-01 Validation accuracy: 7.87333e-01 Loss 9.83711e-03 Time taken: 1.57 seconds 
Epoch: 140/200 Train accuracy: 7.90366e-01 Validation accuracy: 7.85667e-01 Loss 9.84448e-03 Time taken: 1.56 seconds 
Epoch: 141/200 Train accuracy: 7.91863e-01 Validation accuracy: 7.84667e-01 Loss 9.84175e-03 Time taken: 1.56 seconds 
Epoch: 142/200 Train accuracy: 7.90438e-01 Validation accuracy: 7.83000e-01 Loss 9.84823e-03 Time taken: 1.56 seconds 
Epoch: 143/200 Train accuracy: 7.92718e-01 Validation accuracy: 7.87333e-01 Loss 9.83464e-03 Time taken: 1.56 seconds 
Epoch: 144/200 Train accuracy: 7.93145e-01 Validation accuracy: 7.88333e-01 Loss 9.83943e-03 Time taken: 1.57 seconds 
Epoch: 145/200 Train accuracy: 7.91720e-01 Validation accuracy: 7.81333e-01 Loss 9.84991e-03 Time taken: 1.56 seconds 
Epoch: 146/200 Train accuracy: 7.93359e-01 Validation accuracy: 7.83667e-01 Loss 9.83440e-03 Time taken: 1.56 seconds 
Epoch: 147/200 Train accuracy: 7.91863e-01 Validation accuracy: 7.84333e-01 Loss 9.84145e-03 Time taken: 1.56 seconds 
Epoch: 148/200 Train accuracy: 7.90651e-01 Validation accuracy: 7.86667e-01 Loss 9.84505e-03 Time taken: 1.62 seconds 
Epoch: 149/200 Train accuracy: 7.93288e-01 Validation accuracy: 7.87667e-01 Loss 9.82612e-03 Time taken: 1.61 seconds 
Epoch: 150/200 Train accuracy: 7.91150e-01 Validation accuracy: 7.83667e-01 Loss 9.83855e-03 Time taken: 1.60 seconds 
Epoch: 151/200 Train accuracy: 7.92789e-01 Validation accuracy: 7.86000e-01 Loss 9.84053e-03 Time taken: 1.61 seconds 
Epoch: 152/200 Train accuracy: 7.92433e-01 Validation accuracy: 7.84333e-01 Loss 9.83928e-03 Time taken: 1.62 seconds 
Epoch: 153/200 Train accuracy: 7.93501e-01 Validation accuracy: 7.87000e-01 Loss 9.82892e-03 Time taken: 1.65 seconds 
Epoch: 154/200 Train accuracy: 7.95212e-01 Validation accuracy: 7.84667e-01 Loss 9.83400e-03 Time taken: 1.64 seconds 
Epoch: 155/200 Train accuracy: 7.93573e-01 Validation accuracy: 7.82667e-01 Loss 9.82724e-03 Time taken: 1.64 seconds 
Epoch: 156/200 Train accuracy: 7.93003e-01 Validation accuracy: 7.82000e-01 Loss 9.82625e-03 Time taken: 1.63 seconds 
Epoch: 157/200 Train accuracy: 7.94357e-01 Validation accuracy: 7.82333e-01 Loss 9.83213e-03 Time taken: 1.62 seconds 
Epoch: 158/200 Train accuracy: 7.90438e-01 Validation accuracy: 7.90333e-01 Loss 9.84390e-03 Time taken: 1.63 seconds 
Epoch: 159/200 Train accuracy: 7.92361e-01 Validation accuracy: 7.86667e-01 Loss 9.83642e-03 Time taken: 1.63 seconds 
Epoch: 160/200 Train accuracy: 7.93216e-01 Validation accuracy: 7.83000e-01 Loss 9.82554e-03 Time taken: 1.64 seconds 
Epoch: 161/200 Train accuracy: 7.92361e-01 Validation accuracy: 7.90667e-01 Loss 9.83839e-03 Time taken: 1.62 seconds 
Epoch: 162/200 Train accuracy: 7.93145e-01 Validation accuracy: 7.88000e-01 Loss 9.82996e-03 Time taken: 1.61 seconds 
Epoch: 163/200 Train accuracy: 7.93359e-01 Validation accuracy: 7.86333e-01 Loss 9.82809e-03 Time taken: 1.61 seconds 
Epoch: 164/200 Train accuracy: 7.94000e-01 Validation accuracy: 7.79667e-01 Loss 9.82860e-03 Time taken: 1.62 seconds 
Epoch: 165/200 Train accuracy: 7.94072e-01 Validation accuracy: 7.86000e-01 Loss 9.83237e-03 Time taken: 1.63 seconds 
Epoch: 166/200 Train accuracy: 7.94499e-01 Validation accuracy: 7.90667e-01 Loss 9.82692e-03 Time taken: 1.64 seconds 
Epoch: 167/200 Train accuracy: 7.91863e-01 Validation accuracy: 7.85000e-01 Loss 9.83083e-03 Time taken: 1.63 seconds 
Epoch: 168/200 Train accuracy: 7.95497e-01 Validation accuracy: 7.92000e-01 Loss 9.82297e-03 Time taken: 1.64 seconds 
Epoch: 169/200 Train accuracy: 7.91079e-01 Validation accuracy: 7.85667e-01 Loss 9.84406e-03 Time taken: 1.61 seconds 
Epoch: 170/200 Train accuracy: 7.95140e-01 Validation accuracy: 7.89000e-01 Loss 9.82511e-03 Time taken: 1.63 seconds 
Epoch: 171/200 Train accuracy: 7.94713e-01 Validation accuracy: 7.85333e-01 Loss 9.81668e-03 Time taken: 1.62 seconds 
Epoch: 172/200 Train accuracy: 7.92789e-01 Validation accuracy: 7.86333e-01 Loss 9.82671e-03 Time taken: 1.62 seconds 
Epoch: 173/200 Train accuracy: 7.93787e-01 Validation accuracy: 7.89333e-01 Loss 9.82431e-03 Time taken: 1.63 seconds 
Epoch: 174/200 Train accuracy: 7.94357e-01 Validation accuracy: 7.91000e-01 Loss 9.82269e-03 Time taken: 1.79 seconds 
Epoch: 175/200 Train accuracy: 7.93216e-01 Validation accuracy: 7.89333e-01 Loss 9.82072e-03 Time taken: 1.71 seconds 
Epoch: 176/200 Train accuracy: 7.94855e-01 Validation accuracy: 7.88667e-01 Loss 9.82058e-03 Time taken: 1.74 seconds 
Epoch: 177/200 Train accuracy: 7.92718e-01 Validation accuracy: 7.91000e-01 Loss 9.83498e-03 Time taken: 1.68 seconds 
Epoch: 178/200 Train accuracy: 7.95140e-01 Validation accuracy: 7.92333e-01 Loss 9.82429e-03 Time taken: 1.64 seconds 
Epoch: 179/200 Train accuracy: 7.93644e-01 Validation accuracy: 7.92333e-01 Loss 9.82281e-03 Time taken: 1.65 seconds 
Epoch: 180/200 Train accuracy: 7.93430e-01 Validation accuracy: 7.88000e-01 Loss 9.83556e-03 Time taken: 1.60 seconds 
Epoch: 181/200 Train accuracy: 7.94000e-01 Validation accuracy: 7.88000e-01 Loss 9.82813e-03 Time taken: 1.67 seconds 
Epoch: 182/200 Train accuracy: 7.94357e-01 Validation accuracy: 7.85333e-01 Loss 9.81941e-03 Time taken: 1.60 seconds 
Epoch: 183/200 Train accuracy: 7.95140e-01 Validation accuracy: 7.89333e-01 Loss 9.81734e-03 Time taken: 1.69 seconds 
Epoch: 184/200 Train accuracy: 7.93644e-01 Validation accuracy: 7.86000e-01 Loss 9.82385e-03 Time taken: 1.77 seconds 
Epoch: 185/200 Train accuracy: 7.96993e-01 Validation accuracy: 7.87667e-01 Loss 9.81211e-03 Time taken: 1.99 seconds 
Epoch: 186/200 Train accuracy: 7.96851e-01 Validation accuracy: 7.88667e-01 Loss 9.80887e-03 Time taken: 2.28 seconds 
Epoch: 187/200 Train accuracy: 7.95069e-01 Validation accuracy: 7.90667e-01 Loss 9.80954e-03 Time taken: 2.34 seconds 
Epoch: 188/200 Train accuracy: 7.94642e-01 Validation accuracy: 7.88000e-01 Loss 9.81786e-03 Time taken: 2.35 seconds 
Epoch: 189/200 Train accuracy: 7.93288e-01 Validation accuracy: 7.90667e-01 Loss 9.81980e-03 Time taken: 2.21 seconds 
Epoch: 190/200 Train accuracy: 7.93573e-01 Validation accuracy: 7.87000e-01 Loss 9.82529e-03 Time taken: 2.27 seconds 
Epoch: 191/200 Train accuracy: 7.97278e-01 Validation accuracy: 7.91000e-01 Loss 9.80452e-03 Time taken: 2.25 seconds 
Epoch: 192/200 Train accuracy: 7.95924e-01 Validation accuracy: 7.87333e-01 Loss 9.81532e-03 Time taken: 2.28 seconds 
Epoch: 193/200 Train accuracy: 7.92789e-01 Validation accuracy: 7.89333e-01 Loss 9.83287e-03 Time taken: 2.07 seconds 
Epoch: 194/200 Train accuracy: 7.94713e-01 Validation accuracy: 7.84667e-01 Loss 9.81355e-03 Time taken: 2.04 seconds 
Epoch: 195/200 Train accuracy: 7.92005e-01 Validation accuracy: 7.84000e-01 Loss 9.82869e-03 Time taken: 2.08 seconds 
Epoch: 196/200 Train accuracy: 7.95354e-01 Validation accuracy: 7.84667e-01 Loss 9.81193e-03 Time taken: 2.28 seconds 
Epoch: 197/200 Train accuracy: 7.95425e-01 Validation accuracy: 7.89333e-01 Loss 9.81844e-03 Time taken: 2.32 seconds 
Epoch: 198/200 Train accuracy: 7.92504e-01 Validation accuracy: 7.88667e-01 Loss 9.82687e-03 Time taken: 2.22 seconds 
Epoch: 199/200 Train accuracy: 7.98561e-01 Validation accuracy: 7.90667e-01 Loss 9.79808e-03 Time taken: 2.41 seconds 
Epoch: 200/200 Train accuracy: 7.93430e-01 Validation accuracy: 7.82333e-01 Loss 9.82663e-03 Time taken: 2.13 seconds 
Total time taken 0:06:54.709816
Cleaning up intermediate feature (.pt) files
Done


working on file logs/iic-train-PKT/jepa_iic_PKT-ep50.pth.tar ...
