Directory classifiers/jepa-iic-PKT-seed-10-classifier-pretrained-vitb-normalized-ep250 for saving the classifiers is now present
VisionTransformer(
  (patch_embed): PatchEmbed(
    (proj): Conv2d(3, 768, kernel_size=(15, 15), stride=(15, 15))
  )
  (blocks): ModuleList(
    (0-11): 12 x Block(
      (norm1): LayerNorm((768,), eps=1e-06, elementwise_affine=True)
      (attn): Attention(
        (qkv): Linear(in_features=768, out_features=2304, bias=True)
        (attn_drop): Dropout(p=0.0, inplace=False)
        (proj): Linear(in_features=768, out_features=768, bias=True)
        (proj_drop): Dropout(p=0.0, inplace=False)
      )
      (drop_path): Identity()
      (norm2): LayerNorm((768,), eps=1e-06, elementwise_affine=True)
      (mlp): MLP(
        (fc1): Linear(in_features=768, out_features=3072, bias=True)
        (act): GELU(approximate='none')
        (fc2): Linear(in_features=3072, out_features=768, bias=True)
        (drop): Dropout(p=0.0, inplace=False)
      )
    )
  )
  (norm): LayerNorm((768,), eps=1e-06, elementwise_affine=True)
)
Extracting features and saving them locally..
Epoch: 1/200 Train accuracy: 4.33519e-01 Validation accuracy: 5.73667e-01 Loss 1.26601e-02 Time taken: 2.13 seconds 
Epoch: 2/200 Train accuracy: 5.85364e-01 Validation accuracy: 6.65667e-01 Loss 1.15616e-02 Time taken: 2.22 seconds 
Epoch: 3/200 Train accuracy: 6.50278e-01 Validation accuracy: 6.84000e-01 Loss 1.10729e-02 Time taken: 2.28 seconds 
Epoch: 4/200 Train accuracy: 6.74148e-01 Validation accuracy: 6.88667e-01 Loss 1.08837e-02 Time taken: 2.23 seconds 
Epoch: 5/200 Train accuracy: 6.83483e-01 Validation accuracy: 6.93333e-01 Loss 1.07969e-02 Time taken: 1.92 seconds 
Epoch: 6/200 Train accuracy: 6.90751e-01 Validation accuracy: 6.97333e-01 Loss 1.07205e-02 Time taken: 1.77 seconds 
Epoch: 7/200 Train accuracy: 6.96950e-01 Validation accuracy: 7.03333e-01 Loss 1.06614e-02 Time taken: 1.63 seconds 
Epoch: 8/200 Train accuracy: 7.04432e-01 Validation accuracy: 7.04000e-01 Loss 1.06129e-02 Time taken: 1.63 seconds 
Epoch: 9/200 Train accuracy: 7.04788e-01 Validation accuracy: 7.04667e-01 Loss 1.05781e-02 Time taken: 1.64 seconds 
Epoch: 10/200 Train accuracy: 7.12413e-01 Validation accuracy: 7.08333e-01 Loss 1.05441e-02 Time taken: 1.64 seconds 
Epoch: 11/200 Train accuracy: 7.13553e-01 Validation accuracy: 7.09333e-01 Loss 1.05162e-02 Time taken: 1.62 seconds 
Epoch: 12/200 Train accuracy: 7.16759e-01 Validation accuracy: 7.19667e-01 Loss 1.04924e-02 Time taken: 1.60 seconds 
Epoch: 13/200 Train accuracy: 7.18754e-01 Validation accuracy: 7.09667e-01 Loss 1.04704e-02 Time taken: 1.62 seconds 
Epoch: 14/200 Train accuracy: 7.18683e-01 Validation accuracy: 7.12000e-01 Loss 1.04723e-02 Time taken: 1.64 seconds 
Epoch: 15/200 Train accuracy: 7.20536e-01 Validation accuracy: 7.17333e-01 Loss 1.04443e-02 Time taken: 1.62 seconds 
Epoch: 16/200 Train accuracy: 7.21462e-01 Validation accuracy: 7.16667e-01 Loss 1.04469e-02 Time taken: 1.62 seconds 
Epoch: 17/200 Train accuracy: 7.24740e-01 Validation accuracy: 7.16667e-01 Loss 1.04156e-02 Time taken: 1.63 seconds 
Epoch: 18/200 Train accuracy: 7.22816e-01 Validation accuracy: 7.20667e-01 Loss 1.04283e-02 Time taken: 1.62 seconds 
Epoch: 19/200 Train accuracy: 7.26664e-01 Validation accuracy: 7.19667e-01 Loss 1.04055e-02 Time taken: 1.63 seconds 
Epoch: 20/200 Train accuracy: 7.24597e-01 Validation accuracy: 7.20000e-01 Loss 1.04005e-02 Time taken: 1.62 seconds 
Epoch: 21/200 Train accuracy: 7.24669e-01 Validation accuracy: 7.18333e-01 Loss 1.03963e-02 Time taken: 1.64 seconds 
Epoch: 22/200 Train accuracy: 7.27305e-01 Validation accuracy: 7.18333e-01 Loss 1.03790e-02 Time taken: 1.60 seconds 
Epoch: 23/200 Train accuracy: 7.30725e-01 Validation accuracy: 7.23000e-01 Loss 1.03650e-02 Time taken: 1.60 seconds 
Epoch: 24/200 Train accuracy: 7.25880e-01 Validation accuracy: 7.25333e-01 Loss 1.03756e-02 Time taken: 1.60 seconds 
Epoch: 25/200 Train accuracy: 7.25666e-01 Validation accuracy: 7.22000e-01 Loss 1.03782e-02 Time taken: 1.60 seconds 
Epoch: 26/200 Train accuracy: 7.28445e-01 Validation accuracy: 7.26667e-01 Loss 1.03684e-02 Time taken: 1.60 seconds 
Epoch: 27/200 Train accuracy: 7.28089e-01 Validation accuracy: 7.24667e-01 Loss 1.03551e-02 Time taken: 1.61 seconds 
Epoch: 28/200 Train accuracy: 7.29372e-01 Validation accuracy: 7.25667e-01 Loss 1.03577e-02 Time taken: 1.60 seconds 
Epoch: 29/200 Train accuracy: 7.33006e-01 Validation accuracy: 7.28333e-01 Loss 1.03374e-02 Time taken: 1.65 seconds 
Epoch: 30/200 Train accuracy: 7.32079e-01 Validation accuracy: 7.25000e-01 Loss 1.03324e-02 Time taken: 1.60 seconds 
Epoch: 31/200 Train accuracy: 7.32721e-01 Validation accuracy: 7.27667e-01 Loss 1.03337e-02 Time taken: 1.64 seconds 
Epoch: 32/200 Train accuracy: 7.29015e-01 Validation accuracy: 7.31000e-01 Loss 1.03446e-02 Time taken: 1.83 seconds 
Epoch: 33/200 Train accuracy: 7.31367e-01 Validation accuracy: 7.30000e-01 Loss 1.03269e-02 Time taken: 1.69 seconds 
Epoch: 34/200 Train accuracy: 7.32293e-01 Validation accuracy: 7.32000e-01 Loss 1.03243e-02 Time taken: 1.70 seconds 
Epoch: 35/200 Train accuracy: 7.30013e-01 Validation accuracy: 7.24333e-01 Loss 1.03257e-02 Time taken: 1.76 seconds 
Epoch: 36/200 Train accuracy: 7.35571e-01 Validation accuracy: 7.26333e-01 Loss 1.03039e-02 Time taken: 1.67 seconds 
Epoch: 37/200 Train accuracy: 7.32364e-01 Validation accuracy: 7.26667e-01 Loss 1.03173e-02 Time taken: 1.64 seconds 
Epoch: 38/200 Train accuracy: 7.35998e-01 Validation accuracy: 7.27667e-01 Loss 1.02966e-02 Time taken: 1.64 seconds 
Epoch: 39/200 Train accuracy: 7.34431e-01 Validation accuracy: 7.28333e-01 Loss 1.03056e-02 Time taken: 1.62 seconds 
Epoch: 40/200 Train accuracy: 7.35642e-01 Validation accuracy: 7.32333e-01 Loss 1.03074e-02 Time taken: 1.63 seconds 
Epoch: 41/200 Train accuracy: 7.32436e-01 Validation accuracy: 7.30667e-01 Loss 1.03094e-02 Time taken: 1.68 seconds 
Epoch: 42/200 Train accuracy: 7.35214e-01 Validation accuracy: 7.28667e-01 Loss 1.02989e-02 Time taken: 1.80 seconds 
Epoch: 43/200 Train accuracy: 7.32293e-01 Validation accuracy: 7.29333e-01 Loss 1.03037e-02 Time taken: 2.07 seconds 
Epoch: 44/200 Train accuracy: 7.32721e-01 Validation accuracy: 7.30333e-01 Loss 1.03025e-02 Time taken: 2.32 seconds 
Epoch: 45/200 Train accuracy: 7.32792e-01 Validation accuracy: 7.29667e-01 Loss 1.03101e-02 Time taken: 2.18 seconds 
Epoch: 46/200 Train accuracy: 7.33433e-01 Validation accuracy: 7.31000e-01 Loss 1.02973e-02 Time taken: 2.04 seconds 
Epoch: 47/200 Train accuracy: 7.36070e-01 Validation accuracy: 7.31667e-01 Loss 1.02849e-02 Time taken: 2.10 seconds 
Epoch: 48/200 Train accuracy: 7.39134e-01 Validation accuracy: 7.33000e-01 Loss 1.02706e-02 Time taken: 2.16 seconds 
Epoch: 49/200 Train accuracy: 7.35785e-01 Validation accuracy: 7.32333e-01 Loss 1.02786e-02 Time taken: 2.05 seconds 
Epoch: 50/200 Train accuracy: 7.35856e-01 Validation accuracy: 7.26000e-01 Loss 1.02800e-02 Time taken: 2.11 seconds 
Epoch: 51/200 Train accuracy: 7.34359e-01 Validation accuracy: 7.34667e-01 Loss 1.02902e-02 Time taken: 2.28 seconds 
Epoch: 52/200 Train accuracy: 7.37495e-01 Validation accuracy: 7.34667e-01 Loss 1.02775e-02 Time taken: 2.10 seconds 
Epoch: 53/200 Train accuracy: 7.36782e-01 Validation accuracy: 7.33333e-01 Loss 1.02754e-02 Time taken: 2.02 seconds 
Epoch: 54/200 Train accuracy: 7.36355e-01 Validation accuracy: 7.26333e-01 Loss 1.02783e-02 Time taken: 2.12 seconds 
Epoch: 55/200 Train accuracy: 7.38635e-01 Validation accuracy: 7.35333e-01 Loss 1.02688e-02 Time taken: 2.47 seconds 
Epoch: 56/200 Train accuracy: 7.35428e-01 Validation accuracy: 7.30667e-01 Loss 1.02875e-02 Time taken: 2.30 seconds 
Epoch: 57/200 Train accuracy: 7.39704e-01 Validation accuracy: 7.36333e-01 Loss 1.02576e-02 Time taken: 2.19 seconds 
Epoch: 58/200 Train accuracy: 7.40844e-01 Validation accuracy: 7.32333e-01 Loss 1.02526e-02 Time taken: 2.28 seconds 
Epoch: 59/200 Train accuracy: 7.36996e-01 Validation accuracy: 7.36667e-01 Loss 1.02679e-02 Time taken: 2.35 seconds 
Epoch: 60/200 Train accuracy: 7.40274e-01 Validation accuracy: 7.38000e-01 Loss 1.02511e-02 Time taken: 2.26 seconds 
Epoch: 61/200 Train accuracy: 7.42269e-01 Validation accuracy: 7.39000e-01 Loss 1.02501e-02 Time taken: 2.17 seconds 
Epoch: 62/200 Train accuracy: 7.37566e-01 Validation accuracy: 7.36000e-01 Loss 1.02587e-02 Time taken: 2.21 seconds 
Epoch: 63/200 Train accuracy: 7.40274e-01 Validation accuracy: 7.36000e-01 Loss 1.02565e-02 Time taken: 2.36 seconds 
Epoch: 64/200 Train accuracy: 7.42768e-01 Validation accuracy: 7.34000e-01 Loss 1.02403e-02 Time taken: 2.18 seconds 
Epoch: 65/200 Train accuracy: 7.37423e-01 Validation accuracy: 7.35333e-01 Loss 1.02633e-02 Time taken: 2.32 seconds 
Epoch: 66/200 Train accuracy: 7.37780e-01 Validation accuracy: 7.37333e-01 Loss 1.02569e-02 Time taken: 2.25 seconds 
Epoch: 67/200 Train accuracy: 7.38991e-01 Validation accuracy: 7.33667e-01 Loss 1.02570e-02 Time taken: 2.34 seconds 
Epoch: 68/200 Train accuracy: 7.40844e-01 Validation accuracy: 7.38667e-01 Loss 1.02402e-02 Time taken: 2.28 seconds 
Epoch: 69/200 Train accuracy: 7.38492e-01 Validation accuracy: 7.37667e-01 Loss 1.02557e-02 Time taken: 2.28 seconds 
Epoch: 70/200 Train accuracy: 7.38920e-01 Validation accuracy: 7.30333e-01 Loss 1.02462e-02 Time taken: 2.31 seconds 
Epoch: 71/200 Train accuracy: 7.39704e-01 Validation accuracy: 7.37000e-01 Loss 1.02395e-02 Time taken: 2.18 seconds 
Epoch: 72/200 Train accuracy: 7.38278e-01 Validation accuracy: 7.40667e-01 Loss 1.02527e-02 Time taken: 2.16 seconds 
Epoch: 73/200 Train accuracy: 7.37352e-01 Validation accuracy: 7.35000e-01 Loss 1.02513e-02 Time taken: 2.24 seconds 
Epoch: 74/200 Train accuracy: 7.39917e-01 Validation accuracy: 7.35667e-01 Loss 1.02383e-02 Time taken: 2.14 seconds 
Epoch: 75/200 Train accuracy: 7.41699e-01 Validation accuracy: 7.38000e-01 Loss 1.02327e-02 Time taken: 2.14 seconds 
Epoch: 76/200 Train accuracy: 7.42126e-01 Validation accuracy: 7.37000e-01 Loss 1.02361e-02 Time taken: 2.15 seconds 
Epoch: 77/200 Train accuracy: 7.38991e-01 Validation accuracy: 7.39000e-01 Loss 1.02421e-02 Time taken: 2.27 seconds 
Epoch: 78/200 Train accuracy: 7.40202e-01 Validation accuracy: 7.39667e-01 Loss 1.02427e-02 Time taken: 2.22 seconds 
Epoch: 79/200 Train accuracy: 7.40559e-01 Validation accuracy: 7.37333e-01 Loss 1.02405e-02 Time taken: 2.15 seconds 
Epoch: 80/200 Train accuracy: 7.40630e-01 Validation accuracy: 7.36000e-01 Loss 1.02362e-02 Time taken: 2.11 seconds 
Epoch: 81/200 Train accuracy: 7.38492e-01 Validation accuracy: 7.32667e-01 Loss 1.02431e-02 Time taken: 2.40 seconds 
Epoch: 82/200 Train accuracy: 7.40487e-01 Validation accuracy: 7.41667e-01 Loss 1.02381e-02 Time taken: 2.19 seconds 
Epoch: 83/200 Train accuracy: 7.41485e-01 Validation accuracy: 7.34667e-01 Loss 1.02296e-02 Time taken: 2.11 seconds 
Epoch: 84/200 Train accuracy: 7.42340e-01 Validation accuracy: 7.38333e-01 Loss 1.02329e-02 Time taken: 2.20 seconds 
Epoch: 85/200 Train accuracy: 7.41984e-01 Validation accuracy: 7.36000e-01 Loss 1.02275e-02 Time taken: 2.19 seconds 
Epoch: 86/200 Train accuracy: 7.39704e-01 Validation accuracy: 7.34333e-01 Loss 1.02300e-02 Time taken: 2.26 seconds 
Epoch: 87/200 Train accuracy: 7.40915e-01 Validation accuracy: 7.38000e-01 Loss 1.02340e-02 Time taken: 2.11 seconds 
Epoch: 88/200 Train accuracy: 7.41057e-01 Validation accuracy: 7.38000e-01 Loss 1.02264e-02 Time taken: 2.10 seconds 
Epoch: 89/200 Train accuracy: 7.42554e-01 Validation accuracy: 7.40000e-01 Loss 1.02266e-02 Time taken: 2.16 seconds 
Epoch: 90/200 Train accuracy: 7.42768e-01 Validation accuracy: 7.43667e-01 Loss 1.02180e-02 Time taken: 2.40 seconds 
Epoch: 91/200 Train accuracy: 7.40630e-01 Validation accuracy: 7.37667e-01 Loss 1.02281e-02 Time taken: 2.26 seconds 
Epoch: 92/200 Train accuracy: 7.42839e-01 Validation accuracy: 7.38667e-01 Loss 1.02217e-02 Time taken: 2.29 seconds 
Epoch: 93/200 Train accuracy: 7.41984e-01 Validation accuracy: 7.39667e-01 Loss 1.02255e-02 Time taken: 2.30 seconds 
Epoch: 94/200 Train accuracy: 7.41129e-01 Validation accuracy: 7.43333e-01 Loss 1.02258e-02 Time taken: 2.13 seconds 
Epoch: 95/200 Train accuracy: 7.42411e-01 Validation accuracy: 7.40333e-01 Loss 1.02190e-02 Time taken: 2.19 seconds 
Epoch: 96/200 Train accuracy: 7.42340e-01 Validation accuracy: 7.32667e-01 Loss 1.02181e-02 Time taken: 2.25 seconds 
Epoch: 97/200 Train accuracy: 7.40986e-01 Validation accuracy: 7.40667e-01 Loss 1.02260e-02 Time taken: 2.35 seconds 
Epoch: 98/200 Train accuracy: 7.42055e-01 Validation accuracy: 7.37333e-01 Loss 1.02149e-02 Time taken: 2.27 seconds 
Epoch: 99/200 Train accuracy: 7.42411e-01 Validation accuracy: 7.39667e-01 Loss 1.02239e-02 Time taken: 2.31 seconds 
Epoch: 100/200 Train accuracy: 7.40202e-01 Validation accuracy: 7.36333e-01 Loss 1.02263e-02 Time taken: 2.11 seconds 
Epoch: 101/200 Train accuracy: 7.43195e-01 Validation accuracy: 7.34667e-01 Loss 1.02175e-02 Time taken: 2.25 seconds 
Epoch: 102/200 Train accuracy: 7.42198e-01 Validation accuracy: 7.38000e-01 Loss 1.02124e-02 Time taken: 2.11 seconds 
Epoch: 103/200 Train accuracy: 7.42269e-01 Validation accuracy: 7.39333e-01 Loss 1.02147e-02 Time taken: 2.36 seconds 
Epoch: 104/200 Train accuracy: 7.42625e-01 Validation accuracy: 7.42333e-01 Loss 1.02139e-02 Time taken: 2.14 seconds 
Epoch: 105/200 Train accuracy: 7.43694e-01 Validation accuracy: 7.35667e-01 Loss 1.02118e-02 Time taken: 2.51 seconds 
Epoch: 106/200 Train accuracy: 7.41556e-01 Validation accuracy: 7.40333e-01 Loss 1.02247e-02 Time taken: 2.22 seconds 
Epoch: 107/200 Train accuracy: 7.40772e-01 Validation accuracy: 7.42667e-01 Loss 1.02200e-02 Time taken: 2.24 seconds 
Epoch: 108/200 Train accuracy: 7.42981e-01 Validation accuracy: 7.40000e-01 Loss 1.02051e-02 Time taken: 2.30 seconds 
Epoch: 109/200 Train accuracy: 7.40986e-01 Validation accuracy: 7.35000e-01 Loss 1.02143e-02 Time taken: 2.08 seconds 
Epoch: 110/200 Train accuracy: 7.44050e-01 Validation accuracy: 7.38667e-01 Loss 1.02023e-02 Time taken: 2.16 seconds 
Epoch: 111/200 Train accuracy: 7.46758e-01 Validation accuracy: 7.40333e-01 Loss 1.02021e-02 Time taken: 2.10 seconds 
Epoch: 112/200 Train accuracy: 7.42981e-01 Validation accuracy: 7.36667e-01 Loss 1.02094e-02 Time taken: 2.17 seconds 
Epoch: 113/200 Train accuracy: 7.41912e-01 Validation accuracy: 7.41333e-01 Loss 1.02135e-02 Time taken: 2.32 seconds 
Epoch: 114/200 Train accuracy: 7.43694e-01 Validation accuracy: 7.41000e-01 Loss 1.02074e-02 Time taken: 2.22 seconds 
Epoch: 115/200 Train accuracy: 7.43053e-01 Validation accuracy: 7.41000e-01 Loss 1.02065e-02 Time taken: 2.07 seconds 
Epoch: 116/200 Train accuracy: 7.43409e-01 Validation accuracy: 7.36667e-01 Loss 1.01998e-02 Time taken: 2.27 seconds 
Epoch: 117/200 Train accuracy: 7.44335e-01 Validation accuracy: 7.43667e-01 Loss 1.02009e-02 Time taken: 2.10 seconds 
Epoch: 118/200 Train accuracy: 7.43908e-01 Validation accuracy: 7.40000e-01 Loss 1.02036e-02 Time taken: 2.22 seconds 
Epoch: 119/200 Train accuracy: 7.43409e-01 Validation accuracy: 7.32667e-01 Loss 1.02050e-02 Time taken: 2.31 seconds 
Epoch: 120/200 Train accuracy: 7.44050e-01 Validation accuracy: 7.43333e-01 Loss 1.02100e-02 Time taken: 2.30 seconds 
Epoch: 121/200 Train accuracy: 7.45048e-01 Validation accuracy: 7.40667e-01 Loss 1.02027e-02 Time taken: 2.18 seconds 
Epoch: 122/200 Train accuracy: 7.45190e-01 Validation accuracy: 7.40667e-01 Loss 1.02048e-02 Time taken: 2.28 seconds 
Epoch: 123/200 Train accuracy: 7.45689e-01 Validation accuracy: 7.43667e-01 Loss 1.01951e-02 Time taken: 2.05 seconds 
Epoch: 124/200 Train accuracy: 7.44905e-01 Validation accuracy: 7.45000e-01 Loss 1.02052e-02 Time taken: 2.11 seconds 
Epoch: 125/200 Train accuracy: 7.45832e-01 Validation accuracy: 7.39667e-01 Loss 1.01928e-02 Time taken: 2.09 seconds 
Epoch: 126/200 Train accuracy: 7.48254e-01 Validation accuracy: 7.42000e-01 Loss 1.01925e-02 Time taken: 2.15 seconds 
Epoch: 127/200 Train accuracy: 7.44335e-01 Validation accuracy: 7.35000e-01 Loss 1.01970e-02 Time taken: 2.21 seconds 
Epoch: 128/200 Train accuracy: 7.43765e-01 Validation accuracy: 7.40667e-01 Loss 1.02007e-02 Time taken: 2.12 seconds 
Epoch: 129/200 Train accuracy: 7.44121e-01 Validation accuracy: 7.40667e-01 Loss 1.01958e-02 Time taken: 2.11 seconds 
Epoch: 130/200 Train accuracy: 7.47328e-01 Validation accuracy: 7.42667e-01 Loss 1.01826e-02 Time taken: 2.13 seconds 
Epoch: 131/200 Train accuracy: 7.41841e-01 Validation accuracy: 7.39333e-01 Loss 1.01947e-02 Time taken: 2.14 seconds 
Epoch: 132/200 Train accuracy: 7.45547e-01 Validation accuracy: 7.44000e-01 Loss 1.02064e-02 Time taken: 2.18 seconds 
Epoch: 133/200 Train accuracy: 7.44763e-01 Validation accuracy: 7.39333e-01 Loss 1.01901e-02 Time taken: 2.24 seconds 
Epoch: 134/200 Train accuracy: 7.42554e-01 Validation accuracy: 7.42333e-01 Loss 1.02035e-02 Time taken: 2.24 seconds 
Epoch: 135/200 Train accuracy: 7.43979e-01 Validation accuracy: 7.43333e-01 Loss 1.01998e-02 Time taken: 2.26 seconds 
Epoch: 136/200 Train accuracy: 7.47470e-01 Validation accuracy: 7.45333e-01 Loss 1.01761e-02 Time taken: 2.19 seconds 
Epoch: 137/200 Train accuracy: 7.44905e-01 Validation accuracy: 7.39000e-01 Loss 1.01928e-02 Time taken: 2.13 seconds 
Epoch: 138/200 Train accuracy: 7.44976e-01 Validation accuracy: 7.44667e-01 Loss 1.01923e-02 Time taken: 2.12 seconds 
Epoch: 139/200 Train accuracy: 7.45190e-01 Validation accuracy: 7.42333e-01 Loss 1.01869e-02 Time taken: 2.16 seconds 
Epoch: 140/200 Train accuracy: 7.45760e-01 Validation accuracy: 7.41333e-01 Loss 1.01808e-02 Time taken: 2.06 seconds 
Epoch: 141/200 Train accuracy: 7.46188e-01 Validation accuracy: 7.44667e-01 Loss 1.01874e-02 Time taken: 2.10 seconds 
Epoch: 142/200 Train accuracy: 7.43908e-01 Validation accuracy: 7.40000e-01 Loss 1.01906e-02 Time taken: 2.09 seconds 
Epoch: 143/200 Train accuracy: 7.46544e-01 Validation accuracy: 7.43667e-01 Loss 1.01845e-02 Time taken: 2.11 seconds 
Epoch: 144/200 Train accuracy: 7.45689e-01 Validation accuracy: 7.43667e-01 Loss 1.01907e-02 Time taken: 2.27 seconds 
Epoch: 145/200 Train accuracy: 7.44834e-01 Validation accuracy: 7.41000e-01 Loss 1.01881e-02 Time taken: 2.10 seconds 
Epoch: 146/200 Train accuracy: 7.46117e-01 Validation accuracy: 7.39667e-01 Loss 1.01859e-02 Time taken: 2.20 seconds 
Epoch: 147/200 Train accuracy: 7.41556e-01 Validation accuracy: 7.40000e-01 Loss 1.02016e-02 Time taken: 2.27 seconds 
Epoch: 148/200 Train accuracy: 7.46330e-01 Validation accuracy: 7.42000e-01 Loss 1.01915e-02 Time taken: 2.24 seconds 
Epoch: 149/200 Train accuracy: 7.44691e-01 Validation accuracy: 7.38000e-01 Loss 1.01951e-02 Time taken: 2.29 seconds 
Epoch: 150/200 Train accuracy: 7.48254e-01 Validation accuracy: 7.35667e-01 Loss 1.01935e-02 Time taken: 2.16 seconds 
Epoch: 151/200 Train accuracy: 7.45974e-01 Validation accuracy: 7.38333e-01 Loss 1.01853e-02 Time taken: 2.06 seconds 
Epoch: 152/200 Train accuracy: 7.47257e-01 Validation accuracy: 7.41333e-01 Loss 1.01849e-02 Time taken: 2.15 seconds 
Epoch: 153/200 Train accuracy: 7.46758e-01 Validation accuracy: 7.42333e-01 Loss 1.01831e-02 Time taken: 2.30 seconds 
Epoch: 154/200 Train accuracy: 7.44050e-01 Validation accuracy: 7.42333e-01 Loss 1.01943e-02 Time taken: 2.22 seconds 
Epoch: 155/200 Train accuracy: 7.44549e-01 Validation accuracy: 7.45333e-01 Loss 1.01917e-02 Time taken: 2.21 seconds 
Epoch: 156/200 Train accuracy: 7.47043e-01 Validation accuracy: 7.45000e-01 Loss 1.01771e-02 Time taken: 2.20 seconds 
Epoch: 157/200 Train accuracy: 7.43551e-01 Validation accuracy: 7.41000e-01 Loss 1.01910e-02 Time taken: 2.23 seconds 
Epoch: 158/200 Train accuracy: 7.45832e-01 Validation accuracy: 7.40333e-01 Loss 1.01830e-02 Time taken: 2.29 seconds 
Epoch: 159/200 Train accuracy: 7.45974e-01 Validation accuracy: 7.44667e-01 Loss 1.01878e-02 Time taken: 2.10 seconds 
Epoch: 160/200 Train accuracy: 7.44549e-01 Validation accuracy: 7.45667e-01 Loss 1.01899e-02 Time taken: 2.28 seconds 
Epoch: 161/200 Train accuracy: 7.43480e-01 Validation accuracy: 7.42667e-01 Loss 1.01969e-02 Time taken: 2.22 seconds 
Epoch: 162/200 Train accuracy: 7.46972e-01 Validation accuracy: 7.42667e-01 Loss 1.01842e-02 Time taken: 2.13 seconds 
Epoch: 163/200 Train accuracy: 7.44478e-01 Validation accuracy: 7.35667e-01 Loss 1.01873e-02 Time taken: 2.12 seconds 
Epoch: 164/200 Train accuracy: 7.47328e-01 Validation accuracy: 7.44000e-01 Loss 1.01738e-02 Time taken: 2.17 seconds 
Epoch: 165/200 Train accuracy: 7.48824e-01 Validation accuracy: 7.43667e-01 Loss 1.01735e-02 Time taken: 2.04 seconds 
Epoch: 166/200 Train accuracy: 7.46758e-01 Validation accuracy: 7.41333e-01 Loss 1.01825e-02 Time taken: 2.10 seconds 
Epoch: 167/200 Train accuracy: 7.49323e-01 Validation accuracy: 7.40333e-01 Loss 1.01685e-02 Time taken: 2.06 seconds 
Epoch: 168/200 Train accuracy: 7.47328e-01 Validation accuracy: 7.41333e-01 Loss 1.01836e-02 Time taken: 2.16 seconds 
Epoch: 169/200 Train accuracy: 7.47827e-01 Validation accuracy: 7.41000e-01 Loss 1.01728e-02 Time taken: 2.29 seconds 
Epoch: 170/200 Train accuracy: 7.47043e-01 Validation accuracy: 7.43333e-01 Loss 1.01733e-02 Time taken: 2.35 seconds 
Epoch: 171/200 Train accuracy: 7.44691e-01 Validation accuracy: 7.44667e-01 Loss 1.01854e-02 Time taken: 2.22 seconds 
Epoch: 172/200 Train accuracy: 7.48896e-01 Validation accuracy: 7.40667e-01 Loss 1.01689e-02 Time taken: 2.09 seconds 
Epoch: 173/200 Train accuracy: 7.48254e-01 Validation accuracy: 7.38667e-01 Loss 1.01659e-02 Time taken: 2.14 seconds 
Epoch: 174/200 Train accuracy: 7.45547e-01 Validation accuracy: 7.44333e-01 Loss 1.01855e-02 Time taken: 2.36 seconds 
Epoch: 175/200 Train accuracy: 7.42910e-01 Validation accuracy: 7.38000e-01 Loss 1.01781e-02 Time taken: 2.30 seconds 
Epoch: 176/200 Train accuracy: 7.48397e-01 Validation accuracy: 7.44667e-01 Loss 1.01724e-02 Time taken: 2.21 seconds 
Epoch: 177/200 Train accuracy: 7.47898e-01 Validation accuracy: 7.39667e-01 Loss 1.01780e-02 Time taken: 2.10 seconds 
Epoch: 178/200 Train accuracy: 7.46972e-01 Validation accuracy: 7.42667e-01 Loss 1.01777e-02 Time taken: 2.15 seconds 
Epoch: 179/200 Train accuracy: 7.46188e-01 Validation accuracy: 7.47000e-01 Loss 1.01798e-02 Time taken: 2.30 seconds 
Epoch: 180/200 Train accuracy: 7.48682e-01 Validation accuracy: 7.41000e-01 Loss 1.01638e-02 Time taken: 2.32 seconds 
Epoch: 181/200 Train accuracy: 7.47755e-01 Validation accuracy: 7.45000e-01 Loss 1.01723e-02 Time taken: 2.21 seconds 
Epoch: 182/200 Train accuracy: 7.46758e-01 Validation accuracy: 7.47333e-01 Loss 1.01797e-02 Time taken: 2.11 seconds 
Epoch: 183/200 Train accuracy: 7.47470e-01 Validation accuracy: 7.45333e-01 Loss 1.01708e-02 Time taken: 2.33 seconds 
Epoch: 184/200 Train accuracy: 7.47399e-01 Validation accuracy: 7.45000e-01 Loss 1.01717e-02 Time taken: 2.39 seconds 
Epoch: 185/200 Train accuracy: 7.46900e-01 Validation accuracy: 7.42667e-01 Loss 1.01736e-02 Time taken: 2.15 seconds 
Epoch: 186/200 Train accuracy: 7.47257e-01 Validation accuracy: 7.45000e-01 Loss 1.01718e-02 Time taken: 2.40 seconds 
Epoch: 187/200 Train accuracy: 7.47613e-01 Validation accuracy: 7.44333e-01 Loss 1.01736e-02 Time taken: 2.40 seconds 
Epoch: 188/200 Train accuracy: 7.47684e-01 Validation accuracy: 7.41333e-01 Loss 1.01751e-02 Time taken: 2.12 seconds 
Epoch: 189/200 Train accuracy: 7.46972e-01 Validation accuracy: 7.45333e-01 Loss 1.01688e-02 Time taken: 2.36 seconds 
Epoch: 190/200 Train accuracy: 7.44905e-01 Validation accuracy: 7.41333e-01 Loss 1.01850e-02 Time taken: 2.37 seconds 
Epoch: 191/200 Train accuracy: 7.48753e-01 Validation accuracy: 7.45333e-01 Loss 1.01629e-02 Time taken: 2.47 seconds 
Epoch: 192/200 Train accuracy: 7.46259e-01 Validation accuracy: 7.47000e-01 Loss 1.01724e-02 Time taken: 2.22 seconds 
Epoch: 193/200 Train accuracy: 7.45618e-01 Validation accuracy: 7.42000e-01 Loss 1.01793e-02 Time taken: 2.23 seconds 
Epoch: 194/200 Train accuracy: 7.49038e-01 Validation accuracy: 7.47000e-01 Loss 1.01667e-02 Time taken: 2.34 seconds 
Epoch: 195/200 Train accuracy: 7.46188e-01 Validation accuracy: 7.43333e-01 Loss 1.01752e-02 Time taken: 2.18 seconds 
Epoch: 196/200 Train accuracy: 7.46402e-01 Validation accuracy: 7.44000e-01 Loss 1.01767e-02 Time taken: 2.22 seconds 
Epoch: 197/200 Train accuracy: 7.46473e-01 Validation accuracy: 7.46000e-01 Loss 1.01716e-02 Time taken: 2.12 seconds 
Epoch: 198/200 Train accuracy: 7.49466e-01 Validation accuracy: 7.44667e-01 Loss 1.01627e-02 Time taken: 2.23 seconds 
Epoch: 199/200 Train accuracy: 7.48112e-01 Validation accuracy: 7.44333e-01 Loss 1.01690e-02 Time taken: 2.18 seconds 
Epoch: 200/200 Train accuracy: 7.43908e-01 Validation accuracy: 7.43333e-01 Loss 1.01885e-02 Time taken: 2.10 seconds 
Total time taken 0:07:02.438635
Cleaning up intermediate feature (.pt) files
Done


working on file logs/iic-train-PKT/jepa_iic_PKT-ep300.pth.tar ...
