nohup: ignoring input
INFO:root:VisionTransformer(
  (patch_embed): PatchEmbed(
    (proj): Conv2d(3, 768, kernel_size=(15, 15), stride=(15, 15))
  )
  (blocks): ModuleList(
    (0-11): 12 x Block(
      (norm1): LayerNorm((768,), eps=1e-06, elementwise_affine=True)
      (attn): Attention(
        (qkv): Linear(in_features=768, out_features=2304, bias=True)
        (attn_drop): Dropout(p=0.0, inplace=False)
        (proj): Linear(in_features=768, out_features=768, bias=True)
        (proj_drop): Dropout(p=0.0, inplace=False)
      )
      (drop_path): Identity()
      (norm2): LayerNorm((768,), eps=1e-06, elementwise_affine=True)
      (mlp): MLP(
        (fc1): Linear(in_features=768, out_features=3072, bias=True)
        (act): GELU(approximate='none')
        (fc2): Linear(in_features=3072, out_features=768, bias=True)
        (drop): Dropout(p=0.0, inplace=False)
      )
    )
  )
  (norm): LayerNorm((768,), eps=1e-06, elementwise_affine=True)
)
Epoch: 1/100 Train accuracy: 2.479692e-01 Validation accuracy: 4.206667e-01 Loss 1.388033e-02 Time taken: 0:00:49.843006
Epoch: 2/100 Train accuracy: 4.776970e-01 Validation accuracy: 5.553333e-01 Loss 1.331777e-02 Time taken: 0:00:49.443985
Epoch: 3/100 Train accuracy: 5.440359e-01 Validation accuracy: 5.843333e-01 Loss 1.279784e-02 Time taken: 0:00:49.311264
Epoch: 4/100 Train accuracy: 5.776685e-01 Validation accuracy: 6.143333e-01 Loss 1.246607e-02 Time taken: 0:00:48.857722
Epoch: 5/100 Train accuracy: 6.089497e-01 Validation accuracy: 6.356667e-01 Loss 1.220834e-02 Time taken: 0:00:49.058208
Epoch: 6/100 Train accuracy: 6.420835e-01 Validation accuracy: 6.523333e-01 Loss 1.199712e-02 Time taken: 0:00:49.588330
Epoch: 7/100 Train accuracy: 6.571897e-01 Validation accuracy: 6.660000e-01 Loss 1.183027e-02 Time taken: 0:00:49.709570
Epoch: 8/100 Train accuracy: 6.733647e-01 Validation accuracy: 6.683333e-01 Loss 1.168572e-02 Time taken: 0:00:49.127752
Epoch: 9/100 Train accuracy: 6.733647e-01 Validation accuracy: 6.770000e-01 Loss 1.157256e-02 Time taken: 0:00:49.661011
Epoch: 10/100 Train accuracy: 6.849081e-01 Validation accuracy: 6.836667e-01 Loss 1.145492e-02 Time taken: 0:00:49.586080
Epoch: 11/100 Train accuracy: 6.857631e-01 Validation accuracy: 6.900000e-01 Loss 1.137877e-02 Time taken: 0:00:49.486172
Epoch: 12/100 Train accuracy: 6.908935e-01 Validation accuracy: 6.856667e-01 Loss 1.130656e-02 Time taken: 0:00:50.015568
Epoch: 13/100 Train accuracy: 6.925324e-01 Validation accuracy: 6.900000e-01 Loss 1.124730e-02 Time taken: 0:00:49.391955
Epoch: 14/100 Train accuracy: 6.947413e-01 Validation accuracy: 6.933333e-01 Loss 1.119094e-02 Time taken: 0:00:49.840600
Epoch: 15/100 Train accuracy: 7.005130e-01 Validation accuracy: 6.950000e-01 Loss 1.112978e-02 Time taken: 0:00:49.279358
Epoch: 16/100 Train accuracy: 7.000143e-01 Validation accuracy: 7.013333e-01 Loss 1.110023e-02 Time taken: 0:00:49.663029
Epoch: 17/100 Train accuracy: 7.020094e-01 Validation accuracy: 7.006667e-01 Loss 1.105470e-02 Time taken: 0:00:49.779315
Epoch: 18/100 Train accuracy: 7.044321e-01 Validation accuracy: 7.056667e-01 Loss 1.101052e-02 Time taken: 0:00:50.046750
Epoch: 19/100 Train accuracy: 7.101325e-01 Validation accuracy: 7.036667e-01 Loss 1.097370e-02 Time taken: 0:00:49.644658
Epoch: 20/100 Train accuracy: 7.069260e-01 Validation accuracy: 7.040000e-01 Loss 1.094958e-02 Time taken: 0:00:49.647671
Epoch: 21/100 Train accuracy: 7.098475e-01 Validation accuracy: 7.066667e-01 Loss 1.092077e-02 Time taken: 0:00:49.328511
Epoch: 22/100 Train accuracy: 7.101325e-01 Validation accuracy: 7.153333e-01 Loss 1.089146e-02 Time taken: 0:00:50.031744
Epoch: 23/100 Train accuracy: 7.093487e-01 Validation accuracy: 7.133333e-01 Loss 1.087425e-02 Time taken: 0:00:50.081655
Epoch: 24/100 Train accuracy: 7.112014e-01 Validation accuracy: 7.183333e-01 Loss 1.084112e-02 Time taken: 0:00:49.611511
Epoch: 25/100 Train accuracy: 7.124127e-01 Validation accuracy: 7.180000e-01 Loss 1.082561e-02 Time taken: 0:00:49.376386
Epoch: 26/100 Train accuracy: 7.128402e-01 Validation accuracy: 7.193333e-01 Loss 1.079501e-02 Time taken: 0:00:49.603940
Epoch: 27/100 Train accuracy: 7.139803e-01 Validation accuracy: 7.183333e-01 Loss 1.078099e-02 Time taken: 0:00:49.363443
Epoch: 28/100 Train accuracy: 7.182557e-01 Validation accuracy: 7.196667e-01 Loss 1.075999e-02 Time taken: 0:00:49.472541
Epoch: 29/100 Train accuracy: 7.185407e-01 Validation accuracy: 7.200000e-01 Loss 1.074265e-02 Time taken: 0:00:49.527855
Epoch: 30/100 Train accuracy: 7.183269e-01 Validation accuracy: 7.250000e-01 Loss 1.072829e-02 Time taken: 0:00:49.377648
Epoch: 31/100 Train accuracy: 7.216047e-01 Validation accuracy: 7.213333e-01 Loss 1.070128e-02 Time taken: 0:00:49.012412
Epoch: 32/100 Train accuracy: 7.196095e-01 Validation accuracy: 7.230000e-01 Loss 1.070299e-02 Time taken: 0:00:49.647971
Epoch: 33/100 Train accuracy: 7.257375e-01 Validation accuracy: 7.220000e-01 Loss 1.067116e-02 Time taken: 0:00:49.342196
Epoch: 34/100 Train accuracy: 7.285165e-01 Validation accuracy: 7.233333e-01 Loss 1.065396e-02 Time taken: 0:00:49.315210
Epoch: 35/100 Train accuracy: 7.241699e-01 Validation accuracy: 7.250000e-01 Loss 1.065056e-02 Time taken: 0:00:49.805760
Epoch: 36/100 Train accuracy: 7.227448e-01 Validation accuracy: 7.260000e-01 Loss 1.064287e-02 Time taken: 0:00:49.580571
Epoch: 37/100 Train accuracy: 7.270201e-01 Validation accuracy: 7.273333e-01 Loss 1.062687e-02 Time taken: 0:00:49.601011
Epoch: 38/100 Train accuracy: 7.254525e-01 Validation accuracy: 7.300000e-01 Loss 1.062356e-02 Time taken: 0:00:50.115880
Epoch: 39/100 Train accuracy: 7.278039e-01 Validation accuracy: 7.273333e-01 Loss 1.059955e-02 Time taken: 0:00:49.784111
Epoch: 40/100 Train accuracy: 7.302978e-01 Validation accuracy: 7.316667e-01 Loss 1.058920e-02 Time taken: 0:00:49.602855
Epoch: 41/100 Train accuracy: 7.302978e-01 Validation accuracy: 7.306667e-01 Loss 1.058334e-02 Time taken: 0:00:49.891117
Epoch: 42/100 Train accuracy: 7.304404e-01 Validation accuracy: 7.313333e-01 Loss 1.056739e-02 Time taken: 0:00:49.553605
Epoch: 43/100 Train accuracy: 7.319367e-01 Validation accuracy: 7.346667e-01 Loss 1.055109e-02 Time taken: 0:00:49.741739
Epoch: 44/100 Train accuracy: 7.290865e-01 Validation accuracy: 7.320000e-01 Loss 1.054937e-02 Time taken: 0:00:49.586829
Epoch: 45/100 Train accuracy: 7.330056e-01 Validation accuracy: 7.343333e-01 Loss 1.054334e-02 Time taken: 0:00:49.349412
Epoch: 46/100 Train accuracy: 7.320080e-01 Validation accuracy: 7.333333e-01 Loss 1.053116e-02 Time taken: 0:00:49.851177
Epoch: 47/100 Train accuracy: 7.330768e-01 Validation accuracy: 7.336667e-01 Loss 1.052088e-02 Time taken: 0:00:49.116274
Epoch: 48/100 Train accuracy: 7.326493e-01 Validation accuracy: 7.353333e-01 Loss 1.051889e-02 Time taken: 0:00:49.344601
Epoch: 49/100 Train accuracy: 7.329343e-01 Validation accuracy: 7.366667e-01 Loss 1.051492e-02 Time taken: 0:00:49.492961
Epoch: 50/100 Train accuracy: 7.353570e-01 Validation accuracy: 7.380000e-01 Loss 1.049904e-02 Time taken: 0:00:50.008150
Epoch: 51/100 Train accuracy: 7.338606e-01 Validation accuracy: 7.390000e-01 Loss 1.049924e-02 Time taken: 0:00:49.434725
Epoch: 52/100 Train accuracy: 7.346444e-01 Validation accuracy: 7.386667e-01 Loss 1.048823e-02 Time taken: 0:00:49.171102
Epoch: 53/100 Train accuracy: 7.337181e-01 Validation accuracy: 7.373333e-01 Loss 1.048515e-02 Time taken: 0:00:49.195839
Epoch: 54/100 Train accuracy: 7.390623e-01 Validation accuracy: 7.376667e-01 Loss 1.047502e-02 Time taken: 0:00:49.300218
Epoch: 55/100 Train accuracy: 7.350720e-01 Validation accuracy: 7.396667e-01 Loss 1.046813e-02 Time taken: 0:00:50.025956
Epoch: 56/100 Train accuracy: 7.351432e-01 Validation accuracy: 7.406667e-01 Loss 1.046412e-02 Time taken: 0:00:49.019252
Epoch: 57/100 Train accuracy: 7.396323e-01 Validation accuracy: 7.396667e-01 Loss 1.044810e-02 Time taken: 0:00:49.485158
Epoch: 58/100 Train accuracy: 7.377797e-01 Validation accuracy: 7.413333e-01 Loss 1.045120e-02 Time taken: 0:00:49.527320
Epoch: 59/100 Train accuracy: 7.362833e-01 Validation accuracy: 7.443333e-01 Loss 1.045656e-02 Time taken: 0:00:49.240028
Epoch: 60/100 Train accuracy: 7.385635e-01 Validation accuracy: 7.426667e-01 Loss 1.043591e-02 Time taken: 0:00:49.333183
Epoch: 61/100 Train accuracy: 7.430526e-01 Validation accuracy: 7.430000e-01 Loss 1.042170e-02 Time taken: 0:00:49.315773
Epoch: 62/100 Train accuracy: 7.412712e-01 Validation accuracy: 7.443333e-01 Loss 1.041958e-02 Time taken: 0:00:49.795207
Epoch: 63/100 Train accuracy: 7.422688e-01 Validation accuracy: 7.436667e-01 Loss 1.042533e-02 Time taken: 0:00:49.478681
Epoch: 64/100 Train accuracy: 7.404874e-01 Validation accuracy: 7.443333e-01 Loss 1.041633e-02 Time taken: 0:00:49.627119
Epoch: 65/100 Train accuracy: 7.429813e-01 Validation accuracy: 7.463333e-01 Loss 1.040291e-02 Time taken: 0:00:49.476948
Epoch: 66/100 Train accuracy: 7.450477e-01 Validation accuracy: 7.450000e-01 Loss 1.039587e-02 Time taken: 0:00:49.521457
Epoch: 67/100 Train accuracy: 7.424825e-01 Validation accuracy: 7.456667e-01 Loss 1.039412e-02 Time taken: 0:00:49.495480
Epoch: 68/100 Train accuracy: 7.426251e-01 Validation accuracy: 7.460000e-01 Loss 1.040538e-02 Time taken: 0:00:49.235618
Epoch: 69/100 Train accuracy: 7.434801e-01 Validation accuracy: 7.446667e-01 Loss 1.038374e-02 Time taken: 0:00:49.865119
Epoch: 70/100 Train accuracy: 7.460453e-01 Validation accuracy: 7.476667e-01 Loss 1.037841e-02 Time taken: 0:00:48.894899
Epoch: 71/100 Train accuracy: 7.447627e-01 Validation accuracy: 7.453333e-01 Loss 1.037052e-02 Time taken: 0:00:49.970580
Epoch: 72/100 Train accuracy: 7.437651e-01 Validation accuracy: 7.483333e-01 Loss 1.037502e-02 Time taken: 0:00:49.485746
Epoch: 73/100 Train accuracy: 7.449765e-01 Validation accuracy: 7.466667e-01 Loss 1.037069e-02 Time taken: 0:00:49.926502
Epoch: 74/100 Train accuracy: 7.438364e-01 Validation accuracy: 7.476667e-01 Loss 1.037142e-02 Time taken: 0:00:49.549914
Epoch: 75/100 Train accuracy: 7.471854e-01 Validation accuracy: 7.480000e-01 Loss 1.036343e-02 Time taken: 0:00:49.608015
Epoch: 76/100 Train accuracy: 7.424113e-01 Validation accuracy: 7.466667e-01 Loss 1.036763e-02 Time taken: 0:00:49.315894
Epoch: 77/100 Train accuracy: 7.411287e-01 Validation accuracy: 7.460000e-01 Loss 1.036483e-02 Time taken: 0:00:49.653682
Epoch: 78/100 Train accuracy: 7.456178e-01 Validation accuracy: 7.496667e-01 Loss 1.035121e-02 Time taken: 0:00:49.349023
Epoch: 79/100 Train accuracy: 7.491093e-01 Validation accuracy: 7.493333e-01 Loss 1.034580e-02 Time taken: 0:00:49.306964
Epoch: 80/100 Train accuracy: 7.457603e-01 Validation accuracy: 7.486667e-01 Loss 1.034781e-02 Time taken: 0:00:50.111646
Epoch: 81/100 Train accuracy: 7.471854e-01 Validation accuracy: 7.490000e-01 Loss 1.033268e-02 Time taken: 0:00:49.622670
Epoch: 82/100 Train accuracy: 7.464016e-01 Validation accuracy: 7.493333e-01 Loss 1.033640e-02 Time taken: 0:00:49.187558
Epoch: 83/100 Train accuracy: 7.491093e-01 Validation accuracy: 7.493333e-01 Loss 1.033190e-02 Time taken: 0:00:49.181439
Epoch: 84/100 Train accuracy: 7.468291e-01 Validation accuracy: 7.510000e-01 Loss 1.033224e-02 Time taken: 0:00:46.991413
Epoch: 85/100 Train accuracy: 7.476842e-01 Validation accuracy: 7.516667e-01 Loss 1.031744e-02 Time taken: 0:00:45.875111
Epoch: 86/100 Train accuracy: 7.516032e-01 Validation accuracy: 7.500000e-01 Loss 1.031633e-02 Time taken: 0:00:45.888944
Epoch: 87/100 Train accuracy: 7.503206e-01 Validation accuracy: 7.493333e-01 Loss 1.031096e-02 Time taken: 0:00:45.904673
Epoch: 88/100 Train accuracy: 7.483255e-01 Validation accuracy: 7.513333e-01 Loss 1.032282e-02 Time taken: 0:00:45.900248
Epoch: 89/100 Train accuracy: 7.483255e-01 Validation accuracy: 7.513333e-01 Loss 1.031412e-02 Time taken: 0:00:45.673490
Epoch: 90/100 Train accuracy: 7.496794e-01 Validation accuracy: 7.546667e-01 Loss 1.031179e-02 Time taken: 0:00:45.925318
Epoch: 91/100 Train accuracy: 7.490381e-01 Validation accuracy: 7.516667e-01 Loss 1.030888e-02 Time taken: 0:00:45.616754
Epoch: 92/100 Train accuracy: 7.486818e-01 Validation accuracy: 7.493333e-01 Loss 1.030968e-02 Time taken: 0:00:45.657389
Epoch: 93/100 Train accuracy: 7.496794e-01 Validation accuracy: 7.526667e-01 Loss 1.029983e-02 Time taken: 0:00:45.743303
Epoch: 94/100 Train accuracy: 7.527433e-01 Validation accuracy: 7.533333e-01 Loss 1.030068e-02 Time taken: 0:00:45.872371
Epoch: 95/100 Train accuracy: 7.523871e-01 Validation accuracy: 7.516667e-01 Loss 1.028620e-02 Time taken: 0:00:45.595985
Epoch: 96/100 Train accuracy: 7.534559e-01 Validation accuracy: 7.520000e-01 Loss 1.028185e-02 Time taken: 0:00:45.572830
Epoch: 97/100 Train accuracy: 7.523158e-01 Validation accuracy: 7.536667e-01 Loss 1.028798e-02 Time taken: 0:00:45.556231
Epoch: 98/100 Train accuracy: 7.509619e-01 Validation accuracy: 7.543333e-01 Loss 1.028785e-02 Time taken: 0:00:45.567847
Epoch: 99/100 Train accuracy: 7.494656e-01 Validation accuracy: 7.520000e-01 Loss 1.029102e-02 Time taken: 0:00:45.745426
Epoch: 100/100 Train accuracy: 7.510332e-01 Validation accuracy: 7.543333e-01 Loss 1.028203e-02 Time taken: 0:00:45.777859
Total time taken 1:25:36.080830
Done
