nohup: ignoring input
INFO:root:VisionTransformer(
  (patch_embed): PatchEmbed(
    (proj): Conv2d(3, 768, kernel_size=(15, 15), stride=(15, 15))
  )
  (blocks): ModuleList(
    (0-11): 12 x Block(
      (norm1): LayerNorm((768,), eps=1e-06, elementwise_affine=True)
      (attn): Attention(
        (qkv): Linear(in_features=768, out_features=2304, bias=True)
        (attn_drop): Dropout(p=0.0, inplace=False)
        (proj): Linear(in_features=768, out_features=768, bias=True)
        (proj_drop): Dropout(p=0.0, inplace=False)
      )
      (drop_path): Identity()
      (norm2): LayerNorm((768,), eps=1e-06, elementwise_affine=True)
      (mlp): MLP(
        (fc1): Linear(in_features=768, out_features=3072, bias=True)
        (act): GELU(approximate='none')
        (fc2): Linear(in_features=3072, out_features=768, bias=True)
        (drop): Dropout(p=0.0, inplace=False)
      )
    )
  )
  (norm): LayerNorm((768,), eps=1e-06, elementwise_affine=True)
)
Epoch: 1/100 Train accuracy: 2.935015e-01 Validation accuracy: 4.756667e-01 Loss 1.377414e-02 Time taken: 0:00:45.897103
Epoch: 2/100 Train accuracy: 4.689326e-01 Validation accuracy: 5.353333e-01 Loss 1.314497e-02 Time taken: 0:00:46.315098
Epoch: 3/100 Train accuracy: 5.667664e-01 Validation accuracy: 6.643333e-01 Loss 1.262083e-02 Time taken: 0:00:46.541121
Epoch: 4/100 Train accuracy: 6.365968e-01 Validation accuracy: 6.773333e-01 Loss 1.223215e-02 Time taken: 0:00:46.538422
Epoch: 5/100 Train accuracy: 6.628189e-01 Validation accuracy: 6.896667e-01 Loss 1.194458e-02 Time taken: 0:00:46.541237
Epoch: 6/100 Train accuracy: 6.779963e-01 Validation accuracy: 6.933333e-01 Loss 1.170956e-02 Time taken: 0:00:46.636422
Epoch: 7/100 Train accuracy: 6.896109e-01 Validation accuracy: 7.010000e-01 Loss 1.154751e-02 Time taken: 0:00:46.531948
Epoch: 8/100 Train accuracy: 6.931737e-01 Validation accuracy: 7.033333e-01 Loss 1.141459e-02 Time taken: 0:00:46.671464
Epoch: 9/100 Train accuracy: 7.015819e-01 Validation accuracy: 7.066667e-01 Loss 1.129398e-02 Time taken: 0:00:46.583552
Epoch: 10/100 Train accuracy: 7.050021e-01 Validation accuracy: 7.100000e-01 Loss 1.119927e-02 Time taken: 0:00:46.445179
Epoch: 11/100 Train accuracy: 7.097050e-01 Validation accuracy: 7.143333e-01 Loss 1.111673e-02 Time taken: 0:00:46.625874
Epoch: 12/100 Train accuracy: 7.124840e-01 Validation accuracy: 7.173333e-01 Loss 1.105722e-02 Time taken: 0:00:46.468406
Epoch: 13/100 Train accuracy: 7.121277e-01 Validation accuracy: 7.216667e-01 Loss 1.101048e-02 Time taken: 0:00:46.346545
Epoch: 14/100 Train accuracy: 7.169018e-01 Validation accuracy: 7.220000e-01 Loss 1.094318e-02 Time taken: 0:00:46.374688
Epoch: 15/100 Train accuracy: 7.170443e-01 Validation accuracy: 7.240000e-01 Loss 1.089869e-02 Time taken: 0:00:46.560961
Epoch: 16/100 Train accuracy: 7.198233e-01 Validation accuracy: 7.266667e-01 Loss 1.085305e-02 Time taken: 0:00:46.688328
Epoch: 17/100 Train accuracy: 7.240274e-01 Validation accuracy: 7.290000e-01 Loss 1.081451e-02 Time taken: 0:00:46.760580
Epoch: 18/100 Train accuracy: 7.268776e-01 Validation accuracy: 7.280000e-01 Loss 1.078093e-02 Time taken: 0:00:46.531137
Epoch: 19/100 Train accuracy: 7.245974e-01 Validation accuracy: 7.306667e-01 Loss 1.075301e-02 Time taken: 0:00:46.542875
Epoch: 20/100 Train accuracy: 7.290152e-01 Validation accuracy: 7.350000e-01 Loss 1.072608e-02 Time taken: 0:00:46.488720
Epoch: 21/100 Train accuracy: 7.278752e-01 Validation accuracy: 7.390000e-01 Loss 1.069794e-02 Time taken: 0:00:46.536398
Epoch: 22/100 Train accuracy: 7.306541e-01 Validation accuracy: 7.346667e-01 Loss 1.067582e-02 Time taken: 0:00:46.401299
Epoch: 23/100 Train accuracy: 7.334331e-01 Validation accuracy: 7.383333e-01 Loss 1.065435e-02 Time taken: 0:00:46.443479
Epoch: 24/100 Train accuracy: 7.328630e-01 Validation accuracy: 7.380000e-01 Loss 1.063164e-02 Time taken: 0:00:46.524607
Epoch: 25/100 Train accuracy: 7.341456e-01 Validation accuracy: 7.376667e-01 Loss 1.061476e-02 Time taken: 0:00:46.684912
Epoch: 26/100 Train accuracy: 7.339319e-01 Validation accuracy: 7.400000e-01 Loss 1.058310e-02 Time taken: 0:00:46.672137
Epoch: 27/100 Train accuracy: 7.340031e-01 Validation accuracy: 7.393333e-01 Loss 1.058083e-02 Time taken: 0:00:46.627853
Epoch: 28/100 Train accuracy: 7.364971e-01 Validation accuracy: 7.410000e-01 Loss 1.055949e-02 Time taken: 0:00:46.536804
Epoch: 29/100 Train accuracy: 7.355708e-01 Validation accuracy: 7.433333e-01 Loss 1.054963e-02 Time taken: 0:00:46.545838
Epoch: 30/100 Train accuracy: 7.387773e-01 Validation accuracy: 7.416667e-01 Loss 1.052316e-02 Time taken: 0:00:46.522852
Epoch: 31/100 Train accuracy: 7.385635e-01 Validation accuracy: 7.460000e-01 Loss 1.051609e-02 Time taken: 0:00:46.857627
Epoch: 32/100 Train accuracy: 7.429813e-01 Validation accuracy: 7.446667e-01 Loss 1.050158e-02 Time taken: 0:00:46.685900
Epoch: 33/100 Train accuracy: 7.402024e-01 Validation accuracy: 7.460000e-01 Loss 1.048685e-02 Time taken: 0:00:46.574924
Epoch: 34/100 Train accuracy: 7.419125e-01 Validation accuracy: 7.480000e-01 Loss 1.047381e-02 Time taken: 0:00:46.971769
Epoch: 35/100 Train accuracy: 7.419838e-01 Validation accuracy: 7.463333e-01 Loss 1.045993e-02 Time taken: 0:00:46.501397
Epoch: 36/100 Train accuracy: 7.429101e-01 Validation accuracy: 7.480000e-01 Loss 1.044862e-02 Time taken: 0:00:46.586441
Epoch: 37/100 Train accuracy: 7.436226e-01 Validation accuracy: 7.473333e-01 Loss 1.043654e-02 Time taken: 0:00:46.780267
Epoch: 38/100 Train accuracy: 7.430526e-01 Validation accuracy: 7.480000e-01 Loss 1.043215e-02 Time taken: 0:00:46.618910
Epoch: 39/100 Train accuracy: 7.450477e-01 Validation accuracy: 7.490000e-01 Loss 1.041728e-02 Time taken: 0:00:46.872476
Epoch: 40/100 Train accuracy: 7.473279e-01 Validation accuracy: 7.473333e-01 Loss 1.040934e-02 Time taken: 0:00:46.574077
Epoch: 41/100 Train accuracy: 7.431238e-01 Validation accuracy: 7.500000e-01 Loss 1.040796e-02 Time taken: 0:00:46.564221
Epoch: 42/100 Train accuracy: 7.453328e-01 Validation accuracy: 7.493333e-01 Loss 1.039087e-02 Time taken: 0:00:46.544709
Epoch: 43/100 Train accuracy: 7.467579e-01 Validation accuracy: 7.520000e-01 Loss 1.039511e-02 Time taken: 0:00:47.530394
Epoch: 44/100 Train accuracy: 7.453328e-01 Validation accuracy: 7.510000e-01 Loss 1.038041e-02 Time taken: 0:00:46.978842
Epoch: 45/100 Train accuracy: 7.441927e-01 Validation accuracy: 7.523333e-01 Loss 1.038171e-02 Time taken: 0:00:48.269821
Epoch: 46/100 Train accuracy: 7.488955e-01 Validation accuracy: 7.536667e-01 Loss 1.036415e-02 Time taken: 0:00:47.702919
Epoch: 47/100 Train accuracy: 7.483255e-01 Validation accuracy: 7.546667e-01 Loss 1.035756e-02 Time taken: 0:00:47.329914
Epoch: 48/100 Train accuracy: 7.483968e-01 Validation accuracy: 7.533333e-01 Loss 1.035495e-02 Time taken: 0:00:47.595864
Epoch: 49/100 Train accuracy: 7.487530e-01 Validation accuracy: 7.540000e-01 Loss 1.034227e-02 Time taken: 0:00:48.029655
Epoch: 50/100 Train accuracy: 7.486818e-01 Validation accuracy: 7.556667e-01 Loss 1.034716e-02 Time taken: 0:00:48.317141
Epoch: 51/100 Train accuracy: 7.483255e-01 Validation accuracy: 7.553333e-01 Loss 1.033773e-02 Time taken: 0:00:47.506642
Epoch: 52/100 Train accuracy: 7.493943e-01 Validation accuracy: 7.563333e-01 Loss 1.033764e-02 Time taken: 0:00:47.739888
Epoch: 53/100 Train accuracy: 7.483255e-01 Validation accuracy: 7.560000e-01 Loss 1.032551e-02 Time taken: 0:00:47.149216
Epoch: 54/100 Train accuracy: 7.521020e-01 Validation accuracy: 7.566667e-01 Loss 1.032107e-02 Time taken: 0:00:47.642289
Epoch: 55/100 Train accuracy: 7.521733e-01 Validation accuracy: 7.583333e-01 Loss 1.031673e-02 Time taken: 0:00:48.423088
Epoch: 56/100 Train accuracy: 7.538122e-01 Validation accuracy: 7.566667e-01 Loss 1.029415e-02 Time taken: 0:00:47.810978
Epoch: 57/100 Train accuracy: 7.533134e-01 Validation accuracy: 7.580000e-01 Loss 1.029906e-02 Time taken: 0:00:47.207551
Epoch: 58/100 Train accuracy: 7.494656e-01 Validation accuracy: 7.570000e-01 Loss 1.029393e-02 Time taken: 0:00:48.026077
Epoch: 59/100 Train accuracy: 7.509619e-01 Validation accuracy: 7.586667e-01 Loss 1.028927e-02 Time taken: 0:00:47.735175
Epoch: 60/100 Train accuracy: 7.563061e-01 Validation accuracy: 7.566667e-01 Loss 1.028141e-02 Time taken: 0:00:47.089733
Epoch: 61/100 Train accuracy: 7.571612e-01 Validation accuracy: 7.593333e-01 Loss 1.026638e-02 Time taken: 0:00:47.546301
Epoch: 62/100 Train accuracy: 7.542397e-01 Validation accuracy: 7.580000e-01 Loss 1.026943e-02 Time taken: 0:00:49.472223
Epoch: 63/100 Train accuracy: 7.552373e-01 Validation accuracy: 7.606667e-01 Loss 1.026682e-02 Time taken: 0:00:47.954983
Epoch: 64/100 Train accuracy: 7.560211e-01 Validation accuracy: 7.590000e-01 Loss 1.025966e-02 Time taken: 0:00:47.221649
Epoch: 65/100 Train accuracy: 7.562349e-01 Validation accuracy: 7.616667e-01 Loss 1.025694e-02 Time taken: 0:00:47.369750
Epoch: 66/100 Train accuracy: 7.532421e-01 Validation accuracy: 7.610000e-01 Loss 1.025871e-02 Time taken: 0:00:48.328219
Epoch: 67/100 Train accuracy: 7.571612e-01 Validation accuracy: 7.616667e-01 Loss 1.024913e-02 Time taken: 0:00:47.948369
Epoch: 68/100 Train accuracy: 7.560211e-01 Validation accuracy: 7.620000e-01 Loss 1.024274e-02 Time taken: 0:00:47.475971
Epoch: 69/100 Train accuracy: 7.550948e-01 Validation accuracy: 7.610000e-01 Loss 1.024584e-02 Time taken: 0:00:47.195206
Epoch: 70/100 Train accuracy: 7.579450e-01 Validation accuracy: 7.630000e-01 Loss 1.023956e-02 Time taken: 0:00:47.580354
Epoch: 71/100 Train accuracy: 7.584438e-01 Validation accuracy: 7.630000e-01 Loss 1.023313e-02 Time taken: 0:00:47.343818
Epoch: 72/100 Train accuracy: 7.577312e-01 Validation accuracy: 7.630000e-01 Loss 1.023512e-02 Time taken: 0:00:47.650600
Epoch: 73/100 Train accuracy: 7.555936e-01 Validation accuracy: 7.633333e-01 Loss 1.024156e-02 Time taken: 0:00:47.489370
Epoch: 74/100 Train accuracy: 7.588001e-01 Validation accuracy: 7.633333e-01 Loss 1.022028e-02 Time taken: 0:00:47.884807
Epoch: 75/100 Train accuracy: 7.604389e-01 Validation accuracy: 7.643333e-01 Loss 1.021791e-02 Time taken: 0:00:48.468496
Epoch: 76/100 Train accuracy: 7.570899e-01 Validation accuracy: 7.640000e-01 Loss 1.022473e-02 Time taken: 0:00:48.169614
Epoch: 77/100 Train accuracy: 7.582300e-01 Validation accuracy: 7.646667e-01 Loss 1.021839e-02 Time taken: 0:00:47.102833
Epoch: 78/100 Train accuracy: 7.598689e-01 Validation accuracy: 7.633333e-01 Loss 1.021652e-02 Time taken: 0:00:48.181272
Epoch: 79/100 Train accuracy: 7.588713e-01 Validation accuracy: 7.663333e-01 Loss 1.021219e-02 Time taken: 0:00:47.906151
Epoch: 80/100 Train accuracy: 7.630041e-01 Validation accuracy: 7.640000e-01 Loss 1.019898e-02 Time taken: 0:00:47.387037
Epoch: 81/100 Train accuracy: 7.641442e-01 Validation accuracy: 7.640000e-01 Loss 1.019437e-02 Time taken: 0:00:48.267973
Epoch: 82/100 Train accuracy: 7.617215e-01 Validation accuracy: 7.636667e-01 Loss 1.019616e-02 Time taken: 0:00:47.190985
Epoch: 83/100 Train accuracy: 7.611515e-01 Validation accuracy: 7.646667e-01 Loss 1.019575e-02 Time taken: 0:00:48.272124
Epoch: 84/100 Train accuracy: 7.625053e-01 Validation accuracy: 7.660000e-01 Loss 1.019246e-02 Time taken: 0:00:47.692034
Epoch: 85/100 Train accuracy: 7.637879e-01 Validation accuracy: 7.636667e-01 Loss 1.018599e-02 Time taken: 0:00:47.225284
Epoch: 86/100 Train accuracy: 7.626479e-01 Validation accuracy: 7.653333e-01 Loss 1.017790e-02 Time taken: 0:00:47.329200
Epoch: 87/100 Train accuracy: 7.588713e-01 Validation accuracy: 7.650000e-01 Loss 1.019616e-02 Time taken: 0:00:47.796432
Epoch: 88/100 Train accuracy: 7.607952e-01 Validation accuracy: 7.676667e-01 Loss 1.018425e-02 Time taken: 0:00:47.542067
Epoch: 89/100 Train accuracy: 7.658544e-01 Validation accuracy: 7.660000e-01 Loss 1.017913e-02 Time taken: 0:00:48.091224
Epoch: 90/100 Train accuracy: 7.613653e-01 Validation accuracy: 7.653333e-01 Loss 1.018013e-02 Time taken: 0:00:47.247548
Epoch: 91/100 Train accuracy: 7.622916e-01 Validation accuracy: 7.673333e-01 Loss 1.016803e-02 Time taken: 0:00:47.248592
Epoch: 92/100 Train accuracy: 7.645005e-01 Validation accuracy: 7.656667e-01 Loss 1.017488e-02 Time taken: 0:00:47.438844
Epoch: 93/100 Train accuracy: 7.616503e-01 Validation accuracy: 7.660000e-01 Loss 1.017266e-02 Time taken: 0:00:48.075217
Epoch: 94/100 Train accuracy: 7.647143e-01 Validation accuracy: 7.676667e-01 Loss 1.016661e-02 Time taken: 0:00:47.425988
Epoch: 95/100 Train accuracy: 7.653556e-01 Validation accuracy: 7.683333e-01 Loss 1.015706e-02 Time taken: 0:00:47.630004
Epoch: 96/100 Train accuracy: 7.653556e-01 Validation accuracy: 7.656667e-01 Loss 1.016634e-02 Time taken: 0:00:47.448138
Epoch: 97/100 Train accuracy: 7.654981e-01 Validation accuracy: 7.676667e-01 Loss 1.016012e-02 Time taken: 0:00:47.620407
Epoch: 98/100 Train accuracy: 7.638592e-01 Validation accuracy: 7.656667e-01 Loss 1.015045e-02 Time taken: 0:00:48.289551
Epoch: 99/100 Train accuracy: 7.668519e-01 Validation accuracy: 7.666667e-01 Loss 1.015230e-02 Time taken: 0:00:47.224081
Epoch: 100/100 Train accuracy: 7.651418e-01 Validation accuracy: 7.663333e-01 Loss 1.014635e-02 Time taken: 0:00:47.206603
Total time taken 1:22:33.305307
Done
