nohup: ignoring input
Files already downloaded and verified
Files already downloaded and verified
INFO:root:VisionTransformer(
  (patch_embed): PatchEmbed(
    (proj): Conv2d(3, 768, kernel_size=(15, 15), stride=(15, 15))
  )
  (blocks): ModuleList(
    (0-11): 12 x Block(
      (norm1): LayerNorm((768,), eps=1e-06, elementwise_affine=True)
      (attn): Attention(
        (qkv): Linear(in_features=768, out_features=2304, bias=True)
        (attn_drop): Dropout(p=0.0, inplace=False)
        (proj): Linear(in_features=768, out_features=768, bias=True)
        (proj_drop): Dropout(p=0.0, inplace=False)
      )
      (drop_path): Identity()
      (norm2): LayerNorm((768,), eps=1e-06, elementwise_affine=True)
      (mlp): MLP(
        (fc1): Linear(in_features=768, out_features=3072, bias=True)
        (act): GELU(approximate='none')
        (fc2): Linear(in_features=3072, out_features=768, bias=True)
        (drop): Dropout(p=0.0, inplace=False)
      )
    )
  )
  (norm): LayerNorm((768,), eps=1e-06, elementwise_affine=True)
)
Epoch: 1/100 Train accuracy: 2.111000e-01 Validation accuracy: 2.696000e-01 Loss 1.773794e-02 Time taken: 0:01:51.751126
Epoch: 2/100 Train accuracy: 2.871600e-01 Validation accuracy: 3.182000e-01 Loss 1.732833e-02 Time taken: 0:01:54.315572
Epoch: 3/100 Train accuracy: 3.121800e-01 Validation accuracy: 3.281000e-01 Loss 1.710797e-02 Time taken: 0:01:54.808813
Epoch: 4/100 Train accuracy: 3.258200e-01 Validation accuracy: 3.425000e-01 Loss 1.696110e-02 Time taken: 0:01:54.858738
Epoch: 5/100 Train accuracy: 3.462400e-01 Validation accuracy: 3.738000e-01 Loss 1.684318e-02 Time taken: 0:01:54.913583
Epoch: 6/100 Train accuracy: 3.628200e-01 Validation accuracy: 3.794000e-01 Loss 1.674514e-02 Time taken: 0:01:54.918954
Epoch: 7/100 Train accuracy: 3.703800e-01 Validation accuracy: 3.878000e-01 Loss 1.667068e-02 Time taken: 0:01:55.024681
Epoch: 8/100 Train accuracy: 3.770400e-01 Validation accuracy: 3.930000e-01 Loss 1.660518e-02 Time taken: 0:01:55.034395
Epoch: 9/100 Train accuracy: 3.827800e-01 Validation accuracy: 3.948000e-01 Loss 1.655100e-02 Time taken: 0:01:55.046802
Epoch: 10/100 Train accuracy: 3.848000e-01 Validation accuracy: 3.978000e-01 Loss 1.650871e-02 Time taken: 0:01:55.095864
Epoch: 11/100 Train accuracy: 3.897800e-01 Validation accuracy: 4.029000e-01 Loss 1.646315e-02 Time taken: 0:01:55.115518
Epoch: 12/100 Train accuracy: 3.935800e-01 Validation accuracy: 4.034000e-01 Loss 1.642967e-02 Time taken: 0:01:55.081303
Epoch: 13/100 Train accuracy: 3.964000e-01 Validation accuracy: 4.056000e-01 Loss 1.639725e-02 Time taken: 0:01:55.081494
Epoch: 14/100 Train accuracy: 3.964400e-01 Validation accuracy: 4.153000e-01 Loss 1.637349e-02 Time taken: 0:01:55.058535
Epoch: 15/100 Train accuracy: 4.101000e-01 Validation accuracy: 4.175000e-01 Loss 1.632079e-02 Time taken: 0:01:55.117110
Epoch: 16/100 Train accuracy: 4.155600e-01 Validation accuracy: 4.247000e-01 Loss 1.628151e-02 Time taken: 0:01:55.190727
Epoch: 17/100 Train accuracy: 4.190800e-01 Validation accuracy: 4.265000e-01 Loss 1.625382e-02 Time taken: 0:01:55.142956
Epoch: 18/100 Train accuracy: 4.211000e-01 Validation accuracy: 4.287000e-01 Loss 1.622348e-02 Time taken: 0:01:55.150639
Epoch: 19/100 Train accuracy: 4.237600e-01 Validation accuracy: 4.321000e-01 Loss 1.619880e-02 Time taken: 0:01:55.120432
Epoch: 20/100 Train accuracy: 4.281400e-01 Validation accuracy: 4.325000e-01 Loss 1.616869e-02 Time taken: 0:01:55.117456
Epoch: 21/100 Train accuracy: 4.262400e-01 Validation accuracy: 4.354000e-01 Loss 1.615784e-02 Time taken: 0:01:55.055058
Epoch: 22/100 Train accuracy: 4.296800e-01 Validation accuracy: 4.387000e-01 Loss 1.613183e-02 Time taken: 0:01:55.177993
Epoch: 23/100 Train accuracy: 4.323200e-01 Validation accuracy: 4.380000e-01 Loss 1.611382e-02 Time taken: 0:01:55.056637
Epoch: 24/100 Train accuracy: 4.337400e-01 Validation accuracy: 4.404000e-01 Loss 1.609420e-02 Time taken: 0:01:55.099372
Epoch: 25/100 Train accuracy: 4.333800e-01 Validation accuracy: 4.414000e-01 Loss 1.608297e-02 Time taken: 0:01:55.040274
Epoch: 26/100 Train accuracy: 4.373400e-01 Validation accuracy: 4.417000e-01 Loss 1.606247e-02 Time taken: 0:01:55.035491
Epoch: 27/100 Train accuracy: 4.368200e-01 Validation accuracy: 4.443000e-01 Loss 1.604988e-02 Time taken: 0:01:55.055412
Epoch: 28/100 Train accuracy: 4.389400e-01 Validation accuracy: 4.440000e-01 Loss 1.603597e-02 Time taken: 0:01:55.116726
Epoch: 29/100 Train accuracy: 4.400000e-01 Validation accuracy: 4.489000e-01 Loss 1.602369e-02 Time taken: 0:01:55.150138
Epoch: 30/100 Train accuracy: 4.421200e-01 Validation accuracy: 4.462000e-01 Loss 1.600603e-02 Time taken: 0:01:55.125276
Epoch: 31/100 Train accuracy: 4.433800e-01 Validation accuracy: 4.477000e-01 Loss 1.599776e-02 Time taken: 0:01:55.237104
Epoch: 32/100 Train accuracy: 4.427200e-01 Validation accuracy: 4.501000e-01 Loss 1.598860e-02 Time taken: 0:01:55.199681
Epoch: 33/100 Train accuracy: 4.432400e-01 Validation accuracy: 4.500000e-01 Loss 1.597837e-02 Time taken: 0:01:55.175175
Epoch: 34/100 Train accuracy: 4.471200e-01 Validation accuracy: 4.517000e-01 Loss 1.596182e-02 Time taken: 0:01:55.252912
Epoch: 35/100 Train accuracy: 4.462800e-01 Validation accuracy: 4.519000e-01 Loss 1.596105e-02 Time taken: 0:01:55.355153
Epoch: 36/100 Train accuracy: 4.459000e-01 Validation accuracy: 4.525000e-01 Loss 1.595096e-02 Time taken: 0:01:55.368004
Epoch: 37/100 Train accuracy: 4.487400e-01 Validation accuracy: 4.523000e-01 Loss 1.593604e-02 Time taken: 0:01:55.375346
Epoch: 38/100 Train accuracy: 4.473400e-01 Validation accuracy: 4.549000e-01 Loss 1.593153e-02 Time taken: 0:01:55.406629
Epoch: 39/100 Train accuracy: 4.484000e-01 Validation accuracy: 4.574000e-01 Loss 1.592179e-02 Time taken: 0:01:55.480909
Epoch: 40/100 Train accuracy: 4.505200e-01 Validation accuracy: 4.570000e-01 Loss 1.591404e-02 Time taken: 0:01:55.282102
Epoch: 41/100 Train accuracy: 4.495200e-01 Validation accuracy: 4.583000e-01 Loss 1.590729e-02 Time taken: 0:01:55.382102
Epoch: 42/100 Train accuracy: 4.508200e-01 Validation accuracy: 4.575000e-01 Loss 1.590293e-02 Time taken: 0:01:55.219802
Epoch: 43/100 Train accuracy: 4.515600e-01 Validation accuracy: 4.576000e-01 Loss 1.589574e-02 Time taken: 0:01:55.216792
Epoch: 44/100 Train accuracy: 4.531000e-01 Validation accuracy: 4.600000e-01 Loss 1.588759e-02 Time taken: 0:01:55.195877
Epoch: 45/100 Train accuracy: 4.535200e-01 Validation accuracy: 4.607000e-01 Loss 1.587047e-02 Time taken: 0:01:55.193181
Epoch: 46/100 Train accuracy: 4.568000e-01 Validation accuracy: 4.578000e-01 Loss 1.586511e-02 Time taken: 0:01:55.323883
Epoch: 47/100 Train accuracy: 4.552800e-01 Validation accuracy: 4.606000e-01 Loss 1.586297e-02 Time taken: 0:01:55.226635
Epoch: 48/100 Train accuracy: 4.548400e-01 Validation accuracy: 4.627000e-01 Loss 1.586123e-02 Time taken: 0:01:55.131622
Epoch: 49/100 Train accuracy: 4.569200e-01 Validation accuracy: 4.637000e-01 Loss 1.584979e-02 Time taken: 0:01:55.127016
Epoch: 50/100 Train accuracy: 4.561400e-01 Validation accuracy: 4.621000e-01 Loss 1.584527e-02 Time taken: 0:01:55.194885
Epoch: 51/100 Train accuracy: 4.579800e-01 Validation accuracy: 4.650000e-01 Loss 1.583867e-02 Time taken: 0:01:55.296790
Epoch: 52/100 Train accuracy: 4.580400e-01 Validation accuracy: 4.659000e-01 Loss 1.583592e-02 Time taken: 0:01:55.263703
Epoch: 53/100 Train accuracy: 4.566400e-01 Validation accuracy: 4.657000e-01 Loss 1.583507e-02 Time taken: 0:01:55.253938
Epoch: 54/100 Train accuracy: 4.591200e-01 Validation accuracy: 4.653000e-01 Loss 1.582324e-02 Time taken: 0:01:55.289552
Epoch: 55/100 Train accuracy: 4.586800e-01 Validation accuracy: 4.657000e-01 Loss 1.582160e-02 Time taken: 0:01:55.363220
Epoch: 56/100 Train accuracy: 4.600600e-01 Validation accuracy: 4.657000e-01 Loss 1.580760e-02 Time taken: 0:01:55.529844
Epoch: 57/100 Train accuracy: 4.596600e-01 Validation accuracy: 4.669000e-01 Loss 1.581113e-02 Time taken: 0:01:55.438454
Epoch: 58/100 Train accuracy: 4.594600e-01 Validation accuracy: 4.668000e-01 Loss 1.580565e-02 Time taken: 0:01:55.289727
Epoch: 59/100 Train accuracy: 4.590200e-01 Validation accuracy: 4.668000e-01 Loss 1.580138e-02 Time taken: 0:01:55.253307
Epoch: 60/100 Train accuracy: 4.611800e-01 Validation accuracy: 4.681000e-01 Loss 1.579080e-02 Time taken: 0:01:55.290908
Epoch: 61/100 Train accuracy: 4.610200e-01 Validation accuracy: 4.662000e-01 Loss 1.579414e-02 Time taken: 0:01:55.334162
Epoch: 62/100 Train accuracy: 4.619800e-01 Validation accuracy: 4.696000e-01 Loss 1.578921e-02 Time taken: 0:01:55.214230
Epoch: 63/100 Train accuracy: 4.637600e-01 Validation accuracy: 4.695000e-01 Loss 1.578011e-02 Time taken: 0:01:55.221476
Epoch: 64/100 Train accuracy: 4.619400e-01 Validation accuracy: 4.707000e-01 Loss 1.577964e-02 Time taken: 0:01:55.135607
Epoch: 65/100 Train accuracy: 4.623600e-01 Validation accuracy: 4.706000e-01 Loss 1.577739e-02 Time taken: 0:01:55.136152
Epoch: 66/100 Train accuracy: 4.613800e-01 Validation accuracy: 4.702000e-01 Loss 1.577694e-02 Time taken: 0:01:55.175776
Epoch: 67/100 Train accuracy: 4.638400e-01 Validation accuracy: 4.706000e-01 Loss 1.576583e-02 Time taken: 0:01:55.150621
Epoch: 68/100 Train accuracy: 4.652000e-01 Validation accuracy: 4.684000e-01 Loss 1.576473e-02 Time taken: 0:01:55.155298
Epoch: 69/100 Train accuracy: 4.636400e-01 Validation accuracy: 4.696000e-01 Loss 1.576628e-02 Time taken: 0:01:55.143763
Epoch: 70/100 Train accuracy: 4.637800e-01 Validation accuracy: 4.711000e-01 Loss 1.575491e-02 Time taken: 0:01:55.201751
Epoch: 71/100 Train accuracy: 4.643600e-01 Validation accuracy: 4.705000e-01 Loss 1.575793e-02 Time taken: 0:01:55.092836
Epoch: 72/100 Train accuracy: 4.651200e-01 Validation accuracy: 4.716000e-01 Loss 1.575538e-02 Time taken: 0:01:55.123910
Epoch: 73/100 Train accuracy: 4.646400e-01 Validation accuracy: 4.714000e-01 Loss 1.575323e-02 Time taken: 0:01:55.147334
Epoch: 74/100 Train accuracy: 4.672200e-01 Validation accuracy: 4.727000e-01 Loss 1.573918e-02 Time taken: 0:01:55.135581
Epoch: 75/100 Train accuracy: 4.656000e-01 Validation accuracy: 4.721000e-01 Loss 1.574097e-02 Time taken: 0:01:55.150766
Epoch: 76/100 Train accuracy: 4.660400e-01 Validation accuracy: 4.706000e-01 Loss 1.573999e-02 Time taken: 0:01:55.185075
Epoch: 77/100 Train accuracy: 4.657200e-01 Validation accuracy: 4.731000e-01 Loss 1.573507e-02 Time taken: 0:01:55.162348
Epoch: 78/100 Train accuracy: 4.671400e-01 Validation accuracy: 4.702000e-01 Loss 1.572682e-02 Time taken: 0:01:55.112017
Epoch: 79/100 Train accuracy: 4.676000e-01 Validation accuracy: 4.736000e-01 Loss 1.572789e-02 Time taken: 0:01:55.126140
Epoch: 80/100 Train accuracy: 4.677800e-01 Validation accuracy: 4.722000e-01 Loss 1.572122e-02 Time taken: 0:01:55.186124
Epoch: 81/100 Train accuracy: 4.674000e-01 Validation accuracy: 4.744000e-01 Loss 1.572049e-02 Time taken: 0:01:55.186974
Epoch: 82/100 Train accuracy: 4.656000e-01 Validation accuracy: 4.734000e-01 Loss 1.572677e-02 Time taken: 0:01:55.215366
Epoch: 83/100 Train accuracy: 4.686000e-01 Validation accuracy: 4.734000e-01 Loss 1.571704e-02 Time taken: 0:01:55.292452
Epoch: 84/100 Train accuracy: 4.678200e-01 Validation accuracy: 4.745000e-01 Loss 1.571412e-02 Time taken: 0:01:55.244981
Epoch: 85/100 Train accuracy: 4.690400e-01 Validation accuracy: 4.747000e-01 Loss 1.570979e-02 Time taken: 0:01:55.222508
Epoch: 86/100 Train accuracy: 4.705600e-01 Validation accuracy: 4.749000e-01 Loss 1.570533e-02 Time taken: 0:01:55.258068
Epoch: 87/100 Train accuracy: 4.694600e-01 Validation accuracy: 4.747000e-01 Loss 1.570460e-02 Time taken: 0:01:55.319250
Epoch: 88/100 Train accuracy: 4.709200e-01 Validation accuracy: 4.752000e-01 Loss 1.569861e-02 Time taken: 0:01:55.212230
Epoch: 89/100 Train accuracy: 4.703400e-01 Validation accuracy: 4.733000e-01 Loss 1.569896e-02 Time taken: 0:01:55.335629
Epoch: 90/100 Train accuracy: 4.686400e-01 Validation accuracy: 4.772000e-01 Loss 1.569901e-02 Time taken: 0:01:55.341972
Epoch: 91/100 Train accuracy: 4.686600e-01 Validation accuracy: 4.761000e-01 Loss 1.569029e-02 Time taken: 0:01:55.361653
Epoch: 92/100 Train accuracy: 4.716200e-01 Validation accuracy: 4.757000e-01 Loss 1.569147e-02 Time taken: 0:01:55.416615
Epoch: 93/100 Train accuracy: 4.680800e-01 Validation accuracy: 4.774000e-01 Loss 1.569920e-02 Time taken: 0:01:55.295168
Epoch: 94/100 Train accuracy: 4.702800e-01 Validation accuracy: 4.771000e-01 Loss 1.569163e-02 Time taken: 0:01:55.333380
Epoch: 95/100 Train accuracy: 4.720000e-01 Validation accuracy: 4.775000e-01 Loss 1.568416e-02 Time taken: 0:01:55.281674
Epoch: 96/100 Train accuracy: 4.733200e-01 Validation accuracy: 4.758000e-01 Loss 1.567589e-02 Time taken: 0:01:55.229825
Epoch: 97/100 Train accuracy: 4.701400e-01 Validation accuracy: 4.779000e-01 Loss 1.568387e-02 Time taken: 0:01:55.235538
Epoch: 98/100 Train accuracy: 4.714000e-01 Validation accuracy: 4.751000e-01 Loss 1.567818e-02 Time taken: 0:01:55.197905
Epoch: 99/100 Train accuracy: 4.737000e-01 Validation accuracy: 4.762000e-01 Loss 1.567376e-02 Time taken: 0:01:55.200574
Epoch: 100/100 Train accuracy: 4.724400e-01 Validation accuracy: 4.766000e-01 Loss 1.567138e-02 Time taken: 0:01:55.256764
Total time taken 3:15:43.709694
Done
