Directory classifiers/jepa-iic-PKT-seed-10-classifier-pretrained-vitb-normalized-ep350 for saving the classifiers is now present
VisionTransformer(
  (patch_embed): PatchEmbed(
    (proj): Conv2d(3, 768, kernel_size=(15, 15), stride=(15, 15))
  )
  (blocks): ModuleList(
    (0-11): 12 x Block(
      (norm1): LayerNorm((768,), eps=1e-06, elementwise_affine=True)
      (attn): Attention(
        (qkv): Linear(in_features=768, out_features=2304, bias=True)
        (attn_drop): Dropout(p=0.0, inplace=False)
        (proj): Linear(in_features=768, out_features=768, bias=True)
        (proj_drop): Dropout(p=0.0, inplace=False)
      )
      (drop_path): Identity()
      (norm2): LayerNorm((768,), eps=1e-06, elementwise_affine=True)
      (mlp): MLP(
        (fc1): Linear(in_features=768, out_features=3072, bias=True)
        (act): GELU(approximate='none')
        (fc2): Linear(in_features=3072, out_features=768, bias=True)
        (drop): Dropout(p=0.0, inplace=False)
      )
    )
  )
  (norm): LayerNorm((768,), eps=1e-06, elementwise_affine=True)
)
Extracting features and saving them locally..
Epoch: 1/200 Train accuracy: 3.82642e-01 Validation accuracy: 5.37333e-01 Loss 1.29703e-02 Time taken: 1.52 seconds 
Epoch: 2/200 Train accuracy: 5.56078e-01 Validation accuracy: 5.98667e-01 Loss 1.17738e-02 Time taken: 1.52 seconds 
Epoch: 3/200 Train accuracy: 5.91350e-01 Validation accuracy: 6.11000e-01 Loss 1.14822e-02 Time taken: 1.52 seconds 
Epoch: 4/200 Train accuracy: 6.51489e-01 Validation accuracy: 7.04667e-01 Loss 1.10576e-02 Time taken: 1.51 seconds 
Epoch: 5/200 Train accuracy: 7.00371e-01 Validation accuracy: 7.18000e-01 Loss 1.06796e-02 Time taken: 1.51 seconds 
Epoch: 6/200 Train accuracy: 7.13553e-01 Validation accuracy: 7.23333e-01 Loss 1.05651e-02 Time taken: 1.51 seconds 
Epoch: 7/200 Train accuracy: 7.21391e-01 Validation accuracy: 7.28667e-01 Loss 1.04904e-02 Time taken: 1.51 seconds 
Epoch: 8/200 Train accuracy: 7.21391e-01 Validation accuracy: 7.35667e-01 Loss 1.04558e-02 Time taken: 1.51 seconds 
Epoch: 9/200 Train accuracy: 7.29087e-01 Validation accuracy: 7.36667e-01 Loss 1.04111e-02 Time taken: 1.51 seconds 
Epoch: 10/200 Train accuracy: 7.29657e-01 Validation accuracy: 7.33333e-01 Loss 1.03893e-02 Time taken: 1.52 seconds 
Epoch: 11/200 Train accuracy: 7.33433e-01 Validation accuracy: 7.30333e-01 Loss 1.03599e-02 Time taken: 1.51 seconds 
Epoch: 12/200 Train accuracy: 7.34359e-01 Validation accuracy: 7.36667e-01 Loss 1.03437e-02 Time taken: 1.52 seconds 
Epoch: 13/200 Train accuracy: 7.39205e-01 Validation accuracy: 7.38000e-01 Loss 1.03154e-02 Time taken: 1.51 seconds 
Epoch: 14/200 Train accuracy: 7.41200e-01 Validation accuracy: 7.40333e-01 Loss 1.02922e-02 Time taken: 1.53 seconds 
Epoch: 15/200 Train accuracy: 7.40274e-01 Validation accuracy: 7.42667e-01 Loss 1.02902e-02 Time taken: 1.50 seconds 
Epoch: 16/200 Train accuracy: 7.45475e-01 Validation accuracy: 7.42667e-01 Loss 1.02643e-02 Time taken: 1.51 seconds 
Epoch: 17/200 Train accuracy: 7.40416e-01 Validation accuracy: 7.41667e-01 Loss 1.02799e-02 Time taken: 1.50 seconds 
Epoch: 18/200 Train accuracy: 7.42411e-01 Validation accuracy: 7.43667e-01 Loss 1.02597e-02 Time taken: 1.50 seconds 
Epoch: 19/200 Train accuracy: 7.48040e-01 Validation accuracy: 7.41000e-01 Loss 1.02375e-02 Time taken: 1.51 seconds 
Epoch: 20/200 Train accuracy: 7.46758e-01 Validation accuracy: 7.44000e-01 Loss 1.02413e-02 Time taken: 1.50 seconds 
Epoch: 21/200 Train accuracy: 7.48611e-01 Validation accuracy: 7.44333e-01 Loss 1.02296e-02 Time taken: 1.50 seconds 
Epoch: 22/200 Train accuracy: 7.44406e-01 Validation accuracy: 7.45667e-01 Loss 1.02295e-02 Time taken: 1.52 seconds 
Epoch: 23/200 Train accuracy: 7.51104e-01 Validation accuracy: 7.46333e-01 Loss 1.02080e-02 Time taken: 1.52 seconds 
Epoch: 24/200 Train accuracy: 7.48611e-01 Validation accuracy: 7.46333e-01 Loss 1.02142e-02 Time taken: 1.51 seconds 
Epoch: 25/200 Train accuracy: 7.47542e-01 Validation accuracy: 7.43333e-01 Loss 1.02037e-02 Time taken: 1.50 seconds 
Epoch: 26/200 Train accuracy: 7.53598e-01 Validation accuracy: 7.47333e-01 Loss 1.01896e-02 Time taken: 1.51 seconds 
Epoch: 27/200 Train accuracy: 7.54667e-01 Validation accuracy: 7.46333e-01 Loss 1.01752e-02 Time taken: 1.51 seconds 
Epoch: 28/200 Train accuracy: 7.53028e-01 Validation accuracy: 7.50333e-01 Loss 1.01770e-02 Time taken: 1.50 seconds 
Epoch: 29/200 Train accuracy: 7.53883e-01 Validation accuracy: 7.46000e-01 Loss 1.01687e-02 Time taken: 1.51 seconds 
Epoch: 30/200 Train accuracy: 7.48967e-01 Validation accuracy: 7.48667e-01 Loss 1.01846e-02 Time taken: 1.51 seconds 
Epoch: 31/200 Train accuracy: 7.54453e-01 Validation accuracy: 7.46000e-01 Loss 1.01592e-02 Time taken: 1.51 seconds 
Epoch: 32/200 Train accuracy: 7.54311e-01 Validation accuracy: 7.48667e-01 Loss 1.01621e-02 Time taken: 1.50 seconds 
Epoch: 33/200 Train accuracy: 7.55950e-01 Validation accuracy: 7.52667e-01 Loss 1.01612e-02 Time taken: 1.51 seconds 
Epoch: 34/200 Train accuracy: 7.52031e-01 Validation accuracy: 7.51000e-01 Loss 1.01624e-02 Time taken: 1.51 seconds 
Epoch: 35/200 Train accuracy: 7.55950e-01 Validation accuracy: 7.46000e-01 Loss 1.01497e-02 Time taken: 1.49 seconds 
Epoch: 36/200 Train accuracy: 7.56805e-01 Validation accuracy: 7.51333e-01 Loss 1.01440e-02 Time taken: 1.51 seconds 
Epoch: 37/200 Train accuracy: 7.53883e-01 Validation accuracy: 7.51667e-01 Loss 1.01439e-02 Time taken: 1.51 seconds 
Epoch: 38/200 Train accuracy: 7.55237e-01 Validation accuracy: 7.52667e-01 Loss 1.01391e-02 Time taken: 1.50 seconds 
Epoch: 39/200 Train accuracy: 7.55665e-01 Validation accuracy: 7.49333e-01 Loss 1.01372e-02 Time taken: 1.50 seconds 
Epoch: 40/200 Train accuracy: 7.59085e-01 Validation accuracy: 7.49333e-01 Loss 1.01229e-02 Time taken: 1.51 seconds 
Epoch: 41/200 Train accuracy: 7.59228e-01 Validation accuracy: 7.52333e-01 Loss 1.01304e-02 Time taken: 1.51 seconds 
Epoch: 42/200 Train accuracy: 7.56662e-01 Validation accuracy: 7.52333e-01 Loss 1.01381e-02 Time taken: 1.50 seconds 
Epoch: 43/200 Train accuracy: 7.57161e-01 Validation accuracy: 7.58000e-01 Loss 1.01349e-02 Time taken: 1.50 seconds 
Epoch: 44/200 Train accuracy: 7.60011e-01 Validation accuracy: 7.53000e-01 Loss 1.01172e-02 Time taken: 1.51 seconds 
Epoch: 45/200 Train accuracy: 7.61437e-01 Validation accuracy: 7.52667e-01 Loss 1.01111e-02 Time taken: 1.50 seconds 
Epoch: 46/200 Train accuracy: 7.58230e-01 Validation accuracy: 7.53333e-01 Loss 1.01176e-02 Time taken: 1.51 seconds 
Epoch: 47/200 Train accuracy: 7.57090e-01 Validation accuracy: 7.54667e-01 Loss 1.01141e-02 Time taken: 1.52 seconds 
Epoch: 48/200 Train accuracy: 7.59584e-01 Validation accuracy: 7.56000e-01 Loss 1.01095e-02 Time taken: 1.51 seconds 
Epoch: 49/200 Train accuracy: 7.60653e-01 Validation accuracy: 7.54333e-01 Loss 1.01034e-02 Time taken: 1.51 seconds 
Epoch: 50/200 Train accuracy: 7.61579e-01 Validation accuracy: 7.54333e-01 Loss 1.01008e-02 Time taken: 1.50 seconds 
Epoch: 51/200 Train accuracy: 7.59940e-01 Validation accuracy: 7.56000e-01 Loss 1.01011e-02 Time taken: 1.51 seconds 
Epoch: 52/200 Train accuracy: 7.62363e-01 Validation accuracy: 7.56333e-01 Loss 1.00843e-02 Time taken: 1.50 seconds 
Epoch: 53/200 Train accuracy: 7.61935e-01 Validation accuracy: 7.54667e-01 Loss 1.00893e-02 Time taken: 1.51 seconds 
Epoch: 54/200 Train accuracy: 7.61151e-01 Validation accuracy: 7.54333e-01 Loss 1.00964e-02 Time taken: 1.50 seconds 
Epoch: 55/200 Train accuracy: 7.62220e-01 Validation accuracy: 7.55333e-01 Loss 1.00856e-02 Time taken: 1.50 seconds 
Epoch: 56/200 Train accuracy: 7.64073e-01 Validation accuracy: 7.54667e-01 Loss 1.00909e-02 Time taken: 1.51 seconds 
Epoch: 57/200 Train accuracy: 7.60795e-01 Validation accuracy: 7.56333e-01 Loss 1.00876e-02 Time taken: 1.50 seconds 
Epoch: 58/200 Train accuracy: 7.61579e-01 Validation accuracy: 7.58000e-01 Loss 1.00819e-02 Time taken: 1.50 seconds 
Epoch: 59/200 Train accuracy: 7.59655e-01 Validation accuracy: 7.57000e-01 Loss 1.00884e-02 Time taken: 1.50 seconds 
Epoch: 60/200 Train accuracy: 7.61365e-01 Validation accuracy: 7.53333e-01 Loss 1.00850e-02 Time taken: 1.51 seconds 
Epoch: 61/200 Train accuracy: 7.63289e-01 Validation accuracy: 7.61000e-01 Loss 1.00782e-02 Time taken: 1.50 seconds 
Epoch: 62/200 Train accuracy: 7.61864e-01 Validation accuracy: 7.55000e-01 Loss 1.00762e-02 Time taken: 1.50 seconds 
Epoch: 63/200 Train accuracy: 7.63645e-01 Validation accuracy: 7.59333e-01 Loss 1.00757e-02 Time taken: 1.51 seconds 
Epoch: 64/200 Train accuracy: 7.62292e-01 Validation accuracy: 7.57667e-01 Loss 1.00775e-02 Time taken: 1.50 seconds 
Epoch: 65/200 Train accuracy: 7.64429e-01 Validation accuracy: 7.56000e-01 Loss 1.00780e-02 Time taken: 1.50 seconds 
Epoch: 66/200 Train accuracy: 7.65071e-01 Validation accuracy: 7.55000e-01 Loss 1.00695e-02 Time taken: 1.51 seconds 
Epoch: 67/200 Train accuracy: 7.63147e-01 Validation accuracy: 7.60000e-01 Loss 1.00683e-02 Time taken: 1.51 seconds 
Epoch: 68/200 Train accuracy: 7.63432e-01 Validation accuracy: 7.60667e-01 Loss 1.00620e-02 Time taken: 1.50 seconds 
Epoch: 69/200 Train accuracy: 7.64999e-01 Validation accuracy: 7.60000e-01 Loss 1.00593e-02 Time taken: 1.51 seconds 
Epoch: 70/200 Train accuracy: 7.64002e-01 Validation accuracy: 7.59333e-01 Loss 1.00578e-02 Time taken: 1.51 seconds 
Epoch: 71/200 Train accuracy: 7.66068e-01 Validation accuracy: 7.59667e-01 Loss 1.00548e-02 Time taken: 1.51 seconds 
Epoch: 72/200 Train accuracy: 7.62719e-01 Validation accuracy: 7.55667e-01 Loss 1.00619e-02 Time taken: 1.49 seconds 
Epoch: 73/200 Train accuracy: 7.65641e-01 Validation accuracy: 7.61333e-01 Loss 1.00640e-02 Time taken: 1.50 seconds 
Epoch: 74/200 Train accuracy: 7.65854e-01 Validation accuracy: 7.61667e-01 Loss 1.00619e-02 Time taken: 1.51 seconds 
Epoch: 75/200 Train accuracy: 7.65641e-01 Validation accuracy: 7.57000e-01 Loss 1.00503e-02 Time taken: 1.49 seconds 
Epoch: 76/200 Train accuracy: 7.64144e-01 Validation accuracy: 7.61000e-01 Loss 1.00546e-02 Time taken: 1.51 seconds 
Epoch: 77/200 Train accuracy: 7.64928e-01 Validation accuracy: 7.56000e-01 Loss 1.00468e-02 Time taken: 1.51 seconds 
Epoch: 78/200 Train accuracy: 7.66282e-01 Validation accuracy: 7.61000e-01 Loss 1.00520e-02 Time taken: 1.51 seconds 
Epoch: 79/200 Train accuracy: 7.65783e-01 Validation accuracy: 7.59000e-01 Loss 1.00394e-02 Time taken: 1.51 seconds 
Epoch: 80/200 Train accuracy: 7.68135e-01 Validation accuracy: 7.59667e-01 Loss 1.00497e-02 Time taken: 1.51 seconds 
Epoch: 81/200 Train accuracy: 7.69845e-01 Validation accuracy: 7.61333e-01 Loss 1.00393e-02 Time taken: 1.51 seconds 
Epoch: 82/200 Train accuracy: 7.66282e-01 Validation accuracy: 7.59000e-01 Loss 1.00494e-02 Time taken: 1.50 seconds 
Epoch: 83/200 Train accuracy: 7.63930e-01 Validation accuracy: 7.58333e-01 Loss 1.00622e-02 Time taken: 1.50 seconds 
Epoch: 84/200 Train accuracy: 7.66282e-01 Validation accuracy: 7.61667e-01 Loss 1.00497e-02 Time taken: 1.50 seconds 
Epoch: 85/200 Train accuracy: 7.65712e-01 Validation accuracy: 7.59333e-01 Loss 1.00529e-02 Time taken: 1.50 seconds 
Epoch: 86/200 Train accuracy: 7.67493e-01 Validation accuracy: 7.56667e-01 Loss 1.00446e-02 Time taken: 1.50 seconds 
Epoch: 87/200 Train accuracy: 7.67921e-01 Validation accuracy: 7.61667e-01 Loss 1.00401e-02 Time taken: 1.51 seconds 
Epoch: 88/200 Train accuracy: 7.71056e-01 Validation accuracy: 7.60333e-01 Loss 1.00244e-02 Time taken: 1.50 seconds 
Epoch: 89/200 Train accuracy: 7.64002e-01 Validation accuracy: 7.58667e-01 Loss 1.00475e-02 Time taken: 1.50 seconds 
Epoch: 90/200 Train accuracy: 7.67992e-01 Validation accuracy: 7.62000e-01 Loss 1.00375e-02 Time taken: 1.50 seconds 
Epoch: 91/200 Train accuracy: 7.66424e-01 Validation accuracy: 7.59333e-01 Loss 1.00410e-02 Time taken: 1.51 seconds 
Epoch: 92/200 Train accuracy: 7.66709e-01 Validation accuracy: 7.61000e-01 Loss 1.00385e-02 Time taken: 1.50 seconds 
Epoch: 93/200 Train accuracy: 7.65356e-01 Validation accuracy: 7.61333e-01 Loss 1.00429e-02 Time taken: 1.51 seconds 
Epoch: 94/200 Train accuracy: 7.63788e-01 Validation accuracy: 7.63000e-01 Loss 1.00427e-02 Time taken: 1.51 seconds 
Epoch: 95/200 Train accuracy: 7.68063e-01 Validation accuracy: 7.59667e-01 Loss 1.00366e-02 Time taken: 1.50 seconds 
Epoch: 96/200 Train accuracy: 7.70272e-01 Validation accuracy: 7.62667e-01 Loss 1.00207e-02 Time taken: 1.51 seconds 
Epoch: 97/200 Train accuracy: 7.69987e-01 Validation accuracy: 7.62667e-01 Loss 1.00247e-02 Time taken: 1.50 seconds 
Epoch: 98/200 Train accuracy: 7.67921e-01 Validation accuracy: 7.61667e-01 Loss 1.00339e-02 Time taken: 1.51 seconds 
Epoch: 99/200 Train accuracy: 7.66211e-01 Validation accuracy: 7.58667e-01 Loss 1.00382e-02 Time taken: 1.51 seconds 
Epoch: 100/200 Train accuracy: 7.71911e-01 Validation accuracy: 7.63333e-01 Loss 1.00135e-02 Time taken: 1.51 seconds 
Epoch: 101/200 Train accuracy: 7.69203e-01 Validation accuracy: 7.60333e-01 Loss 1.00275e-02 Time taken: 1.51 seconds 
Epoch: 102/200 Train accuracy: 7.71056e-01 Validation accuracy: 7.65667e-01 Loss 1.00171e-02 Time taken: 1.51 seconds 
Epoch: 103/200 Train accuracy: 7.66139e-01 Validation accuracy: 7.62333e-01 Loss 1.00389e-02 Time taken: 1.51 seconds 
Epoch: 104/200 Train accuracy: 7.67066e-01 Validation accuracy: 7.64333e-01 Loss 1.00289e-02 Time taken: 1.51 seconds 
Epoch: 105/200 Train accuracy: 7.67850e-01 Validation accuracy: 7.65333e-01 Loss 1.00283e-02 Time taken: 1.50 seconds 
Epoch: 106/200 Train accuracy: 7.69488e-01 Validation accuracy: 7.64333e-01 Loss 1.00139e-02 Time taken: 1.52 seconds 
Epoch: 107/200 Train accuracy: 7.69132e-01 Validation accuracy: 7.63000e-01 Loss 1.00192e-02 Time taken: 1.52 seconds 
Epoch: 108/200 Train accuracy: 7.69275e-01 Validation accuracy: 7.61333e-01 Loss 1.00123e-02 Time taken: 1.50 seconds 
Epoch: 109/200 Train accuracy: 7.69132e-01 Validation accuracy: 7.66000e-01 Loss 1.00232e-02 Time taken: 1.50 seconds 
Epoch: 110/200 Train accuracy: 7.68206e-01 Validation accuracy: 7.65667e-01 Loss 1.00231e-02 Time taken: 1.51 seconds 
Epoch: 111/200 Train accuracy: 7.68776e-01 Validation accuracy: 7.65333e-01 Loss 1.00165e-02 Time taken: 1.51 seconds 
Epoch: 112/200 Train accuracy: 7.68348e-01 Validation accuracy: 7.65333e-01 Loss 1.00194e-02 Time taken: 1.50 seconds 
Epoch: 113/200 Train accuracy: 7.67850e-01 Validation accuracy: 7.65333e-01 Loss 1.00158e-02 Time taken: 1.51 seconds 
Epoch: 114/200 Train accuracy: 7.69132e-01 Validation accuracy: 7.65333e-01 Loss 1.00257e-02 Time taken: 1.51 seconds 
Epoch: 115/200 Train accuracy: 7.69773e-01 Validation accuracy: 7.67333e-01 Loss 1.00165e-02 Time taken: 1.51 seconds 
Epoch: 116/200 Train accuracy: 7.67850e-01 Validation accuracy: 7.67000e-01 Loss 1.00250e-02 Time taken: 1.51 seconds 
Epoch: 117/200 Train accuracy: 7.71341e-01 Validation accuracy: 7.66000e-01 Loss 1.00126e-02 Time taken: 1.51 seconds 
Epoch: 118/200 Train accuracy: 7.69987e-01 Validation accuracy: 7.67667e-01 Loss 1.00135e-02 Time taken: 1.52 seconds 
Epoch: 119/200 Train accuracy: 7.71270e-01 Validation accuracy: 7.65333e-01 Loss 1.00126e-02 Time taken: 1.56 seconds 
Epoch: 120/200 Train accuracy: 7.69061e-01 Validation accuracy: 7.68667e-01 Loss 1.00201e-02 Time taken: 1.66 seconds 
Epoch: 121/200 Train accuracy: 7.72054e-01 Validation accuracy: 7.65333e-01 Loss 9.99938e-03 Time taken: 1.62 seconds 
Epoch: 122/200 Train accuracy: 7.71270e-01 Validation accuracy: 7.66667e-01 Loss 1.00135e-02 Time taken: 1.54 seconds 
Epoch: 123/200 Train accuracy: 7.72125e-01 Validation accuracy: 7.63333e-01 Loss 9.99700e-03 Time taken: 1.55 seconds 
Epoch: 124/200 Train accuracy: 7.68705e-01 Validation accuracy: 7.64333e-01 Loss 1.00093e-02 Time taken: 1.53 seconds 
Epoch: 125/200 Train accuracy: 7.68348e-01 Validation accuracy: 7.64667e-01 Loss 1.00208e-02 Time taken: 1.53 seconds 
Epoch: 126/200 Train accuracy: 7.69560e-01 Validation accuracy: 7.66667e-01 Loss 1.00127e-02 Time taken: 1.53 seconds 
Epoch: 127/200 Train accuracy: 7.68562e-01 Validation accuracy: 7.62333e-01 Loss 1.00182e-02 Time taken: 1.55 seconds 
Epoch: 128/200 Train accuracy: 7.69560e-01 Validation accuracy: 7.62667e-01 Loss 1.00135e-02 Time taken: 1.55 seconds 
Epoch: 129/200 Train accuracy: 7.71982e-01 Validation accuracy: 7.63000e-01 Loss 1.00046e-02 Time taken: 1.54 seconds 
Epoch: 130/200 Train accuracy: 7.69417e-01 Validation accuracy: 7.66000e-01 Loss 1.00110e-02 Time taken: 1.54 seconds 
Epoch: 131/200 Train accuracy: 7.69916e-01 Validation accuracy: 7.61333e-01 Loss 9.99850e-03 Time taken: 1.54 seconds 
Epoch: 132/200 Train accuracy: 7.67137e-01 Validation accuracy: 7.63667e-01 Loss 1.00281e-02 Time taken: 1.53 seconds 
Epoch: 133/200 Train accuracy: 7.68063e-01 Validation accuracy: 7.66667e-01 Loss 1.00168e-02 Time taken: 1.59 seconds 
Epoch: 134/200 Train accuracy: 7.73336e-01 Validation accuracy: 7.65333e-01 Loss 1.00030e-02 Time taken: 1.58 seconds 
Epoch: 135/200 Train accuracy: 7.71056e-01 Validation accuracy: 7.61333e-01 Loss 1.00005e-02 Time taken: 1.62 seconds 
Epoch: 136/200 Train accuracy: 7.69631e-01 Validation accuracy: 7.66333e-01 Loss 1.00047e-02 Time taken: 1.56 seconds 
Epoch: 137/200 Train accuracy: 7.68776e-01 Validation accuracy: 7.59000e-01 Loss 1.00121e-02 Time taken: 1.56 seconds 
Epoch: 138/200 Train accuracy: 7.71127e-01 Validation accuracy: 7.64000e-01 Loss 1.00016e-02 Time taken: 1.58 seconds 
Epoch: 139/200 Train accuracy: 7.73479e-01 Validation accuracy: 7.68000e-01 Loss 9.98652e-03 Time taken: 1.61 seconds 
Epoch: 140/200 Train accuracy: 7.70272e-01 Validation accuracy: 7.67000e-01 Loss 1.00027e-02 Time taken: 1.57 seconds 
Epoch: 141/200 Train accuracy: 7.69417e-01 Validation accuracy: 7.65333e-01 Loss 1.00080e-02 Time taken: 1.57 seconds 
Epoch: 142/200 Train accuracy: 7.75046e-01 Validation accuracy: 7.65333e-01 Loss 9.98583e-03 Time taken: 1.60 seconds 
Epoch: 143/200 Train accuracy: 7.69916e-01 Validation accuracy: 7.65333e-01 Loss 1.00187e-02 Time taken: 1.57 seconds 
Epoch: 144/200 Train accuracy: 7.71626e-01 Validation accuracy: 7.68000e-01 Loss 1.00003e-02 Time taken: 1.56 seconds 
Epoch: 145/200 Train accuracy: 7.68847e-01 Validation accuracy: 7.66667e-01 Loss 1.00110e-02 Time taken: 1.57 seconds 
Epoch: 146/200 Train accuracy: 7.72481e-01 Validation accuracy: 7.65667e-01 Loss 1.00004e-02 Time taken: 1.59 seconds 
Epoch: 147/200 Train accuracy: 7.72909e-01 Validation accuracy: 7.66667e-01 Loss 9.98632e-03 Time taken: 1.57 seconds 
Epoch: 148/200 Train accuracy: 7.72410e-01 Validation accuracy: 7.68000e-01 Loss 1.00007e-02 Time taken: 1.56 seconds 
Epoch: 149/200 Train accuracy: 7.71769e-01 Validation accuracy: 7.65333e-01 Loss 9.99213e-03 Time taken: 1.68 seconds 
Epoch: 150/200 Train accuracy: 7.73479e-01 Validation accuracy: 7.69333e-01 Loss 9.98595e-03 Time taken: 1.67 seconds 
Epoch: 151/200 Train accuracy: 7.69203e-01 Validation accuracy: 7.67000e-01 Loss 1.00018e-02 Time taken: 1.58 seconds 
Epoch: 152/200 Train accuracy: 7.73764e-01 Validation accuracy: 7.64333e-01 Loss 9.99617e-03 Time taken: 1.58 seconds 
Epoch: 153/200 Train accuracy: 7.71911e-01 Validation accuracy: 7.66000e-01 Loss 9.99146e-03 Time taken: 1.57 seconds 
Epoch: 154/200 Train accuracy: 7.71626e-01 Validation accuracy: 7.70000e-01 Loss 9.99391e-03 Time taken: 1.57 seconds 
Epoch: 155/200 Train accuracy: 7.71697e-01 Validation accuracy: 7.66333e-01 Loss 9.99351e-03 Time taken: 1.57 seconds 
Epoch: 156/200 Train accuracy: 7.72339e-01 Validation accuracy: 7.68333e-01 Loss 9.99002e-03 Time taken: 1.56 seconds 
Epoch: 157/200 Train accuracy: 7.71840e-01 Validation accuracy: 7.71000e-01 Loss 9.98878e-03 Time taken: 1.58 seconds 
Epoch: 158/200 Train accuracy: 7.72766e-01 Validation accuracy: 7.64667e-01 Loss 9.99319e-03 Time taken: 1.58 seconds 
Epoch: 159/200 Train accuracy: 7.73051e-01 Validation accuracy: 7.66333e-01 Loss 9.99025e-03 Time taken: 1.57 seconds 
Epoch: 160/200 Train accuracy: 7.75403e-01 Validation accuracy: 7.64667e-01 Loss 9.98596e-03 Time taken: 1.83 seconds 
Epoch: 161/200 Train accuracy: 7.73407e-01 Validation accuracy: 7.68667e-01 Loss 9.99318e-03 Time taken: 1.56 seconds 
Epoch: 162/200 Train accuracy: 7.72125e-01 Validation accuracy: 7.66000e-01 Loss 9.99073e-03 Time taken: 1.73 seconds 
Epoch: 163/200 Train accuracy: 7.73265e-01 Validation accuracy: 7.68667e-01 Loss 9.98748e-03 Time taken: 1.65 seconds 
Epoch: 164/200 Train accuracy: 7.71911e-01 Validation accuracy: 7.69000e-01 Loss 9.99185e-03 Time taken: 1.59 seconds 
Epoch: 165/200 Train accuracy: 7.72267e-01 Validation accuracy: 7.66000e-01 Loss 9.99436e-03 Time taken: 1.58 seconds 
Epoch: 166/200 Train accuracy: 7.72410e-01 Validation accuracy: 7.64667e-01 Loss 9.98340e-03 Time taken: 1.56 seconds 
Epoch: 167/200 Train accuracy: 7.71555e-01 Validation accuracy: 7.68667e-01 Loss 9.99401e-03 Time taken: 1.67 seconds 
Epoch: 168/200 Train accuracy: 7.74191e-01 Validation accuracy: 7.70667e-01 Loss 9.98676e-03 Time taken: 1.59 seconds 
Epoch: 169/200 Train accuracy: 7.73764e-01 Validation accuracy: 7.64667e-01 Loss 9.98183e-03 Time taken: 1.72 seconds 
Epoch: 170/200 Train accuracy: 7.71911e-01 Validation accuracy: 7.65333e-01 Loss 9.99125e-03 Time taken: 1.77 seconds 
Epoch: 171/200 Train accuracy: 7.70985e-01 Validation accuracy: 7.67667e-01 Loss 9.99726e-03 Time taken: 2.18 seconds 
Epoch: 172/200 Train accuracy: 7.73621e-01 Validation accuracy: 7.69667e-01 Loss 9.98118e-03 Time taken: 2.18 seconds 
Epoch: 173/200 Train accuracy: 7.73194e-01 Validation accuracy: 7.69333e-01 Loss 9.98697e-03 Time taken: 2.11 seconds 
Epoch: 174/200 Train accuracy: 7.73479e-01 Validation accuracy: 7.64333e-01 Loss 9.98264e-03 Time taken: 2.23 seconds 
Epoch: 175/200 Train accuracy: 7.72339e-01 Validation accuracy: 7.69333e-01 Loss 9.98766e-03 Time taken: 2.26 seconds 
Epoch: 176/200 Train accuracy: 7.72980e-01 Validation accuracy: 7.62333e-01 Loss 9.97831e-03 Time taken: 2.35 seconds 
Epoch: 177/200 Train accuracy: 7.72766e-01 Validation accuracy: 7.66333e-01 Loss 9.98174e-03 Time taken: 2.22 seconds 
Epoch: 178/200 Train accuracy: 7.75973e-01 Validation accuracy: 7.66000e-01 Loss 9.97133e-03 Time taken: 2.18 seconds 
Epoch: 179/200 Train accuracy: 7.70985e-01 Validation accuracy: 7.66667e-01 Loss 9.99678e-03 Time taken: 2.34 seconds 
Epoch: 180/200 Train accuracy: 7.72837e-01 Validation accuracy: 7.70000e-01 Loss 9.99219e-03 Time taken: 2.33 seconds 
Epoch: 181/200 Train accuracy: 7.72481e-01 Validation accuracy: 7.68333e-01 Loss 9.99457e-03 Time taken: 2.29 seconds 
Epoch: 182/200 Train accuracy: 7.70842e-01 Validation accuracy: 7.67667e-01 Loss 9.98754e-03 Time taken: 2.30 seconds 
Epoch: 183/200 Train accuracy: 7.70771e-01 Validation accuracy: 7.69000e-01 Loss 9.99105e-03 Time taken: 2.11 seconds 
Epoch: 184/200 Train accuracy: 7.71412e-01 Validation accuracy: 7.66667e-01 Loss 9.98302e-03 Time taken: 2.32 seconds 
Epoch: 185/200 Train accuracy: 7.72837e-01 Validation accuracy: 7.66000e-01 Loss 9.99058e-03 Time taken: 2.15 seconds 
Epoch: 186/200 Train accuracy: 7.72054e-01 Validation accuracy: 7.68333e-01 Loss 9.98586e-03 Time taken: 2.15 seconds 
Epoch: 187/200 Train accuracy: 7.75189e-01 Validation accuracy: 7.65000e-01 Loss 9.96924e-03 Time taken: 2.06 seconds 
Epoch: 188/200 Train accuracy: 7.75830e-01 Validation accuracy: 7.65667e-01 Loss 9.96504e-03 Time taken: 2.05 seconds 
Epoch: 189/200 Train accuracy: 7.74263e-01 Validation accuracy: 7.65000e-01 Loss 9.98419e-03 Time taken: 2.02 seconds 
Epoch: 190/200 Train accuracy: 7.73265e-01 Validation accuracy: 7.71667e-01 Loss 9.97001e-03 Time taken: 2.12 seconds 
Epoch: 191/200 Train accuracy: 7.73336e-01 Validation accuracy: 7.69333e-01 Loss 9.99213e-03 Time taken: 2.20 seconds 
Epoch: 192/200 Train accuracy: 7.72695e-01 Validation accuracy: 7.67667e-01 Loss 9.98233e-03 Time taken: 2.11 seconds 
Epoch: 193/200 Train accuracy: 7.73835e-01 Validation accuracy: 7.70000e-01 Loss 9.98028e-03 Time taken: 2.29 seconds 
Epoch: 194/200 Train accuracy: 7.72054e-01 Validation accuracy: 7.65000e-01 Loss 9.97868e-03 Time taken: 2.20 seconds 
Epoch: 195/200 Train accuracy: 7.71555e-01 Validation accuracy: 7.66667e-01 Loss 9.97895e-03 Time taken: 2.11 seconds 
Epoch: 196/200 Train accuracy: 7.73835e-01 Validation accuracy: 7.67000e-01 Loss 9.98283e-03 Time taken: 2.14 seconds 
Epoch: 197/200 Train accuracy: 7.74049e-01 Validation accuracy: 7.68333e-01 Loss 9.98122e-03 Time taken: 2.01 seconds 
Epoch: 198/200 Train accuracy: 7.72481e-01 Validation accuracy: 7.69000e-01 Loss 9.97891e-03 Time taken: 2.13 seconds 
Epoch: 199/200 Train accuracy: 7.74049e-01 Validation accuracy: 7.68333e-01 Loss 9.98126e-03 Time taken: 2.28 seconds 
Epoch: 200/200 Train accuracy: 7.71769e-01 Validation accuracy: 7.66667e-01 Loss 9.98132e-03 Time taken: 2.26 seconds 
Total time taken 0:05:27.844600
Cleaning up intermediate feature (.pt) files
Done


working on file logs/iic-train-PKT/jepa_iic_PKT-ep400.pth.tar ...
