Directory classifiers/jepa-iic-PKT-seed-10-classifier-pretrained-vitb-normalized-ep400 for saving the classifiers is now present
VisionTransformer(
  (patch_embed): PatchEmbed(
    (proj): Conv2d(3, 768, kernel_size=(15, 15), stride=(15, 15))
  )
  (blocks): ModuleList(
    (0-11): 12 x Block(
      (norm1): LayerNorm((768,), eps=1e-06, elementwise_affine=True)
      (attn): Attention(
        (qkv): Linear(in_features=768, out_features=2304, bias=True)
        (attn_drop): Dropout(p=0.0, inplace=False)
        (proj): Linear(in_features=768, out_features=768, bias=True)
        (proj_drop): Dropout(p=0.0, inplace=False)
      )
      (drop_path): Identity()
      (norm2): LayerNorm((768,), eps=1e-06, elementwise_affine=True)
      (mlp): MLP(
        (fc1): Linear(in_features=768, out_features=3072, bias=True)
        (act): GELU(approximate='none')
        (fc2): Linear(in_features=3072, out_features=768, bias=True)
        (drop): Dropout(p=0.0, inplace=False)
      )
    )
  )
  (norm): LayerNorm((768,), eps=1e-06, elementwise_affine=True)
)
Extracting features and saving them locally..
Epoch: 1/200 Train accuracy: 3.70457e-01 Validation accuracy: 5.82333e-01 Loss 1.30343e-02 Time taken: 2.11 seconds 
Epoch: 2/200 Train accuracy: 5.63702e-01 Validation accuracy: 6.08667e-01 Loss 1.16754e-02 Time taken: 2.26 seconds 
Epoch: 3/200 Train accuracy: 6.04389e-01 Validation accuracy: 6.25333e-01 Loss 1.13656e-02 Time taken: 2.08 seconds 
Epoch: 4/200 Train accuracy: 6.51703e-01 Validation accuracy: 7.15667e-01 Loss 1.09989e-02 Time taken: 2.20 seconds 
Epoch: 5/200 Train accuracy: 7.11629e-01 Validation accuracy: 7.35000e-01 Loss 1.05726e-02 Time taken: 2.30 seconds 
Epoch: 6/200 Train accuracy: 7.25025e-01 Validation accuracy: 7.43667e-01 Loss 1.04549e-02 Time taken: 2.13 seconds 
Epoch: 7/200 Train accuracy: 7.28730e-01 Validation accuracy: 7.49000e-01 Loss 1.03977e-02 Time taken: 2.24 seconds 
Epoch: 8/200 Train accuracy: 7.37851e-01 Validation accuracy: 7.48333e-01 Loss 1.03376e-02 Time taken: 2.30 seconds 
Epoch: 9/200 Train accuracy: 7.43979e-01 Validation accuracy: 7.56333e-01 Loss 1.02914e-02 Time taken: 2.24 seconds 
Epoch: 10/200 Train accuracy: 7.44905e-01 Validation accuracy: 7.54333e-01 Loss 1.02790e-02 Time taken: 2.24 seconds 
Epoch: 11/200 Train accuracy: 7.46117e-01 Validation accuracy: 7.53667e-01 Loss 1.02531e-02 Time taken: 2.05 seconds 
Epoch: 12/200 Train accuracy: 7.51033e-01 Validation accuracy: 7.53000e-01 Loss 1.02241e-02 Time taken: 2.14 seconds 
Epoch: 13/200 Train accuracy: 7.48967e-01 Validation accuracy: 7.59000e-01 Loss 1.02110e-02 Time taken: 2.36 seconds 
Epoch: 14/200 Train accuracy: 7.53171e-01 Validation accuracy: 7.63000e-01 Loss 1.01986e-02 Time taken: 2.18 seconds 
Epoch: 15/200 Train accuracy: 7.52886e-01 Validation accuracy: 7.61667e-01 Loss 1.01799e-02 Time taken: 2.32 seconds 
Epoch: 16/200 Train accuracy: 7.54738e-01 Validation accuracy: 7.63667e-01 Loss 1.01736e-02 Time taken: 2.16 seconds 
Epoch: 17/200 Train accuracy: 7.55879e-01 Validation accuracy: 7.61667e-01 Loss 1.01621e-02 Time taken: 2.16 seconds 
Epoch: 18/200 Train accuracy: 7.60296e-01 Validation accuracy: 7.59000e-01 Loss 1.01351e-02 Time taken: 2.29 seconds 
Epoch: 19/200 Train accuracy: 7.60938e-01 Validation accuracy: 7.67000e-01 Loss 1.01320e-02 Time taken: 2.39 seconds 
Epoch: 20/200 Train accuracy: 7.57945e-01 Validation accuracy: 7.66000e-01 Loss 1.01255e-02 Time taken: 2.09 seconds 
Epoch: 21/200 Train accuracy: 7.61864e-01 Validation accuracy: 7.72000e-01 Loss 1.01192e-02 Time taken: 2.32 seconds 
Epoch: 22/200 Train accuracy: 7.63930e-01 Validation accuracy: 7.69333e-01 Loss 1.00985e-02 Time taken: 2.25 seconds 
Epoch: 23/200 Train accuracy: 7.62505e-01 Validation accuracy: 7.68667e-01 Loss 1.01054e-02 Time taken: 2.33 seconds 
Epoch: 24/200 Train accuracy: 7.65071e-01 Validation accuracy: 7.65667e-01 Loss 1.00903e-02 Time taken: 2.23 seconds 
Epoch: 25/200 Train accuracy: 7.67778e-01 Validation accuracy: 7.70333e-01 Loss 1.00760e-02 Time taken: 2.17 seconds 
Epoch: 26/200 Train accuracy: 7.66353e-01 Validation accuracy: 7.69667e-01 Loss 1.00745e-02 Time taken: 2.27 seconds 
Epoch: 27/200 Train accuracy: 7.67707e-01 Validation accuracy: 7.72667e-01 Loss 1.00760e-02 Time taken: 2.22 seconds 
Epoch: 28/200 Train accuracy: 7.68135e-01 Validation accuracy: 7.72333e-01 Loss 1.00619e-02 Time taken: 2.15 seconds 
Epoch: 29/200 Train accuracy: 7.67921e-01 Validation accuracy: 7.73333e-01 Loss 1.00520e-02 Time taken: 2.47 seconds 
Epoch: 30/200 Train accuracy: 7.69773e-01 Validation accuracy: 7.71667e-01 Loss 1.00518e-02 Time taken: 2.42 seconds 
Epoch: 31/200 Train accuracy: 7.69346e-01 Validation accuracy: 7.75000e-01 Loss 1.00545e-02 Time taken: 2.24 seconds 
Epoch: 32/200 Train accuracy: 7.71270e-01 Validation accuracy: 7.71000e-01 Loss 1.00355e-02 Time taken: 2.30 seconds 
Epoch: 33/200 Train accuracy: 7.70201e-01 Validation accuracy: 7.75000e-01 Loss 1.00379e-02 Time taken: 2.23 seconds 
Epoch: 34/200 Train accuracy: 7.74904e-01 Validation accuracy: 7.77000e-01 Loss 1.00233e-02 Time taken: 2.18 seconds 
Epoch: 35/200 Train accuracy: 7.71626e-01 Validation accuracy: 7.76333e-01 Loss 1.00308e-02 Time taken: 2.19 seconds 
Epoch: 36/200 Train accuracy: 7.71840e-01 Validation accuracy: 7.71333e-01 Loss 1.00229e-02 Time taken: 2.19 seconds 
Epoch: 37/200 Train accuracy: 7.73407e-01 Validation accuracy: 7.73000e-01 Loss 1.00223e-02 Time taken: 2.23 seconds 
Epoch: 38/200 Train accuracy: 7.70700e-01 Validation accuracy: 7.72000e-01 Loss 1.00244e-02 Time taken: 2.19 seconds 
Epoch: 39/200 Train accuracy: 7.75260e-01 Validation accuracy: 7.73000e-01 Loss 1.00134e-02 Time taken: 2.31 seconds 
Epoch: 40/200 Train accuracy: 7.76828e-01 Validation accuracy: 7.74333e-01 Loss 9.99771e-03 Time taken: 2.17 seconds 
Epoch: 41/200 Train accuracy: 7.76685e-01 Validation accuracy: 7.72333e-01 Loss 1.00006e-02 Time taken: 2.29 seconds 
Epoch: 42/200 Train accuracy: 7.73906e-01 Validation accuracy: 7.75000e-01 Loss 1.00064e-02 Time taken: 2.26 seconds 
Epoch: 43/200 Train accuracy: 7.75403e-01 Validation accuracy: 7.69667e-01 Loss 1.00111e-02 Time taken: 2.10 seconds 
Epoch: 44/200 Train accuracy: 7.70415e-01 Validation accuracy: 7.79667e-01 Loss 1.00108e-02 Time taken: 2.39 seconds 
Epoch: 45/200 Train accuracy: 7.76756e-01 Validation accuracy: 7.77000e-01 Loss 9.98144e-03 Time taken: 2.23 seconds 
Epoch: 46/200 Train accuracy: 7.75189e-01 Validation accuracy: 7.70667e-01 Loss 9.99782e-03 Time taken: 2.21 seconds 
Epoch: 47/200 Train accuracy: 7.76329e-01 Validation accuracy: 7.79333e-01 Loss 9.99025e-03 Time taken: 2.40 seconds 
Epoch: 48/200 Train accuracy: 7.80105e-01 Validation accuracy: 7.78667e-01 Loss 9.97529e-03 Time taken: 2.19 seconds 
Epoch: 49/200 Train accuracy: 7.75474e-01 Validation accuracy: 7.73000e-01 Loss 9.98949e-03 Time taken: 2.18 seconds 
Epoch: 50/200 Train accuracy: 7.76044e-01 Validation accuracy: 7.76667e-01 Loss 9.97409e-03 Time taken: 2.31 seconds 
Epoch: 51/200 Train accuracy: 7.74476e-01 Validation accuracy: 7.71000e-01 Loss 9.98273e-03 Time taken: 2.32 seconds 
Epoch: 52/200 Train accuracy: 7.75545e-01 Validation accuracy: 7.76333e-01 Loss 9.98255e-03 Time taken: 2.03 seconds 
Epoch: 53/200 Train accuracy: 7.77825e-01 Validation accuracy: 7.79667e-01 Loss 9.97606e-03 Time taken: 2.02 seconds 
Epoch: 54/200 Train accuracy: 7.78467e-01 Validation accuracy: 7.74667e-01 Loss 9.96882e-03 Time taken: 2.34 seconds 
Epoch: 55/200 Train accuracy: 7.74975e-01 Validation accuracy: 7.78000e-01 Loss 9.97997e-03 Time taken: 2.22 seconds 
Epoch: 56/200 Train accuracy: 7.78395e-01 Validation accuracy: 7.78333e-01 Loss 9.96831e-03 Time taken: 2.33 seconds 
Epoch: 57/200 Train accuracy: 7.77612e-01 Validation accuracy: 7.77667e-01 Loss 9.96291e-03 Time taken: 2.12 seconds 
Epoch: 58/200 Train accuracy: 7.78110e-01 Validation accuracy: 7.76667e-01 Loss 9.96501e-03 Time taken: 2.27 seconds 
Epoch: 59/200 Train accuracy: 7.78894e-01 Validation accuracy: 7.80667e-01 Loss 9.96165e-03 Time taken: 2.29 seconds 
Epoch: 60/200 Train accuracy: 7.79535e-01 Validation accuracy: 7.76000e-01 Loss 9.95466e-03 Time taken: 2.11 seconds 
Epoch: 61/200 Train accuracy: 7.77612e-01 Validation accuracy: 7.82000e-01 Loss 9.96779e-03 Time taken: 2.23 seconds 
Epoch: 62/200 Train accuracy: 7.78823e-01 Validation accuracy: 7.79667e-01 Loss 9.95406e-03 Time taken: 2.28 seconds 
Epoch: 63/200 Train accuracy: 7.78110e-01 Validation accuracy: 7.82000e-01 Loss 9.96036e-03 Time taken: 2.29 seconds 
Epoch: 64/200 Train accuracy: 7.80177e-01 Validation accuracy: 7.73333e-01 Loss 9.96009e-03 Time taken: 2.25 seconds 
Epoch: 65/200 Train accuracy: 7.78609e-01 Validation accuracy: 7.79000e-01 Loss 9.96253e-03 Time taken: 2.15 seconds 
Epoch: 66/200 Train accuracy: 7.79607e-01 Validation accuracy: 7.79333e-01 Loss 9.94931e-03 Time taken: 2.05 seconds 
Epoch: 67/200 Train accuracy: 7.78182e-01 Validation accuracy: 7.76667e-01 Loss 9.95766e-03 Time taken: 2.20 seconds 
Epoch: 68/200 Train accuracy: 7.78395e-01 Validation accuracy: 7.79667e-01 Loss 9.95465e-03 Time taken: 2.06 seconds 
Epoch: 69/200 Train accuracy: 7.79607e-01 Validation accuracy: 7.80333e-01 Loss 9.95185e-03 Time taken: 2.22 seconds 
Epoch: 70/200 Train accuracy: 7.81459e-01 Validation accuracy: 7.79000e-01 Loss 9.94371e-03 Time taken: 2.27 seconds 
Epoch: 71/200 Train accuracy: 7.79179e-01 Validation accuracy: 7.80667e-01 Loss 9.94654e-03 Time taken: 2.01 seconds 
Epoch: 72/200 Train accuracy: 7.82101e-01 Validation accuracy: 7.82000e-01 Loss 9.94274e-03 Time taken: 2.23 seconds 
Epoch: 73/200 Train accuracy: 7.80533e-01 Validation accuracy: 7.76333e-01 Loss 9.93521e-03 Time taken: 1.99 seconds 
Epoch: 74/200 Train accuracy: 7.80390e-01 Validation accuracy: 7.80667e-01 Loss 9.93692e-03 Time taken: 2.10 seconds 
Epoch: 75/200 Train accuracy: 7.78823e-01 Validation accuracy: 7.85000e-01 Loss 9.95355e-03 Time taken: 2.09 seconds 
Epoch: 76/200 Train accuracy: 7.82671e-01 Validation accuracy: 7.78667e-01 Loss 9.93558e-03 Time taken: 2.18 seconds 
Epoch: 77/200 Train accuracy: 7.79037e-01 Validation accuracy: 7.83000e-01 Loss 9.93865e-03 Time taken: 2.02 seconds 
Epoch: 78/200 Train accuracy: 7.83597e-01 Validation accuracy: 7.79667e-01 Loss 9.92624e-03 Time taken: 2.09 seconds 
Epoch: 79/200 Train accuracy: 7.79820e-01 Validation accuracy: 7.80000e-01 Loss 9.93805e-03 Time taken: 2.22 seconds 
Epoch: 80/200 Train accuracy: 7.83739e-01 Validation accuracy: 7.81667e-01 Loss 9.92181e-03 Time taken: 2.32 seconds 
Epoch: 81/200 Train accuracy: 7.80034e-01 Validation accuracy: 7.80667e-01 Loss 9.93873e-03 Time taken: 2.22 seconds 
Epoch: 82/200 Train accuracy: 7.80390e-01 Validation accuracy: 7.79333e-01 Loss 9.93104e-03 Time taken: 2.27 seconds 
Epoch: 83/200 Train accuracy: 7.82671e-01 Validation accuracy: 7.82000e-01 Loss 9.92778e-03 Time taken: 2.10 seconds 
Epoch: 84/200 Train accuracy: 7.81887e-01 Validation accuracy: 7.79667e-01 Loss 9.93472e-03 Time taken: 2.04 seconds 
Epoch: 85/200 Train accuracy: 7.79393e-01 Validation accuracy: 7.79333e-01 Loss 9.93330e-03 Time taken: 2.15 seconds 
Epoch: 86/200 Train accuracy: 7.79607e-01 Validation accuracy: 7.78667e-01 Loss 9.93749e-03 Time taken: 2.18 seconds 
Epoch: 87/200 Train accuracy: 7.78609e-01 Validation accuracy: 7.81000e-01 Loss 9.93610e-03 Time taken: 2.36 seconds 
Epoch: 88/200 Train accuracy: 7.81388e-01 Validation accuracy: 7.81667e-01 Loss 9.92625e-03 Time taken: 2.12 seconds 
Epoch: 89/200 Train accuracy: 7.82813e-01 Validation accuracy: 7.83000e-01 Loss 9.92755e-03 Time taken: 2.07 seconds 
Epoch: 90/200 Train accuracy: 7.82742e-01 Validation accuracy: 7.80333e-01 Loss 9.92420e-03 Time taken: 2.11 seconds 
Epoch: 91/200 Train accuracy: 7.81816e-01 Validation accuracy: 7.83333e-01 Loss 9.91923e-03 Time taken: 2.27 seconds 
Epoch: 92/200 Train accuracy: 7.84666e-01 Validation accuracy: 7.77333e-01 Loss 9.90660e-03 Time taken: 2.00 seconds 
Epoch: 93/200 Train accuracy: 7.81531e-01 Validation accuracy: 7.78000e-01 Loss 9.91705e-03 Time taken: 1.99 seconds 
Epoch: 94/200 Train accuracy: 7.83597e-01 Validation accuracy: 7.82667e-01 Loss 9.91708e-03 Time taken: 2.15 seconds 
Epoch: 95/200 Train accuracy: 7.80747e-01 Validation accuracy: 7.83667e-01 Loss 9.92872e-03 Time taken: 2.27 seconds 
Epoch: 96/200 Train accuracy: 7.81958e-01 Validation accuracy: 7.79667e-01 Loss 9.91335e-03 Time taken: 2.22 seconds 
Epoch: 97/200 Train accuracy: 7.83953e-01 Validation accuracy: 7.79333e-01 Loss 9.91931e-03 Time taken: 2.33 seconds 
Epoch: 98/200 Train accuracy: 7.80818e-01 Validation accuracy: 7.80667e-01 Loss 9.92491e-03 Time taken: 2.42 seconds 
Epoch: 99/200 Train accuracy: 7.81602e-01 Validation accuracy: 7.83667e-01 Loss 9.91792e-03 Time taken: 2.19 seconds 
Epoch: 100/200 Train accuracy: 7.84167e-01 Validation accuracy: 7.83000e-01 Loss 9.90242e-03 Time taken: 2.20 seconds 
Epoch: 101/200 Train accuracy: 7.80177e-01 Validation accuracy: 7.85000e-01 Loss 9.93193e-03 Time taken: 2.16 seconds 
Epoch: 102/200 Train accuracy: 7.84238e-01 Validation accuracy: 7.79333e-01 Loss 9.90539e-03 Time taken: 2.13 seconds 
Epoch: 103/200 Train accuracy: 7.83241e-01 Validation accuracy: 7.82000e-01 Loss 9.91092e-03 Time taken: 2.24 seconds 
Epoch: 104/200 Train accuracy: 7.84523e-01 Validation accuracy: 7.81000e-01 Loss 9.91011e-03 Time taken: 2.18 seconds 
Epoch: 105/200 Train accuracy: 7.86091e-01 Validation accuracy: 7.82000e-01 Loss 9.90003e-03 Time taken: 2.16 seconds 
Epoch: 106/200 Train accuracy: 7.85806e-01 Validation accuracy: 7.83000e-01 Loss 9.91201e-03 Time taken: 2.13 seconds 
Epoch: 107/200 Train accuracy: 7.83312e-01 Validation accuracy: 7.82000e-01 Loss 9.91184e-03 Time taken: 2.13 seconds 
Epoch: 108/200 Train accuracy: 7.83739e-01 Validation accuracy: 7.81333e-01 Loss 9.90533e-03 Time taken: 2.23 seconds 
Epoch: 109/200 Train accuracy: 7.82243e-01 Validation accuracy: 7.81667e-01 Loss 9.91730e-03 Time taken: 2.23 seconds 
Epoch: 110/200 Train accuracy: 7.85165e-01 Validation accuracy: 7.81667e-01 Loss 9.90703e-03 Time taken: 2.33 seconds 
Epoch: 111/200 Train accuracy: 7.84167e-01 Validation accuracy: 7.80667e-01 Loss 9.89811e-03 Time taken: 2.36 seconds 
Epoch: 112/200 Train accuracy: 7.84025e-01 Validation accuracy: 7.80667e-01 Loss 9.90811e-03 Time taken: 2.28 seconds 
Epoch: 113/200 Train accuracy: 7.86518e-01 Validation accuracy: 7.75667e-01 Loss 9.89166e-03 Time taken: 2.20 seconds 
Epoch: 114/200 Train accuracy: 7.82457e-01 Validation accuracy: 7.80667e-01 Loss 9.91954e-03 Time taken: 2.19 seconds 
Epoch: 115/200 Train accuracy: 7.82243e-01 Validation accuracy: 7.83333e-01 Loss 9.90837e-03 Time taken: 2.17 seconds 
Epoch: 116/200 Train accuracy: 7.84452e-01 Validation accuracy: 7.74667e-01 Loss 9.90796e-03 Time taken: 2.06 seconds 
Epoch: 117/200 Train accuracy: 7.80676e-01 Validation accuracy: 7.80667e-01 Loss 9.92157e-03 Time taken: 2.28 seconds 
Epoch: 118/200 Train accuracy: 7.82884e-01 Validation accuracy: 7.78667e-01 Loss 9.91196e-03 Time taken: 2.15 seconds 
Epoch: 119/200 Train accuracy: 7.84523e-01 Validation accuracy: 7.80667e-01 Loss 9.89633e-03 Time taken: 2.24 seconds 
Epoch: 120/200 Train accuracy: 7.87872e-01 Validation accuracy: 7.83333e-01 Loss 9.90011e-03 Time taken: 2.23 seconds 
Epoch: 121/200 Train accuracy: 7.86020e-01 Validation accuracy: 7.82333e-01 Loss 9.89044e-03 Time taken: 2.24 seconds 
Epoch: 122/200 Train accuracy: 7.84951e-01 Validation accuracy: 7.81333e-01 Loss 9.89308e-03 Time taken: 2.10 seconds 
Epoch: 123/200 Train accuracy: 7.85735e-01 Validation accuracy: 7.82333e-01 Loss 9.88955e-03 Time taken: 2.17 seconds 
Epoch: 124/200 Train accuracy: 7.86091e-01 Validation accuracy: 7.82667e-01 Loss 9.89159e-03 Time taken: 2.21 seconds 
Epoch: 125/200 Train accuracy: 7.83098e-01 Validation accuracy: 7.86000e-01 Loss 9.90413e-03 Time taken: 2.34 seconds 
Epoch: 126/200 Train accuracy: 7.84238e-01 Validation accuracy: 7.81000e-01 Loss 9.89324e-03 Time taken: 2.14 seconds 
Epoch: 127/200 Train accuracy: 7.87872e-01 Validation accuracy: 7.81667e-01 Loss 9.87782e-03 Time taken: 2.18 seconds 
Epoch: 128/200 Train accuracy: 7.83454e-01 Validation accuracy: 7.81000e-01 Loss 9.90165e-03 Time taken: 1.71 seconds 
Epoch: 129/200 Train accuracy: 7.81531e-01 Validation accuracy: 7.80333e-01 Loss 9.90861e-03 Time taken: 1.63 seconds 
Epoch: 130/200 Train accuracy: 7.83312e-01 Validation accuracy: 7.82333e-01 Loss 9.89907e-03 Time taken: 1.57 seconds 
Epoch: 131/200 Train accuracy: 7.86447e-01 Validation accuracy: 7.80000e-01 Loss 9.88404e-03 Time taken: 1.56 seconds 
Epoch: 132/200 Train accuracy: 7.85877e-01 Validation accuracy: 7.83333e-01 Loss 9.89348e-03 Time taken: 1.56 seconds 
Epoch: 133/200 Train accuracy: 7.83312e-01 Validation accuracy: 7.83333e-01 Loss 9.89529e-03 Time taken: 1.55 seconds 
Epoch: 134/200 Train accuracy: 7.87872e-01 Validation accuracy: 7.80333e-01 Loss 9.87931e-03 Time taken: 1.56 seconds 
Epoch: 135/200 Train accuracy: 7.85093e-01 Validation accuracy: 7.81667e-01 Loss 9.89367e-03 Time taken: 1.56 seconds 
Epoch: 136/200 Train accuracy: 7.87944e-01 Validation accuracy: 7.82333e-01 Loss 9.87917e-03 Time taken: 1.56 seconds 
Epoch: 137/200 Train accuracy: 7.87516e-01 Validation accuracy: 7.82000e-01 Loss 9.88796e-03 Time taken: 1.56 seconds 
Epoch: 138/200 Train accuracy: 7.87160e-01 Validation accuracy: 7.80333e-01 Loss 9.88324e-03 Time taken: 1.57 seconds 
Epoch: 139/200 Train accuracy: 7.87088e-01 Validation accuracy: 7.82000e-01 Loss 9.88870e-03 Time taken: 1.56 seconds 
Epoch: 140/200 Train accuracy: 7.84096e-01 Validation accuracy: 7.78667e-01 Loss 9.89497e-03 Time taken: 1.58 seconds 
Epoch: 141/200 Train accuracy: 7.84737e-01 Validation accuracy: 7.83667e-01 Loss 9.88583e-03 Time taken: 1.60 seconds 
Epoch: 142/200 Train accuracy: 7.85165e-01 Validation accuracy: 7.78333e-01 Loss 9.88923e-03 Time taken: 1.60 seconds 
Epoch: 143/200 Train accuracy: 7.86661e-01 Validation accuracy: 7.82333e-01 Loss 9.86957e-03 Time taken: 1.67 seconds 
Epoch: 144/200 Train accuracy: 7.87231e-01 Validation accuracy: 7.83000e-01 Loss 9.88408e-03 Time taken: 1.59 seconds 
Epoch: 145/200 Train accuracy: 7.87730e-01 Validation accuracy: 7.84667e-01 Loss 9.87852e-03 Time taken: 1.61 seconds 
Epoch: 146/200 Train accuracy: 7.89796e-01 Validation accuracy: 7.81667e-01 Loss 9.87149e-03 Time taken: 1.60 seconds 
Epoch: 147/200 Train accuracy: 7.85735e-01 Validation accuracy: 7.83000e-01 Loss 9.89430e-03 Time taken: 1.68 seconds 
Epoch: 148/200 Train accuracy: 7.85450e-01 Validation accuracy: 7.85000e-01 Loss 9.89026e-03 Time taken: 1.63 seconds 
Epoch: 149/200 Train accuracy: 7.86447e-01 Validation accuracy: 7.82333e-01 Loss 9.88687e-03 Time taken: 1.67 seconds 
Epoch: 150/200 Train accuracy: 7.86091e-01 Validation accuracy: 7.84333e-01 Loss 9.87471e-03 Time taken: 1.64 seconds 
Epoch: 151/200 Train accuracy: 7.87160e-01 Validation accuracy: 7.82000e-01 Loss 9.86849e-03 Time taken: 1.64 seconds 
Epoch: 152/200 Train accuracy: 7.83739e-01 Validation accuracy: 7.81000e-01 Loss 9.89165e-03 Time taken: 1.65 seconds 
Epoch: 153/200 Train accuracy: 7.86233e-01 Validation accuracy: 7.83667e-01 Loss 9.88289e-03 Time taken: 1.64 seconds 
Epoch: 154/200 Train accuracy: 7.86233e-01 Validation accuracy: 7.82333e-01 Loss 9.89388e-03 Time taken: 1.64 seconds 
Epoch: 155/200 Train accuracy: 7.88656e-01 Validation accuracy: 7.82667e-01 Loss 9.87420e-03 Time taken: 1.64 seconds 
Epoch: 156/200 Train accuracy: 7.85450e-01 Validation accuracy: 7.83000e-01 Loss 9.87895e-03 Time taken: 1.64 seconds 
Epoch: 157/200 Train accuracy: 7.87445e-01 Validation accuracy: 7.78000e-01 Loss 9.87601e-03 Time taken: 1.61 seconds 
Epoch: 158/200 Train accuracy: 7.86732e-01 Validation accuracy: 7.80667e-01 Loss 9.87584e-03 Time taken: 1.64 seconds 
Epoch: 159/200 Train accuracy: 7.87374e-01 Validation accuracy: 7.81667e-01 Loss 9.87948e-03 Time taken: 1.60 seconds 
Epoch: 160/200 Train accuracy: 7.85236e-01 Validation accuracy: 7.83000e-01 Loss 9.89254e-03 Time taken: 1.60 seconds 
Epoch: 161/200 Train accuracy: 7.86661e-01 Validation accuracy: 7.82667e-01 Loss 9.87345e-03 Time taken: 1.59 seconds 
Epoch: 162/200 Train accuracy: 7.88727e-01 Validation accuracy: 7.85333e-01 Loss 9.87140e-03 Time taken: 1.62 seconds 
Epoch: 163/200 Train accuracy: 7.83953e-01 Validation accuracy: 7.81000e-01 Loss 9.88135e-03 Time taken: 1.61 seconds 
Epoch: 164/200 Train accuracy: 7.91079e-01 Validation accuracy: 7.86333e-01 Loss 9.85996e-03 Time taken: 1.65 seconds 
Epoch: 165/200 Train accuracy: 7.88656e-01 Validation accuracy: 7.83667e-01 Loss 9.86910e-03 Time taken: 1.60 seconds 
Epoch: 166/200 Train accuracy: 7.86447e-01 Validation accuracy: 7.82667e-01 Loss 9.87148e-03 Time taken: 1.68 seconds 
Epoch: 167/200 Train accuracy: 7.86518e-01 Validation accuracy: 7.82333e-01 Loss 9.87292e-03 Time taken: 1.59 seconds 
Epoch: 168/200 Train accuracy: 7.87302e-01 Validation accuracy: 7.85000e-01 Loss 9.87046e-03 Time taken: 1.88 seconds 
Epoch: 169/200 Train accuracy: 7.87516e-01 Validation accuracy: 7.82000e-01 Loss 9.87524e-03 Time taken: 1.60 seconds 
Epoch: 170/200 Train accuracy: 7.87801e-01 Validation accuracy: 7.83667e-01 Loss 9.87357e-03 Time taken: 1.68 seconds 
Epoch: 171/200 Train accuracy: 7.86946e-01 Validation accuracy: 7.84000e-01 Loss 9.87421e-03 Time taken: 1.64 seconds 
Epoch: 172/200 Train accuracy: 7.85592e-01 Validation accuracy: 7.81333e-01 Loss 9.87046e-03 Time taken: 1.60 seconds 
Epoch: 173/200 Train accuracy: 7.88371e-01 Validation accuracy: 7.80000e-01 Loss 9.87320e-03 Time taken: 1.60 seconds 
Epoch: 174/200 Train accuracy: 7.84238e-01 Validation accuracy: 7.85000e-01 Loss 9.88317e-03 Time taken: 1.64 seconds 
Epoch: 175/200 Train accuracy: 7.87445e-01 Validation accuracy: 7.83667e-01 Loss 9.86941e-03 Time taken: 1.60 seconds 
Epoch: 176/200 Train accuracy: 7.86305e-01 Validation accuracy: 7.85667e-01 Loss 9.87788e-03 Time taken: 1.61 seconds 
Epoch: 177/200 Train accuracy: 7.86305e-01 Validation accuracy: 7.81333e-01 Loss 9.87842e-03 Time taken: 1.73 seconds 
Epoch: 178/200 Train accuracy: 7.86875e-01 Validation accuracy: 7.83333e-01 Loss 9.87482e-03 Time taken: 1.73 seconds 
Epoch: 179/200 Train accuracy: 7.87160e-01 Validation accuracy: 7.81000e-01 Loss 9.86901e-03 Time taken: 2.31 seconds 
Epoch: 180/200 Train accuracy: 7.85877e-01 Validation accuracy: 7.85333e-01 Loss 9.88061e-03 Time taken: 2.09 seconds 
Epoch: 181/200 Train accuracy: 7.85948e-01 Validation accuracy: 7.86000e-01 Loss 9.87650e-03 Time taken: 2.16 seconds 
Epoch: 182/200 Train accuracy: 7.86518e-01 Validation accuracy: 7.83667e-01 Loss 9.87279e-03 Time taken: 2.13 seconds 
Epoch: 183/200 Train accuracy: 7.88585e-01 Validation accuracy: 7.84000e-01 Loss 9.87051e-03 Time taken: 2.10 seconds 
Epoch: 184/200 Train accuracy: 7.88870e-01 Validation accuracy: 7.86333e-01 Loss 9.86615e-03 Time taken: 2.12 seconds 
Epoch: 185/200 Train accuracy: 7.87516e-01 Validation accuracy: 7.80333e-01 Loss 9.85706e-03 Time taken: 2.07 seconds 
Epoch: 186/200 Train accuracy: 7.83882e-01 Validation accuracy: 7.81667e-01 Loss 9.87680e-03 Time taken: 2.28 seconds 
Epoch: 187/200 Train accuracy: 7.89155e-01 Validation accuracy: 7.82333e-01 Loss 9.86058e-03 Time taken: 2.30 seconds 
Epoch: 188/200 Train accuracy: 7.86162e-01 Validation accuracy: 7.78333e-01 Loss 9.87863e-03 Time taken: 2.00 seconds 
Epoch: 189/200 Train accuracy: 7.88229e-01 Validation accuracy: 7.81667e-01 Loss 9.85982e-03 Time taken: 2.10 seconds 
Epoch: 190/200 Train accuracy: 7.86661e-01 Validation accuracy: 7.85000e-01 Loss 9.86240e-03 Time taken: 2.27 seconds 
Epoch: 191/200 Train accuracy: 7.88585e-01 Validation accuracy: 7.85000e-01 Loss 9.86294e-03 Time taken: 2.28 seconds 
Epoch: 192/200 Train accuracy: 7.90224e-01 Validation accuracy: 7.85333e-01 Loss 9.86153e-03 Time taken: 2.35 seconds 
Epoch: 193/200 Train accuracy: 7.86661e-01 Validation accuracy: 7.86000e-01 Loss 9.87801e-03 Time taken: 2.23 seconds 
Epoch: 194/200 Train accuracy: 7.87374e-01 Validation accuracy: 7.87333e-01 Loss 9.87143e-03 Time taken: 2.48 seconds 
Epoch: 195/200 Train accuracy: 7.86518e-01 Validation accuracy: 7.83000e-01 Loss 9.87249e-03 Time taken: 2.17 seconds 
Epoch: 196/200 Train accuracy: 7.87160e-01 Validation accuracy: 7.83667e-01 Loss 9.86861e-03 Time taken: 2.18 seconds 
Epoch: 197/200 Train accuracy: 7.89084e-01 Validation accuracy: 7.82667e-01 Loss 9.86291e-03 Time taken: 2.29 seconds 
Epoch: 198/200 Train accuracy: 7.89939e-01 Validation accuracy: 7.83667e-01 Loss 9.85420e-03 Time taken: 2.26 seconds 
Epoch: 199/200 Train accuracy: 7.87302e-01 Validation accuracy: 7.83667e-01 Loss 9.87404e-03 Time taken: 2.10 seconds 
Epoch: 200/200 Train accuracy: 7.87730e-01 Validation accuracy: 7.82333e-01 Loss 9.87009e-03 Time taken: 2.35 seconds 
Total time taken 0:06:53.257659
Cleaning up intermediate feature (.pt) files
Done


working on file logs/iic-train-PKT/jepa_iic_PKT-ep450.pth.tar ...
