Directory classifiers/jepa-iic-L2-seed43-classifier-pretrained-vitb-normalized-ep400 for saving the classifiers is now present
VisionTransformer(
  (patch_embed): PatchEmbed(
    (proj): Conv2d(3, 768, kernel_size=(15, 15), stride=(15, 15))
  )
  (blocks): ModuleList(
    (0-11): 12 x Block(
      (norm1): LayerNorm((768,), eps=1e-06, elementwise_affine=True)
      (attn): Attention(
        (qkv): Linear(in_features=768, out_features=2304, bias=True)
        (attn_drop): Dropout(p=0.0, inplace=False)
        (proj): Linear(in_features=768, out_features=768, bias=True)
        (proj_drop): Dropout(p=0.0, inplace=False)
      )
      (drop_path): Identity()
      (norm2): LayerNorm((768,), eps=1e-06, elementwise_affine=True)
      (mlp): MLP(
        (fc1): Linear(in_features=768, out_features=3072, bias=True)
        (act): GELU(approximate='none')
        (fc2): Linear(in_features=3072, out_features=768, bias=True)
        (drop): Dropout(p=0.0, inplace=False)
      )
    )
  )
  (norm): LayerNorm((768,), eps=1e-06, elementwise_affine=True)
)
Extracting features and saving them locally..
Epoch: 1/200 Train accuracy: 4.50335e-01 Validation accuracy: 6.73667e-01 Loss 1.25368e-02 Time taken: 1.53 seconds 
Epoch: 2/200 Train accuracy: 6.55052e-01 Validation accuracy: 7.05333e-01 Loss 1.11199e-02 Time taken: 1.53 seconds 
Epoch: 3/200 Train accuracy: 6.98019e-01 Validation accuracy: 7.21667e-01 Loss 1.07630e-02 Time taken: 1.53 seconds 
Epoch: 4/200 Train accuracy: 7.16617e-01 Validation accuracy: 7.34333e-01 Loss 1.05901e-02 Time taken: 1.54 seconds 
Epoch: 5/200 Train accuracy: 7.27733e-01 Validation accuracy: 7.34333e-01 Loss 1.04805e-02 Time taken: 1.53 seconds 
Epoch: 6/200 Train accuracy: 7.31937e-01 Validation accuracy: 7.43667e-01 Loss 1.04123e-02 Time taken: 1.53 seconds 
Epoch: 7/200 Train accuracy: 7.39917e-01 Validation accuracy: 7.48000e-01 Loss 1.03600e-02 Time taken: 1.54 seconds 
Epoch: 8/200 Train accuracy: 7.45190e-01 Validation accuracy: 7.51667e-01 Loss 1.03121e-02 Time taken: 1.55 seconds 
Epoch: 9/200 Train accuracy: 7.45262e-01 Validation accuracy: 7.54333e-01 Loss 1.02800e-02 Time taken: 1.52 seconds 
Epoch: 10/200 Train accuracy: 7.47969e-01 Validation accuracy: 7.54667e-01 Loss 1.02532e-02 Time taken: 1.54 seconds 
Epoch: 11/200 Train accuracy: 7.54382e-01 Validation accuracy: 7.54667e-01 Loss 1.02203e-02 Time taken: 1.52 seconds 
Epoch: 12/200 Train accuracy: 7.56947e-01 Validation accuracy: 7.57667e-01 Loss 1.01965e-02 Time taken: 1.53 seconds 
Epoch: 13/200 Train accuracy: 7.53456e-01 Validation accuracy: 7.63333e-01 Loss 1.01901e-02 Time taken: 1.52 seconds 
Epoch: 14/200 Train accuracy: 7.57660e-01 Validation accuracy: 7.58667e-01 Loss 1.01745e-02 Time taken: 1.55 seconds 
Epoch: 15/200 Train accuracy: 7.57589e-01 Validation accuracy: 7.61000e-01 Loss 1.01516e-02 Time taken: 1.53 seconds 
Epoch: 16/200 Train accuracy: 7.59655e-01 Validation accuracy: 7.64667e-01 Loss 1.01420e-02 Time taken: 1.53 seconds 
Epoch: 17/200 Train accuracy: 7.63788e-01 Validation accuracy: 7.66000e-01 Loss 1.01335e-02 Time taken: 1.52 seconds 
Epoch: 18/200 Train accuracy: 7.63289e-01 Validation accuracy: 7.65667e-01 Loss 1.01187e-02 Time taken: 1.53 seconds 
Epoch: 19/200 Train accuracy: 7.64358e-01 Validation accuracy: 7.66000e-01 Loss 1.01034e-02 Time taken: 1.54 seconds 
Epoch: 20/200 Train accuracy: 7.63147e-01 Validation accuracy: 7.67667e-01 Loss 1.00969e-02 Time taken: 1.52 seconds 
Epoch: 21/200 Train accuracy: 7.66353e-01 Validation accuracy: 7.70333e-01 Loss 1.00875e-02 Time taken: 1.55 seconds 
Epoch: 22/200 Train accuracy: 7.64287e-01 Validation accuracy: 7.72333e-01 Loss 1.00936e-02 Time taken: 1.53 seconds 
Epoch: 23/200 Train accuracy: 7.67564e-01 Validation accuracy: 7.73333e-01 Loss 1.00674e-02 Time taken: 1.53 seconds 
Epoch: 24/200 Train accuracy: 7.70985e-01 Validation accuracy: 7.75000e-01 Loss 1.00564e-02 Time taken: 1.52 seconds 
Epoch: 25/200 Train accuracy: 7.68918e-01 Validation accuracy: 7.68000e-01 Loss 1.00586e-02 Time taken: 1.51 seconds 
Epoch: 26/200 Train accuracy: 7.67208e-01 Validation accuracy: 7.75333e-01 Loss 1.00509e-02 Time taken: 1.53 seconds 
Epoch: 27/200 Train accuracy: 7.71840e-01 Validation accuracy: 7.73667e-01 Loss 1.00464e-02 Time taken: 1.52 seconds 
Epoch: 28/200 Train accuracy: 7.68990e-01 Validation accuracy: 7.71333e-01 Loss 1.00495e-02 Time taken: 1.53 seconds 
Epoch: 29/200 Train accuracy: 7.72481e-01 Validation accuracy: 7.70333e-01 Loss 1.00358e-02 Time taken: 1.53 seconds 
Epoch: 30/200 Train accuracy: 7.70272e-01 Validation accuracy: 7.68000e-01 Loss 1.00441e-02 Time taken: 1.52 seconds 
Epoch: 31/200 Train accuracy: 7.71341e-01 Validation accuracy: 7.74333e-01 Loss 1.00389e-02 Time taken: 1.53 seconds 
Epoch: 32/200 Train accuracy: 7.74975e-01 Validation accuracy: 7.74000e-01 Loss 1.00129e-02 Time taken: 1.53 seconds 
Epoch: 33/200 Train accuracy: 7.74120e-01 Validation accuracy: 7.73667e-01 Loss 1.00089e-02 Time taken: 1.52 seconds 
Epoch: 34/200 Train accuracy: 7.75189e-01 Validation accuracy: 7.75667e-01 Loss 1.00074e-02 Time taken: 1.52 seconds 
Epoch: 35/200 Train accuracy: 7.74191e-01 Validation accuracy: 7.77000e-01 Loss 1.00071e-02 Time taken: 1.53 seconds 
Epoch: 36/200 Train accuracy: 7.72766e-01 Validation accuracy: 7.74000e-01 Loss 1.00053e-02 Time taken: 1.53 seconds 
Epoch: 37/200 Train accuracy: 7.74191e-01 Validation accuracy: 7.74333e-01 Loss 1.00088e-02 Time taken: 1.51 seconds 
Epoch: 38/200 Train accuracy: 7.74263e-01 Validation accuracy: 7.74333e-01 Loss 1.00061e-02 Time taken: 1.53 seconds 
Epoch: 39/200 Train accuracy: 7.73407e-01 Validation accuracy: 7.78000e-01 Loss 9.99796e-03 Time taken: 1.53 seconds 
Epoch: 40/200 Train accuracy: 7.74191e-01 Validation accuracy: 7.75667e-01 Loss 9.99992e-03 Time taken: 1.54 seconds 
Epoch: 41/200 Train accuracy: 7.74191e-01 Validation accuracy: 7.75667e-01 Loss 9.99897e-03 Time taken: 1.51 seconds 
Epoch: 42/200 Train accuracy: 7.74476e-01 Validation accuracy: 7.73000e-01 Loss 9.99152e-03 Time taken: 1.54 seconds 
Epoch: 43/200 Train accuracy: 7.76329e-01 Validation accuracy: 7.76000e-01 Loss 9.99341e-03 Time taken: 1.52 seconds 
Epoch: 44/200 Train accuracy: 7.78324e-01 Validation accuracy: 7.74000e-01 Loss 9.97086e-03 Time taken: 1.51 seconds 
Epoch: 45/200 Train accuracy: 7.77968e-01 Validation accuracy: 7.78667e-01 Loss 9.96544e-03 Time taken: 1.53 seconds 
Epoch: 46/200 Train accuracy: 7.76400e-01 Validation accuracy: 7.78000e-01 Loss 9.98040e-03 Time taken: 1.50 seconds 
Epoch: 47/200 Train accuracy: 7.76400e-01 Validation accuracy: 7.78333e-01 Loss 9.97403e-03 Time taken: 1.52 seconds 
Epoch: 48/200 Train accuracy: 7.77184e-01 Validation accuracy: 7.77000e-01 Loss 9.97079e-03 Time taken: 1.52 seconds 
Epoch: 49/200 Train accuracy: 7.77897e-01 Validation accuracy: 7.80333e-01 Loss 9.97224e-03 Time taken: 1.53 seconds 
Epoch: 50/200 Train accuracy: 7.80533e-01 Validation accuracy: 7.77667e-01 Loss 9.94936e-03 Time taken: 1.52 seconds 
Epoch: 51/200 Train accuracy: 7.75474e-01 Validation accuracy: 7.75000e-01 Loss 9.97322e-03 Time taken: 1.51 seconds 
Epoch: 52/200 Train accuracy: 7.80319e-01 Validation accuracy: 7.75667e-01 Loss 9.95773e-03 Time taken: 1.53 seconds 
Epoch: 53/200 Train accuracy: 7.81317e-01 Validation accuracy: 7.80667e-01 Loss 9.95161e-03 Time taken: 1.52 seconds 
Epoch: 54/200 Train accuracy: 7.79464e-01 Validation accuracy: 7.78000e-01 Loss 9.95007e-03 Time taken: 1.52 seconds 
Epoch: 55/200 Train accuracy: 7.81531e-01 Validation accuracy: 7.79000e-01 Loss 9.95858e-03 Time taken: 1.52 seconds 
Epoch: 56/200 Train accuracy: 7.81032e-01 Validation accuracy: 7.72333e-01 Loss 9.94217e-03 Time taken: 1.51 seconds 
Epoch: 57/200 Train accuracy: 7.77754e-01 Validation accuracy: 7.80667e-01 Loss 9.95674e-03 Time taken: 1.51 seconds 
Epoch: 58/200 Train accuracy: 7.79108e-01 Validation accuracy: 7.81333e-01 Loss 9.94746e-03 Time taken: 1.52 seconds 
Epoch: 59/200 Train accuracy: 7.76970e-01 Validation accuracy: 7.80333e-01 Loss 9.95305e-03 Time taken: 1.52 seconds 
Epoch: 60/200 Train accuracy: 7.79464e-01 Validation accuracy: 7.74333e-01 Loss 9.94802e-03 Time taken: 1.52 seconds 
Epoch: 61/200 Train accuracy: 7.79749e-01 Validation accuracy: 7.77000e-01 Loss 9.95316e-03 Time taken: 1.52 seconds 
Epoch: 62/200 Train accuracy: 7.81816e-01 Validation accuracy: 7.79333e-01 Loss 9.93651e-03 Time taken: 1.51 seconds 
Epoch: 63/200 Train accuracy: 7.80533e-01 Validation accuracy: 7.76000e-01 Loss 9.94033e-03 Time taken: 1.52 seconds 
Epoch: 64/200 Train accuracy: 7.79322e-01 Validation accuracy: 7.76000e-01 Loss 9.94887e-03 Time taken: 1.53 seconds 
Epoch: 65/200 Train accuracy: 7.79179e-01 Validation accuracy: 7.79000e-01 Loss 9.94108e-03 Time taken: 1.51 seconds 
Epoch: 66/200 Train accuracy: 7.78253e-01 Validation accuracy: 7.74000e-01 Loss 9.95276e-03 Time taken: 1.52 seconds 
Epoch: 67/200 Train accuracy: 7.80533e-01 Validation accuracy: 7.82000e-01 Loss 9.93193e-03 Time taken: 1.51 seconds 
Epoch: 68/200 Train accuracy: 7.79535e-01 Validation accuracy: 7.84000e-01 Loss 9.93952e-03 Time taken: 1.51 seconds 
Epoch: 69/200 Train accuracy: 7.82599e-01 Validation accuracy: 7.80000e-01 Loss 9.92145e-03 Time taken: 1.53 seconds 
Epoch: 70/200 Train accuracy: 7.82314e-01 Validation accuracy: 7.81667e-01 Loss 9.92962e-03 Time taken: 1.51 seconds 
Epoch: 71/200 Train accuracy: 7.82956e-01 Validation accuracy: 7.75667e-01 Loss 9.92024e-03 Time taken: 1.52 seconds 
Epoch: 72/200 Train accuracy: 7.79749e-01 Validation accuracy: 7.72667e-01 Loss 9.93659e-03 Time taken: 1.51 seconds 
Epoch: 73/200 Train accuracy: 7.80248e-01 Validation accuracy: 7.77333e-01 Loss 9.93511e-03 Time taken: 1.52 seconds 
Epoch: 74/200 Train accuracy: 7.81103e-01 Validation accuracy: 7.77333e-01 Loss 9.92998e-03 Time taken: 1.52 seconds 
Epoch: 75/200 Train accuracy: 7.84951e-01 Validation accuracy: 7.77667e-01 Loss 9.92430e-03 Time taken: 1.51 seconds 
Epoch: 76/200 Train accuracy: 7.81174e-01 Validation accuracy: 7.76000e-01 Loss 9.94022e-03 Time taken: 1.53 seconds 
Epoch: 77/200 Train accuracy: 7.84167e-01 Validation accuracy: 7.80000e-01 Loss 9.91658e-03 Time taken: 1.52 seconds 
Epoch: 78/200 Train accuracy: 7.81816e-01 Validation accuracy: 7.82000e-01 Loss 9.93140e-03 Time taken: 1.52 seconds 
Epoch: 79/200 Train accuracy: 7.80889e-01 Validation accuracy: 7.74333e-01 Loss 9.92627e-03 Time taken: 1.52 seconds 
Epoch: 80/200 Train accuracy: 7.84025e-01 Validation accuracy: 7.77667e-01 Loss 9.91308e-03 Time taken: 1.52 seconds 
Epoch: 81/200 Train accuracy: 7.78395e-01 Validation accuracy: 7.81000e-01 Loss 9.93178e-03 Time taken: 1.51 seconds 
Epoch: 82/200 Train accuracy: 7.81531e-01 Validation accuracy: 7.77333e-01 Loss 9.92285e-03 Time taken: 1.52 seconds 
Epoch: 83/200 Train accuracy: 7.83811e-01 Validation accuracy: 7.77000e-01 Loss 9.90434e-03 Time taken: 1.53 seconds 
Epoch: 84/200 Train accuracy: 7.83953e-01 Validation accuracy: 7.78333e-01 Loss 9.91071e-03 Time taken: 1.53 seconds 
Epoch: 85/200 Train accuracy: 7.86803e-01 Validation accuracy: 7.80333e-01 Loss 9.89761e-03 Time taken: 1.53 seconds 
Epoch: 86/200 Train accuracy: 7.87730e-01 Validation accuracy: 7.72333e-01 Loss 9.89989e-03 Time taken: 1.54 seconds 
Epoch: 87/200 Train accuracy: 7.80604e-01 Validation accuracy: 7.82000e-01 Loss 9.91681e-03 Time taken: 1.52 seconds 
Epoch: 88/200 Train accuracy: 7.82742e-01 Validation accuracy: 7.82333e-01 Loss 9.90602e-03 Time taken: 1.52 seconds 
Epoch: 89/200 Train accuracy: 7.83526e-01 Validation accuracy: 7.78000e-01 Loss 9.90985e-03 Time taken: 1.52 seconds 
Epoch: 90/200 Train accuracy: 7.85165e-01 Validation accuracy: 7.76000e-01 Loss 9.90391e-03 Time taken: 1.53 seconds 
Epoch: 91/200 Train accuracy: 7.82956e-01 Validation accuracy: 7.81000e-01 Loss 9.90889e-03 Time taken: 1.53 seconds 
Epoch: 92/200 Train accuracy: 7.82813e-01 Validation accuracy: 7.80333e-01 Loss 9.90916e-03 Time taken: 1.53 seconds 
Epoch: 93/200 Train accuracy: 7.83312e-01 Validation accuracy: 7.82333e-01 Loss 9.91146e-03 Time taken: 1.52 seconds 
Epoch: 94/200 Train accuracy: 7.85307e-01 Validation accuracy: 7.80667e-01 Loss 9.89961e-03 Time taken: 1.51 seconds 
Epoch: 95/200 Train accuracy: 7.84452e-01 Validation accuracy: 7.85000e-01 Loss 9.90534e-03 Time taken: 1.52 seconds 
Epoch: 96/200 Train accuracy: 7.84595e-01 Validation accuracy: 7.80333e-01 Loss 9.90117e-03 Time taken: 1.51 seconds 
Epoch: 97/200 Train accuracy: 7.82101e-01 Validation accuracy: 7.77333e-01 Loss 9.91470e-03 Time taken: 1.53 seconds 
Epoch: 98/200 Train accuracy: 7.84737e-01 Validation accuracy: 7.83000e-01 Loss 9.90364e-03 Time taken: 1.52 seconds 
Epoch: 99/200 Train accuracy: 7.84808e-01 Validation accuracy: 7.80333e-01 Loss 9.89608e-03 Time taken: 1.51 seconds 
Epoch: 100/200 Train accuracy: 7.84381e-01 Validation accuracy: 7.79667e-01 Loss 9.90144e-03 Time taken: 1.52 seconds 
Epoch: 101/200 Train accuracy: 7.81388e-01 Validation accuracy: 7.82333e-01 Loss 9.89961e-03 Time taken: 1.52 seconds 
Epoch: 102/200 Train accuracy: 7.82599e-01 Validation accuracy: 7.78000e-01 Loss 9.90357e-03 Time taken: 1.52 seconds 
Epoch: 103/200 Train accuracy: 7.84808e-01 Validation accuracy: 7.78333e-01 Loss 9.89692e-03 Time taken: 1.52 seconds 
Epoch: 104/200 Train accuracy: 7.82457e-01 Validation accuracy: 7.84667e-01 Loss 9.90483e-03 Time taken: 1.53 seconds 
Epoch: 105/200 Train accuracy: 7.87587e-01 Validation accuracy: 7.80667e-01 Loss 9.89518e-03 Time taken: 1.54 seconds 
Epoch: 106/200 Train accuracy: 7.87374e-01 Validation accuracy: 7.80333e-01 Loss 9.88388e-03 Time taken: 1.53 seconds 
Epoch: 107/200 Train accuracy: 7.87374e-01 Validation accuracy: 7.80667e-01 Loss 9.88528e-03 Time taken: 1.53 seconds 
Epoch: 108/200 Train accuracy: 7.85663e-01 Validation accuracy: 7.87333e-01 Loss 9.89079e-03 Time taken: 1.54 seconds 
Epoch: 109/200 Train accuracy: 7.87659e-01 Validation accuracy: 7.83000e-01 Loss 9.88667e-03 Time taken: 1.53 seconds 
Epoch: 110/200 Train accuracy: 7.86661e-01 Validation accuracy: 7.82667e-01 Loss 9.88000e-03 Time taken: 1.53 seconds 
Epoch: 111/200 Train accuracy: 7.85236e-01 Validation accuracy: 7.76667e-01 Loss 9.89645e-03 Time taken: 1.53 seconds 
Epoch: 112/200 Train accuracy: 7.87516e-01 Validation accuracy: 7.76333e-01 Loss 9.87779e-03 Time taken: 1.55 seconds 
Epoch: 113/200 Train accuracy: 7.87801e-01 Validation accuracy: 7.82000e-01 Loss 9.88648e-03 Time taken: 1.51 seconds 
Epoch: 114/200 Train accuracy: 7.86162e-01 Validation accuracy: 7.81333e-01 Loss 9.89257e-03 Time taken: 1.54 seconds 
Epoch: 115/200 Train accuracy: 7.83739e-01 Validation accuracy: 7.78667e-01 Loss 9.89559e-03 Time taken: 1.52 seconds 
Epoch: 116/200 Train accuracy: 7.85735e-01 Validation accuracy: 7.78667e-01 Loss 9.86936e-03 Time taken: 1.52 seconds 
Epoch: 117/200 Train accuracy: 7.85521e-01 Validation accuracy: 7.81667e-01 Loss 9.89056e-03 Time taken: 1.52 seconds 
Epoch: 118/200 Train accuracy: 7.85378e-01 Validation accuracy: 7.80667e-01 Loss 9.88461e-03 Time taken: 1.52 seconds 
Epoch: 119/200 Train accuracy: 7.87160e-01 Validation accuracy: 7.75667e-01 Loss 9.87969e-03 Time taken: 1.52 seconds 
Epoch: 120/200 Train accuracy: 7.88157e-01 Validation accuracy: 7.80000e-01 Loss 9.88170e-03 Time taken: 1.54 seconds 
Epoch: 121/200 Train accuracy: 7.87017e-01 Validation accuracy: 7.80000e-01 Loss 9.88024e-03 Time taken: 1.52 seconds 
Epoch: 122/200 Train accuracy: 7.88656e-01 Validation accuracy: 7.84333e-01 Loss 9.87792e-03 Time taken: 1.53 seconds 
Epoch: 123/200 Train accuracy: 7.88086e-01 Validation accuracy: 7.82000e-01 Loss 9.87699e-03 Time taken: 1.52 seconds 
Epoch: 124/200 Train accuracy: 7.84880e-01 Validation accuracy: 7.88667e-01 Loss 9.89381e-03 Time taken: 1.53 seconds 
Epoch: 125/200 Train accuracy: 7.87374e-01 Validation accuracy: 7.82667e-01 Loss 9.88277e-03 Time taken: 1.52 seconds 
Epoch: 126/200 Train accuracy: 7.87730e-01 Validation accuracy: 7.83667e-01 Loss 9.88070e-03 Time taken: 1.53 seconds 
Epoch: 127/200 Train accuracy: 7.87587e-01 Validation accuracy: 7.82333e-01 Loss 9.87571e-03 Time taken: 1.53 seconds 
Epoch: 128/200 Train accuracy: 7.84951e-01 Validation accuracy: 7.82333e-01 Loss 9.88498e-03 Time taken: 1.53 seconds 
Epoch: 129/200 Train accuracy: 7.88585e-01 Validation accuracy: 7.80667e-01 Loss 9.87271e-03 Time taken: 1.52 seconds 
Epoch: 130/200 Train accuracy: 7.87231e-01 Validation accuracy: 7.81000e-01 Loss 9.88631e-03 Time taken: 1.52 seconds 
Epoch: 131/200 Train accuracy: 7.88229e-01 Validation accuracy: 7.83667e-01 Loss 9.86788e-03 Time taken: 1.54 seconds 
Epoch: 132/200 Train accuracy: 7.87088e-01 Validation accuracy: 7.84000e-01 Loss 9.87308e-03 Time taken: 1.54 seconds 
Epoch: 133/200 Train accuracy: 7.86447e-01 Validation accuracy: 7.82333e-01 Loss 9.87634e-03 Time taken: 1.52 seconds 
Epoch: 134/200 Train accuracy: 7.86732e-01 Validation accuracy: 7.81333e-01 Loss 9.87422e-03 Time taken: 1.52 seconds 
Epoch: 135/200 Train accuracy: 7.88086e-01 Validation accuracy: 7.80333e-01 Loss 9.87425e-03 Time taken: 1.53 seconds 
Epoch: 136/200 Train accuracy: 7.87944e-01 Validation accuracy: 7.79000e-01 Loss 9.86847e-03 Time taken: 1.52 seconds 
Epoch: 137/200 Train accuracy: 7.85165e-01 Validation accuracy: 7.78667e-01 Loss 9.87779e-03 Time taken: 1.52 seconds 
Epoch: 138/200 Train accuracy: 7.89654e-01 Validation accuracy: 7.82667e-01 Loss 9.86542e-03 Time taken: 1.53 seconds 
Epoch: 139/200 Train accuracy: 7.87160e-01 Validation accuracy: 7.80000e-01 Loss 9.87201e-03 Time taken: 1.51 seconds 
Epoch: 140/200 Train accuracy: 7.85307e-01 Validation accuracy: 7.82000e-01 Loss 9.87850e-03 Time taken: 1.51 seconds 
Epoch: 141/200 Train accuracy: 7.89012e-01 Validation accuracy: 7.84667e-01 Loss 9.86903e-03 Time taken: 1.52 seconds 
Epoch: 142/200 Train accuracy: 7.88514e-01 Validation accuracy: 7.84000e-01 Loss 9.86277e-03 Time taken: 1.50 seconds 
Epoch: 143/200 Train accuracy: 7.87801e-01 Validation accuracy: 7.82000e-01 Loss 9.87045e-03 Time taken: 1.51 seconds 
Epoch: 144/200 Train accuracy: 7.87374e-01 Validation accuracy: 7.75667e-01 Loss 9.86860e-03 Time taken: 1.51 seconds 
Epoch: 145/200 Train accuracy: 7.87944e-01 Validation accuracy: 7.79000e-01 Loss 9.86461e-03 Time taken: 1.52 seconds 
Epoch: 146/200 Train accuracy: 7.88941e-01 Validation accuracy: 7.83333e-01 Loss 9.86353e-03 Time taken: 1.52 seconds 
Epoch: 147/200 Train accuracy: 7.85307e-01 Validation accuracy: 7.83667e-01 Loss 9.87835e-03 Time taken: 1.52 seconds 
Epoch: 148/200 Train accuracy: 7.87302e-01 Validation accuracy: 7.82667e-01 Loss 9.86402e-03 Time taken: 1.53 seconds 
Epoch: 149/200 Train accuracy: 7.82956e-01 Validation accuracy: 7.84333e-01 Loss 9.89472e-03 Time taken: 1.51 seconds 
Epoch: 150/200 Train accuracy: 7.90438e-01 Validation accuracy: 7.84667e-01 Loss 9.85299e-03 Time taken: 1.52 seconds 
Epoch: 151/200 Train accuracy: 7.85592e-01 Validation accuracy: 7.84000e-01 Loss 9.88403e-03 Time taken: 1.51 seconds 
Epoch: 152/200 Train accuracy: 7.88514e-01 Validation accuracy: 7.84000e-01 Loss 9.86641e-03 Time taken: 1.53 seconds 
Epoch: 153/200 Train accuracy: 7.89012e-01 Validation accuracy: 7.84667e-01 Loss 9.86964e-03 Time taken: 1.53 seconds 
Epoch: 154/200 Train accuracy: 7.85378e-01 Validation accuracy: 7.80000e-01 Loss 9.87172e-03 Time taken: 1.53 seconds 
Epoch: 155/200 Train accuracy: 7.87160e-01 Validation accuracy: 7.81000e-01 Loss 9.87282e-03 Time taken: 1.52 seconds 
Epoch: 156/200 Train accuracy: 7.87872e-01 Validation accuracy: 7.76333e-01 Loss 9.87262e-03 Time taken: 1.54 seconds 
Epoch: 157/200 Train accuracy: 7.90865e-01 Validation accuracy: 7.81333e-01 Loss 9.86335e-03 Time taken: 1.51 seconds 
Epoch: 158/200 Train accuracy: 7.87587e-01 Validation accuracy: 7.82333e-01 Loss 9.86047e-03 Time taken: 1.52 seconds 
Epoch: 159/200 Train accuracy: 7.87445e-01 Validation accuracy: 7.85000e-01 Loss 9.86440e-03 Time taken: 1.52 seconds 
Epoch: 160/200 Train accuracy: 7.88799e-01 Validation accuracy: 7.87000e-01 Loss 9.86789e-03 Time taken: 1.51 seconds 
Epoch: 161/200 Train accuracy: 7.87445e-01 Validation accuracy: 7.85000e-01 Loss 9.86702e-03 Time taken: 1.52 seconds 
Epoch: 162/200 Train accuracy: 7.86376e-01 Validation accuracy: 7.82333e-01 Loss 9.87093e-03 Time taken: 1.53 seconds 
Epoch: 163/200 Train accuracy: 7.88086e-01 Validation accuracy: 7.85000e-01 Loss 9.86143e-03 Time taken: 1.52 seconds 
Epoch: 164/200 Train accuracy: 7.87445e-01 Validation accuracy: 7.83000e-01 Loss 9.87306e-03 Time taken: 1.53 seconds 
Epoch: 165/200 Train accuracy: 7.90865e-01 Validation accuracy: 7.87333e-01 Loss 9.85568e-03 Time taken: 1.52 seconds 
Epoch: 166/200 Train accuracy: 7.89226e-01 Validation accuracy: 7.89333e-01 Loss 9.86219e-03 Time taken: 1.53 seconds 
Epoch: 167/200 Train accuracy: 7.92148e-01 Validation accuracy: 7.83333e-01 Loss 9.84030e-03 Time taken: 1.52 seconds 
Epoch: 168/200 Train accuracy: 7.92789e-01 Validation accuracy: 7.86667e-01 Loss 9.84807e-03 Time taken: 1.52 seconds 
Epoch: 169/200 Train accuracy: 7.89084e-01 Validation accuracy: 7.82000e-01 Loss 9.85961e-03 Time taken: 1.53 seconds 
Epoch: 170/200 Train accuracy: 7.89796e-01 Validation accuracy: 7.85667e-01 Loss 9.85821e-03 Time taken: 1.53 seconds 
Epoch: 171/200 Train accuracy: 7.90366e-01 Validation accuracy: 7.82000e-01 Loss 9.85552e-03 Time taken: 1.52 seconds 
Epoch: 172/200 Train accuracy: 7.87872e-01 Validation accuracy: 7.83000e-01 Loss 9.86204e-03 Time taken: 1.52 seconds 
Epoch: 173/200 Train accuracy: 7.88727e-01 Validation accuracy: 7.82333e-01 Loss 9.85754e-03 Time taken: 1.52 seconds 
Epoch: 174/200 Train accuracy: 7.88157e-01 Validation accuracy: 7.82667e-01 Loss 9.85500e-03 Time taken: 1.52 seconds 
Epoch: 175/200 Train accuracy: 7.89155e-01 Validation accuracy: 7.86333e-01 Loss 9.85590e-03 Time taken: 1.51 seconds 
Epoch: 176/200 Train accuracy: 7.87872e-01 Validation accuracy: 7.80667e-01 Loss 9.86254e-03 Time taken: 1.53 seconds 
Epoch: 177/200 Train accuracy: 7.85165e-01 Validation accuracy: 7.86333e-01 Loss 9.86869e-03 Time taken: 1.50 seconds 
Epoch: 178/200 Train accuracy: 7.90295e-01 Validation accuracy: 7.79667e-01 Loss 9.85767e-03 Time taken: 1.52 seconds 
Epoch: 179/200 Train accuracy: 7.90081e-01 Validation accuracy: 7.84333e-01 Loss 9.85351e-03 Time taken: 1.52 seconds 
Epoch: 180/200 Train accuracy: 7.87445e-01 Validation accuracy: 7.82333e-01 Loss 9.86538e-03 Time taken: 1.53 seconds 
Epoch: 181/200 Train accuracy: 7.88229e-01 Validation accuracy: 7.84000e-01 Loss 9.85859e-03 Time taken: 1.52 seconds 
Epoch: 182/200 Train accuracy: 7.89155e-01 Validation accuracy: 7.87000e-01 Loss 9.85297e-03 Time taken: 1.51 seconds 
Epoch: 183/200 Train accuracy: 7.88229e-01 Validation accuracy: 7.83667e-01 Loss 9.85847e-03 Time taken: 1.52 seconds 
Epoch: 184/200 Train accuracy: 7.89369e-01 Validation accuracy: 7.86667e-01 Loss 9.86468e-03 Time taken: 1.52 seconds 
Epoch: 185/200 Train accuracy: 7.88015e-01 Validation accuracy: 7.80000e-01 Loss 9.85688e-03 Time taken: 1.52 seconds 
Epoch: 186/200 Train accuracy: 7.90010e-01 Validation accuracy: 7.83333e-01 Loss 9.85024e-03 Time taken: 1.52 seconds 
Epoch: 187/200 Train accuracy: 7.89867e-01 Validation accuracy: 7.87333e-01 Loss 9.85101e-03 Time taken: 1.52 seconds 
Epoch: 188/200 Train accuracy: 7.89084e-01 Validation accuracy: 7.78667e-01 Loss 9.85561e-03 Time taken: 1.52 seconds 
Epoch: 189/200 Train accuracy: 7.90794e-01 Validation accuracy: 7.83667e-01 Loss 9.85333e-03 Time taken: 1.51 seconds 
Epoch: 190/200 Train accuracy: 7.89440e-01 Validation accuracy: 7.86333e-01 Loss 9.85506e-03 Time taken: 1.53 seconds 
Epoch: 191/200 Train accuracy: 7.88727e-01 Validation accuracy: 7.87333e-01 Loss 9.85370e-03 Time taken: 1.51 seconds 
Epoch: 192/200 Train accuracy: 7.92789e-01 Validation accuracy: 7.81000e-01 Loss 9.83697e-03 Time taken: 1.52 seconds 
Epoch: 193/200 Train accuracy: 7.90723e-01 Validation accuracy: 7.78667e-01 Loss 9.84726e-03 Time taken: 1.52 seconds 
Epoch: 194/200 Train accuracy: 7.90651e-01 Validation accuracy: 7.84000e-01 Loss 9.84234e-03 Time taken: 1.50 seconds 
Epoch: 195/200 Train accuracy: 7.90366e-01 Validation accuracy: 7.82667e-01 Loss 9.85947e-03 Time taken: 1.52 seconds 
Epoch: 196/200 Train accuracy: 7.90509e-01 Validation accuracy: 7.81667e-01 Loss 9.84787e-03 Time taken: 1.51 seconds 
Epoch: 197/200 Train accuracy: 7.91293e-01 Validation accuracy: 7.83333e-01 Loss 9.84393e-03 Time taken: 1.52 seconds 
Epoch: 198/200 Train accuracy: 7.86590e-01 Validation accuracy: 7.83333e-01 Loss 9.85798e-03 Time taken: 1.52 seconds 
Epoch: 199/200 Train accuracy: 7.88229e-01 Validation accuracy: 7.86333e-01 Loss 9.85347e-03 Time taken: 1.52 seconds 
Epoch: 200/200 Train accuracy: 7.89369e-01 Validation accuracy: 7.84333e-01 Loss 9.84049e-03 Time taken: 1.52 seconds 
Total time taken 0:05:05.463321
Cleaning up intermediate feature (.pt) files
Done


working on file logs_PKT_chunks/iic-train-L2-PKT-chunks-scale10e0-seed43/jepa-iic-L2-PKT-chunks-scale10e0-seed43-ep500.pth.tar ...
