Directory classifiers/jepa-iic-L2-seed43-classifier-pretrained-vitb-normalized-ep300 for saving the classifiers is now present
VisionTransformer(
  (patch_embed): PatchEmbed(
    (proj): Conv2d(3, 768, kernel_size=(15, 15), stride=(15, 15))
  )
  (blocks): ModuleList(
    (0-11): 12 x Block(
      (norm1): LayerNorm((768,), eps=1e-06, elementwise_affine=True)
      (attn): Attention(
        (qkv): Linear(in_features=768, out_features=2304, bias=True)
        (attn_drop): Dropout(p=0.0, inplace=False)
        (proj): Linear(in_features=768, out_features=768, bias=True)
        (proj_drop): Dropout(p=0.0, inplace=False)
      )
      (drop_path): Identity()
      (norm2): LayerNorm((768,), eps=1e-06, elementwise_affine=True)
      (mlp): MLP(
        (fc1): Linear(in_features=768, out_features=3072, bias=True)
        (act): GELU(approximate='none')
        (fc2): Linear(in_features=3072, out_features=768, bias=True)
        (drop): Dropout(p=0.0, inplace=False)
      )
    )
  )
  (norm): LayerNorm((768,), eps=1e-06, elementwise_affine=True)
)
Extracting features and saving them locally..
Epoch: 1/200 Train accuracy: 3.69602e-01 Validation accuracy: 5.41000e-01 Loss 1.30562e-02 Time taken: 1.51 seconds 
Epoch: 2/200 Train accuracy: 5.33704e-01 Validation accuracy: 5.74333e-01 Loss 1.19088e-02 Time taken: 1.50 seconds 
Epoch: 3/200 Train accuracy: 5.77954e-01 Validation accuracy: 5.96667e-01 Loss 1.15949e-02 Time taken: 1.52 seconds 
Epoch: 4/200 Train accuracy: 5.92276e-01 Validation accuracy: 6.01667e-01 Loss 1.14601e-02 Time taken: 1.52 seconds 
Epoch: 5/200 Train accuracy: 6.05031e-01 Validation accuracy: 6.10000e-01 Loss 1.13636e-02 Time taken: 1.52 seconds 
Epoch: 6/200 Train accuracy: 6.11372e-01 Validation accuracy: 6.10333e-01 Loss 1.13027e-02 Time taken: 1.57 seconds 
Epoch: 7/200 Train accuracy: 6.19567e-01 Validation accuracy: 6.12667e-01 Loss 1.12405e-02 Time taken: 1.52 seconds 
Epoch: 8/200 Train accuracy: 6.19353e-01 Validation accuracy: 6.17333e-01 Loss 1.12133e-02 Time taken: 1.51 seconds 
Epoch: 9/200 Train accuracy: 6.27191e-01 Validation accuracy: 6.20000e-01 Loss 1.11748e-02 Time taken: 1.51 seconds 
Epoch: 10/200 Train accuracy: 6.28759e-01 Validation accuracy: 6.19667e-01 Loss 1.11516e-02 Time taken: 1.51 seconds 
Epoch: 11/200 Train accuracy: 6.28830e-01 Validation accuracy: 6.23333e-01 Loss 1.11371e-02 Time taken: 1.52 seconds 
Epoch: 12/200 Train accuracy: 6.33818e-01 Validation accuracy: 6.27000e-01 Loss 1.11118e-02 Time taken: 1.51 seconds 
Epoch: 13/200 Train accuracy: 6.34958e-01 Validation accuracy: 6.27000e-01 Loss 1.10991e-02 Time taken: 1.50 seconds 
Epoch: 14/200 Train accuracy: 6.34245e-01 Validation accuracy: 6.28667e-01 Loss 1.10900e-02 Time taken: 1.51 seconds 
Epoch: 15/200 Train accuracy: 6.36526e-01 Validation accuracy: 6.28333e-01 Loss 1.10685e-02 Time taken: 1.52 seconds 
Epoch: 16/200 Train accuracy: 6.38236e-01 Validation accuracy: 6.29667e-01 Loss 1.10582e-02 Time taken: 1.54 seconds 
Epoch: 17/200 Train accuracy: 6.37523e-01 Validation accuracy: 6.31667e-01 Loss 1.10511e-02 Time taken: 1.51 seconds 
Epoch: 18/200 Train accuracy: 6.38663e-01 Validation accuracy: 6.35000e-01 Loss 1.10424e-02 Time taken: 1.52 seconds 
Epoch: 19/200 Train accuracy: 6.41513e-01 Validation accuracy: 6.32667e-01 Loss 1.10321e-02 Time taken: 1.58 seconds 
Epoch: 20/200 Train accuracy: 6.40730e-01 Validation accuracy: 6.33667e-01 Loss 1.10407e-02 Time taken: 1.51 seconds 
Epoch: 21/200 Train accuracy: 6.41798e-01 Validation accuracy: 6.36667e-01 Loss 1.10137e-02 Time taken: 1.51 seconds 
Epoch: 22/200 Train accuracy: 6.41157e-01 Validation accuracy: 6.39000e-01 Loss 1.10160e-02 Time taken: 1.52 seconds 
Epoch: 23/200 Train accuracy: 6.43152e-01 Validation accuracy: 6.39000e-01 Loss 1.10103e-02 Time taken: 1.52 seconds 
Epoch: 24/200 Train accuracy: 6.45076e-01 Validation accuracy: 6.30667e-01 Loss 1.09930e-02 Time taken: 1.51 seconds 
Epoch: 25/200 Train accuracy: 6.45718e-01 Validation accuracy: 6.30333e-01 Loss 1.09866e-02 Time taken: 1.51 seconds 
Epoch: 26/200 Train accuracy: 6.46216e-01 Validation accuracy: 6.36333e-01 Loss 1.09843e-02 Time taken: 1.51 seconds 
Epoch: 27/200 Train accuracy: 6.45646e-01 Validation accuracy: 6.33000e-01 Loss 1.09818e-02 Time taken: 1.52 seconds 
Epoch: 28/200 Train accuracy: 6.44506e-01 Validation accuracy: 6.40333e-01 Loss 1.09909e-02 Time taken: 1.50 seconds 
Epoch: 29/200 Train accuracy: 6.44934e-01 Validation accuracy: 6.37000e-01 Loss 1.09831e-02 Time taken: 1.52 seconds 
Epoch: 30/200 Train accuracy: 6.44221e-01 Validation accuracy: 6.40667e-01 Loss 1.09747e-02 Time taken: 1.51 seconds 
Epoch: 31/200 Train accuracy: 6.46074e-01 Validation accuracy: 6.42667e-01 Loss 1.09760e-02 Time taken: 1.50 seconds 
Epoch: 32/200 Train accuracy: 6.47570e-01 Validation accuracy: 6.39000e-01 Loss 1.09640e-02 Time taken: 1.52 seconds 
Epoch: 33/200 Train accuracy: 6.49708e-01 Validation accuracy: 6.42333e-01 Loss 1.09662e-02 Time taken: 1.51 seconds 
Epoch: 34/200 Train accuracy: 6.63531e-01 Validation accuracy: 7.26667e-01 Loss 1.08479e-02 Time taken: 1.51 seconds 
Epoch: 35/200 Train accuracy: 7.27020e-01 Validation accuracy: 7.38000e-01 Loss 1.03764e-02 Time taken: 1.51 seconds 
Epoch: 36/200 Train accuracy: 7.31794e-01 Validation accuracy: 7.41667e-01 Loss 1.03193e-02 Time taken: 1.51 seconds 
Epoch: 37/200 Train accuracy: 7.37210e-01 Validation accuracy: 7.45667e-01 Loss 1.02916e-02 Time taken: 1.51 seconds 
Epoch: 38/200 Train accuracy: 7.41485e-01 Validation accuracy: 7.43667e-01 Loss 1.02672e-02 Time taken: 1.50 seconds 
Epoch: 39/200 Train accuracy: 7.39632e-01 Validation accuracy: 7.46000e-01 Loss 1.02727e-02 Time taken: 1.51 seconds 
Epoch: 40/200 Train accuracy: 7.37281e-01 Validation accuracy: 7.47667e-01 Loss 1.02736e-02 Time taken: 1.50 seconds 
Epoch: 41/200 Train accuracy: 7.44050e-01 Validation accuracy: 7.43333e-01 Loss 1.02543e-02 Time taken: 1.49 seconds 
Epoch: 42/200 Train accuracy: 7.45048e-01 Validation accuracy: 7.46333e-01 Loss 1.02375e-02 Time taken: 1.51 seconds 
Epoch: 43/200 Train accuracy: 7.41770e-01 Validation accuracy: 7.48667e-01 Loss 1.02454e-02 Time taken: 1.50 seconds 
Epoch: 44/200 Train accuracy: 7.43195e-01 Validation accuracy: 7.48667e-01 Loss 1.02373e-02 Time taken: 1.50 seconds 
Epoch: 45/200 Train accuracy: 7.44691e-01 Validation accuracy: 7.50333e-01 Loss 1.02348e-02 Time taken: 1.51 seconds 
Epoch: 46/200 Train accuracy: 7.44335e-01 Validation accuracy: 7.43667e-01 Loss 1.02294e-02 Time taken: 1.51 seconds 
Epoch: 47/200 Train accuracy: 7.44193e-01 Validation accuracy: 7.50000e-01 Loss 1.02318e-02 Time taken: 1.51 seconds 
Epoch: 48/200 Train accuracy: 7.44121e-01 Validation accuracy: 7.49000e-01 Loss 1.02273e-02 Time taken: 1.50 seconds 
Epoch: 49/200 Train accuracy: 7.43266e-01 Validation accuracy: 7.50000e-01 Loss 1.02297e-02 Time taken: 1.51 seconds 
Epoch: 50/200 Train accuracy: 7.48254e-01 Validation accuracy: 7.51667e-01 Loss 1.02099e-02 Time taken: 1.51 seconds 
Epoch: 51/200 Train accuracy: 7.48183e-01 Validation accuracy: 7.50667e-01 Loss 1.02110e-02 Time taken: 1.51 seconds 
Epoch: 52/200 Train accuracy: 7.46615e-01 Validation accuracy: 7.52667e-01 Loss 1.02152e-02 Time taken: 1.51 seconds 
Epoch: 53/200 Train accuracy: 7.48397e-01 Validation accuracy: 7.48667e-01 Loss 1.01946e-02 Time taken: 1.52 seconds 
Epoch: 54/200 Train accuracy: 7.45832e-01 Validation accuracy: 7.51000e-01 Loss 1.02090e-02 Time taken: 1.51 seconds 
Epoch: 55/200 Train accuracy: 7.46758e-01 Validation accuracy: 7.50333e-01 Loss 1.02013e-02 Time taken: 1.51 seconds 
Epoch: 56/200 Train accuracy: 7.46473e-01 Validation accuracy: 7.48000e-01 Loss 1.01998e-02 Time taken: 1.53 seconds 
Epoch: 57/200 Train accuracy: 7.47542e-01 Validation accuracy: 7.50333e-01 Loss 1.02053e-02 Time taken: 1.51 seconds 
Epoch: 58/200 Train accuracy: 7.49466e-01 Validation accuracy: 7.51333e-01 Loss 1.01881e-02 Time taken: 1.51 seconds 
Epoch: 59/200 Train accuracy: 7.49181e-01 Validation accuracy: 7.55333e-01 Loss 1.01850e-02 Time taken: 1.52 seconds 
Epoch: 60/200 Train accuracy: 7.51176e-01 Validation accuracy: 7.48333e-01 Loss 1.01870e-02 Time taken: 1.52 seconds 
Epoch: 61/200 Train accuracy: 7.48325e-01 Validation accuracy: 7.54333e-01 Loss 1.01933e-02 Time taken: 1.50 seconds 
Epoch: 62/200 Train accuracy: 7.48539e-01 Validation accuracy: 7.52333e-01 Loss 1.01854e-02 Time taken: 1.51 seconds 
Epoch: 63/200 Train accuracy: 7.48468e-01 Validation accuracy: 7.51000e-01 Loss 1.01797e-02 Time taken: 1.51 seconds 
Epoch: 64/200 Train accuracy: 7.49181e-01 Validation accuracy: 7.53333e-01 Loss 1.01809e-02 Time taken: 1.50 seconds 
Epoch: 65/200 Train accuracy: 7.50891e-01 Validation accuracy: 7.47000e-01 Loss 1.01780e-02 Time taken: 1.50 seconds 
Epoch: 66/200 Train accuracy: 7.50819e-01 Validation accuracy: 7.57667e-01 Loss 1.01709e-02 Time taken: 1.51 seconds 
Epoch: 67/200 Train accuracy: 7.48254e-01 Validation accuracy: 7.47667e-01 Loss 1.01772e-02 Time taken: 1.50 seconds 
Epoch: 68/200 Train accuracy: 7.47684e-01 Validation accuracy: 7.54000e-01 Loss 1.01820e-02 Time taken: 1.51 seconds 
Epoch: 69/200 Train accuracy: 7.48397e-01 Validation accuracy: 7.53000e-01 Loss 1.01846e-02 Time taken: 1.51 seconds 
Epoch: 70/200 Train accuracy: 7.52245e-01 Validation accuracy: 7.55000e-01 Loss 1.01640e-02 Time taken: 1.50 seconds 
Epoch: 71/200 Train accuracy: 7.50819e-01 Validation accuracy: 7.56000e-01 Loss 1.01678e-02 Time taken: 1.51 seconds 
Epoch: 72/200 Train accuracy: 7.50534e-01 Validation accuracy: 7.53333e-01 Loss 1.01706e-02 Time taken: 1.51 seconds 
Epoch: 73/200 Train accuracy: 7.50249e-01 Validation accuracy: 7.56333e-01 Loss 1.01684e-02 Time taken: 1.52 seconds 
Epoch: 74/200 Train accuracy: 7.51960e-01 Validation accuracy: 7.53333e-01 Loss 1.01661e-02 Time taken: 1.50 seconds 
Epoch: 75/200 Train accuracy: 7.50392e-01 Validation accuracy: 7.56333e-01 Loss 1.01674e-02 Time taken: 1.51 seconds 
Epoch: 76/200 Train accuracy: 7.52458e-01 Validation accuracy: 7.54333e-01 Loss 1.01601e-02 Time taken: 1.52 seconds 
Epoch: 77/200 Train accuracy: 7.51746e-01 Validation accuracy: 7.54333e-01 Loss 1.01557e-02 Time taken: 1.52 seconds 
Epoch: 78/200 Train accuracy: 7.51176e-01 Validation accuracy: 7.56667e-01 Loss 1.01582e-02 Time taken: 1.51 seconds 
Epoch: 79/200 Train accuracy: 7.52601e-01 Validation accuracy: 7.53667e-01 Loss 1.01564e-02 Time taken: 1.51 seconds 
Epoch: 80/200 Train accuracy: 7.51247e-01 Validation accuracy: 7.56333e-01 Loss 1.01548e-02 Time taken: 1.51 seconds 
Epoch: 81/200 Train accuracy: 7.51104e-01 Validation accuracy: 7.52667e-01 Loss 1.01497e-02 Time taken: 1.51 seconds 
Epoch: 82/200 Train accuracy: 7.52957e-01 Validation accuracy: 7.50000e-01 Loss 1.01596e-02 Time taken: 1.51 seconds 
Epoch: 83/200 Train accuracy: 7.52743e-01 Validation accuracy: 7.58000e-01 Loss 1.01508e-02 Time taken: 1.51 seconds 
Epoch: 84/200 Train accuracy: 7.49252e-01 Validation accuracy: 7.58333e-01 Loss 1.01642e-02 Time taken: 1.50 seconds 
Epoch: 85/200 Train accuracy: 7.52530e-01 Validation accuracy: 7.54333e-01 Loss 1.01508e-02 Time taken: 1.51 seconds 
Epoch: 86/200 Train accuracy: 7.51817e-01 Validation accuracy: 7.55667e-01 Loss 1.01496e-02 Time taken: 1.52 seconds 
Epoch: 87/200 Train accuracy: 7.57589e-01 Validation accuracy: 7.54667e-01 Loss 1.01329e-02 Time taken: 1.51 seconds 
Epoch: 88/200 Train accuracy: 7.54168e-01 Validation accuracy: 7.56000e-01 Loss 1.01464e-02 Time taken: 1.51 seconds 
Epoch: 89/200 Train accuracy: 7.54026e-01 Validation accuracy: 7.56333e-01 Loss 1.01503e-02 Time taken: 1.51 seconds 
Epoch: 90/200 Train accuracy: 7.55736e-01 Validation accuracy: 7.57333e-01 Loss 1.01450e-02 Time taken: 1.50 seconds 
Epoch: 91/200 Train accuracy: 7.52815e-01 Validation accuracy: 7.55000e-01 Loss 1.01477e-02 Time taken: 1.50 seconds 
Epoch: 92/200 Train accuracy: 7.51960e-01 Validation accuracy: 7.54667e-01 Loss 1.01543e-02 Time taken: 1.51 seconds 
Epoch: 93/200 Train accuracy: 7.57375e-01 Validation accuracy: 7.53000e-01 Loss 1.01347e-02 Time taken: 1.51 seconds 
Epoch: 94/200 Train accuracy: 7.54026e-01 Validation accuracy: 7.58333e-01 Loss 1.01289e-02 Time taken: 1.50 seconds 
Epoch: 95/200 Train accuracy: 7.53313e-01 Validation accuracy: 7.56667e-01 Loss 1.01419e-02 Time taken: 1.51 seconds 
Epoch: 96/200 Train accuracy: 7.53385e-01 Validation accuracy: 7.55667e-01 Loss 1.01316e-02 Time taken: 1.50 seconds 
Epoch: 97/200 Train accuracy: 7.53313e-01 Validation accuracy: 7.51667e-01 Loss 1.01384e-02 Time taken: 1.51 seconds 
Epoch: 98/200 Train accuracy: 7.54453e-01 Validation accuracy: 7.58333e-01 Loss 1.01386e-02 Time taken: 1.50 seconds 
Epoch: 99/200 Train accuracy: 7.56021e-01 Validation accuracy: 7.60667e-01 Loss 1.01300e-02 Time taken: 1.51 seconds 
Epoch: 100/200 Train accuracy: 7.56021e-01 Validation accuracy: 7.58333e-01 Loss 1.01314e-02 Time taken: 1.52 seconds 
Epoch: 101/200 Train accuracy: 7.55166e-01 Validation accuracy: 7.53333e-01 Loss 1.01295e-02 Time taken: 1.51 seconds 
Epoch: 102/200 Train accuracy: 7.54026e-01 Validation accuracy: 7.55333e-01 Loss 1.01410e-02 Time taken: 1.52 seconds 
Epoch: 103/200 Train accuracy: 7.53812e-01 Validation accuracy: 7.56000e-01 Loss 1.01349e-02 Time taken: 1.52 seconds 
Epoch: 104/200 Train accuracy: 7.55950e-01 Validation accuracy: 7.53000e-01 Loss 1.01243e-02 Time taken: 1.50 seconds 
Epoch: 105/200 Train accuracy: 7.55522e-01 Validation accuracy: 7.59333e-01 Loss 1.01338e-02 Time taken: 1.51 seconds 
Epoch: 106/200 Train accuracy: 7.54311e-01 Validation accuracy: 7.60667e-01 Loss 1.01323e-02 Time taken: 1.51 seconds 
Epoch: 107/200 Train accuracy: 7.53883e-01 Validation accuracy: 7.61000e-01 Loss 1.01261e-02 Time taken: 1.51 seconds 
Epoch: 108/200 Train accuracy: 7.55665e-01 Validation accuracy: 7.59667e-01 Loss 1.01310e-02 Time taken: 1.50 seconds 
Epoch: 109/200 Train accuracy: 7.52957e-01 Validation accuracy: 7.59333e-01 Loss 1.01342e-02 Time taken: 1.52 seconds 
Epoch: 110/200 Train accuracy: 7.56092e-01 Validation accuracy: 7.61667e-01 Loss 1.01206e-02 Time taken: 1.51 seconds 
Epoch: 111/200 Train accuracy: 7.51960e-01 Validation accuracy: 7.55333e-01 Loss 1.01290e-02 Time taken: 1.51 seconds 
Epoch: 112/200 Train accuracy: 7.57802e-01 Validation accuracy: 7.62000e-01 Loss 1.01179e-02 Time taken: 1.51 seconds 
Epoch: 113/200 Train accuracy: 7.53955e-01 Validation accuracy: 7.56333e-01 Loss 1.01303e-02 Time taken: 1.52 seconds 
Epoch: 114/200 Train accuracy: 7.55024e-01 Validation accuracy: 7.58667e-01 Loss 1.01235e-02 Time taken: 1.52 seconds 
Epoch: 115/200 Train accuracy: 7.57090e-01 Validation accuracy: 7.60667e-01 Loss 1.01174e-02 Time taken: 1.51 seconds 
Epoch: 116/200 Train accuracy: 7.53313e-01 Validation accuracy: 7.58667e-01 Loss 1.01292e-02 Time taken: 1.51 seconds 
Epoch: 117/200 Train accuracy: 7.56377e-01 Validation accuracy: 7.58000e-01 Loss 1.01093e-02 Time taken: 1.51 seconds 
Epoch: 118/200 Train accuracy: 7.53385e-01 Validation accuracy: 7.53000e-01 Loss 1.01334e-02 Time taken: 1.50 seconds 
Epoch: 119/200 Train accuracy: 7.56805e-01 Validation accuracy: 7.58667e-01 Loss 1.01163e-02 Time taken: 1.51 seconds 
Epoch: 120/200 Train accuracy: 7.55736e-01 Validation accuracy: 7.52667e-01 Loss 1.01199e-02 Time taken: 1.52 seconds 
Epoch: 121/200 Train accuracy: 7.54810e-01 Validation accuracy: 7.62000e-01 Loss 1.01199e-02 Time taken: 1.51 seconds 
Epoch: 122/200 Train accuracy: 7.56449e-01 Validation accuracy: 7.60333e-01 Loss 1.01178e-02 Time taken: 1.52 seconds 
Epoch: 123/200 Train accuracy: 7.55594e-01 Validation accuracy: 7.57667e-01 Loss 1.01105e-02 Time taken: 1.51 seconds 
Epoch: 124/200 Train accuracy: 7.55309e-01 Validation accuracy: 7.57667e-01 Loss 1.01129e-02 Time taken: 1.51 seconds 
Epoch: 125/200 Train accuracy: 7.54596e-01 Validation accuracy: 7.50667e-01 Loss 1.01297e-02 Time taken: 1.51 seconds 
Epoch: 126/200 Train accuracy: 7.53883e-01 Validation accuracy: 7.58000e-01 Loss 1.01105e-02 Time taken: 1.51 seconds 
Epoch: 127/200 Train accuracy: 7.56662e-01 Validation accuracy: 7.60000e-01 Loss 1.01131e-02 Time taken: 1.51 seconds 
Epoch: 128/200 Train accuracy: 7.56947e-01 Validation accuracy: 7.51333e-01 Loss 1.01072e-02 Time taken: 1.50 seconds 
Epoch: 129/200 Train accuracy: 7.55807e-01 Validation accuracy: 7.61333e-01 Loss 1.01233e-02 Time taken: 1.51 seconds 
Epoch: 130/200 Train accuracy: 7.54097e-01 Validation accuracy: 7.59667e-01 Loss 1.01125e-02 Time taken: 1.52 seconds 
Epoch: 131/200 Train accuracy: 7.57660e-01 Validation accuracy: 7.57333e-01 Loss 1.01146e-02 Time taken: 1.49 seconds 
Epoch: 132/200 Train accuracy: 7.58016e-01 Validation accuracy: 7.61333e-01 Loss 1.01026e-02 Time taken: 1.51 seconds 
Epoch: 133/200 Train accuracy: 7.55594e-01 Validation accuracy: 7.62667e-01 Loss 1.01226e-02 Time taken: 1.52 seconds 
Epoch: 134/200 Train accuracy: 7.58515e-01 Validation accuracy: 7.60667e-01 Loss 1.01084e-02 Time taken: 1.50 seconds 
Epoch: 135/200 Train accuracy: 7.53313e-01 Validation accuracy: 7.62667e-01 Loss 1.01186e-02 Time taken: 1.50 seconds 
Epoch: 136/200 Train accuracy: 7.56734e-01 Validation accuracy: 7.61667e-01 Loss 1.01085e-02 Time taken: 1.51 seconds 
Epoch: 137/200 Train accuracy: 7.56805e-01 Validation accuracy: 7.55000e-01 Loss 1.01022e-02 Time taken: 1.52 seconds 
Epoch: 138/200 Train accuracy: 7.59228e-01 Validation accuracy: 7.55333e-01 Loss 1.01004e-02 Time taken: 1.50 seconds 
Epoch: 139/200 Train accuracy: 7.58159e-01 Validation accuracy: 7.58667e-01 Loss 1.00979e-02 Time taken: 1.51 seconds 
Epoch: 140/200 Train accuracy: 7.57660e-01 Validation accuracy: 7.58667e-01 Loss 1.01056e-02 Time taken: 1.52 seconds 
Epoch: 141/200 Train accuracy: 7.54738e-01 Validation accuracy: 7.56667e-01 Loss 1.01078e-02 Time taken: 1.50 seconds 
Epoch: 142/200 Train accuracy: 7.55665e-01 Validation accuracy: 7.60667e-01 Loss 1.01085e-02 Time taken: 1.51 seconds 
Epoch: 143/200 Train accuracy: 7.57232e-01 Validation accuracy: 7.61667e-01 Loss 1.01075e-02 Time taken: 1.51 seconds 
Epoch: 144/200 Train accuracy: 7.57019e-01 Validation accuracy: 7.62000e-01 Loss 1.01033e-02 Time taken: 1.50 seconds 
Epoch: 145/200 Train accuracy: 7.56449e-01 Validation accuracy: 7.58667e-01 Loss 1.01076e-02 Time taken: 1.51 seconds 
Epoch: 146/200 Train accuracy: 7.59798e-01 Validation accuracy: 7.61000e-01 Loss 1.00908e-02 Time taken: 1.51 seconds 
Epoch: 147/200 Train accuracy: 7.57090e-01 Validation accuracy: 7.54667e-01 Loss 1.01046e-02 Time taken: 1.51 seconds 
Epoch: 148/200 Train accuracy: 7.58444e-01 Validation accuracy: 7.56333e-01 Loss 1.00973e-02 Time taken: 1.50 seconds 
Epoch: 149/200 Train accuracy: 7.56092e-01 Validation accuracy: 7.57667e-01 Loss 1.01042e-02 Time taken: 1.51 seconds 
Epoch: 150/200 Train accuracy: 7.59940e-01 Validation accuracy: 7.61000e-01 Loss 1.00973e-02 Time taken: 1.52 seconds 
Epoch: 151/200 Train accuracy: 7.57802e-01 Validation accuracy: 7.62333e-01 Loss 1.01000e-02 Time taken: 1.49 seconds 
Epoch: 152/200 Train accuracy: 7.58373e-01 Validation accuracy: 7.56000e-01 Loss 1.00908e-02 Time taken: 1.52 seconds 
Epoch: 153/200 Train accuracy: 7.58301e-01 Validation accuracy: 7.58333e-01 Loss 1.00938e-02 Time taken: 1.51 seconds 
Epoch: 154/200 Train accuracy: 7.55451e-01 Validation accuracy: 7.61667e-01 Loss 1.01030e-02 Time taken: 1.51 seconds 
Epoch: 155/200 Train accuracy: 7.59513e-01 Validation accuracy: 7.59667e-01 Loss 1.01048e-02 Time taken: 1.51 seconds 
Epoch: 156/200 Train accuracy: 7.61080e-01 Validation accuracy: 7.61667e-01 Loss 1.00808e-02 Time taken: 1.51 seconds 
Epoch: 157/200 Train accuracy: 7.54525e-01 Validation accuracy: 7.58333e-01 Loss 1.01105e-02 Time taken: 1.50 seconds 
Epoch: 158/200 Train accuracy: 7.59513e-01 Validation accuracy: 7.60333e-01 Loss 1.00913e-02 Time taken: 1.51 seconds 
Epoch: 159/200 Train accuracy: 7.59798e-01 Validation accuracy: 7.62667e-01 Loss 1.00892e-02 Time taken: 1.53 seconds 
Epoch: 160/200 Train accuracy: 7.58943e-01 Validation accuracy: 7.56333e-01 Loss 1.01066e-02 Time taken: 1.52 seconds 
Epoch: 161/200 Train accuracy: 7.56235e-01 Validation accuracy: 7.65333e-01 Loss 1.01057e-02 Time taken: 1.50 seconds 
Epoch: 162/200 Train accuracy: 7.59014e-01 Validation accuracy: 7.61333e-01 Loss 1.01039e-02 Time taken: 1.52 seconds 
Epoch: 163/200 Train accuracy: 7.58373e-01 Validation accuracy: 7.62333e-01 Loss 1.00933e-02 Time taken: 1.51 seconds 
Epoch: 164/200 Train accuracy: 7.58729e-01 Validation accuracy: 7.57667e-01 Loss 1.00969e-02 Time taken: 1.52 seconds 
Epoch: 165/200 Train accuracy: 7.57517e-01 Validation accuracy: 7.59667e-01 Loss 1.01029e-02 Time taken: 1.52 seconds 
Epoch: 166/200 Train accuracy: 7.58729e-01 Validation accuracy: 7.59333e-01 Loss 1.00903e-02 Time taken: 1.52 seconds 
Epoch: 167/200 Train accuracy: 7.61223e-01 Validation accuracy: 7.61667e-01 Loss 1.00863e-02 Time taken: 1.53 seconds 
Epoch: 168/200 Train accuracy: 7.59441e-01 Validation accuracy: 7.55333e-01 Loss 1.00860e-02 Time taken: 1.51 seconds 
Epoch: 169/200 Train accuracy: 7.61294e-01 Validation accuracy: 7.63333e-01 Loss 1.00902e-02 Time taken: 1.52 seconds 
Epoch: 170/200 Train accuracy: 7.57304e-01 Validation accuracy: 7.60000e-01 Loss 1.01010e-02 Time taken: 1.52 seconds 
Epoch: 171/200 Train accuracy: 7.57090e-01 Validation accuracy: 7.58667e-01 Loss 1.00941e-02 Time taken: 1.52 seconds 
Epoch: 172/200 Train accuracy: 7.58658e-01 Validation accuracy: 7.60667e-01 Loss 1.00898e-02 Time taken: 1.52 seconds 
Epoch: 173/200 Train accuracy: 7.61722e-01 Validation accuracy: 7.62333e-01 Loss 1.00875e-02 Time taken: 1.52 seconds 
Epoch: 174/200 Train accuracy: 7.60225e-01 Validation accuracy: 7.60333e-01 Loss 1.00894e-02 Time taken: 1.51 seconds 
Epoch: 175/200 Train accuracy: 7.59940e-01 Validation accuracy: 7.62000e-01 Loss 1.00822e-02 Time taken: 1.52 seconds 
Epoch: 176/200 Train accuracy: 7.59726e-01 Validation accuracy: 7.61333e-01 Loss 1.00844e-02 Time taken: 1.52 seconds 
Epoch: 177/200 Train accuracy: 7.59940e-01 Validation accuracy: 7.62000e-01 Loss 1.00903e-02 Time taken: 1.51 seconds 
Epoch: 178/200 Train accuracy: 7.59441e-01 Validation accuracy: 7.57000e-01 Loss 1.00927e-02 Time taken: 1.50 seconds 
Epoch: 179/200 Train accuracy: 7.59726e-01 Validation accuracy: 7.61000e-01 Loss 1.00881e-02 Time taken: 1.51 seconds 
Epoch: 180/200 Train accuracy: 7.57731e-01 Validation accuracy: 7.62667e-01 Loss 1.00911e-02 Time taken: 1.51 seconds 
Epoch: 181/200 Train accuracy: 7.56947e-01 Validation accuracy: 7.56000e-01 Loss 1.01013e-02 Time taken: 1.50 seconds 
Epoch: 182/200 Train accuracy: 7.59513e-01 Validation accuracy: 7.57000e-01 Loss 1.00816e-02 Time taken: 1.52 seconds 
Epoch: 183/200 Train accuracy: 7.58729e-01 Validation accuracy: 7.62333e-01 Loss 1.00896e-02 Time taken: 1.51 seconds 
Epoch: 184/200 Train accuracy: 7.58088e-01 Validation accuracy: 7.53000e-01 Loss 1.01032e-02 Time taken: 1.51 seconds 
Epoch: 185/200 Train accuracy: 7.59655e-01 Validation accuracy: 7.61667e-01 Loss 1.00826e-02 Time taken: 1.51 seconds 
Epoch: 186/200 Train accuracy: 7.57304e-01 Validation accuracy: 7.63000e-01 Loss 1.00916e-02 Time taken: 1.52 seconds 
Epoch: 187/200 Train accuracy: 7.60296e-01 Validation accuracy: 7.61667e-01 Loss 1.00816e-02 Time taken: 1.51 seconds 
Epoch: 188/200 Train accuracy: 7.61935e-01 Validation accuracy: 7.58667e-01 Loss 1.00824e-02 Time taken: 1.50 seconds 
Epoch: 189/200 Train accuracy: 7.58586e-01 Validation accuracy: 7.59333e-01 Loss 1.00894e-02 Time taken: 1.51 seconds 
Epoch: 190/200 Train accuracy: 7.62933e-01 Validation accuracy: 7.63667e-01 Loss 1.00783e-02 Time taken: 1.51 seconds 
Epoch: 191/200 Train accuracy: 7.58444e-01 Validation accuracy: 7.58667e-01 Loss 1.00934e-02 Time taken: 1.50 seconds 
Epoch: 192/200 Train accuracy: 7.58301e-01 Validation accuracy: 7.63667e-01 Loss 1.00892e-02 Time taken: 1.50 seconds 
Epoch: 193/200 Train accuracy: 7.58515e-01 Validation accuracy: 7.62333e-01 Loss 1.00811e-02 Time taken: 1.52 seconds 
Epoch: 194/200 Train accuracy: 7.61650e-01 Validation accuracy: 7.65000e-01 Loss 1.00770e-02 Time taken: 1.49 seconds 
Epoch: 195/200 Train accuracy: 7.59228e-01 Validation accuracy: 7.62333e-01 Loss 1.00760e-02 Time taken: 1.51 seconds 
Epoch: 196/200 Train accuracy: 7.62149e-01 Validation accuracy: 7.59333e-01 Loss 1.00728e-02 Time taken: 1.52 seconds 
Epoch: 197/200 Train accuracy: 7.60225e-01 Validation accuracy: 7.62000e-01 Loss 1.00847e-02 Time taken: 1.52 seconds 
Epoch: 198/200 Train accuracy: 7.58088e-01 Validation accuracy: 7.64000e-01 Loss 1.00828e-02 Time taken: 1.51 seconds 
Epoch: 199/200 Train accuracy: 7.55024e-01 Validation accuracy: 7.56333e-01 Loss 1.01079e-02 Time taken: 1.51 seconds 
Epoch: 200/200 Train accuracy: 7.61864e-01 Validation accuracy: 7.60667e-01 Loss 1.00759e-02 Time taken: 1.51 seconds 
Total time taken 0:05:03.663103
Cleaning up intermediate feature (.pt) files
Done


working on file logs_PKT_chunks/iic-train-L2-PKT-chunks-scale10e0-seed43/jepa-iic-L2-PKT-chunks-scale10e0-seed43-ep400.pth.tar ...
