Directory classifiers/jepa-iic-PKT-classifier-pretrained-vitb-ep300 is now present
VisionTransformer(
  (patch_embed): PatchEmbed(
    (proj): Conv2d(3, 768, kernel_size=(15, 15), stride=(15, 15))
  )
  (blocks): ModuleList(
    (0-11): 12 x Block(
      (norm1): LayerNorm((768,), eps=1e-06, elementwise_affine=True)
      (attn): Attention(
        (qkv): Linear(in_features=768, out_features=2304, bias=True)
        (attn_drop): Dropout(p=0.0, inplace=False)
        (proj): Linear(in_features=768, out_features=768, bias=True)
        (proj_drop): Dropout(p=0.0, inplace=False)
      )
      (drop_path): Identity()
      (norm2): LayerNorm((768,), eps=1e-06, elementwise_affine=True)
      (mlp): MLP(
        (fc1): Linear(in_features=768, out_features=3072, bias=True)
        (act): GELU(approximate='none')
        (fc2): Linear(in_features=3072, out_features=768, bias=True)
        (drop): Dropout(p=0.0, inplace=False)
      )
    )
  )
  (norm): LayerNorm((768,), eps=1e-06, elementwise_affine=True)
)
Extracting features and saving them locally..
Epoch: 1/200 Train accuracy: 2.34787e-01 Validation accuracy: 2.74333e-01 Loss 1.39439e-02 Time taken: 1 seconds
Epoch: 2/200 Train accuracy: 2.79749e-01 Validation accuracy: 2.92000e-01 Loss 1.37347e-02 Time taken: 1 seconds
Epoch: 3/200 Train accuracy: 3.02123e-01 Validation accuracy: 3.05333e-01 Loss 1.36075e-02 Time taken: 1 seconds
Epoch: 4/200 Train accuracy: 3.14593e-01 Validation accuracy: 3.41667e-01 Loss 1.35332e-02 Time taken: 1 seconds
Epoch: 5/200 Train accuracy: 3.28417e-01 Validation accuracy: 3.56000e-01 Loss 1.34616e-02 Time taken: 1 seconds
Epoch: 6/200 Train accuracy: 3.30056e-01 Validation accuracy: 3.38333e-01 Loss 1.34262e-02 Time taken: 1 seconds
Epoch: 7/200 Train accuracy: 3.38107e-01 Validation accuracy: 3.60000e-01 Loss 1.33780e-02 Time taken: 1 seconds
Epoch: 8/200 Train accuracy: 3.39818e-01 Validation accuracy: 3.58667e-01 Loss 1.33548e-02 Time taken: 1 seconds
Epoch: 9/200 Train accuracy: 3.47941e-01 Validation accuracy: 3.63667e-01 Loss 1.33121e-02 Time taken: 1 seconds
Epoch: 10/200 Train accuracy: 3.50506e-01 Validation accuracy: 3.31000e-01 Loss 1.32924e-02 Time taken: 1 seconds
Epoch: 11/200 Train accuracy: 3.50862e-01 Validation accuracy: 3.53667e-01 Loss 1.32808e-02 Time taken: 1 seconds
Epoch: 12/200 Train accuracy: 3.52287e-01 Validation accuracy: 3.59000e-01 Loss 1.32649e-02 Time taken: 1 seconds
Epoch: 13/200 Train accuracy: 3.55423e-01 Validation accuracy: 3.66333e-01 Loss 1.32317e-02 Time taken: 1 seconds
Epoch: 14/200 Train accuracy: 3.57631e-01 Validation accuracy: 3.72000e-01 Loss 1.32240e-02 Time taken: 1 seconds
Epoch: 15/200 Train accuracy: 3.56278e-01 Validation accuracy: 3.55667e-01 Loss 1.32152e-02 Time taken: 1 seconds
Epoch: 16/200 Train accuracy: 3.55779e-01 Validation accuracy: 3.54333e-01 Loss 1.32087e-02 Time taken: 1 seconds
Epoch: 17/200 Train accuracy: 3.58273e-01 Validation accuracy: 3.69333e-01 Loss 1.31889e-02 Time taken: 1 seconds
Epoch: 18/200 Train accuracy: 3.55494e-01 Validation accuracy: 3.68333e-01 Loss 1.31957e-02 Time taken: 1 seconds
Epoch: 19/200 Train accuracy: 3.59698e-01 Validation accuracy: 3.71667e-01 Loss 1.31766e-02 Time taken: 1 seconds
Epoch: 20/200 Train accuracy: 3.58487e-01 Validation accuracy: 3.69000e-01 Loss 1.31753e-02 Time taken: 1 seconds
Epoch: 21/200 Train accuracy: 3.61479e-01 Validation accuracy: 3.59333e-01 Loss 1.31645e-02 Time taken: 1 seconds
Epoch: 22/200 Train accuracy: 3.61265e-01 Validation accuracy: 3.62333e-01 Loss 1.31614e-02 Time taken: 1 seconds
Epoch: 23/200 Train accuracy: 3.59983e-01 Validation accuracy: 3.77333e-01 Loss 1.31657e-02 Time taken: 1 seconds
Epoch: 24/200 Train accuracy: 3.64543e-01 Validation accuracy: 3.74667e-01 Loss 1.31384e-02 Time taken: 1 seconds
Epoch: 25/200 Train accuracy: 3.63831e-01 Validation accuracy: 3.69000e-01 Loss 1.31405e-02 Time taken: 1 seconds
Epoch: 26/200 Train accuracy: 3.63332e-01 Validation accuracy: 3.74333e-01 Loss 1.31383e-02 Time taken: 1 seconds
Epoch: 27/200 Train accuracy: 3.65185e-01 Validation accuracy: 3.67667e-01 Loss 1.31300e-02 Time taken: 1 seconds
Epoch: 28/200 Train accuracy: 3.64472e-01 Validation accuracy: 3.47667e-01 Loss 1.31318e-02 Time taken: 1 seconds
Epoch: 29/200 Train accuracy: 3.66681e-01 Validation accuracy: 3.60333e-01 Loss 1.31219e-02 Time taken: 1 seconds
Epoch: 30/200 Train accuracy: 3.65612e-01 Validation accuracy: 3.76667e-01 Loss 1.31129e-02 Time taken: 1 seconds
Epoch: 31/200 Train accuracy: 3.65826e-01 Validation accuracy: 3.73667e-01 Loss 1.31087e-02 Time taken: 1 seconds
Epoch: 32/200 Train accuracy: 3.68391e-01 Validation accuracy: 3.64667e-01 Loss 1.30968e-02 Time taken: 1 seconds
Epoch: 33/200 Train accuracy: 3.66823e-01 Validation accuracy: 3.67667e-01 Loss 1.31019e-02 Time taken: 1 seconds
Epoch: 34/200 Train accuracy: 3.68819e-01 Validation accuracy: 3.54333e-01 Loss 1.30948e-02 Time taken: 1 seconds
Epoch: 35/200 Train accuracy: 3.68890e-01 Validation accuracy: 3.75333e-01 Loss 1.30899e-02 Time taken: 1 seconds
Epoch: 36/200 Train accuracy: 3.68890e-01 Validation accuracy: 3.72000e-01 Loss 1.30852e-02 Time taken: 1 seconds
Epoch: 37/200 Train accuracy: 3.65541e-01 Validation accuracy: 3.81000e-01 Loss 1.31086e-02 Time taken: 1 seconds
Epoch: 38/200 Train accuracy: 3.69317e-01 Validation accuracy: 3.74667e-01 Loss 1.30799e-02 Time taken: 1 seconds
Epoch: 39/200 Train accuracy: 3.69959e-01 Validation accuracy: 3.73333e-01 Loss 1.30825e-02 Time taken: 1 seconds
Epoch: 40/200 Train accuracy: 3.65185e-01 Validation accuracy: 3.69667e-01 Loss 1.30946e-02 Time taken: 1 seconds
Epoch: 41/200 Train accuracy: 3.66895e-01 Validation accuracy: 3.65000e-01 Loss 1.30958e-02 Time taken: 1 seconds
Epoch: 42/200 Train accuracy: 3.68534e-01 Validation accuracy: 3.76667e-01 Loss 1.30825e-02 Time taken: 1 seconds
Epoch: 43/200 Train accuracy: 3.67678e-01 Validation accuracy: 3.80000e-01 Loss 1.30833e-02 Time taken: 1 seconds
Epoch: 44/200 Train accuracy: 3.68605e-01 Validation accuracy: 3.82000e-01 Loss 1.30712e-02 Time taken: 1 seconds
Epoch: 45/200 Train accuracy: 3.71526e-01 Validation accuracy: 3.79000e-01 Loss 1.30588e-02 Time taken: 1 seconds
Epoch: 46/200 Train accuracy: 3.69602e-01 Validation accuracy: 3.84000e-01 Loss 1.30668e-02 Time taken: 1 seconds
Epoch: 47/200 Train accuracy: 3.69175e-01 Validation accuracy: 3.63333e-01 Loss 1.30740e-02 Time taken: 1 seconds
Epoch: 48/200 Train accuracy: 3.68890e-01 Validation accuracy: 3.70667e-01 Loss 1.30679e-02 Time taken: 1 seconds
Epoch: 49/200 Train accuracy: 3.69246e-01 Validation accuracy: 3.78667e-01 Loss 1.30587e-02 Time taken: 1 seconds
Epoch: 50/200 Train accuracy: 3.69175e-01 Validation accuracy: 3.82000e-01 Loss 1.30674e-02 Time taken: 1 seconds
Epoch: 51/200 Train accuracy: 3.69531e-01 Validation accuracy: 3.82333e-01 Loss 1.30568e-02 Time taken: 1 seconds
Epoch: 52/200 Train accuracy: 3.70101e-01 Validation accuracy: 3.77000e-01 Loss 1.30578e-02 Time taken: 1 seconds
Epoch: 53/200 Train accuracy: 3.69816e-01 Validation accuracy: 3.84333e-01 Loss 1.30641e-02 Time taken: 1 seconds
Epoch: 54/200 Train accuracy: 3.74448e-01 Validation accuracy: 3.74333e-01 Loss 1.30494e-02 Time taken: 1 seconds
Epoch: 55/200 Train accuracy: 3.71526e-01 Validation accuracy: 3.72000e-01 Loss 1.30504e-02 Time taken: 1 seconds
Epoch: 56/200 Train accuracy: 3.71028e-01 Validation accuracy: 3.81333e-01 Loss 1.30483e-02 Time taken: 1 seconds
Epoch: 57/200 Train accuracy: 3.72453e-01 Validation accuracy: 3.70000e-01 Loss 1.30391e-02 Time taken: 1 seconds
Epoch: 58/200 Train accuracy: 3.71740e-01 Validation accuracy: 3.55000e-01 Loss 1.30486e-02 Time taken: 1 seconds
Epoch: 59/200 Train accuracy: 3.71455e-01 Validation accuracy: 3.81333e-01 Loss 1.30559e-02 Time taken: 1 seconds
Epoch: 60/200 Train accuracy: 3.71598e-01 Validation accuracy: 3.82667e-01 Loss 1.30454e-02 Time taken: 1 seconds
Epoch: 61/200 Train accuracy: 3.73165e-01 Validation accuracy: 3.65333e-01 Loss 1.30468e-02 Time taken: 1 seconds
Epoch: 62/200 Train accuracy: 3.72951e-01 Validation accuracy: 3.83333e-01 Loss 1.30364e-02 Time taken: 1 seconds
Epoch: 63/200 Train accuracy: 3.69959e-01 Validation accuracy: 3.71000e-01 Loss 1.30530e-02 Time taken: 1 seconds
Epoch: 64/200 Train accuracy: 3.62833e-01 Validation accuracy: 3.76000e-01 Loss 1.30824e-02 Time taken: 1 seconds
Epoch: 65/200 Train accuracy: 3.69602e-01 Validation accuracy: 3.81667e-01 Loss 1.30538e-02 Time taken: 1 seconds
Epoch: 66/200 Train accuracy: 3.73664e-01 Validation accuracy: 3.86667e-01 Loss 1.30407e-02 Time taken: 1 seconds
Epoch: 67/200 Train accuracy: 3.72666e-01 Validation accuracy: 3.71000e-01 Loss 1.30358e-02 Time taken: 1 seconds
Epoch: 68/200 Train accuracy: 3.73094e-01 Validation accuracy: 3.79333e-01 Loss 1.30324e-02 Time taken: 1 seconds
Epoch: 69/200 Train accuracy: 3.71170e-01 Validation accuracy: 3.72333e-01 Loss 1.30472e-02 Time taken: 1 seconds
Epoch: 70/200 Train accuracy: 3.72524e-01 Validation accuracy: 3.83333e-01 Loss 1.30363e-02 Time taken: 1 seconds
Epoch: 71/200 Train accuracy: 3.74804e-01 Validation accuracy: 3.85000e-01 Loss 1.30252e-02 Time taken: 1 seconds
Epoch: 72/200 Train accuracy: 3.70529e-01 Validation accuracy: 3.80667e-01 Loss 1.30419e-02 Time taken: 1 seconds
Epoch: 73/200 Train accuracy: 3.70885e-01 Validation accuracy: 3.80667e-01 Loss 1.30302e-02 Time taken: 1 seconds
Epoch: 74/200 Train accuracy: 3.72239e-01 Validation accuracy: 3.76333e-01 Loss 1.30329e-02 Time taken: 1 seconds
Epoch: 75/200 Train accuracy: 3.71384e-01 Validation accuracy: 3.87667e-01 Loss 1.30462e-02 Time taken: 1 seconds
Epoch: 76/200 Train accuracy: 3.71170e-01 Validation accuracy: 3.79000e-01 Loss 1.30352e-02 Time taken: 1 seconds
Epoch: 77/200 Train accuracy: 3.73664e-01 Validation accuracy: 3.77333e-01 Loss 1.30271e-02 Time taken: 1 seconds
Epoch: 78/200 Train accuracy: 3.73308e-01 Validation accuracy: 3.82333e-01 Loss 1.30283e-02 Time taken: 1 seconds
Epoch: 79/200 Train accuracy: 3.72595e-01 Validation accuracy: 3.82000e-01 Loss 1.30298e-02 Time taken: 1 seconds
Epoch: 80/200 Train accuracy: 3.73379e-01 Validation accuracy: 3.78667e-01 Loss 1.30298e-02 Time taken: 1 seconds
Epoch: 81/200 Train accuracy: 3.67678e-01 Validation accuracy: 3.78333e-01 Loss 1.30534e-02 Time taken: 1 seconds
Epoch: 82/200 Train accuracy: 3.74947e-01 Validation accuracy: 3.84333e-01 Loss 1.30311e-02 Time taken: 1 seconds
Epoch: 83/200 Train accuracy: 3.73236e-01 Validation accuracy: 3.76000e-01 Loss 1.30240e-02 Time taken: 1 seconds
Epoch: 84/200 Train accuracy: 3.74804e-01 Validation accuracy: 3.80000e-01 Loss 1.30209e-02 Time taken: 1 seconds
Epoch: 85/200 Train accuracy: 3.73806e-01 Validation accuracy: 3.82333e-01 Loss 1.30302e-02 Time taken: 1 seconds
Epoch: 86/200 Train accuracy: 3.75588e-01 Validation accuracy: 3.84000e-01 Loss 1.30139e-02 Time taken: 1 seconds
Epoch: 87/200 Train accuracy: 3.72239e-01 Validation accuracy: 3.72000e-01 Loss 1.30266e-02 Time taken: 1 seconds
Epoch: 88/200 Train accuracy: 3.74804e-01 Validation accuracy: 3.82667e-01 Loss 1.30237e-02 Time taken: 1 seconds
Epoch: 89/200 Train accuracy: 3.73023e-01 Validation accuracy: 3.75333e-01 Loss 1.30214e-02 Time taken: 1 seconds
Epoch: 90/200 Train accuracy: 3.75588e-01 Validation accuracy: 3.84333e-01 Loss 1.30190e-02 Time taken: 1 seconds
Epoch: 91/200 Train accuracy: 3.71740e-01 Validation accuracy: 3.77667e-01 Loss 1.30276e-02 Time taken: 1 seconds
Epoch: 92/200 Train accuracy: 3.73165e-01 Validation accuracy: 3.81333e-01 Loss 1.30240e-02 Time taken: 1 seconds
Epoch: 93/200 Train accuracy: 3.73593e-01 Validation accuracy: 3.89667e-01 Loss 1.30177e-02 Time taken: 1 seconds
Epoch: 94/200 Train accuracy: 3.73806e-01 Validation accuracy: 3.86000e-01 Loss 1.30144e-02 Time taken: 1 seconds
Epoch: 95/200 Train accuracy: 3.71455e-01 Validation accuracy: 3.85000e-01 Loss 1.30278e-02 Time taken: 1 seconds
Epoch: 96/200 Train accuracy: 3.75659e-01 Validation accuracy: 3.86000e-01 Loss 1.30091e-02 Time taken: 1 seconds
Epoch: 97/200 Train accuracy: 3.75944e-01 Validation accuracy: 3.77000e-01 Loss 1.30058e-02 Time taken: 1 seconds
Epoch: 98/200 Train accuracy: 3.74234e-01 Validation accuracy: 3.82667e-01 Loss 1.30289e-02 Time taken: 1 seconds
Epoch: 99/200 Train accuracy: 3.74662e-01 Validation accuracy: 3.81333e-01 Loss 1.30213e-02 Time taken: 1 seconds
Epoch: 100/200 Train accuracy: 3.71811e-01 Validation accuracy: 3.82000e-01 Loss 1.30183e-02 Time taken: 1 seconds
Epoch: 101/200 Train accuracy: 3.72809e-01 Validation accuracy: 3.75333e-01 Loss 1.30211e-02 Time taken: 1 seconds
Epoch: 102/200 Train accuracy: 3.73308e-01 Validation accuracy: 3.85667e-01 Loss 1.30186e-02 Time taken: 1 seconds
Epoch: 103/200 Train accuracy: 3.74091e-01 Validation accuracy: 3.82333e-01 Loss 1.30112e-02 Time taken: 1 seconds
Epoch: 104/200 Train accuracy: 3.74662e-01 Validation accuracy: 3.82333e-01 Loss 1.30091e-02 Time taken: 1 seconds
Epoch: 105/200 Train accuracy: 3.74875e-01 Validation accuracy: 3.74000e-01 Loss 1.30131e-02 Time taken: 1 seconds
Epoch: 106/200 Train accuracy: 3.73023e-01 Validation accuracy: 3.83667e-01 Loss 1.30221e-02 Time taken: 1 seconds
Epoch: 107/200 Train accuracy: 3.75374e-01 Validation accuracy: 3.83000e-01 Loss 1.30141e-02 Time taken: 1 seconds
Epoch: 108/200 Train accuracy: 3.73664e-01 Validation accuracy: 3.82000e-01 Loss 1.30200e-02 Time taken: 1 seconds
Epoch: 109/200 Train accuracy: 3.74662e-01 Validation accuracy: 3.60000e-01 Loss 1.30092e-02 Time taken: 1 seconds
Epoch: 110/200 Train accuracy: 3.74091e-01 Validation accuracy: 3.84667e-01 Loss 1.30212e-02 Time taken: 1 seconds
Epoch: 111/200 Train accuracy: 3.76585e-01 Validation accuracy: 3.78333e-01 Loss 1.30027e-02 Time taken: 1 seconds
Epoch: 112/200 Train accuracy: 3.71241e-01 Validation accuracy: 3.78667e-01 Loss 1.30340e-02 Time taken: 1 seconds
Epoch: 113/200 Train accuracy: 3.74519e-01 Validation accuracy: 3.83000e-01 Loss 1.30094e-02 Time taken: 1 seconds
Epoch: 114/200 Train accuracy: 3.73236e-01 Validation accuracy: 3.81333e-01 Loss 1.30139e-02 Time taken: 1 seconds
Epoch: 115/200 Train accuracy: 3.72381e-01 Validation accuracy: 3.83000e-01 Loss 1.30194e-02 Time taken: 1 seconds
Epoch: 116/200 Train accuracy: 3.75160e-01 Validation accuracy: 3.86000e-01 Loss 1.30088e-02 Time taken: 1 seconds
Epoch: 117/200 Train accuracy: 3.77512e-01 Validation accuracy: 3.85000e-01 Loss 1.30020e-02 Time taken: 1 seconds
Epoch: 118/200 Train accuracy: 3.73094e-01 Validation accuracy: 3.86667e-01 Loss 1.30185e-02 Time taken: 1 seconds
Epoch: 119/200 Train accuracy: 3.75089e-01 Validation accuracy: 3.85333e-01 Loss 1.30123e-02 Time taken: 1 seconds
Epoch: 120/200 Train accuracy: 3.75089e-01 Validation accuracy: 3.85667e-01 Loss 1.30024e-02 Time taken: 1 seconds
Epoch: 121/200 Train accuracy: 3.73949e-01 Validation accuracy: 3.86667e-01 Loss 1.30055e-02 Time taken: 1 seconds
Epoch: 122/200 Train accuracy: 3.77583e-01 Validation accuracy: 3.84333e-01 Loss 1.29964e-02 Time taken: 1 seconds
Epoch: 123/200 Train accuracy: 3.76158e-01 Validation accuracy: 3.85333e-01 Loss 1.30037e-02 Time taken: 1 seconds
Epoch: 124/200 Train accuracy: 3.74234e-01 Validation accuracy: 3.84667e-01 Loss 1.30061e-02 Time taken: 1 seconds
Epoch: 125/200 Train accuracy: 3.75802e-01 Validation accuracy: 3.88333e-01 Loss 1.30057e-02 Time taken: 1 seconds
Epoch: 126/200 Train accuracy: 3.76372e-01 Validation accuracy: 3.84333e-01 Loss 1.30074e-02 Time taken: 1 seconds
Epoch: 127/200 Train accuracy: 3.73878e-01 Validation accuracy: 3.85333e-01 Loss 1.29996e-02 Time taken: 1 seconds
Epoch: 128/200 Train accuracy: 3.74590e-01 Validation accuracy: 3.72333e-01 Loss 1.30041e-02 Time taken: 1 seconds
Epoch: 129/200 Train accuracy: 3.73664e-01 Validation accuracy: 3.83333e-01 Loss 1.30062e-02 Time taken: 1 seconds
Epoch: 130/200 Train accuracy: 3.73379e-01 Validation accuracy: 3.81000e-01 Loss 1.30110e-02 Time taken: 1 seconds
Epoch: 131/200 Train accuracy: 3.78509e-01 Validation accuracy: 3.86333e-01 Loss 1.30034e-02 Time taken: 1 seconds
Epoch: 132/200 Train accuracy: 3.78794e-01 Validation accuracy: 3.84000e-01 Loss 1.29921e-02 Time taken: 1 seconds
Epoch: 133/200 Train accuracy: 3.72809e-01 Validation accuracy: 3.81000e-01 Loss 1.30080e-02 Time taken: 1 seconds
Epoch: 134/200 Train accuracy: 3.76087e-01 Validation accuracy: 3.85000e-01 Loss 1.29944e-02 Time taken: 1 seconds
Epoch: 135/200 Train accuracy: 3.75659e-01 Validation accuracy: 3.81333e-01 Loss 1.30028e-02 Time taken: 1 seconds
Epoch: 136/200 Train accuracy: 3.74804e-01 Validation accuracy: 3.80333e-01 Loss 1.29979e-02 Time taken: 1 seconds
Epoch: 137/200 Train accuracy: 3.77583e-01 Validation accuracy: 3.83000e-01 Loss 1.29911e-02 Time taken: 1 seconds
Epoch: 138/200 Train accuracy: 3.75873e-01 Validation accuracy: 3.80000e-01 Loss 1.29981e-02 Time taken: 1 seconds
Epoch: 139/200 Train accuracy: 3.75730e-01 Validation accuracy: 3.81000e-01 Loss 1.29963e-02 Time taken: 1 seconds
Epoch: 140/200 Train accuracy: 3.72168e-01 Validation accuracy: 3.85667e-01 Loss 1.30114e-02 Time taken: 1 seconds
Epoch: 141/200 Train accuracy: 3.75944e-01 Validation accuracy: 3.85667e-01 Loss 1.29924e-02 Time taken: 1 seconds
Epoch: 142/200 Train accuracy: 3.74875e-01 Validation accuracy: 3.84000e-01 Loss 1.30013e-02 Time taken: 1 seconds
Epoch: 143/200 Train accuracy: 3.75873e-01 Validation accuracy: 3.82333e-01 Loss 1.30021e-02 Time taken: 1 seconds
Epoch: 144/200 Train accuracy: 3.76158e-01 Validation accuracy: 3.84333e-01 Loss 1.29999e-02 Time taken: 1 seconds
Epoch: 145/200 Train accuracy: 3.75018e-01 Validation accuracy: 3.77000e-01 Loss 1.29978e-02 Time taken: 1 seconds
Epoch: 146/200 Train accuracy: 3.77583e-01 Validation accuracy: 3.82333e-01 Loss 1.29984e-02 Time taken: 1 seconds
Epoch: 147/200 Train accuracy: 3.77654e-01 Validation accuracy: 3.83000e-01 Loss 1.29868e-02 Time taken: 1 seconds
Epoch: 148/200 Train accuracy: 3.75873e-01 Validation accuracy: 3.86667e-01 Loss 1.30021e-02 Time taken: 1 seconds
Epoch: 149/200 Train accuracy: 3.78224e-01 Validation accuracy: 3.86667e-01 Loss 1.29877e-02 Time taken: 1 seconds
Epoch: 150/200 Train accuracy: 3.74662e-01 Validation accuracy: 3.76333e-01 Loss 1.29971e-02 Time taken: 1 seconds
Epoch: 151/200 Train accuracy: 3.77227e-01 Validation accuracy: 3.83333e-01 Loss 1.29898e-02 Time taken: 1 seconds
Epoch: 152/200 Train accuracy: 3.77369e-01 Validation accuracy: 3.80000e-01 Loss 1.29901e-02 Time taken: 1 seconds
Epoch: 153/200 Train accuracy: 3.73949e-01 Validation accuracy: 3.72333e-01 Loss 1.30037e-02 Time taken: 1 seconds
Epoch: 154/200 Train accuracy: 3.77013e-01 Validation accuracy: 3.71333e-01 Loss 1.30043e-02 Time taken: 1 seconds
Epoch: 155/200 Train accuracy: 3.73806e-01 Validation accuracy: 3.86667e-01 Loss 1.30077e-02 Time taken: 1 seconds
Epoch: 156/200 Train accuracy: 3.79293e-01 Validation accuracy: 3.82667e-01 Loss 1.29817e-02 Time taken: 1 seconds
Epoch: 157/200 Train accuracy: 3.75445e-01 Validation accuracy: 3.87000e-01 Loss 1.29993e-02 Time taken: 1 seconds
Epoch: 158/200 Train accuracy: 3.75588e-01 Validation accuracy: 3.81000e-01 Loss 1.29872e-02 Time taken: 1 seconds
Epoch: 159/200 Train accuracy: 3.73664e-01 Validation accuracy: 3.72000e-01 Loss 1.29993e-02 Time taken: 1 seconds
Epoch: 160/200 Train accuracy: 3.77583e-01 Validation accuracy: 3.83667e-01 Loss 1.29831e-02 Time taken: 1 seconds
Epoch: 161/200 Train accuracy: 3.76300e-01 Validation accuracy: 3.86333e-01 Loss 1.29873e-02 Time taken: 1 seconds
Epoch: 162/200 Train accuracy: 3.79863e-01 Validation accuracy: 3.83000e-01 Loss 1.29791e-02 Time taken: 1 seconds
Epoch: 163/200 Train accuracy: 3.77583e-01 Validation accuracy: 3.87000e-01 Loss 1.29861e-02 Time taken: 1 seconds
Epoch: 164/200 Train accuracy: 3.78723e-01 Validation accuracy: 3.83667e-01 Loss 1.29899e-02 Time taken: 1 seconds
Epoch: 165/200 Train accuracy: 3.77797e-01 Validation accuracy: 3.82333e-01 Loss 1.29819e-02 Time taken: 1 seconds
Epoch: 166/200 Train accuracy: 3.76942e-01 Validation accuracy: 3.83667e-01 Loss 1.29899e-02 Time taken: 1 seconds
Epoch: 167/200 Train accuracy: 3.74733e-01 Validation accuracy: 3.71000e-01 Loss 1.30057e-02 Time taken: 1 seconds
Epoch: 168/200 Train accuracy: 3.77227e-01 Validation accuracy: 3.80667e-01 Loss 1.29943e-02 Time taken: 1 seconds
Epoch: 169/200 Train accuracy: 3.75944e-01 Validation accuracy: 3.80667e-01 Loss 1.29843e-02 Time taken: 1 seconds
Epoch: 170/200 Train accuracy: 3.76158e-01 Validation accuracy: 3.84333e-01 Loss 1.29952e-02 Time taken: 1 seconds
Epoch: 171/200 Train accuracy: 3.76443e-01 Validation accuracy: 3.84000e-01 Loss 1.29912e-02 Time taken: 1 seconds
Epoch: 172/200 Train accuracy: 3.78296e-01 Validation accuracy: 3.84333e-01 Loss 1.29863e-02 Time taken: 1 seconds
Epoch: 173/200 Train accuracy: 3.79222e-01 Validation accuracy: 3.77667e-01 Loss 1.29870e-02 Time taken: 1 seconds
Epoch: 174/200 Train accuracy: 3.76514e-01 Validation accuracy: 3.87000e-01 Loss 1.29865e-02 Time taken: 1 seconds
Epoch: 175/200 Train accuracy: 3.77654e-01 Validation accuracy: 3.73333e-01 Loss 1.29869e-02 Time taken: 1 seconds
Epoch: 176/200 Train accuracy: 3.76372e-01 Validation accuracy: 3.83333e-01 Loss 1.29930e-02 Time taken: 1 seconds
Epoch: 177/200 Train accuracy: 3.74590e-01 Validation accuracy: 3.85000e-01 Loss 1.29879e-02 Time taken: 1 seconds
Epoch: 178/200 Train accuracy: 3.79792e-01 Validation accuracy: 3.83333e-01 Loss 1.29777e-02 Time taken: 1 seconds
Epoch: 179/200 Train accuracy: 3.79507e-01 Validation accuracy: 3.69333e-01 Loss 1.29784e-02 Time taken: 1 seconds
Epoch: 180/200 Train accuracy: 3.75802e-01 Validation accuracy: 3.82000e-01 Loss 1.29872e-02 Time taken: 1 seconds
Epoch: 181/200 Train accuracy: 3.77298e-01 Validation accuracy: 3.86000e-01 Loss 1.29844e-02 Time taken: 1 seconds
Epoch: 182/200 Train accuracy: 3.78367e-01 Validation accuracy: 3.86333e-01 Loss 1.29811e-02 Time taken: 1 seconds
Epoch: 183/200 Train accuracy: 3.78082e-01 Validation accuracy: 3.82000e-01 Loss 1.29824e-02 Time taken: 1 seconds
Epoch: 184/200 Train accuracy: 3.78581e-01 Validation accuracy: 3.79667e-01 Loss 1.29816e-02 Time taken: 1 seconds
Epoch: 185/200 Train accuracy: 3.74947e-01 Validation accuracy: 3.69667e-01 Loss 1.29958e-02 Time taken: 1 seconds
Epoch: 186/200 Train accuracy: 3.78082e-01 Validation accuracy: 3.87000e-01 Loss 1.29721e-02 Time taken: 1 seconds
Epoch: 187/200 Train accuracy: 3.80006e-01 Validation accuracy: 3.78667e-01 Loss 1.29797e-02 Time taken: 1 seconds
Epoch: 188/200 Train accuracy: 3.78937e-01 Validation accuracy: 3.85667e-01 Loss 1.29807e-02 Time taken: 1 seconds
Epoch: 189/200 Train accuracy: 3.78011e-01 Validation accuracy: 3.82667e-01 Loss 1.29832e-02 Time taken: 1 seconds
Epoch: 190/200 Train accuracy: 3.77369e-01 Validation accuracy: 3.85333e-01 Loss 1.29854e-02 Time taken: 1 seconds
Epoch: 191/200 Train accuracy: 3.77868e-01 Validation accuracy: 3.82000e-01 Loss 1.29816e-02 Time taken: 1 seconds
Epoch: 192/200 Train accuracy: 3.76087e-01 Validation accuracy: 3.91000e-01 Loss 1.29866e-02 Time taken: 1 seconds
Epoch: 193/200 Train accuracy: 3.77583e-01 Validation accuracy: 3.81333e-01 Loss 1.29857e-02 Time taken: 1 seconds
Epoch: 194/200 Train accuracy: 3.73236e-01 Validation accuracy: 3.84333e-01 Loss 1.30082e-02 Time taken: 1 seconds
Epoch: 195/200 Train accuracy: 3.76158e-01 Validation accuracy: 3.80333e-01 Loss 1.29775e-02 Time taken: 1 seconds
Epoch: 196/200 Train accuracy: 3.79436e-01 Validation accuracy: 3.84333e-01 Loss 1.29850e-02 Time taken: 1 seconds
Epoch: 197/200 Train accuracy: 3.76657e-01 Validation accuracy: 3.80000e-01 Loss 1.29869e-02 Time taken: 1 seconds
Epoch: 198/200 Train accuracy: 3.76585e-01 Validation accuracy: 3.87333e-01 Loss 1.29851e-02 Time taken: 1 seconds
Epoch: 199/200 Train accuracy: 3.77654e-01 Validation accuracy: 3.89333e-01 Loss 1.29800e-02 Time taken: 1 seconds
Epoch: 200/200 Train accuracy: 3.76799e-01 Validation accuracy: 3.87333e-01 Loss 1.29915e-02 Time taken: 1 seconds
Total time taken 0:05:05.465578
Done


