nohup: ignoring input
INFO:root:called-params cls_configs/clsiic.yaml
INFO:root:loaded params....
{   'data': {   'batch_size': 128,
                'crop_size': 150,
                'model_name': 'vit_base',
                'num_classes': 6,
                'patch_size': 15,
                'probe_checkpoints': True,
                'probe_prefix': 'jepa_iic_PKT',
                'train_dataset_path': 'datasets/intel-image-classification/train',
                'val_dataset_path': 'datasets/intel-image-classification/test'},
    'logging': {   'checkpoint_freq': 1000,
                   'eval_output': 'jepa-iic-PKT-cls',
                   'log_dir': 'logs_PKT/iic-train-PKT',
                   'log_file': 'iic-stats',
                   'pretrained_model_path': 'jepa_iic_PKT-latest.pth.tar',
                   'save_path': 'classifiers/jepa-iic-PKT-classifier-pretrained-vitb'},
    'meta': {'device': 'cuda'},
    'optimization': {'epochs': 200, 'lr': 0.001, 'use_last_n_blocks': 1}}
INFO:root:working on file logs_PKT/iic-train-PKT/jepa_iic_PKT-ep100.pth.tar ...
Directory classifiers/jepa-iic-PKT-classifier-pretrained-vitb-ep100 is now present
VisionTransformer(
  (patch_embed): PatchEmbed(
    (proj): Conv2d(3, 768, kernel_size=(15, 15), stride=(15, 15))
  )
  (blocks): ModuleList(
    (0-11): 12 x Block(
      (norm1): LayerNorm((768,), eps=1e-06, elementwise_affine=True)
      (attn): Attention(
        (qkv): Linear(in_features=768, out_features=2304, bias=True)
        (attn_drop): Dropout(p=0.0, inplace=False)
        (proj): Linear(in_features=768, out_features=768, bias=True)
        (proj_drop): Dropout(p=0.0, inplace=False)
      )
      (drop_path): Identity()
      (norm2): LayerNorm((768,), eps=1e-06, elementwise_affine=True)
      (mlp): MLP(
        (fc1): Linear(in_features=768, out_features=3072, bias=True)
        (act): GELU(approximate='none')
        (fc2): Linear(in_features=3072, out_features=768, bias=True)
        (drop): Dropout(p=0.0, inplace=False)
      )
    )
  )
  (norm): LayerNorm((768,), eps=1e-06, elementwise_affine=True)
)
Extracting features and saving them locally..
Epoch: 1/200 Train accuracy: 2.55237e-01 Validation accuracy: 2.78333e-01 Loss 1.38205e-02 Time taken: 1 seconds
Epoch: 2/200 Train accuracy: 2.79963e-01 Validation accuracy: 2.94667e-01 Loss 1.36012e-02 Time taken: 1 seconds
Epoch: 3/200 Train accuracy: 2.96993e-01 Validation accuracy: 3.15667e-01 Loss 1.35271e-02 Time taken: 1 seconds
Epoch: 4/200 Train accuracy: 3.03976e-01 Validation accuracy: 3.07333e-01 Loss 1.34704e-02 Time taken: 1 seconds
Epoch: 5/200 Train accuracy: 3.09463e-01 Validation accuracy: 2.86000e-01 Loss 1.34390e-02 Time taken: 1 seconds
Epoch: 6/200 Train accuracy: 3.04261e-01 Validation accuracy: 3.11333e-01 Loss 1.34561e-02 Time taken: 1 seconds
Epoch: 7/200 Train accuracy: 3.12028e-01 Validation accuracy: 3.03333e-01 Loss 1.34084e-02 Time taken: 1 seconds
Epoch: 8/200 Train accuracy: 3.06185e-01 Validation accuracy: 3.31000e-01 Loss 1.34192e-02 Time taken: 1 seconds
Epoch: 9/200 Train accuracy: 3.15947e-01 Validation accuracy: 3.31667e-01 Loss 1.33899e-02 Time taken: 1 seconds
Epoch: 10/200 Train accuracy: 3.16660e-01 Validation accuracy: 3.42000e-01 Loss 1.33714e-02 Time taken: 1 seconds
Epoch: 11/200 Train accuracy: 3.15092e-01 Validation accuracy: 3.41333e-01 Loss 1.33747e-02 Time taken: 1 seconds
Epoch: 12/200 Train accuracy: 3.20507e-01 Validation accuracy: 3.41333e-01 Loss 1.33577e-02 Time taken: 1 seconds
Epoch: 13/200 Train accuracy: 3.20080e-01 Validation accuracy: 3.47000e-01 Loss 1.33712e-02 Time taken: 1 seconds
Epoch: 14/200 Train accuracy: 3.25495e-01 Validation accuracy: 3.51667e-01 Loss 1.33289e-02 Time taken: 1 seconds
Epoch: 15/200 Train accuracy: 3.25780e-01 Validation accuracy: 3.44667e-01 Loss 1.33277e-02 Time taken: 1 seconds
Epoch: 16/200 Train accuracy: 3.28203e-01 Validation accuracy: 3.25667e-01 Loss 1.33292e-02 Time taken: 1 seconds
Epoch: 17/200 Train accuracy: 3.28345e-01 Validation accuracy: 3.32667e-01 Loss 1.33092e-02 Time taken: 1 seconds
Epoch: 18/200 Train accuracy: 3.23643e-01 Validation accuracy: 3.28333e-01 Loss 1.33304e-02 Time taken: 1 seconds
Epoch: 19/200 Train accuracy: 3.24854e-01 Validation accuracy: 3.41000e-01 Loss 1.33248e-02 Time taken: 1 seconds
Epoch: 20/200 Train accuracy: 3.26992e-01 Validation accuracy: 3.41000e-01 Loss 1.33151e-02 Time taken: 1 seconds
Epoch: 21/200 Train accuracy: 3.26137e-01 Validation accuracy: 3.23667e-01 Loss 1.33047e-02 Time taken: 1 seconds
Epoch: 22/200 Train accuracy: 3.27918e-01 Validation accuracy: 3.54333e-01 Loss 1.33098e-02 Time taken: 1 seconds
Epoch: 23/200 Train accuracy: 3.24711e-01 Validation accuracy: 3.47333e-01 Loss 1.33132e-02 Time taken: 1 seconds
Epoch: 24/200 Train accuracy: 3.29272e-01 Validation accuracy: 3.46000e-01 Loss 1.32934e-02 Time taken: 1 seconds
Epoch: 25/200 Train accuracy: 3.28987e-01 Validation accuracy: 3.53667e-01 Loss 1.32981e-02 Time taken: 1 seconds
Epoch: 26/200 Train accuracy: 3.28345e-01 Validation accuracy: 3.17000e-01 Loss 1.33116e-02 Time taken: 1 seconds
Epoch: 27/200 Train accuracy: 3.28203e-01 Validation accuracy: 3.38000e-01 Loss 1.32988e-02 Time taken: 1 seconds
Epoch: 28/200 Train accuracy: 3.27205e-01 Validation accuracy: 3.51667e-01 Loss 1.33155e-02 Time taken: 1 seconds
Epoch: 29/200 Train accuracy: 3.27419e-01 Validation accuracy: 3.18333e-01 Loss 1.33099e-02 Time taken: 1 seconds
Epoch: 30/200 Train accuracy: 3.29557e-01 Validation accuracy: 3.49000e-01 Loss 1.32877e-02 Time taken: 1 seconds
Epoch: 31/200 Train accuracy: 3.29984e-01 Validation accuracy: 3.44333e-01 Loss 1.32968e-02 Time taken: 1 seconds
Epoch: 32/200 Train accuracy: 3.30982e-01 Validation accuracy: 3.49333e-01 Loss 1.32875e-02 Time taken: 1 seconds
Epoch: 33/200 Train accuracy: 3.27490e-01 Validation accuracy: 3.38000e-01 Loss 1.32918e-02 Time taken: 1 seconds
Epoch: 34/200 Train accuracy: 3.33761e-01 Validation accuracy: 3.36000e-01 Loss 1.32726e-02 Time taken: 1 seconds
Epoch: 35/200 Train accuracy: 3.31267e-01 Validation accuracy: 3.38333e-01 Loss 1.32880e-02 Time taken: 1 seconds
Epoch: 36/200 Train accuracy: 3.26279e-01 Validation accuracy: 3.44000e-01 Loss 1.33009e-02 Time taken: 1 seconds
Epoch: 37/200 Train accuracy: 3.33690e-01 Validation accuracy: 3.26667e-01 Loss 1.32707e-02 Time taken: 1 seconds
Epoch: 38/200 Train accuracy: 3.33690e-01 Validation accuracy: 3.26333e-01 Loss 1.32752e-02 Time taken: 1 seconds
Epoch: 39/200 Train accuracy: 3.32122e-01 Validation accuracy: 3.26667e-01 Loss 1.32722e-02 Time taken: 1 seconds
Epoch: 40/200 Train accuracy: 3.32051e-01 Validation accuracy: 3.38333e-01 Loss 1.32814e-02 Time taken: 1 seconds
Epoch: 41/200 Train accuracy: 3.34687e-01 Validation accuracy: 3.49333e-01 Loss 1.32706e-02 Time taken: 1 seconds
Epoch: 42/200 Train accuracy: 3.32336e-01 Validation accuracy: 3.31000e-01 Loss 1.32693e-02 Time taken: 1 seconds
Epoch: 43/200 Train accuracy: 3.30483e-01 Validation accuracy: 3.49000e-01 Loss 1.32748e-02 Time taken: 1 seconds
Epoch: 44/200 Train accuracy: 3.32621e-01 Validation accuracy: 3.43667e-01 Loss 1.32724e-02 Time taken: 1 seconds
Epoch: 45/200 Train accuracy: 3.32122e-01 Validation accuracy: 3.48000e-01 Loss 1.32661e-02 Time taken: 1 seconds
Epoch: 46/200 Train accuracy: 3.31766e-01 Validation accuracy: 3.39000e-01 Loss 1.32797e-02 Time taken: 1 seconds
Epoch: 47/200 Train accuracy: 3.35756e-01 Validation accuracy: 3.46333e-01 Loss 1.32613e-02 Time taken: 1 seconds
Epoch: 48/200 Train accuracy: 3.32478e-01 Validation accuracy: 3.47000e-01 Loss 1.32782e-02 Time taken: 1 seconds
Epoch: 49/200 Train accuracy: 3.32621e-01 Validation accuracy: 3.49667e-01 Loss 1.32708e-02 Time taken: 1 seconds
Epoch: 50/200 Train accuracy: 3.34473e-01 Validation accuracy: 3.53333e-01 Loss 1.32782e-02 Time taken: 1 seconds
Epoch: 51/200 Train accuracy: 3.33048e-01 Validation accuracy: 3.34333e-01 Loss 1.32664e-02 Time taken: 1 seconds
Epoch: 52/200 Train accuracy: 3.28488e-01 Validation accuracy: 3.49333e-01 Loss 1.32785e-02 Time taken: 1 seconds
Epoch: 53/200 Train accuracy: 3.32336e-01 Validation accuracy: 3.19333e-01 Loss 1.32799e-02 Time taken: 1 seconds
Epoch: 54/200 Train accuracy: 3.37894e-01 Validation accuracy: 3.48667e-01 Loss 1.32638e-02 Time taken: 1 seconds
Epoch: 55/200 Train accuracy: 3.36825e-01 Validation accuracy: 3.31000e-01 Loss 1.32535e-02 Time taken: 1 seconds
Epoch: 56/200 Train accuracy: 3.33832e-01 Validation accuracy: 3.41667e-01 Loss 1.32618e-02 Time taken: 1 seconds
Epoch: 57/200 Train accuracy: 3.33262e-01 Validation accuracy: 3.53000e-01 Loss 1.32724e-02 Time taken: 1 seconds
Epoch: 58/200 Train accuracy: 3.34473e-01 Validation accuracy: 3.48333e-01 Loss 1.32632e-02 Time taken: 1 seconds
Epoch: 59/200 Train accuracy: 3.35685e-01 Validation accuracy: 3.31333e-01 Loss 1.32576e-02 Time taken: 1 seconds
Epoch: 60/200 Train accuracy: 3.34758e-01 Validation accuracy: 3.38000e-01 Loss 1.32538e-02 Time taken: 1 seconds
Epoch: 61/200 Train accuracy: 3.32051e-01 Validation accuracy: 3.55000e-01 Loss 1.32630e-02 Time taken: 1 seconds
Epoch: 62/200 Train accuracy: 3.35400e-01 Validation accuracy: 3.23667e-01 Loss 1.32546e-02 Time taken: 1 seconds
Epoch: 63/200 Train accuracy: 3.36967e-01 Validation accuracy: 3.52333e-01 Loss 1.32540e-02 Time taken: 1 seconds
Epoch: 64/200 Train accuracy: 3.41243e-01 Validation accuracy: 3.48000e-01 Loss 1.32459e-02 Time taken: 1 seconds
Epoch: 65/200 Train accuracy: 3.35614e-01 Validation accuracy: 3.53667e-01 Loss 1.32572e-02 Time taken: 1 seconds
Epoch: 66/200 Train accuracy: 3.35970e-01 Validation accuracy: 3.32333e-01 Loss 1.32488e-02 Time taken: 1 seconds
Epoch: 67/200 Train accuracy: 3.37751e-01 Validation accuracy: 3.33000e-01 Loss 1.32559e-02 Time taken: 1 seconds
Epoch: 68/200 Train accuracy: 3.39105e-01 Validation accuracy: 3.47333e-01 Loss 1.32473e-02 Time taken: 1 seconds
Epoch: 69/200 Train accuracy: 3.38820e-01 Validation accuracy: 3.32333e-01 Loss 1.32571e-02 Time taken: 1 seconds
Epoch: 70/200 Train accuracy: 3.29984e-01 Validation accuracy: 3.26333e-01 Loss 1.32828e-02 Time taken: 1 seconds
Epoch: 71/200 Train accuracy: 3.32763e-01 Validation accuracy: 3.51000e-01 Loss 1.32667e-02 Time taken: 1 seconds
Epoch: 72/200 Train accuracy: 3.38321e-01 Validation accuracy: 3.53333e-01 Loss 1.32474e-02 Time taken: 1 seconds
Epoch: 73/200 Train accuracy: 3.33262e-01 Validation accuracy: 3.51000e-01 Loss 1.32601e-02 Time taken: 1 seconds
Epoch: 74/200 Train accuracy: 3.34331e-01 Validation accuracy: 3.52333e-01 Loss 1.32572e-02 Time taken: 1 seconds
Epoch: 75/200 Train accuracy: 3.33262e-01 Validation accuracy: 3.54667e-01 Loss 1.32546e-02 Time taken: 1 seconds
Epoch: 76/200 Train accuracy: 3.39889e-01 Validation accuracy: 3.55000e-01 Loss 1.32365e-02 Time taken: 1 seconds
Epoch: 77/200 Train accuracy: 3.35115e-01 Validation accuracy: 3.49333e-01 Loss 1.32461e-02 Time taken: 1 seconds
Epoch: 78/200 Train accuracy: 3.39818e-01 Validation accuracy: 3.48000e-01 Loss 1.32352e-02 Time taken: 1 seconds
Epoch: 79/200 Train accuracy: 3.36255e-01 Validation accuracy: 3.56333e-01 Loss 1.32561e-02 Time taken: 1 seconds
Epoch: 80/200 Train accuracy: 3.37181e-01 Validation accuracy: 3.48000e-01 Loss 1.32455e-02 Time taken: 1 seconds
Epoch: 81/200 Train accuracy: 3.39889e-01 Validation accuracy: 3.53000e-01 Loss 1.32436e-02 Time taken: 1 seconds
Epoch: 82/200 Train accuracy: 3.35257e-01 Validation accuracy: 3.28667e-01 Loss 1.32454e-02 Time taken: 1 seconds
Epoch: 83/200 Train accuracy: 3.39533e-01 Validation accuracy: 3.59000e-01 Loss 1.32309e-02 Time taken: 1 seconds
Epoch: 84/200 Train accuracy: 3.32478e-01 Validation accuracy: 3.34000e-01 Loss 1.32694e-02 Time taken: 1 seconds
Epoch: 85/200 Train accuracy: 3.39176e-01 Validation accuracy: 3.28667e-01 Loss 1.32373e-02 Time taken: 1 seconds
Epoch: 86/200 Train accuracy: 3.37537e-01 Validation accuracy: 3.33000e-01 Loss 1.32496e-02 Time taken: 1 seconds
Epoch: 87/200 Train accuracy: 3.38677e-01 Validation accuracy: 3.54667e-01 Loss 1.32441e-02 Time taken: 1 seconds
Epoch: 88/200 Train accuracy: 3.41243e-01 Validation accuracy: 3.37000e-01 Loss 1.32409e-02 Time taken: 1 seconds
Epoch: 89/200 Train accuracy: 3.36611e-01 Validation accuracy: 3.53000e-01 Loss 1.32527e-02 Time taken: 1 seconds
Epoch: 90/200 Train accuracy: 3.37751e-01 Validation accuracy: 3.56667e-01 Loss 1.32424e-02 Time taken: 1 seconds
Epoch: 91/200 Train accuracy: 3.38321e-01 Validation accuracy: 3.56000e-01 Loss 1.32434e-02 Time taken: 1 seconds
Epoch: 92/200 Train accuracy: 3.34901e-01 Validation accuracy: 3.55000e-01 Loss 1.32517e-02 Time taken: 1 seconds
Epoch: 93/200 Train accuracy: 3.38820e-01 Validation accuracy: 3.47333e-01 Loss 1.32445e-02 Time taken: 1 seconds
Epoch: 94/200 Train accuracy: 3.33832e-01 Validation accuracy: 3.48333e-01 Loss 1.32423e-02 Time taken: 1 seconds
Epoch: 95/200 Train accuracy: 3.39818e-01 Validation accuracy: 3.33667e-01 Loss 1.32406e-02 Time taken: 1 seconds
Epoch: 96/200 Train accuracy: 3.39390e-01 Validation accuracy: 3.57333e-01 Loss 1.32435e-02 Time taken: 1 seconds
Epoch: 97/200 Train accuracy: 3.34687e-01 Validation accuracy: 3.43667e-01 Loss 1.32626e-02 Time taken: 1 seconds
Epoch: 98/200 Train accuracy: 3.36184e-01 Validation accuracy: 3.54667e-01 Loss 1.32522e-02 Time taken: 1 seconds
Epoch: 99/200 Train accuracy: 3.39533e-01 Validation accuracy: 3.12333e-01 Loss 1.32437e-02 Time taken: 1 seconds
Epoch: 100/200 Train accuracy: 3.40530e-01 Validation accuracy: 3.55667e-01 Loss 1.32297e-02 Time taken: 1 seconds
Epoch: 101/200 Train accuracy: 3.41171e-01 Validation accuracy: 3.50667e-01 Loss 1.32276e-02 Time taken: 1 seconds
Epoch: 102/200 Train accuracy: 3.42454e-01 Validation accuracy: 3.54333e-01 Loss 1.32234e-02 Time taken: 1 seconds
Epoch: 103/200 Train accuracy: 3.38749e-01 Validation accuracy: 3.43667e-01 Loss 1.32318e-02 Time taken: 1 seconds
Epoch: 104/200 Train accuracy: 3.42739e-01 Validation accuracy: 3.54667e-01 Loss 1.32197e-02 Time taken: 1 seconds
Epoch: 105/200 Train accuracy: 3.39604e-01 Validation accuracy: 3.40333e-01 Loss 1.32377e-02 Time taken: 1 seconds
Epoch: 106/200 Train accuracy: 3.35685e-01 Validation accuracy: 3.50667e-01 Loss 1.32513e-02 Time taken: 1 seconds
Epoch: 107/200 Train accuracy: 3.42027e-01 Validation accuracy: 3.48000e-01 Loss 1.32260e-02 Time taken: 1 seconds
Epoch: 108/200 Train accuracy: 3.40673e-01 Validation accuracy: 3.54667e-01 Loss 1.32304e-02 Time taken: 1 seconds
Epoch: 109/200 Train accuracy: 3.38535e-01 Validation accuracy: 3.52333e-01 Loss 1.32479e-02 Time taken: 1 seconds
Epoch: 110/200 Train accuracy: 3.38963e-01 Validation accuracy: 3.45333e-01 Loss 1.32367e-02 Time taken: 1 seconds
Epoch: 111/200 Train accuracy: 3.36896e-01 Validation accuracy: 3.54000e-01 Loss 1.32369e-02 Time taken: 1 seconds
Epoch: 112/200 Train accuracy: 3.39960e-01 Validation accuracy: 3.50667e-01 Loss 1.32349e-02 Time taken: 1 seconds
Epoch: 113/200 Train accuracy: 3.39319e-01 Validation accuracy: 3.45667e-01 Loss 1.32327e-02 Time taken: 1 seconds
Epoch: 114/200 Train accuracy: 3.39818e-01 Validation accuracy: 3.56667e-01 Loss 1.32277e-02 Time taken: 1 seconds
Epoch: 115/200 Train accuracy: 3.40031e-01 Validation accuracy: 3.51667e-01 Loss 1.32329e-02 Time taken: 1 seconds
Epoch: 116/200 Train accuracy: 3.33832e-01 Validation accuracy: 3.41667e-01 Loss 1.32506e-02 Time taken: 1 seconds
Epoch: 117/200 Train accuracy: 3.38036e-01 Validation accuracy: 3.56333e-01 Loss 1.32289e-02 Time taken: 1 seconds
Epoch: 118/200 Train accuracy: 3.36184e-01 Validation accuracy: 3.52000e-01 Loss 1.32398e-02 Time taken: 1 seconds
Epoch: 119/200 Train accuracy: 3.37822e-01 Validation accuracy: 3.56667e-01 Loss 1.32305e-02 Time taken: 1 seconds
Epoch: 120/200 Train accuracy: 3.41528e-01 Validation accuracy: 3.28667e-01 Loss 1.32238e-02 Time taken: 1 seconds
Epoch: 121/200 Train accuracy: 3.39818e-01 Validation accuracy: 3.60333e-01 Loss 1.32204e-02 Time taken: 1 seconds
Epoch: 122/200 Train accuracy: 3.37395e-01 Validation accuracy: 3.56667e-01 Loss 1.32343e-02 Time taken: 1 seconds
Epoch: 123/200 Train accuracy: 3.42597e-01 Validation accuracy: 3.57667e-01 Loss 1.32196e-02 Time taken: 1 seconds
Epoch: 124/200 Train accuracy: 3.42240e-01 Validation accuracy: 3.33333e-01 Loss 1.32193e-02 Time taken: 1 seconds
Epoch: 125/200 Train accuracy: 3.39818e-01 Validation accuracy: 3.56000e-01 Loss 1.32256e-02 Time taken: 1 seconds
Epoch: 126/200 Train accuracy: 3.44307e-01 Validation accuracy: 3.54333e-01 Loss 1.32133e-02 Time taken: 1 seconds
Epoch: 127/200 Train accuracy: 3.41884e-01 Validation accuracy: 3.44667e-01 Loss 1.32172e-02 Time taken: 1 seconds
Epoch: 128/200 Train accuracy: 3.40744e-01 Validation accuracy: 3.56667e-01 Loss 1.32189e-02 Time taken: 1 seconds
Epoch: 129/200 Train accuracy: 3.40744e-01 Validation accuracy: 3.54667e-01 Loss 1.32241e-02 Time taken: 1 seconds
Epoch: 130/200 Train accuracy: 3.42027e-01 Validation accuracy: 3.51667e-01 Loss 1.32219e-02 Time taken: 1 seconds
Epoch: 131/200 Train accuracy: 3.39818e-01 Validation accuracy: 3.63000e-01 Loss 1.32243e-02 Time taken: 1 seconds
Epoch: 132/200 Train accuracy: 3.40388e-01 Validation accuracy: 3.59000e-01 Loss 1.32271e-02 Time taken: 1 seconds
Epoch: 133/200 Train accuracy: 3.38464e-01 Validation accuracy: 3.56000e-01 Loss 1.32167e-02 Time taken: 1 seconds
Epoch: 134/200 Train accuracy: 3.40886e-01 Validation accuracy: 3.38667e-01 Loss 1.32140e-02 Time taken: 1 seconds
Epoch: 135/200 Train accuracy: 3.35614e-01 Validation accuracy: 3.58667e-01 Loss 1.32464e-02 Time taken: 1 seconds
Epoch: 136/200 Train accuracy: 3.43665e-01 Validation accuracy: 3.53333e-01 Loss 1.32088e-02 Time taken: 1 seconds
Epoch: 137/200 Train accuracy: 3.40958e-01 Validation accuracy: 3.41333e-01 Loss 1.32145e-02 Time taken: 1 seconds
Epoch: 138/200 Train accuracy: 3.42454e-01 Validation accuracy: 3.49000e-01 Loss 1.32092e-02 Time taken: 1 seconds
Epoch: 139/200 Train accuracy: 3.43452e-01 Validation accuracy: 3.60333e-01 Loss 1.32055e-02 Time taken: 1 seconds
Epoch: 140/200 Train accuracy: 3.39533e-01 Validation accuracy: 3.52000e-01 Loss 1.32211e-02 Time taken: 1 seconds
Epoch: 141/200 Train accuracy: 3.33903e-01 Validation accuracy: 3.30667e-01 Loss 1.32535e-02 Time taken: 1 seconds
Epoch: 142/200 Train accuracy: 3.40530e-01 Validation accuracy: 3.55333e-01 Loss 1.32169e-02 Time taken: 1 seconds
Epoch: 143/200 Train accuracy: 3.41884e-01 Validation accuracy: 3.27000e-01 Loss 1.32189e-02 Time taken: 1 seconds
Epoch: 144/200 Train accuracy: 3.39889e-01 Validation accuracy: 3.46333e-01 Loss 1.32243e-02 Time taken: 1 seconds
Epoch: 145/200 Train accuracy: 3.38606e-01 Validation accuracy: 3.35000e-01 Loss 1.32267e-02 Time taken: 1 seconds
Epoch: 146/200 Train accuracy: 3.41100e-01 Validation accuracy: 3.31667e-01 Loss 1.32222e-02 Time taken: 1 seconds
Epoch: 147/200 Train accuracy: 3.41243e-01 Validation accuracy: 3.57667e-01 Loss 1.32186e-02 Time taken: 1 seconds
Epoch: 148/200 Train accuracy: 3.38820e-01 Validation accuracy: 3.60000e-01 Loss 1.32368e-02 Time taken: 1 seconds
Epoch: 149/200 Train accuracy: 3.41741e-01 Validation accuracy: 3.59667e-01 Loss 1.32178e-02 Time taken: 1 seconds
Epoch: 150/200 Train accuracy: 3.40174e-01 Validation accuracy: 3.54667e-01 Loss 1.32170e-02 Time taken: 1 seconds
Epoch: 151/200 Train accuracy: 3.43167e-01 Validation accuracy: 3.42667e-01 Loss 1.32045e-02 Time taken: 1 seconds
Epoch: 152/200 Train accuracy: 3.43309e-01 Validation accuracy: 3.27333e-01 Loss 1.32201e-02 Time taken: 1 seconds
Epoch: 153/200 Train accuracy: 3.32977e-01 Validation accuracy: 3.54000e-01 Loss 1.32411e-02 Time taken: 1 seconds
Epoch: 154/200 Train accuracy: 3.39248e-01 Validation accuracy: 3.16000e-01 Loss 1.32303e-02 Time taken: 1 seconds
Epoch: 155/200 Train accuracy: 3.41670e-01 Validation accuracy: 3.58333e-01 Loss 1.32130e-02 Time taken: 1 seconds
Epoch: 156/200 Train accuracy: 3.41385e-01 Validation accuracy: 3.35667e-01 Loss 1.32216e-02 Time taken: 1 seconds
Epoch: 157/200 Train accuracy: 3.42525e-01 Validation accuracy: 3.43333e-01 Loss 1.32204e-02 Time taken: 1 seconds
Epoch: 158/200 Train accuracy: 3.40744e-01 Validation accuracy: 3.52667e-01 Loss 1.32227e-02 Time taken: 1 seconds
Epoch: 159/200 Train accuracy: 3.43737e-01 Validation accuracy: 3.49667e-01 Loss 1.32109e-02 Time taken: 1 seconds
Epoch: 160/200 Train accuracy: 3.44235e-01 Validation accuracy: 3.57333e-01 Loss 1.32173e-02 Time taken: 1 seconds
Epoch: 161/200 Train accuracy: 3.44378e-01 Validation accuracy: 3.48000e-01 Loss 1.32106e-02 Time taken: 1 seconds
Epoch: 162/200 Train accuracy: 3.40388e-01 Validation accuracy: 3.43667e-01 Loss 1.32204e-02 Time taken: 1 seconds
Epoch: 163/200 Train accuracy: 3.41029e-01 Validation accuracy: 3.56333e-01 Loss 1.32084e-02 Time taken: 1 seconds
Epoch: 164/200 Train accuracy: 3.39746e-01 Validation accuracy: 3.57333e-01 Loss 1.32204e-02 Time taken: 1 seconds
Epoch: 165/200 Train accuracy: 3.35970e-01 Validation accuracy: 3.30000e-01 Loss 1.32319e-02 Time taken: 1 seconds
Epoch: 166/200 Train accuracy: 3.41171e-01 Validation accuracy: 3.51667e-01 Loss 1.32197e-02 Time taken: 1 seconds
Epoch: 167/200 Train accuracy: 3.44592e-01 Validation accuracy: 3.39667e-01 Loss 1.32047e-02 Time taken: 1 seconds
Epoch: 168/200 Train accuracy: 3.42953e-01 Validation accuracy: 3.60333e-01 Loss 1.32228e-02 Time taken: 1 seconds
Epoch: 169/200 Train accuracy: 3.46373e-01 Validation accuracy: 3.51333e-01 Loss 1.32057e-02 Time taken: 1 seconds
Epoch: 170/200 Train accuracy: 3.42098e-01 Validation accuracy: 3.38667e-01 Loss 1.32147e-02 Time taken: 1 seconds
Epoch: 171/200 Train accuracy: 3.45304e-01 Validation accuracy: 3.62667e-01 Loss 1.31972e-02 Time taken: 1 seconds
Epoch: 172/200 Train accuracy: 3.43095e-01 Validation accuracy: 3.57000e-01 Loss 1.32034e-02 Time taken: 1 seconds
Epoch: 173/200 Train accuracy: 3.46943e-01 Validation accuracy: 3.61333e-01 Loss 1.31964e-02 Time taken: 1 seconds
Epoch: 174/200 Train accuracy: 3.41314e-01 Validation accuracy: 3.55667e-01 Loss 1.32020e-02 Time taken: 1 seconds
Epoch: 175/200 Train accuracy: 3.43452e-01 Validation accuracy: 3.60667e-01 Loss 1.32026e-02 Time taken: 1 seconds
Epoch: 176/200 Train accuracy: 3.42454e-01 Validation accuracy: 3.35333e-01 Loss 1.32018e-02 Time taken: 1 seconds
Epoch: 177/200 Train accuracy: 3.41385e-01 Validation accuracy: 3.58333e-01 Loss 1.32131e-02 Time taken: 1 seconds
Epoch: 178/200 Train accuracy: 3.46088e-01 Validation accuracy: 3.19667e-01 Loss 1.31955e-02 Time taken: 1 seconds
Epoch: 179/200 Train accuracy: 3.41314e-01 Validation accuracy: 3.62000e-01 Loss 1.32124e-02 Time taken: 1 seconds
Epoch: 180/200 Train accuracy: 3.43808e-01 Validation accuracy: 3.61000e-01 Loss 1.31995e-02 Time taken: 1 seconds
Epoch: 181/200 Train accuracy: 3.44378e-01 Validation accuracy: 3.57333e-01 Loss 1.32049e-02 Time taken: 1 seconds
Epoch: 182/200 Train accuracy: 3.40958e-01 Validation accuracy: 3.49333e-01 Loss 1.32146e-02 Time taken: 1 seconds
Epoch: 183/200 Train accuracy: 3.43523e-01 Validation accuracy: 3.60000e-01 Loss 1.32097e-02 Time taken: 1 seconds
Epoch: 184/200 Train accuracy: 3.43380e-01 Validation accuracy: 3.48000e-01 Loss 1.32016e-02 Time taken: 1 seconds
Epoch: 185/200 Train accuracy: 3.36967e-01 Validation accuracy: 3.47333e-01 Loss 1.32272e-02 Time taken: 1 seconds
Epoch: 186/200 Train accuracy: 3.43808e-01 Validation accuracy: 3.55333e-01 Loss 1.32125e-02 Time taken: 1 seconds
Epoch: 187/200 Train accuracy: 3.43879e-01 Validation accuracy: 3.61667e-01 Loss 1.31982e-02 Time taken: 1 seconds
Epoch: 188/200 Train accuracy: 3.44805e-01 Validation accuracy: 3.57667e-01 Loss 1.32026e-02 Time taken: 1 seconds
Epoch: 189/200 Train accuracy: 3.47014e-01 Validation accuracy: 3.54667e-01 Loss 1.31890e-02 Time taken: 1 seconds
Epoch: 190/200 Train accuracy: 3.39461e-01 Validation accuracy: 3.43000e-01 Loss 1.32224e-02 Time taken: 1 seconds
Epoch: 191/200 Train accuracy: 3.41456e-01 Validation accuracy: 3.62000e-01 Loss 1.32056e-02 Time taken: 1 seconds
Epoch: 192/200 Train accuracy: 3.40744e-01 Validation accuracy: 3.17333e-01 Loss 1.32301e-02 Time taken: 1 seconds
Epoch: 193/200 Train accuracy: 3.40174e-01 Validation accuracy: 3.52000e-01 Loss 1.32173e-02 Time taken: 1 seconds
Epoch: 194/200 Train accuracy: 3.41599e-01 Validation accuracy: 3.51667e-01 Loss 1.32114e-02 Time taken: 1 seconds
Epoch: 195/200 Train accuracy: 3.41670e-01 Validation accuracy: 3.63333e-01 Loss 1.32137e-02 Time taken: 1 seconds
Epoch: 196/200 Train accuracy: 3.41955e-01 Validation accuracy: 3.51000e-01 Loss 1.32028e-02 Time taken: 1 seconds
Epoch: 197/200 Train accuracy: 3.42810e-01 Validation accuracy: 3.58667e-01 Loss 1.32179e-02 Time taken: 1 seconds
Epoch: 198/200 Train accuracy: 3.38107e-01 Validation accuracy: 3.58333e-01 Loss 1.32296e-02 Time taken: 1 seconds
Epoch: 199/200 Train accuracy: 3.42169e-01 Validation accuracy: 3.63000e-01 Loss 1.31988e-02 Time taken: 1 seconds
Epoch: 200/200 Train accuracy: 3.42098e-01 Validation accuracy: 3.34000e-01 Loss 1.32130e-02 Time taken: 1 seconds
Total time taken 0:05:07.054857
Done


working on file logs_PKT/iic-train-PKT/jepa_iic_PKT-ep200.pth.tar ...
Directory classifiers/jepa-iic-PKT-classifier-pretrained-vitb-ep200 is now present
VisionTransformer(
  (patch_embed): PatchEmbed(
    (proj): Conv2d(3, 768, kernel_size=(15, 15), stride=(15, 15))
  )
  (blocks): ModuleList(
    (0-11): 12 x Block(
      (norm1): LayerNorm((768,), eps=1e-06, elementwise_affine=True)
      (attn): Attention(
        (qkv): Linear(in_features=768, out_features=2304, bias=True)
        (attn_drop): Dropout(p=0.0, inplace=False)
        (proj): Linear(in_features=768, out_features=768, bias=True)
        (proj_drop): Dropout(p=0.0, inplace=False)
      )
      (drop_path): Identity()
      (norm2): LayerNorm((768,), eps=1e-06, elementwise_affine=True)
      (mlp): MLP(
        (fc1): Linear(in_features=768, out_features=3072, bias=True)
        (act): GELU(approximate='none')
        (fc2): Linear(in_features=3072, out_features=768, bias=True)
        (drop): Dropout(p=0.0, inplace=False)
      )
    )
  )
  (norm): LayerNorm((768,), eps=1e-06, elementwise_affine=True)
)
Extracting features and saving them locally..
Epoch: 1/200 Train accuracy: 2.49537e-01 Validation accuracy: 2.64667e-01 Loss 1.38453e-02 Time taken: 1 seconds
Epoch: 2/200 Train accuracy: 2.65854e-01 Validation accuracy: 2.93333e-01 Loss 1.37594e-02 Time taken: 1 seconds
Epoch: 3/200 Train accuracy: 2.77754e-01 Validation accuracy: 2.85333e-01 Loss 1.36798e-02 Time taken: 1 seconds
Epoch: 4/200 Train accuracy: 2.81531e-01 Validation accuracy: 2.80333e-01 Loss 1.36505e-02 Time taken: 1 seconds
Epoch: 5/200 Train accuracy: 2.96067e-01 Validation accuracy: 2.80667e-01 Loss 1.35285e-02 Time taken: 1 seconds
Epoch: 6/200 Train accuracy: 3.09819e-01 Validation accuracy: 3.16667e-01 Loss 1.34905e-02 Time taken: 1 seconds
Epoch: 7/200 Train accuracy: 3.13453e-01 Validation accuracy: 3.25333e-01 Loss 1.34720e-02 Time taken: 1 seconds
Epoch: 8/200 Train accuracy: 3.15021e-01 Validation accuracy: 3.23333e-01 Loss 1.34303e-02 Time taken: 1 seconds
Epoch: 9/200 Train accuracy: 3.26137e-01 Validation accuracy: 3.23667e-01 Loss 1.33454e-02 Time taken: 1 seconds
Epoch: 10/200 Train accuracy: 3.34687e-01 Validation accuracy: 3.47333e-01 Loss 1.33089e-02 Time taken: 1 seconds
Epoch: 11/200 Train accuracy: 3.43665e-01 Validation accuracy: 3.46333e-01 Loss 1.32547e-02 Time taken: 1 seconds
Epoch: 12/200 Train accuracy: 3.46943e-01 Validation accuracy: 3.53333e-01 Loss 1.32294e-02 Time taken: 1 seconds
Epoch: 13/200 Train accuracy: 3.50078e-01 Validation accuracy: 3.44667e-01 Loss 1.31944e-02 Time taken: 1 seconds
Epoch: 14/200 Train accuracy: 3.55351e-01 Validation accuracy: 3.52667e-01 Loss 1.31802e-02 Time taken: 1 seconds
Epoch: 15/200 Train accuracy: 3.56064e-01 Validation accuracy: 3.74667e-01 Loss 1.31602e-02 Time taken: 1 seconds
Epoch: 16/200 Train accuracy: 3.58772e-01 Validation accuracy: 3.49000e-01 Loss 1.31399e-02 Time taken: 1 seconds
Epoch: 17/200 Train accuracy: 3.63261e-01 Validation accuracy: 3.62667e-01 Loss 1.31339e-02 Time taken: 1 seconds
Epoch: 18/200 Train accuracy: 3.64401e-01 Validation accuracy: 3.71000e-01 Loss 1.31088e-02 Time taken: 1 seconds
Epoch: 19/200 Train accuracy: 3.66681e-01 Validation accuracy: 3.64667e-01 Loss 1.30997e-02 Time taken: 1 seconds
Epoch: 20/200 Train accuracy: 3.69674e-01 Validation accuracy: 3.57000e-01 Loss 1.30824e-02 Time taken: 1 seconds
Epoch: 21/200 Train accuracy: 3.67892e-01 Validation accuracy: 3.74000e-01 Loss 1.30763e-02 Time taken: 1 seconds
Epoch: 22/200 Train accuracy: 3.68177e-01 Validation accuracy: 3.69000e-01 Loss 1.30629e-02 Time taken: 1 seconds
Epoch: 23/200 Train accuracy: 3.69104e-01 Validation accuracy: 3.78333e-01 Loss 1.30719e-02 Time taken: 1 seconds
Epoch: 24/200 Train accuracy: 3.79008e-01 Validation accuracy: 3.84333e-01 Loss 1.30307e-02 Time taken: 1 seconds
Epoch: 25/200 Train accuracy: 3.77654e-01 Validation accuracy: 3.70333e-01 Loss 1.30331e-02 Time taken: 1 seconds
Epoch: 26/200 Train accuracy: 3.76087e-01 Validation accuracy: 3.82333e-01 Loss 1.30366e-02 Time taken: 1 seconds
Epoch: 27/200 Train accuracy: 3.81431e-01 Validation accuracy: 3.56667e-01 Loss 1.30017e-02 Time taken: 1 seconds
Epoch: 28/200 Train accuracy: 3.80077e-01 Validation accuracy: 3.59000e-01 Loss 1.30079e-02 Time taken: 1 seconds
Epoch: 29/200 Train accuracy: 3.82998e-01 Validation accuracy: 3.80667e-01 Loss 1.29852e-02 Time taken: 1 seconds
Epoch: 30/200 Train accuracy: 3.83996e-01 Validation accuracy: 3.89333e-01 Loss 1.29824e-02 Time taken: 1 seconds
Epoch: 31/200 Train accuracy: 3.82571e-01 Validation accuracy: 3.83667e-01 Loss 1.29778e-02 Time taken: 1 seconds
Epoch: 32/200 Train accuracy: 3.80504e-01 Validation accuracy: 3.84333e-01 Loss 1.29877e-02 Time taken: 1 seconds
Epoch: 33/200 Train accuracy: 3.84424e-01 Validation accuracy: 3.92333e-01 Loss 1.29753e-02 Time taken: 1 seconds
Epoch: 34/200 Train accuracy: 3.85635e-01 Validation accuracy: 3.82000e-01 Loss 1.29599e-02 Time taken: 1 seconds
Epoch: 35/200 Train accuracy: 3.86989e-01 Validation accuracy: 3.96000e-01 Loss 1.29522e-02 Time taken: 1 seconds
Epoch: 36/200 Train accuracy: 3.86490e-01 Validation accuracy: 3.81667e-01 Loss 1.29509e-02 Time taken: 1 seconds
Epoch: 37/200 Train accuracy: 3.90480e-01 Validation accuracy: 3.83667e-01 Loss 1.29442e-02 Time taken: 1 seconds
Epoch: 38/200 Train accuracy: 3.89910e-01 Validation accuracy: 3.98000e-01 Loss 1.29370e-02 Time taken: 1 seconds
Epoch: 39/200 Train accuracy: 3.91122e-01 Validation accuracy: 3.92000e-01 Loss 1.29324e-02 Time taken: 1 seconds
Epoch: 40/200 Train accuracy: 3.88129e-01 Validation accuracy: 3.86667e-01 Loss 1.29372e-02 Time taken: 1 seconds
Epoch: 41/200 Train accuracy: 3.84352e-01 Validation accuracy: 3.95333e-01 Loss 1.29491e-02 Time taken: 1 seconds
Epoch: 42/200 Train accuracy: 3.89910e-01 Validation accuracy: 3.94333e-01 Loss 1.29149e-02 Time taken: 1 seconds
Epoch: 43/200 Train accuracy: 3.86846e-01 Validation accuracy: 3.97333e-01 Loss 1.29427e-02 Time taken: 1 seconds
Epoch: 44/200 Train accuracy: 3.89483e-01 Validation accuracy: 3.91000e-01 Loss 1.29218e-02 Time taken: 1 seconds
Epoch: 45/200 Train accuracy: 3.91478e-01 Validation accuracy: 3.95667e-01 Loss 1.29038e-02 Time taken: 1 seconds
Epoch: 46/200 Train accuracy: 3.97891e-01 Validation accuracy: 3.98667e-01 Loss 1.28952e-02 Time taken: 1 seconds
Epoch: 47/200 Train accuracy: 3.96252e-01 Validation accuracy: 3.85000e-01 Loss 1.28878e-02 Time taken: 1 seconds
Epoch: 48/200 Train accuracy: 3.93045e-01 Validation accuracy: 3.93667e-01 Loss 1.28997e-02 Time taken: 1 seconds
Epoch: 49/200 Train accuracy: 3.92119e-01 Validation accuracy: 3.99667e-01 Loss 1.28984e-02 Time taken: 1 seconds
Epoch: 50/200 Train accuracy: 3.98318e-01 Validation accuracy: 3.89333e-01 Loss 1.28812e-02 Time taken: 1 seconds
Epoch: 51/200 Train accuracy: 3.92760e-01 Validation accuracy: 3.94667e-01 Loss 1.29004e-02 Time taken: 1 seconds
Epoch: 52/200 Train accuracy: 3.97820e-01 Validation accuracy: 3.93000e-01 Loss 1.28806e-02 Time taken: 1 seconds
Epoch: 53/200 Train accuracy: 3.93330e-01 Validation accuracy: 3.99667e-01 Loss 1.28947e-02 Time taken: 1 seconds
Epoch: 54/200 Train accuracy: 3.94969e-01 Validation accuracy: 3.91333e-01 Loss 1.28859e-02 Time taken: 1 seconds
Epoch: 55/200 Train accuracy: 3.97250e-01 Validation accuracy: 3.93667e-01 Loss 1.28712e-02 Time taken: 1 seconds
Epoch: 56/200 Train accuracy: 3.97392e-01 Validation accuracy: 3.94333e-01 Loss 1.28746e-02 Time taken: 1 seconds
Epoch: 57/200 Train accuracy: 3.98318e-01 Validation accuracy: 4.04333e-01 Loss 1.28630e-02 Time taken: 1 seconds
Epoch: 58/200 Train accuracy: 3.97891e-01 Validation accuracy: 3.87667e-01 Loss 1.28659e-02 Time taken: 1 seconds
Epoch: 59/200 Train accuracy: 3.97748e-01 Validation accuracy: 3.97667e-01 Loss 1.28615e-02 Time taken: 1 seconds
Epoch: 60/200 Train accuracy: 3.93473e-01 Validation accuracy: 3.93000e-01 Loss 1.28730e-02 Time taken: 1 seconds
Epoch: 61/200 Train accuracy: 3.98888e-01 Validation accuracy: 4.02333e-01 Loss 1.28590e-02 Time taken: 1 seconds
Epoch: 62/200 Train accuracy: 3.98675e-01 Validation accuracy: 4.02333e-01 Loss 1.28486e-02 Time taken: 1 seconds
Epoch: 63/200 Train accuracy: 4.00242e-01 Validation accuracy: 3.96333e-01 Loss 1.28421e-02 Time taken: 1 seconds
Epoch: 64/200 Train accuracy: 4.01952e-01 Validation accuracy: 4.01667e-01 Loss 1.28333e-02 Time taken: 1 seconds
Epoch: 65/200 Train accuracy: 3.98888e-01 Validation accuracy: 3.99000e-01 Loss 1.28468e-02 Time taken: 1 seconds
Epoch: 66/200 Train accuracy: 3.99886e-01 Validation accuracy: 3.98333e-01 Loss 1.28463e-02 Time taken: 1 seconds
Epoch: 67/200 Train accuracy: 3.99530e-01 Validation accuracy: 3.99667e-01 Loss 1.28405e-02 Time taken: 1 seconds
Epoch: 68/200 Train accuracy: 3.98675e-01 Validation accuracy: 3.87667e-01 Loss 1.28391e-02 Time taken: 1 seconds
Epoch: 69/200 Train accuracy: 4.05088e-01 Validation accuracy: 3.91000e-01 Loss 1.28252e-02 Time taken: 1 seconds
Epoch: 70/200 Train accuracy: 3.99173e-01 Validation accuracy: 3.93667e-01 Loss 1.28458e-02 Time taken: 1 seconds
Epoch: 71/200 Train accuracy: 3.96038e-01 Validation accuracy: 3.93667e-01 Loss 1.28467e-02 Time taken: 1 seconds
Epoch: 72/200 Train accuracy: 4.00527e-01 Validation accuracy: 4.06333e-01 Loss 1.28259e-02 Time taken: 1 seconds
Epoch: 73/200 Train accuracy: 4.01952e-01 Validation accuracy: 3.93667e-01 Loss 1.28267e-02 Time taken: 1 seconds
Epoch: 74/200 Train accuracy: 3.99530e-01 Validation accuracy: 3.96000e-01 Loss 1.28251e-02 Time taken: 1 seconds
Epoch: 75/200 Train accuracy: 4.03876e-01 Validation accuracy: 4.03667e-01 Loss 1.28061e-02 Time taken: 1 seconds
Epoch: 76/200 Train accuracy: 3.98532e-01 Validation accuracy: 4.08000e-01 Loss 1.28426e-02 Time taken: 1 seconds
Epoch: 77/200 Train accuracy: 4.02807e-01 Validation accuracy: 3.76667e-01 Loss 1.28052e-02 Time taken: 1 seconds
Epoch: 78/200 Train accuracy: 4.00456e-01 Validation accuracy: 4.00667e-01 Loss 1.28230e-02 Time taken: 1 seconds
Epoch: 79/200 Train accuracy: 4.04589e-01 Validation accuracy: 4.02667e-01 Loss 1.28102e-02 Time taken: 1 seconds
Epoch: 80/200 Train accuracy: 4.00029e-01 Validation accuracy: 4.02667e-01 Loss 1.28175e-02 Time taken: 1 seconds
Epoch: 81/200 Train accuracy: 4.04731e-01 Validation accuracy: 3.91000e-01 Loss 1.28083e-02 Time taken: 1 seconds
Epoch: 82/200 Train accuracy: 3.99743e-01 Validation accuracy: 4.00667e-01 Loss 1.28171e-02 Time taken: 1 seconds
Epoch: 83/200 Train accuracy: 4.08080e-01 Validation accuracy: 4.03333e-01 Loss 1.27915e-02 Time taken: 1 seconds
Epoch: 84/200 Train accuracy: 4.04090e-01 Validation accuracy: 4.05333e-01 Loss 1.28056e-02 Time taken: 1 seconds
Epoch: 85/200 Train accuracy: 4.04945e-01 Validation accuracy: 4.11667e-01 Loss 1.27951e-02 Time taken: 1 seconds
Epoch: 86/200 Train accuracy: 4.07154e-01 Validation accuracy: 4.04333e-01 Loss 1.27888e-02 Time taken: 1 seconds
Epoch: 87/200 Train accuracy: 4.03306e-01 Validation accuracy: 3.93667e-01 Loss 1.28068e-02 Time taken: 1 seconds
Epoch: 88/200 Train accuracy: 4.02451e-01 Validation accuracy: 4.02333e-01 Loss 1.27964e-02 Time taken: 1 seconds
Epoch: 89/200 Train accuracy: 4.04446e-01 Validation accuracy: 4.02667e-01 Loss 1.27970e-02 Time taken: 1 seconds
Epoch: 90/200 Train accuracy: 4.05230e-01 Validation accuracy: 3.98667e-01 Loss 1.27804e-02 Time taken: 1 seconds
Epoch: 91/200 Train accuracy: 4.09505e-01 Validation accuracy: 4.02000e-01 Loss 1.27730e-02 Time taken: 1 seconds
Epoch: 92/200 Train accuracy: 4.09007e-01 Validation accuracy: 4.00333e-01 Loss 1.27784e-02 Time taken: 1 seconds
Epoch: 93/200 Train accuracy: 4.07867e-01 Validation accuracy: 4.09000e-01 Loss 1.27848e-02 Time taken: 1 seconds
Epoch: 94/200 Train accuracy: 4.06869e-01 Validation accuracy: 4.04000e-01 Loss 1.27867e-02 Time taken: 1 seconds
Epoch: 95/200 Train accuracy: 4.03805e-01 Validation accuracy: 4.00000e-01 Loss 1.27992e-02 Time taken: 1 seconds
Epoch: 96/200 Train accuracy: 4.08365e-01 Validation accuracy: 4.09000e-01 Loss 1.27703e-02 Time taken: 1 seconds
Epoch: 97/200 Train accuracy: 4.08579e-01 Validation accuracy: 4.14667e-01 Loss 1.27748e-02 Time taken: 1 seconds
Epoch: 98/200 Train accuracy: 4.10931e-01 Validation accuracy: 4.09000e-01 Loss 1.27641e-02 Time taken: 1 seconds
Epoch: 99/200 Train accuracy: 4.10503e-01 Validation accuracy: 4.07000e-01 Loss 1.27615e-02 Time taken: 1 seconds
Epoch: 100/200 Train accuracy: 4.14707e-01 Validation accuracy: 4.06333e-01 Loss 1.27525e-02 Time taken: 1 seconds
Epoch: 101/200 Train accuracy: 4.09862e-01 Validation accuracy: 3.98333e-01 Loss 1.27740e-02 Time taken: 1 seconds
Epoch: 102/200 Train accuracy: 4.09007e-01 Validation accuracy: 4.06333e-01 Loss 1.27595e-02 Time taken: 1 seconds
Epoch: 103/200 Train accuracy: 4.11144e-01 Validation accuracy: 4.04000e-01 Loss 1.27578e-02 Time taken: 1 seconds
Epoch: 104/200 Train accuracy: 4.08365e-01 Validation accuracy: 4.06667e-01 Loss 1.27713e-02 Time taken: 1 seconds
Epoch: 105/200 Train accuracy: 4.08365e-01 Validation accuracy: 4.08667e-01 Loss 1.27603e-02 Time taken: 1 seconds
Epoch: 106/200 Train accuracy: 4.10574e-01 Validation accuracy: 4.12000e-01 Loss 1.27589e-02 Time taken: 1 seconds
Epoch: 107/200 Train accuracy: 4.15206e-01 Validation accuracy: 4.02667e-01 Loss 1.27446e-02 Time taken: 1 seconds
Epoch: 108/200 Train accuracy: 4.11216e-01 Validation accuracy: 4.03667e-01 Loss 1.27567e-02 Time taken: 1 seconds
Epoch: 109/200 Train accuracy: 4.11073e-01 Validation accuracy: 4.14333e-01 Loss 1.27690e-02 Time taken: 1 seconds
Epoch: 110/200 Train accuracy: 4.11429e-01 Validation accuracy: 4.08000e-01 Loss 1.27587e-02 Time taken: 1 seconds
Epoch: 111/200 Train accuracy: 4.14422e-01 Validation accuracy: 4.06333e-01 Loss 1.27376e-02 Time taken: 1 seconds
Epoch: 112/200 Train accuracy: 4.11144e-01 Validation accuracy: 3.97333e-01 Loss 1.27481e-02 Time taken: 1 seconds
Epoch: 113/200 Train accuracy: 4.12854e-01 Validation accuracy: 4.15667e-01 Loss 1.27397e-02 Time taken: 1 seconds
Epoch: 114/200 Train accuracy: 4.16346e-01 Validation accuracy: 4.04667e-01 Loss 1.27272e-02 Time taken: 1 seconds
Epoch: 115/200 Train accuracy: 4.12356e-01 Validation accuracy: 4.04000e-01 Loss 1.27293e-02 Time taken: 1 seconds
Epoch: 116/200 Train accuracy: 4.13425e-01 Validation accuracy: 4.19667e-01 Loss 1.27322e-02 Time taken: 1 seconds
Epoch: 117/200 Train accuracy: 4.16204e-01 Validation accuracy: 4.03000e-01 Loss 1.27309e-02 Time taken: 1 seconds
Epoch: 118/200 Train accuracy: 4.13496e-01 Validation accuracy: 4.13333e-01 Loss 1.27356e-02 Time taken: 1 seconds
Epoch: 119/200 Train accuracy: 4.13638e-01 Validation accuracy: 4.07333e-01 Loss 1.27289e-02 Time taken: 1 seconds
Epoch: 120/200 Train accuracy: 4.11572e-01 Validation accuracy: 4.10333e-01 Loss 1.27522e-02 Time taken: 1 seconds
Epoch: 121/200 Train accuracy: 4.16417e-01 Validation accuracy: 4.12667e-01 Loss 1.27242e-02 Time taken: 1 seconds
Epoch: 122/200 Train accuracy: 4.14707e-01 Validation accuracy: 4.09333e-01 Loss 1.27294e-02 Time taken: 1 seconds
Epoch: 123/200 Train accuracy: 4.13852e-01 Validation accuracy: 4.06333e-01 Loss 1.27262e-02 Time taken: 1 seconds
Epoch: 124/200 Train accuracy: 4.14850e-01 Validation accuracy: 4.09000e-01 Loss 1.27263e-02 Time taken: 1 seconds
Epoch: 125/200 Train accuracy: 4.18484e-01 Validation accuracy: 4.13000e-01 Loss 1.27190e-02 Time taken: 1 seconds
Epoch: 126/200 Train accuracy: 4.17201e-01 Validation accuracy: 4.09000e-01 Loss 1.27237e-02 Time taken: 1 seconds
Epoch: 127/200 Train accuracy: 4.16275e-01 Validation accuracy: 4.17667e-01 Loss 1.27140e-02 Time taken: 1 seconds
Epoch: 128/200 Train accuracy: 4.16987e-01 Validation accuracy: 4.16667e-01 Loss 1.27337e-02 Time taken: 1 seconds
Epoch: 129/200 Train accuracy: 4.11216e-01 Validation accuracy: 4.17667e-01 Loss 1.27411e-02 Time taken: 1 seconds
Epoch: 130/200 Train accuracy: 4.17486e-01 Validation accuracy: 4.10333e-01 Loss 1.27073e-02 Time taken: 1 seconds
Epoch: 131/200 Train accuracy: 4.17771e-01 Validation accuracy: 4.15667e-01 Loss 1.27183e-02 Time taken: 1 seconds
Epoch: 132/200 Train accuracy: 4.14565e-01 Validation accuracy: 4.16000e-01 Loss 1.27276e-02 Time taken: 1 seconds
Epoch: 133/200 Train accuracy: 4.17486e-01 Validation accuracy: 4.13667e-01 Loss 1.27046e-02 Time taken: 1 seconds
Epoch: 134/200 Train accuracy: 4.13781e-01 Validation accuracy: 4.17000e-01 Loss 1.27145e-02 Time taken: 1 seconds
Epoch: 135/200 Train accuracy: 4.17700e-01 Validation accuracy: 4.20000e-01 Loss 1.27088e-02 Time taken: 1 seconds
Epoch: 136/200 Train accuracy: 4.15918e-01 Validation accuracy: 4.18667e-01 Loss 1.26998e-02 Time taken: 1 seconds
Epoch: 137/200 Train accuracy: 4.17344e-01 Validation accuracy: 4.21667e-01 Loss 1.27068e-02 Time taken: 1 seconds
Epoch: 138/200 Train accuracy: 4.19481e-01 Validation accuracy: 4.20333e-01 Loss 1.26960e-02 Time taken: 1 seconds
Epoch: 139/200 Train accuracy: 4.24612e-01 Validation accuracy: 4.23000e-01 Loss 1.26846e-02 Time taken: 1 seconds
Epoch: 140/200 Train accuracy: 4.13282e-01 Validation accuracy: 4.15333e-01 Loss 1.27256e-02 Time taken: 1 seconds
Epoch: 141/200 Train accuracy: 4.15135e-01 Validation accuracy: 4.01333e-01 Loss 1.27117e-02 Time taken: 1 seconds
Epoch: 142/200 Train accuracy: 4.19624e-01 Validation accuracy: 4.15000e-01 Loss 1.26942e-02 Time taken: 1 seconds
Epoch: 143/200 Train accuracy: 4.19481e-01 Validation accuracy: 4.09333e-01 Loss 1.26955e-02 Time taken: 1 seconds
Epoch: 144/200 Train accuracy: 4.17700e-01 Validation accuracy: 4.08333e-01 Loss 1.27063e-02 Time taken: 1 seconds
Epoch: 145/200 Train accuracy: 4.20906e-01 Validation accuracy: 4.15667e-01 Loss 1.26844e-02 Time taken: 1 seconds
Epoch: 146/200 Train accuracy: 4.23329e-01 Validation accuracy: 4.17667e-01 Loss 1.26775e-02 Time taken: 1 seconds
Epoch: 147/200 Train accuracy: 4.15277e-01 Validation accuracy: 4.08667e-01 Loss 1.27023e-02 Time taken: 1 seconds
Epoch: 148/200 Train accuracy: 4.18626e-01 Validation accuracy: 4.20667e-01 Loss 1.26938e-02 Time taken: 1 seconds
Epoch: 149/200 Train accuracy: 4.20336e-01 Validation accuracy: 4.23333e-01 Loss 1.26894e-02 Time taken: 1 seconds
Epoch: 150/200 Train accuracy: 4.20835e-01 Validation accuracy: 4.15000e-01 Loss 1.26798e-02 Time taken: 1 seconds
Epoch: 151/200 Train accuracy: 4.20550e-01 Validation accuracy: 4.15000e-01 Loss 1.26816e-02 Time taken: 1 seconds
Epoch: 152/200 Train accuracy: 4.22046e-01 Validation accuracy: 4.22333e-01 Loss 1.26981e-02 Time taken: 1 seconds
Epoch: 153/200 Train accuracy: 4.17985e-01 Validation accuracy: 4.10667e-01 Loss 1.27019e-02 Time taken: 1 seconds
Epoch: 154/200 Train accuracy: 4.13852e-01 Validation accuracy: 4.23667e-01 Loss 1.27183e-02 Time taken: 1 seconds
Epoch: 155/200 Train accuracy: 4.24255e-01 Validation accuracy: 4.27000e-01 Loss 1.26707e-02 Time taken: 1 seconds
Epoch: 156/200 Train accuracy: 4.18127e-01 Validation accuracy: 4.22333e-01 Loss 1.26891e-02 Time taken: 1 seconds
Epoch: 157/200 Train accuracy: 4.22046e-01 Validation accuracy: 4.04333e-01 Loss 1.26698e-02 Time taken: 1 seconds
Epoch: 158/200 Train accuracy: 4.14921e-01 Validation accuracy: 4.17333e-01 Loss 1.26931e-02 Time taken: 1 seconds
Epoch: 159/200 Train accuracy: 4.18626e-01 Validation accuracy: 4.24000e-01 Loss 1.26813e-02 Time taken: 1 seconds
Epoch: 160/200 Train accuracy: 4.19553e-01 Validation accuracy: 4.13333e-01 Loss 1.26858e-02 Time taken: 1 seconds
Epoch: 161/200 Train accuracy: 4.23400e-01 Validation accuracy: 4.09333e-01 Loss 1.26752e-02 Time taken: 1 seconds
Epoch: 162/200 Train accuracy: 4.20764e-01 Validation accuracy: 4.24000e-01 Loss 1.26653e-02 Time taken: 1 seconds
Epoch: 163/200 Train accuracy: 4.19766e-01 Validation accuracy: 4.18333e-01 Loss 1.26904e-02 Time taken: 1 seconds
Epoch: 164/200 Train accuracy: 4.17201e-01 Validation accuracy: 4.13333e-01 Loss 1.26959e-02 Time taken: 1 seconds
Epoch: 165/200 Train accuracy: 4.18555e-01 Validation accuracy: 4.21667e-01 Loss 1.26869e-02 Time taken: 1 seconds
Epoch: 166/200 Train accuracy: 4.21120e-01 Validation accuracy: 4.19000e-01 Loss 1.26662e-02 Time taken: 1 seconds
Epoch: 167/200 Train accuracy: 4.19766e-01 Validation accuracy: 4.12000e-01 Loss 1.26839e-02 Time taken: 1 seconds
Epoch: 168/200 Train accuracy: 4.22403e-01 Validation accuracy: 4.22333e-01 Loss 1.26694e-02 Time taken: 1 seconds
Epoch: 169/200 Train accuracy: 4.23543e-01 Validation accuracy: 4.14333e-01 Loss 1.26753e-02 Time taken: 1 seconds
Epoch: 170/200 Train accuracy: 4.21548e-01 Validation accuracy: 4.14000e-01 Loss 1.26795e-02 Time taken: 1 seconds
Epoch: 171/200 Train accuracy: 4.20336e-01 Validation accuracy: 4.15667e-01 Loss 1.26826e-02 Time taken: 1 seconds
Epoch: 172/200 Train accuracy: 4.18626e-01 Validation accuracy: 4.21333e-01 Loss 1.26768e-02 Time taken: 1 seconds
Epoch: 173/200 Train accuracy: 4.25110e-01 Validation accuracy: 4.21000e-01 Loss 1.26508e-02 Time taken: 1 seconds
Epoch: 174/200 Train accuracy: 4.24612e-01 Validation accuracy: 4.15333e-01 Loss 1.26637e-02 Time taken: 1 seconds
Epoch: 175/200 Train accuracy: 4.19980e-01 Validation accuracy: 4.08667e-01 Loss 1.26835e-02 Time taken: 1 seconds
Epoch: 176/200 Train accuracy: 4.20978e-01 Validation accuracy: 4.23000e-01 Loss 1.26656e-02 Time taken: 1 seconds
Epoch: 177/200 Train accuracy: 4.23400e-01 Validation accuracy: 4.21000e-01 Loss 1.26572e-02 Time taken: 1 seconds
Epoch: 178/200 Train accuracy: 4.24540e-01 Validation accuracy: 4.18333e-01 Loss 1.26556e-02 Time taken: 1 seconds
Epoch: 179/200 Train accuracy: 4.20906e-01 Validation accuracy: 4.20000e-01 Loss 1.26756e-02 Time taken: 1 seconds
Epoch: 180/200 Train accuracy: 4.19125e-01 Validation accuracy: 4.09667e-01 Loss 1.26723e-02 Time taken: 1 seconds
Epoch: 181/200 Train accuracy: 4.24469e-01 Validation accuracy: 4.25333e-01 Loss 1.26507e-02 Time taken: 1 seconds
Epoch: 182/200 Train accuracy: 4.25253e-01 Validation accuracy: 4.25667e-01 Loss 1.26589e-02 Time taken: 1 seconds
Epoch: 183/200 Train accuracy: 4.21476e-01 Validation accuracy: 4.20000e-01 Loss 1.26590e-02 Time taken: 1 seconds
Epoch: 184/200 Train accuracy: 4.16275e-01 Validation accuracy: 4.21000e-01 Loss 1.26689e-02 Time taken: 1 seconds
Epoch: 185/200 Train accuracy: 4.24825e-01 Validation accuracy: 4.25333e-01 Loss 1.26582e-02 Time taken: 1 seconds
Epoch: 186/200 Train accuracy: 4.23044e-01 Validation accuracy: 4.15667e-01 Loss 1.26644e-02 Time taken: 1 seconds
Epoch: 187/200 Train accuracy: 4.22189e-01 Validation accuracy: 4.13000e-01 Loss 1.26521e-02 Time taken: 1 seconds
Epoch: 188/200 Train accuracy: 4.22830e-01 Validation accuracy: 4.20333e-01 Loss 1.26586e-02 Time taken: 1 seconds
Epoch: 189/200 Train accuracy: 4.25538e-01 Validation accuracy: 4.07000e-01 Loss 1.26503e-02 Time taken: 1 seconds
Epoch: 190/200 Train accuracy: 4.23970e-01 Validation accuracy: 4.20333e-01 Loss 1.26622e-02 Time taken: 1 seconds
Epoch: 191/200 Train accuracy: 4.22474e-01 Validation accuracy: 4.17000e-01 Loss 1.26533e-02 Time taken: 1 seconds
Epoch: 192/200 Train accuracy: 4.25253e-01 Validation accuracy: 4.16000e-01 Loss 1.26459e-02 Time taken: 1 seconds
Epoch: 193/200 Train accuracy: 4.19695e-01 Validation accuracy: 4.17000e-01 Loss 1.26690e-02 Time taken: 1 seconds
Epoch: 194/200 Train accuracy: 4.25039e-01 Validation accuracy: 4.16000e-01 Loss 1.26472e-02 Time taken: 1 seconds
Epoch: 195/200 Train accuracy: 4.21690e-01 Validation accuracy: 4.20333e-01 Loss 1.26687e-02 Time taken: 1 seconds
Epoch: 196/200 Train accuracy: 4.20123e-01 Validation accuracy: 4.20667e-01 Loss 1.26660e-02 Time taken: 1 seconds
Epoch: 197/200 Train accuracy: 4.21975e-01 Validation accuracy: 4.08667e-01 Loss 1.26465e-02 Time taken: 1 seconds
Epoch: 198/200 Train accuracy: 4.25324e-01 Validation accuracy: 4.18333e-01 Loss 1.26510e-02 Time taken: 1 seconds
Epoch: 199/200 Train accuracy: 4.25966e-01 Validation accuracy: 4.15667e-01 Loss 1.26386e-02 Time taken: 1 seconds
Epoch: 200/200 Train accuracy: 4.20978e-01 Validation accuracy: 4.13333e-01 Loss 1.26613e-02 Time taken: 1 seconds
Total time taken 0:05:06.001481
Done


working on file logs_PKT/iic-train-PKT/jepa_iic_PKT-ep300.pth.tar ...
Directory classifiers/jepa-iic-PKT-classifier-pretrained-vitb-ep300 is now present
VisionTransformer(
  (patch_embed): PatchEmbed(
    (proj): Conv2d(3, 768, kernel_size=(15, 15), stride=(15, 15))
  )
  (blocks): ModuleList(
    (0-11): 12 x Block(
      (norm1): LayerNorm((768,), eps=1e-06, elementwise_affine=True)
      (attn): Attention(
        (qkv): Linear(in_features=768, out_features=2304, bias=True)
        (attn_drop): Dropout(p=0.0, inplace=False)
        (proj): Linear(in_features=768, out_features=768, bias=True)
        (proj_drop): Dropout(p=0.0, inplace=False)
      )
      (drop_path): Identity()
      (norm2): LayerNorm((768,), eps=1e-06, elementwise_affine=True)
      (mlp): MLP(
        (fc1): Linear(in_features=768, out_features=3072, bias=True)
        (act): GELU(approximate='none')
        (fc2): Linear(in_features=3072, out_features=768, bias=True)
        (drop): Dropout(p=0.0, inplace=False)
      )
    )
  )
  (norm): LayerNorm((768,), eps=1e-06, elementwise_affine=True)
)
Extracting features and saving them locally..
Epoch: 1/200 Train accuracy: 2.34787e-01 Validation accuracy: 2.74333e-01 Loss 1.39439e-02 Time taken: 1 seconds
Epoch: 2/200 Train accuracy: 2.79749e-01 Validation accuracy: 2.92000e-01 Loss 1.37347e-02 Time taken: 1 seconds
Epoch: 3/200 Train accuracy: 3.02123e-01 Validation accuracy: 3.05333e-01 Loss 1.36075e-02 Time taken: 1 seconds
Epoch: 4/200 Train accuracy: 3.14593e-01 Validation accuracy: 3.41667e-01 Loss 1.35332e-02 Time taken: 1 seconds
Epoch: 5/200 Train accuracy: 3.28417e-01 Validation accuracy: 3.56000e-01 Loss 1.34616e-02 Time taken: 1 seconds
Epoch: 6/200 Train accuracy: 3.30056e-01 Validation accuracy: 3.38333e-01 Loss 1.34262e-02 Time taken: 1 seconds
Epoch: 7/200 Train accuracy: 3.38107e-01 Validation accuracy: 3.60000e-01 Loss 1.33780e-02 Time taken: 1 seconds
Epoch: 8/200 Train accuracy: 3.39818e-01 Validation accuracy: 3.58667e-01 Loss 1.33548e-02 Time taken: 1 seconds
Epoch: 9/200 Train accuracy: 3.47941e-01 Validation accuracy: 3.63667e-01 Loss 1.33121e-02 Time taken: 1 seconds
Epoch: 10/200 Train accuracy: 3.50506e-01 Validation accuracy: 3.31000e-01 Loss 1.32924e-02 Time taken: 1 seconds
Epoch: 11/200 Train accuracy: 3.50862e-01 Validation accuracy: 3.53667e-01 Loss 1.32808e-02 Time taken: 1 seconds
Epoch: 12/200 Train accuracy: 3.52287e-01 Validation accuracy: 3.59000e-01 Loss 1.32649e-02 Time taken: 1 seconds
Epoch: 13/200 Train accuracy: 3.55423e-01 Validation accuracy: 3.66333e-01 Loss 1.32317e-02 Time taken: 1 seconds
Epoch: 14/200 Train accuracy: 3.57631e-01 Validation accuracy: 3.72000e-01 Loss 1.32240e-02 Time taken: 1 seconds
Epoch: 15/200 Train accuracy: 3.56278e-01 Validation accuracy: 3.55667e-01 Loss 1.32152e-02 Time taken: 1 seconds
Epoch: 16/200 Train accuracy: 3.55779e-01 Validation accuracy: 3.54333e-01 Loss 1.32087e-02 Time taken: 1 seconds
Epoch: 17/200 Train accuracy: 3.58273e-01 Validation accuracy: 3.69333e-01 Loss 1.31889e-02 Time taken: 1 seconds
Epoch: 18/200 Train accuracy: 3.55494e-01 Validation accuracy: 3.68333e-01 Loss 1.31957e-02 Time taken: 1 seconds
Epoch: 19/200 Train accuracy: 3.59698e-01 Validation accuracy: 3.71667e-01 Loss 1.31766e-02 Time taken: 1 seconds
Epoch: 20/200 Train accuracy: 3.58487e-01 Validation accuracy: 3.69000e-01 Loss 1.31753e-02 Time taken: 1 seconds
Epoch: 21/200 Train accuracy: 3.61479e-01 Validation accuracy: 3.59333e-01 Loss 1.31645e-02 Time taken: 1 seconds
Epoch: 22/200 Train accuracy: 3.61265e-01 Validation accuracy: 3.62333e-01 Loss 1.31614e-02 Time taken: 1 seconds
Epoch: 23/200 Train accuracy: 3.59983e-01 Validation accuracy: 3.77333e-01 Loss 1.31657e-02 Time taken: 1 seconds
Epoch: 24/200 Train accuracy: 3.64543e-01 Validation accuracy: 3.74667e-01 Loss 1.31384e-02 Time taken: 1 seconds
Epoch: 25/200 Train accuracy: 3.63831e-01 Validation accuracy: 3.69000e-01 Loss 1.31405e-02 Time taken: 1 seconds
Epoch: 26/200 Train accuracy: 3.63332e-01 Validation accuracy: 3.74333e-01 Loss 1.31383e-02 Time taken: 1 seconds
Epoch: 27/200 Train accuracy: 3.65185e-01 Validation accuracy: 3.67667e-01 Loss 1.31300e-02 Time taken: 1 seconds
Epoch: 28/200 Train accuracy: 3.64472e-01 Validation accuracy: 3.47667e-01 Loss 1.31318e-02 Time taken: 1 seconds
Epoch: 29/200 Train accuracy: 3.66681e-01 Validation accuracy: 3.60333e-01 Loss 1.31219e-02 Time taken: 1 seconds
Epoch: 30/200 Train accuracy: 3.65612e-01 Validation accuracy: 3.76667e-01 Loss 1.31129e-02 Time taken: 1 seconds
Epoch: 31/200 Train accuracy: 3.65826e-01 Validation accuracy: 3.73667e-01 Loss 1.31087e-02 Time taken: 1 seconds
Epoch: 32/200 Train accuracy: 3.68391e-01 Validation accuracy: 3.64667e-01 Loss 1.30968e-02 Time taken: 1 seconds
Epoch: 33/200 Train accuracy: 3.66823e-01 Validation accuracy: 3.67667e-01 Loss 1.31019e-02 Time taken: 1 seconds
Epoch: 34/200 Train accuracy: 3.68819e-01 Validation accuracy: 3.54333e-01 Loss 1.30948e-02 Time taken: 1 seconds
Epoch: 35/200 Train accuracy: 3.68890e-01 Validation accuracy: 3.75333e-01 Loss 1.30899e-02 Time taken: 1 seconds
Epoch: 36/200 Train accuracy: 3.68890e-01 Validation accuracy: 3.72000e-01 Loss 1.30852e-02 Time taken: 1 seconds
Epoch: 37/200 Train accuracy: 3.65541e-01 Validation accuracy: 3.81000e-01 Loss 1.31086e-02 Time taken: 1 seconds
Epoch: 38/200 Train accuracy: 3.69317e-01 Validation accuracy: 3.74667e-01 Loss 1.30799e-02 Time taken: 1 seconds
Epoch: 39/200 Train accuracy: 3.69959e-01 Validation accuracy: 3.73333e-01 Loss 1.30825e-02 Time taken: 1 seconds
Epoch: 40/200 Train accuracy: 3.65185e-01 Validation accuracy: 3.69667e-01 Loss 1.30946e-02 Time taken: 1 seconds
Epoch: 41/200 Train accuracy: 3.66895e-01 Validation accuracy: 3.65000e-01 Loss 1.30958e-02 Time taken: 1 seconds
Epoch: 42/200 Train accuracy: 3.68534e-01 Validation accuracy: 3.76667e-01 Loss 1.30825e-02 Time taken: 1 seconds
Epoch: 43/200 Train accuracy: 3.67678e-01 Validation accuracy: 3.80000e-01 Loss 1.30833e-02 Time taken: 1 seconds
Epoch: 44/200 Train accuracy: 3.68605e-01 Validation accuracy: 3.82000e-01 Loss 1.30712e-02 Time taken: 1 seconds
Epoch: 45/200 Train accuracy: 3.71526e-01 Validation accuracy: 3.79000e-01 Loss 1.30588e-02 Time taken: 1 seconds
Epoch: 46/200 Train accuracy: 3.69602e-01 Validation accuracy: 3.84000e-01 Loss 1.30668e-02 Time taken: 1 seconds
Epoch: 47/200 Train accuracy: 3.69175e-01 Validation accuracy: 3.63333e-01 Loss 1.30740e-02 Time taken: 1 seconds
Epoch: 48/200 Train accuracy: 3.68890e-01 Validation accuracy: 3.70667e-01 Loss 1.30679e-02 Time taken: 1 seconds
Epoch: 49/200 Train accuracy: 3.69246e-01 Validation accuracy: 3.78667e-01 Loss 1.30587e-02 Time taken: 1 seconds
Epoch: 50/200 Train accuracy: 3.69175e-01 Validation accuracy: 3.82000e-01 Loss 1.30674e-02 Time taken: 1 seconds
Epoch: 51/200 Train accuracy: 3.69531e-01 Validation accuracy: 3.82333e-01 Loss 1.30568e-02 Time taken: 1 seconds
Epoch: 52/200 Train accuracy: 3.70101e-01 Validation accuracy: 3.77000e-01 Loss 1.30578e-02 Time taken: 1 seconds
Epoch: 53/200 Train accuracy: 3.69816e-01 Validation accuracy: 3.84333e-01 Loss 1.30641e-02 Time taken: 1 seconds
Epoch: 54/200 Train accuracy: 3.74448e-01 Validation accuracy: 3.74333e-01 Loss 1.30494e-02 Time taken: 1 seconds
Epoch: 55/200 Train accuracy: 3.71526e-01 Validation accuracy: 3.72000e-01 Loss 1.30504e-02 Time taken: 1 seconds
Epoch: 56/200 Train accuracy: 3.71028e-01 Validation accuracy: 3.81333e-01 Loss 1.30483e-02 Time taken: 1 seconds
Epoch: 57/200 Train accuracy: 3.72453e-01 Validation accuracy: 3.70000e-01 Loss 1.30391e-02 Time taken: 1 seconds
Epoch: 58/200 Train accuracy: 3.71740e-01 Validation accuracy: 3.55000e-01 Loss 1.30486e-02 Time taken: 1 seconds
Epoch: 59/200 Train accuracy: 3.71455e-01 Validation accuracy: 3.81333e-01 Loss 1.30559e-02 Time taken: 1 seconds
Epoch: 60/200 Train accuracy: 3.71598e-01 Validation accuracy: 3.82667e-01 Loss 1.30454e-02 Time taken: 1 seconds
Epoch: 61/200 Train accuracy: 3.73165e-01 Validation accuracy: 3.65333e-01 Loss 1.30468e-02 Time taken: 1 seconds
Epoch: 62/200 Train accuracy: 3.72951e-01 Validation accuracy: 3.83333e-01 Loss 1.30364e-02 Time taken: 1 seconds
Epoch: 63/200 Train accuracy: 3.69959e-01 Validation accuracy: 3.71000e-01 Loss 1.30530e-02 Time taken: 1 seconds
Epoch: 64/200 Train accuracy: 3.62833e-01 Validation accuracy: 3.76000e-01 Loss 1.30824e-02 Time taken: 1 seconds
Epoch: 65/200 Train accuracy: 3.69602e-01 Validation accuracy: 3.81667e-01 Loss 1.30538e-02 Time taken: 1 seconds
Epoch: 66/200 Train accuracy: 3.73664e-01 Validation accuracy: 3.86667e-01 Loss 1.30407e-02 Time taken: 1 seconds
Epoch: 67/200 Train accuracy: 3.72666e-01 Validation accuracy: 3.71000e-01 Loss 1.30358e-02 Time taken: 1 seconds
Epoch: 68/200 Train accuracy: 3.73094e-01 Validation accuracy: 3.79333e-01 Loss 1.30324e-02 Time taken: 1 seconds
Epoch: 69/200 Train accuracy: 3.71170e-01 Validation accuracy: 3.72333e-01 Loss 1.30472e-02 Time taken: 1 seconds
Epoch: 70/200 Train accuracy: 3.72524e-01 Validation accuracy: 3.83333e-01 Loss 1.30363e-02 Time taken: 1 seconds
Epoch: 71/200 Train accuracy: 3.74804e-01 Validation accuracy: 3.85000e-01 Loss 1.30252e-02 Time taken: 1 seconds
Epoch: 72/200 Train accuracy: 3.70529e-01 Validation accuracy: 3.80667e-01 Loss 1.30419e-02 Time taken: 1 seconds
Epoch: 73/200 Train accuracy: 3.70885e-01 Validation accuracy: 3.80667e-01 Loss 1.30302e-02 Time taken: 1 seconds
Epoch: 74/200 Train accuracy: 3.72239e-01 Validation accuracy: 3.76333e-01 Loss 1.30329e-02 Time taken: 1 seconds
Epoch: 75/200 Train accuracy: 3.71384e-01 Validation accuracy: 3.87667e-01 Loss 1.30462e-02 Time taken: 1 seconds
Epoch: 76/200 Train accuracy: 3.71170e-01 Validation accuracy: 3.79000e-01 Loss 1.30352e-02 Time taken: 1 seconds
Epoch: 77/200 Train accuracy: 3.73664e-01 Validation accuracy: 3.77333e-01 Loss 1.30271e-02 Time taken: 1 seconds
Epoch: 78/200 Train accuracy: 3.73308e-01 Validation accuracy: 3.82333e-01 Loss 1.30283e-02 Time taken: 1 seconds
Epoch: 79/200 Train accuracy: 3.72595e-01 Validation accuracy: 3.82000e-01 Loss 1.30298e-02 Time taken: 1 seconds
Epoch: 80/200 Train accuracy: 3.73379e-01 Validation accuracy: 3.78667e-01 Loss 1.30298e-02 Time taken: 1 seconds
Epoch: 81/200 Train accuracy: 3.67678e-01 Validation accuracy: 3.78333e-01 Loss 1.30534e-02 Time taken: 1 seconds
Epoch: 82/200 Train accuracy: 3.74947e-01 Validation accuracy: 3.84333e-01 Loss 1.30311e-02 Time taken: 1 seconds
Epoch: 83/200 Train accuracy: 3.73236e-01 Validation accuracy: 3.76000e-01 Loss 1.30240e-02 Time taken: 1 seconds
Epoch: 84/200 Train accuracy: 3.74804e-01 Validation accuracy: 3.80000e-01 Loss 1.30209e-02 Time taken: 1 seconds
Epoch: 85/200 Train accuracy: 3.73806e-01 Validation accuracy: 3.82333e-01 Loss 1.30302e-02 Time taken: 1 seconds
Epoch: 86/200 Train accuracy: 3.75588e-01 Validation accuracy: 3.84000e-01 Loss 1.30139e-02 Time taken: 1 seconds
Epoch: 87/200 Train accuracy: 3.72239e-01 Validation accuracy: 3.72000e-01 Loss 1.30266e-02 Time taken: 1 seconds
Epoch: 88/200 Train accuracy: 3.74804e-01 Validation accuracy: 3.82667e-01 Loss 1.30237e-02 Time taken: 1 seconds
Epoch: 89/200 Train accuracy: 3.73023e-01 Validation accuracy: 3.75333e-01 Loss 1.30214e-02 Time taken: 1 seconds
Epoch: 90/200 Train accuracy: 3.75588e-01 Validation accuracy: 3.84333e-01 Loss 1.30190e-02 Time taken: 1 seconds
Epoch: 91/200 Train accuracy: 3.71740e-01 Validation accuracy: 3.77667e-01 Loss 1.30276e-02 Time taken: 1 seconds
Epoch: 92/200 Train accuracy: 3.73165e-01 Validation accuracy: 3.81333e-01 Loss 1.30240e-02 Time taken: 1 seconds
Epoch: 93/200 Train accuracy: 3.73593e-01 Validation accuracy: 3.89667e-01 Loss 1.30177e-02 Time taken: 1 seconds
Epoch: 94/200 Train accuracy: 3.73806e-01 Validation accuracy: 3.86000e-01 Loss 1.30144e-02 Time taken: 1 seconds
Epoch: 95/200 Train accuracy: 3.71455e-01 Validation accuracy: 3.85000e-01 Loss 1.30278e-02 Time taken: 1 seconds
Epoch: 96/200 Train accuracy: 3.75659e-01 Validation accuracy: 3.86000e-01 Loss 1.30091e-02 Time taken: 1 seconds
Epoch: 97/200 Train accuracy: 3.75944e-01 Validation accuracy: 3.77000e-01 Loss 1.30058e-02 Time taken: 1 seconds
Epoch: 98/200 Train accuracy: 3.74234e-01 Validation accuracy: 3.82667e-01 Loss 1.30289e-02 Time taken: 1 seconds
Epoch: 99/200 Train accuracy: 3.74662e-01 Validation accuracy: 3.81333e-01 Loss 1.30213e-02 Time taken: 1 seconds
Epoch: 100/200 Train accuracy: 3.71811e-01 Validation accuracy: 3.82000e-01 Loss 1.30183e-02 Time taken: 1 seconds
Epoch: 101/200 Train accuracy: 3.72809e-01 Validation accuracy: 3.75333e-01 Loss 1.30211e-02 Time taken: 1 seconds
Epoch: 102/200 Train accuracy: 3.73308e-01 Validation accuracy: 3.85667e-01 Loss 1.30186e-02 Time taken: 1 seconds
Epoch: 103/200 Train accuracy: 3.74091e-01 Validation accuracy: 3.82333e-01 Loss 1.30112e-02 Time taken: 1 seconds
Epoch: 104/200 Train accuracy: 3.74662e-01 Validation accuracy: 3.82333e-01 Loss 1.30091e-02 Time taken: 1 seconds
Epoch: 105/200 Train accuracy: 3.74875e-01 Validation accuracy: 3.74000e-01 Loss 1.30131e-02 Time taken: 1 seconds
Epoch: 106/200 Train accuracy: 3.73023e-01 Validation accuracy: 3.83667e-01 Loss 1.30221e-02 Time taken: 1 seconds
Epoch: 107/200 Train accuracy: 3.75374e-01 Validation accuracy: 3.83000e-01 Loss 1.30141e-02 Time taken: 1 seconds
Epoch: 108/200 Train accuracy: 3.73664e-01 Validation accuracy: 3.82000e-01 Loss 1.30200e-02 Time taken: 1 seconds
Epoch: 109/200 Train accuracy: 3.74662e-01 Validation accuracy: 3.60000e-01 Loss 1.30092e-02 Time taken: 1 seconds
Epoch: 110/200 Train accuracy: 3.74091e-01 Validation accuracy: 3.84667e-01 Loss 1.30212e-02 Time taken: 1 seconds
Epoch: 111/200 Train accuracy: 3.76585e-01 Validation accuracy: 3.78333e-01 Loss 1.30027e-02 Time taken: 1 seconds
Epoch: 112/200 Train accuracy: 3.71241e-01 Validation accuracy: 3.78667e-01 Loss 1.30340e-02 Time taken: 1 seconds
Epoch: 113/200 Train accuracy: 3.74519e-01 Validation accuracy: 3.83000e-01 Loss 1.30094e-02 Time taken: 1 seconds
Epoch: 114/200 Train accuracy: 3.73236e-01 Validation accuracy: 3.81333e-01 Loss 1.30139e-02 Time taken: 1 seconds
Epoch: 115/200 Train accuracy: 3.72381e-01 Validation accuracy: 3.83000e-01 Loss 1.30194e-02 Time taken: 1 seconds
Epoch: 116/200 Train accuracy: 3.75160e-01 Validation accuracy: 3.86000e-01 Loss 1.30088e-02 Time taken: 1 seconds
Epoch: 117/200 Train accuracy: 3.77512e-01 Validation accuracy: 3.85000e-01 Loss 1.30020e-02 Time taken: 1 seconds
Epoch: 118/200 Train accuracy: 3.73094e-01 Validation accuracy: 3.86667e-01 Loss 1.30185e-02 Time taken: 1 seconds
Epoch: 119/200 Train accuracy: 3.75089e-01 Validation accuracy: 3.85333e-01 Loss 1.30123e-02 Time taken: 1 seconds
Epoch: 120/200 Train accuracy: 3.75089e-01 Validation accuracy: 3.85667e-01 Loss 1.30024e-02 Time taken: 1 seconds
Epoch: 121/200 Train accuracy: 3.73949e-01 Validation accuracy: 3.86667e-01 Loss 1.30055e-02 Time taken: 1 seconds
Epoch: 122/200 Train accuracy: 3.77583e-01 Validation accuracy: 3.84333e-01 Loss 1.29964e-02 Time taken: 1 seconds
Epoch: 123/200 Train accuracy: 3.76158e-01 Validation accuracy: 3.85333e-01 Loss 1.30037e-02 Time taken: 1 seconds
Epoch: 124/200 Train accuracy: 3.74234e-01 Validation accuracy: 3.84667e-01 Loss 1.30061e-02 Time taken: 1 seconds
Epoch: 125/200 Train accuracy: 3.75802e-01 Validation accuracy: 3.88333e-01 Loss 1.30057e-02 Time taken: 1 seconds
Epoch: 126/200 Train accuracy: 3.76372e-01 Validation accuracy: 3.84333e-01 Loss 1.30074e-02 Time taken: 1 seconds
Epoch: 127/200 Train accuracy: 3.73878e-01 Validation accuracy: 3.85333e-01 Loss 1.29996e-02 Time taken: 1 seconds
Epoch: 128/200 Train accuracy: 3.74590e-01 Validation accuracy: 3.72333e-01 Loss 1.30041e-02 Time taken: 1 seconds
Epoch: 129/200 Train accuracy: 3.73664e-01 Validation accuracy: 3.83333e-01 Loss 1.30062e-02 Time taken: 1 seconds
Epoch: 130/200 Train accuracy: 3.73379e-01 Validation accuracy: 3.81000e-01 Loss 1.30110e-02 Time taken: 1 seconds
Epoch: 131/200 Train accuracy: 3.78509e-01 Validation accuracy: 3.86333e-01 Loss 1.30034e-02 Time taken: 1 seconds
Epoch: 132/200 Train accuracy: 3.78794e-01 Validation accuracy: 3.84000e-01 Loss 1.29921e-02 Time taken: 1 seconds
Epoch: 133/200 Train accuracy: 3.72809e-01 Validation accuracy: 3.81000e-01 Loss 1.30080e-02 Time taken: 1 seconds
Epoch: 134/200 Train accuracy: 3.76087e-01 Validation accuracy: 3.85000e-01 Loss 1.29944e-02 Time taken: 1 seconds
Epoch: 135/200 Train accuracy: 3.75659e-01 Validation accuracy: 3.81333e-01 Loss 1.30028e-02 Time taken: 1 seconds
Epoch: 136/200 Train accuracy: 3.74804e-01 Validation accuracy: 3.80333e-01 Loss 1.29979e-02 Time taken: 1 seconds
Epoch: 137/200 Train accuracy: 3.77583e-01 Validation accuracy: 3.83000e-01 Loss 1.29911e-02 Time taken: 1 seconds
Epoch: 138/200 Train accuracy: 3.75873e-01 Validation accuracy: 3.80000e-01 Loss 1.29981e-02 Time taken: 1 seconds
Epoch: 139/200 Train accuracy: 3.75730e-01 Validation accuracy: 3.81000e-01 Loss 1.29963e-02 Time taken: 1 seconds
Epoch: 140/200 Train accuracy: 3.72168e-01 Validation accuracy: 3.85667e-01 Loss 1.30114e-02 Time taken: 1 seconds
Epoch: 141/200 Train accuracy: 3.75944e-01 Validation accuracy: 3.85667e-01 Loss 1.29924e-02 Time taken: 1 seconds
Epoch: 142/200 Train accuracy: 3.74875e-01 Validation accuracy: 3.84000e-01 Loss 1.30013e-02 Time taken: 1 seconds
Epoch: 143/200 Train accuracy: 3.75873e-01 Validation accuracy: 3.82333e-01 Loss 1.30021e-02 Time taken: 1 seconds
Epoch: 144/200 Train accuracy: 3.76158e-01 Validation accuracy: 3.84333e-01 Loss 1.29999e-02 Time taken: 1 seconds
Epoch: 145/200 Train accuracy: 3.75018e-01 Validation accuracy: 3.77000e-01 Loss 1.29978e-02 Time taken: 1 seconds
Epoch: 146/200 Train accuracy: 3.77583e-01 Validation accuracy: 3.82333e-01 Loss 1.29984e-02 Time taken: 1 seconds
Epoch: 147/200 Train accuracy: 3.77654e-01 Validation accuracy: 3.83000e-01 Loss 1.29868e-02 Time taken: 1 seconds
Epoch: 148/200 Train accuracy: 3.75873e-01 Validation accuracy: 3.86667e-01 Loss 1.30021e-02 Time taken: 1 seconds
Epoch: 149/200 Train accuracy: 3.78224e-01 Validation accuracy: 3.86667e-01 Loss 1.29877e-02 Time taken: 1 seconds
Epoch: 150/200 Train accuracy: 3.74662e-01 Validation accuracy: 3.76333e-01 Loss 1.29971e-02 Time taken: 1 seconds
Epoch: 151/200 Train accuracy: 3.77227e-01 Validation accuracy: 3.83333e-01 Loss 1.29898e-02 Time taken: 1 seconds
Epoch: 152/200 Train accuracy: 3.77369e-01 Validation accuracy: 3.80000e-01 Loss 1.29901e-02 Time taken: 1 seconds
Epoch: 153/200 Train accuracy: 3.73949e-01 Validation accuracy: 3.72333e-01 Loss 1.30037e-02 Time taken: 1 seconds
Epoch: 154/200 Train accuracy: 3.77013e-01 Validation accuracy: 3.71333e-01 Loss 1.30043e-02 Time taken: 1 seconds
Epoch: 155/200 Train accuracy: 3.73806e-01 Validation accuracy: 3.86667e-01 Loss 1.30077e-02 Time taken: 1 seconds
Epoch: 156/200 Train accuracy: 3.79293e-01 Validation accuracy: 3.82667e-01 Loss 1.29817e-02 Time taken: 1 seconds
Epoch: 157/200 Train accuracy: 3.75445e-01 Validation accuracy: 3.87000e-01 Loss 1.29993e-02 Time taken: 1 seconds
Epoch: 158/200 Train accuracy: 3.75588e-01 Validation accuracy: 3.81000e-01 Loss 1.29872e-02 Time taken: 1 seconds
Epoch: 159/200 Train accuracy: 3.73664e-01 Validation accuracy: 3.72000e-01 Loss 1.29993e-02 Time taken: 1 seconds
Epoch: 160/200 Train accuracy: 3.77583e-01 Validation accuracy: 3.83667e-01 Loss 1.29831e-02 Time taken: 1 seconds
Epoch: 161/200 Train accuracy: 3.76300e-01 Validation accuracy: 3.86333e-01 Loss 1.29873e-02 Time taken: 1 seconds
Epoch: 162/200 Train accuracy: 3.79863e-01 Validation accuracy: 3.83000e-01 Loss 1.29791e-02 Time taken: 1 seconds
Epoch: 163/200 Train accuracy: 3.77583e-01 Validation accuracy: 3.87000e-01 Loss 1.29861e-02 Time taken: 1 seconds
Epoch: 164/200 Train accuracy: 3.78723e-01 Validation accuracy: 3.83667e-01 Loss 1.29899e-02 Time taken: 1 seconds
Epoch: 165/200 Train accuracy: 3.77797e-01 Validation accuracy: 3.82333e-01 Loss 1.29819e-02 Time taken: 1 seconds
Epoch: 166/200 Train accuracy: 3.76942e-01 Validation accuracy: 3.83667e-01 Loss 1.29899e-02 Time taken: 1 seconds
Epoch: 167/200 Train accuracy: 3.74733e-01 Validation accuracy: 3.71000e-01 Loss 1.30057e-02 Time taken: 1 seconds
Epoch: 168/200 Train accuracy: 3.77227e-01 Validation accuracy: 3.80667e-01 Loss 1.29943e-02 Time taken: 1 seconds
Epoch: 169/200 Train accuracy: 3.75944e-01 Validation accuracy: 3.80667e-01 Loss 1.29843e-02 Time taken: 1 seconds
Epoch: 170/200 Train accuracy: 3.76158e-01 Validation accuracy: 3.84333e-01 Loss 1.29952e-02 Time taken: 1 seconds
Epoch: 171/200 Train accuracy: 3.76443e-01 Validation accuracy: 3.84000e-01 Loss 1.29912e-02 Time taken: 1 seconds
Epoch: 172/200 Train accuracy: 3.78296e-01 Validation accuracy: 3.84333e-01 Loss 1.29863e-02 Time taken: 1 seconds
Epoch: 173/200 Train accuracy: 3.79222e-01 Validation accuracy: 3.77667e-01 Loss 1.29870e-02 Time taken: 1 seconds
Epoch: 174/200 Train accuracy: 3.76514e-01 Validation accuracy: 3.87000e-01 Loss 1.29865e-02 Time taken: 1 seconds
Epoch: 175/200 Train accuracy: 3.77654e-01 Validation accuracy: 3.73333e-01 Loss 1.29869e-02 Time taken: 1 seconds
Epoch: 176/200 Train accuracy: 3.76372e-01 Validation accuracy: 3.83333e-01 Loss 1.29930e-02 Time taken: 1 seconds
Epoch: 177/200 Train accuracy: 3.74590e-01 Validation accuracy: 3.85000e-01 Loss 1.29879e-02 Time taken: 1 seconds
Epoch: 178/200 Train accuracy: 3.79792e-01 Validation accuracy: 3.83333e-01 Loss 1.29777e-02 Time taken: 1 seconds
Epoch: 179/200 Train accuracy: 3.79507e-01 Validation accuracy: 3.69333e-01 Loss 1.29784e-02 Time taken: 1 seconds
Epoch: 180/200 Train accuracy: 3.75802e-01 Validation accuracy: 3.82000e-01 Loss 1.29872e-02 Time taken: 1 seconds
Epoch: 181/200 Train accuracy: 3.77298e-01 Validation accuracy: 3.86000e-01 Loss 1.29844e-02 Time taken: 1 seconds
Epoch: 182/200 Train accuracy: 3.78367e-01 Validation accuracy: 3.86333e-01 Loss 1.29811e-02 Time taken: 1 seconds
Epoch: 183/200 Train accuracy: 3.78082e-01 Validation accuracy: 3.82000e-01 Loss 1.29824e-02 Time taken: 1 seconds
Epoch: 184/200 Train accuracy: 3.78581e-01 Validation accuracy: 3.79667e-01 Loss 1.29816e-02 Time taken: 1 seconds
Epoch: 185/200 Train accuracy: 3.74947e-01 Validation accuracy: 3.69667e-01 Loss 1.29958e-02 Time taken: 1 seconds
Epoch: 186/200 Train accuracy: 3.78082e-01 Validation accuracy: 3.87000e-01 Loss 1.29721e-02 Time taken: 1 seconds
Epoch: 187/200 Train accuracy: 3.80006e-01 Validation accuracy: 3.78667e-01 Loss 1.29797e-02 Time taken: 1 seconds
Epoch: 188/200 Train accuracy: 3.78937e-01 Validation accuracy: 3.85667e-01 Loss 1.29807e-02 Time taken: 1 seconds
Epoch: 189/200 Train accuracy: 3.78011e-01 Validation accuracy: 3.82667e-01 Loss 1.29832e-02 Time taken: 1 seconds
Epoch: 190/200 Train accuracy: 3.77369e-01 Validation accuracy: 3.85333e-01 Loss 1.29854e-02 Time taken: 1 seconds
Epoch: 191/200 Train accuracy: 3.77868e-01 Validation accuracy: 3.82000e-01 Loss 1.29816e-02 Time taken: 1 seconds
Epoch: 192/200 Train accuracy: 3.76087e-01 Validation accuracy: 3.91000e-01 Loss 1.29866e-02 Time taken: 1 seconds
Epoch: 193/200 Train accuracy: 3.77583e-01 Validation accuracy: 3.81333e-01 Loss 1.29857e-02 Time taken: 1 seconds
Epoch: 194/200 Train accuracy: 3.73236e-01 Validation accuracy: 3.84333e-01 Loss 1.30082e-02 Time taken: 1 seconds
Epoch: 195/200 Train accuracy: 3.76158e-01 Validation accuracy: 3.80333e-01 Loss 1.29775e-02 Time taken: 1 seconds
Epoch: 196/200 Train accuracy: 3.79436e-01 Validation accuracy: 3.84333e-01 Loss 1.29850e-02 Time taken: 1 seconds
Epoch: 197/200 Train accuracy: 3.76657e-01 Validation accuracy: 3.80000e-01 Loss 1.29869e-02 Time taken: 1 seconds
Epoch: 198/200 Train accuracy: 3.76585e-01 Validation accuracy: 3.87333e-01 Loss 1.29851e-02 Time taken: 1 seconds
Epoch: 199/200 Train accuracy: 3.77654e-01 Validation accuracy: 3.89333e-01 Loss 1.29800e-02 Time taken: 1 seconds
Epoch: 200/200 Train accuracy: 3.76799e-01 Validation accuracy: 3.87333e-01 Loss 1.29915e-02 Time taken: 1 seconds
Total time taken 0:05:05.465578
Done


