nohup: ignoring input
INFO:root:VisionTransformer(
  (patch_embed): PatchEmbed(
    (proj): Conv2d(3, 1280, kernel_size=(14, 14), stride=(14, 14))
  )
  (blocks): ModuleList(
    (0-31): 32 x Block(
      (norm1): LayerNorm((1280,), eps=1e-06, elementwise_affine=True)
      (attn): Attention(
        (qkv): Linear(in_features=1280, out_features=3840, bias=True)
        (attn_drop): Dropout(p=0.0, inplace=False)
        (proj): Linear(in_features=1280, out_features=1280, bias=True)
        (proj_drop): Dropout(p=0.0, inplace=False)
      )
      (drop_path): Identity()
      (norm2): LayerNorm((1280,), eps=1e-06, elementwise_affine=True)
      (mlp): MLP(
        (fc1): Linear(in_features=1280, out_features=5120, bias=True)
        (act): GELU(approximate='none')
        (fc2): Linear(in_features=5120, out_features=1280, bias=True)
        (drop): Dropout(p=0.0, inplace=False)
      )
    )
  )
  (norm): LayerNorm((1280,), eps=1e-06, elementwise_affine=True)
)
Epoch: 1/100 Train accuracy: 5.156050e-01 Validation accuracy: 8.330000e-01 Loss 1.293227e-02 Time taken: 0:09:36.892874
Epoch: 2/100 Train accuracy: 8.425253e-01 Validation accuracy: 8.703333e-01 Loss 1.069308e-02 Time taken: 0:09:40.343165
Epoch: 3/100 Train accuracy: 8.737352e-01 Validation accuracy: 8.850000e-01 Loss 9.949417e-03 Time taken: 0:09:39.892746
Epoch: 4/100 Train accuracy: 8.832835e-01 Validation accuracy: 8.913333e-01 Loss 9.650476e-03 Time taken: 0:09:39.390532
Epoch: 5/100 Train accuracy: 8.917629e-01 Validation accuracy: 8.973333e-01 Loss 9.481374e-03 Time taken: 0:09:39.323613
Epoch: 6/100 Train accuracy: 8.956107e-01 Validation accuracy: 9.016667e-01 Loss 9.367574e-03 Time taken: 0:09:39.766311
Epoch: 7/100 Train accuracy: 8.982471e-01 Validation accuracy: 9.026667e-01 Loss 9.292507e-03 Time taken: 0:09:39.628603
Epoch: 8/100 Train accuracy: 9.017386e-01 Validation accuracy: 9.056667e-01 Loss 9.236048e-03 Time taken: 0:09:39.742754
Epoch: 9/100 Train accuracy: 9.027362e-01 Validation accuracy: 9.076667e-01 Loss 9.183818e-03 Time taken: 0:09:39.783850
Epoch: 10/100 Train accuracy: 9.066553e-01 Validation accuracy: 9.090000e-01 Loss 9.152033e-03 Time taken: 0:09:39.703675
Epoch: 11/100 Train accuracy: 9.076528e-01 Validation accuracy: 9.126667e-01 Loss 9.115387e-03 Time taken: 0:09:39.501053
Epoch: 12/100 Train accuracy: 9.072253e-01 Validation accuracy: 9.123333e-01 Loss 9.091269e-03 Time taken: 0:09:39.802864
Epoch: 13/100 Train accuracy: 9.087929e-01 Validation accuracy: 9.123333e-01 Loss 9.073097e-03 Time taken: 0:09:39.303696
Epoch: 14/100 Train accuracy: 9.095767e-01 Validation accuracy: 9.143333e-01 Loss 9.046844e-03 Time taken: 0:09:39.937205
Epoch: 15/100 Train accuracy: 9.111444e-01 Validation accuracy: 9.140000e-01 Loss 9.032183e-03 Time taken: 0:09:39.195758
Epoch: 16/100 Train accuracy: 9.137808e-01 Validation accuracy: 9.136667e-01 Loss 9.014914e-03 Time taken: 0:09:39.572997
Epoch: 17/100 Train accuracy: 9.137808e-01 Validation accuracy: 9.153333e-01 Loss 8.997465e-03 Time taken: 0:09:39.358706
Epoch: 18/100 Train accuracy: 9.137808e-01 Validation accuracy: 9.163333e-01 Loss 8.988941e-03 Time taken: 0:09:39.387200
Epoch: 19/100 Train accuracy: 9.170586e-01 Validation accuracy: 9.170000e-01 Loss 8.968658e-03 Time taken: 0:09:39.312650
Epoch: 20/100 Train accuracy: 9.168448e-01 Validation accuracy: 9.183333e-01 Loss 8.962281e-03 Time taken: 0:09:39.484310
Epoch: 21/100 Train accuracy: 9.180561e-01 Validation accuracy: 9.173333e-01 Loss 8.954078e-03 Time taken: 0:09:39.034738
Epoch: 22/100 Train accuracy: 9.157047e-01 Validation accuracy: 9.183333e-01 Loss 8.952371e-03 Time taken: 0:09:39.531273
Epoch: 23/100 Train accuracy: 9.184124e-01 Validation accuracy: 9.196667e-01 Loss 8.935666e-03 Time taken: 0:09:39.202457
Epoch: 24/100 Train accuracy: 9.189112e-01 Validation accuracy: 9.196667e-01 Loss 8.929909e-03 Time taken: 0:09:39.160320
Epoch: 25/100 Train accuracy: 9.186262e-01 Validation accuracy: 9.206667e-01 Loss 8.923362e-03 Time taken: 0:09:38.635799
Epoch: 26/100 Train accuracy: 9.189112e-01 Validation accuracy: 9.200000e-01 Loss 8.913043e-03 Time taken: 0:09:39.162411
Epoch: 27/100 Train accuracy: 9.189112e-01 Validation accuracy: 9.213333e-01 Loss 8.907952e-03 Time taken: 0:09:39.399321
Epoch: 28/100 Train accuracy: 9.224740e-01 Validation accuracy: 9.213333e-01 Loss 8.893410e-03 Time taken: 0:09:39.412870
Epoch: 29/100 Train accuracy: 9.207639e-01 Validation accuracy: 9.196667e-01 Loss 8.892199e-03 Time taken: 0:09:39.092953
Epoch: 30/100 Train accuracy: 9.214052e-01 Validation accuracy: 9.230000e-01 Loss 8.883206e-03 Time taken: 0:09:38.985614
Epoch: 31/100 Train accuracy: 9.211914e-01 Validation accuracy: 9.220000e-01 Loss 8.879634e-03 Time taken: 0:09:39.009951
Epoch: 32/100 Train accuracy: 9.241129e-01 Validation accuracy: 9.240000e-01 Loss 8.870769e-03 Time taken: 0:09:39.465239
Epoch: 33/100 Train accuracy: 9.215477e-01 Validation accuracy: 9.220000e-01 Loss 8.880863e-03 Time taken: 0:09:39.026497
Epoch: 34/100 Train accuracy: 9.239704e-01 Validation accuracy: 9.233333e-01 Loss 8.859127e-03 Time taken: 0:09:39.164816
Epoch: 35/100 Train accuracy: 9.236141e-01 Validation accuracy: 9.223333e-01 Loss 8.860817e-03 Time taken: 0:09:38.716220
Epoch: 36/100 Train accuracy: 9.236853e-01 Validation accuracy: 9.230000e-01 Loss 8.859645e-03 Time taken: 0:09:38.867631
Epoch: 37/100 Train accuracy: 9.244691e-01 Validation accuracy: 9.246667e-01 Loss 8.851489e-03 Time taken: 0:09:38.942508
Epoch: 38/100 Train accuracy: 9.243979e-01 Validation accuracy: 9.243333e-01 Loss 8.849321e-03 Time taken: 0:09:39.095689
Epoch: 39/100 Train accuracy: 9.244691e-01 Validation accuracy: 9.226667e-01 Loss 8.851090e-03 Time taken: 0:09:39.444967
Epoch: 40/100 Train accuracy: 9.250392e-01 Validation accuracy: 9.253333e-01 Loss 8.841497e-03 Time taken: 0:09:39.124869
Epoch: 41/100 Train accuracy: 9.263218e-01 Validation accuracy: 9.260000e-01 Loss 8.834560e-03 Time taken: 0:09:39.307354
Epoch: 42/100 Train accuracy: 9.258230e-01 Validation accuracy: 9.263333e-01 Loss 8.837064e-03 Time taken: 0:09:38.920696
Epoch: 43/100 Train accuracy: 9.269631e-01 Validation accuracy: 9.263333e-01 Loss 8.823933e-03 Time taken: 0:09:38.656446
Epoch: 44/100 Train accuracy: 9.281032e-01 Validation accuracy: 9.270000e-01 Loss 8.816478e-03 Time taken: 0:09:38.984411
Epoch: 45/100 Train accuracy: 9.263930e-01 Validation accuracy: 9.256667e-01 Loss 8.824133e-03 Time taken: 0:09:38.676554
Epoch: 46/100 Train accuracy: 9.272481e-01 Validation accuracy: 9.246667e-01 Loss 8.816493e-03 Time taken: 0:09:38.671683
Epoch: 47/100 Train accuracy: 9.291008e-01 Validation accuracy: 9.266667e-01 Loss 8.814312e-03 Time taken: 0:09:38.702417
Epoch: 48/100 Train accuracy: 9.294570e-01 Validation accuracy: 9.273333e-01 Loss 8.809658e-03 Time taken: 0:09:38.917972
Epoch: 49/100 Train accuracy: 9.257517e-01 Validation accuracy: 9.276667e-01 Loss 8.818986e-03 Time taken: 0:09:38.786005
Epoch: 50/100 Train accuracy: 9.274619e-01 Validation accuracy: 9.246667e-01 Loss 8.809793e-03 Time taken: 0:09:38.785173
Epoch: 51/100 Train accuracy: 9.269631e-01 Validation accuracy: 9.260000e-01 Loss 8.815158e-03 Time taken: 0:09:39.008690
Epoch: 52/100 Train accuracy: 9.278894e-01 Validation accuracy: 9.280000e-01 Loss 8.808857e-03 Time taken: 0:09:38.799492
Epoch: 53/100 Train accuracy: 9.282457e-01 Validation accuracy: 9.276667e-01 Loss 8.811347e-03 Time taken: 0:09:39.250118
Epoch: 54/100 Train accuracy: 9.276044e-01 Validation accuracy: 9.276667e-01 Loss 8.805351e-03 Time taken: 0:09:38.953116
Epoch: 55/100 Train accuracy: 9.291008e-01 Validation accuracy: 9.280000e-01 Loss 8.801527e-03 Time taken: 0:09:38.773836
Epoch: 56/100 Train accuracy: 9.281032e-01 Validation accuracy: 9.280000e-01 Loss 8.798338e-03 Time taken: 0:09:38.753959
Epoch: 57/100 Train accuracy: 9.302408e-01 Validation accuracy: 9.266667e-01 Loss 8.794163e-03 Time taken: 0:09:38.821087
Epoch: 58/100 Train accuracy: 9.295283e-01 Validation accuracy: 9.280000e-01 Loss 8.794406e-03 Time taken: 0:09:38.706530
Epoch: 59/100 Train accuracy: 9.301696e-01 Validation accuracy: 9.290000e-01 Loss 8.788011e-03 Time taken: 0:09:38.987055
Epoch: 60/100 Train accuracy: 9.296708e-01 Validation accuracy: 9.290000e-01 Loss 8.789052e-03 Time taken: 0:09:38.775495
Epoch: 61/100 Train accuracy: 9.294570e-01 Validation accuracy: 9.286667e-01 Loss 8.793684e-03 Time taken: 0:09:38.814067
Epoch: 62/100 Train accuracy: 9.292433e-01 Validation accuracy: 9.290000e-01 Loss 8.793589e-03 Time taken: 0:09:39.384910
Epoch: 63/100 Train accuracy: 9.313809e-01 Validation accuracy: 9.283333e-01 Loss 8.776886e-03 Time taken: 0:09:39.466262
Epoch: 64/100 Train accuracy: 9.293145e-01 Validation accuracy: 9.283333e-01 Loss 8.785897e-03 Time taken: 0:09:39.045963
Epoch: 65/100 Train accuracy: 9.308109e-01 Validation accuracy: 9.286667e-01 Loss 8.780278e-03 Time taken: 0:09:39.265724
Epoch: 66/100 Train accuracy: 9.300271e-01 Validation accuracy: 9.293333e-01 Loss 8.776767e-03 Time taken: 0:09:39.840667
Epoch: 67/100 Train accuracy: 9.326635e-01 Validation accuracy: 9.293333e-01 Loss 8.777327e-03 Time taken: 0:09:39.807606
Epoch: 68/100 Train accuracy: 9.310247e-01 Validation accuracy: 9.303333e-01 Loss 8.778129e-03 Time taken: 0:09:39.524305
Epoch: 69/100 Train accuracy: 9.325210e-01 Validation accuracy: 9.296667e-01 Loss 8.765952e-03 Time taken: 0:09:39.341645
Epoch: 70/100 Train accuracy: 9.308821e-01 Validation accuracy: 9.300000e-01 Loss 8.780452e-03 Time taken: 0:09:39.521310
Epoch: 71/100 Train accuracy: 9.309534e-01 Validation accuracy: 9.296667e-01 Loss 8.770524e-03 Time taken: 0:09:39.341861
Epoch: 72/100 Train accuracy: 9.313809e-01 Validation accuracy: 9.296667e-01 Loss 8.769851e-03 Time taken: 0:09:39.697413
Epoch: 73/100 Train accuracy: 9.320222e-01 Validation accuracy: 9.303333e-01 Loss 8.767388e-03 Time taken: 0:09:39.291499
Epoch: 74/100 Train accuracy: 9.314522e-01 Validation accuracy: 9.290000e-01 Loss 8.772329e-03 Time taken: 0:09:39.146289
Epoch: 75/100 Train accuracy: 9.323073e-01 Validation accuracy: 9.300000e-01 Loss 8.761847e-03 Time taken: 0:09:39.446614
Epoch: 76/100 Train accuracy: 9.310247e-01 Validation accuracy: 9.286667e-01 Loss 8.763600e-03 Time taken: 0:09:39.641880
Epoch: 77/100 Train accuracy: 9.317372e-01 Validation accuracy: 9.296667e-01 Loss 8.764206e-03 Time taken: 0:09:40.114309
Epoch: 78/100 Train accuracy: 9.323073e-01 Validation accuracy: 9.306667e-01 Loss 8.766105e-03 Time taken: 0:09:39.960734
Epoch: 79/100 Train accuracy: 9.323073e-01 Validation accuracy: 9.313333e-01 Loss 8.765542e-03 Time taken: 0:09:40.164399
Epoch: 80/100 Train accuracy: 9.300983e-01 Validation accuracy: 9.296667e-01 Loss 8.765810e-03 Time taken: 0:09:39.938061
Epoch: 81/100 Train accuracy: 9.329486e-01 Validation accuracy: 9.303333e-01 Loss 8.757400e-03 Time taken: 0:09:40.184659
Epoch: 82/100 Train accuracy: 9.335186e-01 Validation accuracy: 9.306667e-01 Loss 8.759257e-03 Time taken: 0:09:39.887259
Epoch: 83/100 Train accuracy: 9.315234e-01 Validation accuracy: 9.303333e-01 Loss 8.763311e-03 Time taken: 0:09:39.854649
Epoch: 84/100 Train accuracy: 9.312384e-01 Validation accuracy: 9.303333e-01 Loss 8.756688e-03 Time taken: 0:09:40.353863
Epoch: 85/100 Train accuracy: 9.336611e-01 Validation accuracy: 9.306667e-01 Loss 8.756449e-03 Time taken: 0:09:39.962798
Epoch: 86/100 Train accuracy: 9.325210e-01 Validation accuracy: 9.303333e-01 Loss 8.756819e-03 Time taken: 0:09:39.791436
Epoch: 87/100 Train accuracy: 9.331623e-01 Validation accuracy: 9.296667e-01 Loss 8.751975e-03 Time taken: 0:09:39.795541
Epoch: 88/100 Train accuracy: 9.331623e-01 Validation accuracy: 9.316667e-01 Loss 8.759546e-03 Time taken: 0:09:39.927606
Epoch: 89/100 Train accuracy: 9.321647e-01 Validation accuracy: 9.303333e-01 Loss 8.752247e-03 Time taken: 0:09:39.458183
Epoch: 90/100 Train accuracy: 9.337324e-01 Validation accuracy: 9.303333e-01 Loss 8.756071e-03 Time taken: 0:09:39.553896
Epoch: 91/100 Train accuracy: 9.311672e-01 Validation accuracy: 9.310000e-01 Loss 8.758417e-03 Time taken: 0:09:39.843728
Epoch: 92/100 Train accuracy: 9.340174e-01 Validation accuracy: 9.310000e-01 Loss 8.746365e-03 Time taken: 0:09:39.880555
Epoch: 93/100 Train accuracy: 9.325923e-01 Validation accuracy: 9.306667e-01 Loss 8.757469e-03 Time taken: 0:09:39.575371
Epoch: 94/100 Train accuracy: 9.330911e-01 Validation accuracy: 9.313333e-01 Loss 8.751002e-03 Time taken: 0:09:39.260084
Epoch: 95/100 Train accuracy: 9.340886e-01 Validation accuracy: 9.316667e-01 Loss 8.744769e-03 Time taken: 0:09:39.097933
Epoch: 96/100 Train accuracy: 9.330198e-01 Validation accuracy: 9.330000e-01 Loss 8.751611e-03 Time taken: 0:09:39.619356
Epoch: 97/100 Train accuracy: 9.312384e-01 Validation accuracy: 9.310000e-01 Loss 8.756695e-03 Time taken: 0:09:39.609882
Epoch: 98/100 Train accuracy: 9.340174e-01 Validation accuracy: 9.310000e-01 Loss 8.741343e-03 Time taken: 0:09:39.825358
Epoch: 99/100 Train accuracy: 9.345162e-01 Validation accuracy: 9.313333e-01 Loss 8.740919e-03 Time taken: 0:09:39.410961
Epoch: 100/100 Train accuracy: 9.338749e-01 Validation accuracy: 9.323333e-01 Loss 8.741452e-03 Time taken: 0:09:39.493652
Total time taken 16:37:33.324979
Done
