nohup: ignoring input
INFO:root:VisionTransformer(
  (patch_embed): PatchEmbed(
    (proj): Conv2d(3, 1408, kernel_size=(16, 16), stride=(16, 16))
  )
  (blocks): ModuleList(
    (0-39): 40 x Block(
      (norm1): LayerNorm((1408,), eps=1e-06, elementwise_affine=True)
      (attn): Attention(
        (qkv): Linear(in_features=1408, out_features=4224, bias=True)
        (attn_drop): Dropout(p=0.0, inplace=False)
        (proj): Linear(in_features=1408, out_features=1408, bias=True)
        (proj_drop): Dropout(p=0.0, inplace=False)
      )
      (drop_path): Identity()
      (norm2): LayerNorm((1408,), eps=1e-06, elementwise_affine=True)
      (mlp): MLP(
        (fc1): Linear(in_features=1408, out_features=6144, bias=True)
        (act): GELU(approximate='none')
        (fc2): Linear(in_features=6144, out_features=1408, bias=True)
        (drop): Dropout(p=0.0, inplace=False)
      )
    )
  )
  (norm): LayerNorm((1408,), eps=1e-06, elementwise_affine=True)
)
Epoch: 1/100 Train accuracy: 6.707995e-01 Validation accuracy: 8.730000e-01 Loss 1.199463e-02 Time taken: 0:11:21.285722
Epoch: 2/100 Train accuracy: 8.837822e-01 Validation accuracy: 9.023333e-01 Loss 9.936217e-03 Time taken: 0:11:25.067937
Epoch: 3/100 Train accuracy: 8.995297e-01 Validation accuracy: 9.090000e-01 Loss 9.448560e-03 Time taken: 0:11:22.763855
Epoch: 4/100 Train accuracy: 9.081516e-01 Validation accuracy: 9.156667e-01 Loss 9.251313e-03 Time taken: 0:11:22.647340
Epoch: 5/100 Train accuracy: 9.124982e-01 Validation accuracy: 9.223333e-01 Loss 9.140525e-03 Time taken: 0:11:22.661796
Epoch: 6/100 Train accuracy: 9.173436e-01 Validation accuracy: 9.253333e-01 Loss 9.060706e-03 Time taken: 0:11:22.561750
Epoch: 7/100 Train accuracy: 9.188400e-01 Validation accuracy: 9.263333e-01 Loss 9.018478e-03 Time taken: 0:11:22.281286
Epoch: 8/100 Train accuracy: 9.203363e-01 Validation accuracy: 9.266667e-01 Loss 8.979226e-03 Time taken: 0:11:22.489667
Epoch: 9/100 Train accuracy: 9.214052e-01 Validation accuracy: 9.276667e-01 Loss 8.947262e-03 Time taken: 0:11:22.632843
Epoch: 10/100 Train accuracy: 9.234716e-01 Validation accuracy: 9.300000e-01 Loss 8.923784e-03 Time taken: 0:11:22.479184
Epoch: 11/100 Train accuracy: 9.262505e-01 Validation accuracy: 9.320000e-01 Loss 8.900496e-03 Time taken: 0:11:22.534341
Epoch: 12/100 Train accuracy: 9.270343e-01 Validation accuracy: 9.316667e-01 Loss 8.881475e-03 Time taken: 0:11:22.325086
Epoch: 13/100 Train accuracy: 9.273906e-01 Validation accuracy: 9.323333e-01 Loss 8.860760e-03 Time taken: 0:11:22.352991
Epoch: 14/100 Train accuracy: 9.274619e-01 Validation accuracy: 9.320000e-01 Loss 8.853992e-03 Time taken: 0:11:22.391731
Epoch: 15/100 Train accuracy: 9.277469e-01 Validation accuracy: 9.326667e-01 Loss 8.842575e-03 Time taken: 0:11:22.645619
Epoch: 16/100 Train accuracy: 9.295995e-01 Validation accuracy: 9.326667e-01 Loss 8.826565e-03 Time taken: 0:11:22.741894
Epoch: 17/100 Train accuracy: 9.316660e-01 Validation accuracy: 9.326667e-01 Loss 8.814005e-03 Time taken: 0:11:22.873215
Epoch: 18/100 Train accuracy: 9.305971e-01 Validation accuracy: 9.333333e-01 Loss 8.810390e-03 Time taken: 0:11:22.826923
Epoch: 19/100 Train accuracy: 9.318797e-01 Validation accuracy: 9.333333e-01 Loss 8.798966e-03 Time taken: 0:11:22.678335
Epoch: 20/100 Train accuracy: 9.311672e-01 Validation accuracy: 9.353333e-01 Loss 8.796902e-03 Time taken: 0:11:22.485603
Epoch: 21/100 Train accuracy: 9.313809e-01 Validation accuracy: 9.353333e-01 Loss 8.791367e-03 Time taken: 0:11:22.414808
Epoch: 22/100 Train accuracy: 9.329486e-01 Validation accuracy: 9.356667e-01 Loss 8.782326e-03 Time taken: 0:11:22.541177
Epoch: 23/100 Train accuracy: 9.310959e-01 Validation accuracy: 9.366667e-01 Loss 8.779690e-03 Time taken: 0:11:22.700961
Epoch: 24/100 Train accuracy: 9.334473e-01 Validation accuracy: 9.370000e-01 Loss 8.771384e-03 Time taken: 0:11:22.409186
Epoch: 25/100 Train accuracy: 9.337324e-01 Validation accuracy: 9.366667e-01 Loss 8.761931e-03 Time taken: 0:11:22.199360
Epoch: 26/100 Train accuracy: 9.349437e-01 Validation accuracy: 9.376667e-01 Loss 8.758124e-03 Time taken: 0:11:22.363651
Epoch: 27/100 Train accuracy: 9.341599e-01 Validation accuracy: 9.370000e-01 Loss 8.759842e-03 Time taken: 0:11:22.442211
Epoch: 28/100 Train accuracy: 9.355850e-01 Validation accuracy: 9.373333e-01 Loss 8.745329e-03 Time taken: 0:11:22.343441
Epoch: 29/100 Train accuracy: 9.361551e-01 Validation accuracy: 9.376667e-01 Loss 8.738685e-03 Time taken: 0:11:21.222451
Epoch: 30/100 Train accuracy: 9.365113e-01 Validation accuracy: 9.383333e-01 Loss 8.737493e-03 Time taken: 0:11:21.447402
Epoch: 31/100 Train accuracy: 9.382927e-01 Validation accuracy: 9.376667e-01 Loss 8.735265e-03 Time taken: 0:11:21.903220
Epoch: 32/100 Train accuracy: 9.369389e-01 Validation accuracy: 9.393333e-01 Loss 8.735941e-03 Time taken: 0:11:21.697305
Epoch: 33/100 Train accuracy: 9.380077e-01 Validation accuracy: 9.383333e-01 Loss 8.730546e-03 Time taken: 0:11:21.888052
Epoch: 34/100 Train accuracy: 9.364401e-01 Validation accuracy: 9.386667e-01 Loss 8.727892e-03 Time taken: 0:11:22.129223
Epoch: 35/100 Train accuracy: 9.369389e-01 Validation accuracy: 9.376667e-01 Loss 8.721834e-03 Time taken: 0:11:22.024130
Epoch: 36/100 Train accuracy: 9.375089e-01 Validation accuracy: 9.390000e-01 Loss 8.723252e-03 Time taken: 0:11:22.154530
Epoch: 37/100 Train accuracy: 9.389340e-01 Validation accuracy: 9.403333e-01 Loss 8.716298e-03 Time taken: 0:11:22.085552
Epoch: 38/100 Train accuracy: 9.362976e-01 Validation accuracy: 9.396667e-01 Loss 8.720895e-03 Time taken: 0:11:21.910101
Epoch: 39/100 Train accuracy: 9.390765e-01 Validation accuracy: 9.400000e-01 Loss 8.710422e-03 Time taken: 0:11:21.528743
Epoch: 40/100 Train accuracy: 9.387915e-01 Validation accuracy: 9.396667e-01 Loss 8.704478e-03 Time taken: 0:11:21.447543
Epoch: 41/100 Train accuracy: 9.403591e-01 Validation accuracy: 9.386667e-01 Loss 8.704112e-03 Time taken: 0:11:21.466423
Epoch: 42/100 Train accuracy: 9.392190e-01 Validation accuracy: 9.396667e-01 Loss 8.705765e-03 Time taken: 0:11:21.440683
Epoch: 43/100 Train accuracy: 9.403591e-01 Validation accuracy: 9.400000e-01 Loss 8.696641e-03 Time taken: 0:11:21.191262
Epoch: 44/100 Train accuracy: 9.405016e-01 Validation accuracy: 9.396667e-01 Loss 8.693496e-03 Time taken: 0:11:22.003833
Epoch: 45/100 Train accuracy: 9.408579e-01 Validation accuracy: 9.386667e-01 Loss 8.694437e-03 Time taken: 0:11:21.692303
Epoch: 46/100 Train accuracy: 9.387203e-01 Validation accuracy: 9.400000e-01 Loss 8.697908e-03 Time taken: 0:11:21.829846
Epoch: 47/100 Train accuracy: 9.396466e-01 Validation accuracy: 9.416667e-01 Loss 8.694297e-03 Time taken: 0:11:21.762437
Epoch: 48/100 Train accuracy: 9.422830e-01 Validation accuracy: 9.393333e-01 Loss 8.687669e-03 Time taken: 0:11:22.014930
Epoch: 49/100 Train accuracy: 9.389340e-01 Validation accuracy: 9.410000e-01 Loss 8.697859e-03 Time taken: 0:11:22.017152
Epoch: 50/100 Train accuracy: 9.407867e-01 Validation accuracy: 9.406667e-01 Loss 8.689072e-03 Time taken: 0:11:22.259190
Epoch: 51/100 Train accuracy: 9.397178e-01 Validation accuracy: 9.406667e-01 Loss 8.690489e-03 Time taken: 0:11:22.144868
Epoch: 52/100 Train accuracy: 9.405729e-01 Validation accuracy: 9.396667e-01 Loss 8.682575e-03 Time taken: 0:11:22.329784
Epoch: 53/100 Train accuracy: 9.400029e-01 Validation accuracy: 9.403333e-01 Loss 8.694605e-03 Time taken: 0:11:22.053343
Epoch: 54/100 Train accuracy: 9.419980e-01 Validation accuracy: 9.400000e-01 Loss 8.678585e-03 Time taken: 0:11:22.185398
Epoch: 55/100 Train accuracy: 9.419980e-01 Validation accuracy: 9.406667e-01 Loss 8.684577e-03 Time taken: 0:11:22.301636
Epoch: 56/100 Train accuracy: 9.418555e-01 Validation accuracy: 9.420000e-01 Loss 8.679826e-03 Time taken: 0:11:22.433757
Epoch: 57/100 Train accuracy: 9.410717e-01 Validation accuracy: 9.410000e-01 Loss 8.682489e-03 Time taken: 0:11:22.548792
Epoch: 58/100 Train accuracy: 9.421405e-01 Validation accuracy: 9.413333e-01 Loss 8.678979e-03 Time taken: 0:11:22.759016
Epoch: 59/100 Train accuracy: 9.409292e-01 Validation accuracy: 9.420000e-01 Loss 8.678607e-03 Time taken: 0:11:22.934996
Epoch: 60/100 Train accuracy: 9.427106e-01 Validation accuracy: 9.416667e-01 Loss 8.673370e-03 Time taken: 0:11:22.591595
Epoch: 61/100 Train accuracy: 9.423543e-01 Validation accuracy: 9.406667e-01 Loss 8.672838e-03 Time taken: 0:11:22.768251
Epoch: 62/100 Train accuracy: 9.417842e-01 Validation accuracy: 9.423333e-01 Loss 8.675465e-03 Time taken: 0:11:22.512538
Epoch: 63/100 Train accuracy: 9.437794e-01 Validation accuracy: 9.410000e-01 Loss 8.665959e-03 Time taken: 0:11:22.622876
Epoch: 64/100 Train accuracy: 9.419267e-01 Validation accuracy: 9.423333e-01 Loss 8.668267e-03 Time taken: 0:11:22.503448
Epoch: 65/100 Train accuracy: 9.420693e-01 Validation accuracy: 9.420000e-01 Loss 8.667299e-03 Time taken: 0:11:22.331693
Epoch: 66/100 Train accuracy: 9.434231e-01 Validation accuracy: 9.430000e-01 Loss 8.667592e-03 Time taken: 0:11:22.635633
Epoch: 67/100 Train accuracy: 9.434944e-01 Validation accuracy: 9.416667e-01 Loss 8.659150e-03 Time taken: 0:11:22.511833
Epoch: 68/100 Train accuracy: 9.438506e-01 Validation accuracy: 9.410000e-01 Loss 8.661585e-03 Time taken: 0:11:22.859547
Epoch: 69/100 Train accuracy: 9.422830e-01 Validation accuracy: 9.416667e-01 Loss 8.663636e-03 Time taken: 0:11:22.810558
Epoch: 70/100 Train accuracy: 9.452758e-01 Validation accuracy: 9.403333e-01 Loss 8.657028e-03 Time taken: 0:11:22.646955
Epoch: 71/100 Train accuracy: 9.433519e-01 Validation accuracy: 9.406667e-01 Loss 8.656882e-03 Time taken: 0:11:22.252422
Epoch: 72/100 Train accuracy: 9.443494e-01 Validation accuracy: 9.413333e-01 Loss 8.657961e-03 Time taken: 0:11:22.346225
Epoch: 73/100 Train accuracy: 9.436369e-01 Validation accuracy: 9.406667e-01 Loss 8.657620e-03 Time taken: 0:11:22.652878
Epoch: 74/100 Train accuracy: 9.430668e-01 Validation accuracy: 9.420000e-01 Loss 8.658363e-03 Time taken: 0:11:22.575318
Epoch: 75/100 Train accuracy: 9.427818e-01 Validation accuracy: 9.410000e-01 Loss 8.658845e-03 Time taken: 0:11:22.515189
Epoch: 76/100 Train accuracy: 9.427106e-01 Validation accuracy: 9.410000e-01 Loss 8.658912e-03 Time taken: 0:11:22.850153
Epoch: 77/100 Train accuracy: 9.442069e-01 Validation accuracy: 9.420000e-01 Loss 8.655155e-03 Time taken: 0:11:22.632959
Epoch: 78/100 Train accuracy: 9.451332e-01 Validation accuracy: 9.406667e-01 Loss 8.644108e-03 Time taken: 0:11:22.766729
Epoch: 79/100 Train accuracy: 9.439219e-01 Validation accuracy: 9.416667e-01 Loss 8.655547e-03 Time taken: 0:11:22.612936
Epoch: 80/100 Train accuracy: 9.459883e-01 Validation accuracy: 9.403333e-01 Loss 8.648009e-03 Time taken: 0:11:22.998312
Epoch: 81/100 Train accuracy: 9.444207e-01 Validation accuracy: 9.416667e-01 Loss 8.651599e-03 Time taken: 0:11:22.954742
Epoch: 82/100 Train accuracy: 9.445632e-01 Validation accuracy: 9.410000e-01 Loss 8.651671e-03 Time taken: 0:11:22.417641
Epoch: 83/100 Train accuracy: 9.437794e-01 Validation accuracy: 9.400000e-01 Loss 8.653559e-03 Time taken: 0:11:22.764463
Epoch: 84/100 Train accuracy: 9.447057e-01 Validation accuracy: 9.413333e-01 Loss 8.645025e-03 Time taken: 0:11:22.680523
Epoch: 85/100 Train accuracy: 9.446345e-01 Validation accuracy: 9.416667e-01 Loss 8.646054e-03 Time taken: 0:11:23.062959
Epoch: 86/100 Train accuracy: 9.454183e-01 Validation accuracy: 9.406667e-01 Loss 8.644111e-03 Time taken: 0:11:22.771570
Epoch: 87/100 Train accuracy: 9.437794e-01 Validation accuracy: 9.400000e-01 Loss 8.648189e-03 Time taken: 0:11:23.022424
Epoch: 88/100 Train accuracy: 9.454183e-01 Validation accuracy: 9.410000e-01 Loss 8.645734e-03 Time taken: 0:11:22.579829
Epoch: 89/100 Train accuracy: 9.451332e-01 Validation accuracy: 9.410000e-01 Loss 8.645943e-03 Time taken: 0:11:23.005723
Epoch: 90/100 Train accuracy: 9.458458e-01 Validation accuracy: 9.410000e-01 Loss 8.641332e-03 Time taken: 0:11:22.790774
Epoch: 91/100 Train accuracy: 9.451332e-01 Validation accuracy: 9.420000e-01 Loss 8.641734e-03 Time taken: 0:11:22.982049
Epoch: 92/100 Train accuracy: 9.454895e-01 Validation accuracy: 9.406667e-01 Loss 8.642822e-03 Time taken: 0:11:22.910754
Epoch: 93/100 Train accuracy: 9.466296e-01 Validation accuracy: 9.416667e-01 Loss 8.638759e-03 Time taken: 0:11:23.322680
Epoch: 94/100 Train accuracy: 9.441357e-01 Validation accuracy: 9.406667e-01 Loss 8.644370e-03 Time taken: 0:11:22.324102
Epoch: 95/100 Train accuracy: 9.454183e-01 Validation accuracy: 9.406667e-01 Loss 8.642416e-03 Time taken: 0:11:22.014258
Epoch: 96/100 Train accuracy: 9.450620e-01 Validation accuracy: 9.413333e-01 Loss 8.639428e-03 Time taken: 0:11:22.013285
Epoch: 97/100 Train accuracy: 9.468434e-01 Validation accuracy: 9.423333e-01 Loss 8.632102e-03 Time taken: 0:11:21.916611
Epoch: 98/100 Train accuracy: 9.464158e-01 Validation accuracy: 9.403333e-01 Loss 8.631126e-03 Time taken: 0:11:21.914502
Epoch: 99/100 Train accuracy: 9.452045e-01 Validation accuracy: 9.400000e-01 Loss 8.637795e-03 Time taken: 0:11:21.971177
Epoch: 100/100 Train accuracy: 9.462733e-01 Validation accuracy: 9.406667e-01 Loss 8.635806e-03 Time taken: 0:11:21.658597
Total time taken 19:50:32.623917
Done
