nohup: ignoring input
INFO:root:VisionTransformer(
  (patch_embed): PatchEmbed(
    (proj): Conv2d(3, 768, kernel_size=(15, 15), stride=(15, 15))
  )
  (blocks): ModuleList(
    (0-11): 12 x Block(
      (norm1): LayerNorm((768,), eps=1e-06, elementwise_affine=True)
      (attn): Attention(
        (qkv): Linear(in_features=768, out_features=2304, bias=True)
        (attn_drop): Dropout(p=0.0, inplace=False)
        (proj): Linear(in_features=768, out_features=768, bias=True)
        (proj_drop): Dropout(p=0.0, inplace=False)
      )
      (drop_path): Identity()
      (norm2): LayerNorm((768,), eps=1e-06, elementwise_affine=True)
      (mlp): MLP(
        (fc1): Linear(in_features=768, out_features=3072, bias=True)
        (act): GELU(approximate='none')
        (fc2): Linear(in_features=3072, out_features=768, bias=True)
        (drop): Dropout(p=0.0, inplace=False)
      )
    )
  )
  (norm): LayerNorm((768,), eps=1e-06, elementwise_affine=True)
)
Epoch: 1/100 Train accuracy: 2.880861e-01 Validation accuracy: 4.226667e-01 Loss 1.378072e-02 Time taken: 0:00:51.534142
Epoch: 2/100 Train accuracy: 4.488385e-01 Validation accuracy: 5.243333e-01 Loss 1.324784e-02 Time taken: 0:00:49.967127
Epoch: 3/100 Train accuracy: 5.221605e-01 Validation accuracy: 5.603333e-01 Loss 1.281606e-02 Time taken: 0:00:50.628332
Epoch: 4/100 Train accuracy: 5.500926e-01 Validation accuracy: 5.900000e-01 Loss 1.251682e-02 Time taken: 0:00:51.077335
Epoch: 5/100 Train accuracy: 5.781673e-01 Validation accuracy: 6.113333e-01 Loss 1.228522e-02 Time taken: 0:00:50.815851
Epoch: 6/100 Train accuracy: 6.043893e-01 Validation accuracy: 6.270000e-01 Loss 1.209481e-02 Time taken: 0:00:51.066994
Epoch: 7/100 Train accuracy: 6.244121e-01 Validation accuracy: 6.386667e-01 Loss 1.193432e-02 Time taken: 0:00:50.879628
Epoch: 8/100 Train accuracy: 6.346729e-01 Validation accuracy: 6.473333e-01 Loss 1.180396e-02 Time taken: 0:00:50.838001
Epoch: 9/100 Train accuracy: 6.434374e-01 Validation accuracy: 6.580000e-01 Loss 1.169128e-02 Time taken: 0:00:51.006085
Epoch: 10/100 Train accuracy: 6.539832e-01 Validation accuracy: 6.626667e-01 Loss 1.160100e-02 Time taken: 0:00:50.818711
Epoch: 11/100 Train accuracy: 6.577597e-01 Validation accuracy: 6.663333e-01 Loss 1.150974e-02 Time taken: 0:00:51.149246
Epoch: 12/100 Train accuracy: 6.603962e-01 Validation accuracy: 6.670000e-01 Loss 1.144544e-02 Time taken: 0:00:51.269019
Epoch: 13/100 Train accuracy: 6.632464e-01 Validation accuracy: 6.713333e-01 Loss 1.138691e-02 Time taken: 0:00:51.149575
Epoch: 14/100 Train accuracy: 6.689468e-01 Validation accuracy: 6.716667e-01 Loss 1.133628e-02 Time taken: 0:00:50.577068
Epoch: 15/100 Train accuracy: 6.705857e-01 Validation accuracy: 6.743333e-01 Loss 1.129117e-02 Time taken: 0:00:51.667393
Epoch: 16/100 Train accuracy: 6.729372e-01 Validation accuracy: 6.736667e-01 Loss 1.124246e-02 Time taken: 0:00:50.986703
Epoch: 17/100 Train accuracy: 6.737210e-01 Validation accuracy: 6.766667e-01 Loss 1.120305e-02 Time taken: 0:00:50.382380
Epoch: 18/100 Train accuracy: 6.787801e-01 Validation accuracy: 6.763333e-01 Loss 1.116504e-02 Time taken: 0:00:50.946462
Epoch: 19/100 Train accuracy: 6.781388e-01 Validation accuracy: 6.813333e-01 Loss 1.112831e-02 Time taken: 0:00:50.958529
Epoch: 20/100 Train accuracy: 6.780676e-01 Validation accuracy: 6.796667e-01 Loss 1.111040e-02 Time taken: 0:00:51.466554
Epoch: 21/100 Train accuracy: 6.818441e-01 Validation accuracy: 6.820000e-01 Loss 1.107327e-02 Time taken: 0:00:51.307784
Epoch: 22/100 Train accuracy: 6.876870e-01 Validation accuracy: 6.850000e-01 Loss 1.104333e-02 Time taken: 0:00:51.262822
Epoch: 23/100 Train accuracy: 6.841243e-01 Validation accuracy: 6.850000e-01 Loss 1.102459e-02 Time taken: 0:00:51.435727
Epoch: 24/100 Train accuracy: 6.878296e-01 Validation accuracy: 6.870000e-01 Loss 1.100016e-02 Time taken: 0:00:50.020275
Epoch: 25/100 Train accuracy: 6.882571e-01 Validation accuracy: 6.903333e-01 Loss 1.098653e-02 Time taken: 0:00:50.699708
Epoch: 26/100 Train accuracy: 6.864757e-01 Validation accuracy: 6.913333e-01 Loss 1.096672e-02 Time taken: 0:00:50.900440
Epoch: 27/100 Train accuracy: 6.937438e-01 Validation accuracy: 6.903333e-01 Loss 1.093391e-02 Time taken: 0:00:50.479273
Epoch: 28/100 Train accuracy: 6.955252e-01 Validation accuracy: 6.943333e-01 Loss 1.092717e-02 Time taken: 0:00:48.963037
Epoch: 29/100 Train accuracy: 6.959527e-01 Validation accuracy: 6.940000e-01 Loss 1.090127e-02 Time taken: 0:00:46.079885
Epoch: 30/100 Train accuracy: 6.963802e-01 Validation accuracy: 6.940000e-01 Loss 1.088338e-02 Time taken: 0:00:46.064931
Epoch: 31/100 Train accuracy: 7.006556e-01 Validation accuracy: 6.943333e-01 Loss 1.086681e-02 Time taken: 0:00:46.096886
Epoch: 32/100 Train accuracy: 6.970928e-01 Validation accuracy: 6.960000e-01 Loss 1.085946e-02 Time taken: 0:00:46.069620
Epoch: 33/100 Train accuracy: 7.010118e-01 Validation accuracy: 6.983333e-01 Loss 1.084993e-02 Time taken: 0:00:46.138239
Epoch: 34/100 Train accuracy: 7.007268e-01 Validation accuracy: 7.003333e-01 Loss 1.081680e-02 Time taken: 0:00:46.150712
Epoch: 35/100 Train accuracy: 7.017244e-01 Validation accuracy: 7.010000e-01 Loss 1.081503e-02 Time taken: 0:00:46.345288
Epoch: 36/100 Train accuracy: 7.022232e-01 Validation accuracy: 7.003333e-01 Loss 1.080065e-02 Time taken: 0:00:46.462400
Epoch: 37/100 Train accuracy: 7.015106e-01 Validation accuracy: 7.016667e-01 Loss 1.078743e-02 Time taken: 0:00:46.087515
Epoch: 38/100 Train accuracy: 7.039333e-01 Validation accuracy: 7.020000e-01 Loss 1.078353e-02 Time taken: 0:00:46.098598
Epoch: 39/100 Train accuracy: 7.052872e-01 Validation accuracy: 7.043333e-01 Loss 1.076369e-02 Time taken: 0:00:46.080824
Epoch: 40/100 Train accuracy: 7.060710e-01 Validation accuracy: 7.050000e-01 Loss 1.075680e-02 Time taken: 0:00:46.131477
Epoch: 41/100 Train accuracy: 7.052872e-01 Validation accuracy: 7.053333e-01 Loss 1.073971e-02 Time taken: 0:00:46.171718
Epoch: 42/100 Train accuracy: 7.059285e-01 Validation accuracy: 7.046667e-01 Loss 1.073349e-02 Time taken: 0:00:46.072371
Epoch: 43/100 Train accuracy: 7.087074e-01 Validation accuracy: 7.053333e-01 Loss 1.072257e-02 Time taken: 0:00:46.044874
Epoch: 44/100 Train accuracy: 7.104888e-01 Validation accuracy: 7.076667e-01 Loss 1.070891e-02 Time taken: 0:00:46.058872
Epoch: 45/100 Train accuracy: 7.094200e-01 Validation accuracy: 7.060000e-01 Loss 1.070969e-02 Time taken: 0:00:46.029533
Epoch: 46/100 Train accuracy: 7.158330e-01 Validation accuracy: 7.066667e-01 Loss 1.068930e-02 Time taken: 0:00:46.087718
Epoch: 47/100 Train accuracy: 7.094912e-01 Validation accuracy: 7.096667e-01 Loss 1.069124e-02 Time taken: 0:00:46.345830
Epoch: 48/100 Train accuracy: 7.150492e-01 Validation accuracy: 7.066667e-01 Loss 1.066205e-02 Time taken: 0:00:46.332551
Epoch: 49/100 Train accuracy: 7.140516e-01 Validation accuracy: 7.100000e-01 Loss 1.067053e-02 Time taken: 0:00:46.305795
Epoch: 50/100 Train accuracy: 7.117714e-01 Validation accuracy: 7.096667e-01 Loss 1.067143e-02 Time taken: 0:00:46.329207
Epoch: 51/100 Train accuracy: 7.165455e-01 Validation accuracy: 7.096667e-01 Loss 1.065344e-02 Time taken: 0:00:46.257325
Epoch: 52/100 Train accuracy: 7.147641e-01 Validation accuracy: 7.106667e-01 Loss 1.065226e-02 Time taken: 0:00:46.270586
Epoch: 53/100 Train accuracy: 7.115576e-01 Validation accuracy: 7.110000e-01 Loss 1.065663e-02 Time taken: 0:00:46.352047
Epoch: 54/100 Train accuracy: 7.187545e-01 Validation accuracy: 7.123333e-01 Loss 1.062744e-02 Time taken: 0:00:46.257161
Epoch: 55/100 Train accuracy: 7.180419e-01 Validation accuracy: 7.126667e-01 Loss 1.062134e-02 Time taken: 0:00:46.290986
Epoch: 56/100 Train accuracy: 7.192532e-01 Validation accuracy: 7.130000e-01 Loss 1.061306e-02 Time taken: 0:00:46.232152
Epoch: 57/100 Train accuracy: 7.196095e-01 Validation accuracy: 7.143333e-01 Loss 1.059556e-02 Time taken: 0:00:46.359184
Epoch: 58/100 Train accuracy: 7.228160e-01 Validation accuracy: 7.136667e-01 Loss 1.059339e-02 Time taken: 0:00:46.374589
Epoch: 59/100 Train accuracy: 7.228160e-01 Validation accuracy: 7.143333e-01 Loss 1.059151e-02 Time taken: 0:00:46.233834
Epoch: 60/100 Train accuracy: 7.193958e-01 Validation accuracy: 7.163333e-01 Loss 1.058538e-02 Time taken: 0:00:46.248570
Epoch: 61/100 Train accuracy: 7.233148e-01 Validation accuracy: 7.160000e-01 Loss 1.057420e-02 Time taken: 0:00:46.346489
Epoch: 62/100 Train accuracy: 7.210346e-01 Validation accuracy: 7.173333e-01 Loss 1.058263e-02 Time taken: 0:00:46.383672
Epoch: 63/100 Train accuracy: 7.201083e-01 Validation accuracy: 7.186667e-01 Loss 1.058257e-02 Time taken: 0:00:46.331437
Epoch: 64/100 Train accuracy: 7.208209e-01 Validation accuracy: 7.183333e-01 Loss 1.056961e-02 Time taken: 0:00:46.028249
Epoch: 65/100 Train accuracy: 7.238136e-01 Validation accuracy: 7.170000e-01 Loss 1.055994e-02 Time taken: 0:00:46.089464
Epoch: 66/100 Train accuracy: 7.235286e-01 Validation accuracy: 7.183333e-01 Loss 1.055520e-02 Time taken: 0:00:46.086290
Epoch: 67/100 Train accuracy: 7.237423e-01 Validation accuracy: 7.196667e-01 Loss 1.054756e-02 Time taken: 0:00:46.101451
Epoch: 68/100 Train accuracy: 7.253100e-01 Validation accuracy: 7.183333e-01 Loss 1.054875e-02 Time taken: 0:00:46.063116
Epoch: 69/100 Train accuracy: 7.247399e-01 Validation accuracy: 7.193333e-01 Loss 1.053946e-02 Time taken: 0:00:46.112583
Epoch: 70/100 Train accuracy: 7.229585e-01 Validation accuracy: 7.213333e-01 Loss 1.053769e-02 Time taken: 0:00:46.061888
Epoch: 71/100 Train accuracy: 7.248112e-01 Validation accuracy: 7.226667e-01 Loss 1.052633e-02 Time taken: 0:00:46.155381
Epoch: 72/100 Train accuracy: 7.262363e-01 Validation accuracy: 7.203333e-01 Loss 1.051950e-02 Time taken: 0:00:46.205524
Epoch: 73/100 Train accuracy: 7.243124e-01 Validation accuracy: 7.223333e-01 Loss 1.053266e-02 Time taken: 0:00:46.414321
Epoch: 74/100 Train accuracy: 7.238849e-01 Validation accuracy: 7.260000e-01 Loss 1.052727e-02 Time taken: 0:00:46.062681
Epoch: 75/100 Train accuracy: 7.255950e-01 Validation accuracy: 7.226667e-01 Loss 1.051359e-02 Time taken: 0:00:46.105774
Epoch: 76/100 Train accuracy: 7.290865e-01 Validation accuracy: 7.240000e-01 Loss 1.051104e-02 Time taken: 0:00:46.318946
Epoch: 77/100 Train accuracy: 7.255237e-01 Validation accuracy: 7.220000e-01 Loss 1.051170e-02 Time taken: 0:00:46.193467
Epoch: 78/100 Train accuracy: 7.288015e-01 Validation accuracy: 7.233333e-01 Loss 1.048835e-02 Time taken: 0:00:46.119602
Epoch: 79/100 Train accuracy: 7.280177e-01 Validation accuracy: 7.250000e-01 Loss 1.049347e-02 Time taken: 0:00:46.041070
Epoch: 80/100 Train accuracy: 7.283739e-01 Validation accuracy: 7.246667e-01 Loss 1.048398e-02 Time taken: 0:00:46.033596
Epoch: 81/100 Train accuracy: 7.296565e-01 Validation accuracy: 7.253333e-01 Loss 1.049233e-02 Time taken: 0:00:46.060495
Epoch: 82/100 Train accuracy: 7.253812e-01 Validation accuracy: 7.273333e-01 Loss 1.049125e-02 Time taken: 0:00:45.980888
Epoch: 83/100 Train accuracy: 7.313667e-01 Validation accuracy: 7.256667e-01 Loss 1.047954e-02 Time taken: 0:00:46.027614
Epoch: 84/100 Train accuracy: 7.307966e-01 Validation accuracy: 7.280000e-01 Loss 1.047562e-02 Time taken: 0:00:46.150805
Epoch: 85/100 Train accuracy: 7.283739e-01 Validation accuracy: 7.286667e-01 Loss 1.048164e-02 Time taken: 0:00:46.166219
Epoch: 86/100 Train accuracy: 7.277326e-01 Validation accuracy: 7.286667e-01 Loss 1.047452e-02 Time taken: 0:00:46.161102
Epoch: 87/100 Train accuracy: 7.320792e-01 Validation accuracy: 7.273333e-01 Loss 1.046562e-02 Time taken: 0:00:46.222751
Epoch: 88/100 Train accuracy: 7.325068e-01 Validation accuracy: 7.273333e-01 Loss 1.046440e-02 Time taken: 0:00:46.227539
Epoch: 89/100 Train accuracy: 7.338606e-01 Validation accuracy: 7.290000e-01 Loss 1.045485e-02 Time taken: 0:00:46.236387
Epoch: 90/100 Train accuracy: 7.336469e-01 Validation accuracy: 7.330000e-01 Loss 1.044973e-02 Time taken: 0:00:46.266174
Epoch: 91/100 Train accuracy: 7.312242e-01 Validation accuracy: 7.310000e-01 Loss 1.046334e-02 Time taken: 0:00:46.199303
Epoch: 92/100 Train accuracy: 7.319367e-01 Validation accuracy: 7.320000e-01 Loss 1.045755e-02 Time taken: 0:00:46.184350
Epoch: 93/100 Train accuracy: 7.328630e-01 Validation accuracy: 7.326667e-01 Loss 1.044117e-02 Time taken: 0:00:46.193035
Epoch: 94/100 Train accuracy: 7.325068e-01 Validation accuracy: 7.316667e-01 Loss 1.044100e-02 Time taken: 0:00:46.203356
Epoch: 95/100 Train accuracy: 7.330056e-01 Validation accuracy: 7.356667e-01 Loss 1.042524e-02 Time taken: 0:00:46.226151
Epoch: 96/100 Train accuracy: 7.298703e-01 Validation accuracy: 7.330000e-01 Loss 1.044693e-02 Time taken: 0:00:46.216570
Epoch: 97/100 Train accuracy: 7.299416e-01 Validation accuracy: 7.350000e-01 Loss 1.043526e-02 Time taken: 0:00:46.290801
Epoch: 98/100 Train accuracy: 7.302266e-01 Validation accuracy: 7.326667e-01 Loss 1.044570e-02 Time taken: 0:00:46.290409
Epoch: 99/100 Train accuracy: 7.367108e-01 Validation accuracy: 7.350000e-01 Loss 1.042406e-02 Time taken: 0:00:46.247096
Epoch: 100/100 Train accuracy: 7.348582e-01 Validation accuracy: 7.366667e-01 Loss 1.043034e-02 Time taken: 0:00:46.278082
Total time taken 1:23:50.596576
Done
