INFO:root:called-params cls_configs/cls-in100-cifar10-multi-pkt.yaml
INFO:root:loaded params....
{   'data': {   'batch_size': 128,
                'crop_size': 224,
                'model_name': 'vit_base',
                'num_classes': 10,
                'patch_size': 16,
                'probe_checkpoints': True,
                'probe_prefix': 'jepa-in100',
                'train_dataset_path': 'datasets/imagenet100/train',
                'val_dataset_path': 'datasets/imagenet100/val'},
    'logging': {   'checkpoint_freq': 1000,
                   'eval_output': 'ocls-jepa-in100-l2-pkt-chunks-seed2.out',
                   'log_dir': 'logs_IN100/in100-vitb16-l2-pkt-chunks-ep300',
                   'log_file': 'in100-stats-l2-pkt-chunks-seed2.csv',
                   'save_path': 'classifiers/jepa-in100-l2-seed2-classifier-pretrained-vitb'},
    'message': 'Multi classification back to back',
    'meta': {'device': 'cuda:0'},
    'multi_probing': ['logs_IN100/in100-vitb16-l2-pkt-chunks-ep300'],
    'optimization': {   'epochs': 200,
                        'lr': 0.001,
                        'use_last_n_blocks': 1,
                        'use_normalization': False}}
INFO:root:working on file logs_IN100/in100-vitb16-l2-pkt-chunks-ep300/jepa-in100-ep150.pth.tar ...
Directory logs_IN100/in100-vitb16-l2-pkt-chunks-ep300/classifiers for saving the classifiers is now present
VisionTransformer(
  (patch_embed): PatchEmbed(
    (proj): Conv2d(3, 768, kernel_size=(16, 16), stride=(16, 16))
  )
  (blocks): ModuleList(
    (0-11): 12 x Block(
      (norm1): LayerNorm((768,), eps=1e-06, elementwise_affine=True)
      (attn): Attention(
        (qkv): Linear(in_features=768, out_features=2304, bias=True)
        (attn_drop): Dropout(p=0.0, inplace=False)
        (proj): Linear(in_features=768, out_features=768, bias=True)
        (proj_drop): Dropout(p=0.0, inplace=False)
      )
      (drop_path): Identity()
      (norm2): LayerNorm((768,), eps=1e-06, elementwise_affine=True)
      (mlp): MLP(
        (fc1): Linear(in_features=768, out_features=3072, bias=True)
        (act): GELU(approximate='none')
        (fc2): Linear(in_features=3072, out_features=768, bias=True)
        (drop): Dropout(p=0.0, inplace=False)
      )
    )
  )
  (norm): LayerNorm((768,), eps=1e-06, elementwise_affine=True)
)
Extracting features and saving them in memory..
Extracting features...
Done extracting features...
 Creating datasets
Created datasets...
 Creating data loaders
Done with data loaders
Commencing training
Epoch: 1/200 Train accuracy: 4.92620e-01 Validation accuracy: 5.94200e-01 Training loss 1.15584e-02 Validation loss 9.48074e-03 Time taken: 0.79 seconds 
Epoch: 2/200 Train accuracy: 6.14500e-01 Validation accuracy: 6.24500e-01 Training loss 8.82510e-03 Validation loss 8.56812e-03 Time taken: 0.68 seconds 
Epoch: 3/200 Train accuracy: 6.43680e-01 Validation accuracy: 6.43000e-01 Training loss 8.17329e-03 Validation loss 8.11381e-03 Time taken: 0.68 seconds 
Epoch: 4/200 Train accuracy: 6.58720e-01 Validation accuracy: 6.56900e-01 Training loss 7.82313e-03 Validation loss 7.84904e-03 Time taken: 0.68 seconds 
Epoch: 5/200 Train accuracy: 6.67160e-01 Validation accuracy: 6.60300e-01 Training loss 7.58883e-03 Validation loss 7.66647e-03 Time taken: 0.68 seconds 
Epoch: 6/200 Train accuracy: 6.75720e-01 Validation accuracy: 6.68500e-01 Training loss 7.42164e-03 Validation loss 7.52992e-03 Time taken: 0.68 seconds 
Epoch: 7/200 Train accuracy: 6.78860e-01 Validation accuracy: 6.75300e-01 Training loss 7.28870e-03 Validation loss 7.39197e-03 Time taken: 0.69 seconds 
Epoch: 8/200 Train accuracy: 6.83580e-01 Validation accuracy: 6.73900e-01 Training loss 7.17938e-03 Validation loss 7.32223e-03 Time taken: 0.68 seconds 
Epoch: 9/200 Train accuracy: 6.88260e-01 Validation accuracy: 6.79900e-01 Training loss 7.08740e-03 Validation loss 7.23662e-03 Time taken: 0.69 seconds 
Epoch: 10/200 Train accuracy: 6.92340e-01 Validation accuracy: 6.82100e-01 Training loss 7.00447e-03 Validation loss 7.18731e-03 Time taken: 0.69 seconds 
Epoch: 11/200 Train accuracy: 6.94800e-01 Validation accuracy: 6.81400e-01 Training loss 6.93717e-03 Validation loss 7.13924e-03 Time taken: 0.71 seconds 
Epoch: 12/200 Train accuracy: 6.97260e-01 Validation accuracy: 6.84900e-01 Training loss 6.86947e-03 Validation loss 7.04260e-03 Time taken: 0.69 seconds 
Epoch: 13/200 Train accuracy: 7.01100e-01 Validation accuracy: 6.92000e-01 Training loss 6.81735e-03 Validation loss 6.99735e-03 Time taken: 0.69 seconds 
Epoch: 14/200 Train accuracy: 7.02980e-01 Validation accuracy: 6.90900e-01 Training loss 6.76665e-03 Validation loss 6.94778e-03 Time taken: 0.81 seconds 
Epoch: 15/200 Train accuracy: 7.05260e-01 Validation accuracy: 6.93100e-01 Training loss 6.72240e-03 Validation loss 6.90936e-03 Time taken: 0.70 seconds 
Epoch: 16/200 Train accuracy: 7.05740e-01 Validation accuracy: 6.96400e-01 Training loss 6.68422e-03 Validation loss 6.86571e-03 Time taken: 0.69 seconds 
Epoch: 17/200 Train accuracy: 7.08040e-01 Validation accuracy: 6.92300e-01 Training loss 6.64108e-03 Validation loss 6.87494e-03 Time taken: 0.69 seconds 
Epoch: 18/200 Train accuracy: 7.10340e-01 Validation accuracy: 7.00400e-01 Training loss 6.60418e-03 Validation loss 6.80016e-03 Time taken: 0.68 seconds 
Epoch: 19/200 Train accuracy: 7.13160e-01 Validation accuracy: 6.99700e-01 Training loss 6.56944e-03 Validation loss 6.80393e-03 Time taken: 0.73 seconds 
Epoch: 20/200 Train accuracy: 7.12280e-01 Validation accuracy: 7.02000e-01 Training loss 6.54437e-03 Validation loss 6.75026e-03 Time taken: 0.68 seconds 
Epoch: 21/200 Train accuracy: 7.13780e-01 Validation accuracy: 7.00600e-01 Training loss 6.50960e-03 Validation loss 6.74247e-03 Time taken: 0.69 seconds 
Epoch: 22/200 Train accuracy: 7.15040e-01 Validation accuracy: 7.04500e-01 Training loss 6.48350e-03 Validation loss 6.72407e-03 Time taken: 0.69 seconds 
Epoch: 23/200 Train accuracy: 7.16620e-01 Validation accuracy: 7.01900e-01 Training loss 6.46037e-03 Validation loss 6.70500e-03 Time taken: 0.69 seconds 
Epoch: 24/200 Train accuracy: 7.18540e-01 Validation accuracy: 7.04600e-01 Training loss 6.42626e-03 Validation loss 6.66931e-03 Time taken: 0.68 seconds 
Epoch: 25/200 Train accuracy: 7.20320e-01 Validation accuracy: 7.05000e-01 Training loss 6.40262e-03 Validation loss 6.65788e-03 Time taken: 0.69 seconds 
Epoch: 26/200 Train accuracy: 7.17680e-01 Validation accuracy: 7.10300e-01 Training loss 6.39081e-03 Validation loss 6.61377e-03 Time taken: 0.68 seconds 
Epoch: 27/200 Train accuracy: 7.21460e-01 Validation accuracy: 7.08700e-01 Training loss 6.36176e-03 Validation loss 6.59959e-03 Time taken: 0.68 seconds 
Epoch: 28/200 Train accuracy: 7.21900e-01 Validation accuracy: 7.09500e-01 Training loss 6.35072e-03 Validation loss 6.59288e-03 Time taken: 0.68 seconds 
Epoch: 29/200 Train accuracy: 7.23460e-01 Validation accuracy: 7.09400e-01 Training loss 6.32538e-03 Validation loss 6.56712e-03 Time taken: 0.68 seconds 
Epoch: 30/200 Train accuracy: 7.23760e-01 Validation accuracy: 7.12900e-01 Training loss 6.30845e-03 Validation loss 6.55352e-03 Time taken: 0.69 seconds 
Epoch: 31/200 Train accuracy: 7.23920e-01 Validation accuracy: 7.12400e-01 Training loss 6.28607e-03 Validation loss 6.53776e-03 Time taken: 0.69 seconds 
Epoch: 32/200 Train accuracy: 7.24480e-01 Validation accuracy: 7.12100e-01 Training loss 6.27265e-03 Validation loss 6.52249e-03 Time taken: 0.69 seconds 
Epoch: 33/200 Train accuracy: 7.25940e-01 Validation accuracy: 7.13600e-01 Training loss 6.25166e-03 Validation loss 6.51127e-03 Time taken: 0.68 seconds 
Epoch: 34/200 Train accuracy: 7.26720e-01 Validation accuracy: 7.12600e-01 Training loss 6.23950e-03 Validation loss 6.52558e-03 Time taken: 0.68 seconds 
Epoch: 35/200 Train accuracy: 7.26540e-01 Validation accuracy: 7.13100e-01 Training loss 6.22922e-03 Validation loss 6.52427e-03 Time taken: 0.69 seconds 
Epoch: 36/200 Train accuracy: 7.28060e-01 Validation accuracy: 7.13300e-01 Training loss 6.20860e-03 Validation loss 6.49765e-03 Time taken: 0.68 seconds 
Epoch: 37/200 Train accuracy: 7.27980e-01 Validation accuracy: 7.15700e-01 Training loss 6.19657e-03 Validation loss 6.47709e-03 Time taken: 0.69 seconds 
Epoch: 38/200 Train accuracy: 7.29300e-01 Validation accuracy: 7.10900e-01 Training loss 6.18436e-03 Validation loss 6.50800e-03 Time taken: 0.68 seconds 
Epoch: 39/200 Train accuracy: 7.29640e-01 Validation accuracy: 7.15400e-01 Training loss 6.16778e-03 Validation loss 6.43294e-03 Time taken: 0.69 seconds 
Epoch: 40/200 Train accuracy: 7.30200e-01 Validation accuracy: 7.16700e-01 Training loss 6.15192e-03 Validation loss 6.42220e-03 Time taken: 0.68 seconds 
Epoch: 41/200 Train accuracy: 7.30860e-01 Validation accuracy: 7.11600e-01 Training loss 6.14260e-03 Validation loss 6.44838e-03 Time taken: 0.68 seconds 
Epoch: 42/200 Train accuracy: 7.30600e-01 Validation accuracy: 7.16600e-01 Training loss 6.13272e-03 Validation loss 6.40854e-03 Time taken: 0.68 seconds 
Epoch: 43/200 Train accuracy: 7.32140e-01 Validation accuracy: 7.17200e-01 Training loss 6.11816e-03 Validation loss 6.41367e-03 Time taken: 0.69 seconds 
Epoch: 44/200 Train accuracy: 7.34480e-01 Validation accuracy: 7.18200e-01 Training loss 6.10543e-03 Validation loss 6.39274e-03 Time taken: 0.68 seconds 
Epoch: 45/200 Train accuracy: 7.32360e-01 Validation accuracy: 7.16800e-01 Training loss 6.10156e-03 Validation loss 6.40340e-03 Time taken: 0.69 seconds 
Epoch: 46/200 Train accuracy: 7.33920e-01 Validation accuracy: 7.19100e-01 Training loss 6.08549e-03 Validation loss 6.38483e-03 Time taken: 0.69 seconds 
Epoch: 47/200 Train accuracy: 7.33440e-01 Validation accuracy: 7.18300e-01 Training loss 6.07384e-03 Validation loss 6.41033e-03 Time taken: 0.69 seconds 
Epoch: 48/200 Train accuracy: 7.34760e-01 Validation accuracy: 7.16600e-01 Training loss 6.06851e-03 Validation loss 6.35723e-03 Time taken: 0.69 seconds 
Epoch: 49/200 Train accuracy: 7.34680e-01 Validation accuracy: 7.16800e-01 Training loss 6.05722e-03 Validation loss 6.39125e-03 Time taken: 0.69 seconds 
Epoch: 50/200 Train accuracy: 7.36040e-01 Validation accuracy: 7.19000e-01 Training loss 6.04724e-03 Validation loss 6.33386e-03 Time taken: 0.70 seconds 
Epoch: 51/200 Train accuracy: 7.35980e-01 Validation accuracy: 7.20100e-01 Training loss 6.03109e-03 Validation loss 6.33918e-03 Time taken: 0.72 seconds 
Epoch: 52/200 Train accuracy: 7.34720e-01 Validation accuracy: 7.21200e-01 Training loss 6.02778e-03 Validation loss 6.31504e-03 Time taken: 0.69 seconds 
Epoch: 53/200 Train accuracy: 7.35240e-01 Validation accuracy: 7.21100e-01 Training loss 6.01862e-03 Validation loss 6.31824e-03 Time taken: 0.69 seconds 
Epoch: 54/200 Train accuracy: 7.36260e-01 Validation accuracy: 7.20600e-01 Training loss 6.00893e-03 Validation loss 6.32957e-03 Time taken: 0.68 seconds 
Epoch: 55/200 Train accuracy: 7.39020e-01 Validation accuracy: 7.20800e-01 Training loss 5.99833e-03 Validation loss 6.30342e-03 Time taken: 0.68 seconds 
Epoch: 56/200 Train accuracy: 7.36920e-01 Validation accuracy: 7.23000e-01 Training loss 5.99443e-03 Validation loss 6.33113e-03 Time taken: 0.68 seconds 
Epoch: 57/200 Train accuracy: 7.36560e-01 Validation accuracy: 7.19400e-01 Training loss 5.98553e-03 Validation loss 6.31142e-03 Time taken: 0.68 seconds 
Epoch: 58/200 Train accuracy: 7.37000e-01 Validation accuracy: 7.20900e-01 Training loss 5.98124e-03 Validation loss 6.27657e-03 Time taken: 0.68 seconds 
Epoch: 59/200 Train accuracy: 7.39620e-01 Validation accuracy: 7.24600e-01 Training loss 5.97014e-03 Validation loss 6.26975e-03 Time taken: 0.68 seconds 
Epoch: 60/200 Train accuracy: 7.39000e-01 Validation accuracy: 7.20600e-01 Training loss 5.96092e-03 Validation loss 6.28127e-03 Time taken: 0.68 seconds 
Epoch: 61/200 Train accuracy: 7.38380e-01 Validation accuracy: 7.21400e-01 Training loss 5.95482e-03 Validation loss 6.30869e-03 Time taken: 0.68 seconds 
Epoch: 62/200 Train accuracy: 7.39340e-01 Validation accuracy: 7.24300e-01 Training loss 5.94700e-03 Validation loss 6.24647e-03 Time taken: 0.68 seconds 
Epoch: 63/200 Train accuracy: 7.39240e-01 Validation accuracy: 7.22800e-01 Training loss 5.93834e-03 Validation loss 6.25236e-03 Time taken: 0.68 seconds 
Epoch: 64/200 Train accuracy: 7.40040e-01 Validation accuracy: 7.23200e-01 Training loss 5.92960e-03 Validation loss 6.25345e-03 Time taken: 0.68 seconds 
Epoch: 65/200 Train accuracy: 7.39480e-01 Validation accuracy: 7.23900e-01 Training loss 5.92714e-03 Validation loss 6.26228e-03 Time taken: 0.68 seconds 
Epoch: 66/200 Train accuracy: 7.41200e-01 Validation accuracy: 7.22500e-01 Training loss 5.92179e-03 Validation loss 6.24130e-03 Time taken: 0.68 seconds 
Epoch: 67/200 Train accuracy: 7.41240e-01 Validation accuracy: 7.22700e-01 Training loss 5.91304e-03 Validation loss 6.25408e-03 Time taken: 0.68 seconds 
Epoch: 68/200 Train accuracy: 7.39780e-01 Validation accuracy: 7.26100e-01 Training loss 5.90989e-03 Validation loss 6.24769e-03 Time taken: 0.69 seconds 
Epoch: 69/200 Train accuracy: 7.40560e-01 Validation accuracy: 7.25400e-01 Training loss 5.90169e-03 Validation loss 6.21860e-03 Time taken: 0.68 seconds 
Epoch: 70/200 Train accuracy: 7.42040e-01 Validation accuracy: 7.25500e-01 Training loss 5.90420e-03 Validation loss 6.21114e-03 Time taken: 0.68 seconds 
Epoch: 71/200 Train accuracy: 7.40760e-01 Validation accuracy: 7.21900e-01 Training loss 5.89275e-03 Validation loss 6.21465e-03 Time taken: 0.68 seconds 
Epoch: 72/200 Train accuracy: 7.40980e-01 Validation accuracy: 7.24600e-01 Training loss 5.87958e-03 Validation loss 6.22258e-03 Time taken: 0.69 seconds 
Epoch: 73/200 Train accuracy: 7.41920e-01 Validation accuracy: 7.27400e-01 Training loss 5.87831e-03 Validation loss 6.20378e-03 Time taken: 0.68 seconds 
Epoch: 74/200 Train accuracy: 7.42700e-01 Validation accuracy: 7.24000e-01 Training loss 5.87329e-03 Validation loss 6.19707e-03 Time taken: 0.68 seconds 
Epoch: 75/200 Train accuracy: 7.41700e-01 Validation accuracy: 7.28300e-01 Training loss 5.86522e-03 Validation loss 6.18206e-03 Time taken: 0.69 seconds 
Epoch: 76/200 Train accuracy: 7.40900e-01 Validation accuracy: 7.25400e-01 Training loss 5.86422e-03 Validation loss 6.19743e-03 Time taken: 0.69 seconds 
Epoch: 77/200 Train accuracy: 7.43480e-01 Validation accuracy: 7.27100e-01 Training loss 5.85500e-03 Validation loss 6.21021e-03 Time taken: 0.68 seconds 
Epoch: 78/200 Train accuracy: 7.42580e-01 Validation accuracy: 7.26600e-01 Training loss 5.85633e-03 Validation loss 6.19120e-03 Time taken: 0.69 seconds 
Epoch: 79/200 Train accuracy: 7.43820e-01 Validation accuracy: 7.25200e-01 Training loss 5.84835e-03 Validation loss 6.20915e-03 Time taken: 0.68 seconds 
Epoch: 80/200 Train accuracy: 7.42700e-01 Validation accuracy: 7.26600e-01 Training loss 5.84011e-03 Validation loss 6.21650e-03 Time taken: 0.68 seconds 
Epoch: 81/200 Train accuracy: 7.44080e-01 Validation accuracy: 7.23800e-01 Training loss 5.84040e-03 Validation loss 6.21568e-03 Time taken: 0.68 seconds 
Epoch: 82/200 Train accuracy: 7.45020e-01 Validation accuracy: 7.25900e-01 Training loss 5.82736e-03 Validation loss 6.17164e-03 Time taken: 0.68 seconds 
Epoch: 83/200 Train accuracy: 7.43440e-01 Validation accuracy: 7.28800e-01 Training loss 5.82631e-03 Validation loss 6.14562e-03 Time taken: 0.68 seconds 
Epoch: 84/200 Train accuracy: 7.44720e-01 Validation accuracy: 7.26400e-01 Training loss 5.81739e-03 Validation loss 6.16473e-03 Time taken: 0.69 seconds 
Epoch: 85/200 Train accuracy: 7.45680e-01 Validation accuracy: 7.28100e-01 Training loss 5.81446e-03 Validation loss 6.17348e-03 Time taken: 0.69 seconds 
Epoch: 86/200 Train accuracy: 7.45280e-01 Validation accuracy: 7.27700e-01 Training loss 5.81264e-03 Validation loss 6.15852e-03 Time taken: 0.69 seconds 
Epoch: 87/200 Train accuracy: 7.44220e-01 Validation accuracy: 7.24000e-01 Training loss 5.80770e-03 Validation loss 6.18030e-03 Time taken: 0.69 seconds 
Epoch: 88/200 Train accuracy: 7.45040e-01 Validation accuracy: 7.27600e-01 Training loss 5.80092e-03 Validation loss 6.15249e-03 Time taken: 0.71 seconds 
Epoch: 89/200 Train accuracy: 7.45380e-01 Validation accuracy: 7.26300e-01 Training loss 5.79772e-03 Validation loss 6.16732e-03 Time taken: 0.71 seconds 
Epoch: 90/200 Train accuracy: 7.46060e-01 Validation accuracy: 7.26100e-01 Training loss 5.79253e-03 Validation loss 6.17965e-03 Time taken: 0.68 seconds 
Epoch: 91/200 Train accuracy: 7.44980e-01 Validation accuracy: 7.28600e-01 Training loss 5.78859e-03 Validation loss 6.14892e-03 Time taken: 0.69 seconds 
Epoch: 92/200 Train accuracy: 7.46080e-01 Validation accuracy: 7.28200e-01 Training loss 5.78946e-03 Validation loss 6.14488e-03 Time taken: 0.68 seconds 
Epoch: 93/200 Train accuracy: 7.45000e-01 Validation accuracy: 7.28200e-01 Training loss 5.78251e-03 Validation loss 6.12229e-03 Time taken: 0.68 seconds 
Epoch: 94/200 Train accuracy: 7.46020e-01 Validation accuracy: 7.28500e-01 Training loss 5.77862e-03 Validation loss 6.13126e-03 Time taken: 0.69 seconds 
Epoch: 95/200 Train accuracy: 7.47780e-01 Validation accuracy: 7.26200e-01 Training loss 5.77176e-03 Validation loss 6.12456e-03 Time taken: 0.68 seconds 
Epoch: 96/200 Train accuracy: 7.46740e-01 Validation accuracy: 7.20300e-01 Training loss 5.76935e-03 Validation loss 6.17465e-03 Time taken: 0.69 seconds 
Epoch: 97/200 Train accuracy: 7.46180e-01 Validation accuracy: 7.24300e-01 Training loss 5.76892e-03 Validation loss 6.14464e-03 Time taken: 0.68 seconds 
Epoch: 98/200 Train accuracy: 7.46700e-01 Validation accuracy: 7.28200e-01 Training loss 5.76308e-03 Validation loss 6.12929e-03 Time taken: 0.69 seconds 
Epoch: 99/200 Train accuracy: 7.46540e-01 Validation accuracy: 7.29000e-01 Training loss 5.75806e-03 Validation loss 6.10642e-03 Time taken: 0.68 seconds 
Epoch: 100/200 Train accuracy: 7.46540e-01 Validation accuracy: 7.29100e-01 Training loss 5.75739e-03 Validation loss 6.10666e-03 Time taken: 0.68 seconds 
Epoch: 101/200 Train accuracy: 7.47680e-01 Validation accuracy: 7.29500e-01 Training loss 5.74758e-03 Validation loss 6.11585e-03 Time taken: 0.68 seconds 
Epoch: 102/200 Train accuracy: 7.48380e-01 Validation accuracy: 7.27100e-01 Training loss 5.74875e-03 Validation loss 6.10137e-03 Time taken: 0.68 seconds 
Epoch: 103/200 Train accuracy: 7.47420e-01 Validation accuracy: 7.25500e-01 Training loss 5.75238e-03 Validation loss 6.13703e-03 Time taken: 2.01 seconds 
Epoch: 104/200 Train accuracy: 7.49260e-01 Validation accuracy: 7.28100e-01 Training loss 5.74032e-03 Validation loss 6.11648e-03 Time taken: 0.93 seconds 
Epoch: 105/200 Train accuracy: 7.48000e-01 Validation accuracy: 7.26800e-01 Training loss 5.73485e-03 Validation loss 6.12264e-03 Time taken: 0.69 seconds 
Epoch: 106/200 Train accuracy: 7.48500e-01 Validation accuracy: 7.27800e-01 Training loss 5.73554e-03 Validation loss 6.08114e-03 Time taken: 0.69 seconds 
Epoch: 107/200 Train accuracy: 7.47100e-01 Validation accuracy: 7.27600e-01 Training loss 5.73103e-03 Validation loss 6.10022e-03 Time taken: 0.69 seconds 
Epoch: 108/200 Train accuracy: 7.47540e-01 Validation accuracy: 7.30000e-01 Training loss 5.72683e-03 Validation loss 6.08978e-03 Time taken: 0.68 seconds 
Epoch: 109/200 Train accuracy: 7.49600e-01 Validation accuracy: 7.30400e-01 Training loss 5.71948e-03 Validation loss 6.12149e-03 Time taken: 0.69 seconds 
Epoch: 110/200 Train accuracy: 7.50280e-01 Validation accuracy: 7.29500e-01 Training loss 5.72227e-03 Validation loss 6.08598e-03 Time taken: 0.69 seconds 
Epoch: 111/200 Train accuracy: 7.49920e-01 Validation accuracy: 7.29900e-01 Training loss 5.71626e-03 Validation loss 6.08253e-03 Time taken: 0.68 seconds 
Epoch: 112/200 Train accuracy: 7.48560e-01 Validation accuracy: 7.29900e-01 Training loss 5.71945e-03 Validation loss 6.09148e-03 Time taken: 0.69 seconds 
Epoch: 113/200 Train accuracy: 7.49280e-01 Validation accuracy: 7.30900e-01 Training loss 5.71714e-03 Validation loss 6.10157e-03 Time taken: 0.69 seconds 
Epoch: 114/200 Train accuracy: 7.48560e-01 Validation accuracy: 7.27600e-01 Training loss 5.70365e-03 Validation loss 6.08749e-03 Time taken: 0.75 seconds 
Epoch: 115/200 Train accuracy: 7.49800e-01 Validation accuracy: 7.26600e-01 Training loss 5.69984e-03 Validation loss 6.08684e-03 Time taken: 0.69 seconds 
Epoch: 116/200 Train accuracy: 7.50440e-01 Validation accuracy: 7.27500e-01 Training loss 5.70714e-03 Validation loss 6.11631e-03 Time taken: 0.68 seconds 
Epoch: 117/200 Train accuracy: 7.49320e-01 Validation accuracy: 7.32800e-01 Training loss 5.70059e-03 Validation loss 6.06242e-03 Time taken: 0.75 seconds 
Epoch: 118/200 Train accuracy: 7.51100e-01 Validation accuracy: 7.31200e-01 Training loss 5.69689e-03 Validation loss 6.06498e-03 Time taken: 0.66 seconds 
Epoch: 119/200 Train accuracy: 7.50560e-01 Validation accuracy: 7.28600e-01 Training loss 5.69558e-03 Validation loss 6.09268e-03 Time taken: 0.66 seconds 
Epoch: 120/200 Train accuracy: 7.49820e-01 Validation accuracy: 7.29100e-01 Training loss 5.68785e-03 Validation loss 6.05485e-03 Time taken: 0.67 seconds 
Epoch: 121/200 Train accuracy: 7.50560e-01 Validation accuracy: 7.29400e-01 Training loss 5.68196e-03 Validation loss 6.07911e-03 Time taken: 0.67 seconds 
Epoch: 122/200 Train accuracy: 7.49540e-01 Validation accuracy: 7.28900e-01 Training loss 5.68693e-03 Validation loss 6.08105e-03 Time taken: 0.67 seconds 
Epoch: 123/200 Train accuracy: 7.50960e-01 Validation accuracy: 7.29800e-01 Training loss 5.68176e-03 Validation loss 6.07169e-03 Time taken: 0.67 seconds 
Epoch: 124/200 Train accuracy: 7.50420e-01 Validation accuracy: 7.33600e-01 Training loss 5.68171e-03 Validation loss 6.05277e-03 Time taken: 0.67 seconds 
Epoch: 125/200 Train accuracy: 7.51400e-01 Validation accuracy: 7.29400e-01 Training loss 5.68110e-03 Validation loss 6.04986e-03 Time taken: 0.67 seconds 
Epoch: 126/200 Train accuracy: 7.50680e-01 Validation accuracy: 7.32400e-01 Training loss 5.67824e-03 Validation loss 6.07033e-03 Time taken: 3.02 seconds 
Epoch: 127/200 Train accuracy: 7.50080e-01 Validation accuracy: 7.33100e-01 Training loss 5.67561e-03 Validation loss 6.03830e-03 Time taken: 0.78 seconds 
Epoch: 128/200 Train accuracy: 7.49720e-01 Validation accuracy: 7.30400e-01 Training loss 5.67510e-03 Validation loss 6.03285e-03 Time taken: 0.69 seconds 
Epoch: 129/200 Train accuracy: 7.50620e-01 Validation accuracy: 7.29300e-01 Training loss 5.66990e-03 Validation loss 6.04232e-03 Time taken: 0.69 seconds 
Epoch: 130/200 Train accuracy: 7.52360e-01 Validation accuracy: 7.31400e-01 Training loss 5.65806e-03 Validation loss 6.03435e-03 Time taken: 0.69 seconds 
Epoch: 131/200 Train accuracy: 7.52240e-01 Validation accuracy: 7.31800e-01 Training loss 5.65748e-03 Validation loss 6.03226e-03 Time taken: 0.69 seconds 
Epoch: 132/200 Train accuracy: 7.52740e-01 Validation accuracy: 7.32300e-01 Training loss 5.65778e-03 Validation loss 6.04753e-03 Time taken: 0.69 seconds 
Epoch: 133/200 Train accuracy: 7.52440e-01 Validation accuracy: 7.24800e-01 Training loss 5.65865e-03 Validation loss 6.08926e-03 Time taken: 0.69 seconds 
Epoch: 134/200 Train accuracy: 7.52120e-01 Validation accuracy: 7.30000e-01 Training loss 5.65617e-03 Validation loss 6.07387e-03 Time taken: 0.70 seconds 
Epoch: 135/200 Train accuracy: 7.52700e-01 Validation accuracy: 7.30600e-01 Training loss 5.64872e-03 Validation loss 6.03105e-03 Time taken: 0.73 seconds 
Epoch: 136/200 Train accuracy: 7.51880e-01 Validation accuracy: 7.32500e-01 Training loss 5.65345e-03 Validation loss 6.02783e-03 Time taken: 0.72 seconds 
Epoch: 137/200 Train accuracy: 7.50520e-01 Validation accuracy: 7.32900e-01 Training loss 5.64726e-03 Validation loss 6.02995e-03 Time taken: 0.70 seconds 
Epoch: 138/200 Train accuracy: 7.52720e-01 Validation accuracy: 7.31700e-01 Training loss 5.64357e-03 Validation loss 6.05196e-03 Time taken: 0.70 seconds 
Epoch: 139/200 Train accuracy: 7.51880e-01 Validation accuracy: 7.27600e-01 Training loss 5.64143e-03 Validation loss 6.09437e-03 Time taken: 0.70 seconds 
Epoch: 140/200 Train accuracy: 7.52680e-01 Validation accuracy: 7.32900e-01 Training loss 5.64703e-03 Validation loss 6.05090e-03 Time taken: 0.70 seconds 
Epoch: 141/200 Train accuracy: 7.53800e-01 Validation accuracy: 7.29500e-01 Training loss 5.63300e-03 Validation loss 6.07811e-03 Time taken: 0.70 seconds 
Epoch: 142/200 Train accuracy: 7.51800e-01 Validation accuracy: 7.29700e-01 Training loss 5.63933e-03 Validation loss 6.02928e-03 Time taken: 0.70 seconds 
Epoch: 143/200 Train accuracy: 7.52740e-01 Validation accuracy: 7.32500e-01 Training loss 5.63449e-03 Validation loss 6.02444e-03 Time taken: 0.70 seconds 
Epoch: 144/200 Train accuracy: 7.53720e-01 Validation accuracy: 7.31000e-01 Training loss 5.62856e-03 Validation loss 6.03014e-03 Time taken: 0.70 seconds 
Epoch: 145/200 Train accuracy: 7.52640e-01 Validation accuracy: 7.34800e-01 Training loss 5.63425e-03 Validation loss 6.01247e-03 Time taken: 0.70 seconds 
Epoch: 146/200 Train accuracy: 7.52560e-01 Validation accuracy: 7.27600e-01 Training loss 5.62347e-03 Validation loss 6.05544e-03 Time taken: 0.70 seconds 
Epoch: 147/200 Train accuracy: 7.53340e-01 Validation accuracy: 7.31000e-01 Training loss 5.62499e-03 Validation loss 6.03624e-03 Time taken: 0.72 seconds 
Epoch: 148/200 Train accuracy: 7.53180e-01 Validation accuracy: 7.31200e-01 Training loss 5.62457e-03 Validation loss 6.01048e-03 Time taken: 0.73 seconds 
Epoch: 149/200 Train accuracy: 7.53100e-01 Validation accuracy: 7.31700e-01 Training loss 5.62128e-03 Validation loss 6.00599e-03 Time taken: 0.70 seconds 
Epoch: 150/200 Train accuracy: 7.52680e-01 Validation accuracy: 7.30400e-01 Training loss 5.61803e-03 Validation loss 6.04409e-03 Time taken: 0.71 seconds 
Epoch: 151/200 Train accuracy: 7.53440e-01 Validation accuracy: 7.30700e-01 Training loss 5.61632e-03 Validation loss 6.03274e-03 Time taken: 0.71 seconds 
Epoch: 152/200 Train accuracy: 7.52940e-01 Validation accuracy: 7.32500e-01 Training loss 5.62247e-03 Validation loss 6.01099e-03 Time taken: 0.70 seconds 
Epoch: 153/200 Train accuracy: 7.53200e-01 Validation accuracy: 7.31600e-01 Training loss 5.61312e-03 Validation loss 6.01532e-03 Time taken: 0.70 seconds 
Epoch: 154/200 Train accuracy: 7.54000e-01 Validation accuracy: 7.29900e-01 Training loss 5.61220e-03 Validation loss 6.00437e-03 Time taken: 0.70 seconds 
Epoch: 155/200 Train accuracy: 7.53380e-01 Validation accuracy: 7.33400e-01 Training loss 5.61115e-03 Validation loss 6.01058e-03 Time taken: 0.70 seconds 
Epoch: 156/200 Train accuracy: 7.54180e-01 Validation accuracy: 7.30900e-01 Training loss 5.60464e-03 Validation loss 6.01256e-03 Time taken: 0.70 seconds 
Epoch: 157/200 Train accuracy: 7.53940e-01 Validation accuracy: 7.32300e-01 Training loss 5.60874e-03 Validation loss 5.97930e-03 Time taken: 0.70 seconds 
Epoch: 158/200 Train accuracy: 7.53880e-01 Validation accuracy: 7.30100e-01 Training loss 5.60366e-03 Validation loss 6.01852e-03 Time taken: 0.70 seconds 
Epoch: 159/200 Train accuracy: 7.53300e-01 Validation accuracy: 7.33400e-01 Training loss 5.59783e-03 Validation loss 5.99545e-03 Time taken: 0.70 seconds 
Epoch: 160/200 Train accuracy: 7.54700e-01 Validation accuracy: 7.33500e-01 Training loss 5.60502e-03 Validation loss 5.99089e-03 Time taken: 0.70 seconds 
Epoch: 161/200 Train accuracy: 7.52300e-01 Validation accuracy: 7.32200e-01 Training loss 5.60412e-03 Validation loss 6.00911e-03 Time taken: 0.71 seconds 
Epoch: 162/200 Train accuracy: 7.54260e-01 Validation accuracy: 7.33600e-01 Training loss 5.59944e-03 Validation loss 6.02856e-03 Time taken: 0.74 seconds 
Epoch: 163/200 Train accuracy: 7.55200e-01 Validation accuracy: 7.34400e-01 Training loss 5.59324e-03 Validation loss 5.99870e-03 Time taken: 0.71 seconds 
Epoch: 164/200 Train accuracy: 7.54300e-01 Validation accuracy: 7.31100e-01 Training loss 5.60133e-03 Validation loss 6.03907e-03 Time taken: 0.70 seconds 
Epoch: 165/200 Train accuracy: 7.55000e-01 Validation accuracy: 7.32400e-01 Training loss 5.59460e-03 Validation loss 5.99301e-03 Time taken: 0.70 seconds 
Epoch: 166/200 Train accuracy: 7.54300e-01 Validation accuracy: 7.36000e-01 Training loss 5.59139e-03 Validation loss 5.97744e-03 Time taken: 0.70 seconds 
Epoch: 167/200 Train accuracy: 7.54900e-01 Validation accuracy: 7.33500e-01 Training loss 5.59149e-03 Validation loss 5.98984e-03 Time taken: 0.70 seconds 
Epoch: 168/200 Train accuracy: 7.54260e-01 Validation accuracy: 7.31800e-01 Training loss 5.58665e-03 Validation loss 5.98136e-03 Time taken: 0.70 seconds 
Epoch: 169/200 Train accuracy: 7.55760e-01 Validation accuracy: 7.32100e-01 Training loss 5.58553e-03 Validation loss 5.99145e-03 Time taken: 0.70 seconds 
Epoch: 170/200 Train accuracy: 7.55920e-01 Validation accuracy: 7.31100e-01 Training loss 5.58369e-03 Validation loss 5.98804e-03 Time taken: 0.70 seconds 
Epoch: 171/200 Train accuracy: 7.55420e-01 Validation accuracy: 7.32600e-01 Training loss 5.58411e-03 Validation loss 5.97888e-03 Time taken: 0.70 seconds 
Epoch: 172/200 Train accuracy: 7.54580e-01 Validation accuracy: 7.29600e-01 Training loss 5.58319e-03 Validation loss 5.98936e-03 Time taken: 0.70 seconds 
Epoch: 173/200 Train accuracy: 7.54960e-01 Validation accuracy: 7.29800e-01 Training loss 5.57778e-03 Validation loss 6.06388e-03 Time taken: 0.70 seconds 
Epoch: 174/200 Train accuracy: 7.54540e-01 Validation accuracy: 7.33400e-01 Training loss 5.58131e-03 Validation loss 5.97134e-03 Time taken: 0.71 seconds 
Epoch: 175/200 Train accuracy: 7.54940e-01 Validation accuracy: 7.30700e-01 Training loss 5.57662e-03 Validation loss 6.02589e-03 Time taken: 0.72 seconds 
Epoch: 176/200 Train accuracy: 7.54120e-01 Validation accuracy: 7.29700e-01 Training loss 5.57811e-03 Validation loss 6.02522e-03 Time taken: 0.74 seconds 
Epoch: 177/200 Train accuracy: 7.55180e-01 Validation accuracy: 7.35800e-01 Training loss 5.57591e-03 Validation loss 5.99171e-03 Time taken: 0.71 seconds 
Epoch: 178/200 Train accuracy: 7.55500e-01 Validation accuracy: 7.32800e-01 Training loss 5.57435e-03 Validation loss 5.95822e-03 Time taken: 0.71 seconds 
Epoch: 179/200 Train accuracy: 7.56220e-01 Validation accuracy: 7.33000e-01 Training loss 5.56861e-03 Validation loss 5.95716e-03 Time taken: 0.70 seconds 
Epoch: 180/200 Train accuracy: 7.55540e-01 Validation accuracy: 7.33600e-01 Training loss 5.56746e-03 Validation loss 5.97899e-03 Time taken: 0.71 seconds 
Epoch: 181/200 Train accuracy: 7.54240e-01 Validation accuracy: 7.34700e-01 Training loss 5.57129e-03 Validation loss 5.97573e-03 Time taken: 0.70 seconds 
Epoch: 182/200 Train accuracy: 7.56520e-01 Validation accuracy: 7.35700e-01 Training loss 5.57066e-03 Validation loss 5.95613e-03 Time taken: 0.70 seconds 
Epoch: 183/200 Train accuracy: 7.56240e-01 Validation accuracy: 7.32000e-01 Training loss 5.56391e-03 Validation loss 6.00665e-03 Time taken: 0.70 seconds 
Epoch: 184/200 Train accuracy: 7.56000e-01 Validation accuracy: 7.35400e-01 Training loss 5.56431e-03 Validation loss 5.96065e-03 Time taken: 0.70 seconds 
Epoch: 185/200 Train accuracy: 7.56540e-01 Validation accuracy: 7.28700e-01 Training loss 5.55719e-03 Validation loss 6.02445e-03 Time taken: 0.71 seconds 
Epoch: 186/200 Train accuracy: 7.54880e-01 Validation accuracy: 7.32700e-01 Training loss 5.56373e-03 Validation loss 6.00138e-03 Time taken: 0.70 seconds 
Epoch: 187/200 Train accuracy: 7.55820e-01 Validation accuracy: 7.33000e-01 Training loss 5.55502e-03 Validation loss 5.98332e-03 Time taken: 0.70 seconds 
Epoch: 188/200 Train accuracy: 7.55760e-01 Validation accuracy: 7.33600e-01 Training loss 5.55318e-03 Validation loss 5.95911e-03 Time taken: 0.70 seconds 
Epoch: 189/200 Train accuracy: 7.57560e-01 Validation accuracy: 7.35400e-01 Training loss 5.55948e-03 Validation loss 5.95832e-03 Time taken: 0.70 seconds 
Epoch: 190/200 Train accuracy: 7.56220e-01 Validation accuracy: 7.33700e-01 Training loss 5.55615e-03 Validation loss 5.97671e-03 Time taken: 0.70 seconds 
Epoch: 191/200 Train accuracy: 7.56700e-01 Validation accuracy: 7.35300e-01 Training loss 5.55431e-03 Validation loss 5.98537e-03 Time taken: 0.70 seconds 
Epoch: 192/200 Train accuracy: 7.56780e-01 Validation accuracy: 7.33700e-01 Training loss 5.54871e-03 Validation loss 5.95897e-03 Time taken: 0.70 seconds 
Epoch: 193/200 Train accuracy: 7.56100e-01 Validation accuracy: 7.34700e-01 Training loss 5.55033e-03 Validation loss 5.96298e-03 Time taken: 0.70 seconds 
Epoch: 194/200 Train accuracy: 7.57560e-01 Validation accuracy: 7.32300e-01 Training loss 5.54532e-03 Validation loss 5.96068e-03 Time taken: 0.70 seconds 
Epoch: 195/200 Train accuracy: 7.57260e-01 Validation accuracy: 7.33400e-01 Training loss 5.54437e-03 Validation loss 5.98600e-03 Time taken: 0.70 seconds 
Epoch: 196/200 Train accuracy: 7.55960e-01 Validation accuracy: 7.35900e-01 Training loss 5.54556e-03 Validation loss 5.95453e-03 Time taken: 0.70 seconds 
Epoch: 197/200 Train accuracy: 7.57520e-01 Validation accuracy: 7.36200e-01 Training loss 5.54820e-03 Validation loss 5.95748e-03 Time taken: 0.71 seconds 
Epoch: 198/200 Train accuracy: 7.55420e-01 Validation accuracy: 7.32900e-01 Training loss 5.54913e-03 Validation loss 5.96970e-03 Time taken: 0.70 seconds 
Epoch: 199/200 Train accuracy: 7.56240e-01 Validation accuracy: 7.32600e-01 Training loss 5.53934e-03 Validation loss 5.96432e-03 Time taken: 0.71 seconds 
Epoch: 200/200 Train accuracy: 7.56360e-01 Validation accuracy: 7.34600e-01 Training loss 5.54526e-03 Validation loss 5.96495e-03 Time taken: 0.71 seconds 
Total time taken 0:02:23.455870
Cleaning up intermediate feature (.pt) files
Done


working on file logs_IN100/in100-vitb16-l2-pkt-chunks-ep300/jepa-in100-ep300.pth.tar ...
Directory logs_IN100/in100-vitb16-l2-pkt-chunks-ep300/classifiers for saving the classifiers is now present
VisionTransformer(
  (patch_embed): PatchEmbed(
    (proj): Conv2d(3, 768, kernel_size=(16, 16), stride=(16, 16))
  )
  (blocks): ModuleList(
    (0-11): 12 x Block(
      (norm1): LayerNorm((768,), eps=1e-06, elementwise_affine=True)
      (attn): Attention(
        (qkv): Linear(in_features=768, out_features=2304, bias=True)
        (attn_drop): Dropout(p=0.0, inplace=False)
        (proj): Linear(in_features=768, out_features=768, bias=True)
        (proj_drop): Dropout(p=0.0, inplace=False)
      )
      (drop_path): Identity()
      (norm2): LayerNorm((768,), eps=1e-06, elementwise_affine=True)
      (mlp): MLP(
        (fc1): Linear(in_features=768, out_features=3072, bias=True)
        (act): GELU(approximate='none')
        (fc2): Linear(in_features=3072, out_features=768, bias=True)
        (drop): Dropout(p=0.0, inplace=False)
      )
    )
  )
  (norm): LayerNorm((768,), eps=1e-06, elementwise_affine=True)
)
Extracting features and saving them in memory..
Extracting features...
Done extracting features...
 Creating datasets
Created datasets...
 Creating data loaders
Done with data loaders
Commencing training
Epoch: 1/200 Train accuracy: 4.89060e-01 Validation accuracy: 5.80700e-01 Training loss 1.14473e-02 Validation loss 9.44332e-03 Time taken: 0.77 seconds 
Epoch: 2/200 Train accuracy: 6.15660e-01 Validation accuracy: 6.32800e-01 Training loss 8.64817e-03 Validation loss 8.44172e-03 Time taken: 0.69 seconds 
Epoch: 3/200 Train accuracy: 6.45800e-01 Validation accuracy: 6.49000e-01 Training loss 7.98790e-03 Validation loss 7.98750e-03 Time taken: 0.68 seconds 
Epoch: 4/200 Train accuracy: 6.62220e-01 Validation accuracy: 6.60800e-01 Training loss 7.60558e-03 Validation loss 7.66173e-03 Time taken: 0.68 seconds 
Epoch: 5/200 Train accuracy: 6.74860e-01 Validation accuracy: 6.70000e-01 Training loss 7.33774e-03 Validation loss 7.46925e-03 Time taken: 0.68 seconds 
Epoch: 6/200 Train accuracy: 6.83600e-01 Validation accuracy: 6.74800e-01 Training loss 7.14337e-03 Validation loss 7.32036e-03 Time taken: 0.69 seconds 
Epoch: 7/200 Train accuracy: 6.90260e-01 Validation accuracy: 6.81200e-01 Training loss 6.98956e-03 Validation loss 7.16918e-03 Time taken: 0.68 seconds 
Epoch: 8/200 Train accuracy: 6.97660e-01 Validation accuracy: 6.85100e-01 Training loss 6.85042e-03 Validation loss 7.06163e-03 Time taken: 0.68 seconds 
Epoch: 9/200 Train accuracy: 7.02880e-01 Validation accuracy: 6.90000e-01 Training loss 6.73194e-03 Validation loss 6.96453e-03 Time taken: 0.69 seconds 
Epoch: 10/200 Train accuracy: 7.07540e-01 Validation accuracy: 6.93800e-01 Training loss 6.64532e-03 Validation loss 6.90585e-03 Time taken: 0.69 seconds 
Epoch: 11/200 Train accuracy: 7.10100e-01 Validation accuracy: 6.95600e-01 Training loss 6.55575e-03 Validation loss 6.88807e-03 Time taken: 0.68 seconds 
Epoch: 12/200 Train accuracy: 7.12200e-01 Validation accuracy: 6.99800e-01 Training loss 6.48750e-03 Validation loss 6.77142e-03 Time taken: 0.69 seconds 
Epoch: 13/200 Train accuracy: 7.15340e-01 Validation accuracy: 7.01800e-01 Training loss 6.42439e-03 Validation loss 6.70890e-03 Time taken: 0.69 seconds 
Epoch: 14/200 Train accuracy: 7.19880e-01 Validation accuracy: 7.01900e-01 Training loss 6.35927e-03 Validation loss 6.69515e-03 Time taken: 0.69 seconds 
Epoch: 15/200 Train accuracy: 7.21560e-01 Validation accuracy: 7.08200e-01 Training loss 6.31173e-03 Validation loss 6.65317e-03 Time taken: 0.69 seconds 
Epoch: 16/200 Train accuracy: 7.23240e-01 Validation accuracy: 7.09700e-01 Training loss 6.25969e-03 Validation loss 6.57397e-03 Time taken: 0.69 seconds 
Epoch: 17/200 Train accuracy: 7.27380e-01 Validation accuracy: 7.08800e-01 Training loss 6.20634e-03 Validation loss 6.55714e-03 Time taken: 0.69 seconds 
Epoch: 18/200 Train accuracy: 7.28360e-01 Validation accuracy: 7.12000e-01 Training loss 6.16954e-03 Validation loss 6.50013e-03 Time taken: 0.69 seconds 
Epoch: 19/200 Train accuracy: 7.29940e-01 Validation accuracy: 7.17500e-01 Training loss 6.13810e-03 Validation loss 6.46957e-03 Time taken: 0.69 seconds 
Epoch: 20/200 Train accuracy: 7.31980e-01 Validation accuracy: 7.14200e-01 Training loss 6.09435e-03 Validation loss 6.43223e-03 Time taken: 0.68 seconds 
Epoch: 21/200 Train accuracy: 7.33200e-01 Validation accuracy: 7.14000e-01 Training loss 6.06194e-03 Validation loss 6.45435e-03 Time taken: 0.69 seconds 
Epoch: 22/200 Train accuracy: 7.34200e-01 Validation accuracy: 7.16200e-01 Training loss 6.02682e-03 Validation loss 6.41442e-03 Time taken: 0.69 seconds 
Epoch: 23/200 Train accuracy: 7.35300e-01 Validation accuracy: 7.19000e-01 Training loss 5.99991e-03 Validation loss 6.36878e-03 Time taken: 0.69 seconds 
Epoch: 24/200 Train accuracy: 7.36840e-01 Validation accuracy: 7.19500e-01 Training loss 5.96675e-03 Validation loss 6.34856e-03 Time taken: 0.69 seconds 
Epoch: 25/200 Train accuracy: 7.38000e-01 Validation accuracy: 7.20400e-01 Training loss 5.94140e-03 Validation loss 6.34053e-03 Time taken: 0.70 seconds 
Epoch: 26/200 Train accuracy: 7.40120e-01 Validation accuracy: 7.23400e-01 Training loss 5.92112e-03 Validation loss 6.29241e-03 Time taken: 0.72 seconds 
Epoch: 27/200 Train accuracy: 7.38760e-01 Validation accuracy: 7.21100e-01 Training loss 5.89746e-03 Validation loss 6.32191e-03 Time taken: 0.69 seconds 
Epoch: 28/200 Train accuracy: 7.41480e-01 Validation accuracy: 7.19700e-01 Training loss 5.87079e-03 Validation loss 6.33979e-03 Time taken: 0.69 seconds 
Epoch: 29/200 Train accuracy: 7.41220e-01 Validation accuracy: 7.21300e-01 Training loss 5.85023e-03 Validation loss 6.28413e-03 Time taken: 0.69 seconds 
Epoch: 30/200 Train accuracy: 7.42620e-01 Validation accuracy: 7.19900e-01 Training loss 5.82850e-03 Validation loss 6.27133e-03 Time taken: 0.71 seconds 
Epoch: 31/200 Train accuracy: 7.44340e-01 Validation accuracy: 7.25800e-01 Training loss 5.80611e-03 Validation loss 6.23024e-03 Time taken: 0.69 seconds 
Epoch: 32/200 Train accuracy: 7.45400e-01 Validation accuracy: 7.25300e-01 Training loss 5.79344e-03 Validation loss 6.21200e-03 Time taken: 0.69 seconds 
Epoch: 33/200 Train accuracy: 7.44680e-01 Validation accuracy: 7.24700e-01 Training loss 5.77197e-03 Validation loss 6.19940e-03 Time taken: 0.69 seconds 
Epoch: 34/200 Train accuracy: 7.46060e-01 Validation accuracy: 7.27400e-01 Training loss 5.75815e-03 Validation loss 6.18060e-03 Time taken: 0.69 seconds 
Epoch: 35/200 Train accuracy: 7.46180e-01 Validation accuracy: 7.29400e-01 Training loss 5.73975e-03 Validation loss 6.17542e-03 Time taken: 0.69 seconds 
Epoch: 36/200 Train accuracy: 7.46220e-01 Validation accuracy: 7.26000e-01 Training loss 5.72707e-03 Validation loss 6.17650e-03 Time taken: 0.68 seconds 
Epoch: 37/200 Train accuracy: 7.47740e-01 Validation accuracy: 7.24300e-01 Training loss 5.70837e-03 Validation loss 6.19514e-03 Time taken: 0.69 seconds 
Epoch: 38/200 Train accuracy: 7.47360e-01 Validation accuracy: 7.25100e-01 Training loss 5.69253e-03 Validation loss 6.23072e-03 Time taken: 0.69 seconds 
Epoch: 39/200 Train accuracy: 7.48500e-01 Validation accuracy: 7.28800e-01 Training loss 5.68652e-03 Validation loss 6.16383e-03 Time taken: 0.69 seconds 
Epoch: 40/200 Train accuracy: 7.49180e-01 Validation accuracy: 7.26900e-01 Training loss 5.67121e-03 Validation loss 6.13256e-03 Time taken: 0.68 seconds 
Epoch: 41/200 Train accuracy: 7.51480e-01 Validation accuracy: 7.30500e-01 Training loss 5.65239e-03 Validation loss 6.10940e-03 Time taken: 0.69 seconds 
Epoch: 42/200 Train accuracy: 7.50600e-01 Validation accuracy: 7.24900e-01 Training loss 5.64355e-03 Validation loss 6.15165e-03 Time taken: 0.69 seconds 
Epoch: 43/200 Train accuracy: 7.50960e-01 Validation accuracy: 7.33000e-01 Training loss 5.63256e-03 Validation loss 6.11632e-03 Time taken: 0.69 seconds 
Epoch: 44/200 Train accuracy: 7.53140e-01 Validation accuracy: 7.26900e-01 Training loss 5.61848e-03 Validation loss 6.15200e-03 Time taken: 0.69 seconds 
Epoch: 45/200 Train accuracy: 7.52500e-01 Validation accuracy: 7.31000e-01 Training loss 5.60414e-03 Validation loss 6.09469e-03 Time taken: 0.69 seconds 
Epoch: 46/200 Train accuracy: 7.52220e-01 Validation accuracy: 7.33300e-01 Training loss 5.59619e-03 Validation loss 6.04629e-03 Time taken: 0.68 seconds 
Epoch: 47/200 Train accuracy: 7.53980e-01 Validation accuracy: 7.33000e-01 Training loss 5.57923e-03 Validation loss 6.05849e-03 Time taken: 0.69 seconds 
Epoch: 48/200 Train accuracy: 7.54400e-01 Validation accuracy: 7.27500e-01 Training loss 5.56626e-03 Validation loss 6.08332e-03 Time taken: 0.69 seconds 
Epoch: 49/200 Train accuracy: 7.54680e-01 Validation accuracy: 7.31800e-01 Training loss 5.56223e-03 Validation loss 6.12799e-03 Time taken: 0.69 seconds 
Epoch: 50/200 Train accuracy: 7.54440e-01 Validation accuracy: 7.32600e-01 Training loss 5.54963e-03 Validation loss 6.04749e-03 Time taken: 0.69 seconds 
Epoch: 51/200 Train accuracy: 7.54920e-01 Validation accuracy: 7.32800e-01 Training loss 5.54179e-03 Validation loss 6.05262e-03 Time taken: 0.69 seconds 
Epoch: 52/200 Train accuracy: 7.54500e-01 Validation accuracy: 7.32800e-01 Training loss 5.52910e-03 Validation loss 6.03948e-03 Time taken: 0.69 seconds 
Epoch: 53/200 Train accuracy: 7.55860e-01 Validation accuracy: 7.31700e-01 Training loss 5.52263e-03 Validation loss 6.05162e-03 Time taken: 0.69 seconds 
Epoch: 54/200 Train accuracy: 7.56920e-01 Validation accuracy: 7.32700e-01 Training loss 5.50989e-03 Validation loss 6.02805e-03 Time taken: 0.69 seconds 
Epoch: 55/200 Train accuracy: 7.56940e-01 Validation accuracy: 7.31100e-01 Training loss 5.50629e-03 Validation loss 6.05207e-03 Time taken: 0.71 seconds 
Epoch: 56/200 Train accuracy: 7.56720e-01 Validation accuracy: 7.35100e-01 Training loss 5.49808e-03 Validation loss 6.00800e-03 Time taken: 0.69 seconds 
Epoch: 57/200 Train accuracy: 7.56720e-01 Validation accuracy: 7.29300e-01 Training loss 5.49347e-03 Validation loss 6.06956e-03 Time taken: 0.69 seconds 
Epoch: 58/200 Train accuracy: 7.58300e-01 Validation accuracy: 7.31400e-01 Training loss 5.48241e-03 Validation loss 6.01919e-03 Time taken: 0.72 seconds 
Epoch: 59/200 Train accuracy: 7.56960e-01 Validation accuracy: 7.32400e-01 Training loss 5.47774e-03 Validation loss 5.99440e-03 Time taken: 0.70 seconds 
Epoch: 60/200 Train accuracy: 7.57980e-01 Validation accuracy: 7.34500e-01 Training loss 5.46773e-03 Validation loss 5.97823e-03 Time taken: 0.69 seconds 
Epoch: 61/200 Train accuracy: 7.58420e-01 Validation accuracy: 7.33700e-01 Training loss 5.46034e-03 Validation loss 6.01656e-03 Time taken: 0.69 seconds 
Epoch: 62/200 Train accuracy: 7.58880e-01 Validation accuracy: 7.31700e-01 Training loss 5.45830e-03 Validation loss 6.01392e-03 Time taken: 0.69 seconds 
Epoch: 63/200 Train accuracy: 7.58900e-01 Validation accuracy: 7.37100e-01 Training loss 5.44736e-03 Validation loss 5.98563e-03 Time taken: 0.69 seconds 
Epoch: 64/200 Train accuracy: 7.59080e-01 Validation accuracy: 7.34600e-01 Training loss 5.43872e-03 Validation loss 6.00591e-03 Time taken: 0.69 seconds 
Epoch: 65/200 Train accuracy: 7.59320e-01 Validation accuracy: 7.38000e-01 Training loss 5.42939e-03 Validation loss 5.98092e-03 Time taken: 0.69 seconds 
Epoch: 66/200 Train accuracy: 7.58500e-01 Validation accuracy: 7.36000e-01 Training loss 5.43187e-03 Validation loss 5.97474e-03 Time taken: 0.69 seconds 
Epoch: 67/200 Train accuracy: 7.60160e-01 Validation accuracy: 7.35600e-01 Training loss 5.42586e-03 Validation loss 5.96427e-03 Time taken: 0.69 seconds 
Epoch: 68/200 Train accuracy: 7.60660e-01 Validation accuracy: 7.35100e-01 Training loss 5.41336e-03 Validation loss 5.95341e-03 Time taken: 0.69 seconds 
Epoch: 69/200 Train accuracy: 7.60800e-01 Validation accuracy: 7.38300e-01 Training loss 5.40641e-03 Validation loss 5.94506e-03 Time taken: 0.69 seconds 
Epoch: 70/200 Train accuracy: 7.62100e-01 Validation accuracy: 7.36300e-01 Training loss 5.39900e-03 Validation loss 5.95112e-03 Time taken: 0.69 seconds 
Epoch: 71/200 Train accuracy: 7.62020e-01 Validation accuracy: 7.34100e-01 Training loss 5.38973e-03 Validation loss 5.97818e-03 Time taken: 0.69 seconds 
Epoch: 72/200 Train accuracy: 7.60540e-01 Validation accuracy: 7.36500e-01 Training loss 5.39287e-03 Validation loss 5.93199e-03 Time taken: 0.69 seconds 
Epoch: 73/200 Train accuracy: 7.61260e-01 Validation accuracy: 7.39500e-01 Training loss 5.38972e-03 Validation loss 5.94652e-03 Time taken: 0.75 seconds 
Epoch: 74/200 Train accuracy: 7.61540e-01 Validation accuracy: 7.39400e-01 Training loss 5.38213e-03 Validation loss 5.95153e-03 Time taken: 0.78 seconds 
Epoch: 75/200 Train accuracy: 7.62820e-01 Validation accuracy: 7.34100e-01 Training loss 5.36914e-03 Validation loss 5.95225e-03 Time taken: 0.74 seconds 
Epoch: 76/200 Train accuracy: 7.61400e-01 Validation accuracy: 7.35800e-01 Training loss 5.36739e-03 Validation loss 5.95959e-03 Time taken: 0.74 seconds 
Epoch: 77/200 Train accuracy: 7.61940e-01 Validation accuracy: 7.33000e-01 Training loss 5.36070e-03 Validation loss 5.92253e-03 Time taken: 0.71 seconds 
Epoch: 78/200 Train accuracy: 7.64840e-01 Validation accuracy: 7.39000e-01 Training loss 5.35294e-03 Validation loss 5.90186e-03 Time taken: 0.70 seconds 
Epoch: 79/200 Train accuracy: 7.64300e-01 Validation accuracy: 7.33200e-01 Training loss 5.35470e-03 Validation loss 5.97765e-03 Time taken: 0.74 seconds 
Epoch: 80/200 Train accuracy: 7.63820e-01 Validation accuracy: 7.39600e-01 Training loss 5.35046e-03 Validation loss 5.89055e-03 Time taken: 0.78 seconds 
Epoch: 81/200 Train accuracy: 7.62520e-01 Validation accuracy: 7.40900e-01 Training loss 5.34461e-03 Validation loss 5.89306e-03 Time taken: 0.70 seconds 
Epoch: 82/200 Train accuracy: 7.61960e-01 Validation accuracy: 7.32100e-01 Training loss 5.33917e-03 Validation loss 5.96864e-03 Time taken: 0.77 seconds 
Epoch: 83/200 Train accuracy: 7.64100e-01 Validation accuracy: 7.37600e-01 Training loss 5.33596e-03 Validation loss 5.90611e-03 Time taken: 0.75 seconds 
Epoch: 84/200 Train accuracy: 7.63340e-01 Validation accuracy: 7.37200e-01 Training loss 5.33350e-03 Validation loss 5.89201e-03 Time taken: 0.70 seconds 
Epoch: 85/200 Train accuracy: 7.63920e-01 Validation accuracy: 7.38000e-01 Training loss 5.32644e-03 Validation loss 5.88151e-03 Time taken: 0.80 seconds 
Epoch: 86/200 Train accuracy: 7.63660e-01 Validation accuracy: 7.37700e-01 Training loss 5.32415e-03 Validation loss 5.89793e-03 Time taken: 0.71 seconds 
Epoch: 87/200 Train accuracy: 7.63580e-01 Validation accuracy: 7.38900e-01 Training loss 5.32255e-03 Validation loss 5.88847e-03 Time taken: 0.71 seconds 
Epoch: 88/200 Train accuracy: 7.63580e-01 Validation accuracy: 7.37000e-01 Training loss 5.31808e-03 Validation loss 5.92579e-03 Time taken: 0.78 seconds 
Epoch: 89/200 Train accuracy: 7.64620e-01 Validation accuracy: 7.37200e-01 Training loss 5.30563e-03 Validation loss 5.89986e-03 Time taken: 0.73 seconds 
Epoch: 90/200 Train accuracy: 7.64500e-01 Validation accuracy: 7.38500e-01 Training loss 5.30862e-03 Validation loss 5.89941e-03 Time taken: 0.70 seconds 
Epoch: 91/200 Train accuracy: 7.63300e-01 Validation accuracy: 7.38100e-01 Training loss 5.30182e-03 Validation loss 5.90597e-03 Time taken: 0.80 seconds 
Epoch: 92/200 Train accuracy: 7.65400e-01 Validation accuracy: 7.37300e-01 Training loss 5.29876e-03 Validation loss 5.91788e-03 Time taken: 0.72 seconds 
Epoch: 93/200 Train accuracy: 7.64960e-01 Validation accuracy: 7.39200e-01 Training loss 5.29931e-03 Validation loss 5.88593e-03 Time taken: 0.74 seconds 
Epoch: 94/200 Train accuracy: 7.64580e-01 Validation accuracy: 7.39600e-01 Training loss 5.29375e-03 Validation loss 5.88519e-03 Time taken: 0.69 seconds 
Epoch: 95/200 Train accuracy: 7.66160e-01 Validation accuracy: 7.39200e-01 Training loss 5.28502e-03 Validation loss 5.87107e-03 Time taken: 0.69 seconds 
Epoch: 96/200 Train accuracy: 7.65440e-01 Validation accuracy: 7.39000e-01 Training loss 5.28085e-03 Validation loss 5.88995e-03 Time taken: 0.70 seconds 
Epoch: 97/200 Train accuracy: 7.65880e-01 Validation accuracy: 7.35000e-01 Training loss 5.27929e-03 Validation loss 5.88498e-03 Time taken: 0.77 seconds 
Epoch: 98/200 Train accuracy: 7.66440e-01 Validation accuracy: 7.40200e-01 Training loss 5.26644e-03 Validation loss 5.88119e-03 Time taken: 0.74 seconds 
Epoch: 99/200 Train accuracy: 7.66840e-01 Validation accuracy: 7.38600e-01 Training loss 5.26652e-03 Validation loss 5.87992e-03 Time taken: 0.70 seconds 
Epoch: 100/200 Train accuracy: 7.66320e-01 Validation accuracy: 7.39000e-01 Training loss 5.26736e-03 Validation loss 5.85962e-03 Time taken: 0.81 seconds 
Epoch: 101/200 Train accuracy: 7.66680e-01 Validation accuracy: 7.38200e-01 Training loss 5.26345e-03 Validation loss 5.88355e-03 Time taken: 0.70 seconds 
Epoch: 102/200 Train accuracy: 7.66120e-01 Validation accuracy: 7.40400e-01 Training loss 5.25473e-03 Validation loss 5.85443e-03 Time taken: 0.72 seconds 
Epoch: 103/200 Train accuracy: 7.66980e-01 Validation accuracy: 7.40300e-01 Training loss 5.25597e-03 Validation loss 5.90585e-03 Time taken: 0.79 seconds 
Epoch: 104/200 Train accuracy: 7.65700e-01 Validation accuracy: 7.40800e-01 Training loss 5.26000e-03 Validation loss 5.85892e-03 Time taken: 0.70 seconds 
Epoch: 105/200 Train accuracy: 7.68060e-01 Validation accuracy: 7.42600e-01 Training loss 5.24898e-03 Validation loss 5.85927e-03 Time taken: 0.70 seconds 
Epoch: 106/200 Train accuracy: 7.66740e-01 Validation accuracy: 7.40100e-01 Training loss 5.24839e-03 Validation loss 5.87559e-03 Time taken: 0.68 seconds 
Epoch: 107/200 Train accuracy: 7.67440e-01 Validation accuracy: 7.39300e-01 Training loss 5.25208e-03 Validation loss 5.87680e-03 Time taken: 0.69 seconds 
Epoch: 108/200 Train accuracy: 7.67260e-01 Validation accuracy: 7.39500e-01 Training loss 5.24366e-03 Validation loss 5.87255e-03 Time taken: 0.70 seconds 
Epoch: 109/200 Train accuracy: 7.67980e-01 Validation accuracy: 7.41600e-01 Training loss 5.23628e-03 Validation loss 5.87658e-03 Time taken: 0.69 seconds 
Epoch: 110/200 Train accuracy: 7.68000e-01 Validation accuracy: 7.38800e-01 Training loss 5.23298e-03 Validation loss 5.85717e-03 Time taken: 0.68 seconds 
Epoch: 111/200 Train accuracy: 7.67940e-01 Validation accuracy: 7.40800e-01 Training loss 5.23474e-03 Validation loss 5.86764e-03 Time taken: 0.70 seconds 
Epoch: 112/200 Train accuracy: 7.67620e-01 Validation accuracy: 7.40200e-01 Training loss 5.22766e-03 Validation loss 5.87836e-03 Time taken: 0.71 seconds 
Epoch: 113/200 Train accuracy: 7.68060e-01 Validation accuracy: 7.41700e-01 Training loss 5.23313e-03 Validation loss 5.84515e-03 Time taken: 0.68 seconds 
Epoch: 114/200 Train accuracy: 7.68400e-01 Validation accuracy: 7.39500e-01 Training loss 5.22088e-03 Validation loss 5.89282e-03 Time taken: 0.74 seconds 
Epoch: 115/200 Train accuracy: 7.68600e-01 Validation accuracy: 7.41200e-01 Training loss 5.21818e-03 Validation loss 5.83830e-03 Time taken: 0.69 seconds 
Epoch: 116/200 Train accuracy: 7.68960e-01 Validation accuracy: 7.40300e-01 Training loss 5.21977e-03 Validation loss 5.84219e-03 Time taken: 0.69 seconds 
Epoch: 117/200 Train accuracy: 7.69460e-01 Validation accuracy: 7.39500e-01 Training loss 5.21084e-03 Validation loss 5.86354e-03 Time taken: 0.69 seconds 
Epoch: 118/200 Train accuracy: 7.67840e-01 Validation accuracy: 7.41200e-01 Training loss 5.21435e-03 Validation loss 5.85719e-03 Time taken: 0.70 seconds 
Epoch: 119/200 Train accuracy: 7.67960e-01 Validation accuracy: 7.40600e-01 Training loss 5.21409e-03 Validation loss 5.86791e-03 Time taken: 0.72 seconds 
Epoch: 120/200 Train accuracy: 7.68700e-01 Validation accuracy: 7.42900e-01 Training loss 5.21149e-03 Validation loss 5.85257e-03 Time taken: 0.69 seconds 
Epoch: 121/200 Train accuracy: 7.68600e-01 Validation accuracy: 7.37700e-01 Training loss 5.20866e-03 Validation loss 5.87353e-03 Time taken: 0.69 seconds 
Epoch: 122/200 Train accuracy: 7.68740e-01 Validation accuracy: 7.40200e-01 Training loss 5.20172e-03 Validation loss 5.82327e-03 Time taken: 0.69 seconds 
Epoch: 123/200 Train accuracy: 7.68940e-01 Validation accuracy: 7.44500e-01 Training loss 5.20239e-03 Validation loss 5.84203e-03 Time taken: 0.69 seconds 
Epoch: 124/200 Train accuracy: 7.69880e-01 Validation accuracy: 7.42800e-01 Training loss 5.20095e-03 Validation loss 5.86455e-03 Time taken: 0.69 seconds 
Epoch: 125/200 Train accuracy: 7.69080e-01 Validation accuracy: 7.40900e-01 Training loss 5.19851e-03 Validation loss 5.85044e-03 Time taken: 0.69 seconds 
Epoch: 126/200 Train accuracy: 7.68840e-01 Validation accuracy: 7.42200e-01 Training loss 5.19302e-03 Validation loss 5.83990e-03 Time taken: 0.69 seconds 
Epoch: 127/200 Train accuracy: 7.70460e-01 Validation accuracy: 7.43600e-01 Training loss 5.19010e-03 Validation loss 5.83328e-03 Time taken: 0.69 seconds 
Epoch: 128/200 Train accuracy: 7.70400e-01 Validation accuracy: 7.39900e-01 Training loss 5.19013e-03 Validation loss 5.83225e-03 Time taken: 0.69 seconds 
Epoch: 129/200 Train accuracy: 7.70500e-01 Validation accuracy: 7.39800e-01 Training loss 5.18458e-03 Validation loss 5.87480e-03 Time taken: 0.69 seconds 
Epoch: 130/200 Train accuracy: 7.69060e-01 Validation accuracy: 7.43500e-01 Training loss 5.19184e-03 Validation loss 5.81262e-03 Time taken: 0.69 seconds 
Epoch: 131/200 Train accuracy: 7.71020e-01 Validation accuracy: 7.41600e-01 Training loss 5.18342e-03 Validation loss 5.82447e-03 Time taken: 0.69 seconds 
Epoch: 132/200 Train accuracy: 7.69640e-01 Validation accuracy: 7.40400e-01 Training loss 5.18492e-03 Validation loss 5.84789e-03 Time taken: 0.69 seconds 
Epoch: 133/200 Train accuracy: 7.70720e-01 Validation accuracy: 7.41100e-01 Training loss 5.17746e-03 Validation loss 5.82593e-03 Time taken: 0.69 seconds 
Epoch: 134/200 Train accuracy: 7.70920e-01 Validation accuracy: 7.43000e-01 Training loss 5.18431e-03 Validation loss 5.82065e-03 Time taken: 0.69 seconds 
Epoch: 135/200 Train accuracy: 7.70440e-01 Validation accuracy: 7.44100e-01 Training loss 5.17148e-03 Validation loss 5.82784e-03 Time taken: 0.69 seconds 
Epoch: 136/200 Train accuracy: 7.70680e-01 Validation accuracy: 7.40900e-01 Training loss 5.17507e-03 Validation loss 5.82326e-03 Time taken: 0.69 seconds 
Epoch: 137/200 Train accuracy: 7.70380e-01 Validation accuracy: 7.40800e-01 Training loss 5.17269e-03 Validation loss 5.81437e-03 Time taken: 0.69 seconds 
Epoch: 138/200 Train accuracy: 7.70700e-01 Validation accuracy: 7.42300e-01 Training loss 5.16388e-03 Validation loss 5.81341e-03 Time taken: 0.69 seconds 
Epoch: 139/200 Train accuracy: 7.72000e-01 Validation accuracy: 7.42600e-01 Training loss 5.16441e-03 Validation loss 5.81997e-03 Time taken: 0.69 seconds 
Epoch: 140/200 Train accuracy: 7.71940e-01 Validation accuracy: 7.41500e-01 Training loss 5.16803e-03 Validation loss 5.82116e-03 Time taken: 0.69 seconds 
Epoch: 141/200 Train accuracy: 7.71760e-01 Validation accuracy: 7.41800e-01 Training loss 5.17170e-03 Validation loss 5.82317e-03 Time taken: 0.69 seconds 
Epoch: 142/200 Train accuracy: 7.71160e-01 Validation accuracy: 7.38800e-01 Training loss 5.16051e-03 Validation loss 5.81502e-03 Time taken: 0.69 seconds 
Epoch: 143/200 Train accuracy: 7.71940e-01 Validation accuracy: 7.43200e-01 Training loss 5.15619e-03 Validation loss 5.83142e-03 Time taken: 0.69 seconds 
Epoch: 144/200 Train accuracy: 7.69400e-01 Validation accuracy: 7.42000e-01 Training loss 5.16497e-03 Validation loss 5.81730e-03 Time taken: 0.70 seconds 
Epoch: 145/200 Train accuracy: 7.72360e-01 Validation accuracy: 7.39200e-01 Training loss 5.15733e-03 Validation loss 5.82752e-03 Time taken: 0.69 seconds 
Epoch: 146/200 Train accuracy: 7.71560e-01 Validation accuracy: 7.43300e-01 Training loss 5.15027e-03 Validation loss 5.81757e-03 Time taken: 0.69 seconds 
Epoch: 147/200 Train accuracy: 7.70900e-01 Validation accuracy: 7.42000e-01 Training loss 5.15104e-03 Validation loss 5.81349e-03 Time taken: 0.68 seconds 
Epoch: 148/200 Train accuracy: 7.71620e-01 Validation accuracy: 7.41500e-01 Training loss 5.15641e-03 Validation loss 5.85232e-03 Time taken: 0.69 seconds 
Epoch: 149/200 Train accuracy: 7.71920e-01 Validation accuracy: 7.43300e-01 Training loss 5.15293e-03 Validation loss 5.79280e-03 Time taken: 0.69 seconds 
Epoch: 150/200 Train accuracy: 7.71760e-01 Validation accuracy: 7.44300e-01 Training loss 5.14801e-03 Validation loss 5.79821e-03 Time taken: 0.69 seconds 
Epoch: 151/200 Train accuracy: 7.70640e-01 Validation accuracy: 7.44100e-01 Training loss 5.15288e-03 Validation loss 5.79655e-03 Time taken: 0.70 seconds 
Epoch: 152/200 Train accuracy: 7.69740e-01 Validation accuracy: 7.39000e-01 Training loss 5.14403e-03 Validation loss 5.84947e-03 Time taken: 0.70 seconds 
Epoch: 153/200 Train accuracy: 7.72220e-01 Validation accuracy: 7.39900e-01 Training loss 5.14044e-03 Validation loss 5.83639e-03 Time taken: 0.69 seconds 
Epoch: 154/200 Train accuracy: 7.73040e-01 Validation accuracy: 7.44900e-01 Training loss 5.13997e-03 Validation loss 5.81035e-03 Time taken: 0.69 seconds 
Epoch: 155/200 Train accuracy: 7.71560e-01 Validation accuracy: 7.40700e-01 Training loss 5.14106e-03 Validation loss 5.83818e-03 Time taken: 0.69 seconds 
Epoch: 156/200 Train accuracy: 7.72780e-01 Validation accuracy: 7.43400e-01 Training loss 5.13484e-03 Validation loss 5.81058e-03 Time taken: 0.69 seconds 
Epoch: 157/200 Train accuracy: 7.72220e-01 Validation accuracy: 7.43300e-01 Training loss 5.13850e-03 Validation loss 5.79075e-03 Time taken: 0.69 seconds 
Epoch: 158/200 Train accuracy: 7.72360e-01 Validation accuracy: 7.43100e-01 Training loss 5.12833e-03 Validation loss 5.77717e-03 Time taken: 0.70 seconds 
Epoch: 159/200 Train accuracy: 7.72920e-01 Validation accuracy: 7.41900e-01 Training loss 5.13468e-03 Validation loss 5.81930e-03 Time taken: 0.71 seconds 
Epoch: 160/200 Train accuracy: 7.72780e-01 Validation accuracy: 7.42600e-01 Training loss 5.12780e-03 Validation loss 5.79914e-03 Time taken: 0.69 seconds 
Epoch: 161/200 Train accuracy: 7.72500e-01 Validation accuracy: 7.42800e-01 Training loss 5.13332e-03 Validation loss 5.82894e-03 Time taken: 0.69 seconds 
Epoch: 162/200 Train accuracy: 7.71980e-01 Validation accuracy: 7.44900e-01 Training loss 5.12424e-03 Validation loss 5.78903e-03 Time taken: 0.69 seconds 
Epoch: 163/200 Train accuracy: 7.72740e-01 Validation accuracy: 7.44200e-01 Training loss 5.12687e-03 Validation loss 5.80096e-03 Time taken: 0.69 seconds 
Epoch: 164/200 Train accuracy: 7.72300e-01 Validation accuracy: 7.45000e-01 Training loss 5.12631e-03 Validation loss 5.77999e-03 Time taken: 0.69 seconds 
Epoch: 165/200 Train accuracy: 7.73200e-01 Validation accuracy: 7.44300e-01 Training loss 5.12121e-03 Validation loss 5.80595e-03 Time taken: 0.69 seconds 
Epoch: 166/200 Train accuracy: 7.72460e-01 Validation accuracy: 7.42700e-01 Training loss 5.12244e-03 Validation loss 5.85494e-03 Time taken: 0.69 seconds 
Epoch: 167/200 Train accuracy: 7.73800e-01 Validation accuracy: 7.44600e-01 Training loss 5.12463e-03 Validation loss 5.77974e-03 Time taken: 0.69 seconds 
Epoch: 168/200 Train accuracy: 7.73400e-01 Validation accuracy: 7.43600e-01 Training loss 5.11932e-03 Validation loss 5.77378e-03 Time taken: 0.69 seconds 
Epoch: 169/200 Train accuracy: 7.72500e-01 Validation accuracy: 7.43900e-01 Training loss 5.12146e-03 Validation loss 5.79897e-03 Time taken: 0.69 seconds 
Epoch: 170/200 Train accuracy: 7.72480e-01 Validation accuracy: 7.44000e-01 Training loss 5.12297e-03 Validation loss 5.78104e-03 Time taken: 0.69 seconds 
Epoch: 171/200 Train accuracy: 7.73380e-01 Validation accuracy: 7.42400e-01 Training loss 5.11848e-03 Validation loss 5.80499e-03 Time taken: 0.68 seconds 
Epoch: 172/200 Train accuracy: 7.72740e-01 Validation accuracy: 7.43500e-01 Training loss 5.11748e-03 Validation loss 5.81332e-03 Time taken: 0.69 seconds 
Epoch: 173/200 Train accuracy: 7.72600e-01 Validation accuracy: 7.43200e-01 Training loss 5.11244e-03 Validation loss 5.80146e-03 Time taken: 0.69 seconds 
Epoch: 174/200 Train accuracy: 7.73040e-01 Validation accuracy: 7.42600e-01 Training loss 5.10682e-03 Validation loss 5.80347e-03 Time taken: 0.69 seconds 
Epoch: 175/200 Train accuracy: 7.73940e-01 Validation accuracy: 7.43200e-01 Training loss 5.11330e-03 Validation loss 5.81176e-03 Time taken: 0.68 seconds 
Epoch: 176/200 Train accuracy: 7.71580e-01 Validation accuracy: 7.44700e-01 Training loss 5.12056e-03 Validation loss 5.78822e-03 Time taken: 0.69 seconds 
Epoch: 177/200 Train accuracy: 7.73100e-01 Validation accuracy: 7.45400e-01 Training loss 5.10755e-03 Validation loss 5.76609e-03 Time taken: 0.69 seconds 
Epoch: 178/200 Train accuracy: 7.73600e-01 Validation accuracy: 7.44100e-01 Training loss 5.11094e-03 Validation loss 5.82772e-03 Time taken: 0.69 seconds 
Epoch: 179/200 Train accuracy: 7.73220e-01 Validation accuracy: 7.44000e-01 Training loss 5.10945e-03 Validation loss 5.79395e-03 Time taken: 0.69 seconds 
Epoch: 180/200 Train accuracy: 7.74380e-01 Validation accuracy: 7.45600e-01 Training loss 5.10808e-03 Validation loss 5.77322e-03 Time taken: 0.69 seconds 
Epoch: 181/200 Train accuracy: 7.73960e-01 Validation accuracy: 7.45300e-01 Training loss 5.10234e-03 Validation loss 5.78031e-03 Time taken: 0.69 seconds 
Epoch: 182/200 Train accuracy: 7.72120e-01 Validation accuracy: 7.44000e-01 Training loss 5.10155e-03 Validation loss 5.80983e-03 Time taken: 0.69 seconds 
Epoch: 183/200 Train accuracy: 7.73620e-01 Validation accuracy: 7.42900e-01 Training loss 5.10333e-03 Validation loss 5.80330e-03 Time taken: 0.69 seconds 
Epoch: 184/200 Train accuracy: 7.74300e-01 Validation accuracy: 7.44900e-01 Training loss 5.10572e-03 Validation loss 5.77992e-03 Time taken: 0.71 seconds 
Epoch: 185/200 Train accuracy: 7.73780e-01 Validation accuracy: 7.44000e-01 Training loss 5.10218e-03 Validation loss 5.81248e-03 Time taken: 0.70 seconds 
Epoch: 186/200 Train accuracy: 7.72240e-01 Validation accuracy: 7.40000e-01 Training loss 5.10354e-03 Validation loss 5.80781e-03 Time taken: 0.69 seconds 
Epoch: 187/200 Train accuracy: 7.72920e-01 Validation accuracy: 7.43800e-01 Training loss 5.09379e-03 Validation loss 5.77288e-03 Time taken: 0.71 seconds 
Epoch: 188/200 Train accuracy: 7.73780e-01 Validation accuracy: 7.46100e-01 Training loss 5.09712e-03 Validation loss 5.75431e-03 Time taken: 0.69 seconds 
Epoch: 189/200 Train accuracy: 7.74680e-01 Validation accuracy: 7.41400e-01 Training loss 5.09018e-03 Validation loss 5.81617e-03 Time taken: 0.69 seconds 
Epoch: 190/200 Train accuracy: 7.74440e-01 Validation accuracy: 7.46600e-01 Training loss 5.09498e-03 Validation loss 5.76481e-03 Time taken: 0.68 seconds 
Epoch: 191/200 Train accuracy: 7.74660e-01 Validation accuracy: 7.44900e-01 Training loss 5.08990e-03 Validation loss 5.77671e-03 Time taken: 0.69 seconds 
Epoch: 192/200 Train accuracy: 7.73460e-01 Validation accuracy: 7.45600e-01 Training loss 5.09198e-03 Validation loss 5.77800e-03 Time taken: 0.69 seconds 
Epoch: 193/200 Train accuracy: 7.73040e-01 Validation accuracy: 7.42000e-01 Training loss 5.09669e-03 Validation loss 5.77958e-03 Time taken: 0.69 seconds 
Epoch: 194/200 Train accuracy: 7.74060e-01 Validation accuracy: 7.42400e-01 Training loss 5.08741e-03 Validation loss 5.81704e-03 Time taken: 0.69 seconds 
Epoch: 195/200 Train accuracy: 7.75180e-01 Validation accuracy: 7.41600e-01 Training loss 5.09022e-03 Validation loss 5.77907e-03 Time taken: 0.69 seconds 
Epoch: 196/200 Train accuracy: 7.74720e-01 Validation accuracy: 7.42400e-01 Training loss 5.08846e-03 Validation loss 5.77834e-03 Time taken: 0.69 seconds 
Epoch: 197/200 Train accuracy: 7.74180e-01 Validation accuracy: 7.43200e-01 Training loss 5.09138e-03 Validation loss 5.78887e-03 Time taken: 0.74 seconds 
Epoch: 198/200 Train accuracy: 7.75080e-01 Validation accuracy: 7.45600e-01 Training loss 5.08724e-03 Validation loss 5.77599e-03 Time taken: 0.69 seconds 
Epoch: 199/200 Train accuracy: 7.74380e-01 Validation accuracy: 7.44700e-01 Training loss 5.09148e-03 Validation loss 5.77364e-03 Time taken: 0.69 seconds 
Epoch: 200/200 Train accuracy: 7.74480e-01 Validation accuracy: 7.44500e-01 Training loss 5.08611e-03 Validation loss 5.77249e-03 Time taken: 0.69 seconds 
Total time taken 0:02:20.068563
Cleaning up intermediate feature (.pt) files
Done


Files already downloaded and verified
Files already downloaded and verified
Files already downloaded and verified
Files already downloaded and verified
