INFO:root:called-params cls_configs/cls-in100-multi-pkt.yaml
INFO:root:loaded params....
{   'data': {   'batch_size': 128,
                'crop_size': 224,
                'model_name': 'vit_base',
                'num_classes': 100,
                'patch_size': 16,
                'probe_checkpoints': True,
                'probe_prefix': 'jepa-in100',
                'train_dataset_path': 'datasets/imagenet100/train',
                'val_dataset_path': 'datasets/imagenet100/val'},
    'logging': {   'checkpoint_freq': 1000,
                   'eval_output': 'ocls-jepa-stl-l2-pkt-chunks-ep300-seed0.out',
                   'log_dir': 'logs_IN100/in100-vitb-l2-pkt-chunks-ep300-seed0',
                   'log_file': 'stl-stats-l2-pkt-chunks-ep300-seed0.csv',
                   'save_path': 'classifiers/jepa-stl-l2-pkt-chunks-ep300-seed0-classifier-pretrained-vitb'},
    'meta': {'device': 'cuda:0'},
    'multi_probing': ['logs_IN100/in100-vitb16-l2-pkt-chunks-ep300-bs448-w80'],
    'optimization': {   'epochs': 200,
                        'lr': 0.001,
                        'use_last_n_blocks': 1,
                        'use_normalization': False}}
INFO:root:working on file logs_IN100/in100-vitb16-l2-pkt-chunks-ep300-bs448-w80/jepa-in100-ep150.pth.tar ...
Directory logs_IN100/in100-vitb16-l2-pkt-chunks-ep300-bs448-w80/classifiers for saving the classifiers is now present
VisionTransformer(
  (patch_embed): PatchEmbed(
    (proj): Conv2d(3, 768, kernel_size=(16, 16), stride=(16, 16))
  )
  (blocks): ModuleList(
    (0-11): 12 x Block(
      (norm1): LayerNorm((768,), eps=1e-06, elementwise_affine=True)
      (attn): Attention(
        (qkv): Linear(in_features=768, out_features=2304, bias=True)
        (attn_drop): Dropout(p=0.0, inplace=False)
        (proj): Linear(in_features=768, out_features=768, bias=True)
        (proj_drop): Dropout(p=0.0, inplace=False)
      )
      (drop_path): Identity()
      (norm2): LayerNorm((768,), eps=1e-06, elementwise_affine=True)
      (mlp): MLP(
        (fc1): Linear(in_features=768, out_features=3072, bias=True)
        (act): GELU(approximate='none')
        (fc2): Linear(in_features=3072, out_features=768, bias=True)
        (drop): Dropout(p=0.0, inplace=False)
      )
    )
  )
  (norm): LayerNorm((768,), eps=1e-06, elementwise_affine=True)
)
Extracting features and saving them in memory..
Extracting features...
Epoch: 1/200 Train accuracy: 4.07569e-01 Validation accuracy: 4.46000e-01 Training loss 1.88095e-02 Validation loss 1.70620e-02 Time taken: 1.79 seconds 
Epoch: 2/200 Train accuracy: 5.13285e-01 Validation accuracy: 4.75000e-01 Training loss 1.44187e-02 Validation loss 1.60307e-02 Time taken: 1.91 seconds 
Epoch: 3/200 Train accuracy: 5.39554e-01 Validation accuracy: 4.92800e-01 Training loss 1.35446e-02 Validation loss 1.54817e-02 Time taken: 1.69 seconds 
Epoch: 4/200 Train accuracy: 5.53131e-01 Validation accuracy: 4.97400e-01 Training loss 1.30560e-02 Validation loss 1.51751e-02 Time taken: 1.64 seconds 
Epoch: 5/200 Train accuracy: 5.62231e-01 Validation accuracy: 5.09600e-01 Training loss 1.27359e-02 Validation loss 1.48754e-02 Time taken: 1.64 seconds 
Epoch: 6/200 Train accuracy: 5.70462e-01 Validation accuracy: 5.04800e-01 Training loss 1.24811e-02 Validation loss 1.48329e-02 Time taken: 1.64 seconds 
Epoch: 7/200 Train accuracy: 5.76377e-01 Validation accuracy: 5.13000e-01 Training loss 1.22902e-02 Validation loss 1.47323e-02 Time taken: 1.64 seconds 
Epoch: 8/200 Train accuracy: 5.80631e-01 Validation accuracy: 5.14600e-01 Training loss 1.21243e-02 Validation loss 1.45549e-02 Time taken: 1.64 seconds 
Epoch: 9/200 Train accuracy: 5.86415e-01 Validation accuracy: 5.16000e-01 Training loss 1.19852e-02 Validation loss 1.45230e-02 Time taken: 1.64 seconds 
Epoch: 10/200 Train accuracy: 5.89831e-01 Validation accuracy: 5.18000e-01 Training loss 1.18597e-02 Validation loss 1.44440e-02 Time taken: 1.64 seconds 
Epoch: 11/200 Train accuracy: 5.92038e-01 Validation accuracy: 5.17800e-01 Training loss 1.17571e-02 Validation loss 1.43577e-02 Time taken: 1.65 seconds 
Epoch: 12/200 Train accuracy: 5.95954e-01 Validation accuracy: 5.22400e-01 Training loss 1.16536e-02 Validation loss 1.43284e-02 Time taken: 1.65 seconds 
Epoch: 13/200 Train accuracy: 5.98446e-01 Validation accuracy: 5.19600e-01 Training loss 1.15758e-02 Validation loss 1.42933e-02 Time taken: 4.08 seconds 
Epoch: 14/200 Train accuracy: 6.01608e-01 Validation accuracy: 5.27000e-01 Training loss 1.14900e-02 Validation loss 1.42353e-02 Time taken: 1.60 seconds 
Epoch: 15/200 Train accuracy: 6.03746e-01 Validation accuracy: 5.26400e-01 Training loss 1.14227e-02 Validation loss 1.42094e-02 Time taken: 3.63 seconds 
Epoch: 16/200 Train accuracy: 6.05277e-01 Validation accuracy: 5.28400e-01 Training loss 1.13617e-02 Validation loss 1.40963e-02 Time taken: 2.17 seconds 
Epoch: 17/200 Train accuracy: 6.07846e-01 Validation accuracy: 5.22800e-01 Training loss 1.12901e-02 Validation loss 1.41529e-02 Time taken: 1.68 seconds 
Epoch: 18/200 Train accuracy: 6.11023e-01 Validation accuracy: 5.25400e-01 Training loss 1.12320e-02 Validation loss 1.41295e-02 Time taken: 1.63 seconds 
Epoch: 19/200 Train accuracy: 6.10854e-01 Validation accuracy: 5.24600e-01 Training loss 1.11820e-02 Validation loss 1.41441e-02 Time taken: 1.60 seconds 
Epoch: 20/200 Train accuracy: 6.13169e-01 Validation accuracy: 5.28600e-01 Training loss 1.11329e-02 Validation loss 1.40752e-02 Time taken: 1.61 seconds 
Epoch: 21/200 Train accuracy: 6.14985e-01 Validation accuracy: 5.24000e-01 Training loss 1.10817e-02 Validation loss 1.41038e-02 Time taken: 1.61 seconds 
Epoch: 22/200 Train accuracy: 6.15738e-01 Validation accuracy: 5.29200e-01 Training loss 1.10445e-02 Validation loss 1.39706e-02 Time taken: 1.74 seconds 
Epoch: 23/200 Train accuracy: 6.17185e-01 Validation accuracy: 5.28800e-01 Training loss 1.09975e-02 Validation loss 1.39578e-02 Time taken: 1.65 seconds 
Epoch: 24/200 Train accuracy: 6.18400e-01 Validation accuracy: 5.26800e-01 Training loss 1.09600e-02 Validation loss 1.38883e-02 Time taken: 1.66 seconds 
Epoch: 25/200 Train accuracy: 6.20185e-01 Validation accuracy: 5.29000e-01 Training loss 1.09186e-02 Validation loss 1.39840e-02 Time taken: 1.61 seconds 
Epoch: 26/200 Train accuracy: 6.21338e-01 Validation accuracy: 5.28000e-01 Training loss 1.08832e-02 Validation loss 1.40206e-02 Time taken: 1.62 seconds 
Epoch: 27/200 Train accuracy: 6.22215e-01 Validation accuracy: 5.30000e-01 Training loss 1.08493e-02 Validation loss 1.39022e-02 Time taken: 1.67 seconds 
Epoch: 28/200 Train accuracy: 6.22677e-01 Validation accuracy: 5.26200e-01 Training loss 1.08239e-02 Validation loss 1.39485e-02 Time taken: 1.62 seconds 
Epoch: 29/200 Train accuracy: 6.24515e-01 Validation accuracy: 5.31400e-01 Training loss 1.07875e-02 Validation loss 1.38447e-02 Time taken: 1.62 seconds 
Epoch: 30/200 Train accuracy: 6.25985e-01 Validation accuracy: 5.27800e-01 Training loss 1.07648e-02 Validation loss 1.38113e-02 Time taken: 1.62 seconds 
Epoch: 31/200 Train accuracy: 6.26769e-01 Validation accuracy: 5.35200e-01 Training loss 1.07295e-02 Validation loss 1.38383e-02 Time taken: 1.62 seconds 
Epoch: 32/200 Train accuracy: 6.26969e-01 Validation accuracy: 5.36000e-01 Training loss 1.07074e-02 Validation loss 1.38873e-02 Time taken: 1.66 seconds 
Epoch: 33/200 Train accuracy: 6.27992e-01 Validation accuracy: 5.33400e-01 Training loss 1.06718e-02 Validation loss 1.38138e-02 Time taken: 2.13 seconds 
Epoch: 34/200 Train accuracy: 6.29215e-01 Validation accuracy: 5.35800e-01 Training loss 1.06495e-02 Validation loss 1.37263e-02 Time taken: 1.63 seconds 
Epoch: 35/200 Train accuracy: 6.30262e-01 Validation accuracy: 5.37400e-01 Training loss 1.06313e-02 Validation loss 1.37288e-02 Time taken: 1.76 seconds 
Epoch: 36/200 Train accuracy: 6.30938e-01 Validation accuracy: 5.32200e-01 Training loss 1.06037e-02 Validation loss 1.37760e-02 Time taken: 1.65 seconds 
Epoch: 37/200 Train accuracy: 6.31031e-01 Validation accuracy: 5.28400e-01 Training loss 1.05832e-02 Validation loss 1.37795e-02 Time taken: 1.63 seconds 
Epoch: 38/200 Train accuracy: 6.31762e-01 Validation accuracy: 5.34600e-01 Training loss 1.05543e-02 Validation loss 1.37607e-02 Time taken: 1.63 seconds 
Epoch: 39/200 Train accuracy: 6.31931e-01 Validation accuracy: 5.34600e-01 Training loss 1.05443e-02 Validation loss 1.37375e-02 Time taken: 1.64 seconds 
Epoch: 40/200 Train accuracy: 6.32946e-01 Validation accuracy: 5.37800e-01 Training loss 1.05221e-02 Validation loss 1.37194e-02 Time taken: 1.64 seconds 
Epoch: 41/200 Train accuracy: 6.33246e-01 Validation accuracy: 5.33200e-01 Training loss 1.05034e-02 Validation loss 1.37671e-02 Time taken: 1.64 seconds 
Epoch: 42/200 Train accuracy: 6.33962e-01 Validation accuracy: 5.39400e-01 Training loss 1.04833e-02 Validation loss 1.38273e-02 Time taken: 1.96 seconds 
Epoch: 43/200 Train accuracy: 6.35000e-01 Validation accuracy: 5.34200e-01 Training loss 1.04621e-02 Validation loss 1.36949e-02 Time taken: 1.69 seconds 
Epoch: 44/200 Train accuracy: 6.36031e-01 Validation accuracy: 5.35000e-01 Training loss 1.04524e-02 Validation loss 1.37044e-02 Time taken: 1.62 seconds 
Epoch: 45/200 Train accuracy: 6.36346e-01 Validation accuracy: 5.36800e-01 Training loss 1.04307e-02 Validation loss 1.36642e-02 Time taken: 1.63 seconds 
Epoch: 46/200 Train accuracy: 6.37131e-01 Validation accuracy: 5.35800e-01 Training loss 1.04076e-02 Validation loss 1.37529e-02 Time taken: 1.66 seconds 
Epoch: 47/200 Train accuracy: 6.36992e-01 Validation accuracy: 5.39200e-01 Training loss 1.03985e-02 Validation loss 1.36245e-02 Time taken: 1.67 seconds 
Epoch: 48/200 Train accuracy: 6.38123e-01 Validation accuracy: 5.33800e-01 Training loss 1.03811e-02 Validation loss 1.36923e-02 Time taken: 1.63 seconds 
Epoch: 49/200 Train accuracy: 6.37746e-01 Validation accuracy: 5.38000e-01 Training loss 1.03636e-02 Validation loss 1.37328e-02 Time taken: 1.68 seconds 
Epoch: 50/200 Train accuracy: 6.38700e-01 Validation accuracy: 5.37800e-01 Training loss 1.03555e-02 Validation loss 1.36658e-02 Time taken: 1.63 seconds 
Epoch: 51/200 Train accuracy: 6.39392e-01 Validation accuracy: 5.35600e-01 Training loss 1.03373e-02 Validation loss 1.36659e-02 Time taken: 1.64 seconds 
Epoch: 52/200 Train accuracy: 6.39731e-01 Validation accuracy: 5.34400e-01 Training loss 1.03238e-02 Validation loss 1.36613e-02 Time taken: 1.63 seconds 
Epoch: 53/200 Train accuracy: 6.39577e-01 Validation accuracy: 5.37000e-01 Training loss 1.03130e-02 Validation loss 1.36626e-02 Time taken: 1.63 seconds 
Epoch: 54/200 Train accuracy: 6.41238e-01 Validation accuracy: 5.38600e-01 Training loss 1.02955e-02 Validation loss 1.36713e-02 Time taken: 1.63 seconds 
Epoch: 55/200 Train accuracy: 6.41077e-01 Validation accuracy: 5.34600e-01 Training loss 1.02915e-02 Validation loss 1.36594e-02 Time taken: 1.64 seconds 
Epoch: 56/200 Train accuracy: 6.40292e-01 Validation accuracy: 5.33000e-01 Training loss 1.02720e-02 Validation loss 1.36869e-02 Time taken: 1.64 seconds 
Epoch: 57/200 Train accuracy: 6.41715e-01 Validation accuracy: 5.36800e-01 Training loss 1.02648e-02 Validation loss 1.35705e-02 Time taken: 1.64 seconds 
Epoch: 58/200 Train accuracy: 6.42554e-01 Validation accuracy: 5.32600e-01 Training loss 1.02442e-02 Validation loss 1.36647e-02 Time taken: 1.64 seconds 
Epoch: 59/200 Train accuracy: 6.42492e-01 Validation accuracy: 5.36200e-01 Training loss 1.02377e-02 Validation loss 1.36843e-02 Time taken: 1.65 seconds 
Epoch: 60/200 Train accuracy: 6.43269e-01 Validation accuracy: 5.37600e-01 Training loss 1.02295e-02 Validation loss 1.35806e-02 Time taken: 1.77 seconds 
Epoch: 61/200 Train accuracy: 6.43415e-01 Validation accuracy: 5.39600e-01 Training loss 1.02139e-02 Validation loss 1.36145e-02 Time taken: 1.64 seconds 
Epoch: 62/200 Train accuracy: 6.42892e-01 Validation accuracy: 5.42200e-01 Training loss 1.02065e-02 Validation loss 1.36496e-02 Time taken: 1.63 seconds 
Epoch: 63/200 Train accuracy: 6.43654e-01 Validation accuracy: 5.39400e-01 Training loss 1.01966e-02 Validation loss 1.36410e-02 Time taken: 1.63 seconds 
Epoch: 64/200 Train accuracy: 6.44877e-01 Validation accuracy: 5.38200e-01 Training loss 1.01825e-02 Validation loss 1.36402e-02 Time taken: 1.63 seconds 
Epoch: 65/200 Train accuracy: 6.44954e-01 Validation accuracy: 5.37200e-01 Training loss 1.01742e-02 Validation loss 1.36864e-02 Time taken: 1.64 seconds 
Epoch: 66/200 Train accuracy: 6.45446e-01 Validation accuracy: 5.38800e-01 Training loss 1.01645e-02 Validation loss 1.36517e-02 Time taken: 1.64 seconds 
Epoch: 67/200 Train accuracy: 6.45000e-01 Validation accuracy: 5.36200e-01 Training loss 1.01578e-02 Validation loss 1.36343e-02 Time taken: 1.72 seconds 
Epoch: 68/200 Train accuracy: 6.45669e-01 Validation accuracy: 5.38800e-01 Training loss 1.01549e-02 Validation loss 1.36148e-02 Time taken: 1.68 seconds 
Epoch: 69/200 Train accuracy: 6.45346e-01 Validation accuracy: 5.38000e-01 Training loss 1.01402e-02 Validation loss 1.36921e-02 Time taken: 1.64 seconds 
Epoch: 70/200 Train accuracy: 6.45608e-01 Validation accuracy: 5.37800e-01 Training loss 1.01293e-02 Validation loss 1.36097e-02 Time taken: 1.63 seconds 
Epoch: 71/200 Train accuracy: 6.46177e-01 Validation accuracy: 5.41800e-01 Training loss 1.01256e-02 Validation loss 1.35719e-02 Time taken: 1.64 seconds 
Epoch: 72/200 Train accuracy: 6.47077e-01 Validation accuracy: 5.37800e-01 Training loss 1.01126e-02 Validation loss 1.35212e-02 Time taken: 1.64 seconds 
Epoch: 73/200 Train accuracy: 6.47823e-01 Validation accuracy: 5.39600e-01 Training loss 1.01094e-02 Validation loss 1.35308e-02 Time taken: 1.64 seconds 
Epoch: 74/200 Train accuracy: 6.46900e-01 Validation accuracy: 5.43600e-01 Training loss 1.00999e-02 Validation loss 1.35376e-02 Time taken: 1.64 seconds 
Epoch: 75/200 Train accuracy: 6.47808e-01 Validation accuracy: 5.37000e-01 Training loss 1.00914e-02 Validation loss 1.36070e-02 Time taken: 1.64 seconds 
Epoch: 76/200 Train accuracy: 6.48100e-01 Validation accuracy: 5.41800e-01 Training loss 1.00832e-02 Validation loss 1.35490e-02 Time taken: 1.65 seconds 
Epoch: 77/200 Train accuracy: 6.47992e-01 Validation accuracy: 5.40200e-01 Training loss 1.00781e-02 Validation loss 1.35321e-02 Time taken: 1.70 seconds 
Epoch: 78/200 Train accuracy: 6.49023e-01 Validation accuracy: 5.39000e-01 Training loss 1.00669e-02 Validation loss 1.36972e-02 Time taken: 1.73 seconds 
Epoch: 79/200 Train accuracy: 6.47738e-01 Validation accuracy: 5.42200e-01 Training loss 1.00622e-02 Validation loss 1.35870e-02 Time taken: 1.66 seconds 
Epoch: 80/200 Train accuracy: 6.48954e-01 Validation accuracy: 5.36600e-01 Training loss 1.00549e-02 Validation loss 1.35917e-02 Time taken: 1.66 seconds 
Epoch: 81/200 Train accuracy: 6.48069e-01 Validation accuracy: 5.40400e-01 Training loss 1.00503e-02 Validation loss 1.35685e-02 Time taken: 1.66 seconds 
Epoch: 82/200 Train accuracy: 6.48254e-01 Validation accuracy: 5.38000e-01 Training loss 1.00453e-02 Validation loss 1.35751e-02 Time taken: 1.66 seconds 
Epoch: 83/200 Train accuracy: 6.50054e-01 Validation accuracy: 5.43000e-01 Training loss 1.00373e-02 Validation loss 1.35619e-02 Time taken: 1.66 seconds 
Epoch: 84/200 Train accuracy: 6.49762e-01 Validation accuracy: 5.42600e-01 Training loss 1.00283e-02 Validation loss 1.35121e-02 Time taken: 1.67 seconds 
Epoch: 85/200 Train accuracy: 6.49577e-01 Validation accuracy: 5.40200e-01 Training loss 1.00215e-02 Validation loss 1.35486e-02 Time taken: 1.65 seconds 
Epoch: 86/200 Train accuracy: 6.50277e-01 Validation accuracy: 5.45600e-01 Training loss 1.00162e-02 Validation loss 1.34502e-02 Time taken: 1.65 seconds 
Epoch: 87/200 Train accuracy: 6.50446e-01 Validation accuracy: 5.47600e-01 Training loss 1.00149e-02 Validation loss 1.35319e-02 Time taken: 1.68 seconds 
Epoch: 88/200 Train accuracy: 6.50415e-01 Validation accuracy: 5.42400e-01 Training loss 1.00025e-02 Validation loss 1.35381e-02 Time taken: 1.77 seconds 
Epoch: 89/200 Train accuracy: 6.50885e-01 Validation accuracy: 5.40800e-01 Training loss 1.00047e-02 Validation loss 1.35884e-02 Time taken: 1.65 seconds 
Epoch: 90/200 Train accuracy: 6.50031e-01 Validation accuracy: 5.42200e-01 Training loss 9.99149e-03 Validation loss 1.34681e-02 Time taken: 1.66 seconds 
Epoch: 91/200 Train accuracy: 6.51400e-01 Validation accuracy: 5.38400e-01 Training loss 9.99659e-03 Validation loss 1.35781e-02 Time taken: 1.66 seconds 
Epoch: 92/200 Train accuracy: 6.50638e-01 Validation accuracy: 5.44400e-01 Training loss 9.98961e-03 Validation loss 1.35123e-02 Time taken: 1.66 seconds 
Epoch: 93/200 Train accuracy: 6.50985e-01 Validation accuracy: 5.37400e-01 Training loss 9.98013e-03 Validation loss 1.36001e-02 Time taken: 1.67 seconds 
Epoch: 94/200 Train accuracy: 6.51192e-01 Validation accuracy: 5.37600e-01 Training loss 9.98097e-03 Validation loss 1.36436e-02 Time taken: 1.66 seconds 
Epoch: 95/200 Train accuracy: 6.50892e-01 Validation accuracy: 5.45000e-01 Training loss 9.96948e-03 Validation loss 1.35620e-02 Time taken: 1.65 seconds 
Epoch: 96/200 Train accuracy: 6.51254e-01 Validation accuracy: 5.44400e-01 Training loss 9.96278e-03 Validation loss 1.35234e-02 Time taken: 1.66 seconds 
Epoch: 97/200 Train accuracy: 6.51692e-01 Validation accuracy: 5.44000e-01 Training loss 9.96157e-03 Validation loss 1.35570e-02 Time taken: 1.70 seconds 
Epoch: 98/200 Train accuracy: 6.52500e-01 Validation accuracy: 5.40400e-01 Training loss 9.95763e-03 Validation loss 1.35043e-02 Time taken: 1.69 seconds 
Epoch: 99/200 Train accuracy: 6.52092e-01 Validation accuracy: 5.37800e-01 Training loss 9.95344e-03 Validation loss 1.36201e-02 Time taken: 1.66 seconds 
Epoch: 100/200 Train accuracy: 6.52246e-01 Validation accuracy: 5.40200e-01 Training loss 9.94804e-03 Validation loss 1.35447e-02 Time taken: 1.66 seconds 
Epoch: 101/200 Train accuracy: 6.52769e-01 Validation accuracy: 5.38000e-01 Training loss 9.93958e-03 Validation loss 1.35030e-02 Time taken: 1.72 seconds 
Epoch: 102/200 Train accuracy: 6.52954e-01 Validation accuracy: 5.44600e-01 Training loss 9.93653e-03 Validation loss 1.35305e-02 Time taken: 1.66 seconds 
Epoch: 103/200 Train accuracy: 6.52785e-01 Validation accuracy: 5.38000e-01 Training loss 9.93422e-03 Validation loss 1.35130e-02 Time taken: 1.66 seconds 
Epoch: 104/200 Train accuracy: 6.53100e-01 Validation accuracy: 5.40600e-01 Training loss 9.93014e-03 Validation loss 1.35044e-02 Time taken: 1.95 seconds 
Epoch: 105/200 Train accuracy: 6.53000e-01 Validation accuracy: 5.42800e-01 Training loss 9.92505e-03 Validation loss 1.35026e-02 Time taken: 1.66 seconds 
Epoch: 106/200 Train accuracy: 6.52769e-01 Validation accuracy: 5.43000e-01 Training loss 9.92920e-03 Validation loss 1.34875e-02 Time taken: 1.66 seconds 
Epoch: 107/200 Train accuracy: 6.53700e-01 Validation accuracy: 5.40600e-01 Training loss 9.91623e-03 Validation loss 1.35626e-02 Time taken: 1.68 seconds 
Epoch: 108/200 Train accuracy: 6.53023e-01 Validation accuracy: 5.43800e-01 Training loss 9.91776e-03 Validation loss 1.35507e-02 Time taken: 1.66 seconds 
Epoch: 109/200 Train accuracy: 6.53477e-01 Validation accuracy: 5.41800e-01 Training loss 9.92077e-03 Validation loss 1.35247e-02 Time taken: 1.66 seconds 
Epoch: 110/200 Train accuracy: 6.54208e-01 Validation accuracy: 5.38600e-01 Training loss 9.91292e-03 Validation loss 1.35270e-02 Time taken: 1.66 seconds 
Epoch: 111/200 Train accuracy: 6.54523e-01 Validation accuracy: 5.38800e-01 Training loss 9.90403e-03 Validation loss 1.35553e-02 Time taken: 1.78 seconds 
Epoch: 112/200 Train accuracy: 6.54192e-01 Validation accuracy: 5.44000e-01 Training loss 9.89727e-03 Validation loss 1.34966e-02 Time taken: 1.71 seconds 
Epoch: 113/200 Train accuracy: 6.53923e-01 Validation accuracy: 5.43400e-01 Training loss 9.89429e-03 Validation loss 1.35105e-02 Time taken: 1.67 seconds 
Epoch: 114/200 Train accuracy: 6.55023e-01 Validation accuracy: 5.43800e-01 Training loss 9.88930e-03 Validation loss 1.35558e-02 Time taken: 1.66 seconds 
Epoch: 115/200 Train accuracy: 6.54269e-01 Validation accuracy: 5.40600e-01 Training loss 9.89256e-03 Validation loss 1.34846e-02 Time taken: 1.79 seconds 
Epoch: 116/200 Train accuracy: 6.53800e-01 Validation accuracy: 5.38600e-01 Training loss 9.88833e-03 Validation loss 1.35954e-02 Time taken: 1.69 seconds 
Epoch: 117/200 Train accuracy: 6.54123e-01 Validation accuracy: 5.38800e-01 Training loss 9.88605e-03 Validation loss 1.35325e-02 Time taken: 1.66 seconds 
Epoch: 118/200 Train accuracy: 6.54885e-01 Validation accuracy: 5.45000e-01 Training loss 9.87381e-03 Validation loss 1.35190e-02 Time taken: 1.66 seconds 
Epoch: 119/200 Train accuracy: 6.54246e-01 Validation accuracy: 5.43800e-01 Training loss 9.87808e-03 Validation loss 1.34698e-02 Time taken: 1.68 seconds 
Epoch: 120/200 Train accuracy: 6.54869e-01 Validation accuracy: 5.40000e-01 Training loss 9.87185e-03 Validation loss 1.36008e-02 Time taken: 1.78 seconds 
Epoch: 121/200 Train accuracy: 6.54515e-01 Validation accuracy: 5.46200e-01 Training loss 9.87235e-03 Validation loss 1.35012e-02 Time taken: 1.66 seconds 
Epoch: 122/200 Train accuracy: 6.54638e-01 Validation accuracy: 5.45800e-01 Training loss 9.87230e-03 Validation loss 1.35153e-02 Time taken: 1.66 seconds 
Epoch: 123/200 Train accuracy: 6.54246e-01 Validation accuracy: 5.46200e-01 Training loss 9.86725e-03 Validation loss 1.34023e-02 Time taken: 1.66 seconds 
Epoch: 124/200 Train accuracy: 6.54738e-01 Validation accuracy: 5.42000e-01 Training loss 9.86135e-03 Validation loss 1.34952e-02 Time taken: 1.68 seconds 
Epoch: 125/200 Train accuracy: 6.56408e-01 Validation accuracy: 5.47600e-01 Training loss 9.86022e-03 Validation loss 1.34172e-02 Time taken: 1.68 seconds 
Epoch: 126/200 Train accuracy: 6.54623e-01 Validation accuracy: 5.43400e-01 Training loss 9.85992e-03 Validation loss 1.34957e-02 Time taken: 1.66 seconds 
Epoch: 127/200 Train accuracy: 6.54946e-01 Validation accuracy: 5.44000e-01 Training loss 9.85302e-03 Validation loss 1.35181e-02 Time taken: 2.05 seconds 
Epoch: 128/200 Train accuracy: 6.56292e-01 Validation accuracy: 5.41400e-01 Training loss 9.84285e-03 Validation loss 1.35356e-02 Time taken: 1.78 seconds 
Epoch: 129/200 Train accuracy: 6.54923e-01 Validation accuracy: 5.46600e-01 Training loss 9.85470e-03 Validation loss 1.34125e-02 Time taken: 1.67 seconds 
Epoch: 130/200 Train accuracy: 6.55831e-01 Validation accuracy: 5.41600e-01 Training loss 9.84776e-03 Validation loss 1.35008e-02 Time taken: 1.65 seconds 
Epoch: 131/200 Train accuracy: 6.54938e-01 Validation accuracy: 5.40600e-01 Training loss 9.85084e-03 Validation loss 1.34855e-02 Time taken: 1.68 seconds 
Epoch: 132/200 Train accuracy: 6.55077e-01 Validation accuracy: 5.39000e-01 Training loss 9.84247e-03 Validation loss 1.34988e-02 Time taken: 1.74 seconds 
Epoch: 133/200 Train accuracy: 6.54738e-01 Validation accuracy: 5.41400e-01 Training loss 9.84084e-03 Validation loss 1.35346e-02 Time taken: 1.66 seconds 
Epoch: 134/200 Train accuracy: 6.55100e-01 Validation accuracy: 5.45800e-01 Training loss 9.83773e-03 Validation loss 1.35211e-02 Time taken: 1.66 seconds 
Epoch: 135/200 Train accuracy: 6.55192e-01 Validation accuracy: 5.43600e-01 Training loss 9.83671e-03 Validation loss 1.35076e-02 Time taken: 1.71 seconds 
Epoch: 136/200 Train accuracy: 6.55708e-01 Validation accuracy: 5.41600e-01 Training loss 9.82731e-03 Validation loss 1.35642e-02 Time taken: 1.66 seconds 
Epoch: 137/200 Train accuracy: 6.56992e-01 Validation accuracy: 5.44000e-01 Training loss 9.82929e-03 Validation loss 1.35057e-02 Time taken: 1.66 seconds 
Epoch: 138/200 Train accuracy: 6.55138e-01 Validation accuracy: 5.45200e-01 Training loss 9.82668e-03 Validation loss 1.35579e-02 Time taken: 1.67 seconds 
Epoch: 139/200 Train accuracy: 6.56462e-01 Validation accuracy: 5.42800e-01 Training loss 9.82756e-03 Validation loss 1.34994e-02 Time taken: 1.74 seconds 
Epoch: 140/200 Train accuracy: 6.55723e-01 Validation accuracy: 5.45200e-01 Training loss 9.82589e-03 Validation loss 1.34940e-02 Time taken: 1.73 seconds 
Epoch: 141/200 Train accuracy: 6.57046e-01 Validation accuracy: 5.46600e-01 Training loss 9.82208e-03 Validation loss 1.35678e-02 Time taken: 1.66 seconds 
Epoch: 142/200 Train accuracy: 6.57138e-01 Validation accuracy: 5.44400e-01 Training loss 9.82446e-03 Validation loss 1.34537e-02 Time taken: 1.66 seconds 
Epoch: 143/200 Train accuracy: 6.57254e-01 Validation accuracy: 5.45000e-01 Training loss 9.81610e-03 Validation loss 1.34874e-02 Time taken: 1.68 seconds 
Epoch: 144/200 Train accuracy: 6.56346e-01 Validation accuracy: 5.42000e-01 Training loss 9.81424e-03 Validation loss 1.34963e-02 Time taken: 1.67 seconds 
Epoch: 145/200 Train accuracy: 6.55931e-01 Validation accuracy: 5.43200e-01 Training loss 9.81408e-03 Validation loss 1.34542e-02 Time taken: 1.66 seconds 
Epoch: 146/200 Train accuracy: 6.57085e-01 Validation accuracy: 5.43600e-01 Training loss 9.81107e-03 Validation loss 1.34327e-02 Time taken: 1.66 seconds 
Epoch: 147/200 Train accuracy: 6.56131e-01 Validation accuracy: 5.43400e-01 Training loss 9.81172e-03 Validation loss 1.34700e-02 Time taken: 1.66 seconds 
Epoch: 148/200 Train accuracy: 6.56308e-01 Validation accuracy: 5.46600e-01 Training loss 9.81307e-03 Validation loss 1.34956e-02 Time taken: 1.73 seconds 
Epoch: 149/200 Train accuracy: 6.56677e-01 Validation accuracy: 5.49800e-01 Training loss 9.80533e-03 Validation loss 1.34746e-02 Time taken: 1.68 seconds 
Epoch: 150/200 Train accuracy: 6.57692e-01 Validation accuracy: 5.44000e-01 Training loss 9.80487e-03 Validation loss 1.35389e-02 Time taken: 1.66 seconds 
Epoch: 151/200 Train accuracy: 6.56754e-01 Validation accuracy: 5.37600e-01 Training loss 9.80563e-03 Validation loss 1.34506e-02 Time taken: 1.68 seconds 
Epoch: 152/200 Train accuracy: 6.57477e-01 Validation accuracy: 5.46800e-01 Training loss 9.79767e-03 Validation loss 1.34368e-02 Time taken: 1.70 seconds 
Epoch: 153/200 Train accuracy: 6.57046e-01 Validation accuracy: 5.41600e-01 Training loss 9.80050e-03 Validation loss 1.34762e-02 Time taken: 1.66 seconds 
Epoch: 154/200 Train accuracy: 6.57623e-01 Validation accuracy: 5.43800e-01 Training loss 9.79643e-03 Validation loss 1.34635e-02 Time taken: 1.66 seconds 
Epoch: 155/200 Train accuracy: 6.57154e-01 Validation accuracy: 5.40400e-01 Training loss 9.79373e-03 Validation loss 1.34676e-02 Time taken: 1.66 seconds 
Epoch: 156/200 Train accuracy: 6.56869e-01 Validation accuracy: 5.42400e-01 Training loss 9.78841e-03 Validation loss 1.35471e-02 Time taken: 1.69 seconds 
Epoch: 157/200 Train accuracy: 6.58185e-01 Validation accuracy: 5.46000e-01 Training loss 9.79087e-03 Validation loss 1.35185e-02 Time taken: 1.66 seconds 
Epoch: 158/200 Train accuracy: 6.56669e-01 Validation accuracy: 5.44000e-01 Training loss 9.78933e-03 Validation loss 1.34459e-02 Time taken: 1.66 seconds 
Epoch: 159/200 Train accuracy: 6.57746e-01 Validation accuracy: 5.47000e-01 Training loss 9.79485e-03 Validation loss 1.34076e-02 Time taken: 1.66 seconds 
Epoch: 160/200 Train accuracy: 6.57938e-01 Validation accuracy: 5.44400e-01 Training loss 9.78483e-03 Validation loss 1.35273e-02 Time taken: 1.68 seconds 
Epoch: 161/200 Train accuracy: 6.57562e-01 Validation accuracy: 5.47400e-01 Training loss 9.78477e-03 Validation loss 1.33672e-02 Time taken: 1.72 seconds 
Epoch: 162/200 Train accuracy: 6.58654e-01 Validation accuracy: 5.45000e-01 Training loss 9.78204e-03 Validation loss 1.35198e-02 Time taken: 1.73 seconds 
Epoch: 163/200 Train accuracy: 6.57469e-01 Validation accuracy: 5.42400e-01 Training loss 9.78692e-03 Validation loss 1.34886e-02 Time taken: 1.69 seconds 
Epoch: 164/200 Train accuracy: 6.57100e-01 Validation accuracy: 5.47600e-01 Training loss 9.77913e-03 Validation loss 1.34068e-02 Time taken: 1.67 seconds 
Epoch: 165/200 Train accuracy: 6.56908e-01 Validation accuracy: 5.47000e-01 Training loss 9.78025e-03 Validation loss 1.34308e-02 Time taken: 1.67 seconds 
Epoch: 166/200 Train accuracy: 6.57177e-01 Validation accuracy: 5.48400e-01 Training loss 9.78444e-03 Validation loss 1.35293e-02 Time taken: 1.67 seconds 
Epoch: 167/200 Train accuracy: 6.57338e-01 Validation accuracy: 5.44800e-01 Training loss 9.78277e-03 Validation loss 1.34962e-02 Time taken: 1.67 seconds 
Epoch: 168/200 Train accuracy: 6.56815e-01 Validation accuracy: 5.44400e-01 Training loss 9.78122e-03 Validation loss 1.34614e-02 Time taken: 1.71 seconds 
Epoch: 169/200 Train accuracy: 6.58185e-01 Validation accuracy: 5.42400e-01 Training loss 9.77777e-03 Validation loss 1.34844e-02 Time taken: 1.66 seconds 
Epoch: 170/200 Train accuracy: 6.57892e-01 Validation accuracy: 5.42600e-01 Training loss 9.77489e-03 Validation loss 1.34947e-02 Time taken: 1.66 seconds 
Epoch: 171/200 Train accuracy: 6.58477e-01 Validation accuracy: 5.49400e-01 Training loss 9.77367e-03 Validation loss 1.34650e-02 Time taken: 1.66 seconds 
Epoch: 172/200 Train accuracy: 6.57077e-01 Validation accuracy: 5.44000e-01 Training loss 9.77467e-03 Validation loss 1.34408e-02 Time taken: 1.66 seconds 
Epoch: 173/200 Train accuracy: 6.58031e-01 Validation accuracy: 5.44200e-01 Training loss 9.76825e-03 Validation loss 1.34683e-02 Time taken: 1.67 seconds 
Epoch: 174/200 Train accuracy: 6.57562e-01 Validation accuracy: 5.46800e-01 Training loss 9.77154e-03 Validation loss 1.35061e-02 Time taken: 1.68 seconds 
Epoch: 175/200 Train accuracy: 6.57762e-01 Validation accuracy: 5.43200e-01 Training loss 9.76565e-03 Validation loss 1.35698e-02 Time taken: 1.67 seconds 
Epoch: 176/200 Train accuracy: 6.57762e-01 Validation accuracy: 5.44800e-01 Training loss 9.76545e-03 Validation loss 1.34942e-02 Time taken: 1.67 seconds 
Epoch: 177/200 Train accuracy: 6.58500e-01 Validation accuracy: 5.42000e-01 Training loss 9.76085e-03 Validation loss 1.34365e-02 Time taken: 1.67 seconds 
Epoch: 178/200 Train accuracy: 6.58085e-01 Validation accuracy: 5.46000e-01 Training loss 9.76451e-03 Validation loss 1.34661e-02 Time taken: 1.74 seconds 
Epoch: 179/200 Train accuracy: 6.58246e-01 Validation accuracy: 5.44200e-01 Training loss 9.76184e-03 Validation loss 1.34982e-02 Time taken: 1.67 seconds 
Epoch: 180/200 Train accuracy: 6.58746e-01 Validation accuracy: 5.41800e-01 Training loss 9.76868e-03 Validation loss 1.34687e-02 Time taken: 1.67 seconds 
Epoch: 181/200 Train accuracy: 6.58354e-01 Validation accuracy: 5.42000e-01 Training loss 9.76522e-03 Validation loss 1.34295e-02 Time taken: 1.74 seconds 
Epoch: 182/200 Train accuracy: 6.58777e-01 Validation accuracy: 5.43200e-01 Training loss 9.76121e-03 Validation loss 1.34271e-02 Time taken: 1.68 seconds 
Epoch: 183/200 Train accuracy: 6.58585e-01 Validation accuracy: 5.47600e-01 Training loss 9.75856e-03 Validation loss 1.34920e-02 Time taken: 1.67 seconds 
Epoch: 184/200 Train accuracy: 6.58262e-01 Validation accuracy: 5.46000e-01 Training loss 9.75393e-03 Validation loss 1.35279e-02 Time taken: 1.68 seconds 
Epoch: 185/200 Train accuracy: 6.59162e-01 Validation accuracy: 5.44200e-01 Training loss 9.75551e-03 Validation loss 1.34894e-02 Time taken: 1.67 seconds 
Epoch: 186/200 Train accuracy: 6.57977e-01 Validation accuracy: 5.41000e-01 Training loss 9.75549e-03 Validation loss 1.35391e-02 Time taken: 1.67 seconds 
Epoch: 187/200 Train accuracy: 6.58162e-01 Validation accuracy: 5.44400e-01 Training loss 9.75292e-03 Validation loss 1.34508e-02 Time taken: 1.69 seconds 
Epoch: 188/200 Train accuracy: 6.58977e-01 Validation accuracy: 5.44600e-01 Training loss 9.75627e-03 Validation loss 1.35261e-02 Time taken: 1.70 seconds 
Epoch: 189/200 Train accuracy: 6.58200e-01 Validation accuracy: 5.45600e-01 Training loss 9.75077e-03 Validation loss 1.35403e-02 Time taken: 1.67 seconds 
Epoch: 190/200 Train accuracy: 6.58769e-01 Validation accuracy: 5.41800e-01 Training loss 9.75265e-03 Validation loss 1.34905e-02 Time taken: 1.67 seconds 
Epoch: 191/200 Train accuracy: 6.57915e-01 Validation accuracy: 5.41000e-01 Training loss 9.74480e-03 Validation loss 1.35351e-02 Time taken: 1.67 seconds 
Epoch: 192/200 Train accuracy: 6.59446e-01 Validation accuracy: 5.42600e-01 Training loss 9.75260e-03 Validation loss 1.34365e-02 Time taken: 1.67 seconds 
Epoch: 193/200 Train accuracy: 6.58908e-01 Validation accuracy: 5.37600e-01 Training loss 9.75076e-03 Validation loss 1.35110e-02 Time taken: 1.66 seconds 
Epoch: 194/200 Train accuracy: 6.59700e-01 Validation accuracy: 5.44200e-01 Training loss 9.74748e-03 Validation loss 1.34343e-02 Time taken: 1.68 seconds 
Epoch: 195/200 Train accuracy: 6.60038e-01 Validation accuracy: 5.47000e-01 Training loss 9.74674e-03 Validation loss 1.34235e-02 Time taken: 1.67 seconds 
Epoch: 196/200 Train accuracy: 6.58469e-01 Validation accuracy: 5.43800e-01 Training loss 9.74601e-03 Validation loss 1.35179e-02 Time taken: 1.67 seconds 
Epoch: 197/200 Train accuracy: 6.59015e-01 Validation accuracy: 5.45200e-01 Training loss 9.74843e-03 Validation loss 1.35159e-02 Time taken: 1.70 seconds 
Epoch: 198/200 Train accuracy: 6.59485e-01 Validation accuracy: 5.45400e-01 Training loss 9.74498e-03 Validation loss 1.34855e-02 Time taken: 1.71 seconds 
Epoch: 199/200 Train accuracy: 6.58508e-01 Validation accuracy: 5.47000e-01 Training loss 9.74485e-03 Validation loss 1.34623e-02 Time taken: 1.67 seconds 
Epoch: 200/200 Train accuracy: 6.58085e-01 Validation accuracy: 5.48800e-01 Training loss 9.74869e-03 Validation loss 1.33851e-02 Time taken: 1.67 seconds 
Total time taken 0:05:42.728443
Cleaning up intermediate feature (.pt) files
Done


working on file logs_IN100/in100-vitb16-l2-pkt-chunks-ep300-bs448-w80/jepa-in100-ep300.pth.tar ...
Directory logs_IN100/in100-vitb16-l2-pkt-chunks-ep300-bs448-w80/classifiers for saving the classifiers is now present
VisionTransformer(
  (patch_embed): PatchEmbed(
    (proj): Conv2d(3, 768, kernel_size=(16, 16), stride=(16, 16))
  )
  (blocks): ModuleList(
    (0-11): 12 x Block(
      (norm1): LayerNorm((768,), eps=1e-06, elementwise_affine=True)
      (attn): Attention(
        (qkv): Linear(in_features=768, out_features=2304, bias=True)
        (attn_drop): Dropout(p=0.0, inplace=False)
        (proj): Linear(in_features=768, out_features=768, bias=True)
        (proj_drop): Dropout(p=0.0, inplace=False)
      )
      (drop_path): Identity()
      (norm2): LayerNorm((768,), eps=1e-06, elementwise_affine=True)
      (mlp): MLP(
        (fc1): Linear(in_features=768, out_features=3072, bias=True)
        (act): GELU(approximate='none')
        (fc2): Linear(in_features=3072, out_features=768, bias=True)
        (drop): Dropout(p=0.0, inplace=False)
      )
    )
  )
  (norm): LayerNorm((768,), eps=1e-06, elementwise_affine=True)
)
Extracting features and saving them in memory..
Extracting features...
Epoch: 1/200 Train accuracy: 4.55046e-01 Validation accuracy: 4.92000e-01 Training loss 1.77036e-02 Validation loss 1.59231e-02 Time taken: 1.84 seconds 
Epoch: 2/200 Train accuracy: 5.80292e-01 Validation accuracy: 5.26600e-01 Training loss 1.24965e-02 Validation loss 1.46024e-02 Time taken: 1.67 seconds 
Epoch: 3/200 Train accuracy: 6.06785e-01 Validation accuracy: 5.39600e-01 Training loss 1.14910e-02 Validation loss 1.41231e-02 Time taken: 1.67 seconds 
Epoch: 4/200 Train accuracy: 6.22208e-01 Validation accuracy: 5.47400e-01 Training loss 1.09423e-02 Validation loss 1.38125e-02 Time taken: 1.68 seconds 
Epoch: 5/200 Train accuracy: 6.33177e-01 Validation accuracy: 5.47400e-01 Training loss 1.05785e-02 Validation loss 1.35966e-02 Time taken: 1.68 seconds 
Epoch: 6/200 Train accuracy: 6.41162e-01 Validation accuracy: 5.56200e-01 Training loss 1.03027e-02 Validation loss 1.34522e-02 Time taken: 1.80 seconds 
Epoch: 7/200 Train accuracy: 6.48377e-01 Validation accuracy: 5.54400e-01 Training loss 1.00910e-02 Validation loss 1.33805e-02 Time taken: 1.89 seconds 
Epoch: 8/200 Train accuracy: 6.53508e-01 Validation accuracy: 5.62800e-01 Training loss 9.91465e-03 Validation loss 1.32240e-02 Time taken: 1.65 seconds 
Epoch: 9/200 Train accuracy: 6.57838e-01 Validation accuracy: 5.60000e-01 Training loss 9.75900e-03 Validation loss 1.31356e-02 Time taken: 1.65 seconds 
Epoch: 10/200 Train accuracy: 6.61577e-01 Validation accuracy: 5.59800e-01 Training loss 9.63719e-03 Validation loss 1.31385e-02 Time taken: 1.66 seconds 
Epoch: 11/200 Train accuracy: 6.64338e-01 Validation accuracy: 5.65000e-01 Training loss 9.52724e-03 Validation loss 1.30998e-02 Time taken: 1.66 seconds 
Epoch: 12/200 Train accuracy: 6.67769e-01 Validation accuracy: 5.67000e-01 Training loss 9.43301e-03 Validation loss 1.29744e-02 Time taken: 1.69 seconds 
Epoch: 13/200 Train accuracy: 6.70815e-01 Validation accuracy: 5.67000e-01 Training loss 9.34245e-03 Validation loss 1.29874e-02 Time taken: 1.66 seconds 
Epoch: 14/200 Train accuracy: 6.73315e-01 Validation accuracy: 5.74200e-01 Training loss 9.26263e-03 Validation loss 1.29540e-02 Time taken: 1.66 seconds 
Epoch: 15/200 Train accuracy: 6.75308e-01 Validation accuracy: 5.68600e-01 Training loss 9.18884e-03 Validation loss 1.29145e-02 Time taken: 1.66 seconds 
Epoch: 16/200 Train accuracy: 6.78277e-01 Validation accuracy: 5.76600e-01 Training loss 9.11995e-03 Validation loss 1.29265e-02 Time taken: 1.66 seconds 
Epoch: 17/200 Train accuracy: 6.79662e-01 Validation accuracy: 5.72000e-01 Training loss 9.06006e-03 Validation loss 1.28873e-02 Time taken: 1.68 seconds 
Epoch: 18/200 Train accuracy: 6.81138e-01 Validation accuracy: 5.72400e-01 Training loss 8.99953e-03 Validation loss 1.29158e-02 Time taken: 1.66 seconds 
Epoch: 19/200 Train accuracy: 6.82077e-01 Validation accuracy: 5.77800e-01 Training loss 8.95784e-03 Validation loss 1.28655e-02 Time taken: 1.66 seconds 
Epoch: 20/200 Train accuracy: 6.84531e-01 Validation accuracy: 5.79400e-01 Training loss 8.90806e-03 Validation loss 1.28212e-02 Time taken: 1.66 seconds 
Epoch: 21/200 Train accuracy: 6.85708e-01 Validation accuracy: 5.77200e-01 Training loss 8.86221e-03 Validation loss 1.27937e-02 Time taken: 1.66 seconds 
Epoch: 22/200 Train accuracy: 6.87462e-01 Validation accuracy: 5.79800e-01 Training loss 8.81691e-03 Validation loss 1.27647e-02 Time taken: 1.66 seconds 
Epoch: 23/200 Train accuracy: 6.88023e-01 Validation accuracy: 5.75200e-01 Training loss 8.77707e-03 Validation loss 1.28112e-02 Time taken: 1.78 seconds 
Epoch: 24/200 Train accuracy: 6.89369e-01 Validation accuracy: 5.76800e-01 Training loss 8.74460e-03 Validation loss 1.28333e-02 Time taken: 1.67 seconds 
Epoch: 25/200 Train accuracy: 6.90992e-01 Validation accuracy: 5.79000e-01 Training loss 8.70684e-03 Validation loss 1.27633e-02 Time taken: 1.66 seconds 
Epoch: 26/200 Train accuracy: 6.91877e-01 Validation accuracy: 5.74400e-01 Training loss 8.67225e-03 Validation loss 1.27888e-02 Time taken: 1.66 seconds 
Epoch: 27/200 Train accuracy: 6.91923e-01 Validation accuracy: 5.79800e-01 Training loss 8.63832e-03 Validation loss 1.28254e-02 Time taken: 1.65 seconds 
Epoch: 28/200 Train accuracy: 6.93208e-01 Validation accuracy: 5.76600e-01 Training loss 8.60604e-03 Validation loss 1.28122e-02 Time taken: 1.67 seconds 
Epoch: 29/200 Train accuracy: 6.95008e-01 Validation accuracy: 5.77800e-01 Training loss 8.57735e-03 Validation loss 1.27592e-02 Time taken: 1.67 seconds 
Epoch: 30/200 Train accuracy: 6.94292e-01 Validation accuracy: 5.74400e-01 Training loss 8.55084e-03 Validation loss 1.27696e-02 Time taken: 1.66 seconds 
Epoch: 31/200 Train accuracy: 6.95546e-01 Validation accuracy: 5.78800e-01 Training loss 8.52586e-03 Validation loss 1.27246e-02 Time taken: 1.65 seconds 
Epoch: 32/200 Train accuracy: 6.96531e-01 Validation accuracy: 5.78600e-01 Training loss 8.49779e-03 Validation loss 1.27986e-02 Time taken: 1.68 seconds 
Epoch: 33/200 Train accuracy: 6.97300e-01 Validation accuracy: 5.80800e-01 Training loss 8.48135e-03 Validation loss 1.27287e-02 Time taken: 1.72 seconds 
Epoch: 34/200 Train accuracy: 6.98377e-01 Validation accuracy: 5.79600e-01 Training loss 8.45479e-03 Validation loss 1.27021e-02 Time taken: 1.74 seconds 
Epoch: 35/200 Train accuracy: 6.99069e-01 Validation accuracy: 5.78400e-01 Training loss 8.43262e-03 Validation loss 1.27116e-02 Time taken: 1.66 seconds 
Epoch: 36/200 Train accuracy: 6.99523e-01 Validation accuracy: 5.80600e-01 Training loss 8.41522e-03 Validation loss 1.26970e-02 Time taken: 1.67 seconds 
Epoch: 37/200 Train accuracy: 7.00515e-01 Validation accuracy: 5.81600e-01 Training loss 8.39445e-03 Validation loss 1.27110e-02 Time taken: 1.67 seconds 
Epoch: 38/200 Train accuracy: 7.01138e-01 Validation accuracy: 5.77000e-01 Training loss 8.37841e-03 Validation loss 1.26911e-02 Time taken: 1.66 seconds 
Epoch: 39/200 Train accuracy: 7.01131e-01 Validation accuracy: 5.82200e-01 Training loss 8.35699e-03 Validation loss 1.27074e-02 Time taken: 1.66 seconds 
Epoch: 40/200 Train accuracy: 7.01700e-01 Validation accuracy: 5.85200e-01 Training loss 8.33504e-03 Validation loss 1.26616e-02 Time taken: 1.66 seconds 
Epoch: 41/200 Train accuracy: 7.03077e-01 Validation accuracy: 5.85600e-01 Training loss 8.31887e-03 Validation loss 1.26664e-02 Time taken: 1.67 seconds 
Epoch: 42/200 Train accuracy: 7.03915e-01 Validation accuracy: 5.83800e-01 Training loss 8.30218e-03 Validation loss 1.26857e-02 Time taken: 1.66 seconds 
Epoch: 43/200 Train accuracy: 7.02331e-01 Validation accuracy: 5.87200e-01 Training loss 8.28977e-03 Validation loss 1.27057e-02 Time taken: 1.68 seconds 
Epoch: 44/200 Train accuracy: 7.04362e-01 Validation accuracy: 5.82000e-01 Training loss 8.27341e-03 Validation loss 1.27215e-02 Time taken: 1.68 seconds 
Epoch: 45/200 Train accuracy: 7.05131e-01 Validation accuracy: 5.82600e-01 Training loss 8.25677e-03 Validation loss 1.26462e-02 Time taken: 1.67 seconds 
Epoch: 46/200 Train accuracy: 7.05285e-01 Validation accuracy: 5.83600e-01 Training loss 8.23982e-03 Validation loss 1.27093e-02 Time taken: 1.67 seconds 
Epoch: 47/200 Train accuracy: 7.05262e-01 Validation accuracy: 5.88000e-01 Training loss 8.23037e-03 Validation loss 1.26658e-02 Time taken: 1.67 seconds 
Epoch: 48/200 Train accuracy: 7.05946e-01 Validation accuracy: 5.82800e-01 Training loss 8.21468e-03 Validation loss 1.27260e-02 Time taken: 1.67 seconds 
Epoch: 49/200 Train accuracy: 7.06515e-01 Validation accuracy: 5.84600e-01 Training loss 8.19978e-03 Validation loss 1.26969e-02 Time taken: 1.66 seconds 
Epoch: 50/200 Train accuracy: 7.06377e-01 Validation accuracy: 5.83600e-01 Training loss 8.19108e-03 Validation loss 1.26488e-02 Time taken: 1.68 seconds 
Epoch: 51/200 Train accuracy: 7.06415e-01 Validation accuracy: 5.80200e-01 Training loss 8.18151e-03 Validation loss 1.27099e-02 Time taken: 1.68 seconds 
Epoch: 52/200 Train accuracy: 7.07492e-01 Validation accuracy: 5.82400e-01 Training loss 8.16659e-03 Validation loss 1.27742e-02 Time taken: 1.75 seconds 
Epoch: 53/200 Train accuracy: 7.07538e-01 Validation accuracy: 5.82000e-01 Training loss 8.15838e-03 Validation loss 1.26977e-02 Time taken: 1.71 seconds 
Epoch: 54/200 Train accuracy: 7.08600e-01 Validation accuracy: 5.81600e-01 Training loss 8.14376e-03 Validation loss 1.26665e-02 Time taken: 1.66 seconds 
Epoch: 55/200 Train accuracy: 7.07946e-01 Validation accuracy: 5.88400e-01 Training loss 8.13132e-03 Validation loss 1.26649e-02 Time taken: 1.67 seconds 
Epoch: 56/200 Train accuracy: 7.09062e-01 Validation accuracy: 5.87400e-01 Training loss 8.11962e-03 Validation loss 1.26746e-02 Time taken: 1.66 seconds 
Epoch: 57/200 Train accuracy: 7.08269e-01 Validation accuracy: 5.87800e-01 Training loss 8.11259e-03 Validation loss 1.26136e-02 Time taken: 1.66 seconds 
Epoch: 58/200 Train accuracy: 7.08831e-01 Validation accuracy: 5.85000e-01 Training loss 8.10299e-03 Validation loss 1.26525e-02 Time taken: 1.66 seconds 
Epoch: 59/200 Train accuracy: 7.10492e-01 Validation accuracy: 5.86800e-01 Training loss 8.09263e-03 Validation loss 1.25919e-02 Time taken: 1.79 seconds 
Epoch: 60/200 Train accuracy: 7.10915e-01 Validation accuracy: 5.85800e-01 Training loss 8.08461e-03 Validation loss 1.26366e-02 Time taken: 1.69 seconds 
Epoch: 61/200 Train accuracy: 7.10538e-01 Validation accuracy: 5.82600e-01 Training loss 8.07369e-03 Validation loss 1.26962e-02 Time taken: 1.67 seconds 
Epoch: 62/200 Train accuracy: 7.11077e-01 Validation accuracy: 5.83000e-01 Training loss 8.06468e-03 Validation loss 1.27265e-02 Time taken: 1.68 seconds 
Epoch: 63/200 Train accuracy: 7.10577e-01 Validation accuracy: 5.83600e-01 Training loss 8.06342e-03 Validation loss 1.26785e-02 Time taken: 1.67 seconds 
Epoch: 64/200 Train accuracy: 7.11400e-01 Validation accuracy: 5.85800e-01 Training loss 8.04958e-03 Validation loss 1.27206e-02 Time taken: 1.68 seconds 
Epoch: 65/200 Train accuracy: 7.11762e-01 Validation accuracy: 5.82200e-01 Training loss 8.04167e-03 Validation loss 1.26947e-02 Time taken: 1.67 seconds 
Epoch: 66/200 Train accuracy: 7.11362e-01 Validation accuracy: 5.87200e-01 Training loss 8.03447e-03 Validation loss 1.27193e-02 Time taken: 1.67 seconds 
Epoch: 67/200 Train accuracy: 7.12077e-01 Validation accuracy: 5.87600e-01 Training loss 8.02651e-03 Validation loss 1.26652e-02 Time taken: 1.67 seconds 
Epoch: 68/200 Train accuracy: 7.11723e-01 Validation accuracy: 5.86800e-01 Training loss 8.02299e-03 Validation loss 1.26766e-02 Time taken: 1.67 seconds 
Epoch: 69/200 Train accuracy: 7.12408e-01 Validation accuracy: 5.83600e-01 Training loss 8.00708e-03 Validation loss 1.26927e-02 Time taken: 1.67 seconds 
Epoch: 70/200 Train accuracy: 7.11677e-01 Validation accuracy: 5.88800e-01 Training loss 8.00767e-03 Validation loss 1.26228e-02 Time taken: 1.80 seconds 
Epoch: 71/200 Train accuracy: 7.12015e-01 Validation accuracy: 5.90000e-01 Training loss 7.99911e-03 Validation loss 1.26544e-02 Time taken: 1.68 seconds 
Epoch: 72/200 Train accuracy: 7.12485e-01 Validation accuracy: 5.84000e-01 Training loss 7.99082e-03 Validation loss 1.26869e-02 Time taken: 1.66 seconds 
Epoch: 73/200 Train accuracy: 7.13731e-01 Validation accuracy: 5.84400e-01 Training loss 7.98189e-03 Validation loss 1.27225e-02 Time taken: 1.67 seconds 
Epoch: 74/200 Train accuracy: 7.13246e-01 Validation accuracy: 5.91000e-01 Training loss 7.98142e-03 Validation loss 1.26270e-02 Time taken: 1.76 seconds 
Epoch: 75/200 Train accuracy: 7.14085e-01 Validation accuracy: 5.86600e-01 Training loss 7.97700e-03 Validation loss 1.26447e-02 Time taken: 1.66 seconds 
Epoch: 76/200 Train accuracy: 7.13869e-01 Validation accuracy: 5.84800e-01 Training loss 7.97066e-03 Validation loss 1.26252e-02 Time taken: 1.67 seconds 
Epoch: 77/200 Train accuracy: 7.14000e-01 Validation accuracy: 5.86200e-01 Training loss 7.95906e-03 Validation loss 1.27242e-02 Time taken: 1.66 seconds 
Epoch: 78/200 Train accuracy: 7.14354e-01 Validation accuracy: 5.83800e-01 Training loss 7.95400e-03 Validation loss 1.26340e-02 Time taken: 1.66 seconds 
Epoch: 79/200 Train accuracy: 7.13592e-01 Validation accuracy: 5.89200e-01 Training loss 7.94404e-03 Validation loss 1.26423e-02 Time taken: 1.67 seconds 
Epoch: 80/200 Train accuracy: 7.14754e-01 Validation accuracy: 5.85400e-01 Training loss 7.94303e-03 Validation loss 1.27118e-02 Time taken: 1.67 seconds 
Epoch: 81/200 Train accuracy: 7.15692e-01 Validation accuracy: 5.84800e-01 Training loss 7.93893e-03 Validation loss 1.26352e-02 Time taken: 1.66 seconds 
Epoch: 82/200 Train accuracy: 7.14000e-01 Validation accuracy: 5.84800e-01 Training loss 7.93622e-03 Validation loss 1.26505e-02 Time taken: 1.67 seconds 
Epoch: 83/200 Train accuracy: 7.14662e-01 Validation accuracy: 5.81800e-01 Training loss 7.92881e-03 Validation loss 1.26952e-02 Time taken: 1.68 seconds 
Epoch: 84/200 Train accuracy: 7.14654e-01 Validation accuracy: 5.86000e-01 Training loss 7.92702e-03 Validation loss 1.26305e-02 Time taken: 1.66 seconds 
Epoch: 85/200 Train accuracy: 7.15185e-01 Validation accuracy: 5.89400e-01 Training loss 7.91622e-03 Validation loss 1.27171e-02 Time taken: 1.85 seconds 
Epoch: 86/200 Train accuracy: 7.15108e-01 Validation accuracy: 5.78600e-01 Training loss 7.91407e-03 Validation loss 1.26497e-02 Time taken: 1.79 seconds 
Epoch: 87/200 Train accuracy: 7.16131e-01 Validation accuracy: 5.86000e-01 Training loss 7.90865e-03 Validation loss 1.26868e-02 Time taken: 1.67 seconds 
Epoch: 88/200 Train accuracy: 7.15800e-01 Validation accuracy: 5.85800e-01 Training loss 7.90485e-03 Validation loss 1.26996e-02 Time taken: 1.66 seconds 
Epoch: 89/200 Train accuracy: 7.16469e-01 Validation accuracy: 5.88200e-01 Training loss 7.89872e-03 Validation loss 1.27386e-02 Time taken: 1.69 seconds 
Epoch: 90/200 Train accuracy: 7.15977e-01 Validation accuracy: 5.83800e-01 Training loss 7.90044e-03 Validation loss 1.26263e-02 Time taken: 1.66 seconds 
Epoch: 91/200 Train accuracy: 7.16231e-01 Validation accuracy: 5.83000e-01 Training loss 7.89437e-03 Validation loss 1.26397e-02 Time taken: 1.66 seconds 
Epoch: 92/200 Train accuracy: 7.16431e-01 Validation accuracy: 5.86800e-01 Training loss 7.88517e-03 Validation loss 1.26627e-02 Time taken: 1.68 seconds 
Epoch: 93/200 Train accuracy: 7.16785e-01 Validation accuracy: 5.88400e-01 Training loss 7.88192e-03 Validation loss 1.26556e-02 Time taken: 1.66 seconds 
Epoch: 94/200 Train accuracy: 7.15600e-01 Validation accuracy: 5.84200e-01 Training loss 7.88302e-03 Validation loss 1.26699e-02 Time taken: 1.66 seconds 
Epoch: 95/200 Train accuracy: 7.16808e-01 Validation accuracy: 5.87600e-01 Training loss 7.87343e-03 Validation loss 1.27269e-02 Time taken: 1.72 seconds 
Epoch: 96/200 Train accuracy: 7.16592e-01 Validation accuracy: 5.80200e-01 Training loss 7.87345e-03 Validation loss 1.26916e-02 Time taken: 1.75 seconds 
Epoch: 97/200 Train accuracy: 7.16400e-01 Validation accuracy: 5.84800e-01 Training loss 7.86683e-03 Validation loss 1.27339e-02 Time taken: 1.66 seconds 
Epoch: 98/200 Train accuracy: 7.17169e-01 Validation accuracy: 5.79400e-01 Training loss 7.86245e-03 Validation loss 1.26600e-02 Time taken: 1.66 seconds 
Epoch: 99/200 Train accuracy: 7.17838e-01 Validation accuracy: 5.86600e-01 Training loss 7.86330e-03 Validation loss 1.26895e-02 Time taken: 1.66 seconds 
Epoch: 100/200 Train accuracy: 7.16892e-01 Validation accuracy: 5.87600e-01 Training loss 7.85846e-03 Validation loss 1.26855e-02 Time taken: 1.66 seconds 
Epoch: 101/200 Train accuracy: 7.18292e-01 Validation accuracy: 5.91800e-01 Training loss 7.85056e-03 Validation loss 1.26354e-02 Time taken: 1.66 seconds 
Epoch: 102/200 Train accuracy: 7.18331e-01 Validation accuracy: 5.83600e-01 Training loss 7.84804e-03 Validation loss 1.26544e-02 Time taken: 1.68 seconds 
Epoch: 103/200 Train accuracy: 7.17346e-01 Validation accuracy: 5.85800e-01 Training loss 7.85010e-03 Validation loss 1.26831e-02 Time taken: 1.67 seconds 
Epoch: 104/200 Train accuracy: 7.18038e-01 Validation accuracy: 5.87800e-01 Training loss 7.84428e-03 Validation loss 1.26783e-02 Time taken: 1.66 seconds 
Epoch: 105/200 Train accuracy: 7.18023e-01 Validation accuracy: 5.85600e-01 Training loss 7.84039e-03 Validation loss 1.27400e-02 Time taken: 1.67 seconds 
Epoch: 106/200 Train accuracy: 7.18438e-01 Validation accuracy: 5.85400e-01 Training loss 7.83396e-03 Validation loss 1.26962e-02 Time taken: 1.79 seconds 
Epoch: 107/200 Train accuracy: 7.18169e-01 Validation accuracy: 5.85600e-01 Training loss 7.83312e-03 Validation loss 1.26560e-02 Time taken: 1.70 seconds 
Epoch: 108/200 Train accuracy: 7.18569e-01 Validation accuracy: 5.84000e-01 Training loss 7.82844e-03 Validation loss 1.26561e-02 Time taken: 1.66 seconds 
Epoch: 109/200 Train accuracy: 7.18785e-01 Validation accuracy: 5.89000e-01 Training loss 7.82564e-03 Validation loss 1.26664e-02 Time taken: 1.66 seconds 
Epoch: 110/200 Train accuracy: 7.17677e-01 Validation accuracy: 5.83800e-01 Training loss 7.82843e-03 Validation loss 1.27536e-02 Time taken: 1.66 seconds 
Epoch: 111/200 Train accuracy: 7.18508e-01 Validation accuracy: 5.83800e-01 Training loss 7.82139e-03 Validation loss 1.27537e-02 Time taken: 1.65 seconds 
Epoch: 112/200 Train accuracy: 7.18969e-01 Validation accuracy: 5.90200e-01 Training loss 7.82163e-03 Validation loss 1.26565e-02 Time taken: 1.66 seconds 
Epoch: 113/200 Train accuracy: 7.18685e-01 Validation accuracy: 5.84600e-01 Training loss 7.82256e-03 Validation loss 1.26629e-02 Time taken: 1.66 seconds 
Epoch: 114/200 Train accuracy: 7.19485e-01 Validation accuracy: 5.85200e-01 Training loss 7.81382e-03 Validation loss 1.27059e-02 Time taken: 1.66 seconds 
Epoch: 115/200 Train accuracy: 7.19031e-01 Validation accuracy: 5.82000e-01 Training loss 7.81188e-03 Validation loss 1.26644e-02 Time taken: 1.68 seconds 
Epoch: 116/200 Train accuracy: 7.18638e-01 Validation accuracy: 5.86800e-01 Training loss 7.81008e-03 Validation loss 1.26634e-02 Time taken: 1.65 seconds 
Epoch: 117/200 Train accuracy: 7.18638e-01 Validation accuracy: 5.89800e-01 Training loss 7.81184e-03 Validation loss 1.27102e-02 Time taken: 1.70 seconds 
Epoch: 118/200 Train accuracy: 7.18654e-01 Validation accuracy: 5.85800e-01 Training loss 7.80299e-03 Validation loss 1.26805e-02 Time taken: 1.77 seconds 
Epoch: 119/200 Train accuracy: 7.18869e-01 Validation accuracy: 5.87800e-01 Training loss 7.80507e-03 Validation loss 1.27110e-02 Time taken: 1.69 seconds 
Epoch: 120/200 Train accuracy: 7.19900e-01 Validation accuracy: 5.81200e-01 Training loss 7.79698e-03 Validation loss 1.26832e-02 Time taken: 1.66 seconds 
Epoch: 121/200 Train accuracy: 7.18708e-01 Validation accuracy: 5.87800e-01 Training loss 7.79964e-03 Validation loss 1.25977e-02 Time taken: 1.66 seconds 
Epoch: 122/200 Train accuracy: 7.19254e-01 Validation accuracy: 5.89200e-01 Training loss 7.79940e-03 Validation loss 1.26910e-02 Time taken: 1.64 seconds 
Epoch: 123/200 Train accuracy: 7.20085e-01 Validation accuracy: 5.87000e-01 Training loss 7.79264e-03 Validation loss 1.26536e-02 Time taken: 1.64 seconds 
Epoch: 124/200 Train accuracy: 7.19277e-01 Validation accuracy: 5.80000e-01 Training loss 7.79367e-03 Validation loss 1.27137e-02 Time taken: 1.66 seconds 
Epoch: 125/200 Train accuracy: 7.18823e-01 Validation accuracy: 5.92200e-01 Training loss 7.79100e-03 Validation loss 1.26690e-02 Time taken: 1.66 seconds 
Epoch: 126/200 Train accuracy: 7.20869e-01 Validation accuracy: 5.90000e-01 Training loss 7.78585e-03 Validation loss 1.26928e-02 Time taken: 1.68 seconds 
Epoch: 127/200 Train accuracy: 7.19862e-01 Validation accuracy: 5.85800e-01 Training loss 7.78652e-03 Validation loss 1.25970e-02 Time taken: 1.67 seconds 
Epoch: 128/200 Train accuracy: 7.19854e-01 Validation accuracy: 5.86000e-01 Training loss 7.78304e-03 Validation loss 1.26525e-02 Time taken: 1.67 seconds 
Epoch: 129/200 Train accuracy: 7.19631e-01 Validation accuracy: 5.89200e-01 Training loss 7.78268e-03 Validation loss 1.26755e-02 Time taken: 1.67 seconds 
Epoch: 130/200 Train accuracy: 7.19377e-01 Validation accuracy: 5.85200e-01 Training loss 7.78290e-03 Validation loss 1.26556e-02 Time taken: 1.67 seconds 
Epoch: 131/200 Train accuracy: 7.18662e-01 Validation accuracy: 5.87200e-01 Training loss 7.77788e-03 Validation loss 1.26507e-02 Time taken: 1.66 seconds 
Epoch: 132/200 Train accuracy: 7.19938e-01 Validation accuracy: 5.88200e-01 Training loss 7.77916e-03 Validation loss 1.26700e-02 Time taken: 1.67 seconds 
Epoch: 133/200 Train accuracy: 7.20500e-01 Validation accuracy: 5.85200e-01 Training loss 7.77196e-03 Validation loss 1.26910e-02 Time taken: 1.66 seconds 
Epoch: 134/200 Train accuracy: 7.19069e-01 Validation accuracy: 5.90800e-01 Training loss 7.77266e-03 Validation loss 1.26632e-02 Time taken: 1.82 seconds 
Epoch: 135/200 Train accuracy: 7.19862e-01 Validation accuracy: 5.87200e-01 Training loss 7.77533e-03 Validation loss 1.26715e-02 Time taken: 1.66 seconds 
Epoch: 136/200 Train accuracy: 7.20169e-01 Validation accuracy: 5.86600e-01 Training loss 7.76967e-03 Validation loss 1.26129e-02 Time taken: 1.67 seconds 
Epoch: 137/200 Train accuracy: 7.20523e-01 Validation accuracy: 5.88800e-01 Training loss 7.76456e-03 Validation loss 1.26436e-02 Time taken: 1.66 seconds 
Epoch: 138/200 Train accuracy: 7.20431e-01 Validation accuracy: 5.89400e-01 Training loss 7.77083e-03 Validation loss 1.26615e-02 Time taken: 1.67 seconds 
Epoch: 139/200 Train accuracy: 7.20923e-01 Validation accuracy: 5.86000e-01 Training loss 7.76114e-03 Validation loss 1.26340e-02 Time taken: 1.76 seconds 
Epoch: 140/200 Train accuracy: 7.20054e-01 Validation accuracy: 5.86800e-01 Training loss 7.76380e-03 Validation loss 1.27021e-02 Time taken: 1.66 seconds 
Epoch: 141/200 Train accuracy: 7.20977e-01 Validation accuracy: 5.89200e-01 Training loss 7.76227e-03 Validation loss 1.26254e-02 Time taken: 1.65 seconds 
Epoch: 142/200 Train accuracy: 7.20500e-01 Validation accuracy: 5.81000e-01 Training loss 7.75721e-03 Validation loss 1.27195e-02 Time taken: 1.67 seconds 
Epoch: 143/200 Train accuracy: 7.20000e-01 Validation accuracy: 5.80600e-01 Training loss 7.76082e-03 Validation loss 1.26879e-02 Time taken: 1.66 seconds 
Epoch: 144/200 Train accuracy: 7.20508e-01 Validation accuracy: 5.81400e-01 Training loss 7.75873e-03 Validation loss 1.27348e-02 Time taken: 1.66 seconds 
Epoch: 145/200 Train accuracy: 7.20700e-01 Validation accuracy: 5.85600e-01 Training loss 7.76028e-03 Validation loss 1.26646e-02 Time taken: 1.68 seconds 
Epoch: 146/200 Train accuracy: 7.20238e-01 Validation accuracy: 5.84600e-01 Training loss 7.75251e-03 Validation loss 1.26305e-02 Time taken: 1.66 seconds 
Epoch: 147/200 Train accuracy: 7.20885e-01 Validation accuracy: 5.92600e-01 Training loss 7.75237e-03 Validation loss 1.26428e-02 Time taken: 1.66 seconds 
Epoch: 148/200 Train accuracy: 7.20777e-01 Validation accuracy: 5.82800e-01 Training loss 7.75054e-03 Validation loss 1.27092e-02 Time taken: 1.67 seconds 
Epoch: 149/200 Train accuracy: 7.20831e-01 Validation accuracy: 5.87600e-01 Training loss 7.74897e-03 Validation loss 1.26410e-02 Time taken: 1.66 seconds 
Epoch: 150/200 Train accuracy: 7.20915e-01 Validation accuracy: 5.87000e-01 Training loss 7.75194e-03 Validation loss 1.26507e-02 Time taken: 1.66 seconds 
Epoch: 151/200 Train accuracy: 7.20623e-01 Validation accuracy: 5.80200e-01 Training loss 7.75083e-03 Validation loss 1.27183e-02 Time taken: 1.67 seconds 
Epoch: 152/200 Train accuracy: 7.21323e-01 Validation accuracy: 5.85800e-01 Training loss 7.74286e-03 Validation loss 1.26806e-02 Time taken: 1.66 seconds 
Epoch: 153/200 Train accuracy: 7.20738e-01 Validation accuracy: 5.87800e-01 Training loss 7.74302e-03 Validation loss 1.26650e-02 Time taken: 1.78 seconds 
Epoch: 154/200 Train accuracy: 7.21615e-01 Validation accuracy: 5.85000e-01 Training loss 7.74643e-03 Validation loss 1.26375e-02 Time taken: 1.69 seconds 
Epoch: 155/200 Train accuracy: 7.21077e-01 Validation accuracy: 5.85000e-01 Training loss 7.74107e-03 Validation loss 1.26373e-02 Time taken: 1.66 seconds 
Epoch: 156/200 Train accuracy: 7.21469e-01 Validation accuracy: 5.84600e-01 Training loss 7.74382e-03 Validation loss 1.26628e-02 Time taken: 1.66 seconds 
Epoch: 157/200 Train accuracy: 7.20623e-01 Validation accuracy: 5.86000e-01 Training loss 7.74142e-03 Validation loss 1.26086e-02 Time taken: 1.68 seconds 
Epoch: 158/200 Train accuracy: 7.21469e-01 Validation accuracy: 5.86600e-01 Training loss 7.73859e-03 Validation loss 1.26995e-02 Time taken: 1.66 seconds 
Epoch: 159/200 Train accuracy: 7.20908e-01 Validation accuracy: 5.86200e-01 Training loss 7.73298e-03 Validation loss 1.26518e-02 Time taken: 1.66 seconds 
Epoch: 160/200 Train accuracy: 7.21031e-01 Validation accuracy: 5.90200e-01 Training loss 7.73463e-03 Validation loss 1.26929e-02 Time taken: 1.66 seconds 
Epoch: 161/200 Train accuracy: 7.22000e-01 Validation accuracy: 5.89600e-01 Training loss 7.73199e-03 Validation loss 1.26849e-02 Time taken: 1.69 seconds 
Epoch: 162/200 Train accuracy: 7.21346e-01 Validation accuracy: 5.89200e-01 Training loss 7.73271e-03 Validation loss 1.26838e-02 Time taken: 1.77 seconds 
Epoch: 163/200 Train accuracy: 7.20100e-01 Validation accuracy: 5.89000e-01 Training loss 7.73825e-03 Validation loss 1.26692e-02 Time taken: 1.68 seconds 
Epoch: 164/200 Train accuracy: 7.20738e-01 Validation accuracy: 5.86400e-01 Training loss 7.72958e-03 Validation loss 1.27223e-02 Time taken: 1.66 seconds 
Epoch: 165/200 Train accuracy: 7.21523e-01 Validation accuracy: 5.89200e-01 Training loss 7.72781e-03 Validation loss 1.26375e-02 Time taken: 1.66 seconds 
Epoch: 166/200 Train accuracy: 7.21908e-01 Validation accuracy: 5.84600e-01 Training loss 7.73341e-03 Validation loss 1.26320e-02 Time taken: 1.66 seconds 
Epoch: 167/200 Train accuracy: 7.21846e-01 Validation accuracy: 5.87200e-01 Training loss 7.72713e-03 Validation loss 1.26852e-02 Time taken: 1.69 seconds 
Epoch: 168/200 Train accuracy: 7.21638e-01 Validation accuracy: 5.83400e-01 Training loss 7.72718e-03 Validation loss 1.26536e-02 Time taken: 1.66 seconds 
Epoch: 169/200 Train accuracy: 7.20577e-01 Validation accuracy: 5.83600e-01 Training loss 7.72660e-03 Validation loss 1.27293e-02 Time taken: 1.68 seconds 
Epoch: 170/200 Train accuracy: 7.21600e-01 Validation accuracy: 5.87200e-01 Training loss 7.72695e-03 Validation loss 1.26909e-02 Time taken: 1.69 seconds 
Epoch: 171/200 Train accuracy: 7.21662e-01 Validation accuracy: 5.86800e-01 Training loss 7.72435e-03 Validation loss 1.26443e-02 Time taken: 1.68 seconds 
Epoch: 172/200 Train accuracy: 7.20954e-01 Validation accuracy: 5.86800e-01 Training loss 7.72439e-03 Validation loss 1.26153e-02 Time taken: 1.67 seconds 
Epoch: 173/200 Train accuracy: 7.21600e-01 Validation accuracy: 5.87400e-01 Training loss 7.72067e-03 Validation loss 1.26570e-02 Time taken: 1.67 seconds 
Epoch: 174/200 Train accuracy: 7.22369e-01 Validation accuracy: 5.84400e-01 Training loss 7.72005e-03 Validation loss 1.26234e-02 Time taken: 1.66 seconds 
Epoch: 175/200 Train accuracy: 7.21746e-01 Validation accuracy: 5.91600e-01 Training loss 7.72396e-03 Validation loss 1.26623e-02 Time taken: 1.66 seconds 
Epoch: 176/200 Train accuracy: 7.21800e-01 Validation accuracy: 5.90000e-01 Training loss 7.72041e-03 Validation loss 1.26102e-02 Time taken: 1.66 seconds 
Epoch: 177/200 Train accuracy: 7.21800e-01 Validation accuracy: 5.88200e-01 Training loss 7.72014e-03 Validation loss 1.27043e-02 Time taken: 1.68 seconds 
Epoch: 178/200 Train accuracy: 7.22092e-01 Validation accuracy: 5.87200e-01 Training loss 7.71983e-03 Validation loss 1.26761e-02 Time taken: 2.44 seconds 
Epoch: 179/200 Train accuracy: 7.20846e-01 Validation accuracy: 5.88200e-01 Training loss 7.72064e-03 Validation loss 1.26693e-02 Time taken: 3.47 seconds 
Epoch: 180/200 Train accuracy: 7.21915e-01 Validation accuracy: 5.82400e-01 Training loss 7.71828e-03 Validation loss 1.26768e-02 Time taken: 1.66 seconds 
Epoch: 181/200 Train accuracy: 7.21162e-01 Validation accuracy: 5.84600e-01 Training loss 7.71945e-03 Validation loss 1.26393e-02 Time taken: 1.65 seconds 
Epoch: 182/200 Train accuracy: 7.21969e-01 Validation accuracy: 5.90200e-01 Training loss 7.71379e-03 Validation loss 1.26440e-02 Time taken: 1.66 seconds 
Epoch: 183/200 Train accuracy: 7.22308e-01 Validation accuracy: 5.85400e-01 Training loss 7.71703e-03 Validation loss 1.27450e-02 Time taken: 1.68 seconds 
Epoch: 184/200 Train accuracy: 7.21585e-01 Validation accuracy: 5.87000e-01 Training loss 7.72026e-03 Validation loss 1.26468e-02 Time taken: 1.68 seconds 
Epoch: 185/200 Train accuracy: 7.21492e-01 Validation accuracy: 5.85400e-01 Training loss 7.71203e-03 Validation loss 1.26845e-02 Time taken: 1.66 seconds 
Epoch: 186/200 Train accuracy: 7.22038e-01 Validation accuracy: 5.89600e-01 Training loss 7.71509e-03 Validation loss 1.26561e-02 Time taken: 1.69 seconds 
Epoch: 187/200 Train accuracy: 7.21177e-01 Validation accuracy: 5.90400e-01 Training loss 7.71405e-03 Validation loss 1.26814e-02 Time taken: 1.67 seconds 
Epoch: 188/200 Train accuracy: 7.22215e-01 Validation accuracy: 5.87000e-01 Training loss 7.71133e-03 Validation loss 1.26223e-02 Time taken: 1.66 seconds 
Epoch: 189/200 Train accuracy: 7.22438e-01 Validation accuracy: 5.82600e-01 Training loss 7.70929e-03 Validation loss 1.26916e-02 Time taken: 1.67 seconds 
Epoch: 190/200 Train accuracy: 7.21123e-01 Validation accuracy: 5.85000e-01 Training loss 7.71312e-03 Validation loss 1.27009e-02 Time taken: 1.79 seconds 
Epoch: 191/200 Train accuracy: 7.21900e-01 Validation accuracy: 5.86400e-01 Training loss 7.71236e-03 Validation loss 1.26739e-02 Time taken: 1.67 seconds 
Epoch: 192/200 Train accuracy: 7.21969e-01 Validation accuracy: 5.86200e-01 Training loss 7.70769e-03 Validation loss 1.27309e-02 Time taken: 1.66 seconds 
Epoch: 193/200 Train accuracy: 7.21777e-01 Validation accuracy: 5.90000e-01 Training loss 7.70730e-03 Validation loss 1.26670e-02 Time taken: 1.72 seconds 
Epoch: 194/200 Train accuracy: 7.21669e-01 Validation accuracy: 5.84600e-01 Training loss 7.70935e-03 Validation loss 1.26033e-02 Time taken: 1.68 seconds 
Epoch: 195/200 Train accuracy: 7.22223e-01 Validation accuracy: 5.89600e-01 Training loss 7.71191e-03 Validation loss 1.27324e-02 Time taken: 1.66 seconds 
Epoch: 196/200 Train accuracy: 7.22346e-01 Validation accuracy: 5.90400e-01 Training loss 7.70928e-03 Validation loss 1.26724e-02 Time taken: 1.66 seconds 
Epoch: 197/200 Train accuracy: 7.21654e-01 Validation accuracy: 5.88000e-01 Training loss 7.71142e-03 Validation loss 1.26293e-02 Time taken: 1.87 seconds 
Epoch: 198/200 Train accuracy: 7.21815e-01 Validation accuracy: 5.89400e-01 Training loss 7.70135e-03 Validation loss 1.27050e-02 Time taken: 1.68 seconds 
Epoch: 199/200 Train accuracy: 7.22085e-01 Validation accuracy: 5.88400e-01 Training loss 7.70325e-03 Validation loss 1.27344e-02 Time taken: 1.65 seconds 
Epoch: 200/200 Train accuracy: 7.21908e-01 Validation accuracy: 5.88800e-01 Training loss 7.70755e-03 Validation loss 1.26838e-02 Time taken: 1.65 seconds 
Total time taken 0:05:41.645740
Cleaning up intermediate feature (.pt) files
Done


