INFO:root:called-params cls_configs/cls-in100-cifar100-multi.yaml
INFO:root:loaded params....
{   'data': {   'batch_size': 128,
                'crop_size': 224,
                'model_name': 'vit_base',
                'num_classes': 100,
                'patch_size': 16,
                'probe_checkpoints': True,
                'probe_prefix': 'jepa-in100',
                'train_dataset_path': 'datasets/imagenet100/train',
                'val_dataset_path': 'datasets/imagenet100/val'},
    'logging': {   'checkpoint_freq': 1000,
                   'eval_output': 'ocls-jepa-in100-l2-pkt-chunks-seed2.out',
                   'log_dir': 'logs_IN100/in100-vitb16-l2-ep300',
                   'log_file': 'in100-stats-l2-pkt-chunks-seed2.csv',
                   'save_path': 'classifiers/jepa-in100-l2-seed2-classifier-pretrained-vitb'},
    'message': 'Multi classification back to back',
    'meta': {'device': 'cuda:0'},
    'multi_probing': ['logs_IN100/in100-vitb16-l2-ep300'],
    'optimization': {   'epochs': 200,
                        'lr': 0.001,
                        'use_last_n_blocks': 1,
                        'use_normalization': False}}
INFO:root:working on file logs_IN100/in100-vitb16-l2-ep300/jepa-in100-ep150.pth.tar ...
Directory logs_IN100/in100-vitb16-l2-ep300/classifiers for saving the classifiers is now present
VisionTransformer(
  (patch_embed): PatchEmbed(
    (proj): Conv2d(3, 768, kernel_size=(16, 16), stride=(16, 16))
  )
  (blocks): ModuleList(
    (0-11): 12 x Block(
      (norm1): LayerNorm((768,), eps=1e-06, elementwise_affine=True)
      (attn): Attention(
        (qkv): Linear(in_features=768, out_features=2304, bias=True)
        (attn_drop): Dropout(p=0.0, inplace=False)
        (proj): Linear(in_features=768, out_features=768, bias=True)
        (proj_drop): Dropout(p=0.0, inplace=False)
      )
      (drop_path): Identity()
      (norm2): LayerNorm((768,), eps=1e-06, elementwise_affine=True)
      (mlp): MLP(
        (fc1): Linear(in_features=768, out_features=3072, bias=True)
        (act): GELU(approximate='none')
        (fc2): Linear(in_features=3072, out_features=768, bias=True)
        (drop): Dropout(p=0.0, inplace=False)
      )
    )
  )
  (norm): LayerNorm((768,), eps=1e-06, elementwise_affine=True)
)
Extracting features and saving them in memory..
Extracting features...
Done extracting features...
 Creating datasets
Created datasets...
 Creating data loaders
Done with data loaders
Commencing training
Epoch: 1/200 Train accuracy: 2.89460e-01 Validation accuracy: 3.78000e-01 Training loss 2.37729e-02 Validation loss 1.92199e-02 Time taken: 0.87 seconds 
Epoch: 2/200 Train accuracy: 4.11000e-01 Validation accuracy: 4.07000e-01 Training loss 1.78457e-02 Validation loss 1.81903e-02 Time taken: 0.74 seconds 
Epoch: 3/200 Train accuracy: 4.49360e-01 Validation accuracy: 4.42000e-01 Training loss 1.63598e-02 Validation loss 1.69657e-02 Time taken: 0.87 seconds 
Epoch: 4/200 Train accuracy: 4.74460e-01 Validation accuracy: 4.46900e-01 Training loss 1.55585e-02 Validation loss 1.67422e-02 Time taken: 0.94 seconds 
Epoch: 5/200 Train accuracy: 4.91000e-01 Validation accuracy: 4.60200e-01 Training loss 1.49474e-02 Validation loss 1.62135e-02 Time taken: 0.90 seconds 
Epoch: 6/200 Train accuracy: 5.02680e-01 Validation accuracy: 4.72800e-01 Training loss 1.44444e-02 Validation loss 1.57759e-02 Time taken: 0.82 seconds 
Epoch: 7/200 Train accuracy: 5.13600e-01 Validation accuracy: 4.71100e-01 Training loss 1.40270e-02 Validation loss 1.59143e-02 Time taken: 0.76 seconds 
Epoch: 8/200 Train accuracy: 5.21880e-01 Validation accuracy: 4.78400e-01 Training loss 1.37934e-02 Validation loss 1.56373e-02 Time taken: 0.79 seconds 
Epoch: 9/200 Train accuracy: 5.28480e-01 Validation accuracy: 4.83300e-01 Training loss 1.35220e-02 Validation loss 1.55644e-02 Time taken: 0.81 seconds 
Epoch: 10/200 Train accuracy: 5.39780e-01 Validation accuracy: 4.92500e-01 Training loss 1.32346e-02 Validation loss 1.53813e-02 Time taken: 0.79 seconds 
Epoch: 11/200 Train accuracy: 5.42920e-01 Validation accuracy: 4.88200e-01 Training loss 1.30454e-02 Validation loss 1.53423e-02 Time taken: 0.79 seconds 
Epoch: 12/200 Train accuracy: 5.49420e-01 Validation accuracy: 4.95200e-01 Training loss 1.29303e-02 Validation loss 1.51409e-02 Time taken: 0.78 seconds 
Epoch: 13/200 Train accuracy: 5.50640e-01 Validation accuracy: 4.99100e-01 Training loss 1.28395e-02 Validation loss 1.51145e-02 Time taken: 0.77 seconds 
Epoch: 14/200 Train accuracy: 5.56740e-01 Validation accuracy: 4.90000e-01 Training loss 1.25754e-02 Validation loss 1.53657e-02 Time taken: 0.79 seconds 
Epoch: 15/200 Train accuracy: 5.56920e-01 Validation accuracy: 4.98100e-01 Training loss 1.25570e-02 Validation loss 1.52013e-02 Time taken: 4.53 seconds 
Epoch: 16/200 Train accuracy: 5.62820e-01 Validation accuracy: 4.88000e-01 Training loss 1.24168e-02 Validation loss 1.55265e-02 Time taken: 1.51 seconds 
Epoch: 17/200 Train accuracy: 5.61780e-01 Validation accuracy: 5.13700e-01 Training loss 1.23917e-02 Validation loss 1.46607e-02 Time taken: 1.35 seconds 
Epoch: 18/200 Train accuracy: 5.67620e-01 Validation accuracy: 5.03200e-01 Training loss 1.22399e-02 Validation loss 1.50290e-02 Time taken: 1.31 seconds 
Epoch: 19/200 Train accuracy: 5.68120e-01 Validation accuracy: 5.03500e-01 Training loss 1.21794e-02 Validation loss 1.49769e-02 Time taken: 1.34 seconds 
Epoch: 20/200 Train accuracy: 5.73800e-01 Validation accuracy: 5.10300e-01 Training loss 1.20817e-02 Validation loss 1.47818e-02 Time taken: 1.37 seconds 
Epoch: 21/200 Train accuracy: 5.73060e-01 Validation accuracy: 5.06200e-01 Training loss 1.20202e-02 Validation loss 1.48735e-02 Time taken: 1.41 seconds 
Epoch: 22/200 Train accuracy: 5.77680e-01 Validation accuracy: 5.09100e-01 Training loss 1.19469e-02 Validation loss 1.47960e-02 Time taken: 1.37 seconds 
Epoch: 23/200 Train accuracy: 5.79520e-01 Validation accuracy: 5.11500e-01 Training loss 1.18810e-02 Validation loss 1.48692e-02 Time taken: 1.56 seconds 
Epoch: 24/200 Train accuracy: 5.80360e-01 Validation accuracy: 5.06800e-01 Training loss 1.18287e-02 Validation loss 1.50249e-02 Time taken: 1.44 seconds 
Epoch: 25/200 Train accuracy: 5.80360e-01 Validation accuracy: 5.05000e-01 Training loss 1.17619e-02 Validation loss 1.50889e-02 Time taken: 1.44 seconds 
Epoch: 26/200 Train accuracy: 5.84020e-01 Validation accuracy: 5.10500e-01 Training loss 1.17079e-02 Validation loss 1.48321e-02 Time taken: 1.36 seconds 
Epoch: 27/200 Train accuracy: 5.85020e-01 Validation accuracy: 5.12700e-01 Training loss 1.16447e-02 Validation loss 1.47294e-02 Time taken: 0.91 seconds 
Epoch: 28/200 Train accuracy: 5.89980e-01 Validation accuracy: 5.12200e-01 Training loss 1.15447e-02 Validation loss 1.49608e-02 Time taken: 0.79 seconds 
Epoch: 29/200 Train accuracy: 5.89560e-01 Validation accuracy: 5.12200e-01 Training loss 1.15561e-02 Validation loss 1.49477e-02 Time taken: 0.77 seconds 
Epoch: 30/200 Train accuracy: 5.94560e-01 Validation accuracy: 5.15700e-01 Training loss 1.14199e-02 Validation loss 1.48581e-02 Time taken: 1.35 seconds 
Epoch: 31/200 Train accuracy: 5.93680e-01 Validation accuracy: 5.17200e-01 Training loss 1.14003e-02 Validation loss 1.46886e-02 Time taken: 1.32 seconds 
Epoch: 32/200 Train accuracy: 5.92340e-01 Validation accuracy: 5.19900e-01 Training loss 1.14072e-02 Validation loss 1.45742e-02 Time taken: 0.91 seconds 
Epoch: 33/200 Train accuracy: 5.97480e-01 Validation accuracy: 5.18400e-01 Training loss 1.12966e-02 Validation loss 1.46939e-02 Time taken: 0.87 seconds 
Epoch: 34/200 Train accuracy: 5.94760e-01 Validation accuracy: 5.17000e-01 Training loss 1.13267e-02 Validation loss 1.48087e-02 Time taken: 0.82 seconds 
Epoch: 35/200 Train accuracy: 5.99060e-01 Validation accuracy: 5.18200e-01 Training loss 1.12632e-02 Validation loss 1.46829e-02 Time taken: 0.76 seconds 
Epoch: 36/200 Train accuracy: 6.02320e-01 Validation accuracy: 5.10600e-01 Training loss 1.11403e-02 Validation loss 1.49670e-02 Time taken: 0.76 seconds 
Epoch: 37/200 Train accuracy: 6.00360e-01 Validation accuracy: 5.13800e-01 Training loss 1.11782e-02 Validation loss 1.47343e-02 Time taken: 0.79 seconds 
Epoch: 38/200 Train accuracy: 6.00900e-01 Validation accuracy: 5.13000e-01 Training loss 1.11723e-02 Validation loss 1.49506e-02 Time taken: 0.89 seconds 
Epoch: 39/200 Train accuracy: 6.04900e-01 Validation accuracy: 5.17800e-01 Training loss 1.10696e-02 Validation loss 1.48139e-02 Time taken: 0.97 seconds 
Epoch: 40/200 Train accuracy: 6.04640e-01 Validation accuracy: 5.23300e-01 Training loss 1.10611e-02 Validation loss 1.45533e-02 Time taken: 0.85 seconds 
Epoch: 41/200 Train accuracy: 6.07820e-01 Validation accuracy: 5.23900e-01 Training loss 1.09963e-02 Validation loss 1.45768e-02 Time taken: 0.76 seconds 
Epoch: 42/200 Train accuracy: 6.05960e-01 Validation accuracy: 5.18700e-01 Training loss 1.10187e-02 Validation loss 1.48874e-02 Time taken: 0.76 seconds 
Epoch: 43/200 Train accuracy: 6.10960e-01 Validation accuracy: 5.12500e-01 Training loss 1.09246e-02 Validation loss 1.49466e-02 Time taken: 0.77 seconds 
Epoch: 44/200 Train accuracy: 6.07620e-01 Validation accuracy: 5.15800e-01 Training loss 1.09486e-02 Validation loss 1.50642e-02 Time taken: 0.87 seconds 
Epoch: 45/200 Train accuracy: 6.09360e-01 Validation accuracy: 5.15800e-01 Training loss 1.08901e-02 Validation loss 1.46747e-02 Time taken: 0.77 seconds 
Epoch: 46/200 Train accuracy: 6.08780e-01 Validation accuracy: 5.15800e-01 Training loss 1.08884e-02 Validation loss 1.49518e-02 Time taken: 0.76 seconds 
Epoch: 47/200 Train accuracy: 6.11400e-01 Validation accuracy: 5.19700e-01 Training loss 1.08724e-02 Validation loss 1.48990e-02 Time taken: 0.76 seconds 
Epoch: 48/200 Train accuracy: 6.12000e-01 Validation accuracy: 5.22100e-01 Training loss 1.08212e-02 Validation loss 1.47445e-02 Time taken: 0.76 seconds 
Epoch: 49/200 Train accuracy: 6.12340e-01 Validation accuracy: 5.17600e-01 Training loss 1.07595e-02 Validation loss 1.47377e-02 Time taken: 0.82 seconds 
Epoch: 50/200 Train accuracy: 6.13420e-01 Validation accuracy: 5.16300e-01 Training loss 1.08176e-02 Validation loss 1.50010e-02 Time taken: 0.96 seconds 
Epoch: 51/200 Train accuracy: 6.14640e-01 Validation accuracy: 5.22800e-01 Training loss 1.07546e-02 Validation loss 1.46734e-02 Time taken: 0.94 seconds 
Epoch: 52/200 Train accuracy: 6.15660e-01 Validation accuracy: 5.11600e-01 Training loss 1.07280e-02 Validation loss 1.51711e-02 Time taken: 0.76 seconds 
Epoch: 53/200 Train accuracy: 6.16500e-01 Validation accuracy: 5.25000e-01 Training loss 1.06512e-02 Validation loss 1.47235e-02 Time taken: 0.76 seconds 
Epoch: 54/200 Train accuracy: 6.17600e-01 Validation accuracy: 5.22500e-01 Training loss 1.06397e-02 Validation loss 1.48922e-02 Time taken: 0.76 seconds 
Epoch: 55/200 Train accuracy: 6.21460e-01 Validation accuracy: 5.13100e-01 Training loss 1.05889e-02 Validation loss 1.50839e-02 Time taken: 0.87 seconds 
Epoch: 56/200 Train accuracy: 6.16880e-01 Validation accuracy: 5.25500e-01 Training loss 1.06318e-02 Validation loss 1.47888e-02 Time taken: 0.95 seconds 
Epoch: 57/200 Train accuracy: 6.21100e-01 Validation accuracy: 5.18400e-01 Training loss 1.05492e-02 Validation loss 1.49359e-02 Time taken: 0.89 seconds 
Epoch: 58/200 Train accuracy: 6.16380e-01 Validation accuracy: 5.27400e-01 Training loss 1.06294e-02 Validation loss 1.47704e-02 Time taken: 0.77 seconds 
Epoch: 59/200 Train accuracy: 6.20580e-01 Validation accuracy: 5.17600e-01 Training loss 1.04951e-02 Validation loss 1.49560e-02 Time taken: 0.78 seconds 
Epoch: 60/200 Train accuracy: 6.21520e-01 Validation accuracy: 5.22800e-01 Training loss 1.05171e-02 Validation loss 1.49689e-02 Time taken: 0.79 seconds 
Epoch: 61/200 Train accuracy: 6.20980e-01 Validation accuracy: 5.13900e-01 Training loss 1.04662e-02 Validation loss 1.54090e-02 Time taken: 0.86 seconds 
Epoch: 62/200 Train accuracy: 6.23720e-01 Validation accuracy: 5.13900e-01 Training loss 1.04648e-02 Validation loss 1.52380e-02 Time taken: 0.86 seconds 
Epoch: 63/200 Train accuracy: 6.25280e-01 Validation accuracy: 5.20100e-01 Training loss 1.03966e-02 Validation loss 1.48712e-02 Time taken: 0.77 seconds 
Epoch: 64/200 Train accuracy: 6.24020e-01 Validation accuracy: 5.22900e-01 Training loss 1.04445e-02 Validation loss 1.47762e-02 Time taken: 0.75 seconds 
Epoch: 65/200 Train accuracy: 6.25940e-01 Validation accuracy: 5.16700e-01 Training loss 1.04239e-02 Validation loss 1.49522e-02 Time taken: 0.75 seconds 
Epoch: 66/200 Train accuracy: 6.26800e-01 Validation accuracy: 5.20800e-01 Training loss 1.03616e-02 Validation loss 1.50350e-02 Time taken: 0.81 seconds 
Epoch: 67/200 Train accuracy: 6.24480e-01 Validation accuracy: 5.21000e-01 Training loss 1.03594e-02 Validation loss 1.48486e-02 Time taken: 0.86 seconds 
Epoch: 68/200 Train accuracy: 6.26480e-01 Validation accuracy: 5.27800e-01 Training loss 1.03406e-02 Validation loss 1.47542e-02 Time taken: 0.82 seconds 
Epoch: 69/200 Train accuracy: 6.24500e-01 Validation accuracy: 5.13500e-01 Training loss 1.03892e-02 Validation loss 1.50242e-02 Time taken: 0.79 seconds 
Epoch: 70/200 Train accuracy: 6.28180e-01 Validation accuracy: 5.21700e-01 Training loss 1.03186e-02 Validation loss 1.49643e-02 Time taken: 0.78 seconds 
Epoch: 71/200 Train accuracy: 6.30740e-01 Validation accuracy: 5.19800e-01 Training loss 1.02783e-02 Validation loss 1.49898e-02 Time taken: 0.76 seconds 
Epoch: 72/200 Train accuracy: 6.27740e-01 Validation accuracy: 5.26100e-01 Training loss 1.02742e-02 Validation loss 1.48868e-02 Time taken: 0.84 seconds 
Epoch: 73/200 Train accuracy: 6.27720e-01 Validation accuracy: 5.20700e-01 Training loss 1.02739e-02 Validation loss 1.50647e-02 Time taken: 0.87 seconds 
Epoch: 74/200 Train accuracy: 6.29740e-01 Validation accuracy: 5.16200e-01 Training loss 1.02569e-02 Validation loss 1.51446e-02 Time taken: 0.76 seconds 
Epoch: 75/200 Train accuracy: 6.29820e-01 Validation accuracy: 5.17900e-01 Training loss 1.02365e-02 Validation loss 1.49254e-02 Time taken: 0.76 seconds 
Epoch: 76/200 Train accuracy: 6.32340e-01 Validation accuracy: 5.10700e-01 Training loss 1.02128e-02 Validation loss 1.50988e-02 Time taken: 0.76 seconds 
Epoch: 77/200 Train accuracy: 6.28700e-01 Validation accuracy: 5.23000e-01 Training loss 1.02544e-02 Validation loss 1.48634e-02 Time taken: 0.80 seconds 
Epoch: 78/200 Train accuracy: 6.31320e-01 Validation accuracy: 5.20900e-01 Training loss 1.01953e-02 Validation loss 1.50851e-02 Time taken: 0.87 seconds 
Epoch: 79/200 Train accuracy: 6.29980e-01 Validation accuracy: 5.25800e-01 Training loss 1.02073e-02 Validation loss 1.48776e-02 Time taken: 0.81 seconds 
Epoch: 80/200 Train accuracy: 6.30380e-01 Validation accuracy: 5.24300e-01 Training loss 1.01781e-02 Validation loss 1.48635e-02 Time taken: 0.76 seconds 
Epoch: 81/200 Train accuracy: 6.33580e-01 Validation accuracy: 5.15600e-01 Training loss 1.01059e-02 Validation loss 1.52676e-02 Time taken: 0.76 seconds 
Epoch: 82/200 Train accuracy: 6.35820e-01 Validation accuracy: 5.23600e-01 Training loss 1.00892e-02 Validation loss 1.50613e-02 Time taken: 0.77 seconds 
Epoch: 83/200 Train accuracy: 6.32540e-01 Validation accuracy: 5.17500e-01 Training loss 1.01414e-02 Validation loss 1.50226e-02 Time taken: 0.86 seconds 
Epoch: 84/200 Train accuracy: 6.35920e-01 Validation accuracy: 5.24300e-01 Training loss 1.00892e-02 Validation loss 1.49384e-02 Time taken: 0.87 seconds 
Epoch: 85/200 Train accuracy: 6.31180e-01 Validation accuracy: 5.27200e-01 Training loss 1.01294e-02 Validation loss 1.49685e-02 Time taken: 0.76 seconds 
Epoch: 86/200 Train accuracy: 6.34020e-01 Validation accuracy: 5.26700e-01 Training loss 1.00784e-02 Validation loss 1.48159e-02 Time taken: 0.76 seconds 
Epoch: 87/200 Train accuracy: 6.34540e-01 Validation accuracy: 5.34900e-01 Training loss 1.00596e-02 Validation loss 1.46334e-02 Time taken: 0.76 seconds 
Epoch: 88/200 Train accuracy: 6.38120e-01 Validation accuracy: 5.21900e-01 Training loss 9.98791e-03 Validation loss 1.50257e-02 Time taken: 0.76 seconds 
Epoch: 89/200 Train accuracy: 6.35140e-01 Validation accuracy: 5.11200e-01 Training loss 1.00444e-02 Validation loss 1.53276e-02 Time taken: 0.76 seconds 
Epoch: 90/200 Train accuracy: 6.38160e-01 Validation accuracy: 5.28800e-01 Training loss 9.99873e-03 Validation loss 1.48584e-02 Time taken: 0.77 seconds 
Epoch: 91/200 Train accuracy: 6.36680e-01 Validation accuracy: 5.28600e-01 Training loss 1.00087e-02 Validation loss 1.47731e-02 Time taken: 0.78 seconds 
Epoch: 92/200 Train accuracy: 6.38200e-01 Validation accuracy: 5.26800e-01 Training loss 9.95592e-03 Validation loss 1.48533e-02 Time taken: 0.78 seconds 
Epoch: 93/200 Train accuracy: 6.36740e-01 Validation accuracy: 5.24500e-01 Training loss 1.00226e-02 Validation loss 1.49922e-02 Time taken: 0.78 seconds 
Epoch: 94/200 Train accuracy: 6.39080e-01 Validation accuracy: 5.19400e-01 Training loss 9.98267e-03 Validation loss 1.51765e-02 Time taken: 0.85 seconds 
Epoch: 95/200 Train accuracy: 6.39720e-01 Validation accuracy: 5.25000e-01 Training loss 9.95046e-03 Validation loss 1.49412e-02 Time taken: 0.86 seconds 
Epoch: 96/200 Train accuracy: 6.36900e-01 Validation accuracy: 5.15700e-01 Training loss 9.95532e-03 Validation loss 1.53027e-02 Time taken: 0.76 seconds 
Epoch: 97/200 Train accuracy: 6.40040e-01 Validation accuracy: 5.13300e-01 Training loss 9.91648e-03 Validation loss 1.52196e-02 Time taken: 0.76 seconds 
Epoch: 98/200 Train accuracy: 6.41640e-01 Validation accuracy: 5.29300e-01 Training loss 9.88566e-03 Validation loss 1.50593e-02 Time taken: 0.76 seconds 
Epoch: 99/200 Train accuracy: 6.40560e-01 Validation accuracy: 5.26600e-01 Training loss 9.85715e-03 Validation loss 1.50561e-02 Time taken: 0.84 seconds 
Epoch: 100/200 Train accuracy: 6.39140e-01 Validation accuracy: 5.22400e-01 Training loss 9.91708e-03 Validation loss 1.51388e-02 Time taken: 0.87 seconds 
Epoch: 101/200 Train accuracy: 6.42740e-01 Validation accuracy: 5.27300e-01 Training loss 9.86506e-03 Validation loss 1.49512e-02 Time taken: 0.77 seconds 
Epoch: 102/200 Train accuracy: 6.40120e-01 Validation accuracy: 5.23300e-01 Training loss 9.87935e-03 Validation loss 1.50754e-02 Time taken: 0.76 seconds 
Epoch: 103/200 Train accuracy: 6.40880e-01 Validation accuracy: 5.25800e-01 Training loss 9.88453e-03 Validation loss 1.51271e-02 Time taken: 0.76 seconds 
Epoch: 104/200 Train accuracy: 6.43720e-01 Validation accuracy: 5.26900e-01 Training loss 9.81457e-03 Validation loss 1.50549e-02 Time taken: 0.82 seconds 
Epoch: 105/200 Train accuracy: 6.41200e-01 Validation accuracy: 5.29800e-01 Training loss 9.84571e-03 Validation loss 1.49873e-02 Time taken: 0.87 seconds 
Epoch: 106/200 Train accuracy: 6.43000e-01 Validation accuracy: 5.24900e-01 Training loss 9.81102e-03 Validation loss 1.49567e-02 Time taken: 0.81 seconds 
Epoch: 107/200 Train accuracy: 6.43200e-01 Validation accuracy: 5.25100e-01 Training loss 9.78502e-03 Validation loss 1.48821e-02 Time taken: 0.77 seconds 
Epoch: 108/200 Train accuracy: 6.42760e-01 Validation accuracy: 5.23800e-01 Training loss 9.81784e-03 Validation loss 1.51549e-02 Time taken: 0.76 seconds 
Epoch: 109/200 Train accuracy: 6.47920e-01 Validation accuracy: 5.27000e-01 Training loss 9.73691e-03 Validation loss 1.49377e-02 Time taken: 0.77 seconds 
Epoch: 110/200 Train accuracy: 6.46600e-01 Validation accuracy: 5.25900e-01 Training loss 9.72269e-03 Validation loss 1.50367e-02 Time taken: 0.85 seconds 
Epoch: 111/200 Train accuracy: 6.42060e-01 Validation accuracy: 5.20000e-01 Training loss 9.79694e-03 Validation loss 1.51581e-02 Time taken: 0.96 seconds 
Epoch: 112/200 Train accuracy: 6.44800e-01 Validation accuracy: 5.20000e-01 Training loss 9.74728e-03 Validation loss 1.52116e-02 Time taken: 0.80 seconds 
Epoch: 113/200 Train accuracy: 6.45100e-01 Validation accuracy: 5.21000e-01 Training loss 9.76452e-03 Validation loss 1.50831e-02 Time taken: 0.77 seconds 
Epoch: 114/200 Train accuracy: 6.45780e-01 Validation accuracy: 5.24400e-01 Training loss 9.73497e-03 Validation loss 1.49989e-02 Time taken: 0.77 seconds 
Epoch: 115/200 Train accuracy: 6.45340e-01 Validation accuracy: 5.23400e-01 Training loss 9.71964e-03 Validation loss 1.51878e-02 Time taken: 0.83 seconds 
Epoch: 116/200 Train accuracy: 6.46300e-01 Validation accuracy: 5.18900e-01 Training loss 9.70072e-03 Validation loss 1.54034e-02 Time taken: 0.98 seconds 
Epoch: 117/200 Train accuracy: 6.46840e-01 Validation accuracy: 5.21900e-01 Training loss 9.72740e-03 Validation loss 1.50961e-02 Time taken: 0.93 seconds 
Epoch: 118/200 Train accuracy: 6.44880e-01 Validation accuracy: 5.22900e-01 Training loss 9.66624e-03 Validation loss 1.50403e-02 Time taken: 0.77 seconds 
Epoch: 119/200 Train accuracy: 6.47700e-01 Validation accuracy: 5.23200e-01 Training loss 9.74042e-03 Validation loss 1.52020e-02 Time taken: 0.77 seconds 
Epoch: 120/200 Train accuracy: 6.45980e-01 Validation accuracy: 5.17400e-01 Training loss 9.70993e-03 Validation loss 1.54967e-02 Time taken: 0.77 seconds 
Epoch: 121/200 Train accuracy: 6.45560e-01 Validation accuracy: 5.22200e-01 Training loss 9.67562e-03 Validation loss 1.53334e-02 Time taken: 0.89 seconds 
Epoch: 122/200 Train accuracy: 6.48400e-01 Validation accuracy: 5.22700e-01 Training loss 9.66891e-03 Validation loss 1.51023e-02 Time taken: 1.07 seconds 
Epoch: 123/200 Train accuracy: 6.46640e-01 Validation accuracy: 5.23900e-01 Training loss 9.68779e-03 Validation loss 1.50848e-02 Time taken: 0.83 seconds 
Epoch: 124/200 Train accuracy: 6.47520e-01 Validation accuracy: 5.24500e-01 Training loss 9.68008e-03 Validation loss 1.51378e-02 Time taken: 0.77 seconds 
Epoch: 125/200 Train accuracy: 6.48840e-01 Validation accuracy: 5.25800e-01 Training loss 9.61649e-03 Validation loss 1.50178e-02 Time taken: 0.77 seconds 
Epoch: 126/200 Train accuracy: 6.48720e-01 Validation accuracy: 5.18900e-01 Training loss 9.62130e-03 Validation loss 1.53663e-02 Time taken: 0.81 seconds 
Epoch: 127/200 Train accuracy: 6.48400e-01 Validation accuracy: 5.21900e-01 Training loss 9.64139e-03 Validation loss 1.54282e-02 Time taken: 0.93 seconds 
Epoch: 128/200 Train accuracy: 6.49020e-01 Validation accuracy: 5.18800e-01 Training loss 9.60688e-03 Validation loss 1.55362e-02 Time taken: 0.79 seconds 
Epoch: 129/200 Train accuracy: 6.50040e-01 Validation accuracy: 5.26300e-01 Training loss 9.61653e-03 Validation loss 1.51509e-02 Time taken: 0.77 seconds 
Epoch: 130/200 Train accuracy: 6.49960e-01 Validation accuracy: 5.20800e-01 Training loss 9.59147e-03 Validation loss 1.52384e-02 Time taken: 0.79 seconds 
Epoch: 131/200 Train accuracy: 6.49620e-01 Validation accuracy: 5.16400e-01 Training loss 9.58657e-03 Validation loss 1.55584e-02 Time taken: 0.77 seconds 
Epoch: 132/200 Train accuracy: 6.51040e-01 Validation accuracy: 5.22900e-01 Training loss 9.54012e-03 Validation loss 1.52267e-02 Time taken: 0.84 seconds 
Epoch: 133/200 Train accuracy: 6.49260e-01 Validation accuracy: 5.20200e-01 Training loss 9.56832e-03 Validation loss 1.52650e-02 Time taken: 0.92 seconds 
Epoch: 134/200 Train accuracy: 6.50940e-01 Validation accuracy: 5.33800e-01 Training loss 9.55007e-03 Validation loss 1.48390e-02 Time taken: 0.96 seconds 
Epoch: 135/200 Train accuracy: 6.52300e-01 Validation accuracy: 5.17600e-01 Training loss 9.51260e-03 Validation loss 1.54288e-02 Time taken: 0.84 seconds 
Epoch: 136/200 Train accuracy: 6.51720e-01 Validation accuracy: 5.25800e-01 Training loss 9.50898e-03 Validation loss 1.53504e-02 Time taken: 0.77 seconds 
Epoch: 137/200 Train accuracy: 6.50220e-01 Validation accuracy: 5.27500e-01 Training loss 9.54857e-03 Validation loss 1.50033e-02 Time taken: 0.77 seconds 
Epoch: 138/200 Train accuracy: 6.54900e-01 Validation accuracy: 5.26200e-01 Training loss 9.53284e-03 Validation loss 1.51331e-02 Time taken: 0.81 seconds 
Epoch: 139/200 Train accuracy: 6.51080e-01 Validation accuracy: 5.21600e-01 Training loss 9.54641e-03 Validation loss 1.52735e-02 Time taken: 0.93 seconds 
Epoch: 140/200 Train accuracy: 6.53380e-01 Validation accuracy: 5.25400e-01 Training loss 9.49428e-03 Validation loss 1.52323e-02 Time taken: 0.96 seconds 
Epoch: 141/200 Train accuracy: 6.49260e-01 Validation accuracy: 5.26200e-01 Training loss 9.51135e-03 Validation loss 1.53376e-02 Time taken: 0.77 seconds 
Epoch: 142/200 Train accuracy: 6.53440e-01 Validation accuracy: 5.26600e-01 Training loss 9.48992e-03 Validation loss 1.50616e-02 Time taken: 0.78 seconds 
Epoch: 143/200 Train accuracy: 6.54260e-01 Validation accuracy: 5.23800e-01 Training loss 9.44010e-03 Validation loss 1.51332e-02 Time taken: 0.84 seconds 
Epoch: 144/200 Train accuracy: 6.52780e-01 Validation accuracy: 5.21700e-01 Training loss 9.46337e-03 Validation loss 1.54602e-02 Time taken: 0.78 seconds 
Epoch: 145/200 Train accuracy: 6.54120e-01 Validation accuracy: 5.28900e-01 Training loss 9.46862e-03 Validation loss 1.51378e-02 Time taken: 0.88 seconds 
Epoch: 146/200 Train accuracy: 6.54240e-01 Validation accuracy: 5.26200e-01 Training loss 9.46329e-03 Validation loss 1.51949e-02 Time taken: 0.96 seconds 
Epoch: 147/200 Train accuracy: 6.52140e-01 Validation accuracy: 5.22700e-01 Training loss 9.50103e-03 Validation loss 1.52327e-02 Time taken: 0.83 seconds 
Epoch: 148/200 Train accuracy: 6.53280e-01 Validation accuracy: 5.17100e-01 Training loss 9.50866e-03 Validation loss 1.55317e-02 Time taken: 0.77 seconds 
Epoch: 149/200 Train accuracy: 6.56260e-01 Validation accuracy: 5.17900e-01 Training loss 9.47489e-03 Validation loss 1.54738e-02 Time taken: 0.77 seconds 
Epoch: 150/200 Train accuracy: 6.54120e-01 Validation accuracy: 5.27600e-01 Training loss 9.42287e-03 Validation loss 1.51248e-02 Time taken: 0.80 seconds 
Epoch: 151/200 Train accuracy: 6.55600e-01 Validation accuracy: 5.29500e-01 Training loss 9.45448e-03 Validation loss 1.49722e-02 Time taken: 0.92 seconds 
Epoch: 152/200 Train accuracy: 6.54140e-01 Validation accuracy: 5.31500e-01 Training loss 9.46842e-03 Validation loss 1.50748e-02 Time taken: 0.96 seconds 
Epoch: 153/200 Train accuracy: 6.54240e-01 Validation accuracy: 5.20700e-01 Training loss 9.40471e-03 Validation loss 1.53192e-02 Time taken: 0.81 seconds 
Epoch: 154/200 Train accuracy: 6.55780e-01 Validation accuracy: 5.18700e-01 Training loss 9.42031e-03 Validation loss 1.55226e-02 Time taken: 0.77 seconds 
Epoch: 155/200 Train accuracy: 6.53800e-01 Validation accuracy: 5.23500e-01 Training loss 9.42253e-03 Validation loss 1.52067e-02 Time taken: 0.77 seconds 
Epoch: 156/200 Train accuracy: 6.55400e-01 Validation accuracy: 5.18400e-01 Training loss 9.39780e-03 Validation loss 1.55624e-02 Time taken: 0.84 seconds 
Epoch: 157/200 Train accuracy: 6.54440e-01 Validation accuracy: 5.20200e-01 Training loss 9.42818e-03 Validation loss 1.54712e-02 Time taken: 0.96 seconds 
Epoch: 158/200 Train accuracy: 6.54560e-01 Validation accuracy: 5.29900e-01 Training loss 9.44501e-03 Validation loss 1.51585e-02 Time taken: 0.93 seconds 
Epoch: 159/200 Train accuracy: 6.57740e-01 Validation accuracy: 5.24400e-01 Training loss 9.37052e-03 Validation loss 1.53635e-02 Time taken: 0.77 seconds 
Epoch: 160/200 Train accuracy: 6.57500e-01 Validation accuracy: 5.24200e-01 Training loss 9.37845e-03 Validation loss 1.51694e-02 Time taken: 0.77 seconds 
Epoch: 161/200 Train accuracy: 6.55300e-01 Validation accuracy: 5.18600e-01 Training loss 9.39662e-03 Validation loss 1.54383e-02 Time taken: 0.78 seconds 
Epoch: 162/200 Train accuracy: 6.57480e-01 Validation accuracy: 5.32200e-01 Training loss 9.35645e-03 Validation loss 1.53105e-02 Time taken: 0.91 seconds 
Epoch: 163/200 Train accuracy: 6.57500e-01 Validation accuracy: 5.32500e-01 Training loss 9.34621e-03 Validation loss 1.50721e-02 Time taken: 0.96 seconds 
Epoch: 164/200 Train accuracy: 6.57840e-01 Validation accuracy: 5.31800e-01 Training loss 9.34519e-03 Validation loss 1.51515e-02 Time taken: 0.86 seconds 
Epoch: 165/200 Train accuracy: 6.56080e-01 Validation accuracy: 5.26800e-01 Training loss 9.35415e-03 Validation loss 1.51471e-02 Time taken: 0.77 seconds 
Epoch: 166/200 Train accuracy: 6.56640e-01 Validation accuracy: 5.23600e-01 Training loss 9.30645e-03 Validation loss 1.52642e-02 Time taken: 0.77 seconds 
Epoch: 167/200 Train accuracy: 6.58660e-01 Validation accuracy: 5.09900e-01 Training loss 9.32515e-03 Validation loss 1.60234e-02 Time taken: 0.81 seconds 
Epoch: 168/200 Train accuracy: 6.55520e-01 Validation accuracy: 5.24700e-01 Training loss 9.36816e-03 Validation loss 1.53840e-02 Time taken: 0.95 seconds 
Epoch: 169/200 Train accuracy: 6.58420e-01 Validation accuracy: 5.34700e-01 Training loss 9.31593e-03 Validation loss 1.50117e-02 Time taken: 0.97 seconds 
Epoch: 170/200 Train accuracy: 6.58680e-01 Validation accuracy: 5.26100e-01 Training loss 9.31977e-03 Validation loss 1.51907e-02 Time taken: 0.78 seconds 
Epoch: 171/200 Train accuracy: 6.57340e-01 Validation accuracy: 5.19600e-01 Training loss 9.31283e-03 Validation loss 1.53516e-02 Time taken: 0.78 seconds 
Epoch: 172/200 Train accuracy: 6.60780e-01 Validation accuracy: 5.27400e-01 Training loss 9.32914e-03 Validation loss 1.51657e-02 Time taken: 0.82 seconds 
Epoch: 173/200 Train accuracy: 6.60720e-01 Validation accuracy: 5.28200e-01 Training loss 9.33638e-03 Validation loss 1.51512e-02 Time taken: 0.87 seconds 
Epoch: 174/200 Train accuracy: 6.60420e-01 Validation accuracy: 5.29400e-01 Training loss 9.30814e-03 Validation loss 1.51008e-02 Time taken: 0.95 seconds 
Epoch: 175/200 Train accuracy: 6.59460e-01 Validation accuracy: 5.19200e-01 Training loss 9.30696e-03 Validation loss 1.54844e-02 Time taken: 0.86 seconds 
Epoch: 176/200 Train accuracy: 6.57320e-01 Validation accuracy: 5.18500e-01 Training loss 9.30383e-03 Validation loss 1.56165e-02 Time taken: 0.77 seconds 
Epoch: 177/200 Train accuracy: 6.57700e-01 Validation accuracy: 5.26600e-01 Training loss 9.28744e-03 Validation loss 1.52306e-02 Time taken: 0.78 seconds 
Epoch: 178/200 Train accuracy: 6.61100e-01 Validation accuracy: 5.20600e-01 Training loss 9.26677e-03 Validation loss 1.53435e-02 Time taken: 0.78 seconds 
Epoch: 179/200 Train accuracy: 6.62100e-01 Validation accuracy: 5.22600e-01 Training loss 9.21171e-03 Validation loss 1.53222e-02 Time taken: 0.88 seconds 
Epoch: 180/200 Train accuracy: 6.61140e-01 Validation accuracy: 5.24800e-01 Training loss 9.24597e-03 Validation loss 1.55607e-02 Time taken: 0.99 seconds 
Epoch: 181/200 Train accuracy: 6.58240e-01 Validation accuracy: 5.23700e-01 Training loss 9.26746e-03 Validation loss 1.53193e-02 Time taken: 0.90 seconds 
Epoch: 182/200 Train accuracy: 6.58640e-01 Validation accuracy: 5.21500e-01 Training loss 9.30178e-03 Validation loss 1.54672e-02 Time taken: 0.81 seconds 
Epoch: 183/200 Train accuracy: 6.63200e-01 Validation accuracy: 5.27900e-01 Training loss 9.20695e-03 Validation loss 1.53437e-02 Time taken: 0.80 seconds 
Epoch: 184/200 Train accuracy: 6.63480e-01 Validation accuracy: 5.26100e-01 Training loss 9.21888e-03 Validation loss 1.51307e-02 Time taken: 0.80 seconds 
Epoch: 185/200 Train accuracy: 6.61320e-01 Validation accuracy: 5.17900e-01 Training loss 9.25349e-03 Validation loss 1.56908e-02 Time taken: 0.83 seconds 
Epoch: 186/200 Train accuracy: 6.56340e-01 Validation accuracy: 5.21300e-01 Training loss 9.30488e-03 Validation loss 1.55550e-02 Time taken: 0.82 seconds 
Epoch: 187/200 Train accuracy: 6.63860e-01 Validation accuracy: 5.19800e-01 Training loss 9.18485e-03 Validation loss 1.56835e-02 Time taken: 0.82 seconds 
Epoch: 188/200 Train accuracy: 6.63220e-01 Validation accuracy: 5.24400e-01 Training loss 9.20994e-03 Validation loss 1.54936e-02 Time taken: 0.80 seconds 
Epoch: 189/200 Train accuracy: 6.61580e-01 Validation accuracy: 5.17500e-01 Training loss 9.18091e-03 Validation loss 1.56270e-02 Time taken: 0.80 seconds 
Epoch: 190/200 Train accuracy: 6.61980e-01 Validation accuracy: 5.16500e-01 Training loss 9.18281e-03 Validation loss 1.55586e-02 Time taken: 0.79 seconds 
Epoch: 191/200 Train accuracy: 6.59400e-01 Validation accuracy: 5.21600e-01 Training loss 9.23237e-03 Validation loss 1.53953e-02 Time taken: 0.79 seconds 
Epoch: 192/200 Train accuracy: 6.60760e-01 Validation accuracy: 5.23100e-01 Training loss 9.20351e-03 Validation loss 1.54225e-02 Time taken: 0.81 seconds 
Epoch: 193/200 Train accuracy: 6.64940e-01 Validation accuracy: 5.32600e-01 Training loss 9.16295e-03 Validation loss 1.53057e-02 Time taken: 0.78 seconds 
Epoch: 194/200 Train accuracy: 6.61220e-01 Validation accuracy: 5.33500e-01 Training loss 9.20674e-03 Validation loss 1.51158e-02 Time taken: 0.78 seconds 
Epoch: 195/200 Train accuracy: 6.62760e-01 Validation accuracy: 5.22600e-01 Training loss 9.19234e-03 Validation loss 1.53965e-02 Time taken: 0.79 seconds 
Epoch: 196/200 Train accuracy: 6.65220e-01 Validation accuracy: 5.23700e-01 Training loss 9.16897e-03 Validation loss 1.54203e-02 Time taken: 0.79 seconds 
Epoch: 197/200 Train accuracy: 6.60740e-01 Validation accuracy: 5.27600e-01 Training loss 9.23801e-03 Validation loss 1.53350e-02 Time taken: 0.79 seconds 
Epoch: 198/200 Train accuracy: 6.65760e-01 Validation accuracy: 5.20500e-01 Training loss 9.09313e-03 Validation loss 1.56287e-02 Time taken: 0.78 seconds 
Epoch: 199/200 Train accuracy: 6.63220e-01 Validation accuracy: 5.28400e-01 Training loss 9.14470e-03 Validation loss 1.54829e-02 Time taken: 0.78 seconds 
Epoch: 200/200 Train accuracy: 6.65020e-01 Validation accuracy: 5.25300e-01 Training loss 9.14886e-03 Validation loss 1.55741e-02 Time taken: 0.78 seconds 
Total time taken 0:03:12.902332
Cleaning up intermediate feature (.pt) files
Done


working on file logs_IN100/in100-vitb16-l2-ep300/jepa-in100-ep300.pth.tar ...
Directory logs_IN100/in100-vitb16-l2-ep300/classifiers for saving the classifiers is now present
VisionTransformer(
  (patch_embed): PatchEmbed(
    (proj): Conv2d(3, 768, kernel_size=(16, 16), stride=(16, 16))
  )
  (blocks): ModuleList(
    (0-11): 12 x Block(
      (norm1): LayerNorm((768,), eps=1e-06, elementwise_affine=True)
      (attn): Attention(
        (qkv): Linear(in_features=768, out_features=2304, bias=True)
        (attn_drop): Dropout(p=0.0, inplace=False)
        (proj): Linear(in_features=768, out_features=768, bias=True)
        (proj_drop): Dropout(p=0.0, inplace=False)
      )
      (drop_path): Identity()
      (norm2): LayerNorm((768,), eps=1e-06, elementwise_affine=True)
      (mlp): MLP(
        (fc1): Linear(in_features=768, out_features=3072, bias=True)
        (act): GELU(approximate='none')
        (fc2): Linear(in_features=3072, out_features=768, bias=True)
        (drop): Dropout(p=0.0, inplace=False)
      )
    )
  )
  (norm): LayerNorm((768,), eps=1e-06, elementwise_affine=True)
)
Extracting features and saving them in memory..
Extracting features...
Done extracting features...
 Creating datasets
Created datasets...
 Creating data loaders
Done with data loaders
Commencing training
Epoch: 1/200 Train accuracy: 2.82500e-01 Validation accuracy: 3.75400e-01 Training loss 2.55288e-02 Validation loss 2.00559e-02 Time taken: 0.93 seconds 
Epoch: 2/200 Train accuracy: 4.07560e-01 Validation accuracy: 4.11300e-01 Training loss 1.83172e-02 Validation loss 1.89119e-02 Time taken: 0.80 seconds 
Epoch: 3/200 Train accuracy: 4.56660e-01 Validation accuracy: 4.45800e-01 Training loss 1.63748e-02 Validation loss 1.74704e-02 Time taken: 0.81 seconds 
Epoch: 4/200 Train accuracy: 4.91140e-01 Validation accuracy: 4.46800e-01 Training loss 1.51003e-02 Validation loss 1.69850e-02 Time taken: 0.80 seconds 
Epoch: 5/200 Train accuracy: 5.05580e-01 Validation accuracy: 4.48400e-01 Training loss 1.44942e-02 Validation loss 1.72991e-02 Time taken: 0.81 seconds 
Epoch: 6/200 Train accuracy: 5.21620e-01 Validation accuracy: 4.58900e-01 Training loss 1.38654e-02 Validation loss 1.66375e-02 Time taken: 0.80 seconds 
Epoch: 7/200 Train accuracy: 5.36680e-01 Validation accuracy: 4.72300e-01 Training loss 1.33847e-02 Validation loss 1.64320e-02 Time taken: 0.81 seconds 
Epoch: 8/200 Train accuracy: 5.44160e-01 Validation accuracy: 4.83300e-01 Training loss 1.30234e-02 Validation loss 1.58801e-02 Time taken: 0.81 seconds 
Epoch: 9/200 Train accuracy: 5.53220e-01 Validation accuracy: 4.85500e-01 Training loss 1.27157e-02 Validation loss 1.59168e-02 Time taken: 0.81 seconds 
Epoch: 10/200 Train accuracy: 5.62840e-01 Validation accuracy: 4.82300e-01 Training loss 1.23866e-02 Validation loss 1.58989e-02 Time taken: 0.83 seconds 
Epoch: 11/200 Train accuracy: 5.67240e-01 Validation accuracy: 4.90100e-01 Training loss 1.21832e-02 Validation loss 1.57730e-02 Time taken: 0.81 seconds 
Epoch: 12/200 Train accuracy: 5.73500e-01 Validation accuracy: 4.88800e-01 Training loss 1.20230e-02 Validation loss 1.56831e-02 Time taken: 0.85 seconds 
Epoch: 13/200 Train accuracy: 5.74860e-01 Validation accuracy: 4.83800e-01 Training loss 1.19075e-02 Validation loss 1.60376e-02 Time taken: 0.81 seconds 
Epoch: 14/200 Train accuracy: 5.83920e-01 Validation accuracy: 4.92700e-01 Training loss 1.16918e-02 Validation loss 1.56495e-02 Time taken: 0.76 seconds 
Epoch: 15/200 Train accuracy: 5.87440e-01 Validation accuracy: 4.90500e-01 Training loss 1.15986e-02 Validation loss 1.57843e-02 Time taken: 0.78 seconds 
Epoch: 16/200 Train accuracy: 5.90540e-01 Validation accuracy: 4.99600e-01 Training loss 1.14035e-02 Validation loss 1.55246e-02 Time taken: 0.88 seconds 
Epoch: 17/200 Train accuracy: 5.90920e-01 Validation accuracy: 4.85300e-01 Training loss 1.14085e-02 Validation loss 1.60203e-02 Time taken: 0.79 seconds 
Epoch: 18/200 Train accuracy: 5.94440e-01 Validation accuracy: 4.99900e-01 Training loss 1.13205e-02 Validation loss 1.56157e-02 Time taken: 0.78 seconds 
Epoch: 19/200 Train accuracy: 5.97520e-01 Validation accuracy: 4.84600e-01 Training loss 1.12130e-02 Validation loss 1.61731e-02 Time taken: 0.78 seconds 
Epoch: 20/200 Train accuracy: 6.01100e-01 Validation accuracy: 5.00200e-01 Training loss 1.10690e-02 Validation loss 1.56611e-02 Time taken: 0.78 seconds 
Epoch: 21/200 Train accuracy: 6.02680e-01 Validation accuracy: 5.00500e-01 Training loss 1.10252e-02 Validation loss 1.55488e-02 Time taken: 0.79 seconds 
Epoch: 22/200 Train accuracy: 6.07560e-01 Validation accuracy: 4.97200e-01 Training loss 1.08830e-02 Validation loss 1.56730e-02 Time taken: 0.77 seconds 
Epoch: 23/200 Train accuracy: 6.10040e-01 Validation accuracy: 5.04100e-01 Training loss 1.07899e-02 Validation loss 1.56444e-02 Time taken: 0.78 seconds 
Epoch: 24/200 Train accuracy: 6.11140e-01 Validation accuracy: 4.97400e-01 Training loss 1.07832e-02 Validation loss 1.57554e-02 Time taken: 0.81 seconds 
Epoch: 25/200 Train accuracy: 6.15400e-01 Validation accuracy: 5.01600e-01 Training loss 1.06614e-02 Validation loss 1.58652e-02 Time taken: 0.77 seconds 
Epoch: 26/200 Train accuracy: 6.14620e-01 Validation accuracy: 4.98900e-01 Training loss 1.06499e-02 Validation loss 1.59710e-02 Time taken: 0.78 seconds 
Epoch: 27/200 Train accuracy: 6.14520e-01 Validation accuracy: 5.03900e-01 Training loss 1.06638e-02 Validation loss 1.57716e-02 Time taken: 0.77 seconds 
Epoch: 28/200 Train accuracy: 6.17120e-01 Validation accuracy: 4.99900e-01 Training loss 1.04518e-02 Validation loss 1.57765e-02 Time taken: 0.78 seconds 
Epoch: 29/200 Train accuracy: 6.22060e-01 Validation accuracy: 5.01500e-01 Training loss 1.04151e-02 Validation loss 1.56922e-02 Time taken: 0.79 seconds 
Epoch: 30/200 Train accuracy: 6.25680e-01 Validation accuracy: 5.00700e-01 Training loss 1.03579e-02 Validation loss 1.58522e-02 Time taken: 0.79 seconds 
Epoch: 31/200 Train accuracy: 6.22540e-01 Validation accuracy: 5.02500e-01 Training loss 1.03694e-02 Validation loss 1.57972e-02 Time taken: 0.81 seconds 
Epoch: 32/200 Train accuracy: 6.27100e-01 Validation accuracy: 4.98500e-01 Training loss 1.02001e-02 Validation loss 1.62522e-02 Time taken: 0.78 seconds 
Epoch: 33/200 Train accuracy: 6.28200e-01 Validation accuracy: 5.02400e-01 Training loss 1.02461e-02 Validation loss 1.58456e-02 Time taken: 0.86 seconds 
Epoch: 34/200 Train accuracy: 6.30580e-01 Validation accuracy: 5.02400e-01 Training loss 1.01833e-02 Validation loss 1.60508e-02 Time taken: 0.78 seconds 
Epoch: 35/200 Train accuracy: 6.28740e-01 Validation accuracy: 5.06200e-01 Training loss 1.02063e-02 Validation loss 1.60151e-02 Time taken: 0.78 seconds 
Epoch: 36/200 Train accuracy: 6.34340e-01 Validation accuracy: 5.09500e-01 Training loss 1.00649e-02 Validation loss 1.57654e-02 Time taken: 0.78 seconds 
Epoch: 37/200 Train accuracy: 6.31080e-01 Validation accuracy: 5.03800e-01 Training loss 1.00867e-02 Validation loss 1.58843e-02 Time taken: 0.78 seconds 
Epoch: 38/200 Train accuracy: 6.34080e-01 Validation accuracy: 5.07600e-01 Training loss 1.00208e-02 Validation loss 1.60285e-02 Time taken: 0.78 seconds 
Epoch: 39/200 Train accuracy: 6.36020e-01 Validation accuracy: 5.05000e-01 Training loss 9.96313e-03 Validation loss 1.58968e-02 Time taken: 0.78 seconds 
Epoch: 40/200 Train accuracy: 6.33740e-01 Validation accuracy: 5.06700e-01 Training loss 1.00003e-02 Validation loss 1.58581e-02 Time taken: 0.79 seconds 
Epoch: 41/200 Train accuracy: 6.38280e-01 Validation accuracy: 5.07900e-01 Training loss 9.90545e-03 Validation loss 1.60731e-02 Time taken: 0.79 seconds 
Epoch: 42/200 Train accuracy: 6.39820e-01 Validation accuracy: 5.02400e-01 Training loss 9.81782e-03 Validation loss 1.62225e-02 Time taken: 0.79 seconds 
Epoch: 43/200 Train accuracy: 6.43580e-01 Validation accuracy: 4.94200e-01 Training loss 9.79244e-03 Validation loss 1.65822e-02 Time taken: 0.79 seconds 
Epoch: 44/200 Train accuracy: 6.42820e-01 Validation accuracy: 5.04800e-01 Training loss 9.77215e-03 Validation loss 1.63528e-02 Time taken: 0.80 seconds 
Epoch: 45/200 Train accuracy: 6.39540e-01 Validation accuracy: 4.99700e-01 Training loss 9.77790e-03 Validation loss 1.62663e-02 Time taken: 0.79 seconds 
Epoch: 46/200 Train accuracy: 6.41880e-01 Validation accuracy: 5.07600e-01 Training loss 9.75058e-03 Validation loss 1.59861e-02 Time taken: 0.79 seconds 
Epoch: 47/200 Train accuracy: 6.45420e-01 Validation accuracy: 5.10800e-01 Training loss 9.68635e-03 Validation loss 1.60976e-02 Time taken: 0.79 seconds 
Epoch: 48/200 Train accuracy: 6.46620e-01 Validation accuracy: 5.06700e-01 Training loss 9.65923e-03 Validation loss 1.63548e-02 Time taken: 0.80 seconds 
Epoch: 49/200 Train accuracy: 6.47820e-01 Validation accuracy: 4.96300e-01 Training loss 9.62946e-03 Validation loss 1.65242e-02 Time taken: 0.81 seconds 
Epoch: 50/200 Train accuracy: 6.48120e-01 Validation accuracy: 5.00900e-01 Training loss 9.59197e-03 Validation loss 1.64966e-02 Time taken: 0.81 seconds 
Epoch: 51/200 Train accuracy: 6.46600e-01 Validation accuracy: 5.12800e-01 Training loss 9.56551e-03 Validation loss 1.58883e-02 Time taken: 0.80 seconds 
Epoch: 52/200 Train accuracy: 6.47860e-01 Validation accuracy: 4.99900e-01 Training loss 9.56388e-03 Validation loss 1.64774e-02 Time taken: 0.79 seconds 
Epoch: 53/200 Train accuracy: 6.47280e-01 Validation accuracy: 5.03000e-01 Training loss 9.55508e-03 Validation loss 1.64337e-02 Time taken: 0.79 seconds 
Epoch: 54/200 Train accuracy: 6.47780e-01 Validation accuracy: 5.05100e-01 Training loss 9.56861e-03 Validation loss 1.63475e-02 Time taken: 0.79 seconds 
Epoch: 55/200 Train accuracy: 6.51320e-01 Validation accuracy: 5.05600e-01 Training loss 9.45694e-03 Validation loss 1.62819e-02 Time taken: 0.80 seconds 
Epoch: 56/200 Train accuracy: 6.55840e-01 Validation accuracy: 5.05800e-01 Training loss 9.40534e-03 Validation loss 1.65794e-02 Time taken: 0.81 seconds 
Epoch: 57/200 Train accuracy: 6.52660e-01 Validation accuracy: 5.04900e-01 Training loss 9.37809e-03 Validation loss 1.66387e-02 Time taken: 0.80 seconds 
Epoch: 58/200 Train accuracy: 6.56200e-01 Validation accuracy: 5.00900e-01 Training loss 9.36344e-03 Validation loss 1.67876e-02 Time taken: 0.79 seconds 
Epoch: 59/200 Train accuracy: 6.55860e-01 Validation accuracy: 5.09100e-01 Training loss 9.32814e-03 Validation loss 1.62669e-02 Time taken: 0.80 seconds 
Epoch: 60/200 Train accuracy: 6.56260e-01 Validation accuracy: 5.02500e-01 Training loss 9.29436e-03 Validation loss 1.65899e-02 Time taken: 0.82 seconds 
Epoch: 61/200 Train accuracy: 6.55760e-01 Validation accuracy: 5.07900e-01 Training loss 9.32424e-03 Validation loss 1.64025e-02 Time taken: 0.80 seconds 
Epoch: 62/200 Train accuracy: 6.56900e-01 Validation accuracy: 5.02600e-01 Training loss 9.29965e-03 Validation loss 1.67906e-02 Time taken: 0.80 seconds 
Epoch: 63/200 Train accuracy: 6.58660e-01 Validation accuracy: 5.00800e-01 Training loss 9.23485e-03 Validation loss 1.65690e-02 Time taken: 0.79 seconds 
Epoch: 64/200 Train accuracy: 6.57580e-01 Validation accuracy: 5.04000e-01 Training loss 9.25227e-03 Validation loss 1.64626e-02 Time taken: 0.79 seconds 
Epoch: 65/200 Train accuracy: 6.59680e-01 Validation accuracy: 5.02000e-01 Training loss 9.22372e-03 Validation loss 1.67676e-02 Time taken: 0.80 seconds 
Epoch: 66/200 Train accuracy: 6.58060e-01 Validation accuracy: 5.04800e-01 Training loss 9.24574e-03 Validation loss 1.66641e-02 Time taken: 0.80 seconds 
Epoch: 67/200 Train accuracy: 6.58040e-01 Validation accuracy: 5.06800e-01 Training loss 9.24503e-03 Validation loss 1.64311e-02 Time taken: 0.79 seconds 
Epoch: 68/200 Train accuracy: 6.61200e-01 Validation accuracy: 4.94400e-01 Training loss 9.21320e-03 Validation loss 1.70769e-02 Time taken: 0.81 seconds 
Epoch: 69/200 Train accuracy: 6.59820e-01 Validation accuracy: 5.02700e-01 Training loss 9.15873e-03 Validation loss 1.68767e-02 Time taken: 0.82 seconds 
Epoch: 70/200 Train accuracy: 6.61920e-01 Validation accuracy: 4.99000e-01 Training loss 9.14433e-03 Validation loss 1.67518e-02 Time taken: 0.82 seconds 
Epoch: 71/200 Train accuracy: 6.65140e-01 Validation accuracy: 5.01300e-01 Training loss 9.07568e-03 Validation loss 1.67895e-02 Time taken: 0.88 seconds 
Epoch: 72/200 Train accuracy: 6.63140e-01 Validation accuracy: 5.10200e-01 Training loss 9.07311e-03 Validation loss 1.64686e-02 Time taken: 1.49 seconds 
Epoch: 73/200 Train accuracy: 6.64800e-01 Validation accuracy: 5.03600e-01 Training loss 9.05761e-03 Validation loss 1.68361e-02 Time taken: 1.54 seconds 
Epoch: 74/200 Train accuracy: 6.65100e-01 Validation accuracy: 5.11100e-01 Training loss 9.07797e-03 Validation loss 1.65598e-02 Time taken: 0.94 seconds 
Epoch: 75/200 Train accuracy: 6.65840e-01 Validation accuracy: 5.00600e-01 Training loss 9.02077e-03 Validation loss 1.67532e-02 Time taken: 0.77 seconds 
Epoch: 76/200 Train accuracy: 6.66180e-01 Validation accuracy: 5.07700e-01 Training loss 9.02495e-03 Validation loss 1.67114e-02 Time taken: 0.88 seconds 
Epoch: 77/200 Train accuracy: 6.65160e-01 Validation accuracy: 5.03900e-01 Training loss 9.01662e-03 Validation loss 1.68355e-02 Time taken: 0.83 seconds 
Epoch: 78/200 Train accuracy: 6.66460e-01 Validation accuracy: 5.05900e-01 Training loss 9.00609e-03 Validation loss 1.69442e-02 Time taken: 0.84 seconds 
Epoch: 79/200 Train accuracy: 6.65840e-01 Validation accuracy: 5.04400e-01 Training loss 9.01339e-03 Validation loss 1.67756e-02 Time taken: 0.86 seconds 
Epoch: 80/200 Train accuracy: 6.69140e-01 Validation accuracy: 5.07800e-01 Training loss 8.94199e-03 Validation loss 1.65717e-02 Time taken: 0.89 seconds 
Epoch: 81/200 Train accuracy: 6.69660e-01 Validation accuracy: 5.09600e-01 Training loss 8.88801e-03 Validation loss 1.67433e-02 Time taken: 0.77 seconds 
Epoch: 82/200 Train accuracy: 6.71180e-01 Validation accuracy: 5.05800e-01 Training loss 8.90941e-03 Validation loss 1.69069e-02 Time taken: 0.85 seconds 
Epoch: 83/200 Train accuracy: 6.70280e-01 Validation accuracy: 5.07400e-01 Training loss 8.83565e-03 Validation loss 1.66677e-02 Time taken: 0.77 seconds 
Epoch: 84/200 Train accuracy: 6.71820e-01 Validation accuracy: 5.01800e-01 Training loss 8.86143e-03 Validation loss 1.72058e-02 Time taken: 0.91 seconds 
Epoch: 85/200 Train accuracy: 6.70580e-01 Validation accuracy: 5.02800e-01 Training loss 8.87139e-03 Validation loss 1.69230e-02 Time taken: 0.97 seconds 
Epoch: 86/200 Train accuracy: 6.68400e-01 Validation accuracy: 5.03600e-01 Training loss 8.87507e-03 Validation loss 1.69335e-02 Time taken: 0.86 seconds 
Epoch: 87/200 Train accuracy: 6.71440e-01 Validation accuracy: 5.05100e-01 Training loss 8.81782e-03 Validation loss 1.69729e-02 Time taken: 4.42 seconds 
Epoch: 88/200 Train accuracy: 6.76000e-01 Validation accuracy: 5.06700e-01 Training loss 8.78714e-03 Validation loss 1.67679e-02 Time taken: 0.77 seconds 
Epoch: 89/200 Train accuracy: 6.73400e-01 Validation accuracy: 5.10200e-01 Training loss 8.80099e-03 Validation loss 1.69104e-02 Time taken: 0.82 seconds 
Epoch: 90/200 Train accuracy: 6.71560e-01 Validation accuracy: 5.07300e-01 Training loss 8.81191e-03 Validation loss 1.67618e-02 Time taken: 0.77 seconds 
Epoch: 91/200 Train accuracy: 6.72160e-01 Validation accuracy: 5.05600e-01 Training loss 8.78471e-03 Validation loss 1.70299e-02 Time taken: 0.78 seconds 
Epoch: 92/200 Train accuracy: 6.74620e-01 Validation accuracy: 5.06800e-01 Training loss 8.73002e-03 Validation loss 1.68799e-02 Time taken: 0.85 seconds 
Epoch: 93/200 Train accuracy: 6.73140e-01 Validation accuracy: 5.08200e-01 Training loss 8.73769e-03 Validation loss 1.69999e-02 Time taken: 1.44 seconds 
Epoch: 94/200 Train accuracy: 6.75120e-01 Validation accuracy: 4.99800e-01 Training loss 8.71849e-03 Validation loss 1.72137e-02 Time taken: 1.41 seconds 
Epoch: 95/200 Train accuracy: 6.78000e-01 Validation accuracy: 5.12300e-01 Training loss 8.65002e-03 Validation loss 1.69137e-02 Time taken: 0.76 seconds 
Epoch: 96/200 Train accuracy: 6.76380e-01 Validation accuracy: 5.02900e-01 Training loss 8.67599e-03 Validation loss 1.72486e-02 Time taken: 0.76 seconds 
Epoch: 97/200 Train accuracy: 6.76380e-01 Validation accuracy: 5.07200e-01 Training loss 8.67477e-03 Validation loss 1.71906e-02 Time taken: 0.77 seconds 
Epoch: 98/200 Train accuracy: 6.76480e-01 Validation accuracy: 5.00300e-01 Training loss 8.64735e-03 Validation loss 1.73541e-02 Time taken: 0.86 seconds 
Epoch: 99/200 Train accuracy: 6.76240e-01 Validation accuracy: 5.07700e-01 Training loss 8.71303e-03 Validation loss 1.70307e-02 Time taken: 1.00 seconds 
Epoch: 100/200 Train accuracy: 6.81060e-01 Validation accuracy: 5.06000e-01 Training loss 8.58864e-03 Validation loss 1.68424e-02 Time taken: 0.86 seconds 
Epoch: 101/200 Train accuracy: 6.80180e-01 Validation accuracy: 5.01400e-01 Training loss 8.62505e-03 Validation loss 1.70488e-02 Time taken: 1.07 seconds 
Epoch: 102/200 Train accuracy: 6.76420e-01 Validation accuracy: 5.08900e-01 Training loss 8.63104e-03 Validation loss 1.71374e-02 Time taken: 0.77 seconds 
Epoch: 103/200 Train accuracy: 6.77080e-01 Validation accuracy: 4.98000e-01 Training loss 8.62923e-03 Validation loss 1.75965e-02 Time taken: 0.80 seconds 
Epoch: 104/200 Train accuracy: 6.78000e-01 Validation accuracy: 5.17300e-01 Training loss 8.62189e-03 Validation loss 1.68130e-02 Time taken: 0.82 seconds 
Epoch: 105/200 Train accuracy: 6.76760e-01 Validation accuracy: 5.06000e-01 Training loss 8.65276e-03 Validation loss 1.72028e-02 Time taken: 0.88 seconds 
Epoch: 106/200 Train accuracy: 6.79600e-01 Validation accuracy: 5.05700e-01 Training loss 8.56717e-03 Validation loss 1.71750e-02 Time taken: 0.93 seconds 
Epoch: 107/200 Train accuracy: 6.77580e-01 Validation accuracy: 5.08100e-01 Training loss 8.61619e-03 Validation loss 1.72323e-02 Time taken: 1.01 seconds 
Epoch: 108/200 Train accuracy: 6.82520e-01 Validation accuracy: 5.05200e-01 Training loss 8.52770e-03 Validation loss 1.73670e-02 Time taken: 0.99 seconds 
Epoch: 109/200 Train accuracy: 6.78600e-01 Validation accuracy: 5.13000e-01 Training loss 8.57965e-03 Validation loss 1.69348e-02 Time taken: 1.00 seconds 
Epoch: 110/200 Train accuracy: 6.79460e-01 Validation accuracy: 5.01100e-01 Training loss 8.56882e-03 Validation loss 1.76525e-02 Time taken: 0.80 seconds 
Epoch: 111/200 Train accuracy: 6.82280e-01 Validation accuracy: 5.09700e-01 Training loss 8.52466e-03 Validation loss 1.69553e-02 Time taken: 0.87 seconds 
Epoch: 112/200 Train accuracy: 6.82140e-01 Validation accuracy: 5.06200e-01 Training loss 8.55700e-03 Validation loss 1.70540e-02 Time taken: 0.85 seconds 
Epoch: 113/200 Train accuracy: 6.80200e-01 Validation accuracy: 5.02000e-01 Training loss 8.56496e-03 Validation loss 1.73587e-02 Time taken: 0.83 seconds 
Epoch: 114/200 Train accuracy: 6.80860e-01 Validation accuracy: 5.13800e-01 Training loss 8.49620e-03 Validation loss 1.70970e-02 Time taken: 0.77 seconds 
Epoch: 115/200 Train accuracy: 6.81980e-01 Validation accuracy: 5.03300e-01 Training loss 8.49275e-03 Validation loss 1.74911e-02 Time taken: 0.77 seconds 
Epoch: 116/200 Train accuracy: 6.83680e-01 Validation accuracy: 5.08400e-01 Training loss 8.46202e-03 Validation loss 1.70705e-02 Time taken: 0.92 seconds 
Epoch: 117/200 Train accuracy: 6.82480e-01 Validation accuracy: 5.10800e-01 Training loss 8.49640e-03 Validation loss 1.72255e-02 Time taken: 0.90 seconds 
Epoch: 118/200 Train accuracy: 6.86200e-01 Validation accuracy: 5.06100e-01 Training loss 8.42296e-03 Validation loss 1.70715e-02 Time taken: 0.86 seconds 
Epoch: 119/200 Train accuracy: 6.83760e-01 Validation accuracy: 5.05400e-01 Training loss 8.47222e-03 Validation loss 1.73212e-02 Time taken: 0.79 seconds 
Epoch: 120/200 Train accuracy: 6.85640e-01 Validation accuracy: 5.04000e-01 Training loss 8.42625e-03 Validation loss 1.73185e-02 Time taken: 0.78 seconds 
Epoch: 121/200 Train accuracy: 6.82780e-01 Validation accuracy: 5.08300e-01 Training loss 8.46616e-03 Validation loss 1.72251e-02 Time taken: 0.82 seconds 
Epoch: 122/200 Train accuracy: 6.87460e-01 Validation accuracy: 5.04300e-01 Training loss 8.38752e-03 Validation loss 1.74278e-02 Time taken: 0.76 seconds 
Epoch: 123/200 Train accuracy: 6.82540e-01 Validation accuracy: 5.06700e-01 Training loss 8.48472e-03 Validation loss 1.71944e-02 Time taken: 0.76 seconds 
Epoch: 124/200 Train accuracy: 6.83300e-01 Validation accuracy: 5.07400e-01 Training loss 8.41687e-03 Validation loss 1.73822e-02 Time taken: 0.76 seconds 
Epoch: 125/200 Train accuracy: 6.84200e-01 Validation accuracy: 5.07100e-01 Training loss 8.39603e-03 Validation loss 1.73987e-02 Time taken: 0.76 seconds 
Epoch: 126/200 Train accuracy: 6.84480e-01 Validation accuracy: 5.04300e-01 Training loss 8.37372e-03 Validation loss 1.77190e-02 Time taken: 0.77 seconds 
Epoch: 127/200 Train accuracy: 6.88520e-01 Validation accuracy: 4.95300e-01 Training loss 8.36900e-03 Validation loss 1.76141e-02 Time taken: 0.79 seconds 
Epoch: 128/200 Train accuracy: 6.85780e-01 Validation accuracy: 5.12800e-01 Training loss 8.37373e-03 Validation loss 1.70619e-02 Time taken: 0.76 seconds 
Epoch: 129/200 Train accuracy: 6.86660e-01 Validation accuracy: 5.07700e-01 Training loss 8.36472e-03 Validation loss 1.76847e-02 Time taken: 0.76 seconds 
Epoch: 130/200 Train accuracy: 6.86680e-01 Validation accuracy: 5.03900e-01 Training loss 8.36045e-03 Validation loss 1.73560e-02 Time taken: 0.84 seconds 
Epoch: 131/200 Train accuracy: 6.87500e-01 Validation accuracy: 4.99300e-01 Training loss 8.32264e-03 Validation loss 1.76360e-02 Time taken: 0.92 seconds 
Epoch: 132/200 Train accuracy: 6.88160e-01 Validation accuracy: 4.97100e-01 Training loss 8.30478e-03 Validation loss 1.77587e-02 Time taken: 0.80 seconds 
Epoch: 133/200 Train accuracy: 6.86400e-01 Validation accuracy: 5.01200e-01 Training loss 8.39357e-03 Validation loss 1.76533e-02 Time taken: 0.76 seconds 
Epoch: 134/200 Train accuracy: 6.89440e-01 Validation accuracy: 5.04600e-01 Training loss 8.29557e-03 Validation loss 1.75025e-02 Time taken: 0.76 seconds 
Epoch: 135/200 Train accuracy: 6.87120e-01 Validation accuracy: 5.07500e-01 Training loss 8.36611e-03 Validation loss 1.76492e-02 Time taken: 0.81 seconds 
Epoch: 136/200 Train accuracy: 6.86040e-01 Validation accuracy: 5.06900e-01 Training loss 8.33836e-03 Validation loss 1.75469e-02 Time taken: 0.90 seconds 
Epoch: 137/200 Train accuracy: 6.91760e-01 Validation accuracy: 5.06200e-01 Training loss 8.24704e-03 Validation loss 1.75792e-02 Time taken: 0.84 seconds 
Epoch: 138/200 Train accuracy: 6.87760e-01 Validation accuracy: 5.07200e-01 Training loss 8.31539e-03 Validation loss 1.74825e-02 Time taken: 0.77 seconds 
Epoch: 139/200 Train accuracy: 6.88800e-01 Validation accuracy: 5.04900e-01 Training loss 8.31608e-03 Validation loss 1.75567e-02 Time taken: 0.76 seconds 
Epoch: 140/200 Train accuracy: 6.91340e-01 Validation accuracy: 5.11200e-01 Training loss 8.27288e-03 Validation loss 1.71739e-02 Time taken: 0.78 seconds 
Epoch: 141/200 Train accuracy: 6.90980e-01 Validation accuracy: 5.10400e-01 Training loss 8.24641e-03 Validation loss 1.74638e-02 Time taken: 0.90 seconds 
Epoch: 142/200 Train accuracy: 6.92780e-01 Validation accuracy: 5.10600e-01 Training loss 8.19976e-03 Validation loss 1.75141e-02 Time taken: 0.88 seconds 
Epoch: 143/200 Train accuracy: 6.88220e-01 Validation accuracy: 5.12600e-01 Training loss 8.33979e-03 Validation loss 1.73464e-02 Time taken: 0.82 seconds 
Epoch: 144/200 Train accuracy: 6.94620e-01 Validation accuracy: 4.97900e-01 Training loss 8.20811e-03 Validation loss 1.78681e-02 Time taken: 0.84 seconds 
Epoch: 145/200 Train accuracy: 6.91660e-01 Validation accuracy: 5.00200e-01 Training loss 8.22907e-03 Validation loss 1.76781e-02 Time taken: 0.84 seconds 
Epoch: 146/200 Train accuracy: 6.90900e-01 Validation accuracy: 5.06400e-01 Training loss 8.25467e-03 Validation loss 1.76421e-02 Time taken: 0.80 seconds 
Epoch: 147/200 Train accuracy: 6.94540e-01 Validation accuracy: 5.02300e-01 Training loss 8.20256e-03 Validation loss 1.75697e-02 Time taken: 0.80 seconds 
Epoch: 148/200 Train accuracy: 6.92940e-01 Validation accuracy: 5.14600e-01 Training loss 8.17062e-03 Validation loss 1.73517e-02 Time taken: 0.86 seconds 
Epoch: 149/200 Train accuracy: 6.93820e-01 Validation accuracy: 5.00300e-01 Training loss 8.16633e-03 Validation loss 1.79078e-02 Time taken: 0.76 seconds 
Epoch: 150/200 Train accuracy: 6.89960e-01 Validation accuracy: 5.07200e-01 Training loss 8.21550e-03 Validation loss 1.73614e-02 Time taken: 0.76 seconds 
Epoch: 151/200 Train accuracy: 6.90760e-01 Validation accuracy: 5.10200e-01 Training loss 8.22819e-03 Validation loss 1.76782e-02 Time taken: 0.87 seconds 
Epoch: 152/200 Train accuracy: 6.90020e-01 Validation accuracy: 5.05900e-01 Training loss 8.20671e-03 Validation loss 1.79973e-02 Time taken: 0.90 seconds 
Epoch: 153/200 Train accuracy: 6.90580e-01 Validation accuracy: 5.06000e-01 Training loss 8.20819e-03 Validation loss 1.75795e-02 Time taken: 0.76 seconds 
Epoch: 154/200 Train accuracy: 6.94300e-01 Validation accuracy: 5.00000e-01 Training loss 8.13268e-03 Validation loss 1.79133e-02 Time taken: 0.76 seconds 
Epoch: 155/200 Train accuracy: 6.94040e-01 Validation accuracy: 5.07400e-01 Training loss 8.14627e-03 Validation loss 1.77424e-02 Time taken: 0.75 seconds 
Epoch: 156/200 Train accuracy: 6.92900e-01 Validation accuracy: 5.02500e-01 Training loss 8.18882e-03 Validation loss 1.80833e-02 Time taken: 0.76 seconds 
Epoch: 157/200 Train accuracy: 6.95480e-01 Validation accuracy: 5.04700e-01 Training loss 8.10263e-03 Validation loss 1.78527e-02 Time taken: 0.76 seconds 
Epoch: 158/200 Train accuracy: 6.91260e-01 Validation accuracy: 5.00300e-01 Training loss 8.21374e-03 Validation loss 1.80512e-02 Time taken: 0.75 seconds 
Epoch: 159/200 Train accuracy: 6.92340e-01 Validation accuracy: 5.02300e-01 Training loss 8.16294e-03 Validation loss 1.77716e-02 Time taken: 0.75 seconds 
Epoch: 160/200 Train accuracy: 6.93140e-01 Validation accuracy: 5.00600e-01 Training loss 8.11411e-03 Validation loss 1.79371e-02 Time taken: 0.75 seconds 
Epoch: 161/200 Train accuracy: 6.93260e-01 Validation accuracy: 5.01500e-01 Training loss 8.14505e-03 Validation loss 1.78687e-02 Time taken: 0.80 seconds 
Epoch: 162/200 Train accuracy: 6.92420e-01 Validation accuracy: 4.98300e-01 Training loss 8.15571e-03 Validation loss 1.81174e-02 Time taken: 0.94 seconds 
Epoch: 163/200 Train accuracy: 6.96300e-01 Validation accuracy: 5.00900e-01 Training loss 8.11546e-03 Validation loss 1.78859e-02 Time taken: 0.87 seconds 
Epoch: 164/200 Train accuracy: 6.94540e-01 Validation accuracy: 5.07200e-01 Training loss 8.15221e-03 Validation loss 1.77086e-02 Time taken: 0.77 seconds 
Epoch: 165/200 Train accuracy: 6.94000e-01 Validation accuracy: 4.95600e-01 Training loss 8.13398e-03 Validation loss 1.80887e-02 Time taken: 0.77 seconds 
Epoch: 166/200 Train accuracy: 6.94400e-01 Validation accuracy: 5.10400e-01 Training loss 8.12642e-03 Validation loss 1.76044e-02 Time taken: 0.84 seconds 
Epoch: 167/200 Train accuracy: 6.94460e-01 Validation accuracy: 5.00600e-01 Training loss 8.09577e-03 Validation loss 1.81820e-02 Time taken: 1.04 seconds 
Epoch: 168/200 Train accuracy: 6.92940e-01 Validation accuracy: 5.02700e-01 Training loss 8.10647e-03 Validation loss 1.77689e-02 Time taken: 0.94 seconds 
Epoch: 169/200 Train accuracy: 6.95100e-01 Validation accuracy: 5.10100e-01 Training loss 8.08375e-03 Validation loss 1.76408e-02 Time taken: 0.77 seconds 
Epoch: 170/200 Train accuracy: 6.97800e-01 Validation accuracy: 5.08800e-01 Training loss 8.02765e-03 Validation loss 1.75463e-02 Time taken: 0.77 seconds 
Epoch: 171/200 Train accuracy: 6.98020e-01 Validation accuracy: 5.09100e-01 Training loss 8.05077e-03 Validation loss 1.77308e-02 Time taken: 0.78 seconds 
Epoch: 172/200 Train accuracy: 6.96020e-01 Validation accuracy: 5.04100e-01 Training loss 8.06922e-03 Validation loss 1.78710e-02 Time taken: 0.87 seconds 
Epoch: 173/200 Train accuracy: 6.94400e-01 Validation accuracy: 4.97600e-01 Training loss 8.09805e-03 Validation loss 1.81717e-02 Time taken: 1.02 seconds 
Epoch: 174/200 Train accuracy: 6.97720e-01 Validation accuracy: 5.09200e-01 Training loss 8.04082e-03 Validation loss 1.79621e-02 Time taken: 0.86 seconds 
Epoch: 175/200 Train accuracy: 6.95460e-01 Validation accuracy: 5.09700e-01 Training loss 8.08712e-03 Validation loss 1.75581e-02 Time taken: 0.77 seconds 
Epoch: 176/200 Train accuracy: 6.98260e-01 Validation accuracy: 5.06100e-01 Training loss 8.00405e-03 Validation loss 1.79108e-02 Time taken: 0.78 seconds 
Epoch: 177/200 Train accuracy: 6.96000e-01 Validation accuracy: 4.98100e-01 Training loss 8.03573e-03 Validation loss 1.79511e-02 Time taken: 0.83 seconds 
Epoch: 178/200 Train accuracy: 6.98200e-01 Validation accuracy: 4.96200e-01 Training loss 8.02389e-03 Validation loss 1.81672e-02 Time taken: 1.04 seconds 
Epoch: 179/200 Train accuracy: 6.95880e-01 Validation accuracy: 5.06000e-01 Training loss 8.04855e-03 Validation loss 1.78097e-02 Time taken: 1.01 seconds 
Epoch: 180/200 Train accuracy: 6.97540e-01 Validation accuracy: 5.10100e-01 Training loss 7.99469e-03 Validation loss 1.76309e-02 Time taken: 0.78 seconds 
Epoch: 181/200 Train accuracy: 6.98440e-01 Validation accuracy: 5.09100e-01 Training loss 8.02021e-03 Validation loss 1.77926e-02 Time taken: 0.77 seconds 
Epoch: 182/200 Train accuracy: 6.98120e-01 Validation accuracy: 5.00700e-01 Training loss 8.01383e-03 Validation loss 1.79917e-02 Time taken: 0.81 seconds 
Epoch: 183/200 Train accuracy: 6.97960e-01 Validation accuracy: 4.98300e-01 Training loss 7.98991e-03 Validation loss 1.80833e-02 Time taken: 1.00 seconds 
Epoch: 184/200 Train accuracy: 6.98180e-01 Validation accuracy: 5.01100e-01 Training loss 8.00702e-03 Validation loss 1.79387e-02 Time taken: 0.82 seconds 
Epoch: 185/200 Train accuracy: 6.96480e-01 Validation accuracy: 5.03800e-01 Training loss 8.02100e-03 Validation loss 1.79785e-02 Time taken: 0.77 seconds 
Epoch: 186/200 Train accuracy: 6.99200e-01 Validation accuracy: 5.07000e-01 Training loss 7.99184e-03 Validation loss 1.79704e-02 Time taken: 0.77 seconds 
Epoch: 187/200 Train accuracy: 6.98820e-01 Validation accuracy: 4.89500e-01 Training loss 7.95690e-03 Validation loss 1.85748e-02 Time taken: 0.78 seconds 
Epoch: 188/200 Train accuracy: 6.96620e-01 Validation accuracy: 5.02400e-01 Training loss 7.97981e-03 Validation loss 1.79152e-02 Time taken: 0.93 seconds 
Epoch: 189/200 Train accuracy: 7.02640e-01 Validation accuracy: 5.03900e-01 Training loss 7.90805e-03 Validation loss 1.81779e-02 Time taken: 1.04 seconds 
Epoch: 190/200 Train accuracy: 7.03300e-01 Validation accuracy: 5.03300e-01 Training loss 7.92464e-03 Validation loss 1.80910e-02 Time taken: 0.84 seconds 
Epoch: 191/200 Train accuracy: 7.01240e-01 Validation accuracy: 5.03800e-01 Training loss 7.92330e-03 Validation loss 1.79540e-02 Time taken: 0.78 seconds 
Epoch: 192/200 Train accuracy: 7.01860e-01 Validation accuracy: 5.09100e-01 Training loss 7.91730e-03 Validation loss 1.78433e-02 Time taken: 0.78 seconds 
Epoch: 193/200 Train accuracy: 7.03440e-01 Validation accuracy: 5.07400e-01 Training loss 7.90840e-03 Validation loss 1.78289e-02 Time taken: 0.79 seconds 
Epoch: 194/200 Train accuracy: 7.01300e-01 Validation accuracy: 5.03900e-01 Training loss 7.92355e-03 Validation loss 1.79666e-02 Time taken: 0.80 seconds 
Epoch: 195/200 Train accuracy: 6.99380e-01 Validation accuracy: 5.00600e-01 Training loss 7.96465e-03 Validation loss 1.81361e-02 Time taken: 0.80 seconds 
Epoch: 196/200 Train accuracy: 6.99460e-01 Validation accuracy: 5.08600e-01 Training loss 7.96509e-03 Validation loss 1.79400e-02 Time taken: 0.78 seconds 
Epoch: 197/200 Train accuracy: 7.02160e-01 Validation accuracy: 5.03500e-01 Training loss 7.88784e-03 Validation loss 1.79616e-02 Time taken: 0.78 seconds 
Epoch: 198/200 Train accuracy: 6.99080e-01 Validation accuracy: 4.97400e-01 Training loss 7.89538e-03 Validation loss 1.83776e-02 Time taken: 0.81 seconds 
Epoch: 199/200 Train accuracy: 6.98080e-01 Validation accuracy: 5.07900e-01 Training loss 7.94113e-03 Validation loss 1.79191e-02 Time taken: 0.85 seconds 
Epoch: 200/200 Train accuracy: 7.01880e-01 Validation accuracy: 5.00100e-01 Training loss 7.88431e-03 Validation loss 1.79334e-02 Time taken: 0.80 seconds 
Total time taken 0:03:08.174811
Cleaning up intermediate feature (.pt) files
Done


Files already downloaded and verified
Files already downloaded and verified
Files already downloaded and verified
Files already downloaded and verified
