Directory classifiers/jepa-iic-PKT-seed-10-classifier-pretrained-vitb-normalized-ep500 for saving the classifiers is now present
VisionTransformer(
  (patch_embed): PatchEmbed(
    (proj): Conv2d(3, 768, kernel_size=(15, 15), stride=(15, 15))
  )
  (blocks): ModuleList(
    (0-11): 12 x Block(
      (norm1): LayerNorm((768,), eps=1e-06, elementwise_affine=True)
      (attn): Attention(
        (qkv): Linear(in_features=768, out_features=2304, bias=True)
        (attn_drop): Dropout(p=0.0, inplace=False)
        (proj): Linear(in_features=768, out_features=768, bias=True)
        (proj_drop): Dropout(p=0.0, inplace=False)
      )
      (drop_path): Identity()
      (norm2): LayerNorm((768,), eps=1e-06, elementwise_affine=True)
      (mlp): MLP(
        (fc1): Linear(in_features=768, out_features=3072, bias=True)
        (act): GELU(approximate='none')
        (fc2): Linear(in_features=3072, out_features=768, bias=True)
        (drop): Dropout(p=0.0, inplace=False)
      )
    )
  )
  (norm): LayerNorm((768,), eps=1e-06, elementwise_affine=True)
)
Extracting features and saving them locally..
Epoch: 1/200 Train accuracy: 3.43452e-01 Validation accuracy: 4.91333e-01 Loss 1.31970e-02 Time taken: 2.34 seconds 
Epoch: 2/200 Train accuracy: 4.48126e-01 Validation accuracy: 4.99333e-01 Loss 1.24829e-02 Time taken: 2.14 seconds 
Epoch: 3/200 Train accuracy: 4.84039e-01 Validation accuracy: 5.23333e-01 Loss 1.22112e-02 Time taken: 2.52 seconds 
Epoch: 4/200 Train accuracy: 5.01283e-01 Validation accuracy: 5.29667e-01 Loss 1.20713e-02 Time taken: 2.41 seconds 
Epoch: 5/200 Train accuracy: 5.22588e-01 Validation accuracy: 5.59667e-01 Loss 1.19247e-02 Time taken: 2.36 seconds 
Epoch: 6/200 Train accuracy: 5.41186e-01 Validation accuracy: 5.78000e-01 Loss 1.17931e-02 Time taken: 2.15 seconds 
Epoch: 7/200 Train accuracy: 5.51945e-01 Validation accuracy: 5.81333e-01 Loss 1.17091e-02 Time taken: 2.13 seconds 
Epoch: 8/200 Train accuracy: 5.65128e-01 Validation accuracy: 5.91333e-01 Loss 1.16308e-02 Time taken: 2.26 seconds 
Epoch: 9/200 Train accuracy: 5.74462e-01 Validation accuracy: 5.86000e-01 Loss 1.15593e-02 Time taken: 2.18 seconds 
Epoch: 10/200 Train accuracy: 5.76315e-01 Validation accuracy: 5.92333e-01 Loss 1.15306e-02 Time taken: 2.21 seconds 
Epoch: 11/200 Train accuracy: 5.79450e-01 Validation accuracy: 5.97333e-01 Loss 1.15094e-02 Time taken: 2.27 seconds 
Epoch: 12/200 Train accuracy: 5.84652e-01 Validation accuracy: 5.98667e-01 Loss 1.14668e-02 Time taken: 2.35 seconds 
Epoch: 13/200 Train accuracy: 5.87502e-01 Validation accuracy: 5.94000e-01 Loss 1.14241e-02 Time taken: 2.05 seconds 
Epoch: 14/200 Train accuracy: 5.89639e-01 Validation accuracy: 6.12333e-01 Loss 1.14079e-02 Time taken: 3.50 seconds 
Epoch: 15/200 Train accuracy: 5.95055e-01 Validation accuracy: 6.01333e-01 Loss 1.13942e-02 Time taken: 3.19 seconds 
Epoch: 16/200 Train accuracy: 5.98475e-01 Validation accuracy: 6.07000e-01 Loss 1.13437e-02 Time taken: 2.81 seconds 
Epoch: 17/200 Train accuracy: 5.99473e-01 Validation accuracy: 6.13667e-01 Loss 1.13424e-02 Time taken: 2.31 seconds 
Epoch: 18/200 Train accuracy: 5.98760e-01 Validation accuracy: 6.12000e-01 Loss 1.13406e-02 Time taken: 2.77 seconds 
Epoch: 19/200 Train accuracy: 6.04318e-01 Validation accuracy: 6.12333e-01 Loss 1.13212e-02 Time taken: 2.35 seconds 
Epoch: 20/200 Train accuracy: 6.07097e-01 Validation accuracy: 6.16667e-01 Loss 1.12856e-02 Time taken: 2.57 seconds 
Epoch: 21/200 Train accuracy: 6.08522e-01 Validation accuracy: 6.10000e-01 Loss 1.12795e-02 Time taken: 2.96 seconds 
Epoch: 22/200 Train accuracy: 6.10019e-01 Validation accuracy: 6.13000e-01 Loss 1.12695e-02 Time taken: 2.19 seconds 
Epoch: 23/200 Train accuracy: 6.09377e-01 Validation accuracy: 6.19667e-01 Loss 1.12559e-02 Time taken: 2.15 seconds 
Epoch: 24/200 Train accuracy: 6.15861e-01 Validation accuracy: 6.15333e-01 Loss 1.12209e-02 Time taken: 2.07 seconds 
Epoch: 25/200 Train accuracy: 6.08023e-01 Validation accuracy: 6.11667e-01 Loss 1.12556e-02 Time taken: 2.12 seconds 
Epoch: 26/200 Train accuracy: 6.14650e-01 Validation accuracy: 6.17667e-01 Loss 1.12275e-02 Time taken: 2.09 seconds 
Epoch: 27/200 Train accuracy: 6.19210e-01 Validation accuracy: 6.21667e-01 Loss 1.12005e-02 Time taken: 2.30 seconds 
Epoch: 28/200 Train accuracy: 6.15291e-01 Validation accuracy: 6.21333e-01 Loss 1.12140e-02 Time taken: 2.41 seconds 
Epoch: 29/200 Train accuracy: 6.16147e-01 Validation accuracy: 6.25333e-01 Loss 1.12227e-02 Time taken: 2.25 seconds 
Epoch: 30/200 Train accuracy: 6.18925e-01 Validation accuracy: 6.15000e-01 Loss 1.11910e-02 Time taken: 2.22 seconds 
Epoch: 31/200 Train accuracy: 6.16645e-01 Validation accuracy: 6.18333e-01 Loss 1.11987e-02 Time taken: 2.34 seconds 
Epoch: 32/200 Train accuracy: 6.18925e-01 Validation accuracy: 6.25333e-01 Loss 1.11835e-02 Time taken: 2.28 seconds 
Epoch: 33/200 Train accuracy: 6.15006e-01 Validation accuracy: 6.16667e-01 Loss 1.12049e-02 Time taken: 2.09 seconds 
Epoch: 34/200 Train accuracy: 6.15434e-01 Validation accuracy: 6.26333e-01 Loss 1.11950e-02 Time taken: 2.14 seconds 
Epoch: 35/200 Train accuracy: 6.15576e-01 Validation accuracy: 6.23000e-01 Loss 1.11831e-02 Time taken: 2.28 seconds 
Epoch: 36/200 Train accuracy: 6.20066e-01 Validation accuracy: 6.26333e-01 Loss 1.11576e-02 Time taken: 2.43 seconds 
Epoch: 37/200 Train accuracy: 6.20921e-01 Validation accuracy: 6.29000e-01 Loss 1.11707e-02 Time taken: 1.98 seconds 
Epoch: 38/200 Train accuracy: 6.24341e-01 Validation accuracy: 6.29667e-01 Loss 1.11425e-02 Time taken: 2.01 seconds 
Epoch: 39/200 Train accuracy: 6.26835e-01 Validation accuracy: 6.28000e-01 Loss 1.11283e-02 Time taken: 2.10 seconds 
Epoch: 40/200 Train accuracy: 6.24341e-01 Validation accuracy: 6.29000e-01 Loss 1.11428e-02 Time taken: 2.10 seconds 
Epoch: 41/200 Train accuracy: 6.25267e-01 Validation accuracy: 6.26667e-01 Loss 1.11380e-02 Time taken: 2.13 seconds 
Epoch: 42/200 Train accuracy: 6.26336e-01 Validation accuracy: 6.25333e-01 Loss 1.11225e-02 Time taken: 2.11 seconds 
Epoch: 43/200 Train accuracy: 6.22916e-01 Validation accuracy: 6.19000e-01 Loss 1.11323e-02 Time taken: 2.44 seconds 
Epoch: 44/200 Train accuracy: 6.29471e-01 Validation accuracy: 6.13000e-01 Loss 1.11042e-02 Time taken: 2.24 seconds 
Epoch: 45/200 Train accuracy: 6.29258e-01 Validation accuracy: 6.36333e-01 Loss 1.11118e-02 Time taken: 2.17 seconds 
Epoch: 46/200 Train accuracy: 6.27191e-01 Validation accuracy: 6.15333e-01 Loss 1.11138e-02 Time taken: 2.26 seconds 
Epoch: 47/200 Train accuracy: 6.29258e-01 Validation accuracy: 6.33000e-01 Loss 1.11041e-02 Time taken: 2.07 seconds 
Epoch: 48/200 Train accuracy: 6.23272e-01 Validation accuracy: 6.29000e-01 Loss 1.11298e-02 Time taken: 2.13 seconds 
Epoch: 49/200 Train accuracy: 6.33533e-01 Validation accuracy: 6.20667e-01 Loss 1.10912e-02 Time taken: 2.31 seconds 
Epoch: 50/200 Train accuracy: 6.27761e-01 Validation accuracy: 6.40667e-01 Loss 1.11078e-02 Time taken: 2.33 seconds 
Epoch: 51/200 Train accuracy: 6.30968e-01 Validation accuracy: 6.32667e-01 Loss 1.10976e-02 Time taken: 2.28 seconds 
Epoch: 52/200 Train accuracy: 6.29756e-01 Validation accuracy: 6.28333e-01 Loss 1.10959e-02 Time taken: 2.10 seconds 
Epoch: 53/200 Train accuracy: 6.31039e-01 Validation accuracy: 6.29333e-01 Loss 1.10744e-02 Time taken: 4.46 seconds 
Epoch: 54/200 Train accuracy: 6.28260e-01 Validation accuracy: 6.34000e-01 Loss 1.10970e-02 Time taken: 3.47 seconds 
Epoch: 55/200 Train accuracy: 6.29186e-01 Validation accuracy: 6.31000e-01 Loss 1.10906e-02 Time taken: 2.26 seconds 
Epoch: 56/200 Train accuracy: 6.32393e-01 Validation accuracy: 6.33000e-01 Loss 1.10758e-02 Time taken: 2.00 seconds 
Epoch: 57/200 Train accuracy: 6.31466e-01 Validation accuracy: 6.31667e-01 Loss 1.10913e-02 Time taken: 2.11 seconds 
Epoch: 58/200 Train accuracy: 6.32464e-01 Validation accuracy: 6.30667e-01 Loss 1.10833e-02 Time taken: 2.13 seconds 
Epoch: 59/200 Train accuracy: 6.26550e-01 Validation accuracy: 6.26667e-01 Loss 1.10962e-02 Time taken: 2.52 seconds 
Epoch: 60/200 Train accuracy: 6.28830e-01 Validation accuracy: 6.24000e-01 Loss 1.10849e-02 Time taken: 2.44 seconds 
Epoch: 61/200 Train accuracy: 6.31181e-01 Validation accuracy: 6.32333e-01 Loss 1.10675e-02 Time taken: 2.31 seconds 
Epoch: 62/200 Train accuracy: 6.33319e-01 Validation accuracy: 6.30333e-01 Loss 1.10692e-02 Time taken: 2.17 seconds 
Epoch: 63/200 Train accuracy: 6.30255e-01 Validation accuracy: 6.27333e-01 Loss 1.10766e-02 Time taken: 2.21 seconds 
Epoch: 64/200 Train accuracy: 6.34673e-01 Validation accuracy: 6.34667e-01 Loss 1.10647e-02 Time taken: 2.04 seconds 
Epoch: 65/200 Train accuracy: 6.33177e-01 Validation accuracy: 6.36333e-01 Loss 1.10659e-02 Time taken: 2.14 seconds 
Epoch: 66/200 Train accuracy: 6.30398e-01 Validation accuracy: 6.37333e-01 Loss 1.10766e-02 Time taken: 2.13 seconds 
Epoch: 67/200 Train accuracy: 6.33818e-01 Validation accuracy: 6.34667e-01 Loss 1.10621e-02 Time taken: 2.13 seconds 
Epoch: 68/200 Train accuracy: 6.34815e-01 Validation accuracy: 6.39667e-01 Loss 1.10651e-02 Time taken: 2.32 seconds 
Epoch: 69/200 Train accuracy: 6.32607e-01 Validation accuracy: 6.37667e-01 Loss 1.10629e-02 Time taken: 2.31 seconds 
Epoch: 70/200 Train accuracy: 6.36597e-01 Validation accuracy: 6.34333e-01 Loss 1.10513e-02 Time taken: 2.33 seconds 
Epoch: 71/200 Train accuracy: 6.36668e-01 Validation accuracy: 6.26667e-01 Loss 1.10347e-02 Time taken: 2.42 seconds 
Epoch: 72/200 Train accuracy: 6.35884e-01 Validation accuracy: 6.30000e-01 Loss 1.10433e-02 Time taken: 2.25 seconds 
Epoch: 73/200 Train accuracy: 6.34103e-01 Validation accuracy: 6.35000e-01 Loss 1.10566e-02 Time taken: 2.41 seconds 
Epoch: 74/200 Train accuracy: 6.36383e-01 Validation accuracy: 6.31333e-01 Loss 1.10454e-02 Time taken: 2.26 seconds 
Epoch: 75/200 Train accuracy: 6.34744e-01 Validation accuracy: 6.39333e-01 Loss 1.10420e-02 Time taken: 2.31 seconds 
Epoch: 76/200 Train accuracy: 6.33319e-01 Validation accuracy: 6.31333e-01 Loss 1.10505e-02 Time taken: 2.20 seconds 
Epoch: 77/200 Train accuracy: 6.35243e-01 Validation accuracy: 6.34000e-01 Loss 1.10490e-02 Time taken: 2.11 seconds 
Epoch: 78/200 Train accuracy: 6.31110e-01 Validation accuracy: 6.35000e-01 Loss 1.10475e-02 Time taken: 2.22 seconds 
Epoch: 79/200 Train accuracy: 6.38521e-01 Validation accuracy: 6.36667e-01 Loss 1.10300e-02 Time taken: 1.99 seconds 
Epoch: 80/200 Train accuracy: 6.36597e-01 Validation accuracy: 6.40000e-01 Loss 1.10318e-02 Time taken: 2.22 seconds 
Epoch: 81/200 Train accuracy: 6.35742e-01 Validation accuracy: 6.29000e-01 Loss 1.10383e-02 Time taken: 2.19 seconds 
Epoch: 82/200 Train accuracy: 6.34459e-01 Validation accuracy: 6.33333e-01 Loss 1.10377e-02 Time taken: 2.14 seconds 
Epoch: 83/200 Train accuracy: 6.36882e-01 Validation accuracy: 6.41000e-01 Loss 1.10444e-02 Time taken: 2.16 seconds 
Epoch: 84/200 Train accuracy: 6.36383e-01 Validation accuracy: 6.38333e-01 Loss 1.10200e-02 Time taken: 2.34 seconds 
Epoch: 85/200 Train accuracy: 6.35172e-01 Validation accuracy: 6.40667e-01 Loss 1.10298e-02 Time taken: 2.12 seconds 
Epoch: 86/200 Train accuracy: 6.39732e-01 Validation accuracy: 6.37667e-01 Loss 1.10350e-02 Time taken: 2.20 seconds 
Epoch: 87/200 Train accuracy: 6.37096e-01 Validation accuracy: 6.39333e-01 Loss 1.10296e-02 Time taken: 2.79 seconds 
Epoch: 88/200 Train accuracy: 6.36454e-01 Validation accuracy: 6.36000e-01 Loss 1.10350e-02 Time taken: 2.11 seconds 
Epoch: 89/200 Train accuracy: 6.39020e-01 Validation accuracy: 6.39667e-01 Loss 1.10185e-02 Time taken: 2.32 seconds 
Epoch: 90/200 Train accuracy: 6.36169e-01 Validation accuracy: 6.31000e-01 Loss 1.10273e-02 Time taken: 2.25 seconds 
Epoch: 91/200 Train accuracy: 6.38378e-01 Validation accuracy: 6.39333e-01 Loss 1.10276e-02 Time taken: 2.08 seconds 
Epoch: 92/200 Train accuracy: 6.34530e-01 Validation accuracy: 6.33667e-01 Loss 1.10396e-02 Time taken: 2.21 seconds 
Epoch: 93/200 Train accuracy: 6.34317e-01 Validation accuracy: 6.26333e-01 Loss 1.10368e-02 Time taken: 2.10 seconds 
Epoch: 94/200 Train accuracy: 6.33675e-01 Validation accuracy: 6.33333e-01 Loss 1.10441e-02 Time taken: 2.62 seconds 
Epoch: 95/200 Train accuracy: 6.39946e-01 Validation accuracy: 6.40000e-01 Loss 1.10184e-02 Time taken: 2.25 seconds 
Epoch: 96/200 Train accuracy: 6.35100e-01 Validation accuracy: 6.40000e-01 Loss 1.10255e-02 Time taken: 1.97 seconds 
Epoch: 97/200 Train accuracy: 6.40231e-01 Validation accuracy: 6.40667e-01 Loss 1.10038e-02 Time taken: 2.48 seconds 
Epoch: 98/200 Train accuracy: 6.35528e-01 Validation accuracy: 6.36667e-01 Loss 1.10357e-02 Time taken: 2.24 seconds 
Epoch: 99/200 Train accuracy: 6.35172e-01 Validation accuracy: 6.33333e-01 Loss 1.10392e-02 Time taken: 2.54 seconds 
Epoch: 100/200 Train accuracy: 6.39233e-01 Validation accuracy: 6.32000e-01 Loss 1.10076e-02 Time taken: 2.18 seconds 
Epoch: 101/200 Train accuracy: 6.39376e-01 Validation accuracy: 6.32000e-01 Loss 1.10126e-02 Time taken: 2.15 seconds 
Epoch: 102/200 Train accuracy: 6.35029e-01 Validation accuracy: 6.33667e-01 Loss 1.10372e-02 Time taken: 2.07 seconds 
Epoch: 103/200 Train accuracy: 6.37096e-01 Validation accuracy: 6.31667e-01 Loss 1.10311e-02 Time taken: 2.76 seconds 
Epoch: 104/200 Train accuracy: 6.38806e-01 Validation accuracy: 6.38000e-01 Loss 1.10220e-02 Time taken: 2.37 seconds 
Epoch: 105/200 Train accuracy: 6.34815e-01 Validation accuracy: 6.41667e-01 Loss 1.10287e-02 Time taken: 2.28 seconds 
Epoch: 106/200 Train accuracy: 6.38236e-01 Validation accuracy: 6.33667e-01 Loss 1.10127e-02 Time taken: 2.28 seconds 
Epoch: 107/200 Train accuracy: 6.42796e-01 Validation accuracy: 6.36333e-01 Loss 1.10021e-02 Time taken: 2.29 seconds 
Epoch: 108/200 Train accuracy: 6.40017e-01 Validation accuracy: 6.44000e-01 Loss 1.10003e-02 Time taken: 2.14 seconds 
Epoch: 109/200 Train accuracy: 6.42369e-01 Validation accuracy: 6.34333e-01 Loss 1.09974e-02 Time taken: 2.19 seconds 
Epoch: 110/200 Train accuracy: 6.43936e-01 Validation accuracy: 6.39000e-01 Loss 1.09857e-02 Time taken: 2.18 seconds 
Epoch: 111/200 Train accuracy: 6.38806e-01 Validation accuracy: 6.38667e-01 Loss 1.10135e-02 Time taken: 2.37 seconds 
Epoch: 112/200 Train accuracy: 6.34887e-01 Validation accuracy: 6.35000e-01 Loss 1.10212e-02 Time taken: 2.11 seconds 
Epoch: 113/200 Train accuracy: 6.38806e-01 Validation accuracy: 6.43667e-01 Loss 1.10154e-02 Time taken: 2.26 seconds 
Epoch: 114/200 Train accuracy: 6.37096e-01 Validation accuracy: 6.44333e-01 Loss 1.10209e-02 Time taken: 2.17 seconds 
Epoch: 115/200 Train accuracy: 6.40587e-01 Validation accuracy: 6.39667e-01 Loss 1.10195e-02 Time taken: 2.04 seconds 
Epoch: 116/200 Train accuracy: 6.37808e-01 Validation accuracy: 6.36667e-01 Loss 1.10166e-02 Time taken: 2.39 seconds 
Epoch: 117/200 Train accuracy: 6.39091e-01 Validation accuracy: 6.40333e-01 Loss 1.10142e-02 Time taken: 2.16 seconds 
Epoch: 118/200 Train accuracy: 6.40445e-01 Validation accuracy: 6.36333e-01 Loss 1.10210e-02 Time taken: 2.33 seconds 
Epoch: 119/200 Train accuracy: 6.39091e-01 Validation accuracy: 6.45000e-01 Loss 1.10023e-02 Time taken: 2.37 seconds 
Epoch: 120/200 Train accuracy: 6.39590e-01 Validation accuracy: 6.35667e-01 Loss 1.10007e-02 Time taken: 2.10 seconds 
Epoch: 121/200 Train accuracy: 6.40587e-01 Validation accuracy: 6.38000e-01 Loss 1.10067e-02 Time taken: 1.97 seconds 
Epoch: 122/200 Train accuracy: 6.33675e-01 Validation accuracy: 6.38667e-01 Loss 1.10187e-02 Time taken: 2.11 seconds 
Epoch: 123/200 Train accuracy: 6.41442e-01 Validation accuracy: 6.36667e-01 Loss 1.09995e-02 Time taken: 2.08 seconds 
Epoch: 124/200 Train accuracy: 6.40373e-01 Validation accuracy: 6.41333e-01 Loss 1.09994e-02 Time taken: 2.12 seconds 
Epoch: 125/200 Train accuracy: 6.42939e-01 Validation accuracy: 6.38333e-01 Loss 1.09840e-02 Time taken: 2.18 seconds 
Epoch: 126/200 Train accuracy: 6.40943e-01 Validation accuracy: 6.48333e-01 Loss 1.09956e-02 Time taken: 2.07 seconds 
Epoch: 127/200 Train accuracy: 6.39162e-01 Validation accuracy: 6.37667e-01 Loss 1.10108e-02 Time taken: 2.21 seconds 
Epoch: 128/200 Train accuracy: 6.32892e-01 Validation accuracy: 6.37667e-01 Loss 1.10238e-02 Time taken: 2.01 seconds 
Epoch: 129/200 Train accuracy: 6.39590e-01 Validation accuracy: 6.38333e-01 Loss 1.10066e-02 Time taken: 2.08 seconds 
Epoch: 130/200 Train accuracy: 6.38877e-01 Validation accuracy: 6.37000e-01 Loss 1.10201e-02 Time taken: 2.07 seconds 
Epoch: 131/200 Train accuracy: 6.36953e-01 Validation accuracy: 6.39000e-01 Loss 1.10137e-02 Time taken: 2.19 seconds 
Epoch: 132/200 Train accuracy: 6.39946e-01 Validation accuracy: 6.37333e-01 Loss 1.09928e-02 Time taken: 2.22 seconds 
Epoch: 133/200 Train accuracy: 6.35528e-01 Validation accuracy: 6.41333e-01 Loss 1.09984e-02 Time taken: 2.18 seconds 
Epoch: 134/200 Train accuracy: 6.42511e-01 Validation accuracy: 6.40000e-01 Loss 1.09748e-02 Time taken: 2.10 seconds 
Epoch: 135/200 Train accuracy: 6.42511e-01 Validation accuracy: 6.38000e-01 Loss 1.09737e-02 Time taken: 2.16 seconds 
Epoch: 136/200 Train accuracy: 6.38236e-01 Validation accuracy: 6.41667e-01 Loss 1.10058e-02 Time taken: 2.10 seconds 
Epoch: 137/200 Train accuracy: 6.41656e-01 Validation accuracy: 6.41000e-01 Loss 1.10004e-02 Time taken: 2.16 seconds 
Epoch: 138/200 Train accuracy: 6.45504e-01 Validation accuracy: 6.37333e-01 Loss 1.09712e-02 Time taken: 2.28 seconds 
Epoch: 139/200 Train accuracy: 6.40801e-01 Validation accuracy: 6.39667e-01 Loss 1.09820e-02 Time taken: 2.36 seconds 
Epoch: 140/200 Train accuracy: 6.41228e-01 Validation accuracy: 6.41333e-01 Loss 1.09816e-02 Time taken: 2.26 seconds 
Epoch: 141/200 Train accuracy: 6.41300e-01 Validation accuracy: 6.44000e-01 Loss 1.09959e-02 Time taken: 2.89 seconds 
Epoch: 142/200 Train accuracy: 6.37381e-01 Validation accuracy: 6.40667e-01 Loss 1.10074e-02 Time taken: 2.45 seconds 
Epoch: 143/200 Train accuracy: 6.37808e-01 Validation accuracy: 6.38333e-01 Loss 1.10140e-02 Time taken: 2.14 seconds 
Epoch: 144/200 Train accuracy: 6.42867e-01 Validation accuracy: 6.37333e-01 Loss 1.09758e-02 Time taken: 2.10 seconds 
Epoch: 145/200 Train accuracy: 6.43152e-01 Validation accuracy: 6.43333e-01 Loss 1.09780e-02 Time taken: 2.17 seconds 
Epoch: 146/200 Train accuracy: 6.44364e-01 Validation accuracy: 6.43000e-01 Loss 1.09830e-02 Time taken: 2.21 seconds 
Epoch: 147/200 Train accuracy: 6.42582e-01 Validation accuracy: 6.38333e-01 Loss 1.09858e-02 Time taken: 2.34 seconds 
Epoch: 148/200 Train accuracy: 6.43366e-01 Validation accuracy: 6.42333e-01 Loss 1.09795e-02 Time taken: 2.23 seconds 
Epoch: 149/200 Train accuracy: 6.45931e-01 Validation accuracy: 6.40333e-01 Loss 1.09691e-02 Time taken: 2.08 seconds 
Epoch: 150/200 Train accuracy: 6.39376e-01 Validation accuracy: 6.37000e-01 Loss 1.09966e-02 Time taken: 2.32 seconds 
Epoch: 151/200 Train accuracy: 6.37167e-01 Validation accuracy: 6.35333e-01 Loss 1.10007e-02 Time taken: 2.04 seconds 
Epoch: 152/200 Train accuracy: 6.40302e-01 Validation accuracy: 6.44000e-01 Loss 1.09870e-02 Time taken: 2.03 seconds 
Epoch: 153/200 Train accuracy: 6.40872e-01 Validation accuracy: 6.38667e-01 Loss 1.09837e-02 Time taken: 2.18 seconds 
Epoch: 154/200 Train accuracy: 6.37879e-01 Validation accuracy: 6.41667e-01 Loss 1.10054e-02 Time taken: 2.25 seconds 
Epoch: 155/200 Train accuracy: 6.39661e-01 Validation accuracy: 6.37333e-01 Loss 1.09917e-02 Time taken: 2.08 seconds 
Epoch: 156/200 Train accuracy: 6.40801e-01 Validation accuracy: 6.47333e-01 Loss 1.09871e-02 Time taken: 2.34 seconds 
Epoch: 157/200 Train accuracy: 6.41870e-01 Validation accuracy: 6.36667e-01 Loss 1.09858e-02 Time taken: 2.30 seconds 
Epoch: 158/200 Train accuracy: 6.43295e-01 Validation accuracy: 6.41000e-01 Loss 1.09642e-02 Time taken: 2.03 seconds 
Epoch: 159/200 Train accuracy: 6.41727e-01 Validation accuracy: 6.45333e-01 Loss 1.09853e-02 Time taken: 2.15 seconds 
Epoch: 160/200 Train accuracy: 6.40801e-01 Validation accuracy: 6.39667e-01 Loss 1.09838e-02 Time taken: 2.25 seconds 
Epoch: 161/200 Train accuracy: 6.39447e-01 Validation accuracy: 6.39667e-01 Loss 1.09784e-02 Time taken: 2.27 seconds 
Epoch: 162/200 Train accuracy: 6.42012e-01 Validation accuracy: 6.44000e-01 Loss 1.09918e-02 Time taken: 2.16 seconds 
Epoch: 163/200 Train accuracy: 6.40088e-01 Validation accuracy: 6.43000e-01 Loss 1.09898e-02 Time taken: 2.27 seconds 
Epoch: 164/200 Train accuracy: 6.41086e-01 Validation accuracy: 6.40000e-01 Loss 1.09871e-02 Time taken: 2.17 seconds 
Epoch: 165/200 Train accuracy: 6.35742e-01 Validation accuracy: 6.35667e-01 Loss 1.10080e-02 Time taken: 1.98 seconds 
Epoch: 166/200 Train accuracy: 6.40801e-01 Validation accuracy: 6.32667e-01 Loss 1.09909e-02 Time taken: 2.24 seconds 
Epoch: 167/200 Train accuracy: 6.36454e-01 Validation accuracy: 6.47333e-01 Loss 1.10153e-02 Time taken: 3.02 seconds 
Epoch: 168/200 Train accuracy: 6.40088e-01 Validation accuracy: 6.45333e-01 Loss 1.09886e-02 Time taken: 2.63 seconds 
Epoch: 169/200 Train accuracy: 6.41157e-01 Validation accuracy: 6.49000e-01 Loss 1.09836e-02 Time taken: 2.37 seconds 
Epoch: 170/200 Train accuracy: 6.44791e-01 Validation accuracy: 6.36000e-01 Loss 1.09655e-02 Time taken: 2.22 seconds 
Epoch: 171/200 Train accuracy: 6.38307e-01 Validation accuracy: 6.42333e-01 Loss 1.09884e-02 Time taken: 2.17 seconds 
Epoch: 172/200 Train accuracy: 6.39803e-01 Validation accuracy: 6.40667e-01 Loss 1.09890e-02 Time taken: 2.47 seconds 
Epoch: 173/200 Train accuracy: 6.40658e-01 Validation accuracy: 6.44333e-01 Loss 1.09848e-02 Time taken: 2.35 seconds 
Epoch: 174/200 Train accuracy: 6.43224e-01 Validation accuracy: 6.43333e-01 Loss 1.09728e-02 Time taken: 2.76 seconds 
Epoch: 175/200 Train accuracy: 6.39732e-01 Validation accuracy: 6.34333e-01 Loss 1.09990e-02 Time taken: 2.39 seconds 
Epoch: 176/200 Train accuracy: 6.43152e-01 Validation accuracy: 6.42667e-01 Loss 1.09753e-02 Time taken: 2.31 seconds 
Epoch: 177/200 Train accuracy: 6.45575e-01 Validation accuracy: 6.30333e-01 Loss 1.09712e-02 Time taken: 3.66 seconds 
Epoch: 178/200 Train accuracy: 6.43794e-01 Validation accuracy: 6.48333e-01 Loss 1.09634e-02 Time taken: 2.42 seconds 
Epoch: 179/200 Train accuracy: 6.41086e-01 Validation accuracy: 6.39333e-01 Loss 1.09734e-02 Time taken: 3.20 seconds 
Epoch: 180/200 Train accuracy: 6.42511e-01 Validation accuracy: 6.46000e-01 Loss 1.09801e-02 Time taken: 2.74 seconds 
Epoch: 181/200 Train accuracy: 6.43152e-01 Validation accuracy: 6.42333e-01 Loss 1.09718e-02 Time taken: 2.06 seconds 
Epoch: 182/200 Train accuracy: 6.42582e-01 Validation accuracy: 6.46333e-01 Loss 1.09791e-02 Time taken: 2.02 seconds 
Epoch: 183/200 Train accuracy: 6.42725e-01 Validation accuracy: 6.38667e-01 Loss 1.09668e-02 Time taken: 2.10 seconds 
Epoch: 184/200 Train accuracy: 6.41870e-01 Validation accuracy: 6.42667e-01 Loss 1.09717e-02 Time taken: 2.07 seconds 
Epoch: 185/200 Train accuracy: 6.40373e-01 Validation accuracy: 6.50000e-01 Loss 1.09923e-02 Time taken: 2.05 seconds 
Epoch: 186/200 Train accuracy: 6.43936e-01 Validation accuracy: 6.44667e-01 Loss 1.09743e-02 Time taken: 2.43 seconds 
Epoch: 187/200 Train accuracy: 6.38521e-01 Validation accuracy: 6.49000e-01 Loss 1.09888e-02 Time taken: 2.32 seconds 
Epoch: 188/200 Train accuracy: 6.41513e-01 Validation accuracy: 6.49333e-01 Loss 1.09761e-02 Time taken: 2.99 seconds 
Epoch: 189/200 Train accuracy: 6.39518e-01 Validation accuracy: 6.43000e-01 Loss 1.09798e-02 Time taken: 2.16 seconds 
Epoch: 190/200 Train accuracy: 6.41798e-01 Validation accuracy: 6.37333e-01 Loss 1.09737e-02 Time taken: 2.10 seconds 
Epoch: 191/200 Train accuracy: 6.42297e-01 Validation accuracy: 6.43333e-01 Loss 1.09670e-02 Time taken: 1.78 seconds 
Epoch: 192/200 Train accuracy: 6.43509e-01 Validation accuracy: 6.45333e-01 Loss 1.09713e-02 Time taken: 1.57 seconds 
Epoch: 193/200 Train accuracy: 6.40516e-01 Validation accuracy: 6.43000e-01 Loss 1.09692e-02 Time taken: 1.56 seconds 
Epoch: 194/200 Train accuracy: 6.45147e-01 Validation accuracy: 6.43000e-01 Loss 1.09579e-02 Time taken: 1.58 seconds 
Epoch: 195/200 Train accuracy: 6.44649e-01 Validation accuracy: 6.38667e-01 Loss 1.09569e-02 Time taken: 1.54 seconds 
Epoch: 196/200 Train accuracy: 6.45147e-01 Validation accuracy: 6.37000e-01 Loss 1.09618e-02 Time taken: 1.50 seconds 
Epoch: 197/200 Train accuracy: 6.43152e-01 Validation accuracy: 6.27333e-01 Loss 1.09797e-02 Time taken: 1.55 seconds 
Epoch: 198/200 Train accuracy: 6.43295e-01 Validation accuracy: 6.44333e-01 Loss 1.09745e-02 Time taken: 1.56 seconds 
Epoch: 199/200 Train accuracy: 6.44007e-01 Validation accuracy: 6.41667e-01 Loss 1.09648e-02 Time taken: 1.54 seconds 
Epoch: 200/200 Train accuracy: 6.40445e-01 Validation accuracy: 6.39333e-01 Loss 1.09741e-02 Time taken: 1.52 seconds 
Total time taken 0:07:32.408799
Cleaning up intermediate feature (.pt) files
Done


