Directory classifiers/jepa-iic-PKT-seed-10-classifier-pretrained-vitb-normalized-ep500 for saving the classifiers is now present
VisionTransformer(
  (patch_embed): PatchEmbed(
    (proj): Conv2d(3, 768, kernel_size=(15, 15), stride=(15, 15))
  )
  (blocks): ModuleList(
    (0-11): 12 x Block(
      (norm1): LayerNorm((768,), eps=1e-06, elementwise_affine=True)
      (attn): Attention(
        (qkv): Linear(in_features=768, out_features=2304, bias=True)
        (attn_drop): Dropout(p=0.0, inplace=False)
        (proj): Linear(in_features=768, out_features=768, bias=True)
        (proj_drop): Dropout(p=0.0, inplace=False)
      )
      (drop_path): Identity()
      (norm2): LayerNorm((768,), eps=1e-06, elementwise_affine=True)
      (mlp): MLP(
        (fc1): Linear(in_features=768, out_features=3072, bias=True)
        (act): GELU(approximate='none')
        (fc2): Linear(in_features=3072, out_features=768, bias=True)
        (drop): Dropout(p=0.0, inplace=False)
      )
    )
  )
  (norm): LayerNorm((768,), eps=1e-06, elementwise_affine=True)
)
Extracting features and saving them locally..
Epoch: 1/200 Train accuracy: 2.99772e-01 Validation accuracy: 4.27000e-01 Loss 1.34905e-02 Time taken: 2.15 seconds 
Epoch: 2/200 Train accuracy: 4.21476e-01 Validation accuracy: 4.76333e-01 Loss 1.27302e-02 Time taken: 2.20 seconds 
Epoch: 3/200 Train accuracy: 4.51119e-01 Validation accuracy: 4.82667e-01 Loss 1.25027e-02 Time taken: 2.36 seconds 
Epoch: 4/200 Train accuracy: 4.60596e-01 Validation accuracy: 4.88333e-01 Loss 1.23855e-02 Time taken: 2.35 seconds 
Epoch: 5/200 Train accuracy: 4.79193e-01 Validation accuracy: 5.01333e-01 Loss 1.22776e-02 Time taken: 2.28 seconds 
Epoch: 6/200 Train accuracy: 4.84894e-01 Validation accuracy: 4.91667e-01 Loss 1.22230e-02 Time taken: 2.32 seconds 
Epoch: 7/200 Train accuracy: 4.86604e-01 Validation accuracy: 4.93667e-01 Loss 1.21844e-02 Time taken: 2.36 seconds 
Epoch: 8/200 Train accuracy: 4.90594e-01 Validation accuracy: 4.99000e-01 Loss 1.21484e-02 Time taken: 2.33 seconds 
Epoch: 9/200 Train accuracy: 4.95297e-01 Validation accuracy: 5.17667e-01 Loss 1.21093e-02 Time taken: 2.13 seconds 
Epoch: 10/200 Train accuracy: 4.99715e-01 Validation accuracy: 5.07000e-01 Loss 1.20784e-02 Time taken: 2.64 seconds 
Epoch: 11/200 Train accuracy: 5.03990e-01 Validation accuracy: 5.18333e-01 Loss 1.20584e-02 Time taken: 2.28 seconds 
Epoch: 12/200 Train accuracy: 5.09121e-01 Validation accuracy: 5.16000e-01 Loss 1.20218e-02 Time taken: 2.16 seconds 
Epoch: 13/200 Train accuracy: 5.06342e-01 Validation accuracy: 5.19000e-01 Loss 1.20211e-02 Time taken: 2.21 seconds 
Epoch: 14/200 Train accuracy: 5.09192e-01 Validation accuracy: 5.18333e-01 Loss 1.20116e-02 Time taken: 2.25 seconds 
Epoch: 15/200 Train accuracy: 5.15177e-01 Validation accuracy: 5.22000e-01 Loss 1.19728e-02 Time taken: 2.21 seconds 
Epoch: 16/200 Train accuracy: 5.11116e-01 Validation accuracy: 5.20333e-01 Loss 1.19897e-02 Time taken: 2.11 seconds 
Epoch: 17/200 Train accuracy: 5.12826e-01 Validation accuracy: 5.20333e-01 Loss 1.19740e-02 Time taken: 2.17 seconds 
Epoch: 18/200 Train accuracy: 5.19096e-01 Validation accuracy: 5.25667e-01 Loss 1.19420e-02 Time taken: 2.29 seconds 
Epoch: 19/200 Train accuracy: 5.19524e-01 Validation accuracy: 5.17000e-01 Loss 1.19249e-02 Time taken: 2.19 seconds 
Epoch: 20/200 Train accuracy: 5.16175e-01 Validation accuracy: 5.28333e-01 Loss 1.19304e-02 Time taken: 2.09 seconds 
Epoch: 21/200 Train accuracy: 5.20949e-01 Validation accuracy: 5.31000e-01 Loss 1.19264e-02 Time taken: 2.29 seconds 
Epoch: 22/200 Train accuracy: 5.25367e-01 Validation accuracy: 5.34000e-01 Loss 1.19030e-02 Time taken: 2.12 seconds 
Epoch: 23/200 Train accuracy: 5.21163e-01 Validation accuracy: 5.34667e-01 Loss 1.19125e-02 Time taken: 2.13 seconds 
Epoch: 24/200 Train accuracy: 5.22517e-01 Validation accuracy: 5.29000e-01 Loss 1.19020e-02 Time taken: 2.13 seconds 
Epoch: 25/200 Train accuracy: 5.25296e-01 Validation accuracy: 5.33667e-01 Loss 1.18779e-02 Time taken: 2.11 seconds 
Epoch: 26/200 Train accuracy: 5.24583e-01 Validation accuracy: 5.33667e-01 Loss 1.18807e-02 Time taken: 2.24 seconds 
Epoch: 27/200 Train accuracy: 5.28288e-01 Validation accuracy: 5.32000e-01 Loss 1.18753e-02 Time taken: 2.18 seconds 
Epoch: 28/200 Train accuracy: 5.26365e-01 Validation accuracy: 5.35000e-01 Loss 1.18761e-02 Time taken: 2.35 seconds 
Epoch: 29/200 Train accuracy: 5.28858e-01 Validation accuracy: 5.35667e-01 Loss 1.18575e-02 Time taken: 2.13 seconds 
Epoch: 30/200 Train accuracy: 5.31566e-01 Validation accuracy: 5.33333e-01 Loss 1.18437e-02 Time taken: 2.22 seconds 
Epoch: 31/200 Train accuracy: 5.29001e-01 Validation accuracy: 5.27333e-01 Loss 1.18619e-02 Time taken: 2.26 seconds 
Epoch: 32/200 Train accuracy: 5.30426e-01 Validation accuracy: 5.37333e-01 Loss 1.18490e-02 Time taken: 2.33 seconds 
Epoch: 33/200 Train accuracy: 5.29429e-01 Validation accuracy: 5.38667e-01 Loss 1.18444e-02 Time taken: 2.31 seconds 
Epoch: 34/200 Train accuracy: 5.32065e-01 Validation accuracy: 5.35667e-01 Loss 1.18370e-02 Time taken: 2.13 seconds 
Epoch: 35/200 Train accuracy: 5.29072e-01 Validation accuracy: 5.41333e-01 Loss 1.18336e-02 Time taken: 2.28 seconds 
Epoch: 36/200 Train accuracy: 5.31566e-01 Validation accuracy: 5.30333e-01 Loss 1.18307e-02 Time taken: 2.22 seconds 
Epoch: 37/200 Train accuracy: 5.32564e-01 Validation accuracy: 5.36667e-01 Loss 1.18230e-02 Time taken: 2.35 seconds 
Epoch: 38/200 Train accuracy: 5.34274e-01 Validation accuracy: 5.37000e-01 Loss 1.18206e-02 Time taken: 2.36 seconds 
Epoch: 39/200 Train accuracy: 5.33348e-01 Validation accuracy: 5.40000e-01 Loss 1.18213e-02 Time taken: 2.09 seconds 
Epoch: 40/200 Train accuracy: 5.30212e-01 Validation accuracy: 5.44000e-01 Loss 1.18286e-02 Time taken: 2.49 seconds 
Epoch: 41/200 Train accuracy: 5.32421e-01 Validation accuracy: 5.31000e-01 Loss 1.18209e-02 Time taken: 2.28 seconds 
Epoch: 42/200 Train accuracy: 5.38763e-01 Validation accuracy: 5.41667e-01 Loss 1.17961e-02 Time taken: 2.28 seconds 
Epoch: 43/200 Train accuracy: 5.33490e-01 Validation accuracy: 5.46667e-01 Loss 1.18108e-02 Time taken: 2.19 seconds 
Epoch: 44/200 Train accuracy: 5.37409e-01 Validation accuracy: 5.42667e-01 Loss 1.17976e-02 Time taken: 2.35 seconds 
Epoch: 45/200 Train accuracy: 5.39262e-01 Validation accuracy: 5.35000e-01 Loss 1.17920e-02 Time taken: 2.34 seconds 
Epoch: 46/200 Train accuracy: 5.36625e-01 Validation accuracy: 5.42000e-01 Loss 1.17868e-02 Time taken: 2.28 seconds 
Epoch: 47/200 Train accuracy: 5.34844e-01 Validation accuracy: 5.47333e-01 Loss 1.17969e-02 Time taken: 2.03 seconds 
Epoch: 48/200 Train accuracy: 5.40046e-01 Validation accuracy: 5.45000e-01 Loss 1.17759e-02 Time taken: 2.17 seconds 
Epoch: 49/200 Train accuracy: 5.35842e-01 Validation accuracy: 5.44000e-01 Loss 1.17943e-02 Time taken: 2.13 seconds 
Epoch: 50/200 Train accuracy: 5.39832e-01 Validation accuracy: 5.48333e-01 Loss 1.17831e-02 Time taken: 2.38 seconds 
Epoch: 51/200 Train accuracy: 5.38407e-01 Validation accuracy: 5.43000e-01 Loss 1.17834e-02 Time taken: 2.36 seconds 
Epoch: 52/200 Train accuracy: 5.40188e-01 Validation accuracy: 5.47000e-01 Loss 1.17734e-02 Time taken: 2.28 seconds 
Epoch: 53/200 Train accuracy: 5.37908e-01 Validation accuracy: 5.46333e-01 Loss 1.17774e-02 Time taken: 2.20 seconds 
Epoch: 54/200 Train accuracy: 5.39761e-01 Validation accuracy: 5.46000e-01 Loss 1.17757e-02 Time taken: 2.13 seconds 
Epoch: 55/200 Train accuracy: 5.36625e-01 Validation accuracy: 5.44667e-01 Loss 1.17790e-02 Time taken: 2.16 seconds 
Epoch: 56/200 Train accuracy: 5.39832e-01 Validation accuracy: 5.47000e-01 Loss 1.17681e-02 Time taken: 2.13 seconds 
Epoch: 57/200 Train accuracy: 5.41328e-01 Validation accuracy: 5.46667e-01 Loss 1.17691e-02 Time taken: 2.35 seconds 
Epoch: 58/200 Train accuracy: 5.37480e-01 Validation accuracy: 5.47000e-01 Loss 1.17626e-02 Time taken: 2.22 seconds 
Epoch: 59/200 Train accuracy: 5.37124e-01 Validation accuracy: 5.51000e-01 Loss 1.17604e-02 Time taken: 2.35 seconds 
Epoch: 60/200 Train accuracy: 5.42611e-01 Validation accuracy: 5.42667e-01 Loss 1.17550e-02 Time taken: 2.14 seconds 
Epoch: 61/200 Train accuracy: 5.43965e-01 Validation accuracy: 5.39667e-01 Loss 1.17460e-02 Time taken: 2.32 seconds 
Epoch: 62/200 Train accuracy: 5.41471e-01 Validation accuracy: 5.48333e-01 Loss 1.17610e-02 Time taken: 2.11 seconds 
Epoch: 63/200 Train accuracy: 5.45105e-01 Validation accuracy: 5.50000e-01 Loss 1.17431e-02 Time taken: 2.16 seconds 
Epoch: 64/200 Train accuracy: 5.42183e-01 Validation accuracy: 5.50333e-01 Loss 1.17405e-02 Time taken: 2.15 seconds 
Epoch: 65/200 Train accuracy: 5.40758e-01 Validation accuracy: 5.49333e-01 Loss 1.17634e-02 Time taken: 2.22 seconds 
Epoch: 66/200 Train accuracy: 5.45817e-01 Validation accuracy: 5.52000e-01 Loss 1.17346e-02 Time taken: 2.37 seconds 
Epoch: 67/200 Train accuracy: 5.44962e-01 Validation accuracy: 5.53000e-01 Loss 1.17353e-02 Time taken: 2.25 seconds 
Epoch: 68/200 Train accuracy: 5.41898e-01 Validation accuracy: 5.47000e-01 Loss 1.17390e-02 Time taken: 2.31 seconds 
Epoch: 69/200 Train accuracy: 5.44036e-01 Validation accuracy: 5.53000e-01 Loss 1.17346e-02 Time taken: 2.31 seconds 
Epoch: 70/200 Train accuracy: 5.43110e-01 Validation accuracy: 5.51667e-01 Loss 1.17469e-02 Time taken: 2.12 seconds 
Epoch: 71/200 Train accuracy: 5.44891e-01 Validation accuracy: 5.50667e-01 Loss 1.17283e-02 Time taken: 2.22 seconds 
Epoch: 72/200 Train accuracy: 5.44748e-01 Validation accuracy: 5.52667e-01 Loss 1.17366e-02 Time taken: 2.31 seconds 
Epoch: 73/200 Train accuracy: 5.46744e-01 Validation accuracy: 5.52000e-01 Loss 1.17321e-02 Time taken: 2.16 seconds 
Epoch: 74/200 Train accuracy: 5.43181e-01 Validation accuracy: 5.52333e-01 Loss 1.17413e-02 Time taken: 2.30 seconds 
Epoch: 75/200 Train accuracy: 5.45247e-01 Validation accuracy: 5.54667e-01 Loss 1.17327e-02 Time taken: 2.22 seconds 
Epoch: 76/200 Train accuracy: 5.42041e-01 Validation accuracy: 5.52000e-01 Loss 1.17309e-02 Time taken: 2.09 seconds 
Epoch: 77/200 Train accuracy: 5.46245e-01 Validation accuracy: 5.58667e-01 Loss 1.17214e-02 Time taken: 2.15 seconds 
Epoch: 78/200 Train accuracy: 5.44891e-01 Validation accuracy: 5.53000e-01 Loss 1.17210e-02 Time taken: 2.21 seconds 
Epoch: 79/200 Train accuracy: 5.46245e-01 Validation accuracy: 5.56000e-01 Loss 1.17226e-02 Time taken: 2.19 seconds 
Epoch: 80/200 Train accuracy: 5.48668e-01 Validation accuracy: 5.52667e-01 Loss 1.17174e-02 Time taken: 2.39 seconds 
Epoch: 81/200 Train accuracy: 5.50093e-01 Validation accuracy: 5.48667e-01 Loss 1.17086e-02 Time taken: 2.34 seconds 
Epoch: 82/200 Train accuracy: 5.45033e-01 Validation accuracy: 5.46000e-01 Loss 1.17214e-02 Time taken: 2.36 seconds 
Epoch: 83/200 Train accuracy: 5.47385e-01 Validation accuracy: 5.52000e-01 Loss 1.17234e-02 Time taken: 2.28 seconds 
Epoch: 84/200 Train accuracy: 5.46459e-01 Validation accuracy: 5.50333e-01 Loss 1.17006e-02 Time taken: 2.18 seconds 
Epoch: 85/200 Train accuracy: 5.47955e-01 Validation accuracy: 5.57333e-01 Loss 1.17020e-02 Time taken: 2.44 seconds 
Epoch: 86/200 Train accuracy: 5.44748e-01 Validation accuracy: 5.53333e-01 Loss 1.17252e-02 Time taken: 2.26 seconds 
Epoch: 87/200 Train accuracy: 5.46102e-01 Validation accuracy: 5.57333e-01 Loss 1.17131e-02 Time taken: 2.32 seconds 
Epoch: 88/200 Train accuracy: 5.49024e-01 Validation accuracy: 5.54333e-01 Loss 1.17009e-02 Time taken: 2.27 seconds 
Epoch: 89/200 Train accuracy: 5.43252e-01 Validation accuracy: 5.59000e-01 Loss 1.17160e-02 Time taken: 2.16 seconds 
Epoch: 90/200 Train accuracy: 5.47812e-01 Validation accuracy: 5.51000e-01 Loss 1.17161e-02 Time taken: 2.18 seconds 
Epoch: 91/200 Train accuracy: 5.45889e-01 Validation accuracy: 5.56333e-01 Loss 1.17257e-02 Time taken: 2.20 seconds 
Epoch: 92/200 Train accuracy: 5.47955e-01 Validation accuracy: 5.54333e-01 Loss 1.17004e-02 Time taken: 2.24 seconds 
Epoch: 93/200 Train accuracy: 5.46459e-01 Validation accuracy: 5.57000e-01 Loss 1.17147e-02 Time taken: 2.27 seconds 
Epoch: 94/200 Train accuracy: 5.48311e-01 Validation accuracy: 5.55000e-01 Loss 1.17048e-02 Time taken: 2.25 seconds 
Epoch: 95/200 Train accuracy: 5.50449e-01 Validation accuracy: 5.51000e-01 Loss 1.17002e-02 Time taken: 2.27 seconds 
Epoch: 96/200 Train accuracy: 5.47812e-01 Validation accuracy: 5.59333e-01 Loss 1.17023e-02 Time taken: 2.34 seconds 
Epoch: 97/200 Train accuracy: 5.50449e-01 Validation accuracy: 5.56000e-01 Loss 1.16975e-02 Time taken: 2.37 seconds 
Epoch: 98/200 Train accuracy: 5.48596e-01 Validation accuracy: 5.52333e-01 Loss 1.16997e-02 Time taken: 2.31 seconds 
Epoch: 99/200 Train accuracy: 5.48097e-01 Validation accuracy: 5.57000e-01 Loss 1.17018e-02 Time taken: 2.34 seconds 
Epoch: 100/200 Train accuracy: 5.46245e-01 Validation accuracy: 5.54000e-01 Loss 1.17153e-02 Time taken: 2.24 seconds 
Epoch: 101/200 Train accuracy: 5.47955e-01 Validation accuracy: 5.54667e-01 Loss 1.16999e-02 Time taken: 2.26 seconds 
Epoch: 102/200 Train accuracy: 5.48382e-01 Validation accuracy: 5.51333e-01 Loss 1.16921e-02 Time taken: 2.38 seconds 
Epoch: 103/200 Train accuracy: 5.45960e-01 Validation accuracy: 5.55000e-01 Loss 1.17074e-02 Time taken: 2.14 seconds 
Epoch: 104/200 Train accuracy: 5.51375e-01 Validation accuracy: 5.56667e-01 Loss 1.16902e-02 Time taken: 2.20 seconds 
Epoch: 105/200 Train accuracy: 5.51090e-01 Validation accuracy: 5.53667e-01 Loss 1.16873e-02 Time taken: 2.15 seconds 
Epoch: 106/200 Train accuracy: 5.47100e-01 Validation accuracy: 5.59333e-01 Loss 1.16900e-02 Time taken: 2.46 seconds 
Epoch: 107/200 Train accuracy: 5.51375e-01 Validation accuracy: 5.57667e-01 Loss 1.16746e-02 Time taken: 2.33 seconds 
Epoch: 108/200 Train accuracy: 5.49523e-01 Validation accuracy: 5.59333e-01 Loss 1.16819e-02 Time taken: 2.12 seconds 
Epoch: 109/200 Train accuracy: 5.48881e-01 Validation accuracy: 5.60000e-01 Loss 1.16814e-02 Time taken: 2.28 seconds 
Epoch: 110/200 Train accuracy: 5.52444e-01 Validation accuracy: 5.58333e-01 Loss 1.16837e-02 Time taken: 2.17 seconds 
Epoch: 111/200 Train accuracy: 5.48525e-01 Validation accuracy: 5.53000e-01 Loss 1.16839e-02 Time taken: 2.15 seconds 
Epoch: 112/200 Train accuracy: 5.49238e-01 Validation accuracy: 5.57667e-01 Loss 1.16863e-02 Time taken: 2.22 seconds 
Epoch: 113/200 Train accuracy: 5.50378e-01 Validation accuracy: 5.62667e-01 Loss 1.16833e-02 Time taken: 2.16 seconds 
Epoch: 114/200 Train accuracy: 5.49309e-01 Validation accuracy: 5.58333e-01 Loss 1.16880e-02 Time taken: 2.38 seconds 
Epoch: 115/200 Train accuracy: 5.46815e-01 Validation accuracy: 5.59000e-01 Loss 1.16911e-02 Time taken: 2.21 seconds 
Epoch: 116/200 Train accuracy: 5.49238e-01 Validation accuracy: 5.61000e-01 Loss 1.16891e-02 Time taken: 2.24 seconds 
Epoch: 117/200 Train accuracy: 5.49665e-01 Validation accuracy: 5.64000e-01 Loss 1.16797e-02 Time taken: 2.33 seconds 
Epoch: 118/200 Train accuracy: 5.50663e-01 Validation accuracy: 5.62333e-01 Loss 1.16748e-02 Time taken: 2.30 seconds 
Epoch: 119/200 Train accuracy: 5.51446e-01 Validation accuracy: 5.58667e-01 Loss 1.16843e-02 Time taken: 2.30 seconds 
Epoch: 120/200 Train accuracy: 5.52159e-01 Validation accuracy: 5.55333e-01 Loss 1.16788e-02 Time taken: 2.40 seconds 
Epoch: 121/200 Train accuracy: 5.53442e-01 Validation accuracy: 5.57333e-01 Loss 1.16661e-02 Time taken: 2.49 seconds 
Epoch: 122/200 Train accuracy: 5.52017e-01 Validation accuracy: 5.57000e-01 Loss 1.16776e-02 Time taken: 2.36 seconds 
Epoch: 123/200 Train accuracy: 5.51589e-01 Validation accuracy: 5.63333e-01 Loss 1.16771e-02 Time taken: 2.19 seconds 
Epoch: 124/200 Train accuracy: 5.53442e-01 Validation accuracy: 5.59667e-01 Loss 1.16619e-02 Time taken: 2.20 seconds 
Epoch: 125/200 Train accuracy: 5.50021e-01 Validation accuracy: 5.60000e-01 Loss 1.16846e-02 Time taken: 2.18 seconds 
Epoch: 126/200 Train accuracy: 5.51019e-01 Validation accuracy: 5.62000e-01 Loss 1.16758e-02 Time taken: 2.20 seconds 
Epoch: 127/200 Train accuracy: 5.53442e-01 Validation accuracy: 5.59000e-01 Loss 1.16717e-02 Time taken: 2.40 seconds 
Epoch: 128/200 Train accuracy: 5.52800e-01 Validation accuracy: 5.61667e-01 Loss 1.16608e-02 Time taken: 2.33 seconds 
Epoch: 129/200 Train accuracy: 5.52159e-01 Validation accuracy: 5.58000e-01 Loss 1.16685e-02 Time taken: 2.06 seconds 
Epoch: 130/200 Train accuracy: 5.52017e-01 Validation accuracy: 5.59000e-01 Loss 1.16681e-02 Time taken: 2.16 seconds 
Epoch: 131/200 Train accuracy: 5.53014e-01 Validation accuracy: 5.56667e-01 Loss 1.16710e-02 Time taken: 2.26 seconds 
Epoch: 132/200 Train accuracy: 5.53085e-01 Validation accuracy: 5.61000e-01 Loss 1.16647e-02 Time taken: 2.27 seconds 
Epoch: 133/200 Train accuracy: 5.51446e-01 Validation accuracy: 5.56667e-01 Loss 1.16754e-02 Time taken: 2.31 seconds 
Epoch: 134/200 Train accuracy: 5.47029e-01 Validation accuracy: 5.51333e-01 Loss 1.16808e-02 Time taken: 2.09 seconds 
Epoch: 135/200 Train accuracy: 5.58073e-01 Validation accuracy: 5.54667e-01 Loss 1.16531e-02 Time taken: 2.12 seconds 
Epoch: 136/200 Train accuracy: 5.54297e-01 Validation accuracy: 5.62333e-01 Loss 1.16647e-02 Time taken: 2.21 seconds 
Epoch: 137/200 Train accuracy: 5.53085e-01 Validation accuracy: 5.61667e-01 Loss 1.16620e-02 Time taken: 2.31 seconds 
Epoch: 138/200 Train accuracy: 5.50876e-01 Validation accuracy: 5.60000e-01 Loss 1.16598e-02 Time taken: 2.20 seconds 
Epoch: 139/200 Train accuracy: 5.53798e-01 Validation accuracy: 5.62333e-01 Loss 1.16617e-02 Time taken: 2.15 seconds 
Epoch: 140/200 Train accuracy: 5.54154e-01 Validation accuracy: 5.61667e-01 Loss 1.16679e-02 Time taken: 2.38 seconds 
Epoch: 141/200 Train accuracy: 5.55793e-01 Validation accuracy: 5.54000e-01 Loss 1.16517e-02 Time taken: 2.06 seconds 
Epoch: 142/200 Train accuracy: 5.52729e-01 Validation accuracy: 5.66333e-01 Loss 1.16682e-02 Time taken: 2.01 seconds 
Epoch: 143/200 Train accuracy: 5.53798e-01 Validation accuracy: 5.61000e-01 Loss 1.16513e-02 Time taken: 2.29 seconds 
Epoch: 144/200 Train accuracy: 5.55009e-01 Validation accuracy: 5.58667e-01 Loss 1.16542e-02 Time taken: 2.10 seconds 
Epoch: 145/200 Train accuracy: 5.52444e-01 Validation accuracy: 5.60333e-01 Loss 1.16593e-02 Time taken: 2.06 seconds 
Epoch: 146/200 Train accuracy: 5.53940e-01 Validation accuracy: 5.62000e-01 Loss 1.16558e-02 Time taken: 2.10 seconds 
Epoch: 147/200 Train accuracy: 5.52872e-01 Validation accuracy: 5.61000e-01 Loss 1.16585e-02 Time taken: 2.11 seconds 
Epoch: 148/200 Train accuracy: 5.52943e-01 Validation accuracy: 5.61333e-01 Loss 1.16616e-02 Time taken: 2.23 seconds 
Epoch: 149/200 Train accuracy: 5.50876e-01 Validation accuracy: 5.59667e-01 Loss 1.16648e-02 Time taken: 2.35 seconds 
Epoch: 150/200 Train accuracy: 5.52515e-01 Validation accuracy: 5.60667e-01 Loss 1.16567e-02 Time taken: 2.17 seconds 
Epoch: 151/200 Train accuracy: 5.53727e-01 Validation accuracy: 5.56667e-01 Loss 1.16471e-02 Time taken: 2.26 seconds 
Epoch: 152/200 Train accuracy: 5.55437e-01 Validation accuracy: 5.64333e-01 Loss 1.16437e-02 Time taken: 2.23 seconds 
Epoch: 153/200 Train accuracy: 5.52943e-01 Validation accuracy: 5.60333e-01 Loss 1.16648e-02 Time taken: 2.30 seconds 
Epoch: 154/200 Train accuracy: 5.54297e-01 Validation accuracy: 5.61000e-01 Loss 1.16512e-02 Time taken: 2.11 seconds 
Epoch: 155/200 Train accuracy: 5.48810e-01 Validation accuracy: 5.62667e-01 Loss 1.16612e-02 Time taken: 2.31 seconds 
Epoch: 156/200 Train accuracy: 5.55366e-01 Validation accuracy: 5.59667e-01 Loss 1.16490e-02 Time taken: 1.94 seconds 
Epoch: 157/200 Train accuracy: 5.55651e-01 Validation accuracy: 5.63667e-01 Loss 1.16545e-02 Time taken: 1.75 seconds 
Epoch: 158/200 Train accuracy: 5.52302e-01 Validation accuracy: 5.65000e-01 Loss 1.16463e-02 Time taken: 1.56 seconds 
Epoch: 159/200 Train accuracy: 5.53157e-01 Validation accuracy: 5.58333e-01 Loss 1.16538e-02 Time taken: 1.57 seconds 
Epoch: 160/200 Train accuracy: 5.55223e-01 Validation accuracy: 5.60000e-01 Loss 1.16549e-02 Time taken: 1.55 seconds 
Epoch: 161/200 Train accuracy: 5.52373e-01 Validation accuracy: 5.61333e-01 Loss 1.16640e-02 Time taken: 1.56 seconds 
Epoch: 162/200 Train accuracy: 5.53869e-01 Validation accuracy: 5.57667e-01 Loss 1.16489e-02 Time taken: 1.56 seconds 
Epoch: 163/200 Train accuracy: 5.51375e-01 Validation accuracy: 5.60000e-01 Loss 1.16563e-02 Time taken: 1.55 seconds 
Epoch: 164/200 Train accuracy: 5.53727e-01 Validation accuracy: 5.57000e-01 Loss 1.16410e-02 Time taken: 1.58 seconds 
Epoch: 165/200 Train accuracy: 5.54154e-01 Validation accuracy: 5.64333e-01 Loss 1.16483e-02 Time taken: 1.61 seconds 
Epoch: 166/200 Train accuracy: 5.50948e-01 Validation accuracy: 5.57333e-01 Loss 1.16607e-02 Time taken: 1.59 seconds 
Epoch: 167/200 Train accuracy: 5.56292e-01 Validation accuracy: 5.63667e-01 Loss 1.16369e-02 Time taken: 1.60 seconds 
Epoch: 168/200 Train accuracy: 5.53299e-01 Validation accuracy: 5.60000e-01 Loss 1.16503e-02 Time taken: 1.62 seconds 
Epoch: 169/200 Train accuracy: 5.55651e-01 Validation accuracy: 5.64000e-01 Loss 1.16490e-02 Time taken: 1.60 seconds 
Epoch: 170/200 Train accuracy: 5.54368e-01 Validation accuracy: 5.65000e-01 Loss 1.16501e-02 Time taken: 1.61 seconds 
Epoch: 171/200 Train accuracy: 5.54225e-01 Validation accuracy: 5.62000e-01 Loss 1.16475e-02 Time taken: 1.61 seconds 
Epoch: 172/200 Train accuracy: 5.57717e-01 Validation accuracy: 5.58667e-01 Loss 1.16396e-02 Time taken: 1.63 seconds 
Epoch: 173/200 Train accuracy: 5.56577e-01 Validation accuracy: 5.64667e-01 Loss 1.16390e-02 Time taken: 1.63 seconds 
Epoch: 174/200 Train accuracy: 5.54582e-01 Validation accuracy: 5.64000e-01 Loss 1.16463e-02 Time taken: 1.62 seconds 
Epoch: 175/200 Train accuracy: 5.55651e-01 Validation accuracy: 5.65333e-01 Loss 1.16460e-02 Time taken: 1.63 seconds 
Epoch: 176/200 Train accuracy: 5.54083e-01 Validation accuracy: 5.61000e-01 Loss 1.16527e-02 Time taken: 1.62 seconds 
Epoch: 177/200 Train accuracy: 5.54653e-01 Validation accuracy: 5.64000e-01 Loss 1.16436e-02 Time taken: 1.62 seconds 
Epoch: 178/200 Train accuracy: 5.56577e-01 Validation accuracy: 5.65667e-01 Loss 1.16285e-02 Time taken: 1.61 seconds 
Epoch: 179/200 Train accuracy: 5.58358e-01 Validation accuracy: 5.65000e-01 Loss 1.16346e-02 Time taken: 1.61 seconds 
Epoch: 180/200 Train accuracy: 5.57717e-01 Validation accuracy: 5.62333e-01 Loss 1.16327e-02 Time taken: 1.59 seconds 
Epoch: 181/200 Train accuracy: 5.54938e-01 Validation accuracy: 5.61333e-01 Loss 1.16460e-02 Time taken: 1.68 seconds 
Epoch: 182/200 Train accuracy: 5.53655e-01 Validation accuracy: 5.66000e-01 Loss 1.16420e-02 Time taken: 1.58 seconds 
Epoch: 183/200 Train accuracy: 5.54368e-01 Validation accuracy: 5.65000e-01 Loss 1.16481e-02 Time taken: 1.62 seconds 
Epoch: 184/200 Train accuracy: 5.58857e-01 Validation accuracy: 5.54333e-01 Loss 1.16255e-02 Time taken: 1.63 seconds 
Epoch: 185/200 Train accuracy: 5.56862e-01 Validation accuracy: 5.59667e-01 Loss 1.16372e-02 Time taken: 1.69 seconds 
Epoch: 186/200 Train accuracy: 5.58715e-01 Validation accuracy: 5.68333e-01 Loss 1.16247e-02 Time taken: 1.63 seconds 
Epoch: 187/200 Train accuracy: 5.56719e-01 Validation accuracy: 5.64333e-01 Loss 1.16382e-02 Time taken: 1.58 seconds 
Epoch: 188/200 Train accuracy: 5.54012e-01 Validation accuracy: 5.64333e-01 Loss 1.16374e-02 Time taken: 1.57 seconds 
Epoch: 189/200 Train accuracy: 5.56719e-01 Validation accuracy: 5.56333e-01 Loss 1.16216e-02 Time taken: 1.59 seconds 
Epoch: 190/200 Train accuracy: 5.58715e-01 Validation accuracy: 5.63667e-01 Loss 1.16302e-02 Time taken: 1.59 seconds 
Epoch: 191/200 Train accuracy: 5.59427e-01 Validation accuracy: 5.58667e-01 Loss 1.16260e-02 Time taken: 1.66 seconds 
Epoch: 192/200 Train accuracy: 5.53727e-01 Validation accuracy: 5.69333e-01 Loss 1.16349e-02 Time taken: 1.79 seconds 
Epoch: 193/200 Train accuracy: 5.53299e-01 Validation accuracy: 5.64667e-01 Loss 1.16424e-02 Time taken: 1.67 seconds 
Epoch: 194/200 Train accuracy: 5.56292e-01 Validation accuracy: 5.62667e-01 Loss 1.16259e-02 Time taken: 1.66 seconds 
Epoch: 195/200 Train accuracy: 5.56434e-01 Validation accuracy: 5.61333e-01 Loss 1.16297e-02 Time taken: 1.62 seconds 
Epoch: 196/200 Train accuracy: 5.52373e-01 Validation accuracy: 5.63000e-01 Loss 1.16407e-02 Time taken: 1.62 seconds 
Epoch: 197/200 Train accuracy: 5.58216e-01 Validation accuracy: 5.63333e-01 Loss 1.16241e-02 Time taken: 1.62 seconds 
Epoch: 198/200 Train accuracy: 5.56292e-01 Validation accuracy: 5.61333e-01 Loss 1.16279e-02 Time taken: 1.63 seconds 
Epoch: 199/200 Train accuracy: 5.58145e-01 Validation accuracy: 5.63667e-01 Loss 1.16339e-02 Time taken: 1.63 seconds 
Epoch: 200/200 Train accuracy: 5.54582e-01 Validation accuracy: 5.69333e-01 Loss 1.16374e-02 Time taken: 1.77 seconds 
Total time taken 0:07:01.888997
Cleaning up intermediate feature (.pt) files
Done


