Directory classifiers/jepa-iic-PKT-seed-10-classifier-pretrained-vitb-normalized-ep100 for saving the classifiers is now present
VisionTransformer(
  (patch_embed): PatchEmbed(
    (proj): Conv2d(3, 768, kernel_size=(15, 15), stride=(15, 15))
  )
  (blocks): ModuleList(
    (0-11): 12 x Block(
      (norm1): LayerNorm((768,), eps=1e-06, elementwise_affine=True)
      (attn): Attention(
        (qkv): Linear(in_features=768, out_features=2304, bias=True)
        (attn_drop): Dropout(p=0.0, inplace=False)
        (proj): Linear(in_features=768, out_features=768, bias=True)
        (proj_drop): Dropout(p=0.0, inplace=False)
      )
      (drop_path): Identity()
      (norm2): LayerNorm((768,), eps=1e-06, elementwise_affine=True)
      (mlp): MLP(
        (fc1): Linear(in_features=768, out_features=3072, bias=True)
        (act): GELU(approximate='none')
        (fc2): Linear(in_features=3072, out_features=768, bias=True)
        (drop): Dropout(p=0.0, inplace=False)
      )
    )
  )
  (norm): LayerNorm((768,), eps=1e-06, elementwise_affine=True)
)
Extracting features and saving them locally..
Epoch: 1/200 Train accuracy: 1.91535e-01 Validation accuracy: 3.05667e-01 Loss 1.41034e-02 Time taken: 1.57 seconds 
Epoch: 2/200 Train accuracy: 2.46829e-01 Validation accuracy: 2.96333e-01 Loss 1.38483e-02 Time taken: 1.55 seconds 
Epoch: 3/200 Train accuracy: 2.70771e-01 Validation accuracy: 2.78333e-01 Loss 1.37153e-02 Time taken: 1.56 seconds 
Epoch: 4/200 Train accuracy: 2.80961e-01 Validation accuracy: 2.91667e-01 Loss 1.36200e-02 Time taken: 1.56 seconds 
Epoch: 5/200 Train accuracy: 2.85450e-01 Validation accuracy: 2.98667e-01 Loss 1.35959e-02 Time taken: 1.54 seconds 
Epoch: 6/200 Train accuracy: 2.92789e-01 Validation accuracy: 2.95333e-01 Loss 1.35558e-02 Time taken: 1.55 seconds 
Epoch: 7/200 Train accuracy: 3.00128e-01 Validation accuracy: 2.98667e-01 Loss 1.34799e-02 Time taken: 1.55 seconds 
Epoch: 8/200 Train accuracy: 3.04332e-01 Validation accuracy: 3.01333e-01 Loss 1.34596e-02 Time taken: 1.55 seconds 
Epoch: 9/200 Train accuracy: 3.07111e-01 Validation accuracy: 3.04333e-01 Loss 1.34229e-02 Time taken: 1.55 seconds 
Epoch: 10/200 Train accuracy: 3.12170e-01 Validation accuracy: 3.33667e-01 Loss 1.33998e-02 Time taken: 1.60 seconds 
Epoch: 11/200 Train accuracy: 3.14451e-01 Validation accuracy: 3.34333e-01 Loss 1.33669e-02 Time taken: 1.55 seconds 
Epoch: 12/200 Train accuracy: 3.11173e-01 Validation accuracy: 3.27667e-01 Loss 1.33973e-02 Time taken: 1.55 seconds 
Epoch: 13/200 Train accuracy: 3.15448e-01 Validation accuracy: 3.38333e-01 Loss 1.33497e-02 Time taken: 1.55 seconds 
Epoch: 14/200 Train accuracy: 3.15947e-01 Validation accuracy: 3.39000e-01 Loss 1.33533e-02 Time taken: 1.55 seconds 
Epoch: 15/200 Train accuracy: 3.21861e-01 Validation accuracy: 3.31667e-01 Loss 1.33292e-02 Time taken: 1.54 seconds 
Epoch: 16/200 Train accuracy: 3.26279e-01 Validation accuracy: 3.38667e-01 Loss 1.33011e-02 Time taken: 1.56 seconds 
Epoch: 17/200 Train accuracy: 3.23785e-01 Validation accuracy: 3.35667e-01 Loss 1.33377e-02 Time taken: 1.54 seconds 
Epoch: 18/200 Train accuracy: 3.29486e-01 Validation accuracy: 3.36333e-01 Loss 1.32878e-02 Time taken: 1.54 seconds 
Epoch: 19/200 Train accuracy: 3.32265e-01 Validation accuracy: 3.33333e-01 Loss 1.32735e-02 Time taken: 1.54 seconds 
Epoch: 20/200 Train accuracy: 3.29414e-01 Validation accuracy: 3.43000e-01 Loss 1.32639e-02 Time taken: 1.54 seconds 
Epoch: 21/200 Train accuracy: 3.29414e-01 Validation accuracy: 3.57667e-01 Loss 1.32670e-02 Time taken: 1.55 seconds 
Epoch: 22/200 Train accuracy: 3.37537e-01 Validation accuracy: 3.45333e-01 Loss 1.32386e-02 Time taken: 1.55 seconds 
Epoch: 23/200 Train accuracy: 3.31766e-01 Validation accuracy: 3.48000e-01 Loss 1.32387e-02 Time taken: 1.56 seconds 
Epoch: 24/200 Train accuracy: 3.35614e-01 Validation accuracy: 3.47667e-01 Loss 1.32171e-02 Time taken: 1.54 seconds 
Epoch: 25/200 Train accuracy: 3.30626e-01 Validation accuracy: 3.48000e-01 Loss 1.32325e-02 Time taken: 1.54 seconds 
Epoch: 26/200 Train accuracy: 3.30198e-01 Validation accuracy: 3.56667e-01 Loss 1.32501e-02 Time taken: 1.55 seconds 
Epoch: 27/200 Train accuracy: 3.36825e-01 Validation accuracy: 3.55000e-01 Loss 1.32081e-02 Time taken: 1.54 seconds 
Epoch: 28/200 Train accuracy: 3.35970e-01 Validation accuracy: 3.44667e-01 Loss 1.32197e-02 Time taken: 1.54 seconds 
Epoch: 29/200 Train accuracy: 3.40103e-01 Validation accuracy: 3.57333e-01 Loss 1.32024e-02 Time taken: 1.56 seconds 
Epoch: 30/200 Train accuracy: 3.38107e-01 Validation accuracy: 3.48667e-01 Loss 1.32055e-02 Time taken: 1.55 seconds 
Epoch: 31/200 Train accuracy: 3.37965e-01 Validation accuracy: 3.47333e-01 Loss 1.31960e-02 Time taken: 1.54 seconds 
Epoch: 32/200 Train accuracy: 3.39818e-01 Validation accuracy: 3.65667e-01 Loss 1.31939e-02 Time taken: 1.56 seconds 
Epoch: 33/200 Train accuracy: 3.45946e-01 Validation accuracy: 3.51000e-01 Loss 1.31621e-02 Time taken: 1.54 seconds 
Epoch: 34/200 Train accuracy: 3.43452e-01 Validation accuracy: 3.48333e-01 Loss 1.31740e-02 Time taken: 1.54 seconds 
Epoch: 35/200 Train accuracy: 3.44235e-01 Validation accuracy: 3.64333e-01 Loss 1.31602e-02 Time taken: 1.55 seconds 
Epoch: 36/200 Train accuracy: 3.46801e-01 Validation accuracy: 3.72000e-01 Loss 1.31555e-02 Time taken: 1.55 seconds 
Epoch: 37/200 Train accuracy: 3.42312e-01 Validation accuracy: 3.67000e-01 Loss 1.31545e-02 Time taken: 1.55 seconds 
Epoch: 38/200 Train accuracy: 3.47656e-01 Validation accuracy: 3.55333e-01 Loss 1.31607e-02 Time taken: 1.54 seconds 
Epoch: 39/200 Train accuracy: 3.42098e-01 Validation accuracy: 3.63667e-01 Loss 1.31473e-02 Time taken: 1.55 seconds 
Epoch: 40/200 Train accuracy: 3.47442e-01 Validation accuracy: 3.74000e-01 Loss 1.31349e-02 Time taken: 1.56 seconds 
Epoch: 41/200 Train accuracy: 3.49152e-01 Validation accuracy: 3.70333e-01 Loss 1.31407e-02 Time taken: 1.54 seconds 
Epoch: 42/200 Train accuracy: 3.45661e-01 Validation accuracy: 3.39333e-01 Loss 1.31536e-02 Time taken: 1.54 seconds 
Epoch: 43/200 Train accuracy: 3.49793e-01 Validation accuracy: 3.66000e-01 Loss 1.31364e-02 Time taken: 1.54 seconds 
Epoch: 44/200 Train accuracy: 3.49152e-01 Validation accuracy: 3.59667e-01 Loss 1.31384e-02 Time taken: 1.54 seconds 
Epoch: 45/200 Train accuracy: 3.46231e-01 Validation accuracy: 3.66000e-01 Loss 1.31438e-02 Time taken: 1.54 seconds 
Epoch: 46/200 Train accuracy: 3.48368e-01 Validation accuracy: 3.64000e-01 Loss 1.31119e-02 Time taken: 1.54 seconds 
Epoch: 47/200 Train accuracy: 3.53641e-01 Validation accuracy: 3.65000e-01 Loss 1.30989e-02 Time taken: 1.55 seconds 
Epoch: 48/200 Train accuracy: 3.51076e-01 Validation accuracy: 3.74333e-01 Loss 1.31105e-02 Time taken: 1.54 seconds 
Epoch: 49/200 Train accuracy: 3.52074e-01 Validation accuracy: 3.54667e-01 Loss 1.31082e-02 Time taken: 1.58 seconds 
Epoch: 50/200 Train accuracy: 3.50648e-01 Validation accuracy: 3.66667e-01 Loss 1.31135e-02 Time taken: 1.58 seconds 
Epoch: 51/200 Train accuracy: 3.51147e-01 Validation accuracy: 3.71667e-01 Loss 1.31117e-02 Time taken: 1.55 seconds 
Epoch: 52/200 Train accuracy: 3.56776e-01 Validation accuracy: 3.50667e-01 Loss 1.30918e-02 Time taken: 1.55 seconds 
Epoch: 53/200 Train accuracy: 3.56420e-01 Validation accuracy: 3.68333e-01 Loss 1.30921e-02 Time taken: 1.54 seconds 
Epoch: 54/200 Train accuracy: 3.49152e-01 Validation accuracy: 3.72000e-01 Loss 1.31116e-02 Time taken: 1.54 seconds 
Epoch: 55/200 Train accuracy: 3.55708e-01 Validation accuracy: 3.58000e-01 Loss 1.30817e-02 Time taken: 1.54 seconds 
Epoch: 56/200 Train accuracy: 3.55423e-01 Validation accuracy: 3.59667e-01 Loss 1.30813e-02 Time taken: 1.53 seconds 
Epoch: 57/200 Train accuracy: 3.55066e-01 Validation accuracy: 3.74667e-01 Loss 1.30880e-02 Time taken: 1.55 seconds 
Epoch: 58/200 Train accuracy: 3.56563e-01 Validation accuracy: 3.63000e-01 Loss 1.30845e-02 Time taken: 1.54 seconds 
Epoch: 59/200 Train accuracy: 3.56491e-01 Validation accuracy: 3.81000e-01 Loss 1.30840e-02 Time taken: 1.54 seconds 
Epoch: 60/200 Train accuracy: 3.56705e-01 Validation accuracy: 3.60333e-01 Loss 1.30833e-02 Time taken: 1.54 seconds 
Epoch: 61/200 Train accuracy: 3.54425e-01 Validation accuracy: 3.88333e-01 Loss 1.30894e-02 Time taken: 1.54 seconds 
Epoch: 62/200 Train accuracy: 3.61479e-01 Validation accuracy: 3.72667e-01 Loss 1.30612e-02 Time taken: 1.54 seconds 
Epoch: 63/200 Train accuracy: 3.61479e-01 Validation accuracy: 3.64000e-01 Loss 1.30674e-02 Time taken: 1.54 seconds 
Epoch: 64/200 Train accuracy: 3.57631e-01 Validation accuracy: 3.75333e-01 Loss 1.30783e-02 Time taken: 1.55 seconds 
Epoch: 65/200 Train accuracy: 3.57560e-01 Validation accuracy: 3.69667e-01 Loss 1.30573e-02 Time taken: 1.55 seconds 
Epoch: 66/200 Train accuracy: 3.61764e-01 Validation accuracy: 3.92667e-01 Loss 1.30651e-02 Time taken: 1.53 seconds 
Epoch: 67/200 Train accuracy: 3.58772e-01 Validation accuracy: 3.80000e-01 Loss 1.30577e-02 Time taken: 1.55 seconds 
Epoch: 68/200 Train accuracy: 3.56990e-01 Validation accuracy: 3.55667e-01 Loss 1.30775e-02 Time taken: 1.55 seconds 
Epoch: 69/200 Train accuracy: 3.59270e-01 Validation accuracy: 3.88667e-01 Loss 1.30856e-02 Time taken: 1.54 seconds 
Epoch: 70/200 Train accuracy: 3.54853e-01 Validation accuracy: 3.54667e-01 Loss 1.30684e-02 Time taken: 1.53 seconds 
Epoch: 71/200 Train accuracy: 3.59199e-01 Validation accuracy: 3.56333e-01 Loss 1.30621e-02 Time taken: 1.54 seconds 
Epoch: 72/200 Train accuracy: 3.58700e-01 Validation accuracy: 3.86667e-01 Loss 1.30685e-02 Time taken: 1.54 seconds 
Epoch: 73/200 Train accuracy: 3.56776e-01 Validation accuracy: 3.59000e-01 Loss 1.30660e-02 Time taken: 1.54 seconds 
Epoch: 74/200 Train accuracy: 3.60410e-01 Validation accuracy: 3.81667e-01 Loss 1.30628e-02 Time taken: 1.54 seconds 
Epoch: 75/200 Train accuracy: 3.62548e-01 Validation accuracy: 3.75000e-01 Loss 1.30542e-02 Time taken: 1.54 seconds 
Epoch: 76/200 Train accuracy: 3.59342e-01 Validation accuracy: 3.60333e-01 Loss 1.30647e-02 Time taken: 1.54 seconds 
Epoch: 77/200 Train accuracy: 3.63902e-01 Validation accuracy: 3.86333e-01 Loss 1.30463e-02 Time taken: 1.54 seconds 
Epoch: 78/200 Train accuracy: 3.61622e-01 Validation accuracy: 3.83667e-01 Loss 1.30462e-02 Time taken: 1.54 seconds 
Epoch: 79/200 Train accuracy: 3.61123e-01 Validation accuracy: 3.86000e-01 Loss 1.30562e-02 Time taken: 1.54 seconds 
Epoch: 80/200 Train accuracy: 3.62548e-01 Validation accuracy: 3.94000e-01 Loss 1.30428e-02 Time taken: 1.54 seconds 
Epoch: 81/200 Train accuracy: 3.57204e-01 Validation accuracy: 3.68333e-01 Loss 1.30492e-02 Time taken: 1.53 seconds 
Epoch: 82/200 Train accuracy: 3.62619e-01 Validation accuracy: 3.81000e-01 Loss 1.30335e-02 Time taken: 1.54 seconds 
Epoch: 83/200 Train accuracy: 3.60268e-01 Validation accuracy: 3.84667e-01 Loss 1.30515e-02 Time taken: 1.54 seconds 
Epoch: 84/200 Train accuracy: 3.63902e-01 Validation accuracy: 3.81667e-01 Loss 1.30429e-02 Time taken: 1.54 seconds 
Epoch: 85/200 Train accuracy: 3.62548e-01 Validation accuracy: 3.88333e-01 Loss 1.30362e-02 Time taken: 1.54 seconds 
Epoch: 86/200 Train accuracy: 3.62406e-01 Validation accuracy: 3.81667e-01 Loss 1.30345e-02 Time taken: 1.54 seconds 
Epoch: 87/200 Train accuracy: 3.62691e-01 Validation accuracy: 3.76000e-01 Loss 1.30447e-02 Time taken: 1.55 seconds 
Epoch: 88/200 Train accuracy: 3.67821e-01 Validation accuracy: 3.76667e-01 Loss 1.30247e-02 Time taken: 1.54 seconds 
Epoch: 89/200 Train accuracy: 3.62619e-01 Validation accuracy: 3.60000e-01 Loss 1.30351e-02 Time taken: 1.55 seconds 
Epoch: 90/200 Train accuracy: 3.64187e-01 Validation accuracy: 3.63667e-01 Loss 1.30267e-02 Time taken: 1.55 seconds 
Epoch: 91/200 Train accuracy: 3.65755e-01 Validation accuracy: 3.72333e-01 Loss 1.30210e-02 Time taken: 1.54 seconds 
Epoch: 92/200 Train accuracy: 3.60909e-01 Validation accuracy: 3.86000e-01 Loss 1.30390e-02 Time taken: 1.55 seconds 
Epoch: 93/200 Train accuracy: 3.67821e-01 Validation accuracy: 3.83333e-01 Loss 1.30142e-02 Time taken: 1.54 seconds 
Epoch: 94/200 Train accuracy: 3.66823e-01 Validation accuracy: 3.68000e-01 Loss 1.30289e-02 Time taken: 1.55 seconds 
Epoch: 95/200 Train accuracy: 3.62049e-01 Validation accuracy: 3.73667e-01 Loss 1.30258e-02 Time taken: 1.54 seconds 
Epoch: 96/200 Train accuracy: 3.63759e-01 Validation accuracy: 3.75333e-01 Loss 1.30270e-02 Time taken: 1.55 seconds 
Epoch: 97/200 Train accuracy: 3.65327e-01 Validation accuracy: 3.72000e-01 Loss 1.30153e-02 Time taken: 1.55 seconds 
Epoch: 98/200 Train accuracy: 3.61551e-01 Validation accuracy: 3.74333e-01 Loss 1.30382e-02 Time taken: 1.54 seconds 
Epoch: 99/200 Train accuracy: 3.63973e-01 Validation accuracy: 3.90000e-01 Loss 1.30237e-02 Time taken: 1.55 seconds 
Epoch: 100/200 Train accuracy: 3.64900e-01 Validation accuracy: 3.76667e-01 Loss 1.30134e-02 Time taken: 1.55 seconds 
Epoch: 101/200 Train accuracy: 3.68035e-01 Validation accuracy: 3.86000e-01 Loss 1.30098e-02 Time taken: 1.54 seconds 
Epoch: 102/200 Train accuracy: 3.70315e-01 Validation accuracy: 3.90333e-01 Loss 1.30031e-02 Time taken: 1.54 seconds 
Epoch: 103/200 Train accuracy: 3.64757e-01 Validation accuracy: 3.72000e-01 Loss 1.30109e-02 Time taken: 1.56 seconds 
Epoch: 104/200 Train accuracy: 3.66610e-01 Validation accuracy: 3.67667e-01 Loss 1.30190e-02 Time taken: 1.54 seconds 
Epoch: 105/200 Train accuracy: 3.66182e-01 Validation accuracy: 3.98000e-01 Loss 1.30093e-02 Time taken: 1.54 seconds 
Epoch: 106/200 Train accuracy: 3.65755e-01 Validation accuracy: 3.84667e-01 Loss 1.30175e-02 Time taken: 1.55 seconds 
Epoch: 107/200 Train accuracy: 3.68747e-01 Validation accuracy: 3.80000e-01 Loss 1.30118e-02 Time taken: 1.55 seconds 
Epoch: 108/200 Train accuracy: 3.64044e-01 Validation accuracy: 3.82667e-01 Loss 1.30090e-02 Time taken: 1.55 seconds 
Epoch: 109/200 Train accuracy: 3.68177e-01 Validation accuracy: 3.99333e-01 Loss 1.30127e-02 Time taken: 1.54 seconds 
Epoch: 110/200 Train accuracy: 3.67465e-01 Validation accuracy: 3.64333e-01 Loss 1.30163e-02 Time taken: 1.55 seconds 
Epoch: 111/200 Train accuracy: 3.67251e-01 Validation accuracy: 3.66667e-01 Loss 1.29984e-02 Time taken: 1.56 seconds 
Epoch: 112/200 Train accuracy: 3.62904e-01 Validation accuracy: 3.93667e-01 Loss 1.30139e-02 Time taken: 1.54 seconds 
Epoch: 113/200 Train accuracy: 3.67393e-01 Validation accuracy: 3.68000e-01 Loss 1.30058e-02 Time taken: 1.54 seconds 
Epoch: 114/200 Train accuracy: 3.68177e-01 Validation accuracy: 3.75000e-01 Loss 1.30039e-02 Time taken: 1.54 seconds 
Epoch: 115/200 Train accuracy: 3.71099e-01 Validation accuracy: 3.55333e-01 Loss 1.30027e-02 Time taken: 1.55 seconds 
Epoch: 116/200 Train accuracy: 3.67180e-01 Validation accuracy: 3.88000e-01 Loss 1.30105e-02 Time taken: 1.54 seconds 
Epoch: 117/200 Train accuracy: 3.66396e-01 Validation accuracy: 3.90333e-01 Loss 1.30050e-02 Time taken: 1.54 seconds 
Epoch: 118/200 Train accuracy: 3.69246e-01 Validation accuracy: 3.97000e-01 Loss 1.30098e-02 Time taken: 1.55 seconds 
Epoch: 119/200 Train accuracy: 3.62121e-01 Validation accuracy: 3.72667e-01 Loss 1.30244e-02 Time taken: 1.54 seconds 
Epoch: 120/200 Train accuracy: 3.69959e-01 Validation accuracy: 3.73667e-01 Loss 1.29912e-02 Time taken: 1.54 seconds 
Epoch: 121/200 Train accuracy: 3.67393e-01 Validation accuracy: 3.86667e-01 Loss 1.30025e-02 Time taken: 1.54 seconds 
Epoch: 122/200 Train accuracy: 3.66040e-01 Validation accuracy: 3.68333e-01 Loss 1.30105e-02 Time taken: 1.54 seconds 
Epoch: 123/200 Train accuracy: 3.66966e-01 Validation accuracy: 3.82667e-01 Loss 1.29965e-02 Time taken: 1.53 seconds 
Epoch: 124/200 Train accuracy: 3.68890e-01 Validation accuracy: 3.73667e-01 Loss 1.29884e-02 Time taken: 1.54 seconds 
Epoch: 125/200 Train accuracy: 3.66111e-01 Validation accuracy: 3.66667e-01 Loss 1.30022e-02 Time taken: 1.55 seconds 
Epoch: 126/200 Train accuracy: 3.67750e-01 Validation accuracy: 3.94333e-01 Loss 1.29964e-02 Time taken: 1.54 seconds 
Epoch: 127/200 Train accuracy: 3.69887e-01 Validation accuracy: 3.78667e-01 Loss 1.30013e-02 Time taken: 1.55 seconds 
Epoch: 128/200 Train accuracy: 3.62121e-01 Validation accuracy: 3.76000e-01 Loss 1.30219e-02 Time taken: 1.55 seconds 
Epoch: 129/200 Train accuracy: 3.65683e-01 Validation accuracy: 3.77000e-01 Loss 1.30041e-02 Time taken: 1.54 seconds 
Epoch: 130/200 Train accuracy: 3.72381e-01 Validation accuracy: 3.74000e-01 Loss 1.29794e-02 Time taken: 1.54 seconds 
Epoch: 131/200 Train accuracy: 3.67750e-01 Validation accuracy: 3.97000e-01 Loss 1.30090e-02 Time taken: 1.54 seconds 
Epoch: 132/200 Train accuracy: 3.66610e-01 Validation accuracy: 3.85333e-01 Loss 1.30105e-02 Time taken: 1.54 seconds 
Epoch: 133/200 Train accuracy: 3.72096e-01 Validation accuracy: 3.83000e-01 Loss 1.29752e-02 Time taken: 1.54 seconds 
Epoch: 134/200 Train accuracy: 3.67251e-01 Validation accuracy: 3.64667e-01 Loss 1.29933e-02 Time taken: 1.54 seconds 
Epoch: 135/200 Train accuracy: 3.62406e-01 Validation accuracy: 3.82667e-01 Loss 1.30225e-02 Time taken: 1.55 seconds 
Epoch: 136/200 Train accuracy: 3.69175e-01 Validation accuracy: 3.92667e-01 Loss 1.29913e-02 Time taken: 1.54 seconds 
Epoch: 137/200 Train accuracy: 3.67892e-01 Validation accuracy: 3.97333e-01 Loss 1.29928e-02 Time taken: 1.56 seconds 
Epoch: 138/200 Train accuracy: 3.69032e-01 Validation accuracy: 3.96333e-01 Loss 1.29955e-02 Time taken: 1.59 seconds 
Epoch: 139/200 Train accuracy: 3.70529e-01 Validation accuracy: 3.96333e-01 Loss 1.29882e-02 Time taken: 1.76 seconds 
Epoch: 140/200 Train accuracy: 3.71526e-01 Validation accuracy: 3.88333e-01 Loss 1.29760e-02 Time taken: 1.56 seconds 
Epoch: 141/200 Train accuracy: 3.66610e-01 Validation accuracy: 3.98333e-01 Loss 1.30165e-02 Time taken: 1.56 seconds 
Epoch: 142/200 Train accuracy: 3.68534e-01 Validation accuracy: 3.70333e-01 Loss 1.29974e-02 Time taken: 1.58 seconds 
Epoch: 143/200 Train accuracy: 3.67465e-01 Validation accuracy: 3.72667e-01 Loss 1.29870e-02 Time taken: 1.57 seconds 
Epoch: 144/200 Train accuracy: 3.71669e-01 Validation accuracy: 3.88667e-01 Loss 1.29760e-02 Time taken: 1.56 seconds 
Epoch: 145/200 Train accuracy: 3.68462e-01 Validation accuracy: 3.76667e-01 Loss 1.29877e-02 Time taken: 1.57 seconds 
Epoch: 146/200 Train accuracy: 3.72666e-01 Validation accuracy: 3.91000e-01 Loss 1.29796e-02 Time taken: 1.63 seconds 
Epoch: 147/200 Train accuracy: 3.69674e-01 Validation accuracy: 3.89000e-01 Loss 1.29896e-02 Time taken: 1.60 seconds 
Epoch: 148/200 Train accuracy: 3.68106e-01 Validation accuracy: 3.93333e-01 Loss 1.29915e-02 Time taken: 1.63 seconds 
Epoch: 149/200 Train accuracy: 3.68676e-01 Validation accuracy: 3.94333e-01 Loss 1.30018e-02 Time taken: 1.62 seconds 
Epoch: 150/200 Train accuracy: 3.73878e-01 Validation accuracy: 4.00000e-01 Loss 1.29723e-02 Time taken: 1.59 seconds 
Epoch: 151/200 Train accuracy: 3.71099e-01 Validation accuracy: 3.88667e-01 Loss 1.29749e-02 Time taken: 1.63 seconds 
Epoch: 152/200 Train accuracy: 3.67821e-01 Validation accuracy: 3.78000e-01 Loss 1.29897e-02 Time taken: 1.59 seconds 
Epoch: 153/200 Train accuracy: 3.67964e-01 Validation accuracy: 3.79667e-01 Loss 1.30174e-02 Time taken: 1.62 seconds 
Epoch: 154/200 Train accuracy: 3.67108e-01 Validation accuracy: 3.93333e-01 Loss 1.29998e-02 Time taken: 1.59 seconds 
Epoch: 155/200 Train accuracy: 3.67964e-01 Validation accuracy: 4.00667e-01 Loss 1.29859e-02 Time taken: 1.59 seconds 
Epoch: 156/200 Train accuracy: 3.67037e-01 Validation accuracy: 3.95333e-01 Loss 1.29954e-02 Time taken: 1.62 seconds 
Epoch: 157/200 Train accuracy: 3.70030e-01 Validation accuracy: 3.90667e-01 Loss 1.29739e-02 Time taken: 1.66 seconds 
Epoch: 158/200 Train accuracy: 3.74448e-01 Validation accuracy: 3.87000e-01 Loss 1.29713e-02 Time taken: 1.61 seconds 
Epoch: 159/200 Train accuracy: 3.74875e-01 Validation accuracy: 3.88000e-01 Loss 1.29692e-02 Time taken: 1.62 seconds 
Epoch: 160/200 Train accuracy: 3.69389e-01 Validation accuracy: 3.94000e-01 Loss 1.29976e-02 Time taken: 1.63 seconds 
Epoch: 161/200 Train accuracy: 3.72880e-01 Validation accuracy: 3.81667e-01 Loss 1.29816e-02 Time taken: 1.64 seconds 
Epoch: 162/200 Train accuracy: 3.68747e-01 Validation accuracy: 3.69000e-01 Loss 1.29795e-02 Time taken: 1.60 seconds 
Epoch: 163/200 Train accuracy: 3.68961e-01 Validation accuracy: 3.98000e-01 Loss 1.29803e-02 Time taken: 1.64 seconds 
Epoch: 164/200 Train accuracy: 3.68462e-01 Validation accuracy: 3.87667e-01 Loss 1.29826e-02 Time taken: 1.60 seconds 
Epoch: 165/200 Train accuracy: 3.69460e-01 Validation accuracy: 3.72333e-01 Loss 1.29945e-02 Time taken: 1.61 seconds 
Epoch: 166/200 Train accuracy: 3.71455e-01 Validation accuracy: 3.81333e-01 Loss 1.29744e-02 Time taken: 1.60 seconds 
Epoch: 167/200 Train accuracy: 3.74590e-01 Validation accuracy: 4.01333e-01 Loss 1.29721e-02 Time taken: 1.72 seconds 
Epoch: 168/200 Train accuracy: 3.72595e-01 Validation accuracy: 3.95333e-01 Loss 1.29651e-02 Time taken: 1.60 seconds 
Epoch: 169/200 Train accuracy: 3.71384e-01 Validation accuracy: 3.90333e-01 Loss 1.29885e-02 Time taken: 1.64 seconds 
Epoch: 170/200 Train accuracy: 3.72951e-01 Validation accuracy: 3.92333e-01 Loss 1.29674e-02 Time taken: 1.65 seconds 
Epoch: 171/200 Train accuracy: 3.71241e-01 Validation accuracy: 3.88333e-01 Loss 1.29848e-02 Time taken: 1.63 seconds 
Epoch: 172/200 Train accuracy: 3.72310e-01 Validation accuracy: 3.93333e-01 Loss 1.29628e-02 Time taken: 1.62 seconds 
Epoch: 173/200 Train accuracy: 3.71954e-01 Validation accuracy: 3.81000e-01 Loss 1.29795e-02 Time taken: 1.91 seconds 
Epoch: 174/200 Train accuracy: 3.74662e-01 Validation accuracy: 3.99000e-01 Loss 1.29670e-02 Time taken: 1.70 seconds 
Epoch: 175/200 Train accuracy: 3.69887e-01 Validation accuracy: 3.77000e-01 Loss 1.29792e-02 Time taken: 1.65 seconds 
Epoch: 176/200 Train accuracy: 3.71883e-01 Validation accuracy: 4.00000e-01 Loss 1.29637e-02 Time taken: 1.63 seconds 
Epoch: 177/200 Train accuracy: 3.70030e-01 Validation accuracy: 3.92667e-01 Loss 1.29732e-02 Time taken: 1.67 seconds 
Epoch: 178/200 Train accuracy: 3.71384e-01 Validation accuracy: 3.88000e-01 Loss 1.29796e-02 Time taken: 1.59 seconds 
Epoch: 179/200 Train accuracy: 3.70529e-01 Validation accuracy: 3.90667e-01 Loss 1.29768e-02 Time taken: 1.63 seconds 
Epoch: 180/200 Train accuracy: 3.74733e-01 Validation accuracy: 3.84333e-01 Loss 1.29685e-02 Time taken: 1.60 seconds 
Epoch: 181/200 Train accuracy: 3.77227e-01 Validation accuracy: 3.97000e-01 Loss 1.29566e-02 Time taken: 1.74 seconds 
Epoch: 182/200 Train accuracy: 3.70457e-01 Validation accuracy: 3.93667e-01 Loss 1.29741e-02 Time taken: 1.82 seconds 
Epoch: 183/200 Train accuracy: 3.71740e-01 Validation accuracy: 3.75000e-01 Loss 1.29701e-02 Time taken: 2.30 seconds 
Epoch: 184/200 Train accuracy: 3.72310e-01 Validation accuracy: 3.87333e-01 Loss 1.29766e-02 Time taken: 2.23 seconds 
Epoch: 185/200 Train accuracy: 3.78153e-01 Validation accuracy: 3.89667e-01 Loss 1.29507e-02 Time taken: 2.17 seconds 
Epoch: 186/200 Train accuracy: 3.69104e-01 Validation accuracy: 3.82667e-01 Loss 1.29787e-02 Time taken: 2.25 seconds 
Epoch: 187/200 Train accuracy: 3.74875e-01 Validation accuracy: 3.88333e-01 Loss 1.29661e-02 Time taken: 2.22 seconds 
Epoch: 188/200 Train accuracy: 3.72168e-01 Validation accuracy: 3.89667e-01 Loss 1.29634e-02 Time taken: 2.16 seconds 
Epoch: 189/200 Train accuracy: 3.73521e-01 Validation accuracy: 3.75667e-01 Loss 1.29588e-02 Time taken: 2.22 seconds 
Epoch: 190/200 Train accuracy: 3.73165e-01 Validation accuracy: 4.00333e-01 Loss 1.29693e-02 Time taken: 2.36 seconds 
Epoch: 191/200 Train accuracy: 3.69246e-01 Validation accuracy: 3.94333e-01 Loss 1.29794e-02 Time taken: 2.11 seconds 
Epoch: 192/200 Train accuracy: 3.73806e-01 Validation accuracy: 3.78333e-01 Loss 1.29646e-02 Time taken: 2.36 seconds 
Epoch: 193/200 Train accuracy: 3.67821e-01 Validation accuracy: 3.76333e-01 Loss 1.29836e-02 Time taken: 2.29 seconds 
Epoch: 194/200 Train accuracy: 3.76585e-01 Validation accuracy: 3.98000e-01 Loss 1.29622e-02 Time taken: 2.09 seconds 
Epoch: 195/200 Train accuracy: 3.67964e-01 Validation accuracy: 3.90000e-01 Loss 1.29790e-02 Time taken: 2.30 seconds 
Epoch: 196/200 Train accuracy: 3.74163e-01 Validation accuracy: 3.82333e-01 Loss 1.29546e-02 Time taken: 2.28 seconds 
Epoch: 197/200 Train accuracy: 3.76300e-01 Validation accuracy: 3.92000e-01 Loss 1.29626e-02 Time taken: 2.31 seconds 
Epoch: 198/200 Train accuracy: 3.73094e-01 Validation accuracy: 3.95333e-01 Loss 1.29608e-02 Time taken: 2.37 seconds 
Epoch: 199/200 Train accuracy: 3.72595e-01 Validation accuracy: 3.89333e-01 Loss 1.29669e-02 Time taken: 2.26 seconds 
Epoch: 200/200 Train accuracy: 3.73094e-01 Validation accuracy: 3.89000e-01 Loss 1.29777e-02 Time taken: 2.43 seconds 
Total time taken 0:05:27.706213
Cleaning up intermediate feature (.pt) files
Done


working on file logs_PKT/iic-train-PKT-seed-15/jepa_iic_PKT_seed-15-ep200.pth.tar ...
