Directory classifiers/jepa-iic-PKT-seed-10-classifier-pretrained-vitb-normalized-ep300 for saving the classifiers is now present
VisionTransformer(
  (patch_embed): PatchEmbed(
    (proj): Conv2d(3, 768, kernel_size=(15, 15), stride=(15, 15))
  )
  (blocks): ModuleList(
    (0-11): 12 x Block(
      (norm1): LayerNorm((768,), eps=1e-06, elementwise_affine=True)
      (attn): Attention(
        (qkv): Linear(in_features=768, out_features=2304, bias=True)
        (attn_drop): Dropout(p=0.0, inplace=False)
        (proj): Linear(in_features=768, out_features=768, bias=True)
        (proj_drop): Dropout(p=0.0, inplace=False)
      )
      (drop_path): Identity()
      (norm2): LayerNorm((768,), eps=1e-06, elementwise_affine=True)
      (mlp): MLP(
        (fc1): Linear(in_features=768, out_features=3072, bias=True)
        (act): GELU(approximate='none')
        (fc2): Linear(in_features=3072, out_features=768, bias=True)
        (drop): Dropout(p=0.0, inplace=False)
      )
    )
  )
  (norm): LayerNorm((768,), eps=1e-06, elementwise_affine=True)
)
Extracting features and saving them locally..
Epoch: 1/200 Train accuracy: 2.13410e-01 Validation accuracy: 3.03667e-01 Loss 1.40146e-02 Time taken: 2.13 seconds 
Epoch: 2/200 Train accuracy: 2.75759e-01 Validation accuracy: 3.26667e-01 Loss 1.36653e-02 Time taken: 2.28 seconds 
Epoch: 3/200 Train accuracy: 2.94713e-01 Validation accuracy: 3.05000e-01 Loss 1.35095e-02 Time taken: 2.14 seconds 
Epoch: 4/200 Train accuracy: 3.11173e-01 Validation accuracy: 3.68333e-01 Loss 1.33994e-02 Time taken: 2.09 seconds 
Epoch: 5/200 Train accuracy: 3.18940e-01 Validation accuracy: 3.80667e-01 Loss 1.33454e-02 Time taken: 2.19 seconds 
Epoch: 6/200 Train accuracy: 3.26778e-01 Validation accuracy: 3.69667e-01 Loss 1.32704e-02 Time taken: 2.26 seconds 
Epoch: 7/200 Train accuracy: 3.42525e-01 Validation accuracy: 3.25333e-01 Loss 1.31943e-02 Time taken: 2.17 seconds 
Epoch: 8/200 Train accuracy: 3.44592e-01 Validation accuracy: 3.81667e-01 Loss 1.31561e-02 Time taken: 2.44 seconds 
Epoch: 9/200 Train accuracy: 3.58843e-01 Validation accuracy: 4.13333e-01 Loss 1.30839e-02 Time taken: 2.23 seconds 
Epoch: 10/200 Train accuracy: 3.64757e-01 Validation accuracy: 4.03667e-01 Loss 1.30521e-02 Time taken: 2.10 seconds 
Epoch: 11/200 Train accuracy: 3.74020e-01 Validation accuracy: 3.68667e-01 Loss 1.30081e-02 Time taken: 2.35 seconds 
Epoch: 12/200 Train accuracy: 3.78581e-01 Validation accuracy: 3.98667e-01 Loss 1.29691e-02 Time taken: 2.32 seconds 
Epoch: 13/200 Train accuracy: 3.83925e-01 Validation accuracy: 4.18000e-01 Loss 1.29463e-02 Time taken: 2.14 seconds 
Epoch: 14/200 Train accuracy: 3.90338e-01 Validation accuracy: 4.20000e-01 Loss 1.29052e-02 Time taken: 2.17 seconds 
Epoch: 15/200 Train accuracy: 3.93544e-01 Validation accuracy: 4.02667e-01 Loss 1.28770e-02 Time taken: 2.15 seconds 
Epoch: 16/200 Train accuracy: 3.90837e-01 Validation accuracy: 4.26333e-01 Loss 1.28861e-02 Time taken: 2.22 seconds 
Epoch: 17/200 Train accuracy: 3.97748e-01 Validation accuracy: 4.23667e-01 Loss 1.28464e-02 Time taken: 2.19 seconds 
Epoch: 18/200 Train accuracy: 4.05159e-01 Validation accuracy: 4.30667e-01 Loss 1.28086e-02 Time taken: 2.25 seconds 
Epoch: 19/200 Train accuracy: 4.05444e-01 Validation accuracy: 4.27000e-01 Loss 1.28085e-02 Time taken: 2.15 seconds 
Epoch: 20/200 Train accuracy: 4.09434e-01 Validation accuracy: 4.29333e-01 Loss 1.27695e-02 Time taken: 2.14 seconds 
Epoch: 21/200 Train accuracy: 4.05586e-01 Validation accuracy: 4.32667e-01 Loss 1.27926e-02 Time taken: 2.16 seconds 
Epoch: 22/200 Train accuracy: 4.12783e-01 Validation accuracy: 4.35667e-01 Loss 1.27587e-02 Time taken: 2.17 seconds 
Epoch: 23/200 Train accuracy: 4.07368e-01 Validation accuracy: 4.26333e-01 Loss 1.27666e-02 Time taken: 2.40 seconds 
Epoch: 24/200 Train accuracy: 4.11643e-01 Validation accuracy: 4.35333e-01 Loss 1.27562e-02 Time taken: 2.34 seconds 
Epoch: 25/200 Train accuracy: 4.15776e-01 Validation accuracy: 4.32333e-01 Loss 1.27305e-02 Time taken: 2.31 seconds 
Epoch: 26/200 Train accuracy: 4.17842e-01 Validation accuracy: 4.37667e-01 Loss 1.27104e-02 Time taken: 2.28 seconds 
Epoch: 27/200 Train accuracy: 4.19766e-01 Validation accuracy: 4.33667e-01 Loss 1.26987e-02 Time taken: 2.28 seconds 
Epoch: 28/200 Train accuracy: 4.19624e-01 Validation accuracy: 4.36667e-01 Loss 1.26925e-02 Time taken: 2.20 seconds 
Epoch: 29/200 Train accuracy: 4.24612e-01 Validation accuracy: 4.37333e-01 Loss 1.26693e-02 Time taken: 2.16 seconds 
Epoch: 30/200 Train accuracy: 4.21191e-01 Validation accuracy: 4.40000e-01 Loss 1.26797e-02 Time taken: 2.11 seconds 
Epoch: 31/200 Train accuracy: 4.24825e-01 Validation accuracy: 4.16000e-01 Loss 1.26641e-02 Time taken: 2.37 seconds 
Epoch: 32/200 Train accuracy: 4.16987e-01 Validation accuracy: 4.33667e-01 Loss 1.26929e-02 Time taken: 2.40 seconds 
Epoch: 33/200 Train accuracy: 4.23970e-01 Validation accuracy: 4.39667e-01 Loss 1.26526e-02 Time taken: 2.40 seconds 
Epoch: 34/200 Train accuracy: 4.27676e-01 Validation accuracy: 4.44000e-01 Loss 1.26409e-02 Time taken: 2.22 seconds 
Epoch: 35/200 Train accuracy: 4.30241e-01 Validation accuracy: 4.41000e-01 Loss 1.26373e-02 Time taken: 2.14 seconds 
Epoch: 36/200 Train accuracy: 4.28816e-01 Validation accuracy: 4.38000e-01 Loss 1.26091e-02 Time taken: 2.02 seconds 
Epoch: 37/200 Train accuracy: 4.28032e-01 Validation accuracy: 4.30667e-01 Loss 1.26218e-02 Time taken: 2.16 seconds 
Epoch: 38/200 Train accuracy: 4.30740e-01 Validation accuracy: 4.37667e-01 Loss 1.26192e-02 Time taken: 2.17 seconds 
Epoch: 39/200 Train accuracy: 4.25538e-01 Validation accuracy: 4.47667e-01 Loss 1.26244e-02 Time taken: 2.38 seconds 
Epoch: 40/200 Train accuracy: 4.31096e-01 Validation accuracy: 4.50667e-01 Loss 1.25938e-02 Time taken: 2.34 seconds 
Epoch: 41/200 Train accuracy: 4.31808e-01 Validation accuracy: 4.48000e-01 Loss 1.25972e-02 Time taken: 2.14 seconds 
Epoch: 42/200 Train accuracy: 4.32521e-01 Validation accuracy: 4.45333e-01 Loss 1.25921e-02 Time taken: 2.33 seconds 
Epoch: 43/200 Train accuracy: 4.30597e-01 Validation accuracy: 4.49000e-01 Loss 1.26003e-02 Time taken: 2.04 seconds 
Epoch: 44/200 Train accuracy: 4.38221e-01 Validation accuracy: 4.27667e-01 Loss 1.25711e-02 Time taken: 2.02 seconds 
Epoch: 45/200 Train accuracy: 4.30170e-01 Validation accuracy: 4.44000e-01 Loss 1.25888e-02 Time taken: 2.11 seconds 
Epoch: 46/200 Train accuracy: 4.34445e-01 Validation accuracy: 4.48333e-01 Loss 1.25793e-02 Time taken: 2.33 seconds 
Epoch: 47/200 Train accuracy: 4.35514e-01 Validation accuracy: 4.48667e-01 Loss 1.25708e-02 Time taken: 2.24 seconds 
Epoch: 48/200 Train accuracy: 4.35442e-01 Validation accuracy: 4.46333e-01 Loss 1.25735e-02 Time taken: 2.20 seconds 
Epoch: 49/200 Train accuracy: 4.37224e-01 Validation accuracy: 4.50333e-01 Loss 1.25537e-02 Time taken: 2.21 seconds 
Epoch: 50/200 Train accuracy: 4.33519e-01 Validation accuracy: 4.48000e-01 Loss 1.25771e-02 Time taken: 2.22 seconds 
Epoch: 51/200 Train accuracy: 4.37723e-01 Validation accuracy: 4.47333e-01 Loss 1.25597e-02 Time taken: 2.19 seconds 
Epoch: 52/200 Train accuracy: 4.33234e-01 Validation accuracy: 4.48667e-01 Loss 1.25606e-02 Time taken: 2.27 seconds 
Epoch: 53/200 Train accuracy: 4.36440e-01 Validation accuracy: 4.50000e-01 Loss 1.25536e-02 Time taken: 2.05 seconds 
Epoch: 54/200 Train accuracy: 4.35015e-01 Validation accuracy: 4.50667e-01 Loss 1.25644e-02 Time taken: 2.29 seconds 
Epoch: 55/200 Train accuracy: 4.38008e-01 Validation accuracy: 4.36000e-01 Loss 1.25474e-02 Time taken: 2.20 seconds 
Epoch: 56/200 Train accuracy: 4.38506e-01 Validation accuracy: 4.45667e-01 Loss 1.25475e-02 Time taken: 2.24 seconds 
Epoch: 57/200 Train accuracy: 4.36796e-01 Validation accuracy: 4.39667e-01 Loss 1.25423e-02 Time taken: 2.09 seconds 
Epoch: 58/200 Train accuracy: 4.35157e-01 Validation accuracy: 4.50667e-01 Loss 1.25471e-02 Time taken: 2.37 seconds 
Epoch: 59/200 Train accuracy: 4.37081e-01 Validation accuracy: 4.20000e-01 Loss 1.25465e-02 Time taken: 2.38 seconds 
Epoch: 60/200 Train accuracy: 4.39005e-01 Validation accuracy: 4.52333e-01 Loss 1.25407e-02 Time taken: 2.20 seconds 
Epoch: 61/200 Train accuracy: 4.36654e-01 Validation accuracy: 4.50333e-01 Loss 1.25434e-02 Time taken: 2.20 seconds 
Epoch: 62/200 Train accuracy: 4.37509e-01 Validation accuracy: 4.43667e-01 Loss 1.25536e-02 Time taken: 2.19 seconds 
Epoch: 63/200 Train accuracy: 4.38506e-01 Validation accuracy: 4.53000e-01 Loss 1.25312e-02 Time taken: 2.35 seconds 
Epoch: 64/200 Train accuracy: 4.41998e-01 Validation accuracy: 4.46333e-01 Loss 1.25255e-02 Time taken: 2.13 seconds 
Epoch: 65/200 Train accuracy: 4.41214e-01 Validation accuracy: 4.50000e-01 Loss 1.25165e-02 Time taken: 2.19 seconds 
Epoch: 66/200 Train accuracy: 4.41428e-01 Validation accuracy: 4.58333e-01 Loss 1.25260e-02 Time taken: 2.28 seconds 
Epoch: 67/200 Train accuracy: 4.36725e-01 Validation accuracy: 4.49000e-01 Loss 1.25308e-02 Time taken: 2.07 seconds 
Epoch: 68/200 Train accuracy: 4.40715e-01 Validation accuracy: 4.47000e-01 Loss 1.25273e-02 Time taken: 2.16 seconds 
Epoch: 69/200 Train accuracy: 4.41784e-01 Validation accuracy: 4.53000e-01 Loss 1.25119e-02 Time taken: 2.14 seconds 
Epoch: 70/200 Train accuracy: 4.42212e-01 Validation accuracy: 4.53667e-01 Loss 1.25209e-02 Time taken: 2.37 seconds 
Epoch: 71/200 Train accuracy: 4.43352e-01 Validation accuracy: 4.47000e-01 Loss 1.25149e-02 Time taken: 2.62 seconds 
Epoch: 72/200 Train accuracy: 4.43708e-01 Validation accuracy: 4.52000e-01 Loss 1.25025e-02 Time taken: 2.29 seconds 
Epoch: 73/200 Train accuracy: 4.40288e-01 Validation accuracy: 4.55667e-01 Loss 1.25176e-02 Time taken: 2.17 seconds 
Epoch: 74/200 Train accuracy: 4.43281e-01 Validation accuracy: 4.43000e-01 Loss 1.25002e-02 Time taken: 2.12 seconds 
Epoch: 75/200 Train accuracy: 4.42711e-01 Validation accuracy: 4.44667e-01 Loss 1.25097e-02 Time taken: 2.28 seconds 
Epoch: 76/200 Train accuracy: 4.45703e-01 Validation accuracy: 4.48000e-01 Loss 1.24816e-02 Time taken: 2.23 seconds 
Epoch: 77/200 Train accuracy: 4.48625e-01 Validation accuracy: 4.50333e-01 Loss 1.24769e-02 Time taken: 2.29 seconds 
Epoch: 78/200 Train accuracy: 4.42639e-01 Validation accuracy: 4.50667e-01 Loss 1.25091e-02 Time taken: 2.16 seconds 
Epoch: 79/200 Train accuracy: 4.40858e-01 Validation accuracy: 4.57333e-01 Loss 1.25069e-02 Time taken: 2.35 seconds 
Epoch: 80/200 Train accuracy: 4.44991e-01 Validation accuracy: 4.43333e-01 Loss 1.24912e-02 Time taken: 2.18 seconds 
Epoch: 81/200 Train accuracy: 4.42069e-01 Validation accuracy: 4.53667e-01 Loss 1.24992e-02 Time taken: 2.20 seconds 
Epoch: 82/200 Train accuracy: 4.47413e-01 Validation accuracy: 4.29667e-01 Loss 1.24858e-02 Time taken: 2.33 seconds 
Epoch: 83/200 Train accuracy: 4.40003e-01 Validation accuracy: 4.43333e-01 Loss 1.25134e-02 Time taken: 2.29 seconds 
Epoch: 84/200 Train accuracy: 4.47200e-01 Validation accuracy: 4.59333e-01 Loss 1.24740e-02 Time taken: 2.32 seconds 
Epoch: 85/200 Train accuracy: 4.43993e-01 Validation accuracy: 4.54000e-01 Loss 1.24986e-02 Time taken: 2.23 seconds 
Epoch: 86/200 Train accuracy: 4.48411e-01 Validation accuracy: 4.48333e-01 Loss 1.24667e-02 Time taken: 2.15 seconds 
Epoch: 87/200 Train accuracy: 4.45418e-01 Validation accuracy: 4.44333e-01 Loss 1.24853e-02 Time taken: 2.28 seconds 
Epoch: 88/200 Train accuracy: 4.44492e-01 Validation accuracy: 4.52667e-01 Loss 1.24829e-02 Time taken: 2.33 seconds 
Epoch: 89/200 Train accuracy: 4.49480e-01 Validation accuracy: 4.54000e-01 Loss 1.24591e-02 Time taken: 2.34 seconds 
Epoch: 90/200 Train accuracy: 4.42212e-01 Validation accuracy: 4.55000e-01 Loss 1.24986e-02 Time taken: 2.29 seconds 
Epoch: 91/200 Train accuracy: 4.45632e-01 Validation accuracy: 4.51333e-01 Loss 1.24749e-02 Time taken: 2.01 seconds 
Epoch: 92/200 Train accuracy: 4.46202e-01 Validation accuracy: 4.57333e-01 Loss 1.24803e-02 Time taken: 2.18 seconds 
Epoch: 93/200 Train accuracy: 4.45276e-01 Validation accuracy: 4.52000e-01 Loss 1.24757e-02 Time taken: 2.29 seconds 
Epoch: 94/200 Train accuracy: 4.43851e-01 Validation accuracy: 4.57333e-01 Loss 1.24892e-02 Time taken: 2.26 seconds 
Epoch: 95/200 Train accuracy: 4.44848e-01 Validation accuracy: 4.53333e-01 Loss 1.24749e-02 Time taken: 2.10 seconds 
Epoch: 96/200 Train accuracy: 4.48910e-01 Validation accuracy: 4.54000e-01 Loss 1.24756e-02 Time taken: 2.15 seconds 
Epoch: 97/200 Train accuracy: 4.45347e-01 Validation accuracy: 4.58333e-01 Loss 1.24688e-02 Time taken: 2.04 seconds 
Epoch: 98/200 Train accuracy: 4.49409e-01 Validation accuracy: 4.53667e-01 Loss 1.24496e-02 Time taken: 2.10 seconds 
Epoch: 99/200 Train accuracy: 4.47057e-01 Validation accuracy: 4.58000e-01 Loss 1.24668e-02 Time taken: 2.17 seconds 
Epoch: 100/200 Train accuracy: 4.45917e-01 Validation accuracy: 4.54667e-01 Loss 1.24711e-02 Time taken: 2.09 seconds 
Epoch: 101/200 Train accuracy: 4.47556e-01 Validation accuracy: 4.49667e-01 Loss 1.24634e-02 Time taken: 2.16 seconds 
Epoch: 102/200 Train accuracy: 4.43494e-01 Validation accuracy: 4.54333e-01 Loss 1.24820e-02 Time taken: 2.03 seconds 
Epoch: 103/200 Train accuracy: 4.48981e-01 Validation accuracy: 4.54667e-01 Loss 1.24577e-02 Time taken: 2.34 seconds 
Epoch: 104/200 Train accuracy: 4.45205e-01 Validation accuracy: 4.56333e-01 Loss 1.24769e-02 Time taken: 2.24 seconds 
Epoch: 105/200 Train accuracy: 4.43281e-01 Validation accuracy: 4.55000e-01 Loss 1.24741e-02 Time taken: 2.26 seconds 
Epoch: 106/200 Train accuracy: 4.47200e-01 Validation accuracy: 4.59667e-01 Loss 1.24627e-02 Time taken: 2.28 seconds 
Epoch: 107/200 Train accuracy: 4.49337e-01 Validation accuracy: 4.60000e-01 Loss 1.24532e-02 Time taken: 2.18 seconds 
Epoch: 108/200 Train accuracy: 4.47698e-01 Validation accuracy: 4.58333e-01 Loss 1.24580e-02 Time taken: 2.14 seconds 
Epoch: 109/200 Train accuracy: 4.49266e-01 Validation accuracy: 4.54667e-01 Loss 1.24557e-02 Time taken: 2.24 seconds 
Epoch: 110/200 Train accuracy: 4.47841e-01 Validation accuracy: 4.46333e-01 Loss 1.24497e-02 Time taken: 2.27 seconds 
Epoch: 111/200 Train accuracy: 4.45846e-01 Validation accuracy: 4.53333e-01 Loss 1.24642e-02 Time taken: 2.18 seconds 
Epoch: 112/200 Train accuracy: 4.47770e-01 Validation accuracy: 4.51000e-01 Loss 1.24612e-02 Time taken: 2.19 seconds 
Epoch: 113/200 Train accuracy: 4.47627e-01 Validation accuracy: 4.55333e-01 Loss 1.24548e-02 Time taken: 2.22 seconds 
Epoch: 114/200 Train accuracy: 4.47057e-01 Validation accuracy: 4.57333e-01 Loss 1.24529e-02 Time taken: 2.10 seconds 
Epoch: 115/200 Train accuracy: 4.51261e-01 Validation accuracy: 4.53667e-01 Loss 1.24435e-02 Time taken: 2.09 seconds 
Epoch: 116/200 Train accuracy: 4.49622e-01 Validation accuracy: 4.43333e-01 Loss 1.24562e-02 Time taken: 2.30 seconds 
Epoch: 117/200 Train accuracy: 4.49979e-01 Validation accuracy: 4.44333e-01 Loss 1.24490e-02 Time taken: 2.35 seconds 
Epoch: 118/200 Train accuracy: 4.50192e-01 Validation accuracy: 4.57000e-01 Loss 1.24624e-02 Time taken: 2.40 seconds 
Epoch: 119/200 Train accuracy: 4.47698e-01 Validation accuracy: 4.57000e-01 Loss 1.24598e-02 Time taken: 2.14 seconds 
Epoch: 120/200 Train accuracy: 4.50620e-01 Validation accuracy: 4.53667e-01 Loss 1.24452e-02 Time taken: 2.16 seconds 
Epoch: 121/200 Train accuracy: 4.51047e-01 Validation accuracy: 4.58333e-01 Loss 1.24372e-02 Time taken: 2.02 seconds 
Epoch: 122/200 Train accuracy: 4.52473e-01 Validation accuracy: 4.52000e-01 Loss 1.24338e-02 Time taken: 2.16 seconds 
Epoch: 123/200 Train accuracy: 4.50620e-01 Validation accuracy: 4.45000e-01 Loss 1.24369e-02 Time taken: 2.04 seconds 
Epoch: 124/200 Train accuracy: 4.50477e-01 Validation accuracy: 4.47333e-01 Loss 1.24457e-02 Time taken: 2.06 seconds 
Epoch: 125/200 Train accuracy: 4.48625e-01 Validation accuracy: 4.56333e-01 Loss 1.24357e-02 Time taken: 2.27 seconds 
Epoch: 126/200 Train accuracy: 4.50477e-01 Validation accuracy: 4.50000e-01 Loss 1.24502e-02 Time taken: 2.17 seconds 
Epoch: 127/200 Train accuracy: 4.47200e-01 Validation accuracy: 4.57333e-01 Loss 1.24542e-02 Time taken: 2.38 seconds 
Epoch: 128/200 Train accuracy: 4.46558e-01 Validation accuracy: 4.54333e-01 Loss 1.24582e-02 Time taken: 2.28 seconds 
Epoch: 129/200 Train accuracy: 4.45561e-01 Validation accuracy: 4.54333e-01 Loss 1.24609e-02 Time taken: 2.12 seconds 
Epoch: 130/200 Train accuracy: 4.49551e-01 Validation accuracy: 4.50667e-01 Loss 1.24435e-02 Time taken: 2.04 seconds 
Epoch: 131/200 Train accuracy: 4.48055e-01 Validation accuracy: 4.53333e-01 Loss 1.24517e-02 Time taken: 2.31 seconds 
Epoch: 132/200 Train accuracy: 4.49052e-01 Validation accuracy: 4.53333e-01 Loss 1.24363e-02 Time taken: 2.01 seconds 
Epoch: 133/200 Train accuracy: 4.45418e-01 Validation accuracy: 4.56667e-01 Loss 1.24620e-02 Time taken: 2.22 seconds 
Epoch: 134/200 Train accuracy: 4.53826e-01 Validation accuracy: 4.62333e-01 Loss 1.24245e-02 Time taken: 1.98 seconds 
Epoch: 135/200 Train accuracy: 4.49765e-01 Validation accuracy: 4.43333e-01 Loss 1.24360e-02 Time taken: 2.15 seconds 
Epoch: 136/200 Train accuracy: 4.50050e-01 Validation accuracy: 4.64667e-01 Loss 1.24432e-02 Time taken: 2.34 seconds 
Epoch: 137/200 Train accuracy: 4.49907e-01 Validation accuracy: 4.51333e-01 Loss 1.24456e-02 Time taken: 2.21 seconds 
Epoch: 138/200 Train accuracy: 4.51119e-01 Validation accuracy: 4.53000e-01 Loss 1.24322e-02 Time taken: 2.06 seconds 
Epoch: 139/200 Train accuracy: 4.50264e-01 Validation accuracy: 4.57333e-01 Loss 1.24442e-02 Time taken: 2.09 seconds 
Epoch: 140/200 Train accuracy: 4.49694e-01 Validation accuracy: 4.56333e-01 Loss 1.24404e-02 Time taken: 2.21 seconds 
Epoch: 141/200 Train accuracy: 4.48910e-01 Validation accuracy: 4.43333e-01 Loss 1.24428e-02 Time taken: 2.15 seconds 
Epoch: 142/200 Train accuracy: 4.46701e-01 Validation accuracy: 4.57333e-01 Loss 1.24418e-02 Time taken: 2.26 seconds 
Epoch: 143/200 Train accuracy: 4.50335e-01 Validation accuracy: 4.46333e-01 Loss 1.24275e-02 Time taken: 2.02 seconds 
Epoch: 144/200 Train accuracy: 4.49480e-01 Validation accuracy: 4.53667e-01 Loss 1.24374e-02 Time taken: 2.20 seconds 
Epoch: 145/200 Train accuracy: 4.50905e-01 Validation accuracy: 4.56000e-01 Loss 1.24276e-02 Time taken: 2.29 seconds 
Epoch: 146/200 Train accuracy: 4.53969e-01 Validation accuracy: 4.57333e-01 Loss 1.24205e-02 Time taken: 2.16 seconds 
Epoch: 147/200 Train accuracy: 4.46986e-01 Validation accuracy: 4.61000e-01 Loss 1.24423e-02 Time taken: 1.94 seconds 
Epoch: 148/200 Train accuracy: 4.49551e-01 Validation accuracy: 4.56000e-01 Loss 1.24369e-02 Time taken: 1.69 seconds 
Epoch: 149/200 Train accuracy: 4.53399e-01 Validation accuracy: 4.56000e-01 Loss 1.24194e-02 Time taken: 1.55 seconds 
Epoch: 150/200 Train accuracy: 4.52188e-01 Validation accuracy: 4.58333e-01 Loss 1.24287e-02 Time taken: 1.56 seconds 
Epoch: 151/200 Train accuracy: 4.51190e-01 Validation accuracy: 4.57667e-01 Loss 1.24367e-02 Time taken: 1.56 seconds 
Epoch: 152/200 Train accuracy: 4.51760e-01 Validation accuracy: 4.59333e-01 Loss 1.24148e-02 Time taken: 1.55 seconds 
Epoch: 153/200 Train accuracy: 4.49480e-01 Validation accuracy: 4.55000e-01 Loss 1.24318e-02 Time taken: 1.56 seconds 
Epoch: 154/200 Train accuracy: 4.50905e-01 Validation accuracy: 4.55000e-01 Loss 1.24347e-02 Time taken: 1.57 seconds 
Epoch: 155/200 Train accuracy: 4.51404e-01 Validation accuracy: 4.51667e-01 Loss 1.24212e-02 Time taken: 1.55 seconds 
Epoch: 156/200 Train accuracy: 4.48197e-01 Validation accuracy: 4.50333e-01 Loss 1.24392e-02 Time taken: 1.58 seconds 
Epoch: 157/200 Train accuracy: 4.49907e-01 Validation accuracy: 4.60333e-01 Loss 1.24372e-02 Time taken: 1.57 seconds 
Epoch: 158/200 Train accuracy: 4.52829e-01 Validation accuracy: 4.56333e-01 Loss 1.24242e-02 Time taken: 1.59 seconds 
Epoch: 159/200 Train accuracy: 4.49409e-01 Validation accuracy: 4.56000e-01 Loss 1.24449e-02 Time taken: 1.60 seconds 
Epoch: 160/200 Train accuracy: 4.50905e-01 Validation accuracy: 4.59333e-01 Loss 1.24410e-02 Time taken: 1.60 seconds 
Epoch: 161/200 Train accuracy: 4.52900e-01 Validation accuracy: 4.63000e-01 Loss 1.24112e-02 Time taken: 1.57 seconds 
Epoch: 162/200 Train accuracy: 4.53470e-01 Validation accuracy: 4.60667e-01 Loss 1.24171e-02 Time taken: 1.62 seconds 
Epoch: 163/200 Train accuracy: 4.52829e-01 Validation accuracy: 4.60333e-01 Loss 1.24226e-02 Time taken: 1.58 seconds 
Epoch: 164/200 Train accuracy: 4.51404e-01 Validation accuracy: 4.62000e-01 Loss 1.24197e-02 Time taken: 1.64 seconds 
Epoch: 165/200 Train accuracy: 4.50050e-01 Validation accuracy: 4.61667e-01 Loss 1.24314e-02 Time taken: 1.58 seconds 
Epoch: 166/200 Train accuracy: 4.49480e-01 Validation accuracy: 4.68000e-01 Loss 1.24257e-02 Time taken: 1.58 seconds 
Epoch: 167/200 Train accuracy: 4.53613e-01 Validation accuracy: 4.56667e-01 Loss 1.24154e-02 Time taken: 1.57 seconds 
Epoch: 168/200 Train accuracy: 4.53898e-01 Validation accuracy: 4.60667e-01 Loss 1.24150e-02 Time taken: 1.57 seconds 
Epoch: 169/200 Train accuracy: 4.48340e-01 Validation accuracy: 4.43333e-01 Loss 1.24455e-02 Time taken: 1.61 seconds 
Epoch: 170/200 Train accuracy: 4.53470e-01 Validation accuracy: 4.61000e-01 Loss 1.24285e-02 Time taken: 1.60 seconds 
Epoch: 171/200 Train accuracy: 4.53043e-01 Validation accuracy: 4.56667e-01 Loss 1.24175e-02 Time taken: 1.58 seconds 
Epoch: 172/200 Train accuracy: 4.50691e-01 Validation accuracy: 4.50667e-01 Loss 1.24289e-02 Time taken: 1.57 seconds 
Epoch: 173/200 Train accuracy: 4.52401e-01 Validation accuracy: 4.53667e-01 Loss 1.24176e-02 Time taken: 1.60 seconds 
Epoch: 174/200 Train accuracy: 4.51689e-01 Validation accuracy: 4.58000e-01 Loss 1.24150e-02 Time taken: 1.61 seconds 
Epoch: 175/200 Train accuracy: 4.48981e-01 Validation accuracy: 4.49667e-01 Loss 1.24384e-02 Time taken: 1.58 seconds 
Epoch: 176/200 Train accuracy: 4.45062e-01 Validation accuracy: 4.60333e-01 Loss 1.24440e-02 Time taken: 1.57 seconds 
Epoch: 177/200 Train accuracy: 4.52758e-01 Validation accuracy: 4.47000e-01 Loss 1.24189e-02 Time taken: 1.58 seconds 
Epoch: 178/200 Train accuracy: 4.53969e-01 Validation accuracy: 4.57333e-01 Loss 1.24182e-02 Time taken: 1.58 seconds 
Epoch: 179/200 Train accuracy: 4.52544e-01 Validation accuracy: 4.58000e-01 Loss 1.24152e-02 Time taken: 1.59 seconds 
Epoch: 180/200 Train accuracy: 4.52045e-01 Validation accuracy: 4.58333e-01 Loss 1.24113e-02 Time taken: 1.61 seconds 
Epoch: 181/200 Train accuracy: 4.49195e-01 Validation accuracy: 4.55333e-01 Loss 1.24358e-02 Time taken: 1.61 seconds 
Epoch: 182/200 Train accuracy: 4.52401e-01 Validation accuracy: 4.53000e-01 Loss 1.24256e-02 Time taken: 1.75 seconds 
Epoch: 183/200 Train accuracy: 4.55038e-01 Validation accuracy: 4.58667e-01 Loss 1.24079e-02 Time taken: 1.75 seconds 
Epoch: 184/200 Train accuracy: 4.51831e-01 Validation accuracy: 4.54333e-01 Loss 1.24155e-02 Time taken: 1.76 seconds 
Epoch: 185/200 Train accuracy: 4.51261e-01 Validation accuracy: 4.57667e-01 Loss 1.24219e-02 Time taken: 1.63 seconds 
Epoch: 186/200 Train accuracy: 4.48767e-01 Validation accuracy: 4.54333e-01 Loss 1.24263e-02 Time taken: 1.67 seconds 
Epoch: 187/200 Train accuracy: 4.53613e-01 Validation accuracy: 4.54667e-01 Loss 1.24047e-02 Time taken: 1.59 seconds 
Epoch: 188/200 Train accuracy: 4.54610e-01 Validation accuracy: 4.55667e-01 Loss 1.24165e-02 Time taken: 1.59 seconds 
Epoch: 189/200 Train accuracy: 4.47413e-01 Validation accuracy: 4.61333e-01 Loss 1.24432e-02 Time taken: 1.60 seconds 
Epoch: 190/200 Train accuracy: 4.51190e-01 Validation accuracy: 4.56667e-01 Loss 1.24172e-02 Time taken: 1.71 seconds 
Epoch: 191/200 Train accuracy: 4.51047e-01 Validation accuracy: 4.50000e-01 Loss 1.24275e-02 Time taken: 1.76 seconds 
Epoch: 192/200 Train accuracy: 4.55964e-01 Validation accuracy: 4.58000e-01 Loss 1.24033e-02 Time taken: 1.99 seconds 
Epoch: 193/200 Train accuracy: 4.54396e-01 Validation accuracy: 4.56000e-01 Loss 1.24048e-02 Time taken: 2.20 seconds 
Epoch: 194/200 Train accuracy: 4.53256e-01 Validation accuracy: 4.58667e-01 Loss 1.24044e-02 Time taken: 2.04 seconds 
Epoch: 195/200 Train accuracy: 4.51831e-01 Validation accuracy: 4.59000e-01 Loss 1.24316e-02 Time taken: 2.26 seconds 
Epoch: 196/200 Train accuracy: 4.52259e-01 Validation accuracy: 4.57667e-01 Loss 1.24139e-02 Time taken: 2.21 seconds 
Epoch: 197/200 Train accuracy: 4.52686e-01 Validation accuracy: 4.58333e-01 Loss 1.24126e-02 Time taken: 2.11 seconds 
Epoch: 198/200 Train accuracy: 4.54396e-01 Validation accuracy: 4.45000e-01 Loss 1.24049e-02 Time taken: 2.31 seconds 
Epoch: 199/200 Train accuracy: 4.50050e-01 Validation accuracy: 4.50000e-01 Loss 1.24231e-02 Time taken: 2.30 seconds 
Epoch: 200/200 Train accuracy: 4.51903e-01 Validation accuracy: 4.53000e-01 Loss 1.24083e-02 Time taken: 2.07 seconds 
Total time taken 0:06:56.363968
Cleaning up intermediate feature (.pt) files
Done


working on file logs_PKT/iic-train-PKT-seed-15/jepa_iic_PKT_seed-15-ep400.pth.tar ...
