Directory classifiers/jepa-iic-PKT-seed-10-classifier-pretrained-vitb-normalized-ep200 for saving the classifiers is now present
VisionTransformer(
  (patch_embed): PatchEmbed(
    (proj): Conv2d(3, 768, kernel_size=(15, 15), stride=(15, 15))
  )
  (blocks): ModuleList(
    (0-11): 12 x Block(
      (norm1): LayerNorm((768,), eps=1e-06, elementwise_affine=True)
      (attn): Attention(
        (qkv): Linear(in_features=768, out_features=2304, bias=True)
        (attn_drop): Dropout(p=0.0, inplace=False)
        (proj): Linear(in_features=768, out_features=768, bias=True)
        (proj_drop): Dropout(p=0.0, inplace=False)
      )
      (drop_path): Identity()
      (norm2): LayerNorm((768,), eps=1e-06, elementwise_affine=True)
      (mlp): MLP(
        (fc1): Linear(in_features=768, out_features=3072, bias=True)
        (act): GELU(approximate='none')
        (fc2): Linear(in_features=3072, out_features=768, bias=True)
        (drop): Dropout(p=0.0, inplace=False)
      )
    )
  )
  (norm): LayerNorm((768,), eps=1e-06, elementwise_affine=True)
)
Extracting features and saving them locally..
Epoch: 1/200 Train accuracy: 2.13339e-01 Validation accuracy: 2.81667e-01 Loss 1.40015e-02 Time taken: 2.22 seconds 
Epoch: 2/200 Train accuracy: 2.56876e-01 Validation accuracy: 2.83333e-01 Loss 1.37529e-02 Time taken: 2.08 seconds 
Epoch: 3/200 Train accuracy: 2.70842e-01 Validation accuracy: 3.15333e-01 Loss 1.36474e-02 Time taken: 2.14 seconds 
Epoch: 4/200 Train accuracy: 2.89725e-01 Validation accuracy: 3.04333e-01 Loss 1.35624e-02 Time taken: 2.39 seconds 
Epoch: 5/200 Train accuracy: 2.99202e-01 Validation accuracy: 3.35667e-01 Loss 1.34939e-02 Time taken: 2.38 seconds 
Epoch: 6/200 Train accuracy: 3.04190e-01 Validation accuracy: 3.32333e-01 Loss 1.34523e-02 Time taken: 2.35 seconds 
Epoch: 7/200 Train accuracy: 3.05045e-01 Validation accuracy: 3.40000e-01 Loss 1.34462e-02 Time taken: 2.44 seconds 
Epoch: 8/200 Train accuracy: 3.10674e-01 Validation accuracy: 3.47667e-01 Loss 1.33788e-02 Time taken: 2.14 seconds 
Epoch: 9/200 Train accuracy: 3.08964e-01 Validation accuracy: 3.57667e-01 Loss 1.33995e-02 Time taken: 2.08 seconds 
Epoch: 10/200 Train accuracy: 3.19439e-01 Validation accuracy: 3.43000e-01 Loss 1.33315e-02 Time taken: 2.40 seconds 
Epoch: 11/200 Train accuracy: 3.21505e-01 Validation accuracy: 3.68667e-01 Loss 1.33202e-02 Time taken: 2.13 seconds 
Epoch: 12/200 Train accuracy: 3.30911e-01 Validation accuracy: 3.64667e-01 Loss 1.32843e-02 Time taken: 2.20 seconds 
Epoch: 13/200 Train accuracy: 3.27419e-01 Validation accuracy: 3.47667e-01 Loss 1.32852e-02 Time taken: 2.28 seconds 
Epoch: 14/200 Train accuracy: 3.31623e-01 Validation accuracy: 3.44000e-01 Loss 1.32600e-02 Time taken: 2.19 seconds 
Epoch: 15/200 Train accuracy: 3.35400e-01 Validation accuracy: 3.51667e-01 Loss 1.32474e-02 Time taken: 2.15 seconds 
Epoch: 16/200 Train accuracy: 3.36754e-01 Validation accuracy: 3.55000e-01 Loss 1.32242e-02 Time taken: 2.14 seconds 
Epoch: 17/200 Train accuracy: 3.41741e-01 Validation accuracy: 3.49000e-01 Loss 1.32059e-02 Time taken: 2.26 seconds 
Epoch: 18/200 Train accuracy: 3.45803e-01 Validation accuracy: 3.68000e-01 Loss 1.31898e-02 Time taken: 2.09 seconds 
Epoch: 19/200 Train accuracy: 3.45661e-01 Validation accuracy: 3.51333e-01 Loss 1.31793e-02 Time taken: 2.27 seconds 
Epoch: 20/200 Train accuracy: 3.50150e-01 Validation accuracy: 3.47000e-01 Loss 1.31469e-02 Time taken: 2.10 seconds 
Epoch: 21/200 Train accuracy: 3.49793e-01 Validation accuracy: 3.52667e-01 Loss 1.31541e-02 Time taken: 2.16 seconds 
Epoch: 22/200 Train accuracy: 3.52359e-01 Validation accuracy: 3.92333e-01 Loss 1.31415e-02 Time taken: 2.19 seconds 
Epoch: 23/200 Train accuracy: 3.55494e-01 Validation accuracy: 3.66333e-01 Loss 1.31177e-02 Time taken: 2.16 seconds 
Epoch: 24/200 Train accuracy: 3.57916e-01 Validation accuracy: 3.66667e-01 Loss 1.31044e-02 Time taken: 2.18 seconds 
Epoch: 25/200 Train accuracy: 3.58202e-01 Validation accuracy: 3.85667e-01 Loss 1.31106e-02 Time taken: 2.15 seconds 
Epoch: 26/200 Train accuracy: 3.58130e-01 Validation accuracy: 3.80000e-01 Loss 1.30950e-02 Time taken: 2.19 seconds 
Epoch: 27/200 Train accuracy: 3.64258e-01 Validation accuracy: 3.79333e-01 Loss 1.30628e-02 Time taken: 2.13 seconds 
Epoch: 28/200 Train accuracy: 3.60695e-01 Validation accuracy: 3.66333e-01 Loss 1.30716e-02 Time taken: 2.23 seconds 
Epoch: 29/200 Train accuracy: 3.64686e-01 Validation accuracy: 3.67000e-01 Loss 1.30636e-02 Time taken: 2.30 seconds 
Epoch: 30/200 Train accuracy: 3.67892e-01 Validation accuracy: 3.84333e-01 Loss 1.30473e-02 Time taken: 2.11 seconds 
Epoch: 31/200 Train accuracy: 3.66538e-01 Validation accuracy: 3.91000e-01 Loss 1.30449e-02 Time taken: 2.26 seconds 
Epoch: 32/200 Train accuracy: 3.64044e-01 Validation accuracy: 3.84667e-01 Loss 1.30501e-02 Time taken: 2.22 seconds 
Epoch: 33/200 Train accuracy: 3.66538e-01 Validation accuracy: 3.97333e-01 Loss 1.30453e-02 Time taken: 2.38 seconds 
Epoch: 34/200 Train accuracy: 3.69887e-01 Validation accuracy: 3.75667e-01 Loss 1.30247e-02 Time taken: 2.39 seconds 
Epoch: 35/200 Train accuracy: 3.69602e-01 Validation accuracy: 3.73333e-01 Loss 1.30240e-02 Time taken: 2.19 seconds 
Epoch: 36/200 Train accuracy: 3.70529e-01 Validation accuracy: 3.78000e-01 Loss 1.30175e-02 Time taken: 2.20 seconds 
Epoch: 37/200 Train accuracy: 3.67821e-01 Validation accuracy: 3.96333e-01 Loss 1.30236e-02 Time taken: 2.12 seconds 
Epoch: 38/200 Train accuracy: 3.72809e-01 Validation accuracy: 3.89667e-01 Loss 1.30064e-02 Time taken: 2.21 seconds 
Epoch: 39/200 Train accuracy: 3.69887e-01 Validation accuracy: 3.96667e-01 Loss 1.30080e-02 Time taken: 2.21 seconds 
Epoch: 40/200 Train accuracy: 3.75445e-01 Validation accuracy: 3.90333e-01 Loss 1.29869e-02 Time taken: 2.13 seconds 
Epoch: 41/200 Train accuracy: 3.77155e-01 Validation accuracy: 3.88000e-01 Loss 1.29781e-02 Time taken: 2.06 seconds 
Epoch: 42/200 Train accuracy: 3.72310e-01 Validation accuracy: 3.92333e-01 Loss 1.29977e-02 Time taken: 2.33 seconds 
Epoch: 43/200 Train accuracy: 3.76229e-01 Validation accuracy: 3.82667e-01 Loss 1.29749e-02 Time taken: 2.48 seconds 
Epoch: 44/200 Train accuracy: 3.78011e-01 Validation accuracy: 3.92667e-01 Loss 1.29607e-02 Time taken: 2.34 seconds 
Epoch: 45/200 Train accuracy: 3.73236e-01 Validation accuracy: 3.76333e-01 Loss 1.29868e-02 Time taken: 2.33 seconds 
Epoch: 46/200 Train accuracy: 3.76585e-01 Validation accuracy: 4.03333e-01 Loss 1.29715e-02 Time taken: 2.09 seconds 
Epoch: 47/200 Train accuracy: 3.76015e-01 Validation accuracy: 3.59000e-01 Loss 1.29664e-02 Time taken: 2.09 seconds 
Epoch: 48/200 Train accuracy: 3.74519e-01 Validation accuracy: 3.91333e-01 Loss 1.29705e-02 Time taken: 2.14 seconds 
Epoch: 49/200 Train accuracy: 3.82998e-01 Validation accuracy: 3.93667e-01 Loss 1.29376e-02 Time taken: 2.30 seconds 
Epoch: 50/200 Train accuracy: 3.82001e-01 Validation accuracy: 4.02667e-01 Loss 1.29448e-02 Time taken: 2.35 seconds 
Epoch: 51/200 Train accuracy: 3.79436e-01 Validation accuracy: 3.87000e-01 Loss 1.29489e-02 Time taken: 2.25 seconds 
Epoch: 52/200 Train accuracy: 3.81075e-01 Validation accuracy: 4.02333e-01 Loss 1.29384e-02 Time taken: 2.14 seconds 
Epoch: 53/200 Train accuracy: 3.84067e-01 Validation accuracy: 4.07000e-01 Loss 1.29294e-02 Time taken: 2.14 seconds 
Epoch: 54/200 Train accuracy: 3.80219e-01 Validation accuracy: 3.99667e-01 Loss 1.29345e-02 Time taken: 2.16 seconds 
Epoch: 55/200 Train accuracy: 3.80790e-01 Validation accuracy: 4.09667e-01 Loss 1.29355e-02 Time taken: 2.02 seconds 
Epoch: 56/200 Train accuracy: 3.85350e-01 Validation accuracy: 3.93000e-01 Loss 1.29188e-02 Time taken: 2.31 seconds 
Epoch: 57/200 Train accuracy: 3.87274e-01 Validation accuracy: 4.12667e-01 Loss 1.29061e-02 Time taken: 2.34 seconds 
Epoch: 58/200 Train accuracy: 3.83568e-01 Validation accuracy: 4.07667e-01 Loss 1.29234e-02 Time taken: 2.27 seconds 
Epoch: 59/200 Train accuracy: 3.81003e-01 Validation accuracy: 4.10667e-01 Loss 1.29312e-02 Time taken: 2.14 seconds 
Epoch: 60/200 Train accuracy: 3.81502e-01 Validation accuracy: 3.83667e-01 Loss 1.29250e-02 Time taken: 2.17 seconds 
Epoch: 61/200 Train accuracy: 3.85350e-01 Validation accuracy: 3.96000e-01 Loss 1.29038e-02 Time taken: 2.18 seconds 
Epoch: 62/200 Train accuracy: 3.87345e-01 Validation accuracy: 4.08000e-01 Loss 1.29011e-02 Time taken: 2.28 seconds 
Epoch: 63/200 Train accuracy: 3.91905e-01 Validation accuracy: 4.13333e-01 Loss 1.28873e-02 Time taken: 2.47 seconds 
Epoch: 64/200 Train accuracy: 3.87416e-01 Validation accuracy: 4.10667e-01 Loss 1.28981e-02 Time taken: 2.19 seconds 
Epoch: 65/200 Train accuracy: 3.88556e-01 Validation accuracy: 3.99667e-01 Loss 1.28946e-02 Time taken: 2.24 seconds 
Epoch: 66/200 Train accuracy: 3.86062e-01 Validation accuracy: 3.88667e-01 Loss 1.29044e-02 Time taken: 2.28 seconds 
Epoch: 67/200 Train accuracy: 3.84780e-01 Validation accuracy: 4.07333e-01 Loss 1.29098e-02 Time taken: 2.13 seconds 
Epoch: 68/200 Train accuracy: 3.87630e-01 Validation accuracy: 4.09667e-01 Loss 1.28980e-02 Time taken: 2.47 seconds 
Epoch: 69/200 Train accuracy: 3.88556e-01 Validation accuracy: 4.07000e-01 Loss 1.28970e-02 Time taken: 2.14 seconds 
Epoch: 70/200 Train accuracy: 3.90837e-01 Validation accuracy: 4.09667e-01 Loss 1.28861e-02 Time taken: 2.15 seconds 
Epoch: 71/200 Train accuracy: 3.89055e-01 Validation accuracy: 4.04000e-01 Loss 1.28937e-02 Time taken: 2.30 seconds 
Epoch: 72/200 Train accuracy: 3.92689e-01 Validation accuracy: 4.02667e-01 Loss 1.28742e-02 Time taken: 2.14 seconds 
Epoch: 73/200 Train accuracy: 3.88414e-01 Validation accuracy: 4.19333e-01 Loss 1.28806e-02 Time taken: 2.17 seconds 
Epoch: 74/200 Train accuracy: 3.90409e-01 Validation accuracy: 4.11333e-01 Loss 1.28828e-02 Time taken: 2.13 seconds 
Epoch: 75/200 Train accuracy: 3.91407e-01 Validation accuracy: 4.03000e-01 Loss 1.28674e-02 Time taken: 2.11 seconds 
Epoch: 76/200 Train accuracy: 3.91050e-01 Validation accuracy: 4.12333e-01 Loss 1.28638e-02 Time taken: 2.14 seconds 
Epoch: 77/200 Train accuracy: 3.89055e-01 Validation accuracy: 4.02000e-01 Loss 1.28861e-02 Time taken: 2.03 seconds 
Epoch: 78/200 Train accuracy: 3.92262e-01 Validation accuracy: 4.07000e-01 Loss 1.28615e-02 Time taken: 2.45 seconds 
Epoch: 79/200 Train accuracy: 3.90552e-01 Validation accuracy: 4.10333e-01 Loss 1.28764e-02 Time taken: 2.33 seconds 
Epoch: 80/200 Train accuracy: 3.92119e-01 Validation accuracy: 4.09000e-01 Loss 1.28578e-02 Time taken: 2.24 seconds 
Epoch: 81/200 Train accuracy: 3.93117e-01 Validation accuracy: 4.06667e-01 Loss 1.28562e-02 Time taken: 2.30 seconds 
Epoch: 82/200 Train accuracy: 3.90195e-01 Validation accuracy: 4.07333e-01 Loss 1.28745e-02 Time taken: 2.16 seconds 
Epoch: 83/200 Train accuracy: 3.97036e-01 Validation accuracy: 4.09333e-01 Loss 1.28507e-02 Time taken: 2.29 seconds 
Epoch: 84/200 Train accuracy: 3.93188e-01 Validation accuracy: 4.10667e-01 Loss 1.28656e-02 Time taken: 2.12 seconds 
Epoch: 85/200 Train accuracy: 3.94827e-01 Validation accuracy: 4.12333e-01 Loss 1.28610e-02 Time taken: 2.17 seconds 
Epoch: 86/200 Train accuracy: 3.93330e-01 Validation accuracy: 4.11667e-01 Loss 1.28619e-02 Time taken: 2.30 seconds 
Epoch: 87/200 Train accuracy: 3.99886e-01 Validation accuracy: 4.14333e-01 Loss 1.28455e-02 Time taken: 2.27 seconds 
Epoch: 88/200 Train accuracy: 3.97535e-01 Validation accuracy: 4.03667e-01 Loss 1.28425e-02 Time taken: 2.20 seconds 
Epoch: 89/200 Train accuracy: 3.91692e-01 Validation accuracy: 4.13333e-01 Loss 1.28571e-02 Time taken: 2.33 seconds 
Epoch: 90/200 Train accuracy: 3.95682e-01 Validation accuracy: 4.11000e-01 Loss 1.28454e-02 Time taken: 2.22 seconds 
Epoch: 91/200 Train accuracy: 3.97891e-01 Validation accuracy: 4.12667e-01 Loss 1.28474e-02 Time taken: 2.35 seconds 
Epoch: 92/200 Train accuracy: 3.95753e-01 Validation accuracy: 4.09667e-01 Loss 1.28489e-02 Time taken: 2.26 seconds 
Epoch: 93/200 Train accuracy: 3.94756e-01 Validation accuracy: 4.16333e-01 Loss 1.28607e-02 Time taken: 2.16 seconds 
Epoch: 94/200 Train accuracy: 3.98746e-01 Validation accuracy: 4.10000e-01 Loss 1.28432e-02 Time taken: 2.19 seconds 
Epoch: 95/200 Train accuracy: 3.96323e-01 Validation accuracy: 4.10667e-01 Loss 1.28420e-02 Time taken: 2.20 seconds 
Epoch: 96/200 Train accuracy: 3.96608e-01 Validation accuracy: 4.19000e-01 Loss 1.28321e-02 Time taken: 2.03 seconds 
Epoch: 97/200 Train accuracy: 3.93045e-01 Validation accuracy: 4.14000e-01 Loss 1.28537e-02 Time taken: 2.11 seconds 
Epoch: 98/200 Train accuracy: 3.94613e-01 Validation accuracy: 4.15333e-01 Loss 1.28498e-02 Time taken: 2.38 seconds 
Epoch: 99/200 Train accuracy: 3.96822e-01 Validation accuracy: 4.17000e-01 Loss 1.28520e-02 Time taken: 2.29 seconds 
Epoch: 100/200 Train accuracy: 3.97677e-01 Validation accuracy: 4.20000e-01 Loss 1.28305e-02 Time taken: 2.43 seconds 
Epoch: 101/200 Train accuracy: 3.94756e-01 Validation accuracy: 4.13667e-01 Loss 1.28431e-02 Time taken: 2.16 seconds 
Epoch: 102/200 Train accuracy: 3.93758e-01 Validation accuracy: 4.11333e-01 Loss 1.28352e-02 Time taken: 2.33 seconds 
Epoch: 103/200 Train accuracy: 3.94756e-01 Validation accuracy: 4.06333e-01 Loss 1.28506e-02 Time taken: 2.19 seconds 
Epoch: 104/200 Train accuracy: 3.95254e-01 Validation accuracy: 4.04667e-01 Loss 1.28474e-02 Time taken: 2.31 seconds 
Epoch: 105/200 Train accuracy: 3.91834e-01 Validation accuracy: 4.15667e-01 Loss 1.28439e-02 Time taken: 2.17 seconds 
Epoch: 106/200 Train accuracy: 3.95254e-01 Validation accuracy: 4.08667e-01 Loss 1.28279e-02 Time taken: 2.08 seconds 
Epoch: 107/200 Train accuracy: 3.93473e-01 Validation accuracy: 4.12333e-01 Loss 1.28409e-02 Time taken: 2.26 seconds 
Epoch: 108/200 Train accuracy: 4.00670e-01 Validation accuracy: 4.19667e-01 Loss 1.28161e-02 Time taken: 2.11 seconds 
Epoch: 109/200 Train accuracy: 4.01596e-01 Validation accuracy: 4.10000e-01 Loss 1.28013e-02 Time taken: 2.14 seconds 
Epoch: 110/200 Train accuracy: 4.00242e-01 Validation accuracy: 4.22667e-01 Loss 1.28188e-02 Time taken: 2.10 seconds 
Epoch: 111/200 Train accuracy: 3.96608e-01 Validation accuracy: 4.04000e-01 Loss 1.28247e-02 Time taken: 2.36 seconds 
Epoch: 112/200 Train accuracy: 3.96537e-01 Validation accuracy: 4.11333e-01 Loss 1.28286e-02 Time taken: 2.38 seconds 
Epoch: 113/200 Train accuracy: 3.99245e-01 Validation accuracy: 4.14000e-01 Loss 1.28107e-02 Time taken: 2.32 seconds 
Epoch: 114/200 Train accuracy: 3.90837e-01 Validation accuracy: 4.05667e-01 Loss 1.28440e-02 Time taken: 2.29 seconds 
Epoch: 115/200 Train accuracy: 3.95967e-01 Validation accuracy: 4.11667e-01 Loss 1.28307e-02 Time taken: 2.25 seconds 
Epoch: 116/200 Train accuracy: 3.94399e-01 Validation accuracy: 4.17667e-01 Loss 1.28306e-02 Time taken: 2.31 seconds 
Epoch: 117/200 Train accuracy: 3.98033e-01 Validation accuracy: 4.14000e-01 Loss 1.28187e-02 Time taken: 2.35 seconds 
Epoch: 118/200 Train accuracy: 4.00100e-01 Validation accuracy: 4.19000e-01 Loss 1.28102e-02 Time taken: 2.24 seconds 
Epoch: 119/200 Train accuracy: 4.05871e-01 Validation accuracy: 4.20000e-01 Loss 1.27934e-02 Time taken: 2.30 seconds 
Epoch: 120/200 Train accuracy: 3.99102e-01 Validation accuracy: 4.10000e-01 Loss 1.28145e-02 Time taken: 2.31 seconds 
Epoch: 121/200 Train accuracy: 3.97178e-01 Validation accuracy: 4.18667e-01 Loss 1.28265e-02 Time taken: 2.21 seconds 
Epoch: 122/200 Train accuracy: 3.97748e-01 Validation accuracy: 4.12000e-01 Loss 1.28289e-02 Time taken: 2.36 seconds 
Epoch: 123/200 Train accuracy: 3.96537e-01 Validation accuracy: 4.17333e-01 Loss 1.28202e-02 Time taken: 2.19 seconds 
Epoch: 124/200 Train accuracy: 3.99601e-01 Validation accuracy: 4.21333e-01 Loss 1.28150e-02 Time taken: 2.29 seconds 
Epoch: 125/200 Train accuracy: 3.96466e-01 Validation accuracy: 4.16333e-01 Loss 1.28223e-02 Time taken: 2.23 seconds 
Epoch: 126/200 Train accuracy: 4.01026e-01 Validation accuracy: 4.21667e-01 Loss 1.28109e-02 Time taken: 2.17 seconds 
Epoch: 127/200 Train accuracy: 3.97392e-01 Validation accuracy: 4.12000e-01 Loss 1.28214e-02 Time taken: 2.19 seconds 
Epoch: 128/200 Train accuracy: 3.98176e-01 Validation accuracy: 4.14667e-01 Loss 1.28192e-02 Time taken: 2.22 seconds 
Epoch: 129/200 Train accuracy: 3.99458e-01 Validation accuracy: 4.20000e-01 Loss 1.28068e-02 Time taken: 2.14 seconds 
Epoch: 130/200 Train accuracy: 4.03876e-01 Validation accuracy: 4.20667e-01 Loss 1.28031e-02 Time taken: 2.19 seconds 
Epoch: 131/200 Train accuracy: 4.01881e-01 Validation accuracy: 4.27667e-01 Loss 1.28071e-02 Time taken: 2.17 seconds 
Epoch: 132/200 Train accuracy: 3.97891e-01 Validation accuracy: 4.21667e-01 Loss 1.28040e-02 Time taken: 2.34 seconds 
Epoch: 133/200 Train accuracy: 3.98746e-01 Validation accuracy: 4.14667e-01 Loss 1.28197e-02 Time taken: 2.23 seconds 
Epoch: 134/200 Train accuracy: 3.99387e-01 Validation accuracy: 4.16333e-01 Loss 1.28093e-02 Time taken: 2.09 seconds 
Epoch: 135/200 Train accuracy: 3.94186e-01 Validation accuracy: 4.09333e-01 Loss 1.28314e-02 Time taken: 2.38 seconds 
Epoch: 136/200 Train accuracy: 4.00029e-01 Validation accuracy: 4.21667e-01 Loss 1.27996e-02 Time taken: 2.19 seconds 
Epoch: 137/200 Train accuracy: 4.01097e-01 Validation accuracy: 4.14000e-01 Loss 1.28004e-02 Time taken: 2.31 seconds 
Epoch: 138/200 Train accuracy: 3.98390e-01 Validation accuracy: 4.22000e-01 Loss 1.28157e-02 Time taken: 2.26 seconds 
Epoch: 139/200 Train accuracy: 4.03591e-01 Validation accuracy: 4.21000e-01 Loss 1.27923e-02 Time taken: 2.06 seconds 
Epoch: 140/200 Train accuracy: 3.99102e-01 Validation accuracy: 4.20333e-01 Loss 1.28147e-02 Time taken: 1.67 seconds 
Epoch: 141/200 Train accuracy: 4.05088e-01 Validation accuracy: 4.11667e-01 Loss 1.27887e-02 Time taken: 1.59 seconds 
Epoch: 142/200 Train accuracy: 4.03092e-01 Validation accuracy: 4.04333e-01 Loss 1.27826e-02 Time taken: 1.53 seconds 
Epoch: 143/200 Train accuracy: 3.99957e-01 Validation accuracy: 4.21667e-01 Loss 1.28010e-02 Time taken: 1.56 seconds 
Epoch: 144/200 Train accuracy: 4.02665e-01 Validation accuracy: 3.09667e-01 Loss 1.27981e-02 Time taken: 1.56 seconds 
Epoch: 145/200 Train accuracy: 4.00741e-01 Validation accuracy: 4.05667e-01 Loss 1.28102e-02 Time taken: 1.56 seconds 
Epoch: 146/200 Train accuracy: 4.03306e-01 Validation accuracy: 4.25667e-01 Loss 1.27838e-02 Time taken: 1.54 seconds 
Epoch: 147/200 Train accuracy: 3.99245e-01 Validation accuracy: 4.23667e-01 Loss 1.28019e-02 Time taken: 1.56 seconds 
Epoch: 148/200 Train accuracy: 3.98603e-01 Validation accuracy: 4.14000e-01 Loss 1.28120e-02 Time taken: 1.57 seconds 
Epoch: 149/200 Train accuracy: 4.03306e-01 Validation accuracy: 4.28667e-01 Loss 1.28031e-02 Time taken: 1.57 seconds 
Epoch: 150/200 Train accuracy: 4.03805e-01 Validation accuracy: 4.14667e-01 Loss 1.27825e-02 Time taken: 1.57 seconds 
Epoch: 151/200 Train accuracy: 3.97748e-01 Validation accuracy: 4.19667e-01 Loss 1.27988e-02 Time taken: 1.58 seconds 
Epoch: 152/200 Train accuracy: 4.02594e-01 Validation accuracy: 4.18000e-01 Loss 1.27869e-02 Time taken: 1.59 seconds 
Epoch: 153/200 Train accuracy: 4.01952e-01 Validation accuracy: 4.17667e-01 Loss 1.27925e-02 Time taken: 1.59 seconds 
Epoch: 154/200 Train accuracy: 4.03876e-01 Validation accuracy: 4.09000e-01 Loss 1.27756e-02 Time taken: 1.60 seconds 
Epoch: 155/200 Train accuracy: 4.03734e-01 Validation accuracy: 4.17000e-01 Loss 1.27847e-02 Time taken: 1.61 seconds 
Epoch: 156/200 Train accuracy: 4.06798e-01 Validation accuracy: 4.23667e-01 Loss 1.27710e-02 Time taken: 1.60 seconds 
Epoch: 157/200 Train accuracy: 4.06869e-01 Validation accuracy: 4.22000e-01 Loss 1.27827e-02 Time taken: 1.59 seconds 
Epoch: 158/200 Train accuracy: 4.04375e-01 Validation accuracy: 4.15000e-01 Loss 1.27785e-02 Time taken: 1.64 seconds 
Epoch: 159/200 Train accuracy: 4.01240e-01 Validation accuracy: 4.12000e-01 Loss 1.27909e-02 Time taken: 1.58 seconds 
Epoch: 160/200 Train accuracy: 4.02451e-01 Validation accuracy: 4.20000e-01 Loss 1.27930e-02 Time taken: 1.59 seconds 
Epoch: 161/200 Train accuracy: 4.02807e-01 Validation accuracy: 4.14000e-01 Loss 1.27883e-02 Time taken: 1.60 seconds 
Epoch: 162/200 Train accuracy: 4.06014e-01 Validation accuracy: 4.15667e-01 Loss 1.27812e-02 Time taken: 1.59 seconds 
Epoch: 163/200 Train accuracy: 4.04090e-01 Validation accuracy: 4.21667e-01 Loss 1.27886e-02 Time taken: 1.60 seconds 
Epoch: 164/200 Train accuracy: 4.06085e-01 Validation accuracy: 4.21333e-01 Loss 1.27720e-02 Time taken: 1.63 seconds 
Epoch: 165/200 Train accuracy: 4.03591e-01 Validation accuracy: 4.30000e-01 Loss 1.27922e-02 Time taken: 1.57 seconds 
Epoch: 166/200 Train accuracy: 4.06798e-01 Validation accuracy: 4.15667e-01 Loss 1.27731e-02 Time taken: 1.59 seconds 
Epoch: 167/200 Train accuracy: 4.03378e-01 Validation accuracy: 4.12667e-01 Loss 1.27873e-02 Time taken: 1.65 seconds 
Epoch: 168/200 Train accuracy: 4.05159e-01 Validation accuracy: 4.15667e-01 Loss 1.27807e-02 Time taken: 1.58 seconds 
Epoch: 169/200 Train accuracy: 4.04589e-01 Validation accuracy: 4.14000e-01 Loss 1.27736e-02 Time taken: 1.58 seconds 
Epoch: 170/200 Train accuracy: 4.00812e-01 Validation accuracy: 4.18333e-01 Loss 1.27878e-02 Time taken: 1.60 seconds 
Epoch: 171/200 Train accuracy: 4.03449e-01 Validation accuracy: 4.29000e-01 Loss 1.27861e-02 Time taken: 1.60 seconds 
Epoch: 172/200 Train accuracy: 4.01667e-01 Validation accuracy: 4.21000e-01 Loss 1.27949e-02 Time taken: 1.57 seconds 
Epoch: 173/200 Train accuracy: 4.01454e-01 Validation accuracy: 4.23333e-01 Loss 1.27904e-02 Time taken: 1.59 seconds 
Epoch: 174/200 Train accuracy: 4.03378e-01 Validation accuracy: 4.22667e-01 Loss 1.27841e-02 Time taken: 1.60 seconds 
Epoch: 175/200 Train accuracy: 4.00812e-01 Validation accuracy: 4.27000e-01 Loss 1.27901e-02 Time taken: 1.82 seconds 
Epoch: 176/200 Train accuracy: 4.02166e-01 Validation accuracy: 4.19333e-01 Loss 1.27841e-02 Time taken: 1.73 seconds 
Epoch: 177/200 Train accuracy: 4.00527e-01 Validation accuracy: 4.11667e-01 Loss 1.27862e-02 Time taken: 1.64 seconds 
Epoch: 178/200 Train accuracy: 4.08080e-01 Validation accuracy: 4.16333e-01 Loss 1.27634e-02 Time taken: 1.58 seconds 
Epoch: 179/200 Train accuracy: 4.02594e-01 Validation accuracy: 4.33000e-01 Loss 1.27872e-02 Time taken: 1.60 seconds 
Epoch: 180/200 Train accuracy: 4.06228e-01 Validation accuracy: 4.09667e-01 Loss 1.27573e-02 Time taken: 1.60 seconds 
Epoch: 181/200 Train accuracy: 4.04874e-01 Validation accuracy: 4.11667e-01 Loss 1.27786e-02 Time taken: 1.63 seconds 
Epoch: 182/200 Train accuracy: 4.04161e-01 Validation accuracy: 4.13667e-01 Loss 1.27756e-02 Time taken: 1.58 seconds 
Epoch: 183/200 Train accuracy: 3.99601e-01 Validation accuracy: 4.25667e-01 Loss 1.27812e-02 Time taken: 1.68 seconds 
Epoch: 184/200 Train accuracy: 4.05016e-01 Validation accuracy: 4.23333e-01 Loss 1.27710e-02 Time taken: 1.71 seconds 
Epoch: 185/200 Train accuracy: 4.07867e-01 Validation accuracy: 4.23000e-01 Loss 1.27584e-02 Time taken: 2.00 seconds 
Epoch: 186/200 Train accuracy: 4.04375e-01 Validation accuracy: 4.31333e-01 Loss 1.27665e-02 Time taken: 2.32 seconds 
Epoch: 187/200 Train accuracy: 4.02879e-01 Validation accuracy: 3.99000e-01 Loss 1.27804e-02 Time taken: 2.40 seconds 
Epoch: 188/200 Train accuracy: 4.05016e-01 Validation accuracy: 4.03667e-01 Loss 1.27728e-02 Time taken: 2.20 seconds 
Epoch: 189/200 Train accuracy: 4.02665e-01 Validation accuracy: 4.27000e-01 Loss 1.27747e-02 Time taken: 2.23 seconds 
Epoch: 190/200 Train accuracy: 4.03876e-01 Validation accuracy: 4.18000e-01 Loss 1.27683e-02 Time taken: 2.05 seconds 
Epoch: 191/200 Train accuracy: 4.06584e-01 Validation accuracy: 4.21000e-01 Loss 1.27775e-02 Time taken: 2.39 seconds 
Epoch: 192/200 Train accuracy: 4.02594e-01 Validation accuracy: 4.27667e-01 Loss 1.27761e-02 Time taken: 2.18 seconds 
Epoch: 193/200 Train accuracy: 4.06513e-01 Validation accuracy: 4.26000e-01 Loss 1.27592e-02 Time taken: 2.26 seconds 
Epoch: 194/200 Train accuracy: 4.00670e-01 Validation accuracy: 4.09667e-01 Loss 1.27781e-02 Time taken: 2.19 seconds 
Epoch: 195/200 Train accuracy: 4.04803e-01 Validation accuracy: 4.26000e-01 Loss 1.27663e-02 Time taken: 2.27 seconds 
Epoch: 196/200 Train accuracy: 4.08864e-01 Validation accuracy: 4.21667e-01 Loss 1.27503e-02 Time taken: 2.18 seconds 
Epoch: 197/200 Train accuracy: 4.06940e-01 Validation accuracy: 4.10000e-01 Loss 1.27634e-02 Time taken: 2.13 seconds 
Epoch: 198/200 Train accuracy: 4.05800e-01 Validation accuracy: 4.20333e-01 Loss 1.27594e-02 Time taken: 2.22 seconds 
Epoch: 199/200 Train accuracy: 4.03734e-01 Validation accuracy: 4.24000e-01 Loss 1.27810e-02 Time taken: 2.20 seconds 
Epoch: 200/200 Train accuracy: 4.04446e-01 Validation accuracy: 4.21333e-01 Loss 1.27638e-02 Time taken: 2.24 seconds 
Total time taken 0:06:58.453955
Cleaning up intermediate feature (.pt) files
Done


working on file logs_PKT/iic-train-PKT-seed-15/jepa_iic_PKT_seed-15-ep300.pth.tar ...
