Directory classifiers/jepa-iic-L2-seed-10-classifier-pretrained-vitb-normalized-ep300 for saving the classifiers is now present
VisionTransformer(
  (patch_embed): PatchEmbed(
    (proj): Conv2d(3, 768, kernel_size=(15, 15), stride=(15, 15))
  )
  (blocks): ModuleList(
    (0-11): 12 x Block(
      (norm1): LayerNorm((768,), eps=1e-06, elementwise_affine=True)
      (attn): Attention(
        (qkv): Linear(in_features=768, out_features=2304, bias=True)
        (attn_drop): Dropout(p=0.0, inplace=False)
        (proj): Linear(in_features=768, out_features=768, bias=True)
        (proj_drop): Dropout(p=0.0, inplace=False)
      )
      (drop_path): Identity()
      (norm2): LayerNorm((768,), eps=1e-06, elementwise_affine=True)
      (mlp): MLP(
        (fc1): Linear(in_features=768, out_features=3072, bias=True)
        (act): GELU(approximate='none')
        (fc2): Linear(in_features=3072, out_features=768, bias=True)
        (drop): Dropout(p=0.0, inplace=False)
      )
    )
  )
  (norm): LayerNorm((768,), eps=1e-06, elementwise_affine=True)
)
Extracting features and saving them locally..
Epoch: 1/200 Train accuracy: 3.63973e-01 Validation accuracy: 5.73000e-01 Loss 1.30561e-02 Time taken: 1.56 seconds 
Epoch: 2/200 Train accuracy: 5.33276e-01 Validation accuracy: 6.36333e-01 Loss 1.19047e-02 Time taken: 1.54 seconds 
Epoch: 3/200 Train accuracy: 6.07881e-01 Validation accuracy: 6.58333e-01 Loss 1.14039e-02 Time taken: 1.54 seconds 
Epoch: 4/200 Train accuracy: 6.37879e-01 Validation accuracy: 6.67000e-01 Loss 1.11720e-02 Time taken: 1.54 seconds 
Epoch: 5/200 Train accuracy: 6.56121e-01 Validation accuracy: 6.74667e-01 Loss 1.10011e-02 Time taken: 1.53 seconds 
Epoch: 6/200 Train accuracy: 6.71156e-01 Validation accuracy: 6.76667e-01 Loss 1.09145e-02 Time taken: 1.55 seconds 
Epoch: 7/200 Train accuracy: 6.74006e-01 Validation accuracy: 6.91000e-01 Loss 1.08462e-02 Time taken: 1.55 seconds 
Epoch: 8/200 Train accuracy: 6.88471e-01 Validation accuracy: 6.87667e-01 Loss 1.07726e-02 Time taken: 1.54 seconds 
Epoch: 9/200 Train accuracy: 6.89825e-01 Validation accuracy: 6.97000e-01 Loss 1.07453e-02 Time taken: 1.54 seconds 
Epoch: 10/200 Train accuracy: 6.92532e-01 Validation accuracy: 6.95000e-01 Loss 1.07059e-02 Time taken: 1.54 seconds 
Epoch: 11/200 Train accuracy: 6.95953e-01 Validation accuracy: 6.98667e-01 Loss 1.06715e-02 Time taken: 1.54 seconds 
Epoch: 12/200 Train accuracy: 6.99729e-01 Validation accuracy: 7.04667e-01 Loss 1.06531e-02 Time taken: 1.53 seconds 
Epoch: 13/200 Train accuracy: 6.97520e-01 Validation accuracy: 7.05667e-01 Loss 1.06351e-02 Time taken: 1.52 seconds 
Epoch: 14/200 Train accuracy: 7.01154e-01 Validation accuracy: 7.03667e-01 Loss 1.06197e-02 Time taken: 1.54 seconds 
Epoch: 15/200 Train accuracy: 7.04503e-01 Validation accuracy: 7.06667e-01 Loss 1.05917e-02 Time taken: 1.54 seconds 
Epoch: 16/200 Train accuracy: 7.08494e-01 Validation accuracy: 7.04333e-01 Loss 1.05654e-02 Time taken: 1.53 seconds 
Epoch: 17/200 Train accuracy: 7.05287e-01 Validation accuracy: 7.08000e-01 Loss 1.05680e-02 Time taken: 1.54 seconds 
Epoch: 18/200 Train accuracy: 7.07425e-01 Validation accuracy: 7.10000e-01 Loss 1.05572e-02 Time taken: 1.53 seconds 
Epoch: 19/200 Train accuracy: 7.08422e-01 Validation accuracy: 7.06000e-01 Loss 1.05387e-02 Time taken: 1.53 seconds 
Epoch: 20/200 Train accuracy: 7.07639e-01 Validation accuracy: 7.11667e-01 Loss 1.05388e-02 Time taken: 1.52 seconds 
Epoch: 21/200 Train accuracy: 7.10275e-01 Validation accuracy: 7.16000e-01 Loss 1.05204e-02 Time taken: 1.53 seconds 
Epoch: 22/200 Train accuracy: 7.10845e-01 Validation accuracy: 7.16667e-01 Loss 1.05163e-02 Time taken: 1.52 seconds 
Epoch: 23/200 Train accuracy: 7.11700e-01 Validation accuracy: 7.16333e-01 Loss 1.05126e-02 Time taken: 1.52 seconds 
Epoch: 24/200 Train accuracy: 7.12912e-01 Validation accuracy: 7.04000e-01 Loss 1.05042e-02 Time taken: 1.52 seconds 
Epoch: 25/200 Train accuracy: 7.12199e-01 Validation accuracy: 7.13333e-01 Loss 1.04943e-02 Time taken: 1.53 seconds 
Epoch: 26/200 Train accuracy: 7.14052e-01 Validation accuracy: 7.18667e-01 Loss 1.04762e-02 Time taken: 1.52 seconds 
Epoch: 27/200 Train accuracy: 7.16546e-01 Validation accuracy: 7.18000e-01 Loss 1.04705e-02 Time taken: 1.53 seconds 
Epoch: 28/200 Train accuracy: 7.15192e-01 Validation accuracy: 7.20333e-01 Loss 1.04751e-02 Time taken: 1.53 seconds 
Epoch: 29/200 Train accuracy: 7.15975e-01 Validation accuracy: 7.19000e-01 Loss 1.04611e-02 Time taken: 1.53 seconds 
Epoch: 30/200 Train accuracy: 7.16617e-01 Validation accuracy: 7.23333e-01 Loss 1.04492e-02 Time taken: 1.52 seconds 
Epoch: 31/200 Train accuracy: 7.19111e-01 Validation accuracy: 7.23333e-01 Loss 1.04416e-02 Time taken: 1.52 seconds 
Epoch: 32/200 Train accuracy: 7.17686e-01 Validation accuracy: 7.24000e-01 Loss 1.04474e-02 Time taken: 1.53 seconds 
Epoch: 33/200 Train accuracy: 7.16617e-01 Validation accuracy: 7.26333e-01 Loss 1.04484e-02 Time taken: 1.52 seconds 
Epoch: 34/200 Train accuracy: 7.22317e-01 Validation accuracy: 7.25333e-01 Loss 1.04250e-02 Time taken: 1.53 seconds 
Epoch: 35/200 Train accuracy: 7.20892e-01 Validation accuracy: 7.26333e-01 Loss 1.04204e-02 Time taken: 1.53 seconds 
Epoch: 36/200 Train accuracy: 7.17828e-01 Validation accuracy: 7.30667e-01 Loss 1.04280e-02 Time taken: 1.53 seconds 
Epoch: 37/200 Train accuracy: 7.19182e-01 Validation accuracy: 7.22333e-01 Loss 1.04246e-02 Time taken: 1.52 seconds 
Epoch: 38/200 Train accuracy: 7.19467e-01 Validation accuracy: 7.27333e-01 Loss 1.04256e-02 Time taken: 1.53 seconds 
Epoch: 39/200 Train accuracy: 7.21890e-01 Validation accuracy: 7.31667e-01 Loss 1.04127e-02 Time taken: 1.52 seconds 
Epoch: 40/200 Train accuracy: 7.22959e-01 Validation accuracy: 7.23333e-01 Loss 1.04119e-02 Time taken: 1.53 seconds 
Epoch: 41/200 Train accuracy: 7.20892e-01 Validation accuracy: 7.25333e-01 Loss 1.04161e-02 Time taken: 1.53 seconds 
Epoch: 42/200 Train accuracy: 7.23101e-01 Validation accuracy: 7.31000e-01 Loss 1.04015e-02 Time taken: 1.53 seconds 
Epoch: 43/200 Train accuracy: 7.22602e-01 Validation accuracy: 7.27333e-01 Loss 1.04136e-02 Time taken: 1.53 seconds 
Epoch: 44/200 Train accuracy: 7.20821e-01 Validation accuracy: 7.23333e-01 Loss 1.04107e-02 Time taken: 1.53 seconds 
Epoch: 45/200 Train accuracy: 7.22745e-01 Validation accuracy: 7.33333e-01 Loss 1.03927e-02 Time taken: 1.52 seconds 
Epoch: 46/200 Train accuracy: 7.23244e-01 Validation accuracy: 7.31333e-01 Loss 1.03946e-02 Time taken: 1.53 seconds 
Epoch: 47/200 Train accuracy: 7.23386e-01 Validation accuracy: 7.28000e-01 Loss 1.03902e-02 Time taken: 1.52 seconds 
Epoch: 48/200 Train accuracy: 7.23457e-01 Validation accuracy: 7.33667e-01 Loss 1.03935e-02 Time taken: 1.52 seconds 
Epoch: 49/200 Train accuracy: 7.20037e-01 Validation accuracy: 7.22667e-01 Loss 1.03945e-02 Time taken: 1.53 seconds 
Epoch: 50/200 Train accuracy: 7.22103e-01 Validation accuracy: 7.31333e-01 Loss 1.03853e-02 Time taken: 1.52 seconds 
Epoch: 51/200 Train accuracy: 7.23885e-01 Validation accuracy: 7.37000e-01 Loss 1.03784e-02 Time taken: 1.53 seconds 
Epoch: 52/200 Train accuracy: 7.26735e-01 Validation accuracy: 7.34333e-01 Loss 1.03627e-02 Time taken: 1.52 seconds 
Epoch: 53/200 Train accuracy: 7.25167e-01 Validation accuracy: 7.34333e-01 Loss 1.03726e-02 Time taken: 1.53 seconds 
Epoch: 54/200 Train accuracy: 7.24312e-01 Validation accuracy: 7.31000e-01 Loss 1.03841e-02 Time taken: 1.52 seconds 
Epoch: 55/200 Train accuracy: 7.25666e-01 Validation accuracy: 7.30333e-01 Loss 1.03775e-02 Time taken: 1.53 seconds 
Epoch: 56/200 Train accuracy: 7.28089e-01 Validation accuracy: 7.29000e-01 Loss 1.03597e-02 Time taken: 1.53 seconds 
Epoch: 57/200 Train accuracy: 7.24027e-01 Validation accuracy: 7.34000e-01 Loss 1.03735e-02 Time taken: 1.53 seconds 
Epoch: 58/200 Train accuracy: 7.29015e-01 Validation accuracy: 7.28000e-01 Loss 1.03623e-02 Time taken: 1.52 seconds 
Epoch: 59/200 Train accuracy: 7.26236e-01 Validation accuracy: 7.36667e-01 Loss 1.03493e-02 Time taken: 1.52 seconds 
Epoch: 60/200 Train accuracy: 7.25666e-01 Validation accuracy: 7.34333e-01 Loss 1.03519e-02 Time taken: 1.53 seconds 
Epoch: 61/200 Train accuracy: 7.29300e-01 Validation accuracy: 7.34333e-01 Loss 1.03421e-02 Time taken: 1.53 seconds 
Epoch: 62/200 Train accuracy: 7.26165e-01 Validation accuracy: 7.36000e-01 Loss 1.03572e-02 Time taken: 1.53 seconds 
Epoch: 63/200 Train accuracy: 7.30298e-01 Validation accuracy: 7.29333e-01 Loss 1.03451e-02 Time taken: 1.53 seconds 
Epoch: 64/200 Train accuracy: 7.26450e-01 Validation accuracy: 7.34000e-01 Loss 1.03513e-02 Time taken: 1.53 seconds 
Epoch: 65/200 Train accuracy: 7.29229e-01 Validation accuracy: 7.35333e-01 Loss 1.03426e-02 Time taken: 1.52 seconds 
Epoch: 66/200 Train accuracy: 7.29870e-01 Validation accuracy: 7.35000e-01 Loss 1.03399e-02 Time taken: 1.53 seconds 
Epoch: 67/200 Train accuracy: 7.26450e-01 Validation accuracy: 7.37333e-01 Loss 1.03517e-02 Time taken: 1.52 seconds 
Epoch: 68/200 Train accuracy: 7.27163e-01 Validation accuracy: 7.33667e-01 Loss 1.03541e-02 Time taken: 1.52 seconds 
Epoch: 69/200 Train accuracy: 7.26664e-01 Validation accuracy: 7.32667e-01 Loss 1.03508e-02 Time taken: 1.53 seconds 
Epoch: 70/200 Train accuracy: 7.26521e-01 Validation accuracy: 7.30000e-01 Loss 1.03573e-02 Time taken: 1.52 seconds 
Epoch: 71/200 Train accuracy: 7.31723e-01 Validation accuracy: 7.39333e-01 Loss 1.03325e-02 Time taken: 1.53 seconds 
Epoch: 72/200 Train accuracy: 7.28445e-01 Validation accuracy: 7.40333e-01 Loss 1.03389e-02 Time taken: 1.53 seconds 
Epoch: 73/200 Train accuracy: 7.29657e-01 Validation accuracy: 7.37000e-01 Loss 1.03337e-02 Time taken: 1.53 seconds 
Epoch: 74/200 Train accuracy: 7.29300e-01 Validation accuracy: 7.36000e-01 Loss 1.03325e-02 Time taken: 1.52 seconds 
Epoch: 75/200 Train accuracy: 7.31153e-01 Validation accuracy: 7.38000e-01 Loss 1.03241e-02 Time taken: 1.52 seconds 
Epoch: 76/200 Train accuracy: 7.31153e-01 Validation accuracy: 7.38000e-01 Loss 1.03289e-02 Time taken: 1.54 seconds 
Epoch: 77/200 Train accuracy: 7.29799e-01 Validation accuracy: 7.33000e-01 Loss 1.03225e-02 Time taken: 1.53 seconds 
Epoch: 78/200 Train accuracy: 7.31295e-01 Validation accuracy: 7.35333e-01 Loss 1.03239e-02 Time taken: 1.52 seconds 
Epoch: 79/200 Train accuracy: 7.31153e-01 Validation accuracy: 7.37000e-01 Loss 1.03247e-02 Time taken: 1.54 seconds 
Epoch: 80/200 Train accuracy: 7.27946e-01 Validation accuracy: 7.34333e-01 Loss 1.03367e-02 Time taken: 1.53 seconds 
Epoch: 81/200 Train accuracy: 7.30725e-01 Validation accuracy: 7.38333e-01 Loss 1.03205e-02 Time taken: 1.52 seconds 
Epoch: 82/200 Train accuracy: 7.29870e-01 Validation accuracy: 7.30667e-01 Loss 1.03271e-02 Time taken: 1.52 seconds 
Epoch: 83/200 Train accuracy: 7.31082e-01 Validation accuracy: 7.39667e-01 Loss 1.03225e-02 Time taken: 1.53 seconds 
Epoch: 84/200 Train accuracy: 7.32507e-01 Validation accuracy: 7.32667e-01 Loss 1.03112e-02 Time taken: 1.53 seconds 
Epoch: 85/200 Train accuracy: 7.33789e-01 Validation accuracy: 7.36667e-01 Loss 1.03130e-02 Time taken: 1.53 seconds 
Epoch: 86/200 Train accuracy: 7.31865e-01 Validation accuracy: 7.39333e-01 Loss 1.03140e-02 Time taken: 1.53 seconds 
Epoch: 87/200 Train accuracy: 7.34146e-01 Validation accuracy: 7.35333e-01 Loss 1.03071e-02 Time taken: 1.53 seconds 
Epoch: 88/200 Train accuracy: 7.31438e-01 Validation accuracy: 7.39333e-01 Loss 1.03154e-02 Time taken: 1.52 seconds 
Epoch: 89/200 Train accuracy: 7.33576e-01 Validation accuracy: 7.40667e-01 Loss 1.02936e-02 Time taken: 1.52 seconds 
Epoch: 90/200 Train accuracy: 7.29942e-01 Validation accuracy: 7.38000e-01 Loss 1.03173e-02 Time taken: 1.53 seconds 
Epoch: 91/200 Train accuracy: 7.34288e-01 Validation accuracy: 7.27667e-01 Loss 1.03009e-02 Time taken: 1.53 seconds 
Epoch: 92/200 Train accuracy: 7.33362e-01 Validation accuracy: 7.41000e-01 Loss 1.03009e-02 Time taken: 1.52 seconds 
Epoch: 93/200 Train accuracy: 7.32079e-01 Validation accuracy: 7.32667e-01 Loss 1.03090e-02 Time taken: 1.53 seconds 
Epoch: 94/200 Train accuracy: 7.33077e-01 Validation accuracy: 7.41000e-01 Loss 1.03080e-02 Time taken: 1.53 seconds 
Epoch: 95/200 Train accuracy: 7.29657e-01 Validation accuracy: 7.34333e-01 Loss 1.03178e-02 Time taken: 1.51 seconds 
Epoch: 96/200 Train accuracy: 7.33077e-01 Validation accuracy: 7.42667e-01 Loss 1.03088e-02 Time taken: 1.52 seconds 
Epoch: 97/200 Train accuracy: 7.34573e-01 Validation accuracy: 7.43667e-01 Loss 1.03000e-02 Time taken: 1.52 seconds 
Epoch: 98/200 Train accuracy: 7.29015e-01 Validation accuracy: 7.39333e-01 Loss 1.03196e-02 Time taken: 1.52 seconds 
Epoch: 99/200 Train accuracy: 7.34716e-01 Validation accuracy: 7.36333e-01 Loss 1.02921e-02 Time taken: 1.52 seconds 
Epoch: 100/200 Train accuracy: 7.34787e-01 Validation accuracy: 7.42333e-01 Loss 1.02974e-02 Time taken: 1.53 seconds 
Epoch: 101/200 Train accuracy: 7.36782e-01 Validation accuracy: 7.40667e-01 Loss 1.02983e-02 Time taken: 1.52 seconds 
Epoch: 102/200 Train accuracy: 7.34146e-01 Validation accuracy: 7.40333e-01 Loss 1.03015e-02 Time taken: 1.51 seconds 
Epoch: 103/200 Train accuracy: 7.36070e-01 Validation accuracy: 7.40000e-01 Loss 1.02877e-02 Time taken: 1.52 seconds 
Epoch: 104/200 Train accuracy: 7.35500e-01 Validation accuracy: 7.41667e-01 Loss 1.02899e-02 Time taken: 1.53 seconds 
Epoch: 105/200 Train accuracy: 7.34146e-01 Validation accuracy: 7.42000e-01 Loss 1.02953e-02 Time taken: 1.53 seconds 
Epoch: 106/200 Train accuracy: 7.33861e-01 Validation accuracy: 7.39667e-01 Loss 1.02989e-02 Time taken: 1.54 seconds 
Epoch: 107/200 Train accuracy: 7.36141e-01 Validation accuracy: 7.38667e-01 Loss 1.02770e-02 Time taken: 1.53 seconds 
Epoch: 108/200 Train accuracy: 7.34929e-01 Validation accuracy: 7.35333e-01 Loss 1.02891e-02 Time taken: 1.52 seconds 
Epoch: 109/200 Train accuracy: 7.33077e-01 Validation accuracy: 7.44000e-01 Loss 1.02939e-02 Time taken: 1.52 seconds 
Epoch: 110/200 Train accuracy: 7.33647e-01 Validation accuracy: 7.39667e-01 Loss 1.02941e-02 Time taken: 1.53 seconds 
Epoch: 111/200 Train accuracy: 7.36355e-01 Validation accuracy: 7.42667e-01 Loss 1.02792e-02 Time taken: 1.52 seconds 
Epoch: 112/200 Train accuracy: 7.36070e-01 Validation accuracy: 7.45000e-01 Loss 1.02887e-02 Time taken: 1.53 seconds 
Epoch: 113/200 Train accuracy: 7.33647e-01 Validation accuracy: 7.39000e-01 Loss 1.02831e-02 Time taken: 1.52 seconds 
Epoch: 114/200 Train accuracy: 7.33219e-01 Validation accuracy: 7.35333e-01 Loss 1.02960e-02 Time taken: 1.52 seconds 
Epoch: 115/200 Train accuracy: 7.33504e-01 Validation accuracy: 7.44333e-01 Loss 1.02919e-02 Time taken: 1.53 seconds 
Epoch: 116/200 Train accuracy: 7.33148e-01 Validation accuracy: 7.44333e-01 Loss 1.02903e-02 Time taken: 1.52 seconds 
Epoch: 117/200 Train accuracy: 7.34644e-01 Validation accuracy: 7.40333e-01 Loss 1.02781e-02 Time taken: 1.53 seconds 
Epoch: 118/200 Train accuracy: 7.32721e-01 Validation accuracy: 7.35333e-01 Loss 1.02884e-02 Time taken: 1.53 seconds 
Epoch: 119/200 Train accuracy: 7.33718e-01 Validation accuracy: 7.48000e-01 Loss 1.02880e-02 Time taken: 1.52 seconds 
Epoch: 120/200 Train accuracy: 7.36925e-01 Validation accuracy: 7.44333e-01 Loss 1.02839e-02 Time taken: 1.53 seconds 
Epoch: 121/200 Train accuracy: 7.32649e-01 Validation accuracy: 7.46000e-01 Loss 1.02910e-02 Time taken: 1.53 seconds 
Epoch: 122/200 Train accuracy: 7.35785e-01 Validation accuracy: 7.46000e-01 Loss 1.02687e-02 Time taken: 1.52 seconds 
Epoch: 123/200 Train accuracy: 7.33433e-01 Validation accuracy: 7.37667e-01 Loss 1.02867e-02 Time taken: 1.53 seconds 
Epoch: 124/200 Train accuracy: 7.34074e-01 Validation accuracy: 7.43667e-01 Loss 1.02847e-02 Time taken: 1.52 seconds 
Epoch: 125/200 Train accuracy: 7.33219e-01 Validation accuracy: 7.46333e-01 Loss 1.02897e-02 Time taken: 1.53 seconds 
Epoch: 126/200 Train accuracy: 7.37067e-01 Validation accuracy: 7.38333e-01 Loss 1.02705e-02 Time taken: 1.52 seconds 
Epoch: 127/200 Train accuracy: 7.39205e-01 Validation accuracy: 7.44000e-01 Loss 1.02646e-02 Time taken: 1.52 seconds 
Epoch: 128/200 Train accuracy: 7.33647e-01 Validation accuracy: 7.45333e-01 Loss 1.02841e-02 Time taken: 1.53 seconds 
Epoch: 129/200 Train accuracy: 7.36426e-01 Validation accuracy: 7.43000e-01 Loss 1.02751e-02 Time taken: 1.53 seconds 
Epoch: 130/200 Train accuracy: 7.38278e-01 Validation accuracy: 7.43333e-01 Loss 1.02734e-02 Time taken: 1.53 seconds 
Epoch: 131/200 Train accuracy: 7.34644e-01 Validation accuracy: 7.46333e-01 Loss 1.02809e-02 Time taken: 1.53 seconds 
Epoch: 132/200 Train accuracy: 7.35713e-01 Validation accuracy: 7.36000e-01 Loss 1.02706e-02 Time taken: 1.53 seconds 
Epoch: 133/200 Train accuracy: 7.36212e-01 Validation accuracy: 7.48333e-01 Loss 1.02641e-02 Time taken: 1.53 seconds 
Epoch: 134/200 Train accuracy: 7.35642e-01 Validation accuracy: 7.42333e-01 Loss 1.02666e-02 Time taken: 1.52 seconds 
Epoch: 135/200 Train accuracy: 7.41556e-01 Validation accuracy: 7.47333e-01 Loss 1.02446e-02 Time taken: 1.53 seconds 
Epoch: 136/200 Train accuracy: 7.36497e-01 Validation accuracy: 7.41333e-01 Loss 1.02609e-02 Time taken: 1.52 seconds 
Epoch: 137/200 Train accuracy: 7.37851e-01 Validation accuracy: 7.32667e-01 Loss 1.02623e-02 Time taken: 1.52 seconds 
Epoch: 138/200 Train accuracy: 7.37566e-01 Validation accuracy: 7.42333e-01 Loss 1.02668e-02 Time taken: 1.52 seconds 
Epoch: 139/200 Train accuracy: 7.36283e-01 Validation accuracy: 7.43667e-01 Loss 1.02705e-02 Time taken: 1.52 seconds 
Epoch: 140/200 Train accuracy: 7.38492e-01 Validation accuracy: 7.43333e-01 Loss 1.02509e-02 Time taken: 1.52 seconds 
Epoch: 141/200 Train accuracy: 7.39276e-01 Validation accuracy: 7.42333e-01 Loss 1.02568e-02 Time taken: 1.52 seconds 
Epoch: 142/200 Train accuracy: 7.36497e-01 Validation accuracy: 7.46333e-01 Loss 1.02746e-02 Time taken: 1.52 seconds 
Epoch: 143/200 Train accuracy: 7.36782e-01 Validation accuracy: 7.47667e-01 Loss 1.02683e-02 Time taken: 1.52 seconds 
Epoch: 144/200 Train accuracy: 7.38136e-01 Validation accuracy: 7.44333e-01 Loss 1.02648e-02 Time taken: 1.53 seconds 
Epoch: 145/200 Train accuracy: 7.38635e-01 Validation accuracy: 7.39000e-01 Loss 1.02569e-02 Time taken: 1.53 seconds 
Epoch: 146/200 Train accuracy: 7.37780e-01 Validation accuracy: 7.39667e-01 Loss 1.02609e-02 Time taken: 1.52 seconds 
Epoch: 147/200 Train accuracy: 7.35998e-01 Validation accuracy: 7.45000e-01 Loss 1.02684e-02 Time taken: 1.53 seconds 
Epoch: 148/200 Train accuracy: 7.38207e-01 Validation accuracy: 7.43667e-01 Loss 1.02639e-02 Time taken: 1.52 seconds 
Epoch: 149/200 Train accuracy: 7.41057e-01 Validation accuracy: 7.47667e-01 Loss 1.02523e-02 Time taken: 1.54 seconds 
Epoch: 150/200 Train accuracy: 7.36925e-01 Validation accuracy: 7.44333e-01 Loss 1.02630e-02 Time taken: 1.53 seconds 
Epoch: 151/200 Train accuracy: 7.38563e-01 Validation accuracy: 7.46000e-01 Loss 1.02508e-02 Time taken: 1.53 seconds 
Epoch: 152/200 Train accuracy: 7.38706e-01 Validation accuracy: 7.46333e-01 Loss 1.02548e-02 Time taken: 1.53 seconds 
Epoch: 153/200 Train accuracy: 7.36497e-01 Validation accuracy: 7.41000e-01 Loss 1.02754e-02 Time taken: 1.52 seconds 
Epoch: 154/200 Train accuracy: 7.38350e-01 Validation accuracy: 7.40000e-01 Loss 1.02644e-02 Time taken: 1.52 seconds 
Epoch: 155/200 Train accuracy: 7.39276e-01 Validation accuracy: 7.37333e-01 Loss 1.02539e-02 Time taken: 1.53 seconds 
Epoch: 156/200 Train accuracy: 7.39775e-01 Validation accuracy: 7.47000e-01 Loss 1.02512e-02 Time taken: 1.53 seconds 
Epoch: 157/200 Train accuracy: 7.35357e-01 Validation accuracy: 7.44667e-01 Loss 1.02633e-02 Time taken: 1.52 seconds 
Epoch: 158/200 Train accuracy: 7.38065e-01 Validation accuracy: 7.45667e-01 Loss 1.02546e-02 Time taken: 1.53 seconds 
Epoch: 159/200 Train accuracy: 7.39062e-01 Validation accuracy: 7.46333e-01 Loss 1.02530e-02 Time taken: 1.53 seconds 
Epoch: 160/200 Train accuracy: 7.39775e-01 Validation accuracy: 7.42000e-01 Loss 1.02541e-02 Time taken: 1.52 seconds 
Epoch: 161/200 Train accuracy: 7.36640e-01 Validation accuracy: 7.45667e-01 Loss 1.02560e-02 Time taken: 1.53 seconds 
Epoch: 162/200 Train accuracy: 7.40274e-01 Validation accuracy: 7.49000e-01 Loss 1.02459e-02 Time taken: 1.54 seconds 
Epoch: 163/200 Train accuracy: 7.34644e-01 Validation accuracy: 7.43667e-01 Loss 1.02672e-02 Time taken: 1.52 seconds 
Epoch: 164/200 Train accuracy: 7.35856e-01 Validation accuracy: 7.44000e-01 Loss 1.02621e-02 Time taken: 1.53 seconds 
Epoch: 165/200 Train accuracy: 7.38492e-01 Validation accuracy: 7.46667e-01 Loss 1.02497e-02 Time taken: 1.52 seconds 
Epoch: 166/200 Train accuracy: 7.39062e-01 Validation accuracy: 7.43667e-01 Loss 1.02469e-02 Time taken: 1.53 seconds 
Epoch: 167/200 Train accuracy: 7.39276e-01 Validation accuracy: 7.42000e-01 Loss 1.02413e-02 Time taken: 1.52 seconds 
Epoch: 168/200 Train accuracy: 7.37993e-01 Validation accuracy: 7.44000e-01 Loss 1.02570e-02 Time taken: 1.53 seconds 
Epoch: 169/200 Train accuracy: 7.41200e-01 Validation accuracy: 7.46333e-01 Loss 1.02453e-02 Time taken: 1.53 seconds 
Epoch: 170/200 Train accuracy: 7.38635e-01 Validation accuracy: 7.42000e-01 Loss 1.02489e-02 Time taken: 1.52 seconds 
Epoch: 171/200 Train accuracy: 7.38207e-01 Validation accuracy: 7.47000e-01 Loss 1.02534e-02 Time taken: 1.53 seconds 
Epoch: 172/200 Train accuracy: 7.37352e-01 Validation accuracy: 7.46667e-01 Loss 1.02493e-02 Time taken: 1.53 seconds 
Epoch: 173/200 Train accuracy: 7.38207e-01 Validation accuracy: 7.45000e-01 Loss 1.02577e-02 Time taken: 1.53 seconds 
Epoch: 174/200 Train accuracy: 7.37566e-01 Validation accuracy: 7.44000e-01 Loss 1.02523e-02 Time taken: 1.52 seconds 
Epoch: 175/200 Train accuracy: 7.41342e-01 Validation accuracy: 7.47000e-01 Loss 1.02504e-02 Time taken: 1.52 seconds 
Epoch: 176/200 Train accuracy: 7.39989e-01 Validation accuracy: 7.47000e-01 Loss 1.02348e-02 Time taken: 1.53 seconds 
Epoch: 177/200 Train accuracy: 7.41057e-01 Validation accuracy: 7.50667e-01 Loss 1.02394e-02 Time taken: 1.52 seconds 
Epoch: 178/200 Train accuracy: 7.39846e-01 Validation accuracy: 7.36667e-01 Loss 1.02502e-02 Time taken: 1.53 seconds 
Epoch: 179/200 Train accuracy: 7.40060e-01 Validation accuracy: 7.47000e-01 Loss 1.02518e-02 Time taken: 1.53 seconds 
Epoch: 180/200 Train accuracy: 7.39775e-01 Validation accuracy: 7.49000e-01 Loss 1.02530e-02 Time taken: 1.52 seconds 
Epoch: 181/200 Train accuracy: 7.39490e-01 Validation accuracy: 7.46000e-01 Loss 1.02389e-02 Time taken: 1.52 seconds 
Epoch: 182/200 Train accuracy: 7.40701e-01 Validation accuracy: 7.37667e-01 Loss 1.02449e-02 Time taken: 1.53 seconds 
Epoch: 183/200 Train accuracy: 7.36925e-01 Validation accuracy: 7.45333e-01 Loss 1.02526e-02 Time taken: 1.53 seconds 
Epoch: 184/200 Train accuracy: 7.37423e-01 Validation accuracy: 7.46333e-01 Loss 1.02481e-02 Time taken: 1.52 seconds 
Epoch: 185/200 Train accuracy: 7.39846e-01 Validation accuracy: 7.47333e-01 Loss 1.02431e-02 Time taken: 1.53 seconds 
Epoch: 186/200 Train accuracy: 7.40915e-01 Validation accuracy: 7.49667e-01 Loss 1.02325e-02 Time taken: 1.53 seconds 
Epoch: 187/200 Train accuracy: 7.39917e-01 Validation accuracy: 7.43667e-01 Loss 1.02335e-02 Time taken: 1.53 seconds 
Epoch: 188/200 Train accuracy: 7.41912e-01 Validation accuracy: 7.44667e-01 Loss 1.02347e-02 Time taken: 1.53 seconds 
Epoch: 189/200 Train accuracy: 7.39989e-01 Validation accuracy: 7.47333e-01 Loss 1.02451e-02 Time taken: 1.53 seconds 
Epoch: 190/200 Train accuracy: 7.42055e-01 Validation accuracy: 7.45000e-01 Loss 1.02394e-02 Time taken: 1.53 seconds 
Epoch: 191/200 Train accuracy: 7.34074e-01 Validation accuracy: 7.47333e-01 Loss 1.02682e-02 Time taken: 1.53 seconds 
Epoch: 192/200 Train accuracy: 7.40986e-01 Validation accuracy: 7.48000e-01 Loss 1.02347e-02 Time taken: 1.54 seconds 
Epoch: 193/200 Train accuracy: 7.36497e-01 Validation accuracy: 7.46000e-01 Loss 1.02524e-02 Time taken: 1.53 seconds 
Epoch: 194/200 Train accuracy: 7.42483e-01 Validation accuracy: 7.44000e-01 Loss 1.02256e-02 Time taken: 1.52 seconds 
Epoch: 195/200 Train accuracy: 7.41770e-01 Validation accuracy: 7.42000e-01 Loss 1.02349e-02 Time taken: 1.53 seconds 
Epoch: 196/200 Train accuracy: 7.37566e-01 Validation accuracy: 7.48333e-01 Loss 1.02410e-02 Time taken: 1.54 seconds 
Epoch: 197/200 Train accuracy: 7.37922e-01 Validation accuracy: 7.49000e-01 Loss 1.02479e-02 Time taken: 1.51 seconds 
Epoch: 198/200 Train accuracy: 7.42269e-01 Validation accuracy: 7.44333e-01 Loss 1.02351e-02 Time taken: 1.53 seconds 
Epoch: 199/200 Train accuracy: 7.39989e-01 Validation accuracy: 7.44000e-01 Loss 1.02307e-02 Time taken: 1.53 seconds 
Epoch: 200/200 Train accuracy: 7.39134e-01 Validation accuracy: 7.48667e-01 Loss 1.02461e-02 Time taken: 1.53 seconds 
Total time taken 0:05:06.274781
Cleaning up intermediate feature (.pt) files
Done


working on file logs_PKT_chunks/iic-train-L2_PKT_chunks-seed21/jepa-iic-L2-PKT-chunks-ep400.pth.tar ...
