Directory classifiers/jepa-iic-L2-seed-10-classifier-pretrained-vitb-normalized-ep200 for saving the classifiers is now present
VisionTransformer(
  (patch_embed): PatchEmbed(
    (proj): Conv2d(3, 768, kernel_size=(15, 15), stride=(15, 15))
  )
  (blocks): ModuleList(
    (0-11): 12 x Block(
      (norm1): LayerNorm((768,), eps=1e-06, elementwise_affine=True)
      (attn): Attention(
        (qkv): Linear(in_features=768, out_features=2304, bias=True)
        (attn_drop): Dropout(p=0.0, inplace=False)
        (proj): Linear(in_features=768, out_features=768, bias=True)
        (proj_drop): Dropout(p=0.0, inplace=False)
      )
      (drop_path): Identity()
      (norm2): LayerNorm((768,), eps=1e-06, elementwise_affine=True)
      (mlp): MLP(
        (fc1): Linear(in_features=768, out_features=3072, bias=True)
        (act): GELU(approximate='none')
        (fc2): Linear(in_features=3072, out_features=768, bias=True)
        (drop): Dropout(p=0.0, inplace=False)
      )
    )
  )
  (norm): LayerNorm((768,), eps=1e-06, elementwise_affine=True)
)
Extracting features and saving them locally..
Epoch: 1/200 Train accuracy: 3.78937e-01 Validation accuracy: 5.87333e-01 Loss 1.29860e-02 Time taken: 1.55 seconds 
Epoch: 2/200 Train accuracy: 5.42896e-01 Validation accuracy: 6.11000e-01 Loss 1.18633e-02 Time taken: 1.61 seconds 
Epoch: 3/200 Train accuracy: 5.95055e-01 Validation accuracy: 6.55000e-01 Loss 1.14869e-02 Time taken: 1.56 seconds 
Epoch: 4/200 Train accuracy: 6.33462e-01 Validation accuracy: 6.61667e-01 Loss 1.12017e-02 Time taken: 1.55 seconds 
Epoch: 5/200 Train accuracy: 6.51846e-01 Validation accuracy: 6.72333e-01 Loss 1.10448e-02 Time taken: 1.55 seconds 
Epoch: 6/200 Train accuracy: 6.60610e-01 Validation accuracy: 6.78000e-01 Loss 1.09781e-02 Time taken: 1.55 seconds 
Epoch: 7/200 Train accuracy: 6.66738e-01 Validation accuracy: 6.77000e-01 Loss 1.09031e-02 Time taken: 1.57 seconds 
Epoch: 8/200 Train accuracy: 6.80561e-01 Validation accuracy: 6.80333e-01 Loss 1.08318e-02 Time taken: 1.55 seconds 
Epoch: 9/200 Train accuracy: 6.79493e-01 Validation accuracy: 6.84667e-01 Loss 1.08081e-02 Time taken: 1.54 seconds 
Epoch: 10/200 Train accuracy: 6.79279e-01 Validation accuracy: 6.95000e-01 Loss 1.07844e-02 Time taken: 1.55 seconds 
Epoch: 11/200 Train accuracy: 6.83768e-01 Validation accuracy: 6.92667e-01 Loss 1.07417e-02 Time taken: 1.55 seconds 
Epoch: 12/200 Train accuracy: 6.89326e-01 Validation accuracy: 6.96000e-01 Loss 1.07025e-02 Time taken: 1.54 seconds 
Epoch: 13/200 Train accuracy: 6.90395e-01 Validation accuracy: 6.95667e-01 Loss 1.06976e-02 Time taken: 1.55 seconds 
Epoch: 14/200 Train accuracy: 6.96380e-01 Validation accuracy: 6.98000e-01 Loss 1.06692e-02 Time taken: 1.54 seconds 
Epoch: 15/200 Train accuracy: 6.96950e-01 Validation accuracy: 6.96667e-01 Loss 1.06499e-02 Time taken: 1.55 seconds 
Epoch: 16/200 Train accuracy: 6.99159e-01 Validation accuracy: 7.01667e-01 Loss 1.06403e-02 Time taken: 1.54 seconds 
Epoch: 17/200 Train accuracy: 7.01226e-01 Validation accuracy: 6.98667e-01 Loss 1.06214e-02 Time taken: 1.56 seconds 
Epoch: 18/200 Train accuracy: 6.99302e-01 Validation accuracy: 7.01667e-01 Loss 1.06052e-02 Time taken: 1.54 seconds 
Epoch: 19/200 Train accuracy: 7.02152e-01 Validation accuracy: 7.02333e-01 Loss 1.05923e-02 Time taken: 1.54 seconds 
Epoch: 20/200 Train accuracy: 6.99943e-01 Validation accuracy: 7.03000e-01 Loss 1.05990e-02 Time taken: 1.55 seconds 
Epoch: 21/200 Train accuracy: 7.06142e-01 Validation accuracy: 7.10667e-01 Loss 1.05786e-02 Time taken: 1.55 seconds 
Epoch: 22/200 Train accuracy: 7.07852e-01 Validation accuracy: 7.11667e-01 Loss 1.05625e-02 Time taken: 1.55 seconds 
Epoch: 23/200 Train accuracy: 7.04717e-01 Validation accuracy: 6.97333e-01 Loss 1.05599e-02 Time taken: 1.55 seconds 
Epoch: 24/200 Train accuracy: 7.06427e-01 Validation accuracy: 7.13333e-01 Loss 1.05496e-02 Time taken: 1.55 seconds 
Epoch: 25/200 Train accuracy: 7.04646e-01 Validation accuracy: 7.07333e-01 Loss 1.05454e-02 Time taken: 1.55 seconds 
Epoch: 26/200 Train accuracy: 7.04218e-01 Validation accuracy: 7.06333e-01 Loss 1.05558e-02 Time taken: 1.55 seconds 
Epoch: 27/200 Train accuracy: 7.09634e-01 Validation accuracy: 7.10667e-01 Loss 1.05280e-02 Time taken: 1.54 seconds 
Epoch: 28/200 Train accuracy: 7.07710e-01 Validation accuracy: 7.17000e-01 Loss 1.05290e-02 Time taken: 1.55 seconds 
Epoch: 29/200 Train accuracy: 7.09705e-01 Validation accuracy: 7.16333e-01 Loss 1.05200e-02 Time taken: 1.55 seconds 
Epoch: 30/200 Train accuracy: 7.09990e-01 Validation accuracy: 7.08667e-01 Loss 1.05180e-02 Time taken: 1.53 seconds 
Epoch: 31/200 Train accuracy: 7.10275e-01 Validation accuracy: 7.20667e-01 Loss 1.05106e-02 Time taken: 1.55 seconds 
Epoch: 32/200 Train accuracy: 7.13767e-01 Validation accuracy: 7.15333e-01 Loss 1.04951e-02 Time taken: 1.55 seconds 
Epoch: 33/200 Train accuracy: 7.13410e-01 Validation accuracy: 7.15333e-01 Loss 1.04882e-02 Time taken: 1.55 seconds 
Epoch: 34/200 Train accuracy: 7.13980e-01 Validation accuracy: 7.16000e-01 Loss 1.04880e-02 Time taken: 1.54 seconds 
Epoch: 35/200 Train accuracy: 7.12769e-01 Validation accuracy: 7.20000e-01 Loss 1.04901e-02 Time taken: 1.55 seconds 
Epoch: 36/200 Train accuracy: 7.14408e-01 Validation accuracy: 7.16333e-01 Loss 1.04860e-02 Time taken: 1.54 seconds 
Epoch: 37/200 Train accuracy: 7.11629e-01 Validation accuracy: 7.12333e-01 Loss 1.04907e-02 Time taken: 1.54 seconds 
Epoch: 38/200 Train accuracy: 7.18327e-01 Validation accuracy: 7.21333e-01 Loss 1.04614e-02 Time taken: 1.54 seconds 
Epoch: 39/200 Train accuracy: 7.15619e-01 Validation accuracy: 7.14000e-01 Loss 1.04643e-02 Time taken: 1.55 seconds 
Epoch: 40/200 Train accuracy: 7.17187e-01 Validation accuracy: 7.23000e-01 Loss 1.04556e-02 Time taken: 1.54 seconds 
Epoch: 41/200 Train accuracy: 7.16617e-01 Validation accuracy: 7.18667e-01 Loss 1.04615e-02 Time taken: 1.55 seconds 
Epoch: 42/200 Train accuracy: 7.15049e-01 Validation accuracy: 7.22000e-01 Loss 1.04610e-02 Time taken: 1.55 seconds 
Epoch: 43/200 Train accuracy: 7.14194e-01 Validation accuracy: 7.19000e-01 Loss 1.04619e-02 Time taken: 1.55 seconds 
Epoch: 44/200 Train accuracy: 7.13553e-01 Validation accuracy: 7.22667e-01 Loss 1.04615e-02 Time taken: 1.54 seconds 
Epoch: 45/200 Train accuracy: 7.20037e-01 Validation accuracy: 7.19333e-01 Loss 1.04502e-02 Time taken: 1.55 seconds 
Epoch: 46/200 Train accuracy: 7.18754e-01 Validation accuracy: 7.19667e-01 Loss 1.04465e-02 Time taken: 1.54 seconds 
Epoch: 47/200 Train accuracy: 7.16759e-01 Validation accuracy: 7.23333e-01 Loss 1.04494e-02 Time taken: 1.55 seconds 
Epoch: 48/200 Train accuracy: 7.19538e-01 Validation accuracy: 7.19667e-01 Loss 1.04408e-02 Time taken: 1.55 seconds 
Epoch: 49/200 Train accuracy: 7.22175e-01 Validation accuracy: 7.19000e-01 Loss 1.04374e-02 Time taken: 1.55 seconds 
Epoch: 50/200 Train accuracy: 7.18256e-01 Validation accuracy: 7.17333e-01 Loss 1.04319e-02 Time taken: 1.55 seconds 
Epoch: 51/200 Train accuracy: 7.19823e-01 Validation accuracy: 7.21333e-01 Loss 1.04266e-02 Time taken: 1.55 seconds 
Epoch: 52/200 Train accuracy: 7.17828e-01 Validation accuracy: 7.24333e-01 Loss 1.04318e-02 Time taken: 1.54 seconds 
Epoch: 53/200 Train accuracy: 7.17971e-01 Validation accuracy: 7.15333e-01 Loss 1.04281e-02 Time taken: 1.55 seconds 
Epoch: 54/200 Train accuracy: 7.16902e-01 Validation accuracy: 7.16333e-01 Loss 1.04291e-02 Time taken: 1.54 seconds 
Epoch: 55/200 Train accuracy: 7.21035e-01 Validation accuracy: 7.22667e-01 Loss 1.04140e-02 Time taken: 1.55 seconds 
Epoch: 56/200 Train accuracy: 7.21605e-01 Validation accuracy: 7.19333e-01 Loss 1.04173e-02 Time taken: 1.54 seconds 
Epoch: 57/200 Train accuracy: 7.21035e-01 Validation accuracy: 7.24333e-01 Loss 1.04086e-02 Time taken: 1.55 seconds 
Epoch: 58/200 Train accuracy: 7.20963e-01 Validation accuracy: 7.24667e-01 Loss 1.04129e-02 Time taken: 1.54 seconds 
Epoch: 59/200 Train accuracy: 7.16973e-01 Validation accuracy: 7.26000e-01 Loss 1.04188e-02 Time taken: 1.55 seconds 
Epoch: 60/200 Train accuracy: 7.20607e-01 Validation accuracy: 7.20333e-01 Loss 1.04204e-02 Time taken: 1.54 seconds 
Epoch: 61/200 Train accuracy: 7.20465e-01 Validation accuracy: 7.26000e-01 Loss 1.04070e-02 Time taken: 1.54 seconds 
Epoch: 62/200 Train accuracy: 7.20821e-01 Validation accuracy: 7.25333e-01 Loss 1.04033e-02 Time taken: 1.55 seconds 
Epoch: 63/200 Train accuracy: 7.24027e-01 Validation accuracy: 7.25333e-01 Loss 1.03955e-02 Time taken: 1.55 seconds 
Epoch: 64/200 Train accuracy: 7.22816e-01 Validation accuracy: 7.22333e-01 Loss 1.03914e-02 Time taken: 1.56 seconds 
Epoch: 65/200 Train accuracy: 7.22317e-01 Validation accuracy: 7.19333e-01 Loss 1.03976e-02 Time taken: 1.55 seconds 
Epoch: 66/200 Train accuracy: 7.20607e-01 Validation accuracy: 7.26000e-01 Loss 1.04050e-02 Time taken: 1.55 seconds 
Epoch: 67/200 Train accuracy: 7.22887e-01 Validation accuracy: 7.25667e-01 Loss 1.03910e-02 Time taken: 1.55 seconds 
Epoch: 68/200 Train accuracy: 7.21533e-01 Validation accuracy: 7.21667e-01 Loss 1.04031e-02 Time taken: 1.54 seconds 
Epoch: 69/200 Train accuracy: 7.23244e-01 Validation accuracy: 7.24667e-01 Loss 1.03830e-02 Time taken: 1.55 seconds 
Epoch: 70/200 Train accuracy: 7.21533e-01 Validation accuracy: 7.23667e-01 Loss 1.03967e-02 Time taken: 1.55 seconds 
Epoch: 71/200 Train accuracy: 7.22816e-01 Validation accuracy: 7.22000e-01 Loss 1.03902e-02 Time taken: 1.55 seconds 
Epoch: 72/200 Train accuracy: 7.20892e-01 Validation accuracy: 7.22667e-01 Loss 1.03917e-02 Time taken: 1.55 seconds 
Epoch: 73/200 Train accuracy: 7.24312e-01 Validation accuracy: 7.26000e-01 Loss 1.03881e-02 Time taken: 1.56 seconds 
Epoch: 74/200 Train accuracy: 7.22602e-01 Validation accuracy: 7.26667e-01 Loss 1.03964e-02 Time taken: 1.55 seconds 
Epoch: 75/200 Train accuracy: 7.23956e-01 Validation accuracy: 7.26000e-01 Loss 1.03786e-02 Time taken: 1.54 seconds 
Epoch: 76/200 Train accuracy: 7.24099e-01 Validation accuracy: 7.22667e-01 Loss 1.03792e-02 Time taken: 1.55 seconds 
Epoch: 77/200 Train accuracy: 7.25096e-01 Validation accuracy: 7.25000e-01 Loss 1.03661e-02 Time taken: 1.55 seconds 
Epoch: 78/200 Train accuracy: 7.23244e-01 Validation accuracy: 7.17000e-01 Loss 1.03900e-02 Time taken: 1.54 seconds 
Epoch: 79/200 Train accuracy: 7.23030e-01 Validation accuracy: 7.24667e-01 Loss 1.03825e-02 Time taken: 1.55 seconds 
Epoch: 80/200 Train accuracy: 7.25167e-01 Validation accuracy: 7.22667e-01 Loss 1.03769e-02 Time taken: 1.55 seconds 
Epoch: 81/200 Train accuracy: 7.24882e-01 Validation accuracy: 7.26333e-01 Loss 1.03713e-02 Time taken: 1.54 seconds 
Epoch: 82/200 Train accuracy: 7.21391e-01 Validation accuracy: 7.23667e-01 Loss 1.03874e-02 Time taken: 1.54 seconds 
Epoch: 83/200 Train accuracy: 7.22816e-01 Validation accuracy: 7.26333e-01 Loss 1.03756e-02 Time taken: 1.55 seconds 
Epoch: 84/200 Train accuracy: 7.24384e-01 Validation accuracy: 7.28333e-01 Loss 1.03761e-02 Time taken: 1.55 seconds 
Epoch: 85/200 Train accuracy: 7.24384e-01 Validation accuracy: 7.23000e-01 Loss 1.03705e-02 Time taken: 1.54 seconds 
Epoch: 86/200 Train accuracy: 7.24811e-01 Validation accuracy: 7.30667e-01 Loss 1.03686e-02 Time taken: 1.55 seconds 
Epoch: 87/200 Train accuracy: 7.25595e-01 Validation accuracy: 7.25333e-01 Loss 1.03759e-02 Time taken: 1.55 seconds 
Epoch: 88/200 Train accuracy: 7.24811e-01 Validation accuracy: 7.26000e-01 Loss 1.03732e-02 Time taken: 1.55 seconds 
Epoch: 89/200 Train accuracy: 7.26450e-01 Validation accuracy: 7.27667e-01 Loss 1.03659e-02 Time taken: 1.54 seconds 
Epoch: 90/200 Train accuracy: 7.28160e-01 Validation accuracy: 7.25000e-01 Loss 1.03529e-02 Time taken: 1.55 seconds 
Epoch: 91/200 Train accuracy: 7.24099e-01 Validation accuracy: 7.24333e-01 Loss 1.03783e-02 Time taken: 1.55 seconds 
Epoch: 92/200 Train accuracy: 7.26949e-01 Validation accuracy: 7.26667e-01 Loss 1.03569e-02 Time taken: 1.54 seconds 
Epoch: 93/200 Train accuracy: 7.20037e-01 Validation accuracy: 7.25667e-01 Loss 1.03737e-02 Time taken: 1.55 seconds 
Epoch: 94/200 Train accuracy: 7.23956e-01 Validation accuracy: 7.24667e-01 Loss 1.03737e-02 Time taken: 1.55 seconds 
Epoch: 95/200 Train accuracy: 7.26450e-01 Validation accuracy: 7.27000e-01 Loss 1.03588e-02 Time taken: 1.54 seconds 
Epoch: 96/200 Train accuracy: 7.24312e-01 Validation accuracy: 7.30000e-01 Loss 1.03673e-02 Time taken: 1.54 seconds 
Epoch: 97/200 Train accuracy: 7.23671e-01 Validation accuracy: 7.25333e-01 Loss 1.03612e-02 Time taken: 1.55 seconds 
Epoch: 98/200 Train accuracy: 7.25096e-01 Validation accuracy: 7.25000e-01 Loss 1.03577e-02 Time taken: 1.54 seconds 
Epoch: 99/200 Train accuracy: 7.29942e-01 Validation accuracy: 7.21333e-01 Loss 1.03467e-02 Time taken: 1.54 seconds 
Epoch: 100/200 Train accuracy: 7.26308e-01 Validation accuracy: 7.28000e-01 Loss 1.03531e-02 Time taken: 1.54 seconds 
Epoch: 101/200 Train accuracy: 7.26165e-01 Validation accuracy: 7.26000e-01 Loss 1.03516e-02 Time taken: 1.55 seconds 
Epoch: 102/200 Train accuracy: 7.24241e-01 Validation accuracy: 7.28333e-01 Loss 1.03564e-02 Time taken: 1.54 seconds 
Epoch: 103/200 Train accuracy: 7.24669e-01 Validation accuracy: 7.28333e-01 Loss 1.03619e-02 Time taken: 1.55 seconds 
Epoch: 104/200 Train accuracy: 7.27163e-01 Validation accuracy: 7.26000e-01 Loss 1.03456e-02 Time taken: 1.55 seconds 
Epoch: 105/200 Train accuracy: 7.25239e-01 Validation accuracy: 7.27000e-01 Loss 1.03522e-02 Time taken: 1.55 seconds 
Epoch: 106/200 Train accuracy: 7.23814e-01 Validation accuracy: 7.30333e-01 Loss 1.03639e-02 Time taken: 1.54 seconds 
Epoch: 107/200 Train accuracy: 7.27519e-01 Validation accuracy: 7.27667e-01 Loss 1.03438e-02 Time taken: 1.55 seconds 
Epoch: 108/200 Train accuracy: 7.28089e-01 Validation accuracy: 7.23333e-01 Loss 1.03480e-02 Time taken: 1.54 seconds 
Epoch: 109/200 Train accuracy: 7.28944e-01 Validation accuracy: 7.25333e-01 Loss 1.03434e-02 Time taken: 1.55 seconds 
Epoch: 110/200 Train accuracy: 7.29158e-01 Validation accuracy: 7.26333e-01 Loss 1.03329e-02 Time taken: 1.54 seconds 
Epoch: 111/200 Train accuracy: 7.27020e-01 Validation accuracy: 7.24333e-01 Loss 1.03420e-02 Time taken: 1.55 seconds 
Epoch: 112/200 Train accuracy: 7.26023e-01 Validation accuracy: 7.16333e-01 Loss 1.03465e-02 Time taken: 1.54 seconds 
Epoch: 113/200 Train accuracy: 7.23956e-01 Validation accuracy: 7.22333e-01 Loss 1.03493e-02 Time taken: 1.54 seconds 
Epoch: 114/200 Train accuracy: 7.21462e-01 Validation accuracy: 7.27667e-01 Loss 1.03623e-02 Time taken: 1.54 seconds 
Epoch: 115/200 Train accuracy: 7.28018e-01 Validation accuracy: 7.25667e-01 Loss 1.03437e-02 Time taken: 1.55 seconds 
Epoch: 116/200 Train accuracy: 7.25951e-01 Validation accuracy: 7.29000e-01 Loss 1.03493e-02 Time taken: 1.54 seconds 
Epoch: 117/200 Train accuracy: 7.28089e-01 Validation accuracy: 7.27333e-01 Loss 1.03481e-02 Time taken: 1.54 seconds 
Epoch: 118/200 Train accuracy: 7.26593e-01 Validation accuracy: 7.31667e-01 Loss 1.03518e-02 Time taken: 1.54 seconds 
Epoch: 119/200 Train accuracy: 7.28231e-01 Validation accuracy: 7.27000e-01 Loss 1.03349e-02 Time taken: 1.55 seconds 
Epoch: 120/200 Train accuracy: 7.28588e-01 Validation accuracy: 7.27000e-01 Loss 1.03351e-02 Time taken: 1.54 seconds 
Epoch: 121/200 Train accuracy: 7.28018e-01 Validation accuracy: 7.28333e-01 Loss 1.03415e-02 Time taken: 1.55 seconds 
Epoch: 122/200 Train accuracy: 7.28374e-01 Validation accuracy: 7.31333e-01 Loss 1.03362e-02 Time taken: 1.54 seconds 
Epoch: 123/200 Train accuracy: 7.30227e-01 Validation accuracy: 7.32667e-01 Loss 1.03321e-02 Time taken: 1.54 seconds 
Epoch: 124/200 Train accuracy: 7.31652e-01 Validation accuracy: 7.27667e-01 Loss 1.03227e-02 Time taken: 1.54 seconds 
Epoch: 125/200 Train accuracy: 7.29657e-01 Validation accuracy: 7.27333e-01 Loss 1.03315e-02 Time taken: 1.54 seconds 
Epoch: 126/200 Train accuracy: 7.25737e-01 Validation accuracy: 7.29333e-01 Loss 1.03401e-02 Time taken: 1.54 seconds 
Epoch: 127/200 Train accuracy: 7.27804e-01 Validation accuracy: 7.27667e-01 Loss 1.03287e-02 Time taken: 1.54 seconds 
Epoch: 128/200 Train accuracy: 7.30298e-01 Validation accuracy: 7.23667e-01 Loss 1.03241e-02 Time taken: 1.54 seconds 
Epoch: 129/200 Train accuracy: 7.28374e-01 Validation accuracy: 7.29000e-01 Loss 1.03340e-02 Time taken: 1.55 seconds 
Epoch: 130/200 Train accuracy: 7.28730e-01 Validation accuracy: 7.28667e-01 Loss 1.03309e-02 Time taken: 1.54 seconds 
Epoch: 131/200 Train accuracy: 7.27091e-01 Validation accuracy: 7.26667e-01 Loss 1.03426e-02 Time taken: 1.55 seconds 
Epoch: 132/200 Train accuracy: 7.27020e-01 Validation accuracy: 7.23667e-01 Loss 1.03337e-02 Time taken: 1.55 seconds 
Epoch: 133/200 Train accuracy: 7.29372e-01 Validation accuracy: 7.31667e-01 Loss 1.03306e-02 Time taken: 1.54 seconds 
Epoch: 134/200 Train accuracy: 7.30725e-01 Validation accuracy: 7.29667e-01 Loss 1.03258e-02 Time taken: 1.54 seconds 
Epoch: 135/200 Train accuracy: 7.26379e-01 Validation accuracy: 7.28667e-01 Loss 1.03346e-02 Time taken: 1.55 seconds 
Epoch: 136/200 Train accuracy: 7.28089e-01 Validation accuracy: 7.25333e-01 Loss 1.03289e-02 Time taken: 1.54 seconds 
Epoch: 137/200 Train accuracy: 7.29372e-01 Validation accuracy: 7.25333e-01 Loss 1.03262e-02 Time taken: 1.55 seconds 
Epoch: 138/200 Train accuracy: 7.25666e-01 Validation accuracy: 7.24000e-01 Loss 1.03382e-02 Time taken: 1.54 seconds 
Epoch: 139/200 Train accuracy: 7.27875e-01 Validation accuracy: 7.28000e-01 Loss 1.03311e-02 Time taken: 1.55 seconds 
Epoch: 140/200 Train accuracy: 7.29443e-01 Validation accuracy: 7.27667e-01 Loss 1.03218e-02 Time taken: 1.54 seconds 
Epoch: 141/200 Train accuracy: 7.27875e-01 Validation accuracy: 7.29000e-01 Loss 1.03309e-02 Time taken: 1.54 seconds 
Epoch: 142/200 Train accuracy: 7.27946e-01 Validation accuracy: 7.29333e-01 Loss 1.03361e-02 Time taken: 1.54 seconds 
Epoch: 143/200 Train accuracy: 7.32507e-01 Validation accuracy: 7.30333e-01 Loss 1.03149e-02 Time taken: 1.55 seconds 
Epoch: 144/200 Train accuracy: 7.27091e-01 Validation accuracy: 7.26333e-01 Loss 1.03271e-02 Time taken: 1.54 seconds 
Epoch: 145/200 Train accuracy: 7.28873e-01 Validation accuracy: 7.22667e-01 Loss 1.03130e-02 Time taken: 1.54 seconds 
Epoch: 146/200 Train accuracy: 7.30369e-01 Validation accuracy: 7.28333e-01 Loss 1.03120e-02 Time taken: 1.54 seconds 
Epoch: 147/200 Train accuracy: 7.28659e-01 Validation accuracy: 7.27333e-01 Loss 1.03248e-02 Time taken: 1.55 seconds 
Epoch: 148/200 Train accuracy: 7.28516e-01 Validation accuracy: 7.30000e-01 Loss 1.03234e-02 Time taken: 1.54 seconds 
Epoch: 149/200 Train accuracy: 7.27376e-01 Validation accuracy: 7.34333e-01 Loss 1.03354e-02 Time taken: 1.55 seconds 
Epoch: 150/200 Train accuracy: 7.29728e-01 Validation accuracy: 7.30333e-01 Loss 1.03170e-02 Time taken: 1.55 seconds 
Epoch: 151/200 Train accuracy: 7.29728e-01 Validation accuracy: 7.23667e-01 Loss 1.03180e-02 Time taken: 1.55 seconds 
Epoch: 152/200 Train accuracy: 7.29728e-01 Validation accuracy: 7.27667e-01 Loss 1.03245e-02 Time taken: 1.54 seconds 
Epoch: 153/200 Train accuracy: 7.27519e-01 Validation accuracy: 7.32333e-01 Loss 1.03229e-02 Time taken: 1.55 seconds 
Epoch: 154/200 Train accuracy: 7.29942e-01 Validation accuracy: 7.27000e-01 Loss 1.03286e-02 Time taken: 1.54 seconds 
Epoch: 155/200 Train accuracy: 7.31224e-01 Validation accuracy: 7.31000e-01 Loss 1.03166e-02 Time taken: 1.54 seconds 
Epoch: 156/200 Train accuracy: 7.31295e-01 Validation accuracy: 7.30667e-01 Loss 1.03185e-02 Time taken: 1.55 seconds 
Epoch: 157/200 Train accuracy: 7.30298e-01 Validation accuracy: 7.30667e-01 Loss 1.03210e-02 Time taken: 1.54 seconds 
Epoch: 158/200 Train accuracy: 7.31438e-01 Validation accuracy: 7.32000e-01 Loss 1.03084e-02 Time taken: 1.54 seconds 
Epoch: 159/200 Train accuracy: 7.30084e-01 Validation accuracy: 7.31333e-01 Loss 1.03103e-02 Time taken: 1.54 seconds 
Epoch: 160/200 Train accuracy: 7.30440e-01 Validation accuracy: 7.24333e-01 Loss 1.03183e-02 Time taken: 1.55 seconds 
Epoch: 161/200 Train accuracy: 7.28374e-01 Validation accuracy: 7.30000e-01 Loss 1.03264e-02 Time taken: 1.55 seconds 
Epoch: 162/200 Train accuracy: 7.33362e-01 Validation accuracy: 7.34000e-01 Loss 1.03067e-02 Time taken: 1.54 seconds 
Epoch: 163/200 Train accuracy: 7.33148e-01 Validation accuracy: 7.24667e-01 Loss 1.02995e-02 Time taken: 1.55 seconds 
Epoch: 164/200 Train accuracy: 7.31010e-01 Validation accuracy: 7.23667e-01 Loss 1.03120e-02 Time taken: 1.54 seconds 
Epoch: 165/200 Train accuracy: 7.30227e-01 Validation accuracy: 7.31000e-01 Loss 1.03169e-02 Time taken: 1.55 seconds 
Epoch: 166/200 Train accuracy: 7.28516e-01 Validation accuracy: 7.29000e-01 Loss 1.03076e-02 Time taken: 1.54 seconds 
Epoch: 167/200 Train accuracy: 7.30369e-01 Validation accuracy: 7.30333e-01 Loss 1.03048e-02 Time taken: 1.55 seconds 
Epoch: 168/200 Train accuracy: 7.32222e-01 Validation accuracy: 7.31333e-01 Loss 1.03030e-02 Time taken: 1.54 seconds 
Epoch: 169/200 Train accuracy: 7.33433e-01 Validation accuracy: 7.32333e-01 Loss 1.03063e-02 Time taken: 1.54 seconds 
Epoch: 170/200 Train accuracy: 7.30939e-01 Validation accuracy: 7.30000e-01 Loss 1.03221e-02 Time taken: 1.55 seconds 
Epoch: 171/200 Train accuracy: 7.29514e-01 Validation accuracy: 7.31667e-01 Loss 1.03247e-02 Time taken: 1.55 seconds 
Epoch: 172/200 Train accuracy: 7.32578e-01 Validation accuracy: 7.27000e-01 Loss 1.03044e-02 Time taken: 1.54 seconds 
Epoch: 173/200 Train accuracy: 7.30227e-01 Validation accuracy: 7.31333e-01 Loss 1.03192e-02 Time taken: 1.54 seconds 
Epoch: 174/200 Train accuracy: 7.29728e-01 Validation accuracy: 7.25667e-01 Loss 1.03081e-02 Time taken: 1.54 seconds 
Epoch: 175/200 Train accuracy: 7.29870e-01 Validation accuracy: 7.30667e-01 Loss 1.03157e-02 Time taken: 1.55 seconds 
Epoch: 176/200 Train accuracy: 7.29728e-01 Validation accuracy: 7.30667e-01 Loss 1.03227e-02 Time taken: 1.53 seconds 
Epoch: 177/200 Train accuracy: 7.27305e-01 Validation accuracy: 7.28333e-01 Loss 1.03239e-02 Time taken: 1.55 seconds 
Epoch: 178/200 Train accuracy: 7.30512e-01 Validation accuracy: 7.31000e-01 Loss 1.03127e-02 Time taken: 1.55 seconds 
Epoch: 179/200 Train accuracy: 7.30227e-01 Validation accuracy: 7.28000e-01 Loss 1.03147e-02 Time taken: 1.55 seconds 
Epoch: 180/200 Train accuracy: 7.26735e-01 Validation accuracy: 7.30000e-01 Loss 1.03208e-02 Time taken: 1.53 seconds 
Epoch: 181/200 Train accuracy: 7.32721e-01 Validation accuracy: 7.30667e-01 Loss 1.02995e-02 Time taken: 1.54 seconds 
Epoch: 182/200 Train accuracy: 7.30155e-01 Validation accuracy: 7.30667e-01 Loss 1.03180e-02 Time taken: 1.54 seconds 
Epoch: 183/200 Train accuracy: 7.31367e-01 Validation accuracy: 7.34333e-01 Loss 1.03023e-02 Time taken: 1.54 seconds 
Epoch: 184/200 Train accuracy: 7.33504e-01 Validation accuracy: 7.30333e-01 Loss 1.02900e-02 Time taken: 1.55 seconds 
Epoch: 185/200 Train accuracy: 7.31438e-01 Validation accuracy: 7.29000e-01 Loss 1.03069e-02 Time taken: 1.54 seconds 
Epoch: 186/200 Train accuracy: 7.29728e-01 Validation accuracy: 7.26667e-01 Loss 1.03150e-02 Time taken: 1.53 seconds 
Epoch: 187/200 Train accuracy: 7.31794e-01 Validation accuracy: 7.30667e-01 Loss 1.03028e-02 Time taken: 1.54 seconds 
Epoch: 188/200 Train accuracy: 7.29087e-01 Validation accuracy: 7.26667e-01 Loss 1.03059e-02 Time taken: 1.54 seconds 
Epoch: 189/200 Train accuracy: 7.31295e-01 Validation accuracy: 7.31000e-01 Loss 1.03150e-02 Time taken: 1.54 seconds 
Epoch: 190/200 Train accuracy: 7.34074e-01 Validation accuracy: 7.28667e-01 Loss 1.02992e-02 Time taken: 1.53 seconds 
Epoch: 191/200 Train accuracy: 7.28445e-01 Validation accuracy: 7.29000e-01 Loss 1.03118e-02 Time taken: 1.54 seconds 
Epoch: 192/200 Train accuracy: 7.31295e-01 Validation accuracy: 7.32333e-01 Loss 1.03034e-02 Time taken: 1.54 seconds 
Epoch: 193/200 Train accuracy: 7.29728e-01 Validation accuracy: 7.31000e-01 Loss 1.03072e-02 Time taken: 1.54 seconds 
Epoch: 194/200 Train accuracy: 7.32436e-01 Validation accuracy: 7.28000e-01 Loss 1.02998e-02 Time taken: 1.54 seconds 
Epoch: 195/200 Train accuracy: 7.31580e-01 Validation accuracy: 7.32333e-01 Loss 1.03085e-02 Time taken: 1.55 seconds 
Epoch: 196/200 Train accuracy: 7.32364e-01 Validation accuracy: 7.29000e-01 Loss 1.03120e-02 Time taken: 1.54 seconds 
Epoch: 197/200 Train accuracy: 7.30440e-01 Validation accuracy: 7.29000e-01 Loss 1.03122e-02 Time taken: 1.55 seconds 
Epoch: 198/200 Train accuracy: 7.32507e-01 Validation accuracy: 7.25667e-01 Loss 1.03022e-02 Time taken: 1.54 seconds 
Epoch: 199/200 Train accuracy: 7.30084e-01 Validation accuracy: 7.31000e-01 Loss 1.03129e-02 Time taken: 1.55 seconds 
Epoch: 200/200 Train accuracy: 7.30155e-01 Validation accuracy: 7.31000e-01 Loss 1.03021e-02 Time taken: 1.54 seconds 
Total time taken 0:05:09.858234
Cleaning up intermediate feature (.pt) files
Done


working on file logs_PKT_chunks/iic-train-L2_PKT_chunks-seed21/jepa-iic-L2-PKT-chunks-ep300.pth.tar ...
