Directory classifiers/jepa-iic-L2-seed-10-classifier-pretrained-vitb-normalized-ep400 for saving the classifiers is now present
VisionTransformer(
  (patch_embed): PatchEmbed(
    (proj): Conv2d(3, 768, kernel_size=(15, 15), stride=(15, 15))
  )
  (blocks): ModuleList(
    (0-11): 12 x Block(
      (norm1): LayerNorm((768,), eps=1e-06, elementwise_affine=True)
      (attn): Attention(
        (qkv): Linear(in_features=768, out_features=2304, bias=True)
        (attn_drop): Dropout(p=0.0, inplace=False)
        (proj): Linear(in_features=768, out_features=768, bias=True)
        (proj_drop): Dropout(p=0.0, inplace=False)
      )
      (drop_path): Identity()
      (norm2): LayerNorm((768,), eps=1e-06, elementwise_affine=True)
      (mlp): MLP(
        (fc1): Linear(in_features=768, out_features=3072, bias=True)
        (act): GELU(approximate='none')
        (fc2): Linear(in_features=3072, out_features=768, bias=True)
        (drop): Dropout(p=0.0, inplace=False)
      )
    )
  )
  (norm): LayerNorm((768,), eps=1e-06, elementwise_affine=True)
)
Extracting features and saving them locally..
Epoch: 1/200 Train accuracy: 3.92048e-01 Validation accuracy: 6.05333e-01 Loss 1.29359e-02 Time taken: 1.54 seconds 
Epoch: 2/200 Train accuracy: 5.97905e-01 Validation accuracy: 6.75333e-01 Loss 1.15562e-02 Time taken: 1.61 seconds 
Epoch: 3/200 Train accuracy: 6.53057e-01 Validation accuracy: 6.91667e-01 Loss 1.10879e-02 Time taken: 1.55 seconds 
Epoch: 4/200 Train accuracy: 6.73792e-01 Validation accuracy: 6.89333e-01 Loss 1.08897e-02 Time taken: 1.55 seconds 
Epoch: 5/200 Train accuracy: 6.90252e-01 Validation accuracy: 7.08667e-01 Loss 1.07511e-02 Time taken: 1.54 seconds 
Epoch: 6/200 Train accuracy: 7.00228e-01 Validation accuracy: 7.08333e-01 Loss 1.06707e-02 Time taken: 1.54 seconds 
Epoch: 7/200 Train accuracy: 7.06997e-01 Validation accuracy: 7.13667e-01 Loss 1.06032e-02 Time taken: 1.55 seconds 
Epoch: 8/200 Train accuracy: 7.10560e-01 Validation accuracy: 7.13333e-01 Loss 1.05638e-02 Time taken: 1.55 seconds 
Epoch: 9/200 Train accuracy: 7.15690e-01 Validation accuracy: 7.19333e-01 Loss 1.05155e-02 Time taken: 1.53 seconds 
Epoch: 10/200 Train accuracy: 7.22602e-01 Validation accuracy: 7.26000e-01 Loss 1.04796e-02 Time taken: 1.54 seconds 
Epoch: 11/200 Train accuracy: 7.23956e-01 Validation accuracy: 7.28333e-01 Loss 1.04481e-02 Time taken: 1.54 seconds 
Epoch: 12/200 Train accuracy: 7.29443e-01 Validation accuracy: 7.26667e-01 Loss 1.04170e-02 Time taken: 1.54 seconds 
Epoch: 13/200 Train accuracy: 7.29870e-01 Validation accuracy: 7.25333e-01 Loss 1.04059e-02 Time taken: 1.54 seconds 
Epoch: 14/200 Train accuracy: 7.32721e-01 Validation accuracy: 7.36000e-01 Loss 1.03817e-02 Time taken: 1.55 seconds 
Epoch: 15/200 Train accuracy: 7.30227e-01 Validation accuracy: 7.33333e-01 Loss 1.03746e-02 Time taken: 1.54 seconds 
Epoch: 16/200 Train accuracy: 7.37637e-01 Validation accuracy: 7.34667e-01 Loss 1.03422e-02 Time taken: 1.54 seconds 
Epoch: 17/200 Train accuracy: 7.39062e-01 Validation accuracy: 7.35333e-01 Loss 1.03243e-02 Time taken: 1.55 seconds 
Epoch: 18/200 Train accuracy: 7.38421e-01 Validation accuracy: 7.41000e-01 Loss 1.03179e-02 Time taken: 1.54 seconds 
Epoch: 19/200 Train accuracy: 7.39134e-01 Validation accuracy: 7.42000e-01 Loss 1.03095e-02 Time taken: 1.55 seconds 
Epoch: 20/200 Train accuracy: 7.40060e-01 Validation accuracy: 7.41333e-01 Loss 1.02971e-02 Time taken: 1.54 seconds 
Epoch: 21/200 Train accuracy: 7.39989e-01 Validation accuracy: 7.38667e-01 Loss 1.02868e-02 Time taken: 1.54 seconds 
Epoch: 22/200 Train accuracy: 7.40202e-01 Validation accuracy: 7.40333e-01 Loss 1.02863e-02 Time taken: 1.54 seconds 
Epoch: 23/200 Train accuracy: 7.43338e-01 Validation accuracy: 7.42333e-01 Loss 1.02793e-02 Time taken: 1.53 seconds 
Epoch: 24/200 Train accuracy: 7.42910e-01 Validation accuracy: 7.44000e-01 Loss 1.02680e-02 Time taken: 1.54 seconds 
Epoch: 25/200 Train accuracy: 7.43480e-01 Validation accuracy: 7.46000e-01 Loss 1.02525e-02 Time taken: 1.54 seconds 
Epoch: 26/200 Train accuracy: 7.46758e-01 Validation accuracy: 7.45667e-01 Loss 1.02419e-02 Time taken: 1.54 seconds 
Epoch: 27/200 Train accuracy: 7.42981e-01 Validation accuracy: 7.52333e-01 Loss 1.02386e-02 Time taken: 1.53 seconds 
Epoch: 28/200 Train accuracy: 7.45760e-01 Validation accuracy: 7.49667e-01 Loss 1.02346e-02 Time taken: 1.54 seconds 
Epoch: 29/200 Train accuracy: 7.47399e-01 Validation accuracy: 7.49333e-01 Loss 1.02337e-02 Time taken: 1.54 seconds 
Epoch: 30/200 Train accuracy: 7.49252e-01 Validation accuracy: 7.53667e-01 Loss 1.02298e-02 Time taken: 1.53 seconds 
Epoch: 31/200 Train accuracy: 7.46900e-01 Validation accuracy: 7.50667e-01 Loss 1.02240e-02 Time taken: 1.54 seconds 
Epoch: 32/200 Train accuracy: 7.47613e-01 Validation accuracy: 7.50667e-01 Loss 1.02188e-02 Time taken: 1.54 seconds 
Epoch: 33/200 Train accuracy: 7.52102e-01 Validation accuracy: 7.54333e-01 Loss 1.02015e-02 Time taken: 1.53 seconds 
Epoch: 34/200 Train accuracy: 7.49394e-01 Validation accuracy: 7.52333e-01 Loss 1.02079e-02 Time taken: 1.53 seconds 
Epoch: 35/200 Train accuracy: 7.52957e-01 Validation accuracy: 7.53333e-01 Loss 1.01945e-02 Time taken: 1.54 seconds 
Epoch: 36/200 Train accuracy: 7.51746e-01 Validation accuracy: 7.53333e-01 Loss 1.01917e-02 Time taken: 1.54 seconds 
Epoch: 37/200 Train accuracy: 7.49822e-01 Validation accuracy: 7.54333e-01 Loss 1.01975e-02 Time taken: 1.54 seconds 
Epoch: 38/200 Train accuracy: 7.52102e-01 Validation accuracy: 7.54667e-01 Loss 1.01820e-02 Time taken: 1.54 seconds 
Epoch: 39/200 Train accuracy: 7.49679e-01 Validation accuracy: 7.53667e-01 Loss 1.01920e-02 Time taken: 1.55 seconds 
Epoch: 40/200 Train accuracy: 7.53313e-01 Validation accuracy: 7.52667e-01 Loss 1.01795e-02 Time taken: 1.55 seconds 
Epoch: 41/200 Train accuracy: 7.53598e-01 Validation accuracy: 7.54000e-01 Loss 1.01700e-02 Time taken: 1.54 seconds 
Epoch: 42/200 Train accuracy: 7.53883e-01 Validation accuracy: 7.56333e-01 Loss 1.01727e-02 Time taken: 1.54 seconds 
Epoch: 43/200 Train accuracy: 7.53955e-01 Validation accuracy: 7.58000e-01 Loss 1.01692e-02 Time taken: 1.54 seconds 
Epoch: 44/200 Train accuracy: 7.55736e-01 Validation accuracy: 7.57000e-01 Loss 1.01599e-02 Time taken: 1.54 seconds 
Epoch: 45/200 Train accuracy: 7.53598e-01 Validation accuracy: 7.60333e-01 Loss 1.01705e-02 Time taken: 1.54 seconds 
Epoch: 46/200 Train accuracy: 7.52458e-01 Validation accuracy: 7.54667e-01 Loss 1.01647e-02 Time taken: 1.54 seconds 
Epoch: 47/200 Train accuracy: 7.52743e-01 Validation accuracy: 7.58667e-01 Loss 1.01538e-02 Time taken: 1.54 seconds 
Epoch: 48/200 Train accuracy: 7.55594e-01 Validation accuracy: 7.55333e-01 Loss 1.01578e-02 Time taken: 1.53 seconds 
Epoch: 49/200 Train accuracy: 7.54026e-01 Validation accuracy: 7.61000e-01 Loss 1.01593e-02 Time taken: 1.54 seconds 
Epoch: 50/200 Train accuracy: 7.53883e-01 Validation accuracy: 7.63000e-01 Loss 1.01537e-02 Time taken: 1.54 seconds 
Epoch: 51/200 Train accuracy: 7.54026e-01 Validation accuracy: 7.61000e-01 Loss 1.01569e-02 Time taken: 1.54 seconds 
Epoch: 52/200 Train accuracy: 7.54667e-01 Validation accuracy: 7.61333e-01 Loss 1.01434e-02 Time taken: 1.54 seconds 
Epoch: 53/200 Train accuracy: 7.54240e-01 Validation accuracy: 7.56667e-01 Loss 1.01434e-02 Time taken: 1.54 seconds 
Epoch: 54/200 Train accuracy: 7.56947e-01 Validation accuracy: 7.61667e-01 Loss 1.01406e-02 Time taken: 1.54 seconds 
Epoch: 55/200 Train accuracy: 7.53313e-01 Validation accuracy: 7.66000e-01 Loss 1.01397e-02 Time taken: 1.54 seconds 
Epoch: 56/200 Train accuracy: 7.55095e-01 Validation accuracy: 7.59000e-01 Loss 1.01420e-02 Time taken: 1.54 seconds 
Epoch: 57/200 Train accuracy: 7.54810e-01 Validation accuracy: 7.59333e-01 Loss 1.01250e-02 Time taken: 1.54 seconds 
Epoch: 58/200 Train accuracy: 7.57375e-01 Validation accuracy: 7.56333e-01 Loss 1.01301e-02 Time taken: 1.54 seconds 
Epoch: 59/200 Train accuracy: 7.57019e-01 Validation accuracy: 7.60000e-01 Loss 1.01245e-02 Time taken: 1.54 seconds 
Epoch: 60/200 Train accuracy: 7.60225e-01 Validation accuracy: 7.60333e-01 Loss 1.01174e-02 Time taken: 1.54 seconds 
Epoch: 61/200 Train accuracy: 7.59441e-01 Validation accuracy: 7.63667e-01 Loss 1.01196e-02 Time taken: 1.55 seconds 
Epoch: 62/200 Train accuracy: 7.52173e-01 Validation accuracy: 7.60667e-01 Loss 1.01355e-02 Time taken: 1.54 seconds 
Epoch: 63/200 Train accuracy: 7.59513e-01 Validation accuracy: 7.63333e-01 Loss 1.01095e-02 Time taken: 1.56 seconds 
Epoch: 64/200 Train accuracy: 7.56591e-01 Validation accuracy: 7.58667e-01 Loss 1.01225e-02 Time taken: 1.55 seconds 
Epoch: 65/200 Train accuracy: 7.57375e-01 Validation accuracy: 7.63000e-01 Loss 1.01234e-02 Time taken: 1.54 seconds 
Epoch: 66/200 Train accuracy: 7.58301e-01 Validation accuracy: 7.67000e-01 Loss 1.01229e-02 Time taken: 1.54 seconds 
Epoch: 67/200 Train accuracy: 7.61009e-01 Validation accuracy: 7.61667e-01 Loss 1.01039e-02 Time taken: 1.54 seconds 
Epoch: 68/200 Train accuracy: 7.58016e-01 Validation accuracy: 7.60333e-01 Loss 1.01149e-02 Time taken: 1.54 seconds 
Epoch: 69/200 Train accuracy: 7.58088e-01 Validation accuracy: 7.63667e-01 Loss 1.01170e-02 Time taken: 1.54 seconds 
Epoch: 70/200 Train accuracy: 7.60510e-01 Validation accuracy: 7.63333e-01 Loss 1.00993e-02 Time taken: 1.54 seconds 
Epoch: 71/200 Train accuracy: 7.58016e-01 Validation accuracy: 7.60667e-01 Loss 1.01065e-02 Time taken: 1.54 seconds 
Epoch: 72/200 Train accuracy: 7.58800e-01 Validation accuracy: 7.61667e-01 Loss 1.01166e-02 Time taken: 1.54 seconds 
Epoch: 73/200 Train accuracy: 7.60154e-01 Validation accuracy: 7.68000e-01 Loss 1.01003e-02 Time taken: 1.54 seconds 
Epoch: 74/200 Train accuracy: 7.59726e-01 Validation accuracy: 7.66333e-01 Loss 1.01076e-02 Time taken: 1.54 seconds 
Epoch: 75/200 Train accuracy: 7.60653e-01 Validation accuracy: 7.68000e-01 Loss 1.01038e-02 Time taken: 1.54 seconds 
Epoch: 76/200 Train accuracy: 7.59513e-01 Validation accuracy: 7.63000e-01 Loss 1.00958e-02 Time taken: 1.54 seconds 
Epoch: 77/200 Train accuracy: 7.58088e-01 Validation accuracy: 7.62000e-01 Loss 1.01105e-02 Time taken: 1.54 seconds 
Epoch: 78/200 Train accuracy: 7.61793e-01 Validation accuracy: 7.64000e-01 Loss 1.00938e-02 Time taken: 1.54 seconds 
Epoch: 79/200 Train accuracy: 7.60938e-01 Validation accuracy: 7.64667e-01 Loss 1.00913e-02 Time taken: 1.54 seconds 
Epoch: 80/200 Train accuracy: 7.61864e-01 Validation accuracy: 7.60667e-01 Loss 1.00946e-02 Time taken: 1.55 seconds 
Epoch: 81/200 Train accuracy: 7.61793e-01 Validation accuracy: 7.65333e-01 Loss 1.00955e-02 Time taken: 1.55 seconds 
Epoch: 82/200 Train accuracy: 7.61935e-01 Validation accuracy: 7.63000e-01 Loss 1.00908e-02 Time taken: 1.54 seconds 
Epoch: 83/200 Train accuracy: 7.62933e-01 Validation accuracy: 7.64000e-01 Loss 1.00828e-02 Time taken: 1.54 seconds 
Epoch: 84/200 Train accuracy: 7.61294e-01 Validation accuracy: 7.63000e-01 Loss 1.00935e-02 Time taken: 1.54 seconds 
Epoch: 85/200 Train accuracy: 7.58016e-01 Validation accuracy: 7.62000e-01 Loss 1.00978e-02 Time taken: 1.54 seconds 
Epoch: 86/200 Train accuracy: 7.62648e-01 Validation accuracy: 7.70000e-01 Loss 1.00833e-02 Time taken: 1.54 seconds 
Epoch: 87/200 Train accuracy: 7.62648e-01 Validation accuracy: 7.64333e-01 Loss 1.00875e-02 Time taken: 1.54 seconds 
Epoch: 88/200 Train accuracy: 7.60795e-01 Validation accuracy: 7.67000e-01 Loss 1.00825e-02 Time taken: 1.55 seconds 
Epoch: 89/200 Train accuracy: 7.63360e-01 Validation accuracy: 7.64667e-01 Loss 1.00882e-02 Time taken: 1.54 seconds 
Epoch: 90/200 Train accuracy: 7.60368e-01 Validation accuracy: 7.57667e-01 Loss 1.00872e-02 Time taken: 1.54 seconds 
Epoch: 91/200 Train accuracy: 7.62363e-01 Validation accuracy: 7.65333e-01 Loss 1.00812e-02 Time taken: 1.55 seconds 
Epoch: 92/200 Train accuracy: 7.59441e-01 Validation accuracy: 7.68000e-01 Loss 1.00889e-02 Time taken: 1.55 seconds 
Epoch: 93/200 Train accuracy: 7.65997e-01 Validation accuracy: 7.67667e-01 Loss 1.00673e-02 Time taken: 1.54 seconds 
Epoch: 94/200 Train accuracy: 7.61437e-01 Validation accuracy: 7.69667e-01 Loss 1.00832e-02 Time taken: 1.54 seconds 
Epoch: 95/200 Train accuracy: 7.59584e-01 Validation accuracy: 7.63667e-01 Loss 1.00912e-02 Time taken: 1.55 seconds 
Epoch: 96/200 Train accuracy: 7.61722e-01 Validation accuracy: 7.65333e-01 Loss 1.00850e-02 Time taken: 1.54 seconds 
Epoch: 97/200 Train accuracy: 7.63360e-01 Validation accuracy: 7.67667e-01 Loss 1.00669e-02 Time taken: 1.55 seconds 
Epoch: 98/200 Train accuracy: 7.62149e-01 Validation accuracy: 7.67000e-01 Loss 1.00788e-02 Time taken: 1.54 seconds 
Epoch: 99/200 Train accuracy: 7.63859e-01 Validation accuracy: 7.69000e-01 Loss 1.00762e-02 Time taken: 1.55 seconds 
Epoch: 100/200 Train accuracy: 7.65712e-01 Validation accuracy: 7.67000e-01 Loss 1.00651e-02 Time taken: 1.54 seconds 
Epoch: 101/200 Train accuracy: 7.59584e-01 Validation accuracy: 7.67000e-01 Loss 1.00802e-02 Time taken: 1.54 seconds 
Epoch: 102/200 Train accuracy: 7.63218e-01 Validation accuracy: 7.62000e-01 Loss 1.00699e-02 Time taken: 1.55 seconds 
Epoch: 103/200 Train accuracy: 7.65641e-01 Validation accuracy: 7.66000e-01 Loss 1.00621e-02 Time taken: 1.54 seconds 
Epoch: 104/200 Train accuracy: 7.64002e-01 Validation accuracy: 7.70000e-01 Loss 1.00700e-02 Time taken: 1.55 seconds 
Epoch: 105/200 Train accuracy: 7.66353e-01 Validation accuracy: 7.67000e-01 Loss 1.00627e-02 Time taken: 1.55 seconds 
Epoch: 106/200 Train accuracy: 7.62862e-01 Validation accuracy: 7.66667e-01 Loss 1.00674e-02 Time taken: 1.54 seconds 
Epoch: 107/200 Train accuracy: 7.64500e-01 Validation accuracy: 7.67000e-01 Loss 1.00680e-02 Time taken: 1.54 seconds 
Epoch: 108/200 Train accuracy: 7.64358e-01 Validation accuracy: 7.67333e-01 Loss 1.00696e-02 Time taken: 1.54 seconds 
Epoch: 109/200 Train accuracy: 7.65926e-01 Validation accuracy: 7.66000e-01 Loss 1.00556e-02 Time taken: 1.55 seconds 
Epoch: 110/200 Train accuracy: 7.63004e-01 Validation accuracy: 7.68667e-01 Loss 1.00650e-02 Time taken: 1.54 seconds 
Epoch: 111/200 Train accuracy: 7.63503e-01 Validation accuracy: 7.72333e-01 Loss 1.00682e-02 Time taken: 1.55 seconds 
Epoch: 112/200 Train accuracy: 7.65284e-01 Validation accuracy: 7.68667e-01 Loss 1.00564e-02 Time taken: 1.54 seconds 
Epoch: 113/200 Train accuracy: 7.61579e-01 Validation accuracy: 7.67000e-01 Loss 1.00687e-02 Time taken: 1.54 seconds 
Epoch: 114/200 Train accuracy: 7.63930e-01 Validation accuracy: 7.68667e-01 Loss 1.00600e-02 Time taken: 1.54 seconds 
Epoch: 115/200 Train accuracy: 7.64928e-01 Validation accuracy: 7.64333e-01 Loss 1.00601e-02 Time taken: 1.55 seconds 
Epoch: 116/200 Train accuracy: 7.64999e-01 Validation accuracy: 7.70667e-01 Loss 1.00627e-02 Time taken: 1.55 seconds 
Epoch: 117/200 Train accuracy: 7.64358e-01 Validation accuracy: 7.68333e-01 Loss 1.00453e-02 Time taken: 1.54 seconds 
Epoch: 118/200 Train accuracy: 7.66923e-01 Validation accuracy: 7.70000e-01 Loss 1.00506e-02 Time taken: 1.54 seconds 
Epoch: 119/200 Train accuracy: 7.67707e-01 Validation accuracy: 7.69667e-01 Loss 1.00409e-02 Time taken: 1.55 seconds 
Epoch: 120/200 Train accuracy: 7.66211e-01 Validation accuracy: 7.59333e-01 Loss 1.00539e-02 Time taken: 1.55 seconds 
Epoch: 121/200 Train accuracy: 7.65498e-01 Validation accuracy: 7.66000e-01 Loss 1.00528e-02 Time taken: 1.54 seconds 
Epoch: 122/200 Train accuracy: 7.64358e-01 Validation accuracy: 7.68000e-01 Loss 1.00585e-02 Time taken: 1.54 seconds 
Epoch: 123/200 Train accuracy: 7.63218e-01 Validation accuracy: 7.67000e-01 Loss 1.00552e-02 Time taken: 1.54 seconds 
Epoch: 124/200 Train accuracy: 7.64429e-01 Validation accuracy: 7.72667e-01 Loss 1.00526e-02 Time taken: 1.54 seconds 
Epoch: 125/200 Train accuracy: 7.66211e-01 Validation accuracy: 7.63333e-01 Loss 1.00473e-02 Time taken: 1.54 seconds 
Epoch: 126/200 Train accuracy: 7.65498e-01 Validation accuracy: 7.72000e-01 Loss 1.00459e-02 Time taken: 1.54 seconds 
Epoch: 127/200 Train accuracy: 7.62078e-01 Validation accuracy: 7.67667e-01 Loss 1.00631e-02 Time taken: 1.54 seconds 
Epoch: 128/200 Train accuracy: 7.64857e-01 Validation accuracy: 7.72000e-01 Loss 1.00486e-02 Time taken: 1.54 seconds 
Epoch: 129/200 Train accuracy: 7.64786e-01 Validation accuracy: 7.69667e-01 Loss 1.00494e-02 Time taken: 1.54 seconds 
Epoch: 130/200 Train accuracy: 7.65854e-01 Validation accuracy: 7.62000e-01 Loss 1.00383e-02 Time taken: 1.54 seconds 
Epoch: 131/200 Train accuracy: 7.64643e-01 Validation accuracy: 7.65000e-01 Loss 1.00551e-02 Time taken: 1.54 seconds 
Epoch: 132/200 Train accuracy: 7.66781e-01 Validation accuracy: 7.69000e-01 Loss 1.00420e-02 Time taken: 1.54 seconds 
Epoch: 133/200 Train accuracy: 7.62505e-01 Validation accuracy: 7.67333e-01 Loss 1.00571e-02 Time taken: 1.54 seconds 
Epoch: 134/200 Train accuracy: 7.65356e-01 Validation accuracy: 7.65667e-01 Loss 1.00519e-02 Time taken: 1.54 seconds 
Epoch: 135/200 Train accuracy: 7.65926e-01 Validation accuracy: 7.68667e-01 Loss 1.00483e-02 Time taken: 1.54 seconds 
Epoch: 136/200 Train accuracy: 7.66709e-01 Validation accuracy: 7.71333e-01 Loss 1.00516e-02 Time taken: 1.54 seconds 
Epoch: 137/200 Train accuracy: 7.65356e-01 Validation accuracy: 7.72667e-01 Loss 1.00476e-02 Time taken: 1.57 seconds 
Epoch: 138/200 Train accuracy: 7.63503e-01 Validation accuracy: 7.71000e-01 Loss 1.00567e-02 Time taken: 1.54 seconds 
Epoch: 139/200 Train accuracy: 7.65712e-01 Validation accuracy: 7.66333e-01 Loss 1.00440e-02 Time taken: 1.54 seconds 
Epoch: 140/200 Train accuracy: 7.67351e-01 Validation accuracy: 7.68000e-01 Loss 1.00439e-02 Time taken: 1.54 seconds 
Epoch: 141/200 Train accuracy: 7.64999e-01 Validation accuracy: 7.67333e-01 Loss 1.00495e-02 Time taken: 1.53 seconds 
Epoch: 142/200 Train accuracy: 7.64572e-01 Validation accuracy: 7.67000e-01 Loss 1.00494e-02 Time taken: 1.53 seconds 
Epoch: 143/200 Train accuracy: 7.67208e-01 Validation accuracy: 7.71333e-01 Loss 1.00496e-02 Time taken: 1.54 seconds 
Epoch: 144/200 Train accuracy: 7.65712e-01 Validation accuracy: 7.74667e-01 Loss 1.00414e-02 Time taken: 1.54 seconds 
Epoch: 145/200 Train accuracy: 7.64500e-01 Validation accuracy: 7.68667e-01 Loss 1.00476e-02 Time taken: 1.53 seconds 
Epoch: 146/200 Train accuracy: 7.67351e-01 Validation accuracy: 7.71667e-01 Loss 1.00402e-02 Time taken: 1.54 seconds 
Epoch: 147/200 Train accuracy: 7.67493e-01 Validation accuracy: 7.69000e-01 Loss 1.00249e-02 Time taken: 1.55 seconds 
Epoch: 148/200 Train accuracy: 7.66139e-01 Validation accuracy: 7.64667e-01 Loss 1.00385e-02 Time taken: 1.54 seconds 
Epoch: 149/200 Train accuracy: 7.66994e-01 Validation accuracy: 7.65000e-01 Loss 1.00278e-02 Time taken: 1.54 seconds 
Epoch: 150/200 Train accuracy: 7.66994e-01 Validation accuracy: 7.70667e-01 Loss 1.00343e-02 Time taken: 1.54 seconds 
Epoch: 151/200 Train accuracy: 7.67850e-01 Validation accuracy: 7.66000e-01 Loss 1.00388e-02 Time taken: 1.54 seconds 
Epoch: 152/200 Train accuracy: 7.67208e-01 Validation accuracy: 7.63667e-01 Loss 1.00333e-02 Time taken: 1.53 seconds 
Epoch: 153/200 Train accuracy: 7.65498e-01 Validation accuracy: 7.67667e-01 Loss 1.00417e-02 Time taken: 1.54 seconds 
Epoch: 154/200 Train accuracy: 7.66638e-01 Validation accuracy: 7.74333e-01 Loss 1.00319e-02 Time taken: 1.54 seconds 
Epoch: 155/200 Train accuracy: 7.65854e-01 Validation accuracy: 7.67667e-01 Loss 1.00367e-02 Time taken: 1.53 seconds 
Epoch: 156/200 Train accuracy: 7.67066e-01 Validation accuracy: 7.71667e-01 Loss 1.00271e-02 Time taken: 1.54 seconds 
Epoch: 157/200 Train accuracy: 7.64073e-01 Validation accuracy: 7.73333e-01 Loss 1.00448e-02 Time taken: 1.54 seconds 
Epoch: 158/200 Train accuracy: 7.68918e-01 Validation accuracy: 7.67000e-01 Loss 1.00235e-02 Time taken: 1.54 seconds 
Epoch: 159/200 Train accuracy: 7.67707e-01 Validation accuracy: 7.64000e-01 Loss 1.00325e-02 Time taken: 1.54 seconds 
Epoch: 160/200 Train accuracy: 7.65997e-01 Validation accuracy: 7.67333e-01 Loss 1.00381e-02 Time taken: 1.54 seconds 
Epoch: 161/200 Train accuracy: 7.71626e-01 Validation accuracy: 7.67333e-01 Loss 1.00256e-02 Time taken: 1.54 seconds 
Epoch: 162/200 Train accuracy: 7.64572e-01 Validation accuracy: 7.68000e-01 Loss 1.00397e-02 Time taken: 1.53 seconds 
Epoch: 163/200 Train accuracy: 7.67992e-01 Validation accuracy: 7.67333e-01 Loss 1.00286e-02 Time taken: 1.54 seconds 
Epoch: 164/200 Train accuracy: 7.64857e-01 Validation accuracy: 7.71333e-01 Loss 1.00502e-02 Time taken: 1.55 seconds 
Epoch: 165/200 Train accuracy: 7.67778e-01 Validation accuracy: 7.69333e-01 Loss 1.00311e-02 Time taken: 1.54 seconds 
Epoch: 166/200 Train accuracy: 7.68206e-01 Validation accuracy: 7.70333e-01 Loss 1.00258e-02 Time taken: 1.54 seconds 
Epoch: 167/200 Train accuracy: 7.69560e-01 Validation accuracy: 7.70667e-01 Loss 1.00260e-02 Time taken: 1.54 seconds 
Epoch: 168/200 Train accuracy: 7.64358e-01 Validation accuracy: 7.65667e-01 Loss 1.00342e-02 Time taken: 1.54 seconds 
Epoch: 169/200 Train accuracy: 7.63930e-01 Validation accuracy: 7.73667e-01 Loss 1.00439e-02 Time taken: 1.54 seconds 
Epoch: 170/200 Train accuracy: 7.66709e-01 Validation accuracy: 7.70667e-01 Loss 1.00279e-02 Time taken: 1.54 seconds 
Epoch: 171/200 Train accuracy: 7.68206e-01 Validation accuracy: 7.71667e-01 Loss 1.00280e-02 Time taken: 1.54 seconds 
Epoch: 172/200 Train accuracy: 7.69631e-01 Validation accuracy: 7.77667e-01 Loss 1.00253e-02 Time taken: 1.54 seconds 
Epoch: 173/200 Train accuracy: 7.69916e-01 Validation accuracy: 7.70000e-01 Loss 1.00198e-02 Time taken: 1.54 seconds 
Epoch: 174/200 Train accuracy: 7.70557e-01 Validation accuracy: 7.71333e-01 Loss 1.00187e-02 Time taken: 1.54 seconds 
Epoch: 175/200 Train accuracy: 7.68491e-01 Validation accuracy: 7.70000e-01 Loss 1.00336e-02 Time taken: 1.55 seconds 
Epoch: 176/200 Train accuracy: 7.66496e-01 Validation accuracy: 7.73333e-01 Loss 1.00272e-02 Time taken: 1.53 seconds 
Epoch: 177/200 Train accuracy: 7.65997e-01 Validation accuracy: 7.71000e-01 Loss 1.00327e-02 Time taken: 1.54 seconds 
Epoch: 178/200 Train accuracy: 7.65712e-01 Validation accuracy: 7.70667e-01 Loss 1.00311e-02 Time taken: 1.55 seconds 
Epoch: 179/200 Train accuracy: 7.68918e-01 Validation accuracy: 7.73333e-01 Loss 1.00192e-02 Time taken: 1.54 seconds 
Epoch: 180/200 Train accuracy: 7.67493e-01 Validation accuracy: 7.68667e-01 Loss 1.00261e-02 Time taken: 1.53 seconds 
Epoch: 181/200 Train accuracy: 7.70628e-01 Validation accuracy: 7.69000e-01 Loss 1.00166e-02 Time taken: 1.54 seconds 
Epoch: 182/200 Train accuracy: 7.66852e-01 Validation accuracy: 7.75000e-01 Loss 1.00315e-02 Time taken: 1.54 seconds 
Epoch: 183/200 Train accuracy: 7.67493e-01 Validation accuracy: 7.69667e-01 Loss 1.00231e-02 Time taken: 1.54 seconds 
Epoch: 184/200 Train accuracy: 7.65498e-01 Validation accuracy: 7.67667e-01 Loss 1.00303e-02 Time taken: 1.54 seconds 
Epoch: 185/200 Train accuracy: 7.68063e-01 Validation accuracy: 7.73667e-01 Loss 1.00168e-02 Time taken: 1.54 seconds 
Epoch: 186/200 Train accuracy: 7.68348e-01 Validation accuracy: 7.71667e-01 Loss 1.00241e-02 Time taken: 1.54 seconds 
Epoch: 187/200 Train accuracy: 7.70628e-01 Validation accuracy: 7.71000e-01 Loss 1.00071e-02 Time taken: 1.53 seconds 
Epoch: 188/200 Train accuracy: 7.69560e-01 Validation accuracy: 7.65667e-01 Loss 1.00085e-02 Time taken: 1.54 seconds 
Epoch: 189/200 Train accuracy: 7.69702e-01 Validation accuracy: 7.66667e-01 Loss 1.00183e-02 Time taken: 1.54 seconds 
Epoch: 190/200 Train accuracy: 7.70415e-01 Validation accuracy: 7.74000e-01 Loss 1.00030e-02 Time taken: 1.53 seconds 
Epoch: 191/200 Train accuracy: 7.64857e-01 Validation accuracy: 7.68667e-01 Loss 1.00371e-02 Time taken: 1.54 seconds 
Epoch: 192/200 Train accuracy: 7.69132e-01 Validation accuracy: 7.73000e-01 Loss 1.00115e-02 Time taken: 1.55 seconds 
Epoch: 193/200 Train accuracy: 7.68918e-01 Validation accuracy: 7.68333e-01 Loss 1.00177e-02 Time taken: 1.54 seconds 
Epoch: 194/200 Train accuracy: 7.71412e-01 Validation accuracy: 7.75333e-01 Loss 1.00058e-02 Time taken: 1.54 seconds 
Epoch: 195/200 Train accuracy: 7.68206e-01 Validation accuracy: 7.69333e-01 Loss 1.00232e-02 Time taken: 1.54 seconds 
Epoch: 196/200 Train accuracy: 7.70058e-01 Validation accuracy: 7.73000e-01 Loss 1.00104e-02 Time taken: 1.55 seconds 
Epoch: 197/200 Train accuracy: 7.70201e-01 Validation accuracy: 7.73333e-01 Loss 1.00082e-02 Time taken: 1.54 seconds 
Epoch: 198/200 Train accuracy: 7.68633e-01 Validation accuracy: 7.70667e-01 Loss 1.00164e-02 Time taken: 1.54 seconds 
Epoch: 199/200 Train accuracy: 7.67422e-01 Validation accuracy: 7.72667e-01 Loss 1.00208e-02 Time taken: 1.54 seconds 
Epoch: 200/200 Train accuracy: 7.67137e-01 Validation accuracy: 7.67667e-01 Loss 1.00173e-02 Time taken: 1.54 seconds 
Total time taken 0:05:09.154208
Cleaning up intermediate feature (.pt) files
Done


working on file logs_PKT_chunks/iic-train-L2_PKT_chunks-seed21/jepa-iic-L2-PKT-chunks-ep500.pth.tar ...
