Directory classifiers/jepa-iic-L2-seed43-classifier-pretrained-vitb-normalized-ep500 for saving the classifiers is now present
VisionTransformer(
  (patch_embed): PatchEmbed(
    (proj): Conv2d(3, 768, kernel_size=(15, 15), stride=(15, 15))
  )
  (blocks): ModuleList(
    (0-11): 12 x Block(
      (norm1): LayerNorm((768,), eps=1e-06, elementwise_affine=True)
      (attn): Attention(
        (qkv): Linear(in_features=768, out_features=2304, bias=True)
        (attn_drop): Dropout(p=0.0, inplace=False)
        (proj): Linear(in_features=768, out_features=768, bias=True)
        (proj_drop): Dropout(p=0.0, inplace=False)
      )
      (drop_path): Identity()
      (norm2): LayerNorm((768,), eps=1e-06, elementwise_affine=True)
      (mlp): MLP(
        (fc1): Linear(in_features=768, out_features=3072, bias=True)
        (act): GELU(approximate='none')
        (fc2): Linear(in_features=3072, out_features=768, bias=True)
        (drop): Dropout(p=0.0, inplace=False)
      )
    )
  )
  (norm): LayerNorm((768,), eps=1e-06, elementwise_affine=True)
)
Extracting features and saving them locally..
Epoch: 1/200 Train accuracy: 3.86134e-01 Validation accuracy: 5.82333e-01 Loss 1.29506e-02 Time taken: 1.51 seconds 
Epoch: 2/200 Train accuracy: 5.62349e-01 Validation accuracy: 6.04333e-01 Loss 1.17443e-02 Time taken: 1.51 seconds 
Epoch: 3/200 Train accuracy: 6.04603e-01 Validation accuracy: 6.18000e-01 Loss 1.14174e-02 Time taken: 1.54 seconds 
Epoch: 4/200 Train accuracy: 6.19923e-01 Validation accuracy: 6.28000e-01 Loss 1.12742e-02 Time taken: 1.51 seconds 
Epoch: 5/200 Train accuracy: 6.32393e-01 Validation accuracy: 6.34000e-01 Loss 1.11707e-02 Time taken: 1.52 seconds 
Epoch: 6/200 Train accuracy: 6.40088e-01 Validation accuracy: 6.38000e-01 Loss 1.10988e-02 Time taken: 1.53 seconds 
Epoch: 7/200 Train accuracy: 6.42012e-01 Validation accuracy: 6.41333e-01 Loss 1.10676e-02 Time taken: 1.54 seconds 
Epoch: 8/200 Train accuracy: 6.51133e-01 Validation accuracy: 6.43333e-01 Loss 1.10146e-02 Time taken: 1.52 seconds 
Epoch: 9/200 Train accuracy: 6.50492e-01 Validation accuracy: 6.42000e-01 Loss 1.09919e-02 Time taken: 1.52 seconds 
Epoch: 10/200 Train accuracy: 6.57403e-01 Validation accuracy: 6.48667e-01 Loss 1.09639e-02 Time taken: 1.53 seconds 
Epoch: 11/200 Train accuracy: 6.58259e-01 Validation accuracy: 6.48667e-01 Loss 1.09380e-02 Time taken: 1.53 seconds 
Epoch: 12/200 Train accuracy: 6.62035e-01 Validation accuracy: 6.52333e-01 Loss 1.09105e-02 Time taken: 1.51 seconds 
Epoch: 13/200 Train accuracy: 6.60182e-01 Validation accuracy: 6.66000e-01 Loss 1.09019e-02 Time taken: 1.54 seconds 
Epoch: 14/200 Train accuracy: 7.38563e-01 Validation accuracy: 7.46333e-01 Loss 1.03477e-02 Time taken: 1.52 seconds 
Epoch: 15/200 Train accuracy: 7.53100e-01 Validation accuracy: 7.52667e-01 Loss 1.02226e-02 Time taken: 1.52 seconds 
Epoch: 16/200 Train accuracy: 7.59299e-01 Validation accuracy: 7.63000e-01 Loss 1.01839e-02 Time taken: 1.52 seconds 
Epoch: 17/200 Train accuracy: 7.59584e-01 Validation accuracy: 7.56000e-01 Loss 1.01635e-02 Time taken: 1.52 seconds 
Epoch: 18/200 Train accuracy: 7.60795e-01 Validation accuracy: 7.64333e-01 Loss 1.01525e-02 Time taken: 1.53 seconds 
Epoch: 19/200 Train accuracy: 7.63717e-01 Validation accuracy: 7.62000e-01 Loss 1.01258e-02 Time taken: 1.52 seconds 
Epoch: 20/200 Train accuracy: 7.63717e-01 Validation accuracy: 7.64000e-01 Loss 1.01222e-02 Time taken: 1.53 seconds 
Epoch: 21/200 Train accuracy: 7.65712e-01 Validation accuracy: 7.66000e-01 Loss 1.00992e-02 Time taken: 1.53 seconds 
Epoch: 22/200 Train accuracy: 7.69488e-01 Validation accuracy: 7.70000e-01 Loss 1.00895e-02 Time taken: 1.53 seconds 
Epoch: 23/200 Train accuracy: 7.68990e-01 Validation accuracy: 7.69333e-01 Loss 1.00729e-02 Time taken: 1.51 seconds 
Epoch: 24/200 Train accuracy: 7.67422e-01 Validation accuracy: 7.68667e-01 Loss 1.00799e-02 Time taken: 1.52 seconds 
Epoch: 25/200 Train accuracy: 7.70201e-01 Validation accuracy: 7.68667e-01 Loss 1.00658e-02 Time taken: 1.53 seconds 
Epoch: 26/200 Train accuracy: 7.71697e-01 Validation accuracy: 7.71000e-01 Loss 1.00566e-02 Time taken: 1.51 seconds 
Epoch: 27/200 Train accuracy: 7.72267e-01 Validation accuracy: 7.73333e-01 Loss 1.00411e-02 Time taken: 1.52 seconds 
Epoch: 28/200 Train accuracy: 7.72695e-01 Validation accuracy: 7.73667e-01 Loss 1.00375e-02 Time taken: 1.51 seconds 
Epoch: 29/200 Train accuracy: 7.75759e-01 Validation accuracy: 7.72000e-01 Loss 1.00260e-02 Time taken: 1.52 seconds 
Epoch: 30/200 Train accuracy: 7.72766e-01 Validation accuracy: 7.73667e-01 Loss 1.00296e-02 Time taken: 1.51 seconds 
Epoch: 31/200 Train accuracy: 7.74049e-01 Validation accuracy: 7.74000e-01 Loss 1.00318e-02 Time taken: 1.51 seconds 
Epoch: 32/200 Train accuracy: 7.75759e-01 Validation accuracy: 7.72333e-01 Loss 1.00177e-02 Time taken: 1.52 seconds 
Epoch: 33/200 Train accuracy: 7.76044e-01 Validation accuracy: 7.72667e-01 Loss 1.00242e-02 Time taken: 1.51 seconds 
Epoch: 34/200 Train accuracy: 7.73764e-01 Validation accuracy: 7.72667e-01 Loss 1.00177e-02 Time taken: 1.52 seconds 
Epoch: 35/200 Train accuracy: 7.70842e-01 Validation accuracy: 7.72667e-01 Loss 1.00192e-02 Time taken: 1.52 seconds 
Epoch: 36/200 Train accuracy: 7.80390e-01 Validation accuracy: 7.75333e-01 Loss 9.98806e-03 Time taken: 1.52 seconds 
Epoch: 37/200 Train accuracy: 7.78253e-01 Validation accuracy: 7.72000e-01 Loss 9.99606e-03 Time taken: 1.52 seconds 
Epoch: 38/200 Train accuracy: 7.77255e-01 Validation accuracy: 7.75333e-01 Loss 1.00033e-02 Time taken: 1.51 seconds 
Epoch: 39/200 Train accuracy: 7.78182e-01 Validation accuracy: 7.76333e-01 Loss 9.98504e-03 Time taken: 1.53 seconds 
Epoch: 40/200 Train accuracy: 7.80818e-01 Validation accuracy: 7.75667e-01 Loss 9.97755e-03 Time taken: 1.51 seconds 
Epoch: 41/200 Train accuracy: 7.78538e-01 Validation accuracy: 7.78333e-01 Loss 9.99032e-03 Time taken: 1.52 seconds 
Epoch: 42/200 Train accuracy: 7.77825e-01 Validation accuracy: 7.73333e-01 Loss 9.98623e-03 Time taken: 1.53 seconds 
Epoch: 43/200 Train accuracy: 7.78965e-01 Validation accuracy: 7.72333e-01 Loss 9.97825e-03 Time taken: 1.51 seconds 
Epoch: 44/200 Train accuracy: 7.77326e-01 Validation accuracy: 7.78333e-01 Loss 9.97349e-03 Time taken: 1.53 seconds 
Epoch: 45/200 Train accuracy: 7.80390e-01 Validation accuracy: 7.79667e-01 Loss 9.96466e-03 Time taken: 1.52 seconds 
Epoch: 46/200 Train accuracy: 7.79820e-01 Validation accuracy: 7.77667e-01 Loss 9.96742e-03 Time taken: 1.56 seconds 
Epoch: 47/200 Train accuracy: 7.78395e-01 Validation accuracy: 7.78333e-01 Loss 9.96720e-03 Time taken: 1.56 seconds 
Epoch: 48/200 Train accuracy: 7.80177e-01 Validation accuracy: 7.77667e-01 Loss 9.96493e-03 Time taken: 1.65 seconds 
Epoch: 49/200 Train accuracy: 7.78752e-01 Validation accuracy: 7.76667e-01 Loss 9.97236e-03 Time taken: 1.63 seconds 
Epoch: 50/200 Train accuracy: 7.81958e-01 Validation accuracy: 7.77333e-01 Loss 9.94320e-03 Time taken: 1.54 seconds 
Epoch: 51/200 Train accuracy: 7.78467e-01 Validation accuracy: 7.77667e-01 Loss 9.95882e-03 Time taken: 1.54 seconds 
Epoch: 52/200 Train accuracy: 7.80604e-01 Validation accuracy: 7.79000e-01 Loss 9.95116e-03 Time taken: 1.54 seconds 
Epoch: 53/200 Train accuracy: 7.82101e-01 Validation accuracy: 7.78667e-01 Loss 9.93640e-03 Time taken: 1.55 seconds 
Epoch: 54/200 Train accuracy: 7.80462e-01 Validation accuracy: 7.81667e-01 Loss 9.95663e-03 Time taken: 1.54 seconds 
Epoch: 55/200 Train accuracy: 7.83811e-01 Validation accuracy: 7.77667e-01 Loss 9.94889e-03 Time taken: 1.55 seconds 
Epoch: 56/200 Train accuracy: 7.81103e-01 Validation accuracy: 7.79333e-01 Loss 9.94673e-03 Time taken: 1.54 seconds 
Epoch: 57/200 Train accuracy: 7.80604e-01 Validation accuracy: 7.80000e-01 Loss 9.94181e-03 Time taken: 1.54 seconds 
Epoch: 58/200 Train accuracy: 7.83811e-01 Validation accuracy: 7.79333e-01 Loss 9.93330e-03 Time taken: 1.54 seconds 
Epoch: 59/200 Train accuracy: 7.81459e-01 Validation accuracy: 7.80000e-01 Loss 9.94025e-03 Time taken: 1.54 seconds 
Epoch: 60/200 Train accuracy: 7.79892e-01 Validation accuracy: 7.79333e-01 Loss 9.94063e-03 Time taken: 1.54 seconds 
Epoch: 61/200 Train accuracy: 7.83597e-01 Validation accuracy: 7.80667e-01 Loss 9.93327e-03 Time taken: 1.54 seconds 
Epoch: 62/200 Train accuracy: 7.81602e-01 Validation accuracy: 7.82333e-01 Loss 9.93418e-03 Time taken: 1.68 seconds 
Epoch: 63/200 Train accuracy: 7.82101e-01 Validation accuracy: 7.79000e-01 Loss 9.92575e-03 Time taken: 1.66 seconds 
Epoch: 64/200 Train accuracy: 7.84452e-01 Validation accuracy: 7.81333e-01 Loss 9.92277e-03 Time taken: 1.60 seconds 
Epoch: 65/200 Train accuracy: 7.83383e-01 Validation accuracy: 7.81000e-01 Loss 9.92794e-03 Time taken: 1.57 seconds 
Epoch: 66/200 Train accuracy: 7.82457e-01 Validation accuracy: 7.80333e-01 Loss 9.92660e-03 Time taken: 1.58 seconds 
Epoch: 67/200 Train accuracy: 7.84381e-01 Validation accuracy: 7.77000e-01 Loss 9.91842e-03 Time taken: 1.59 seconds 
Epoch: 68/200 Train accuracy: 7.85806e-01 Validation accuracy: 7.83667e-01 Loss 9.91693e-03 Time taken: 1.63 seconds 
Epoch: 69/200 Train accuracy: 7.82457e-01 Validation accuracy: 7.80667e-01 Loss 9.92218e-03 Time taken: 1.57 seconds 
Epoch: 70/200 Train accuracy: 7.84880e-01 Validation accuracy: 7.82333e-01 Loss 9.91147e-03 Time taken: 1.64 seconds 
Epoch: 71/200 Train accuracy: 7.83597e-01 Validation accuracy: 7.82667e-01 Loss 9.92789e-03 Time taken: 1.58 seconds 
Epoch: 72/200 Train accuracy: 7.84381e-01 Validation accuracy: 7.78667e-01 Loss 9.91875e-03 Time taken: 1.60 seconds 
Epoch: 73/200 Train accuracy: 7.83241e-01 Validation accuracy: 7.81333e-01 Loss 9.91483e-03 Time taken: 1.62 seconds 
Epoch: 74/200 Train accuracy: 7.86518e-01 Validation accuracy: 7.82000e-01 Loss 9.90991e-03 Time taken: 1.63 seconds 
Epoch: 75/200 Train accuracy: 7.84452e-01 Validation accuracy: 7.81667e-01 Loss 9.91347e-03 Time taken: 1.63 seconds 
Epoch: 76/200 Train accuracy: 7.82528e-01 Validation accuracy: 7.82333e-01 Loss 9.91597e-03 Time taken: 1.62 seconds 
Epoch: 77/200 Train accuracy: 7.83668e-01 Validation accuracy: 7.82667e-01 Loss 9.90923e-03 Time taken: 1.62 seconds 
Epoch: 78/200 Train accuracy: 7.88442e-01 Validation accuracy: 7.81333e-01 Loss 9.90269e-03 Time taken: 1.63 seconds 
Epoch: 79/200 Train accuracy: 7.87445e-01 Validation accuracy: 7.78667e-01 Loss 9.90161e-03 Time taken: 1.61 seconds 
Epoch: 80/200 Train accuracy: 7.86233e-01 Validation accuracy: 7.82000e-01 Loss 9.90437e-03 Time taken: 1.59 seconds 
Epoch: 81/200 Train accuracy: 7.86732e-01 Validation accuracy: 7.83000e-01 Loss 9.89799e-03 Time taken: 1.58 seconds 
Epoch: 82/200 Train accuracy: 7.84167e-01 Validation accuracy: 7.78667e-01 Loss 9.90576e-03 Time taken: 1.59 seconds 
Epoch: 83/200 Train accuracy: 7.85663e-01 Validation accuracy: 7.80000e-01 Loss 9.91365e-03 Time taken: 1.58 seconds 
Epoch: 84/200 Train accuracy: 7.86803e-01 Validation accuracy: 7.79000e-01 Loss 9.90647e-03 Time taken: 1.59 seconds 
Epoch: 85/200 Train accuracy: 7.87231e-01 Validation accuracy: 7.78667e-01 Loss 9.89863e-03 Time taken: 1.60 seconds 
Epoch: 86/200 Train accuracy: 7.87374e-01 Validation accuracy: 7.81667e-01 Loss 9.89395e-03 Time taken: 1.62 seconds 
Epoch: 87/200 Train accuracy: 7.84238e-01 Validation accuracy: 7.79000e-01 Loss 9.90124e-03 Time taken: 1.61 seconds 
Epoch: 88/200 Train accuracy: 7.85735e-01 Validation accuracy: 7.82667e-01 Loss 9.89452e-03 Time taken: 1.62 seconds 
Epoch: 89/200 Train accuracy: 7.84595e-01 Validation accuracy: 7.75667e-01 Loss 9.90180e-03 Time taken: 1.60 seconds 
Epoch: 90/200 Train accuracy: 7.82956e-01 Validation accuracy: 7.80333e-01 Loss 9.90329e-03 Time taken: 1.84 seconds 
Epoch: 91/200 Train accuracy: 7.88157e-01 Validation accuracy: 7.81000e-01 Loss 9.87753e-03 Time taken: 1.59 seconds 
Epoch: 92/200 Train accuracy: 7.86803e-01 Validation accuracy: 7.82667e-01 Loss 9.90290e-03 Time taken: 1.74 seconds 
Epoch: 93/200 Train accuracy: 7.83597e-01 Validation accuracy: 7.83000e-01 Loss 9.91586e-03 Time taken: 1.64 seconds 
Epoch: 94/200 Train accuracy: 7.86803e-01 Validation accuracy: 7.82000e-01 Loss 9.89302e-03 Time taken: 1.60 seconds 
Epoch: 95/200 Train accuracy: 7.87516e-01 Validation accuracy: 7.82333e-01 Loss 9.89401e-03 Time taken: 1.68 seconds 
Epoch: 96/200 Train accuracy: 7.88229e-01 Validation accuracy: 7.84000e-01 Loss 9.87870e-03 Time taken: 1.60 seconds 
Epoch: 97/200 Train accuracy: 7.86518e-01 Validation accuracy: 7.82667e-01 Loss 9.89910e-03 Time taken: 1.59 seconds 
Epoch: 98/200 Train accuracy: 7.84452e-01 Validation accuracy: 7.83000e-01 Loss 9.90098e-03 Time taken: 1.73 seconds 
Epoch: 99/200 Train accuracy: 7.87231e-01 Validation accuracy: 7.83667e-01 Loss 9.88685e-03 Time taken: 1.69 seconds 
Epoch: 100/200 Train accuracy: 7.86376e-01 Validation accuracy: 7.82000e-01 Loss 9.89223e-03 Time taken: 1.84 seconds 
Epoch: 101/200 Train accuracy: 7.87160e-01 Validation accuracy: 7.84000e-01 Loss 9.88498e-03 Time taken: 2.28 seconds 
Epoch: 102/200 Train accuracy: 7.85592e-01 Validation accuracy: 7.83000e-01 Loss 9.89349e-03 Time taken: 2.15 seconds 
Epoch: 103/200 Train accuracy: 7.86803e-01 Validation accuracy: 7.83667e-01 Loss 9.88556e-03 Time taken: 2.41 seconds 
Epoch: 104/200 Train accuracy: 7.90010e-01 Validation accuracy: 7.84667e-01 Loss 9.88173e-03 Time taken: 2.19 seconds 
Epoch: 105/200 Train accuracy: 7.89582e-01 Validation accuracy: 7.79333e-01 Loss 9.87219e-03 Time taken: 2.18 seconds 
Epoch: 106/200 Train accuracy: 7.89297e-01 Validation accuracy: 7.85667e-01 Loss 9.87823e-03 Time taken: 2.26 seconds 
Epoch: 107/200 Train accuracy: 7.85735e-01 Validation accuracy: 7.84000e-01 Loss 9.89328e-03 Time taken: 2.24 seconds 
Epoch: 108/200 Train accuracy: 7.84951e-01 Validation accuracy: 7.77667e-01 Loss 9.88500e-03 Time taken: 2.31 seconds 
Epoch: 109/200 Train accuracy: 7.88799e-01 Validation accuracy: 7.82000e-01 Loss 9.87376e-03 Time taken: 2.19 seconds 
Epoch: 110/200 Train accuracy: 7.88870e-01 Validation accuracy: 7.83000e-01 Loss 9.87131e-03 Time taken: 2.36 seconds 
Epoch: 111/200 Train accuracy: 7.88300e-01 Validation accuracy: 7.83000e-01 Loss 9.87396e-03 Time taken: 2.39 seconds 
Epoch: 112/200 Train accuracy: 7.89440e-01 Validation accuracy: 7.81000e-01 Loss 9.87331e-03 Time taken: 2.24 seconds 
Epoch: 113/200 Train accuracy: 7.86875e-01 Validation accuracy: 7.83000e-01 Loss 9.88620e-03 Time taken: 2.37 seconds 
Epoch: 114/200 Train accuracy: 7.89867e-01 Validation accuracy: 7.81000e-01 Loss 9.87800e-03 Time taken: 2.14 seconds 
Epoch: 115/200 Train accuracy: 7.89796e-01 Validation accuracy: 7.85000e-01 Loss 9.86722e-03 Time taken: 2.24 seconds 
Epoch: 116/200 Train accuracy: 7.87944e-01 Validation accuracy: 7.81333e-01 Loss 9.87542e-03 Time taken: 2.35 seconds 
Epoch: 117/200 Train accuracy: 7.88157e-01 Validation accuracy: 7.81667e-01 Loss 9.87619e-03 Time taken: 2.14 seconds 
Epoch: 118/200 Train accuracy: 7.88086e-01 Validation accuracy: 7.81667e-01 Loss 9.86923e-03 Time taken: 2.31 seconds 
Epoch: 119/200 Train accuracy: 7.87730e-01 Validation accuracy: 7.83667e-01 Loss 9.87261e-03 Time taken: 2.24 seconds 
Epoch: 120/200 Train accuracy: 7.87730e-01 Validation accuracy: 7.82667e-01 Loss 9.88348e-03 Time taken: 2.31 seconds 
Epoch: 121/200 Train accuracy: 7.84310e-01 Validation accuracy: 7.81333e-01 Loss 9.88660e-03 Time taken: 2.30 seconds 
Epoch: 122/200 Train accuracy: 7.89654e-01 Validation accuracy: 7.82333e-01 Loss 9.86383e-03 Time taken: 2.34 seconds 
Epoch: 123/200 Train accuracy: 7.87872e-01 Validation accuracy: 7.84667e-01 Loss 9.86917e-03 Time taken: 2.30 seconds 
Epoch: 124/200 Train accuracy: 7.86376e-01 Validation accuracy: 7.83000e-01 Loss 9.87972e-03 Time taken: 2.10 seconds 
Epoch: 125/200 Train accuracy: 7.93288e-01 Validation accuracy: 7.86000e-01 Loss 9.85547e-03 Time taken: 2.13 seconds 
Epoch: 126/200 Train accuracy: 7.91720e-01 Validation accuracy: 7.83333e-01 Loss 9.86400e-03 Time taken: 2.13 seconds 
Epoch: 127/200 Train accuracy: 7.91008e-01 Validation accuracy: 7.82333e-01 Loss 9.86127e-03 Time taken: 2.00 seconds 
Epoch: 128/200 Train accuracy: 7.88442e-01 Validation accuracy: 7.85333e-01 Loss 9.87103e-03 Time taken: 2.27 seconds 
Epoch: 129/200 Train accuracy: 7.88300e-01 Validation accuracy: 7.83333e-01 Loss 9.87400e-03 Time taken: 2.52 seconds 
Epoch: 130/200 Train accuracy: 7.90723e-01 Validation accuracy: 7.87333e-01 Loss 9.86472e-03 Time taken: 2.22 seconds 
Epoch: 131/200 Train accuracy: 7.89582e-01 Validation accuracy: 7.81667e-01 Loss 9.86969e-03 Time taken: 2.41 seconds 
Epoch: 132/200 Train accuracy: 7.89369e-01 Validation accuracy: 7.81000e-01 Loss 9.87528e-03 Time taken: 2.39 seconds 
Epoch: 133/200 Train accuracy: 7.90010e-01 Validation accuracy: 7.83667e-01 Loss 9.85868e-03 Time taken: 2.04 seconds 
Epoch: 134/200 Train accuracy: 7.88941e-01 Validation accuracy: 7.81667e-01 Loss 9.86853e-03 Time taken: 2.27 seconds 
Epoch: 135/200 Train accuracy: 7.89369e-01 Validation accuracy: 7.84333e-01 Loss 9.85885e-03 Time taken: 2.17 seconds 
Epoch: 136/200 Train accuracy: 7.89084e-01 Validation accuracy: 7.82333e-01 Loss 9.85478e-03 Time taken: 2.19 seconds 
Epoch: 137/200 Train accuracy: 7.89012e-01 Validation accuracy: 7.83333e-01 Loss 9.86229e-03 Time taken: 2.41 seconds 
Epoch: 138/200 Train accuracy: 7.89511e-01 Validation accuracy: 7.83333e-01 Loss 9.86722e-03 Time taken: 2.24 seconds 
Epoch: 139/200 Train accuracy: 7.88514e-01 Validation accuracy: 7.77667e-01 Loss 9.86531e-03 Time taken: 2.38 seconds 
Epoch: 140/200 Train accuracy: 7.88086e-01 Validation accuracy: 7.82000e-01 Loss 9.86285e-03 Time taken: 2.17 seconds 
Epoch: 141/200 Train accuracy: 7.89369e-01 Validation accuracy: 7.85000e-01 Loss 9.85415e-03 Time taken: 2.18 seconds 
Epoch: 142/200 Train accuracy: 7.90723e-01 Validation accuracy: 7.85333e-01 Loss 9.84936e-03 Time taken: 2.15 seconds 
Epoch: 143/200 Train accuracy: 7.89725e-01 Validation accuracy: 7.86000e-01 Loss 9.85499e-03 Time taken: 2.18 seconds 
Epoch: 144/200 Train accuracy: 7.89796e-01 Validation accuracy: 7.82667e-01 Loss 9.85765e-03 Time taken: 2.29 seconds 
Epoch: 145/200 Train accuracy: 7.88799e-01 Validation accuracy: 7.84333e-01 Loss 9.85292e-03 Time taken: 2.33 seconds 
Epoch: 146/200 Train accuracy: 7.90081e-01 Validation accuracy: 7.84667e-01 Loss 9.85354e-03 Time taken: 2.30 seconds 
Epoch: 147/200 Train accuracy: 7.90438e-01 Validation accuracy: 7.85333e-01 Loss 9.86218e-03 Time taken: 2.32 seconds 
Epoch: 148/200 Train accuracy: 7.88229e-01 Validation accuracy: 7.84667e-01 Loss 9.85946e-03 Time taken: 2.25 seconds 
Epoch: 149/200 Train accuracy: 7.89297e-01 Validation accuracy: 7.85000e-01 Loss 9.85756e-03 Time taken: 2.06 seconds 
Epoch: 150/200 Train accuracy: 7.90438e-01 Validation accuracy: 7.82000e-01 Loss 9.84700e-03 Time taken: 2.26 seconds 
Epoch: 151/200 Train accuracy: 7.89297e-01 Validation accuracy: 7.83000e-01 Loss 9.86426e-03 Time taken: 2.38 seconds 
Epoch: 152/200 Train accuracy: 7.92290e-01 Validation accuracy: 7.84333e-01 Loss 9.84597e-03 Time taken: 2.34 seconds 
Epoch: 153/200 Train accuracy: 7.88442e-01 Validation accuracy: 7.80333e-01 Loss 9.85297e-03 Time taken: 2.13 seconds 
Epoch: 154/200 Train accuracy: 7.90010e-01 Validation accuracy: 7.83333e-01 Loss 9.84630e-03 Time taken: 2.14 seconds 
Epoch: 155/200 Train accuracy: 7.88727e-01 Validation accuracy: 7.81667e-01 Loss 9.86334e-03 Time taken: 2.27 seconds 
Epoch: 156/200 Train accuracy: 7.92076e-01 Validation accuracy: 7.85333e-01 Loss 9.84213e-03 Time taken: 2.25 seconds 
Epoch: 157/200 Train accuracy: 7.90152e-01 Validation accuracy: 7.86333e-01 Loss 9.85558e-03 Time taken: 2.31 seconds 
Epoch: 158/200 Train accuracy: 7.90580e-01 Validation accuracy: 7.85000e-01 Loss 9.86067e-03 Time taken: 2.18 seconds 
Epoch: 159/200 Train accuracy: 7.89226e-01 Validation accuracy: 7.81667e-01 Loss 9.84991e-03 Time taken: 2.20 seconds 
Epoch: 160/200 Train accuracy: 7.92718e-01 Validation accuracy: 7.86667e-01 Loss 9.84693e-03 Time taken: 2.12 seconds 
Epoch: 161/200 Train accuracy: 7.92076e-01 Validation accuracy: 7.82667e-01 Loss 9.84568e-03 Time taken: 2.17 seconds 
Epoch: 162/200 Train accuracy: 7.90224e-01 Validation accuracy: 7.86333e-01 Loss 9.84721e-03 Time taken: 2.18 seconds 
Epoch: 163/200 Train accuracy: 7.89725e-01 Validation accuracy: 7.87333e-01 Loss 9.84575e-03 Time taken: 2.16 seconds 
Epoch: 164/200 Train accuracy: 7.90224e-01 Validation accuracy: 7.80667e-01 Loss 9.84782e-03 Time taken: 2.32 seconds 
Epoch: 165/200 Train accuracy: 7.89582e-01 Validation accuracy: 7.83000e-01 Loss 9.84712e-03 Time taken: 2.16 seconds 
Epoch: 166/200 Train accuracy: 7.90081e-01 Validation accuracy: 7.82333e-01 Loss 9.85572e-03 Time taken: 2.16 seconds 
Epoch: 167/200 Train accuracy: 7.89939e-01 Validation accuracy: 7.88000e-01 Loss 9.85059e-03 Time taken: 2.06 seconds 
Epoch: 168/200 Train accuracy: 7.91221e-01 Validation accuracy: 7.84667e-01 Loss 9.84813e-03 Time taken: 2.35 seconds 
Epoch: 169/200 Train accuracy: 7.90224e-01 Validation accuracy: 7.85667e-01 Loss 9.84234e-03 Time taken: 2.21 seconds 
Epoch: 170/200 Train accuracy: 7.90865e-01 Validation accuracy: 7.82667e-01 Loss 9.84777e-03 Time taken: 2.21 seconds 
Epoch: 171/200 Train accuracy: 7.86875e-01 Validation accuracy: 7.81667e-01 Loss 9.86641e-03 Time taken: 2.42 seconds 
Epoch: 172/200 Train accuracy: 7.89369e-01 Validation accuracy: 7.85333e-01 Loss 9.86036e-03 Time taken: 2.34 seconds 
Epoch: 173/200 Train accuracy: 7.92148e-01 Validation accuracy: 7.84000e-01 Loss 9.84612e-03 Time taken: 2.09 seconds 
Epoch: 174/200 Train accuracy: 7.92504e-01 Validation accuracy: 7.83333e-01 Loss 9.84254e-03 Time taken: 2.18 seconds 
Epoch: 175/200 Train accuracy: 7.93501e-01 Validation accuracy: 7.82000e-01 Loss 9.83432e-03 Time taken: 2.15 seconds 
Epoch: 176/200 Train accuracy: 7.90438e-01 Validation accuracy: 7.85000e-01 Loss 9.84877e-03 Time taken: 2.02 seconds 
Epoch: 177/200 Train accuracy: 7.89369e-01 Validation accuracy: 7.86333e-01 Loss 9.84524e-03 Time taken: 2.09 seconds 
Epoch: 178/200 Train accuracy: 7.89654e-01 Validation accuracy: 7.84333e-01 Loss 9.84972e-03 Time taken: 2.15 seconds 
Epoch: 179/200 Train accuracy: 7.88585e-01 Validation accuracy: 7.85667e-01 Loss 9.85704e-03 Time taken: 2.16 seconds 
Epoch: 180/200 Train accuracy: 7.90366e-01 Validation accuracy: 7.83667e-01 Loss 9.83839e-03 Time taken: 2.15 seconds 
Epoch: 181/200 Train accuracy: 7.90366e-01 Validation accuracy: 7.85000e-01 Loss 9.84866e-03 Time taken: 2.25 seconds 
Epoch: 182/200 Train accuracy: 7.90438e-01 Validation accuracy: 7.85333e-01 Loss 9.84849e-03 Time taken: 2.24 seconds 
Epoch: 183/200 Train accuracy: 7.90936e-01 Validation accuracy: 7.83667e-01 Loss 9.84848e-03 Time taken: 2.43 seconds 
Epoch: 184/200 Train accuracy: 7.90081e-01 Validation accuracy: 7.82333e-01 Loss 9.85372e-03 Time taken: 2.22 seconds 
Epoch: 185/200 Train accuracy: 7.91578e-01 Validation accuracy: 7.81333e-01 Loss 9.84271e-03 Time taken: 2.10 seconds 
Epoch: 186/200 Train accuracy: 7.90723e-01 Validation accuracy: 7.85333e-01 Loss 9.83884e-03 Time taken: 2.37 seconds 
Epoch: 187/200 Train accuracy: 7.91791e-01 Validation accuracy: 7.86333e-01 Loss 9.84585e-03 Time taken: 2.39 seconds 
Epoch: 188/200 Train accuracy: 7.89297e-01 Validation accuracy: 7.84667e-01 Loss 9.84857e-03 Time taken: 1.99 seconds 
Epoch: 189/200 Train accuracy: 7.92076e-01 Validation accuracy: 7.85000e-01 Loss 9.83020e-03 Time taken: 2.20 seconds 
Epoch: 190/200 Train accuracy: 7.91934e-01 Validation accuracy: 7.87667e-01 Loss 9.84183e-03 Time taken: 2.11 seconds 
Epoch: 191/200 Train accuracy: 7.90224e-01 Validation accuracy: 7.87000e-01 Loss 9.84000e-03 Time taken: 2.42 seconds 
Epoch: 192/200 Train accuracy: 7.93288e-01 Validation accuracy: 7.86000e-01 Loss 9.83682e-03 Time taken: 2.32 seconds 
Epoch: 193/200 Train accuracy: 7.92789e-01 Validation accuracy: 7.84333e-01 Loss 9.83780e-03 Time taken: 2.20 seconds 
Epoch: 194/200 Train accuracy: 7.92718e-01 Validation accuracy: 7.81333e-01 Loss 9.84009e-03 Time taken: 2.10 seconds 
Epoch: 195/200 Train accuracy: 7.92005e-01 Validation accuracy: 7.86667e-01 Loss 9.84032e-03 Time taken: 2.16 seconds 
Epoch: 196/200 Train accuracy: 7.91720e-01 Validation accuracy: 7.86333e-01 Loss 9.84785e-03 Time taken: 2.29 seconds 
Epoch: 197/200 Train accuracy: 7.89511e-01 Validation accuracy: 7.87000e-01 Loss 9.83544e-03 Time taken: 2.31 seconds 
Epoch: 198/200 Train accuracy: 7.94784e-01 Validation accuracy: 7.85000e-01 Loss 9.82356e-03 Time taken: 2.09 seconds 
Epoch: 199/200 Train accuracy: 7.88371e-01 Validation accuracy: 7.83667e-01 Loss 9.85103e-03 Time taken: 2.06 seconds 
Epoch: 200/200 Train accuracy: 7.90509e-01 Validation accuracy: 7.88000e-01 Loss 9.83961e-03 Time taken: 2.25 seconds 
Total time taken 0:06:22.065550
Cleaning up intermediate feature (.pt) files
Done


