Directory classifiers/jepa-iic-L2-seed43-classifier-pretrained-vitb-normalized-ep300 for saving the classifiers is now present
VisionTransformer(
  (patch_embed): PatchEmbed(
    (proj): Conv2d(3, 768, kernel_size=(15, 15), stride=(15, 15))
  )
  (blocks): ModuleList(
    (0-11): 12 x Block(
      (norm1): LayerNorm((768,), eps=1e-06, elementwise_affine=True)
      (attn): Attention(
        (qkv): Linear(in_features=768, out_features=2304, bias=True)
        (attn_drop): Dropout(p=0.0, inplace=False)
        (proj): Linear(in_features=768, out_features=768, bias=True)
        (proj_drop): Dropout(p=0.0, inplace=False)
      )
      (drop_path): Identity()
      (norm2): LayerNorm((768,), eps=1e-06, elementwise_affine=True)
      (mlp): MLP(
        (fc1): Linear(in_features=768, out_features=3072, bias=True)
        (act): GELU(approximate='none')
        (fc2): Linear(in_features=3072, out_features=768, bias=True)
        (drop): Dropout(p=0.0, inplace=False)
      )
    )
  )
  (norm): LayerNorm((768,), eps=1e-06, elementwise_affine=True)
)
Extracting features and saving them locally..
Epoch: 1/200 Train accuracy: 3.57560e-01 Validation accuracy: 4.81333e-01 Loss 1.31510e-02 Time taken: 2.40 seconds 
Epoch: 2/200 Train accuracy: 5.27006e-01 Validation accuracy: 6.29333e-01 Loss 1.19653e-02 Time taken: 2.19 seconds 
Epoch: 3/200 Train accuracy: 6.27690e-01 Validation accuracy: 6.71000e-01 Loss 1.12533e-02 Time taken: 2.05 seconds 
Epoch: 4/200 Train accuracy: 6.57760e-01 Validation accuracy: 6.81000e-01 Loss 1.09984e-02 Time taken: 2.14 seconds 
Epoch: 5/200 Train accuracy: 6.72225e-01 Validation accuracy: 6.85000e-01 Loss 1.08920e-02 Time taken: 2.09 seconds 
Epoch: 6/200 Train accuracy: 6.83340e-01 Validation accuracy: 6.94000e-01 Loss 1.07890e-02 Time taken: 2.11 seconds 
Epoch: 7/200 Train accuracy: 6.89682e-01 Validation accuracy: 6.96000e-01 Loss 1.07210e-02 Time taken: 2.10 seconds 
Epoch: 8/200 Train accuracy: 6.97734e-01 Validation accuracy: 7.02000e-01 Loss 1.06585e-02 Time taken: 2.41 seconds 
Epoch: 9/200 Train accuracy: 7.00299e-01 Validation accuracy: 7.05000e-01 Loss 1.06197e-02 Time taken: 2.33 seconds 
Epoch: 10/200 Train accuracy: 7.03221e-01 Validation accuracy: 7.06333e-01 Loss 1.06040e-02 Time taken: 2.36 seconds 
Epoch: 11/200 Train accuracy: 7.08565e-01 Validation accuracy: 7.10667e-01 Loss 1.05666e-02 Time taken: 2.24 seconds 
Epoch: 12/200 Train accuracy: 7.08280e-01 Validation accuracy: 7.14333e-01 Loss 1.05468e-02 Time taken: 2.12 seconds 
Epoch: 13/200 Train accuracy: 7.10703e-01 Validation accuracy: 7.18333e-01 Loss 1.05278e-02 Time taken: 2.13 seconds 
Epoch: 14/200 Train accuracy: 7.12983e-01 Validation accuracy: 7.15000e-01 Loss 1.05023e-02 Time taken: 2.33 seconds 
Epoch: 15/200 Train accuracy: 7.20251e-01 Validation accuracy: 7.13667e-01 Loss 1.04761e-02 Time taken: 2.15 seconds 
Epoch: 16/200 Train accuracy: 7.18042e-01 Validation accuracy: 7.22333e-01 Loss 1.04690e-02 Time taken: 2.21 seconds 
Epoch: 17/200 Train accuracy: 7.18113e-01 Validation accuracy: 7.21667e-01 Loss 1.04651e-02 Time taken: 2.35 seconds 
Epoch: 18/200 Train accuracy: 7.19253e-01 Validation accuracy: 7.24667e-01 Loss 1.04517e-02 Time taken: 2.33 seconds 
Epoch: 19/200 Train accuracy: 7.22317e-01 Validation accuracy: 7.21000e-01 Loss 1.04372e-02 Time taken: 2.14 seconds 
Epoch: 20/200 Train accuracy: 7.20678e-01 Validation accuracy: 7.22667e-01 Loss 1.04259e-02 Time taken: 2.23 seconds 
Epoch: 21/200 Train accuracy: 7.23101e-01 Validation accuracy: 7.25333e-01 Loss 1.04047e-02 Time taken: 2.36 seconds 
Epoch: 22/200 Train accuracy: 7.24882e-01 Validation accuracy: 7.25000e-01 Loss 1.04063e-02 Time taken: 2.43 seconds 
Epoch: 23/200 Train accuracy: 7.24455e-01 Validation accuracy: 7.29333e-01 Loss 1.03901e-02 Time taken: 2.21 seconds 
Epoch: 24/200 Train accuracy: 7.24526e-01 Validation accuracy: 7.27667e-01 Loss 1.03953e-02 Time taken: 2.40 seconds 
Epoch: 25/200 Train accuracy: 7.26379e-01 Validation accuracy: 7.35667e-01 Loss 1.03884e-02 Time taken: 2.11 seconds 
Epoch: 26/200 Train accuracy: 7.25239e-01 Validation accuracy: 7.30667e-01 Loss 1.03778e-02 Time taken: 2.07 seconds 
Epoch: 27/200 Train accuracy: 7.27804e-01 Validation accuracy: 7.30667e-01 Loss 1.03746e-02 Time taken: 2.07 seconds 
Epoch: 28/200 Train accuracy: 7.29015e-01 Validation accuracy: 7.31333e-01 Loss 1.03669e-02 Time taken: 2.19 seconds 
Epoch: 29/200 Train accuracy: 7.27305e-01 Validation accuracy: 7.37000e-01 Loss 1.03582e-02 Time taken: 2.15 seconds 
Epoch: 30/200 Train accuracy: 7.29728e-01 Validation accuracy: 7.31333e-01 Loss 1.03550e-02 Time taken: 2.16 seconds 
Epoch: 31/200 Train accuracy: 7.29585e-01 Validation accuracy: 7.34667e-01 Loss 1.03481e-02 Time taken: 2.33 seconds 
Epoch: 32/200 Train accuracy: 7.31367e-01 Validation accuracy: 7.34667e-01 Loss 1.03419e-02 Time taken: 2.43 seconds 
Epoch: 33/200 Train accuracy: 7.29514e-01 Validation accuracy: 7.35000e-01 Loss 1.03442e-02 Time taken: 2.40 seconds 
Epoch: 34/200 Train accuracy: 7.31438e-01 Validation accuracy: 7.36000e-01 Loss 1.03428e-02 Time taken: 2.21 seconds 
Epoch: 35/200 Train accuracy: 7.32008e-01 Validation accuracy: 7.33000e-01 Loss 1.03379e-02 Time taken: 2.20 seconds 
Epoch: 36/200 Train accuracy: 7.31295e-01 Validation accuracy: 7.30333e-01 Loss 1.03355e-02 Time taken: 2.10 seconds 
Epoch: 37/200 Train accuracy: 7.31794e-01 Validation accuracy: 7.35000e-01 Loss 1.03210e-02 Time taken: 2.19 seconds 
Epoch: 38/200 Train accuracy: 7.35571e-01 Validation accuracy: 7.40333e-01 Loss 1.03204e-02 Time taken: 2.36 seconds 
Epoch: 39/200 Train accuracy: 7.32008e-01 Validation accuracy: 7.32333e-01 Loss 1.03165e-02 Time taken: 2.32 seconds 
Epoch: 40/200 Train accuracy: 7.33718e-01 Validation accuracy: 7.34667e-01 Loss 1.03155e-02 Time taken: 2.33 seconds 
Epoch: 41/200 Train accuracy: 7.34359e-01 Validation accuracy: 7.38000e-01 Loss 1.03088e-02 Time taken: 2.02 seconds 
Epoch: 42/200 Train accuracy: 7.36782e-01 Validation accuracy: 7.30000e-01 Loss 1.02925e-02 Time taken: 2.08 seconds 
Epoch: 43/200 Train accuracy: 7.34929e-01 Validation accuracy: 7.39000e-01 Loss 1.03039e-02 Time taken: 2.32 seconds 
Epoch: 44/200 Train accuracy: 7.34644e-01 Validation accuracy: 7.40333e-01 Loss 1.03031e-02 Time taken: 2.25 seconds 
Epoch: 45/200 Train accuracy: 7.39276e-01 Validation accuracy: 7.33667e-01 Loss 1.02948e-02 Time taken: 2.35 seconds 
Epoch: 46/200 Train accuracy: 7.34217e-01 Validation accuracy: 7.41333e-01 Loss 1.03017e-02 Time taken: 2.30 seconds 
Epoch: 47/200 Train accuracy: 7.38207e-01 Validation accuracy: 7.37667e-01 Loss 1.02887e-02 Time taken: 2.17 seconds 
Epoch: 48/200 Train accuracy: 7.36996e-01 Validation accuracy: 7.42667e-01 Loss 1.02844e-02 Time taken: 2.07 seconds 
Epoch: 49/200 Train accuracy: 7.35072e-01 Validation accuracy: 7.42000e-01 Loss 1.02816e-02 Time taken: 2.31 seconds 
Epoch: 50/200 Train accuracy: 7.39205e-01 Validation accuracy: 7.37667e-01 Loss 1.02827e-02 Time taken: 2.24 seconds 
Epoch: 51/200 Train accuracy: 7.35927e-01 Validation accuracy: 7.40667e-01 Loss 1.02840e-02 Time taken: 2.41 seconds 
Epoch: 52/200 Train accuracy: 7.34644e-01 Validation accuracy: 7.43000e-01 Loss 1.02957e-02 Time taken: 2.18 seconds 
Epoch: 53/200 Train accuracy: 7.37210e-01 Validation accuracy: 7.38000e-01 Loss 1.02802e-02 Time taken: 2.02 seconds 
Epoch: 54/200 Train accuracy: 7.35214e-01 Validation accuracy: 7.44333e-01 Loss 1.02764e-02 Time taken: 2.11 seconds 
Epoch: 55/200 Train accuracy: 7.37851e-01 Validation accuracy: 7.40000e-01 Loss 1.02699e-02 Time taken: 2.30 seconds 
Epoch: 56/200 Train accuracy: 7.36283e-01 Validation accuracy: 7.41667e-01 Loss 1.02734e-02 Time taken: 2.13 seconds 
Epoch: 57/200 Train accuracy: 7.38920e-01 Validation accuracy: 7.38333e-01 Loss 1.02682e-02 Time taken: 2.40 seconds 
Epoch: 58/200 Train accuracy: 7.40345e-01 Validation accuracy: 7.42667e-01 Loss 1.02545e-02 Time taken: 2.12 seconds 
Epoch: 59/200 Train accuracy: 7.39205e-01 Validation accuracy: 7.40000e-01 Loss 1.02720e-02 Time taken: 2.00 seconds 
Epoch: 60/200 Train accuracy: 7.39134e-01 Validation accuracy: 7.37667e-01 Loss 1.02573e-02 Time taken: 2.30 seconds 
Epoch: 61/200 Train accuracy: 7.41699e-01 Validation accuracy: 7.40333e-01 Loss 1.02533e-02 Time taken: 1.98 seconds 
Epoch: 62/200 Train accuracy: 7.40416e-01 Validation accuracy: 7.42333e-01 Loss 1.02567e-02 Time taken: 2.15 seconds 
Epoch: 63/200 Train accuracy: 7.40559e-01 Validation accuracy: 7.40000e-01 Loss 1.02620e-02 Time taken: 2.30 seconds 
Epoch: 64/200 Train accuracy: 7.38991e-01 Validation accuracy: 7.37000e-01 Loss 1.02616e-02 Time taken: 2.04 seconds 
Epoch: 65/200 Train accuracy: 7.42055e-01 Validation accuracy: 7.39000e-01 Loss 1.02413e-02 Time taken: 2.36 seconds 
Epoch: 66/200 Train accuracy: 7.40345e-01 Validation accuracy: 7.44000e-01 Loss 1.02541e-02 Time taken: 2.13 seconds 
Epoch: 67/200 Train accuracy: 7.40844e-01 Validation accuracy: 7.43667e-01 Loss 1.02420e-02 Time taken: 2.09 seconds 
Epoch: 68/200 Train accuracy: 7.42910e-01 Validation accuracy: 7.40667e-01 Loss 1.02288e-02 Time taken: 2.33 seconds 
Epoch: 69/200 Train accuracy: 7.38777e-01 Validation accuracy: 7.42333e-01 Loss 1.02598e-02 Time taken: 2.16 seconds 
Epoch: 70/200 Train accuracy: 7.41342e-01 Validation accuracy: 7.46000e-01 Loss 1.02382e-02 Time taken: 2.22 seconds 
Epoch: 71/200 Train accuracy: 7.41271e-01 Validation accuracy: 7.44000e-01 Loss 1.02407e-02 Time taken: 2.10 seconds 
Epoch: 72/200 Train accuracy: 7.42768e-01 Validation accuracy: 7.46667e-01 Loss 1.02358e-02 Time taken: 2.24 seconds 
Epoch: 73/200 Train accuracy: 7.42055e-01 Validation accuracy: 7.40000e-01 Loss 1.02335e-02 Time taken: 2.20 seconds 
Epoch: 74/200 Train accuracy: 7.44050e-01 Validation accuracy: 7.38000e-01 Loss 1.02249e-02 Time taken: 2.35 seconds 
Epoch: 75/200 Train accuracy: 7.40772e-01 Validation accuracy: 7.47333e-01 Loss 1.02392e-02 Time taken: 2.17 seconds 
Epoch: 76/200 Train accuracy: 7.41200e-01 Validation accuracy: 7.43000e-01 Loss 1.02389e-02 Time taken: 2.17 seconds 
Epoch: 77/200 Train accuracy: 7.44905e-01 Validation accuracy: 7.42667e-01 Loss 1.02220e-02 Time taken: 2.16 seconds 
Epoch: 78/200 Train accuracy: 7.41627e-01 Validation accuracy: 7.43667e-01 Loss 1.02296e-02 Time taken: 2.11 seconds 
Epoch: 79/200 Train accuracy: 7.42483e-01 Validation accuracy: 7.43667e-01 Loss 1.02230e-02 Time taken: 2.06 seconds 
Epoch: 80/200 Train accuracy: 7.43836e-01 Validation accuracy: 7.46333e-01 Loss 1.02249e-02 Time taken: 2.13 seconds 
Epoch: 81/200 Train accuracy: 7.45119e-01 Validation accuracy: 7.41667e-01 Loss 1.02295e-02 Time taken: 2.28 seconds 
Epoch: 82/200 Train accuracy: 7.40844e-01 Validation accuracy: 7.46667e-01 Loss 1.02475e-02 Time taken: 2.15 seconds 
Epoch: 83/200 Train accuracy: 7.44121e-01 Validation accuracy: 7.44000e-01 Loss 1.02245e-02 Time taken: 2.11 seconds 
Epoch: 84/200 Train accuracy: 7.44478e-01 Validation accuracy: 7.39333e-01 Loss 1.02275e-02 Time taken: 2.38 seconds 
Epoch: 85/200 Train accuracy: 7.45760e-01 Validation accuracy: 7.41000e-01 Loss 1.02174e-02 Time taken: 2.20 seconds 
Epoch: 86/200 Train accuracy: 7.38563e-01 Validation accuracy: 7.46667e-01 Loss 1.02328e-02 Time taken: 2.19 seconds 
Epoch: 87/200 Train accuracy: 7.43338e-01 Validation accuracy: 7.43667e-01 Loss 1.02164e-02 Time taken: 2.27 seconds 
Epoch: 88/200 Train accuracy: 7.41129e-01 Validation accuracy: 7.45000e-01 Loss 1.02267e-02 Time taken: 2.26 seconds 
Epoch: 89/200 Train accuracy: 7.42625e-01 Validation accuracy: 7.46333e-01 Loss 1.02190e-02 Time taken: 2.09 seconds 
Epoch: 90/200 Train accuracy: 7.45475e-01 Validation accuracy: 7.46333e-01 Loss 1.02120e-02 Time taken: 2.18 seconds 
Epoch: 91/200 Train accuracy: 7.43195e-01 Validation accuracy: 7.43667e-01 Loss 1.02110e-02 Time taken: 2.28 seconds 
Epoch: 92/200 Train accuracy: 7.44905e-01 Validation accuracy: 7.46000e-01 Loss 1.02162e-02 Time taken: 2.16 seconds 
Epoch: 93/200 Train accuracy: 7.42839e-01 Validation accuracy: 7.45333e-01 Loss 1.02161e-02 Time taken: 2.13 seconds 
Epoch: 94/200 Train accuracy: 7.42269e-01 Validation accuracy: 7.48667e-01 Loss 1.02163e-02 Time taken: 2.10 seconds 
Epoch: 95/200 Train accuracy: 7.46972e-01 Validation accuracy: 7.44667e-01 Loss 1.02028e-02 Time taken: 2.35 seconds 
Epoch: 96/200 Train accuracy: 7.44620e-01 Validation accuracy: 7.45667e-01 Loss 1.02140e-02 Time taken: 2.25 seconds 
Epoch: 97/200 Train accuracy: 7.45832e-01 Validation accuracy: 7.48667e-01 Loss 1.02089e-02 Time taken: 2.30 seconds 
Epoch: 98/200 Train accuracy: 7.45760e-01 Validation accuracy: 7.49000e-01 Loss 1.02013e-02 Time taken: 2.21 seconds 
Epoch: 99/200 Train accuracy: 7.47684e-01 Validation accuracy: 7.48667e-01 Loss 1.02047e-02 Time taken: 2.24 seconds 
Epoch: 100/200 Train accuracy: 7.47328e-01 Validation accuracy: 7.42333e-01 Loss 1.01996e-02 Time taken: 2.33 seconds 
Epoch: 101/200 Train accuracy: 7.43053e-01 Validation accuracy: 7.43667e-01 Loss 1.02113e-02 Time taken: 2.21 seconds 
Epoch: 102/200 Train accuracy: 7.46900e-01 Validation accuracy: 7.47000e-01 Loss 1.02075e-02 Time taken: 2.21 seconds 
Epoch: 103/200 Train accuracy: 7.46117e-01 Validation accuracy: 7.47333e-01 Loss 1.02015e-02 Time taken: 2.46 seconds 
Epoch: 104/200 Train accuracy: 7.45190e-01 Validation accuracy: 7.47667e-01 Loss 1.02054e-02 Time taken: 2.28 seconds 
Epoch: 105/200 Train accuracy: 7.45048e-01 Validation accuracy: 7.47333e-01 Loss 1.01965e-02 Time taken: 2.25 seconds 
Epoch: 106/200 Train accuracy: 7.42696e-01 Validation accuracy: 7.43667e-01 Loss 1.02208e-02 Time taken: 2.22 seconds 
Epoch: 107/200 Train accuracy: 7.44478e-01 Validation accuracy: 7.47667e-01 Loss 1.02088e-02 Time taken: 2.17 seconds 
Epoch: 108/200 Train accuracy: 7.43623e-01 Validation accuracy: 7.45667e-01 Loss 1.02147e-02 Time taken: 2.29 seconds 
Epoch: 109/200 Train accuracy: 7.45475e-01 Validation accuracy: 7.48667e-01 Loss 1.02047e-02 Time taken: 2.31 seconds 
Epoch: 110/200 Train accuracy: 7.44691e-01 Validation accuracy: 7.44667e-01 Loss 1.02025e-02 Time taken: 2.14 seconds 
Epoch: 111/200 Train accuracy: 7.44193e-01 Validation accuracy: 7.46000e-01 Loss 1.02074e-02 Time taken: 2.13 seconds 
Epoch: 112/200 Train accuracy: 7.45760e-01 Validation accuracy: 7.45667e-01 Loss 1.01960e-02 Time taken: 2.11 seconds 
Epoch: 113/200 Train accuracy: 7.49893e-01 Validation accuracy: 7.45667e-01 Loss 1.01844e-02 Time taken: 2.09 seconds 
Epoch: 114/200 Train accuracy: 7.48112e-01 Validation accuracy: 7.50000e-01 Loss 1.01801e-02 Time taken: 2.09 seconds 
Epoch: 115/200 Train accuracy: 7.50178e-01 Validation accuracy: 7.48667e-01 Loss 1.01734e-02 Time taken: 2.06 seconds 
Epoch: 116/200 Train accuracy: 7.46687e-01 Validation accuracy: 7.43333e-01 Loss 1.01867e-02 Time taken: 2.13 seconds 
Epoch: 117/200 Train accuracy: 7.45333e-01 Validation accuracy: 7.45333e-01 Loss 1.02052e-02 Time taken: 2.29 seconds 
Epoch: 118/200 Train accuracy: 7.49394e-01 Validation accuracy: 7.48333e-01 Loss 1.01772e-02 Time taken: 2.21 seconds 
Epoch: 119/200 Train accuracy: 7.45974e-01 Validation accuracy: 7.52333e-01 Loss 1.01939e-02 Time taken: 2.11 seconds 
Epoch: 120/200 Train accuracy: 7.47969e-01 Validation accuracy: 7.47667e-01 Loss 1.01890e-02 Time taken: 2.22 seconds 
Epoch: 121/200 Train accuracy: 7.45974e-01 Validation accuracy: 7.47333e-01 Loss 1.01984e-02 Time taken: 2.41 seconds 
Epoch: 122/200 Train accuracy: 7.45974e-01 Validation accuracy: 7.49667e-01 Loss 1.01944e-02 Time taken: 2.17 seconds 
Epoch: 123/200 Train accuracy: 7.44406e-01 Validation accuracy: 7.49667e-01 Loss 1.01964e-02 Time taken: 2.23 seconds 
Epoch: 124/200 Train accuracy: 7.45048e-01 Validation accuracy: 7.45000e-01 Loss 1.01894e-02 Time taken: 2.06 seconds 
Epoch: 125/200 Train accuracy: 7.51104e-01 Validation accuracy: 7.47000e-01 Loss 1.01709e-02 Time taken: 2.07 seconds 
Epoch: 126/200 Train accuracy: 7.45048e-01 Validation accuracy: 7.46000e-01 Loss 1.01907e-02 Time taken: 2.25 seconds 
Epoch: 127/200 Train accuracy: 7.47755e-01 Validation accuracy: 7.49333e-01 Loss 1.01784e-02 Time taken: 2.35 seconds 
Epoch: 128/200 Train accuracy: 7.50036e-01 Validation accuracy: 7.46000e-01 Loss 1.01905e-02 Time taken: 2.26 seconds 
Epoch: 129/200 Train accuracy: 7.47470e-01 Validation accuracy: 7.50000e-01 Loss 1.01854e-02 Time taken: 2.05 seconds 
Epoch: 130/200 Train accuracy: 7.48468e-01 Validation accuracy: 7.45000e-01 Loss 1.01764e-02 Time taken: 2.08 seconds 
Epoch: 131/200 Train accuracy: 7.47898e-01 Validation accuracy: 7.47000e-01 Loss 1.01774e-02 Time taken: 2.26 seconds 
Epoch: 132/200 Train accuracy: 7.49537e-01 Validation accuracy: 7.49000e-01 Loss 1.01779e-02 Time taken: 2.22 seconds 
Epoch: 133/200 Train accuracy: 7.45618e-01 Validation accuracy: 7.49667e-01 Loss 1.01872e-02 Time taken: 2.09 seconds 
Epoch: 134/200 Train accuracy: 7.44478e-01 Validation accuracy: 7.47333e-01 Loss 1.01923e-02 Time taken: 2.28 seconds 
Epoch: 135/200 Train accuracy: 7.49181e-01 Validation accuracy: 7.47667e-01 Loss 1.01772e-02 Time taken: 2.31 seconds 
Epoch: 136/200 Train accuracy: 7.51247e-01 Validation accuracy: 7.46000e-01 Loss 1.01713e-02 Time taken: 2.23 seconds 
Epoch: 137/200 Train accuracy: 7.47114e-01 Validation accuracy: 7.49667e-01 Loss 1.01880e-02 Time taken: 2.17 seconds 
Epoch: 138/200 Train accuracy: 7.50748e-01 Validation accuracy: 7.47000e-01 Loss 1.01762e-02 Time taken: 2.21 seconds 
Epoch: 139/200 Train accuracy: 7.46687e-01 Validation accuracy: 7.46000e-01 Loss 1.01780e-02 Time taken: 2.20 seconds 
Epoch: 140/200 Train accuracy: 7.48682e-01 Validation accuracy: 7.47667e-01 Loss 1.01778e-02 Time taken: 2.26 seconds 
Epoch: 141/200 Train accuracy: 7.49537e-01 Validation accuracy: 7.45667e-01 Loss 1.01752e-02 Time taken: 2.40 seconds 
Epoch: 142/200 Train accuracy: 7.46758e-01 Validation accuracy: 7.47667e-01 Loss 1.01837e-02 Time taken: 2.19 seconds 
Epoch: 143/200 Train accuracy: 7.49964e-01 Validation accuracy: 7.44000e-01 Loss 1.01711e-02 Time taken: 2.23 seconds 
Epoch: 144/200 Train accuracy: 7.50036e-01 Validation accuracy: 7.48333e-01 Loss 1.01740e-02 Time taken: 2.25 seconds 
Epoch: 145/200 Train accuracy: 7.47328e-01 Validation accuracy: 7.49333e-01 Loss 1.01883e-02 Time taken: 2.10 seconds 
Epoch: 146/200 Train accuracy: 7.49181e-01 Validation accuracy: 7.49000e-01 Loss 1.01669e-02 Time taken: 2.05 seconds 
Epoch: 147/200 Train accuracy: 7.46045e-01 Validation accuracy: 7.49000e-01 Loss 1.01901e-02 Time taken: 2.03 seconds 
Epoch: 148/200 Train accuracy: 7.51746e-01 Validation accuracy: 7.50667e-01 Loss 1.01580e-02 Time taken: 2.09 seconds 
Epoch: 149/200 Train accuracy: 7.52102e-01 Validation accuracy: 7.49333e-01 Loss 1.01657e-02 Time taken: 2.24 seconds 
Epoch: 150/200 Train accuracy: 7.51033e-01 Validation accuracy: 7.39333e-01 Loss 1.01684e-02 Time taken: 2.47 seconds 
Epoch: 151/200 Train accuracy: 7.50249e-01 Validation accuracy: 7.45667e-01 Loss 1.01617e-02 Time taken: 2.07 seconds 
Epoch: 152/200 Train accuracy: 7.48682e-01 Validation accuracy: 7.50000e-01 Loss 1.01692e-02 Time taken: 2.39 seconds 
Epoch: 153/200 Train accuracy: 7.52601e-01 Validation accuracy: 7.51333e-01 Loss 1.01658e-02 Time taken: 2.13 seconds 
Epoch: 154/200 Train accuracy: 7.50036e-01 Validation accuracy: 7.50667e-01 Loss 1.01612e-02 Time taken: 2.32 seconds 
Epoch: 155/200 Train accuracy: 7.51461e-01 Validation accuracy: 7.52667e-01 Loss 1.01564e-02 Time taken: 2.18 seconds 
Epoch: 156/200 Train accuracy: 7.49038e-01 Validation accuracy: 7.47667e-01 Loss 1.01699e-02 Time taken: 2.15 seconds 
Epoch: 157/200 Train accuracy: 7.49038e-01 Validation accuracy: 7.54000e-01 Loss 1.01731e-02 Time taken: 2.27 seconds 
Epoch: 158/200 Train accuracy: 7.50036e-01 Validation accuracy: 7.47333e-01 Loss 1.01728e-02 Time taken: 2.12 seconds 
Epoch: 159/200 Train accuracy: 7.48325e-01 Validation accuracy: 7.49000e-01 Loss 1.01672e-02 Time taken: 2.36 seconds 
Epoch: 160/200 Train accuracy: 7.49038e-01 Validation accuracy: 7.49000e-01 Loss 1.01686e-02 Time taken: 2.40 seconds 
Epoch: 161/200 Train accuracy: 7.46900e-01 Validation accuracy: 7.49333e-01 Loss 1.01737e-02 Time taken: 2.12 seconds 
Epoch: 162/200 Train accuracy: 7.49537e-01 Validation accuracy: 7.47667e-01 Loss 1.01646e-02 Time taken: 2.33 seconds 
Epoch: 163/200 Train accuracy: 7.49323e-01 Validation accuracy: 7.51000e-01 Loss 1.01693e-02 Time taken: 2.19 seconds 
Epoch: 164/200 Train accuracy: 7.49537e-01 Validation accuracy: 7.49000e-01 Loss 1.01667e-02 Time taken: 2.36 seconds 
Epoch: 165/200 Train accuracy: 7.50249e-01 Validation accuracy: 7.49333e-01 Loss 1.01645e-02 Time taken: 2.16 seconds 
Epoch: 166/200 Train accuracy: 7.50249e-01 Validation accuracy: 7.42333e-01 Loss 1.01609e-02 Time taken: 2.29 seconds 
Epoch: 167/200 Train accuracy: 7.48896e-01 Validation accuracy: 7.53333e-01 Loss 1.01703e-02 Time taken: 2.12 seconds 
Epoch: 168/200 Train accuracy: 7.51247e-01 Validation accuracy: 7.52000e-01 Loss 1.01451e-02 Time taken: 2.26 seconds 
Epoch: 169/200 Train accuracy: 7.51033e-01 Validation accuracy: 7.51667e-01 Loss 1.01628e-02 Time taken: 2.34 seconds 
Epoch: 170/200 Train accuracy: 7.51746e-01 Validation accuracy: 7.49333e-01 Loss 1.01428e-02 Time taken: 2.12 seconds 
Epoch: 171/200 Train accuracy: 7.49537e-01 Validation accuracy: 7.50667e-01 Loss 1.01672e-02 Time taken: 2.08 seconds 
Epoch: 172/200 Train accuracy: 7.49252e-01 Validation accuracy: 7.45333e-01 Loss 1.01592e-02 Time taken: 2.30 seconds 
Epoch: 173/200 Train accuracy: 7.52815e-01 Validation accuracy: 7.44333e-01 Loss 1.01415e-02 Time taken: 2.37 seconds 
Epoch: 174/200 Train accuracy: 7.50891e-01 Validation accuracy: 7.49333e-01 Loss 1.01682e-02 Time taken: 2.57 seconds 
Epoch: 175/200 Train accuracy: 7.50249e-01 Validation accuracy: 7.50667e-01 Loss 1.01691e-02 Time taken: 2.31 seconds 
Epoch: 176/200 Train accuracy: 7.50321e-01 Validation accuracy: 7.47667e-01 Loss 1.01579e-02 Time taken: 2.20 seconds 
Epoch: 177/200 Train accuracy: 7.52815e-01 Validation accuracy: 7.52000e-01 Loss 1.01498e-02 Time taken: 2.22 seconds 
Epoch: 178/200 Train accuracy: 7.49822e-01 Validation accuracy: 7.51667e-01 Loss 1.01718e-02 Time taken: 2.37 seconds 
Epoch: 179/200 Train accuracy: 7.53456e-01 Validation accuracy: 7.48000e-01 Loss 1.01485e-02 Time taken: 1.88 seconds 
Epoch: 180/200 Train accuracy: 7.52173e-01 Validation accuracy: 7.49333e-01 Loss 1.01527e-02 Time taken: 1.60 seconds 
Epoch: 181/200 Train accuracy: 7.49394e-01 Validation accuracy: 7.47667e-01 Loss 1.01651e-02 Time taken: 1.55 seconds 
Epoch: 182/200 Train accuracy: 7.54525e-01 Validation accuracy: 7.51667e-01 Loss 1.01419e-02 Time taken: 1.55 seconds 
Epoch: 183/200 Train accuracy: 7.51746e-01 Validation accuracy: 7.51000e-01 Loss 1.01516e-02 Time taken: 1.53 seconds 
Epoch: 184/200 Train accuracy: 7.49964e-01 Validation accuracy: 7.50000e-01 Loss 1.01540e-02 Time taken: 1.55 seconds 
Epoch: 185/200 Train accuracy: 7.52672e-01 Validation accuracy: 7.49333e-01 Loss 1.01453e-02 Time taken: 1.56 seconds 
Epoch: 186/200 Train accuracy: 7.52316e-01 Validation accuracy: 7.51667e-01 Loss 1.01547e-02 Time taken: 1.54 seconds 
Epoch: 187/200 Train accuracy: 7.53527e-01 Validation accuracy: 7.51333e-01 Loss 1.01414e-02 Time taken: 1.54 seconds 
Epoch: 188/200 Train accuracy: 7.49822e-01 Validation accuracy: 7.50667e-01 Loss 1.01647e-02 Time taken: 1.54 seconds 
Epoch: 189/200 Train accuracy: 7.52601e-01 Validation accuracy: 7.50000e-01 Loss 1.01492e-02 Time taken: 1.54 seconds 
Epoch: 190/200 Train accuracy: 7.50463e-01 Validation accuracy: 7.49667e-01 Loss 1.01586e-02 Time taken: 1.53 seconds 
Epoch: 191/200 Train accuracy: 7.49822e-01 Validation accuracy: 7.46667e-01 Loss 1.01560e-02 Time taken: 1.53 seconds 
Epoch: 192/200 Train accuracy: 7.52102e-01 Validation accuracy: 7.48333e-01 Loss 1.01492e-02 Time taken: 1.54 seconds 
Epoch: 193/200 Train accuracy: 7.49537e-01 Validation accuracy: 7.49000e-01 Loss 1.01634e-02 Time taken: 1.55 seconds 
Epoch: 194/200 Train accuracy: 7.48468e-01 Validation accuracy: 7.47333e-01 Loss 1.01717e-02 Time taken: 1.53 seconds 
Epoch: 195/200 Train accuracy: 7.52173e-01 Validation accuracy: 7.52000e-01 Loss 1.01467e-02 Time taken: 1.54 seconds 
Epoch: 196/200 Train accuracy: 7.52743e-01 Validation accuracy: 7.49333e-01 Loss 1.01408e-02 Time taken: 1.56 seconds 
Epoch: 197/200 Train accuracy: 7.50178e-01 Validation accuracy: 7.48333e-01 Loss 1.01574e-02 Time taken: 1.54 seconds 
Epoch: 198/200 Train accuracy: 7.51389e-01 Validation accuracy: 7.51333e-01 Loss 1.01526e-02 Time taken: 1.55 seconds 
Epoch: 199/200 Train accuracy: 7.54667e-01 Validation accuracy: 7.50333e-01 Loss 1.01402e-02 Time taken: 1.54 seconds 
Epoch: 200/200 Train accuracy: 7.52102e-01 Validation accuracy: 7.51333e-01 Loss 1.01476e-02 Time taken: 1.55 seconds 
Total time taken 0:07:10.222224
Cleaning up intermediate feature (.pt) files
Done


working on file logs_PKT_chunks/iic-train-L2-PKT-chunks-scale10e1-seed43/jepa-iic-L2-PKT-chunks-scale10e1-seed43-ep400.pth.tar ...
