Directory logs_PKT_chunks/iic-train-l2-pkt-chunks-seed0/classifiers for saving the classifiers is now present
VisionTransformer(
  (patch_embed): PatchEmbed(
    (proj): Conv2d(3, 768, kernel_size=(15, 15), stride=(15, 15))
  )
  (blocks): ModuleList(
    (0-11): 12 x Block(
      (norm1): LayerNorm((768,), eps=1e-06, elementwise_affine=True)
      (attn): Attention(
        (qkv): Linear(in_features=768, out_features=2304, bias=True)
        (attn_drop): Dropout(p=0.0, inplace=False)
        (proj): Linear(in_features=768, out_features=768, bias=True)
        (proj_drop): Dropout(p=0.0, inplace=False)
      )
      (drop_path): Identity()
      (norm2): LayerNorm((768,), eps=1e-06, elementwise_affine=True)
      (mlp): MLP(
        (fc1): Linear(in_features=768, out_features=3072, bias=True)
        (act): GELU(approximate='none')
        (fc2): Linear(in_features=3072, out_features=768, bias=True)
        (drop): Dropout(p=0.0, inplace=False)
      )
    )
  )
  (norm): LayerNorm((768,), eps=1e-06, elementwise_affine=True)
)
Extracting features and saving them in memory..
Extracting features...
Epoch: 1/200 Train accuracy: 4.97292e-01 Validation accuracy: 6.44000e-01 Training loss 1.10793e-02 Validation loss 8.90779e-03 Time taken: 0.27 seconds 
Epoch: 2/200 Train accuracy: 6.86547e-01 Validation accuracy: 6.93667e-01 Training loss 7.66015e-03 Validation loss 7.36876e-03 Time taken: 0.24 seconds 
Epoch: 3/200 Train accuracy: 7.13054e-01 Validation accuracy: 7.10000e-01 Training loss 6.67705e-03 Validation loss 6.69727e-03 Time taken: 0.24 seconds 
Epoch: 4/200 Train accuracy: 7.26308e-01 Validation accuracy: 7.20333e-01 Training loss 6.19401e-03 Validation loss 6.35183e-03 Time taken: 0.24 seconds 
Epoch: 5/200 Train accuracy: 7.33433e-01 Validation accuracy: 7.27333e-01 Training loss 5.91857e-03 Validation loss 6.11169e-03 Time taken: 0.23 seconds 
Epoch: 6/200 Train accuracy: 7.38207e-01 Validation accuracy: 7.39000e-01 Training loss 5.72218e-03 Validation loss 5.93284e-03 Time taken: 0.24 seconds 
Epoch: 7/200 Train accuracy: 7.44406e-01 Validation accuracy: 7.41333e-01 Training loss 5.58590e-03 Validation loss 5.80995e-03 Time taken: 0.39 seconds 
Epoch: 8/200 Train accuracy: 7.46829e-01 Validation accuracy: 7.41333e-01 Training loss 5.48334e-03 Validation loss 5.70096e-03 Time taken: 0.23 seconds 
Epoch: 9/200 Train accuracy: 7.49252e-01 Validation accuracy: 7.45000e-01 Training loss 5.39433e-03 Validation loss 5.62871e-03 Time taken: 0.29 seconds 
Epoch: 10/200 Train accuracy: 7.52387e-01 Validation accuracy: 7.46333e-01 Training loss 5.32731e-03 Validation loss 5.55670e-03 Time taken: 0.23 seconds 
Epoch: 11/200 Train accuracy: 7.56092e-01 Validation accuracy: 7.52667e-01 Training loss 5.26310e-03 Validation loss 5.52131e-03 Time taken: 0.23 seconds 
Epoch: 12/200 Train accuracy: 7.57232e-01 Validation accuracy: 7.52667e-01 Training loss 5.21328e-03 Validation loss 5.49954e-03 Time taken: 0.23 seconds 
Epoch: 13/200 Train accuracy: 7.57874e-01 Validation accuracy: 7.54000e-01 Training loss 5.17403e-03 Validation loss 5.44364e-03 Time taken: 0.24 seconds 
Epoch: 14/200 Train accuracy: 7.60724e-01 Validation accuracy: 7.59000e-01 Training loss 5.13161e-03 Validation loss 5.41506e-03 Time taken: 0.24 seconds 
Epoch: 15/200 Train accuracy: 7.60938e-01 Validation accuracy: 7.57000e-01 Training loss 5.10269e-03 Validation loss 5.35393e-03 Time taken: 0.24 seconds 
Epoch: 16/200 Train accuracy: 7.64215e-01 Validation accuracy: 7.56333e-01 Training loss 5.07359e-03 Validation loss 5.33856e-03 Time taken: 0.34 seconds 
Epoch: 17/200 Train accuracy: 7.62577e-01 Validation accuracy: 7.53667e-01 Training loss 5.04894e-03 Validation loss 5.30708e-03 Time taken: 0.24 seconds 
Epoch: 18/200 Train accuracy: 7.65498e-01 Validation accuracy: 7.61333e-01 Training loss 5.01872e-03 Validation loss 5.28506e-03 Time taken: 0.23 seconds 
Epoch: 19/200 Train accuracy: 7.65641e-01 Validation accuracy: 7.61000e-01 Training loss 5.01258e-03 Validation loss 5.24969e-03 Time taken: 0.23 seconds 
Epoch: 20/200 Train accuracy: 7.66424e-01 Validation accuracy: 7.58667e-01 Training loss 4.98586e-03 Validation loss 5.25961e-03 Time taken: 0.24 seconds 
Epoch: 21/200 Train accuracy: 7.70486e-01 Validation accuracy: 7.68000e-01 Training loss 4.96545e-03 Validation loss 5.24771e-03 Time taken: 0.24 seconds 
Epoch: 22/200 Train accuracy: 7.69417e-01 Validation accuracy: 7.64000e-01 Training loss 4.94531e-03 Validation loss 5.20246e-03 Time taken: 0.23 seconds 
Epoch: 23/200 Train accuracy: 7.71056e-01 Validation accuracy: 7.66667e-01 Training loss 4.92920e-03 Validation loss 5.20697e-03 Time taken: 0.23 seconds 
Epoch: 24/200 Train accuracy: 7.70985e-01 Validation accuracy: 7.67333e-01 Training loss 4.91083e-03 Validation loss 5.18515e-03 Time taken: 0.24 seconds 
Epoch: 25/200 Train accuracy: 7.71484e-01 Validation accuracy: 7.68000e-01 Training loss 4.90650e-03 Validation loss 5.18646e-03 Time taken: 0.41 seconds 
Epoch: 26/200 Train accuracy: 7.73122e-01 Validation accuracy: 7.66333e-01 Training loss 4.89426e-03 Validation loss 5.14993e-03 Time taken: 0.23 seconds 
Epoch: 27/200 Train accuracy: 7.73835e-01 Validation accuracy: 7.64333e-01 Training loss 4.87298e-03 Validation loss 5.12916e-03 Time taken: 0.24 seconds 
Epoch: 28/200 Train accuracy: 7.74690e-01 Validation accuracy: 7.69667e-01 Training loss 4.86155e-03 Validation loss 5.11877e-03 Time taken: 0.24 seconds 
Epoch: 29/200 Train accuracy: 7.74049e-01 Validation accuracy: 7.64667e-01 Training loss 4.84925e-03 Validation loss 5.10980e-03 Time taken: 0.25 seconds 
Epoch: 30/200 Train accuracy: 7.74476e-01 Validation accuracy: 7.71000e-01 Training loss 4.84183e-03 Validation loss 5.10869e-03 Time taken: 0.28 seconds 
Epoch: 31/200 Train accuracy: 7.73764e-01 Validation accuracy: 7.74333e-01 Training loss 4.82490e-03 Validation loss 5.09857e-03 Time taken: 0.24 seconds 
Epoch: 32/200 Train accuracy: 7.75260e-01 Validation accuracy: 7.73000e-01 Training loss 4.81480e-03 Validation loss 5.08189e-03 Time taken: 0.24 seconds 
Epoch: 33/200 Train accuracy: 7.77683e-01 Validation accuracy: 7.74333e-01 Training loss 4.80861e-03 Validation loss 5.10727e-03 Time taken: 0.45 seconds 
Epoch: 34/200 Train accuracy: 7.76186e-01 Validation accuracy: 7.73333e-01 Training loss 4.80091e-03 Validation loss 5.05952e-03 Time taken: 0.24 seconds 
Epoch: 35/200 Train accuracy: 7.77612e-01 Validation accuracy: 7.73000e-01 Training loss 4.79248e-03 Validation loss 5.07385e-03 Time taken: 0.24 seconds 
Epoch: 36/200 Train accuracy: 7.77113e-01 Validation accuracy: 7.77333e-01 Training loss 4.78391e-03 Validation loss 5.05699e-03 Time taken: 0.25 seconds 
Epoch: 37/200 Train accuracy: 7.78395e-01 Validation accuracy: 7.72333e-01 Training loss 4.77722e-03 Validation loss 5.05646e-03 Time taken: 0.24 seconds 
Epoch: 38/200 Train accuracy: 7.78395e-01 Validation accuracy: 7.74000e-01 Training loss 4.76350e-03 Validation loss 5.04476e-03 Time taken: 0.21 seconds 
Epoch: 39/200 Train accuracy: 7.78253e-01 Validation accuracy: 7.77333e-01 Training loss 4.76463e-03 Validation loss 5.02029e-03 Time taken: 0.19 seconds 
Epoch: 40/200 Train accuracy: 7.80604e-01 Validation accuracy: 7.75333e-01 Training loss 4.75139e-03 Validation loss 5.02630e-03 Time taken: 0.23 seconds 
Epoch: 41/200 Train accuracy: 7.79607e-01 Validation accuracy: 7.74333e-01 Training loss 4.74365e-03 Validation loss 5.02541e-03 Time taken: 0.23 seconds 
Epoch: 42/200 Train accuracy: 7.80390e-01 Validation accuracy: 7.76667e-01 Training loss 4.73415e-03 Validation loss 5.03964e-03 Time taken: 0.28 seconds 
Epoch: 43/200 Train accuracy: 7.81317e-01 Validation accuracy: 7.79333e-01 Training loss 4.73089e-03 Validation loss 5.00365e-03 Time taken: 0.24 seconds 
Epoch: 44/200 Train accuracy: 7.80889e-01 Validation accuracy: 7.73333e-01 Training loss 4.72249e-03 Validation loss 5.00208e-03 Time taken: 0.24 seconds 
Epoch: 45/200 Train accuracy: 7.80034e-01 Validation accuracy: 7.75000e-01 Training loss 4.72824e-03 Validation loss 4.99363e-03 Time taken: 0.24 seconds 
Epoch: 46/200 Train accuracy: 7.80248e-01 Validation accuracy: 7.78000e-01 Training loss 4.71314e-03 Validation loss 4.98308e-03 Time taken: 0.24 seconds 
Epoch: 47/200 Train accuracy: 7.82956e-01 Validation accuracy: 7.80000e-01 Training loss 4.70693e-03 Validation loss 4.98226e-03 Time taken: 0.21 seconds 
Epoch: 48/200 Train accuracy: 7.81673e-01 Validation accuracy: 7.76000e-01 Training loss 4.69797e-03 Validation loss 4.97406e-03 Time taken: 0.20 seconds 
Epoch: 49/200 Train accuracy: 7.79535e-01 Validation accuracy: 7.77667e-01 Training loss 4.69436e-03 Validation loss 4.99457e-03 Time taken: 0.19 seconds 
Epoch: 50/200 Train accuracy: 7.81673e-01 Validation accuracy: 7.75000e-01 Training loss 4.68738e-03 Validation loss 4.98538e-03 Time taken: 0.19 seconds 
Epoch: 51/200 Train accuracy: 7.81673e-01 Validation accuracy: 7.81667e-01 Training loss 4.68235e-03 Validation loss 4.97019e-03 Time taken: 0.19 seconds 
Epoch: 52/200 Train accuracy: 7.81816e-01 Validation accuracy: 7.77333e-01 Training loss 4.67785e-03 Validation loss 5.00493e-03 Time taken: 0.19 seconds 
Epoch: 53/200 Train accuracy: 7.81744e-01 Validation accuracy: 7.78333e-01 Training loss 4.67596e-03 Validation loss 4.93650e-03 Time taken: 0.19 seconds 
Epoch: 54/200 Train accuracy: 7.81887e-01 Validation accuracy: 7.78000e-01 Training loss 4.66831e-03 Validation loss 4.94653e-03 Time taken: 0.22 seconds 
Epoch: 55/200 Train accuracy: 7.81744e-01 Validation accuracy: 7.80333e-01 Training loss 4.66376e-03 Validation loss 4.92717e-03 Time taken: 0.21 seconds 
Epoch: 56/200 Train accuracy: 7.83739e-01 Validation accuracy: 7.80000e-01 Training loss 4.66676e-03 Validation loss 4.95323e-03 Time taken: 0.19 seconds 
Epoch: 57/200 Train accuracy: 7.84167e-01 Validation accuracy: 7.80667e-01 Training loss 4.66388e-03 Validation loss 4.98216e-03 Time taken: 0.19 seconds 
Epoch: 58/200 Train accuracy: 7.84096e-01 Validation accuracy: 7.77000e-01 Training loss 4.65349e-03 Validation loss 4.90886e-03 Time taken: 0.19 seconds 
Epoch: 59/200 Train accuracy: 7.83098e-01 Validation accuracy: 7.83000e-01 Training loss 4.64189e-03 Validation loss 4.91997e-03 Time taken: 0.20 seconds 
Epoch: 60/200 Train accuracy: 7.84523e-01 Validation accuracy: 7.78667e-01 Training loss 4.65157e-03 Validation loss 4.91860e-03 Time taken: 0.19 seconds 
Epoch: 61/200 Train accuracy: 7.84523e-01 Validation accuracy: 7.78000e-01 Training loss 4.62927e-03 Validation loss 4.89465e-03 Time taken: 0.19 seconds 
Epoch: 62/200 Train accuracy: 7.85877e-01 Validation accuracy: 7.85333e-01 Training loss 4.63271e-03 Validation loss 4.93389e-03 Time taken: 0.19 seconds 
Epoch: 63/200 Train accuracy: 7.86020e-01 Validation accuracy: 7.84667e-01 Training loss 4.62426e-03 Validation loss 4.90419e-03 Time taken: 0.19 seconds 
Epoch: 64/200 Train accuracy: 7.84096e-01 Validation accuracy: 7.81333e-01 Training loss 4.62555e-03 Validation loss 4.91232e-03 Time taken: 0.19 seconds 
Epoch: 65/200 Train accuracy: 7.86376e-01 Validation accuracy: 7.80333e-01 Training loss 4.62484e-03 Validation loss 4.91755e-03 Time taken: 0.19 seconds 
Epoch: 66/200 Train accuracy: 7.85450e-01 Validation accuracy: 7.84333e-01 Training loss 4.61642e-03 Validation loss 4.90060e-03 Time taken: 0.19 seconds 
Epoch: 67/200 Train accuracy: 7.83597e-01 Validation accuracy: 7.85333e-01 Training loss 4.61304e-03 Validation loss 4.87954e-03 Time taken: 0.19 seconds 
Epoch: 68/200 Train accuracy: 7.87160e-01 Validation accuracy: 7.84333e-01 Training loss 4.61399e-03 Validation loss 4.89778e-03 Time taken: 0.22 seconds 
Epoch: 69/200 Train accuracy: 7.86020e-01 Validation accuracy: 7.85667e-01 Training loss 4.60243e-03 Validation loss 4.88360e-03 Time taken: 0.19 seconds 
Epoch: 70/200 Train accuracy: 7.87587e-01 Validation accuracy: 7.79667e-01 Training loss 4.60045e-03 Validation loss 4.90195e-03 Time taken: 0.19 seconds 
Epoch: 71/200 Train accuracy: 7.85592e-01 Validation accuracy: 7.87000e-01 Training loss 4.59637e-03 Validation loss 4.88245e-03 Time taken: 0.19 seconds 
Epoch: 72/200 Train accuracy: 7.87374e-01 Validation accuracy: 7.81667e-01 Training loss 4.59901e-03 Validation loss 4.89789e-03 Time taken: 0.19 seconds 
Epoch: 73/200 Train accuracy: 7.88656e-01 Validation accuracy: 7.83000e-01 Training loss 4.58124e-03 Validation loss 4.86403e-03 Time taken: 0.21 seconds 
Epoch: 74/200 Train accuracy: 7.85948e-01 Validation accuracy: 7.83333e-01 Training loss 4.59121e-03 Validation loss 4.87517e-03 Time taken: 0.19 seconds 
Epoch: 75/200 Train accuracy: 7.85378e-01 Validation accuracy: 7.84000e-01 Training loss 4.58803e-03 Validation loss 4.84472e-03 Time taken: 0.19 seconds 
Epoch: 76/200 Train accuracy: 7.87730e-01 Validation accuracy: 7.86333e-01 Training loss 4.58066e-03 Validation loss 4.86182e-03 Time taken: 0.20 seconds 
Epoch: 77/200 Train accuracy: 7.87944e-01 Validation accuracy: 7.87333e-01 Training loss 4.57392e-03 Validation loss 4.84855e-03 Time taken: 0.23 seconds 
Epoch: 78/200 Train accuracy: 7.87088e-01 Validation accuracy: 7.84000e-01 Training loss 4.57852e-03 Validation loss 4.85657e-03 Time taken: 0.21 seconds 
Epoch: 79/200 Train accuracy: 7.87587e-01 Validation accuracy: 7.89333e-01 Training loss 4.57451e-03 Validation loss 4.86529e-03 Time taken: 0.19 seconds 
Epoch: 80/200 Train accuracy: 7.88157e-01 Validation accuracy: 7.83333e-01 Training loss 4.55850e-03 Validation loss 4.84540e-03 Time taken: 0.19 seconds 
Epoch: 81/200 Train accuracy: 7.89511e-01 Validation accuracy: 7.84667e-01 Training loss 4.55850e-03 Validation loss 4.83285e-03 Time taken: 0.21 seconds 
Epoch: 82/200 Train accuracy: 7.90366e-01 Validation accuracy: 7.83667e-01 Training loss 4.56448e-03 Validation loss 4.85105e-03 Time taken: 0.19 seconds 
Epoch: 83/200 Train accuracy: 7.90438e-01 Validation accuracy: 7.79667e-01 Training loss 4.55656e-03 Validation loss 4.86083e-03 Time taken: 0.19 seconds 
Epoch: 84/200 Train accuracy: 7.88442e-01 Validation accuracy: 7.85667e-01 Training loss 4.56534e-03 Validation loss 4.82652e-03 Time taken: 0.19 seconds 
Epoch: 85/200 Train accuracy: 7.89867e-01 Validation accuracy: 7.87667e-01 Training loss 4.55338e-03 Validation loss 4.84041e-03 Time taken: 0.19 seconds 
Epoch: 86/200 Train accuracy: 7.88941e-01 Validation accuracy: 7.83000e-01 Training loss 4.55216e-03 Validation loss 4.85240e-03 Time taken: 0.20 seconds 
Epoch: 87/200 Train accuracy: 7.88229e-01 Validation accuracy: 7.88333e-01 Training loss 4.55448e-03 Validation loss 4.82863e-03 Time taken: 0.23 seconds 
Epoch: 88/200 Train accuracy: 7.88514e-01 Validation accuracy: 7.86000e-01 Training loss 4.54328e-03 Validation loss 4.83436e-03 Time taken: 0.23 seconds 
Epoch: 89/200 Train accuracy: 7.88870e-01 Validation accuracy: 7.85000e-01 Training loss 4.54611e-03 Validation loss 4.82305e-03 Time taken: 0.19 seconds 
Epoch: 90/200 Train accuracy: 7.90366e-01 Validation accuracy: 7.85667e-01 Training loss 4.53352e-03 Validation loss 4.83270e-03 Time taken: 0.19 seconds 
Epoch: 91/200 Train accuracy: 7.88870e-01 Validation accuracy: 7.86667e-01 Training loss 4.54214e-03 Validation loss 4.80333e-03 Time taken: 0.19 seconds 
Epoch: 92/200 Train accuracy: 7.89084e-01 Validation accuracy: 7.84667e-01 Training loss 4.52885e-03 Validation loss 4.82447e-03 Time taken: 0.19 seconds 
Epoch: 93/200 Train accuracy: 7.90224e-01 Validation accuracy: 7.83667e-01 Training loss 4.53527e-03 Validation loss 4.80801e-03 Time taken: 0.19 seconds 
Epoch: 94/200 Train accuracy: 7.90438e-01 Validation accuracy: 7.89667e-01 Training loss 4.52365e-03 Validation loss 4.81785e-03 Time taken: 0.19 seconds 
Epoch: 95/200 Train accuracy: 7.90865e-01 Validation accuracy: 7.86000e-01 Training loss 4.52480e-03 Validation loss 4.82306e-03 Time taken: 0.19 seconds 
Epoch: 96/200 Train accuracy: 7.91293e-01 Validation accuracy: 7.90333e-01 Training loss 4.52695e-03 Validation loss 4.81125e-03 Time taken: 0.19 seconds 
Epoch: 97/200 Train accuracy: 7.91863e-01 Validation accuracy: 7.89667e-01 Training loss 4.51789e-03 Validation loss 4.81932e-03 Time taken: 0.19 seconds 
Epoch: 98/200 Train accuracy: 7.91578e-01 Validation accuracy: 7.88667e-01 Training loss 4.52033e-03 Validation loss 4.80384e-03 Time taken: 0.19 seconds 
Epoch: 99/200 Train accuracy: 7.91720e-01 Validation accuracy: 7.84000e-01 Training loss 4.51466e-03 Validation loss 4.81765e-03 Time taken: 0.23 seconds 
Epoch: 100/200 Train accuracy: 7.90152e-01 Validation accuracy: 7.88000e-01 Training loss 4.52040e-03 Validation loss 4.78745e-03 Time taken: 0.22 seconds 
Epoch: 101/200 Train accuracy: 7.91578e-01 Validation accuracy: 7.88333e-01 Training loss 4.51524e-03 Validation loss 4.79697e-03 Time taken: 0.19 seconds 
Epoch: 102/200 Train accuracy: 7.92076e-01 Validation accuracy: 7.90000e-01 Training loss 4.51079e-03 Validation loss 4.79390e-03 Time taken: 0.19 seconds 
Epoch: 103/200 Train accuracy: 7.92219e-01 Validation accuracy: 7.86333e-01 Training loss 4.50582e-03 Validation loss 4.79632e-03 Time taken: 0.19 seconds 
Epoch: 104/200 Train accuracy: 7.92504e-01 Validation accuracy: 7.88333e-01 Training loss 4.49833e-03 Validation loss 4.81118e-03 Time taken: 0.19 seconds 
Epoch: 105/200 Train accuracy: 7.93501e-01 Validation accuracy: 7.88000e-01 Training loss 4.50888e-03 Validation loss 4.77666e-03 Time taken: 0.22 seconds 
Epoch: 106/200 Train accuracy: 7.90936e-01 Validation accuracy: 7.85667e-01 Training loss 4.49643e-03 Validation loss 4.77898e-03 Time taken: 0.19 seconds 
Epoch: 107/200 Train accuracy: 7.90723e-01 Validation accuracy: 7.86333e-01 Training loss 4.50096e-03 Validation loss 4.77545e-03 Time taken: 0.21 seconds 
Epoch: 108/200 Train accuracy: 7.91150e-01 Validation accuracy: 7.87667e-01 Training loss 4.50188e-03 Validation loss 4.77365e-03 Time taken: 0.22 seconds 
Epoch: 109/200 Train accuracy: 7.93288e-01 Validation accuracy: 7.90000e-01 Training loss 4.49135e-03 Validation loss 4.77072e-03 Time taken: 0.20 seconds 
Epoch: 110/200 Train accuracy: 7.92718e-01 Validation accuracy: 7.81667e-01 Training loss 4.49462e-03 Validation loss 4.78990e-03 Time taken: 0.31 seconds 
Epoch: 111/200 Train accuracy: 7.93787e-01 Validation accuracy: 7.86667e-01 Training loss 4.49169e-03 Validation loss 4.79226e-03 Time taken: 0.22 seconds 
Epoch: 112/200 Train accuracy: 7.92789e-01 Validation accuracy: 7.89000e-01 Training loss 4.48654e-03 Validation loss 4.78654e-03 Time taken: 0.25 seconds 
Epoch: 113/200 Train accuracy: 7.93359e-01 Validation accuracy: 7.90333e-01 Training loss 4.48726e-03 Validation loss 4.76415e-03 Time taken: 0.24 seconds 
Epoch: 114/200 Train accuracy: 7.93288e-01 Validation accuracy: 7.83000e-01 Training loss 4.48062e-03 Validation loss 4.75930e-03 Time taken: 0.23 seconds 
Epoch: 115/200 Train accuracy: 7.92504e-01 Validation accuracy: 7.88667e-01 Training loss 4.48310e-03 Validation loss 4.80232e-03 Time taken: 0.24 seconds 
Epoch: 116/200 Train accuracy: 7.91863e-01 Validation accuracy: 7.84000e-01 Training loss 4.47641e-03 Validation loss 4.79294e-03 Time taken: 0.20 seconds 
Epoch: 117/200 Train accuracy: 7.92718e-01 Validation accuracy: 7.83000e-01 Training loss 4.47897e-03 Validation loss 4.75890e-03 Time taken: 0.21 seconds 
Epoch: 118/200 Train accuracy: 7.94784e-01 Validation accuracy: 7.87000e-01 Training loss 4.47590e-03 Validation loss 4.75624e-03 Time taken: 0.21 seconds 
Epoch: 119/200 Train accuracy: 7.92931e-01 Validation accuracy: 7.86667e-01 Training loss 4.47138e-03 Validation loss 4.75394e-03 Time taken: 0.20 seconds 
Epoch: 120/200 Train accuracy: 7.94499e-01 Validation accuracy: 7.83333e-01 Training loss 4.47657e-03 Validation loss 4.75128e-03 Time taken: 0.34 seconds 
Epoch: 121/200 Train accuracy: 7.94285e-01 Validation accuracy: 7.86667e-01 Training loss 4.47501e-03 Validation loss 4.74750e-03 Time taken: 0.24 seconds 
Epoch: 122/200 Train accuracy: 7.92575e-01 Validation accuracy: 7.87000e-01 Training loss 4.46529e-03 Validation loss 4.78184e-03 Time taken: 0.19 seconds 
Epoch: 123/200 Train accuracy: 7.94784e-01 Validation accuracy: 7.85333e-01 Training loss 4.46451e-03 Validation loss 4.75181e-03 Time taken: 0.22 seconds 
Epoch: 124/200 Train accuracy: 7.94784e-01 Validation accuracy: 7.89000e-01 Training loss 4.46854e-03 Validation loss 4.74055e-03 Time taken: 0.20 seconds 
Epoch: 125/200 Train accuracy: 7.93003e-01 Validation accuracy: 7.84667e-01 Training loss 4.45798e-03 Validation loss 4.77309e-03 Time taken: 0.26 seconds 
Epoch: 126/200 Train accuracy: 7.94784e-01 Validation accuracy: 7.87000e-01 Training loss 4.47051e-03 Validation loss 4.76819e-03 Time taken: 0.28 seconds 
Epoch: 127/200 Train accuracy: 7.92361e-01 Validation accuracy: 7.86333e-01 Training loss 4.46522e-03 Validation loss 4.73910e-03 Time taken: 0.27 seconds 
Epoch: 128/200 Train accuracy: 7.96209e-01 Validation accuracy: 7.89667e-01 Training loss 4.46135e-03 Validation loss 4.75844e-03 Time taken: 0.26 seconds 
Epoch: 129/200 Train accuracy: 7.92076e-01 Validation accuracy: 7.86667e-01 Training loss 4.46633e-03 Validation loss 4.78293e-03 Time taken: 0.26 seconds 
Epoch: 130/200 Train accuracy: 7.93929e-01 Validation accuracy: 7.89000e-01 Training loss 4.45210e-03 Validation loss 4.78215e-03 Time taken: 0.23 seconds 
Epoch: 131/200 Train accuracy: 7.95354e-01 Validation accuracy: 7.91333e-01 Training loss 4.45173e-03 Validation loss 4.75532e-03 Time taken: 0.23 seconds 
Epoch: 132/200 Train accuracy: 7.96494e-01 Validation accuracy: 7.86667e-01 Training loss 4.44984e-03 Validation loss 4.72346e-03 Time taken: 0.24 seconds 
Epoch: 133/200 Train accuracy: 7.93288e-01 Validation accuracy: 7.90333e-01 Training loss 4.44276e-03 Validation loss 4.72456e-03 Time taken: 0.23 seconds 
Epoch: 134/200 Train accuracy: 7.93787e-01 Validation accuracy: 7.90333e-01 Training loss 4.45401e-03 Validation loss 4.74663e-03 Time taken: 0.24 seconds 
Epoch: 135/200 Train accuracy: 7.95140e-01 Validation accuracy: 7.89000e-01 Training loss 4.44717e-03 Validation loss 4.74139e-03 Time taken: 0.23 seconds 
Epoch: 136/200 Train accuracy: 7.95568e-01 Validation accuracy: 7.89000e-01 Training loss 4.44346e-03 Validation loss 4.72754e-03 Time taken: 0.23 seconds 
Epoch: 137/200 Train accuracy: 7.95069e-01 Validation accuracy: 7.92333e-01 Training loss 4.43357e-03 Validation loss 4.72261e-03 Time taken: 0.24 seconds 
Epoch: 138/200 Train accuracy: 7.94998e-01 Validation accuracy: 7.87000e-01 Training loss 4.43981e-03 Validation loss 4.73932e-03 Time taken: 0.25 seconds 
Epoch: 139/200 Train accuracy: 7.94642e-01 Validation accuracy: 7.89333e-01 Training loss 4.43890e-03 Validation loss 4.72392e-03 Time taken: 0.23 seconds 
Epoch: 140/200 Train accuracy: 7.97848e-01 Validation accuracy: 7.91333e-01 Training loss 4.43133e-03 Validation loss 4.74497e-03 Time taken: 0.23 seconds 
Epoch: 141/200 Train accuracy: 7.93644e-01 Validation accuracy: 7.93000e-01 Training loss 4.43855e-03 Validation loss 4.72609e-03 Time taken: 0.23 seconds 
Epoch: 142/200 Train accuracy: 7.96922e-01 Validation accuracy: 7.87667e-01 Training loss 4.43790e-03 Validation loss 4.73988e-03 Time taken: 0.23 seconds 
Epoch: 143/200 Train accuracy: 7.95782e-01 Validation accuracy: 7.88000e-01 Training loss 4.43716e-03 Validation loss 4.72860e-03 Time taken: 0.23 seconds 
Epoch: 144/200 Train accuracy: 7.93003e-01 Validation accuracy: 7.85000e-01 Training loss 4.43134e-03 Validation loss 4.71087e-03 Time taken: 0.23 seconds 
Epoch: 145/200 Train accuracy: 7.96138e-01 Validation accuracy: 7.93667e-01 Training loss 4.43772e-03 Validation loss 4.72703e-03 Time taken: 0.25 seconds 
Epoch: 146/200 Train accuracy: 7.95782e-01 Validation accuracy: 7.90667e-01 Training loss 4.42826e-03 Validation loss 4.70976e-03 Time taken: 0.23 seconds 
Epoch: 147/200 Train accuracy: 7.94357e-01 Validation accuracy: 7.85000e-01 Training loss 4.43554e-03 Validation loss 4.73978e-03 Time taken: 0.26 seconds 
Epoch: 148/200 Train accuracy: 7.94570e-01 Validation accuracy: 7.85667e-01 Training loss 4.42919e-03 Validation loss 4.78845e-03 Time taken: 0.25 seconds 
Epoch: 149/200 Train accuracy: 7.95212e-01 Validation accuracy: 7.90667e-01 Training loss 4.43942e-03 Validation loss 4.69760e-03 Time taken: 0.23 seconds 
Epoch: 150/200 Train accuracy: 7.96494e-01 Validation accuracy: 7.89000e-01 Training loss 4.42748e-03 Validation loss 4.75917e-03 Time taken: 0.20 seconds 
Epoch: 151/200 Train accuracy: 7.95568e-01 Validation accuracy: 7.85333e-01 Training loss 4.42393e-03 Validation loss 4.79429e-03 Time taken: 0.22 seconds 
Epoch: 152/200 Train accuracy: 7.94570e-01 Validation accuracy: 7.87667e-01 Training loss 4.42771e-03 Validation loss 4.72928e-03 Time taken: 0.22 seconds 
Epoch: 153/200 Train accuracy: 7.98703e-01 Validation accuracy: 7.90333e-01 Training loss 4.41316e-03 Validation loss 4.69358e-03 Time taken: 0.20 seconds 
Epoch: 154/200 Train accuracy: 7.95924e-01 Validation accuracy: 7.91333e-01 Training loss 4.42596e-03 Validation loss 4.70211e-03 Time taken: 0.22 seconds 
Epoch: 155/200 Train accuracy: 7.96993e-01 Validation accuracy: 7.88667e-01 Training loss 4.42514e-03 Validation loss 4.69325e-03 Time taken: 0.19 seconds 
Epoch: 156/200 Train accuracy: 7.96851e-01 Validation accuracy: 7.91667e-01 Training loss 4.41719e-03 Validation loss 4.71839e-03 Time taken: 0.24 seconds 
Epoch: 157/200 Train accuracy: 7.96209e-01 Validation accuracy: 7.86000e-01 Training loss 4.41253e-03 Validation loss 4.70308e-03 Time taken: 0.19 seconds 
Epoch: 158/200 Train accuracy: 7.96067e-01 Validation accuracy: 7.88333e-01 Training loss 4.41373e-03 Validation loss 4.72243e-03 Time taken: 0.32 seconds 
Epoch: 159/200 Train accuracy: 7.96637e-01 Validation accuracy: 7.90667e-01 Training loss 4.40807e-03 Validation loss 4.70274e-03 Time taken: 0.23 seconds 
Epoch: 160/200 Train accuracy: 7.97207e-01 Validation accuracy: 7.87333e-01 Training loss 4.40758e-03 Validation loss 4.69977e-03 Time taken: 0.22 seconds 
Epoch: 161/200 Train accuracy: 7.99629e-01 Validation accuracy: 7.86667e-01 Training loss 4.40457e-03 Validation loss 4.70116e-03 Time taken: 0.23 seconds 
Epoch: 162/200 Train accuracy: 7.96779e-01 Validation accuracy: 7.91333e-01 Training loss 4.40913e-03 Validation loss 4.74456e-03 Time taken: 0.19 seconds 
Epoch: 163/200 Train accuracy: 7.96280e-01 Validation accuracy: 7.86000e-01 Training loss 4.40942e-03 Validation loss 4.73980e-03 Time taken: 0.22 seconds 
Epoch: 164/200 Train accuracy: 7.97136e-01 Validation accuracy: 7.89667e-01 Training loss 4.40954e-03 Validation loss 4.70812e-03 Time taken: 0.21 seconds 
Epoch: 165/200 Train accuracy: 7.96922e-01 Validation accuracy: 7.86000e-01 Training loss 4.40165e-03 Validation loss 4.67968e-03 Time taken: 0.21 seconds 
Epoch: 166/200 Train accuracy: 7.97492e-01 Validation accuracy: 7.89333e-01 Training loss 4.40290e-03 Validation loss 4.68217e-03 Time taken: 0.22 seconds 
Epoch: 167/200 Train accuracy: 7.95853e-01 Validation accuracy: 7.84000e-01 Training loss 4.39995e-03 Validation loss 4.68849e-03 Time taken: 0.19 seconds 
Epoch: 168/200 Train accuracy: 7.96708e-01 Validation accuracy: 7.92000e-01 Training loss 4.40779e-03 Validation loss 4.70541e-03 Time taken: 0.36 seconds 
Epoch: 169/200 Train accuracy: 7.96067e-01 Validation accuracy: 7.90667e-01 Training loss 4.39368e-03 Validation loss 4.69700e-03 Time taken: 0.21 seconds 
Epoch: 170/200 Train accuracy: 7.96993e-01 Validation accuracy: 7.90333e-01 Training loss 4.39244e-03 Validation loss 4.70898e-03 Time taken: 0.20 seconds 
Epoch: 171/200 Train accuracy: 7.98133e-01 Validation accuracy: 7.92333e-01 Training loss 4.39488e-03 Validation loss 4.71810e-03 Time taken: 0.22 seconds 
Epoch: 172/200 Train accuracy: 7.96922e-01 Validation accuracy: 7.89333e-01 Training loss 4.39356e-03 Validation loss 4.69770e-03 Time taken: 0.20 seconds 
Epoch: 173/200 Train accuracy: 7.97421e-01 Validation accuracy: 7.88333e-01 Training loss 4.38751e-03 Validation loss 4.69978e-03 Time taken: 0.23 seconds 
Epoch: 174/200 Train accuracy: 7.95853e-01 Validation accuracy: 7.91000e-01 Training loss 4.39289e-03 Validation loss 4.68221e-03 Time taken: 0.23 seconds 
Epoch: 175/200 Train accuracy: 7.99202e-01 Validation accuracy: 7.93333e-01 Training loss 4.39212e-03 Validation loss 4.71061e-03 Time taken: 0.23 seconds 
Epoch: 176/200 Train accuracy: 7.96708e-01 Validation accuracy: 7.94667e-01 Training loss 4.39625e-03 Validation loss 4.68528e-03 Time taken: 0.23 seconds 
Epoch: 177/200 Train accuracy: 7.97991e-01 Validation accuracy: 7.87000e-01 Training loss 4.38401e-03 Validation loss 4.71131e-03 Time taken: 0.21 seconds 
Epoch: 178/200 Train accuracy: 7.97136e-01 Validation accuracy: 7.92333e-01 Training loss 4.39784e-03 Validation loss 4.67185e-03 Time taken: 0.29 seconds 
Epoch: 179/200 Train accuracy: 7.97991e-01 Validation accuracy: 7.88667e-01 Training loss 4.37873e-03 Validation loss 4.68394e-03 Time taken: 0.23 seconds 
Epoch: 180/200 Train accuracy: 7.96494e-01 Validation accuracy: 7.91000e-01 Training loss 4.39149e-03 Validation loss 4.66011e-03 Time taken: 0.26 seconds 
Epoch: 181/200 Train accuracy: 7.97848e-01 Validation accuracy: 7.89000e-01 Training loss 4.37846e-03 Validation loss 4.71469e-03 Time taken: 0.25 seconds 
Epoch: 182/200 Train accuracy: 7.99273e-01 Validation accuracy: 7.95333e-01 Training loss 4.37829e-03 Validation loss 4.67393e-03 Time taken: 0.23 seconds 
Epoch: 183/200 Train accuracy: 7.98418e-01 Validation accuracy: 7.90000e-01 Training loss 4.39022e-03 Validation loss 4.66745e-03 Time taken: 0.23 seconds 
Epoch: 184/200 Train accuracy: 7.97278e-01 Validation accuracy: 7.92333e-01 Training loss 4.38269e-03 Validation loss 4.69096e-03 Time taken: 0.23 seconds 
Epoch: 185/200 Train accuracy: 7.98276e-01 Validation accuracy: 7.91000e-01 Training loss 4.38757e-03 Validation loss 4.65950e-03 Time taken: 0.23 seconds 
Epoch: 186/200 Train accuracy: 7.99558e-01 Validation accuracy: 7.90333e-01 Training loss 4.38183e-03 Validation loss 4.70270e-03 Time taken: 0.23 seconds 
Epoch: 187/200 Train accuracy: 7.98561e-01 Validation accuracy: 7.89000e-01 Training loss 4.36922e-03 Validation loss 4.65914e-03 Time taken: 0.25 seconds 
Epoch: 188/200 Train accuracy: 8.00770e-01 Validation accuracy: 7.89667e-01 Training loss 4.37462e-03 Validation loss 4.68399e-03 Time taken: 0.23 seconds 
Epoch: 189/200 Train accuracy: 7.99986e-01 Validation accuracy: 7.93667e-01 Training loss 4.37370e-03 Validation loss 4.66698e-03 Time taken: 0.22 seconds 
Epoch: 190/200 Train accuracy: 7.97777e-01 Validation accuracy: 7.90667e-01 Training loss 4.37544e-03 Validation loss 4.67147e-03 Time taken: 0.22 seconds 
Epoch: 191/200 Train accuracy: 7.99131e-01 Validation accuracy: 7.92667e-01 Training loss 4.37158e-03 Validation loss 4.66174e-03 Time taken: 0.21 seconds 
Epoch: 192/200 Train accuracy: 7.99701e-01 Validation accuracy: 7.93333e-01 Training loss 4.36408e-03 Validation loss 4.68746e-03 Time taken: 0.21 seconds 
Epoch: 193/200 Train accuracy: 7.99772e-01 Validation accuracy: 7.91333e-01 Training loss 4.36950e-03 Validation loss 4.69882e-03 Time taken: 0.23 seconds 
Epoch: 194/200 Train accuracy: 7.97349e-01 Validation accuracy: 7.90667e-01 Training loss 4.37868e-03 Validation loss 4.67752e-03 Time taken: 0.20 seconds 
Epoch: 195/200 Train accuracy: 8.00485e-01 Validation accuracy: 7.91333e-01 Training loss 4.36927e-03 Validation loss 4.66982e-03 Time taken: 0.23 seconds 
Epoch: 196/200 Train accuracy: 7.99772e-01 Validation accuracy: 7.92333e-01 Training loss 4.37071e-03 Validation loss 4.65847e-03 Time taken: 0.23 seconds 
Epoch: 197/200 Train accuracy: 7.99986e-01 Validation accuracy: 7.90333e-01 Training loss 4.37426e-03 Validation loss 4.68542e-03 Time taken: 0.25 seconds 
Epoch: 198/200 Train accuracy: 7.99273e-01 Validation accuracy: 7.92667e-01 Training loss 4.36087e-03 Validation loss 4.67331e-03 Time taken: 0.28 seconds 
Epoch: 199/200 Train accuracy: 8.00271e-01 Validation accuracy: 7.92000e-01 Training loss 4.36285e-03 Validation loss 4.64203e-03 Time taken: 0.25 seconds 
Epoch: 200/200 Train accuracy: 7.98846e-01 Validation accuracy: 7.95667e-01 Training loss 4.36549e-03 Validation loss 4.65848e-03 Time taken: 0.24 seconds 
Total time taken 0:00:45.661348
Cleaning up intermediate feature (.pt) files
Done


working on file logs_PKT_chunks/iic-train-l2-pkt-chunks-seed2/jepa-iic-l2-seed2-ep500.pth.tar ...
