Directory logs_PKT_chunks/iic-train-l2-pkt-chunks-seed0/classifiers for saving the classifiers is now present
VisionTransformer(
  (patch_embed): PatchEmbed(
    (proj): Conv2d(3, 768, kernel_size=(15, 15), stride=(15, 15))
  )
  (blocks): ModuleList(
    (0-11): 12 x Block(
      (norm1): LayerNorm((768,), eps=1e-06, elementwise_affine=True)
      (attn): Attention(
        (qkv): Linear(in_features=768, out_features=2304, bias=True)
        (attn_drop): Dropout(p=0.0, inplace=False)
        (proj): Linear(in_features=768, out_features=768, bias=True)
        (proj_drop): Dropout(p=0.0, inplace=False)
      )
      (drop_path): Identity()
      (norm2): LayerNorm((768,), eps=1e-06, elementwise_affine=True)
      (mlp): MLP(
        (fc1): Linear(in_features=768, out_features=3072, bias=True)
        (act): GELU(approximate='none')
        (fc2): Linear(in_features=3072, out_features=768, bias=True)
        (drop): Dropout(p=0.0, inplace=False)
      )
    )
  )
  (norm): LayerNorm((768,), eps=1e-06, elementwise_affine=True)
)
Extracting features and saving them in memory..
Extracting features...
Done extracting features...
 Creating datasets
Created datasets...
 Creating data loaders
Done with data loaders
Commencing training
Epoch: 1/200 Train accuracy: 3.48320e-01 Validation accuracy: 4.22600e-01 Training loss 1.45287e-02 Validation loss 1.32019e-02 Time taken: 0.70 seconds 
Directory logs_PKT_chunks/iic-train-l2-pkt-chunks-seed0/classifiers for saving the classifiers is now present
VisionTransformer(
  (patch_embed): PatchEmbed(
    (proj): Conv2d(3, 768, kernel_size=(15, 15), stride=(15, 15))
  )
  (blocks): ModuleList(
    (0-11): 12 x Block(
      (norm1): LayerNorm((768,), eps=1e-06, elementwise_affine=True)
      (attn): Attention(
        (qkv): Linear(in_features=768, out_features=2304, bias=True)
        (attn_drop): Dropout(p=0.0, inplace=False)
        (proj): Linear(in_features=768, out_features=768, bias=True)
        (proj_drop): Dropout(p=0.0, inplace=False)
      )
      (drop_path): Identity()
      (norm2): LayerNorm((768,), eps=1e-06, elementwise_affine=True)
      (mlp): MLP(
        (fc1): Linear(in_features=768, out_features=3072, bias=True)
        (act): GELU(approximate='none')
        (fc2): Linear(in_features=3072, out_features=768, bias=True)
        (drop): Dropout(p=0.0, inplace=False)
      )
    )
  )
  (norm): LayerNorm((768,), eps=1e-06, elementwise_affine=True)
)
Extracting features and saving them in memory..
Extracting features...
Done extracting features...
 Creating datasets
Created datasets...
 Creating data loaders
Done with data loaders
Commencing training
Epoch: 1/200 Train accuracy: 3.57780e-01 Validation accuracy: 4.23000e-01 Training loss 1.43228e-02 Validation loss 1.31597e-02 Time taken: 0.80 seconds 
Epoch: 2/200 Train accuracy: 4.48140e-01 Validation accuracy: 4.48800e-01 Training loss 1.25527e-02 Validation loss 1.23842e-02 Time taken: 0.77 seconds 
Epoch: 3/200 Train accuracy: 4.69180e-01 Validation accuracy: 4.74700e-01 Training loss 1.19742e-02 Validation loss 1.19489e-02 Time taken: 0.93 seconds 
Epoch: 4/200 Train accuracy: 4.83140e-01 Validation accuracy: 4.87100e-01 Training loss 1.16422e-02 Validation loss 1.17077e-02 Time taken: 0.84 seconds 
Epoch: 5/200 Train accuracy: 4.91100e-01 Validation accuracy: 4.86900e-01 Training loss 1.14377e-02 Validation loss 1.15564e-02 Time taken: 0.83 seconds 
Epoch: 6/200 Train accuracy: 4.97800e-01 Validation accuracy: 4.97100e-01 Training loss 1.12908e-02 Validation loss 1.14326e-02 Time taken: 0.91 seconds 
Epoch: 7/200 Train accuracy: 5.02240e-01 Validation accuracy: 4.99800e-01 Training loss 1.11799e-02 Validation loss 1.13299e-02 Time taken: 0.72 seconds 
Epoch: 8/200 Train accuracy: 5.04300e-01 Validation accuracy: 5.06200e-01 Training loss 1.10923e-02 Validation loss 1.12516e-02 Time taken: 0.72 seconds 
Epoch: 9/200 Train accuracy: 5.05560e-01 Validation accuracy: 5.02800e-01 Training loss 1.10221e-02 Validation loss 1.12347e-02 Time taken: 0.87 seconds 
Epoch: 10/200 Train accuracy: 5.08500e-01 Validation accuracy: 5.07200e-01 Training loss 1.09579e-02 Validation loss 1.11625e-02 Time taken: 0.77 seconds 
Epoch: 11/200 Train accuracy: 5.10680e-01 Validation accuracy: 5.10300e-01 Training loss 1.09058e-02 Validation loss 1.10919e-02 Time taken: 0.82 seconds 
Epoch: 12/200 Train accuracy: 5.13140e-01 Validation accuracy: 5.07700e-01 Training loss 1.08646e-02 Validation loss 1.11245e-02 Time taken: 0.77 seconds 
Epoch: 13/200 Train accuracy: 5.14260e-01 Validation accuracy: 5.10000e-01 Training loss 1.08204e-02 Validation loss 1.10414e-02 Time taken: 0.70 seconds 
Epoch: 14/200 Train accuracy: 5.16840e-01 Validation accuracy: 5.11300e-01 Training loss 1.07846e-02 Validation loss 1.10014e-02 Time taken: 1.04 seconds 
Epoch: 15/200 Train accuracy: 5.18080e-01 Validation accuracy: 5.14500e-01 Training loss 1.07515e-02 Validation loss 1.09724e-02 Time taken: 0.89 seconds 
Epoch: 16/200 Train accuracy: 5.18640e-01 Validation accuracy: 5.15900e-01 Training loss 1.07232e-02 Validation loss 1.09523e-02 Time taken: 0.88 seconds 
Epoch: 17/200 Train accuracy: 5.20020e-01 Validation accuracy: 5.18200e-01 Training loss 1.06959e-02 Validation loss 1.09276e-02 Time taken: 1.08 seconds 
Epoch: 18/200 Train accuracy: 5.20680e-01 Validation accuracy: 5.17000e-01 Training loss 1.06718e-02 Validation loss 1.09075e-02 Time taken: 0.82 seconds 
Epoch: 19/200 Train accuracy: 5.22220e-01 Validation accuracy: 5.21800e-01 Training loss 1.06500e-02 Validation loss 1.08747e-02 Time taken: 1.04 seconds 
Epoch: 20/200 Train accuracy: 5.23120e-01 Validation accuracy: 5.18000e-01 Training loss 1.06266e-02 Validation loss 1.08725e-02 Time taken: 0.81 seconds 
Epoch: 21/200 Train accuracy: 5.23100e-01 Validation accuracy: 5.17800e-01 Training loss 1.06062e-02 Validation loss 1.08655e-02 Time taken: 0.84 seconds 
Epoch: 22/200 Train accuracy: 5.25280e-01 Validation accuracy: 5.21800e-01 Training loss 1.05866e-02 Validation loss 1.08238e-02 Time taken: 1.03 seconds 
Epoch: 23/200 Train accuracy: 5.25280e-01 Validation accuracy: 5.25500e-01 Training loss 1.05708e-02 Validation loss 1.08031e-02 Time taken: 0.83 seconds 
Epoch: 24/200 Train accuracy: 5.26620e-01 Validation accuracy: 5.18300e-01 Training loss 1.05536e-02 Validation loss 1.08124e-02 Time taken: 0.85 seconds 
Epoch: 25/200 Train accuracy: 5.26000e-01 Validation accuracy: 5.22300e-01 Training loss 1.05369e-02 Validation loss 1.07720e-02 Time taken: 0.84 seconds 
Epoch: 26/200 Train accuracy: 5.27860e-01 Validation accuracy: 5.18500e-01 Training loss 1.05130e-02 Validation loss 1.08026e-02 Time taken: 0.82 seconds 
Epoch: 27/200 Train accuracy: 5.28340e-01 Validation accuracy: 5.23500e-01 Training loss 1.05047e-02 Validation loss 1.07531e-02 Time taken: 1.04 seconds 
Epoch: 28/200 Train accuracy: 5.31140e-01 Validation accuracy: 5.27000e-01 Training loss 1.04900e-02 Validation loss 1.07321e-02 Time taken: 0.83 seconds 
Epoch: 29/200 Train accuracy: 5.29420e-01 Validation accuracy: 5.18600e-01 Training loss 1.04750e-02 Validation loss 1.07755e-02 Time taken: 0.87 seconds 
Epoch: 30/200 Train accuracy: 5.30600e-01 Validation accuracy: 5.26700e-01 Training loss 1.04608e-02 Validation loss 1.07201e-02 Time taken: 0.92 seconds 
Epoch: 31/200 Train accuracy: 5.30680e-01 Validation accuracy: 5.24400e-01 Training loss 1.04517e-02 Validation loss 1.07343e-02 Time taken: 0.84 seconds 
Epoch: 32/200 Train accuracy: 5.32640e-01 Validation accuracy: 5.25400e-01 Training loss 1.04388e-02 Validation loss 1.06948e-02 Time taken: 1.11 seconds 
Epoch: 33/200 Train accuracy: 5.32300e-01 Validation accuracy: 5.27500e-01 Training loss 1.04262e-02 Validation loss 1.06867e-02 Time taken: 0.88 seconds 
Epoch: 34/200 Train accuracy: 5.33280e-01 Validation accuracy: 5.25000e-01 Training loss 1.04206e-02 Validation loss 1.06772e-02 Time taken: 0.84 seconds 
Epoch: 35/200 Train accuracy: 5.33440e-01 Validation accuracy: 5.30700e-01 Training loss 1.04023e-02 Validation loss 1.06712e-02 Time taken: 0.93 seconds 
Epoch: 36/200 Train accuracy: 5.33120e-01 Validation accuracy: 5.30700e-01 Training loss 1.03945e-02 Validation loss 1.06516e-02 Time taken: 0.82 seconds 
Epoch: 37/200 Train accuracy: 5.33860e-01 Validation accuracy: 5.24100e-01 Training loss 1.03863e-02 Validation loss 1.06663e-02 Time taken: 1.08 seconds 
Epoch: 38/200 Train accuracy: 5.34280e-01 Validation accuracy: 5.27300e-01 Training loss 1.03820e-02 Validation loss 1.06448e-02 Time taken: 0.88 seconds 
Epoch: 39/200 Train accuracy: 5.35380e-01 Validation accuracy: 5.33500e-01 Training loss 1.03648e-02 Validation loss 1.06126e-02 Time taken: 0.82 seconds 
Epoch: 40/200 Train accuracy: 5.33740e-01 Validation accuracy: 5.31800e-01 Training loss 1.03622e-02 Validation loss 1.06369e-02 Time taken: 0.88 seconds 
Epoch: 41/200 Train accuracy: 5.35520e-01 Validation accuracy: 5.29200e-01 Training loss 1.03470e-02 Validation loss 1.06161e-02 Time taken: 0.86 seconds 
Epoch: 42/200 Train accuracy: 5.36040e-01 Validation accuracy: 5.34600e-01 Training loss 1.03354e-02 Validation loss 1.06111e-02 Time taken: 1.07 seconds 
Epoch: 43/200 Train accuracy: 5.36720e-01 Validation accuracy: 5.33000e-01 Training loss 1.03371e-02 Validation loss 1.06136e-02 Time taken: 0.82 seconds 
Epoch: 44/200 Train accuracy: 5.35940e-01 Validation accuracy: 5.33200e-01 Training loss 1.03267e-02 Validation loss 1.05872e-02 Time taken: 0.81 seconds 
Epoch: 45/200 Train accuracy: 5.36580e-01 Validation accuracy: 5.28200e-01 Training loss 1.03216e-02 Validation loss 1.06151e-02 Time taken: 1.05 seconds 
Epoch: 46/200 Train accuracy: 5.35800e-01 Validation accuracy: 5.33600e-01 Training loss 1.03110e-02 Validation loss 1.05639e-02 Time taken: 0.85 seconds 
Epoch: 47/200 Train accuracy: 5.38340e-01 Validation accuracy: 5.29200e-01 Training loss 1.03023e-02 Validation loss 1.05796e-02 Time taken: 1.07 seconds 
Epoch: 48/200 Train accuracy: 5.38780e-01 Validation accuracy: 5.36500e-01 Training loss 1.02967e-02 Validation loss 1.05619e-02 Time taken: 0.83 seconds 
Epoch: 49/200 Train accuracy: 5.38960e-01 Validation accuracy: 5.25800e-01 Training loss 1.02952e-02 Validation loss 1.05875e-02 Time taken: 0.85 seconds 
Epoch: 50/200 Train accuracy: 5.39100e-01 Validation accuracy: 5.37300e-01 Training loss 1.02868e-02 Validation loss 1.05568e-02 Time taken: 0.82 seconds 
Epoch: 51/200 Train accuracy: 5.39120e-01 Validation accuracy: 5.33700e-01 Training loss 1.02745e-02 Validation loss 1.05598e-02 Time taken: 0.82 seconds 
Epoch: 52/200 Train accuracy: 5.39260e-01 Validation accuracy: 5.36500e-01 Training loss 1.02690e-02 Validation loss 1.05433e-02 Time taken: 1.09 seconds 
Epoch: 53/200 Train accuracy: 5.39120e-01 Validation accuracy: 5.34800e-01 Training loss 1.02651e-02 Validation loss 1.05441e-02 Time taken: 0.83 seconds 
Epoch: 54/200 Train accuracy: 5.40160e-01 Validation accuracy: 5.35000e-01 Training loss 1.02568e-02 Validation loss 1.05313e-02 Time taken: 0.83 seconds 
Epoch: 55/200 Train accuracy: 5.40000e-01 Validation accuracy: 5.33700e-01 Training loss 1.02533e-02 Validation loss 1.05318e-02 Time taken: 0.86 seconds 
Epoch: 56/200 Train accuracy: 5.39920e-01 Validation accuracy: 5.36800e-01 Training loss 1.02505e-02 Validation loss 1.05176e-02 Time taken: 0.83 seconds 
Epoch: 57/200 Train accuracy: 5.40220e-01 Validation accuracy: 5.34000e-01 Training loss 1.02403e-02 Validation loss 1.05147e-02 Time taken: 0.86 seconds 
Epoch: 58/200 Train accuracy: 5.41080e-01 Validation accuracy: 5.33200e-01 Training loss 1.02319e-02 Validation loss 1.05181e-02 Time taken: 0.97 seconds 
Epoch: 59/200 Train accuracy: 5.41860e-01 Validation accuracy: 5.37100e-01 Training loss 1.02293e-02 Validation loss 1.05038e-02 Time taken: 0.82 seconds 
Epoch: 60/200 Train accuracy: 5.40580e-01 Validation accuracy: 5.39200e-01 Training loss 1.02257e-02 Validation loss 1.04916e-02 Time taken: 1.01 seconds 
Epoch: 61/200 Train accuracy: 5.40060e-01 Validation accuracy: 5.35300e-01 Training loss 1.02213e-02 Validation loss 1.04902e-02 Time taken: 0.83 seconds 
Epoch: 62/200 Train accuracy: 5.42620e-01 Validation accuracy: 5.36600e-01 Training loss 1.02153e-02 Validation loss 1.04821e-02 Time taken: 0.84 seconds 
Epoch: 63/200 Train accuracy: 5.42580e-01 Validation accuracy: 5.37500e-01 Training loss 1.02090e-02 Validation loss 1.04835e-02 Time taken: 0.86 seconds 
Epoch: 64/200 Train accuracy: 5.43180e-01 Validation accuracy: 5.34300e-01 Training loss 1.02062e-02 Validation loss 1.05029e-02 Time taken: 0.83 seconds 
Epoch: 65/200 Train accuracy: 5.43740e-01 Validation accuracy: 5.36700e-01 Training loss 1.01969e-02 Validation loss 1.04804e-02 Time taken: 0.83 seconds 
Epoch: 66/200 Train accuracy: 5.42200e-01 Validation accuracy: 5.34800e-01 Training loss 1.01985e-02 Validation loss 1.04918e-02 Time taken: 0.90 seconds 
Epoch: 67/200 Train accuracy: 5.42700e-01 Validation accuracy: 5.34600e-01 Training loss 1.01923e-02 Validation loss 1.04893e-02 Time taken: 0.81 seconds 
Epoch: 68/200 Train accuracy: 5.41660e-01 Validation accuracy: 5.36500e-01 Training loss 1.01919e-02 Validation loss 1.04629e-02 Time taken: 1.01 seconds 
Epoch: 69/200 Train accuracy: 5.43560e-01 Validation accuracy: 5.38700e-01 Training loss 1.01837e-02 Validation loss 1.04601e-02 Time taken: 0.88 seconds 
Epoch: 70/200 Train accuracy: 5.42280e-01 Validation accuracy: 5.34400e-01 Training loss 1.01781e-02 Validation loss 1.04632e-02 Time taken: 0.87 seconds 
Epoch: 71/200 Train accuracy: 5.43760e-01 Validation accuracy: 5.39700e-01 Training loss 1.01727e-02 Validation loss 1.04674e-02 Time taken: 0.87 seconds 
Epoch: 72/200 Train accuracy: 5.44180e-01 Validation accuracy: 5.38500e-01 Training loss 1.01680e-02 Validation loss 1.04651e-02 Time taken: 0.84 seconds 
Epoch: 73/200 Train accuracy: 5.42820e-01 Validation accuracy: 5.36700e-01 Training loss 1.01667e-02 Validation loss 1.04409e-02 Time taken: 1.18 seconds 
Epoch: 74/200 Train accuracy: 5.44400e-01 Validation accuracy: 5.40100e-01 Training loss 1.01596e-02 Validation loss 1.04462e-02 Time taken: 0.81 seconds 
Epoch: 75/200 Train accuracy: 5.44800e-01 Validation accuracy: 5.39900e-01 Training loss 1.01550e-02 Validation loss 1.04414e-02 Time taken: 0.83 seconds 
Epoch: 76/200 Train accuracy: 5.44820e-01 Validation accuracy: 5.39700e-01 Training loss 1.01552e-02 Validation loss 1.04350e-02 Time taken: 1.11 seconds 
Epoch: 77/200 Train accuracy: 5.45520e-01 Validation accuracy: 5.43700e-01 Training loss 1.01520e-02 Validation loss 1.04273e-02 Time taken: 0.82 seconds 
Epoch: 78/200 Train accuracy: 5.44720e-01 Validation accuracy: 5.38200e-01 Training loss 1.01464e-02 Validation loss 1.04527e-02 Time taken: 0.86 seconds 
Epoch: 79/200 Train accuracy: 5.43960e-01 Validation accuracy: 5.39700e-01 Training loss 1.01452e-02 Validation loss 1.04307e-02 Time taken: 0.83 seconds 
Epoch: 80/200 Train accuracy: 5.44520e-01 Validation accuracy: 5.42000e-01 Training loss 1.01406e-02 Validation loss 1.04339e-02 Time taken: 0.83 seconds 
Epoch: 81/200 Train accuracy: 5.46140e-01 Validation accuracy: 5.36300e-01 Training loss 1.01357e-02 Validation loss 1.04245e-02 Time taken: 0.98 seconds 
Epoch: 82/200 Train accuracy: 5.44320e-01 Validation accuracy: 5.42000e-01 Training loss 1.01388e-02 Validation loss 1.04243e-02 Time taken: 0.83 seconds 
Epoch: 83/200 Train accuracy: 5.46840e-01 Validation accuracy: 5.37200e-01 Training loss 1.01337e-02 Validation loss 1.04329e-02 Time taken: 1.01 seconds 
Epoch: 84/200 Train accuracy: 5.44600e-01 Validation accuracy: 5.37600e-01 Training loss 1.01298e-02 Validation loss 1.04548e-02 Time taken: 0.82 seconds 
Epoch: 85/200 Train accuracy: 5.44760e-01 Validation accuracy: 5.39000e-01 Training loss 1.01200e-02 Validation loss 1.04103e-02 Time taken: 0.83 seconds 
Epoch: 86/200 Train accuracy: 5.45340e-01 Validation accuracy: 5.42400e-01 Training loss 1.01216e-02 Validation loss 1.03828e-02 Time taken: 0.92 seconds 
Epoch: 87/200 Train accuracy: 5.45760e-01 Validation accuracy: 5.34900e-01 Training loss 1.01162e-02 Validation loss 1.04110e-02 Time taken: 0.82 seconds 
Epoch: 88/200 Train accuracy: 5.46660e-01 Validation accuracy: 5.41200e-01 Training loss 1.01096e-02 Validation loss 1.03921e-02 Time taken: 1.03 seconds 
Epoch: 89/200 Train accuracy: 5.45780e-01 Validation accuracy: 5.36600e-01 Training loss 1.01111e-02 Validation loss 1.03963e-02 Time taken: 0.89 seconds 
Epoch: 90/200 Train accuracy: 5.46940e-01 Validation accuracy: 5.38700e-01 Training loss 1.01087e-02 Validation loss 1.04024e-02 Time taken: 0.87 seconds 
Epoch: 91/200 Train accuracy: 5.46460e-01 Validation accuracy: 5.36700e-01 Training loss 1.00987e-02 Validation loss 1.04117e-02 Time taken: 0.91 seconds 
Epoch: 92/200 Train accuracy: 5.47260e-01 Validation accuracy: 5.39200e-01 Training loss 1.00966e-02 Validation loss 1.04141e-02 Time taken: 0.82 seconds 
Epoch: 93/200 Train accuracy: 5.46560e-01 Validation accuracy: 5.40300e-01 Training loss 1.00958e-02 Validation loss 1.04090e-02 Time taken: 0.83 seconds 
Epoch: 94/200 Train accuracy: 5.47240e-01 Validation accuracy: 5.42400e-01 Training loss 1.00929e-02 Validation loss 1.03828e-02 Time taken: 0.92 seconds 
Epoch: 95/200 Train accuracy: 5.47300e-01 Validation accuracy: 5.39200e-01 Training loss 1.00923e-02 Validation loss 1.03979e-02 Time taken: 0.88 seconds 
Epoch: 96/200 Train accuracy: 5.47860e-01 Validation accuracy: 5.40100e-01 Training loss 1.00865e-02 Validation loss 1.03974e-02 Time taken: 1.09 seconds 
Epoch: 97/200 Train accuracy: 5.46960e-01 Validation accuracy: 5.37600e-01 Training loss 1.00902e-02 Validation loss 1.04206e-02 Time taken: 0.83 seconds 
Epoch: 98/200 Train accuracy: 5.48040e-01 Validation accuracy: 5.40100e-01 Training loss 1.00815e-02 Validation loss 1.04072e-02 Time taken: 0.87 seconds 
Epoch: 99/200 Train accuracy: 5.46980e-01 Validation accuracy: 5.44000e-01 Training loss 1.00838e-02 Validation loss 1.03534e-02 Time taken: 1.01 seconds 
Epoch: 100/200 Train accuracy: 5.47760e-01 Validation accuracy: 5.38600e-01 Training loss 1.00799e-02 Validation loss 1.03854e-02 Time taken: 0.82 seconds 
Epoch: 101/200 Train accuracy: 5.47720e-01 Validation accuracy: 5.38900e-01 Training loss 1.00791e-02 Validation loss 1.03755e-02 Time taken: 0.88 seconds 
Epoch: 102/200 Train accuracy: 5.47420e-01 Validation accuracy: 5.44300e-01 Training loss 1.00726e-02 Validation loss 1.03516e-02 Time taken: 0.84 seconds 
Epoch: 103/200 Train accuracy: 5.48620e-01 Validation accuracy: 5.45300e-01 Training loss 1.00693e-02 Validation loss 1.03461e-02 Time taken: 0.85 seconds 
Epoch: 104/200 Train accuracy: 5.48280e-01 Validation accuracy: 5.45200e-01 Training loss 1.00674e-02 Validation loss 1.03646e-02 Time taken: 0.97 seconds 
Epoch: 105/200 Train accuracy: 5.47880e-01 Validation accuracy: 5.42500e-01 Training loss 1.00629e-02 Validation loss 1.03468e-02 Time taken: 0.87 seconds 
Epoch: 106/200 Train accuracy: 5.49360e-01 Validation accuracy: 5.43400e-01 Training loss 1.00618e-02 Validation loss 1.03562e-02 Time taken: 1.14 seconds 
Epoch: 107/200 Train accuracy: 5.46820e-01 Validation accuracy: 5.41600e-01 Training loss 1.00615e-02 Validation loss 1.03533e-02 Time taken: 0.88 seconds 
Epoch: 108/200 Train accuracy: 5.48820e-01 Validation accuracy: 5.43700e-01 Training loss 1.00562e-02 Validation loss 1.03460e-02 Time taken: 0.86 seconds 
Epoch: 109/200 Train accuracy: 5.49420e-01 Validation accuracy: 5.40100e-01 Training loss 1.00541e-02 Validation loss 1.03484e-02 Time taken: 0.92 seconds 
Epoch: 110/200 Train accuracy: 5.48420e-01 Validation accuracy: 5.45700e-01 Training loss 1.00566e-02 Validation loss 1.03256e-02 Time taken: 0.83 seconds 
Epoch: 111/200 Train accuracy: 5.48240e-01 Validation accuracy: 5.38400e-01 Training loss 1.00544e-02 Validation loss 1.03605e-02 Time taken: 0.99 seconds 
Epoch: 112/200 Train accuracy: 5.47680e-01 Validation accuracy: 5.42500e-01 Training loss 1.00537e-02 Validation loss 1.03522e-02 Time taken: 0.83 seconds 
Epoch: 113/200 Train accuracy: 5.50140e-01 Validation accuracy: 5.44700e-01 Training loss 1.00448e-02 Validation loss 1.03574e-02 Time taken: 0.91 seconds 
Epoch: 114/200 Train accuracy: 5.49280e-01 Validation accuracy: 5.47100e-01 Training loss 1.00461e-02 Validation loss 1.03299e-02 Time taken: 1.07 seconds 
Epoch: 115/200 Train accuracy: 5.50100e-01 Validation accuracy: 5.42100e-01 Training loss 1.00472e-02 Validation loss 1.03585e-02 Time taken: 0.84 seconds 
Epoch: 116/200 Train accuracy: 5.48240e-01 Validation accuracy: 5.43800e-01 Training loss 1.00410e-02 Validation loss 1.03139e-02 Time taken: 0.83 seconds 
Epoch: 117/200 Train accuracy: 5.49700e-01 Validation accuracy: 5.46100e-01 Training loss 1.00377e-02 Validation loss 1.03277e-02 Time taken: 0.83 seconds 
Epoch: 118/200 Train accuracy: 5.49280e-01 Validation accuracy: 5.42700e-01 Training loss 1.00367e-02 Validation loss 1.03219e-02 Time taken: 0.86 seconds 
Epoch: 119/200 Train accuracy: 5.49440e-01 Validation accuracy: 5.43300e-01 Training loss 1.00348e-02 Validation loss 1.03208e-02 Time taken: 0.87 seconds 
Epoch: 120/200 Train accuracy: 5.49820e-01 Validation accuracy: 5.44800e-01 Training loss 1.00315e-02 Validation loss 1.03198e-02 Time taken: 0.83 seconds 
Epoch: 121/200 Train accuracy: 5.51000e-01 Validation accuracy: 5.45300e-01 Training loss 1.00292e-02 Validation loss 1.03176e-02 Time taken: 0.84 seconds 
Epoch: 122/200 Train accuracy: 5.50840e-01 Validation accuracy: 5.43000e-01 Training loss 1.00247e-02 Validation loss 1.03417e-02 Time taken: 0.97 seconds 
Epoch: 123/200 Train accuracy: 5.50860e-01 Validation accuracy: 5.43000e-01 Training loss 1.00245e-02 Validation loss 1.03424e-02 Time taken: 0.83 seconds 
Epoch: 124/200 Train accuracy: 5.50540e-01 Validation accuracy: 5.46000e-01 Training loss 1.00245e-02 Validation loss 1.03057e-02 Time taken: 0.84 seconds 
Epoch: 125/200 Train accuracy: 5.49680e-01 Validation accuracy: 5.43700e-01 Training loss 1.00242e-02 Validation loss 1.03114e-02 Time taken: 0.86 seconds 
Epoch: 126/200 Train accuracy: 5.51320e-01 Validation accuracy: 5.44500e-01 Training loss 1.00210e-02 Validation loss 1.03082e-02 Time taken: 0.82 seconds 
Epoch: 127/200 Train accuracy: 5.51920e-01 Validation accuracy: 5.46300e-01 Training loss 1.00163e-02 Validation loss 1.03071e-02 Time taken: 1.03 seconds 
Epoch: 128/200 Train accuracy: 5.51620e-01 Validation accuracy: 5.46200e-01 Training loss 1.00082e-02 Validation loss 1.03059e-02 Time taken: 0.83 seconds 
Epoch: 129/200 Train accuracy: 5.51300e-01 Validation accuracy: 5.44800e-01 Training loss 1.00113e-02 Validation loss 1.03113e-02 Time taken: 0.89 seconds 
Epoch: 130/200 Train accuracy: 5.50260e-01 Validation accuracy: 5.43400e-01 Training loss 1.00101e-02 Validation loss 1.03197e-02 Time taken: 0.87 seconds 
Epoch: 131/200 Train accuracy: 5.51240e-01 Validation accuracy: 5.46000e-01 Training loss 1.00126e-02 Validation loss 1.03072e-02 Time taken: 0.83 seconds 
Epoch: 132/200 Train accuracy: 5.50260e-01 Validation accuracy: 5.44800e-01 Training loss 1.00122e-02 Validation loss 1.03044e-02 Time taken: 0.85 seconds 
Epoch: 133/200 Train accuracy: 5.50300e-01 Validation accuracy: 5.45300e-01 Training loss 1.00036e-02 Validation loss 1.03028e-02 Time taken: 0.83 seconds 
Epoch: 134/200 Train accuracy: 5.51220e-01 Validation accuracy: 5.42300e-01 Training loss 1.00029e-02 Validation loss 1.03066e-02 Time taken: 0.88 seconds 
Epoch: 135/200 Train accuracy: 5.51280e-01 Validation accuracy: 5.39800e-01 Training loss 9.99743e-03 Validation loss 1.03199e-02 Time taken: 1.08 seconds 
Epoch: 136/200 Train accuracy: 5.52320e-01 Validation accuracy: 5.46700e-01 Training loss 1.00016e-02 Validation loss 1.02879e-02 Time taken: 0.89 seconds 
Epoch: 137/200 Train accuracy: 5.52220e-01 Validation accuracy: 5.45200e-01 Training loss 9.99384e-03 Validation loss 1.02877e-02 Time taken: 0.84 seconds 
Epoch: 138/200 Train accuracy: 5.51920e-01 Validation accuracy: 5.41900e-01 Training loss 9.99183e-03 Validation loss 1.03271e-02 Time taken: 0.86 seconds 
Epoch: 139/200 Train accuracy: 5.52140e-01 Validation accuracy: 5.46400e-01 Training loss 9.99465e-03 Validation loss 1.03055e-02 Time taken: 0.84 seconds 
Epoch: 140/200 Train accuracy: 5.51880e-01 Validation accuracy: 5.45300e-01 Training loss 9.99491e-03 Validation loss 1.03054e-02 Time taken: 0.97 seconds 
Epoch: 141/200 Train accuracy: 5.52760e-01 Validation accuracy: 5.44100e-01 Training loss 9.98925e-03 Validation loss 1.03103e-02 Time taken: 0.83 seconds 
Epoch: 142/200 Train accuracy: 5.51120e-01 Validation accuracy: 5.46700e-01 Training loss 9.99284e-03 Validation loss 1.02970e-02 Time taken: 1.03 seconds 
Epoch: 143/200 Train accuracy: 5.52240e-01 Validation accuracy: 5.45600e-01 Training loss 9.98896e-03 Validation loss 1.02780e-02 Time taken: 0.83 seconds 
Epoch: 144/200 Train accuracy: 5.53380e-01 Validation accuracy: 5.40700e-01 Training loss 9.98486e-03 Validation loss 1.03167e-02 Time taken: 0.86 seconds 
Epoch: 145/200 Train accuracy: 5.52880e-01 Validation accuracy: 5.46900e-01 Training loss 9.98714e-03 Validation loss 1.03043e-02 Time taken: 0.96 seconds 
Epoch: 146/200 Train accuracy: 5.51940e-01 Validation accuracy: 5.42000e-01 Training loss 9.98676e-03 Validation loss 1.02975e-02 Time taken: 0.88 seconds 
Epoch: 147/200 Train accuracy: 5.53580e-01 Validation accuracy: 5.44600e-01 Training loss 9.98339e-03 Validation loss 1.02832e-02 Time taken: 1.00 seconds 
Epoch: 148/200 Train accuracy: 5.52480e-01 Validation accuracy: 5.46900e-01 Training loss 9.97970e-03 Validation loss 1.02776e-02 Time taken: 1.06 seconds 
Epoch: 149/200 Train accuracy: 5.53180e-01 Validation accuracy: 5.43300e-01 Training loss 9.97565e-03 Validation loss 1.03274e-02 Time taken: 1.13 seconds 
Epoch: 150/200 Train accuracy: 5.51780e-01 Validation accuracy: 5.47300e-01 Training loss 9.97680e-03 Validation loss 1.02793e-02 Time taken: 0.87 seconds 
Epoch: 151/200 Train accuracy: 5.52180e-01 Validation accuracy: 5.47900e-01 Training loss 9.97734e-03 Validation loss 1.02794e-02 Time taken: 0.82 seconds 
Epoch: 152/200 Train accuracy: 5.52400e-01 Validation accuracy: 5.49500e-01 Training loss 9.97824e-03 Validation loss 1.02576e-02 Time taken: 0.89 seconds 
Epoch: 153/200 Train accuracy: 5.52140e-01 Validation accuracy: 5.45700e-01 Training loss 9.97333e-03 Validation loss 1.02860e-02 Time taken: 0.87 seconds 
Epoch: 154/200 Train accuracy: 5.53880e-01 Validation accuracy: 5.48900e-01 Training loss 9.97102e-03 Validation loss 1.02716e-02 Time taken: 0.87 seconds 
Epoch: 155/200 Train accuracy: 5.53740e-01 Validation accuracy: 5.46800e-01 Training loss 9.96929e-03 Validation loss 1.02811e-02 Time taken: 0.94 seconds 
Epoch: 156/200 Train accuracy: 5.53520e-01 Validation accuracy: 5.46300e-01 Training loss 9.96729e-03 Validation loss 1.02856e-02 Time taken: 0.82 seconds 
Epoch: 157/200 Train accuracy: 5.53780e-01 Validation accuracy: 5.48300e-01 Training loss 9.96162e-03 Validation loss 1.02682e-02 Time taken: 0.85 seconds 
Epoch: 158/200 Train accuracy: 5.52580e-01 Validation accuracy: 5.45100e-01 Training loss 9.96317e-03 Validation loss 1.02785e-02 Time taken: 0.82 seconds 
Epoch: 159/200 Train accuracy: 5.53780e-01 Validation accuracy: 5.46800e-01 Training loss 9.96769e-03 Validation loss 1.02642e-02 Time taken: 0.86 seconds 
Epoch: 160/200 Train accuracy: 5.53220e-01 Validation accuracy: 5.46100e-01 Training loss 9.96322e-03 Validation loss 1.02805e-02 Time taken: 0.98 seconds 
Epoch: 161/200 Train accuracy: 5.53200e-01 Validation accuracy: 5.49500e-01 Training loss 9.96619e-03 Validation loss 1.02484e-02 Time taken: 0.82 seconds 
Epoch: 162/200 Train accuracy: 5.53920e-01 Validation accuracy: 5.49400e-01 Training loss 9.95385e-03 Validation loss 1.02673e-02 Time taken: 1.00 seconds 
Epoch: 163/200 Train accuracy: 5.53320e-01 Validation accuracy: 5.48500e-01 Training loss 9.96213e-03 Validation loss 1.02483e-02 Time taken: 0.85 seconds 
Epoch: 164/200 Train accuracy: 5.54360e-01 Validation accuracy: 5.48500e-01 Training loss 9.96038e-03 Validation loss 1.02536e-02 Time taken: 0.86 seconds 
Epoch: 165/200 Train accuracy: 5.55360e-01 Validation accuracy: 5.46300e-01 Training loss 9.95795e-03 Validation loss 1.02561e-02 Time taken: 1.04 seconds 
Epoch: 166/200 Train accuracy: 5.55500e-01 Validation accuracy: 5.47300e-01 Training loss 9.95767e-03 Validation loss 1.02503e-02 Time taken: 0.86 seconds 
Epoch: 167/200 Train accuracy: 5.53660e-01 Validation accuracy: 5.48100e-01 Training loss 9.95025e-03 Validation loss 1.02641e-02 Time taken: 1.08 seconds 
Epoch: 168/200 Train accuracy: 5.54480e-01 Validation accuracy: 5.50200e-01 Training loss 9.95157e-03 Validation loss 1.02524e-02 Time taken: 0.82 seconds 
Epoch: 169/200 Train accuracy: 5.53860e-01 Validation accuracy: 5.46100e-01 Training loss 9.95131e-03 Validation loss 1.02724e-02 Time taken: 0.82 seconds 
Epoch: 170/200 Train accuracy: 5.54980e-01 Validation accuracy: 5.47600e-01 Training loss 9.94801e-03 Validation loss 1.02490e-02 Time taken: 0.86 seconds 
Epoch: 171/200 Train accuracy: 5.54920e-01 Validation accuracy: 5.49400e-01 Training loss 9.95097e-03 Validation loss 1.02348e-02 Time taken: 0.83 seconds 
Epoch: 172/200 Train accuracy: 5.54160e-01 Validation accuracy: 5.47300e-01 Training loss 9.95037e-03 Validation loss 1.02517e-02 Time taken: 0.83 seconds 
Epoch: 173/200 Train accuracy: 5.53740e-01 Validation accuracy: 5.53000e-01 Training loss 9.94359e-03 Validation loss 1.02375e-02 Time taken: 1.08 seconds 
Epoch: 174/200 Train accuracy: 5.53700e-01 Validation accuracy: 5.48100e-01 Training loss 9.94427e-03 Validation loss 1.02624e-02 Time taken: 0.85 seconds 
Epoch: 175/200 Train accuracy: 5.55020e-01 Validation accuracy: 5.47400e-01 Training loss 9.94769e-03 Validation loss 1.02448e-02 Time taken: 0.96 seconds 
Epoch: 176/200 Train accuracy: 5.55240e-01 Validation accuracy: 5.49000e-01 Training loss 9.94108e-03 Validation loss 1.02485e-02 Time taken: 0.82 seconds 
Epoch: 177/200 Train accuracy: 5.53880e-01 Validation accuracy: 5.45500e-01 Training loss 9.94346e-03 Validation loss 1.02572e-02 Time taken: 0.85 seconds 
Epoch: 178/200 Train accuracy: 5.55440e-01 Validation accuracy: 5.45500e-01 Training loss 9.94008e-03 Validation loss 1.02651e-02 Time taken: 0.82 seconds 
Epoch: 179/200 Train accuracy: 5.54540e-01 Validation accuracy: 5.44400e-01 Training loss 9.93826e-03 Validation loss 1.02890e-02 Time taken: 0.82 seconds 
Epoch: 180/200 Train accuracy: 5.53480e-01 Validation accuracy: 5.48800e-01 Training loss 9.94089e-03 Validation loss 1.02468e-02 Time taken: 1.10 seconds 
Epoch: 181/200 Train accuracy: 5.54880e-01 Validation accuracy: 5.49200e-01 Training loss 9.93792e-03 Validation loss 1.02469e-02 Time taken: 0.83 seconds 
Epoch: 182/200 Train accuracy: 5.54340e-01 Validation accuracy: 5.50500e-01 Training loss 9.93791e-03 Validation loss 1.02234e-02 Time taken: 0.83 seconds 
Epoch: 183/200 Train accuracy: 5.55360e-01 Validation accuracy: 5.47200e-01 Training loss 9.93375e-03 Validation loss 1.02347e-02 Time taken: 0.95 seconds 
Epoch: 184/200 Train accuracy: 5.55420e-01 Validation accuracy: 5.47500e-01 Training loss 9.93136e-03 Validation loss 1.02470e-02 Time taken: 0.87 seconds 
Epoch: 185/200 Train accuracy: 5.55820e-01 Validation accuracy: 5.48500e-01 Training loss 9.92863e-03 Validation loss 1.02474e-02 Time taken: 0.83 seconds 
Epoch: 186/200 Train accuracy: 5.55400e-01 Validation accuracy: 5.50000e-01 Training loss 9.93432e-03 Validation loss 1.02258e-02 Time taken: 0.83 seconds 
Epoch: 187/200 Train accuracy: 5.55440e-01 Validation accuracy: 5.48500e-01 Training loss 9.93468e-03 Validation loss 1.02438e-02 Time taken: 0.89 seconds 
Epoch: 188/200 Train accuracy: 5.55260e-01 Validation accuracy: 5.50000e-01 Training loss 9.93302e-03 Validation loss 1.02427e-02 Time taken: 0.98 seconds 
Epoch: 189/200 Train accuracy: 5.55660e-01 Validation accuracy: 5.47200e-01 Training loss 9.92726e-03 Validation loss 1.02293e-02 Time taken: 0.87 seconds 
Epoch: 190/200 Train accuracy: 5.56220e-01 Validation accuracy: 5.45900e-01 Training loss 9.92891e-03 Validation loss 1.02429e-02 Time taken: 0.83 seconds 
Epoch: 191/200 Train accuracy: 5.54880e-01 Validation accuracy: 5.48400e-01 Training loss 9.92318e-03 Validation loss 1.02369e-02 Time taken: 1.03 seconds 
Epoch: 192/200 Train accuracy: 5.56920e-01 Validation accuracy: 5.45400e-01 Training loss 9.92325e-03 Validation loss 1.02528e-02 Time taken: 0.83 seconds 
Epoch: 193/200 Train accuracy: 5.54900e-01 Validation accuracy: 5.50000e-01 Training loss 9.92343e-03 Validation loss 1.02220e-02 Time taken: 0.82 seconds 
Epoch: 194/200 Train accuracy: 5.54080e-01 Validation accuracy: 5.49600e-01 Training loss 9.92272e-03 Validation loss 1.02168e-02 Time taken: 0.81 seconds 
Epoch: 195/200 Train accuracy: 5.56400e-01 Validation accuracy: 5.48000e-01 Training loss 9.91776e-03 Validation loss 1.02161e-02 Time taken: 0.85 seconds 
Epoch: 196/200 Train accuracy: 5.56660e-01 Validation accuracy: 5.50000e-01 Training loss 9.92520e-03 Validation loss 1.02367e-02 Time taken: 1.02 seconds 
Epoch: 197/200 Train accuracy: 5.55300e-01 Validation accuracy: 5.51200e-01 Training loss 9.91873e-03 Validation loss 1.02071e-02 Time taken: 0.86 seconds 
Epoch: 198/200 Train accuracy: 5.56020e-01 Validation accuracy: 5.47300e-01 Training loss 9.91331e-03 Validation loss 1.02256e-02 Time taken: 1.17 seconds 
Epoch: 199/200 Train accuracy: 5.54820e-01 Validation accuracy: 5.50000e-01 Training loss 9.91962e-03 Validation loss 1.02375e-02 Time taken: 0.82 seconds 
Epoch: 200/200 Train accuracy: 5.55040e-01 Validation accuracy: 5.45400e-01 Training loss 9.91942e-03 Validation loss 1.02462e-02 Time taken: 0.86 seconds 
Total time taken 0:02:58.144691
Cleaning up intermediate feature (.pt) files
Done


working on file logs_PKT_chunks/iic-train-l2-pkt-chunks-seed1/jepa-iic-l2-seed1-ep500.pth.tar ...
