Directory classifiers/jepa-stl-l2-seed0-classifier-pretrained-vitb-ep75 for saving the classifiers is now present
VisionTransformer(
  (patch_embed): PatchEmbed(
    (proj): Conv2d(3, 768, kernel_size=(15, 15), stride=(15, 15))
  )
  (blocks): ModuleList(
    (0-11): 12 x Block(
      (norm1): LayerNorm((768,), eps=1e-06, elementwise_affine=True)
      (attn): Attention(
        (qkv): Linear(in_features=768, out_features=2304, bias=True)
        (attn_drop): Dropout(p=0.0, inplace=False)
        (proj): Linear(in_features=768, out_features=768, bias=True)
        (proj_drop): Dropout(p=0.0, inplace=False)
      )
      (drop_path): Identity()
      (norm2): LayerNorm((768,), eps=1e-06, elementwise_affine=True)
      (mlp): MLP(
        (fc1): Linear(in_features=768, out_features=3072, bias=True)
        (act): GELU(approximate='none')
        (fc2): Linear(in_features=3072, out_features=768, bias=True)
        (drop): Dropout(p=0.0, inplace=False)
      )
    )
  )
  (norm): LayerNorm((768,), eps=1e-06, elementwise_affine=True)
)
Extracting features and saving them locally..
Epoch: 1/200 Train accuracy: 1.81000e-01 Validation accuracy: 2.37125e-01 Loss 1.82129e-02 Time taken: 0.55 seconds 
Epoch: 2/200 Train accuracy: 2.83000e-01 Validation accuracy: 3.05625e-01 Loss 1.77695e-02 Time taken: 0.77 seconds 
Epoch: 3/200 Train accuracy: 3.39400e-01 Validation accuracy: 3.50250e-01 Loss 1.73865e-02 Time taken: 0.79 seconds 
Epoch: 4/200 Train accuracy: 3.86000e-01 Validation accuracy: 4.10750e-01 Loss 1.71079e-02 Time taken: 0.80 seconds 
Epoch: 5/200 Train accuracy: 4.32400e-01 Validation accuracy: 4.26125e-01 Loss 1.69137e-02 Time taken: 0.80 seconds 
Epoch: 6/200 Train accuracy: 4.36000e-01 Validation accuracy: 4.38000e-01 Loss 1.67835e-02 Time taken: 0.80 seconds 
Epoch: 7/200 Train accuracy: 4.49600e-01 Validation accuracy: 4.42500e-01 Loss 1.66579e-02 Time taken: 0.80 seconds 
Epoch: 8/200 Train accuracy: 4.56200e-01 Validation accuracy: 4.53375e-01 Loss 1.65320e-02 Time taken: 0.80 seconds 
Epoch: 9/200 Train accuracy: 4.64600e-01 Validation accuracy: 4.57375e-01 Loss 1.64747e-02 Time taken: 0.76 seconds 
Epoch: 10/200 Train accuracy: 4.78400e-01 Validation accuracy: 4.65250e-01 Loss 1.63825e-02 Time taken: 0.77 seconds 
Epoch: 11/200 Train accuracy: 4.87800e-01 Validation accuracy: 4.63875e-01 Loss 1.62893e-02 Time taken: 0.75 seconds 
Epoch: 12/200 Train accuracy: 4.88000e-01 Validation accuracy: 4.68500e-01 Loss 1.62505e-02 Time taken: 0.82 seconds 
Epoch: 13/200 Train accuracy: 5.05400e-01 Validation accuracy: 4.75750e-01 Loss 1.62474e-02 Time taken: 0.80 seconds 
Epoch: 14/200 Train accuracy: 5.10200e-01 Validation accuracy: 4.82750e-01 Loss 1.61417e-02 Time taken: 0.55 seconds 
Epoch: 15/200 Train accuracy: 5.13400e-01 Validation accuracy: 4.87500e-01 Loss 1.60517e-02 Time taken: 0.53 seconds 
Epoch: 16/200 Train accuracy: 5.17600e-01 Validation accuracy: 4.87875e-01 Loss 1.60553e-02 Time taken: 0.52 seconds 
Epoch: 17/200 Train accuracy: 5.17400e-01 Validation accuracy: 4.93750e-01 Loss 1.59857e-02 Time taken: 0.53 seconds 
Epoch: 18/200 Train accuracy: 5.19000e-01 Validation accuracy: 4.97125e-01 Loss 1.59523e-02 Time taken: 0.54 seconds 
Epoch: 19/200 Train accuracy: 5.20000e-01 Validation accuracy: 5.00625e-01 Loss 1.59545e-02 Time taken: 0.52 seconds 
Epoch: 20/200 Train accuracy: 5.26000e-01 Validation accuracy: 5.02625e-01 Loss 1.59457e-02 Time taken: 0.68 seconds 
Epoch: 21/200 Train accuracy: 5.25400e-01 Validation accuracy: 5.04750e-01 Loss 1.59162e-02 Time taken: 0.75 seconds 
Epoch: 22/200 Train accuracy: 5.30000e-01 Validation accuracy: 5.07500e-01 Loss 1.58747e-02 Time taken: 0.76 seconds 
Epoch: 23/200 Train accuracy: 5.30800e-01 Validation accuracy: 5.06625e-01 Loss 1.58585e-02 Time taken: 0.57 seconds 
Epoch: 24/200 Train accuracy: 5.32200e-01 Validation accuracy: 5.07875e-01 Loss 1.58226e-02 Time taken: 0.65 seconds 
Epoch: 25/200 Train accuracy: 5.34400e-01 Validation accuracy: 5.10625e-01 Loss 1.57653e-02 Time taken: 0.70 seconds 
Epoch: 26/200 Train accuracy: 5.36800e-01 Validation accuracy: 5.12500e-01 Loss 1.57894e-02 Time taken: 0.75 seconds 
Epoch: 27/200 Train accuracy: 5.37400e-01 Validation accuracy: 5.13875e-01 Loss 1.57686e-02 Time taken: 0.75 seconds 
Epoch: 28/200 Train accuracy: 5.39800e-01 Validation accuracy: 5.14750e-01 Loss 1.57465e-02 Time taken: 0.77 seconds 
Epoch: 29/200 Train accuracy: 5.38600e-01 Validation accuracy: 5.12250e-01 Loss 1.57544e-02 Time taken: 0.80 seconds 
Epoch: 30/200 Train accuracy: 5.40800e-01 Validation accuracy: 5.16500e-01 Loss 1.57649e-02 Time taken: 0.79 seconds 
Epoch: 31/200 Train accuracy: 5.40400e-01 Validation accuracy: 5.18375e-01 Loss 1.57136e-02 Time taken: 0.63 seconds 
Epoch: 32/200 Train accuracy: 5.42800e-01 Validation accuracy: 5.18875e-01 Loss 1.56879e-02 Time taken: 0.51 seconds 
Epoch: 33/200 Train accuracy: 5.45600e-01 Validation accuracy: 5.21000e-01 Loss 1.57062e-02 Time taken: 0.52 seconds 
Epoch: 34/200 Train accuracy: 5.45600e-01 Validation accuracy: 5.21750e-01 Loss 1.56865e-02 Time taken: 0.53 seconds 
Epoch: 35/200 Train accuracy: 5.44400e-01 Validation accuracy: 5.24750e-01 Loss 1.56279e-02 Time taken: 0.71 seconds 
Epoch: 36/200 Train accuracy: 5.47400e-01 Validation accuracy: 5.21750e-01 Loss 1.56465e-02 Time taken: 0.75 seconds 
Epoch: 37/200 Train accuracy: 5.48200e-01 Validation accuracy: 5.22250e-01 Loss 1.56442e-02 Time taken: 0.61 seconds 
Epoch: 38/200 Train accuracy: 5.49400e-01 Validation accuracy: 5.25125e-01 Loss 1.56135e-02 Time taken: 0.67 seconds 
Epoch: 39/200 Train accuracy: 5.51000e-01 Validation accuracy: 5.25375e-01 Loss 1.55998e-02 Time taken: 0.75 seconds 
Epoch: 40/200 Train accuracy: 5.51200e-01 Validation accuracy: 5.24375e-01 Loss 1.55928e-02 Time taken: 0.64 seconds 
Epoch: 41/200 Train accuracy: 5.54200e-01 Validation accuracy: 5.27000e-01 Loss 1.56313e-02 Time taken: 0.68 seconds 
Epoch: 42/200 Train accuracy: 5.54400e-01 Validation accuracy: 5.29875e-01 Loss 1.55505e-02 Time taken: 0.76 seconds 
Epoch: 43/200 Train accuracy: 5.54200e-01 Validation accuracy: 5.27875e-01 Loss 1.55914e-02 Time taken: 0.65 seconds 
Epoch: 44/200 Train accuracy: 5.54000e-01 Validation accuracy: 5.28000e-01 Loss 1.55701e-02 Time taken: 0.67 seconds 
Epoch: 45/200 Train accuracy: 5.55200e-01 Validation accuracy: 5.29250e-01 Loss 1.55813e-02 Time taken: 0.54 seconds 
Epoch: 46/200 Train accuracy: 5.58400e-01 Validation accuracy: 5.29625e-01 Loss 1.55389e-02 Time taken: 0.54 seconds 
Epoch: 47/200 Train accuracy: 5.57400e-01 Validation accuracy: 5.29250e-01 Loss 1.55061e-02 Time taken: 0.72 seconds 
Epoch: 48/200 Train accuracy: 5.55000e-01 Validation accuracy: 5.31250e-01 Loss 1.55083e-02 Time taken: 0.79 seconds 
Epoch: 49/200 Train accuracy: 5.57200e-01 Validation accuracy: 5.30000e-01 Loss 1.55335e-02 Time taken: 0.79 seconds 
Epoch: 50/200 Train accuracy: 5.57000e-01 Validation accuracy: 5.32500e-01 Loss 1.55132e-02 Time taken: 0.79 seconds 
Epoch: 51/200 Train accuracy: 5.63200e-01 Validation accuracy: 5.32250e-01 Loss 1.54584e-02 Time taken: 0.76 seconds 
Epoch: 52/200 Train accuracy: 5.59600e-01 Validation accuracy: 5.33375e-01 Loss 1.55165e-02 Time taken: 0.59 seconds 
Epoch: 53/200 Train accuracy: 5.60600e-01 Validation accuracy: 5.32000e-01 Loss 1.54636e-02 Time taken: 0.53 seconds 
Epoch: 54/200 Train accuracy: 5.63600e-01 Validation accuracy: 5.35250e-01 Loss 1.54887e-02 Time taken: 0.52 seconds 
Epoch: 55/200 Train accuracy: 5.60400e-01 Validation accuracy: 5.33875e-01 Loss 1.55182e-02 Time taken: 0.52 seconds 
Epoch: 56/200 Train accuracy: 5.64200e-01 Validation accuracy: 5.34625e-01 Loss 1.54639e-02 Time taken: 0.54 seconds 
Epoch: 57/200 Train accuracy: 5.63600e-01 Validation accuracy: 5.34125e-01 Loss 1.54773e-02 Time taken: 0.52 seconds 
Epoch: 58/200 Train accuracy: 5.64400e-01 Validation accuracy: 5.34500e-01 Loss 1.54429e-02 Time taken: 0.51 seconds 
Epoch: 59/200 Train accuracy: 5.61800e-01 Validation accuracy: 5.35250e-01 Loss 1.54861e-02 Time taken: 0.52 seconds 
Epoch: 60/200 Train accuracy: 5.66600e-01 Validation accuracy: 5.35875e-01 Loss 1.54203e-02 Time taken: 0.52 seconds 
Epoch: 61/200 Train accuracy: 5.64800e-01 Validation accuracy: 5.36000e-01 Loss 1.54741e-02 Time taken: 0.70 seconds 
Epoch: 62/200 Train accuracy: 5.64800e-01 Validation accuracy: 5.37125e-01 Loss 1.54302e-02 Time taken: 0.75 seconds 
Epoch: 63/200 Train accuracy: 5.65400e-01 Validation accuracy: 5.35125e-01 Loss 1.54145e-02 Time taken: 0.74 seconds 
Epoch: 64/200 Train accuracy: 5.70400e-01 Validation accuracy: 5.38000e-01 Loss 1.54131e-02 Time taken: 0.70 seconds 
Epoch: 65/200 Train accuracy: 5.66000e-01 Validation accuracy: 5.38750e-01 Loss 1.54498e-02 Time taken: 0.72 seconds 
Epoch: 66/200 Train accuracy: 5.65800e-01 Validation accuracy: 5.38250e-01 Loss 1.54395e-02 Time taken: 0.74 seconds 
Epoch: 67/200 Train accuracy: 5.69800e-01 Validation accuracy: 5.39375e-01 Loss 1.54132e-02 Time taken: 0.75 seconds 
Epoch: 68/200 Train accuracy: 5.68800e-01 Validation accuracy: 5.37875e-01 Loss 1.53723e-02 Time taken: 0.75 seconds 
Epoch: 69/200 Train accuracy: 5.71200e-01 Validation accuracy: 5.38500e-01 Loss 1.54516e-02 Time taken: 0.71 seconds 
Epoch: 70/200 Train accuracy: 5.67800e-01 Validation accuracy: 5.39750e-01 Loss 1.53925e-02 Time taken: 0.71 seconds 
Epoch: 71/200 Train accuracy: 5.70800e-01 Validation accuracy: 5.39250e-01 Loss 1.53951e-02 Time taken: 0.72 seconds 
Epoch: 72/200 Train accuracy: 5.70600e-01 Validation accuracy: 5.39375e-01 Loss 1.53835e-02 Time taken: 0.72 seconds 
Epoch: 73/200 Train accuracy: 5.73800e-01 Validation accuracy: 5.40750e-01 Loss 1.53631e-02 Time taken: 0.70 seconds 
Epoch: 74/200 Train accuracy: 5.69600e-01 Validation accuracy: 5.39750e-01 Loss 1.54398e-02 Time taken: 0.76 seconds 
Epoch: 75/200 Train accuracy: 5.75200e-01 Validation accuracy: 5.40500e-01 Loss 1.53487e-02 Time taken: 0.68 seconds 
Epoch: 76/200 Train accuracy: 5.75000e-01 Validation accuracy: 5.39125e-01 Loss 1.53936e-02 Time taken: 0.53 seconds 
Epoch: 77/200 Train accuracy: 5.73400e-01 Validation accuracy: 5.41750e-01 Loss 1.53334e-02 Time taken: 0.51 seconds 
Epoch: 78/200 Train accuracy: 5.77200e-01 Validation accuracy: 5.39500e-01 Loss 1.53617e-02 Time taken: 0.63 seconds 
Epoch: 79/200 Train accuracy: 5.74000e-01 Validation accuracy: 5.43375e-01 Loss 1.53481e-02 Time taken: 0.71 seconds 
Epoch: 80/200 Train accuracy: 5.74000e-01 Validation accuracy: 5.40125e-01 Loss 1.53415e-02 Time taken: 0.76 seconds 
Epoch: 81/200 Train accuracy: 5.76200e-01 Validation accuracy: 5.39875e-01 Loss 1.53451e-02 Time taken: 0.63 seconds 
Epoch: 82/200 Train accuracy: 5.74200e-01 Validation accuracy: 5.41125e-01 Loss 1.53423e-02 Time taken: 0.52 seconds 
Epoch: 83/200 Train accuracy: 5.76000e-01 Validation accuracy: 5.40750e-01 Loss 1.53281e-02 Time taken: 0.53 seconds 
Epoch: 84/200 Train accuracy: 5.76000e-01 Validation accuracy: 5.41000e-01 Loss 1.52818e-02 Time taken: 0.53 seconds 
Epoch: 85/200 Train accuracy: 5.75600e-01 Validation accuracy: 5.42375e-01 Loss 1.53304e-02 Time taken: 0.52 seconds 
Epoch: 86/200 Train accuracy: 5.78600e-01 Validation accuracy: 5.40125e-01 Loss 1.52920e-02 Time taken: 0.51 seconds 
Epoch: 87/200 Train accuracy: 5.76600e-01 Validation accuracy: 5.39625e-01 Loss 1.53592e-02 Time taken: 0.52 seconds 
Epoch: 88/200 Train accuracy: 5.76800e-01 Validation accuracy: 5.40750e-01 Loss 1.52836e-02 Time taken: 0.52 seconds 
Epoch: 89/200 Train accuracy: 5.78000e-01 Validation accuracy: 5.38500e-01 Loss 1.52930e-02 Time taken: 0.54 seconds 
Epoch: 90/200 Train accuracy: 5.77600e-01 Validation accuracy: 5.40250e-01 Loss 1.52898e-02 Time taken: 0.53 seconds 
Epoch: 91/200 Train accuracy: 5.80800e-01 Validation accuracy: 5.39375e-01 Loss 1.53218e-02 Time taken: 0.52 seconds 
Epoch: 92/200 Train accuracy: 5.77200e-01 Validation accuracy: 5.42000e-01 Loss 1.52976e-02 Time taken: 0.69 seconds 
Epoch: 93/200 Train accuracy: 5.78400e-01 Validation accuracy: 5.42000e-01 Loss 1.53187e-02 Time taken: 0.73 seconds 
Epoch: 94/200 Train accuracy: 5.79600e-01 Validation accuracy: 5.41000e-01 Loss 1.52848e-02 Time taken: 0.73 seconds 
Epoch: 95/200 Train accuracy: 5.77800e-01 Validation accuracy: 5.42375e-01 Loss 1.52605e-02 Time taken: 0.74 seconds 
Epoch: 96/200 Train accuracy: 5.79400e-01 Validation accuracy: 5.41500e-01 Loss 1.52863e-02 Time taken: 0.81 seconds 
Epoch: 97/200 Train accuracy: 5.82000e-01 Validation accuracy: 5.41250e-01 Loss 1.52651e-02 Time taken: 0.81 seconds 
Epoch: 98/200 Train accuracy: 5.83000e-01 Validation accuracy: 5.41000e-01 Loss 1.52843e-02 Time taken: 0.81 seconds 
Epoch: 99/200 Train accuracy: 5.80400e-01 Validation accuracy: 5.41125e-01 Loss 1.52446e-02 Time taken: 0.80 seconds 
Epoch: 100/200 Train accuracy: 5.81200e-01 Validation accuracy: 5.41125e-01 Loss 1.52963e-02 Time taken: 0.79 seconds 
Epoch: 101/200 Train accuracy: 5.81000e-01 Validation accuracy: 5.44125e-01 Loss 1.52096e-02 Time taken: 0.74 seconds 
Epoch: 102/200 Train accuracy: 5.83200e-01 Validation accuracy: 5.42375e-01 Loss 1.53009e-02 Time taken: 0.60 seconds 
Epoch: 103/200 Train accuracy: 5.80600e-01 Validation accuracy: 5.42875e-01 Loss 1.52167e-02 Time taken: 0.53 seconds 
Epoch: 104/200 Train accuracy: 5.82800e-01 Validation accuracy: 5.42125e-01 Loss 1.52737e-02 Time taken: 0.52 seconds 
Epoch: 105/200 Train accuracy: 5.82600e-01 Validation accuracy: 5.43625e-01 Loss 1.52652e-02 Time taken: 0.52 seconds 
Epoch: 106/200 Train accuracy: 5.82800e-01 Validation accuracy: 5.42125e-01 Loss 1.52117e-02 Time taken: 0.52 seconds 
Epoch: 107/200 Train accuracy: 5.84200e-01 Validation accuracy: 5.44375e-01 Loss 1.52714e-02 Time taken: 0.55 seconds 
Epoch: 108/200 Train accuracy: 5.82000e-01 Validation accuracy: 5.45375e-01 Loss 1.52249e-02 Time taken: 0.53 seconds 
Epoch: 109/200 Train accuracy: 5.82600e-01 Validation accuracy: 5.44750e-01 Loss 1.52167e-02 Time taken: 0.51 seconds 
Epoch: 110/200 Train accuracy: 5.84000e-01 Validation accuracy: 5.45750e-01 Loss 1.52211e-02 Time taken: 0.52 seconds 
Epoch: 111/200 Train accuracy: 5.83400e-01 Validation accuracy: 5.45250e-01 Loss 1.51789e-02 Time taken: 0.52 seconds 
Epoch: 112/200 Train accuracy: 5.81000e-01 Validation accuracy: 5.44000e-01 Loss 1.52456e-02 Time taken: 0.53 seconds 
Epoch: 113/200 Train accuracy: 5.82400e-01 Validation accuracy: 5.43750e-01 Loss 1.52327e-02 Time taken: 0.52 seconds 
Epoch: 114/200 Train accuracy: 5.86600e-01 Validation accuracy: 5.46750e-01 Loss 1.52281e-02 Time taken: 0.53 seconds 
Epoch: 115/200 Train accuracy: 5.85200e-01 Validation accuracy: 5.46250e-01 Loss 1.52182e-02 Time taken: 0.52 seconds 
Epoch: 116/200 Train accuracy: 5.83200e-01 Validation accuracy: 5.46000e-01 Loss 1.52044e-02 Time taken: 0.52 seconds 
Epoch: 117/200 Train accuracy: 5.85400e-01 Validation accuracy: 5.46125e-01 Loss 1.52261e-02 Time taken: 0.51 seconds 
Epoch: 118/200 Train accuracy: 5.86000e-01 Validation accuracy: 5.45125e-01 Loss 1.52198e-02 Time taken: 0.51 seconds 
Epoch: 119/200 Train accuracy: 5.86000e-01 Validation accuracy: 5.46250e-01 Loss 1.52010e-02 Time taken: 0.52 seconds 
Epoch: 120/200 Train accuracy: 5.86200e-01 Validation accuracy: 5.47125e-01 Loss 1.51824e-02 Time taken: 0.52 seconds 
Epoch: 121/200 Train accuracy: 5.86400e-01 Validation accuracy: 5.45875e-01 Loss 1.52330e-02 Time taken: 0.71 seconds 
Epoch: 122/200 Train accuracy: 5.87200e-01 Validation accuracy: 5.45875e-01 Loss 1.51631e-02 Time taken: 0.75 seconds 
Epoch: 123/200 Train accuracy: 5.85800e-01 Validation accuracy: 5.45625e-01 Loss 1.51872e-02 Time taken: 0.77 seconds 
Epoch: 124/200 Train accuracy: 5.87200e-01 Validation accuracy: 5.46500e-01 Loss 1.51758e-02 Time taken: 0.81 seconds 
Epoch: 125/200 Train accuracy: 5.88200e-01 Validation accuracy: 5.46250e-01 Loss 1.51810e-02 Time taken: 0.82 seconds 
Epoch: 126/200 Train accuracy: 5.85600e-01 Validation accuracy: 5.47125e-01 Loss 1.51891e-02 Time taken: 0.82 seconds 
Epoch: 127/200 Train accuracy: 5.87400e-01 Validation accuracy: 5.47125e-01 Loss 1.51568e-02 Time taken: 0.82 seconds 
Epoch: 128/200 Train accuracy: 5.85600e-01 Validation accuracy: 5.45875e-01 Loss 1.51909e-02 Time taken: 0.81 seconds 
Epoch: 129/200 Train accuracy: 5.87800e-01 Validation accuracy: 5.46500e-01 Loss 1.52216e-02 Time taken: 0.81 seconds 
Epoch: 130/200 Train accuracy: 5.87000e-01 Validation accuracy: 5.47125e-01 Loss 1.51834e-02 Time taken: 0.81 seconds 
Epoch: 131/200 Train accuracy: 5.89200e-01 Validation accuracy: 5.48625e-01 Loss 1.52340e-02 Time taken: 0.82 seconds 
Epoch: 132/200 Train accuracy: 5.88200e-01 Validation accuracy: 5.47250e-01 Loss 1.51530e-02 Time taken: 0.81 seconds 
Epoch: 133/200 Train accuracy: 5.88600e-01 Validation accuracy: 5.47750e-01 Loss 1.51747e-02 Time taken: 0.82 seconds 
Epoch: 134/200 Train accuracy: 5.88200e-01 Validation accuracy: 5.47875e-01 Loss 1.51642e-02 Time taken: 0.82 seconds 
Epoch: 135/200 Train accuracy: 5.89800e-01 Validation accuracy: 5.47125e-01 Loss 1.51833e-02 Time taken: 0.82 seconds 
Epoch: 136/200 Train accuracy: 5.90200e-01 Validation accuracy: 5.48125e-01 Loss 1.51939e-02 Time taken: 0.82 seconds 
Epoch: 137/200 Train accuracy: 5.86800e-01 Validation accuracy: 5.47500e-01 Loss 1.51725e-02 Time taken: 0.81 seconds 
Epoch: 138/200 Train accuracy: 5.91200e-01 Validation accuracy: 5.46875e-01 Loss 1.51520e-02 Time taken: 0.82 seconds 
Epoch: 139/200 Train accuracy: 5.90200e-01 Validation accuracy: 5.48375e-01 Loss 1.51960e-02 Time taken: 0.82 seconds 
Epoch: 140/200 Train accuracy: 5.91800e-01 Validation accuracy: 5.47750e-01 Loss 1.51581e-02 Time taken: 0.81 seconds 
Epoch: 141/200 Train accuracy: 5.92400e-01 Validation accuracy: 5.46125e-01 Loss 1.51643e-02 Time taken: 0.79 seconds 
Epoch: 142/200 Train accuracy: 5.91800e-01 Validation accuracy: 5.47875e-01 Loss 1.51567e-02 Time taken: 0.75 seconds 
Epoch: 143/200 Train accuracy: 5.91200e-01 Validation accuracy: 5.46250e-01 Loss 1.51475e-02 Time taken: 0.75 seconds 
Epoch: 144/200 Train accuracy: 5.90800e-01 Validation accuracy: 5.47875e-01 Loss 1.51474e-02 Time taken: 0.80 seconds 
Epoch: 145/200 Train accuracy: 5.92400e-01 Validation accuracy: 5.47875e-01 Loss 1.51501e-02 Time taken: 0.81 seconds 
Epoch: 146/200 Train accuracy: 5.91000e-01 Validation accuracy: 5.50125e-01 Loss 1.51553e-02 Time taken: 0.82 seconds 
Epoch: 147/200 Train accuracy: 5.89000e-01 Validation accuracy: 5.48375e-01 Loss 1.51740e-02 Time taken: 0.81 seconds 
Epoch: 148/200 Train accuracy: 5.93600e-01 Validation accuracy: 5.49250e-01 Loss 1.51839e-02 Time taken: 0.82 seconds 
Epoch: 149/200 Train accuracy: 5.91600e-01 Validation accuracy: 5.48125e-01 Loss 1.51785e-02 Time taken: 0.81 seconds 
Epoch: 150/200 Train accuracy: 5.92000e-01 Validation accuracy: 5.50625e-01 Loss 1.51349e-02 Time taken: 0.81 seconds 
Epoch: 151/200 Train accuracy: 5.92000e-01 Validation accuracy: 5.49500e-01 Loss 1.51402e-02 Time taken: 0.82 seconds 
Epoch: 152/200 Train accuracy: 5.94200e-01 Validation accuracy: 5.50875e-01 Loss 1.51726e-02 Time taken: 0.81 seconds 
Epoch: 153/200 Train accuracy: 5.92800e-01 Validation accuracy: 5.48500e-01 Loss 1.51562e-02 Time taken: 0.82 seconds 
Epoch: 154/200 Train accuracy: 5.92000e-01 Validation accuracy: 5.49500e-01 Loss 1.51225e-02 Time taken: 0.81 seconds 
Epoch: 155/200 Train accuracy: 5.92000e-01 Validation accuracy: 5.49000e-01 Loss 1.51682e-02 Time taken: 0.81 seconds 
Epoch: 156/200 Train accuracy: 5.91800e-01 Validation accuracy: 5.50625e-01 Loss 1.51261e-02 Time taken: 0.82 seconds 
Epoch: 157/200 Train accuracy: 5.94000e-01 Validation accuracy: 5.50875e-01 Loss 1.51184e-02 Time taken: 0.82 seconds 
Epoch: 158/200 Train accuracy: 5.94400e-01 Validation accuracy: 5.50250e-01 Loss 1.51446e-02 Time taken: 0.81 seconds 
Epoch: 159/200 Train accuracy: 5.96000e-01 Validation accuracy: 5.50000e-01 Loss 1.51042e-02 Time taken: 0.82 seconds 
Epoch: 160/200 Train accuracy: 5.92600e-01 Validation accuracy: 5.50375e-01 Loss 1.51616e-02 Time taken: 0.81 seconds 
Epoch: 161/200 Train accuracy: 5.94400e-01 Validation accuracy: 5.49750e-01 Loss 1.51342e-02 Time taken: 0.81 seconds 
Epoch: 162/200 Train accuracy: 5.96000e-01 Validation accuracy: 5.51375e-01 Loss 1.51386e-02 Time taken: 0.58 seconds 
Epoch: 163/200 Train accuracy: 5.92800e-01 Validation accuracy: 5.49750e-01 Loss 1.51294e-02 Time taken: 0.53 seconds 
Epoch: 164/200 Train accuracy: 5.96800e-01 Validation accuracy: 5.50500e-01 Loss 1.51067e-02 Time taken: 0.73 seconds 
Epoch: 165/200 Train accuracy: 5.93200e-01 Validation accuracy: 5.51875e-01 Loss 1.51379e-02 Time taken: 0.75 seconds 
Epoch: 166/200 Train accuracy: 5.95200e-01 Validation accuracy: 5.49250e-01 Loss 1.50924e-02 Time taken: 0.76 seconds 
Epoch: 167/200 Train accuracy: 5.96200e-01 Validation accuracy: 5.49625e-01 Loss 1.51068e-02 Time taken: 0.74 seconds 
Epoch: 168/200 Train accuracy: 5.96200e-01 Validation accuracy: 5.50750e-01 Loss 1.51040e-02 Time taken: 0.58 seconds 
Epoch: 169/200 Train accuracy: 5.96400e-01 Validation accuracy: 5.50000e-01 Loss 1.51213e-02 Time taken: 0.66 seconds 
Epoch: 170/200 Train accuracy: 5.95800e-01 Validation accuracy: 5.50250e-01 Loss 1.50941e-02 Time taken: 0.55 seconds 
Epoch: 171/200 Train accuracy: 5.97600e-01 Validation accuracy: 5.49125e-01 Loss 1.51172e-02 Time taken: 0.52 seconds 
Epoch: 172/200 Train accuracy: 5.98000e-01 Validation accuracy: 5.49125e-01 Loss 1.51579e-02 Time taken: 0.53 seconds 
Epoch: 173/200 Train accuracy: 5.96200e-01 Validation accuracy: 5.50250e-01 Loss 1.51283e-02 Time taken: 0.52 seconds 
Epoch: 174/200 Train accuracy: 5.96400e-01 Validation accuracy: 5.51500e-01 Loss 1.51008e-02 Time taken: 0.52 seconds 
Epoch: 175/200 Train accuracy: 5.98200e-01 Validation accuracy: 5.50875e-01 Loss 1.50687e-02 Time taken: 0.52 seconds 
Epoch: 176/200 Train accuracy: 5.98000e-01 Validation accuracy: 5.49875e-01 Loss 1.51107e-02 Time taken: 0.52 seconds 
Epoch: 177/200 Train accuracy: 5.94400e-01 Validation accuracy: 5.50500e-01 Loss 1.51001e-02 Time taken: 0.52 seconds 
Epoch: 178/200 Train accuracy: 5.97200e-01 Validation accuracy: 5.51625e-01 Loss 1.51091e-02 Time taken: 0.52 seconds 
Epoch: 179/200 Train accuracy: 5.97800e-01 Validation accuracy: 5.50000e-01 Loss 1.50766e-02 Time taken: 0.53 seconds 
Epoch: 180/200 Train accuracy: 5.97400e-01 Validation accuracy: 5.48750e-01 Loss 1.50723e-02 Time taken: 0.52 seconds 
Epoch: 181/200 Train accuracy: 5.96000e-01 Validation accuracy: 5.50500e-01 Loss 1.51319e-02 Time taken: 0.53 seconds 
Epoch: 182/200 Train accuracy: 5.99200e-01 Validation accuracy: 5.50375e-01 Loss 1.51434e-02 Time taken: 0.52 seconds 
Epoch: 183/200 Train accuracy: 5.98200e-01 Validation accuracy: 5.51125e-01 Loss 1.51014e-02 Time taken: 0.52 seconds 
Epoch: 184/200 Train accuracy: 6.01200e-01 Validation accuracy: 5.49875e-01 Loss 1.51129e-02 Time taken: 0.52 seconds 
Epoch: 185/200 Train accuracy: 5.99600e-01 Validation accuracy: 5.50625e-01 Loss 1.50953e-02 Time taken: 0.52 seconds 
Epoch: 186/200 Train accuracy: 5.99200e-01 Validation accuracy: 5.50875e-01 Loss 1.51125e-02 Time taken: 0.53 seconds 
Epoch: 187/200 Train accuracy: 5.99000e-01 Validation accuracy: 5.52000e-01 Loss 1.50916e-02 Time taken: 0.52 seconds 
Epoch: 188/200 Train accuracy: 6.00800e-01 Validation accuracy: 5.50125e-01 Loss 1.50388e-02 Time taken: 0.52 seconds 
Epoch: 189/200 Train accuracy: 5.97000e-01 Validation accuracy: 5.51375e-01 Loss 1.50646e-02 Time taken: 0.53 seconds 
Epoch: 190/200 Train accuracy: 5.99600e-01 Validation accuracy: 5.49875e-01 Loss 1.50902e-02 Time taken: 0.52 seconds 
Epoch: 191/200 Train accuracy: 5.99000e-01 Validation accuracy: 5.49625e-01 Loss 1.50957e-02 Time taken: 0.54 seconds 
Epoch: 192/200 Train accuracy: 5.97600e-01 Validation accuracy: 5.49625e-01 Loss 1.51050e-02 Time taken: 0.53 seconds 
Epoch: 193/200 Train accuracy: 5.99200e-01 Validation accuracy: 5.48375e-01 Loss 1.50772e-02 Time taken: 0.51 seconds 
Epoch: 194/200 Train accuracy: 5.99800e-01 Validation accuracy: 5.49250e-01 Loss 1.51201e-02 Time taken: 0.51 seconds 
Epoch: 195/200 Train accuracy: 6.01800e-01 Validation accuracy: 5.50750e-01 Loss 1.50599e-02 Time taken: 0.52 seconds 
Epoch: 196/200 Train accuracy: 6.00400e-01 Validation accuracy: 5.50750e-01 Loss 1.51045e-02 Time taken: 0.53 seconds 
Epoch: 197/200 Train accuracy: 6.02000e-01 Validation accuracy: 5.48375e-01 Loss 1.50649e-02 Time taken: 0.52 seconds 
Epoch: 198/200 Train accuracy: 6.02800e-01 Validation accuracy: 5.50250e-01 Loss 1.50754e-02 Time taken: 0.52 seconds 
Epoch: 199/200 Train accuracy: 6.01400e-01 Validation accuracy: 5.51500e-01 Loss 1.50764e-02 Time taken: 0.53 seconds 
Epoch: 200/200 Train accuracy: 6.01600e-01 Validation accuracy: 5.49250e-01 Loss 1.50027e-02 Time taken: 0.52 seconds 
Total time taken 0:02:12.132925
Cleaning up intermediate feature (.pt) files
Done


