VisionTransformer(
  (patch_embed): PatchEmbed(
    (proj): Conv2d(3, 768, kernel_size=(15, 15), stride=(15, 15))
  )
  (blocks): ModuleList(
    (0-11): 12 x Block(
      (norm1): LayerNorm((768,), eps=1e-06, elementwise_affine=True)
      (attn): Attention(
        (qkv): Linear(in_features=768, out_features=2304, bias=True)
        (attn_drop): Dropout(p=0.0, inplace=False)
        (proj): Linear(in_features=768, out_features=768, bias=True)
        (proj_drop): Dropout(p=0.0, inplace=False)
      )
      (drop_path): Identity()
      (norm2): LayerNorm((768,), eps=1e-06, elementwise_affine=True)
      (mlp): MLP(
        (fc1): Linear(in_features=768, out_features=3072, bias=True)
        (act): GELU(approximate='none')
        (fc2): Linear(in_features=3072, out_features=768, bias=True)
        (drop): Dropout(p=0.0, inplace=False)
      )
    )
  )
  (norm): LayerNorm((768,), eps=1e-06, elementwise_affine=True)
)
making imagenet data transforms
data-path datasets/stl10/train/
Initialized ImageNet
ImageNet dataset created
ImageNet unsupervised data loader created
Using AdamW
Epoch 1
[1,     0] loss: 4.861400e-01 masks: 15.0 20.0 [wd: 4.00e-02] [lr: 2.00e-04] [mem: 8.38e+03] cross mse: 0.000000e+00 loss itself: 0.000000e+00 (738.1 ms)
[1,     0] grad_stats: [2.25e-02 1.09e-02] (1.08e-02, 2.56e-02)
[1,   390] loss: 1.897259e-01 masks: 20.1 17.4 [wd: 4.00e-02] [lr: 2.67e-04] [mem: 1.28e+04] cross mse: 0.000000e+00 loss itself: 0.000000e+00 (426.1 ms)
[1,   390] grad_stats: [2.98e-02 8.54e-04] (8.54e-04, 4.10e-02)
[1,   780] loss: 1.513132e-01 masks: 20.3 17.2 [wd: 4.02e-02] [lr: 3.33e-04] [mem: 1.30e+04] cross mse: 0.000000e+00 loss itself: 0.000000e+00 (428.7 ms)
[1,   780] grad_stats: [1.93e-02 4.47e-04] (3.08e-04, 2.70e-02)
avg. loss 1.51313207e-01
avg. cross sim matrix mse 0.00000000e+00 , avg. loss itself 0.000000e+00
time taken for epoch 0:05:47.636632
Epoch 2
[2,     0] loss: 7.823448e-02 masks: 20.0 16.0 [wd: 4.02e-02] [lr: 3.34e-04] [mem: 1.30e+04] cross mse: 0.000000e+00 loss itself: 0.000000e+00 (415.8 ms)
[2,     0] grad_stats: [1.82e-02 5.11e-04] (2.93e-04, 2.41e-02)
[2,   390] loss: 5.883714e-02 masks: 20.3 17.2 [wd: 4.04e-02] [lr: 4.00e-04] [mem: 1.30e+04] cross mse: 0.000000e+00 loss itself: 0.000000e+00 (430.5 ms)
[2,   390] grad_stats: [1.07e-02 4.19e-04] (2.38e-04, 1.88e-02)
[2,   780] loss: 5.382659e-02 masks: 20.2 17.3 [wd: 4.06e-02] [lr: 4.67e-04] [mem: 1.30e+04] cross mse: 0.000000e+00 loss itself: 0.000000e+00 (430.0 ms)
[2,   780] grad_stats: [2.45e-02 7.63e-04] (3.78e-04, 3.49e-02)
avg. loss 5.38265920e-02
avg. cross sim matrix mse 0.00000000e+00 , avg. loss itself 0.000000e+00
time taken for epoch 0:05:49.259107
Epoch 3
[3,     0] loss: 4.675327e-02 masks: 21.0 16.0 [wd: 4.06e-02] [lr: 4.67e-04] [mem: 1.30e+04] cross mse: 0.000000e+00 loss itself: 0.000000e+00 (422.5 ms)
[3,     0] grad_stats: [1.31e-02 4.32e-04] (1.80e-04, 1.74e-02)
[3,   390] loss: 4.974422e-02 masks: 20.6 17.1 [wd: 4.10e-02] [lr: 5.33e-04] [mem: 1.33e+04] cross mse: 0.000000e+00 loss itself: 0.000000e+00 (433.2 ms)
[3,   390] grad_stats: [7.91e-03 2.91e-04] (1.51e-04, 1.31e-02)
[3,   780] loss: 5.112644e-02 masks: 20.4 17.2 [wd: 4.14e-02] [lr: 6.00e-04] [mem: 1.33e+04] cross mse: 0.000000e+00 loss itself: 0.000000e+00 (432.4 ms)
[3,   780] grad_stats: [1.01e-02 8.00e-04] (1.82e-04, 1.43e-02)
avg. loss 5.11264410e-02
avg. cross sim matrix mse 0.00000000e+00 , avg. loss itself 0.000000e+00
time taken for epoch 0:05:51.127185
Epoch 4
[4,     0] loss: 5.465645e-02 masks: 19.0 20.0 [wd: 4.14e-02] [lr: 6.00e-04] [mem: 1.33e+04] cross mse: 0.000000e+00 loss itself: 0.000000e+00 (429.9 ms)
[4,     0] grad_stats: [2.02e-02 1.14e-03] (2.74e-04, 2.21e-02)
[4,   390] loss: 5.160437e-02 masks: 20.4 17.3 [wd: 4.19e-02] [lr: 6.67e-04] [mem: 1.33e+04] cross mse: 0.000000e+00 loss itself: 0.000000e+00 (432.1 ms)
[4,   390] grad_stats: [9.28e-03 8.65e-04] (1.23e-04, 9.96e-03)
[4,   780] loss: 5.083904e-02 masks: 20.2 17.3 [wd: 4.25e-02] [lr: 7.33e-04] [mem: 1.33e+04] cross mse: 0.000000e+00 loss itself: 0.000000e+00 (431.3 ms)
[4,   780] grad_stats: [6.52e-03 3.68e-04] (8.71e-05, 8.37e-03)
avg. loss 5.08390394e-02
avg. cross sim matrix mse 0.00000000e+00 , avg. loss itself 0.000000e+00
time taken for epoch 0:05:50.182268
Epoch 5
[5,     0] loss: 5.080727e-02 masks: 21.0 16.0 [wd: 4.25e-02] [lr: 7.34e-04] [mem: 1.33e+04] cross mse: 0.000000e+00 loss itself: 0.000000e+00 (423.2 ms)
[5,     0] grad_stats: [1.00e-02 1.21e-03] (9.93e-05, 1.27e-02)
[5,   390] loss: 4.809357e-02 masks: 20.2 17.2 [wd: 4.32e-02] [lr: 8.00e-04] [mem: 1.33e+04] cross mse: 0.000000e+00 loss itself: 0.000000e+00 (430.8 ms)
[5,   390] grad_stats: [4.90e-03 3.20e-04] (6.38e-05, 6.42e-03)
[5,   780] loss: 4.629864e-02 masks: 20.2 17.3 [wd: 4.39e-02] [lr: 8.67e-04] [mem: 1.33e+04] cross mse: 0.000000e+00 loss itself: 0.000000e+00 (431.3 ms)
[5,   780] grad_stats: [9.63e-03 7.79e-04] (9.04e-05, 1.16e-02)
avg. loss 4.62986382e-02
avg. cross sim matrix mse 0.00000000e+00 , avg. loss itself 0.000000e+00
time taken for epoch 0:05:50.116730
Epoch 6
[6,     0] loss: 4.293583e-02 masks: 21.0 16.0 [wd: 4.39e-02] [lr: 8.67e-04] [mem: 1.33e+04] cross mse: 0.000000e+00 loss itself: 0.000000e+00 (423.5 ms)
[6,     0] grad_stats: [7.48e-03 1.04e-03] (1.00e-04, 8.33e-03)
[6,   390] loss: 4.174792e-02 masks: 20.4 17.2 [wd: 4.48e-02] [lr: 9.33e-04] [mem: 1.33e+04] cross mse: 0.000000e+00 loss itself: 0.000000e+00 (432.1 ms)
[6,   390] grad_stats: [5.39e-03 3.13e-04] (6.63e-05, 7.71e-03)
[6,   780] loss: 4.148172e-02 masks: 20.4 17.2 [wd: 4.57e-02] [lr: 1.00e-03] [mem: 1.33e+04] cross mse: 0.000000e+00 loss itself: 0.000000e+00 (432.2 ms)
[6,   780] grad_stats: [7.05e-03 4.51e-04] (6.70e-05, 7.33e-03)
avg. loss 4.14817225e-02
avg. cross sim matrix mse 0.00000000e+00 , avg. loss itself 0.000000e+00
time taken for epoch 0:05:50.706027
Epoch 7
[7,     0] loss: 4.086575e-02 masks: 23.0 16.0 [wd: 4.57e-02] [lr: 1.00e-03] [mem: 1.33e+04] cross mse: 0.000000e+00 loss itself: 0.000000e+00 (442.5 ms)
[7,     0] grad_stats: [4.07e-03 2.75e-04] (5.51e-05, 6.80e-03)
[7,   390] loss: 4.048072e-02 masks: 20.1 17.3 [wd: 4.66e-02] [lr: 1.00e-03] [mem: 1.33e+04] cross mse: 0.000000e+00 loss itself: 0.000000e+00 (430.5 ms)
[7,   390] grad_stats: [5.47e-03 3.55e-04] (5.10e-05, 8.76e-03)
[7,   780] loss: 3.940930e-02 masks: 20.2 17.2 [wd: 4.77e-02] [lr: 9.99e-04] [mem: 1.33e+04] cross mse: 0.000000e+00 loss itself: 0.000000e+00 (431.3 ms)
[7,   780] grad_stats: [2.57e-03 2.58e-04] (3.49e-05, 3.63e-03)
avg. loss 3.94093024e-02
avg. cross sim matrix mse 0.00000000e+00 , avg. loss itself 0.000000e+00
time taken for epoch 0:05:49.980268
Epoch 8
[8,     0] loss: 4.024366e-02 masks: 17.0 16.0 [wd: 4.77e-02] [lr: 9.99e-04] [mem: 1.33e+04] cross mse: 0.000000e+00 loss itself: 0.000000e+00 (391.2 ms)
[8,     0] grad_stats: [5.39e-03 6.27e-04] (5.37e-05, 5.57e-03)
[8,   390] loss: 3.749791e-02 masks: 19.7 17.4 [wd: 4.88e-02] [lr: 9.99e-04] [mem: 1.33e+04] cross mse: 0.000000e+00 loss itself: 0.000000e+00 (428.1 ms)
[8,   390] grad_stats: [7.29e-03 7.29e-04] (5.89e-05, 7.30e-03)
[8,   780] loss: 3.709846e-02 masks: 19.8 17.5 [wd: 5.00e-02] [lr: 9.98e-04] [mem: 1.33e+04] cross mse: 0.000000e+00 loss itself: 0.000000e+00 (429.3 ms)
[8,   780] grad_stats: [3.03e-03 2.31e-04] (3.22e-05, 4.43e-03)
avg. loss 3.70984587e-02
avg. cross sim matrix mse 0.00000000e+00 , avg. loss itself 0.000000e+00
time taken for epoch 0:05:48.540786
Epoch 9
[9,     0] loss: 3.493231e-02 masks: 18.0 20.0 [wd: 5.00e-02] [lr: 9.98e-04] [mem: 1.33e+04] cross mse: 0.000000e+00 loss itself: 0.000000e+00 (417.6 ms)
[9,     0] grad_stats: [2.25e-03 2.30e-04] (2.80e-05, 3.39e-03)
[9,   390] loss: 3.566935e-02 masks: 20.2 17.3 [wd: 5.13e-02] [lr: 9.97e-04] [mem: 1.33e+04] cross mse: 0.000000e+00 loss itself: 0.000000e+00 (431.3 ms)
[9,   390] grad_stats: [2.72e-03 2.96e-04] (3.65e-05, 5.42e-03)
[9,   780] loss: 3.499147e-02 masks: 20.3 17.2 [wd: 5.26e-02] [lr: 9.95e-04] [mem: 1.33e+04] cross mse: 0.000000e+00 loss itself: 0.000000e+00 (431.9 ms)
[9,   780] grad_stats: [2.25e-03 2.65e-04] (3.11e-05, 3.35e-03)
avg. loss 3.49914660e-02
avg. cross sim matrix mse 0.00000000e+00 , avg. loss itself 0.000000e+00
time taken for epoch 0:05:51.176078
Epoch 10
[10,     0] loss: 3.588608e-02 masks: 18.0 20.0 [wd: 5.26e-02] [lr: 9.95e-04] [mem: 1.33e+04] cross mse: 0.000000e+00 loss itself: 0.000000e+00 (419.1 ms)
[10,     0] grad_stats: [2.70e-03 4.70e-04] (3.72e-05, 4.49e-03)
[10,   390] loss: 3.365025e-02 masks: 20.4 17.1 [wd: 5.41e-02] [lr: 9.94e-04] [mem: 1.33e+04] cross mse: 0.000000e+00 loss itself: 0.000000e+00 (432.6 ms)
[10,   390] grad_stats: [2.03e-03 1.79e-04] (3.18e-05, 2.86e-03)
[10,   780] loss: 3.339523e-02 masks: 20.4 17.2 [wd: 5.56e-02] [lr: 9.92e-04] [mem: 1.33e+04] cross mse: 0.000000e+00 loss itself: 0.000000e+00 (433.3 ms)
[10,   780] grad_stats: [2.13e-03 2.34e-04] (3.27e-05, 5.19e-03)
avg. loss 3.33952321e-02
avg. cross sim matrix mse 0.00000000e+00 , avg. loss itself 0.000000e+00
time taken for epoch 0:05:51.485445
Epoch 11
[11,     0] loss: 3.264606e-02 masks: 21.0 16.0 [wd: 5.56e-02] [lr: 9.92e-04] [mem: 1.33e+04] cross mse: 0.000000e+00 loss itself: 0.000000e+00 (423.6 ms)
[11,     0] grad_stats: [3.26e-03 3.98e-04] (3.65e-05, 4.69e-03)
[11,   390] loss: 3.329232e-02 masks: 20.2 17.4 [wd: 5.71e-02] [lr: 9.90e-04] [mem: 1.33e+04] cross mse: 0.000000e+00 loss itself: 0.000000e+00 (432.0 ms)
[11,   390] grad_stats: [1.80e-03 2.08e-04] (2.75e-05, 3.39e-03)
[11,   780] loss: 3.291501e-02 masks: 20.5 17.2 [wd: 5.88e-02] [lr: 9.87e-04] [mem: 1.33e+04] cross mse: 0.000000e+00 loss itself: 0.000000e+00 (434.2 ms)
[11,   780] grad_stats: [2.24e-03 1.71e-04] (2.10e-05, 3.05e-03)
avg. loss 3.29150065e-02
avg. cross sim matrix mse 0.00000000e+00 , avg. loss itself 0.000000e+00
time taken for epoch 0:05:52.283315
Epoch 12
[12,     0] loss: 3.430575e-02 masks: 17.0 16.0 [wd: 5.88e-02] [lr: 9.87e-04] [mem: 1.33e+04] cross mse: 0.000000e+00 loss itself: 0.000000e+00 (391.2 ms)
[12,     0] grad_stats: [5.28e-03 3.74e-04] (2.97e-05, 5.79e-03)
[12,   390] loss: 3.270838e-02 masks: 19.9 17.5 [wd: 6.05e-02] [lr: 9.84e-04] [mem: 1.33e+04] cross mse: 0.000000e+00 loss itself: 0.000000e+00 (429.8 ms)
[12,   390] grad_stats: [2.25e-03 3.10e-04] (3.13e-05, 5.26e-03)
[12,   780] loss: 3.233125e-02 masks: 20.1 17.4 [wd: 6.23e-02] [lr: 9.81e-04] [mem: 1.33e+04] cross mse: 0.000000e+00 loss itself: 0.000000e+00 (431.5 ms)
[12,   780] grad_stats: [3.06e-03 2.46e-04] (2.56e-05, 3.80e-03)
avg. loss 3.23312475e-02
avg. cross sim matrix mse 0.00000000e+00 , avg. loss itself 0.000000e+00
time taken for epoch 0:05:50.195037
Epoch 13
[13,     0] loss: 3.154990e-02 masks: 20.0 16.0 [wd: 6.23e-02] [lr: 9.81e-04] [mem: 1.33e+04] cross mse: 0.000000e+00 loss itself: 0.000000e+00 (416.6 ms)
[13,     0] grad_stats: [2.85e-03 2.19e-04] (2.62e-05, 3.16e-03)
[13,   390] loss: 3.277135e-02 masks: 20.1 17.3 [wd: 6.41e-02] [lr: 9.78e-04] [mem: 1.33e+04] cross mse: 0.000000e+00 loss itself: 0.000000e+00 (430.5 ms)
[13,   390] grad_stats: [3.47e-03 1.73e-04] (2.03e-05, 4.08e-03)
[13,   780] loss: 3.308181e-02 masks: 20.1 17.3 [wd: 6.60e-02] [lr: 9.75e-04] [mem: 1.33e+04] cross mse: 0.000000e+00 loss itself: 0.000000e+00 (431.2 ms)
[13,   780] grad_stats: [1.94e-03 2.64e-04] (3.09e-05, 2.91e-03)
avg. loss 3.30818066e-02
avg. cross sim matrix mse 0.00000000e+00 , avg. loss itself 0.000000e+00
time taken for epoch 0:05:50.032526
Epoch 14
[14,     0] loss: 3.719351e-02 masks: 16.0 20.0 [wd: 6.60e-02] [lr: 9.75e-04] [mem: 1.33e+04] cross mse: 0.000000e+00 loss itself: 0.000000e+00 (398.9 ms)
[14,     0] grad_stats: [2.40e-03 2.91e-04] (3.22e-05, 3.31e-03)
[14,   390] loss: 3.294900e-02 masks: 20.6 17.1 [wd: 6.80e-02] [lr: 9.71e-04] [mem: 1.33e+04] cross mse: 0.000000e+00 loss itself: 0.000000e+00 (434.0 ms)
[14,   390] grad_stats: [1.98e-03 2.20e-04] (2.29e-05, 3.84e-03)
[14,   780] loss: 3.306547e-02 masks: 20.4 17.2 [wd: 7.01e-02] [lr: 9.67e-04] [mem: 1.33e+04] cross mse: 0.000000e+00 loss itself: 0.000000e+00 (433.4 ms)
[14,   780] grad_stats: [1.61e-03 2.13e-04] (1.88e-05, 2.16e-03)
avg. loss 3.30654664e-02
avg. cross sim matrix mse 0.00000000e+00 , avg. loss itself 0.000000e+00
time taken for epoch 0:05:51.634610
Epoch 15
[15,     0] loss: 2.719851e-02 masks: 33.0 12.0 [wd: 7.01e-02] [lr: 9.67e-04] [mem: 1.33e+04] cross mse: 0.000000e+00 loss itself: 0.000000e+00 (503.4 ms)
[15,     0] grad_stats: [1.51e-03 4.51e-04] (3.55e-05, 4.32e-03)
[15,   390] loss: 3.410740e-02 masks: 20.0 17.4 [wd: 7.22e-02] [lr: 9.63e-04] [mem: 1.33e+04] cross mse: 0.000000e+00 loss itself: 0.000000e+00 (431.2 ms)
[15,   390] grad_stats: [1.04e-03 2.51e-04] (2.04e-05, 2.08e-03)
[15,   780] loss: 3.415245e-02 masks: 20.3 17.3 [wd: 7.44e-02] [lr: 9.59e-04] [mem: 1.33e+04] cross mse: 0.000000e+00 loss itself: 0.000000e+00 (432.8 ms)
[15,   780] grad_stats: [1.57e-03 2.86e-04] (2.77e-05, 3.08e-03)
avg. loss 3.41524503e-02
avg. cross sim matrix mse 0.00000000e+00 , avg. loss itself 0.000000e+00
time taken for epoch 0:05:51.183688
Epoch 16
[16,     0] loss: 3.247370e-02 masks: 21.0 16.0 [wd: 7.44e-02] [lr: 9.59e-04] [mem: 1.33e+04] cross mse: 0.000000e+00 loss itself: 0.000000e+00 (423.6 ms)
[16,     0] grad_stats: [1.81e-03 1.76e-04] (2.41e-05, 2.54e-03)
[16,   390] loss: 3.543490e-02 masks: 20.1 17.3 [wd: 7.66e-02] [lr: 9.54e-04] [mem: 1.33e+04] cross mse: 0.000000e+00 loss itself: 0.000000e+00 (430.9 ms)
[16,   390] grad_stats: [1.77e-03 2.10e-04] (2.41e-05, 3.29e-03)
[16,   780] loss: 3.603215e-02 masks: 20.2 17.4 [wd: 7.89e-02] [lr: 9.49e-04] [mem: 1.33e+04] cross mse: 0.000000e+00 loss itself: 0.000000e+00 (432.3 ms)
[16,   780] grad_stats: [1.36e-03 1.81e-04] (1.89e-05, 2.32e-03)
avg. loss 3.60321456e-02
avg. cross sim matrix mse 0.00000000e+00 , avg. loss itself 0.000000e+00
time taken for epoch 0:05:50.791842
Epoch 17
[17,     0] loss: 2.862387e-02 masks: 33.0 12.0 [wd: 7.89e-02] [lr: 9.49e-04] [mem: 1.33e+04] cross mse: 0.000000e+00 loss itself: 0.000000e+00 (503.3 ms)
[17,     0] grad_stats: [1.86e-03 2.09e-04] (1.87e-05, 3.57e-03)
[17,   390] loss: 3.728288e-02 masks: 20.0 17.5 [wd: 8.13e-02] [lr: 9.44e-04] [mem: 1.33e+04] cross mse: 0.000000e+00 loss itself: 0.000000e+00 (431.2 ms)
[17,   390] grad_stats: [2.25e-03 2.25e-04] (2.79e-05, 3.50e-03)
[17,   780] loss: 3.753278e-02 masks: 20.0 17.4 [wd: 8.37e-02] [lr: 9.39e-04] [mem: 1.33e+04] cross mse: 0.000000e+00 loss itself: 0.000000e+00 (431.1 ms)
[17,   780] grad_stats: [5.34e-03 4.01e-04] (3.74e-05, 5.34e-03)
avg. loss 3.75327792e-02
avg. cross sim matrix mse 0.00000000e+00 , avg. loss itself 0.000000e+00
time taken for epoch 0:05:49.945118
Epoch 18
[18,     0] loss: 4.261289e-02 masks: 16.0 20.0 [wd: 8.37e-02] [lr: 9.39e-04] [mem: 1.33e+04] cross mse: 0.000000e+00 loss itself: 0.000000e+00 (399.4 ms)
[18,     0] grad_stats: [2.01e-03 2.19e-04] (2.46e-05, 2.80e-03)
[18,   390] loss: 3.832269e-02 masks: 20.5 17.2 [wd: 8.62e-02] [lr: 9.33e-04] [mem: 1.33e+04] cross mse: 0.000000e+00 loss itself: 0.000000e+00 (434.5 ms)
[18,   390] grad_stats: [1.42e-03 1.55e-04] (2.50e-05, 2.10e-03)
[18,   780] loss: 3.898163e-02 masks: 20.5 17.2 [wd: 8.88e-02] [lr: 9.27e-04] [mem: 1.33e+04] cross mse: 0.000000e+00 loss itself: 0.000000e+00 (434.2 ms)
[18,   780] grad_stats: [1.62e-03 2.48e-04] (2.17e-05, 5.16e-03)
avg. loss 3.89816308e-02
avg. cross sim matrix mse 0.00000000e+00 , avg. loss itself 0.000000e+00
time taken for epoch 0:05:52.155140
Epoch 19
[19,     0] loss: 3.987169e-02 masks: 19.0 20.0 [wd: 8.88e-02] [lr: 9.27e-04] [mem: 1.33e+04] cross mse: 0.000000e+00 loss itself: 0.000000e+00 (431.6 ms)
[19,     0] grad_stats: [1.36e-03 1.93e-04] (2.29e-05, 4.00e-03)
[19,   390] loss: 4.157360e-02 masks: 19.8 17.4 [wd: 9.14e-02] [lr: 9.21e-04] [mem: 1.33e+04] cross mse: 0.000000e+00 loss itself: 0.000000e+00 (429.2 ms)
[19,   390] grad_stats: [1.51e-03 2.67e-04] (2.36e-05, 3.00e-03)
[19,   780] loss: 4.184999e-02 masks: 20.0 17.3 [wd: 9.41e-02] [lr: 9.15e-04] [mem: 1.33e+04] cross mse: 0.000000e+00 loss itself: 0.000000e+00 (430.7 ms)
[19,   780] grad_stats: [2.28e-03 2.32e-04] (2.61e-05, 5.27e-03)
avg. loss 4.18499912e-02
avg. cross sim matrix mse 0.00000000e+00 , avg. loss itself 0.000000e+00
time taken for epoch 0:05:50.230448
Epoch 20
[20,     0] loss: 3.819962e-02 masks: 23.0 16.0 [wd: 9.41e-02] [lr: 9.15e-04] [mem: 1.33e+04] cross mse: 0.000000e+00 loss itself: 0.000000e+00 (443.6 ms)
[20,     0] grad_stats: [2.62e-03 2.40e-04] (2.84e-05, 3.16e-03)
[20,   390] loss: 4.255774e-02 masks: 20.5 17.2 [wd: 9.68e-02] [lr: 9.09e-04] [mem: 1.33e+04] cross mse: 0.000000e+00 loss itself: 0.000000e+00 (434.8 ms)
[20,   390] grad_stats: [3.02e-03 3.10e-04] (2.83e-05, 3.12e-03)
[20,   780] loss: 4.312274e-02 masks: 20.5 17.2 [wd: 9.96e-02] [lr: 9.02e-04] [mem: 1.33e+04] cross mse: 0.000000e+00 loss itself: 0.000000e+00 (434.6 ms)
[20,   780] grad_stats: [2.92e-03 2.62e-04] (3.35e-05, 4.05e-03)
avg. loss 4.31227434e-02
avg. cross sim matrix mse 0.00000000e+00 , avg. loss itself 0.000000e+00
time taken for epoch 0:05:52.499027
Epoch 21
[21,     0] loss: 3.561956e-02 masks: 34.0 12.0 [wd: 9.96e-02] [lr: 9.02e-04] [mem: 1.33e+04] cross mse: 0.000000e+00 loss itself: 0.000000e+00 (513.6 ms)
[21,     0] grad_stats: [2.65e-03 3.46e-04] (2.95e-05, 3.79e-03)
[21,   390] loss: 4.491454e-02 masks: 20.6 17.2 [wd: 1.02e-01] [lr: 8.95e-04] [mem: 1.33e+04] cross mse: 0.000000e+00 loss itself: 0.000000e+00 (435.5 ms)
[21,   390] grad_stats: [1.34e-03 2.32e-04] (2.91e-05, 2.78e-03)
[21,   780] loss: 4.585829e-02 masks: 20.3 17.4 [wd: 1.05e-01] [lr: 8.88e-04] [mem: 1.33e+04] cross mse: 0.000000e+00 loss itself: 0.000000e+00 (433.7 ms)
[21,   780] grad_stats: [2.51e-03 2.63e-04] (3.64e-05, 3.23e-03)
avg. loss 4.58582879e-02
avg. cross sim matrix mse 0.00000000e+00 , avg. loss itself 0.000000e+00
time taken for epoch 0:05:51.971363
Epoch 22
[22,     0] loss: 3.485721e-02 masks: 33.0 12.0 [wd: 1.05e-01] [lr: 8.88e-04] [mem: 1.33e+04] cross mse: 0.000000e+00 loss itself: 0.000000e+00 (504.1 ms)
[22,     0] grad_stats: [1.17e-03 2.65e-04] (3.00e-05, 3.20e-03)
[22,   390] loss: 4.825266e-02 masks: 20.1 17.4 [wd: 1.08e-01] [lr: 8.81e-04] [mem: 1.33e+04] cross mse: 0.000000e+00 loss itself: 0.000000e+00 (432.0 ms)
[22,   390] grad_stats: [1.27e-03 2.65e-04] (2.92e-05, 2.56e-03)
[22,   780] loss: 4.849282e-02 masks: 20.4 17.2 [wd: 1.11e-01] [lr: 8.73e-04] [mem: 1.33e+04] cross mse: 0.000000e+00 loss itself: 0.000000e+00 (433.8 ms)
[22,   780] grad_stats: [1.46e-03 2.61e-04] (3.40e-05, 2.34e-03)
avg. loss 4.84928242e-02
avg. cross sim matrix mse 0.00000000e+00 , avg. loss itself 0.000000e+00
time taken for epoch 0:05:52.011577
Epoch 23
[23,     0] loss: 4.797950e-02 masks: 19.0 20.0 [wd: 1.11e-01] [lr: 8.73e-04] [mem: 1.33e+04] cross mse: 0.000000e+00 loss itself: 0.000000e+00 (431.5 ms)
[23,     0] grad_stats: [1.24e-03 1.92e-04] (2.53e-05, 4.97e-03)
[23,   390] loss: 5.078965e-02 masks: 20.4 17.2 [wd: 1.14e-01] [lr: 8.66e-04] [mem: 1.33e+04] cross mse: 0.000000e+00 loss itself: 0.000000e+00 (433.9 ms)
[23,   390] grad_stats: [1.45e-03 1.66e-04] (2.14e-05, 3.02e-03)
[23,   780] loss: 5.145967e-02 masks: 20.5 17.3 [wd: 1.17e-01] [lr: 8.58e-04] [mem: 1.33e+04] cross mse: 0.000000e+00 loss itself: 0.000000e+00 (434.7 ms)
[23,   780] grad_stats: [1.17e-03 1.76e-04] (2.87e-05, 3.06e-03)
avg. loss 5.14596668e-02
avg. cross sim matrix mse 0.00000000e+00 , avg. loss itself 0.000000e+00
time taken for epoch 0:05:52.637258
Epoch 24
[24,     0] loss: 5.755764e-02 masks: 16.0 20.0 [wd: 1.17e-01] [lr: 8.58e-04] [mem: 1.33e+04] cross mse: 0.000000e+00 loss itself: 0.000000e+00 (400.4 ms)
[24,     0] grad_stats: [2.05e-03 4.60e-04] (3.76e-05, 5.04e-03)
[24,   390] loss: 5.377411e-02 masks: 20.4 17.3 [wd: 1.20e-01] [lr: 8.50e-04] [mem: 1.33e+04] cross mse: 0.000000e+00 loss itself: 0.000000e+00 (433.9 ms)
[24,   390] grad_stats: [3.26e-03 2.28e-04] (3.46e-05, 5.70e-03)
[24,   780] loss: 5.492165e-02 masks: 20.4 17.2 [wd: 1.24e-01] [lr: 8.41e-04] [mem: 1.33e+04] cross mse: 0.000000e+00 loss itself: 0.000000e+00 (433.7 ms)
[24,   780] grad_stats: [3.42e-03 3.16e-04] (3.22e-05, 3.78e-03)
avg. loss 5.49216525e-02
avg. cross sim matrix mse 0.00000000e+00 , avg. loss itself 0.000000e+00
time taken for epoch 0:05:51.834573
Epoch 25
[25,     0] loss: 5.616659e-02 masks: 21.0 16.0 [wd: 1.24e-01] [lr: 8.41e-04] [mem: 1.33e+04] cross mse: 0.000000e+00 loss itself: 0.000000e+00 (424.5 ms)
[25,     0] grad_stats: [1.30e-03 2.59e-04] (3.23e-05, 4.13e-03)
[25,   390] loss: 5.777545e-02 masks: 20.3 17.3 [wd: 1.27e-01] [lr: 8.33e-04] [mem: 1.33e+04] cross mse: 0.000000e+00 loss itself: 0.000000e+00 (433.0 ms)
[25,   390] grad_stats: [2.94e-03 2.05e-04] (2.94e-05, 4.65e-03)
[25,   780] loss: 5.879830e-02 masks: 20.1 17.4 [wd: 1.30e-01] [lr: 8.24e-04] [mem: 1.33e+04] cross mse: 0.000000e+00 loss itself: 0.000000e+00 (432.2 ms)
[25,   780] grad_stats: [1.98e-03 2.41e-04] (2.89e-05, 5.10e-03)
avg. loss 5.87983023e-02
avg. cross sim matrix mse 0.00000000e+00 , avg. loss itself 0.000000e+00
time taken for epoch 0:05:50.594783
Epoch 26
[26,     0] loss: 6.495443e-02 masks: 16.0 20.0 [wd: 1.30e-01] [lr: 8.24e-04] [mem: 1.33e+04] cross mse: 0.000000e+00 loss itself: 0.000000e+00 (399.3 ms)
[26,     0] grad_stats: [1.13e-03 2.18e-04] (3.06e-05, 3.63e-03)
[26,   390] loss: 6.132012e-02 masks: 20.2 17.3 [wd: 1.33e-01] [lr: 8.16e-04] [mem: 1.33e+04] cross mse: 0.000000e+00 loss itself: 0.000000e+00 (432.4 ms)
[26,   390] grad_stats: [1.25e-03 2.11e-04] (2.78e-05, 3.34e-03)
[26,   780] loss: 6.218341e-02 masks: 20.2 17.3 [wd: 1.37e-01] [lr: 8.07e-04] [mem: 1.33e+04] cross mse: 0.000000e+00 loss itself: 0.000000e+00 (432.3 ms)
[26,   780] grad_stats: [2.24e-03 1.88e-04] (2.62e-05, 4.91e-03)
avg. loss 6.21834067e-02
avg. cross sim matrix mse 0.00000000e+00 , avg. loss itself 0.000000e+00
time taken for epoch 0:05:50.838111
Epoch 27
[27,     0] loss: 6.365892e-02 masks: 20.0 16.0 [wd: 1.37e-01] [lr: 8.07e-04] [mem: 1.33e+04] cross mse: 0.000000e+00 loss itself: 0.000000e+00 (416.7 ms)
[27,     0] grad_stats: [1.56e-03 1.84e-04] (3.12e-05, 6.20e-03)
[27,   390] loss: 6.455050e-02 masks: 20.3 17.4 [wd: 1.40e-01] [lr: 7.98e-04] [mem: 1.33e+04] cross mse: 0.000000e+00 loss itself: 0.000000e+00 (433.9 ms)
[27,   390] grad_stats: [3.24e-03 3.69e-04] (5.46e-05, 5.06e-03)
[27,   780] loss: 6.551968e-02 masks: 20.1 17.4 [wd: 1.43e-01] [lr: 7.89e-04] [mem: 1.33e+04] cross mse: 0.000000e+00 loss itself: 0.000000e+00 (431.7 ms)
[27,   780] grad_stats: [2.58e-03 2.88e-04] (5.45e-05, 5.41e-03)
avg. loss 6.55196795e-02
avg. cross sim matrix mse 0.00000000e+00 , avg. loss itself 0.000000e+00
time taken for epoch 0:05:50.285558
Epoch 28
[28,     0] loss: 6.215068e-02 masks: 25.0 16.0 [wd: 1.43e-01] [lr: 7.89e-04] [mem: 1.33e+04] cross mse: 0.000000e+00 loss itself: 0.000000e+00 (463.7 ms)
[28,     0] grad_stats: [1.83e-03 2.60e-04] (4.33e-05, 6.26e-03)
[28,   390] loss: 6.735963e-02 masks: 20.5 17.1 [wd: 1.47e-01] [lr: 7.79e-04] [mem: 1.33e+04] cross mse: 0.000000e+00 loss itself: 0.000000e+00 (434.5 ms)
[28,   390] grad_stats: [1.31e-03 2.57e-04] (4.26e-05, 7.67e-03)
[28,   780] loss: 6.801077e-02 masks: 20.5 17.1 [wd: 1.50e-01] [lr: 7.70e-04] [mem: 1.33e+04] cross mse: 0.000000e+00 loss itself: 0.000000e+00 (434.3 ms)
[28,   780] grad_stats: [2.57e-03 6.11e-04] (4.44e-05, 8.20e-03)
avg. loss 6.80107744e-02
avg. cross sim matrix mse 0.00000000e+00 , avg. loss itself 0.000000e+00
time taken for epoch 0:05:52.377723
Epoch 29
[29,     0] loss: 7.260315e-02 masks: 19.0 20.0 [wd: 1.50e-01] [lr: 7.70e-04] [mem: 1.33e+04] cross mse: 0.000000e+00 loss itself: 0.000000e+00 (431.7 ms)
[29,     0] grad_stats: [2.77e-03 6.67e-04] (4.19e-05, 6.45e-03)
[29,   390] loss: 6.960522e-02 masks: 20.9 17.1 [wd: 1.54e-01] [lr: 7.60e-04] [mem: 1.33e+04] cross mse: 0.000000e+00 loss itself: 0.000000e+00 (437.3 ms)
[29,   390] grad_stats: [8.09e-04 2.78e-04] (3.80e-05, 1.40e-02)
[29,   780] loss: 7.083996e-02 masks: 20.6 17.2 [wd: 1.57e-01] [lr: 7.50e-04] [mem: 1.33e+04] cross mse: 0.000000e+00 loss itself: 0.000000e+00 (435.2 ms)
[29,   780] grad_stats: [1.22e-03 4.36e-04] (6.09e-05, 1.03e-02)
avg. loss 7.08399630e-02
avg. cross sim matrix mse 0.00000000e+00 , avg. loss itself 0.000000e+00
time taken for epoch 0:05:53.792292
Epoch 30
[30,     0] loss: 6.343330e-02 masks: 26.0 16.0 [wd: 1.57e-01] [lr: 7.50e-04] [mem: 1.33e+04] cross mse: 0.000000e+00 loss itself: 0.000000e+00 (469.9 ms)
[30,     0] grad_stats: [1.45e-03 3.52e-04] (4.81e-05, 6.81e-03)
[30,   390] loss: 7.314530e-02 masks: 20.6 17.3 [wd: 1.61e-01] [lr: 7.40e-04] [mem: 1.33e+04] cross mse: 0.000000e+00 loss itself: 0.000000e+00 (435.2 ms)
[30,   390] grad_stats: [1.50e-03 4.22e-04] (5.60e-05, 6.16e-03)
[30,   780] loss: 7.412565e-02 masks: 20.4 17.2 [wd: 1.64e-01] [lr: 7.30e-04] [mem: 1.33e+04] cross mse: 0.000000e+00 loss itself: 0.000000e+00 (433.9 ms)
[30,   780] grad_stats: [2.80e-03 3.06e-04] (6.97e-05, 4.74e-03)
avg. loss 7.41256460e-02
avg. cross sim matrix mse 0.00000000e+00 , avg. loss itself 0.000000e+00
time taken for epoch 0:05:51.897871
Epoch 31
[31,     0] loss: 7.980182e-02 masks: 20.0 16.0 [wd: 1.64e-01] [lr: 7.30e-04] [mem: 1.33e+04] cross mse: 0.000000e+00 loss itself: 0.000000e+00 (416.9 ms)
[31,     0] grad_stats: [2.93e-03 3.12e-04] (5.42e-05, 6.56e-03)
[31,   390] loss: 7.650099e-02 masks: 20.2 17.4 [wd: 1.68e-01] [lr: 7.20e-04] [mem: 1.33e+04] cross mse: 0.000000e+00 loss itself: 0.000000e+00 (433.0 ms)
[31,   390] grad_stats: [1.40e-03 3.29e-04] (5.55e-05, 1.33e-02)
[31,   780] loss: 7.669698e-02 masks: 20.4 17.3 [wd: 1.72e-01] [lr: 7.10e-04] [mem: 1.33e+04] cross mse: 0.000000e+00 loss itself: 0.000000e+00 (434.3 ms)
[31,   780] grad_stats: [1.05e-03 3.05e-04] (5.00e-05, 5.86e-03)
avg. loss 7.66969823e-02
avg. cross sim matrix mse 0.00000000e+00 , avg. loss itself 0.000000e+00
time taken for epoch 0:05:52.330763
Epoch 32
[32,     0] loss: 9.864687e-02 masks: 9.0 20.0 [wd: 1.72e-01] [lr: 7.10e-04] [mem: 1.33e+04] cross mse: 0.000000e+00 loss itself: 0.000000e+00 (343.6 ms)
[32,     0] grad_stats: [1.44e-03 3.41e-04] (4.73e-05, 7.20e-03)
[32,   390] loss: 7.986082e-02 masks: 19.9 17.4 [wd: 1.75e-01] [lr: 6.99e-04] [mem: 1.33e+04] cross mse: 0.000000e+00 loss itself: 0.000000e+00 (430.3 ms)
[32,   390] grad_stats: [1.16e-03 2.72e-04] (4.89e-05, 5.86e-03)
[32,   780] loss: 8.078986e-02 masks: 19.9 17.4 [wd: 1.79e-01] [lr: 6.89e-04] [mem: 1.33e+04] cross mse: 0.000000e+00 loss itself: 0.000000e+00 (430.2 ms)
[32,   780] grad_stats: [1.64e-03 2.71e-04] (6.52e-05, 6.63e-03)
avg. loss 8.07898616e-02
avg. cross sim matrix mse 0.00000000e+00 , avg. loss itself 0.000000e+00
time taken for epoch 0:05:49.299479
Epoch 33
[33,     0] loss: 8.154689e-02 masks: 20.0 16.0 [wd: 1.79e-01] [lr: 6.89e-04] [mem: 1.33e+04] cross mse: 0.000000e+00 loss itself: 0.000000e+00 (418.0 ms)
[33,     0] grad_stats: [1.36e-03 2.88e-04] (5.35e-05, 7.59e-03)
[33,   390] loss: 8.229451e-02 masks: 20.5 17.2 [wd: 1.83e-01] [lr: 6.78e-04] [mem: 1.33e+04] cross mse: 0.000000e+00 loss itself: 0.000000e+00 (434.6 ms)
[33,   390] grad_stats: [1.20e-03 3.52e-04] (5.17e-05, 9.17e-03)
[33,   780] loss: 8.312797e-02 masks: 20.5 17.2 [wd: 1.86e-01] [lr: 6.68e-04] [mem: 1.33e+04] cross mse: 0.000000e+00 loss itself: 0.000000e+00 (434.7 ms)
[33,   780] grad_stats: [1.09e-03 3.21e-04] (5.92e-05, 1.22e-02)
avg. loss 8.31279676e-02
avg. cross sim matrix mse 0.00000000e+00 , avg. loss itself 0.000000e+00
time taken for epoch 0:05:52.619972
Epoch 34
[34,     0] loss: 1.026175e-01 masks: 13.0 20.0 [wd: 1.86e-01] [lr: 6.68e-04] [mem: 1.33e+04] cross mse: 0.000000e+00 loss itself: 0.000000e+00 (374.5 ms)
[34,     0] grad_stats: [1.86e-03 3.95e-04] (7.33e-05, 6.60e-03)
[34,   390] loss: 8.558142e-02 masks: 20.2 17.3 [wd: 1.90e-01] [lr: 6.57e-04] [mem: 1.33e+04] cross mse: 0.000000e+00 loss itself: 0.000000e+00 (432.2 ms)
[34,   390] grad_stats: [1.44e-03 3.08e-04] (5.66e-05, 6.53e-03)
[34,   780] loss: 8.608847e-02 masks: 20.2 17.3 [wd: 1.94e-01] [lr: 6.46e-04] [mem: 1.33e+04] cross mse: 0.000000e+00 loss itself: 0.000000e+00 (432.6 ms)
[34,   780] grad_stats: [1.05e-03 4.28e-04] (6.97e-05, 1.42e-02)
avg. loss 8.60884724e-02
avg. cross sim matrix mse 0.00000000e+00 , avg. loss itself 0.000000e+00
time taken for epoch 0:05:51.080819
Epoch 35
[35,     0] loss: 9.245558e-02 masks: 18.0 20.0 [wd: 1.94e-01] [lr: 6.46e-04] [mem: 1.33e+04] cross mse: 0.000000e+00 loss itself: 0.000000e+00 (420.0 ms)
[35,     0] grad_stats: [1.40e-03 4.45e-04] (6.49e-05, 7.48e-03)
[35,   390] loss: 8.801503e-02 masks: 20.2 17.3 [wd: 1.97e-01] [lr: 6.35e-04] [mem: 1.33e+04] cross mse: 0.000000e+00 loss itself: 0.000000e+00 (432.7 ms)
[35,   390] grad_stats: [2.30e-03 6.28e-04] (6.52e-05, 9.43e-03)
[35,   780] loss: 8.858124e-02 masks: 20.2 17.3 [wd: 2.01e-01] [lr: 6.24e-04] [mem: 1.33e+04] cross mse: 0.000000e+00 loss itself: 0.000000e+00 (432.8 ms)
[35,   780] grad_stats: [6.57e-04 2.36e-04] (6.65e-05, 7.80e-03)
avg. loss 8.85812403e-02
avg. cross sim matrix mse 0.00000000e+00 , avg. loss itself 0.000000e+00
time taken for epoch 0:05:51.076850
Epoch 36
[36,     0] loss: 8.758052e-02 masks: 19.0 20.0 [wd: 2.01e-01] [lr: 6.24e-04] [mem: 1.33e+04] cross mse: 0.000000e+00 loss itself: 0.000000e+00 (430.9 ms)
[36,     0] grad_stats: [1.59e-03 2.95e-04] (7.08e-05, 5.94e-03)
[36,   390] loss: 9.120799e-02 masks: 19.9 17.4 [wd: 2.05e-01] [lr: 6.13e-04] [mem: 1.33e+04] cross mse: 0.000000e+00 loss itself: 0.000000e+00 (430.0 ms)
[36,   390] grad_stats: [1.91e-03 3.85e-04] (7.22e-05, 1.49e-02)
[36,   780] loss: 9.083560e-02 masks: 20.3 17.2 [wd: 2.09e-01] [lr: 6.02e-04] [mem: 1.33e+04] cross mse: 0.000000e+00 loss itself: 0.000000e+00 (433.2 ms)
[36,   780] grad_stats: [1.77e-03 3.77e-04] (7.71e-05, 1.14e-02)
avg. loss 9.08356049e-02
avg. cross sim matrix mse 0.00000000e+00 , avg. loss itself 0.000000e+00
time taken for epoch 0:05:51.403939
Epoch 37
[37,     0] loss: 8.515545e-02 masks: 25.0 16.0 [wd: 2.09e-01] [lr: 6.02e-04] [mem: 1.33e+04] cross mse: 0.000000e+00 loss itself: 0.000000e+00 (463.5 ms)
[37,     0] grad_stats: [1.67e-03 5.26e-04] (1.02e-04, 1.44e-02)
[37,   390] loss: 9.210118e-02 masks: 20.4 17.3 [wd: 2.12e-01] [lr: 5.91e-04] [mem: 1.33e+04] cross mse: 0.000000e+00 loss itself: 0.000000e+00 (434.2 ms)
[37,   390] grad_stats: [1.09e-03 3.25e-04] (7.37e-05, 9.43e-03)
[37,   780] loss: 9.283940e-02 masks: 20.3 17.3 [wd: 2.16e-01] [lr: 5.80e-04] [mem: 1.33e+04] cross mse: 0.000000e+00 loss itself: 0.000000e+00 (433.0 ms)
[37,   780] grad_stats: [3.71e-03 3.55e-04] (8.57e-05, 1.23e-02)
avg. loss 9.28394046e-02
avg. cross sim matrix mse 0.00000000e+00 , avg. loss itself 0.000000e+00
time taken for epoch 0:05:51.244942
Epoch 38
[38,     0] loss: 9.512473e-02 masks: 21.0 20.0 [wd: 2.16e-01] [lr: 5.80e-04] [mem: 1.33e+04] cross mse: 0.000000e+00 loss itself: 0.000000e+00 (447.4 ms)
[38,     0] grad_stats: [1.15e-03 3.64e-04] (7.94e-05, 6.63e-03)
[38,   390] loss: 9.475296e-02 masks: 20.0 17.4 [wd: 2.20e-01] [lr: 5.69e-04] [mem: 1.33e+04] cross mse: 0.000000e+00 loss itself: 0.000000e+00 (430.9 ms)
[38,   390] grad_stats: [2.13e-03 5.32e-04] (9.85e-05, 1.06e-02)
[38,   780] loss: 9.524252e-02 masks: 20.1 17.3 [wd: 2.24e-01] [lr: 5.57e-04] [mem: 1.33e+04] cross mse: 0.000000e+00 loss itself: 0.000000e+00 (432.0 ms)
[38,   780] grad_stats: [9.95e-04 4.08e-04] (8.39e-05, 9.79e-03)
avg. loss 9.52425217e-02
avg. cross sim matrix mse 0.00000000e+00 , avg. loss itself 0.000000e+00
time taken for epoch 0:05:50.468866
Epoch 39
[39,     0] loss: 1.067564e-01 masks: 15.0 20.0 [wd: 2.24e-01] [lr: 5.57e-04] [mem: 1.33e+04] cross mse: 0.000000e+00 loss itself: 0.000000e+00 (394.4 ms)
[39,     0] grad_stats: [4.34e-03 4.26e-04] (9.63e-05, 1.30e-02)
[39,   390] loss: 9.739159e-02 masks: 19.9 17.4 [wd: 2.28e-01] [lr: 5.46e-04] [mem: 1.33e+04] cross mse: 0.000000e+00 loss itself: 0.000000e+00 (430.4 ms)
[39,   390] grad_stats: [1.04e-03 4.24e-04] (8.41e-05, 2.10e-02)
[39,   780] loss: 9.743669e-02 masks: 20.1 17.3 [wd: 2.31e-01] [lr: 5.35e-04] [mem: 1.33e+04] cross mse: 0.000000e+00 loss itself: 0.000000e+00 (432.0 ms)
[39,   780] grad_stats: [1.62e-03 4.87e-04] (1.01e-04, 1.71e-02)
avg. loss 9.74366945e-02
avg. cross sim matrix mse 0.00000000e+00 , avg. loss itself 0.000000e+00
time taken for epoch 0:05:51.177066
Epoch 40
[40,     0] loss: 1.090740e-01 masks: 12.0 20.0 [wd: 2.31e-01] [lr: 5.35e-04] [mem: 1.33e+04] cross mse: 0.000000e+00 loss itself: 0.000000e+00 (362.2 ms)
[40,     0] grad_stats: [1.51e-03 4.45e-04] (1.05e-04, 1.37e-02)
[40,   390] loss: 9.965874e-02 masks: 19.8 17.6 [wd: 2.35e-01] [lr: 5.23e-04] [mem: 1.33e+04] cross mse: 0.000000e+00 loss itself: 0.000000e+00 (430.2 ms)
[40,   390] grad_stats: [1.26e-03 4.01e-04] (9.35e-05, 1.59e-02)
[40,   780] loss: 9.960186e-02 masks: 19.9 17.4 [wd: 2.39e-01] [lr: 5.12e-04] [mem: 1.33e+04] cross mse: 0.000000e+00 loss itself: 0.000000e+00 (430.9 ms)
[40,   780] grad_stats: [1.21e-03 4.22e-04] (9.32e-05, 9.36e-03)
avg. loss 9.96018629e-02
avg. cross sim matrix mse 0.00000000e+00 , avg. loss itself 0.000000e+00
time taken for epoch 0:05:49.848484
Epoch 41
[41,     0] loss: 1.164846e-01 masks: 11.0 20.0 [wd: 2.39e-01] [lr: 5.12e-04] [mem: 1.33e+04] cross mse: 0.000000e+00 loss itself: 0.000000e+00 (356.0 ms)
[41,     0] grad_stats: [1.23e-03 6.69e-04] (1.14e-04, 1.20e-02)
[41,   390] loss: 1.001639e-01 masks: 20.4 17.3 [wd: 2.43e-01] [lr: 5.00e-04] [mem: 1.33e+04] cross mse: 0.000000e+00 loss itself: 0.000000e+00 (434.2 ms)
[41,   390] grad_stats: [2.27e-03 4.39e-04] (1.11e-04, 1.04e-02)
[41,   780] loss: 1.004365e-01 masks: 20.5 17.3 [wd: 2.46e-01] [lr: 4.89e-04] [mem: 1.33e+04] cross mse: 0.000000e+00 loss itself: 0.000000e+00 (434.9 ms)
[41,   780] grad_stats: [1.25e-03 4.59e-04] (1.08e-04, 1.62e-02)
avg. loss 1.00436478e-01
avg. cross sim matrix mse 0.00000000e+00 , avg. loss itself 0.000000e+00
time taken for epoch 0:05:52.770851
Epoch 42
[42,     0] loss: 9.541935e-02 masks: 23.0 16.0 [wd: 2.46e-01] [lr: 4.89e-04] [mem: 1.33e+04] cross mse: 0.000000e+00 loss itself: 0.000000e+00 (443.6 ms)
[42,     0] grad_stats: [1.46e-03 4.21e-04] (1.09e-04, 2.06e-02)
[42,   390] loss: 1.025667e-01 masks: 19.7 17.4 [wd: 2.50e-01] [lr: 4.78e-04] [mem: 1.33e+04] cross mse: 0.000000e+00 loss itself: 0.000000e+00 (428.8 ms)
[42,   390] grad_stats: [2.11e-03 5.63e-04] (1.11e-04, 1.86e-02)
[42,   780] loss: 1.024809e-01 masks: 20.1 17.3 [wd: 2.54e-01] [lr: 4.66e-04] [mem: 1.33e+04] cross mse: 0.000000e+00 loss itself: 0.000000e+00 (431.4 ms)
[42,   780] grad_stats: [1.85e-03 4.79e-04] (1.14e-04, 1.48e-02)
avg. loss 1.02480902e-01
avg. cross sim matrix mse 0.00000000e+00 , avg. loss itself 0.000000e+00
time taken for epoch 0:05:49.974671
Epoch 43
[43,     0] loss: 1.081040e-01 masks: 17.0 20.0 [wd: 2.54e-01] [lr: 4.66e-04] [mem: 1.33e+04] cross mse: 0.000000e+00 loss itself: 0.000000e+00 (412.4 ms)
[43,     0] grad_stats: [1.48e-03 3.85e-04] (1.16e-04, 9.38e-03)
[43,   390] loss: 1.027672e-01 masks: 20.5 17.3 [wd: 2.57e-01] [lr: 4.55e-04] [mem: 1.33e+04] cross mse: 0.000000e+00 loss itself: 0.000000e+00 (434.5 ms)
[43,   390] grad_stats: [1.78e-03 5.32e-04] (1.27e-04, 1.82e-02)
[43,   780] loss: 1.030365e-01 masks: 20.5 17.3 [wd: 2.61e-01] [lr: 4.44e-04] [mem: 1.33e+04] cross mse: 0.000000e+00 loss itself: 0.000000e+00 (434.9 ms)
[43,   780] grad_stats: [1.13e-03 4.40e-04] (1.09e-04, 1.12e-02)
avg. loss 1.03036540e-01
avg. cross sim matrix mse 0.00000000e+00 , avg. loss itself 0.000000e+00
time taken for epoch 0:05:52.733019
Epoch 44
[44,     0] loss: 1.212548e-01 masks: 13.0 20.0 [wd: 2.61e-01] [lr: 4.44e-04] [mem: 1.33e+04] cross mse: 0.000000e+00 loss itself: 0.000000e+00 (374.7 ms)
[44,     0] grad_stats: [1.10e-03 4.12e-04] (1.04e-04, 1.19e-02)
[44,   390] loss: 1.049215e-01 masks: 20.3 17.2 [wd: 2.65e-01] [lr: 4.32e-04] [mem: 1.33e+04] cross mse: 0.000000e+00 loss itself: 0.000000e+00 (432.2 ms)
[44,   390] grad_stats: [9.81e-04 4.92e-04] (1.17e-04, 1.23e-02)
[44,   780] loss: 1.047665e-01 masks: 20.5 17.2 [wd: 2.68e-01] [lr: 4.21e-04] [mem: 1.33e+04] cross mse: 0.000000e+00 loss itself: 0.000000e+00 (434.1 ms)
[44,   780] grad_stats: [1.01e-03 4.35e-04] (1.10e-04, 2.56e-02)
avg. loss 1.04766487e-01
avg. cross sim matrix mse 0.00000000e+00 , avg. loss itself 0.000000e+00
time taken for epoch 0:05:52.122541
Epoch 45
[45,     0] loss: 9.226851e-02 masks: 24.0 16.0 [wd: 2.68e-01] [lr: 4.21e-04] [mem: 1.33e+04] cross mse: 0.000000e+00 loss itself: 0.000000e+00 (450.2 ms)
[45,     0] grad_stats: [1.67e-03 6.16e-04] (1.18e-04, 1.15e-02)
[45,   390] loss: 1.062647e-01 masks: 20.0 17.4 [wd: 2.72e-01] [lr: 4.10e-04] [mem: 1.33e+04] cross mse: 0.000000e+00 loss itself: 0.000000e+00 (430.6 ms)
[45,   390] grad_stats: [1.89e-03 6.04e-04] (1.22e-04, 1.57e-02)
[45,   780] loss: 1.060856e-01 masks: 20.2 17.2 [wd: 2.76e-01] [lr: 3.99e-04] [mem: 1.33e+04] cross mse: 0.000000e+00 loss itself: 0.000000e+00 (432.3 ms)
[45,   780] grad_stats: [2.24e-03 4.33e-04] (1.19e-04, 1.43e-02)
avg. loss 1.06085619e-01
avg. cross sim matrix mse 0.00000000e+00 , avg. loss itself 0.000000e+00
time taken for epoch 0:05:50.714658
Epoch 46
[46,     0] loss: 1.015692e-01 masks: 20.0 16.0 [wd: 2.76e-01] [lr: 3.99e-04] [mem: 1.33e+04] cross mse: 0.000000e+00 loss itself: 0.000000e+00 (416.8 ms)
[46,     0] grad_stats: [1.82e-03 6.15e-04] (1.49e-04, 1.01e-02)
[46,   390] loss: 1.064463e-01 masks: 20.5 17.2 [wd: 2.79e-01] [lr: 3.88e-04] [mem: 1.33e+04] cross mse: 0.000000e+00 loss itself: 0.000000e+00 (434.3 ms)
[46,   390] grad_stats: [9.29e-04 4.67e-04] (1.49e-04, 1.05e-02)
[46,   780] loss: 1.066593e-01 masks: 20.5 17.2 [wd: 2.83e-01] [lr: 3.77e-04] [mem: 1.33e+04] cross mse: 0.000000e+00 loss itself: 0.000000e+00 (434.3 ms)
[46,   780] grad_stats: [1.03e-03 3.90e-04] (1.15e-04, 1.66e-02)
avg. loss 1.06659289e-01
avg. cross sim matrix mse 0.00000000e+00 , avg. loss itself 0.000000e+00
time taken for epoch 0:05:52.296410
Epoch 47
[47,     0] loss: 1.169728e-01 masks: 16.0 20.0 [wd: 2.83e-01] [lr: 3.77e-04] [mem: 1.33e+04] cross mse: 0.000000e+00 loss itself: 0.000000e+00 (399.7 ms)
[47,     0] grad_stats: [9.08e-04 7.37e-04] (1.17e-04, 1.72e-02)
[47,   390] loss: 1.074686e-01 masks: 20.5 17.1 [wd: 2.86e-01] [lr: 3.66e-04] [mem: 1.33e+04] cross mse: 0.000000e+00 loss itself: 0.000000e+00 (433.7 ms)
[47,   390] grad_stats: [9.27e-04 4.36e-04] (1.21e-04, 1.80e-02)
[47,   780] loss: 1.078726e-01 masks: 20.4 17.2 [wd: 2.90e-01] [lr: 3.55e-04] [mem: 1.33e+04] cross mse: 0.000000e+00 loss itself: 0.000000e+00 (433.3 ms)
[47,   780] grad_stats: [2.36e-03 6.63e-04] (1.43e-04, 1.91e-02)
avg. loss 1.07872579e-01
avg. cross sim matrix mse 0.00000000e+00 , avg. loss itself 0.000000e+00
time taken for epoch 0:05:51.557411
Epoch 48
[48,     0] loss: 1.247138e-01 masks: 14.0 20.0 [wd: 2.90e-01] [lr: 3.55e-04] [mem: 1.33e+04] cross mse: 0.000000e+00 loss itself: 0.000000e+00 (385.1 ms)
[48,     0] grad_stats: [2.37e-03 4.50e-04] (1.47e-04, 1.19e-02)
[48,   390] loss: 1.084298e-01 masks: 20.4 17.3 [wd: 2.93e-01] [lr: 3.44e-04] [mem: 1.33e+04] cross mse: 0.000000e+00 loss itself: 0.000000e+00 (433.6 ms)
[48,   390] grad_stats: [1.75e-03 4.97e-04] (1.17e-04, 2.26e-02)
[48,   780] loss: 1.084415e-01 masks: 20.4 17.3 [wd: 2.97e-01] [lr: 3.33e-04] [mem: 1.33e+04] cross mse: 0.000000e+00 loss itself: 0.000000e+00 (434.0 ms)
[48,   780] grad_stats: [1.26e-03 6.03e-04] (1.33e-04, 4.23e-02)
avg. loss 1.08441533e-01
avg. cross sim matrix mse 0.00000000e+00 , avg. loss itself 0.000000e+00
time taken for epoch 0:05:52.057431
Epoch 49
[49,     0] loss: 1.128987e-01 masks: 17.0 20.0 [wd: 2.97e-01] [lr: 3.33e-04] [mem: 1.33e+04] cross mse: 0.000000e+00 loss itself: 0.000000e+00 (412.4 ms)
[49,     0] grad_stats: [1.21e-03 5.04e-04] (1.23e-04, 1.59e-02)
[49,   390] loss: 1.094786e-01 masks: 19.9 17.4 [wd: 3.00e-01] [lr: 3.23e-04] [mem: 1.33e+04] cross mse: 0.000000e+00 loss itself: 0.000000e+00 (430.3 ms)
[49,   390] grad_stats: [2.00e-03 6.56e-04] (1.63e-04, 1.32e-02)
[49,   780] loss: 1.094793e-01 masks: 20.1 17.4 [wd: 3.03e-01] [lr: 3.12e-04] [mem: 1.33e+04] cross mse: 0.000000e+00 loss itself: 0.000000e+00 (431.7 ms)
[49,   780] grad_stats: [1.27e-03 5.18e-04] (1.14e-04, 1.35e-02)
avg. loss 1.09479308e-01
avg. cross sim matrix mse 0.00000000e+00 , avg. loss itself 0.000000e+00
time taken for epoch 0:05:51.076204
Epoch 50
[50,     0] loss: 1.177804e-01 masks: 17.0 20.0 [wd: 3.03e-01] [lr: 3.12e-04] [mem: 1.33e+04] cross mse: 0.000000e+00 loss itself: 0.000000e+00 (412.2 ms)
[50,     0] grad_stats: [2.34e-03 5.80e-04] (1.16e-04, 1.44e-02)
[50,   390] loss: 1.095274e-01 masks: 20.3 17.2 [wd: 3.07e-01] [lr: 3.01e-04] [mem: 1.33e+04] cross mse: 0.000000e+00 loss itself: 0.000000e+00 (432.7 ms)
[50,   390] grad_stats: [1.63e-03 5.32e-04] (1.42e-04, 1.82e-02)
[50,   780] loss: 1.098278e-01 masks: 20.2 17.3 [wd: 3.10e-01] [lr: 2.91e-04] [mem: 1.33e+04] cross mse: 0.000000e+00 loss itself: 0.000000e+00 (431.8 ms)
[50,   780] grad_stats: [1.54e-03 5.74e-04] (1.26e-04, 1.80e-02)
avg. loss 1.09827803e-01
avg. cross sim matrix mse 0.00000000e+00 , avg. loss itself 0.000000e+00
time taken for epoch 0:05:50.444614
Epoch 51
[51,     0] loss: 1.153467e-01 masks: 17.0 20.0 [wd: 3.10e-01] [lr: 2.91e-04] [mem: 1.33e+04] cross mse: 0.000000e+00 loss itself: 0.000000e+00 (411.8 ms)
[51,     0] grad_stats: [2.18e-03 7.01e-04] (1.42e-04, 1.71e-02)
[51,   390] loss: 1.104108e-01 masks: 20.2 17.2 [wd: 3.13e-01] [lr: 2.81e-04] [mem: 1.33e+04] cross mse: 0.000000e+00 loss itself: 0.000000e+00 (431.8 ms)
[51,   390] grad_stats: [1.71e-03 6.19e-04] (1.17e-04, 1.31e-02)
[51,   780] loss: 1.102777e-01 masks: 20.3 17.2 [wd: 3.16e-01] [lr: 2.71e-04] [mem: 1.33e+04] cross mse: 0.000000e+00 loss itself: 0.000000e+00 (432.8 ms)
[51,   780] grad_stats: [1.67e-03 5.09e-04] (9.10e-05, 9.96e-03)
avg. loss 1.10277658e-01
avg. cross sim matrix mse 0.00000000e+00 , avg. loss itself 0.000000e+00
time taken for epoch 0:05:51.091982
Epoch 52
[52,     0] loss: 1.292418e-01 masks: 11.0 20.0 [wd: 3.16e-01] [lr: 2.71e-04] [mem: 1.33e+04] cross mse: 0.000000e+00 loss itself: 0.000000e+00 (356.4 ms)
[52,     0] grad_stats: [1.40e-03 7.06e-04] (1.30e-04, 2.16e-02)
[52,   390] loss: 1.110650e-01 masks: 20.0 17.4 [wd: 3.20e-01] [lr: 2.61e-04] [mem: 1.33e+04] cross mse: 0.000000e+00 loss itself: 0.000000e+00 (430.5 ms)
[52,   390] grad_stats: [1.17e-03 5.58e-04] (1.37e-04, 1.65e-02)
[52,   780] loss: 1.108017e-01 masks: 20.1 17.4 [wd: 3.23e-01] [lr: 2.51e-04] [mem: 1.33e+04] cross mse: 0.000000e+00 loss itself: 0.000000e+00 (431.3 ms)
[52,   780] grad_stats: [1.19e-03 5.31e-04] (1.41e-04, 2.12e-02)
avg. loss 1.10801662e-01
avg. cross sim matrix mse 0.00000000e+00 , avg. loss itself 0.000000e+00
time taken for epoch 0:05:49.875870
Epoch 53
[53,     0] loss: 1.206511e-01 masks: 16.0 20.0 [wd: 3.23e-01] [lr: 2.51e-04] [mem: 1.33e+04] cross mse: 0.000000e+00 loss itself: 0.000000e+00 (399.5 ms)
[53,     0] grad_stats: [1.17e-03 5.99e-04] (1.06e-04, 2.49e-02)
[53,   390] loss: 1.101057e-01 masks: 20.4 17.2 [wd: 3.26e-01] [lr: 2.41e-04] [mem: 1.33e+04] cross mse: 0.000000e+00 loss itself: 0.000000e+00 (433.8 ms)
[53,   390] grad_stats: [1.16e-03 5.84e-04] (1.04e-04, 1.13e-02)
[53,   780] loss: 1.104903e-01 masks: 20.3 17.3 [wd: 3.29e-01] [lr: 2.31e-04] [mem: 1.33e+04] cross mse: 0.000000e+00 loss itself: 0.000000e+00 (433.1 ms)
[53,   780] grad_stats: [9.75e-04 5.78e-04] (1.20e-04, 1.80e-02)
avg. loss 1.10490275e-01
avg. cross sim matrix mse 0.00000000e+00 , avg. loss itself 0.000000e+00
time taken for epoch 0:05:51.307797
Epoch 54
[54,     0] loss: 9.635079e-02 masks: 25.0 16.0 [wd: 3.29e-01] [lr: 2.31e-04] [mem: 1.33e+04] cross mse: 0.000000e+00 loss itself: 0.000000e+00 (463.5 ms)
[54,     0] grad_stats: [1.01e-03 4.91e-04] (1.16e-04, 2.69e-02)
[54,   390] loss: 1.118940e-01 masks: 19.7 17.6 [wd: 3.32e-01] [lr: 2.22e-04] [mem: 1.33e+04] cross mse: 0.000000e+00 loss itself: 0.000000e+00 (429.5 ms)
[54,   390] grad_stats: [1.46e-03 5.09e-04] (1.10e-04, 1.86e-02)
[54,   780] loss: 1.113782e-01 masks: 19.9 17.4 [wd: 3.35e-01] [lr: 2.12e-04] [mem: 1.33e+04] cross mse: 0.000000e+00 loss itself: 0.000000e+00 (431.1 ms)
[54,   780] grad_stats: [1.57e-03 4.95e-04] (1.05e-04, 1.58e-02)
avg. loss 1.11378224e-01
avg. cross sim matrix mse 0.00000000e+00 , avg. loss itself 0.000000e+00
time taken for epoch 0:05:49.878659
Epoch 55
[55,     0] loss: 1.095502e-01 masks: 20.0 20.0 [wd: 3.35e-01] [lr: 2.12e-04] [mem: 1.33e+04] cross mse: 0.000000e+00 loss itself: 0.000000e+00 (437.8 ms)
[55,     0] grad_stats: [1.44e-03 7.74e-04] (1.22e-04, 1.69e-02)
[55,   390] loss: 1.116964e-01 masks: 19.9 17.5 [wd: 3.38e-01] [lr: 2.03e-04] [mem: 1.33e+04] cross mse: 0.000000e+00 loss itself: 0.000000e+00 (431.2 ms)
[55,   390] grad_stats: [1.05e-03 5.89e-04] (1.38e-04, 2.68e-02)
[55,   780] loss: 1.116957e-01 masks: 20.0 17.4 [wd: 3.40e-01] [lr: 1.94e-04] [mem: 1.33e+04] cross mse: 0.000000e+00 loss itself: 0.000000e+00 (431.8 ms)
[55,   780] grad_stats: [1.08e-03 5.82e-04] (1.26e-04, 1.84e-02)
avg. loss 1.11695734e-01
avg. cross sim matrix mse 0.00000000e+00 , avg. loss itself 0.000000e+00
time taken for epoch 0:05:50.461367
Epoch 56
[56,     0] loss: 1.072157e-01 masks: 25.0 16.0 [wd: 3.40e-01] [lr: 1.94e-04] [mem: 1.33e+04] cross mse: 0.000000e+00 loss itself: 0.000000e+00 (462.7 ms)
[56,     0] grad_stats: [1.35e-03 8.10e-04] (1.28e-04, 1.66e-02)
[56,   390] loss: 1.095366e-01 masks: 21.1 16.9 [wd: 3.43e-01] [lr: 1.85e-04] [mem: 1.33e+04] cross mse: 0.000000e+00 loss itself: 0.000000e+00 (438.0 ms)
[56,   390] grad_stats: [1.87e-03 5.68e-04] (1.27e-04, 2.89e-02)
[56,   780] loss: 1.103278e-01 masks: 20.7 17.1 [wd: 3.46e-01] [lr: 1.77e-04] [mem: 1.33e+04] cross mse: 0.000000e+00 loss itself: 0.000000e+00 (435.7 ms)
[56,   780] grad_stats: [1.04e-03 5.27e-04] (1.28e-04, 1.41e-02)
avg. loss 1.10327770e-01
avg. cross sim matrix mse 0.00000000e+00 , avg. loss itself 0.000000e+00
time taken for epoch 0:05:53.409770
Epoch 57
[57,     0] loss: 1.206957e-01 masks: 13.0 20.0 [wd: 3.46e-01] [lr: 1.77e-04] [mem: 1.33e+04] cross mse: 0.000000e+00 loss itself: 0.000000e+00 (375.1 ms)
[57,     0] grad_stats: [1.17e-03 8.01e-04] (1.43e-04, 1.80e-02)
[57,   390] loss: 1.108435e-01 masks: 20.5 17.2 [wd: 3.49e-01] [lr: 1.68e-04] [mem: 1.33e+04] cross mse: 0.000000e+00 loss itself: 0.000000e+00 (434.8 ms)
[57,   390] grad_stats: [2.08e-03 6.59e-04] (1.34e-04, 1.65e-02)
[57,   780] loss: 1.111286e-01 masks: 20.3 17.3 [wd: 3.51e-01] [lr: 1.60e-04] [mem: 1.33e+04] cross mse: 0.000000e+00 loss itself: 0.000000e+00 (433.4 ms)
[57,   780] grad_stats: [1.47e-03 6.64e-04] (1.31e-04, 1.58e-02)
avg. loss 1.11128628e-01
avg. cross sim matrix mse 0.00000000e+00 , avg. loss itself 0.000000e+00
time taken for epoch 0:05:51.579634
Epoch 58
[58,     0] loss: 1.133074e-01 masks: 20.0 20.0 [wd: 3.51e-01] [lr: 1.60e-04] [mem: 1.33e+04] cross mse: 0.000000e+00 loss itself: 0.000000e+00 (437.1 ms)
[58,     0] grad_stats: [9.97e-04 4.81e-04] (1.13e-04, 2.13e-02)
[58,   390] loss: 1.111407e-01 masks: 20.3 17.3 [wd: 3.54e-01] [lr: 1.51e-04] [mem: 1.33e+04] cross mse: 0.000000e+00 loss itself: 0.000000e+00 (432.5 ms)
[58,   390] grad_stats: [1.63e-03 6.92e-04] (1.24e-04, 1.42e-02)
[58,   780] loss: 1.110074e-01 masks: 20.4 17.2 [wd: 3.56e-01] [lr: 1.43e-04] [mem: 1.33e+04] cross mse: 0.000000e+00 loss itself: 0.000000e+00 (433.5 ms)
[58,   780] grad_stats: [1.21e-03 5.61e-04] (1.30e-04, 3.46e-02)
avg. loss 1.11007375e-01
avg. cross sim matrix mse 0.00000000e+00 , avg. loss itself 0.000000e+00
time taken for epoch 0:05:51.636358
Epoch 59
[59,     0] loss: 1.294441e-01 masks: 13.0 20.0 [wd: 3.56e-01] [lr: 1.43e-04] [mem: 1.33e+04] cross mse: 0.000000e+00 loss itself: 0.000000e+00 (374.8 ms)
[59,     0] grad_stats: [1.47e-03 7.88e-04] (1.37e-04, 2.41e-02)
[59,   390] loss: 1.121907e-01 masks: 19.8 17.5 [wd: 3.59e-01] [lr: 1.35e-04] [mem: 1.33e+04] cross mse: 0.000000e+00 loss itself: 0.000000e+00 (430.1 ms)
[59,   390] grad_stats: [1.43e-03 7.15e-04] (1.38e-04, 3.35e-02)
[59,   780] loss: 1.116431e-01 masks: 20.1 17.4 [wd: 3.61e-01] [lr: 1.28e-04] [mem: 1.33e+04] cross mse: 0.000000e+00 loss itself: 0.000000e+00 (431.7 ms)
[59,   780] grad_stats: [1.66e-03 8.26e-04] (1.53e-04, 2.09e-02)
avg. loss 1.11643091e-01
avg. cross sim matrix mse 0.00000000e+00 , avg. loss itself 0.000000e+00
time taken for epoch 0:05:50.975196
Epoch 60
[60,     0] loss: 1.121049e-01 masks: 16.0 20.0 [wd: 3.61e-01] [lr: 1.28e-04] [mem: 1.33e+04] cross mse: 0.000000e+00 loss itself: 0.000000e+00 (398.9 ms)
[60,     0] grad_stats: [2.34e-03 7.72e-04] (1.64e-04, 2.98e-02)
[60,   390] loss: 1.115793e-01 masks: 20.0 17.4 [wd: 3.63e-01] [lr: 1.20e-04] [mem: 1.33e+04] cross mse: 0.000000e+00 loss itself: 0.000000e+00 (430.7 ms)
[60,   390] grad_stats: [1.20e-03 1.02e-03] (2.06e-04, 2.32e-02)
[60,   780] loss: 1.113503e-01 masks: 20.1 17.3 [wd: 3.66e-01] [lr: 1.13e-04] [mem: 1.33e+04] cross mse: 0.000000e+00 loss itself: 0.000000e+00 (431.8 ms)
[60,   780] grad_stats: [2.36e-03 8.01e-04] (1.49e-04, 2.44e-02)
avg. loss 1.11350320e-01
avg. cross sim matrix mse 0.00000000e+00 , avg. loss itself 0.000000e+00
time taken for epoch 0:05:50.313915
Epoch 61
[61,     0] loss: 1.215370e-01 masks: 17.0 16.0 [wd: 3.66e-01] [lr: 1.13e-04] [mem: 1.33e+04] cross mse: 0.000000e+00 loss itself: 0.000000e+00 (391.3 ms)
[61,     0] grad_stats: [4.53e-03 8.55e-04] (1.51e-04, 4.76e-02)
[61,   390] loss: 1.105652e-01 masks: 20.4 17.2 [wd: 3.68e-01] [lr: 1.06e-04] [mem: 1.33e+04] cross mse: 0.000000e+00 loss itself: 0.000000e+00 (433.1 ms)
[61,   390] grad_stats: [1.88e-03 7.59e-04] (1.64e-04, 2.73e-02)
[61,   780] loss: 1.110761e-01 masks: 20.2 17.3 [wd: 3.70e-01] [lr: 9.91e-05] [mem: 1.33e+04] cross mse: 0.000000e+00 loss itself: 0.000000e+00 (431.6 ms)
[61,   780] grad_stats: [1.84e-03 6.21e-04] (1.51e-04, 2.24e-02)
avg. loss 1.11076135e-01
avg. cross sim matrix mse 0.00000000e+00 , avg. loss itself 0.000000e+00
time taken for epoch 0:05:50.268372
Epoch 62
[62,     0] loss: 1.248268e-01 masks: 13.0 20.0 [wd: 3.70e-01] [lr: 9.91e-05] [mem: 1.33e+04] cross mse: 0.000000e+00 loss itself: 0.000000e+00 (374.8 ms)
[62,     0] grad_stats: [1.31e-03 7.90e-04] (1.66e-04, 2.24e-02)
[62,   390] loss: 1.096711e-01 masks: 20.8 17.2 [wd: 3.72e-01] [lr: 9.24e-05] [mem: 1.33e+04] cross mse: 0.000000e+00 loss itself: 0.000000e+00 (437.4 ms)
[62,   390] grad_stats: [2.18e-03 8.17e-04] (1.69e-04, 2.26e-02)
[62,   780] loss: 1.099138e-01 masks: 20.7 17.2 [wd: 3.74e-01] [lr: 8.60e-05] [mem: 1.33e+04] cross mse: 0.000000e+00 loss itself: 0.000000e+00 (436.3 ms)
[62,   780] grad_stats: [1.42e-03 6.15e-04] (1.46e-04, 4.37e-02)
avg. loss 1.09913829e-01
avg. cross sim matrix mse 0.00000000e+00 , avg. loss itself 0.000000e+00
time taken for epoch 0:05:53.866426
Epoch 63
[63,     0] loss: 1.101317e-01 masks: 19.0 20.0 [wd: 3.74e-01] [lr: 8.60e-05] [mem: 1.33e+04] cross mse: 0.000000e+00 loss itself: 0.000000e+00 (432.3 ms)
[63,     0] grad_stats: [1.22e-03 8.34e-04] (1.67e-04, 2.61e-02)
[63,   390] loss: 1.107269e-01 masks: 20.2 17.3 [wd: 3.76e-01] [lr: 7.97e-05] [mem: 1.33e+04] cross mse: 0.000000e+00 loss itself: 0.000000e+00 (432.5 ms)
[63,   390] grad_stats: [1.32e-03 7.90e-04] (1.58e-04, 1.92e-02)
[63,   780] loss: 1.101535e-01 masks: 20.4 17.2 [wd: 3.78e-01] [lr: 7.37e-05] [mem: 1.33e+04] cross mse: 0.000000e+00 loss itself: 0.000000e+00 (433.5 ms)
[63,   780] grad_stats: [3.00e-03 7.24e-04] (1.59e-04, 3.02e-02)
avg. loss 1.10153489e-01
avg. cross sim matrix mse 0.00000000e+00 , avg. loss itself 0.000000e+00
time taken for epoch 0:05:51.695659
Epoch 64
[64,     0] loss: 1.194063e-01 masks: 16.0 20.0 [wd: 3.78e-01] [lr: 7.37e-05] [mem: 1.33e+04] cross mse: 0.000000e+00 loss itself: 0.000000e+00 (400.0 ms)
[64,     0] grad_stats: [9.73e-04 7.59e-04] (1.47e-04, 1.72e-02)
[64,   390] loss: 1.096908e-01 masks: 20.6 17.1 [wd: 3.80e-01] [lr: 6.79e-05] [mem: 1.33e+04] cross mse: 0.000000e+00 loss itself: 0.000000e+00 (435.0 ms)
[64,   390] grad_stats: [1.49e-03 8.93e-04] (1.81e-04, 2.67e-02)
[64,   780] loss: 1.099504e-01 masks: 20.4 17.2 [wd: 3.81e-01] [lr: 6.23e-05] [mem: 1.33e+04] cross mse: 0.000000e+00 loss itself: 0.000000e+00 (433.5 ms)
[64,   780] grad_stats: [1.76e-03 7.18e-04] (1.57e-04, 2.16e-02)
avg. loss 1.09950389e-01
avg. cross sim matrix mse 0.00000000e+00 , avg. loss itself 0.000000e+00
time taken for epoch 0:05:51.716017
Epoch 65
[65,     0] loss: 1.177098e-01 masks: 17.0 16.0 [wd: 3.81e-01] [lr: 6.23e-05] [mem: 1.33e+04] cross mse: 0.000000e+00 loss itself: 0.000000e+00 (391.5 ms)
[65,     0] grad_stats: [1.67e-03 7.47e-04] (1.59e-04, 2.41e-02)
[65,   390] loss: 1.105488e-01 masks: 19.9 17.5 [wd: 3.83e-01] [lr: 5.70e-05] [mem: 1.33e+04] cross mse: 0.000000e+00 loss itself: 0.000000e+00 (430.9 ms)
[65,   390] grad_stats: [1.29e-03 6.12e-04] (1.40e-04, 2.33e-02)
[65,   780] loss: 1.100295e-01 masks: 20.1 17.4 [wd: 3.84e-01] [lr: 5.19e-05] [mem: 1.33e+04] cross mse: 0.000000e+00 loss itself: 0.000000e+00 (432.4 ms)
[65,   780] grad_stats: [1.38e-03 7.50e-04] (1.57e-04, 2.12e-02)
avg. loss 1.10029480e-01
avg. cross sim matrix mse 0.00000000e+00 , avg. loss itself 0.000000e+00
time taken for epoch 0:05:50.767645
Epoch 66
[66,     0] loss: 1.107443e-01 masks: 21.0 16.0 [wd: 3.84e-01] [lr: 5.19e-05] [mem: 1.33e+04] cross mse: 0.000000e+00 loss itself: 0.000000e+00 (424.3 ms)
[66,     0] grad_stats: [1.12e-03 1.01e-03] (1.83e-04, 1.91e-02)
[66,   390] loss: 1.090113e-01 masks: 20.4 17.1 [wd: 3.86e-01] [lr: 4.70e-05] [mem: 1.33e+04] cross mse: 0.000000e+00 loss itself: 0.000000e+00 (433.2 ms)
[66,   390] grad_stats: [1.42e-03 8.20e-04] (1.53e-04, 1.90e-02)
[66,   780] loss: 1.095941e-01 masks: 20.0 17.3 [wd: 3.87e-01] [lr: 4.24e-05] [mem: 1.33e+04] cross mse: 0.000000e+00 loss itself: 0.000000e+00 (431.3 ms)
[66,   780] grad_stats: [1.46e-03 9.77e-04] (1.99e-04, 4.83e-02)
avg. loss 1.09594116e-01
avg. cross sim matrix mse 0.00000000e+00 , avg. loss itself 0.000000e+00
time taken for epoch 0:05:49.991092
Epoch 67
[67,     0] loss: 1.029444e-01 masks: 23.0 16.0 [wd: 3.87e-01] [lr: 4.23e-05] [mem: 1.33e+04] cross mse: 0.000000e+00 loss itself: 0.000000e+00 (443.4 ms)
[67,     0] grad_stats: [1.02e-03 5.86e-04] (1.59e-04, 3.40e-02)
[67,   390] loss: 1.090958e-01 masks: 20.3 17.2 [wd: 3.89e-01] [lr: 3.79e-05] [mem: 1.33e+04] cross mse: 0.000000e+00 loss itself: 0.000000e+00 (432.6 ms)
[67,   390] grad_stats: [1.48e-03 7.70e-04] (1.67e-04, 2.06e-02)
[67,   780] loss: 1.090629e-01 masks: 20.2 17.3 [wd: 3.90e-01] [lr: 3.38e-05] [mem: 1.33e+04] cross mse: 0.000000e+00 loss itself: 0.000000e+00 (432.2 ms)
[67,   780] grad_stats: [1.74e-03 9.34e-04] (1.92e-04, 2.59e-02)
avg. loss 1.09062887e-01
avg. cross sim matrix mse 0.00000000e+00 , avg. loss itself 0.000000e+00
time taken for epoch 0:05:50.652939
Epoch 68
[68,     0] loss: 1.008354e-01 masks: 23.0 16.0 [wd: 3.90e-01] [lr: 3.38e-05] [mem: 1.33e+04] cross mse: 0.000000e+00 loss itself: 0.000000e+00 (443.7 ms)
[68,     0] grad_stats: [2.00e-03 9.71e-04] (2.13e-04, 3.60e-02)
[68,   390] loss: 1.094802e-01 masks: 19.8 17.4 [wd: 3.91e-01] [lr: 2.98e-05] [mem: 1.33e+04] cross mse: 0.000000e+00 loss itself: 0.000000e+00 (428.6 ms)
[68,   390] grad_stats: [1.37e-03 8.45e-04] (1.82e-04, 1.96e-02)
[68,   780] loss: 1.086333e-01 masks: 20.2 17.2 [wd: 3.92e-01] [lr: 2.62e-05] [mem: 1.33e+04] cross mse: 0.000000e+00 loss itself: 0.000000e+00 (431.6 ms)
[68,   780] grad_stats: [1.35e-03 8.42e-04] (1.78e-04, 2.33e-02)
avg. loss 1.08633264e-01
avg. cross sim matrix mse 0.00000000e+00 , avg. loss itself 0.000000e+00
time taken for epoch 0:05:50.200045
Epoch 69
[69,     0] loss: 9.025206e-02 masks: 33.0 12.0 [wd: 3.92e-01] [lr: 2.61e-05] [mem: 1.33e+04] cross mse: 0.000000e+00 loss itself: 0.000000e+00 (503.6 ms)
[69,     0] grad_stats: [1.14e-03 6.31e-04] (1.34e-04, 2.17e-02)
[69,   390] loss: 1.084520e-01 masks: 20.0 17.4 [wd: 3.93e-01] [lr: 2.27e-05] [mem: 1.33e+04] cross mse: 0.000000e+00 loss itself: 0.000000e+00 (430.7 ms)
[69,   390] grad_stats: [1.70e-03 8.19e-04] (2.02e-04, 3.07e-02)
[69,   780] loss: 1.081250e-01 masks: 20.2 17.3 [wd: 3.94e-01] [lr: 1.95e-05] [mem: 1.33e+04] cross mse: 0.000000e+00 loss itself: 0.000000e+00 (432.6 ms)
[69,   780] grad_stats: [1.37e-03 8.37e-04] (1.88e-04, 2.54e-02)
avg. loss 1.08124999e-01
avg. cross sim matrix mse 0.00000000e+00 , avg. loss itself 0.000000e+00
time taken for epoch 0:05:51.754333
Epoch 70
[70,     0] loss: 9.815880e-02 masks: 25.0 16.0 [wd: 3.94e-01] [lr: 1.95e-05] [mem: 1.33e+04] cross mse: 0.000000e+00 loss itself: 0.000000e+00 (463.2 ms)
[70,     0] grad_stats: [1.02e-03 9.82e-04] (1.59e-04, 1.98e-02)
[70,   390] loss: 1.077351e-01 masks: 20.3 17.2 [wd: 3.95e-01] [lr: 1.66e-05] [mem: 1.33e+04] cross mse: 0.000000e+00 loss itself: 0.000000e+00 (432.6 ms)
[70,   390] grad_stats: [1.99e-03 7.93e-04] (1.54e-04, 2.06e-02)
[70,   780] loss: 1.072547e-01 masks: 20.4 17.2 [wd: 3.96e-01] [lr: 1.39e-05] [mem: 1.33e+04] cross mse: 0.000000e+00 loss itself: 0.000000e+00 (434.0 ms)
[70,   780] grad_stats: [9.34e-04 7.71e-04] (1.73e-04, 3.83e-02)
avg. loss 1.07254672e-01
avg. cross sim matrix mse 0.00000000e+00 , avg. loss itself 0.000000e+00
time taken for epoch 0:05:51.944754
Epoch 71
[71,     0] loss: 9.425316e-02 masks: 33.0 12.0 [wd: 3.96e-01] [lr: 1.39e-05] [mem: 1.33e+04] cross mse: 0.000000e+00 loss itself: 0.000000e+00 (504.0 ms)
[71,     0] grad_stats: [1.10e-03 6.52e-04] (1.62e-04, 2.00e-02)
[71,   390] loss: 1.076031e-01 masks: 20.1 17.3 [wd: 3.97e-01] [lr: 1.14e-05] [mem: 1.33e+04] cross mse: 0.000000e+00 loss itself: 0.000000e+00 (431.1 ms)
[71,   390] grad_stats: [1.19e-03 7.75e-04] (1.72e-04, 2.11e-02)
[71,   780] loss: 1.070485e-01 masks: 20.3 17.2 [wd: 3.97e-01] [lr: 9.26e-06] [mem: 1.33e+04] cross mse: 0.000000e+00 loss itself: 0.000000e+00 (433.2 ms)
[71,   780] grad_stats: [1.11e-03 7.43e-04] (1.78e-04, 2.35e-02)
avg. loss 1.07048456e-01
avg. cross sim matrix mse 0.00000000e+00 , avg. loss itself 0.000000e+00
time taken for epoch 0:05:51.455635
Epoch 72
[72,     0] loss: 1.019490e-01 masks: 23.0 16.0 [wd: 3.97e-01] [lr: 9.26e-06] [mem: 1.33e+04] cross mse: 0.000000e+00 loss itself: 0.000000e+00 (443.7 ms)
[72,     0] grad_stats: [1.35e-03 9.00e-04] (2.06e-04, 2.83e-02)
[72,   390] loss: 1.069467e-01 masks: 20.4 17.3 [wd: 3.98e-01] [lr: 7.33e-06] [mem: 1.33e+04] cross mse: 0.000000e+00 loss itself: 0.000000e+00 (433.6 ms)
[72,   390] grad_stats: [1.42e-03 7.81e-04] (1.83e-04, 2.19e-02)
[72,   780] loss: 1.066110e-01 masks: 20.6 17.1 [wd: 3.99e-01] [lr: 5.65e-06] [mem: 1.33e+04] cross mse: 0.000000e+00 loss itself: 0.000000e+00 (434.6 ms)
[72,   780] grad_stats: [1.28e-03 7.06e-04] (1.56e-04, 1.88e-02)
avg. loss 1.06611042e-01
avg. cross sim matrix mse 0.00000000e+00 , avg. loss itself 0.000000e+00
time taken for epoch 0:05:52.511401
Epoch 73
[73,     0] loss: 1.116431e-01 masks: 17.0 16.0 [wd: 3.99e-01] [lr: 5.65e-06] [mem: 1.33e+04] cross mse: 0.000000e+00 loss itself: 0.000000e+00 (391.7 ms)
[73,     0] grad_stats: [1.35e-03 9.40e-04] (2.15e-04, 2.11e-02)
[73,   390] loss: 1.067221e-01 masks: 20.4 17.1 [wd: 3.99e-01] [lr: 4.23e-06] [mem: 1.33e+04] cross mse: 0.000000e+00 loss itself: 0.000000e+00 (432.6 ms)
[73,   390] grad_stats: [1.12e-03 9.55e-04] (2.00e-04, 2.59e-02)
[73,   780] loss: 1.066872e-01 masks: 20.4 17.2 [wd: 3.99e-01] [lr: 3.07e-06] [mem: 1.33e+04] cross mse: 0.000000e+00 loss itself: 0.000000e+00 (433.2 ms)
[73,   780] grad_stats: [1.20e-03 1.15e-03] (2.34e-04, 2.40e-02)
avg. loss 1.06687206e-01
avg. cross sim matrix mse 0.00000000e+00 , avg. loss itself 0.000000e+00
time taken for epoch 0:05:51.482336
Epoch 74
[74,     0] loss: 1.081669e-01 masks: 19.0 20.0 [wd: 3.99e-01] [lr: 3.07e-06] [mem: 1.33e+04] cross mse: 0.000000e+00 loss itself: 0.000000e+00 (431.1 ms)
[74,     0] grad_stats: [1.24e-03 7.15e-04] (1.94e-04, 2.63e-02)
[74,   390] loss: 1.066653e-01 masks: 20.2 17.2 [wd: 4.00e-01] [lr: 2.16e-06] [mem: 1.33e+04] cross mse: 0.000000e+00 loss itself: 0.000000e+00 (431.8 ms)
[74,   390] grad_stats: [1.12e-03 1.17e-03] (2.24e-04, 2.37e-02)
[74,   780] loss: 1.067689e-01 masks: 20.1 17.3 [wd: 4.00e-01] [lr: 1.52e-06] [mem: 1.33e+04] cross mse: 0.000000e+00 loss itself: 0.000000e+00 (431.6 ms)
[74,   780] grad_stats: [1.41e-03 9.36e-04] (2.04e-04, 3.35e-02)
avg. loss 1.06768921e-01
avg. cross sim matrix mse 0.00000000e+00 , avg. loss itself 0.000000e+00
time taken for epoch 0:05:50.300805
Epoch 75
[75,     0] loss: 1.047129e-01 masks: 24.0 16.0 [wd: 4.00e-01] [lr: 1.52e-06] [mem: 1.33e+04] cross mse: 0.000000e+00 loss itself: 0.000000e+00 (450.1 ms)
[75,     0] grad_stats: [1.67e-03 9.51e-04] (2.27e-04, 2.57e-02)
[75,   390] loss: 1.065945e-01 masks: 20.4 17.2 [wd: 4.00e-01] [lr: 1.13e-06] [mem: 1.33e+04] cross mse: 0.000000e+00 loss itself: 0.000000e+00 (433.9 ms)
[75,   390] grad_stats: [1.30e-03 8.49e-04] (2.10e-04, 2.16e-02)
[75,   780] loss: 1.066045e-01 masks: 20.3 17.3 [wd: 4.00e-01] [lr: 1.00e-06] [mem: 1.33e+04] cross mse: 0.000000e+00 loss itself: 0.000000e+00 (433.5 ms)
[75,   780] grad_stats: [1.88e-03 1.14e-03] (2.62e-04, 2.82e-02)
avg. loss 1.06604494e-01
avg. cross sim matrix mse 0.00000000e+00 , avg. loss itself 0.000000e+00
time taken for epoch 0:05:51.668214
Total pretraining time 7:18:56.520994
