Directory logs_PKT_chunks/iic-train-l2-seed0/classifiers for saving the classifiers is now present
VisionTransformer(
  (patch_embed): PatchEmbed(
    (proj): Conv2d(3, 768, kernel_size=(15, 15), stride=(15, 15))
  )
  (blocks): ModuleList(
    (0-11): 12 x Block(
      (norm1): LayerNorm((768,), eps=1e-06, elementwise_affine=True)
      (attn): Attention(
        (qkv): Linear(in_features=768, out_features=2304, bias=True)
        (attn_drop): Dropout(p=0.0, inplace=False)
        (proj): Linear(in_features=768, out_features=768, bias=True)
        (proj_drop): Dropout(p=0.0, inplace=False)
      )
      (drop_path): Identity()
      (norm2): LayerNorm((768,), eps=1e-06, elementwise_affine=True)
      (mlp): MLP(
        (fc1): Linear(in_features=768, out_features=3072, bias=True)
        (act): GELU(approximate='none')
        (fc2): Linear(in_features=3072, out_features=768, bias=True)
        (drop): Dropout(p=0.0, inplace=False)
      )
    )
  )
  (norm): LayerNorm((768,), eps=1e-06, elementwise_affine=True)
)
Extracting features and saving them in memory..
Extracting features...
Done extracting features...
 Creating datasets
Created datasets...
 Creating data loaders
Done with data loaders
Commencing training
Epoch: 1/200 Train accuracy: 3.33040e-01 Validation accuracy: 4.13500e-01 Training loss 1.49135e-02 Validation loss 1.34659e-02 Time taken: 0.74 seconds 
Directory logs_PKT_chunks/iic-train-l2-seed0/classifiers for saving the classifiers is now present
VisionTransformer(
  (patch_embed): PatchEmbed(
    (proj): Conv2d(3, 768, kernel_size=(15, 15), stride=(15, 15))
  )
  (blocks): ModuleList(
    (0-11): 12 x Block(
      (norm1): LayerNorm((768,), eps=1e-06, elementwise_affine=True)
      (attn): Attention(
        (qkv): Linear(in_features=768, out_features=2304, bias=True)
        (attn_drop): Dropout(p=0.0, inplace=False)
        (proj): Linear(in_features=768, out_features=768, bias=True)
        (proj_drop): Dropout(p=0.0, inplace=False)
      )
      (drop_path): Identity()
      (norm2): LayerNorm((768,), eps=1e-06, elementwise_affine=True)
      (mlp): MLP(
        (fc1): Linear(in_features=768, out_features=3072, bias=True)
        (act): GELU(approximate='none')
        (fc2): Linear(in_features=3072, out_features=768, bias=True)
        (drop): Dropout(p=0.0, inplace=False)
      )
    )
  )
  (norm): LayerNorm((768,), eps=1e-06, elementwise_affine=True)
)
Extracting features and saving them in memory..
Extracting features...
Done extracting features...
 Creating datasets
Created datasets...
 Creating data loaders
Done with data loaders
Commencing training
Epoch: 1/200 Train accuracy: 3.30040e-01 Validation accuracy: 4.21300e-01 Training loss 1.49167e-02 Validation loss 1.34049e-02 Time taken: 0.93 seconds 
Epoch: 2/200 Train accuracy: 4.38000e-01 Validation accuracy: 4.46100e-01 Training loss 1.27803e-02 Validation loss 1.25667e-02 Time taken: 0.86 seconds 
Epoch: 3/200 Train accuracy: 4.60340e-01 Validation accuracy: 4.62300e-01 Training loss 1.21808e-02 Validation loss 1.21539e-02 Time taken: 0.97 seconds 
Epoch: 4/200 Train accuracy: 4.70980e-01 Validation accuracy: 4.70800e-01 Training loss 1.18628e-02 Validation loss 1.19260e-02 Time taken: 0.89 seconds 
Epoch: 5/200 Train accuracy: 4.79780e-01 Validation accuracy: 4.77600e-01 Training loss 1.16516e-02 Validation loss 1.17614e-02 Time taken: 0.86 seconds 
Epoch: 6/200 Train accuracy: 4.85720e-01 Validation accuracy: 4.75600e-01 Training loss 1.15067e-02 Validation loss 1.16544e-02 Time taken: 0.83 seconds 
Epoch: 7/200 Train accuracy: 4.91320e-01 Validation accuracy: 4.82800e-01 Training loss 1.13930e-02 Validation loss 1.15808e-02 Time taken: 0.90 seconds 
Epoch: 8/200 Train accuracy: 4.94760e-01 Validation accuracy: 4.85900e-01 Training loss 1.12984e-02 Validation loss 1.14916e-02 Time taken: 0.86 seconds 
Epoch: 9/200 Train accuracy: 4.95360e-01 Validation accuracy: 4.87900e-01 Training loss 1.12324e-02 Validation loss 1.14113e-02 Time taken: 0.99 seconds 
Epoch: 10/200 Train accuracy: 4.99300e-01 Validation accuracy: 4.91700e-01 Training loss 1.11699e-02 Validation loss 1.13766e-02 Time taken: 0.86 seconds 
Epoch: 11/200 Train accuracy: 5.00880e-01 Validation accuracy: 4.93800e-01 Training loss 1.11149e-02 Validation loss 1.13227e-02 Time taken: 0.89 seconds 
Epoch: 12/200 Train accuracy: 5.03000e-01 Validation accuracy: 4.95700e-01 Training loss 1.10663e-02 Validation loss 1.12649e-02 Time taken: 1.05 seconds 
Epoch: 13/200 Train accuracy: 5.05740e-01 Validation accuracy: 4.98000e-01 Training loss 1.10279e-02 Validation loss 1.12405e-02 Time taken: 0.81 seconds 
Epoch: 14/200 Train accuracy: 5.09120e-01 Validation accuracy: 4.95600e-01 Training loss 1.09754e-02 Validation loss 1.12751e-02 Time taken: 0.93 seconds 
Epoch: 15/200 Train accuracy: 5.08360e-01 Validation accuracy: 4.91700e-01 Training loss 1.09537e-02 Validation loss 1.12057e-02 Time taken: 0.88 seconds 
Epoch: 16/200 Train accuracy: 5.09880e-01 Validation accuracy: 4.99700e-01 Training loss 1.09221e-02 Validation loss 1.11437e-02 Time taken: 0.82 seconds 
Epoch: 17/200 Train accuracy: 5.11520e-01 Validation accuracy: 5.01600e-01 Training loss 1.08936e-02 Validation loss 1.11156e-02 Time taken: 1.05 seconds 
Epoch: 18/200 Train accuracy: 5.10520e-01 Validation accuracy: 5.01300e-01 Training loss 1.08700e-02 Validation loss 1.11044e-02 Time taken: 0.83 seconds 
Epoch: 19/200 Train accuracy: 5.13960e-01 Validation accuracy: 5.04600e-01 Training loss 1.08433e-02 Validation loss 1.10820e-02 Time taken: 0.85 seconds 
Epoch: 20/200 Train accuracy: 5.13080e-01 Validation accuracy: 5.04000e-01 Training loss 1.08234e-02 Validation loss 1.10643e-02 Time taken: 0.89 seconds 
Epoch: 21/200 Train accuracy: 5.15580e-01 Validation accuracy: 5.03600e-01 Training loss 1.07993e-02 Validation loss 1.10451e-02 Time taken: 0.86 seconds 
Epoch: 22/200 Train accuracy: 5.14520e-01 Validation accuracy: 5.04700e-01 Training loss 1.07791e-02 Validation loss 1.10150e-02 Time taken: 0.99 seconds 
Epoch: 23/200 Train accuracy: 5.15700e-01 Validation accuracy: 5.05100e-01 Training loss 1.07647e-02 Validation loss 1.09899e-02 Time taken: 0.85 seconds 
Epoch: 24/200 Train accuracy: 5.17600e-01 Validation accuracy: 5.09600e-01 Training loss 1.07431e-02 Validation loss 1.10034e-02 Time taken: 0.81 seconds 
Epoch: 25/200 Train accuracy: 5.17600e-01 Validation accuracy: 5.12300e-01 Training loss 1.07289e-02 Validation loss 1.09622e-02 Time taken: 0.82 seconds 
Epoch: 26/200 Train accuracy: 5.19680e-01 Validation accuracy: 5.08900e-01 Training loss 1.07072e-02 Validation loss 1.09615e-02 Time taken: 1.16 seconds 
Epoch: 27/200 Train accuracy: 5.19040e-01 Validation accuracy: 5.05700e-01 Training loss 1.06929e-02 Validation loss 1.09653e-02 Time taken: 1.05 seconds 
Epoch: 28/200 Train accuracy: 5.20280e-01 Validation accuracy: 5.07800e-01 Training loss 1.06823e-02 Validation loss 1.09582e-02 Time taken: 0.83 seconds 
Epoch: 29/200 Train accuracy: 5.22840e-01 Validation accuracy: 5.05700e-01 Training loss 1.06645e-02 Validation loss 1.09362e-02 Time taken: 0.86 seconds 
Epoch: 30/200 Train accuracy: 5.21240e-01 Validation accuracy: 5.12100e-01 Training loss 1.06513e-02 Validation loss 1.09100e-02 Time taken: 0.86 seconds 
Epoch: 31/200 Train accuracy: 5.22180e-01 Validation accuracy: 5.11300e-01 Training loss 1.06395e-02 Validation loss 1.09065e-02 Time taken: 0.82 seconds 
Epoch: 32/200 Train accuracy: 5.23120e-01 Validation accuracy: 5.10900e-01 Training loss 1.06291e-02 Validation loss 1.08761e-02 Time taken: 0.86 seconds 
Epoch: 33/200 Train accuracy: 5.22860e-01 Validation accuracy: 5.10700e-01 Training loss 1.06168e-02 Validation loss 1.08776e-02 Time taken: 0.81 seconds 
Epoch: 34/200 Train accuracy: 5.23200e-01 Validation accuracy: 5.13600e-01 Training loss 1.05982e-02 Validation loss 1.08580e-02 Time taken: 0.86 seconds 
Epoch: 35/200 Train accuracy: 5.23880e-01 Validation accuracy: 5.12100e-01 Training loss 1.05948e-02 Validation loss 1.08521e-02 Time taken: 0.82 seconds 
Epoch: 36/200 Train accuracy: 5.25720e-01 Validation accuracy: 5.12700e-01 Training loss 1.05790e-02 Validation loss 1.08477e-02 Time taken: 0.85 seconds 
Epoch: 37/200 Train accuracy: 5.24740e-01 Validation accuracy: 5.11300e-01 Training loss 1.05712e-02 Validation loss 1.08471e-02 Time taken: 1.07 seconds 
Epoch: 38/200 Train accuracy: 5.24560e-01 Validation accuracy: 5.15200e-01 Training loss 1.05627e-02 Validation loss 1.08133e-02 Time taken: 0.85 seconds 
Epoch: 39/200 Train accuracy: 5.25560e-01 Validation accuracy: 5.13100e-01 Training loss 1.05526e-02 Validation loss 1.08406e-02 Time taken: 0.81 seconds 
Epoch: 40/200 Train accuracy: 5.24680e-01 Validation accuracy: 5.16300e-01 Training loss 1.05474e-02 Validation loss 1.08079e-02 Time taken: 0.89 seconds 
Epoch: 41/200 Train accuracy: 5.27460e-01 Validation accuracy: 5.15500e-01 Training loss 1.05309e-02 Validation loss 1.07990e-02 Time taken: 0.81 seconds 
Epoch: 42/200 Train accuracy: 5.26860e-01 Validation accuracy: 5.12600e-01 Training loss 1.05239e-02 Validation loss 1.08348e-02 Time taken: 1.09 seconds 
Epoch: 43/200 Train accuracy: 5.27140e-01 Validation accuracy: 5.14900e-01 Training loss 1.05191e-02 Validation loss 1.08030e-02 Time taken: 0.85 seconds 
Epoch: 44/200 Train accuracy: 5.25360e-01 Validation accuracy: 5.19600e-01 Training loss 1.05086e-02 Validation loss 1.07651e-02 Time taken: 0.82 seconds 
Epoch: 45/200 Train accuracy: 5.28200e-01 Validation accuracy: 5.16000e-01 Training loss 1.05010e-02 Validation loss 1.07769e-02 Time taken: 0.96 seconds 
Epoch: 46/200 Train accuracy: 5.29040e-01 Validation accuracy: 5.20000e-01 Training loss 1.04903e-02 Validation loss 1.07513e-02 Time taken: 0.86 seconds 
Epoch: 47/200 Train accuracy: 5.31040e-01 Validation accuracy: 5.18800e-01 Training loss 1.04789e-02 Validation loss 1.07615e-02 Time taken: 0.89 seconds 
Epoch: 48/200 Train accuracy: 5.28540e-01 Validation accuracy: 5.18600e-01 Training loss 1.04782e-02 Validation loss 1.07250e-02 Time taken: 0.83 seconds 
Epoch: 49/200 Train accuracy: 5.29700e-01 Validation accuracy: 5.18800e-01 Training loss 1.04682e-02 Validation loss 1.07319e-02 Time taken: 0.86 seconds 
Epoch: 50/200 Train accuracy: 5.31040e-01 Validation accuracy: 5.10500e-01 Training loss 1.04635e-02 Validation loss 1.07586e-02 Time taken: 1.07 seconds 
Epoch: 51/200 Train accuracy: 5.30460e-01 Validation accuracy: 5.18800e-01 Training loss 1.04518e-02 Validation loss 1.07108e-02 Time taken: 0.86 seconds 
Epoch: 52/200 Train accuracy: 5.30460e-01 Validation accuracy: 5.18400e-01 Training loss 1.04494e-02 Validation loss 1.07193e-02 Time taken: 0.92 seconds 
Epoch: 53/200 Train accuracy: 5.31460e-01 Validation accuracy: 5.20600e-01 Training loss 1.04408e-02 Validation loss 1.07111e-02 Time taken: 1.01 seconds 
Epoch: 54/200 Train accuracy: 5.31360e-01 Validation accuracy: 5.18000e-01 Training loss 1.04358e-02 Validation loss 1.06951e-02 Time taken: 0.83 seconds 
Epoch: 55/200 Train accuracy: 5.31520e-01 Validation accuracy: 5.20200e-01 Training loss 1.04251e-02 Validation loss 1.07061e-02 Time taken: 0.94 seconds 
Epoch: 56/200 Train accuracy: 5.31760e-01 Validation accuracy: 5.18400e-01 Training loss 1.04236e-02 Validation loss 1.07171e-02 Time taken: 0.82 seconds 
Epoch: 57/200 Train accuracy: 5.31080e-01 Validation accuracy: 5.19300e-01 Training loss 1.04155e-02 Validation loss 1.06876e-02 Time taken: 0.82 seconds 
Epoch: 58/200 Train accuracy: 5.31140e-01 Validation accuracy: 5.22400e-01 Training loss 1.04134e-02 Validation loss 1.06738e-02 Time taken: 1.08 seconds 
Epoch: 59/200 Train accuracy: 5.33040e-01 Validation accuracy: 5.21200e-01 Training loss 1.04046e-02 Validation loss 1.06771e-02 Time taken: 0.85 seconds 
Epoch: 60/200 Train accuracy: 5.32020e-01 Validation accuracy: 5.22300e-01 Training loss 1.04061e-02 Validation loss 1.06605e-02 Time taken: 0.95 seconds 
Epoch: 61/200 Train accuracy: 5.32460e-01 Validation accuracy: 5.21500e-01 Training loss 1.03924e-02 Validation loss 1.06650e-02 Time taken: 0.89 seconds 
Epoch: 62/200 Train accuracy: 5.33800e-01 Validation accuracy: 5.19700e-01 Training loss 1.03884e-02 Validation loss 1.06687e-02 Time taken: 0.86 seconds 
Epoch: 63/200 Train accuracy: 5.34000e-01 Validation accuracy: 5.21200e-01 Training loss 1.03846e-02 Validation loss 1.06619e-02 Time taken: 0.87 seconds 
Epoch: 64/200 Train accuracy: 5.33660e-01 Validation accuracy: 5.19200e-01 Training loss 1.03795e-02 Validation loss 1.06578e-02 Time taken: 0.87 seconds 
Epoch: 65/200 Train accuracy: 5.33700e-01 Validation accuracy: 5.22500e-01 Training loss 1.03716e-02 Validation loss 1.06656e-02 Time taken: 1.08 seconds 
Epoch: 66/200 Train accuracy: 5.35580e-01 Validation accuracy: 5.24900e-01 Training loss 1.03696e-02 Validation loss 1.06575e-02 Time taken: 0.81 seconds 
Epoch: 67/200 Train accuracy: 5.32580e-01 Validation accuracy: 5.25300e-01 Training loss 1.03668e-02 Validation loss 1.06294e-02 Time taken: 0.88 seconds 
Epoch: 68/200 Train accuracy: 5.35640e-01 Validation accuracy: 5.25500e-01 Training loss 1.03570e-02 Validation loss 1.06307e-02 Time taken: 0.98 seconds 
Epoch: 69/200 Train accuracy: 5.34120e-01 Validation accuracy: 5.21500e-01 Training loss 1.03523e-02 Validation loss 1.06229e-02 Time taken: 0.88 seconds 
Epoch: 70/200 Train accuracy: 5.35440e-01 Validation accuracy: 5.21800e-01 Training loss 1.03483e-02 Validation loss 1.06491e-02 Time taken: 0.93 seconds 
Epoch: 71/200 Train accuracy: 5.35940e-01 Validation accuracy: 5.26600e-01 Training loss 1.03472e-02 Validation loss 1.06099e-02 Time taken: 0.85 seconds 
Epoch: 72/200 Train accuracy: 5.35180e-01 Validation accuracy: 5.24800e-01 Training loss 1.03389e-02 Validation loss 1.06264e-02 Time taken: 0.83 seconds 
Epoch: 73/200 Train accuracy: 5.35400e-01 Validation accuracy: 5.25500e-01 Training loss 1.03348e-02 Validation loss 1.06130e-02 Time taken: 1.03 seconds 
Epoch: 74/200 Train accuracy: 5.36120e-01 Validation accuracy: 5.22600e-01 Training loss 1.03364e-02 Validation loss 1.06153e-02 Time taken: 0.86 seconds 
Epoch: 75/200 Train accuracy: 5.35780e-01 Validation accuracy: 5.27900e-01 Training loss 1.03236e-02 Validation loss 1.05898e-02 Time taken: 0.85 seconds 
Epoch: 76/200 Train accuracy: 5.36300e-01 Validation accuracy: 5.24000e-01 Training loss 1.03248e-02 Validation loss 1.06066e-02 Time taken: 0.83 seconds 
Epoch: 77/200 Train accuracy: 5.37140e-01 Validation accuracy: 5.24800e-01 Training loss 1.03191e-02 Validation loss 1.05876e-02 Time taken: 0.82 seconds 
Epoch: 78/200 Train accuracy: 5.35960e-01 Validation accuracy: 5.24900e-01 Training loss 1.03183e-02 Validation loss 1.05790e-02 Time taken: 1.01 seconds 
Epoch: 79/200 Train accuracy: 5.36600e-01 Validation accuracy: 5.26100e-01 Training loss 1.03099e-02 Validation loss 1.05677e-02 Time taken: 0.85 seconds 
Epoch: 80/200 Train accuracy: 5.37440e-01 Validation accuracy: 5.27200e-01 Training loss 1.03089e-02 Validation loss 1.05972e-02 Time taken: 1.07 seconds 
Epoch: 81/200 Train accuracy: 5.37220e-01 Validation accuracy: 5.27500e-01 Training loss 1.03079e-02 Validation loss 1.05654e-02 Time taken: 0.81 seconds 
Epoch: 82/200 Train accuracy: 5.38380e-01 Validation accuracy: 5.27200e-01 Training loss 1.03011e-02 Validation loss 1.05689e-02 Time taken: 0.81 seconds 
Epoch: 83/200 Train accuracy: 5.37460e-01 Validation accuracy: 5.26100e-01 Training loss 1.02952e-02 Validation loss 1.05964e-02 Time taken: 0.84 seconds 
Epoch: 84/200 Train accuracy: 5.36620e-01 Validation accuracy: 5.27900e-01 Training loss 1.02988e-02 Validation loss 1.05800e-02 Time taken: 0.82 seconds 
Epoch: 85/200 Train accuracy: 5.37840e-01 Validation accuracy: 5.28400e-01 Training loss 1.02905e-02 Validation loss 1.05553e-02 Time taken: 0.82 seconds 
Epoch: 86/200 Train accuracy: 5.37540e-01 Validation accuracy: 5.27100e-01 Training loss 1.02850e-02 Validation loss 1.05619e-02 Time taken: 0.92 seconds 
Epoch: 87/200 Train accuracy: 5.38780e-01 Validation accuracy: 5.29200e-01 Training loss 1.02845e-02 Validation loss 1.05561e-02 Time taken: 0.87 seconds 
Epoch: 88/200 Train accuracy: 5.37420e-01 Validation accuracy: 5.26600e-01 Training loss 1.02818e-02 Validation loss 1.05708e-02 Time taken: 1.06 seconds 
Epoch: 89/200 Train accuracy: 5.39660e-01 Validation accuracy: 5.29200e-01 Training loss 1.02770e-02 Validation loss 1.05427e-02 Time taken: 0.82 seconds 
Epoch: 90/200 Train accuracy: 5.39180e-01 Validation accuracy: 5.27400e-01 Training loss 1.02666e-02 Validation loss 1.05469e-02 Time taken: 0.82 seconds 
Epoch: 91/200 Train accuracy: 5.36740e-01 Validation accuracy: 5.28400e-01 Training loss 1.02724e-02 Validation loss 1.05561e-02 Time taken: 0.99 seconds 
Epoch: 92/200 Train accuracy: 5.39340e-01 Validation accuracy: 5.26400e-01 Training loss 1.02689e-02 Validation loss 1.05487e-02 Time taken: 0.82 seconds 
Epoch: 93/200 Train accuracy: 5.41140e-01 Validation accuracy: 5.25500e-01 Training loss 1.02655e-02 Validation loss 1.05663e-02 Time taken: 0.82 seconds 
Epoch: 94/200 Train accuracy: 5.39860e-01 Validation accuracy: 5.31900e-01 Training loss 1.02646e-02 Validation loss 1.05233e-02 Time taken: 0.81 seconds 
Epoch: 95/200 Train accuracy: 5.40120e-01 Validation accuracy: 5.30600e-01 Training loss 1.02614e-02 Validation loss 1.05430e-02 Time taken: 0.81 seconds 
Epoch: 96/200 Train accuracy: 5.39940e-01 Validation accuracy: 5.22500e-01 Training loss 1.02575e-02 Validation loss 1.05576e-02 Time taken: 0.98 seconds 
Epoch: 97/200 Train accuracy: 5.39580e-01 Validation accuracy: 5.29900e-01 Training loss 1.02503e-02 Validation loss 1.05290e-02 Time taken: 0.87 seconds 
Epoch: 98/200 Train accuracy: 5.39900e-01 Validation accuracy: 5.31200e-01 Training loss 1.02515e-02 Validation loss 1.05123e-02 Time taken: 0.87 seconds 
Epoch: 99/200 Train accuracy: 5.42180e-01 Validation accuracy: 5.29600e-01 Training loss 1.02419e-02 Validation loss 1.05624e-02 Time taken: 1.01 seconds 
Epoch: 100/200 Train accuracy: 5.41000e-01 Validation accuracy: 5.30100e-01 Training loss 1.02415e-02 Validation loss 1.05371e-02 Time taken: 0.83 seconds 
Epoch: 101/200 Train accuracy: 5.42680e-01 Validation accuracy: 5.30400e-01 Training loss 1.02405e-02 Validation loss 1.05544e-02 Time taken: 0.90 seconds 
Epoch: 102/200 Train accuracy: 5.40740e-01 Validation accuracy: 5.31900e-01 Training loss 1.02411e-02 Validation loss 1.05146e-02 Time taken: 0.83 seconds 
Epoch: 103/200 Train accuracy: 5.40800e-01 Validation accuracy: 5.28200e-01 Training loss 1.02377e-02 Validation loss 1.05259e-02 Time taken: 0.84 seconds 
Epoch: 104/200 Train accuracy: 5.40740e-01 Validation accuracy: 5.31400e-01 Training loss 1.02343e-02 Validation loss 1.05111e-02 Time taken: 1.10 seconds 
Epoch: 105/200 Train accuracy: 5.42200e-01 Validation accuracy: 5.29500e-01 Training loss 1.02321e-02 Validation loss 1.05074e-02 Time taken: 0.85 seconds 
Epoch: 106/200 Train accuracy: 5.42020e-01 Validation accuracy: 5.30500e-01 Training loss 1.02276e-02 Validation loss 1.05208e-02 Time taken: 1.09 seconds 
Epoch: 107/200 Train accuracy: 5.41620e-01 Validation accuracy: 5.31700e-01 Training loss 1.02233e-02 Validation loss 1.04862e-02 Time taken: 0.82 seconds 
Epoch: 108/200 Train accuracy: 5.41780e-01 Validation accuracy: 5.29100e-01 Training loss 1.02191e-02 Validation loss 1.05185e-02 Time taken: 0.85 seconds 
Epoch: 109/200 Train accuracy: 5.41180e-01 Validation accuracy: 5.31100e-01 Training loss 1.02192e-02 Validation loss 1.05119e-02 Time taken: 0.97 seconds 
Epoch: 110/200 Train accuracy: 5.41400e-01 Validation accuracy: 5.34000e-01 Training loss 1.02154e-02 Validation loss 1.04978e-02 Time taken: 0.87 seconds 
Epoch: 111/200 Train accuracy: 5.42320e-01 Validation accuracy: 5.29700e-01 Training loss 1.02209e-02 Validation loss 1.05040e-02 Time taken: 1.09 seconds 
Epoch: 112/200 Train accuracy: 5.41000e-01 Validation accuracy: 5.26300e-01 Training loss 1.02149e-02 Validation loss 1.05204e-02 Time taken: 0.83 seconds 
Epoch: 113/200 Train accuracy: 5.41680e-01 Validation accuracy: 5.28900e-01 Training loss 1.02095e-02 Validation loss 1.05230e-02 Time taken: 0.83 seconds 
Epoch: 114/200 Train accuracy: 5.42420e-01 Validation accuracy: 5.30400e-01 Training loss 1.02092e-02 Validation loss 1.04866e-02 Time taken: 0.90 seconds 
Epoch: 115/200 Train accuracy: 5.42440e-01 Validation accuracy: 5.33800e-01 Training loss 1.02026e-02 Validation loss 1.04771e-02 Time taken: 0.85 seconds 
Epoch: 116/200 Train accuracy: 5.41460e-01 Validation accuracy: 5.29000e-01 Training loss 1.02054e-02 Validation loss 1.04864e-02 Time taken: 0.93 seconds 
Epoch: 117/200 Train accuracy: 5.42840e-01 Validation accuracy: 5.33800e-01 Training loss 1.02018e-02 Validation loss 1.04648e-02 Time taken: 0.91 seconds 
Epoch: 118/200 Train accuracy: 5.42380e-01 Validation accuracy: 5.32200e-01 Training loss 1.01984e-02 Validation loss 1.04706e-02 Time taken: 0.81 seconds 
Epoch: 119/200 Train accuracy: 5.43420e-01 Validation accuracy: 5.29200e-01 Training loss 1.01987e-02 Validation loss 1.05015e-02 Time taken: 1.09 seconds 
Epoch: 120/200 Train accuracy: 5.43080e-01 Validation accuracy: 5.32300e-01 Training loss 1.01939e-02 Validation loss 1.04923e-02 Time taken: 0.86 seconds 
Epoch: 121/200 Train accuracy: 5.43980e-01 Validation accuracy: 5.32000e-01 Training loss 1.01961e-02 Validation loss 1.04808e-02 Time taken: 0.81 seconds 
Epoch: 122/200 Train accuracy: 5.44560e-01 Validation accuracy: 5.31800e-01 Training loss 1.01898e-02 Validation loss 1.04818e-02 Time taken: 0.88 seconds 
Epoch: 123/200 Train accuracy: 5.43980e-01 Validation accuracy: 5.30500e-01 Training loss 1.01893e-02 Validation loss 1.04857e-02 Time taken: 0.82 seconds 
Epoch: 124/200 Train accuracy: 5.44680e-01 Validation accuracy: 5.29500e-01 Training loss 1.01848e-02 Validation loss 1.04642e-02 Time taken: 1.07 seconds 
Epoch: 125/200 Train accuracy: 5.45400e-01 Validation accuracy: 5.31400e-01 Training loss 1.01813e-02 Validation loss 1.04794e-02 Time taken: 0.82 seconds 
Epoch: 126/200 Train accuracy: 5.43240e-01 Validation accuracy: 5.34100e-01 Training loss 1.01797e-02 Validation loss 1.04579e-02 Time taken: 0.86 seconds 
Epoch: 127/200 Train accuracy: 5.44860e-01 Validation accuracy: 5.32600e-01 Training loss 1.01755e-02 Validation loss 1.04526e-02 Time taken: 0.99 seconds 
Epoch: 128/200 Train accuracy: 5.44840e-01 Validation accuracy: 5.32000e-01 Training loss 1.01798e-02 Validation loss 1.04758e-02 Time taken: 0.85 seconds 
Epoch: 129/200 Train accuracy: 5.43920e-01 Validation accuracy: 5.35400e-01 Training loss 1.01786e-02 Validation loss 1.04593e-02 Time taken: 0.96 seconds 
Epoch: 130/200 Train accuracy: 5.43420e-01 Validation accuracy: 5.34800e-01 Training loss 1.01759e-02 Validation loss 1.04535e-02 Time taken: 0.83 seconds 
Epoch: 131/200 Train accuracy: 5.45740e-01 Validation accuracy: 5.32700e-01 Training loss 1.01710e-02 Validation loss 1.05020e-02 Time taken: 0.83 seconds 
Epoch: 132/200 Train accuracy: 5.44280e-01 Validation accuracy: 5.35600e-01 Training loss 1.01749e-02 Validation loss 1.04479e-02 Time taken: 0.93 seconds 
Epoch: 133/200 Train accuracy: 5.45600e-01 Validation accuracy: 5.33000e-01 Training loss 1.01666e-02 Validation loss 1.04577e-02 Time taken: 0.83 seconds 
Epoch: 134/200 Train accuracy: 5.44800e-01 Validation accuracy: 5.34900e-01 Training loss 1.01679e-02 Validation loss 1.04503e-02 Time taken: 0.85 seconds 
Epoch: 135/200 Train accuracy: 5.45340e-01 Validation accuracy: 5.32200e-01 Training loss 1.01632e-02 Validation loss 1.04891e-02 Time taken: 1.16 seconds 
Epoch: 136/200 Train accuracy: 5.44780e-01 Validation accuracy: 5.36300e-01 Training loss 1.01630e-02 Validation loss 1.04362e-02 Time taken: 1.13 seconds 
Epoch: 137/200 Train accuracy: 5.45820e-01 Validation accuracy: 5.36900e-01 Training loss 1.01608e-02 Validation loss 1.04309e-02 Time taken: 0.89 seconds 
Epoch: 138/200 Train accuracy: 5.46740e-01 Validation accuracy: 5.35600e-01 Training loss 1.01558e-02 Validation loss 1.04705e-02 Time taken: 0.83 seconds 
Epoch: 139/200 Train accuracy: 5.44500e-01 Validation accuracy: 5.36400e-01 Training loss 1.01564e-02 Validation loss 1.04415e-02 Time taken: 1.04 seconds 
Epoch: 140/200 Train accuracy: 5.44920e-01 Validation accuracy: 5.37200e-01 Training loss 1.01594e-02 Validation loss 1.04344e-02 Time taken: 0.82 seconds 
Epoch: 141/200 Train accuracy: 5.46320e-01 Validation accuracy: 5.31400e-01 Training loss 1.01518e-02 Validation loss 1.04734e-02 Time taken: 0.82 seconds 
Epoch: 142/200 Train accuracy: 5.44260e-01 Validation accuracy: 5.34500e-01 Training loss 1.01513e-02 Validation loss 1.04501e-02 Time taken: 1.05 seconds 
Epoch: 143/200 Train accuracy: 5.44860e-01 Validation accuracy: 5.35800e-01 Training loss 1.01565e-02 Validation loss 1.04250e-02 Time taken: 0.86 seconds 
Epoch: 144/200 Train accuracy: 5.44600e-01 Validation accuracy: 5.33600e-01 Training loss 1.01551e-02 Validation loss 1.04537e-02 Time taken: 1.07 seconds 
Epoch: 145/200 Train accuracy: 5.45000e-01 Validation accuracy: 5.31100e-01 Training loss 1.01507e-02 Validation loss 1.04398e-02 Time taken: 0.82 seconds 
Epoch: 146/200 Train accuracy: 5.45440e-01 Validation accuracy: 5.34300e-01 Training loss 1.01462e-02 Validation loss 1.04354e-02 Time taken: 0.82 seconds 
Epoch: 147/200 Train accuracy: 5.45220e-01 Validation accuracy: 5.33200e-01 Training loss 1.01435e-02 Validation loss 1.04363e-02 Time taken: 0.95 seconds 
Epoch: 148/200 Train accuracy: 5.46580e-01 Validation accuracy: 5.33600e-01 Training loss 1.01459e-02 Validation loss 1.04350e-02 Time taken: 0.85 seconds 
Epoch: 149/200 Train accuracy: 5.45780e-01 Validation accuracy: 5.37300e-01 Training loss 1.01445e-02 Validation loss 1.04103e-02 Time taken: 0.89 seconds 
Epoch: 150/200 Train accuracy: 5.46780e-01 Validation accuracy: 5.37600e-01 Training loss 1.01385e-02 Validation loss 1.04303e-02 Time taken: 0.87 seconds 
Epoch: 151/200 Train accuracy: 5.44640e-01 Validation accuracy: 5.34300e-01 Training loss 1.01442e-02 Validation loss 1.04215e-02 Time taken: 0.83 seconds 
Epoch: 152/200 Train accuracy: 5.46600e-01 Validation accuracy: 5.35300e-01 Training loss 1.01386e-02 Validation loss 1.04348e-02 Time taken: 0.93 seconds 
Epoch: 153/200 Train accuracy: 5.46880e-01 Validation accuracy: 5.34900e-01 Training loss 1.01342e-02 Validation loss 1.04449e-02 Time taken: 0.83 seconds 
Epoch: 154/200 Train accuracy: 5.46780e-01 Validation accuracy: 5.39400e-01 Training loss 1.01291e-02 Validation loss 1.04024e-02 Time taken: 0.87 seconds 
Epoch: 155/200 Train accuracy: 5.45260e-01 Validation accuracy: 5.37200e-01 Training loss 1.01336e-02 Validation loss 1.04277e-02 Time taken: 0.87 seconds 
Epoch: 156/200 Train accuracy: 5.46500e-01 Validation accuracy: 5.37800e-01 Training loss 1.01275e-02 Validation loss 1.04112e-02 Time taken: 0.83 seconds 
Epoch: 157/200 Train accuracy: 5.46820e-01 Validation accuracy: 5.36300e-01 Training loss 1.01296e-02 Validation loss 1.04130e-02 Time taken: 1.09 seconds 
Epoch: 158/200 Train accuracy: 5.45800e-01 Validation accuracy: 5.37700e-01 Training loss 1.01294e-02 Validation loss 1.04313e-02 Time taken: 0.85 seconds 
Epoch: 159/200 Train accuracy: 5.47340e-01 Validation accuracy: 5.36200e-01 Training loss 1.01234e-02 Validation loss 1.04175e-02 Time taken: 0.90 seconds 
Epoch: 160/200 Train accuracy: 5.46900e-01 Validation accuracy: 5.37500e-01 Training loss 1.01214e-02 Validation loss 1.04014e-02 Time taken: 0.82 seconds 
Epoch: 161/200 Train accuracy: 5.46820e-01 Validation accuracy: 5.36000e-01 Training loss 1.01216e-02 Validation loss 1.04239e-02 Time taken: 0.85 seconds 
Epoch: 162/200 Train accuracy: 5.47560e-01 Validation accuracy: 5.34600e-01 Training loss 1.01210e-02 Validation loss 1.04318e-02 Time taken: 0.92 seconds 
Epoch: 163/200 Train accuracy: 5.46280e-01 Validation accuracy: 5.38100e-01 Training loss 1.01212e-02 Validation loss 1.03981e-02 Time taken: 0.85 seconds 
Epoch: 164/200 Train accuracy: 5.47120e-01 Validation accuracy: 5.39700e-01 Training loss 1.01167e-02 Validation loss 1.03916e-02 Time taken: 0.82 seconds 
Epoch: 165/200 Train accuracy: 5.47300e-01 Validation accuracy: 5.35300e-01 Training loss 1.01164e-02 Validation loss 1.04039e-02 Time taken: 1.12 seconds 
Epoch: 166/200 Train accuracy: 5.47520e-01 Validation accuracy: 5.35100e-01 Training loss 1.01186e-02 Validation loss 1.03992e-02 Time taken: 0.86 seconds 
Epoch: 167/200 Train accuracy: 5.47940e-01 Validation accuracy: 5.36100e-01 Training loss 1.01138e-02 Validation loss 1.04090e-02 Time taken: 0.84 seconds 
Epoch: 168/200 Train accuracy: 5.45560e-01 Validation accuracy: 5.33100e-01 Training loss 1.01144e-02 Validation loss 1.04028e-02 Time taken: 0.82 seconds 
Epoch: 169/200 Train accuracy: 5.47980e-01 Validation accuracy: 5.39000e-01 Training loss 1.01100e-02 Validation loss 1.03933e-02 Time taken: 0.87 seconds 
Epoch: 170/200 Train accuracy: 5.48000e-01 Validation accuracy: 5.37100e-01 Training loss 1.01075e-02 Validation loss 1.03885e-02 Time taken: 0.99 seconds 
Epoch: 171/200 Train accuracy: 5.46080e-01 Validation accuracy: 5.39700e-01 Training loss 1.01097e-02 Validation loss 1.03798e-02 Time taken: 0.83 seconds 
Epoch: 172/200 Train accuracy: 5.48560e-01 Validation accuracy: 5.36100e-01 Training loss 1.01073e-02 Validation loss 1.03997e-02 Time taken: 1.13 seconds 
Epoch: 173/200 Train accuracy: 5.47880e-01 Validation accuracy: 5.38100e-01 Training loss 1.01057e-02 Validation loss 1.03886e-02 Time taken: 0.82 seconds 
Epoch: 174/200 Train accuracy: 5.48600e-01 Validation accuracy: 5.36700e-01 Training loss 1.01024e-02 Validation loss 1.03899e-02 Time taken: 0.82 seconds 
Epoch: 175/200 Train accuracy: 5.47960e-01 Validation accuracy: 5.40100e-01 Training loss 1.01069e-02 Validation loss 1.03905e-02 Time taken: 0.96 seconds 
Epoch: 176/200 Train accuracy: 5.48520e-01 Validation accuracy: 5.37800e-01 Training loss 1.01038e-02 Validation loss 1.03901e-02 Time taken: 0.83 seconds 
Epoch: 177/200 Train accuracy: 5.46660e-01 Validation accuracy: 5.38700e-01 Training loss 1.01053e-02 Validation loss 1.03789e-02 Time taken: 0.89 seconds 
Epoch: 178/200 Train accuracy: 5.46360e-01 Validation accuracy: 5.37600e-01 Training loss 1.00999e-02 Validation loss 1.03876e-02 Time taken: 0.88 seconds 
Epoch: 179/200 Train accuracy: 5.48380e-01 Validation accuracy: 5.36800e-01 Training loss 1.01032e-02 Validation loss 1.03859e-02 Time taken: 0.87 seconds 
Epoch: 180/200 Train accuracy: 5.48080e-01 Validation accuracy: 5.37800e-01 Training loss 1.01001e-02 Validation loss 1.03757e-02 Time taken: 1.13 seconds 
Epoch: 181/200 Train accuracy: 5.48040e-01 Validation accuracy: 5.39100e-01 Training loss 1.00990e-02 Validation loss 1.03766e-02 Time taken: 0.82 seconds 
Epoch: 182/200 Train accuracy: 5.48180e-01 Validation accuracy: 5.39500e-01 Training loss 1.00921e-02 Validation loss 1.03656e-02 Time taken: 0.92 seconds 
Epoch: 183/200 Train accuracy: 5.48220e-01 Validation accuracy: 5.38600e-01 Training loss 1.00969e-02 Validation loss 1.03757e-02 Time taken: 0.83 seconds 
Epoch: 184/200 Train accuracy: 5.47700e-01 Validation accuracy: 5.38600e-01 Training loss 1.00953e-02 Validation loss 1.03716e-02 Time taken: 0.89 seconds 
Epoch: 185/200 Train accuracy: 5.48140e-01 Validation accuracy: 5.37500e-01 Training loss 1.00915e-02 Validation loss 1.03708e-02 Time taken: 0.94 seconds 
Epoch: 186/200 Train accuracy: 5.48000e-01 Validation accuracy: 5.39600e-01 Training loss 1.00921e-02 Validation loss 1.03744e-02 Time taken: 0.81 seconds 
Epoch: 187/200 Train accuracy: 5.48140e-01 Validation accuracy: 5.38700e-01 Training loss 1.00887e-02 Validation loss 1.03859e-02 Time taken: 0.79 seconds 
Epoch: 188/200 Train accuracy: 5.49180e-01 Validation accuracy: 5.35700e-01 Training loss 1.00896e-02 Validation loss 1.03892e-02 Time taken: 0.79 seconds 
Epoch: 189/200 Train accuracy: 5.50140e-01 Validation accuracy: 5.37200e-01 Training loss 1.00881e-02 Validation loss 1.03797e-02 Time taken: 0.86 seconds 
Epoch: 190/200 Train accuracy: 5.48620e-01 Validation accuracy: 5.39100e-01 Training loss 1.00890e-02 Validation loss 1.03773e-02 Time taken: 0.73 seconds 
Epoch: 191/200 Train accuracy: 5.48720e-01 Validation accuracy: 5.36400e-01 Training loss 1.00872e-02 Validation loss 1.03888e-02 Time taken: 0.72 seconds 
Epoch: 192/200 Train accuracy: 5.49020e-01 Validation accuracy: 5.38400e-01 Training loss 1.00860e-02 Validation loss 1.03826e-02 Time taken: 0.67 seconds 
Epoch: 193/200 Train accuracy: 5.48000e-01 Validation accuracy: 5.39300e-01 Training loss 1.00830e-02 Validation loss 1.03675e-02 Time taken: 0.66 seconds 
Epoch: 194/200 Train accuracy: 5.48860e-01 Validation accuracy: 5.40900e-01 Training loss 1.00848e-02 Validation loss 1.03598e-02 Time taken: 0.73 seconds 
Epoch: 195/200 Train accuracy: 5.49200e-01 Validation accuracy: 5.38600e-01 Training loss 1.00807e-02 Validation loss 1.03615e-02 Time taken: 0.69 seconds 
Epoch: 196/200 Train accuracy: 5.49040e-01 Validation accuracy: 5.39400e-01 Training loss 1.00841e-02 Validation loss 1.03699e-02 Time taken: 0.68 seconds 
Epoch: 197/200 Train accuracy: 5.49780e-01 Validation accuracy: 5.38500e-01 Training loss 1.00787e-02 Validation loss 1.03849e-02 Time taken: 0.73 seconds 
Epoch: 198/200 Train accuracy: 5.49040e-01 Validation accuracy: 5.41100e-01 Training loss 1.00770e-02 Validation loss 1.03624e-02 Time taken: 0.66 seconds 
Epoch: 199/200 Train accuracy: 5.49420e-01 Validation accuracy: 5.39300e-01 Training loss 1.00789e-02 Validation loss 1.03619e-02 Time taken: 0.66 seconds 
Epoch: 200/200 Train accuracy: 5.49420e-01 Validation accuracy: 5.37100e-01 Training loss 1.00805e-02 Validation loss 1.03583e-02 Time taken: 0.74 seconds 
Total time taken 0:02:57.043223
Cleaning up intermediate feature (.pt) files
Done


working on file logs_PKT_chunks/iic-train-l2-seed1/jepa-iic-l2-seed1-ep500.pth.tar ...
