Directory logs_PKT_chunks/iic-train-l2-seed0/classifiers for saving the classifiers is now present
VisionTransformer(
  (patch_embed): PatchEmbed(
    (proj): Conv2d(3, 768, kernel_size=(15, 15), stride=(15, 15))
  )
  (blocks): ModuleList(
    (0-11): 12 x Block(
      (norm1): LayerNorm((768,), eps=1e-06, elementwise_affine=True)
      (attn): Attention(
        (qkv): Linear(in_features=768, out_features=2304, bias=True)
        (attn_drop): Dropout(p=0.0, inplace=False)
        (proj): Linear(in_features=768, out_features=768, bias=True)
        (proj_drop): Dropout(p=0.0, inplace=False)
      )
      (drop_path): Identity()
      (norm2): LayerNorm((768,), eps=1e-06, elementwise_affine=True)
      (mlp): MLP(
        (fc1): Linear(in_features=768, out_features=3072, bias=True)
        (act): GELU(approximate='none')
        (fc2): Linear(in_features=3072, out_features=768, bias=True)
        (drop): Dropout(p=0.0, inplace=False)
      )
    )
  )
  (norm): LayerNorm((768,), eps=1e-06, elementwise_affine=True)
)
Extracting features and saving them in memory..
Extracting features...
Epoch: 1/200 Train accuracy: 5.53513e-01 Validation accuracy: 6.39000e-01 Training loss 1.03207e-02 Validation loss 8.66622e-03 Time taken: 0.24 seconds 
Epoch: 2/200 Train accuracy: 6.78780e-01 Validation accuracy: 6.73000e-01 Training loss 7.64452e-03 Validation loss 7.47293e-03 Time taken: 0.24 seconds 
Epoch: 3/200 Train accuracy: 7.00014e-01 Validation accuracy: 7.00333e-01 Training loss 6.82749e-03 Validation loss 6.93117e-03 Time taken: 0.24 seconds 
Epoch: 4/200 Train accuracy: 7.12840e-01 Validation accuracy: 7.05333e-01 Training loss 6.41627e-03 Validation loss 6.58250e-03 Time taken: 0.24 seconds 
Epoch: 5/200 Train accuracy: 7.20322e-01 Validation accuracy: 7.16000e-01 Training loss 6.14520e-03 Validation loss 6.39857e-03 Time taken: 0.24 seconds 
Epoch: 6/200 Train accuracy: 7.26308e-01 Validation accuracy: 7.23667e-01 Training loss 5.96964e-03 Validation loss 6.20312e-03 Time taken: 0.24 seconds 
Epoch: 7/200 Train accuracy: 7.30654e-01 Validation accuracy: 7.24333e-01 Training loss 5.83658e-03 Validation loss 6.08755e-03 Time taken: 0.24 seconds 
Epoch: 8/200 Train accuracy: 7.33576e-01 Validation accuracy: 7.26667e-01 Training loss 5.72724e-03 Validation loss 6.00291e-03 Time taken: 0.23 seconds 
Epoch: 9/200 Train accuracy: 7.37138e-01 Validation accuracy: 7.34667e-01 Training loss 5.64392e-03 Validation loss 5.90505e-03 Time taken: 0.23 seconds 
Epoch: 10/200 Train accuracy: 7.40202e-01 Validation accuracy: 7.30667e-01 Training loss 5.56801e-03 Validation loss 5.85025e-03 Time taken: 0.23 seconds 
Epoch: 11/200 Train accuracy: 7.44691e-01 Validation accuracy: 7.35667e-01 Training loss 5.50906e-03 Validation loss 5.80499e-03 Time taken: 0.20 seconds 
Epoch: 12/200 Train accuracy: 7.45262e-01 Validation accuracy: 7.38000e-01 Training loss 5.45958e-03 Validation loss 5.73132e-03 Time taken: 0.22 seconds 
Epoch: 13/200 Train accuracy: 7.45475e-01 Validation accuracy: 7.39667e-01 Training loss 5.41397e-03 Validation loss 5.70169e-03 Time taken: 0.20 seconds 
Epoch: 14/200 Train accuracy: 7.47328e-01 Validation accuracy: 7.44000e-01 Training loss 5.37606e-03 Validation loss 5.64943e-03 Time taken: 0.22 seconds 
Epoch: 15/200 Train accuracy: 7.49751e-01 Validation accuracy: 7.44333e-01 Training loss 5.33332e-03 Validation loss 5.69580e-03 Time taken: 0.21 seconds 
Epoch: 16/200 Train accuracy: 7.53100e-01 Validation accuracy: 7.46000e-01 Training loss 5.30883e-03 Validation loss 5.59220e-03 Time taken: 0.22 seconds 
Epoch: 17/200 Train accuracy: 7.52316e-01 Validation accuracy: 7.44000e-01 Training loss 5.28719e-03 Validation loss 5.56353e-03 Time taken: 0.28 seconds 
Epoch: 18/200 Train accuracy: 7.54525e-01 Validation accuracy: 7.48333e-01 Training loss 5.25137e-03 Validation loss 5.52978e-03 Time taken: 0.22 seconds 
Epoch: 19/200 Train accuracy: 7.54667e-01 Validation accuracy: 7.48333e-01 Training loss 5.22921e-03 Validation loss 5.50665e-03 Time taken: 0.23 seconds 
Epoch: 20/200 Train accuracy: 7.55451e-01 Validation accuracy: 7.55000e-01 Training loss 5.21044e-03 Validation loss 5.47188e-03 Time taken: 0.24 seconds 
Epoch: 21/200 Train accuracy: 7.57375e-01 Validation accuracy: 7.58333e-01 Training loss 5.19384e-03 Validation loss 5.49843e-03 Time taken: 0.23 seconds 
Epoch: 22/200 Train accuracy: 7.58729e-01 Validation accuracy: 7.53667e-01 Training loss 5.16788e-03 Validation loss 5.43479e-03 Time taken: 0.23 seconds 
Epoch: 23/200 Train accuracy: 7.58586e-01 Validation accuracy: 7.52333e-01 Training loss 5.14426e-03 Validation loss 5.44289e-03 Time taken: 0.24 seconds 
Epoch: 24/200 Train accuracy: 7.58301e-01 Validation accuracy: 7.55333e-01 Training loss 5.14930e-03 Validation loss 5.40988e-03 Time taken: 0.24 seconds 
Epoch: 25/200 Train accuracy: 7.59085e-01 Validation accuracy: 7.54333e-01 Training loss 5.12095e-03 Validation loss 5.42414e-03 Time taken: 0.24 seconds 
Epoch: 26/200 Train accuracy: 7.62149e-01 Validation accuracy: 7.58000e-01 Training loss 5.10396e-03 Validation loss 5.38971e-03 Time taken: 0.24 seconds 
Epoch: 27/200 Train accuracy: 7.59441e-01 Validation accuracy: 7.60333e-01 Training loss 5.09427e-03 Validation loss 5.36014e-03 Time taken: 0.24 seconds 
Epoch: 28/200 Train accuracy: 7.61793e-01 Validation accuracy: 7.60667e-01 Training loss 5.07827e-03 Validation loss 5.35771e-03 Time taken: 0.23 seconds 
Epoch: 29/200 Train accuracy: 7.62862e-01 Validation accuracy: 7.63333e-01 Training loss 5.07048e-03 Validation loss 5.34649e-03 Time taken: 0.23 seconds 
Epoch: 30/200 Train accuracy: 7.64500e-01 Validation accuracy: 7.53000e-01 Training loss 5.05592e-03 Validation loss 5.35118e-03 Time taken: 0.24 seconds 
Epoch: 31/200 Train accuracy: 7.63004e-01 Validation accuracy: 7.64000e-01 Training loss 5.04438e-03 Validation loss 5.33508e-03 Time taken: 0.23 seconds 
Epoch: 32/200 Train accuracy: 7.63788e-01 Validation accuracy: 7.65667e-01 Training loss 5.03145e-03 Validation loss 5.30536e-03 Time taken: 0.23 seconds 
Epoch: 33/200 Train accuracy: 7.65427e-01 Validation accuracy: 7.63667e-01 Training loss 5.03087e-03 Validation loss 5.29388e-03 Time taken: 0.24 seconds 
Epoch: 34/200 Train accuracy: 7.65569e-01 Validation accuracy: 7.60333e-01 Training loss 5.00459e-03 Validation loss 5.28347e-03 Time taken: 0.23 seconds 
Epoch: 35/200 Train accuracy: 7.66068e-01 Validation accuracy: 7.61333e-01 Training loss 5.00548e-03 Validation loss 5.28435e-03 Time taken: 0.23 seconds 
Epoch: 36/200 Train accuracy: 7.65569e-01 Validation accuracy: 7.64333e-01 Training loss 4.99116e-03 Validation loss 5.26711e-03 Time taken: 0.25 seconds 
Epoch: 37/200 Train accuracy: 7.65997e-01 Validation accuracy: 7.66333e-01 Training loss 4.98498e-03 Validation loss 5.26981e-03 Time taken: 0.24 seconds 
Epoch: 38/200 Train accuracy: 7.65071e-01 Validation accuracy: 7.64667e-01 Training loss 4.97516e-03 Validation loss 5.25716e-03 Time taken: 0.23 seconds 
Epoch: 39/200 Train accuracy: 7.70272e-01 Validation accuracy: 7.61667e-01 Training loss 4.96346e-03 Validation loss 5.25644e-03 Time taken: 0.23 seconds 
Epoch: 40/200 Train accuracy: 7.67208e-01 Validation accuracy: 7.65333e-01 Training loss 4.95527e-03 Validation loss 5.23355e-03 Time taken: 0.24 seconds 
Epoch: 41/200 Train accuracy: 7.67921e-01 Validation accuracy: 7.63000e-01 Training loss 4.94767e-03 Validation loss 5.22150e-03 Time taken: 0.24 seconds 
Epoch: 42/200 Train accuracy: 7.69132e-01 Validation accuracy: 7.66333e-01 Training loss 4.94043e-03 Validation loss 5.21586e-03 Time taken: 0.23 seconds 
Epoch: 43/200 Train accuracy: 7.68633e-01 Validation accuracy: 7.72000e-01 Training loss 4.93319e-03 Validation loss 5.21093e-03 Time taken: 0.24 seconds 
Epoch: 44/200 Train accuracy: 7.69346e-01 Validation accuracy: 7.66667e-01 Training loss 4.92767e-03 Validation loss 5.21769e-03 Time taken: 0.24 seconds 
Epoch: 45/200 Train accuracy: 7.69916e-01 Validation accuracy: 7.69333e-01 Training loss 4.92408e-03 Validation loss 5.19806e-03 Time taken: 0.23 seconds 
Epoch: 46/200 Train accuracy: 7.70557e-01 Validation accuracy: 7.63000e-01 Training loss 4.91350e-03 Validation loss 5.19608e-03 Time taken: 0.25 seconds 
Epoch: 47/200 Train accuracy: 7.70058e-01 Validation accuracy: 7.72333e-01 Training loss 4.90241e-03 Validation loss 5.18106e-03 Time taken: 0.24 seconds 
Epoch: 48/200 Train accuracy: 7.69631e-01 Validation accuracy: 7.64667e-01 Training loss 4.90941e-03 Validation loss 5.18145e-03 Time taken: 0.24 seconds 
Epoch: 49/200 Train accuracy: 7.69916e-01 Validation accuracy: 7.67333e-01 Training loss 4.89065e-03 Validation loss 5.18379e-03 Time taken: 0.23 seconds 
Epoch: 50/200 Train accuracy: 7.71341e-01 Validation accuracy: 7.69000e-01 Training loss 4.88663e-03 Validation loss 5.19465e-03 Time taken: 0.23 seconds 
Epoch: 51/200 Train accuracy: 7.72410e-01 Validation accuracy: 7.71333e-01 Training loss 4.88686e-03 Validation loss 5.16241e-03 Time taken: 0.23 seconds 
Epoch: 52/200 Train accuracy: 7.73122e-01 Validation accuracy: 7.72333e-01 Training loss 4.87890e-03 Validation loss 5.15599e-03 Time taken: 0.24 seconds 
Epoch: 53/200 Train accuracy: 7.72909e-01 Validation accuracy: 7.74333e-01 Training loss 4.86972e-03 Validation loss 5.16278e-03 Time taken: 0.23 seconds 
Epoch: 54/200 Train accuracy: 7.72624e-01 Validation accuracy: 7.70333e-01 Training loss 4.86473e-03 Validation loss 5.14728e-03 Time taken: 0.24 seconds 
Epoch: 55/200 Train accuracy: 7.73265e-01 Validation accuracy: 7.69333e-01 Training loss 4.86139e-03 Validation loss 5.15035e-03 Time taken: 0.24 seconds 
Epoch: 56/200 Train accuracy: 7.71840e-01 Validation accuracy: 7.73667e-01 Training loss 4.85911e-03 Validation loss 5.17298e-03 Time taken: 0.23 seconds 
Epoch: 57/200 Train accuracy: 7.72339e-01 Validation accuracy: 7.74000e-01 Training loss 4.84389e-03 Validation loss 5.15052e-03 Time taken: 0.24 seconds 
Epoch: 58/200 Train accuracy: 7.74548e-01 Validation accuracy: 7.76333e-01 Training loss 4.83509e-03 Validation loss 5.13672e-03 Time taken: 0.25 seconds 
Epoch: 59/200 Train accuracy: 7.72410e-01 Validation accuracy: 7.72000e-01 Training loss 4.83728e-03 Validation loss 5.13985e-03 Time taken: 0.24 seconds 
Epoch: 60/200 Train accuracy: 7.73621e-01 Validation accuracy: 7.77333e-01 Training loss 4.83391e-03 Validation loss 5.11060e-03 Time taken: 0.24 seconds 
Epoch: 61/200 Train accuracy: 7.75118e-01 Validation accuracy: 7.75667e-01 Training loss 4.82869e-03 Validation loss 5.09495e-03 Time taken: 0.23 seconds 
Epoch: 62/200 Train accuracy: 7.73692e-01 Validation accuracy: 7.72000e-01 Training loss 4.82162e-03 Validation loss 5.12598e-03 Time taken: 0.24 seconds 
Epoch: 63/200 Train accuracy: 7.76115e-01 Validation accuracy: 7.73333e-01 Training loss 4.81627e-03 Validation loss 5.08589e-03 Time taken: 0.23 seconds 
Epoch: 64/200 Train accuracy: 7.74619e-01 Validation accuracy: 7.74667e-01 Training loss 4.81408e-03 Validation loss 5.09383e-03 Time taken: 0.23 seconds 
Epoch: 65/200 Train accuracy: 7.75616e-01 Validation accuracy: 7.79000e-01 Training loss 4.81320e-03 Validation loss 5.07409e-03 Time taken: 0.25 seconds 
Epoch: 66/200 Train accuracy: 7.76115e-01 Validation accuracy: 7.77000e-01 Training loss 4.80619e-03 Validation loss 5.07830e-03 Time taken: 0.23 seconds 
Epoch: 67/200 Train accuracy: 7.73692e-01 Validation accuracy: 7.77000e-01 Training loss 4.80054e-03 Validation loss 5.09141e-03 Time taken: 0.24 seconds 
Epoch: 68/200 Train accuracy: 7.75118e-01 Validation accuracy: 7.71667e-01 Training loss 4.79551e-03 Validation loss 5.06661e-03 Time taken: 0.29 seconds 
Epoch: 69/200 Train accuracy: 7.74476e-01 Validation accuracy: 7.72667e-01 Training loss 4.79528e-03 Validation loss 5.07560e-03 Time taken: 0.23 seconds 
Epoch: 70/200 Train accuracy: 7.75901e-01 Validation accuracy: 7.75333e-01 Training loss 4.79521e-03 Validation loss 5.06456e-03 Time taken: 0.23 seconds 
Epoch: 71/200 Train accuracy: 7.76970e-01 Validation accuracy: 7.72333e-01 Training loss 4.78488e-03 Validation loss 5.11131e-03 Time taken: 0.25 seconds 
Epoch: 72/200 Train accuracy: 7.75331e-01 Validation accuracy: 7.71333e-01 Training loss 4.78450e-03 Validation loss 5.06010e-03 Time taken: 0.23 seconds 
Epoch: 73/200 Train accuracy: 7.76756e-01 Validation accuracy: 7.76333e-01 Training loss 4.78425e-03 Validation loss 5.06108e-03 Time taken: 0.23 seconds 
Epoch: 74/200 Train accuracy: 7.77754e-01 Validation accuracy: 7.74667e-01 Training loss 4.76609e-03 Validation loss 5.05945e-03 Time taken: 0.23 seconds 
Epoch: 75/200 Train accuracy: 7.77612e-01 Validation accuracy: 7.75000e-01 Training loss 4.77004e-03 Validation loss 5.04968e-03 Time taken: 0.24 seconds 
Epoch: 76/200 Train accuracy: 7.76471e-01 Validation accuracy: 7.74333e-01 Training loss 4.76815e-03 Validation loss 5.02479e-03 Time taken: 0.23 seconds 
Epoch: 77/200 Train accuracy: 7.78324e-01 Validation accuracy: 7.79000e-01 Training loss 4.77182e-03 Validation loss 5.02256e-03 Time taken: 0.21 seconds 
Epoch: 78/200 Train accuracy: 7.77184e-01 Validation accuracy: 7.76333e-01 Training loss 4.75935e-03 Validation loss 5.01943e-03 Time taken: 0.22 seconds 
Epoch: 79/200 Train accuracy: 7.78894e-01 Validation accuracy: 7.74667e-01 Training loss 4.75095e-03 Validation loss 5.03592e-03 Time taken: 0.22 seconds 
Epoch: 80/200 Train accuracy: 7.77326e-01 Validation accuracy: 7.75333e-01 Training loss 4.75017e-03 Validation loss 5.05776e-03 Time taken: 0.21 seconds 
Epoch: 81/200 Train accuracy: 7.78253e-01 Validation accuracy: 7.76667e-01 Training loss 4.75022e-03 Validation loss 5.00273e-03 Time taken: 0.22 seconds 
Epoch: 82/200 Train accuracy: 7.78110e-01 Validation accuracy: 7.77333e-01 Training loss 4.74760e-03 Validation loss 5.01726e-03 Time taken: 0.20 seconds 
Epoch: 83/200 Train accuracy: 7.77255e-01 Validation accuracy: 7.77333e-01 Training loss 4.74136e-03 Validation loss 4.99663e-03 Time taken: 0.23 seconds 
Epoch: 84/200 Train accuracy: 7.78324e-01 Validation accuracy: 7.77333e-01 Training loss 4.74426e-03 Validation loss 5.02338e-03 Time taken: 0.22 seconds 
Epoch: 85/200 Train accuracy: 7.78538e-01 Validation accuracy: 7.81000e-01 Training loss 4.74179e-03 Validation loss 5.01582e-03 Time taken: 0.23 seconds 
Epoch: 86/200 Train accuracy: 7.79464e-01 Validation accuracy: 7.77667e-01 Training loss 4.72631e-03 Validation loss 4.99843e-03 Time taken: 0.20 seconds 
Epoch: 87/200 Train accuracy: 7.78894e-01 Validation accuracy: 7.78333e-01 Training loss 4.73183e-03 Validation loss 5.01720e-03 Time taken: 0.22 seconds 
Epoch: 88/200 Train accuracy: 7.79322e-01 Validation accuracy: 7.74000e-01 Training loss 4.73500e-03 Validation loss 5.01573e-03 Time taken: 0.22 seconds 
Epoch: 89/200 Train accuracy: 7.77968e-01 Validation accuracy: 7.78000e-01 Training loss 4.72455e-03 Validation loss 4.98124e-03 Time taken: 0.21 seconds 
Epoch: 90/200 Train accuracy: 7.78752e-01 Validation accuracy: 7.81667e-01 Training loss 4.71777e-03 Validation loss 4.99312e-03 Time taken: 0.22 seconds 
Epoch: 91/200 Train accuracy: 7.80462e-01 Validation accuracy: 7.80333e-01 Training loss 4.71668e-03 Validation loss 4.98088e-03 Time taken: 0.21 seconds 
Epoch: 92/200 Train accuracy: 7.80248e-01 Validation accuracy: 7.76667e-01 Training loss 4.71811e-03 Validation loss 5.04442e-03 Time taken: 0.23 seconds 
Epoch: 93/200 Train accuracy: 7.79037e-01 Validation accuracy: 7.79333e-01 Training loss 4.71534e-03 Validation loss 5.00384e-03 Time taken: 0.24 seconds 
Epoch: 94/200 Train accuracy: 7.80889e-01 Validation accuracy: 7.76000e-01 Training loss 4.70598e-03 Validation loss 4.97986e-03 Time taken: 0.23 seconds 
Epoch: 95/200 Train accuracy: 7.81032e-01 Validation accuracy: 7.80667e-01 Training loss 4.70818e-03 Validation loss 4.97193e-03 Time taken: 0.23 seconds 
Epoch: 96/200 Train accuracy: 7.79250e-01 Validation accuracy: 7.78667e-01 Training loss 4.71031e-03 Validation loss 4.98962e-03 Time taken: 0.23 seconds 
Epoch: 97/200 Train accuracy: 7.79108e-01 Validation accuracy: 7.79667e-01 Training loss 4.70322e-03 Validation loss 4.98521e-03 Time taken: 0.24 seconds 
Epoch: 98/200 Train accuracy: 7.80889e-01 Validation accuracy: 7.78000e-01 Training loss 4.69901e-03 Validation loss 4.95420e-03 Time taken: 0.24 seconds 
Epoch: 99/200 Train accuracy: 7.80818e-01 Validation accuracy: 7.79667e-01 Training loss 4.69370e-03 Validation loss 4.95526e-03 Time taken: 0.24 seconds 
Epoch: 100/200 Train accuracy: 7.81887e-01 Validation accuracy: 7.78000e-01 Training loss 4.69217e-03 Validation loss 4.95607e-03 Time taken: 0.25 seconds 
Epoch: 101/200 Train accuracy: 7.80034e-01 Validation accuracy: 7.78333e-01 Training loss 4.69214e-03 Validation loss 4.96875e-03 Time taken: 0.24 seconds 
Epoch: 102/200 Train accuracy: 7.80319e-01 Validation accuracy: 7.79667e-01 Training loss 4.68568e-03 Validation loss 5.03340e-03 Time taken: 0.24 seconds 
Epoch: 103/200 Train accuracy: 7.82243e-01 Validation accuracy: 7.84333e-01 Training loss 4.68569e-03 Validation loss 4.96759e-03 Time taken: 0.24 seconds 
Epoch: 104/200 Train accuracy: 7.80889e-01 Validation accuracy: 7.80667e-01 Training loss 4.68233e-03 Validation loss 4.94782e-03 Time taken: 0.25 seconds 
Epoch: 105/200 Train accuracy: 7.80889e-01 Validation accuracy: 7.78333e-01 Training loss 4.69084e-03 Validation loss 4.94239e-03 Time taken: 0.22 seconds 
Epoch: 106/200 Train accuracy: 7.81744e-01 Validation accuracy: 7.83000e-01 Training loss 4.67366e-03 Validation loss 4.95441e-03 Time taken: 0.23 seconds 
Epoch: 107/200 Train accuracy: 7.82813e-01 Validation accuracy: 7.73667e-01 Training loss 4.67236e-03 Validation loss 4.93941e-03 Time taken: 0.20 seconds 
Epoch: 108/200 Train accuracy: 7.81459e-01 Validation accuracy: 7.81667e-01 Training loss 4.66772e-03 Validation loss 4.93758e-03 Time taken: 0.22 seconds 
Epoch: 109/200 Train accuracy: 7.81103e-01 Validation accuracy: 7.80333e-01 Training loss 4.67036e-03 Validation loss 4.93532e-03 Time taken: 0.20 seconds 
Epoch: 110/200 Train accuracy: 7.82671e-01 Validation accuracy: 7.81333e-01 Training loss 4.66896e-03 Validation loss 4.92894e-03 Time taken: 0.21 seconds 
Epoch: 111/200 Train accuracy: 7.82457e-01 Validation accuracy: 7.80667e-01 Training loss 4.66598e-03 Validation loss 4.92820e-03 Time taken: 0.21 seconds 
Epoch: 112/200 Train accuracy: 7.79393e-01 Validation accuracy: 7.82333e-01 Training loss 4.66760e-03 Validation loss 4.95713e-03 Time taken: 0.20 seconds 
Epoch: 113/200 Train accuracy: 7.80604e-01 Validation accuracy: 7.79000e-01 Training loss 4.66377e-03 Validation loss 4.92799e-03 Time taken: 0.24 seconds 
Epoch: 114/200 Train accuracy: 7.81958e-01 Validation accuracy: 7.80333e-01 Training loss 4.66071e-03 Validation loss 4.91759e-03 Time taken: 0.31 seconds 
Epoch: 115/200 Train accuracy: 7.82457e-01 Validation accuracy: 7.82000e-01 Training loss 4.65564e-03 Validation loss 4.92407e-03 Time taken: 0.22 seconds 
Epoch: 116/200 Train accuracy: 7.81673e-01 Validation accuracy: 7.82333e-01 Training loss 4.65150e-03 Validation loss 4.92425e-03 Time taken: 0.24 seconds 
Epoch: 117/200 Train accuracy: 7.81816e-01 Validation accuracy: 7.81667e-01 Training loss 4.66721e-03 Validation loss 4.92840e-03 Time taken: 0.24 seconds 
Epoch: 118/200 Train accuracy: 7.83169e-01 Validation accuracy: 7.78667e-01 Training loss 4.65483e-03 Validation loss 4.96648e-03 Time taken: 0.23 seconds 
Epoch: 119/200 Train accuracy: 7.80961e-01 Validation accuracy: 7.84667e-01 Training loss 4.65789e-03 Validation loss 4.93158e-03 Time taken: 0.24 seconds 
Epoch: 120/200 Train accuracy: 7.84523e-01 Validation accuracy: 7.82333e-01 Training loss 4.64202e-03 Validation loss 4.92700e-03 Time taken: 0.24 seconds 
Epoch: 121/200 Train accuracy: 7.83169e-01 Validation accuracy: 7.80333e-01 Training loss 4.65068e-03 Validation loss 4.93773e-03 Time taken: 0.24 seconds 
Epoch: 122/200 Train accuracy: 7.82599e-01 Validation accuracy: 7.79667e-01 Training loss 4.65714e-03 Validation loss 4.91173e-03 Time taken: 0.23 seconds 
Epoch: 123/200 Train accuracy: 7.82956e-01 Validation accuracy: 7.81667e-01 Training loss 4.63973e-03 Validation loss 4.92784e-03 Time taken: 0.25 seconds 
Epoch: 124/200 Train accuracy: 7.82457e-01 Validation accuracy: 7.81667e-01 Training loss 4.63845e-03 Validation loss 4.90270e-03 Time taken: 0.24 seconds 
Epoch: 125/200 Train accuracy: 7.82671e-01 Validation accuracy: 7.82000e-01 Training loss 4.63733e-03 Validation loss 4.92206e-03 Time taken: 0.23 seconds 
Epoch: 126/200 Train accuracy: 7.83882e-01 Validation accuracy: 7.75333e-01 Training loss 4.62906e-03 Validation loss 4.90750e-03 Time taken: 0.23 seconds 
Epoch: 127/200 Train accuracy: 7.84167e-01 Validation accuracy: 7.74667e-01 Training loss 4.63727e-03 Validation loss 4.92186e-03 Time taken: 0.24 seconds 
Epoch: 128/200 Train accuracy: 7.83454e-01 Validation accuracy: 7.81667e-01 Training loss 4.63684e-03 Validation loss 4.90857e-03 Time taken: 0.23 seconds 
Epoch: 129/200 Train accuracy: 7.83668e-01 Validation accuracy: 7.82667e-01 Training loss 4.63614e-03 Validation loss 4.91944e-03 Time taken: 0.24 seconds 
Epoch: 130/200 Train accuracy: 7.84238e-01 Validation accuracy: 7.85000e-01 Training loss 4.63304e-03 Validation loss 4.91666e-03 Time taken: 0.24 seconds 
Epoch: 131/200 Train accuracy: 7.82813e-01 Validation accuracy: 7.83333e-01 Training loss 4.63203e-03 Validation loss 4.90354e-03 Time taken: 0.23 seconds 
Epoch: 132/200 Train accuracy: 7.84310e-01 Validation accuracy: 7.78000e-01 Training loss 4.62471e-03 Validation loss 4.89057e-03 Time taken: 0.24 seconds 
Epoch: 133/200 Train accuracy: 7.83098e-01 Validation accuracy: 7.82667e-01 Training loss 4.63271e-03 Validation loss 4.88212e-03 Time taken: 0.28 seconds 
Epoch: 134/200 Train accuracy: 7.84167e-01 Validation accuracy: 7.82667e-01 Training loss 4.62078e-03 Validation loss 4.89873e-03 Time taken: 0.23 seconds 
Epoch: 135/200 Train accuracy: 7.86233e-01 Validation accuracy: 7.81000e-01 Training loss 4.62892e-03 Validation loss 4.88276e-03 Time taken: 0.22 seconds 
Epoch: 136/200 Train accuracy: 7.84808e-01 Validation accuracy: 7.79667e-01 Training loss 4.61815e-03 Validation loss 4.93259e-03 Time taken: 0.21 seconds 
Epoch: 137/200 Train accuracy: 7.84096e-01 Validation accuracy: 7.82667e-01 Training loss 4.61625e-03 Validation loss 4.90362e-03 Time taken: 0.24 seconds 
Epoch: 138/200 Train accuracy: 7.83882e-01 Validation accuracy: 7.83333e-01 Training loss 4.62009e-03 Validation loss 4.90698e-03 Time taken: 0.24 seconds 
Epoch: 139/200 Train accuracy: 7.84880e-01 Validation accuracy: 7.82000e-01 Training loss 4.61236e-03 Validation loss 4.88477e-03 Time taken: 0.23 seconds 
Epoch: 140/200 Train accuracy: 7.85450e-01 Validation accuracy: 7.84667e-01 Training loss 4.61022e-03 Validation loss 4.88563e-03 Time taken: 0.24 seconds 
Epoch: 141/200 Train accuracy: 7.82742e-01 Validation accuracy: 7.85333e-01 Training loss 4.61306e-03 Validation loss 4.88871e-03 Time taken: 0.23 seconds 
Epoch: 142/200 Train accuracy: 7.84310e-01 Validation accuracy: 7.83667e-01 Training loss 4.60779e-03 Validation loss 4.86408e-03 Time taken: 0.23 seconds 
Epoch: 143/200 Train accuracy: 7.85663e-01 Validation accuracy: 7.78667e-01 Training loss 4.60568e-03 Validation loss 4.87422e-03 Time taken: 0.36 seconds 
Epoch: 144/200 Train accuracy: 7.85592e-01 Validation accuracy: 7.81333e-01 Training loss 4.61361e-03 Validation loss 4.85951e-03 Time taken: 0.23 seconds 
Epoch: 145/200 Train accuracy: 7.85663e-01 Validation accuracy: 7.82667e-01 Training loss 4.60175e-03 Validation loss 4.88482e-03 Time taken: 0.23 seconds 
Epoch: 146/200 Train accuracy: 7.83383e-01 Validation accuracy: 7.80333e-01 Training loss 4.60208e-03 Validation loss 4.86922e-03 Time taken: 0.23 seconds 
Epoch: 147/200 Train accuracy: 7.85948e-01 Validation accuracy: 7.84333e-01 Training loss 4.60182e-03 Validation loss 4.85474e-03 Time taken: 0.24 seconds 
Epoch: 148/200 Train accuracy: 7.84310e-01 Validation accuracy: 7.83000e-01 Training loss 4.59881e-03 Validation loss 4.89572e-03 Time taken: 0.25 seconds 
Epoch: 149/200 Train accuracy: 7.85165e-01 Validation accuracy: 7.80333e-01 Training loss 4.60045e-03 Validation loss 4.87174e-03 Time taken: 0.26 seconds 
Epoch: 150/200 Train accuracy: 7.85521e-01 Validation accuracy: 7.83000e-01 Training loss 4.59050e-03 Validation loss 4.86233e-03 Time taken: 0.27 seconds 
Epoch: 151/200 Train accuracy: 7.84310e-01 Validation accuracy: 7.84667e-01 Training loss 4.59142e-03 Validation loss 4.86867e-03 Time taken: 0.25 seconds 
Epoch: 152/200 Train accuracy: 7.86305e-01 Validation accuracy: 7.81333e-01 Training loss 4.59409e-03 Validation loss 4.85802e-03 Time taken: 0.28 seconds 
Epoch: 153/200 Train accuracy: 7.85378e-01 Validation accuracy: 7.84000e-01 Training loss 4.59424e-03 Validation loss 4.87010e-03 Time taken: 0.21 seconds 
Epoch: 154/200 Train accuracy: 7.86020e-01 Validation accuracy: 7.83000e-01 Training loss 4.58933e-03 Validation loss 4.86085e-03 Time taken: 0.21 seconds 
Epoch: 155/200 Train accuracy: 7.86305e-01 Validation accuracy: 7.83667e-01 Training loss 4.58699e-03 Validation loss 4.85112e-03 Time taken: 0.23 seconds 
Epoch: 156/200 Train accuracy: 7.84595e-01 Validation accuracy: 7.84667e-01 Training loss 4.59615e-03 Validation loss 4.86561e-03 Time taken: 0.20 seconds 
Epoch: 157/200 Train accuracy: 7.84595e-01 Validation accuracy: 7.85000e-01 Training loss 4.58926e-03 Validation loss 4.90001e-03 Time taken: 0.24 seconds 
Epoch: 158/200 Train accuracy: 7.84737e-01 Validation accuracy: 7.83000e-01 Training loss 4.59302e-03 Validation loss 4.86841e-03 Time taken: 0.22 seconds 
Epoch: 159/200 Train accuracy: 7.84025e-01 Validation accuracy: 7.81333e-01 Training loss 4.58468e-03 Validation loss 4.85304e-03 Time taken: 0.24 seconds 
Epoch: 160/200 Train accuracy: 7.86020e-01 Validation accuracy: 7.84000e-01 Training loss 4.58530e-03 Validation loss 4.85793e-03 Time taken: 0.24 seconds 
Epoch: 161/200 Train accuracy: 7.86875e-01 Validation accuracy: 7.85333e-01 Training loss 4.57588e-03 Validation loss 4.86246e-03 Time taken: 0.30 seconds 
Epoch: 162/200 Train accuracy: 7.86875e-01 Validation accuracy: 7.82667e-01 Training loss 4.58052e-03 Validation loss 4.83572e-03 Time taken: 0.26 seconds 
Epoch: 163/200 Train accuracy: 7.85592e-01 Validation accuracy: 7.87000e-01 Training loss 4.57670e-03 Validation loss 4.86850e-03 Time taken: 0.24 seconds 
Epoch: 164/200 Train accuracy: 7.85236e-01 Validation accuracy: 7.86333e-01 Training loss 4.58154e-03 Validation loss 4.84340e-03 Time taken: 0.24 seconds 
Epoch: 165/200 Train accuracy: 7.85735e-01 Validation accuracy: 7.83667e-01 Training loss 4.57879e-03 Validation loss 4.83883e-03 Time taken: 0.24 seconds 
Epoch: 166/200 Train accuracy: 7.86305e-01 Validation accuracy: 7.83333e-01 Training loss 4.57574e-03 Validation loss 4.85428e-03 Time taken: 0.24 seconds 
Epoch: 167/200 Train accuracy: 7.85663e-01 Validation accuracy: 7.82667e-01 Training loss 4.58657e-03 Validation loss 4.84126e-03 Time taken: 0.25 seconds 
Epoch: 168/200 Train accuracy: 7.85378e-01 Validation accuracy: 7.83333e-01 Training loss 4.57478e-03 Validation loss 4.83044e-03 Time taken: 0.24 seconds 
Epoch: 169/200 Train accuracy: 7.87801e-01 Validation accuracy: 7.83667e-01 Training loss 4.57460e-03 Validation loss 4.83949e-03 Time taken: 0.25 seconds 
Epoch: 170/200 Train accuracy: 7.86233e-01 Validation accuracy: 7.81000e-01 Training loss 4.56819e-03 Validation loss 4.84376e-03 Time taken: 0.53 seconds 
Epoch: 171/200 Train accuracy: 7.84523e-01 Validation accuracy: 7.87000e-01 Training loss 4.56806e-03 Validation loss 4.86933e-03 Time taken: 0.29 seconds 
Epoch: 172/200 Train accuracy: 7.85165e-01 Validation accuracy: 7.83000e-01 Training loss 4.57196e-03 Validation loss 4.85929e-03 Time taken: 0.30 seconds 
Epoch: 173/200 Train accuracy: 7.88799e-01 Validation accuracy: 7.81333e-01 Training loss 4.56449e-03 Validation loss 4.83611e-03 Time taken: 0.30 seconds 
Epoch: 174/200 Train accuracy: 7.87872e-01 Validation accuracy: 7.80333e-01 Training loss 4.56611e-03 Validation loss 4.85063e-03 Time taken: 0.30 seconds 
Epoch: 175/200 Train accuracy: 7.87944e-01 Validation accuracy: 7.80000e-01 Training loss 4.56272e-03 Validation loss 4.83888e-03 Time taken: 0.27 seconds 
Epoch: 176/200 Train accuracy: 7.86305e-01 Validation accuracy: 7.82333e-01 Training loss 4.56110e-03 Validation loss 4.85081e-03 Time taken: 0.24 seconds 
Epoch: 177/200 Train accuracy: 7.86162e-01 Validation accuracy: 7.84000e-01 Training loss 4.55837e-03 Validation loss 4.83117e-03 Time taken: 0.27 seconds 
Epoch: 178/200 Train accuracy: 7.86590e-01 Validation accuracy: 7.82667e-01 Training loss 4.56374e-03 Validation loss 4.80969e-03 Time taken: 0.31 seconds 
Epoch: 179/200 Train accuracy: 7.88086e-01 Validation accuracy: 7.83000e-01 Training loss 4.56265e-03 Validation loss 4.82550e-03 Time taken: 0.26 seconds 
Epoch: 180/200 Train accuracy: 7.87659e-01 Validation accuracy: 7.83333e-01 Training loss 4.55584e-03 Validation loss 4.81915e-03 Time taken: 0.24 seconds 
Epoch: 181/200 Train accuracy: 7.86732e-01 Validation accuracy: 7.85000e-01 Training loss 4.56105e-03 Validation loss 4.81413e-03 Time taken: 0.24 seconds 
Epoch: 182/200 Train accuracy: 7.88371e-01 Validation accuracy: 7.84333e-01 Training loss 4.55495e-03 Validation loss 4.82906e-03 Time taken: 0.24 seconds 
Epoch: 183/200 Train accuracy: 7.87659e-01 Validation accuracy: 7.79000e-01 Training loss 4.55234e-03 Validation loss 4.88817e-03 Time taken: 0.24 seconds 
Epoch: 184/200 Train accuracy: 7.85165e-01 Validation accuracy: 7.86000e-01 Training loss 4.56249e-03 Validation loss 4.81386e-03 Time taken: 0.24 seconds 
Epoch: 185/200 Train accuracy: 7.86590e-01 Validation accuracy: 7.83000e-01 Training loss 4.54875e-03 Validation loss 4.81960e-03 Time taken: 0.24 seconds 
Epoch: 186/200 Train accuracy: 7.87445e-01 Validation accuracy: 7.85000e-01 Training loss 4.55278e-03 Validation loss 4.84021e-03 Time taken: 0.24 seconds 
Epoch: 187/200 Train accuracy: 7.86590e-01 Validation accuracy: 7.83000e-01 Training loss 4.54990e-03 Validation loss 4.82431e-03 Time taken: 0.33 seconds 
Epoch: 188/200 Train accuracy: 7.87801e-01 Validation accuracy: 7.83000e-01 Training loss 4.54930e-03 Validation loss 4.83669e-03 Time taken: 0.24 seconds 
Epoch: 189/200 Train accuracy: 7.86590e-01 Validation accuracy: 7.85667e-01 Training loss 4.55004e-03 Validation loss 4.81107e-03 Time taken: 0.23 seconds 
Epoch: 190/200 Train accuracy: 7.88157e-01 Validation accuracy: 7.83333e-01 Training loss 4.53984e-03 Validation loss 4.81402e-03 Time taken: 0.23 seconds 
Epoch: 191/200 Train accuracy: 7.86162e-01 Validation accuracy: 7.86333e-01 Training loss 4.54493e-03 Validation loss 4.82959e-03 Time taken: 0.25 seconds 
Epoch: 192/200 Train accuracy: 7.87231e-01 Validation accuracy: 7.85333e-01 Training loss 4.54015e-03 Validation loss 4.81812e-03 Time taken: 0.23 seconds 
Epoch: 193/200 Train accuracy: 7.89867e-01 Validation accuracy: 7.83000e-01 Training loss 4.54709e-03 Validation loss 4.83509e-03 Time taken: 0.24 seconds 
Epoch: 194/200 Train accuracy: 7.88371e-01 Validation accuracy: 7.83667e-01 Training loss 4.53342e-03 Validation loss 4.83399e-03 Time taken: 0.23 seconds 
Epoch: 195/200 Train accuracy: 7.88870e-01 Validation accuracy: 7.84333e-01 Training loss 4.54006e-03 Validation loss 4.80562e-03 Time taken: 0.26 seconds 
Epoch: 196/200 Train accuracy: 7.88300e-01 Validation accuracy: 7.83000e-01 Training loss 4.53304e-03 Validation loss 4.79096e-03 Time taken: 0.37 seconds 
Epoch: 197/200 Train accuracy: 7.86233e-01 Validation accuracy: 7.82333e-01 Training loss 4.54249e-03 Validation loss 4.81104e-03 Time taken: 0.25 seconds 
Epoch: 198/200 Train accuracy: 7.89440e-01 Validation accuracy: 7.85000e-01 Training loss 4.53980e-03 Validation loss 4.83020e-03 Time taken: 0.24 seconds 
Epoch: 199/200 Train accuracy: 7.88442e-01 Validation accuracy: 7.84000e-01 Training loss 4.53217e-03 Validation loss 4.82236e-03 Time taken: 0.24 seconds 
Epoch: 200/200 Train accuracy: 7.88514e-01 Validation accuracy: 7.86333e-01 Training loss 4.53689e-03 Validation loss 4.83533e-03 Time taken: 0.24 seconds 
Total time taken 0:00:48.341938
Cleaning up intermediate feature (.pt) files
Done


working on file logs_PKT_chunks/iic-train-l2-seed2/jepa-iic-l2-seed2-ep500.pth.tar ...
