nohup: ignoring input
INFO:root:VisionTransformer(
  (patch_embed): PatchEmbed(
    (proj): Conv2d(3, 768, kernel_size=(15, 15), stride=(15, 15))
  )
  (blocks): ModuleList(
    (0-11): 12 x Block(
      (norm1): LayerNorm((768,), eps=1e-06, elementwise_affine=True)
      (attn): Attention(
        (qkv): Linear(in_features=768, out_features=2304, bias=True)
        (attn_drop): Dropout(p=0.0, inplace=False)
        (proj): Linear(in_features=768, out_features=768, bias=True)
        (proj_drop): Dropout(p=0.0, inplace=False)
      )
      (drop_path): Identity()
      (norm2): LayerNorm((768,), eps=1e-06, elementwise_affine=True)
      (mlp): MLP(
        (fc1): Linear(in_features=768, out_features=3072, bias=True)
        (act): GELU(approximate='none')
        (fc2): Linear(in_features=3072, out_features=768, bias=True)
        (drop): Dropout(p=0.0, inplace=False)
      )
    )
  )
  (norm): LayerNorm((768,), eps=1e-06, elementwise_affine=True)
)
Epoch: 1/200 Train accuracy: 3.174434e-01 Validation accuracy: 5.030000e-01 Loss 1.368512e-02 Time taken: 0:00:49.024935
Epoch: 2/200 Train accuracy: 5.277897e-01 Validation accuracy: 5.350000e-01 Loss 1.295714e-02 Time taken: 0:00:47.267359
Epoch: 3/200 Train accuracy: 5.450335e-01 Validation accuracy: 5.463333e-01 Loss 1.252281e-02 Time taken: 0:00:50.874697
Epoch: 4/200 Train accuracy: 5.631324e-01 Validation accuracy: 5.856667e-01 Loss 1.222918e-02 Time taken: 0:00:50.143963
Epoch: 5/200 Train accuracy: 6.245547e-01 Validation accuracy: 6.543333e-01 Loss 1.195263e-02 Time taken: 0:00:50.368233
Epoch: 6/200 Train accuracy: 6.682343e-01 Validation accuracy: 6.736667e-01 Loss 1.171947e-02 Time taken: 0:00:50.013372
Epoch: 7/200 Train accuracy: 6.856206e-01 Validation accuracy: 6.863333e-01 Loss 1.153699e-02 Time taken: 0:00:50.225590
Epoch: 8/200 Train accuracy: 6.991592e-01 Validation accuracy: 6.940000e-01 Loss 1.139292e-02 Time taken: 0:00:50.054748
Epoch: 9/200 Train accuracy: 7.033633e-01 Validation accuracy: 7.023333e-01 Loss 1.127624e-02 Time taken: 0:00:50.075109
Epoch: 10/200 Train accuracy: 7.090637e-01 Validation accuracy: 7.010000e-01 Loss 1.118168e-02 Time taken: 0:00:50.056527
Epoch: 11/200 Train accuracy: 7.135528e-01 Validation accuracy: 7.036667e-01 Loss 1.110540e-02 Time taken: 0:00:50.579629
Epoch: 12/200 Train accuracy: 7.152629e-01 Validation accuracy: 7.093333e-01 Loss 1.103662e-02 Time taken: 0:00:50.343554
Epoch: 13/200 Train accuracy: 7.176144e-01 Validation accuracy: 7.140000e-01 Loss 1.097580e-02 Time taken: 0:00:50.514520
Epoch: 14/200 Train accuracy: 7.205358e-01 Validation accuracy: 7.140000e-01 Loss 1.092627e-02 Time taken: 0:00:50.456129
Epoch: 15/200 Train accuracy: 7.219610e-01 Validation accuracy: 7.186667e-01 Loss 1.088207e-02 Time taken: 0:00:51.219001
Epoch: 16/200 Train accuracy: 7.240986e-01 Validation accuracy: 7.200000e-01 Loss 1.083879e-02 Time taken: 0:00:50.393517
Epoch: 17/200 Train accuracy: 7.258800e-01 Validation accuracy: 7.226667e-01 Loss 1.080204e-02 Time taken: 0:00:50.518228
Epoch: 18/200 Train accuracy: 7.280177e-01 Validation accuracy: 7.243333e-01 Loss 1.076836e-02 Time taken: 0:00:50.107312
Epoch: 19/200 Train accuracy: 7.290865e-01 Validation accuracy: 7.256667e-01 Loss 1.073750e-02 Time taken: 0:00:49.715878
Epoch: 20/200 Train accuracy: 7.305116e-01 Validation accuracy: 7.276667e-01 Loss 1.071057e-02 Time taken: 0:00:50.890037
Epoch: 21/200 Train accuracy: 7.307966e-01 Validation accuracy: 7.273333e-01 Loss 1.068304e-02 Time taken: 0:00:50.597496
Epoch: 22/200 Train accuracy: 7.317942e-01 Validation accuracy: 7.283333e-01 Loss 1.066070e-02 Time taken: 0:00:50.188617
Epoch: 23/200 Train accuracy: 7.325780e-01 Validation accuracy: 7.286667e-01 Loss 1.063626e-02 Time taken: 0:00:50.540485
Epoch: 24/200 Train accuracy: 7.340031e-01 Validation accuracy: 7.296667e-01 Loss 1.061630e-02 Time taken: 0:00:50.373774
Epoch: 25/200 Train accuracy: 7.348582e-01 Validation accuracy: 7.316667e-01 Loss 1.059684e-02 Time taken: 0:00:50.255035
Epoch: 26/200 Train accuracy: 7.365683e-01 Validation accuracy: 7.333333e-01 Loss 1.057846e-02 Time taken: 0:00:50.029167
Epoch: 27/200 Train accuracy: 7.363546e-01 Validation accuracy: 7.326667e-01 Loss 1.056178e-02 Time taken: 0:00:50.611179
Epoch: 28/200 Train accuracy: 7.372096e-01 Validation accuracy: 7.330000e-01 Loss 1.054615e-02 Time taken: 0:00:50.424084
Epoch: 29/200 Train accuracy: 7.395611e-01 Validation accuracy: 7.363333e-01 Loss 1.053038e-02 Time taken: 0:00:50.324569
Epoch: 30/200 Train accuracy: 7.404161e-01 Validation accuracy: 7.360000e-01 Loss 1.051584e-02 Time taken: 0:00:50.620986
Epoch: 31/200 Train accuracy: 7.409862e-01 Validation accuracy: 7.396667e-01 Loss 1.050097e-02 Time taken: 0:00:50.215026
Epoch: 32/200 Train accuracy: 7.410574e-01 Validation accuracy: 7.390000e-01 Loss 1.048802e-02 Time taken: 0:00:50.159819
Epoch: 33/200 Train accuracy: 7.426251e-01 Validation accuracy: 7.393333e-01 Loss 1.047823e-02 Time taken: 0:00:50.460288
Epoch: 34/200 Train accuracy: 7.437651e-01 Validation accuracy: 7.410000e-01 Loss 1.046442e-02 Time taken: 0:00:50.230591
Epoch: 35/200 Train accuracy: 7.437651e-01 Validation accuracy: 7.403333e-01 Loss 1.045286e-02 Time taken: 0:00:49.939733
Epoch: 36/200 Train accuracy: 7.438364e-01 Validation accuracy: 7.413333e-01 Loss 1.044326e-02 Time taken: 0:00:51.053771
Epoch: 37/200 Train accuracy: 7.455465e-01 Validation accuracy: 7.433333e-01 Loss 1.043179e-02 Time taken: 0:00:50.241564
Epoch: 38/200 Train accuracy: 7.451903e-01 Validation accuracy: 7.443333e-01 Loss 1.042112e-02 Time taken: 0:00:50.642619
Epoch: 39/200 Train accuracy: 7.456178e-01 Validation accuracy: 7.433333e-01 Loss 1.041221e-02 Time taken: 0:00:50.249757
Epoch: 40/200 Train accuracy: 7.466866e-01 Validation accuracy: 7.453333e-01 Loss 1.040588e-02 Time taken: 0:00:50.827459
Epoch: 41/200 Train accuracy: 7.464016e-01 Validation accuracy: 7.446667e-01 Loss 1.039432e-02 Time taken: 0:00:51.019250
Epoch: 42/200 Train accuracy: 7.475417e-01 Validation accuracy: 7.430000e-01 Loss 1.038682e-02 Time taken: 0:00:50.661936
Epoch: 43/200 Train accuracy: 7.480405e-01 Validation accuracy: 7.463333e-01 Loss 1.037841e-02 Time taken: 0:00:50.275825
Epoch: 44/200 Train accuracy: 7.487530e-01 Validation accuracy: 7.450000e-01 Loss 1.036894e-02 Time taken: 0:00:49.844788
Epoch: 45/200 Train accuracy: 7.487530e-01 Validation accuracy: 7.476667e-01 Loss 1.036355e-02 Time taken: 0:00:50.093423
Epoch: 46/200 Train accuracy: 7.483255e-01 Validation accuracy: 7.463333e-01 Loss 1.035474e-02 Time taken: 0:00:49.936937
Epoch: 47/200 Train accuracy: 7.498931e-01 Validation accuracy: 7.493333e-01 Loss 1.035111e-02 Time taken: 0:00:50.256427
Epoch: 48/200 Train accuracy: 7.495368e-01 Validation accuracy: 7.486667e-01 Loss 1.034327e-02 Time taken: 0:00:50.270813
Epoch: 49/200 Train accuracy: 7.503206e-01 Validation accuracy: 7.473333e-01 Loss 1.033398e-02 Time taken: 0:00:50.864721
Epoch: 50/200 Train accuracy: 7.515320e-01 Validation accuracy: 7.486667e-01 Loss 1.032914e-02 Time taken: 0:00:50.203357
Epoch: 51/200 Train accuracy: 7.510332e-01 Validation accuracy: 7.490000e-01 Loss 1.032228e-02 Time taken: 0:00:49.987553
Epoch: 52/200 Train accuracy: 7.510332e-01 Validation accuracy: 7.506667e-01 Loss 1.031768e-02 Time taken: 0:00:50.257521
Epoch: 53/200 Train accuracy: 7.511757e-01 Validation accuracy: 7.510000e-01 Loss 1.031118e-02 Time taken: 0:00:50.245511
Epoch: 54/200 Train accuracy: 7.530284e-01 Validation accuracy: 7.513333e-01 Loss 1.030304e-02 Time taken: 0:00:49.943958
Epoch: 55/200 Train accuracy: 7.532421e-01 Validation accuracy: 7.506667e-01 Loss 1.030058e-02 Time taken: 0:00:50.098388
Epoch: 56/200 Train accuracy: 7.540259e-01 Validation accuracy: 7.500000e-01 Loss 1.029632e-02 Time taken: 0:00:50.566346
Epoch: 57/200 Train accuracy: 7.528146e-01 Validation accuracy: 7.513333e-01 Loss 1.028961e-02 Time taken: 0:00:50.400093
Epoch: 58/200 Train accuracy: 7.552373e-01 Validation accuracy: 7.496667e-01 Loss 1.028401e-02 Time taken: 0:00:50.327150
Epoch: 59/200 Train accuracy: 7.528858e-01 Validation accuracy: 7.510000e-01 Loss 1.028149e-02 Time taken: 0:00:50.249850
Epoch: 60/200 Train accuracy: 7.553798e-01 Validation accuracy: 7.523333e-01 Loss 1.027764e-02 Time taken: 0:00:50.426244
Epoch: 61/200 Train accuracy: 7.549523e-01 Validation accuracy: 7.500000e-01 Loss 1.027242e-02 Time taken: 0:00:50.019498
Epoch: 62/200 Train accuracy: 7.552373e-01 Validation accuracy: 7.516667e-01 Loss 1.026798e-02 Time taken: 0:00:50.554162
Epoch: 63/200 Train accuracy: 7.555936e-01 Validation accuracy: 7.516667e-01 Loss 1.026174e-02 Time taken: 0:00:50.642094
Epoch: 64/200 Train accuracy: 7.553798e-01 Validation accuracy: 7.516667e-01 Loss 1.025880e-02 Time taken: 0:00:50.522783
Epoch: 65/200 Train accuracy: 7.550948e-01 Validation accuracy: 7.516667e-01 Loss 1.025364e-02 Time taken: 0:00:50.583036
Epoch: 66/200 Train accuracy: 7.559498e-01 Validation accuracy: 7.533333e-01 Loss 1.024941e-02 Time taken: 0:00:50.186839
Epoch: 67/200 Train accuracy: 7.561636e-01 Validation accuracy: 7.513333e-01 Loss 1.024589e-02 Time taken: 0:00:50.815805
Epoch: 68/200 Train accuracy: 7.565199e-01 Validation accuracy: 7.543333e-01 Loss 1.024208e-02 Time taken: 0:00:50.269947
Epoch: 69/200 Train accuracy: 7.571612e-01 Validation accuracy: 7.516667e-01 Loss 1.023895e-02 Time taken: 0:00:50.328654
Epoch: 70/200 Train accuracy: 7.573749e-01 Validation accuracy: 7.523333e-01 Loss 1.023591e-02 Time taken: 0:00:49.852998
Epoch: 71/200 Train accuracy: 7.563774e-01 Validation accuracy: 7.523333e-01 Loss 1.023093e-02 Time taken: 0:00:50.122234
Epoch: 72/200 Train accuracy: 7.578737e-01 Validation accuracy: 7.536667e-01 Loss 1.022668e-02 Time taken: 0:00:50.550066
Epoch: 73/200 Train accuracy: 7.582300e-01 Validation accuracy: 7.543333e-01 Loss 1.022500e-02 Time taken: 0:00:50.075118
Epoch: 74/200 Train accuracy: 7.578737e-01 Validation accuracy: 7.543333e-01 Loss 1.022091e-02 Time taken: 0:00:50.190649
Epoch: 75/200 Train accuracy: 7.590138e-01 Validation accuracy: 7.560000e-01 Loss 1.021786e-02 Time taken: 0:00:50.234944
Epoch: 76/200 Train accuracy: 7.586575e-01 Validation accuracy: 7.513333e-01 Loss 1.021512e-02 Time taken: 0:00:50.216388
Epoch: 77/200 Train accuracy: 7.583013e-01 Validation accuracy: 7.526667e-01 Loss 1.021158e-02 Time taken: 0:00:51.095590
Epoch: 78/200 Train accuracy: 7.595839e-01 Validation accuracy: 7.560000e-01 Loss 1.020841e-02 Time taken: 0:00:50.487985
Epoch: 79/200 Train accuracy: 7.590851e-01 Validation accuracy: 7.580000e-01 Loss 1.020476e-02 Time taken: 0:00:50.240522
Epoch: 80/200 Train accuracy: 7.597264e-01 Validation accuracy: 7.580000e-01 Loss 1.020245e-02 Time taken: 0:00:50.747525
Epoch: 81/200 Train accuracy: 7.584438e-01 Validation accuracy: 7.563333e-01 Loss 1.020038e-02 Time taken: 0:00:50.395304
Epoch: 82/200 Train accuracy: 7.602252e-01 Validation accuracy: 7.560000e-01 Loss 1.019572e-02 Time taken: 0:00:50.140811
Epoch: 83/200 Train accuracy: 7.605814e-01 Validation accuracy: 7.576667e-01 Loss 1.019341e-02 Time taken: 0:00:50.603386
Epoch: 84/200 Train accuracy: 7.593701e-01 Validation accuracy: 7.590000e-01 Loss 1.019175e-02 Time taken: 0:00:51.023918
Epoch: 85/200 Train accuracy: 7.607952e-01 Validation accuracy: 7.560000e-01 Loss 1.018777e-02 Time taken: 0:00:50.383276
Epoch: 86/200 Train accuracy: 7.607952e-01 Validation accuracy: 7.583333e-01 Loss 1.018512e-02 Time taken: 0:00:50.230433
Epoch: 87/200 Train accuracy: 7.601539e-01 Validation accuracy: 7.563333e-01 Loss 1.018312e-02 Time taken: 0:00:50.474688
Epoch: 88/200 Train accuracy: 7.610090e-01 Validation accuracy: 7.580000e-01 Loss 1.018111e-02 Time taken: 0:00:50.311962
Epoch: 89/200 Train accuracy: 7.610090e-01 Validation accuracy: 7.576667e-01 Loss 1.017674e-02 Time taken: 0:00:49.849445
Epoch: 90/200 Train accuracy: 7.612227e-01 Validation accuracy: 7.583333e-01 Loss 1.017679e-02 Time taken: 0:00:49.872382
Epoch: 91/200 Train accuracy: 7.615790e-01 Validation accuracy: 7.600000e-01 Loss 1.017490e-02 Time taken: 0:00:50.819571
Epoch: 92/200 Train accuracy: 7.616503e-01 Validation accuracy: 7.573333e-01 Loss 1.017202e-02 Time taken: 0:00:50.501075
Epoch: 93/200 Train accuracy: 7.620778e-01 Validation accuracy: 7.600000e-01 Loss 1.017080e-02 Time taken: 0:00:50.110737
Epoch: 94/200 Train accuracy: 7.624341e-01 Validation accuracy: 7.600000e-01 Loss 1.016445e-02 Time taken: 0:00:50.506881
Epoch: 95/200 Train accuracy: 7.625053e-01 Validation accuracy: 7.590000e-01 Loss 1.016278e-02 Time taken: 0:00:50.370949
Epoch: 96/200 Train accuracy: 7.619353e-01 Validation accuracy: 7.570000e-01 Loss 1.016110e-02 Time taken: 0:00:50.075560
Epoch: 97/200 Train accuracy: 7.639305e-01 Validation accuracy: 7.596667e-01 Loss 1.015964e-02 Time taken: 0:00:50.488171
Epoch: 98/200 Train accuracy: 7.631466e-01 Validation accuracy: 7.623333e-01 Loss 1.015821e-02 Time taken: 0:00:50.483105
Epoch: 99/200 Train accuracy: 7.630754e-01 Validation accuracy: 7.590000e-01 Loss 1.015518e-02 Time taken: 0:00:50.392732
Epoch: 100/200 Train accuracy: 7.632179e-01 Validation accuracy: 7.606667e-01 Loss 1.015420e-02 Time taken: 0:00:51.229281
Epoch: 101/200 Train accuracy: 7.643580e-01 Validation accuracy: 7.576667e-01 Loss 1.015112e-02 Time taken: 0:00:49.910436
Epoch: 102/200 Train accuracy: 7.645005e-01 Validation accuracy: 7.606667e-01 Loss 1.014788e-02 Time taken: 0:00:49.858343
Epoch: 103/200 Train accuracy: 7.642155e-01 Validation accuracy: 7.600000e-01 Loss 1.014825e-02 Time taken: 0:00:50.242772
Epoch: 104/200 Train accuracy: 7.651418e-01 Validation accuracy: 7.620000e-01 Loss 1.014555e-02 Time taken: 0:00:50.186041
Epoch: 105/200 Train accuracy: 7.656406e-01 Validation accuracy: 7.616667e-01 Loss 1.014397e-02 Time taken: 0:00:49.842071
Epoch: 106/200 Train accuracy: 7.635742e-01 Validation accuracy: 7.630000e-01 Loss 1.014116e-02 Time taken: 0:00:50.554170
Epoch: 107/200 Train accuracy: 7.655693e-01 Validation accuracy: 7.603333e-01 Loss 1.014099e-02 Time taken: 0:00:50.119884
Epoch: 108/200 Train accuracy: 7.666382e-01 Validation accuracy: 7.616667e-01 Loss 1.013597e-02 Time taken: 0:00:50.079102
Epoch: 109/200 Train accuracy: 7.662106e-01 Validation accuracy: 7.600000e-01 Loss 1.013416e-02 Time taken: 0:00:50.351617
Epoch: 110/200 Train accuracy: 7.649280e-01 Validation accuracy: 7.643333e-01 Loss 1.013325e-02 Time taken: 0:00:51.125762
Epoch: 111/200 Train accuracy: 7.661394e-01 Validation accuracy: 7.616667e-01 Loss 1.013348e-02 Time taken: 0:00:50.158623
Epoch: 112/200 Train accuracy: 7.659969e-01 Validation accuracy: 7.563333e-01 Loss 1.013020e-02 Time taken: 0:00:50.714929
Epoch: 113/200 Train accuracy: 7.653556e-01 Validation accuracy: 7.606667e-01 Loss 1.013105e-02 Time taken: 0:00:50.004145
Epoch: 114/200 Train accuracy: 7.667807e-01 Validation accuracy: 7.620000e-01 Loss 1.012621e-02 Time taken: 0:00:50.461468
Epoch: 115/200 Train accuracy: 7.662106e-01 Validation accuracy: 7.593333e-01 Loss 1.012514e-02 Time taken: 0:00:50.039618
Epoch: 116/200 Train accuracy: 7.660681e-01 Validation accuracy: 7.613333e-01 Loss 1.012319e-02 Time taken: 0:00:50.813338
Epoch: 117/200 Train accuracy: 7.666382e-01 Validation accuracy: 7.606667e-01 Loss 1.012224e-02 Time taken: 0:00:50.454379
Epoch: 118/200 Train accuracy: 7.657118e-01 Validation accuracy: 7.613333e-01 Loss 1.011945e-02 Time taken: 0:00:49.964189
Epoch: 119/200 Train accuracy: 7.659969e-01 Validation accuracy: 7.626667e-01 Loss 1.011954e-02 Time taken: 0:00:50.265099
Epoch: 120/200 Train accuracy: 7.662819e-01 Validation accuracy: 7.610000e-01 Loss 1.011852e-02 Time taken: 0:00:50.450713
Epoch: 121/200 Train accuracy: 7.664957e-01 Validation accuracy: 7.626667e-01 Loss 1.011590e-02 Time taken: 0:00:50.454582
Epoch: 122/200 Train accuracy: 7.672795e-01 Validation accuracy: 7.630000e-01 Loss 1.011510e-02 Time taken: 0:00:50.083235
Epoch: 123/200 Train accuracy: 7.662819e-01 Validation accuracy: 7.640000e-01 Loss 1.011340e-02 Time taken: 0:00:50.151717
Epoch: 124/200 Train accuracy: 7.670657e-01 Validation accuracy: 7.623333e-01 Loss 1.011118e-02 Time taken: 0:00:50.073573
Epoch: 125/200 Train accuracy: 7.675645e-01 Validation accuracy: 7.623333e-01 Loss 1.010920e-02 Time taken: 0:00:50.049155
Epoch: 126/200 Train accuracy: 7.687046e-01 Validation accuracy: 7.610000e-01 Loss 1.010904e-02 Time taken: 0:00:49.796838
Epoch: 127/200 Train accuracy: 7.675645e-01 Validation accuracy: 7.606667e-01 Loss 1.010695e-02 Time taken: 0:00:50.247506
Epoch: 128/200 Train accuracy: 7.682770e-01 Validation accuracy: 7.626667e-01 Loss 1.010647e-02 Time taken: 0:00:50.651627
Epoch: 129/200 Train accuracy: 7.681345e-01 Validation accuracy: 7.626667e-01 Loss 1.010247e-02 Time taken: 0:00:50.859711
Epoch: 130/200 Train accuracy: 7.679920e-01 Validation accuracy: 7.640000e-01 Loss 1.010208e-02 Time taken: 0:00:50.332297
Epoch: 131/200 Train accuracy: 7.669944e-01 Validation accuracy: 7.626667e-01 Loss 1.010332e-02 Time taken: 0:00:49.987866
Epoch: 132/200 Train accuracy: 7.678495e-01 Validation accuracy: 7.623333e-01 Loss 1.009949e-02 Time taken: 0:00:49.756673
Epoch: 133/200 Train accuracy: 7.691321e-01 Validation accuracy: 7.603333e-01 Loss 1.009822e-02 Time taken: 0:00:50.261827
Epoch: 134/200 Train accuracy: 7.689183e-01 Validation accuracy: 7.626667e-01 Loss 1.009710e-02 Time taken: 0:00:50.232620
Epoch: 135/200 Train accuracy: 7.687758e-01 Validation accuracy: 7.640000e-01 Loss 1.009569e-02 Time taken: 0:00:50.062301
Epoch: 136/200 Train accuracy: 7.687046e-01 Validation accuracy: 7.640000e-01 Loss 1.009417e-02 Time taken: 0:00:50.317598
Epoch: 137/200 Train accuracy: 7.694884e-01 Validation accuracy: 7.650000e-01 Loss 1.009279e-02 Time taken: 0:00:50.091519
Epoch: 138/200 Train accuracy: 7.694884e-01 Validation accuracy: 7.633333e-01 Loss 1.009261e-02 Time taken: 0:00:50.908122
Epoch: 139/200 Train accuracy: 7.691321e-01 Validation accuracy: 7.640000e-01 Loss 1.009063e-02 Time taken: 0:00:50.135581
Epoch: 140/200 Train accuracy: 7.692034e-01 Validation accuracy: 7.613333e-01 Loss 1.008842e-02 Time taken: 0:00:50.266655
Epoch: 141/200 Train accuracy: 7.704860e-01 Validation accuracy: 7.650000e-01 Loss 1.008923e-02 Time taken: 0:00:50.162986
Epoch: 142/200 Train accuracy: 7.695596e-01 Validation accuracy: 7.620000e-01 Loss 1.008857e-02 Time taken: 0:00:50.247490
Epoch: 143/200 Train accuracy: 7.687758e-01 Validation accuracy: 7.640000e-01 Loss 1.008732e-02 Time taken: 0:00:50.177779
Epoch: 144/200 Train accuracy: 7.700584e-01 Validation accuracy: 7.633333e-01 Loss 1.008436e-02 Time taken: 0:00:50.082066
Epoch: 145/200 Train accuracy: 7.696309e-01 Validation accuracy: 7.643333e-01 Loss 1.008438e-02 Time taken: 0:00:51.071842
Epoch: 146/200 Train accuracy: 7.703435e-01 Validation accuracy: 7.640000e-01 Loss 1.008181e-02 Time taken: 0:00:50.668773
Epoch: 147/200 Train accuracy: 7.699159e-01 Validation accuracy: 7.633333e-01 Loss 1.008085e-02 Time taken: 0:00:50.047813
Epoch: 148/200 Train accuracy: 7.698447e-01 Validation accuracy: 7.640000e-01 Loss 1.007999e-02 Time taken: 0:00:50.217888
Epoch: 149/200 Train accuracy: 7.698447e-01 Validation accuracy: 7.643333e-01 Loss 1.007978e-02 Time taken: 0:00:50.506793
Epoch: 150/200 Train accuracy: 7.700584e-01 Validation accuracy: 7.633333e-01 Loss 1.007924e-02 Time taken: 0:00:50.269267
Epoch: 151/200 Train accuracy: 7.714123e-01 Validation accuracy: 7.640000e-01 Loss 1.007845e-02 Time taken: 0:00:50.421560
Epoch: 152/200 Train accuracy: 7.698447e-01 Validation accuracy: 7.646667e-01 Loss 1.007562e-02 Time taken: 0:00:50.744006
Epoch: 153/200 Train accuracy: 7.710560e-01 Validation accuracy: 7.636667e-01 Loss 1.007545e-02 Time taken: 0:00:50.327260
Epoch: 154/200 Train accuracy: 7.707710e-01 Validation accuracy: 7.653333e-01 Loss 1.007267e-02 Time taken: 0:00:50.531548
Epoch: 155/200 Train accuracy: 7.705572e-01 Validation accuracy: 7.643333e-01 Loss 1.007224e-02 Time taken: 0:00:50.689645
Epoch: 156/200 Train accuracy: 7.710560e-01 Validation accuracy: 7.650000e-01 Loss 1.007109e-02 Time taken: 0:00:50.013318
Epoch: 157/200 Train accuracy: 7.713410e-01 Validation accuracy: 7.663333e-01 Loss 1.007080e-02 Time taken: 0:00:49.885856
Epoch: 158/200 Train accuracy: 7.709848e-01 Validation accuracy: 7.650000e-01 Loss 1.006864e-02 Time taken: 0:00:50.151387
Epoch: 159/200 Train accuracy: 7.708422e-01 Validation accuracy: 7.633333e-01 Loss 1.006901e-02 Time taken: 0:00:50.767628
Epoch: 160/200 Train accuracy: 7.723386e-01 Validation accuracy: 7.656667e-01 Loss 1.006768e-02 Time taken: 0:00:50.496305
Epoch: 161/200 Train accuracy: 7.713410e-01 Validation accuracy: 7.646667e-01 Loss 1.006447e-02 Time taken: 0:00:49.941276
Epoch: 162/200 Train accuracy: 7.723386e-01 Validation accuracy: 7.633333e-01 Loss 1.006627e-02 Time taken: 0:00:50.908166
Epoch: 163/200 Train accuracy: 7.711985e-01 Validation accuracy: 7.656667e-01 Loss 1.006526e-02 Time taken: 0:00:50.057854
Epoch: 164/200 Train accuracy: 7.725524e-01 Validation accuracy: 7.640000e-01 Loss 1.006375e-02 Time taken: 0:00:50.680602
Epoch: 165/200 Train accuracy: 7.719823e-01 Validation accuracy: 7.626667e-01 Loss 1.006181e-02 Time taken: 0:00:49.607109
Epoch: 166/200 Train accuracy: 7.712698e-01 Validation accuracy: 7.643333e-01 Loss 1.006134e-02 Time taken: 0:00:50.670611
Epoch: 167/200 Train accuracy: 7.731224e-01 Validation accuracy: 7.633333e-01 Loss 1.005980e-02 Time taken: 0:00:50.610863
Epoch: 168/200 Train accuracy: 7.724811e-01 Validation accuracy: 7.640000e-01 Loss 1.005933e-02 Time taken: 0:00:50.369441
Epoch: 169/200 Train accuracy: 7.721248e-01 Validation accuracy: 7.630000e-01 Loss 1.005983e-02 Time taken: 0:00:50.113797
Epoch: 170/200 Train accuracy: 7.734787e-01 Validation accuracy: 7.650000e-01 Loss 1.005634e-02 Time taken: 0:00:50.304764
Epoch: 171/200 Train accuracy: 7.724811e-01 Validation accuracy: 7.663333e-01 Loss 1.005672e-02 Time taken: 0:00:49.983254
Epoch: 172/200 Train accuracy: 7.746188e-01 Validation accuracy: 7.660000e-01 Loss 1.005599e-02 Time taken: 0:00:50.254847
Epoch: 173/200 Train accuracy: 7.733362e-01 Validation accuracy: 7.643333e-01 Loss 1.005463e-02 Time taken: 0:00:50.249136
Epoch: 174/200 Train accuracy: 7.725524e-01 Validation accuracy: 7.626667e-01 Loss 1.005346e-02 Time taken: 0:00:49.887626
Epoch: 175/200 Train accuracy: 7.727661e-01 Validation accuracy: 7.680000e-01 Loss 1.005183e-02 Time taken: 0:00:50.053615
Epoch: 176/200 Train accuracy: 7.729799e-01 Validation accuracy: 7.646667e-01 Loss 1.005139e-02 Time taken: 0:00:50.111071
Epoch: 177/200 Train accuracy: 7.731937e-01 Validation accuracy: 7.643333e-01 Loss 1.005242e-02 Time taken: 0:00:50.102404
Epoch: 178/200 Train accuracy: 7.737637e-01 Validation accuracy: 7.650000e-01 Loss 1.004906e-02 Time taken: 0:00:50.084574
Epoch: 179/200 Train accuracy: 7.737637e-01 Validation accuracy: 7.656667e-01 Loss 1.004893e-02 Time taken: 0:00:50.566086
Epoch: 180/200 Train accuracy: 7.734787e-01 Validation accuracy: 7.673333e-01 Loss 1.004551e-02 Time taken: 0:00:50.109713
Epoch: 181/200 Train accuracy: 7.734074e-01 Validation accuracy: 7.656667e-01 Loss 1.004914e-02 Time taken: 0:00:49.851953
Epoch: 182/200 Train accuracy: 7.747613e-01 Validation accuracy: 7.626667e-01 Loss 1.004493e-02 Time taken: 0:00:50.412495
Epoch: 183/200 Train accuracy: 7.734074e-01 Validation accuracy: 7.656667e-01 Loss 1.004447e-02 Time taken: 0:00:49.941440
Epoch: 184/200 Train accuracy: 7.740487e-01 Validation accuracy: 7.656667e-01 Loss 1.004693e-02 Time taken: 0:00:50.194877
Epoch: 185/200 Train accuracy: 7.736925e-01 Validation accuracy: 7.633333e-01 Loss 1.004262e-02 Time taken: 0:00:50.028877
Epoch: 186/200 Train accuracy: 7.739775e-01 Validation accuracy: 7.676667e-01 Loss 1.004245e-02 Time taken: 0:00:50.456663
Epoch: 187/200 Train accuracy: 7.739775e-01 Validation accuracy: 7.683333e-01 Loss 1.004262e-02 Time taken: 0:00:50.097885
Epoch: 188/200 Train accuracy: 7.741200e-01 Validation accuracy: 7.673333e-01 Loss 1.004208e-02 Time taken: 0:00:50.096115
Epoch: 189/200 Train accuracy: 7.738350e-01 Validation accuracy: 7.660000e-01 Loss 1.004150e-02 Time taken: 0:00:50.521800
Epoch: 190/200 Train accuracy: 7.738350e-01 Validation accuracy: 7.670000e-01 Loss 1.003908e-02 Time taken: 0:00:50.108967
Epoch: 191/200 Train accuracy: 7.745475e-01 Validation accuracy: 7.650000e-01 Loss 1.004128e-02 Time taken: 0:00:49.961550
Epoch: 192/200 Train accuracy: 7.744050e-01 Validation accuracy: 7.670000e-01 Loss 1.003693e-02 Time taken: 0:00:49.688504
Epoch: 193/200 Train accuracy: 7.741200e-01 Validation accuracy: 7.656667e-01 Loss 1.003632e-02 Time taken: 0:00:50.833662
Epoch: 194/200 Train accuracy: 7.741200e-01 Validation accuracy: 7.630000e-01 Loss 1.003682e-02 Time taken: 0:00:50.445025
Epoch: 195/200 Train accuracy: 7.748325e-01 Validation accuracy: 7.643333e-01 Loss 1.003662e-02 Time taken: 0:00:50.348676
Epoch: 196/200 Train accuracy: 7.746188e-01 Validation accuracy: 7.640000e-01 Loss 1.003585e-02 Time taken: 0:00:50.776069
Epoch: 197/200 Train accuracy: 7.744050e-01 Validation accuracy: 7.656667e-01 Loss 1.003472e-02 Time taken: 0:00:50.204972
Epoch: 198/200 Train accuracy: 7.751176e-01 Validation accuracy: 7.680000e-01 Loss 1.003333e-02 Time taken: 0:00:50.131133
Epoch: 199/200 Train accuracy: 7.742625e-01 Validation accuracy: 7.640000e-01 Loss 1.003221e-02 Time taken: 0:00:50.342932
Epoch: 200/200 Train accuracy: 7.758301e-01 Validation accuracy: 7.633333e-01 Loss 1.003182e-02 Time taken: 0:00:50.424351
Total time taken 2:56:49.336557
Done
