VisionTransformer(
  (patch_embed): PatchEmbed(
    (proj): Conv2d(3, 768, kernel_size=(15, 15), stride=(15, 15))
  )
  (blocks): ModuleList(
    (0-11): 12 x Block(
      (norm1): LayerNorm((768,), eps=1e-06, elementwise_affine=True)
      (attn): Attention(
        (qkv): Linear(in_features=768, out_features=2304, bias=True)
        (attn_drop): Dropout(p=0.0, inplace=False)
        (proj): Linear(in_features=768, out_features=768, bias=True)
        (proj_drop): Dropout(p=0.0, inplace=False)
      )
      (drop_path): Identity()
      (norm2): LayerNorm((768,), eps=1e-06, elementwise_affine=True)
      (mlp): MLP(
        (fc1): Linear(in_features=768, out_features=3072, bias=True)
        (act): GELU(approximate='none')
        (fc2): Linear(in_features=3072, out_features=768, bias=True)
        (drop): Dropout(p=0.0, inplace=False)
      )
    )
  )
  (norm): LayerNorm((768,), eps=1e-06, elementwise_affine=True)
)
making imagenet data transforms
data-path datasets/stl10/train/
VisionTransformer(
  (patch_embed): PatchEmbed(
    (proj): Conv2d(3, 768, kernel_size=(15, 15), stride=(15, 15))
  )
  (blocks): ModuleList(
    (0-11): 12 x Block(
      (norm1): LayerNorm((768,), eps=1e-06, elementwise_affine=True)
      (attn): Attention(
        (qkv): Linear(in_features=768, out_features=2304, bias=True)
        (attn_drop): Dropout(p=0.0, inplace=False)
        (proj): Linear(in_features=768, out_features=768, bias=True)
        (proj_drop): Dropout(p=0.0, inplace=False)
      )
      (drop_path): Identity()
      (norm2): LayerNorm((768,), eps=1e-06, elementwise_affine=True)
      (mlp): MLP(
        (fc1): Linear(in_features=768, out_features=3072, bias=True)
        (act): GELU(approximate='none')
        (fc2): Linear(in_features=3072, out_features=768, bias=True)
        (drop): Dropout(p=0.0, inplace=False)
      )
    )
  )
  (norm): LayerNorm((768,), eps=1e-06, elementwise_affine=True)
)
making imagenet data transforms
data-path datasets/stl10/train/
Initialized ImageNet
ImageNet dataset created
ImageNet unsupervised data loader created
Using AdamW
Epoch 1
[1,     0] loss: 4.044386e-02 masks: 33.0 12.0 [wd: 4.00e-02] [lr: 2.00e-04] [mem: 1.14e+04] cross mse: 0.000000e+00 loss itself: 0.000000e+00 (1095.4 ms)
[1,     0] grad_stats: [3.09e-03 1.53e-03] (1.50e-03, 3.51e-03)
[1,   390] loss: 1.131783e-02 masks: 20.0 17.4 [wd: 4.00e-02] [lr: 2.67e-04] [mem: 1.28e+04] cross mse: 0.000000e+00 loss itself: 0.000000e+00 (432.6 ms)
[1,   390] grad_stats: [2.41e-03 7.10e-05] (6.16e-05, 2.89e-03)
[1,   780] loss: 1.032932e-02 masks: 20.2 17.2 [wd: 4.02e-02] [lr: 3.33e-04] [mem: 1.30e+04] cross mse: 0.000000e+00 loss itself: 0.000000e+00 (435.4 ms)
[1,   780] grad_stats: [1.17e-03 3.58e-05] (3.10e-05, 1.80e-03)
avg. loss 1.03293228e-02
avg. cross sim matrix mse 0.00000000e+00 , avg. loss itself 0.000000e+00
time taken for epoch 0:05:52.637431
Epoch 2
[2,     0] loss: 6.200883e-03 masks: 18.0 20.0 [wd: 4.02e-02] [lr: 3.34e-04] [mem: 1.30e+04] cross mse: 0.000000e+00 loss itself: 0.000000e+00 (427.0 ms)
[2,     0] grad_stats: [1.38e-03 4.95e-05] (2.78e-05, 1.94e-03)
[2,   390] loss: 5.206469e-03 masks: 20.6 17.2 [wd: 4.04e-02] [lr: 4.00e-04] [mem: 1.30e+04] cross mse: 0.000000e+00 loss itself: 0.000000e+00 (440.1 ms)
[2,   390] grad_stats: [5.24e-04 1.43e-05] (1.13e-05, 7.92e-04)
[2,   780] loss: 4.716909e-03 masks: 20.3 17.3 [wd: 4.06e-02] [lr: 4.67e-04] [mem: 1.30e+04] cross mse: 0.000000e+00 loss itself: 0.000000e+00 (438.3 ms)
[2,   780] grad_stats: [1.14e-03 3.53e-05] (1.65e-05, 1.42e-03)
avg. loss 4.71690869e-03
avg. cross sim matrix mse 0.00000000e+00 , avg. loss itself 0.000000e+00
time taken for epoch 0:05:55.722804
Epoch 3
[3,     0] loss: 3.745974e-03 masks: 25.0 16.0 [wd: 4.06e-02] [lr: 4.67e-04] [mem: 1.30e+04] cross mse: 0.000000e+00 loss itself: 0.000000e+00 (468.0 ms)
[3,     0] grad_stats: [8.24e-04 2.26e-05] (1.40e-05, 1.04e-03)
[3,   390] loss: 3.936382e-03 masks: 20.8 17.1 [wd: 4.10e-02] [lr: 5.33e-04] [mem: 1.33e+04] cross mse: 0.000000e+00 loss itself: 0.000000e+00 (441.9 ms)
[3,   390] grad_stats: [1.42e-03 3.52e-05] (1.94e-05, 1.88e-03)
[3,   780] loss: 3.840449e-03 masks: 20.7 17.2 [wd: 4.14e-02] [lr: 6.00e-04] [mem: 1.33e+04] cross mse: 0.000000e+00 loss itself: 0.000000e+00 (441.4 ms)
[3,   780] grad_stats: [5.28e-04 3.10e-05] (9.51e-06, 7.25e-04)
avg. loss 3.84044925e-03
avg. cross sim matrix mse 0.00000000e+00 , avg. loss itself 0.000000e+00
time taken for epoch 0:05:58.179487
Epoch 4
[4,     0] loss: 3.731962e-03 masks: 21.0 16.0 [wd: 4.14e-02] [lr: 6.00e-04] [mem: 1.33e+04] cross mse: 0.000000e+00 loss itself: 0.000000e+00 (428.9 ms)
[4,     0] grad_stats: [8.55e-04 3.53e-05] (1.19e-05, 1.13e-03)
[4,   390] loss: 3.684407e-03 masks: 20.2 17.3 [wd: 4.19e-02] [lr: 6.67e-04] [mem: 1.33e+04] cross mse: 0.000000e+00 loss itself: 0.000000e+00 (437.9 ms)
[4,   390] grad_stats: [1.42e-03 4.95e-05] (1.46e-05, 2.30e-03)
[4,   780] loss: 3.631253e-03 masks: 20.1 17.3 [wd: 4.25e-02] [lr: 7.33e-04] [mem: 1.33e+04] cross mse: 0.000000e+00 loss itself: 0.000000e+00 (437.6 ms)
[4,   780] grad_stats: [6.20e-04 2.45e-05] (6.19e-06, 6.55e-04)
avg. loss 3.63125284e-03
avg. cross sim matrix mse 0.00000000e+00 , avg. loss itself 0.000000e+00
time taken for epoch 0:05:54.984983
Epoch 5
[5,     0] loss: 3.150924e-03 masks: 16.0 20.0 [wd: 4.25e-02] [lr: 7.34e-04] [mem: 1.33e+04] cross mse: 0.000000e+00 loss itself: 0.000000e+00 (406.8 ms)
[5,     0] grad_stats: [4.16e-04 2.83e-05] (6.33e-06, 5.36e-04)
[5,   390] loss: 3.498461e-03 masks: 20.4 17.2 [wd: 4.32e-02] [lr: 8.00e-04] [mem: 1.33e+04] cross mse: 0.000000e+00 loss itself: 0.000000e+00 (439.2 ms)
[5,   390] grad_stats: [7.21e-04 4.04e-05] (1.10e-05, 1.17e-03)
[5,   780] loss: 3.433212e-03 masks: 20.2 17.3 [wd: 4.39e-02] [lr: 8.67e-04] [mem: 1.33e+04] cross mse: 0.000000e+00 loss itself: 0.000000e+00 (438.1 ms)
[5,   780] grad_stats: [4.63e-04 2.92e-05] (5.45e-06, 4.80e-04)
avg. loss 3.43321212e-03
avg. cross sim matrix mse 0.00000000e+00 , avg. loss itself 0.000000e+00
time taken for epoch 0:05:55.476369
Epoch 6
[6,     0] loss: 3.843802e-03 masks: 33.0 12.0 [wd: 4.39e-02] [lr: 8.67e-04] [mem: 1.33e+04] cross mse: 0.000000e+00 loss itself: 0.000000e+00 (507.0 ms)
[6,     0] grad_stats: [4.83e-04 4.82e-05] (8.82e-06, 5.92e-04)
[6,   390] loss: 3.282840e-03 masks: 20.4 17.2 [wd: 4.48e-02] [lr: 9.33e-04] [mem: 1.33e+04] cross mse: 0.000000e+00 loss itself: 0.000000e+00 (439.4 ms)
[6,   390] grad_stats: [3.56e-04 2.73e-05] (6.00e-06, 6.04e-04)
[6,   780] loss: 3.234395e-03 masks: 20.4 17.2 [wd: 4.57e-02] [lr: 1.00e-03] [mem: 1.33e+04] cross mse: 0.000000e+00 loss itself: 0.000000e+00 (439.8 ms)
[6,   780] grad_stats: [3.37e-04 2.38e-05] (5.95e-06, 3.77e-04)
avg. loss 3.23439461e-03
avg. cross sim matrix mse 0.00000000e+00 , avg. loss itself 0.000000e+00
time taken for epoch 0:05:56.708517
Epoch 7
[7,     0] loss: 3.334525e-03 masks: 35.0 12.0 [wd: 4.57e-02] [lr: 1.00e-03] [mem: 1.33e+04] cross mse: 0.000000e+00 loss itself: 0.000000e+00 (529.5 ms)
[7,     0] grad_stats: [3.09e-04 2.04e-05] (6.34e-06, 5.81e-04)
[7,   390] loss: 2.960405e-03 masks: 20.1 17.3 [wd: 4.66e-02] [lr: 1.00e-03] [mem: 1.33e+04] cross mse: 0.000000e+00 loss itself: 0.000000e+00 (437.0 ms)
[7,   390] grad_stats: [2.20e-04 1.90e-05] (5.19e-06, 3.64e-04)
[7,   780] loss: 2.940041e-03 masks: 20.1 17.2 [wd: 4.77e-02] [lr: 9.99e-04] [mem: 1.33e+04] cross mse: 0.000000e+00 loss itself: 0.000000e+00 (437.1 ms)
[7,   780] grad_stats: [3.58e-04 2.14e-05] (4.39e-06, 5.26e-04)
avg. loss 2.94004122e-03
avg. cross sim matrix mse 0.00000000e+00 , avg. loss itself 0.000000e+00
time taken for epoch 0:05:54.625824
Epoch 8
[8,     0] loss: 2.565357e-03 masks: 17.0 20.0 [wd: 4.77e-02] [lr: 9.99e-04] [mem: 1.33e+04] cross mse: 0.000000e+00 loss itself: 0.000000e+00 (420.3 ms)
[8,     0] grad_stats: [2.32e-04 1.89e-05] (3.76e-06, 2.50e-04)
[8,   390] loss: 2.827683e-03 masks: 20.1 17.4 [wd: 4.88e-02] [lr: 9.99e-04] [mem: 1.33e+04] cross mse: 0.000000e+00 loss itself: 0.000000e+00 (438.5 ms)
[8,   390] grad_stats: [3.52e-04 3.22e-05] (7.43e-06, 5.44e-04)
[8,   780] loss: 2.792500e-03 masks: 19.9 17.5 [wd: 5.00e-02] [lr: 9.98e-04] [mem: 1.33e+04] cross mse: 0.000000e+00 loss itself: 0.000000e+00 (436.7 ms)
[8,   780] grad_stats: [3.78e-04 4.31e-05] (1.01e-05, 7.81e-04)
avg. loss 2.79250013e-03
avg. cross sim matrix mse 0.00000000e+00 , avg. loss itself 0.000000e+00
time taken for epoch 0:05:54.180894
Epoch 9
[9,     0] loss: 2.425236e-03 masks: 17.0 20.0 [wd: 5.00e-02] [lr: 9.98e-04] [mem: 1.33e+04] cross mse: 0.000000e+00 loss itself: 0.000000e+00 (419.1 ms)
[9,     0] grad_stats: [2.42e-04 1.56e-05] (3.45e-06, 3.51e-04)
[9,   390] loss: 2.735165e-03 masks: 20.2 17.3 [wd: 5.13e-02] [lr: 9.97e-04] [mem: 1.33e+04] cross mse: 0.000000e+00 loss itself: 0.000000e+00 (438.3 ms)
[9,   390] grad_stats: [3.30e-04 3.27e-05] (6.45e-06, 4.39e-04)
[9,   780] loss: 2.716514e-03 masks: 20.3 17.2 [wd: 5.26e-02] [lr: 9.95e-04] [mem: 1.33e+04] cross mse: 0.000000e+00 loss itself: 0.000000e+00 (438.6 ms)
[9,   780] grad_stats: [1.57e-04 1.60e-05] (3.36e-06, 2.87e-04)
avg. loss 2.71651442e-03
avg. cross sim matrix mse 0.00000000e+00 , avg. loss itself 0.000000e+00
time taken for epoch 0:05:56.402919
Epoch 10
[10,     0] loss: 2.273913e-03 masks: 19.0 20.0 [wd: 5.26e-02] [lr: 9.95e-04] [mem: 1.33e+04] cross mse: 0.000000e+00 loss itself: 0.000000e+00 (438.9 ms)
[10,     0] grad_stats: [2.08e-04 2.01e-05] (4.71e-06, 3.93e-04)
[10,   390] loss: 2.639059e-03 masks: 20.6 17.1 [wd: 5.41e-02] [lr: 9.94e-04] [mem: 1.33e+04] cross mse: 0.000000e+00 loss itself: 0.000000e+00 (440.3 ms)
[10,   390] grad_stats: [2.19e-04 1.45e-05] (4.04e-06, 2.66e-04)
[10,   780] loss: 2.624728e-03 masks: 20.5 17.2 [wd: 5.56e-02] [lr: 9.92e-04] [mem: 1.33e+04] cross mse: 0.000000e+00 loss itself: 0.000000e+00 (440.1 ms)
[10,   780] grad_stats: [2.27e-04 1.75e-05] (4.39e-06, 2.61e-04)
avg. loss 2.62472827e-03
avg. cross sim matrix mse 0.00000000e+00 , avg. loss itself 0.000000e+00
time taken for epoch 0:05:56.784166
Epoch 11
[11,     0] loss: 2.823913e-03 masks: 17.0 16.0 [wd: 5.56e-02] [lr: 9.92e-04] [mem: 1.33e+04] cross mse: 0.000000e+00 loss itself: 0.000000e+00 (397.2 ms)
[11,     0] grad_stats: [2.23e-04 1.89e-05] (4.38e-06, 2.86e-04)
[11,   390] loss: 2.580238e-03 masks: 20.2 17.4 [wd: 5.71e-02] [lr: 9.90e-04] [mem: 1.33e+04] cross mse: 0.000000e+00 loss itself: 0.000000e+00 (438.3 ms)
[11,   390] grad_stats: [2.19e-04 1.82e-05] (3.41e-06, 2.77e-04)
[11,   780] loss: 2.578041e-03 masks: 20.5 17.2 [wd: 5.88e-02] [lr: 9.87e-04] [mem: 1.33e+04] cross mse: 0.000000e+00 loss itself: 0.000000e+00 (440.6 ms)
[11,   780] grad_stats: [1.61e-04 1.78e-05] (3.39e-06, 2.00e-04)
avg. loss 2.57804063e-03
avg. cross sim matrix mse 0.00000000e+00 , avg. loss itself 0.000000e+00
time taken for epoch 0:05:57.201870
Epoch 12
[12,     0] loss: 2.846654e-03 masks: 8.0 20.0 [wd: 5.88e-02] [lr: 9.87e-04] [mem: 1.33e+04] cross mse: 0.000000e+00 loss itself: 0.000000e+00 (340.9 ms)
[12,     0] grad_stats: [1.89e-04 1.91e-05] (3.16e-06, 2.70e-04)
[12,   390] loss: 2.595234e-03 masks: 20.2 17.5 [wd: 6.05e-02] [lr: 9.84e-04] [mem: 1.33e+04] cross mse: 0.000000e+00 loss itself: 0.000000e+00 (438.9 ms)
[12,   390] grad_stats: [1.33e-04 1.23e-05] (2.19e-06, 2.39e-04)
[12,   780] loss: 2.620090e-03 masks: 20.3 17.4 [wd: 6.23e-02] [lr: 9.81e-04] [mem: 1.33e+04] cross mse: 0.000000e+00 loss itself: 0.000000e+00 (439.8 ms)
[12,   780] grad_stats: [2.19e-04 1.46e-05] (2.96e-06, 3.28e-04)
avg. loss 2.62009008e-03
avg. cross sim matrix mse 0.00000000e+00 , avg. loss itself 0.000000e+00
time taken for epoch 0:05:56.601056
Epoch 13
[13,     0] loss: 2.358218e-03 masks: 20.0 20.0 [wd: 6.23e-02] [lr: 9.81e-04] [mem: 1.33e+04] cross mse: 0.000000e+00 loss itself: 0.000000e+00 (445.1 ms)
[13,     0] grad_stats: [1.27e-04 1.00e-05] (1.92e-06, 2.26e-04)
[13,   390] loss: 2.679296e-03 masks: 20.0 17.3 [wd: 6.41e-02] [lr: 9.78e-04] [mem: 1.33e+04] cross mse: 0.000000e+00 loss itself: 0.000000e+00 (436.0 ms)
[13,   390] grad_stats: [1.29e-04 1.71e-05] (4.03e-06, 2.98e-04)
[13,   780] loss: 2.667787e-03 masks: 20.0 17.3 [wd: 6.60e-02] [lr: 9.75e-04] [mem: 1.33e+04] cross mse: 0.000000e+00 loss itself: 0.000000e+00 (436.5 ms)
[13,   780] grad_stats: [1.22e-04 1.73e-05] (2.98e-06, 2.01e-04)
avg. loss 2.66778683e-03
avg. cross sim matrix mse 0.00000000e+00 , avg. loss itself 0.000000e+00
time taken for epoch 0:05:53.983549
Epoch 14
[14,     0] loss: 2.613368e-03 masks: 25.0 16.0 [wd: 6.60e-02] [lr: 9.75e-04] [mem: 1.33e+04] cross mse: 0.000000e+00 loss itself: 0.000000e+00 (469.0 ms)
[14,     0] grad_stats: [1.54e-04 1.56e-05] (3.77e-06, 2.33e-04)
[14,   390] loss: 2.658099e-03 masks: 20.6 17.1 [wd: 6.80e-02] [lr: 9.71e-04] [mem: 1.33e+04] cross mse: 0.000000e+00 loss itself: 0.000000e+00 (440.8 ms)
[14,   390] grad_stats: [3.33e-04 2.06e-05] (4.75e-06, 4.00e-04)
[14,   780] loss: 2.725000e-03 masks: 20.3 17.2 [wd: 7.01e-02] [lr: 9.67e-04] [mem: 1.33e+04] cross mse: 0.000000e+00 loss itself: 0.000000e+00 (438.7 ms)
[14,   780] grad_stats: [9.10e-05 1.22e-05] (2.41e-06, 1.44e-04)
avg. loss 2.72499973e-03
avg. cross sim matrix mse 0.00000000e+00 , avg. loss itself 0.000000e+00
time taken for epoch 0:05:55.798313
Epoch 15
[15,     0] loss: 2.867663e-03 masks: 14.0 20.0 [wd: 7.01e-02] [lr: 9.67e-04] [mem: 1.33e+04] cross mse: 0.000000e+00 loss itself: 0.000000e+00 (393.7 ms)
[15,     0] grad_stats: [1.26e-04 1.43e-05] (3.26e-06, 1.46e-04)
[15,   390] loss: 2.810156e-03 masks: 19.8 17.4 [wd: 7.22e-02] [lr: 9.63e-04] [mem: 1.33e+04] cross mse: 0.000000e+00 loss itself: 0.000000e+00 (435.8 ms)
[15,   390] grad_stats: [1.09e-04 1.50e-05] (2.80e-06, 2.23e-04)
[15,   780] loss: 2.838499e-03 masks: 20.2 17.3 [wd: 7.44e-02] [lr: 9.59e-04] [mem: 1.33e+04] cross mse: 0.000000e+00 loss itself: 0.000000e+00 (438.8 ms)
[15,   780] grad_stats: [7.52e-05 1.02e-05] (2.04e-06, 1.32e-04)
avg. loss 2.83849895e-03
avg. cross sim matrix mse 0.00000000e+00 , avg. loss itself 0.000000e+00
time taken for epoch 0:05:55.850495
Epoch 16
[16,     0] loss: 3.064648e-03 masks: 20.0 16.0 [wd: 7.44e-02] [lr: 9.59e-04] [mem: 1.33e+04] cross mse: 0.000000e+00 loss itself: 0.000000e+00 (421.7 ms)
[16,     0] grad_stats: [2.18e-04 1.95e-05] (3.48e-06, 4.17e-04)
[16,   390] loss: 2.923622e-03 masks: 20.0 17.3 [wd: 7.66e-02] [lr: 9.54e-04] [mem: 1.33e+04] cross mse: 0.000000e+00 loss itself: 0.000000e+00 (436.9 ms)
[16,   390] grad_stats: [1.10e-04 1.08e-05] (2.28e-06, 2.11e-04)
[16,   780] loss: 2.963278e-03 masks: 20.1 17.4 [wd: 7.89e-02] [lr: 9.49e-04] [mem: 1.33e+04] cross mse: 0.000000e+00 loss itself: 0.000000e+00 (438.1 ms)
[16,   780] grad_stats: [2.04e-04 1.53e-05] (3.81e-06, 2.55e-04)
avg. loss 2.96327796e-03
avg. cross sim matrix mse 0.00000000e+00 , avg. loss itself 0.000000e+00
time taken for epoch 0:05:55.350847
Epoch 17
[17,     0] loss: 3.083673e-03 masks: 24.0 16.0 [wd: 7.89e-02] [lr: 9.49e-04] [mem: 1.33e+04] cross mse: 0.000000e+00 loss itself: 0.000000e+00 (456.1 ms)
[17,     0] grad_stats: [1.75e-04 1.74e-05] (4.80e-06, 3.20e-04)
[17,   390] loss: 3.077616e-03 masks: 19.9 17.5 [wd: 8.13e-02] [lr: 9.44e-04] [mem: 1.33e+04] cross mse: 0.000000e+00 loss itself: 0.000000e+00 (436.7 ms)
[17,   390] grad_stats: [1.91e-04 1.94e-05] (3.86e-06, 2.21e-04)
[17,   780] loss: 3.127681e-03 masks: 20.0 17.4 [wd: 8.37e-02] [lr: 9.39e-04] [mem: 1.33e+04] cross mse: 0.000000e+00 loss itself: 0.000000e+00 (437.3 ms)
[17,   780] grad_stats: [1.90e-04 1.13e-05] (3.48e-06, 2.32e-04)
avg. loss 3.12768052e-03
avg. cross sim matrix mse 0.00000000e+00 , avg. loss itself 0.000000e+00
time taken for epoch 0:05:54.717153
Epoch 18
[18,     0] loss: 3.487894e-03 masks: 20.0 16.0 [wd: 8.37e-02] [lr: 9.39e-04] [mem: 1.33e+04] cross mse: 0.000000e+00 loss itself: 0.000000e+00 (421.9 ms)
[18,     0] grad_stats: [2.14e-04 1.59e-05] (3.12e-06, 3.01e-04)
[18,   390] loss: 3.296554e-03 masks: 20.6 17.2 [wd: 8.62e-02] [lr: 9.33e-04] [mem: 1.33e+04] cross mse: 0.000000e+00 loss itself: 0.000000e+00 (441.7 ms)
[18,   390] grad_stats: [1.94e-04 1.75e-05] (3.72e-06, 2.46e-04)
[18,   780] loss: 3.361292e-03 masks: 20.5 17.2 [wd: 8.88e-02] [lr: 9.27e-04] [mem: 1.33e+04] cross mse: 0.000000e+00 loss itself: 0.000000e+00 (440.6 ms)
[18,   780] grad_stats: [1.60e-04 1.35e-05] (2.89e-06, 1.70e-04)
avg. loss 3.36129234e-03
avg. cross sim matrix mse 0.00000000e+00 , avg. loss itself 0.000000e+00
time taken for epoch 0:05:57.161557
Epoch 19
[19,     0] loss: 3.250387e-03 masks: 13.0 20.0 [wd: 8.88e-02] [lr: 9.27e-04] [mem: 1.33e+04] cross mse: 0.000000e+00 loss itself: 0.000000e+00 (382.7 ms)
[19,     0] grad_stats: [1.36e-04 1.25e-05] (2.19e-06, 2.49e-04)
[19,   390] loss: 3.541021e-03 masks: 19.7 17.4 [wd: 9.14e-02] [lr: 9.21e-04] [mem: 1.33e+04] cross mse: 0.000000e+00 loss itself: 0.000000e+00 (435.4 ms)
[19,   390] grad_stats: [1.77e-04 2.09e-05] (4.58e-06, 3.41e-04)
[19,   780] loss: 3.577769e-03 masks: 20.0 17.3 [wd: 9.41e-02] [lr: 9.15e-04] [mem: 1.33e+04] cross mse: 0.000000e+00 loss itself: 0.000000e+00 (437.1 ms)
[19,   780] grad_stats: [2.38e-04 1.42e-05] (3.35e-06, 2.49e-04)
avg. loss 3.57776859e-03
avg. cross sim matrix mse 0.00000000e+00 , avg. loss itself 0.000000e+00
time taken for epoch 0:05:55.385936
Epoch 20
[20,     0] loss: 3.793993e-03 masks: 24.0 16.0 [wd: 9.41e-02] [lr: 9.15e-04] [mem: 1.33e+04] cross mse: 0.000000e+00 loss itself: 0.000000e+00 (455.3 ms)
[20,     0] grad_stats: [2.66e-04 1.40e-05] (3.64e-06, 3.76e-04)
[20,   390] loss: 3.693966e-03 masks: 20.6 17.2 [wd: 9.68e-02] [lr: 9.09e-04] [mem: 1.33e+04] cross mse: 0.000000e+00 loss itself: 0.000000e+00 (441.8 ms)
[20,   390] grad_stats: [9.05e-05 1.78e-05] (2.90e-06, 2.16e-04)
[20,   780] loss: 3.761001e-03 masks: 20.6 17.2 [wd: 9.96e-02] [lr: 9.02e-04] [mem: 1.33e+04] cross mse: 0.000000e+00 loss itself: 0.000000e+00 (441.6 ms)
[20,   780] grad_stats: [1.96e-04 1.42e-05] (4.11e-06, 4.54e-04)
avg. loss 3.76100063e-03
avg. cross sim matrix mse 0.00000000e+00 , avg. loss itself 0.000000e+00
time taken for epoch 0:05:58.086278
Epoch 21
[21,     0] loss: 4.616642e-03 masks: 33.0 12.0 [wd: 9.96e-02] [lr: 9.02e-04] [mem: 1.33e+04] cross mse: 0.000000e+00 loss itself: 0.000000e+00 (507.2 ms)
[21,     0] grad_stats: [1.50e-04 1.92e-05] (4.68e-06, 4.22e-04)
[21,   390] loss: 3.925598e-03 masks: 20.4 17.2 [wd: 1.02e-01] [lr: 8.95e-04] [mem: 1.33e+04] cross mse: 0.000000e+00 loss itself: 0.000000e+00 (440.0 ms)
[21,   390] grad_stats: [1.07e-04 1.25e-05] (3.40e-06, 2.76e-04)
[21,   780] loss: 3.960645e-03 masks: 20.1 17.4 [wd: 1.05e-01] [lr: 8.88e-04] [mem: 1.33e+04] cross mse: 0.000000e+00 loss itself: 0.000000e+00 (437.9 ms)
[21,   780] grad_stats: [3.16e-04 1.71e-05] (4.07e-06, 3.60e-04)
avg. loss 3.96064477e-03
avg. cross sim matrix mse 0.00000000e+00 , avg. loss itself 0.000000e+00
time taken for epoch 0:05:55.166127
Epoch 22
[22,     0] loss: 4.102043e-03 masks: 24.0 16.0 [wd: 1.05e-01] [lr: 8.88e-04] [mem: 1.33e+04] cross mse: 0.000000e+00 loss itself: 0.000000e+00 (456.1 ms)
[22,     0] grad_stats: [1.40e-04 1.62e-05] (3.40e-06, 3.68e-04)
[22,   390] loss: 4.094779e-03 masks: 20.1 17.4 [wd: 1.08e-01] [lr: 8.81e-04] [mem: 1.33e+04] cross mse: 0.000000e+00 loss itself: 0.000000e+00 (438.4 ms)
[22,   390] grad_stats: [1.11e-04 1.59e-05] (3.46e-06, 2.47e-04)
[22,   780] loss: 4.154564e-03 masks: 20.4 17.2 [wd: 1.11e-01] [lr: 8.73e-04] [mem: 1.33e+04] cross mse: 0.000000e+00 loss itself: 0.000000e+00 (440.0 ms)
[22,   780] grad_stats: [1.85e-04 1.81e-05] (4.15e-06, 2.83e-04)
avg. loss 4.15456386e-03
avg. cross sim matrix mse 0.00000000e+00 , avg. loss itself 0.000000e+00
time taken for epoch 0:05:56.738376
Epoch 23
[23,     0] loss: 4.320545e-03 masks: 23.0 16.0 [wd: 1.11e-01] [lr: 8.73e-04] [mem: 1.33e+04] cross mse: 0.000000e+00 loss itself: 0.000000e+00 (450.1 ms)
[23,     0] grad_stats: [2.81e-04 2.47e-05] (5.27e-06, 4.84e-04)
[23,   390] loss: 4.295614e-03 masks: 20.4 17.2 [wd: 1.14e-01] [lr: 8.66e-04] [mem: 1.33e+04] cross mse: 0.000000e+00 loss itself: 0.000000e+00 (440.1 ms)
[23,   390] grad_stats: [1.70e-04 1.74e-05] (3.21e-06, 2.89e-04)
[23,   780] loss: 4.354061e-03 masks: 20.3 17.3 [wd: 1.17e-01] [lr: 8.58e-04] [mem: 1.33e+04] cross mse: 0.000000e+00 loss itself: 0.000000e+00 (439.9 ms)
[23,   780] grad_stats: [1.17e-04 1.88e-05] (3.98e-06, 6.52e-04)
avg. loss 4.35406105e-03
avg. cross sim matrix mse 0.00000000e+00 , avg. loss itself 0.000000e+00
time taken for epoch 0:05:56.712323
Epoch 24
[24,     0] loss: 5.105064e-03 masks: 33.0 12.0 [wd: 1.17e-01] [lr: 8.58e-04] [mem: 1.33e+04] cross mse: 0.000000e+00 loss itself: 0.000000e+00 (506.7 ms)
[24,     0] grad_stats: [2.58e-04 2.48e-05] (5.99e-06, 8.28e-04)
[24,   390] loss: 4.510568e-03 masks: 20.3 17.3 [wd: 1.20e-01] [lr: 8.50e-04] [mem: 1.33e+04] cross mse: 0.000000e+00 loss itself: 0.000000e+00 (438.9 ms)
[24,   390] grad_stats: [4.74e-04 2.18e-05] (4.87e-06, 7.42e-04)
[24,   780] loss: 4.556568e-03 masks: 20.5 17.2 [wd: 1.24e-01] [lr: 8.41e-04] [mem: 1.33e+04] cross mse: 0.000000e+00 loss itself: 0.000000e+00 (441.0 ms)
[24,   780] grad_stats: [2.04e-04 3.17e-05] (8.17e-06, 7.51e-04)
avg. loss 4.55656805e-03
avg. cross sim matrix mse 0.00000000e+00 , avg. loss itself 0.000000e+00
time taken for epoch 0:05:57.662794
Epoch 25
[25,     0] loss: 4.656842e-03 masks: 14.0 20.0 [wd: 1.24e-01] [lr: 8.41e-04] [mem: 1.33e+04] cross mse: 0.000000e+00 loss itself: 0.000000e+00 (393.4 ms)
[25,     0] grad_stats: [2.10e-04 1.35e-05] (3.28e-06, 3.33e-04)
[25,   390] loss: 4.727841e-03 masks: 20.3 17.3 [wd: 1.27e-01] [lr: 8.33e-04] [mem: 1.33e+04] cross mse: 0.000000e+00 loss itself: 0.000000e+00 (439.6 ms)
[25,   390] grad_stats: [1.38e-04 2.74e-05] (5.13e-06, 3.01e-04)
[25,   780] loss: 4.770898e-03 masks: 20.1 17.4 [wd: 1.30e-01] [lr: 8.24e-04] [mem: 1.33e+04] cross mse: 0.000000e+00 loss itself: 0.000000e+00 (438.6 ms)
[25,   780] grad_stats: [2.44e-04 1.91e-05] (4.53e-06, 4.52e-04)
avg. loss 4.77089805e-03
avg. cross sim matrix mse 0.00000000e+00 , avg. loss itself 0.000000e+00
time taken for epoch 0:05:55.680477
Epoch 26
[26,     0] loss: 4.858630e-03 masks: 25.0 16.0 [wd: 1.30e-01] [lr: 8.24e-04] [mem: 1.33e+04] cross mse: 0.000000e+00 loss itself: 0.000000e+00 (469.2 ms)
[26,     0] grad_stats: [1.56e-04 1.71e-05] (4.41e-06, 3.51e-04)
[26,   390] loss: 4.889228e-03 masks: 20.3 17.3 [wd: 1.33e-01] [lr: 8.16e-04] [mem: 1.33e+04] cross mse: 0.000000e+00 loss itself: 0.000000e+00 (440.0 ms)
[26,   390] grad_stats: [8.53e-05 1.79e-05] (4.07e-06, 2.27e-04)
[26,   780] loss: 4.933069e-03 masks: 20.3 17.3 [wd: 1.37e-01] [lr: 8.07e-04] [mem: 1.33e+04] cross mse: 0.000000e+00 loss itself: 0.000000e+00 (439.6 ms)
[26,   780] grad_stats: [5.14e-04 2.43e-05] (6.73e-06, 7.31e-04)
avg. loss 4.93306877e-03
avg. cross sim matrix mse 0.00000000e+00 , avg. loss itself 0.000000e+00
time taken for epoch 0:05:56.466907
Epoch 27
[27,     0] loss: 5.280776e-03 masks: 20.0 16.0 [wd: 1.37e-01] [lr: 8.07e-04] [mem: 1.33e+04] cross mse: 0.000000e+00 loss itself: 0.000000e+00 (423.5 ms)
[27,     0] grad_stats: [1.55e-04 1.64e-05] (3.91e-06, 3.25e-04)
[27,   390] loss: 5.066171e-03 masks: 20.2 17.4 [wd: 1.40e-01] [lr: 7.98e-04] [mem: 1.33e+04] cross mse: 0.000000e+00 loss itself: 0.000000e+00 (439.3 ms)
[27,   390] grad_stats: [6.38e-05 1.44e-05] (3.35e-06, 4.06e-04)
[27,   780] loss: 5.101646e-03 masks: 20.1 17.4 [wd: 1.43e-01] [lr: 7.89e-04] [mem: 1.33e+04] cross mse: 0.000000e+00 loss itself: 0.000000e+00 (438.5 ms)
[27,   780] grad_stats: [6.25e-05 1.68e-05] (3.71e-06, 3.25e-04)
avg. loss 5.10164556e-03
avg. cross sim matrix mse 0.00000000e+00 , avg. loss itself 0.000000e+00
time taken for epoch 0:05:55.644405
Epoch 28
[28,     0] loss: 5.000673e-03 masks: 14.0 20.0 [wd: 1.43e-01] [lr: 7.89e-04] [mem: 1.33e+04] cross mse: 0.000000e+00 loss itself: 0.000000e+00 (393.7 ms)
[28,     0] grad_stats: [1.03e-04 1.89e-05] (3.91e-06, 3.61e-04)
[28,   390] loss: 5.273167e-03 masks: 20.5 17.1 [wd: 1.47e-01] [lr: 7.79e-04] [mem: 1.33e+04] cross mse: 0.000000e+00 loss itself: 0.000000e+00 (440.2 ms)
[28,   390] grad_stats: [2.24e-04 2.45e-05] (6.14e-06, 8.18e-04)
[28,   780] loss: 5.313377e-03 masks: 20.5 17.1 [wd: 1.50e-01] [lr: 7.70e-04] [mem: 1.33e+04] cross mse: 0.000000e+00 loss itself: 0.000000e+00 (440.2 ms)
[28,   780] grad_stats: [1.60e-04 2.70e-05] (6.90e-06, 5.33e-04)
avg. loss 5.31337663e-03
avg. cross sim matrix mse 0.00000000e+00 , avg. loss itself 0.000000e+00
time taken for epoch 0:05:57.078096
Epoch 29
[29,     0] loss: 6.180126e-03 masks: 21.0 16.0 [wd: 1.50e-01] [lr: 7.70e-04] [mem: 1.33e+04] cross mse: 0.000000e+00 loss itself: 0.000000e+00 (429.9 ms)
[29,     0] grad_stats: [7.91e-05 1.99e-05] (4.73e-06, 6.53e-04)
[29,   390] loss: 5.451056e-03 masks: 20.5 17.1 [wd: 1.54e-01] [lr: 7.60e-04] [mem: 1.33e+04] cross mse: 0.000000e+00 loss itself: 0.000000e+00 (440.4 ms)
[29,   390] grad_stats: [3.66e-04 3.10e-05] (8.01e-06, 1.18e-03)
[29,   780] loss: 5.463815e-03 masks: 20.3 17.2 [wd: 1.57e-01] [lr: 7.50e-04] [mem: 1.33e+04] cross mse: 0.000000e+00 loss itself: 0.000000e+00 (439.7 ms)
[29,   780] grad_stats: [1.65e-04 2.15e-05] (5.96e-06, 6.60e-04)
avg. loss 5.46381519e-03
avg. cross sim matrix mse 0.00000000e+00 , avg. loss itself 0.000000e+00
time taken for epoch 0:05:57.194067
Epoch 30
[30,     0] loss: 5.510257e-03 masks: 26.0 16.0 [wd: 1.57e-01] [lr: 7.50e-04] [mem: 1.33e+04] cross mse: 0.000000e+00 loss itself: 0.000000e+00 (475.6 ms)
[30,     0] grad_stats: [2.13e-04 2.41e-05] (6.71e-06, 5.28e-04)
[30,   390] loss: 5.557587e-03 masks: 20.4 17.3 [wd: 1.61e-01] [lr: 7.40e-04] [mem: 1.33e+04] cross mse: 0.000000e+00 loss itself: 0.000000e+00 (440.1 ms)
[30,   390] grad_stats: [7.72e-05 2.31e-05] (5.40e-06, 4.92e-04)
[30,   780] loss: 5.586160e-03 masks: 20.4 17.2 [wd: 1.64e-01] [lr: 7.30e-04] [mem: 1.33e+04] cross mse: 0.000000e+00 loss itself: 0.000000e+00 (440.7 ms)
[30,   780] grad_stats: [3.69e-04 2.66e-05] (6.88e-06, 6.47e-04)
avg. loss 5.58615967e-03
avg. cross sim matrix mse 0.00000000e+00 , avg. loss itself 0.000000e+00
time taken for epoch 0:05:57.249595
Epoch 31
[31,     0] loss: 6.522504e-03 masks: 17.0 16.0 [wd: 1.64e-01] [lr: 7.30e-04] [mem: 1.33e+04] cross mse: 0.000000e+00 loss itself: 0.000000e+00 (397.9 ms)
[31,     0] grad_stats: [1.76e-04 2.62e-05] (6.21e-06, 4.44e-04)
[31,   390] loss: 5.624994e-03 masks: 20.3 17.4 [wd: 1.68e-01] [lr: 7.20e-04] [mem: 1.33e+04] cross mse: 0.000000e+00 loss itself: 0.000000e+00 (440.9 ms)
[31,   390] grad_stats: [1.04e-04 1.69e-05] (5.32e-06, 3.49e-04)
[31,   780] loss: 5.701258e-03 masks: 20.5 17.3 [wd: 1.72e-01] [lr: 7.10e-04] [mem: 1.33e+04] cross mse: 0.000000e+00 loss itself: 0.000000e+00 (441.4 ms)
[31,   780] grad_stats: [1.89e-04 2.11e-05] (6.36e-06, 4.43e-04)
avg. loss 5.70125789e-03
avg. cross sim matrix mse 0.00000000e+00 , avg. loss itself 0.000000e+00
time taken for epoch 0:05:57.849905
Epoch 32
[32,     0] loss: 5.909457e-03 masks: 24.0 16.0 [wd: 1.72e-01] [lr: 7.10e-04] [mem: 1.33e+04] cross mse: 0.000000e+00 loss itself: 0.000000e+00 (456.1 ms)
[32,     0] grad_stats: [2.44e-04 2.81e-05] (9.01e-06, 6.35e-04)
[32,   390] loss: 5.804873e-03 masks: 20.0 17.4 [wd: 1.75e-01] [lr: 6.99e-04] [mem: 1.33e+04] cross mse: 0.000000e+00 loss itself: 0.000000e+00 (438.3 ms)
[32,   390] grad_stats: [5.93e-05 2.37e-05] (5.40e-06, 3.92e-04)
[32,   780] loss: 5.837897e-03 masks: 20.0 17.4 [wd: 1.79e-01] [lr: 6.89e-04] [mem: 1.33e+04] cross mse: 0.000000e+00 loss itself: 0.000000e+00 (438.1 ms)
[32,   780] grad_stats: [1.06e-04 2.14e-05] (5.80e-06, 4.20e-04)
avg. loss 5.83789747e-03
avg. cross sim matrix mse 0.00000000e+00 , avg. loss itself 0.000000e+00
time taken for epoch 0:05:55.335182
Epoch 33
[33,     0] loss: 6.125355e-03 masks: 23.0 16.0 [wd: 1.79e-01] [lr: 6.89e-04] [mem: 1.33e+04] cross mse: 0.000000e+00 loss itself: 0.000000e+00 (450.3 ms)
[33,     0] grad_stats: [1.01e-04 2.39e-05] (6.44e-06, 7.99e-04)
[33,   390] loss: 5.957192e-03 masks: 20.5 17.2 [wd: 1.83e-01] [lr: 6.78e-04] [mem: 1.33e+04] cross mse: 0.000000e+00 loss itself: 0.000000e+00 (441.6 ms)
[33,   390] grad_stats: [9.74e-05 1.45e-05] (3.97e-06, 6.35e-04)
[33,   780] loss: 5.986590e-03 masks: 20.5 17.2 [wd: 1.86e-01] [lr: 6.68e-04] [mem: 1.33e+04] cross mse: 0.000000e+00 loss itself: 0.000000e+00 (441.1 ms)
[33,   780] grad_stats: [1.84e-04 2.12e-05] (6.72e-06, 4.27e-04)
avg. loss 5.98659023e-03
avg. cross sim matrix mse 0.00000000e+00 , avg. loss itself 0.000000e+00
time taken for epoch 0:05:57.830170
Epoch 34
[34,     0] loss: 5.667516e-03 masks: 18.0 20.0 [wd: 1.86e-01] [lr: 6.68e-04] [mem: 1.33e+04] cross mse: 0.000000e+00 loss itself: 0.000000e+00 (427.9 ms)
[34,     0] grad_stats: [1.04e-04 1.84e-05] (4.49e-06, 4.55e-04)
[34,   390] loss: 6.093309e-03 masks: 20.1 17.3 [wd: 1.90e-01] [lr: 6.57e-04] [mem: 1.33e+04] cross mse: 0.000000e+00 loss itself: 0.000000e+00 (438.5 ms)
[34,   390] grad_stats: [7.83e-05 2.17e-05] (6.06e-06, 7.52e-04)
[34,   780] loss: 6.104746e-03 masks: 20.1 17.3 [wd: 1.94e-01] [lr: 6.46e-04] [mem: 1.33e+04] cross mse: 0.000000e+00 loss itself: 0.000000e+00 (438.0 ms)
[34,   780] grad_stats: [1.52e-04 1.92e-05] (5.51e-06, 5.96e-04)
avg. loss 6.10474647e-03
avg. cross sim matrix mse 0.00000000e+00 , avg. loss itself 0.000000e+00
time taken for epoch 0:05:55.185868
Epoch 35
[35,     0] loss: 7.123861e-03 masks: 34.0 12.0 [wd: 1.94e-01] [lr: 6.46e-04] [mem: 1.33e+04] cross mse: 0.000000e+00 loss itself: 0.000000e+00 (518.1 ms)
[35,     0] grad_stats: [1.44e-04 3.52e-05] (1.08e-05, 1.13e-03)
[35,   390] loss: 6.158931e-03 masks: 20.1 17.3 [wd: 1.97e-01] [lr: 6.35e-04] [mem: 1.33e+04] cross mse: 0.000000e+00 loss itself: 0.000000e+00 (438.7 ms)
[35,   390] grad_stats: [1.50e-04 2.66e-05] (7.94e-06, 7.49e-04)
[35,   780] loss: 6.163356e-03 masks: 20.4 17.3 [wd: 2.01e-01] [lr: 6.24e-04] [mem: 1.33e+04] cross mse: 0.000000e+00 loss itself: 0.000000e+00 (440.9 ms)
[35,   780] grad_stats: [1.03e-04 3.13e-05] (8.48e-06, 4.32e-04)
avg. loss 6.16335573e-03
avg. cross sim matrix mse 0.00000000e+00 , avg. loss itself 0.000000e+00
time taken for epoch 0:05:57.446136
Epoch 36
[36,     0] loss: 6.917897e-03 masks: 33.0 12.0 [wd: 2.01e-01] [lr: 6.24e-04] [mem: 1.33e+04] cross mse: 0.000000e+00 loss itself: 0.000000e+00 (507.5 ms)
[36,     0] grad_stats: [1.48e-04 3.17e-05] (9.62e-06, 1.21e-03)
[36,   390] loss: 6.203369e-03 masks: 19.9 17.4 [wd: 2.05e-01] [lr: 6.13e-04] [mem: 1.33e+04] cross mse: 0.000000e+00 loss itself: 0.000000e+00 (437.5 ms)
[36,   390] grad_stats: [9.54e-05 2.35e-05] (7.86e-06, 4.08e-04)
[36,   780] loss: 6.270078e-03 masks: 20.4 17.2 [wd: 2.09e-01] [lr: 6.02e-04] [mem: 1.33e+04] cross mse: 0.000000e+00 loss itself: 0.000000e+00 (440.6 ms)
[36,   780] grad_stats: [8.69e-05 2.39e-05] (7.00e-06, 3.92e-04)
avg. loss 6.27007775e-03
avg. cross sim matrix mse 0.00000000e+00 , avg. loss itself 0.000000e+00
time taken for epoch 0:05:57.291747
Epoch 37
[37,     0] loss: 6.695153e-03 masks: 20.0 16.0 [wd: 2.09e-01] [lr: 6.02e-04] [mem: 1.33e+04] cross mse: 0.000000e+00 loss itself: 0.000000e+00 (423.6 ms)
[37,     0] grad_stats: [1.97e-04 2.79e-05] (8.71e-06, 7.40e-04)
[37,   390] loss: 6.321279e-03 masks: 20.2 17.3 [wd: 2.12e-01] [lr: 5.91e-04] [mem: 1.33e+04] cross mse: 0.000000e+00 loss itself: 0.000000e+00 (438.9 ms)
[37,   390] grad_stats: [1.30e-04 2.68e-05] (6.78e-06, 4.01e-04)
[37,   780] loss: 6.344021e-03 masks: 20.2 17.3 [wd: 2.16e-01] [lr: 5.80e-04] [mem: 1.33e+04] cross mse: 0.000000e+00 loss itself: 0.000000e+00 (439.5 ms)
[37,   780] grad_stats: [1.09e-04 2.29e-05] (6.78e-06, 7.00e-04)
avg. loss 6.34402059e-03
avg. cross sim matrix mse 0.00000000e+00 , avg. loss itself 0.000000e+00
time taken for epoch 0:05:56.402188
Epoch 38
[38,     0] loss: 6.748825e-03 masks: 23.0 16.0 [wd: 2.16e-01] [lr: 5.80e-04] [mem: 1.33e+04] cross mse: 0.000000e+00 loss itself: 0.000000e+00 (450.2 ms)
[38,     0] grad_stats: [1.16e-04 3.23e-05] (7.54e-06, 1.61e-03)
[38,   390] loss: 6.372257e-03 masks: 20.2 17.4 [wd: 2.20e-01] [lr: 5.69e-04] [mem: 1.33e+04] cross mse: 0.000000e+00 loss itself: 0.000000e+00 (440.0 ms)
[38,   390] grad_stats: [2.25e-04 2.88e-05] (8.34e-06, 9.33e-04)
[38,   780] loss: 6.396660e-03 masks: 20.3 17.3 [wd: 2.24e-01] [lr: 5.57e-04] [mem: 1.33e+04] cross mse: 0.000000e+00 loss itself: 0.000000e+00 (440.4 ms)
[38,   780] grad_stats: [7.27e-05 2.33e-05] (6.14e-06, 6.54e-04)
avg. loss 6.39665952e-03
avg. cross sim matrix mse 0.00000000e+00 , avg. loss itself 0.000000e+00
time taken for epoch 0:05:57.003776
Epoch 39
[39,     0] loss: 6.014262e-03 masks: 16.0 20.0 [wd: 2.24e-01] [lr: 5.57e-04] [mem: 1.33e+04] cross mse: 0.000000e+00 loss itself: 0.000000e+00 (408.0 ms)
[39,     0] grad_stats: [8.52e-05 2.30e-05] (7.96e-06, 5.95e-04)
[39,   390] loss: 6.429416e-03 masks: 20.1 17.4 [wd: 2.28e-01] [lr: 5.46e-04] [mem: 1.33e+04] cross mse: 0.000000e+00 loss itself: 0.000000e+00 (439.5 ms)
[39,   390] grad_stats: [9.20e-05 2.23e-05] (6.90e-06, 4.81e-04)
[39,   780] loss: 6.476003e-03 masks: 20.3 17.3 [wd: 2.31e-01] [lr: 5.35e-04] [mem: 1.33e+04] cross mse: 0.000000e+00 loss itself: 0.000000e+00 (440.0 ms)
[39,   780] grad_stats: [1.14e-04 3.88e-05] (1.33e-05, 2.18e-03)
avg. loss 6.47600288e-03
avg. cross sim matrix mse 0.00000000e+00 , avg. loss itself 0.000000e+00
time taken for epoch 0:05:57.628251
Epoch 40
[40,     0] loss: 5.758655e-03 masks: 16.0 20.0 [wd: 2.31e-01] [lr: 5.35e-04] [mem: 1.33e+04] cross mse: 0.000000e+00 loss itself: 0.000000e+00 (408.3 ms)
[40,     0] grad_stats: [1.14e-04 3.06e-05] (9.47e-06, 1.31e-03)
[40,   390] loss: 6.459062e-03 masks: 19.7 17.6 [wd: 2.35e-01] [lr: 5.23e-04] [mem: 1.33e+04] cross mse: 0.000000e+00 loss itself: 0.000000e+00 (436.3 ms)
[40,   390] grad_stats: [8.74e-05 3.17e-05] (8.26e-06, 4.28e-04)
[40,   780] loss: 6.496519e-03 masks: 20.0 17.4 [wd: 2.39e-01] [lr: 5.12e-04] [mem: 1.33e+04] cross mse: 0.000000e+00 loss itself: 0.000000e+00 (438.1 ms)
[40,   780] grad_stats: [1.68e-04 3.82e-05] (1.07e-05, 9.68e-04)
avg. loss 6.49651910e-03
avg. cross sim matrix mse 0.00000000e+00 , avg. loss itself 0.000000e+00
time taken for epoch 0:05:55.254717
Epoch 41
[41,     0] loss: 7.030471e-03 masks: 20.0 16.0 [wd: 2.39e-01] [lr: 5.12e-04] [mem: 1.33e+04] cross mse: 0.000000e+00 loss itself: 0.000000e+00 (423.5 ms)
[41,     0] grad_stats: [1.55e-04 3.29e-05] (9.57e-06, 8.55e-04)
[41,   390] loss: 6.504157e-03 masks: 20.4 17.3 [wd: 2.43e-01] [lr: 5.00e-04] [mem: 1.33e+04] cross mse: 0.000000e+00 loss itself: 0.000000e+00 (441.1 ms)
[41,   390] grad_stats: [2.28e-04 2.85e-05] (9.68e-06, 9.75e-04)
[41,   780] loss: 6.561803e-03 masks: 20.4 17.3 [wd: 2.46e-01] [lr: 4.89e-04] [mem: 1.33e+04] cross mse: 0.000000e+00 loss itself: 0.000000e+00 (441.0 ms)
[41,   780] grad_stats: [1.28e-04 3.04e-05] (9.61e-06, 4.89e-04)
avg. loss 6.56180283e-03
avg. cross sim matrix mse 0.00000000e+00 , avg. loss itself 0.000000e+00
time taken for epoch 0:05:57.461974
Epoch 42
[42,     0] loss: 5.618846e-03 masks: 16.0 20.0 [wd: 2.46e-01] [lr: 4.89e-04] [mem: 1.33e+04] cross mse: 0.000000e+00 loss itself: 0.000000e+00 (408.2 ms)
[42,     0] grad_stats: [1.82e-04 2.39e-05] (8.02e-06, 9.82e-04)
[42,   390] loss: 6.543598e-03 masks: 20.0 17.4 [wd: 2.50e-01] [lr: 4.78e-04] [mem: 1.33e+04] cross mse: 0.000000e+00 loss itself: 0.000000e+00 (438.5 ms)
[42,   390] grad_stats: [1.30e-04 2.97e-05] (1.18e-05, 1.52e-03)
[42,   780] loss: 6.574322e-03 masks: 20.3 17.3 [wd: 2.54e-01] [lr: 4.66e-04] [mem: 1.33e+04] cross mse: 0.000000e+00 loss itself: 0.000000e+00 (440.2 ms)
[42,   780] grad_stats: [2.09e-04 4.25e-05] (1.56e-05, 1.85e-03)
avg. loss 6.57432153e-03
avg. cross sim matrix mse 0.00000000e+00 , avg. loss itself 0.000000e+00
time taken for epoch 0:05:56.924567
Epoch 43
[43,     0] loss: 7.131116e-03 masks: 20.0 16.0 [wd: 2.54e-01] [lr: 4.66e-04] [mem: 1.33e+04] cross mse: 0.000000e+00 loss itself: 0.000000e+00 (423.3 ms)
[43,     0] grad_stats: [5.27e-05 2.64e-05] (8.39e-06, 6.35e-04)
[43,   390] loss: 6.637016e-03 masks: 20.1 17.3 [wd: 2.57e-01] [lr: 4.55e-04] [mem: 1.33e+04] cross mse: 0.000000e+00 loss itself: 0.000000e+00 (438.3 ms)
[43,   390] grad_stats: [7.14e-05 2.95e-05] (8.70e-06, 9.79e-04)
[43,   780] loss: 6.643117e-03 masks: 20.2 17.3 [wd: 2.61e-01] [lr: 4.44e-04] [mem: 1.33e+04] cross mse: 0.000000e+00 loss itself: 0.000000e+00 (439.6 ms)
[43,   780] grad_stats: [7.96e-05 3.29e-05] (7.90e-06, 7.27e-04)
avg. loss 6.64311658e-03
avg. cross sim matrix mse 0.00000000e+00 , avg. loss itself 0.000000e+00
time taken for epoch 0:05:56.428748
Epoch 44
[44,     0] loss: 6.395378e-03 masks: 13.0 20.0 [wd: 2.61e-01] [lr: 4.44e-04] [mem: 1.33e+04] cross mse: 0.000000e+00 loss itself: 0.000000e+00 (383.8 ms)
[44,     0] grad_stats: [5.18e-05 2.65e-05] (8.46e-06, 9.56e-04)
[44,   390] loss: 6.667246e-03 masks: 20.3 17.2 [wd: 2.65e-01] [lr: 4.32e-04] [mem: 1.33e+04] cross mse: 0.000000e+00 loss itself: 0.000000e+00 (439.7 ms)
[44,   390] grad_stats: [5.44e-05 2.95e-05] (9.64e-06, 1.44e-03)
[44,   780] loss: 6.678802e-03 masks: 20.5 17.2 [wd: 2.68e-01] [lr: 4.21e-04] [mem: 1.33e+04] cross mse: 0.000000e+00 loss itself: 0.000000e+00 (441.2 ms)
[44,   780] grad_stats: [1.50e-04 2.97e-05] (1.02e-05, 8.86e-04)
avg. loss 6.67880195e-03
avg. cross sim matrix mse 0.00000000e+00 , avg. loss itself 0.000000e+00
time taken for epoch 0:05:57.781091
Epoch 45
[45,     0] loss: 7.073020e-03 masks: 20.0 16.0 [wd: 2.68e-01] [lr: 4.21e-04] [mem: 1.33e+04] cross mse: 0.000000e+00 loss itself: 0.000000e+00 (423.3 ms)
[45,     0] grad_stats: [1.01e-04 3.06e-05] (1.03e-05, 8.61e-04)
[45,   390] loss: 6.617098e-03 masks: 20.3 17.4 [wd: 2.72e-01] [lr: 4.10e-04] [mem: 1.33e+04] cross mse: 0.000000e+00 loss itself: 0.000000e+00 (440.5 ms)
[45,   390] grad_stats: [9.73e-05 3.22e-05] (1.14e-05, 6.41e-04)
[45,   780] loss: 6.655855e-03 masks: 20.4 17.2 [wd: 2.76e-01] [lr: 3.99e-04] [mem: 1.33e+04] cross mse: 0.000000e+00 loss itself: 0.000000e+00 (441.1 ms)
[45,   780] grad_stats: [1.21e-04 3.40e-05] (1.34e-05, 9.41e-04)
avg. loss 6.65585511e-03
avg. cross sim matrix mse 0.00000000e+00 , avg. loss itself 0.000000e+00
time taken for epoch 0:05:57.627450
Epoch 46
[46,     0] loss: 6.808623e-03 masks: 20.0 16.0 [wd: 2.76e-01] [lr: 3.99e-04] [mem: 1.33e+04] cross mse: 0.000000e+00 loss itself: 0.000000e+00 (423.6 ms)
[46,     0] grad_stats: [9.76e-05 3.56e-05] (9.66e-06, 7.93e-04)
[46,   390] loss: 6.628183e-03 masks: 20.7 17.2 [wd: 2.79e-01] [lr: 3.88e-04] [mem: 1.33e+04] cross mse: 0.000000e+00 loss itself: 0.000000e+00 (443.9 ms)
[46,   390] grad_stats: [1.03e-04 3.07e-05] (8.57e-06, 5.66e-04)
[46,   780] loss: 6.660305e-03 masks: 20.6 17.2 [wd: 2.83e-01] [lr: 3.77e-04] [mem: 1.33e+04] cross mse: 0.000000e+00 loss itself: 0.000000e+00 (443.2 ms)
[46,   780] grad_stats: [1.42e-04 3.28e-05] (1.21e-05, 6.87e-04)
avg. loss 6.66030513e-03
avg. cross sim matrix mse 0.00000000e+00 , avg. loss itself 0.000000e+00
time taken for epoch 0:05:59.281892
Epoch 47
[47,     0] loss: 6.820106e-03 masks: 26.0 16.0 [wd: 2.83e-01] [lr: 3.77e-04] [mem: 1.33e+04] cross mse: 0.000000e+00 loss itself: 0.000000e+00 (476.3 ms)
[47,     0] grad_stats: [8.30e-05 3.92e-05] (1.27e-05, 1.66e-03)
[47,   390] loss: 6.692791e-03 masks: 20.6 17.1 [wd: 2.86e-01] [lr: 3.66e-04] [mem: 1.33e+04] cross mse: 0.000000e+00 loss itself: 0.000000e+00 (441.8 ms)
[47,   390] grad_stats: [1.42e-04 3.29e-05] (1.19e-05, 7.84e-04)
[47,   780] loss: 6.685626e-03 masks: 20.5 17.2 [wd: 2.90e-01] [lr: 3.55e-04] [mem: 1.33e+04] cross mse: 0.000000e+00 loss itself: 0.000000e+00 (441.6 ms)
[47,   780] grad_stats: [1.30e-04 3.17e-05] (1.35e-05, 8.75e-04)
avg. loss 6.68562585e-03
avg. cross sim matrix mse 0.00000000e+00 , avg. loss itself 0.000000e+00
time taken for epoch 0:05:57.897159
Epoch 48
[48,     0] loss: 6.135768e-03 masks: 16.0 20.0 [wd: 2.90e-01] [lr: 3.55e-04] [mem: 1.33e+04] cross mse: 0.000000e+00 loss itself: 0.000000e+00 (408.0 ms)
[48,     0] grad_stats: [7.36e-05 2.79e-05] (1.14e-05, 8.84e-04)
[48,   390] loss: 6.698274e-03 masks: 20.2 17.3 [wd: 2.93e-01] [lr: 3.44e-04] [mem: 1.33e+04] cross mse: 0.000000e+00 loss itself: 0.000000e+00 (439.5 ms)
[48,   390] grad_stats: [7.40e-05 3.46e-05] (1.22e-05, 7.51e-04)
[48,   780] loss: 6.691685e-03 masks: 20.4 17.3 [wd: 2.97e-01] [lr: 3.33e-04] [mem: 1.33e+04] cross mse: 0.000000e+00 loss itself: 0.000000e+00 (441.5 ms)
[48,   780] grad_stats: [1.13e-04 3.38e-05] (1.14e-05, 9.85e-04)
avg. loss 6.69168504e-03
avg. cross sim matrix mse 0.00000000e+00 , avg. loss itself 0.000000e+00
time taken for epoch 0:05:57.901157
Epoch 49
[49,     0] loss: 7.095329e-03 masks: 21.0 16.0 [wd: 2.97e-01] [lr: 3.33e-04] [mem: 1.33e+04] cross mse: 0.000000e+00 loss itself: 0.000000e+00 (430.3 ms)
[49,     0] grad_stats: [1.15e-04 4.34e-05] (1.49e-05, 1.32e-03)
[49,   390] loss: 6.679223e-03 masks: 19.8 17.4 [wd: 3.00e-01] [lr: 3.23e-04] [mem: 1.33e+04] cross mse: 0.000000e+00 loss itself: 0.000000e+00 (436.7 ms)
[49,   390] grad_stats: [7.42e-05 3.86e-05] (1.36e-05, 9.89e-04)
[49,   780] loss: 6.690811e-03 masks: 20.0 17.4 [wd: 3.03e-01] [lr: 3.12e-04] [mem: 1.33e+04] cross mse: 0.000000e+00 loss itself: 0.000000e+00 (438.2 ms)
[49,   780] grad_stats: [9.65e-05 3.38e-05] (1.20e-05, 6.99e-04)
avg. loss 6.69081092e-03
avg. cross sim matrix mse 0.00000000e+00 , avg. loss itself 0.000000e+00
time taken for epoch 0:05:56.033900
Epoch 50
[50,     0] loss: 7.210929e-03 masks: 21.0 16.0 [wd: 3.03e-01] [lr: 3.12e-04] [mem: 1.33e+04] cross mse: 0.000000e+00 loss itself: 0.000000e+00 (430.2 ms)
[50,     0] grad_stats: [2.06e-04 4.95e-05] (1.67e-05, 8.89e-04)
[50,   390] loss: 6.720377e-03 masks: 20.3 17.2 [wd: 3.07e-01] [lr: 3.01e-04] [mem: 1.33e+04] cross mse: 0.000000e+00 loss itself: 0.000000e+00 (440.4 ms)
[50,   390] grad_stats: [2.08e-04 4.39e-05] (1.67e-05, 1.44e-03)
[50,   780] loss: 6.709301e-03 masks: 20.2 17.3 [wd: 3.10e-01] [lr: 2.91e-04] [mem: 1.33e+04] cross mse: 0.000000e+00 loss itself: 0.000000e+00 (439.7 ms)
[50,   780] grad_stats: [9.92e-05 4.92e-05] (1.84e-05, 2.16e-03)
avg. loss 6.70930070e-03
avg. cross sim matrix mse 0.00000000e+00 , avg. loss itself 0.000000e+00
time taken for epoch 0:05:56.496595
Epoch 51
[51,     0] loss: 5.849425e-03 masks: 18.0 20.0 [wd: 3.10e-01] [lr: 2.91e-04] [mem: 1.33e+04] cross mse: 0.000000e+00 loss itself: 0.000000e+00 (428.3 ms)
[51,     0] grad_stats: [8.92e-05 3.57e-05] (1.34e-05, 1.18e-03)
[51,   390] loss: 6.712496e-03 masks: 20.5 17.2 [wd: 3.13e-01] [lr: 2.81e-04] [mem: 1.33e+04] cross mse: 0.000000e+00 loss itself: 0.000000e+00 (441.4 ms)
[51,   390] grad_stats: [1.08e-04 3.13e-05] (1.29e-05, 7.34e-04)
[51,   780] loss: 6.731554e-03 masks: 20.5 17.2 [wd: 3.16e-01] [lr: 2.71e-04] [mem: 1.33e+04] cross mse: 0.000000e+00 loss itself: 0.000000e+00 (442.0 ms)
[51,   780] grad_stats: [9.99e-05 3.66e-05] (1.51e-05, 6.90e-04)
avg. loss 6.73155421e-03
avg. cross sim matrix mse 0.00000000e+00 , avg. loss itself 0.000000e+00
time taken for epoch 0:05:58.343098
Epoch 52
[52,     0] loss: 7.044278e-03 masks: 23.0 16.0 [wd: 3.16e-01] [lr: 2.71e-04] [mem: 1.33e+04] cross mse: 0.000000e+00 loss itself: 0.000000e+00 (450.3 ms)
[52,     0] grad_stats: [1.84e-04 4.04e-05] (1.62e-05, 7.50e-04)
[52,   390] loss: 6.722940e-03 masks: 20.1 17.4 [wd: 3.20e-01] [lr: 2.61e-04] [mem: 1.33e+04] cross mse: 0.000000e+00 loss itself: 0.000000e+00 (439.8 ms)
[52,   390] grad_stats: [8.63e-05 3.41e-05] (1.30e-05, 7.74e-04)
[52,   780] loss: 6.705667e-03 masks: 20.2 17.4 [wd: 3.23e-01] [lr: 2.51e-04] [mem: 1.33e+04] cross mse: 0.000000e+00 loss itself: 0.000000e+00 (440.1 ms)
[52,   780] grad_stats: [1.14e-04 3.55e-05] (1.34e-05, 7.63e-04)
avg. loss 6.70566714e-03
avg. cross sim matrix mse 0.00000000e+00 , avg. loss itself 0.000000e+00
time taken for epoch 0:05:56.961262
Epoch 53
[53,     0] loss: 6.982265e-03 masks: 23.0 16.0 [wd: 3.23e-01] [lr: 2.51e-04] [mem: 1.33e+04] cross mse: 0.000000e+00 loss itself: 0.000000e+00 (451.2 ms)
[53,     0] grad_stats: [1.57e-04 3.75e-05] (1.38e-05, 8.03e-04)
[53,   390] loss: 6.719490e-03 masks: 20.4 17.2 [wd: 3.26e-01] [lr: 2.41e-04] [mem: 1.33e+04] cross mse: 0.000000e+00 loss itself: 0.000000e+00 (441.1 ms)
[53,   390] grad_stats: [8.88e-05 4.79e-05] (1.45e-05, 2.84e-03)
[53,   780] loss: 6.708884e-03 masks: 20.3 17.3 [wd: 3.29e-01] [lr: 2.31e-04] [mem: 1.33e+04] cross mse: 0.000000e+00 loss itself: 0.000000e+00 (440.7 ms)
[53,   780] grad_stats: [8.82e-05 3.77e-05] (1.58e-05, 8.38e-04)
avg. loss 6.70888416e-03
avg. cross sim matrix mse 0.00000000e+00 , avg. loss itself 0.000000e+00
time taken for epoch 0:05:57.229727
Epoch 54
[54,     0] loss: 6.039337e-03 masks: 14.0 20.0 [wd: 3.29e-01] [lr: 2.31e-04] [mem: 1.33e+04] cross mse: 0.000000e+00 loss itself: 0.000000e+00 (394.6 ms)
[54,     0] grad_stats: [6.50e-05 4.33e-05] (1.37e-05, 5.42e-04)
[54,   390] loss: 6.641705e-03 masks: 19.7 17.6 [wd: 3.32e-01] [lr: 2.22e-04] [mem: 1.33e+04] cross mse: 0.000000e+00 loss itself: 0.000000e+00 (437.2 ms)
[54,   390] grad_stats: [9.92e-05 4.00e-05] (1.51e-05, 8.75e-04)
[54,   780] loss: 6.674032e-03 masks: 19.9 17.4 [wd: 3.35e-01] [lr: 2.12e-04] [mem: 1.33e+04] cross mse: 0.000000e+00 loss itself: 0.000000e+00 (437.9 ms)
[54,   780] grad_stats: [1.95e-04 5.20e-05] (1.78e-05, 1.00e-03)
avg. loss 6.67403197e-03
avg. cross sim matrix mse 0.00000000e+00 , avg. loss itself 0.000000e+00
time taken for epoch 0:05:55.201708
Epoch 55
[55,     0] loss: 6.293486e-03 masks: 14.0 20.0 [wd: 3.35e-01] [lr: 2.12e-04] [mem: 1.33e+04] cross mse: 0.000000e+00 loss itself: 0.000000e+00 (393.2 ms)
[55,     0] grad_stats: [1.06e-04 4.18e-05] (1.51e-05, 7.62e-04)
[55,   390] loss: 6.673283e-03 masks: 19.5 17.5 [wd: 3.38e-01] [lr: 2.03e-04] [mem: 1.33e+04] cross mse: 0.000000e+00 loss itself: 0.000000e+00 (434.9 ms)
[55,   390] grad_stats: [1.47e-04 4.44e-05] (1.79e-05, 1.34e-03)
[55,   780] loss: 6.670450e-03 masks: 19.9 17.4 [wd: 3.40e-01] [lr: 1.94e-04] [mem: 1.33e+04] cross mse: 0.000000e+00 loss itself: 0.000000e+00 (438.2 ms)
[55,   780] grad_stats: [9.14e-05 5.19e-05] (1.88e-05, 1.25e-03)
avg. loss 6.67044984e-03
avg. cross sim matrix mse 0.00000000e+00 , avg. loss itself 0.000000e+00
time taken for epoch 0:05:55.316305
Epoch 56
[56,     0] loss: 7.667130e-03 masks: 36.0 12.0 [wd: 3.40e-01] [lr: 1.94e-04] [mem: 1.33e+04] cross mse: 0.000000e+00 loss itself: 0.000000e+00 (536.4 ms)
[56,     0] grad_stats: [1.26e-04 4.76e-05] (1.87e-05, 1.09e-03)
[56,   390] loss: 6.723327e-03 masks: 21.3 16.9 [wd: 3.43e-01] [lr: 1.85e-04] [mem: 1.33e+04] cross mse: 0.000000e+00 loss itself: 0.000000e+00 (447.4 ms)
[56,   390] grad_stats: [5.65e-05 4.17e-05] (1.71e-05, 6.13e-04)
[56,   780] loss: 6.685374e-03 masks: 20.8 17.1 [wd: 3.46e-01] [lr: 1.77e-04] [mem: 1.33e+04] cross mse: 0.000000e+00 loss itself: 0.000000e+00 (444.3 ms)
[56,   780] grad_stats: [8.15e-05 4.12e-05] (1.30e-05, 7.20e-04)
avg. loss 6.68537421e-03
avg. cross sim matrix mse 0.00000000e+00 , avg. loss itself 0.000000e+00
time taken for epoch 0:06:00.205982
Epoch 57
[57,     0] loss: 7.008199e-03 masks: 21.0 16.0 [wd: 3.46e-01] [lr: 1.77e-04] [mem: 1.33e+04] cross mse: 0.000000e+00 loss itself: 0.000000e+00 (430.9 ms)
[57,     0] grad_stats: [1.00e-04 4.22e-05] (1.68e-05, 9.17e-04)
[57,   390] loss: 6.718069e-03 masks: 20.1 17.2 [wd: 3.49e-01] [lr: 1.68e-04] [mem: 1.33e+04] cross mse: 0.000000e+00 loss itself: 0.000000e+00 (438.6 ms)
[57,   390] grad_stats: [1.15e-04 4.50e-05] (1.68e-05, 1.04e-03)
[57,   780] loss: 6.686481e-03 masks: 20.1 17.3 [wd: 3.51e-01] [lr: 1.60e-04] [mem: 1.33e+04] cross mse: 0.000000e+00 loss itself: 0.000000e+00 (439.3 ms)
[57,   780] grad_stats: [1.10e-04 4.03e-05] (1.74e-05, 8.34e-04)
avg. loss 6.68648068e-03
avg. cross sim matrix mse 0.00000000e+00 , avg. loss itself 0.000000e+00
time taken for epoch 0:05:56.210294
Epoch 58
[58,     0] loss: 7.066801e-03 masks: 23.0 16.0 [wd: 3.51e-01] [lr: 1.60e-04] [mem: 1.33e+04] cross mse: 0.000000e+00 loss itself: 0.000000e+00 (450.5 ms)
[58,     0] grad_stats: [8.09e-05 4.74e-05] (1.97e-05, 8.45e-04)
[58,   390] loss: 6.665207e-03 masks: 20.4 17.3 [wd: 3.54e-01] [lr: 1.51e-04] [mem: 1.33e+04] cross mse: 0.000000e+00 loss itself: 0.000000e+00 (441.7 ms)
[58,   390] grad_stats: [1.42e-04 5.03e-05] (2.12e-05, 1.53e-03)
[58,   780] loss: 6.673046e-03 masks: 20.5 17.2 [wd: 3.56e-01] [lr: 1.43e-04] [mem: 1.33e+04] cross mse: 0.000000e+00 loss itself: 0.000000e+00 (442.2 ms)
[58,   780] grad_stats: [1.47e-04 5.72e-05] (1.98e-05, 1.91e-03)
avg. loss 6.67304641e-03
avg. cross sim matrix mse 0.00000000e+00 , avg. loss itself 0.000000e+00
time taken for epoch 0:05:58.415087
Epoch 59
[59,     0] loss: 6.081260e-03 masks: 19.0 20.0 [wd: 3.56e-01] [lr: 1.43e-04] [mem: 1.33e+04] cross mse: 0.000000e+00 loss itself: 0.000000e+00 (440.6 ms)
[59,     0] grad_stats: [1.05e-04 4.37e-05] (1.66e-05, 1.00e-03)
[59,   390] loss: 6.608967e-03 masks: 20.1 17.5 [wd: 3.59e-01] [lr: 1.35e-04] [mem: 1.33e+04] cross mse: 0.000000e+00 loss itself: 0.000000e+00 (439.9 ms)
[59,   390] grad_stats: [9.71e-05 4.59e-05] (1.84e-05, 9.19e-04)
[59,   780] loss: 6.622436e-03 masks: 20.3 17.4 [wd: 3.61e-01] [lr: 1.28e-04] [mem: 1.33e+04] cross mse: 0.000000e+00 loss itself: 0.000000e+00 (441.0 ms)
[59,   780] grad_stats: [1.00e-04 5.54e-05] (2.10e-05, 1.30e-03)
avg. loss 6.62243579e-03
avg. cross sim matrix mse 0.00000000e+00 , avg. loss itself 0.000000e+00
time taken for epoch 0:05:58.321392
Epoch 60
[60,     0] loss: 5.684873e-03 masks: 19.0 20.0 [wd: 3.61e-01] [lr: 1.28e-04] [mem: 1.33e+04] cross mse: 0.000000e+00 loss itself: 0.000000e+00 (440.9 ms)
[60,     0] grad_stats: [1.48e-04 5.03e-05] (1.69e-05, 8.83e-04)
[60,   390] loss: 6.620881e-03 masks: 19.8 17.4 [wd: 3.63e-01] [lr: 1.20e-04] [mem: 1.33e+04] cross mse: 0.000000e+00 loss itself: 0.000000e+00 (437.0 ms)
[60,   390] grad_stats: [1.07e-04 4.88e-05] (1.93e-05, 1.08e-03)
[60,   780] loss: 6.628578e-03 masks: 20.1 17.3 [wd: 3.66e-01] [lr: 1.13e-04] [mem: 1.33e+04] cross mse: 0.000000e+00 loss itself: 0.000000e+00 (439.3 ms)
[60,   780] grad_stats: [1.35e-04 4.48e-05] (1.67e-05, 8.09e-04)
avg. loss 6.62857756e-03
avg. cross sim matrix mse 0.00000000e+00 , avg. loss itself 0.000000e+00
time taken for epoch 0:05:56.338195
Epoch 61
[61,     0] loss: 6.709467e-03 masks: 12.0 20.0 [wd: 3.66e-01] [lr: 1.13e-04] [mem: 1.33e+04] cross mse: 0.000000e+00 loss itself: 0.000000e+00 (371.5 ms)
[61,     0] grad_stats: [1.33e-04 4.79e-05] (1.70e-05, 1.08e-03)
[61,   390] loss: 6.648066e-03 masks: 20.3 17.2 [wd: 3.68e-01] [lr: 1.06e-04] [mem: 1.33e+04] cross mse: 0.000000e+00 loss itself: 0.000000e+00 (440.4 ms)
[61,   390] grad_stats: [1.04e-04 5.02e-05] (1.87e-05, 1.38e-03)
[61,   780] loss: 6.640750e-03 masks: 20.3 17.3 [wd: 3.70e-01] [lr: 9.91e-05] [mem: 1.33e+04] cross mse: 0.000000e+00 loss itself: 0.000000e+00 (440.1 ms)
[61,   780] grad_stats: [1.47e-04 5.55e-05] (2.16e-05, 1.75e-03)
avg. loss 6.64074959e-03
avg. cross sim matrix mse 0.00000000e+00 , avg. loss itself 0.000000e+00
time taken for epoch 0:05:56.875552
Epoch 62
[62,     0] loss: 7.844063e-03 masks: 33.0 12.0 [wd: 3.70e-01] [lr: 9.91e-05] [mem: 1.33e+04] cross mse: 0.000000e+00 loss itself: 0.000000e+00 (508.8 ms)
[62,     0] grad_stats: [1.10e-04 5.54e-05] (2.20e-05, 1.47e-03)
[62,   390] loss: 6.642482e-03 masks: 20.4 17.2 [wd: 3.72e-01] [lr: 9.24e-05] [mem: 1.33e+04] cross mse: 0.000000e+00 loss itself: 0.000000e+00 (440.4 ms)
[62,   390] grad_stats: [1.17e-04 5.61e-05] (2.38e-05, 1.22e-03)
[62,   780] loss: 6.629635e-03 masks: 20.3 17.2 [wd: 3.74e-01] [lr: 8.60e-05] [mem: 1.33e+04] cross mse: 0.000000e+00 loss itself: 0.000000e+00 (440.3 ms)
[62,   780] grad_stats: [7.83e-05 5.59e-05] (1.97e-05, 1.41e-03)
avg. loss 6.62963472e-03
avg. cross sim matrix mse 0.00000000e+00 , avg. loss itself 0.000000e+00
time taken for epoch 0:05:57.009933
Epoch 63
[63,     0] loss: 6.772652e-03 masks: 21.0 16.0 [wd: 3.74e-01] [lr: 8.60e-05] [mem: 1.33e+04] cross mse: 0.000000e+00 loss itself: 0.000000e+00 (429.5 ms)
[63,     0] grad_stats: [5.69e-05 5.98e-05] (1.94e-05, 1.09e-03)
[63,   390] loss: 6.612919e-03 masks: 20.2 17.3 [wd: 3.76e-01] [lr: 7.97e-05] [mem: 1.33e+04] cross mse: 0.000000e+00 loss itself: 0.000000e+00 (439.0 ms)
[63,   390] grad_stats: [1.38e-04 4.91e-05] (1.83e-05, 1.14e-03)
[63,   780] loss: 6.611876e-03 masks: 20.3 17.2 [wd: 3.78e-01] [lr: 7.37e-05] [mem: 1.33e+04] cross mse: 0.000000e+00 loss itself: 0.000000e+00 (440.2 ms)
[63,   780] grad_stats: [1.56e-04 4.80e-05] (1.92e-05, 1.33e-03)
avg. loss 6.61187583e-03
avg. cross sim matrix mse 0.00000000e+00 , avg. loss itself 0.000000e+00
time taken for epoch 0:05:56.877951
Epoch 64
[64,     0] loss: 6.166762e-03 masks: 16.0 20.0 [wd: 3.78e-01] [lr: 7.37e-05] [mem: 1.33e+04] cross mse: 0.000000e+00 loss itself: 0.000000e+00 (407.8 ms)
[64,     0] grad_stats: [8.45e-05 4.27e-05] (1.77e-05, 1.31e-03)
[64,   390] loss: 6.613294e-03 masks: 20.4 17.1 [wd: 3.80e-01] [lr: 6.79e-05] [mem: 1.33e+04] cross mse: 0.000000e+00 loss itself: 0.000000e+00 (440.6 ms)
[64,   390] grad_stats: [7.24e-05 5.49e-05] (2.11e-05, 9.01e-04)
[64,   780] loss: 6.580053e-03 masks: 20.3 17.2 [wd: 3.81e-01] [lr: 6.23e-05] [mem: 1.33e+04] cross mse: 0.000000e+00 loss itself: 0.000000e+00 (439.9 ms)
[64,   780] grad_stats: [1.10e-04 5.60e-05] (2.29e-05, 2.10e-03)
avg. loss 6.58005263e-03
avg. cross sim matrix mse 0.00000000e+00 , avg. loss itself 0.000000e+00
time taken for epoch 0:05:56.692817
Epoch 65
[65,     0] loss: 7.012281e-03 masks: 21.0 16.0 [wd: 3.81e-01] [lr: 6.23e-05] [mem: 1.33e+04] cross mse: 0.000000e+00 loss itself: 0.000000e+00 (430.2 ms)
[65,     0] grad_stats: [6.76e-05 5.35e-05] (2.09e-05, 9.71e-04)
[65,   390] loss: 6.487327e-03 masks: 20.0 17.5 [wd: 3.83e-01] [lr: 5.70e-05] [mem: 1.33e+04] cross mse: 0.000000e+00 loss itself: 0.000000e+00 (438.9 ms)
[65,   390] grad_stats: [2.02e-04 6.17e-05] (2.77e-05, 2.07e-03)
[65,   780] loss: 6.482657e-03 masks: 20.2 17.4 [wd: 3.84e-01] [lr: 5.19e-05] [mem: 1.33e+04] cross mse: 0.000000e+00 loss itself: 0.000000e+00 (440.3 ms)
[65,   780] grad_stats: [9.93e-05 5.52e-05] (2.39e-05, 1.12e-03)
avg. loss 6.48265733e-03
avg. cross sim matrix mse 0.00000000e+00 , avg. loss itself 0.000000e+00
time taken for epoch 0:05:56.989551
Epoch 66
[66,     0] loss: 6.690921e-03 masks: 23.0 16.0 [wd: 3.84e-01] [lr: 5.19e-05] [mem: 1.33e+04] cross mse: 0.000000e+00 loss itself: 0.000000e+00 (450.3 ms)
[66,     0] grad_stats: [7.09e-05 5.38e-05] (2.38e-05, 1.36e-03)
[66,   390] loss: 6.534088e-03 masks: 20.6 17.1 [wd: 3.86e-01] [lr: 4.70e-05] [mem: 1.33e+04] cross mse: 0.000000e+00 loss itself: 0.000000e+00 (442.5 ms)
[66,   390] grad_stats: [1.09e-04 5.33e-05] (2.33e-05, 1.11e-03)
[66,   780] loss: 6.482036e-03 masks: 20.2 17.3 [wd: 3.87e-01] [lr: 4.24e-05] [mem: 1.33e+04] cross mse: 0.000000e+00 loss itself: 0.000000e+00 (440.0 ms)
[66,   780] grad_stats: [1.02e-04 4.95e-05] (1.85e-05, 1.37e-03)
avg. loss 6.48203640e-03
avg. cross sim matrix mse 0.00000000e+00 , avg. loss itself 0.000000e+00
time taken for epoch 0:05:56.924167
Epoch 67
[67,     0] loss: 5.527483e-03 masks: 19.0 20.0 [wd: 3.87e-01] [lr: 4.23e-05] [mem: 1.33e+04] cross mse: 0.000000e+00 loss itself: 0.000000e+00 (440.5 ms)
[67,     0] grad_stats: [8.57e-05 5.53e-05] (2.04e-05, 1.45e-03)
[67,   390] loss: 6.499605e-03 masks: 20.4 17.2 [wd: 3.89e-01] [lr: 3.79e-05] [mem: 1.33e+04] cross mse: 0.000000e+00 loss itself: 0.000000e+00 (440.9 ms)
[67,   390] grad_stats: [9.60e-05 5.97e-05] (2.44e-05, 1.16e-03)
[67,   780] loss: 6.472483e-03 masks: 20.3 17.3 [wd: 3.90e-01] [lr: 3.38e-05] [mem: 1.33e+04] cross mse: 0.000000e+00 loss itself: 0.000000e+00 (440.3 ms)
[67,   780] grad_stats: [6.63e-05 4.37e-05] (1.68e-05, 8.37e-04)
avg. loss 6.47248310e-03
avg. cross sim matrix mse 0.00000000e+00 , avg. loss itself 0.000000e+00
time taken for epoch 0:05:57.044512
Epoch 68
[68,     0] loss: 7.042055e-03 masks: 20.0 16.0 [wd: 3.90e-01] [lr: 3.38e-05] [mem: 1.33e+04] cross mse: 0.000000e+00 loss itself: 0.000000e+00 (423.8 ms)
[68,     0] grad_stats: [8.49e-05 5.77e-05] (2.45e-05, 1.18e-03)
[68,   390] loss: 6.438656e-03 masks: 20.0 17.4 [wd: 3.91e-01] [lr: 2.98e-05] [mem: 1.33e+04] cross mse: 0.000000e+00 loss itself: 0.000000e+00 (438.0 ms)
[68,   390] grad_stats: [9.81e-05 5.45e-05] (2.35e-05, 1.21e-03)
[68,   780] loss: 6.448588e-03 masks: 20.3 17.2 [wd: 3.92e-01] [lr: 2.62e-05] [mem: 1.33e+04] cross mse: 0.000000e+00 loss itself: 0.000000e+00 (440.1 ms)
[68,   780] grad_stats: [8.83e-05 6.51e-05] (2.70e-05, 1.64e-03)
avg. loss 6.44858847e-03
avg. cross sim matrix mse 0.00000000e+00 , avg. loss itself 0.000000e+00
time taken for epoch 0:05:56.956856
Epoch 69
[69,     0] loss: 6.117174e-03 masks: 13.0 20.0 [wd: 3.92e-01] [lr: 2.61e-05] [mem: 1.33e+04] cross mse: 0.000000e+00 loss itself: 0.000000e+00 (383.2 ms)
[69,     0] grad_stats: [7.91e-05 6.12e-05] (2.42e-05, 9.94e-04)
[69,   390] loss: 6.398310e-03 masks: 20.1 17.4 [wd: 3.93e-01] [lr: 2.27e-05] [mem: 1.33e+04] cross mse: 0.000000e+00 loss itself: 0.000000e+00 (438.5 ms)
[69,   390] grad_stats: [6.69e-05 5.17e-05] (2.00e-05, 1.11e-03)
[69,   780] loss: 6.406115e-03 masks: 20.2 17.3 [wd: 3.94e-01] [lr: 1.95e-05] [mem: 1.33e+04] cross mse: 0.000000e+00 loss itself: 0.000000e+00 (439.8 ms)
[69,   780] grad_stats: [7.62e-05 5.16e-05] (2.19e-05, 1.40e-03)
avg. loss 6.40611549e-03
avg. cross sim matrix mse 0.00000000e+00 , avg. loss itself 0.000000e+00
time taken for epoch 0:05:57.379405
Epoch 70
[70,     0] loss: 7.303201e-03 masks: 17.0 16.0 [wd: 3.94e-01] [lr: 1.95e-05] [mem: 1.33e+04] cross mse: 0.000000e+00 loss itself: 0.000000e+00 (397.3 ms)
[70,     0] grad_stats: [9.78e-05 6.69e-05] (3.00e-05, 1.38e-03)
[70,   390] loss: 6.420933e-03 masks: 20.2 17.2 [wd: 3.95e-01] [lr: 1.66e-05] [mem: 1.33e+04] cross mse: 0.000000e+00 loss itself: 0.000000e+00 (438.7 ms)
[70,   390] grad_stats: [2.19e-04 5.62e-05] (2.57e-05, 1.36e-03)
[70,   780] loss: 6.405532e-03 masks: 20.3 17.2 [wd: 3.96e-01] [lr: 1.39e-05] [mem: 1.33e+04] cross mse: 0.000000e+00 loss itself: 0.000000e+00 (439.4 ms)
[70,   780] grad_stats: [1.27e-04 6.30e-05] (2.46e-05, 1.73e-03)
avg. loss 6.40553217e-03
avg. cross sim matrix mse 0.00000000e+00 , avg. loss itself 0.000000e+00
time taken for epoch 0:05:56.235496
Epoch 71
[71,     0] loss: 6.003330e-03 masks: 16.0 20.0 [wd: 3.96e-01] [lr: 1.39e-05] [mem: 1.33e+04] cross mse: 0.000000e+00 loss itself: 0.000000e+00 (409.1 ms)
[71,     0] grad_stats: [8.72e-05 5.59e-05] (2.44e-05, 1.01e-03)
[71,   390] loss: 6.374089e-03 masks: 20.1 17.3 [wd: 3.97e-01] [lr: 1.14e-05] [mem: 1.33e+04] cross mse: 0.000000e+00 loss itself: 0.000000e+00 (438.1 ms)
[71,   390] grad_stats: [8.86e-05 4.96e-05] (2.09e-05, 1.34e-03)
[71,   780] loss: 6.372168e-03 masks: 20.3 17.2 [wd: 3.97e-01] [lr: 9.26e-06] [mem: 1.33e+04] cross mse: 0.000000e+00 loss itself: 0.000000e+00 (439.6 ms)
[71,   780] grad_stats: [1.53e-04 6.44e-05] (2.70e-05, 1.42e-03)
avg. loss 6.37216827e-03
avg. cross sim matrix mse 0.00000000e+00 , avg. loss itself 0.000000e+00
time taken for epoch 0:05:56.564142
Epoch 72
[72,     0] loss: 6.867082e-03 masks: 20.0 16.0 [wd: 3.97e-01] [lr: 9.26e-06] [mem: 1.33e+04] cross mse: 0.000000e+00 loss itself: 0.000000e+00 (423.8 ms)
[72,     0] grad_stats: [1.26e-04 6.26e-05] (2.67e-05, 1.57e-03)
[72,   390] loss: 6.348542e-03 masks: 20.0 17.3 [wd: 3.98e-01] [lr: 7.33e-06] [mem: 1.33e+04] cross mse: 0.000000e+00 loss itself: 0.000000e+00 (437.7 ms)
[72,   390] grad_stats: [8.57e-05 5.19e-05] (2.58e-05, 1.54e-03)
[72,   780] loss: 6.362124e-03 masks: 20.5 17.1 [wd: 3.99e-01] [lr: 5.65e-06] [mem: 1.33e+04] cross mse: 0.000000e+00 loss itself: 0.000000e+00 (441.1 ms)
[72,   780] grad_stats: [8.66e-05 5.75e-05] (2.72e-05, 1.23e-03)
avg. loss 6.36212399e-03
avg. cross sim matrix mse 0.00000000e+00 , avg. loss itself 0.000000e+00
time taken for epoch 0:05:57.551517
Epoch 73
[73,     0] loss: 6.626675e-03 masks: 22.0 16.0 [wd: 3.99e-01] [lr: 5.65e-06] [mem: 1.33e+04] cross mse: 0.000000e+00 loss itself: 0.000000e+00 (437.4 ms)
[73,     0] grad_stats: [9.85e-05 5.89e-05] (2.83e-05, 1.82e-03)
[73,   390] loss: 6.345411e-03 masks: 20.4 17.1 [wd: 3.99e-01] [lr: 4.23e-06] [mem: 1.33e+04] cross mse: 0.000000e+00 loss itself: 0.000000e+00 (440.3 ms)
[73,   390] grad_stats: [1.06e-04 6.07e-05] (2.64e-05, 1.13e-03)
[73,   780] loss: 6.336076e-03 masks: 20.4 17.2 [wd: 3.99e-01] [lr: 3.07e-06] [mem: 1.33e+04] cross mse: 0.000000e+00 loss itself: 0.000000e+00 (440.4 ms)
[73,   780] grad_stats: [7.13e-05 5.51e-05] (2.30e-05, 1.45e-03)
avg. loss 6.33607588e-03
avg. cross sim matrix mse 0.00000000e+00 , avg. loss itself 0.000000e+00
time taken for epoch 0:05:57.017238
Epoch 74
[74,     0] loss: 5.335324e-03 masks: 19.0 20.0 [wd: 3.99e-01] [lr: 3.07e-06] [mem: 1.33e+04] cross mse: 0.000000e+00 loss itself: 0.000000e+00 (440.2 ms)
[74,     0] grad_stats: [8.04e-05 5.16e-05] (2.18e-05, 1.08e-03)
[74,   390] loss: 6.295153e-03 masks: 20.6 17.2 [wd: 4.00e-01] [lr: 2.16e-06] [mem: 1.33e+04] cross mse: 0.000000e+00 loss itself: 0.000000e+00 (442.2 ms)
[74,   390] grad_stats: [1.04e-04 5.52e-05] (2.37e-05, 1.40e-03)
[74,   780] loss: 6.296620e-03 masks: 20.4 17.3 [wd: 4.00e-01] [lr: 1.52e-06] [mem: 1.33e+04] cross mse: 0.000000e+00 loss itself: 0.000000e+00 (440.9 ms)
[74,   780] grad_stats: [8.73e-05 6.30e-05] (2.84e-05, 1.27e-03)
avg. loss 6.29662049e-03
avg. cross sim matrix mse 0.00000000e+00 , avg. loss itself 0.000000e+00
time taken for epoch 0:05:57.467527
Epoch 75
[75,     0] loss: 6.381756e-03 masks: 24.0 16.0 [wd: 4.00e-01] [lr: 1.52e-06] [mem: 1.33e+04] cross mse: 0.000000e+00 loss itself: 0.000000e+00 (456.2 ms)
[75,     0] grad_stats: [7.38e-05 5.32e-05] (2.58e-05, 1.39e-03)
[75,   390] loss: 6.323183e-03 masks: 20.2 17.2 [wd: 4.00e-01] [lr: 1.13e-06] [mem: 1.33e+04] cross mse: 0.000000e+00 loss itself: 0.000000e+00 (438.5 ms)
[75,   390] grad_stats: [7.54e-05 5.25e-05] (2.44e-05, 1.27e-03)
[75,   780] loss: 6.296742e-03 masks: 20.1 17.3 [wd: 4.00e-01] [lr: 1.00e-06] [mem: 1.33e+04] cross mse: 0.000000e+00 loss itself: 0.000000e+00 (438.9 ms)
[75,   780] grad_stats: [1.26e-04 7.57e-05] (2.79e-05, 1.19e-03)
avg. loss 6.29674228e-03
avg. cross sim matrix mse 0.00000000e+00 , avg. loss itself 0.000000e+00
time taken for epoch 0:05:55.903066
Total pretraining time 7:25:48.542520
