Directory classifiers/jepa-iic-PKTwhole-seed43-classifier-pretrained-vitb-normalized-ep100 for saving the classifiers is now present
VisionTransformer(
  (patch_embed): PatchEmbed(
    (proj): Conv2d(3, 768, kernel_size=(15, 15), stride=(15, 15))
  )
  (blocks): ModuleList(
    (0-11): 12 x Block(
      (norm1): LayerNorm((768,), eps=1e-06, elementwise_affine=True)
      (attn): Attention(
        (qkv): Linear(in_features=768, out_features=2304, bias=True)
        (attn_drop): Dropout(p=0.0, inplace=False)
        (proj): Linear(in_features=768, out_features=768, bias=True)
        (proj_drop): Dropout(p=0.0, inplace=False)
      )
      (drop_path): Identity()
      (norm2): LayerNorm((768,), eps=1e-06, elementwise_affine=True)
      (mlp): MLP(
        (fc1): Linear(in_features=768, out_features=3072, bias=True)
        (act): GELU(approximate='none')
        (fc2): Linear(in_features=3072, out_features=768, bias=True)
        (drop): Dropout(p=0.0, inplace=False)
      )
    )
  )
  (norm): LayerNorm((768,), eps=1e-06, elementwise_affine=True)
)
Extracting features and saving them locally..
Epoch: 1/200 Train accuracy: 1.86903e-01 Validation accuracy: 3.11667e-01 Loss 1.41272e-02 Time taken: 1.72 seconds 
Epoch: 2/200 Train accuracy: 2.30654e-01 Validation accuracy: 3.28000e-01 Loss 1.38972e-02 Time taken: 1.55 seconds 
Epoch: 3/200 Train accuracy: 2.66852e-01 Validation accuracy: 3.06000e-01 Loss 1.37260e-02 Time taken: 1.54 seconds 
Epoch: 4/200 Train accuracy: 2.76044e-01 Validation accuracy: 3.30000e-01 Loss 1.36313e-02 Time taken: 1.54 seconds 
Epoch: 5/200 Train accuracy: 2.83526e-01 Validation accuracy: 3.05000e-01 Loss 1.35577e-02 Time taken: 1.54 seconds 
Epoch: 6/200 Train accuracy: 3.00983e-01 Validation accuracy: 3.04000e-01 Loss 1.34658e-02 Time taken: 1.55 seconds 
Epoch: 7/200 Train accuracy: 3.06114e-01 Validation accuracy: 3.05000e-01 Loss 1.34374e-02 Time taken: 1.54 seconds 
Epoch: 8/200 Train accuracy: 3.01625e-01 Validation accuracy: 3.02000e-01 Loss 1.34331e-02 Time taken: 1.54 seconds 
Epoch: 9/200 Train accuracy: 3.11814e-01 Validation accuracy: 3.49000e-01 Loss 1.33895e-02 Time taken: 1.55 seconds 
Epoch: 10/200 Train accuracy: 3.12384e-01 Validation accuracy: 3.34333e-01 Loss 1.33698e-02 Time taken: 1.54 seconds 
Epoch: 11/200 Train accuracy: 3.13596e-01 Validation accuracy: 3.44667e-01 Loss 1.33637e-02 Time taken: 1.54 seconds 
Epoch: 12/200 Train accuracy: 3.17942e-01 Validation accuracy: 3.11333e-01 Loss 1.33218e-02 Time taken: 1.54 seconds 
Epoch: 13/200 Train accuracy: 3.19011e-01 Validation accuracy: 3.37333e-01 Loss 1.32978e-02 Time taken: 1.61 seconds 
Epoch: 14/200 Train accuracy: 3.24925e-01 Validation accuracy: 3.28333e-01 Loss 1.32796e-02 Time taken: 1.54 seconds 
Epoch: 15/200 Train accuracy: 3.26208e-01 Validation accuracy: 3.43333e-01 Loss 1.32685e-02 Time taken: 1.53 seconds 
Epoch: 16/200 Train accuracy: 3.22788e-01 Validation accuracy: 3.51333e-01 Loss 1.32866e-02 Time taken: 1.54 seconds 
Epoch: 17/200 Train accuracy: 3.28987e-01 Validation accuracy: 3.60667e-01 Loss 1.32513e-02 Time taken: 1.54 seconds 
Epoch: 18/200 Train accuracy: 3.28773e-01 Validation accuracy: 3.59667e-01 Loss 1.32424e-02 Time taken: 1.53 seconds 
Epoch: 19/200 Train accuracy: 3.35827e-01 Validation accuracy: 3.60333e-01 Loss 1.32247e-02 Time taken: 1.55 seconds 
Epoch: 20/200 Train accuracy: 3.29984e-01 Validation accuracy: 3.39000e-01 Loss 1.32332e-02 Time taken: 1.54 seconds 
Epoch: 21/200 Train accuracy: 3.31552e-01 Validation accuracy: 3.24000e-01 Loss 1.32327e-02 Time taken: 1.54 seconds 
Epoch: 22/200 Train accuracy: 3.32977e-01 Validation accuracy: 3.51000e-01 Loss 1.32281e-02 Time taken: 1.54 seconds 
Epoch: 23/200 Train accuracy: 3.38179e-01 Validation accuracy: 3.55333e-01 Loss 1.32014e-02 Time taken: 1.54 seconds 
Epoch: 24/200 Train accuracy: 3.40601e-01 Validation accuracy: 3.57667e-01 Loss 1.31960e-02 Time taken: 1.54 seconds 
Epoch: 25/200 Train accuracy: 3.39746e-01 Validation accuracy: 3.54000e-01 Loss 1.31774e-02 Time taken: 1.54 seconds 
Epoch: 26/200 Train accuracy: 3.42383e-01 Validation accuracy: 3.48667e-01 Loss 1.31892e-02 Time taken: 1.54 seconds 
Epoch: 27/200 Train accuracy: 3.33832e-01 Validation accuracy: 3.47000e-01 Loss 1.31945e-02 Time taken: 1.54 seconds 
Epoch: 28/200 Train accuracy: 3.45803e-01 Validation accuracy: 3.60000e-01 Loss 1.31421e-02 Time taken: 1.54 seconds 
Epoch: 29/200 Train accuracy: 3.38820e-01 Validation accuracy: 3.71667e-01 Loss 1.31460e-02 Time taken: 1.53 seconds 
Epoch: 30/200 Train accuracy: 3.43167e-01 Validation accuracy: 3.64333e-01 Loss 1.31467e-02 Time taken: 1.54 seconds 
Epoch: 31/200 Train accuracy: 3.39604e-01 Validation accuracy: 3.69000e-01 Loss 1.31563e-02 Time taken: 1.54 seconds 
Epoch: 32/200 Train accuracy: 3.43594e-01 Validation accuracy: 3.84333e-01 Loss 1.31400e-02 Time taken: 1.53 seconds 
Epoch: 33/200 Train accuracy: 3.44164e-01 Validation accuracy: 3.72000e-01 Loss 1.31418e-02 Time taken: 1.54 seconds 
Epoch: 34/200 Train accuracy: 3.45518e-01 Validation accuracy: 3.83000e-01 Loss 1.31211e-02 Time taken: 1.54 seconds 
Epoch: 35/200 Train accuracy: 3.44805e-01 Validation accuracy: 3.47000e-01 Loss 1.31185e-02 Time taken: 1.54 seconds 
Epoch: 36/200 Train accuracy: 3.40031e-01 Validation accuracy: 3.40000e-01 Loss 1.31342e-02 Time taken: 1.53 seconds 
Epoch: 37/200 Train accuracy: 3.52074e-01 Validation accuracy: 3.62000e-01 Loss 1.31120e-02 Time taken: 1.54 seconds 
Epoch: 38/200 Train accuracy: 3.47228e-01 Validation accuracy: 3.86667e-01 Loss 1.31155e-02 Time taken: 1.54 seconds 
Epoch: 39/200 Train accuracy: 3.45518e-01 Validation accuracy: 3.60667e-01 Loss 1.31209e-02 Time taken: 1.53 seconds 
Epoch: 40/200 Train accuracy: 3.45518e-01 Validation accuracy: 3.67000e-01 Loss 1.31280e-02 Time taken: 1.54 seconds 
Epoch: 41/200 Train accuracy: 3.48725e-01 Validation accuracy: 3.80333e-01 Loss 1.31051e-02 Time taken: 1.54 seconds 
Epoch: 42/200 Train accuracy: 3.52929e-01 Validation accuracy: 3.80667e-01 Loss 1.31012e-02 Time taken: 1.54 seconds 
Epoch: 43/200 Train accuracy: 3.50648e-01 Validation accuracy: 3.53333e-01 Loss 1.31051e-02 Time taken: 1.53 seconds 
Epoch: 44/200 Train accuracy: 3.49366e-01 Validation accuracy: 3.53333e-01 Loss 1.31052e-02 Time taken: 1.54 seconds 
Epoch: 45/200 Train accuracy: 3.45233e-01 Validation accuracy: 3.61333e-01 Loss 1.31075e-02 Time taken: 1.54 seconds 
Epoch: 46/200 Train accuracy: 3.52857e-01 Validation accuracy: 3.70333e-01 Loss 1.30805e-02 Time taken: 1.53 seconds 
Epoch: 47/200 Train accuracy: 3.51860e-01 Validation accuracy: 3.82000e-01 Loss 1.30765e-02 Time taken: 1.55 seconds 
Epoch: 48/200 Train accuracy: 3.51860e-01 Validation accuracy: 3.83000e-01 Loss 1.30887e-02 Time taken: 1.54 seconds 
Epoch: 49/200 Train accuracy: 3.54354e-01 Validation accuracy: 3.81333e-01 Loss 1.30923e-02 Time taken: 1.56 seconds 
Epoch: 50/200 Train accuracy: 3.52216e-01 Validation accuracy: 3.75000e-01 Loss 1.30927e-02 Time taken: 1.54 seconds 
Epoch: 51/200 Train accuracy: 3.54140e-01 Validation accuracy: 3.56333e-01 Loss 1.30907e-02 Time taken: 1.54 seconds 
Epoch: 52/200 Train accuracy: 3.53855e-01 Validation accuracy: 3.75667e-01 Loss 1.30751e-02 Time taken: 1.54 seconds 
Epoch: 53/200 Train accuracy: 3.58344e-01 Validation accuracy: 3.49000e-01 Loss 1.30769e-02 Time taken: 1.53 seconds 
Epoch: 54/200 Train accuracy: 3.55280e-01 Validation accuracy: 3.65333e-01 Loss 1.30763e-02 Time taken: 1.54 seconds 
Epoch: 55/200 Train accuracy: 3.53214e-01 Validation accuracy: 3.85333e-01 Loss 1.30708e-02 Time taken: 1.54 seconds 
Epoch: 56/200 Train accuracy: 3.52501e-01 Validation accuracy: 3.64667e-01 Loss 1.30891e-02 Time taken: 1.54 seconds 
Epoch: 57/200 Train accuracy: 3.54853e-01 Validation accuracy: 3.86333e-01 Loss 1.30664e-02 Time taken: 1.53 seconds 
Epoch: 58/200 Train accuracy: 3.54211e-01 Validation accuracy: 3.49000e-01 Loss 1.30611e-02 Time taken: 1.55 seconds 
Epoch: 59/200 Train accuracy: 3.54710e-01 Validation accuracy: 3.87667e-01 Loss 1.30799e-02 Time taken: 1.54 seconds 
Epoch: 60/200 Train accuracy: 3.55993e-01 Validation accuracy: 3.68667e-01 Loss 1.30659e-02 Time taken: 1.53 seconds 
Epoch: 61/200 Train accuracy: 3.55423e-01 Validation accuracy: 3.58000e-01 Loss 1.30589e-02 Time taken: 1.58 seconds 
Epoch: 62/200 Train accuracy: 3.56064e-01 Validation accuracy: 3.70667e-01 Loss 1.30616e-02 Time taken: 1.62 seconds 
Epoch: 63/200 Train accuracy: 3.54639e-01 Validation accuracy: 3.80000e-01 Loss 1.30772e-02 Time taken: 1.74 seconds 
Epoch: 64/200 Train accuracy: 3.56990e-01 Validation accuracy: 3.53333e-01 Loss 1.30658e-02 Time taken: 1.62 seconds 
Epoch: 65/200 Train accuracy: 3.56990e-01 Validation accuracy: 3.72667e-01 Loss 1.30509e-02 Time taken: 1.59 seconds 
Epoch: 66/200 Train accuracy: 3.54140e-01 Validation accuracy: 3.62000e-01 Loss 1.30566e-02 Time taken: 1.59 seconds 
Epoch: 67/200 Train accuracy: 3.56634e-01 Validation accuracy: 3.65667e-01 Loss 1.30493e-02 Time taken: 1.58 seconds 
Epoch: 68/200 Train accuracy: 3.56349e-01 Validation accuracy: 3.71667e-01 Loss 1.30613e-02 Time taken: 1.57 seconds 
Epoch: 69/200 Train accuracy: 3.56135e-01 Validation accuracy: 3.62333e-01 Loss 1.30580e-02 Time taken: 1.67 seconds 
Epoch: 70/200 Train accuracy: 3.54282e-01 Validation accuracy: 3.73333e-01 Loss 1.30484e-02 Time taken: 1.59 seconds 
Epoch: 71/200 Train accuracy: 3.59627e-01 Validation accuracy: 3.84667e-01 Loss 1.30357e-02 Time taken: 1.64 seconds 
Epoch: 72/200 Train accuracy: 3.60553e-01 Validation accuracy: 3.88000e-01 Loss 1.30347e-02 Time taken: 1.60 seconds 
Epoch: 73/200 Train accuracy: 3.55993e-01 Validation accuracy: 3.58333e-01 Loss 1.30418e-02 Time taken: 1.59 seconds 
Epoch: 74/200 Train accuracy: 3.59270e-01 Validation accuracy: 3.84000e-01 Loss 1.30460e-02 Time taken: 1.65 seconds 
Epoch: 75/200 Train accuracy: 3.59270e-01 Validation accuracy: 3.69667e-01 Loss 1.30340e-02 Time taken: 1.87 seconds 
Epoch: 76/200 Train accuracy: 3.60197e-01 Validation accuracy: 3.80000e-01 Loss 1.30259e-02 Time taken: 4.06 seconds 
Epoch: 77/200 Train accuracy: 3.56705e-01 Validation accuracy: 3.69667e-01 Loss 1.30361e-02 Time taken: 1.81 seconds 
Epoch: 78/200 Train accuracy: 3.57703e-01 Validation accuracy: 3.80000e-01 Loss 1.30399e-02 Time taken: 2.21 seconds 
Epoch: 79/200 Train accuracy: 3.58843e-01 Validation accuracy: 3.66333e-01 Loss 1.30606e-02 Time taken: 1.77 seconds 
Epoch: 80/200 Train accuracy: 3.58914e-01 Validation accuracy: 3.61000e-01 Loss 1.30509e-02 Time taken: 1.69 seconds 
Epoch: 81/200 Train accuracy: 3.57275e-01 Validation accuracy: 3.53000e-01 Loss 1.30527e-02 Time taken: 1.60 seconds 
Epoch: 82/200 Train accuracy: 3.55494e-01 Validation accuracy: 3.84333e-01 Loss 1.30437e-02 Time taken: 1.63 seconds 
Epoch: 83/200 Train accuracy: 3.57346e-01 Validation accuracy: 3.83667e-01 Loss 1.30320e-02 Time taken: 1.64 seconds 
Epoch: 84/200 Train accuracy: 3.56990e-01 Validation accuracy: 3.88333e-01 Loss 1.30444e-02 Time taken: 1.60 seconds 
Epoch: 85/200 Train accuracy: 3.58914e-01 Validation accuracy: 3.66667e-01 Loss 1.30410e-02 Time taken: 1.70 seconds 
Epoch: 86/200 Train accuracy: 3.58985e-01 Validation accuracy: 3.47667e-01 Loss 1.30329e-02 Time taken: 1.60 seconds 
Epoch: 87/200 Train accuracy: 3.61265e-01 Validation accuracy: 3.75333e-01 Loss 1.30263e-02 Time taken: 1.61 seconds 
Epoch: 88/200 Train accuracy: 3.60197e-01 Validation accuracy: 3.80333e-01 Loss 1.30267e-02 Time taken: 1.62 seconds 
Epoch: 89/200 Train accuracy: 3.56349e-01 Validation accuracy: 3.65667e-01 Loss 1.30462e-02 Time taken: 1.59 seconds 
Epoch: 90/200 Train accuracy: 3.58843e-01 Validation accuracy: 3.46000e-01 Loss 1.30254e-02 Time taken: 1.59 seconds 
Epoch: 91/200 Train accuracy: 3.62263e-01 Validation accuracy: 3.62667e-01 Loss 1.30236e-02 Time taken: 1.95 seconds 
Epoch: 92/200 Train accuracy: 3.59270e-01 Validation accuracy: 3.86333e-01 Loss 1.30461e-02 Time taken: 1.60 seconds 
Epoch: 93/200 Train accuracy: 3.64329e-01 Validation accuracy: 3.50667e-01 Loss 1.30080e-02 Time taken: 1.68 seconds 
Epoch: 94/200 Train accuracy: 3.57204e-01 Validation accuracy: 3.80667e-01 Loss 1.30230e-02 Time taken: 1.65 seconds 
Epoch: 95/200 Train accuracy: 3.61551e-01 Validation accuracy: 3.61000e-01 Loss 1.30039e-02 Time taken: 1.61 seconds 
Epoch: 96/200 Train accuracy: 3.60482e-01 Validation accuracy: 3.75333e-01 Loss 1.30406e-02 Time taken: 1.61 seconds 
Epoch: 97/200 Train accuracy: 3.60624e-01 Validation accuracy: 3.53667e-01 Loss 1.30238e-02 Time taken: 1.59 seconds 
Epoch: 98/200 Train accuracy: 3.62406e-01 Validation accuracy: 3.66667e-01 Loss 1.30244e-02 Time taken: 1.61 seconds 
Epoch: 99/200 Train accuracy: 3.63118e-01 Validation accuracy: 3.92000e-01 Loss 1.30186e-02 Time taken: 1.62 seconds 
Epoch: 100/200 Train accuracy: 3.60410e-01 Validation accuracy: 3.79667e-01 Loss 1.30190e-02 Time taken: 1.73 seconds 
Epoch: 101/200 Train accuracy: 3.67251e-01 Validation accuracy: 3.69333e-01 Loss 1.30186e-02 Time taken: 1.78 seconds 
Epoch: 102/200 Train accuracy: 3.63546e-01 Validation accuracy: 3.78000e-01 Loss 1.30292e-02 Time taken: 2.24 seconds 
Epoch: 103/200 Train accuracy: 3.62192e-01 Validation accuracy: 3.88667e-01 Loss 1.30278e-02 Time taken: 2.19 seconds 
Epoch: 104/200 Train accuracy: 3.58843e-01 Validation accuracy: 3.92000e-01 Loss 1.30440e-02 Time taken: 2.28 seconds 
Epoch: 105/200 Train accuracy: 3.65256e-01 Validation accuracy: 3.74667e-01 Loss 1.30052e-02 Time taken: 2.21 seconds 
Epoch: 106/200 Train accuracy: 3.67108e-01 Validation accuracy: 3.79667e-01 Loss 1.30166e-02 Time taken: 2.15 seconds 
Epoch: 107/200 Train accuracy: 3.60909e-01 Validation accuracy: 3.77667e-01 Loss 1.30307e-02 Time taken: 2.10 seconds 
Epoch: 108/200 Train accuracy: 3.67607e-01 Validation accuracy: 3.77667e-01 Loss 1.30177e-02 Time taken: 2.23 seconds 
Epoch: 109/200 Train accuracy: 3.61907e-01 Validation accuracy: 3.90000e-01 Loss 1.30183e-02 Time taken: 2.43 seconds 
Epoch: 110/200 Train accuracy: 3.63047e-01 Validation accuracy: 3.89333e-01 Loss 1.30168e-02 Time taken: 2.26 seconds 
Epoch: 111/200 Train accuracy: 3.64543e-01 Validation accuracy: 3.67333e-01 Loss 1.30045e-02 Time taken: 2.39 seconds 
Epoch: 112/200 Train accuracy: 3.63688e-01 Validation accuracy: 3.90333e-01 Loss 1.30325e-02 Time taken: 2.30 seconds 
Epoch: 113/200 Train accuracy: 3.63902e-01 Validation accuracy: 3.76667e-01 Loss 1.30099e-02 Time taken: 2.08 seconds 
Epoch: 114/200 Train accuracy: 3.65897e-01 Validation accuracy: 3.70667e-01 Loss 1.30210e-02 Time taken: 2.07 seconds 
Epoch: 115/200 Train accuracy: 3.61622e-01 Validation accuracy: 3.69667e-01 Loss 1.30284e-02 Time taken: 2.29 seconds 
Epoch: 116/200 Train accuracy: 3.59912e-01 Validation accuracy: 3.79000e-01 Loss 1.30312e-02 Time taken: 2.22 seconds 
Epoch: 117/200 Train accuracy: 3.65755e-01 Validation accuracy: 3.77333e-01 Loss 1.30123e-02 Time taken: 2.21 seconds 
Epoch: 118/200 Train accuracy: 3.64187e-01 Validation accuracy: 3.86667e-01 Loss 1.30205e-02 Time taken: 2.30 seconds 
Epoch: 119/200 Train accuracy: 3.63474e-01 Validation accuracy: 3.57333e-01 Loss 1.30040e-02 Time taken: 2.13 seconds 
Epoch: 120/200 Train accuracy: 3.60410e-01 Validation accuracy: 3.85333e-01 Loss 1.30523e-02 Time taken: 2.38 seconds 
Epoch: 121/200 Train accuracy: 3.66681e-01 Validation accuracy: 3.72667e-01 Loss 1.30075e-02 Time taken: 2.29 seconds 
Epoch: 122/200 Train accuracy: 3.62619e-01 Validation accuracy: 3.57000e-01 Loss 1.30179e-02 Time taken: 2.05 seconds 
Epoch: 123/200 Train accuracy: 3.66681e-01 Validation accuracy: 3.82667e-01 Loss 1.30113e-02 Time taken: 2.06 seconds 
Epoch: 124/200 Train accuracy: 3.67892e-01 Validation accuracy: 3.77333e-01 Loss 1.29996e-02 Time taken: 2.15 seconds 
Epoch: 125/200 Train accuracy: 3.65042e-01 Validation accuracy: 3.70000e-01 Loss 1.30092e-02 Time taken: 2.32 seconds 
Epoch: 126/200 Train accuracy: 3.60838e-01 Validation accuracy: 3.75667e-01 Loss 1.30167e-02 Time taken: 2.33 seconds 
Epoch: 127/200 Train accuracy: 3.61194e-01 Validation accuracy: 3.48667e-01 Loss 1.30221e-02 Time taken: 2.03 seconds 
Epoch: 128/200 Train accuracy: 3.62263e-01 Validation accuracy: 3.90000e-01 Loss 1.30170e-02 Time taken: 2.00 seconds 
Epoch: 129/200 Train accuracy: 3.61194e-01 Validation accuracy: 3.71667e-01 Loss 1.30228e-02 Time taken: 2.08 seconds 
Epoch: 130/200 Train accuracy: 3.66325e-01 Validation accuracy: 3.66667e-01 Loss 1.30143e-02 Time taken: 2.18 seconds 
Epoch: 131/200 Train accuracy: 3.67607e-01 Validation accuracy: 3.87000e-01 Loss 1.30054e-02 Time taken: 2.16 seconds 
Epoch: 132/200 Train accuracy: 3.64044e-01 Validation accuracy: 3.86667e-01 Loss 1.30060e-02 Time taken: 2.17 seconds 
Epoch: 133/200 Train accuracy: 3.64401e-01 Validation accuracy: 3.78333e-01 Loss 1.30127e-02 Time taken: 2.40 seconds 
Epoch: 134/200 Train accuracy: 3.65470e-01 Validation accuracy: 3.73000e-01 Loss 1.29975e-02 Time taken: 2.24 seconds 
Epoch: 135/200 Train accuracy: 3.69175e-01 Validation accuracy: 3.72333e-01 Loss 1.29948e-02 Time taken: 2.17 seconds 
Epoch: 136/200 Train accuracy: 3.63688e-01 Validation accuracy: 3.88667e-01 Loss 1.30120e-02 Time taken: 2.17 seconds 
Epoch: 137/200 Train accuracy: 3.60980e-01 Validation accuracy: 3.86667e-01 Loss 1.30104e-02 Time taken: 2.18 seconds 
Epoch: 138/200 Train accuracy: 3.59199e-01 Validation accuracy: 3.84333e-01 Loss 1.30277e-02 Time taken: 2.08 seconds 
Epoch: 139/200 Train accuracy: 3.59627e-01 Validation accuracy: 3.88000e-01 Loss 1.30329e-02 Time taken: 2.11 seconds 
Epoch: 140/200 Train accuracy: 3.61978e-01 Validation accuracy: 3.85000e-01 Loss 1.30092e-02 Time taken: 2.15 seconds 
Epoch: 141/200 Train accuracy: 3.62619e-01 Validation accuracy: 3.81667e-01 Loss 1.30158e-02 Time taken: 2.08 seconds 
Epoch: 142/200 Train accuracy: 3.64971e-01 Validation accuracy: 3.89667e-01 Loss 1.30127e-02 Time taken: 2.17 seconds 
Epoch: 143/200 Train accuracy: 3.64329e-01 Validation accuracy: 3.88000e-01 Loss 1.30049e-02 Time taken: 2.13 seconds 
Epoch: 144/200 Train accuracy: 3.64900e-01 Validation accuracy: 3.87667e-01 Loss 1.29984e-02 Time taken: 2.13 seconds 
Epoch: 145/200 Train accuracy: 3.69674e-01 Validation accuracy: 3.80333e-01 Loss 1.29931e-02 Time taken: 2.30 seconds 
Epoch: 146/200 Train accuracy: 3.64686e-01 Validation accuracy: 3.80333e-01 Loss 1.30010e-02 Time taken: 2.35 seconds 
Epoch: 147/200 Train accuracy: 3.67465e-01 Validation accuracy: 3.88667e-01 Loss 1.30112e-02 Time taken: 2.05 seconds 
Epoch: 148/200 Train accuracy: 3.63047e-01 Validation accuracy: 3.79667e-01 Loss 1.30034e-02 Time taken: 2.17 seconds 
Epoch: 149/200 Train accuracy: 3.65327e-01 Validation accuracy: 3.83667e-01 Loss 1.29996e-02 Time taken: 2.36 seconds 
Epoch: 150/200 Train accuracy: 3.66681e-01 Validation accuracy: 3.77333e-01 Loss 1.30039e-02 Time taken: 2.18 seconds 
Epoch: 151/200 Train accuracy: 3.65541e-01 Validation accuracy: 3.84333e-01 Loss 1.30018e-02 Time taken: 2.14 seconds 
Epoch: 152/200 Train accuracy: 3.63546e-01 Validation accuracy: 3.84333e-01 Loss 1.30067e-02 Time taken: 2.10 seconds 
Epoch: 153/200 Train accuracy: 3.66040e-01 Validation accuracy: 3.73333e-01 Loss 1.30008e-02 Time taken: 2.15 seconds 
Epoch: 154/200 Train accuracy: 3.64258e-01 Validation accuracy: 3.80333e-01 Loss 1.29990e-02 Time taken: 2.47 seconds 
Epoch: 155/200 Train accuracy: 3.68819e-01 Validation accuracy: 3.86000e-01 Loss 1.29964e-02 Time taken: 2.01 seconds 
Epoch: 156/200 Train accuracy: 3.61764e-01 Validation accuracy: 3.78000e-01 Loss 1.30092e-02 Time taken: 2.03 seconds 
Epoch: 157/200 Train accuracy: 3.65612e-01 Validation accuracy: 3.81000e-01 Loss 1.30003e-02 Time taken: 2.17 seconds 
Epoch: 158/200 Train accuracy: 3.62263e-01 Validation accuracy: 3.77333e-01 Loss 1.30236e-02 Time taken: 2.14 seconds 
Epoch: 159/200 Train accuracy: 3.59698e-01 Validation accuracy: 3.86667e-01 Loss 1.30252e-02 Time taken: 2.33 seconds 
Epoch: 160/200 Train accuracy: 3.67108e-01 Validation accuracy: 3.79667e-01 Loss 1.29953e-02 Time taken: 2.09 seconds 
Epoch: 161/200 Train accuracy: 3.61337e-01 Validation accuracy: 3.84000e-01 Loss 1.30156e-02 Time taken: 2.16 seconds 
Epoch: 162/200 Train accuracy: 3.66467e-01 Validation accuracy: 3.88000e-01 Loss 1.30064e-02 Time taken: 2.31 seconds 
Epoch: 163/200 Train accuracy: 3.61978e-01 Validation accuracy: 3.86000e-01 Loss 1.30157e-02 Time taken: 2.28 seconds 
Epoch: 164/200 Train accuracy: 3.57845e-01 Validation accuracy: 3.64333e-01 Loss 1.30532e-02 Time taken: 2.27 seconds 
Epoch: 165/200 Train accuracy: 3.66396e-01 Validation accuracy: 3.89667e-01 Loss 1.29946e-02 Time taken: 2.11 seconds 
Epoch: 166/200 Train accuracy: 3.64686e-01 Validation accuracy: 3.85667e-01 Loss 1.30005e-02 Time taken: 2.14 seconds 
Epoch: 167/200 Train accuracy: 3.66681e-01 Validation accuracy: 3.80000e-01 Loss 1.29995e-02 Time taken: 2.14 seconds 
Epoch: 168/200 Train accuracy: 3.68747e-01 Validation accuracy: 3.71667e-01 Loss 1.29895e-02 Time taken: 2.24 seconds 
Epoch: 169/200 Train accuracy: 3.63617e-01 Validation accuracy: 3.86000e-01 Loss 1.30142e-02 Time taken: 2.27 seconds 
Epoch: 170/200 Train accuracy: 3.62548e-01 Validation accuracy: 3.87333e-01 Loss 1.30113e-02 Time taken: 2.20 seconds 
Epoch: 171/200 Train accuracy: 3.66681e-01 Validation accuracy: 3.73667e-01 Loss 1.29985e-02 Time taken: 2.10 seconds 
Epoch: 172/200 Train accuracy: 3.62334e-01 Validation accuracy: 3.88333e-01 Loss 1.30130e-02 Time taken: 2.15 seconds 
Epoch: 173/200 Train accuracy: 3.63546e-01 Validation accuracy: 3.81000e-01 Loss 1.30082e-02 Time taken: 2.37 seconds 
Epoch: 174/200 Train accuracy: 3.68035e-01 Validation accuracy: 3.90000e-01 Loss 1.29981e-02 Time taken: 2.08 seconds 
Epoch: 175/200 Train accuracy: 3.66681e-01 Validation accuracy: 3.76667e-01 Loss 1.29960e-02 Time taken: 2.15 seconds 
Epoch: 176/200 Train accuracy: 3.62833e-01 Validation accuracy: 3.89667e-01 Loss 1.30064e-02 Time taken: 2.08 seconds 
Epoch: 177/200 Train accuracy: 3.65185e-01 Validation accuracy: 3.68000e-01 Loss 1.30025e-02 Time taken: 2.17 seconds 
Epoch: 178/200 Train accuracy: 3.61836e-01 Validation accuracy: 3.92000e-01 Loss 1.30168e-02 Time taken: 2.08 seconds 
Epoch: 179/200 Train accuracy: 3.64044e-01 Validation accuracy: 3.83667e-01 Loss 1.29892e-02 Time taken: 2.14 seconds 
Epoch: 180/200 Train accuracy: 3.70030e-01 Validation accuracy: 3.66333e-01 Loss 1.29880e-02 Time taken: 2.30 seconds 
Epoch: 181/200 Train accuracy: 3.60553e-01 Validation accuracy: 3.89000e-01 Loss 1.30269e-02 Time taken: 2.33 seconds 
Epoch: 182/200 Train accuracy: 3.64472e-01 Validation accuracy: 3.81000e-01 Loss 1.30040e-02 Time taken: 2.16 seconds 
Epoch: 183/200 Train accuracy: 3.65113e-01 Validation accuracy: 3.87000e-01 Loss 1.30036e-02 Time taken: 2.15 seconds 
Epoch: 184/200 Train accuracy: 3.64828e-01 Validation accuracy: 3.77667e-01 Loss 1.30051e-02 Time taken: 2.13 seconds 
Epoch: 185/200 Train accuracy: 3.65755e-01 Validation accuracy: 3.71333e-01 Loss 1.30051e-02 Time taken: 2.24 seconds 
Epoch: 186/200 Train accuracy: 3.66182e-01 Validation accuracy: 3.86667e-01 Loss 1.30036e-02 Time taken: 2.27 seconds 
Epoch: 187/200 Train accuracy: 3.65683e-01 Validation accuracy: 3.61000e-01 Loss 1.29989e-02 Time taken: 2.30 seconds 
Epoch: 188/200 Train accuracy: 3.68605e-01 Validation accuracy: 3.78333e-01 Loss 1.29952e-02 Time taken: 2.27 seconds 
Epoch: 189/200 Train accuracy: 3.63688e-01 Validation accuracy: 3.88333e-01 Loss 1.30059e-02 Time taken: 2.08 seconds 
Epoch: 190/200 Train accuracy: 3.71099e-01 Validation accuracy: 3.83000e-01 Loss 1.29871e-02 Time taken: 2.18 seconds 
Epoch: 191/200 Train accuracy: 3.64971e-01 Validation accuracy: 3.71333e-01 Loss 1.30095e-02 Time taken: 2.41 seconds 
Epoch: 192/200 Train accuracy: 3.68676e-01 Validation accuracy: 3.79333e-01 Loss 1.30012e-02 Time taken: 2.21 seconds 
Epoch: 193/200 Train accuracy: 3.66253e-01 Validation accuracy: 3.78333e-01 Loss 1.30027e-02 Time taken: 2.11 seconds 
Epoch: 194/200 Train accuracy: 3.69175e-01 Validation accuracy: 3.74000e-01 Loss 1.29858e-02 Time taken: 2.19 seconds 
Epoch: 195/200 Train accuracy: 3.70814e-01 Validation accuracy: 3.87333e-01 Loss 1.29838e-02 Time taken: 2.20 seconds 
Epoch: 196/200 Train accuracy: 3.66111e-01 Validation accuracy: 3.76000e-01 Loss 1.29919e-02 Time taken: 2.32 seconds 
Epoch: 197/200 Train accuracy: 3.71455e-01 Validation accuracy: 3.86333e-01 Loss 1.29868e-02 Time taken: 2.11 seconds 
Epoch: 198/200 Train accuracy: 3.65755e-01 Validation accuracy: 3.84667e-01 Loss 1.30028e-02 Time taken: 2.11 seconds 
Epoch: 199/200 Train accuracy: 3.68747e-01 Validation accuracy: 3.70000e-01 Loss 1.29837e-02 Time taken: 2.13 seconds 
Epoch: 200/200 Train accuracy: 3.62406e-01 Validation accuracy: 3.59000e-01 Loss 1.30095e-02 Time taken: 2.13 seconds 
Total time taken 0:06:22.101307
Cleaning up intermediate feature (.pt) files
Done


working on file logs_PKT_chunks/iic-train-L2-PKT-chunks-scale10e6-seed43/jepa-iic-L2-PKT-chunks-scale10e6-seed43-ep200.pth.tar ...
