Directory logs_IN100/in100-vitb-l2-ep600-seed0-PLATEU/classifiers for saving the classifiers is now present
VisionTransformer(
  (patch_embed): PatchEmbed(
    (proj): Conv2d(3, 768, kernel_size=(16, 16), stride=(16, 16))
  )
  (blocks): ModuleList(
    (0-11): 12 x Block(
      (norm1): LayerNorm((768,), eps=1e-06, elementwise_affine=True)
      (attn): Attention(
        (qkv): Linear(in_features=768, out_features=2304, bias=True)
        (attn_drop): Dropout(p=0.0, inplace=False)
        (proj): Linear(in_features=768, out_features=768, bias=True)
        (proj_drop): Dropout(p=0.0, inplace=False)
      )
      (drop_path): Identity()
      (norm2): LayerNorm((768,), eps=1e-06, elementwise_affine=True)
      (mlp): MLP(
        (fc1): Linear(in_features=768, out_features=3072, bias=True)
        (act): GELU(approximate='none')
        (fc2): Linear(in_features=3072, out_features=768, bias=True)
        (drop): Dropout(p=0.0, inplace=False)
      )
    )
  )
  (norm): LayerNorm((768,), eps=1e-06, elementwise_affine=True)
)
Directory logs_IN100/in100-vitb-l2-ep600-seed0-PLATEU/classifiers for saving the classifiers is now present
VisionTransformer(
  (patch_embed): PatchEmbed(
    (proj): Conv2d(3, 768, kernel_size=(14, 14), stride=(14, 14))
  )
  (blocks): ModuleList(
    (0-11): 12 x Block(
      (norm1): LayerNorm((768,), eps=1e-06, elementwise_affine=True)
      (attn): Attention(
        (qkv): Linear(in_features=768, out_features=2304, bias=True)
        (attn_drop): Dropout(p=0.0, inplace=False)
        (proj): Linear(in_features=768, out_features=768, bias=True)
        (proj_drop): Dropout(p=0.0, inplace=False)
      )
      (drop_path): Identity()
      (norm2): LayerNorm((768,), eps=1e-06, elementwise_affine=True)
      (mlp): MLP(
        (fc1): Linear(in_features=768, out_features=3072, bias=True)
        (act): GELU(approximate='none')
        (fc2): Linear(in_features=3072, out_features=768, bias=True)
        (drop): Dropout(p=0.0, inplace=False)
      )
    )
  )
  (norm): LayerNorm((768,), eps=1e-06, elementwise_affine=True)
)
Extracting features and saving them in memory..
Extracting features...
Epoch: 1/200 Train accuracy: 4.59723e-01 Validation accuracy: 4.74800e-01 Training loss 1.74503e-02 Validation loss 1.66813e-02 Time taken: 1.71 seconds 
Epoch: 2/200 Train accuracy: 5.72877e-01 Validation accuracy: 5.11800e-01 Training loss 1.26945e-02 Validation loss 1.54405e-02 Time taken: 1.79 seconds 
Epoch: 3/200 Train accuracy: 6.01538e-01 Validation accuracy: 5.19000e-01 Training loss 1.16521e-02 Validation loss 1.48453e-02 Time taken: 1.57 seconds 
Epoch: 4/200 Train accuracy: 6.19023e-01 Validation accuracy: 5.34000e-01 Training loss 1.10504e-02 Validation loss 1.43132e-02 Time taken: 1.58 seconds 
Epoch: 5/200 Train accuracy: 6.31038e-01 Validation accuracy: 5.36200e-01 Training loss 1.06229e-02 Validation loss 1.41890e-02 Time taken: 1.57 seconds 
Epoch: 6/200 Train accuracy: 6.39992e-01 Validation accuracy: 5.39400e-01 Training loss 1.03187e-02 Validation loss 1.41433e-02 Time taken: 1.58 seconds 
Epoch: 7/200 Train accuracy: 6.47015e-01 Validation accuracy: 5.47200e-01 Training loss 1.00752e-02 Validation loss 1.39251e-02 Time taken: 1.58 seconds 
Epoch: 8/200 Train accuracy: 6.53638e-01 Validation accuracy: 5.43000e-01 Training loss 9.86911e-03 Validation loss 1.39764e-02 Time taken: 1.59 seconds 
Epoch: 9/200 Train accuracy: 6.59300e-01 Validation accuracy: 5.47200e-01 Training loss 9.70107e-03 Validation loss 1.38265e-02 Time taken: 1.58 seconds 
Epoch: 10/200 Train accuracy: 6.63715e-01 Validation accuracy: 5.53600e-01 Training loss 9.55611e-03 Validation loss 1.35972e-02 Time taken: 1.59 seconds 
Epoch: 11/200 Train accuracy: 6.66346e-01 Validation accuracy: 5.51400e-01 Training loss 9.42563e-03 Validation loss 1.35675e-02 Time taken: 1.59 seconds 
Epoch: 12/200 Train accuracy: 6.70885e-01 Validation accuracy: 5.59600e-01 Training loss 9.32215e-03 Validation loss 1.36294e-02 Time taken: 1.77 seconds 
Epoch: 13/200 Train accuracy: 6.73954e-01 Validation accuracy: 5.53600e-01 Training loss 9.21936e-03 Validation loss 1.37433e-02 Time taken: 1.62 seconds 
Epoch: 14/200 Train accuracy: 6.75285e-01 Validation accuracy: 5.57400e-01 Training loss 9.14160e-03 Validation loss 1.36074e-02 Time taken: 1.58 seconds 
Epoch: 15/200 Train accuracy: 6.78538e-01 Validation accuracy: 5.58200e-01 Training loss 9.05570e-03 Validation loss 1.36040e-02 Time taken: 1.58 seconds 
Epoch: 16/200 Train accuracy: 6.80800e-01 Validation accuracy: 5.60000e-01 Training loss 8.98728e-03 Validation loss 1.35103e-02 Time taken: 1.58 seconds 
Epoch: 17/200 Train accuracy: 6.82146e-01 Validation accuracy: 5.60200e-01 Training loss 8.92889e-03 Validation loss 1.34909e-02 Time taken: 1.58 seconds 
Epoch: 18/200 Train accuracy: 6.84769e-01 Validation accuracy: 5.62800e-01 Training loss 8.85723e-03 Validation loss 1.35273e-02 Time taken: 1.59 seconds 
Epoch: 19/200 Train accuracy: 6.86108e-01 Validation accuracy: 5.53200e-01 Training loss 8.81261e-03 Validation loss 1.35265e-02 Time taken: 1.59 seconds 
Epoch: 20/200 Train accuracy: 6.87946e-01 Validation accuracy: 5.55600e-01 Training loss 8.75299e-03 Validation loss 1.36200e-02 Time taken: 1.59 seconds 
Epoch: 21/200 Train accuracy: 6.88377e-01 Validation accuracy: 5.64000e-01 Training loss 8.71426e-03 Validation loss 1.34687e-02 Time taken: 2.51 seconds 
Epoch: 22/200 Train accuracy: 6.90177e-01 Validation accuracy: 5.62400e-01 Training loss 8.66625e-03 Validation loss 1.34588e-02 Time taken: 1.59 seconds 
Epoch: 23/200 Train accuracy: 6.90931e-01 Validation accuracy: 5.58400e-01 Training loss 8.62928e-03 Validation loss 1.35834e-02 Time taken: 1.59 seconds 
Epoch: 24/200 Train accuracy: 6.92069e-01 Validation accuracy: 5.61000e-01 Training loss 8.60003e-03 Validation loss 1.34879e-02 Time taken: 1.59 seconds 
Epoch: 25/200 Train accuracy: 6.93292e-01 Validation accuracy: 5.63600e-01 Training loss 8.55814e-03 Validation loss 1.34800e-02 Time taken: 1.59 seconds 
Epoch: 26/200 Train accuracy: 6.95600e-01 Validation accuracy: 5.58400e-01 Training loss 8.52330e-03 Validation loss 1.35435e-02 Time taken: 1.59 seconds 
Epoch: 27/200 Train accuracy: 6.94877e-01 Validation accuracy: 5.56800e-01 Training loss 8.48732e-03 Validation loss 1.35707e-02 Time taken: 1.59 seconds 
Epoch: 28/200 Train accuracy: 6.96208e-01 Validation accuracy: 5.64400e-01 Training loss 8.46635e-03 Validation loss 1.34915e-02 Time taken: 1.59 seconds 
Epoch: 29/200 Train accuracy: 6.97954e-01 Validation accuracy: 5.64200e-01 Training loss 8.43202e-03 Validation loss 1.34862e-02 Time taken: 1.65 seconds 
Epoch: 30/200 Train accuracy: 6.98100e-01 Validation accuracy: 5.62800e-01 Training loss 8.40681e-03 Validation loss 1.34816e-02 Time taken: 1.60 seconds 
Epoch: 31/200 Train accuracy: 6.98369e-01 Validation accuracy: 5.67600e-01 Training loss 8.38756e-03 Validation loss 1.35786e-02 Time taken: 1.58 seconds 
Epoch: 32/200 Train accuracy: 6.99585e-01 Validation accuracy: 5.58000e-01 Training loss 8.36246e-03 Validation loss 1.36912e-02 Time taken: 1.58 seconds 
Epoch: 33/200 Train accuracy: 7.00469e-01 Validation accuracy: 5.60000e-01 Training loss 8.34214e-03 Validation loss 1.36530e-02 Time taken: 1.58 seconds 
Epoch: 34/200 Train accuracy: 7.01877e-01 Validation accuracy: 5.59400e-01 Training loss 8.31212e-03 Validation loss 1.36760e-02 Time taken: 1.58 seconds 
Epoch: 35/200 Train accuracy: 7.02069e-01 Validation accuracy: 5.62800e-01 Training loss 8.29706e-03 Validation loss 1.36273e-02 Time taken: 1.59 seconds 
Epoch: 36/200 Train accuracy: 7.03023e-01 Validation accuracy: 5.62600e-01 Training loss 8.27673e-03 Validation loss 1.36271e-02 Time taken: 1.59 seconds 
Epoch: 37/200 Train accuracy: 7.02923e-01 Validation accuracy: 5.60600e-01 Training loss 8.26146e-03 Validation loss 1.36344e-02 Time taken: 1.73 seconds 
Epoch: 38/200 Train accuracy: 7.02777e-01 Validation accuracy: 5.61600e-01 Training loss 8.24148e-03 Validation loss 1.35932e-02 Time taken: 1.58 seconds 
Epoch: 39/200 Train accuracy: 7.02931e-01 Validation accuracy: 5.69400e-01 Training loss 8.23588e-03 Validation loss 1.35525e-02 Time taken: 1.83 seconds 
Epoch: 40/200 Train accuracy: 7.05062e-01 Validation accuracy: 5.64600e-01 Training loss 8.21062e-03 Validation loss 1.35469e-02 Time taken: 1.58 seconds 
Epoch: 41/200 Train accuracy: 7.04885e-01 Validation accuracy: 5.62600e-01 Training loss 8.20138e-03 Validation loss 1.35663e-02 Time taken: 1.59 seconds 
Epoch: 42/200 Train accuracy: 7.05200e-01 Validation accuracy: 5.59200e-01 Training loss 8.18811e-03 Validation loss 1.36089e-02 Time taken: 1.59 seconds 
Epoch: 43/200 Train accuracy: 7.05823e-01 Validation accuracy: 5.64600e-01 Training loss 8.16700e-03 Validation loss 1.36050e-02 Time taken: 1.59 seconds 
Epoch: 44/200 Train accuracy: 7.05869e-01 Validation accuracy: 5.61200e-01 Training loss 8.15311e-03 Validation loss 1.36371e-02 Time taken: 1.59 seconds 
Epoch: 45/200 Train accuracy: 7.06554e-01 Validation accuracy: 5.62400e-01 Training loss 8.14667e-03 Validation loss 1.36327e-02 Time taken: 1.60 seconds 
Epoch: 46/200 Train accuracy: 7.06454e-01 Validation accuracy: 5.67400e-01 Training loss 8.12884e-03 Validation loss 1.35558e-02 Time taken: 1.60 seconds 
Epoch: 47/200 Train accuracy: 7.06015e-01 Validation accuracy: 5.63800e-01 Training loss 8.12128e-03 Validation loss 1.35841e-02 Time taken: 1.61 seconds 
Epoch: 48/200 Train accuracy: 7.07892e-01 Validation accuracy: 5.62800e-01 Training loss 8.10880e-03 Validation loss 1.36985e-02 Time taken: 1.60 seconds 
Epoch: 49/200 Train accuracy: 7.06762e-01 Validation accuracy: 5.61400e-01 Training loss 8.09702e-03 Validation loss 1.35591e-02 Time taken: 1.62 seconds 
Epoch: 50/200 Train accuracy: 7.07808e-01 Validation accuracy: 5.67000e-01 Training loss 8.09214e-03 Validation loss 1.35135e-02 Time taken: 1.65 seconds 
Epoch: 51/200 Train accuracy: 7.08108e-01 Validation accuracy: 5.66400e-01 Training loss 8.07262e-03 Validation loss 1.36170e-02 Time taken: 1.64 seconds 
Epoch: 52/200 Train accuracy: 7.08608e-01 Validation accuracy: 5.56400e-01 Training loss 8.06510e-03 Validation loss 1.37695e-02 Time taken: 1.60 seconds 
Epoch: 53/200 Train accuracy: 7.08400e-01 Validation accuracy: 5.62800e-01 Training loss 8.06059e-03 Validation loss 1.36175e-02 Time taken: 1.61 seconds 
Epoch: 54/200 Train accuracy: 7.08585e-01 Validation accuracy: 5.58200e-01 Training loss 8.05107e-03 Validation loss 1.35919e-02 Time taken: 1.61 seconds 
Epoch: 55/200 Train accuracy: 7.08677e-01 Validation accuracy: 5.62000e-01 Training loss 8.04360e-03 Validation loss 1.36434e-02 Time taken: 1.61 seconds 
Epoch: 56/200 Train accuracy: 7.10162e-01 Validation accuracy: 5.59200e-01 Training loss 8.02558e-03 Validation loss 1.36858e-02 Time taken: 1.61 seconds 
Epoch: 57/200 Train accuracy: 7.09692e-01 Validation accuracy: 5.61800e-01 Training loss 8.02759e-03 Validation loss 1.35900e-02 Time taken: 1.61 seconds 
Epoch: 58/200 Train accuracy: 7.10315e-01 Validation accuracy: 5.60800e-01 Training loss 8.01656e-03 Validation loss 1.37096e-02 Time taken: 1.84 seconds 
Epoch: 59/200 Train accuracy: 7.10231e-01 Validation accuracy: 5.60400e-01 Training loss 8.00388e-03 Validation loss 1.36465e-02 Time taken: 1.65 seconds 
Epoch: 60/200 Train accuracy: 7.10269e-01 Validation accuracy: 5.63400e-01 Training loss 8.00332e-03 Validation loss 1.36124e-02 Time taken: 1.84 seconds 
Epoch: 61/200 Train accuracy: 7.10523e-01 Validation accuracy: 5.67400e-01 Training loss 7.99985e-03 Validation loss 1.36644e-02 Time taken: 1.61 seconds 
Epoch: 62/200 Train accuracy: 7.10408e-01 Validation accuracy: 5.63400e-01 Training loss 7.98456e-03 Validation loss 1.36119e-02 Time taken: 1.61 seconds 
Epoch: 63/200 Train accuracy: 7.10108e-01 Validation accuracy: 5.63200e-01 Training loss 7.97879e-03 Validation loss 1.36591e-02 Time taken: 1.61 seconds 
Epoch: 64/200 Train accuracy: 7.11592e-01 Validation accuracy: 5.67600e-01 Training loss 7.97052e-03 Validation loss 1.37691e-02 Time taken: 1.62 seconds 
Epoch: 65/200 Train accuracy: 7.12362e-01 Validation accuracy: 5.60400e-01 Training loss 7.96818e-03 Validation loss 1.36659e-02 Time taken: 1.62 seconds 
Epoch: 66/200 Train accuracy: 7.11215e-01 Validation accuracy: 5.62000e-01 Training loss 7.96088e-03 Validation loss 1.37734e-02 Time taken: 1.63 seconds 
Epoch: 67/200 Train accuracy: 7.12115e-01 Validation accuracy: 5.61600e-01 Training loss 7.95600e-03 Validation loss 1.37522e-02 Time taken: 1.74 seconds 
Epoch: 68/200 Train accuracy: 7.12538e-01 Validation accuracy: 5.59600e-01 Training loss 7.95366e-03 Validation loss 1.36734e-02 Time taken: 1.64 seconds 
Epoch: 69/200 Train accuracy: 7.12754e-01 Validation accuracy: 5.63000e-01 Training loss 7.94111e-03 Validation loss 1.37547e-02 Time taken: 1.63 seconds 
Epoch: 70/200 Train accuracy: 7.12362e-01 Validation accuracy: 5.66400e-01 Training loss 7.94008e-03 Validation loss 1.36908e-02 Time taken: 1.63 seconds 
Epoch: 71/200 Train accuracy: 7.12069e-01 Validation accuracy: 5.58000e-01 Training loss 7.93720e-03 Validation loss 1.36864e-02 Time taken: 1.62 seconds 
Epoch: 72/200 Train accuracy: 7.12300e-01 Validation accuracy: 5.64000e-01 Training loss 7.93140e-03 Validation loss 1.37439e-02 Time taken: 1.62 seconds 
Epoch: 73/200 Train accuracy: 7.13062e-01 Validation accuracy: 5.64600e-01 Training loss 7.92634e-03 Validation loss 1.38433e-02 Time taken: 1.63 seconds 
Epoch: 74/200 Train accuracy: 7.13792e-01 Validation accuracy: 5.60800e-01 Training loss 7.91941e-03 Validation loss 1.38377e-02 Time taken: 1.62 seconds 
Epoch: 75/200 Train accuracy: 7.12862e-01 Validation accuracy: 5.57400e-01 Training loss 7.91936e-03 Validation loss 1.38656e-02 Time taken: 1.63 seconds 
Epoch: 76/200 Train accuracy: 7.12185e-01 Validation accuracy: 5.63800e-01 Training loss 7.91632e-03 Validation loss 1.37207e-02 Time taken: 1.72 seconds 
Epoch: 77/200 Train accuracy: 7.12308e-01 Validation accuracy: 5.64600e-01 Training loss 7.91273e-03 Validation loss 1.38210e-02 Time taken: 1.63 seconds 
Epoch: 78/200 Train accuracy: 7.12900e-01 Validation accuracy: 5.61000e-01 Training loss 7.90489e-03 Validation loss 1.37485e-02 Time taken: 1.65 seconds 
Epoch: 79/200 Train accuracy: 7.12754e-01 Validation accuracy: 5.55400e-01 Training loss 7.90361e-03 Validation loss 1.37952e-02 Time taken: 8.08 seconds 
Epoch: 80/200 Train accuracy: 7.13723e-01 Validation accuracy: 5.65400e-01 Training loss 7.89266e-03 Validation loss 1.35880e-02 Time taken: 1.68 seconds 
Epoch: 81/200 Train accuracy: 7.13515e-01 Validation accuracy: 5.62600e-01 Training loss 7.90051e-03 Validation loss 1.38318e-02 Time taken: 1.61 seconds 
Epoch: 82/200 Train accuracy: 7.14454e-01 Validation accuracy: 5.63400e-01 Training loss 7.89240e-03 Validation loss 1.37671e-02 Time taken: 1.61 seconds 
Epoch: 83/200 Train accuracy: 7.13585e-01 Validation accuracy: 5.60600e-01 Training loss 7.88835e-03 Validation loss 1.38671e-02 Time taken: 1.61 seconds 
Epoch: 84/200 Train accuracy: 7.13685e-01 Validation accuracy: 5.67000e-01 Training loss 7.87906e-03 Validation loss 1.38215e-02 Time taken: 1.62 seconds 
Epoch: 85/200 Train accuracy: 7.14669e-01 Validation accuracy: 5.59200e-01 Training loss 7.88207e-03 Validation loss 1.37990e-02 Time taken: 1.61 seconds 
Epoch: 86/200 Train accuracy: 7.13731e-01 Validation accuracy: 5.59000e-01 Training loss 7.88311e-03 Validation loss 1.37455e-02 Time taken: 1.62 seconds 
Epoch: 87/200 Train accuracy: 7.14115e-01 Validation accuracy: 5.55400e-01 Training loss 7.87717e-03 Validation loss 1.37860e-02 Time taken: 1.62 seconds 
Epoch: 88/200 Train accuracy: 7.14292e-01 Validation accuracy: 5.61800e-01 Training loss 7.86268e-03 Validation loss 1.38505e-02 Time taken: 1.62 seconds 
Epoch: 89/200 Train accuracy: 7.13738e-01 Validation accuracy: 5.59400e-01 Training loss 7.86991e-03 Validation loss 1.37586e-02 Time taken: 1.63 seconds 
Epoch: 90/200 Train accuracy: 7.14946e-01 Validation accuracy: 5.64200e-01 Training loss 7.86465e-03 Validation loss 1.37142e-02 Time taken: 1.96 seconds 
Epoch: 91/200 Train accuracy: 7.14692e-01 Validation accuracy: 5.58000e-01 Training loss 7.86203e-03 Validation loss 1.38125e-02 Time taken: 1.64 seconds 
Epoch: 92/200 Train accuracy: 7.14415e-01 Validation accuracy: 5.59800e-01 Training loss 7.85890e-03 Validation loss 1.38467e-02 Time taken: 1.63 seconds 
Epoch: 93/200 Train accuracy: 7.14169e-01 Validation accuracy: 5.56400e-01 Training loss 7.85969e-03 Validation loss 1.39441e-02 Time taken: 1.64 seconds 
Epoch: 94/200 Train accuracy: 7.14454e-01 Validation accuracy: 5.62000e-01 Training loss 7.85536e-03 Validation loss 1.38437e-02 Time taken: 1.63 seconds 
Epoch: 95/200 Train accuracy: 7.15469e-01 Validation accuracy: 5.62600e-01 Training loss 7.84897e-03 Validation loss 1.37835e-02 Time taken: 1.63 seconds 
Epoch: 96/200 Train accuracy: 7.14746e-01 Validation accuracy: 5.57200e-01 Training loss 7.84946e-03 Validation loss 1.37383e-02 Time taken: 1.63 seconds 
Epoch: 97/200 Train accuracy: 7.15123e-01 Validation accuracy: 5.65200e-01 Training loss 7.85170e-03 Validation loss 1.38452e-02 Time taken: 1.63 seconds 
Epoch: 98/200 Train accuracy: 7.15631e-01 Validation accuracy: 5.65000e-01 Training loss 7.83981e-03 Validation loss 1.37474e-02 Time taken: 1.63 seconds 
Epoch: 99/200 Train accuracy: 7.15608e-01 Validation accuracy: 5.65400e-01 Training loss 7.85174e-03 Validation loss 1.37945e-02 Time taken: 1.63 seconds 
Epoch: 100/200 Train accuracy: 7.15338e-01 Validation accuracy: 5.65000e-01 Training loss 7.84256e-03 Validation loss 1.38058e-02 Time taken: 1.65 seconds 
Epoch: 101/200 Train accuracy: 7.14477e-01 Validation accuracy: 5.65200e-01 Training loss 7.83833e-03 Validation loss 1.37397e-02 Time taken: 1.73 seconds 
Epoch: 102/200 Train accuracy: 7.15215e-01 Validation accuracy: 5.57800e-01 Training loss 7.83323e-03 Validation loss 1.38914e-02 Time taken: 1.65 seconds 
Epoch: 103/200 Train accuracy: 7.16262e-01 Validation accuracy: 5.62000e-01 Training loss 7.83250e-03 Validation loss 1.37960e-02 Time taken: 1.63 seconds 
Epoch: 104/200 Train accuracy: 7.14492e-01 Validation accuracy: 5.59400e-01 Training loss 7.83468e-03 Validation loss 1.38989e-02 Time taken: 1.63 seconds 
Epoch: 105/200 Train accuracy: 7.14792e-01 Validation accuracy: 5.63200e-01 Training loss 7.83386e-03 Validation loss 1.37321e-02 Time taken: 1.63 seconds 
Epoch: 106/200 Train accuracy: 7.15331e-01 Validation accuracy: 5.61600e-01 Training loss 7.83045e-03 Validation loss 1.37074e-02 Time taken: 1.65 seconds 
Epoch: 107/200 Train accuracy: 7.16277e-01 Validation accuracy: 5.58200e-01 Training loss 7.82399e-03 Validation loss 1.38672e-02 Time taken: 1.69 seconds 
Epoch: 108/200 Train accuracy: 7.16169e-01 Validation accuracy: 5.65200e-01 Training loss 7.82423e-03 Validation loss 1.36877e-02 Time taken: 1.92 seconds 
Epoch: 109/200 Train accuracy: 7.16262e-01 Validation accuracy: 5.60000e-01 Training loss 7.82559e-03 Validation loss 1.38125e-02 Time taken: 1.69 seconds 
Epoch: 110/200 Train accuracy: 7.14900e-01 Validation accuracy: 5.68200e-01 Training loss 7.81779e-03 Validation loss 1.37944e-02 Time taken: 1.60 seconds 
Epoch: 111/200 Train accuracy: 7.15846e-01 Validation accuracy: 5.61800e-01 Training loss 7.82360e-03 Validation loss 1.36748e-02 Time taken: 1.60 seconds 
Epoch: 112/200 Train accuracy: 7.16231e-01 Validation accuracy: 5.63000e-01 Training loss 7.81263e-03 Validation loss 1.39181e-02 Time taken: 1.61 seconds 
Epoch: 113/200 Train accuracy: 7.16154e-01 Validation accuracy: 5.64200e-01 Training loss 7.81801e-03 Validation loss 1.37688e-02 Time taken: 1.60 seconds 
Epoch: 114/200 Train accuracy: 7.16762e-01 Validation accuracy: 5.63800e-01 Training loss 7.81232e-03 Validation loss 1.38280e-02 Time taken: 1.61 seconds 
Epoch: 115/200 Train accuracy: 7.16254e-01 Validation accuracy: 5.62600e-01 Training loss 7.81198e-03 Validation loss 1.38042e-02 Time taken: 1.64 seconds 
Epoch: 116/200 Train accuracy: 7.15531e-01 Validation accuracy: 5.61800e-01 Training loss 7.80780e-03 Validation loss 1.37587e-02 Time taken: 1.64 seconds 
Epoch: 117/200 Train accuracy: 7.16085e-01 Validation accuracy: 5.65600e-01 Training loss 7.80676e-03 Validation loss 1.39025e-02 Time taken: 1.62 seconds 
Epoch: 118/200 Train accuracy: 7.14208e-01 Validation accuracy: 5.59800e-01 Training loss 7.81315e-03 Validation loss 1.38226e-02 Time taken: 1.61 seconds 
Epoch: 119/200 Train accuracy: 7.16031e-01 Validation accuracy: 5.61800e-01 Training loss 7.80463e-03 Validation loss 1.37267e-02 Time taken: 1.62 seconds 
Epoch: 120/200 Train accuracy: 7.15469e-01 Validation accuracy: 5.66600e-01 Training loss 7.80380e-03 Validation loss 1.38667e-02 Time taken: 1.61 seconds 
Epoch: 121/200 Train accuracy: 7.16915e-01 Validation accuracy: 5.57800e-01 Training loss 7.79973e-03 Validation loss 1.39308e-02 Time taken: 1.68 seconds 
Epoch: 122/200 Train accuracy: 7.16508e-01 Validation accuracy: 5.59600e-01 Training loss 7.79865e-03 Validation loss 1.38729e-02 Time taken: 1.62 seconds 
Epoch: 123/200 Train accuracy: 7.16269e-01 Validation accuracy: 5.60000e-01 Training loss 7.80290e-03 Validation loss 1.38564e-02 Time taken: 1.62 seconds 
Epoch: 124/200 Train accuracy: 7.16231e-01 Validation accuracy: 5.62400e-01 Training loss 7.80266e-03 Validation loss 1.37982e-02 Time taken: 1.62 seconds 
Epoch: 125/200 Train accuracy: 7.17123e-01 Validation accuracy: 5.64200e-01 Training loss 7.79954e-03 Validation loss 1.39188e-02 Time taken: 1.62 seconds 
Epoch: 126/200 Train accuracy: 7.16777e-01 Validation accuracy: 5.61200e-01 Training loss 7.79860e-03 Validation loss 1.37869e-02 Time taken: 1.62 seconds 
Epoch: 127/200 Train accuracy: 7.16838e-01 Validation accuracy: 5.62600e-01 Training loss 7.80067e-03 Validation loss 1.38783e-02 Time taken: 1.62 seconds 
Epoch: 128/200 Train accuracy: 7.16508e-01 Validation accuracy: 5.64400e-01 Training loss 7.79873e-03 Validation loss 1.38282e-02 Time taken: 1.62 seconds 
Epoch: 129/200 Train accuracy: 7.16800e-01 Validation accuracy: 5.58800e-01 Training loss 7.79981e-03 Validation loss 1.38536e-02 Time taken: 1.62 seconds 
Epoch: 130/200 Train accuracy: 7.16508e-01 Validation accuracy: 5.61400e-01 Training loss 7.79221e-03 Validation loss 1.37339e-02 Time taken: 1.62 seconds 
Epoch: 131/200 Train accuracy: 7.16292e-01 Validation accuracy: 5.63600e-01 Training loss 7.79033e-03 Validation loss 1.38354e-02 Time taken: 1.62 seconds 
Epoch: 132/200 Train accuracy: 7.16862e-01 Validation accuracy: 5.61200e-01 Training loss 7.78374e-03 Validation loss 1.38725e-02 Time taken: 1.62 seconds 
Epoch: 133/200 Train accuracy: 7.17085e-01 Validation accuracy: 5.64200e-01 Training loss 7.79074e-03 Validation loss 1.38279e-02 Time taken: 1.62 seconds 
Epoch: 134/200 Train accuracy: 7.17246e-01 Validation accuracy: 5.61800e-01 Training loss 7.79018e-03 Validation loss 1.37298e-02 Time taken: 1.62 seconds 
Epoch: 135/200 Train accuracy: 7.16285e-01 Validation accuracy: 5.62800e-01 Training loss 7.78870e-03 Validation loss 1.38667e-02 Time taken: 1.62 seconds 
Epoch: 136/200 Train accuracy: 7.17485e-01 Validation accuracy: 5.64800e-01 Training loss 7.77918e-03 Validation loss 1.37354e-02 Time taken: 1.62 seconds 
Epoch: 137/200 Train accuracy: 7.16031e-01 Validation accuracy: 5.66200e-01 Training loss 7.78380e-03 Validation loss 1.37121e-02 Time taken: 1.63 seconds 
Epoch: 138/200 Train accuracy: 7.16862e-01 Validation accuracy: 5.60800e-01 Training loss 7.78605e-03 Validation loss 1.38008e-02 Time taken: 1.62 seconds 
Epoch: 139/200 Train accuracy: 7.15854e-01 Validation accuracy: 5.55200e-01 Training loss 7.79043e-03 Validation loss 1.38951e-02 Time taken: 1.62 seconds 
Epoch: 140/200 Train accuracy: 7.15915e-01 Validation accuracy: 5.58000e-01 Training loss 7.78952e-03 Validation loss 1.38470e-02 Time taken: 1.62 seconds 
Epoch: 141/200 Train accuracy: 7.16492e-01 Validation accuracy: 5.62800e-01 Training loss 7.79330e-03 Validation loss 1.38222e-02 Time taken: 1.62 seconds 
Epoch: 142/200 Train accuracy: 7.16315e-01 Validation accuracy: 5.62800e-01 Training loss 7.78039e-03 Validation loss 1.37750e-02 Time taken: 1.69 seconds 
Epoch: 143/200 Train accuracy: 7.17846e-01 Validation accuracy: 5.57800e-01 Training loss 7.77984e-03 Validation loss 1.38824e-02 Time taken: 1.73 seconds 
Epoch: 144/200 Train accuracy: 7.16846e-01 Validation accuracy: 5.58200e-01 Training loss 7.78170e-03 Validation loss 1.37848e-02 Time taken: 1.74 seconds 
Epoch: 145/200 Train accuracy: 7.17092e-01 Validation accuracy: 5.59400e-01 Training loss 7.77771e-03 Validation loss 1.37789e-02 Time taken: 1.93 seconds 
Epoch: 146/200 Train accuracy: 7.17069e-01 Validation accuracy: 5.57600e-01 Training loss 7.78539e-03 Validation loss 1.37568e-02 Time taken: 1.91 seconds 
Epoch: 147/200 Train accuracy: 7.17215e-01 Validation accuracy: 5.60200e-01 Training loss 7.78246e-03 Validation loss 1.37987e-02 Time taken: 1.71 seconds 
Epoch: 148/200 Train accuracy: 7.15708e-01 Validation accuracy: 5.60800e-01 Training loss 7.78121e-03 Validation loss 1.38893e-02 Time taken: 1.72 seconds 
Epoch: 149/200 Train accuracy: 7.16431e-01 Validation accuracy: 5.63000e-01 Training loss 7.78366e-03 Validation loss 1.38435e-02 Time taken: 1.71 seconds 
Epoch: 150/200 Train accuracy: 7.17915e-01 Validation accuracy: 5.62800e-01 Training loss 7.76885e-03 Validation loss 1.38068e-02 Time taken: 1.72 seconds 
Epoch: 151/200 Train accuracy: 7.16323e-01 Validation accuracy: 5.61400e-01 Training loss 7.77614e-03 Validation loss 1.38618e-02 Time taken: 1.71 seconds 
Epoch: 152/200 Train accuracy: 7.17262e-01 Validation accuracy: 5.64400e-01 Training loss 7.77465e-03 Validation loss 1.37993e-02 Time taken: 1.71 seconds 
Epoch: 153/200 Train accuracy: 7.16262e-01 Validation accuracy: 5.60200e-01 Training loss 7.77528e-03 Validation loss 1.38757e-02 Time taken: 1.71 seconds 
Epoch: 154/200 Train accuracy: 7.16162e-01 Validation accuracy: 5.57400e-01 Training loss 7.77395e-03 Validation loss 1.39086e-02 Time taken: 2.69 seconds 
Epoch: 155/200 Train accuracy: 7.16808e-01 Validation accuracy: 5.63800e-01 Training loss 7.77725e-03 Validation loss 1.38632e-02 Time taken: 6.43 seconds 
Epoch: 156/200 Train accuracy: 7.17823e-01 Validation accuracy: 5.58600e-01 Training loss 7.77434e-03 Validation loss 1.37734e-02 Time taken: 1.68 seconds 
Epoch: 157/200 Train accuracy: 7.16723e-01 Validation accuracy: 5.66000e-01 Training loss 7.77441e-03 Validation loss 1.37695e-02 Time taken: 1.78 seconds 
Epoch: 158/200 Train accuracy: 7.17138e-01 Validation accuracy: 5.61600e-01 Training loss 7.77458e-03 Validation loss 1.38978e-02 Time taken: 1.64 seconds 
Epoch: 159/200 Train accuracy: 7.17431e-01 Validation accuracy: 5.60600e-01 Training loss 7.76844e-03 Validation loss 1.38816e-02 Time taken: 1.65 seconds 
Epoch: 160/200 Train accuracy: 7.16900e-01 Validation accuracy: 5.61000e-01 Training loss 7.77473e-03 Validation loss 1.38813e-02 Time taken: 1.65 seconds 
Epoch: 161/200 Train accuracy: 7.16492e-01 Validation accuracy: 5.61400e-01 Training loss 7.77283e-03 Validation loss 1.38454e-02 Time taken: 1.65 seconds 
Epoch: 162/200 Train accuracy: 7.17992e-01 Validation accuracy: 5.61000e-01 Training loss 7.76754e-03 Validation loss 1.39162e-02 Time taken: 1.65 seconds 
Epoch: 163/200 Train accuracy: 7.17438e-01 Validation accuracy: 5.61200e-01 Training loss 7.76822e-03 Validation loss 1.38445e-02 Time taken: 1.65 seconds 
Epoch: 164/200 Train accuracy: 7.16662e-01 Validation accuracy: 5.65200e-01 Training loss 7.78032e-03 Validation loss 1.38233e-02 Time taken: 1.66 seconds 
Epoch: 165/200 Train accuracy: 7.18177e-01 Validation accuracy: 5.54600e-01 Training loss 7.76442e-03 Validation loss 1.38724e-02 Time taken: 1.65 seconds 
Epoch: 166/200 Train accuracy: 7.15800e-01 Validation accuracy: 5.61400e-01 Training loss 7.77054e-03 Validation loss 1.38722e-02 Time taken: 1.65 seconds 
Epoch: 167/200 Train accuracy: 7.17462e-01 Validation accuracy: 5.59200e-01 Training loss 7.76551e-03 Validation loss 1.38560e-02 Time taken: 1.64 seconds 
Epoch: 168/200 Train accuracy: 7.17562e-01 Validation accuracy: 5.69400e-01 Training loss 7.76644e-03 Validation loss 1.38434e-02 Time taken: 1.89 seconds 
Epoch: 169/200 Train accuracy: 7.16808e-01 Validation accuracy: 5.62400e-01 Training loss 7.76278e-03 Validation loss 1.38136e-02 Time taken: 1.79 seconds 
Epoch: 170/200 Train accuracy: 7.17892e-01 Validation accuracy: 5.63800e-01 Training loss 7.76547e-03 Validation loss 1.37676e-02 Time taken: 1.64 seconds 
Epoch: 171/200 Train accuracy: 7.16600e-01 Validation accuracy: 5.63800e-01 Training loss 7.76798e-03 Validation loss 1.38823e-02 Time taken: 1.63 seconds 
Epoch: 172/200 Train accuracy: 7.17069e-01 Validation accuracy: 5.63200e-01 Training loss 7.77196e-03 Validation loss 1.38360e-02 Time taken: 1.64 seconds 
Epoch: 173/200 Train accuracy: 7.16638e-01 Validation accuracy: 5.64200e-01 Training loss 7.76311e-03 Validation loss 1.37965e-02 Time taken: 1.63 seconds 
Epoch: 174/200 Train accuracy: 7.17238e-01 Validation accuracy: 5.66400e-01 Training loss 7.76322e-03 Validation loss 1.39096e-02 Time taken: 1.64 seconds 
Epoch: 175/200 Train accuracy: 7.17569e-01 Validation accuracy: 5.64600e-01 Training loss 7.76268e-03 Validation loss 1.38208e-02 Time taken: 1.65 seconds 
Epoch: 176/200 Train accuracy: 7.16800e-01 Validation accuracy: 5.63600e-01 Training loss 7.76250e-03 Validation loss 1.39116e-02 Time taken: 1.64 seconds 
Epoch: 177/200 Train accuracy: 7.18215e-01 Validation accuracy: 5.58000e-01 Training loss 7.75951e-03 Validation loss 1.39739e-02 Time taken: 1.73 seconds 
Epoch: 178/200 Train accuracy: 7.17015e-01 Validation accuracy: 5.54000e-01 Training loss 7.76378e-03 Validation loss 1.39508e-02 Time taken: 1.64 seconds 
Epoch: 179/200 Train accuracy: 7.18031e-01 Validation accuracy: 5.63000e-01 Training loss 7.76202e-03 Validation loss 1.37757e-02 Time taken: 1.63 seconds 
Epoch: 180/200 Train accuracy: 7.17592e-01 Validation accuracy: 5.65000e-01 Training loss 7.76795e-03 Validation loss 1.38646e-02 Time taken: 1.64 seconds 
Epoch: 181/200 Train accuracy: 7.17415e-01 Validation accuracy: 5.60000e-01 Training loss 7.76418e-03 Validation loss 1.39199e-02 Time taken: 1.63 seconds 
Epoch: 182/200 Train accuracy: 7.18177e-01 Validation accuracy: 5.65000e-01 Training loss 7.76101e-03 Validation loss 1.38477e-02 Time taken: 1.64 seconds 
Epoch: 183/200 Train accuracy: 7.17708e-01 Validation accuracy: 5.64000e-01 Training loss 7.76134e-03 Validation loss 1.38443e-02 Time taken: 1.63 seconds 
Epoch: 184/200 Train accuracy: 7.17162e-01 Validation accuracy: 5.60400e-01 Training loss 7.75860e-03 Validation loss 1.38992e-02 Time taken: 1.65 seconds 
Epoch: 185/200 Train accuracy: 7.18554e-01 Validation accuracy: 5.57800e-01 Training loss 7.76390e-03 Validation loss 1.38321e-02 Time taken: 1.67 seconds 
Epoch: 186/200 Train accuracy: 7.16600e-01 Validation accuracy: 5.60400e-01 Training loss 7.75633e-03 Validation loss 1.39567e-02 Time taken: 1.66 seconds 
Epoch: 187/200 Train accuracy: 7.17846e-01 Validation accuracy: 5.60600e-01 Training loss 7.76049e-03 Validation loss 1.38334e-02 Time taken: 1.63 seconds 
Epoch: 188/200 Train accuracy: 7.18231e-01 Validation accuracy: 5.61600e-01 Training loss 7.75983e-03 Validation loss 1.38771e-02 Time taken: 1.63 seconds 
Epoch: 189/200 Train accuracy: 7.17146e-01 Validation accuracy: 5.62200e-01 Training loss 7.76658e-03 Validation loss 1.38512e-02 Time taken: 1.68 seconds 
Epoch: 190/200 Train accuracy: 7.18423e-01 Validation accuracy: 5.63400e-01 Training loss 7.75470e-03 Validation loss 1.37324e-02 Time taken: 1.64 seconds 
Epoch: 191/200 Train accuracy: 7.17269e-01 Validation accuracy: 5.64600e-01 Training loss 7.76624e-03 Validation loss 1.38730e-02 Time taken: 1.64 seconds 
Epoch: 192/200 Train accuracy: 7.18146e-01 Validation accuracy: 5.69000e-01 Training loss 7.75759e-03 Validation loss 1.38412e-02 Time taken: 1.64 seconds 
Epoch: 193/200 Train accuracy: 7.18208e-01 Validation accuracy: 5.61200e-01 Training loss 7.75664e-03 Validation loss 1.38696e-02 Time taken: 1.64 seconds 
Epoch: 194/200 Train accuracy: 7.17846e-01 Validation accuracy: 5.61200e-01 Training loss 7.75446e-03 Validation loss 1.38954e-02 Time taken: 1.63 seconds 
Epoch: 195/200 Train accuracy: 7.17469e-01 Validation accuracy: 5.56800e-01 Training loss 7.75993e-03 Validation loss 1.38469e-02 Time taken: 1.64 seconds 
Epoch: 196/200 Train accuracy: 7.17323e-01 Validation accuracy: 5.59200e-01 Training loss 7.75853e-03 Validation loss 1.38136e-02 Time taken: 1.64 seconds 
Epoch: 197/200 Train accuracy: 7.18238e-01 Validation accuracy: 5.62400e-01 Training loss 7.75752e-03 Validation loss 1.38529e-02 Time taken: 1.64 seconds 
Epoch: 198/200 Train accuracy: 7.17485e-01 Validation accuracy: 5.64800e-01 Training loss 7.75079e-03 Validation loss 1.37816e-02 Time taken: 1.63 seconds 
Epoch: 199/200 Train accuracy: 7.17692e-01 Validation accuracy: 5.59800e-01 Training loss 7.75800e-03 Validation loss 1.37957e-02 Time taken: 1.64 seconds 
Epoch: 200/200 Train accuracy: 7.16677e-01 Validation accuracy: 5.67600e-01 Training loss 7.75653e-03 Validation loss 1.37806e-02 Time taken: 1.64 seconds 
Total time taken 0:05:44.406982
Cleaning up intermediate feature (.pt) files
Done


working on file logs_IN100/in100-vitb-l2-ep600-seed0-PLATEU/jepa_in100-ep600.pth.tar ...
Directory logs_IN100/in100-vitb-l2-ep600-seed0-PLATEU/classifiers for saving the classifiers is now present
VisionTransformer(
  (patch_embed): PatchEmbed(
    (proj): Conv2d(3, 768, kernel_size=(14, 14), stride=(14, 14))
  )
  (blocks): ModuleList(
    (0-11): 12 x Block(
      (norm1): LayerNorm((768,), eps=1e-06, elementwise_affine=True)
      (attn): Attention(
        (qkv): Linear(in_features=768, out_features=2304, bias=True)
        (attn_drop): Dropout(p=0.0, inplace=False)
        (proj): Linear(in_features=768, out_features=768, bias=True)
        (proj_drop): Dropout(p=0.0, inplace=False)
      )
      (drop_path): Identity()
      (norm2): LayerNorm((768,), eps=1e-06, elementwise_affine=True)
      (mlp): MLP(
        (fc1): Linear(in_features=768, out_features=3072, bias=True)
        (act): GELU(approximate='none')
        (fc2): Linear(in_features=3072, out_features=768, bias=True)
        (drop): Dropout(p=0.0, inplace=False)
      )
    )
  )
  (norm): LayerNorm((768,), eps=1e-06, elementwise_affine=True)
)
Extracting features and saving them in memory..
Extracting features...
Epoch: 1/200 Train accuracy: 3.67046e-01 Validation accuracy: 3.90400e-01 Training loss 2.01640e-02 Validation loss 1.92295e-02 Time taken: 1.70 seconds 
Epoch: 2/200 Train accuracy: 4.83185e-01 Validation accuracy: 4.28200e-01 Training loss 1.56194e-02 Validation loss 1.78958e-02 Time taken: 1.61 seconds 
Epoch: 3/200 Train accuracy: 5.14677e-01 Validation accuracy: 4.56000e-01 Training loss 1.44696e-02 Validation loss 1.72135e-02 Time taken: 1.61 seconds 
Epoch: 4/200 Train accuracy: 5.36431e-01 Validation accuracy: 4.58800e-01 Training loss 1.37879e-02 Validation loss 1.67303e-02 Time taken: 1.61 seconds 
Epoch: 5/200 Train accuracy: 5.49623e-01 Validation accuracy: 4.69600e-01 Training loss 1.33133e-02 Validation loss 1.66048e-02 Time taken: 1.61 seconds 
Epoch: 6/200 Train accuracy: 5.58931e-01 Validation accuracy: 4.78600e-01 Training loss 1.29794e-02 Validation loss 1.62380e-02 Time taken: 1.61 seconds 
Epoch: 7/200 Train accuracy: 5.67262e-01 Validation accuracy: 4.89400e-01 Training loss 1.26952e-02 Validation loss 1.61248e-02 Time taken: 1.61 seconds 
Epoch: 8/200 Train accuracy: 5.75623e-01 Validation accuracy: 4.89400e-01 Training loss 1.24511e-02 Validation loss 1.59224e-02 Time taken: 1.61 seconds 
Epoch: 9/200 Train accuracy: 5.80638e-01 Validation accuracy: 4.88400e-01 Training loss 1.22611e-02 Validation loss 1.58958e-02 Time taken: 1.61 seconds 
Epoch: 10/200 Train accuracy: 5.86238e-01 Validation accuracy: 4.99800e-01 Training loss 1.20887e-02 Validation loss 1.56739e-02 Time taken: 1.61 seconds 
Epoch: 11/200 Train accuracy: 5.91769e-01 Validation accuracy: 4.96800e-01 Training loss 1.19363e-02 Validation loss 1.56200e-02 Time taken: 1.61 seconds 
Epoch: 12/200 Train accuracy: 5.95092e-01 Validation accuracy: 4.94400e-01 Training loss 1.17984e-02 Validation loss 1.56583e-02 Time taken: 1.61 seconds 
Epoch: 13/200 Train accuracy: 5.98162e-01 Validation accuracy: 4.97600e-01 Training loss 1.16836e-02 Validation loss 1.54275e-02 Time taken: 1.61 seconds 
Epoch: 14/200 Train accuracy: 6.02146e-01 Validation accuracy: 4.97400e-01 Training loss 1.15764e-02 Validation loss 1.55350e-02 Time taken: 1.61 seconds 
Epoch: 15/200 Train accuracy: 6.04062e-01 Validation accuracy: 5.02000e-01 Training loss 1.14744e-02 Validation loss 1.53768e-02 Time taken: 1.62 seconds 
Epoch: 16/200 Train accuracy: 6.06792e-01 Validation accuracy: 5.02400e-01 Training loss 1.13825e-02 Validation loss 1.53371e-02 Time taken: 1.62 seconds 
Epoch: 17/200 Train accuracy: 6.08962e-01 Validation accuracy: 4.98800e-01 Training loss 1.13137e-02 Validation loss 1.53313e-02 Time taken: 1.61 seconds 
Epoch: 18/200 Train accuracy: 6.13015e-01 Validation accuracy: 5.06000e-01 Training loss 1.12319e-02 Validation loss 1.52538e-02 Time taken: 1.61 seconds 
Epoch: 19/200 Train accuracy: 6.13600e-01 Validation accuracy: 5.01000e-01 Training loss 1.11613e-02 Validation loss 1.52290e-02 Time taken: 1.61 seconds 
Epoch: 20/200 Train accuracy: 6.16215e-01 Validation accuracy: 5.06200e-01 Training loss 1.10969e-02 Validation loss 1.52925e-02 Time taken: 1.62 seconds 
Epoch: 21/200 Train accuracy: 6.17592e-01 Validation accuracy: 5.17200e-01 Training loss 1.10467e-02 Validation loss 1.50905e-02 Time taken: 1.62 seconds 
Epoch: 22/200 Train accuracy: 6.18462e-01 Validation accuracy: 5.10600e-01 Training loss 1.09980e-02 Validation loss 1.50885e-02 Time taken: 1.71 seconds 
Epoch: 23/200 Train accuracy: 6.21077e-01 Validation accuracy: 5.12200e-01 Training loss 1.09303e-02 Validation loss 1.51175e-02 Time taken: 1.68 seconds 
Epoch: 24/200 Train accuracy: 6.22854e-01 Validation accuracy: 5.14000e-01 Training loss 1.08838e-02 Validation loss 1.50584e-02 Time taken: 1.62 seconds 
Epoch: 25/200 Train accuracy: 6.24438e-01 Validation accuracy: 5.09400e-01 Training loss 1.08321e-02 Validation loss 1.50625e-02 Time taken: 1.62 seconds 
Epoch: 26/200 Train accuracy: 6.26477e-01 Validation accuracy: 5.16000e-01 Training loss 1.07888e-02 Validation loss 1.50099e-02 Time taken: 1.62 seconds 
Epoch: 27/200 Train accuracy: 6.27231e-01 Validation accuracy: 5.12000e-01 Training loss 1.07487e-02 Validation loss 1.50504e-02 Time taken: 1.62 seconds 
Epoch: 28/200 Train accuracy: 6.26877e-01 Validation accuracy: 5.14400e-01 Training loss 1.07186e-02 Validation loss 1.48913e-02 Time taken: 1.63 seconds 
Epoch: 29/200 Train accuracy: 6.27831e-01 Validation accuracy: 5.18800e-01 Training loss 1.06828e-02 Validation loss 1.49196e-02 Time taken: 1.61 seconds 
Epoch: 30/200 Train accuracy: 6.30000e-01 Validation accuracy: 5.17600e-01 Training loss 1.06432e-02 Validation loss 1.49848e-02 Time taken: 1.61 seconds 
Epoch: 31/200 Train accuracy: 6.31331e-01 Validation accuracy: 5.14200e-01 Training loss 1.05981e-02 Validation loss 1.49427e-02 Time taken: 1.61 seconds 
Epoch: 32/200 Train accuracy: 6.32277e-01 Validation accuracy: 5.18800e-01 Training loss 1.05709e-02 Validation loss 1.50318e-02 Time taken: 1.62 seconds 
Epoch: 33/200 Train accuracy: 6.32531e-01 Validation accuracy: 5.24000e-01 Training loss 1.05454e-02 Validation loss 1.47793e-02 Time taken: 1.63 seconds 
Epoch: 34/200 Train accuracy: 6.32792e-01 Validation accuracy: 5.15400e-01 Training loss 1.05240e-02 Validation loss 1.49041e-02 Time taken: 1.62 seconds 
Epoch: 35/200 Train accuracy: 6.35054e-01 Validation accuracy: 5.19400e-01 Training loss 1.04828e-02 Validation loss 1.48729e-02 Time taken: 1.61 seconds 
Epoch: 36/200 Train accuracy: 6.35908e-01 Validation accuracy: 5.22400e-01 Training loss 1.04639e-02 Validation loss 1.49091e-02 Time taken: 1.61 seconds 
Epoch: 37/200 Train accuracy: 6.36492e-01 Validation accuracy: 5.20200e-01 Training loss 1.04303e-02 Validation loss 1.49958e-02 Time taken: 1.69 seconds 
Epoch: 38/200 Train accuracy: 6.37023e-01 Validation accuracy: 5.17400e-01 Training loss 1.04089e-02 Validation loss 1.49616e-02 Time taken: 1.63 seconds 
Epoch: 39/200 Train accuracy: 6.37523e-01 Validation accuracy: 5.11800e-01 Training loss 1.03834e-02 Validation loss 1.49259e-02 Time taken: 1.62 seconds 
Epoch: 40/200 Train accuracy: 6.37885e-01 Validation accuracy: 5.25600e-01 Training loss 1.03771e-02 Validation loss 1.49294e-02 Time taken: 1.61 seconds 
Epoch: 41/200 Train accuracy: 6.40585e-01 Validation accuracy: 5.24000e-01 Training loss 1.03345e-02 Validation loss 1.48837e-02 Time taken: 1.61 seconds 
Epoch: 42/200 Train accuracy: 6.39777e-01 Validation accuracy: 5.17400e-01 Training loss 1.03230e-02 Validation loss 1.48734e-02 Time taken: 1.61 seconds 
Epoch: 43/200 Train accuracy: 6.39362e-01 Validation accuracy: 5.17000e-01 Training loss 1.03053e-02 Validation loss 1.48337e-02 Time taken: 1.62 seconds 
Epoch: 44/200 Train accuracy: 6.41077e-01 Validation accuracy: 5.23000e-01 Training loss 1.02790e-02 Validation loss 1.47814e-02 Time taken: 1.62 seconds 
Epoch: 45/200 Train accuracy: 6.42215e-01 Validation accuracy: 5.24400e-01 Training loss 1.02611e-02 Validation loss 1.47927e-02 Time taken: 1.61 seconds 
Epoch: 46/200 Train accuracy: 6.42200e-01 Validation accuracy: 5.14000e-01 Training loss 1.02449e-02 Validation loss 1.49558e-02 Time taken: 1.61 seconds 
Epoch: 47/200 Train accuracy: 6.42000e-01 Validation accuracy: 5.23000e-01 Training loss 1.02368e-02 Validation loss 1.48806e-02 Time taken: 1.62 seconds 
Epoch: 48/200 Train accuracy: 6.44346e-01 Validation accuracy: 5.21200e-01 Training loss 1.02098e-02 Validation loss 1.48776e-02 Time taken: 1.62 seconds 
Epoch: 49/200 Train accuracy: 6.44400e-01 Validation accuracy: 5.11000e-01 Training loss 1.01972e-02 Validation loss 1.49294e-02 Time taken: 1.61 seconds 
Epoch: 50/200 Train accuracy: 6.44562e-01 Validation accuracy: 5.15200e-01 Training loss 1.01822e-02 Validation loss 1.50401e-02 Time taken: 1.62 seconds 
Epoch: 51/200 Train accuracy: 6.44077e-01 Validation accuracy: 5.20600e-01 Training loss 1.01673e-02 Validation loss 1.48714e-02 Time taken: 1.61 seconds 
Epoch: 52/200 Train accuracy: 6.45423e-01 Validation accuracy: 5.19600e-01 Training loss 1.01409e-02 Validation loss 1.49834e-02 Time taken: 1.61 seconds 
Epoch: 53/200 Train accuracy: 6.45546e-01 Validation accuracy: 5.19600e-01 Training loss 1.01476e-02 Validation loss 1.48621e-02 Time taken: 1.64 seconds 
Epoch: 54/200 Train accuracy: 6.46192e-01 Validation accuracy: 5.17800e-01 Training loss 1.01247e-02 Validation loss 1.48225e-02 Time taken: 1.66 seconds 
Epoch: 55/200 Train accuracy: 6.46200e-01 Validation accuracy: 5.29600e-01 Training loss 1.01049e-02 Validation loss 1.47140e-02 Time taken: 1.64 seconds 
Epoch: 56/200 Train accuracy: 6.47292e-01 Validation accuracy: 5.18800e-01 Training loss 1.01020e-02 Validation loss 1.48780e-02 Time taken: 1.64 seconds 
Epoch: 57/200 Train accuracy: 6.47408e-01 Validation accuracy: 5.23800e-01 Training loss 1.00894e-02 Validation loss 1.48151e-02 Time taken: 1.61 seconds 
Epoch: 58/200 Train accuracy: 6.47677e-01 Validation accuracy: 5.28800e-01 Training loss 1.00766e-02 Validation loss 1.47817e-02 Time taken: 1.61 seconds 
Epoch: 59/200 Train accuracy: 6.47646e-01 Validation accuracy: 5.24000e-01 Training loss 1.00604e-02 Validation loss 1.47409e-02 Time taken: 1.61 seconds 
Epoch: 60/200 Train accuracy: 6.48585e-01 Validation accuracy: 5.27200e-01 Training loss 1.00473e-02 Validation loss 1.46944e-02 Time taken: 1.61 seconds 
Epoch: 61/200 Train accuracy: 6.48062e-01 Validation accuracy: 5.24600e-01 Training loss 1.00367e-02 Validation loss 1.47568e-02 Time taken: 1.62 seconds 
Epoch: 62/200 Train accuracy: 6.49446e-01 Validation accuracy: 5.27400e-01 Training loss 1.00281e-02 Validation loss 1.47758e-02 Time taken: 1.62 seconds 
Epoch: 63/200 Train accuracy: 6.48962e-01 Validation accuracy: 5.29400e-01 Training loss 1.00235e-02 Validation loss 1.48093e-02 Time taken: 1.61 seconds 
Epoch: 64/200 Train accuracy: 6.49600e-01 Validation accuracy: 5.26800e-01 Training loss 1.00128e-02 Validation loss 1.47294e-02 Time taken: 1.60 seconds 
Epoch: 65/200 Train accuracy: 6.49523e-01 Validation accuracy: 5.21000e-01 Training loss 1.00073e-02 Validation loss 1.47831e-02 Time taken: 1.61 seconds 
Epoch: 66/200 Train accuracy: 6.49977e-01 Validation accuracy: 5.26400e-01 Training loss 9.98775e-03 Validation loss 1.47633e-02 Time taken: 1.60 seconds 
Epoch: 67/200 Train accuracy: 6.51608e-01 Validation accuracy: 5.29800e-01 Training loss 9.98114e-03 Validation loss 1.47446e-02 Time taken: 1.61 seconds 
Epoch: 68/200 Train accuracy: 6.50977e-01 Validation accuracy: 5.24200e-01 Training loss 9.96860e-03 Validation loss 1.48364e-02 Time taken: 1.62 seconds 
Epoch: 69/200 Train accuracy: 6.52031e-01 Validation accuracy: 5.26600e-01 Training loss 9.95785e-03 Validation loss 1.49329e-02 Time taken: 1.61 seconds 
Epoch: 70/200 Train accuracy: 6.52038e-01 Validation accuracy: 5.28800e-01 Training loss 9.94712e-03 Validation loss 1.48381e-02 Time taken: 1.61 seconds 
Epoch: 71/200 Train accuracy: 6.51300e-01 Validation accuracy: 5.33200e-01 Training loss 9.95085e-03 Validation loss 1.47021e-02 Time taken: 1.61 seconds 
Epoch: 72/200 Train accuracy: 6.51177e-01 Validation accuracy: 5.23000e-01 Training loss 9.93460e-03 Validation loss 1.48849e-02 Time taken: 1.63 seconds 
Epoch: 73/200 Train accuracy: 6.51700e-01 Validation accuracy: 5.18400e-01 Training loss 9.92607e-03 Validation loss 1.48646e-02 Time taken: 1.61 seconds 
Epoch: 74/200 Train accuracy: 6.52623e-01 Validation accuracy: 5.21200e-01 Training loss 9.92078e-03 Validation loss 1.47140e-02 Time taken: 1.89 seconds 
Epoch: 75/200 Train accuracy: 6.52908e-01 Validation accuracy: 5.27400e-01 Training loss 9.90706e-03 Validation loss 1.47668e-02 Time taken: 1.67 seconds 
Epoch: 76/200 Train accuracy: 6.52915e-01 Validation accuracy: 5.29000e-01 Training loss 9.91251e-03 Validation loss 1.47547e-02 Time taken: 1.61 seconds 
Epoch: 77/200 Train accuracy: 6.52508e-01 Validation accuracy: 5.30800e-01 Training loss 9.90057e-03 Validation loss 1.47322e-02 Time taken: 1.61 seconds 
Epoch: 78/200 Train accuracy: 6.54708e-01 Validation accuracy: 5.32000e-01 Training loss 9.89361e-03 Validation loss 1.46796e-02 Time taken: 1.64 seconds 
Epoch: 79/200 Train accuracy: 6.53838e-01 Validation accuracy: 5.26400e-01 Training loss 9.88651e-03 Validation loss 1.48575e-02 Time taken: 1.62 seconds 
Epoch: 80/200 Train accuracy: 6.52669e-01 Validation accuracy: 5.23400e-01 Training loss 9.88750e-03 Validation loss 1.48048e-02 Time taken: 1.61 seconds 
Epoch: 81/200 Train accuracy: 6.53577e-01 Validation accuracy: 5.26200e-01 Training loss 9.87110e-03 Validation loss 1.48449e-02 Time taken: 1.61 seconds 
Epoch: 82/200 Train accuracy: 6.54315e-01 Validation accuracy: 5.29200e-01 Training loss 9.86673e-03 Validation loss 1.47237e-02 Time taken: 1.61 seconds 
Epoch: 83/200 Train accuracy: 6.53692e-01 Validation accuracy: 5.29600e-01 Training loss 9.86459e-03 Validation loss 1.47311e-02 Time taken: 1.61 seconds 
Epoch: 84/200 Train accuracy: 6.53992e-01 Validation accuracy: 5.22200e-01 Training loss 9.85761e-03 Validation loss 1.48349e-02 Time taken: 1.62 seconds 
Epoch: 85/200 Train accuracy: 6.54608e-01 Validation accuracy: 5.29600e-01 Training loss 9.85250e-03 Validation loss 1.46310e-02 Time taken: 1.62 seconds 
Epoch: 86/200 Train accuracy: 6.53992e-01 Validation accuracy: 5.27400e-01 Training loss 9.84677e-03 Validation loss 1.46766e-02 Time taken: 1.62 seconds 
Epoch: 87/200 Train accuracy: 6.54700e-01 Validation accuracy: 5.30000e-01 Training loss 9.84068e-03 Validation loss 1.46047e-02 Time taken: 1.62 seconds 
Epoch: 88/200 Train accuracy: 6.56231e-01 Validation accuracy: 5.29800e-01 Training loss 9.83639e-03 Validation loss 1.48460e-02 Time taken: 1.61 seconds 
Epoch: 89/200 Train accuracy: 6.55362e-01 Validation accuracy: 5.31200e-01 Training loss 9.82214e-03 Validation loss 1.47407e-02 Time taken: 1.61 seconds 
Epoch: 90/200 Train accuracy: 6.55777e-01 Validation accuracy: 5.30200e-01 Training loss 9.81328e-03 Validation loss 1.47644e-02 Time taken: 1.62 seconds 
Epoch: 91/200 Train accuracy: 6.55908e-01 Validation accuracy: 5.28800e-01 Training loss 9.82153e-03 Validation loss 1.48705e-02 Time taken: 1.61 seconds 
Epoch: 92/200 Train accuracy: 6.55092e-01 Validation accuracy: 5.31000e-01 Training loss 9.81359e-03 Validation loss 1.46591e-02 Time taken: 1.62 seconds 
Epoch: 93/200 Train accuracy: 6.56546e-01 Validation accuracy: 5.23200e-01 Training loss 9.81235e-03 Validation loss 1.47729e-02 Time taken: 1.62 seconds 
Epoch: 94/200 Train accuracy: 6.56862e-01 Validation accuracy: 5.25800e-01 Training loss 9.80221e-03 Validation loss 1.47167e-02 Time taken: 1.61 seconds 
Epoch: 95/200 Train accuracy: 6.56392e-01 Validation accuracy: 5.29800e-01 Training loss 9.79611e-03 Validation loss 1.46527e-02 Time taken: 1.62 seconds 
Epoch: 96/200 Train accuracy: 6.56477e-01 Validation accuracy: 5.23000e-01 Training loss 9.79669e-03 Validation loss 1.47910e-02 Time taken: 1.63 seconds 
Epoch: 97/200 Train accuracy: 6.56438e-01 Validation accuracy: 5.32200e-01 Training loss 9.79002e-03 Validation loss 1.47786e-02 Time taken: 1.62 seconds 
Epoch: 98/200 Train accuracy: 6.57215e-01 Validation accuracy: 5.27200e-01 Training loss 9.78571e-03 Validation loss 1.46659e-02 Time taken: 1.61 seconds 
Epoch: 99/200 Train accuracy: 6.55485e-01 Validation accuracy: 5.25800e-01 Training loss 9.78472e-03 Validation loss 1.47906e-02 Time taken: 1.66 seconds 
Epoch: 100/200 Train accuracy: 6.56100e-01 Validation accuracy: 5.22000e-01 Training loss 9.78199e-03 Validation loss 1.48435e-02 Time taken: 1.62 seconds 
Epoch: 101/200 Train accuracy: 6.56508e-01 Validation accuracy: 5.27800e-01 Training loss 9.78545e-03 Validation loss 1.46771e-02 Time taken: 1.61 seconds 
Epoch: 102/200 Train accuracy: 6.57746e-01 Validation accuracy: 5.36200e-01 Training loss 9.75916e-03 Validation loss 1.46625e-02 Time taken: 1.63 seconds 
Epoch: 103/200 Train accuracy: 6.57208e-01 Validation accuracy: 5.30800e-01 Training loss 9.77079e-03 Validation loss 1.46254e-02 Time taken: 1.63 seconds 
Epoch: 104/200 Train accuracy: 6.57523e-01 Validation accuracy: 5.28400e-01 Training loss 9.76447e-03 Validation loss 1.46517e-02 Time taken: 1.62 seconds 
Epoch: 105/200 Train accuracy: 6.56969e-01 Validation accuracy: 5.33600e-01 Training loss 9.76333e-03 Validation loss 1.47082e-02 Time taken: 1.62 seconds 
Epoch: 106/200 Train accuracy: 6.57708e-01 Validation accuracy: 5.28000e-01 Training loss 9.75077e-03 Validation loss 1.45749e-02 Time taken: 1.61 seconds 
Epoch: 107/200 Train accuracy: 6.57254e-01 Validation accuracy: 5.24800e-01 Training loss 9.74496e-03 Validation loss 1.48840e-02 Time taken: 1.61 seconds 
Epoch: 108/200 Train accuracy: 6.57331e-01 Validation accuracy: 5.29400e-01 Training loss 9.74717e-03 Validation loss 1.47733e-02 Time taken: 1.62 seconds 
Epoch: 109/200 Train accuracy: 6.58285e-01 Validation accuracy: 5.28000e-01 Training loss 9.74449e-03 Validation loss 1.47804e-02 Time taken: 1.62 seconds 
Epoch: 110/200 Train accuracy: 6.57315e-01 Validation accuracy: 5.27600e-01 Training loss 9.73302e-03 Validation loss 1.47369e-02 Time taken: 1.61 seconds 
Epoch: 111/200 Train accuracy: 6.58638e-01 Validation accuracy: 5.25200e-01 Training loss 9.73466e-03 Validation loss 1.49265e-02 Time taken: 1.62 seconds 
Epoch: 112/200 Train accuracy: 6.57685e-01 Validation accuracy: 5.30000e-01 Training loss 9.74725e-03 Validation loss 1.46529e-02 Time taken: 1.62 seconds 
Epoch: 113/200 Train accuracy: 6.57831e-01 Validation accuracy: 5.32800e-01 Training loss 9.74393e-03 Validation loss 1.46324e-02 Time taken: 1.61 seconds 
Epoch: 114/200 Train accuracy: 6.58162e-01 Validation accuracy: 5.24600e-01 Training loss 9.72789e-03 Validation loss 1.47738e-02 Time taken: 1.61 seconds 
Epoch: 115/200 Train accuracy: 6.58092e-01 Validation accuracy: 5.23000e-01 Training loss 9.71810e-03 Validation loss 1.47756e-02 Time taken: 1.63 seconds 
Epoch: 116/200 Train accuracy: 6.58715e-01 Validation accuracy: 5.29000e-01 Training loss 9.71410e-03 Validation loss 1.47506e-02 Time taken: 1.62 seconds 
Epoch: 117/200 Train accuracy: 6.57962e-01 Validation accuracy: 5.33400e-01 Training loss 9.72440e-03 Validation loss 1.47200e-02 Time taken: 1.62 seconds 
Epoch: 118/200 Train accuracy: 6.58338e-01 Validation accuracy: 5.28400e-01 Training loss 9.71103e-03 Validation loss 1.47105e-02 Time taken: 1.63 seconds 
Epoch: 119/200 Train accuracy: 6.57292e-01 Validation accuracy: 5.28800e-01 Training loss 9.71138e-03 Validation loss 1.46159e-02 Time taken: 1.62 seconds 
Epoch: 120/200 Train accuracy: 6.58546e-01 Validation accuracy: 5.32600e-01 Training loss 9.70742e-03 Validation loss 1.46956e-02 Time taken: 1.61 seconds 
Epoch: 121/200 Train accuracy: 6.59000e-01 Validation accuracy: 5.28600e-01 Training loss 9.70798e-03 Validation loss 1.47280e-02 Time taken: 1.67 seconds 
Epoch: 122/200 Train accuracy: 6.58892e-01 Validation accuracy: 5.37800e-01 Training loss 9.70471e-03 Validation loss 1.47223e-02 Time taken: 1.63 seconds 
Epoch: 123/200 Train accuracy: 6.59131e-01 Validation accuracy: 5.31000e-01 Training loss 9.70491e-03 Validation loss 1.46606e-02 Time taken: 1.62 seconds 
Epoch: 124/200 Train accuracy: 6.58162e-01 Validation accuracy: 5.30400e-01 Training loss 9.70769e-03 Validation loss 1.47371e-02 Time taken: 1.63 seconds 
Epoch: 125/200 Train accuracy: 6.59969e-01 Validation accuracy: 5.38200e-01 Training loss 9.69667e-03 Validation loss 1.46443e-02 Time taken: 1.63 seconds 
Epoch: 126/200 Train accuracy: 6.58223e-01 Validation accuracy: 5.24200e-01 Training loss 9.70087e-03 Validation loss 1.47282e-02 Time taken: 1.62 seconds 
Epoch: 127/200 Train accuracy: 6.59100e-01 Validation accuracy: 5.25800e-01 Training loss 9.70091e-03 Validation loss 1.47595e-02 Time taken: 1.62 seconds 
Epoch: 128/200 Train accuracy: 6.58900e-01 Validation accuracy: 5.26400e-01 Training loss 9.69574e-03 Validation loss 1.46592e-02 Time taken: 1.62 seconds 
Epoch: 129/200 Train accuracy: 6.59754e-01 Validation accuracy: 5.27800e-01 Training loss 9.68803e-03 Validation loss 1.46767e-02 Time taken: 1.62 seconds 
Epoch: 130/200 Train accuracy: 6.59869e-01 Validation accuracy: 5.29600e-01 Training loss 9.68700e-03 Validation loss 1.47880e-02 Time taken: 1.62 seconds 
Epoch: 131/200 Train accuracy: 6.59831e-01 Validation accuracy: 5.28400e-01 Training loss 9.68786e-03 Validation loss 1.47042e-02 Time taken: 1.62 seconds 
Epoch: 132/200 Train accuracy: 6.59577e-01 Validation accuracy: 5.28200e-01 Training loss 9.67602e-03 Validation loss 1.48022e-02 Time taken: 1.63 seconds 
Epoch: 133/200 Train accuracy: 6.58031e-01 Validation accuracy: 5.30400e-01 Training loss 9.68660e-03 Validation loss 1.46963e-02 Time taken: 1.61 seconds 
Epoch: 134/200 Train accuracy: 6.60269e-01 Validation accuracy: 5.30600e-01 Training loss 9.67783e-03 Validation loss 1.46455e-02 Time taken: 1.61 seconds 
Epoch: 135/200 Train accuracy: 6.59831e-01 Validation accuracy: 5.33000e-01 Training loss 9.67847e-03 Validation loss 1.48275e-02 Time taken: 1.62 seconds 
Epoch: 136/200 Train accuracy: 6.59438e-01 Validation accuracy: 5.27800e-01 Training loss 9.68415e-03 Validation loss 1.46360e-02 Time taken: 1.62 seconds 
Epoch: 137/200 Train accuracy: 6.59823e-01 Validation accuracy: 5.29400e-01 Training loss 9.67623e-03 Validation loss 1.47873e-02 Time taken: 1.61 seconds 
Epoch: 138/200 Train accuracy: 6.60354e-01 Validation accuracy: 5.27000e-01 Training loss 9.67206e-03 Validation loss 1.47415e-02 Time taken: 1.61 seconds 
Epoch: 139/200 Train accuracy: 6.60092e-01 Validation accuracy: 5.25000e-01 Training loss 9.67679e-03 Validation loss 1.46288e-02 Time taken: 1.62 seconds 
Epoch: 140/200 Train accuracy: 6.59538e-01 Validation accuracy: 5.29800e-01 Training loss 9.67307e-03 Validation loss 1.47726e-02 Time taken: 1.61 seconds 
Epoch: 141/200 Train accuracy: 6.60223e-01 Validation accuracy: 5.26800e-01 Training loss 9.66344e-03 Validation loss 1.47520e-02 Time taken: 1.61 seconds 
Epoch: 142/200 Train accuracy: 6.59454e-01 Validation accuracy: 5.33000e-01 Training loss 9.67320e-03 Validation loss 1.47384e-02 Time taken: 1.64 seconds 
Epoch: 143/200 Train accuracy: 6.61408e-01 Validation accuracy: 5.32200e-01 Training loss 9.65951e-03 Validation loss 1.46577e-02 Time taken: 1.62 seconds 
Epoch: 144/200 Train accuracy: 6.58908e-01 Validation accuracy: 5.23800e-01 Training loss 9.66739e-03 Validation loss 1.48074e-02 Time taken: 1.61 seconds 
Epoch: 145/200 Train accuracy: 6.61285e-01 Validation accuracy: 5.29800e-01 Training loss 9.65023e-03 Validation loss 1.47968e-02 Time taken: 1.68 seconds 
Epoch: 146/200 Train accuracy: 6.61000e-01 Validation accuracy: 5.25400e-01 Training loss 9.64688e-03 Validation loss 1.47718e-02 Time taken: 1.62 seconds 
Epoch: 147/200 Train accuracy: 6.59677e-01 Validation accuracy: 5.26000e-01 Training loss 9.66381e-03 Validation loss 1.47222e-02 Time taken: 1.62 seconds 
Epoch: 148/200 Train accuracy: 6.60746e-01 Validation accuracy: 5.23000e-01 Training loss 9.65916e-03 Validation loss 1.48853e-02 Time taken: 1.64 seconds 
Epoch: 149/200 Train accuracy: 6.60469e-01 Validation accuracy: 5.27800e-01 Training loss 9.64949e-03 Validation loss 1.48351e-02 Time taken: 1.62 seconds 
Epoch: 150/200 Train accuracy: 6.60538e-01 Validation accuracy: 5.30400e-01 Training loss 9.65013e-03 Validation loss 1.47483e-02 Time taken: 1.62 seconds 
Epoch: 151/200 Train accuracy: 6.61838e-01 Validation accuracy: 5.30600e-01 Training loss 9.64728e-03 Validation loss 1.47417e-02 Time taken: 1.62 seconds 
Epoch: 152/200 Train accuracy: 6.59900e-01 Validation accuracy: 5.34600e-01 Training loss 9.65633e-03 Validation loss 1.46948e-02 Time taken: 1.62 seconds 
Epoch: 153/200 Train accuracy: 6.60585e-01 Validation accuracy: 5.27400e-01 Training loss 9.64702e-03 Validation loss 1.46730e-02 Time taken: 1.62 seconds 
Epoch: 154/200 Train accuracy: 6.60392e-01 Validation accuracy: 5.28400e-01 Training loss 9.64746e-03 Validation loss 1.47171e-02 Time taken: 1.62 seconds 
Epoch: 155/200 Train accuracy: 6.61546e-01 Validation accuracy: 5.29000e-01 Training loss 9.65062e-03 Validation loss 1.47803e-02 Time taken: 1.63 seconds 
Epoch: 156/200 Train accuracy: 6.61915e-01 Validation accuracy: 5.27200e-01 Training loss 9.63316e-03 Validation loss 1.47249e-02 Time taken: 1.62 seconds 
Epoch: 157/200 Train accuracy: 6.61062e-01 Validation accuracy: 5.31400e-01 Training loss 9.64491e-03 Validation loss 1.46944e-02 Time taken: 1.62 seconds 
Epoch: 158/200 Train accuracy: 6.60031e-01 Validation accuracy: 5.26200e-01 Training loss 9.64526e-03 Validation loss 1.47434e-02 Time taken: 1.64 seconds 
Epoch: 159/200 Train accuracy: 6.61469e-01 Validation accuracy: 5.26200e-01 Training loss 9.64433e-03 Validation loss 1.49579e-02 Time taken: 1.62 seconds 
Epoch: 160/200 Train accuracy: 6.61723e-01 Validation accuracy: 5.26200e-01 Training loss 9.63895e-03 Validation loss 1.46476e-02 Time taken: 1.62 seconds 
Epoch: 161/200 Train accuracy: 6.60038e-01 Validation accuracy: 5.26200e-01 Training loss 9.64257e-03 Validation loss 1.46526e-02 Time taken: 1.63 seconds 
Epoch: 162/200 Train accuracy: 6.60262e-01 Validation accuracy: 5.30600e-01 Training loss 9.63970e-03 Validation loss 1.47771e-02 Time taken: 1.62 seconds 
Epoch: 163/200 Train accuracy: 6.61215e-01 Validation accuracy: 5.32400e-01 Training loss 9.64013e-03 Validation loss 1.47316e-02 Time taken: 1.62 seconds 
Epoch: 164/200 Train accuracy: 6.61015e-01 Validation accuracy: 5.27400e-01 Training loss 9.63342e-03 Validation loss 1.46875e-02 Time taken: 1.64 seconds 
Epoch: 165/200 Train accuracy: 6.60700e-01 Validation accuracy: 5.32400e-01 Training loss 9.64057e-03 Validation loss 1.47241e-02 Time taken: 1.63 seconds 
Epoch: 166/200 Train accuracy: 6.61531e-01 Validation accuracy: 5.22800e-01 Training loss 9.63099e-03 Validation loss 1.46955e-02 Time taken: 1.62 seconds 
Epoch: 167/200 Train accuracy: 6.61685e-01 Validation accuracy: 5.33400e-01 Training loss 9.63651e-03 Validation loss 1.46954e-02 Time taken: 1.67 seconds 
Epoch: 168/200 Train accuracy: 6.61454e-01 Validation accuracy: 5.22800e-01 Training loss 9.63152e-03 Validation loss 1.46765e-02 Time taken: 1.64 seconds 
Epoch: 169/200 Train accuracy: 6.61331e-01 Validation accuracy: 5.30800e-01 Training loss 9.63775e-03 Validation loss 1.47246e-02 Time taken: 1.62 seconds 
Epoch: 170/200 Train accuracy: 6.61092e-01 Validation accuracy: 5.33400e-01 Training loss 9.62689e-03 Validation loss 1.46566e-02 Time taken: 1.64 seconds 
Epoch: 171/200 Train accuracy: 6.61454e-01 Validation accuracy: 5.22800e-01 Training loss 9.62934e-03 Validation loss 1.47023e-02 Time taken: 1.63 seconds 
Epoch: 172/200 Train accuracy: 6.61646e-01 Validation accuracy: 5.35200e-01 Training loss 9.62628e-03 Validation loss 1.45918e-02 Time taken: 1.61 seconds 
Epoch: 173/200 Train accuracy: 6.61800e-01 Validation accuracy: 5.28600e-01 Training loss 9.62236e-03 Validation loss 1.47951e-02 Time taken: 1.62 seconds 
Epoch: 174/200 Train accuracy: 6.61415e-01 Validation accuracy: 5.23600e-01 Training loss 9.62852e-03 Validation loss 1.48772e-02 Time taken: 1.62 seconds 
Epoch: 175/200 Train accuracy: 6.62523e-01 Validation accuracy: 5.26000e-01 Training loss 9.62216e-03 Validation loss 1.47843e-02 Time taken: 1.62 seconds 
Epoch: 176/200 Train accuracy: 6.61738e-01 Validation accuracy: 5.24800e-01 Training loss 9.61342e-03 Validation loss 1.47743e-02 Time taken: 1.62 seconds 
Epoch: 177/200 Train accuracy: 6.60838e-01 Validation accuracy: 5.26000e-01 Training loss 9.63424e-03 Validation loss 1.46541e-02 Time taken: 1.64 seconds 
Epoch: 178/200 Train accuracy: 6.62400e-01 Validation accuracy: 5.33400e-01 Training loss 9.62129e-03 Validation loss 1.47241e-02 Time taken: 1.65 seconds 
Epoch: 179/200 Train accuracy: 6.61154e-01 Validation accuracy: 5.31600e-01 Training loss 9.61786e-03 Validation loss 1.47506e-02 Time taken: 1.62 seconds 
Epoch: 180/200 Train accuracy: 6.62708e-01 Validation accuracy: 5.30000e-01 Training loss 9.61594e-03 Validation loss 1.46446e-02 Time taken: 1.64 seconds 
Epoch: 181/200 Train accuracy: 6.61046e-01 Validation accuracy: 5.26000e-01 Training loss 9.61376e-03 Validation loss 1.47162e-02 Time taken: 1.62 seconds 
Epoch: 182/200 Train accuracy: 6.62831e-01 Validation accuracy: 5.24600e-01 Training loss 9.61367e-03 Validation loss 1.49225e-02 Time taken: 1.62 seconds 
Epoch: 183/200 Train accuracy: 6.61308e-01 Validation accuracy: 5.25600e-01 Training loss 9.62406e-03 Validation loss 1.47429e-02 Time taken: 1.63 seconds 
Epoch: 184/200 Train accuracy: 6.61738e-01 Validation accuracy: 5.28400e-01 Training loss 9.61746e-03 Validation loss 1.46398e-02 Time taken: 1.62 seconds 
Epoch: 185/200 Train accuracy: 6.60738e-01 Validation accuracy: 5.28200e-01 Training loss 9.61658e-03 Validation loss 1.46997e-02 Time taken: 1.62 seconds 
Epoch: 186/200 Train accuracy: 6.61254e-01 Validation accuracy: 5.30000e-01 Training loss 9.61153e-03 Validation loss 1.47749e-02 Time taken: 1.64 seconds 
Epoch: 187/200 Train accuracy: 6.61469e-01 Validation accuracy: 5.29400e-01 Training loss 9.61355e-03 Validation loss 1.46613e-02 Time taken: 1.63 seconds 
Epoch: 188/200 Train accuracy: 6.61923e-01 Validation accuracy: 5.32400e-01 Training loss 9.60259e-03 Validation loss 1.47093e-02 Time taken: 1.62 seconds 
Epoch: 189/200 Train accuracy: 6.60477e-01 Validation accuracy: 5.34400e-01 Training loss 9.61365e-03 Validation loss 1.47038e-02 Time taken: 1.66 seconds 
Epoch: 190/200 Train accuracy: 6.61823e-01 Validation accuracy: 5.33400e-01 Training loss 9.61270e-03 Validation loss 1.47256e-02 Time taken: 1.64 seconds 
Epoch: 191/200 Train accuracy: 6.61562e-01 Validation accuracy: 5.24400e-01 Training loss 9.61433e-03 Validation loss 1.48244e-02 Time taken: 1.62 seconds 
Epoch: 192/200 Train accuracy: 6.61508e-01 Validation accuracy: 5.31800e-01 Training loss 9.61953e-03 Validation loss 1.46292e-02 Time taken: 1.63 seconds 
Epoch: 193/200 Train accuracy: 6.62154e-01 Validation accuracy: 5.33000e-01 Training loss 9.61193e-03 Validation loss 1.46608e-02 Time taken: 1.64 seconds 
Epoch: 194/200 Train accuracy: 6.62408e-01 Validation accuracy: 5.34400e-01 Training loss 9.61163e-03 Validation loss 1.46288e-02 Time taken: 1.62 seconds 
Epoch: 195/200 Train accuracy: 6.62031e-01 Validation accuracy: 5.34000e-01 Training loss 9.62066e-03 Validation loss 1.46451e-02 Time taken: 1.62 seconds 
Epoch: 196/200 Train accuracy: 6.62708e-01 Validation accuracy: 5.32400e-01 Training loss 9.60113e-03 Validation loss 1.46660e-02 Time taken: 1.61 seconds 
Epoch: 197/200 Train accuracy: 6.61631e-01 Validation accuracy: 5.28200e-01 Training loss 9.61217e-03 Validation loss 1.46584e-02 Time taken: 1.62 seconds 
Epoch: 198/200 Train accuracy: 6.61454e-01 Validation accuracy: 5.28400e-01 Training loss 9.60545e-03 Validation loss 1.46716e-02 Time taken: 1.62 seconds 
Epoch: 199/200 Train accuracy: 6.61477e-01 Validation accuracy: 5.30200e-01 Training loss 9.60151e-03 Validation loss 1.46000e-02 Time taken: 1.64 seconds 
Epoch: 200/200 Train accuracy: 6.61808e-01 Validation accuracy: 5.23800e-01 Training loss 9.60096e-03 Validation loss 1.47433e-02 Time taken: 1.62 seconds 
Total time taken 0:05:27.622832
Cleaning up intermediate feature (.pt) files
Done


