Directory classifiers/jepa-iic-L2-seed43-classifier-pretrained-vitb-normalized-ep200 for saving the classifiers is now present
VisionTransformer(
  (patch_embed): PatchEmbed(
    (proj): Conv2d(3, 768, kernel_size=(15, 15), stride=(15, 15))
  )
  (blocks): ModuleList(
    (0-11): 12 x Block(
      (norm1): LayerNorm((768,), eps=1e-06, elementwise_affine=True)
      (attn): Attention(
        (qkv): Linear(in_features=768, out_features=2304, bias=True)
        (attn_drop): Dropout(p=0.0, inplace=False)
        (proj): Linear(in_features=768, out_features=768, bias=True)
        (proj_drop): Dropout(p=0.0, inplace=False)
      )
      (drop_path): Identity()
      (norm2): LayerNorm((768,), eps=1e-06, elementwise_affine=True)
      (mlp): MLP(
        (fc1): Linear(in_features=768, out_features=3072, bias=True)
        (act): GELU(approximate='none')
        (fc2): Linear(in_features=3072, out_features=768, bias=True)
        (drop): Dropout(p=0.0, inplace=False)
      )
    )
  )
  (norm): LayerNorm((768,), eps=1e-06, elementwise_affine=True)
)
Extracting features and saving them locally..
Epoch: 1/200 Train accuracy: 2.89867e-01 Validation accuracy: 4.16000e-01 Loss 1.35633e-02 Time taken: 2.16 seconds 
Epoch: 2/200 Train accuracy: 3.97820e-01 Validation accuracy: 4.38000e-01 Loss 1.28340e-02 Time taken: 2.17 seconds 
Epoch: 3/200 Train accuracy: 4.21761e-01 Validation accuracy: 4.44333e-01 Loss 1.26774e-02 Time taken: 2.07 seconds 
Epoch: 4/200 Train accuracy: 4.27462e-01 Validation accuracy: 4.53000e-01 Loss 1.26049e-02 Time taken: 2.23 seconds 
Epoch: 5/200 Train accuracy: 4.34302e-01 Validation accuracy: 4.46333e-01 Loss 1.25467e-02 Time taken: 2.04 seconds 
Epoch: 6/200 Train accuracy: 4.41855e-01 Validation accuracy: 4.57333e-01 Loss 1.24923e-02 Time taken: 2.15 seconds 
Epoch: 7/200 Train accuracy: 4.47770e-01 Validation accuracy: 4.62000e-01 Loss 1.24477e-02 Time taken: 2.16 seconds 
Epoch: 8/200 Train accuracy: 4.49694e-01 Validation accuracy: 4.64000e-01 Loss 1.24255e-02 Time taken: 2.28 seconds 
Epoch: 9/200 Train accuracy: 4.54753e-01 Validation accuracy: 4.64000e-01 Loss 1.24017e-02 Time taken: 2.06 seconds 
Epoch: 10/200 Train accuracy: 4.61380e-01 Validation accuracy: 4.64333e-01 Loss 1.23614e-02 Time taken: 2.20 seconds 
Epoch: 11/200 Train accuracy: 4.58030e-01 Validation accuracy: 4.71667e-01 Loss 1.23669e-02 Time taken: 2.22 seconds 
Epoch: 12/200 Train accuracy: 4.60667e-01 Validation accuracy: 4.67000e-01 Loss 1.23383e-02 Time taken: 2.26 seconds 
Epoch: 13/200 Train accuracy: 4.61950e-01 Validation accuracy: 4.68667e-01 Loss 1.23402e-02 Time taken: 2.17 seconds 
Epoch: 14/200 Train accuracy: 4.68078e-01 Validation accuracy: 4.72667e-01 Loss 1.23198e-02 Time taken: 2.18 seconds 
Epoch: 15/200 Train accuracy: 4.67365e-01 Validation accuracy: 4.71667e-01 Loss 1.23074e-02 Time taken: 2.25 seconds 
Epoch: 16/200 Train accuracy: 4.64016e-01 Validation accuracy: 4.77667e-01 Loss 1.22956e-02 Time taken: 2.23 seconds 
Epoch: 17/200 Train accuracy: 4.68933e-01 Validation accuracy: 4.80000e-01 Loss 1.22892e-02 Time taken: 2.23 seconds 
Epoch: 18/200 Train accuracy: 4.67793e-01 Validation accuracy: 4.75667e-01 Loss 1.22809e-02 Time taken: 2.20 seconds 
Epoch: 19/200 Train accuracy: 4.68149e-01 Validation accuracy: 4.78000e-01 Loss 1.22848e-02 Time taken: 2.29 seconds 
Epoch: 20/200 Train accuracy: 4.74277e-01 Validation accuracy: 4.77000e-01 Loss 1.22672e-02 Time taken: 2.31 seconds 
Epoch: 21/200 Train accuracy: 4.70429e-01 Validation accuracy: 4.76000e-01 Loss 1.22616e-02 Time taken: 2.12 seconds 
Epoch: 22/200 Train accuracy: 4.70928e-01 Validation accuracy: 4.76000e-01 Loss 1.22586e-02 Time taken: 2.26 seconds 
Epoch: 23/200 Train accuracy: 4.73849e-01 Validation accuracy: 4.81333e-01 Loss 1.22488e-02 Time taken: 2.21 seconds 
Epoch: 24/200 Train accuracy: 4.75417e-01 Validation accuracy: 4.77667e-01 Loss 1.22367e-02 Time taken: 2.26 seconds 
Epoch: 25/200 Train accuracy: 4.74633e-01 Validation accuracy: 4.78333e-01 Loss 1.22487e-02 Time taken: 2.21 seconds 
Epoch: 26/200 Train accuracy: 4.76272e-01 Validation accuracy: 4.77000e-01 Loss 1.22412e-02 Time taken: 2.24 seconds 
Epoch: 27/200 Train accuracy: 4.75773e-01 Validation accuracy: 4.80333e-01 Loss 1.22285e-02 Time taken: 2.20 seconds 
Epoch: 28/200 Train accuracy: 4.77911e-01 Validation accuracy: 4.73667e-01 Loss 1.22122e-02 Time taken: 2.37 seconds 
Epoch: 29/200 Train accuracy: 4.76343e-01 Validation accuracy: 4.79333e-01 Loss 1.22184e-02 Time taken: 2.20 seconds 
Epoch: 30/200 Train accuracy: 4.76984e-01 Validation accuracy: 4.82333e-01 Loss 1.22146e-02 Time taken: 2.32 seconds 
Epoch: 31/200 Train accuracy: 4.79692e-01 Validation accuracy: 4.80000e-01 Loss 1.22143e-02 Time taken: 2.32 seconds 
Epoch: 32/200 Train accuracy: 4.80191e-01 Validation accuracy: 4.83667e-01 Loss 1.22052e-02 Time taken: 2.19 seconds 
Epoch: 33/200 Train accuracy: 4.77768e-01 Validation accuracy: 4.85667e-01 Loss 1.22046e-02 Time taken: 2.15 seconds 
Epoch: 34/200 Train accuracy: 4.78125e-01 Validation accuracy: 4.84000e-01 Loss 1.22048e-02 Time taken: 2.31 seconds 
Epoch: 35/200 Train accuracy: 4.79763e-01 Validation accuracy: 4.77333e-01 Loss 1.21990e-02 Time taken: 2.28 seconds 
Epoch: 36/200 Train accuracy: 4.81616e-01 Validation accuracy: 4.85667e-01 Loss 1.21943e-02 Time taken: 2.24 seconds 
Epoch: 37/200 Train accuracy: 4.85108e-01 Validation accuracy: 4.84667e-01 Loss 1.21780e-02 Time taken: 2.12 seconds 
Epoch: 38/200 Train accuracy: 4.82400e-01 Validation accuracy: 4.82000e-01 Loss 1.21832e-02 Time taken: 2.30 seconds 
Epoch: 39/200 Train accuracy: 4.82044e-01 Validation accuracy: 4.85667e-01 Loss 1.21829e-02 Time taken: 2.03 seconds 
Epoch: 40/200 Train accuracy: 4.83112e-01 Validation accuracy: 4.87333e-01 Loss 1.21848e-02 Time taken: 2.14 seconds 
Epoch: 41/200 Train accuracy: 4.85108e-01 Validation accuracy: 4.85333e-01 Loss 1.21763e-02 Time taken: 2.29 seconds 
Epoch: 42/200 Train accuracy: 4.81046e-01 Validation accuracy: 4.78333e-01 Loss 1.21831e-02 Time taken: 2.23 seconds 
Epoch: 43/200 Train accuracy: 4.84395e-01 Validation accuracy: 4.82000e-01 Loss 1.21643e-02 Time taken: 2.23 seconds 
Epoch: 44/200 Train accuracy: 4.87530e-01 Validation accuracy: 4.85667e-01 Loss 1.21584e-02 Time taken: 2.23 seconds 
Epoch: 45/200 Train accuracy: 4.84395e-01 Validation accuracy: 4.87000e-01 Loss 1.21665e-02 Time taken: 2.38 seconds 
Epoch: 46/200 Train accuracy: 4.86889e-01 Validation accuracy: 4.87000e-01 Loss 1.21618e-02 Time taken: 2.38 seconds 
Epoch: 47/200 Train accuracy: 4.84823e-01 Validation accuracy: 4.87667e-01 Loss 1.21574e-02 Time taken: 2.25 seconds 
Epoch: 48/200 Train accuracy: 4.85678e-01 Validation accuracy: 4.83000e-01 Loss 1.21665e-02 Time taken: 2.23 seconds 
Epoch: 49/200 Train accuracy: 4.84324e-01 Validation accuracy: 4.87667e-01 Loss 1.21656e-02 Time taken: 2.10 seconds 
Epoch: 50/200 Train accuracy: 4.85820e-01 Validation accuracy: 4.79333e-01 Loss 1.21536e-02 Time taken: 2.28 seconds 
Epoch: 51/200 Train accuracy: 4.87031e-01 Validation accuracy: 4.83667e-01 Loss 1.21563e-02 Time taken: 2.05 seconds 
Epoch: 52/200 Train accuracy: 4.87103e-01 Validation accuracy: 4.89000e-01 Loss 1.21606e-02 Time taken: 2.21 seconds 
Epoch: 53/200 Train accuracy: 4.88029e-01 Validation accuracy: 4.91000e-01 Loss 1.21468e-02 Time taken: 2.30 seconds 
Epoch: 54/200 Train accuracy: 4.86461e-01 Validation accuracy: 4.90667e-01 Loss 1.21486e-02 Time taken: 2.14 seconds 
Epoch: 55/200 Train accuracy: 4.84894e-01 Validation accuracy: 4.86333e-01 Loss 1.21444e-02 Time taken: 2.36 seconds 
Epoch: 56/200 Train accuracy: 4.87744e-01 Validation accuracy: 4.74667e-01 Loss 1.21409e-02 Time taken: 2.26 seconds 
Epoch: 57/200 Train accuracy: 4.85464e-01 Validation accuracy: 4.90000e-01 Loss 1.21496e-02 Time taken: 2.08 seconds 
Epoch: 58/200 Train accuracy: 4.89098e-01 Validation accuracy: 4.86333e-01 Loss 1.21337e-02 Time taken: 2.05 seconds 
Epoch: 59/200 Train accuracy: 4.90024e-01 Validation accuracy: 4.84333e-01 Loss 1.21368e-02 Time taken: 2.19 seconds 
Epoch: 60/200 Train accuracy: 4.86105e-01 Validation accuracy: 4.87667e-01 Loss 1.21458e-02 Time taken: 2.17 seconds 
Epoch: 61/200 Train accuracy: 4.87744e-01 Validation accuracy: 4.86333e-01 Loss 1.21443e-02 Time taken: 2.22 seconds 
Epoch: 62/200 Train accuracy: 4.88528e-01 Validation accuracy: 4.86667e-01 Loss 1.21348e-02 Time taken: 2.18 seconds 
Epoch: 63/200 Train accuracy: 4.88955e-01 Validation accuracy: 4.83667e-01 Loss 1.21304e-02 Time taken: 2.40 seconds 
Epoch: 64/200 Train accuracy: 4.85108e-01 Validation accuracy: 4.83667e-01 Loss 1.21448e-02 Time taken: 2.34 seconds 
Epoch: 65/200 Train accuracy: 4.88243e-01 Validation accuracy: 4.91667e-01 Loss 1.21294e-02 Time taken: 2.35 seconds 
Epoch: 66/200 Train accuracy: 4.89169e-01 Validation accuracy: 4.85333e-01 Loss 1.21340e-02 Time taken: 2.12 seconds 
Epoch: 67/200 Train accuracy: 4.89882e-01 Validation accuracy: 4.93000e-01 Loss 1.21284e-02 Time taken: 2.07 seconds 
Epoch: 68/200 Train accuracy: 4.91022e-01 Validation accuracy: 4.85333e-01 Loss 1.21256e-02 Time taken: 2.37 seconds 
Epoch: 69/200 Train accuracy: 4.90095e-01 Validation accuracy: 4.85667e-01 Loss 1.21259e-02 Time taken: 2.23 seconds 
Epoch: 70/200 Train accuracy: 4.88457e-01 Validation accuracy: 4.83333e-01 Loss 1.21209e-02 Time taken: 2.12 seconds 
Epoch: 71/200 Train accuracy: 4.89383e-01 Validation accuracy: 4.85333e-01 Loss 1.21226e-02 Time taken: 2.27 seconds 
Epoch: 72/200 Train accuracy: 4.91378e-01 Validation accuracy: 4.84333e-01 Loss 1.21187e-02 Time taken: 1.76 seconds 
Epoch: 73/200 Train accuracy: 4.91592e-01 Validation accuracy: 4.76333e-01 Loss 1.21110e-02 Time taken: 1.70 seconds 
Epoch: 74/200 Train accuracy: 4.89739e-01 Validation accuracy: 4.87333e-01 Loss 1.21246e-02 Time taken: 1.55 seconds 
Epoch: 75/200 Train accuracy: 4.92447e-01 Validation accuracy: 4.86333e-01 Loss 1.21241e-02 Time taken: 1.57 seconds 
Epoch: 76/200 Train accuracy: 4.91164e-01 Validation accuracy: 4.87667e-01 Loss 1.21065e-02 Time taken: 1.56 seconds 
Epoch: 77/200 Train accuracy: 4.91449e-01 Validation accuracy: 4.87667e-01 Loss 1.21225e-02 Time taken: 1.57 seconds 
Epoch: 78/200 Train accuracy: 4.91663e-01 Validation accuracy: 4.87333e-01 Loss 1.21107e-02 Time taken: 1.56 seconds 
Epoch: 79/200 Train accuracy: 4.91663e-01 Validation accuracy: 4.88667e-01 Loss 1.21067e-02 Time taken: 1.57 seconds 
Epoch: 80/200 Train accuracy: 4.92304e-01 Validation accuracy: 4.75333e-01 Loss 1.21122e-02 Time taken: 1.56 seconds 
Epoch: 81/200 Train accuracy: 4.95297e-01 Validation accuracy: 4.85667e-01 Loss 1.21040e-02 Time taken: 1.56 seconds 
Epoch: 82/200 Train accuracy: 4.91093e-01 Validation accuracy: 4.85333e-01 Loss 1.21105e-02 Time taken: 1.56 seconds 
Epoch: 83/200 Train accuracy: 4.93159e-01 Validation accuracy: 4.83667e-01 Loss 1.21069e-02 Time taken: 1.57 seconds 
Epoch: 84/200 Train accuracy: 4.95440e-01 Validation accuracy: 4.91000e-01 Loss 1.20957e-02 Time taken: 1.63 seconds 
Epoch: 85/200 Train accuracy: 4.92732e-01 Validation accuracy: 4.90667e-01 Loss 1.21080e-02 Time taken: 1.59 seconds 
Epoch: 86/200 Train accuracy: 4.96010e-01 Validation accuracy: 4.87000e-01 Loss 1.20860e-02 Time taken: 1.71 seconds 
Epoch: 87/200 Train accuracy: 4.94015e-01 Validation accuracy: 4.85667e-01 Loss 1.21019e-02 Time taken: 1.59 seconds 
Epoch: 88/200 Train accuracy: 4.92304e-01 Validation accuracy: 4.90000e-01 Loss 1.21056e-02 Time taken: 1.70 seconds 
Epoch: 89/200 Train accuracy: 4.91806e-01 Validation accuracy: 4.88333e-01 Loss 1.21034e-02 Time taken: 1.60 seconds 
Epoch: 90/200 Train accuracy: 4.94228e-01 Validation accuracy: 4.92000e-01 Loss 1.20993e-02 Time taken: 1.61 seconds 
Epoch: 91/200 Train accuracy: 4.91877e-01 Validation accuracy: 4.91333e-01 Loss 1.20971e-02 Time taken: 1.64 seconds 
Epoch: 92/200 Train accuracy: 4.94585e-01 Validation accuracy: 4.89333e-01 Loss 1.20930e-02 Time taken: 1.60 seconds 
Epoch: 93/200 Train accuracy: 4.93302e-01 Validation accuracy: 4.87333e-01 Loss 1.21018e-02 Time taken: 1.60 seconds 
Epoch: 94/200 Train accuracy: 4.90452e-01 Validation accuracy: 4.90667e-01 Loss 1.20974e-02 Time taken: 1.63 seconds 
Epoch: 95/200 Train accuracy: 4.93801e-01 Validation accuracy: 4.90667e-01 Loss 1.20988e-02 Time taken: 1.68 seconds 
Epoch: 96/200 Train accuracy: 4.87744e-01 Validation accuracy: 4.90667e-01 Loss 1.21052e-02 Time taken: 1.60 seconds 
Epoch: 97/200 Train accuracy: 4.93088e-01 Validation accuracy: 4.93000e-01 Loss 1.20913e-02 Time taken: 1.62 seconds 
Epoch: 98/200 Train accuracy: 4.92019e-01 Validation accuracy: 4.90333e-01 Loss 1.21051e-02 Time taken: 1.60 seconds 
Epoch: 99/200 Train accuracy: 4.92376e-01 Validation accuracy: 4.90667e-01 Loss 1.20954e-02 Time taken: 1.62 seconds 
Epoch: 100/200 Train accuracy: 4.93516e-01 Validation accuracy: 4.88000e-01 Loss 1.20912e-02 Time taken: 1.63 seconds 
Epoch: 101/200 Train accuracy: 4.94513e-01 Validation accuracy: 4.91333e-01 Loss 1.20888e-02 Time taken: 1.62 seconds 
Epoch: 102/200 Train accuracy: 4.93943e-01 Validation accuracy: 4.88667e-01 Loss 1.21003e-02 Time taken: 1.72 seconds 
Epoch: 103/200 Train accuracy: 4.93872e-01 Validation accuracy: 4.89000e-01 Loss 1.20984e-02 Time taken: 1.62 seconds 
Epoch: 104/200 Train accuracy: 4.92376e-01 Validation accuracy: 4.92667e-01 Loss 1.20987e-02 Time taken: 1.60 seconds 
Epoch: 105/200 Train accuracy: 4.93231e-01 Validation accuracy: 4.91667e-01 Loss 1.20922e-02 Time taken: 1.61 seconds 
Epoch: 106/200 Train accuracy: 4.95297e-01 Validation accuracy: 4.88333e-01 Loss 1.20823e-02 Time taken: 1.67 seconds 
Epoch: 107/200 Train accuracy: 4.96936e-01 Validation accuracy: 4.91333e-01 Loss 1.20819e-02 Time taken: 1.62 seconds 
Epoch: 108/200 Train accuracy: 4.95938e-01 Validation accuracy: 4.87000e-01 Loss 1.20867e-02 Time taken: 1.60 seconds 
Epoch: 109/200 Train accuracy: 4.92732e-01 Validation accuracy: 4.87333e-01 Loss 1.20906e-02 Time taken: 1.62 seconds 
Epoch: 110/200 Train accuracy: 4.95226e-01 Validation accuracy: 4.93000e-01 Loss 1.20845e-02 Time taken: 1.63 seconds 
Epoch: 111/200 Train accuracy: 4.95368e-01 Validation accuracy: 4.90333e-01 Loss 1.20831e-02 Time taken: 1.89 seconds 
Epoch: 112/200 Train accuracy: 4.95796e-01 Validation accuracy: 4.94000e-01 Loss 1.20778e-02 Time taken: 1.60 seconds 
Epoch: 113/200 Train accuracy: 4.95582e-01 Validation accuracy: 4.89667e-01 Loss 1.20814e-02 Time taken: 1.70 seconds 
Epoch: 114/200 Train accuracy: 4.95155e-01 Validation accuracy: 4.90333e-01 Loss 1.20864e-02 Time taken: 1.67 seconds 
Epoch: 115/200 Train accuracy: 4.96010e-01 Validation accuracy: 4.92667e-01 Loss 1.20769e-02 Time taken: 1.63 seconds 
Epoch: 116/200 Train accuracy: 4.94371e-01 Validation accuracy: 4.91000e-01 Loss 1.20850e-02 Time taken: 1.61 seconds 
Epoch: 117/200 Train accuracy: 4.95653e-01 Validation accuracy: 4.95000e-01 Loss 1.20846e-02 Time taken: 1.61 seconds 
Epoch: 118/200 Train accuracy: 4.98147e-01 Validation accuracy: 4.93667e-01 Loss 1.20720e-02 Time taken: 1.60 seconds 
Epoch: 119/200 Train accuracy: 4.97007e-01 Validation accuracy: 4.92000e-01 Loss 1.20762e-02 Time taken: 1.59 seconds 
Epoch: 120/200 Train accuracy: 4.96010e-01 Validation accuracy: 4.92333e-01 Loss 1.20792e-02 Time taken: 1.72 seconds 
Epoch: 121/200 Train accuracy: 4.97934e-01 Validation accuracy: 4.89000e-01 Loss 1.20745e-02 Time taken: 1.72 seconds 
Epoch: 122/200 Train accuracy: 4.93373e-01 Validation accuracy: 4.92333e-01 Loss 1.20880e-02 Time taken: 2.19 seconds 
Epoch: 123/200 Train accuracy: 4.95012e-01 Validation accuracy: 4.93000e-01 Loss 1.20729e-02 Time taken: 2.19 seconds 
Epoch: 124/200 Train accuracy: 4.99216e-01 Validation accuracy: 4.96667e-01 Loss 1.20717e-02 Time taken: 2.15 seconds 
Epoch: 125/200 Train accuracy: 4.97364e-01 Validation accuracy: 4.91000e-01 Loss 1.20875e-02 Time taken: 2.26 seconds 
Epoch: 126/200 Train accuracy: 4.98219e-01 Validation accuracy: 4.91333e-01 Loss 1.20717e-02 Time taken: 2.21 seconds 
Epoch: 127/200 Train accuracy: 4.96865e-01 Validation accuracy: 4.91000e-01 Loss 1.20774e-02 Time taken: 2.33 seconds 
Epoch: 128/200 Train accuracy: 4.97221e-01 Validation accuracy: 4.92333e-01 Loss 1.20775e-02 Time taken: 2.13 seconds 
Epoch: 129/200 Train accuracy: 4.94513e-01 Validation accuracy: 4.89667e-01 Loss 1.20760e-02 Time taken: 2.11 seconds 
Epoch: 130/200 Train accuracy: 4.92304e-01 Validation accuracy: 4.92667e-01 Loss 1.20810e-02 Time taken: 2.29 seconds 
Epoch: 131/200 Train accuracy: 4.97577e-01 Validation accuracy: 4.91333e-01 Loss 1.20747e-02 Time taken: 2.39 seconds 
Epoch: 132/200 Train accuracy: 4.95867e-01 Validation accuracy: 4.91667e-01 Loss 1.20725e-02 Time taken: 2.25 seconds 
Epoch: 133/200 Train accuracy: 4.97435e-01 Validation accuracy: 4.93000e-01 Loss 1.20672e-02 Time taken: 2.18 seconds 
Epoch: 134/200 Train accuracy: 4.95582e-01 Validation accuracy: 4.87667e-01 Loss 1.20629e-02 Time taken: 2.17 seconds 
Epoch: 135/200 Train accuracy: 4.92518e-01 Validation accuracy: 4.83333e-01 Loss 1.20873e-02 Time taken: 2.19 seconds 
Epoch: 136/200 Train accuracy: 4.96366e-01 Validation accuracy: 4.93667e-01 Loss 1.20755e-02 Time taken: 2.00 seconds 
Epoch: 137/200 Train accuracy: 4.96081e-01 Validation accuracy: 4.88000e-01 Loss 1.20772e-02 Time taken: 2.26 seconds 
Epoch: 138/200 Train accuracy: 4.97079e-01 Validation accuracy: 4.94333e-01 Loss 1.20644e-02 Time taken: 2.05 seconds 
Epoch: 139/200 Train accuracy: 4.94585e-01 Validation accuracy: 4.92000e-01 Loss 1.20757e-02 Time taken: 2.07 seconds 
Epoch: 140/200 Train accuracy: 4.98361e-01 Validation accuracy: 4.93333e-01 Loss 1.20659e-02 Time taken: 2.05 seconds 
Epoch: 141/200 Train accuracy: 4.94941e-01 Validation accuracy: 4.92667e-01 Loss 1.20785e-02 Time taken: 2.14 seconds 
Epoch: 142/200 Train accuracy: 4.95368e-01 Validation accuracy: 4.88333e-01 Loss 1.20692e-02 Time taken: 2.17 seconds 
Epoch: 143/200 Train accuracy: 4.96651e-01 Validation accuracy: 4.90000e-01 Loss 1.20768e-02 Time taken: 2.16 seconds 
Epoch: 144/200 Train accuracy: 4.94656e-01 Validation accuracy: 4.94667e-01 Loss 1.20709e-02 Time taken: 2.18 seconds 
Epoch: 145/200 Train accuracy: 4.96794e-01 Validation accuracy: 4.94667e-01 Loss 1.20681e-02 Time taken: 2.42 seconds 
Epoch: 146/200 Train accuracy: 4.95226e-01 Validation accuracy: 4.92000e-01 Loss 1.20677e-02 Time taken: 2.46 seconds 
Epoch: 147/200 Train accuracy: 4.99359e-01 Validation accuracy: 4.93000e-01 Loss 1.20548e-02 Time taken: 2.44 seconds 
Epoch: 148/200 Train accuracy: 4.97506e-01 Validation accuracy: 4.88667e-01 Loss 1.20729e-02 Time taken: 2.19 seconds 
Epoch: 149/200 Train accuracy: 5.00499e-01 Validation accuracy: 4.88667e-01 Loss 1.20559e-02 Time taken: 2.30 seconds 
Epoch: 150/200 Train accuracy: 4.96936e-01 Validation accuracy: 4.90000e-01 Loss 1.20684e-02 Time taken: 2.29 seconds 
Epoch: 151/200 Train accuracy: 4.96651e-01 Validation accuracy: 4.85333e-01 Loss 1.20727e-02 Time taken: 2.37 seconds 
Epoch: 152/200 Train accuracy: 4.98931e-01 Validation accuracy: 4.95667e-01 Loss 1.20605e-02 Time taken: 2.27 seconds 
Epoch: 153/200 Train accuracy: 4.93587e-01 Validation accuracy: 4.91333e-01 Loss 1.20802e-02 Time taken: 2.19 seconds 
Epoch: 154/200 Train accuracy: 4.97221e-01 Validation accuracy: 4.93000e-01 Loss 1.20731e-02 Time taken: 2.40 seconds 
Epoch: 155/200 Train accuracy: 4.99501e-01 Validation accuracy: 4.90000e-01 Loss 1.20580e-02 Time taken: 2.36 seconds 
Epoch: 156/200 Train accuracy: 4.99430e-01 Validation accuracy: 4.93667e-01 Loss 1.20663e-02 Time taken: 2.36 seconds 
Epoch: 157/200 Train accuracy: 4.99002e-01 Validation accuracy: 4.86333e-01 Loss 1.20578e-02 Time taken: 2.28 seconds 
Epoch: 158/200 Train accuracy: 4.96366e-01 Validation accuracy: 4.94667e-01 Loss 1.20676e-02 Time taken: 2.23 seconds 
Epoch: 159/200 Train accuracy: 4.98361e-01 Validation accuracy: 4.95000e-01 Loss 1.20567e-02 Time taken: 2.12 seconds 
Epoch: 160/200 Train accuracy: 4.95796e-01 Validation accuracy: 4.86333e-01 Loss 1.20718e-02 Time taken: 1.98 seconds 
Epoch: 161/200 Train accuracy: 4.95012e-01 Validation accuracy: 4.90667e-01 Loss 1.20652e-02 Time taken: 2.23 seconds 
Epoch: 162/200 Train accuracy: 4.99929e-01 Validation accuracy: 4.96000e-01 Loss 1.20611e-02 Time taken: 2.16 seconds 
Epoch: 163/200 Train accuracy: 4.96437e-01 Validation accuracy: 4.90667e-01 Loss 1.20598e-02 Time taken: 2.10 seconds 
Epoch: 164/200 Train accuracy: 4.96366e-01 Validation accuracy: 4.89333e-01 Loss 1.20634e-02 Time taken: 2.12 seconds 
Epoch: 165/200 Train accuracy: 4.99715e-01 Validation accuracy: 4.93000e-01 Loss 1.20514e-02 Time taken: 2.22 seconds 
Epoch: 166/200 Train accuracy: 4.98432e-01 Validation accuracy: 4.95000e-01 Loss 1.20585e-02 Time taken: 2.15 seconds 
Epoch: 167/200 Train accuracy: 4.97506e-01 Validation accuracy: 4.93667e-01 Loss 1.20565e-02 Time taken: 2.22 seconds 
Epoch: 168/200 Train accuracy: 4.99002e-01 Validation accuracy: 4.90000e-01 Loss 1.20581e-02 Time taken: 2.18 seconds 
Epoch: 169/200 Train accuracy: 4.97007e-01 Validation accuracy: 4.91000e-01 Loss 1.20593e-02 Time taken: 2.14 seconds 
Epoch: 170/200 Train accuracy: 4.99002e-01 Validation accuracy: 4.89000e-01 Loss 1.20511e-02 Time taken: 2.09 seconds 
Epoch: 171/200 Train accuracy: 4.97934e-01 Validation accuracy: 4.94000e-01 Loss 1.20588e-02 Time taken: 2.11 seconds 
Epoch: 172/200 Train accuracy: 4.97007e-01 Validation accuracy: 4.97333e-01 Loss 1.20523e-02 Time taken: 2.15 seconds 
Epoch: 173/200 Train accuracy: 5.00926e-01 Validation accuracy: 4.98333e-01 Loss 1.20324e-02 Time taken: 2.32 seconds 
Epoch: 174/200 Train accuracy: 5.02779e-01 Validation accuracy: 5.00667e-01 Loss 1.20137e-02 Time taken: 2.11 seconds 
Epoch: 175/200 Train accuracy: 5.01853e-01 Validation accuracy: 5.01000e-01 Loss 1.20269e-02 Time taken: 2.20 seconds 
Epoch: 176/200 Train accuracy: 5.06128e-01 Validation accuracy: 5.04000e-01 Loss 1.20001e-02 Time taken: 2.19 seconds 
Epoch: 177/200 Train accuracy: 5.03990e-01 Validation accuracy: 5.04000e-01 Loss 1.20089e-02 Time taken: 2.17 seconds 
Epoch: 178/200 Train accuracy: 5.02708e-01 Validation accuracy: 5.01667e-01 Loss 1.20050e-02 Time taken: 2.35 seconds 
Epoch: 179/200 Train accuracy: 5.06627e-01 Validation accuracy: 5.05667e-01 Loss 1.19908e-02 Time taken: 2.27 seconds 
Epoch: 180/200 Train accuracy: 5.05273e-01 Validation accuracy: 5.02667e-01 Loss 1.19869e-02 Time taken: 2.19 seconds 
Epoch: 181/200 Train accuracy: 5.03634e-01 Validation accuracy: 5.04000e-01 Loss 1.19975e-02 Time taken: 2.27 seconds 
Epoch: 182/200 Train accuracy: 5.06128e-01 Validation accuracy: 5.11000e-01 Loss 1.19997e-02 Time taken: 2.02 seconds 
Epoch: 183/200 Train accuracy: 5.08123e-01 Validation accuracy: 5.04000e-01 Loss 1.19800e-02 Time taken: 2.21 seconds 
Epoch: 184/200 Train accuracy: 5.04489e-01 Validation accuracy: 5.06000e-01 Loss 1.19973e-02 Time taken: 2.29 seconds 
Epoch: 185/200 Train accuracy: 5.08907e-01 Validation accuracy: 5.09333e-01 Loss 1.19808e-02 Time taken: 2.29 seconds 
Epoch: 186/200 Train accuracy: 5.05202e-01 Validation accuracy: 5.04333e-01 Loss 1.19856e-02 Time taken: 2.22 seconds 
Epoch: 187/200 Train accuracy: 5.03919e-01 Validation accuracy: 5.07333e-01 Loss 1.19931e-02 Time taken: 2.23 seconds 
Epoch: 188/200 Train accuracy: 5.09477e-01 Validation accuracy: 4.99667e-01 Loss 1.19796e-02 Time taken: 2.21 seconds 
Epoch: 189/200 Train accuracy: 5.06484e-01 Validation accuracy: 5.06667e-01 Loss 1.19933e-02 Time taken: 2.21 seconds 
Epoch: 190/200 Train accuracy: 5.08194e-01 Validation accuracy: 5.05667e-01 Loss 1.19803e-02 Time taken: 2.18 seconds 
Epoch: 191/200 Train accuracy: 5.03135e-01 Validation accuracy: 5.03000e-01 Loss 1.20006e-02 Time taken: 2.25 seconds 
Epoch: 192/200 Train accuracy: 5.09121e-01 Validation accuracy: 5.06667e-01 Loss 1.19799e-02 Time taken: 2.24 seconds 
Epoch: 193/200 Train accuracy: 5.09691e-01 Validation accuracy: 5.07667e-01 Loss 1.19659e-02 Time taken: 2.33 seconds 
Epoch: 194/200 Train accuracy: 5.07411e-01 Validation accuracy: 5.08333e-01 Loss 1.19832e-02 Time taken: 2.03 seconds 
Epoch: 195/200 Train accuracy: 5.07197e-01 Validation accuracy: 5.04667e-01 Loss 1.19977e-02 Time taken: 2.34 seconds 
Epoch: 196/200 Train accuracy: 5.04988e-01 Validation accuracy: 5.06000e-01 Loss 1.19906e-02 Time taken: 2.31 seconds 
Epoch: 197/200 Train accuracy: 5.06769e-01 Validation accuracy: 5.10667e-01 Loss 1.19836e-02 Time taken: 2.19 seconds 
Epoch: 198/200 Train accuracy: 5.05772e-01 Validation accuracy: 5.03000e-01 Loss 1.19734e-02 Time taken: 2.03 seconds 
Epoch: 199/200 Train accuracy: 5.06912e-01 Validation accuracy: 5.11667e-01 Loss 1.19821e-02 Time taken: 2.23 seconds 
Epoch: 200/200 Train accuracy: 5.07268e-01 Validation accuracy: 4.95667e-01 Loss 1.19842e-02 Time taken: 2.15 seconds 
Total time taken 0:06:58.349090
Cleaning up intermediate feature (.pt) files
Done


working on file logs_PKT_chunks/iic-train-L2-PKT-chunks-scale10e4-seed43/jepa-iic-L2-PKT-chunks-scale10e4-seed43-ep300.pth.tar ...
