Directory classifiers/jepa-iic-L2-seed43-classifier-pretrained-vitb-normalized-ep300 for saving the classifiers is now present
VisionTransformer(
  (patch_embed): PatchEmbed(
    (proj): Conv2d(3, 768, kernel_size=(15, 15), stride=(15, 15))
  )
  (blocks): ModuleList(
    (0-11): 12 x Block(
      (norm1): LayerNorm((768,), eps=1e-06, elementwise_affine=True)
      (attn): Attention(
        (qkv): Linear(in_features=768, out_features=2304, bias=True)
        (attn_drop): Dropout(p=0.0, inplace=False)
        (proj): Linear(in_features=768, out_features=768, bias=True)
        (proj_drop): Dropout(p=0.0, inplace=False)
      )
      (drop_path): Identity()
      (norm2): LayerNorm((768,), eps=1e-06, elementwise_affine=True)
      (mlp): MLP(
        (fc1): Linear(in_features=768, out_features=3072, bias=True)
        (act): GELU(approximate='none')
        (fc2): Linear(in_features=3072, out_features=768, bias=True)
        (drop): Dropout(p=0.0, inplace=False)
      )
    )
  )
  (norm): LayerNorm((768,), eps=1e-06, elementwise_affine=True)
)
Extracting features and saving them locally..
Epoch: 1/200 Train accuracy: 3.11957e-01 Validation accuracy: 4.27333e-01 Loss 1.33795e-02 Time taken: 2.34 seconds 
Epoch: 2/200 Train accuracy: 4.08650e-01 Validation accuracy: 4.46333e-01 Loss 1.27299e-02 Time taken: 2.03 seconds 
Epoch: 3/200 Train accuracy: 4.37723e-01 Validation accuracy: 4.56333e-01 Loss 1.25394e-02 Time taken: 2.00 seconds 
Epoch: 4/200 Train accuracy: 4.52971e-01 Validation accuracy: 4.66667e-01 Loss 1.24334e-02 Time taken: 2.16 seconds 
Epoch: 5/200 Train accuracy: 4.63303e-01 Validation accuracy: 4.72667e-01 Loss 1.23608e-02 Time taken: 2.22 seconds 
Epoch: 6/200 Train accuracy: 4.65797e-01 Validation accuracy: 4.75000e-01 Loss 1.23266e-02 Time taken: 2.17 seconds 
Epoch: 7/200 Train accuracy: 4.71783e-01 Validation accuracy: 4.79333e-01 Loss 1.22859e-02 Time taken: 2.12 seconds 
Epoch: 8/200 Train accuracy: 4.75132e-01 Validation accuracy: 4.85333e-01 Loss 1.22540e-02 Time taken: 2.16 seconds 
Epoch: 9/200 Train accuracy: 4.81260e-01 Validation accuracy: 4.82000e-01 Loss 1.22184e-02 Time taken: 2.05 seconds 
Epoch: 10/200 Train accuracy: 4.81117e-01 Validation accuracy: 4.87667e-01 Loss 1.22037e-02 Time taken: 2.17 seconds 
Epoch: 11/200 Train accuracy: 4.84751e-01 Validation accuracy: 4.90333e-01 Loss 1.21803e-02 Time taken: 2.18 seconds 
Epoch: 12/200 Train accuracy: 4.86105e-01 Validation accuracy: 4.86667e-01 Loss 1.21631e-02 Time taken: 2.24 seconds 
Epoch: 13/200 Train accuracy: 4.88314e-01 Validation accuracy: 4.91667e-01 Loss 1.21549e-02 Time taken: 2.30 seconds 
Epoch: 14/200 Train accuracy: 4.93017e-01 Validation accuracy: 4.85000e-01 Loss 1.21412e-02 Time taken: 2.16 seconds 
Epoch: 15/200 Train accuracy: 4.89525e-01 Validation accuracy: 4.92333e-01 Loss 1.21385e-02 Time taken: 2.26 seconds 
Epoch: 16/200 Train accuracy: 4.93444e-01 Validation accuracy: 4.90667e-01 Loss 1.21117e-02 Time taken: 2.30 seconds 
Epoch: 17/200 Train accuracy: 4.92019e-01 Validation accuracy: 4.92333e-01 Loss 1.21021e-02 Time taken: 2.30 seconds 
Epoch: 18/200 Train accuracy: 4.91663e-01 Validation accuracy: 4.98667e-01 Loss 1.21084e-02 Time taken: 2.14 seconds 
Epoch: 19/200 Train accuracy: 4.94656e-01 Validation accuracy: 4.97000e-01 Loss 1.20884e-02 Time taken: 2.05 seconds 
Epoch: 20/200 Train accuracy: 4.96865e-01 Validation accuracy: 4.98667e-01 Loss 1.20833e-02 Time taken: 2.29 seconds 
Epoch: 21/200 Train accuracy: 4.98789e-01 Validation accuracy: 4.96667e-01 Loss 1.20774e-02 Time taken: 2.41 seconds 
Epoch: 22/200 Train accuracy: 4.98504e-01 Validation accuracy: 5.03333e-01 Loss 1.20612e-02 Time taken: 2.24 seconds 
Epoch: 23/200 Train accuracy: 4.97079e-01 Validation accuracy: 5.02667e-01 Loss 1.20659e-02 Time taken: 2.38 seconds 
Epoch: 24/200 Train accuracy: 4.99430e-01 Validation accuracy: 5.02667e-01 Loss 1.20573e-02 Time taken: 2.18 seconds 
Epoch: 25/200 Train accuracy: 5.04560e-01 Validation accuracy: 5.05333e-01 Loss 1.20336e-02 Time taken: 2.34 seconds 
Epoch: 26/200 Train accuracy: 5.03064e-01 Validation accuracy: 4.98000e-01 Loss 1.20334e-02 Time taken: 2.30 seconds 
Epoch: 27/200 Train accuracy: 5.02850e-01 Validation accuracy: 5.06333e-01 Loss 1.20354e-02 Time taken: 2.22 seconds 
Epoch: 28/200 Train accuracy: 5.07411e-01 Validation accuracy: 4.94667e-01 Loss 1.20226e-02 Time taken: 2.23 seconds 
Epoch: 29/200 Train accuracy: 5.05202e-01 Validation accuracy: 5.03000e-01 Loss 1.20282e-02 Time taken: 2.14 seconds 
Epoch: 30/200 Train accuracy: 5.07126e-01 Validation accuracy: 4.98667e-01 Loss 1.20054e-02 Time taken: 2.15 seconds 
Epoch: 31/200 Train accuracy: 5.06556e-01 Validation accuracy: 5.01333e-01 Loss 1.20165e-02 Time taken: 2.23 seconds 
Epoch: 32/200 Train accuracy: 5.06057e-01 Validation accuracy: 4.99000e-01 Loss 1.20109e-02 Time taken: 2.00 seconds 
Epoch: 33/200 Train accuracy: 5.09691e-01 Validation accuracy: 5.03333e-01 Loss 1.20001e-02 Time taken: 2.27 seconds 
Epoch: 34/200 Train accuracy: 5.08194e-01 Validation accuracy: 5.00667e-01 Loss 1.20003e-02 Time taken: 2.20 seconds 
Epoch: 35/200 Train accuracy: 5.08123e-01 Validation accuracy: 5.07667e-01 Loss 1.20007e-02 Time taken: 2.14 seconds 
Epoch: 36/200 Train accuracy: 5.10902e-01 Validation accuracy: 4.99000e-01 Loss 1.19853e-02 Time taken: 2.14 seconds 
Epoch: 37/200 Train accuracy: 5.09905e-01 Validation accuracy: 5.02333e-01 Loss 1.19829e-02 Time taken: 2.17 seconds 
Epoch: 38/200 Train accuracy: 5.10546e-01 Validation accuracy: 5.03000e-01 Loss 1.19855e-02 Time taken: 2.24 seconds 
Epoch: 39/200 Train accuracy: 5.11472e-01 Validation accuracy: 5.02667e-01 Loss 1.19737e-02 Time taken: 2.07 seconds 
Epoch: 40/200 Train accuracy: 5.10190e-01 Validation accuracy: 5.05667e-01 Loss 1.19809e-02 Time taken: 2.31 seconds 
Epoch: 41/200 Train accuracy: 5.12969e-01 Validation accuracy: 5.01000e-01 Loss 1.19726e-02 Time taken: 2.33 seconds 
Epoch: 42/200 Train accuracy: 5.09762e-01 Validation accuracy: 5.02333e-01 Loss 1.19700e-02 Time taken: 2.34 seconds 
Epoch: 43/200 Train accuracy: 5.09548e-01 Validation accuracy: 4.98000e-01 Loss 1.19757e-02 Time taken: 2.36 seconds 
Epoch: 44/200 Train accuracy: 5.12612e-01 Validation accuracy: 5.06000e-01 Loss 1.19663e-02 Time taken: 2.14 seconds 
Epoch: 45/200 Train accuracy: 5.11615e-01 Validation accuracy: 5.03333e-01 Loss 1.19678e-02 Time taken: 2.43 seconds 
Epoch: 46/200 Train accuracy: 5.10973e-01 Validation accuracy: 5.05000e-01 Loss 1.19615e-02 Time taken: 2.37 seconds 
Epoch: 47/200 Train accuracy: 5.09691e-01 Validation accuracy: 5.08000e-01 Loss 1.19739e-02 Time taken: 2.52 seconds 
Epoch: 48/200 Train accuracy: 5.14251e-01 Validation accuracy: 4.98667e-01 Loss 1.19589e-02 Time taken: 2.14 seconds 
Epoch: 49/200 Train accuracy: 5.09905e-01 Validation accuracy: 5.10667e-01 Loss 1.19639e-02 Time taken: 2.11 seconds 
Epoch: 50/200 Train accuracy: 5.14465e-01 Validation accuracy: 5.03667e-01 Loss 1.19420e-02 Time taken: 2.08 seconds 
Epoch: 51/200 Train accuracy: 5.10617e-01 Validation accuracy: 5.05000e-01 Loss 1.19619e-02 Time taken: 2.42 seconds 
Epoch: 52/200 Train accuracy: 5.13111e-01 Validation accuracy: 5.04000e-01 Loss 1.19414e-02 Time taken: 2.15 seconds 
Epoch: 53/200 Train accuracy: 5.12612e-01 Validation accuracy: 5.05333e-01 Loss 1.19605e-02 Time taken: 2.03 seconds 
Epoch: 54/200 Train accuracy: 5.13824e-01 Validation accuracy: 5.03333e-01 Loss 1.19467e-02 Time taken: 2.24 seconds 
Epoch: 55/200 Train accuracy: 5.14964e-01 Validation accuracy: 5.03667e-01 Loss 1.19512e-02 Time taken: 2.26 seconds 
Epoch: 56/200 Train accuracy: 5.14037e-01 Validation accuracy: 5.01667e-01 Loss 1.19532e-02 Time taken: 2.30 seconds 
Epoch: 57/200 Train accuracy: 5.15747e-01 Validation accuracy: 5.06333e-01 Loss 1.19416e-02 Time taken: 2.28 seconds 
Epoch: 58/200 Train accuracy: 5.11828e-01 Validation accuracy: 5.09667e-01 Loss 1.19532e-02 Time taken: 2.17 seconds 
Epoch: 59/200 Train accuracy: 5.16603e-01 Validation accuracy: 5.03667e-01 Loss 1.19266e-02 Time taken: 2.36 seconds 
Epoch: 60/200 Train accuracy: 5.14750e-01 Validation accuracy: 4.99667e-01 Loss 1.19332e-02 Time taken: 2.19 seconds 
Epoch: 61/200 Train accuracy: 5.15106e-01 Validation accuracy: 5.07667e-01 Loss 1.19449e-02 Time taken: 2.15 seconds 
Epoch: 62/200 Train accuracy: 5.13752e-01 Validation accuracy: 5.06667e-01 Loss 1.19408e-02 Time taken: 2.37 seconds 
Epoch: 63/200 Train accuracy: 5.15462e-01 Validation accuracy: 5.09333e-01 Loss 1.19303e-02 Time taken: 2.28 seconds 
Epoch: 64/200 Train accuracy: 5.17671e-01 Validation accuracy: 5.09667e-01 Loss 1.19256e-02 Time taken: 2.23 seconds 
Epoch: 65/200 Train accuracy: 5.15391e-01 Validation accuracy: 5.05333e-01 Loss 1.19281e-02 Time taken: 2.12 seconds 
Epoch: 66/200 Train accuracy: 5.13610e-01 Validation accuracy: 5.06333e-01 Loss 1.19462e-02 Time taken: 2.25 seconds 
Epoch: 67/200 Train accuracy: 5.15534e-01 Validation accuracy: 5.05000e-01 Loss 1.19343e-02 Time taken: 2.19 seconds 
Epoch: 68/200 Train accuracy: 5.15462e-01 Validation accuracy: 5.08333e-01 Loss 1.19308e-02 Time taken: 2.10 seconds 
Epoch: 69/200 Train accuracy: 5.16674e-01 Validation accuracy: 5.04333e-01 Loss 1.19284e-02 Time taken: 2.28 seconds 
Epoch: 70/200 Train accuracy: 5.13752e-01 Validation accuracy: 5.11667e-01 Loss 1.19291e-02 Time taken: 2.24 seconds 
Epoch: 71/200 Train accuracy: 5.16175e-01 Validation accuracy: 5.09000e-01 Loss 1.19406e-02 Time taken: 2.32 seconds 
Epoch: 72/200 Train accuracy: 5.15391e-01 Validation accuracy: 5.13000e-01 Loss 1.19262e-02 Time taken: 2.32 seconds 
Epoch: 73/200 Train accuracy: 5.13966e-01 Validation accuracy: 5.08667e-01 Loss 1.19307e-02 Time taken: 2.42 seconds 
Epoch: 74/200 Train accuracy: 5.17173e-01 Validation accuracy: 5.11333e-01 Loss 1.19282e-02 Time taken: 2.08 seconds 
Epoch: 75/200 Train accuracy: 5.16175e-01 Validation accuracy: 5.06667e-01 Loss 1.19162e-02 Time taken: 2.31 seconds 
Epoch: 76/200 Train accuracy: 5.12256e-01 Validation accuracy: 5.02667e-01 Loss 1.19271e-02 Time taken: 2.06 seconds 
Epoch: 77/200 Train accuracy: 5.16246e-01 Validation accuracy: 5.08333e-01 Loss 1.19213e-02 Time taken: 2.07 seconds 
Epoch: 78/200 Train accuracy: 5.17885e-01 Validation accuracy: 5.04667e-01 Loss 1.19251e-02 Time taken: 2.41 seconds 
Epoch: 79/200 Train accuracy: 5.18883e-01 Validation accuracy: 5.05333e-01 Loss 1.19168e-02 Time taken: 2.17 seconds 
Epoch: 80/200 Train accuracy: 5.17814e-01 Validation accuracy: 5.09000e-01 Loss 1.19217e-02 Time taken: 2.31 seconds 
Epoch: 81/200 Train accuracy: 5.16460e-01 Validation accuracy: 5.02333e-01 Loss 1.19177e-02 Time taken: 2.19 seconds 
Epoch: 82/200 Train accuracy: 5.14607e-01 Validation accuracy: 5.03667e-01 Loss 1.19336e-02 Time taken: 2.32 seconds 
Epoch: 83/200 Train accuracy: 5.17743e-01 Validation accuracy: 5.05000e-01 Loss 1.19177e-02 Time taken: 2.24 seconds 
Epoch: 84/200 Train accuracy: 5.16246e-01 Validation accuracy: 5.07667e-01 Loss 1.19149e-02 Time taken: 2.14 seconds 
Epoch: 85/200 Train accuracy: 5.17244e-01 Validation accuracy: 5.13333e-01 Loss 1.19148e-02 Time taken: 2.16 seconds 
Epoch: 86/200 Train accuracy: 5.17315e-01 Validation accuracy: 5.09000e-01 Loss 1.19144e-02 Time taken: 1.84 seconds 
Epoch: 87/200 Train accuracy: 5.21163e-01 Validation accuracy: 5.03000e-01 Loss 1.19032e-02 Time taken: 1.69 seconds 
Epoch: 88/200 Train accuracy: 5.16460e-01 Validation accuracy: 5.11667e-01 Loss 1.19231e-02 Time taken: 1.56 seconds 
Epoch: 89/200 Train accuracy: 5.14251e-01 Validation accuracy: 5.08667e-01 Loss 1.19220e-02 Time taken: 1.56 seconds 
Epoch: 90/200 Train accuracy: 5.20450e-01 Validation accuracy: 5.09667e-01 Loss 1.18981e-02 Time taken: 1.62 seconds 
Epoch: 91/200 Train accuracy: 5.15177e-01 Validation accuracy: 5.11667e-01 Loss 1.19180e-02 Time taken: 1.61 seconds 
Epoch: 92/200 Train accuracy: 5.17671e-01 Validation accuracy: 5.11333e-01 Loss 1.19063e-02 Time taken: 1.68 seconds 
Epoch: 93/200 Train accuracy: 5.19738e-01 Validation accuracy: 5.08000e-01 Loss 1.19037e-02 Time taken: 1.61 seconds 
Epoch: 94/200 Train accuracy: 5.20237e-01 Validation accuracy: 5.12667e-01 Loss 1.18949e-02 Time taken: 1.60 seconds 
Epoch: 95/200 Train accuracy: 5.19809e-01 Validation accuracy: 5.14000e-01 Loss 1.19113e-02 Time taken: 1.60 seconds 
Epoch: 96/200 Train accuracy: 5.17529e-01 Validation accuracy: 5.13000e-01 Loss 1.19010e-02 Time taken: 1.68 seconds 
Epoch: 97/200 Train accuracy: 5.16959e-01 Validation accuracy: 5.11667e-01 Loss 1.19224e-02 Time taken: 1.60 seconds 
Epoch: 98/200 Train accuracy: 5.17885e-01 Validation accuracy: 5.10000e-01 Loss 1.19071e-02 Time taken: 1.64 seconds 
Epoch: 99/200 Train accuracy: 5.14607e-01 Validation accuracy: 5.08667e-01 Loss 1.19116e-02 Time taken: 1.59 seconds 
Epoch: 100/200 Train accuracy: 5.16816e-01 Validation accuracy: 5.15333e-01 Loss 1.19156e-02 Time taken: 1.62 seconds 
Epoch: 101/200 Train accuracy: 5.19310e-01 Validation accuracy: 5.05667e-01 Loss 1.18991e-02 Time taken: 1.62 seconds 
Epoch: 102/200 Train accuracy: 5.15106e-01 Validation accuracy: 5.16000e-01 Loss 1.19036e-02 Time taken: 1.67 seconds 
Epoch: 103/200 Train accuracy: 5.17458e-01 Validation accuracy: 5.10667e-01 Loss 1.19014e-02 Time taken: 1.63 seconds 
Epoch: 104/200 Train accuracy: 5.21947e-01 Validation accuracy: 5.10000e-01 Loss 1.18982e-02 Time taken: 1.61 seconds 
Epoch: 105/200 Train accuracy: 5.16959e-01 Validation accuracy: 5.13000e-01 Loss 1.19058e-02 Time taken: 1.61 seconds 
Epoch: 106/200 Train accuracy: 5.18313e-01 Validation accuracy: 5.11000e-01 Loss 1.19059e-02 Time taken: 1.61 seconds 
Epoch: 107/200 Train accuracy: 5.19952e-01 Validation accuracy: 5.13333e-01 Loss 1.18959e-02 Time taken: 1.60 seconds 
Epoch: 108/200 Train accuracy: 5.20949e-01 Validation accuracy: 5.12333e-01 Loss 1.18991e-02 Time taken: 1.73 seconds 
Epoch: 109/200 Train accuracy: 5.19809e-01 Validation accuracy: 5.14333e-01 Loss 1.19033e-02 Time taken: 1.61 seconds 
Epoch: 110/200 Train accuracy: 5.20878e-01 Validation accuracy: 5.10333e-01 Loss 1.18993e-02 Time taken: 1.62 seconds 
Epoch: 111/200 Train accuracy: 5.21733e-01 Validation accuracy: 5.14667e-01 Loss 1.18903e-02 Time taken: 1.60 seconds 
Epoch: 112/200 Train accuracy: 5.20023e-01 Validation accuracy: 5.12333e-01 Loss 1.19026e-02 Time taken: 1.61 seconds 
Epoch: 113/200 Train accuracy: 5.16603e-01 Validation accuracy: 5.14667e-01 Loss 1.19035e-02 Time taken: 1.64 seconds 
Epoch: 114/200 Train accuracy: 5.21947e-01 Validation accuracy: 5.11333e-01 Loss 1.18869e-02 Time taken: 1.62 seconds 
Epoch: 115/200 Train accuracy: 5.19667e-01 Validation accuracy: 5.13667e-01 Loss 1.18890e-02 Time taken: 1.65 seconds 
Epoch: 116/200 Train accuracy: 5.21662e-01 Validation accuracy: 5.17333e-01 Loss 1.18848e-02 Time taken: 1.70 seconds 
Epoch: 117/200 Train accuracy: 5.19453e-01 Validation accuracy: 5.17333e-01 Loss 1.18947e-02 Time taken: 1.78 seconds 
Epoch: 118/200 Train accuracy: 5.20878e-01 Validation accuracy: 5.13000e-01 Loss 1.18930e-02 Time taken: 1.70 seconds 
Epoch: 119/200 Train accuracy: 5.19524e-01 Validation accuracy: 5.17333e-01 Loss 1.18947e-02 Time taken: 1.73 seconds 
Epoch: 120/200 Train accuracy: 5.18954e-01 Validation accuracy: 5.13333e-01 Loss 1.18847e-02 Time taken: 1.60 seconds 
Epoch: 121/200 Train accuracy: 5.20237e-01 Validation accuracy: 5.16667e-01 Loss 1.18995e-02 Time taken: 1.61 seconds 
Epoch: 122/200 Train accuracy: 5.17885e-01 Validation accuracy: 5.08333e-01 Loss 1.18943e-02 Time taken: 1.69 seconds 
Epoch: 123/200 Train accuracy: 5.22374e-01 Validation accuracy: 5.18667e-01 Loss 1.18882e-02 Time taken: 1.63 seconds 
Epoch: 124/200 Train accuracy: 5.20237e-01 Validation accuracy: 5.10667e-01 Loss 1.18978e-02 Time taken: 1.68 seconds 
Epoch: 125/200 Train accuracy: 5.19952e-01 Validation accuracy: 5.14000e-01 Loss 1.18932e-02 Time taken: 1.69 seconds 
Epoch: 126/200 Train accuracy: 5.18526e-01 Validation accuracy: 5.14333e-01 Loss 1.18954e-02 Time taken: 1.82 seconds 
Epoch: 127/200 Train accuracy: 5.17885e-01 Validation accuracy: 5.12333e-01 Loss 1.18996e-02 Time taken: 2.26 seconds 
Epoch: 128/200 Train accuracy: 5.18028e-01 Validation accuracy: 5.13667e-01 Loss 1.18957e-02 Time taken: 2.15 seconds 
Epoch: 129/200 Train accuracy: 5.19382e-01 Validation accuracy: 5.15667e-01 Loss 1.18873e-02 Time taken: 2.36 seconds 
Epoch: 130/200 Train accuracy: 5.21448e-01 Validation accuracy: 5.11667e-01 Loss 1.18823e-02 Time taken: 2.18 seconds 
Epoch: 131/200 Train accuracy: 5.20094e-01 Validation accuracy: 5.13000e-01 Loss 1.18899e-02 Time taken: 2.10 seconds 
Epoch: 132/200 Train accuracy: 5.19382e-01 Validation accuracy: 5.09000e-01 Loss 1.18928e-02 Time taken: 2.39 seconds 
Epoch: 133/200 Train accuracy: 5.23942e-01 Validation accuracy: 5.14000e-01 Loss 1.18864e-02 Time taken: 1.94 seconds 
Epoch: 134/200 Train accuracy: 5.21804e-01 Validation accuracy: 5.12667e-01 Loss 1.18849e-02 Time taken: 2.21 seconds 
Epoch: 135/200 Train accuracy: 5.19595e-01 Validation accuracy: 5.15667e-01 Loss 1.18879e-02 Time taken: 2.15 seconds 
Epoch: 136/200 Train accuracy: 5.22517e-01 Validation accuracy: 5.15333e-01 Loss 1.18809e-02 Time taken: 2.29 seconds 
Epoch: 137/200 Train accuracy: 5.24797e-01 Validation accuracy: 5.15000e-01 Loss 1.18765e-02 Time taken: 2.14 seconds 
Epoch: 138/200 Train accuracy: 5.20878e-01 Validation accuracy: 5.10000e-01 Loss 1.18907e-02 Time taken: 2.16 seconds 
Epoch: 139/200 Train accuracy: 5.22374e-01 Validation accuracy: 5.13333e-01 Loss 1.18853e-02 Time taken: 2.11 seconds 
Epoch: 140/200 Train accuracy: 5.21163e-01 Validation accuracy: 5.10667e-01 Loss 1.18848e-02 Time taken: 2.33 seconds 
Epoch: 141/200 Train accuracy: 5.19453e-01 Validation accuracy: 5.10000e-01 Loss 1.18859e-02 Time taken: 2.20 seconds 
Epoch: 142/200 Train accuracy: 5.18740e-01 Validation accuracy: 5.13000e-01 Loss 1.18816e-02 Time taken: 2.37 seconds 
Epoch: 143/200 Train accuracy: 5.23443e-01 Validation accuracy: 5.16000e-01 Loss 1.18719e-02 Time taken: 2.22 seconds 
Epoch: 144/200 Train accuracy: 5.18384e-01 Validation accuracy: 5.13667e-01 Loss 1.18957e-02 Time taken: 2.17 seconds 
Epoch: 145/200 Train accuracy: 5.21519e-01 Validation accuracy: 5.14000e-01 Loss 1.18778e-02 Time taken: 2.26 seconds 
Epoch: 146/200 Train accuracy: 5.18669e-01 Validation accuracy: 5.15333e-01 Loss 1.18857e-02 Time taken: 2.07 seconds 
Epoch: 147/200 Train accuracy: 5.22944e-01 Validation accuracy: 5.09333e-01 Loss 1.18729e-02 Time taken: 2.25 seconds 
Epoch: 148/200 Train accuracy: 5.18883e-01 Validation accuracy: 5.08333e-01 Loss 1.18809e-02 Time taken: 2.24 seconds 
Epoch: 149/200 Train accuracy: 5.20949e-01 Validation accuracy: 5.08333e-01 Loss 1.18846e-02 Time taken: 2.20 seconds 
Epoch: 150/200 Train accuracy: 5.23016e-01 Validation accuracy: 5.11667e-01 Loss 1.18738e-02 Time taken: 2.35 seconds 
Epoch: 151/200 Train accuracy: 5.21092e-01 Validation accuracy: 5.12333e-01 Loss 1.18808e-02 Time taken: 2.27 seconds 
Epoch: 152/200 Train accuracy: 5.23799e-01 Validation accuracy: 5.19333e-01 Loss 1.18629e-02 Time taken: 2.28 seconds 
Epoch: 153/200 Train accuracy: 5.21020e-01 Validation accuracy: 5.14667e-01 Loss 1.18688e-02 Time taken: 2.15 seconds 
Epoch: 154/200 Train accuracy: 5.21234e-01 Validation accuracy: 5.09000e-01 Loss 1.18928e-02 Time taken: 2.19 seconds 
Epoch: 155/200 Train accuracy: 5.20023e-01 Validation accuracy: 5.13667e-01 Loss 1.18831e-02 Time taken: 2.09 seconds 
Epoch: 156/200 Train accuracy: 5.23301e-01 Validation accuracy: 5.13000e-01 Loss 1.18709e-02 Time taken: 2.12 seconds 
Epoch: 157/200 Train accuracy: 5.19239e-01 Validation accuracy: 5.11333e-01 Loss 1.18874e-02 Time taken: 2.12 seconds 
Epoch: 158/200 Train accuracy: 5.22232e-01 Validation accuracy: 5.11333e-01 Loss 1.18701e-02 Time taken: 2.17 seconds 
Epoch: 159/200 Train accuracy: 5.21519e-01 Validation accuracy: 5.12333e-01 Loss 1.18786e-02 Time taken: 2.24 seconds 
Epoch: 160/200 Train accuracy: 5.21305e-01 Validation accuracy: 5.10667e-01 Loss 1.18755e-02 Time taken: 2.28 seconds 
Epoch: 161/200 Train accuracy: 5.20450e-01 Validation accuracy: 5.14667e-01 Loss 1.18792e-02 Time taken: 2.37 seconds 
Epoch: 162/200 Train accuracy: 5.21163e-01 Validation accuracy: 5.17667e-01 Loss 1.18757e-02 Time taken: 2.38 seconds 
Epoch: 163/200 Train accuracy: 5.22374e-01 Validation accuracy: 5.13333e-01 Loss 1.18803e-02 Time taken: 2.09 seconds 
Epoch: 164/200 Train accuracy: 5.26650e-01 Validation accuracy: 5.16333e-01 Loss 1.18647e-02 Time taken: 2.21 seconds 
Epoch: 165/200 Train accuracy: 5.21662e-01 Validation accuracy: 5.15000e-01 Loss 1.18809e-02 Time taken: 2.23 seconds 
Epoch: 166/200 Train accuracy: 5.19239e-01 Validation accuracy: 5.16667e-01 Loss 1.18819e-02 Time taken: 2.34 seconds 
Epoch: 167/200 Train accuracy: 5.20379e-01 Validation accuracy: 5.18000e-01 Loss 1.18764e-02 Time taken: 2.25 seconds 
Epoch: 168/200 Train accuracy: 5.22517e-01 Validation accuracy: 5.16000e-01 Loss 1.18696e-02 Time taken: 2.29 seconds 
Epoch: 169/200 Train accuracy: 5.21662e-01 Validation accuracy: 5.17000e-01 Loss 1.18700e-02 Time taken: 2.28 seconds 
Epoch: 170/200 Train accuracy: 5.20878e-01 Validation accuracy: 5.13000e-01 Loss 1.18730e-02 Time taken: 2.15 seconds 
Epoch: 171/200 Train accuracy: 5.22873e-01 Validation accuracy: 5.09667e-01 Loss 1.18627e-02 Time taken: 2.25 seconds 
Epoch: 172/200 Train accuracy: 5.25652e-01 Validation accuracy: 5.15000e-01 Loss 1.18587e-02 Time taken: 2.11 seconds 
Epoch: 173/200 Train accuracy: 5.22802e-01 Validation accuracy: 5.14333e-01 Loss 1.18688e-02 Time taken: 2.11 seconds 
Epoch: 174/200 Train accuracy: 5.25581e-01 Validation accuracy: 5.12667e-01 Loss 1.18611e-02 Time taken: 2.18 seconds 
Epoch: 175/200 Train accuracy: 5.22303e-01 Validation accuracy: 5.16333e-01 Loss 1.18679e-02 Time taken: 2.12 seconds 
Epoch: 176/200 Train accuracy: 5.22659e-01 Validation accuracy: 5.20000e-01 Loss 1.18698e-02 Time taken: 2.15 seconds 
Epoch: 177/200 Train accuracy: 5.20237e-01 Validation accuracy: 5.13333e-01 Loss 1.18790e-02 Time taken: 2.36 seconds 
Epoch: 178/200 Train accuracy: 5.22659e-01 Validation accuracy: 5.11000e-01 Loss 1.18695e-02 Time taken: 2.27 seconds 
Epoch: 179/200 Train accuracy: 5.24512e-01 Validation accuracy: 5.14667e-01 Loss 1.18582e-02 Time taken: 2.14 seconds 
Epoch: 180/200 Train accuracy: 5.21305e-01 Validation accuracy: 5.16000e-01 Loss 1.18787e-02 Time taken: 2.13 seconds 
Epoch: 181/200 Train accuracy: 5.21875e-01 Validation accuracy: 5.12333e-01 Loss 1.18712e-02 Time taken: 2.19 seconds 
Epoch: 182/200 Train accuracy: 5.22018e-01 Validation accuracy: 5.17333e-01 Loss 1.18750e-02 Time taken: 2.18 seconds 
Epoch: 183/200 Train accuracy: 5.20023e-01 Validation accuracy: 5.17000e-01 Loss 1.18789e-02 Time taken: 2.31 seconds 
Epoch: 184/200 Train accuracy: 5.22089e-01 Validation accuracy: 5.16333e-01 Loss 1.18737e-02 Time taken: 2.17 seconds 
Epoch: 185/200 Train accuracy: 5.20237e-01 Validation accuracy: 5.15333e-01 Loss 1.18828e-02 Time taken: 2.06 seconds 
Epoch: 186/200 Train accuracy: 5.25438e-01 Validation accuracy: 5.15000e-01 Loss 1.18717e-02 Time taken: 2.24 seconds 
Epoch: 187/200 Train accuracy: 5.21519e-01 Validation accuracy: 5.10000e-01 Loss 1.18759e-02 Time taken: 2.46 seconds 
Epoch: 188/200 Train accuracy: 5.22659e-01 Validation accuracy: 5.19000e-01 Loss 1.18621e-02 Time taken: 2.39 seconds 
Epoch: 189/200 Train accuracy: 5.21519e-01 Validation accuracy: 5.14000e-01 Loss 1.18706e-02 Time taken: 2.26 seconds 
Epoch: 190/200 Train accuracy: 5.22588e-01 Validation accuracy: 5.13000e-01 Loss 1.18709e-02 Time taken: 2.40 seconds 
Epoch: 191/200 Train accuracy: 5.21733e-01 Validation accuracy: 5.14667e-01 Loss 1.18602e-02 Time taken: 2.11 seconds 
Epoch: 192/200 Train accuracy: 5.24583e-01 Validation accuracy: 5.17667e-01 Loss 1.18580e-02 Time taken: 2.17 seconds 
Epoch: 193/200 Train accuracy: 5.24583e-01 Validation accuracy: 5.14333e-01 Loss 1.18577e-02 Time taken: 2.21 seconds 
Epoch: 194/200 Train accuracy: 5.23443e-01 Validation accuracy: 5.16000e-01 Loss 1.18677e-02 Time taken: 2.10 seconds 
Epoch: 195/200 Train accuracy: 5.24084e-01 Validation accuracy: 5.13333e-01 Loss 1.18496e-02 Time taken: 2.34 seconds 
Epoch: 196/200 Train accuracy: 5.21377e-01 Validation accuracy: 5.17000e-01 Loss 1.18721e-02 Time taken: 2.22 seconds 
Epoch: 197/200 Train accuracy: 5.19453e-01 Validation accuracy: 5.19333e-01 Loss 1.18667e-02 Time taken: 2.04 seconds 
Epoch: 198/200 Train accuracy: 5.22873e-01 Validation accuracy: 5.17667e-01 Loss 1.18650e-02 Time taken: 2.24 seconds 
Epoch: 199/200 Train accuracy: 5.24654e-01 Validation accuracy: 5.13667e-01 Loss 1.18612e-02 Time taken: 2.28 seconds 
Epoch: 200/200 Train accuracy: 5.23372e-01 Validation accuracy: 5.11333e-01 Loss 1.18657e-02 Time taken: 2.14 seconds 
Total time taken 0:07:04.464654
Cleaning up intermediate feature (.pt) files
Done


working on file logs_PKT_chunks/iic-train-L2-PKT-chunks-scale10e4-seed43/jepa-iic-L2-PKT-chunks-scale10e4-seed43-ep400.pth.tar ...
