Directory classifiers/jepa-iic-L2-seed43-classifier-pretrained-vitb-normalized-ep500 for saving the classifiers is now present
VisionTransformer(
  (patch_embed): PatchEmbed(
    (proj): Conv2d(3, 768, kernel_size=(15, 15), stride=(15, 15))
  )
  (blocks): ModuleList(
    (0-11): 12 x Block(
      (norm1): LayerNorm((768,), eps=1e-06, elementwise_affine=True)
      (attn): Attention(
        (qkv): Linear(in_features=768, out_features=2304, bias=True)
        (attn_drop): Dropout(p=0.0, inplace=False)
        (proj): Linear(in_features=768, out_features=768, bias=True)
        (proj_drop): Dropout(p=0.0, inplace=False)
      )
      (drop_path): Identity()
      (norm2): LayerNorm((768,), eps=1e-06, elementwise_affine=True)
      (mlp): MLP(
        (fc1): Linear(in_features=768, out_features=3072, bias=True)
        (act): GELU(approximate='none')
        (fc2): Linear(in_features=3072, out_features=768, bias=True)
        (drop): Dropout(p=0.0, inplace=False)
      )
    )
  )
  (norm): LayerNorm((768,), eps=1e-06, elementwise_affine=True)
)
Extracting features and saving them locally..
Epoch: 1/200 Train accuracy: 2.64643e-01 Validation accuracy: 3.84333e-01 Loss 1.36945e-02 Time taken: 2.20 seconds 
Epoch: 2/200 Train accuracy: 3.76087e-01 Validation accuracy: 4.33333e-01 Loss 1.30378e-02 Time taken: 2.21 seconds 
Epoch: 3/200 Train accuracy: 4.10218e-01 Validation accuracy: 4.36667e-01 Loss 1.27933e-02 Time taken: 2.09 seconds 
Epoch: 4/200 Train accuracy: 4.31808e-01 Validation accuracy: 4.47667e-01 Loss 1.26635e-02 Time taken: 2.08 seconds 
Epoch: 5/200 Train accuracy: 4.46060e-01 Validation accuracy: 4.55667e-01 Loss 1.25515e-02 Time taken: 2.09 seconds 
Epoch: 6/200 Train accuracy: 4.53470e-01 Validation accuracy: 4.56000e-01 Loss 1.24960e-02 Time taken: 2.23 seconds 
Epoch: 7/200 Train accuracy: 4.59171e-01 Validation accuracy: 4.67333e-01 Loss 1.24323e-02 Time taken: 2.14 seconds 
Epoch: 8/200 Train accuracy: 4.68149e-01 Validation accuracy: 4.70000e-01 Loss 1.23867e-02 Time taken: 2.22 seconds 
Epoch: 9/200 Train accuracy: 4.71427e-01 Validation accuracy: 4.83000e-01 Loss 1.23436e-02 Time taken: 2.30 seconds 
Epoch: 10/200 Train accuracy: 4.80690e-01 Validation accuracy: 4.74000e-01 Loss 1.22938e-02 Time taken: 2.21 seconds 
Epoch: 11/200 Train accuracy: 4.83184e-01 Validation accuracy: 4.82333e-01 Loss 1.22686e-02 Time taken: 2.20 seconds 
Epoch: 12/200 Train accuracy: 4.80832e-01 Validation accuracy: 4.81667e-01 Loss 1.22537e-02 Time taken: 2.07 seconds 
Epoch: 13/200 Train accuracy: 4.83184e-01 Validation accuracy: 4.88000e-01 Loss 1.22358e-02 Time taken: 2.25 seconds 
Epoch: 14/200 Train accuracy: 4.84751e-01 Validation accuracy: 4.90667e-01 Loss 1.22246e-02 Time taken: 2.11 seconds 
Epoch: 15/200 Train accuracy: 4.87103e-01 Validation accuracy: 4.91000e-01 Loss 1.22104e-02 Time taken: 2.11 seconds 
Epoch: 16/200 Train accuracy: 4.86746e-01 Validation accuracy: 4.89333e-01 Loss 1.21985e-02 Time taken: 2.10 seconds 
Epoch: 17/200 Train accuracy: 4.89525e-01 Validation accuracy: 4.90000e-01 Loss 1.21756e-02 Time taken: 2.24 seconds 
Epoch: 18/200 Train accuracy: 4.90095e-01 Validation accuracy: 4.87667e-01 Loss 1.21683e-02 Time taken: 2.17 seconds 
Epoch: 19/200 Train accuracy: 4.90095e-01 Validation accuracy: 4.89333e-01 Loss 1.21599e-02 Time taken: 2.14 seconds 
Epoch: 20/200 Train accuracy: 4.92304e-01 Validation accuracy: 4.86667e-01 Loss 1.21592e-02 Time taken: 2.23 seconds 
Epoch: 21/200 Train accuracy: 4.95511e-01 Validation accuracy: 4.90667e-01 Loss 1.21222e-02 Time taken: 2.21 seconds 
Epoch: 22/200 Train accuracy: 4.95083e-01 Validation accuracy: 4.92333e-01 Loss 1.21260e-02 Time taken: 2.29 seconds 
Epoch: 23/200 Train accuracy: 4.97862e-01 Validation accuracy: 4.95000e-01 Loss 1.21092e-02 Time taken: 2.23 seconds 
Epoch: 24/200 Train accuracy: 4.96295e-01 Validation accuracy: 4.94333e-01 Loss 1.21132e-02 Time taken: 2.28 seconds 
Epoch: 25/200 Train accuracy: 4.98219e-01 Validation accuracy: 4.94333e-01 Loss 1.20960e-02 Time taken: 2.17 seconds 
Epoch: 26/200 Train accuracy: 5.02708e-01 Validation accuracy: 4.94667e-01 Loss 1.20734e-02 Time taken: 2.14 seconds 
Epoch: 27/200 Train accuracy: 5.01924e-01 Validation accuracy: 5.01333e-01 Loss 1.20642e-02 Time taken: 2.13 seconds 
Epoch: 28/200 Train accuracy: 5.03990e-01 Validation accuracy: 5.04667e-01 Loss 1.20595e-02 Time taken: 2.40 seconds 
Epoch: 29/200 Train accuracy: 5.04347e-01 Validation accuracy: 5.02000e-01 Loss 1.20409e-02 Time taken: 2.33 seconds 
Epoch: 30/200 Train accuracy: 5.08907e-01 Validation accuracy: 5.04667e-01 Loss 1.20409e-02 Time taken: 2.32 seconds 
Epoch: 31/200 Train accuracy: 5.10546e-01 Validation accuracy: 5.06333e-01 Loss 1.20227e-02 Time taken: 2.34 seconds 
Epoch: 32/200 Train accuracy: 5.12755e-01 Validation accuracy: 5.03333e-01 Loss 1.20054e-02 Time taken: 2.24 seconds 
Epoch: 33/200 Train accuracy: 5.13752e-01 Validation accuracy: 5.10000e-01 Loss 1.20030e-02 Time taken: 2.04 seconds 
Epoch: 34/200 Train accuracy: 5.14964e-01 Validation accuracy: 5.09000e-01 Loss 1.19948e-02 Time taken: 2.02 seconds 
Epoch: 35/200 Train accuracy: 5.13752e-01 Validation accuracy: 5.09667e-01 Loss 1.19916e-02 Time taken: 2.01 seconds 
Epoch: 36/200 Train accuracy: 5.08337e-01 Validation accuracy: 5.09000e-01 Loss 1.20053e-02 Time taken: 2.03 seconds 
Epoch: 37/200 Train accuracy: 5.18170e-01 Validation accuracy: 5.08667e-01 Loss 1.19699e-02 Time taken: 2.25 seconds 
Epoch: 38/200 Train accuracy: 5.15320e-01 Validation accuracy: 4.98667e-01 Loss 1.19732e-02 Time taken: 2.08 seconds 
Epoch: 39/200 Train accuracy: 5.17244e-01 Validation accuracy: 5.11333e-01 Loss 1.19674e-02 Time taken: 2.12 seconds 
Epoch: 40/200 Train accuracy: 5.17814e-01 Validation accuracy: 5.04000e-01 Loss 1.19607e-02 Time taken: 2.32 seconds 
Epoch: 41/200 Train accuracy: 5.15249e-01 Validation accuracy: 5.11000e-01 Loss 1.19666e-02 Time taken: 2.31 seconds 
Epoch: 42/200 Train accuracy: 5.22089e-01 Validation accuracy: 5.06000e-01 Loss 1.19498e-02 Time taken: 2.31 seconds 
Epoch: 43/200 Train accuracy: 5.16959e-01 Validation accuracy: 5.14000e-01 Loss 1.19586e-02 Time taken: 2.11 seconds 
Epoch: 44/200 Train accuracy: 5.15462e-01 Validation accuracy: 5.09333e-01 Loss 1.19546e-02 Time taken: 2.31 seconds 
Epoch: 45/200 Train accuracy: 5.18740e-01 Validation accuracy: 5.12667e-01 Loss 1.19443e-02 Time taken: 2.13 seconds 
Epoch: 46/200 Train accuracy: 5.17458e-01 Validation accuracy: 5.13000e-01 Loss 1.19423e-02 Time taken: 2.16 seconds 
Epoch: 47/200 Train accuracy: 5.19667e-01 Validation accuracy: 5.15667e-01 Loss 1.19390e-02 Time taken: 2.08 seconds 
Epoch: 48/200 Train accuracy: 5.16389e-01 Validation accuracy: 5.10000e-01 Loss 1.19267e-02 Time taken: 2.07 seconds 
Epoch: 49/200 Train accuracy: 5.18669e-01 Validation accuracy: 5.15333e-01 Loss 1.19355e-02 Time taken: 2.25 seconds 
Epoch: 50/200 Train accuracy: 5.18170e-01 Validation accuracy: 5.12000e-01 Loss 1.19280e-02 Time taken: 2.19 seconds 
Epoch: 51/200 Train accuracy: 5.16888e-01 Validation accuracy: 5.11000e-01 Loss 1.19310e-02 Time taken: 2.02 seconds 
Epoch: 52/200 Train accuracy: 5.19239e-01 Validation accuracy: 5.09000e-01 Loss 1.19309e-02 Time taken: 2.03 seconds 
Epoch: 53/200 Train accuracy: 5.22731e-01 Validation accuracy: 5.15333e-01 Loss 1.19140e-02 Time taken: 2.24 seconds 
Epoch: 54/200 Train accuracy: 5.21305e-01 Validation accuracy: 5.16667e-01 Loss 1.19239e-02 Time taken: 2.05 seconds 
Epoch: 55/200 Train accuracy: 5.21733e-01 Validation accuracy: 5.12000e-01 Loss 1.19122e-02 Time taken: 1.97 seconds 
Epoch: 56/200 Train accuracy: 5.20308e-01 Validation accuracy: 5.16667e-01 Loss 1.19103e-02 Time taken: 2.11 seconds 
Epoch: 57/200 Train accuracy: 5.22089e-01 Validation accuracy: 5.12333e-01 Loss 1.19071e-02 Time taken: 2.07 seconds 
Epoch: 58/200 Train accuracy: 5.22374e-01 Validation accuracy: 5.17000e-01 Loss 1.19182e-02 Time taken: 2.06 seconds 
Epoch: 59/200 Train accuracy: 5.21947e-01 Validation accuracy: 5.17333e-01 Loss 1.19006e-02 Time taken: 2.13 seconds 
Epoch: 60/200 Train accuracy: 5.21234e-01 Validation accuracy: 5.17333e-01 Loss 1.19105e-02 Time taken: 2.09 seconds 
Epoch: 61/200 Train accuracy: 5.19595e-01 Validation accuracy: 5.13667e-01 Loss 1.19073e-02 Time taken: 2.27 seconds 
Epoch: 62/200 Train accuracy: 5.22588e-01 Validation accuracy: 5.10333e-01 Loss 1.18999e-02 Time taken: 2.27 seconds 
Epoch: 63/200 Train accuracy: 5.19667e-01 Validation accuracy: 5.17667e-01 Loss 1.19075e-02 Time taken: 2.18 seconds 
Epoch: 64/200 Train accuracy: 5.21305e-01 Validation accuracy: 5.10000e-01 Loss 1.19021e-02 Time taken: 2.20 seconds 
Epoch: 65/200 Train accuracy: 5.23016e-01 Validation accuracy: 5.16333e-01 Loss 1.18949e-02 Time taken: 2.10 seconds 
Epoch: 66/200 Train accuracy: 5.22731e-01 Validation accuracy: 5.19667e-01 Loss 1.19008e-02 Time taken: 2.29 seconds 
Epoch: 67/200 Train accuracy: 5.21733e-01 Validation accuracy: 5.15333e-01 Loss 1.18882e-02 Time taken: 2.23 seconds 
Epoch: 68/200 Train accuracy: 5.24868e-01 Validation accuracy: 5.18333e-01 Loss 1.18892e-02 Time taken: 2.16 seconds 
Epoch: 69/200 Train accuracy: 5.23657e-01 Validation accuracy: 5.17000e-01 Loss 1.18929e-02 Time taken: 2.05 seconds 
Epoch: 70/200 Train accuracy: 5.24084e-01 Validation accuracy: 5.16000e-01 Loss 1.18828e-02 Time taken: 2.25 seconds 
Epoch: 71/200 Train accuracy: 5.22232e-01 Validation accuracy: 5.07333e-01 Loss 1.18869e-02 Time taken: 2.23 seconds 
Epoch: 72/200 Train accuracy: 5.24726e-01 Validation accuracy: 5.17667e-01 Loss 1.18744e-02 Time taken: 2.07 seconds 
Epoch: 73/200 Train accuracy: 5.25652e-01 Validation accuracy: 5.20333e-01 Loss 1.18641e-02 Time taken: 2.14 seconds 
Epoch: 74/200 Train accuracy: 5.24868e-01 Validation accuracy: 5.19000e-01 Loss 1.18758e-02 Time taken: 2.30 seconds 
Epoch: 75/200 Train accuracy: 5.25367e-01 Validation accuracy: 5.18667e-01 Loss 1.18717e-02 Time taken: 2.32 seconds 
Epoch: 76/200 Train accuracy: 5.21590e-01 Validation accuracy: 5.16000e-01 Loss 1.18853e-02 Time taken: 2.33 seconds 
Epoch: 77/200 Train accuracy: 5.23443e-01 Validation accuracy: 5.12333e-01 Loss 1.18814e-02 Time taken: 2.26 seconds 
Epoch: 78/200 Train accuracy: 5.25509e-01 Validation accuracy: 5.18000e-01 Loss 1.18716e-02 Time taken: 2.22 seconds 
Epoch: 79/200 Train accuracy: 5.22517e-01 Validation accuracy: 5.15667e-01 Loss 1.18775e-02 Time taken: 2.08 seconds 
Epoch: 80/200 Train accuracy: 5.23799e-01 Validation accuracy: 5.23667e-01 Loss 1.18742e-02 Time taken: 2.26 seconds 
Epoch: 81/200 Train accuracy: 5.26507e-01 Validation accuracy: 5.18333e-01 Loss 1.18708e-02 Time taken: 2.27 seconds 
Epoch: 82/200 Train accuracy: 5.28502e-01 Validation accuracy: 5.20333e-01 Loss 1.18690e-02 Time taken: 2.32 seconds 
Epoch: 83/200 Train accuracy: 5.26293e-01 Validation accuracy: 5.19667e-01 Loss 1.18616e-02 Time taken: 2.17 seconds 
Epoch: 84/200 Train accuracy: 5.24939e-01 Validation accuracy: 5.18667e-01 Loss 1.18716e-02 Time taken: 2.07 seconds 
Epoch: 85/200 Train accuracy: 5.27006e-01 Validation accuracy: 5.21000e-01 Loss 1.18638e-02 Time taken: 2.10 seconds 
Epoch: 86/200 Train accuracy: 5.28716e-01 Validation accuracy: 5.23000e-01 Loss 1.18518e-02 Time taken: 2.24 seconds 
Epoch: 87/200 Train accuracy: 5.25723e-01 Validation accuracy: 5.19333e-01 Loss 1.18608e-02 Time taken: 2.17 seconds 
Epoch: 88/200 Train accuracy: 5.25296e-01 Validation accuracy: 5.16667e-01 Loss 1.18637e-02 Time taken: 2.21 seconds 
Epoch: 89/200 Train accuracy: 5.26792e-01 Validation accuracy: 5.16667e-01 Loss 1.18602e-02 Time taken: 2.17 seconds 
Epoch: 90/200 Train accuracy: 5.23942e-01 Validation accuracy: 5.19333e-01 Loss 1.18749e-02 Time taken: 2.06 seconds 
Epoch: 91/200 Train accuracy: 5.27148e-01 Validation accuracy: 5.15667e-01 Loss 1.18577e-02 Time taken: 1.55 seconds 
Epoch: 92/200 Train accuracy: 5.26792e-01 Validation accuracy: 5.15333e-01 Loss 1.18610e-02 Time taken: 1.51 seconds 
Epoch: 93/200 Train accuracy: 5.25367e-01 Validation accuracy: 5.22667e-01 Loss 1.18629e-02 Time taken: 1.50 seconds 
Epoch: 94/200 Train accuracy: 5.23799e-01 Validation accuracy: 5.16000e-01 Loss 1.18635e-02 Time taken: 1.50 seconds 
Epoch: 95/200 Train accuracy: 5.27148e-01 Validation accuracy: 5.19667e-01 Loss 1.18469e-02 Time taken: 1.52 seconds 
Epoch: 96/200 Train accuracy: 5.27291e-01 Validation accuracy: 5.21333e-01 Loss 1.18585e-02 Time taken: 1.50 seconds 
Epoch: 97/200 Train accuracy: 5.27790e-01 Validation accuracy: 5.18000e-01 Loss 1.18518e-02 Time taken: 1.50 seconds 
Epoch: 98/200 Train accuracy: 5.28858e-01 Validation accuracy: 5.23667e-01 Loss 1.18476e-02 Time taken: 1.50 seconds 
Epoch: 99/200 Train accuracy: 5.29714e-01 Validation accuracy: 5.20667e-01 Loss 1.18447e-02 Time taken: 1.51 seconds 
Epoch: 100/200 Train accuracy: 5.29357e-01 Validation accuracy: 5.26333e-01 Loss 1.18338e-02 Time taken: 1.50 seconds 
Epoch: 101/200 Train accuracy: 5.25866e-01 Validation accuracy: 5.18667e-01 Loss 1.18503e-02 Time taken: 1.51 seconds 
Epoch: 102/200 Train accuracy: 5.27291e-01 Validation accuracy: 5.20667e-01 Loss 1.18440e-02 Time taken: 1.51 seconds 
Epoch: 103/200 Train accuracy: 5.25723e-01 Validation accuracy: 5.19000e-01 Loss 1.18548e-02 Time taken: 1.50 seconds 
Epoch: 104/200 Train accuracy: 5.28573e-01 Validation accuracy: 5.19667e-01 Loss 1.18403e-02 Time taken: 1.50 seconds 
Epoch: 105/200 Train accuracy: 5.29856e-01 Validation accuracy: 5.17667e-01 Loss 1.18395e-02 Time taken: 1.51 seconds 
Epoch: 106/200 Train accuracy: 5.27647e-01 Validation accuracy: 5.23333e-01 Loss 1.18488e-02 Time taken: 1.50 seconds 
Epoch: 107/200 Train accuracy: 5.26935e-01 Validation accuracy: 5.19667e-01 Loss 1.18399e-02 Time taken: 1.50 seconds 
Epoch: 108/200 Train accuracy: 5.27362e-01 Validation accuracy: 5.21667e-01 Loss 1.18409e-02 Time taken: 1.50 seconds 
Epoch: 109/200 Train accuracy: 5.28075e-01 Validation accuracy: 5.20333e-01 Loss 1.18353e-02 Time taken: 1.51 seconds 
Epoch: 110/200 Train accuracy: 5.24512e-01 Validation accuracy: 5.21333e-01 Loss 1.18476e-02 Time taken: 1.49 seconds 
Epoch: 111/200 Train accuracy: 5.31210e-01 Validation accuracy: 5.18333e-01 Loss 1.18273e-02 Time taken: 1.51 seconds 
Epoch: 112/200 Train accuracy: 5.27861e-01 Validation accuracy: 5.19667e-01 Loss 1.18371e-02 Time taken: 1.51 seconds 
Epoch: 113/200 Train accuracy: 5.30996e-01 Validation accuracy: 5.22333e-01 Loss 1.18305e-02 Time taken: 1.51 seconds 
Epoch: 114/200 Train accuracy: 5.30355e-01 Validation accuracy: 5.22667e-01 Loss 1.18313e-02 Time taken: 1.50 seconds 
Epoch: 115/200 Train accuracy: 5.31851e-01 Validation accuracy: 5.25000e-01 Loss 1.18276e-02 Time taken: 1.51 seconds 
Epoch: 116/200 Train accuracy: 5.28930e-01 Validation accuracy: 5.25333e-01 Loss 1.18383e-02 Time taken: 1.50 seconds 
Epoch: 117/200 Train accuracy: 5.30711e-01 Validation accuracy: 5.19667e-01 Loss 1.18296e-02 Time taken: 1.51 seconds 
Epoch: 118/200 Train accuracy: 5.31851e-01 Validation accuracy: 5.21667e-01 Loss 1.18168e-02 Time taken: 1.51 seconds 
Epoch: 119/200 Train accuracy: 5.30996e-01 Validation accuracy: 5.19667e-01 Loss 1.18245e-02 Time taken: 1.52 seconds 
Epoch: 120/200 Train accuracy: 5.31067e-01 Validation accuracy: 5.27667e-01 Loss 1.18208e-02 Time taken: 1.50 seconds 
Epoch: 121/200 Train accuracy: 5.28930e-01 Validation accuracy: 5.27667e-01 Loss 1.18252e-02 Time taken: 1.51 seconds 
Epoch: 122/200 Train accuracy: 5.33989e-01 Validation accuracy: 5.21000e-01 Loss 1.18320e-02 Time taken: 1.51 seconds 
Epoch: 123/200 Train accuracy: 5.33846e-01 Validation accuracy: 5.26000e-01 Loss 1.18185e-02 Time taken: 1.52 seconds 
Epoch: 124/200 Train accuracy: 5.34915e-01 Validation accuracy: 5.21333e-01 Loss 1.18149e-02 Time taken: 1.51 seconds 
Epoch: 125/200 Train accuracy: 5.30925e-01 Validation accuracy: 5.21667e-01 Loss 1.18244e-02 Time taken: 1.50 seconds 
Epoch: 126/200 Train accuracy: 5.33419e-01 Validation accuracy: 5.21000e-01 Loss 1.18122e-02 Time taken: 1.50 seconds 
Epoch: 127/200 Train accuracy: 5.28787e-01 Validation accuracy: 5.21333e-01 Loss 1.18298e-02 Time taken: 1.51 seconds 
Epoch: 128/200 Train accuracy: 5.32350e-01 Validation accuracy: 5.26667e-01 Loss 1.18122e-02 Time taken: 1.51 seconds 
Epoch: 129/200 Train accuracy: 5.31851e-01 Validation accuracy: 5.24667e-01 Loss 1.18152e-02 Time taken: 1.51 seconds 
Epoch: 130/200 Train accuracy: 5.30426e-01 Validation accuracy: 5.23667e-01 Loss 1.18217e-02 Time taken: 1.51 seconds 
Epoch: 131/200 Train accuracy: 5.31566e-01 Validation accuracy: 5.26667e-01 Loss 1.18103e-02 Time taken: 1.52 seconds 
Epoch: 132/200 Train accuracy: 5.30284e-01 Validation accuracy: 5.21333e-01 Loss 1.18194e-02 Time taken: 1.51 seconds 
Epoch: 133/200 Train accuracy: 5.30141e-01 Validation accuracy: 5.26333e-01 Loss 1.18273e-02 Time taken: 1.52 seconds 
Epoch: 134/200 Train accuracy: 5.31566e-01 Validation accuracy: 5.20667e-01 Loss 1.18270e-02 Time taken: 1.51 seconds 
Epoch: 135/200 Train accuracy: 5.32136e-01 Validation accuracy: 5.21333e-01 Loss 1.18189e-02 Time taken: 1.52 seconds 
Epoch: 136/200 Train accuracy: 5.34773e-01 Validation accuracy: 5.26333e-01 Loss 1.18096e-02 Time taken: 1.50 seconds 
Epoch: 137/200 Train accuracy: 5.28003e-01 Validation accuracy: 5.25000e-01 Loss 1.18214e-02 Time taken: 1.51 seconds 
Epoch: 138/200 Train accuracy: 5.33490e-01 Validation accuracy: 5.18667e-01 Loss 1.18094e-02 Time taken: 1.50 seconds 
Epoch: 139/200 Train accuracy: 5.34416e-01 Validation accuracy: 5.26333e-01 Loss 1.18005e-02 Time taken: 1.52 seconds 
Epoch: 140/200 Train accuracy: 5.32564e-01 Validation accuracy: 5.23667e-01 Loss 1.18162e-02 Time taken: 1.50 seconds 
Epoch: 141/200 Train accuracy: 5.32706e-01 Validation accuracy: 5.23000e-01 Loss 1.18051e-02 Time taken: 1.51 seconds 
Epoch: 142/200 Train accuracy: 5.34559e-01 Validation accuracy: 5.14000e-01 Loss 1.18015e-02 Time taken: 1.51 seconds 
Epoch: 143/200 Train accuracy: 5.32635e-01 Validation accuracy: 5.22000e-01 Loss 1.18217e-02 Time taken: 1.50 seconds 
Epoch: 144/200 Train accuracy: 5.33134e-01 Validation accuracy: 5.27000e-01 Loss 1.18045e-02 Time taken: 1.52 seconds 
Epoch: 145/200 Train accuracy: 5.34274e-01 Validation accuracy: 5.29000e-01 Loss 1.18112e-02 Time taken: 1.53 seconds 
Epoch: 146/200 Train accuracy: 5.32778e-01 Validation accuracy: 5.26333e-01 Loss 1.18092e-02 Time taken: 1.51 seconds 
Epoch: 147/200 Train accuracy: 5.32279e-01 Validation accuracy: 5.25333e-01 Loss 1.18073e-02 Time taken: 1.52 seconds 
Epoch: 148/200 Train accuracy: 5.35557e-01 Validation accuracy: 5.25667e-01 Loss 1.18018e-02 Time taken: 1.51 seconds 
Epoch: 149/200 Train accuracy: 5.33419e-01 Validation accuracy: 5.23333e-01 Loss 1.18030e-02 Time taken: 1.52 seconds 
Epoch: 150/200 Train accuracy: 5.32350e-01 Validation accuracy: 5.26667e-01 Loss 1.18101e-02 Time taken: 1.50 seconds 
Epoch: 151/200 Train accuracy: 5.33633e-01 Validation accuracy: 5.20667e-01 Loss 1.18111e-02 Time taken: 1.51 seconds 
Epoch: 152/200 Train accuracy: 5.31210e-01 Validation accuracy: 5.22333e-01 Loss 1.18098e-02 Time taken: 1.51 seconds 
Epoch: 153/200 Train accuracy: 5.33348e-01 Validation accuracy: 5.27667e-01 Loss 1.18069e-02 Time taken: 1.51 seconds 
Epoch: 154/200 Train accuracy: 5.33775e-01 Validation accuracy: 5.27000e-01 Loss 1.17977e-02 Time taken: 1.51 seconds 
Epoch: 155/200 Train accuracy: 5.27790e-01 Validation accuracy: 5.26333e-01 Loss 1.18276e-02 Time taken: 1.51 seconds 
Epoch: 156/200 Train accuracy: 5.33561e-01 Validation accuracy: 5.29333e-01 Loss 1.18073e-02 Time taken: 1.51 seconds 
Epoch: 157/200 Train accuracy: 5.33348e-01 Validation accuracy: 5.28667e-01 Loss 1.18139e-02 Time taken: 1.51 seconds 
Epoch: 158/200 Train accuracy: 5.30070e-01 Validation accuracy: 5.26667e-01 Loss 1.18071e-02 Time taken: 1.51 seconds 
Epoch: 159/200 Train accuracy: 5.36554e-01 Validation accuracy: 5.27667e-01 Loss 1.17929e-02 Time taken: 1.52 seconds 
Epoch: 160/200 Train accuracy: 5.33918e-01 Validation accuracy: 5.29000e-01 Loss 1.18071e-02 Time taken: 1.50 seconds 
Epoch: 161/200 Train accuracy: 5.35129e-01 Validation accuracy: 5.20000e-01 Loss 1.17964e-02 Time taken: 1.50 seconds 
Epoch: 162/200 Train accuracy: 5.34844e-01 Validation accuracy: 5.29667e-01 Loss 1.17989e-02 Time taken: 1.51 seconds 
Epoch: 163/200 Train accuracy: 5.31210e-01 Validation accuracy: 5.26667e-01 Loss 1.18096e-02 Time taken: 1.51 seconds 
Epoch: 164/200 Train accuracy: 5.35129e-01 Validation accuracy: 5.26000e-01 Loss 1.17809e-02 Time taken: 1.50 seconds 
Epoch: 165/200 Train accuracy: 5.35628e-01 Validation accuracy: 5.24333e-01 Loss 1.17893e-02 Time taken: 1.51 seconds 
Epoch: 166/200 Train accuracy: 5.33205e-01 Validation accuracy: 5.29667e-01 Loss 1.18036e-02 Time taken: 1.51 seconds 
Epoch: 167/200 Train accuracy: 5.35271e-01 Validation accuracy: 5.28000e-01 Loss 1.17835e-02 Time taken: 1.50 seconds 
Epoch: 168/200 Train accuracy: 5.35699e-01 Validation accuracy: 5.27667e-01 Loss 1.17814e-02 Time taken: 1.51 seconds 
Epoch: 169/200 Train accuracy: 5.35200e-01 Validation accuracy: 5.30667e-01 Loss 1.17894e-02 Time taken: 1.52 seconds 
Epoch: 170/200 Train accuracy: 5.34345e-01 Validation accuracy: 5.32000e-01 Loss 1.17939e-02 Time taken: 1.50 seconds 
Epoch: 171/200 Train accuracy: 5.34131e-01 Validation accuracy: 5.22333e-01 Loss 1.17890e-02 Time taken: 1.51 seconds 
Epoch: 172/200 Train accuracy: 5.33633e-01 Validation accuracy: 5.30333e-01 Loss 1.18036e-02 Time taken: 1.50 seconds 
Epoch: 173/200 Train accuracy: 5.33348e-01 Validation accuracy: 5.24333e-01 Loss 1.17901e-02 Time taken: 1.51 seconds 
Epoch: 174/200 Train accuracy: 5.34915e-01 Validation accuracy: 5.31333e-01 Loss 1.17981e-02 Time taken: 1.51 seconds 
Epoch: 175/200 Train accuracy: 5.37765e-01 Validation accuracy: 5.31000e-01 Loss 1.17861e-02 Time taken: 1.52 seconds 
Epoch: 176/200 Train accuracy: 5.37908e-01 Validation accuracy: 5.31667e-01 Loss 1.17774e-02 Time taken: 1.51 seconds 
Epoch: 177/200 Train accuracy: 5.30854e-01 Validation accuracy: 5.29000e-01 Loss 1.17986e-02 Time taken: 1.51 seconds 
Epoch: 178/200 Train accuracy: 5.36768e-01 Validation accuracy: 5.29000e-01 Loss 1.17866e-02 Time taken: 1.51 seconds 
Epoch: 179/200 Train accuracy: 5.34274e-01 Validation accuracy: 5.26333e-01 Loss 1.17895e-02 Time taken: 1.52 seconds 
Epoch: 180/200 Train accuracy: 5.31281e-01 Validation accuracy: 5.32333e-01 Loss 1.18047e-02 Time taken: 1.51 seconds 
Epoch: 181/200 Train accuracy: 5.38478e-01 Validation accuracy: 5.24667e-01 Loss 1.17777e-02 Time taken: 1.52 seconds 
Epoch: 182/200 Train accuracy: 5.34274e-01 Validation accuracy: 5.30667e-01 Loss 1.17934e-02 Time taken: 1.52 seconds 
Epoch: 183/200 Train accuracy: 5.36554e-01 Validation accuracy: 5.31000e-01 Loss 1.17809e-02 Time taken: 1.51 seconds 
Epoch: 184/200 Train accuracy: 5.34203e-01 Validation accuracy: 5.17667e-01 Loss 1.17930e-02 Time taken: 1.51 seconds 
Epoch: 185/200 Train accuracy: 5.34060e-01 Validation accuracy: 5.24333e-01 Loss 1.18026e-02 Time taken: 1.51 seconds 
Epoch: 186/200 Train accuracy: 5.37552e-01 Validation accuracy: 5.28667e-01 Loss 1.17845e-02 Time taken: 1.52 seconds 
Epoch: 187/200 Train accuracy: 5.36412e-01 Validation accuracy: 5.26000e-01 Loss 1.17885e-02 Time taken: 1.52 seconds 
Epoch: 188/200 Train accuracy: 5.35842e-01 Validation accuracy: 5.27333e-01 Loss 1.17809e-02 Time taken: 1.51 seconds 
Epoch: 189/200 Train accuracy: 5.32564e-01 Validation accuracy: 5.31667e-01 Loss 1.17990e-02 Time taken: 1.52 seconds 
Epoch: 190/200 Train accuracy: 5.37267e-01 Validation accuracy: 5.27667e-01 Loss 1.17748e-02 Time taken: 1.50 seconds 
Epoch: 191/200 Train accuracy: 5.36625e-01 Validation accuracy: 5.28333e-01 Loss 1.17794e-02 Time taken: 1.51 seconds 
Epoch: 192/200 Train accuracy: 5.35770e-01 Validation accuracy: 5.30333e-01 Loss 1.17893e-02 Time taken: 1.50 seconds 
Epoch: 193/200 Train accuracy: 5.33704e-01 Validation accuracy: 5.30333e-01 Loss 1.17907e-02 Time taken: 1.50 seconds 
Epoch: 194/200 Train accuracy: 5.36412e-01 Validation accuracy: 5.30000e-01 Loss 1.17860e-02 Time taken: 1.50 seconds 
Epoch: 195/200 Train accuracy: 5.36055e-01 Validation accuracy: 5.29667e-01 Loss 1.17849e-02 Time taken: 1.51 seconds 
Epoch: 196/200 Train accuracy: 5.33989e-01 Validation accuracy: 5.26333e-01 Loss 1.17847e-02 Time taken: 1.50 seconds 
Epoch: 197/200 Train accuracy: 5.33561e-01 Validation accuracy: 5.29000e-01 Loss 1.17897e-02 Time taken: 1.53 seconds 
Epoch: 198/200 Train accuracy: 5.34488e-01 Validation accuracy: 5.27333e-01 Loss 1.17849e-02 Time taken: 1.51 seconds 
Epoch: 199/200 Train accuracy: 5.36269e-01 Validation accuracy: 5.30333e-01 Loss 1.17776e-02 Time taken: 1.51 seconds 
Epoch: 200/200 Train accuracy: 5.35842e-01 Validation accuracy: 5.27000e-01 Loss 1.17814e-02 Time taken: 1.51 seconds 
Total time taken 0:06:03.751142
Cleaning up intermediate feature (.pt) files
Done


