Directory classifiers/jepa-iic-L2-seed43-classifier-pretrained-vitb-normalized-ep100 for saving the classifiers is now present
VisionTransformer(
  (patch_embed): PatchEmbed(
    (proj): Conv2d(3, 768, kernel_size=(15, 15), stride=(15, 15))
  )
  (blocks): ModuleList(
    (0-11): 12 x Block(
      (norm1): LayerNorm((768,), eps=1e-06, elementwise_affine=True)
      (attn): Attention(
        (qkv): Linear(in_features=768, out_features=2304, bias=True)
        (attn_drop): Dropout(p=0.0, inplace=False)
        (proj): Linear(in_features=768, out_features=768, bias=True)
        (proj_drop): Dropout(p=0.0, inplace=False)
      )
      (drop_path): Identity()
      (norm2): LayerNorm((768,), eps=1e-06, elementwise_affine=True)
      (mlp): MLP(
        (fc1): Linear(in_features=768, out_features=3072, bias=True)
        (act): GELU(approximate='none')
        (fc2): Linear(in_features=3072, out_features=768, bias=True)
        (drop): Dropout(p=0.0, inplace=False)
      )
    )
  )
  (norm): LayerNorm((768,), eps=1e-06, elementwise_affine=True)
)
Extracting features and saving them locally..
Epoch: 1/200 Train accuracy: 2.06570e-01 Validation accuracy: 2.79000e-01 Loss 1.40376e-02 Time taken: 2.32 seconds 
Epoch: 2/200 Train accuracy: 2.68562e-01 Validation accuracy: 2.85333e-01 Loss 1.37077e-02 Time taken: 2.06 seconds 
Epoch: 3/200 Train accuracy: 2.77968e-01 Validation accuracy: 2.85333e-01 Loss 1.36259e-02 Time taken: 2.11 seconds 
Epoch: 4/200 Train accuracy: 2.85735e-01 Validation accuracy: 2.88667e-01 Loss 1.35415e-02 Time taken: 2.25 seconds 
Epoch: 5/200 Train accuracy: 2.84452e-01 Validation accuracy: 3.48000e-01 Loss 1.35353e-02 Time taken: 2.18 seconds 
Epoch: 6/200 Train accuracy: 2.98561e-01 Validation accuracy: 3.32333e-01 Loss 1.34528e-02 Time taken: 2.30 seconds 
Epoch: 7/200 Train accuracy: 3.05472e-01 Validation accuracy: 3.26333e-01 Loss 1.34430e-02 Time taken: 2.23 seconds 
Epoch: 8/200 Train accuracy: 3.05615e-01 Validation accuracy: 3.47333e-01 Loss 1.33889e-02 Time taken: 2.14 seconds 
Epoch: 9/200 Train accuracy: 3.08679e-01 Validation accuracy: 3.41667e-01 Loss 1.33889e-02 Time taken: 2.25 seconds 
Epoch: 10/200 Train accuracy: 3.12740e-01 Validation accuracy: 3.52667e-01 Loss 1.33622e-02 Time taken: 2.22 seconds 
Epoch: 11/200 Train accuracy: 3.18013e-01 Validation accuracy: 3.48667e-01 Loss 1.33318e-02 Time taken: 2.32 seconds 
Epoch: 12/200 Train accuracy: 3.22004e-01 Validation accuracy: 3.40333e-01 Loss 1.33167e-02 Time taken: 2.10 seconds 
Epoch: 13/200 Train accuracy: 3.29628e-01 Validation accuracy: 3.49667e-01 Loss 1.32643e-02 Time taken: 2.27 seconds 
Epoch: 14/200 Train accuracy: 3.27063e-01 Validation accuracy: 3.41333e-01 Loss 1.32808e-02 Time taken: 2.25 seconds 
Epoch: 15/200 Train accuracy: 3.24640e-01 Validation accuracy: 3.70667e-01 Loss 1.32787e-02 Time taken: 2.15 seconds 
Epoch: 16/200 Train accuracy: 3.29486e-01 Validation accuracy: 3.63333e-01 Loss 1.32417e-02 Time taken: 2.21 seconds 
Epoch: 17/200 Train accuracy: 3.37039e-01 Validation accuracy: 3.46333e-01 Loss 1.32294e-02 Time taken: 2.19 seconds 
Epoch: 18/200 Train accuracy: 3.31409e-01 Validation accuracy: 3.35000e-01 Loss 1.32501e-02 Time taken: 2.21 seconds 
Epoch: 19/200 Train accuracy: 3.36326e-01 Validation accuracy: 3.68333e-01 Loss 1.32078e-02 Time taken: 2.10 seconds 
Epoch: 20/200 Train accuracy: 3.34830e-01 Validation accuracy: 3.73667e-01 Loss 1.32026e-02 Time taken: 2.08 seconds 
Epoch: 21/200 Train accuracy: 3.38677e-01 Validation accuracy: 3.73667e-01 Loss 1.32103e-02 Time taken: 2.07 seconds 
Epoch: 22/200 Train accuracy: 3.36041e-01 Validation accuracy: 3.70333e-01 Loss 1.32133e-02 Time taken: 2.11 seconds 
Epoch: 23/200 Train accuracy: 3.38820e-01 Validation accuracy: 3.69000e-01 Loss 1.31999e-02 Time taken: 2.43 seconds 
Epoch: 24/200 Train accuracy: 3.43024e-01 Validation accuracy: 3.83333e-01 Loss 1.31715e-02 Time taken: 2.07 seconds 
Epoch: 25/200 Train accuracy: 3.36754e-01 Validation accuracy: 3.76000e-01 Loss 1.32037e-02 Time taken: 2.11 seconds 
Epoch: 26/200 Train accuracy: 3.40103e-01 Validation accuracy: 3.60333e-01 Loss 1.31858e-02 Time taken: 2.10 seconds 
Epoch: 27/200 Train accuracy: 3.37609e-01 Validation accuracy: 3.53333e-01 Loss 1.31789e-02 Time taken: 2.31 seconds 
Epoch: 28/200 Train accuracy: 3.41456e-01 Validation accuracy: 3.64333e-01 Loss 1.31617e-02 Time taken: 2.29 seconds 
Epoch: 29/200 Train accuracy: 3.46444e-01 Validation accuracy: 3.76667e-01 Loss 1.31463e-02 Time taken: 2.19 seconds 
Epoch: 30/200 Train accuracy: 3.46658e-01 Validation accuracy: 3.75333e-01 Loss 1.31568e-02 Time taken: 2.20 seconds 
Epoch: 31/200 Train accuracy: 3.45874e-01 Validation accuracy: 3.81000e-01 Loss 1.31458e-02 Time taken: 2.44 seconds 
Epoch: 32/200 Train accuracy: 3.44093e-01 Validation accuracy: 3.44000e-01 Loss 1.31426e-02 Time taken: 2.37 seconds 
Epoch: 33/200 Train accuracy: 3.46373e-01 Validation accuracy: 3.81000e-01 Loss 1.31428e-02 Time taken: 2.13 seconds 
Epoch: 34/200 Train accuracy: 3.46801e-01 Validation accuracy: 3.64667e-01 Loss 1.31578e-02 Time taken: 2.13 seconds 
Epoch: 35/200 Train accuracy: 3.53214e-01 Validation accuracy: 3.60333e-01 Loss 1.31065e-02 Time taken: 2.20 seconds 
Epoch: 36/200 Train accuracy: 3.46801e-01 Validation accuracy: 3.62667e-01 Loss 1.31091e-02 Time taken: 2.21 seconds 
Epoch: 37/200 Train accuracy: 3.49223e-01 Validation accuracy: 3.46667e-01 Loss 1.31127e-02 Time taken: 2.19 seconds 
Epoch: 38/200 Train accuracy: 3.53712e-01 Validation accuracy: 3.81667e-01 Loss 1.30978e-02 Time taken: 2.28 seconds 
Epoch: 39/200 Train accuracy: 3.53285e-01 Validation accuracy: 3.70333e-01 Loss 1.31028e-02 Time taken: 2.13 seconds 
Epoch: 40/200 Train accuracy: 3.52430e-01 Validation accuracy: 3.79333e-01 Loss 1.31144e-02 Time taken: 2.07 seconds 
Epoch: 41/200 Train accuracy: 3.55850e-01 Validation accuracy: 3.84000e-01 Loss 1.30889e-02 Time taken: 2.21 seconds 
Epoch: 42/200 Train accuracy: 3.61408e-01 Validation accuracy: 3.75000e-01 Loss 1.30670e-02 Time taken: 2.09 seconds 
Epoch: 43/200 Train accuracy: 3.61337e-01 Validation accuracy: 3.68333e-01 Loss 1.30704e-02 Time taken: 2.33 seconds 
Epoch: 44/200 Train accuracy: 3.51503e-01 Validation accuracy: 3.75000e-01 Loss 1.31040e-02 Time taken: 2.08 seconds 
Epoch: 45/200 Train accuracy: 3.53641e-01 Validation accuracy: 3.86667e-01 Loss 1.30816e-02 Time taken: 2.05 seconds 
Epoch: 46/200 Train accuracy: 3.56563e-01 Validation accuracy: 3.72000e-01 Loss 1.30741e-02 Time taken: 2.08 seconds 
Epoch: 47/200 Train accuracy: 3.56563e-01 Validation accuracy: 3.80667e-01 Loss 1.30848e-02 Time taken: 2.18 seconds 
Epoch: 48/200 Train accuracy: 3.60410e-01 Validation accuracy: 3.88667e-01 Loss 1.30602e-02 Time taken: 2.27 seconds 
Epoch: 49/200 Train accuracy: 3.59199e-01 Validation accuracy: 3.74333e-01 Loss 1.30636e-02 Time taken: 2.15 seconds 
Epoch: 50/200 Train accuracy: 3.60482e-01 Validation accuracy: 3.84000e-01 Loss 1.30640e-02 Time taken: 2.14 seconds 
Epoch: 51/200 Train accuracy: 3.61052e-01 Validation accuracy: 3.81000e-01 Loss 1.30477e-02 Time taken: 2.05 seconds 
Epoch: 52/200 Train accuracy: 3.57061e-01 Validation accuracy: 3.81667e-01 Loss 1.30527e-02 Time taken: 2.31 seconds 
Epoch: 53/200 Train accuracy: 3.63332e-01 Validation accuracy: 3.90000e-01 Loss 1.30509e-02 Time taken: 2.26 seconds 
Epoch: 54/200 Train accuracy: 3.62548e-01 Validation accuracy: 3.85000e-01 Loss 1.30531e-02 Time taken: 2.15 seconds 
Epoch: 55/200 Train accuracy: 3.62334e-01 Validation accuracy: 3.78667e-01 Loss 1.30499e-02 Time taken: 2.25 seconds 
Epoch: 56/200 Train accuracy: 3.63261e-01 Validation accuracy: 3.78667e-01 Loss 1.30285e-02 Time taken: 2.08 seconds 
Epoch: 57/200 Train accuracy: 3.62548e-01 Validation accuracy: 3.82333e-01 Loss 1.30321e-02 Time taken: 2.10 seconds 
Epoch: 58/200 Train accuracy: 3.69531e-01 Validation accuracy: 3.86667e-01 Loss 1.30098e-02 Time taken: 2.11 seconds 
Epoch: 59/200 Train accuracy: 3.65968e-01 Validation accuracy: 3.69333e-01 Loss 1.30158e-02 Time taken: 2.26 seconds 
Epoch: 60/200 Train accuracy: 3.60909e-01 Validation accuracy: 3.76667e-01 Loss 1.30276e-02 Time taken: 2.32 seconds 
Epoch: 61/200 Train accuracy: 3.63189e-01 Validation accuracy: 3.86333e-01 Loss 1.30126e-02 Time taken: 2.22 seconds 
Epoch: 62/200 Train accuracy: 3.71811e-01 Validation accuracy: 3.79333e-01 Loss 1.30054e-02 Time taken: 1.98 seconds 
Epoch: 63/200 Train accuracy: 3.70172e-01 Validation accuracy: 3.88000e-01 Loss 1.29939e-02 Time taken: 1.84 seconds 
Epoch: 64/200 Train accuracy: 3.67607e-01 Validation accuracy: 3.97667e-01 Loss 1.29924e-02 Time taken: 1.68 seconds 
Epoch: 65/200 Train accuracy: 3.66040e-01 Validation accuracy: 3.94333e-01 Loss 1.30170e-02 Time taken: 1.56 seconds 
Epoch: 66/200 Train accuracy: 3.72168e-01 Validation accuracy: 3.91000e-01 Loss 1.29750e-02 Time taken: 1.56 seconds 
Epoch: 67/200 Train accuracy: 3.68462e-01 Validation accuracy: 3.87667e-01 Loss 1.29925e-02 Time taken: 1.56 seconds 
Epoch: 68/200 Train accuracy: 3.71099e-01 Validation accuracy: 3.93333e-01 Loss 1.29717e-02 Time taken: 1.56 seconds 
Epoch: 69/200 Train accuracy: 3.74020e-01 Validation accuracy: 4.00333e-01 Loss 1.29851e-02 Time taken: 1.55 seconds 
Epoch: 70/200 Train accuracy: 3.72738e-01 Validation accuracy: 3.95667e-01 Loss 1.29651e-02 Time taken: 1.56 seconds 
Epoch: 71/200 Train accuracy: 3.73521e-01 Validation accuracy: 3.80333e-01 Loss 1.29723e-02 Time taken: 1.55 seconds 
Epoch: 72/200 Train accuracy: 3.73094e-01 Validation accuracy: 3.77333e-01 Loss 1.29661e-02 Time taken: 1.56 seconds 
Epoch: 73/200 Train accuracy: 3.70814e-01 Validation accuracy: 3.64000e-01 Loss 1.29942e-02 Time taken: 1.58 seconds 
Epoch: 74/200 Train accuracy: 3.70600e-01 Validation accuracy: 3.92000e-01 Loss 1.29622e-02 Time taken: 1.60 seconds 
Epoch: 75/200 Train accuracy: 3.78509e-01 Validation accuracy: 3.81333e-01 Loss 1.29598e-02 Time taken: 1.61 seconds 
Epoch: 76/200 Train accuracy: 3.72168e-01 Validation accuracy: 3.85667e-01 Loss 1.29863e-02 Time taken: 1.69 seconds 
Epoch: 77/200 Train accuracy: 3.75873e-01 Validation accuracy: 3.95333e-01 Loss 1.29760e-02 Time taken: 1.60 seconds 
Epoch: 78/200 Train accuracy: 3.76087e-01 Validation accuracy: 3.82333e-01 Loss 1.29562e-02 Time taken: 1.65 seconds 
Epoch: 79/200 Train accuracy: 3.75873e-01 Validation accuracy: 3.97333e-01 Loss 1.29594e-02 Time taken: 1.59 seconds 
Epoch: 80/200 Train accuracy: 3.75944e-01 Validation accuracy: 3.80000e-01 Loss 1.29584e-02 Time taken: 1.62 seconds 
Epoch: 81/200 Train accuracy: 3.76300e-01 Validation accuracy: 4.00667e-01 Loss 1.29493e-02 Time taken: 1.60 seconds 
Epoch: 82/200 Train accuracy: 3.71455e-01 Validation accuracy: 4.02333e-01 Loss 1.29661e-02 Time taken: 1.61 seconds 
Epoch: 83/200 Train accuracy: 3.72168e-01 Validation accuracy: 4.00000e-01 Loss 1.29706e-02 Time taken: 1.58 seconds 
Epoch: 84/200 Train accuracy: 3.80576e-01 Validation accuracy: 3.77000e-01 Loss 1.29399e-02 Time taken: 1.60 seconds 
Epoch: 85/200 Train accuracy: 3.79364e-01 Validation accuracy: 3.98000e-01 Loss 1.29420e-02 Time taken: 1.67 seconds 
Epoch: 86/200 Train accuracy: 3.75160e-01 Validation accuracy: 3.99667e-01 Loss 1.29680e-02 Time taken: 1.61 seconds 
Epoch: 87/200 Train accuracy: 3.79151e-01 Validation accuracy: 3.96000e-01 Loss 1.29547e-02 Time taken: 1.60 seconds 
Epoch: 88/200 Train accuracy: 3.80362e-01 Validation accuracy: 3.98667e-01 Loss 1.29343e-02 Time taken: 1.66 seconds 
Epoch: 89/200 Train accuracy: 3.75944e-01 Validation accuracy: 3.88000e-01 Loss 1.29476e-02 Time taken: 1.62 seconds 
Epoch: 90/200 Train accuracy: 3.76728e-01 Validation accuracy: 4.00333e-01 Loss 1.29606e-02 Time taken: 1.69 seconds 
Epoch: 91/200 Train accuracy: 3.81787e-01 Validation accuracy: 3.87000e-01 Loss 1.29423e-02 Time taken: 1.60 seconds 
Epoch: 92/200 Train accuracy: 3.79364e-01 Validation accuracy: 3.84667e-01 Loss 1.29265e-02 Time taken: 1.60 seconds 
Epoch: 93/200 Train accuracy: 3.81930e-01 Validation accuracy: 3.96000e-01 Loss 1.29236e-02 Time taken: 1.59 seconds 
Epoch: 94/200 Train accuracy: 3.79578e-01 Validation accuracy: 4.08667e-01 Loss 1.29377e-02 Time taken: 1.61 seconds 
Epoch: 95/200 Train accuracy: 3.81431e-01 Validation accuracy: 3.91667e-01 Loss 1.29338e-02 Time taken: 1.59 seconds 
Epoch: 96/200 Train accuracy: 3.80790e-01 Validation accuracy: 3.99667e-01 Loss 1.29305e-02 Time taken: 1.64 seconds 
Epoch: 97/200 Train accuracy: 3.78866e-01 Validation accuracy: 3.91333e-01 Loss 1.29376e-02 Time taken: 1.61 seconds 
Epoch: 98/200 Train accuracy: 3.78937e-01 Validation accuracy: 3.89333e-01 Loss 1.29314e-02 Time taken: 1.61 seconds 
Epoch: 99/200 Train accuracy: 3.79507e-01 Validation accuracy: 3.87333e-01 Loss 1.29300e-02 Time taken: 1.62 seconds 
Epoch: 100/200 Train accuracy: 3.77939e-01 Validation accuracy: 3.97667e-01 Loss 1.29276e-02 Time taken: 1.61 seconds 
Epoch: 101/200 Train accuracy: 3.78224e-01 Validation accuracy: 3.77000e-01 Loss 1.29280e-02 Time taken: 2.01 seconds 
Epoch: 102/200 Train accuracy: 3.81502e-01 Validation accuracy: 4.10333e-01 Loss 1.29104e-02 Time taken: 1.60 seconds 
Epoch: 103/200 Train accuracy: 3.78224e-01 Validation accuracy: 3.96333e-01 Loss 1.29288e-02 Time taken: 1.70 seconds 
Epoch: 104/200 Train accuracy: 3.81502e-01 Validation accuracy: 3.94000e-01 Loss 1.29244e-02 Time taken: 1.61 seconds 
Epoch: 105/200 Train accuracy: 3.81858e-01 Validation accuracy: 4.11667e-01 Loss 1.29158e-02 Time taken: 1.59 seconds 
Epoch: 106/200 Train accuracy: 3.79507e-01 Validation accuracy: 4.09333e-01 Loss 1.29332e-02 Time taken: 1.63 seconds 
Epoch: 107/200 Train accuracy: 3.83711e-01 Validation accuracy: 3.95667e-01 Loss 1.29048e-02 Time taken: 1.60 seconds 
Epoch: 108/200 Train accuracy: 3.78723e-01 Validation accuracy: 4.07000e-01 Loss 1.29260e-02 Time taken: 1.59 seconds 
Epoch: 109/200 Train accuracy: 3.87416e-01 Validation accuracy: 4.03333e-01 Loss 1.28931e-02 Time taken: 1.63 seconds 
Epoch: 110/200 Train accuracy: 3.80576e-01 Validation accuracy: 3.96333e-01 Loss 1.29290e-02 Time taken: 1.70 seconds 
Epoch: 111/200 Train accuracy: 3.80718e-01 Validation accuracy: 4.01333e-01 Loss 1.29379e-02 Time taken: 1.75 seconds 
Epoch: 112/200 Train accuracy: 3.79008e-01 Validation accuracy: 3.95667e-01 Loss 1.29363e-02 Time taken: 2.17 seconds 
Epoch: 113/200 Train accuracy: 3.85492e-01 Validation accuracy: 3.98333e-01 Loss 1.29163e-02 Time taken: 2.14 seconds 
Epoch: 114/200 Train accuracy: 3.83925e-01 Validation accuracy: 4.07333e-01 Loss 1.28962e-02 Time taken: 2.22 seconds 
Epoch: 115/200 Train accuracy: 3.81217e-01 Validation accuracy: 3.95000e-01 Loss 1.29251e-02 Time taken: 2.23 seconds 
Epoch: 116/200 Train accuracy: 3.83996e-01 Validation accuracy: 4.05333e-01 Loss 1.29273e-02 Time taken: 2.33 seconds 
Epoch: 117/200 Train accuracy: 3.77155e-01 Validation accuracy: 3.94667e-01 Loss 1.29380e-02 Time taken: 2.19 seconds 
Epoch: 118/200 Train accuracy: 3.82286e-01 Validation accuracy: 3.91667e-01 Loss 1.29172e-02 Time taken: 2.23 seconds 
Epoch: 119/200 Train accuracy: 3.83853e-01 Validation accuracy: 3.96667e-01 Loss 1.29007e-02 Time taken: 2.32 seconds 
Epoch: 120/200 Train accuracy: 3.80291e-01 Validation accuracy: 3.89333e-01 Loss 1.29158e-02 Time taken: 2.14 seconds 
Epoch: 121/200 Train accuracy: 3.87559e-01 Validation accuracy: 4.02667e-01 Loss 1.28926e-02 Time taken: 2.43 seconds 
Epoch: 122/200 Train accuracy: 3.80647e-01 Validation accuracy: 3.90333e-01 Loss 1.29079e-02 Time taken: 2.31 seconds 
Epoch: 123/200 Train accuracy: 3.80932e-01 Validation accuracy: 4.06000e-01 Loss 1.29012e-02 Time taken: 2.16 seconds 
Epoch: 124/200 Train accuracy: 3.78509e-01 Validation accuracy: 4.01333e-01 Loss 1.29352e-02 Time taken: 2.03 seconds 
Epoch: 125/200 Train accuracy: 3.85421e-01 Validation accuracy: 3.86000e-01 Loss 1.28981e-02 Time taken: 2.23 seconds 
Epoch: 126/200 Train accuracy: 3.83070e-01 Validation accuracy: 3.90667e-01 Loss 1.29001e-02 Time taken: 2.22 seconds 
Epoch: 127/200 Train accuracy: 3.80219e-01 Validation accuracy: 4.04000e-01 Loss 1.29085e-02 Time taken: 2.34 seconds 
Epoch: 128/200 Train accuracy: 3.84637e-01 Validation accuracy: 4.07000e-01 Loss 1.28867e-02 Time taken: 2.15 seconds 
Epoch: 129/200 Train accuracy: 3.86846e-01 Validation accuracy: 4.05667e-01 Loss 1.28818e-02 Time taken: 2.29 seconds 
Epoch: 130/200 Train accuracy: 3.80861e-01 Validation accuracy: 3.80000e-01 Loss 1.29163e-02 Time taken: 2.25 seconds 
Epoch: 131/200 Train accuracy: 3.88485e-01 Validation accuracy: 4.00667e-01 Loss 1.28961e-02 Time taken: 2.13 seconds 
Epoch: 132/200 Train accuracy: 3.81003e-01 Validation accuracy: 3.99667e-01 Loss 1.29266e-02 Time taken: 2.25 seconds 
Epoch: 133/200 Train accuracy: 3.85920e-01 Validation accuracy: 3.86667e-01 Loss 1.29068e-02 Time taken: 2.32 seconds 
Epoch: 134/200 Train accuracy: 3.82001e-01 Validation accuracy: 3.88000e-01 Loss 1.29239e-02 Time taken: 2.33 seconds 
Epoch: 135/200 Train accuracy: 3.86561e-01 Validation accuracy: 3.92000e-01 Loss 1.28925e-02 Time taken: 2.18 seconds 
Epoch: 136/200 Train accuracy: 3.83283e-01 Validation accuracy: 3.97667e-01 Loss 1.28942e-02 Time taken: 2.23 seconds 
Epoch: 137/200 Train accuracy: 3.85207e-01 Validation accuracy: 4.04667e-01 Loss 1.28928e-02 Time taken: 2.09 seconds 
Epoch: 138/200 Train accuracy: 3.83070e-01 Validation accuracy: 4.09667e-01 Loss 1.28897e-02 Time taken: 2.40 seconds 
Epoch: 139/200 Train accuracy: 3.81003e-01 Validation accuracy: 4.11667e-01 Loss 1.29158e-02 Time taken: 2.13 seconds 
Epoch: 140/200 Train accuracy: 3.83711e-01 Validation accuracy: 4.05000e-01 Loss 1.28958e-02 Time taken: 1.99 seconds 
Epoch: 141/200 Train accuracy: 3.83426e-01 Validation accuracy: 4.05000e-01 Loss 1.29108e-02 Time taken: 2.05 seconds 
Epoch: 142/200 Train accuracy: 3.83782e-01 Validation accuracy: 3.75000e-01 Loss 1.28914e-02 Time taken: 2.10 seconds 
Epoch: 143/200 Train accuracy: 3.82500e-01 Validation accuracy: 3.99667e-01 Loss 1.29002e-02 Time taken: 2.15 seconds 
Epoch: 144/200 Train accuracy: 3.80077e-01 Validation accuracy: 3.94333e-01 Loss 1.29030e-02 Time taken: 2.30 seconds 
Epoch: 145/200 Train accuracy: 3.87986e-01 Validation accuracy: 4.02667e-01 Loss 1.28837e-02 Time taken: 2.09 seconds 
Epoch: 146/200 Train accuracy: 3.84994e-01 Validation accuracy: 3.93667e-01 Loss 1.28858e-02 Time taken: 2.07 seconds 
Epoch: 147/200 Train accuracy: 3.84709e-01 Validation accuracy: 4.08667e-01 Loss 1.28945e-02 Time taken: 2.18 seconds 
Epoch: 148/200 Train accuracy: 3.81431e-01 Validation accuracy: 3.89667e-01 Loss 1.29070e-02 Time taken: 2.30 seconds 
Epoch: 149/200 Train accuracy: 3.83568e-01 Validation accuracy: 4.10000e-01 Loss 1.29007e-02 Time taken: 2.29 seconds 
Epoch: 150/200 Train accuracy: 3.84495e-01 Validation accuracy: 4.06667e-01 Loss 1.28833e-02 Time taken: 2.22 seconds 
Epoch: 151/200 Train accuracy: 3.84780e-01 Validation accuracy: 3.97667e-01 Loss 1.28883e-02 Time taken: 2.16 seconds 
Epoch: 152/200 Train accuracy: 3.83141e-01 Validation accuracy: 4.00000e-01 Loss 1.29101e-02 Time taken: 2.18 seconds 
Epoch: 153/200 Train accuracy: 3.88770e-01 Validation accuracy: 4.01667e-01 Loss 1.28757e-02 Time taken: 2.26 seconds 
Epoch: 154/200 Train accuracy: 3.84281e-01 Validation accuracy: 4.13333e-01 Loss 1.28775e-02 Time taken: 2.38 seconds 
Epoch: 155/200 Train accuracy: 3.87488e-01 Validation accuracy: 4.01333e-01 Loss 1.28792e-02 Time taken: 2.09 seconds 
Epoch: 156/200 Train accuracy: 3.87060e-01 Validation accuracy: 4.06333e-01 Loss 1.28862e-02 Time taken: 2.41 seconds 
Epoch: 157/200 Train accuracy: 3.85065e-01 Validation accuracy: 4.04333e-01 Loss 1.28933e-02 Time taken: 2.27 seconds 
Epoch: 158/200 Train accuracy: 3.81288e-01 Validation accuracy: 4.05000e-01 Loss 1.29114e-02 Time taken: 2.03 seconds 
Epoch: 159/200 Train accuracy: 3.87559e-01 Validation accuracy: 4.02333e-01 Loss 1.28755e-02 Time taken: 2.25 seconds 
Epoch: 160/200 Train accuracy: 3.86276e-01 Validation accuracy: 4.11333e-01 Loss 1.28789e-02 Time taken: 2.20 seconds 
Epoch: 161/200 Train accuracy: 3.84281e-01 Validation accuracy: 3.98667e-01 Loss 1.28884e-02 Time taken: 2.14 seconds 
Epoch: 162/200 Train accuracy: 3.84851e-01 Validation accuracy: 4.02000e-01 Loss 1.28768e-02 Time taken: 2.02 seconds 
Epoch: 163/200 Train accuracy: 3.84424e-01 Validation accuracy: 3.90000e-01 Loss 1.28841e-02 Time taken: 2.09 seconds 
Epoch: 164/200 Train accuracy: 3.84780e-01 Validation accuracy: 3.96333e-01 Loss 1.28864e-02 Time taken: 2.06 seconds 
Epoch: 165/200 Train accuracy: 3.84851e-01 Validation accuracy: 4.06667e-01 Loss 1.28812e-02 Time taken: 2.32 seconds 
Epoch: 166/200 Train accuracy: 3.80718e-01 Validation accuracy: 4.03000e-01 Loss 1.29101e-02 Time taken: 2.33 seconds 
Epoch: 167/200 Train accuracy: 3.85920e-01 Validation accuracy: 3.94333e-01 Loss 1.28678e-02 Time taken: 2.23 seconds 
Epoch: 168/200 Train accuracy: 3.86134e-01 Validation accuracy: 4.02667e-01 Loss 1.28728e-02 Time taken: 2.08 seconds 
Epoch: 169/200 Train accuracy: 3.83355e-01 Validation accuracy: 3.99667e-01 Loss 1.28769e-02 Time taken: 2.36 seconds 
Epoch: 170/200 Train accuracy: 3.90053e-01 Validation accuracy: 3.94667e-01 Loss 1.28582e-02 Time taken: 2.11 seconds 
Epoch: 171/200 Train accuracy: 3.88200e-01 Validation accuracy: 3.79667e-01 Loss 1.28812e-02 Time taken: 2.15 seconds 
Epoch: 172/200 Train accuracy: 3.86347e-01 Validation accuracy: 3.97000e-01 Loss 1.28743e-02 Time taken: 2.10 seconds 
Epoch: 173/200 Train accuracy: 3.83853e-01 Validation accuracy: 4.08000e-01 Loss 1.28970e-02 Time taken: 2.31 seconds 
Epoch: 174/200 Train accuracy: 3.84851e-01 Validation accuracy: 4.08667e-01 Loss 1.28742e-02 Time taken: 2.34 seconds 
Epoch: 175/200 Train accuracy: 3.86846e-01 Validation accuracy: 3.97333e-01 Loss 1.28611e-02 Time taken: 2.38 seconds 
Epoch: 176/200 Train accuracy: 3.85777e-01 Validation accuracy: 4.01333e-01 Loss 1.28842e-02 Time taken: 2.33 seconds 
Epoch: 177/200 Train accuracy: 3.86490e-01 Validation accuracy: 4.01333e-01 Loss 1.28659e-02 Time taken: 2.30 seconds 
Epoch: 178/200 Train accuracy: 3.87488e-01 Validation accuracy: 4.07333e-01 Loss 1.28809e-02 Time taken: 2.16 seconds 
Epoch: 179/200 Train accuracy: 3.88556e-01 Validation accuracy: 4.03667e-01 Loss 1.28601e-02 Time taken: 2.25 seconds 
Epoch: 180/200 Train accuracy: 3.89126e-01 Validation accuracy: 3.95333e-01 Loss 1.28608e-02 Time taken: 2.09 seconds 
Epoch: 181/200 Train accuracy: 3.88200e-01 Validation accuracy: 4.11000e-01 Loss 1.28646e-02 Time taken: 2.12 seconds 
Epoch: 182/200 Train accuracy: 3.89696e-01 Validation accuracy: 4.07333e-01 Loss 1.28778e-02 Time taken: 2.34 seconds 
Epoch: 183/200 Train accuracy: 3.86419e-01 Validation accuracy: 4.03000e-01 Loss 1.28692e-02 Time taken: 2.11 seconds 
Epoch: 184/200 Train accuracy: 3.81787e-01 Validation accuracy: 4.04000e-01 Loss 1.28879e-02 Time taken: 2.15 seconds 
Epoch: 185/200 Train accuracy: 3.86276e-01 Validation accuracy: 4.04000e-01 Loss 1.28678e-02 Time taken: 2.23 seconds 
Epoch: 186/200 Train accuracy: 3.89554e-01 Validation accuracy: 4.06000e-01 Loss 1.28537e-02 Time taken: 2.20 seconds 
Epoch: 187/200 Train accuracy: 3.83355e-01 Validation accuracy: 4.08667e-01 Loss 1.28873e-02 Time taken: 2.47 seconds 
Epoch: 188/200 Train accuracy: 3.88913e-01 Validation accuracy: 3.99000e-01 Loss 1.28700e-02 Time taken: 2.16 seconds 
Epoch: 189/200 Train accuracy: 3.87559e-01 Validation accuracy: 4.04333e-01 Loss 1.28738e-02 Time taken: 2.14 seconds 
Epoch: 190/200 Train accuracy: 3.86134e-01 Validation accuracy: 4.06667e-01 Loss 1.28755e-02 Time taken: 2.20 seconds 
Epoch: 191/200 Train accuracy: 3.85706e-01 Validation accuracy: 4.05333e-01 Loss 1.28763e-02 Time taken: 2.16 seconds 
Epoch: 192/200 Train accuracy: 3.87630e-01 Validation accuracy: 4.02667e-01 Loss 1.28614e-02 Time taken: 2.11 seconds 
Epoch: 193/200 Train accuracy: 3.88699e-01 Validation accuracy: 4.02000e-01 Loss 1.28582e-02 Time taken: 2.23 seconds 
Epoch: 194/200 Train accuracy: 3.91407e-01 Validation accuracy: 4.07667e-01 Loss 1.28555e-02 Time taken: 2.30 seconds 
Epoch: 195/200 Train accuracy: 3.90623e-01 Validation accuracy: 3.95000e-01 Loss 1.28522e-02 Time taken: 2.31 seconds 
Epoch: 196/200 Train accuracy: 3.89198e-01 Validation accuracy: 4.04667e-01 Loss 1.28742e-02 Time taken: 2.12 seconds 
Epoch: 197/200 Train accuracy: 3.92475e-01 Validation accuracy: 3.93000e-01 Loss 1.28466e-02 Time taken: 2.05 seconds 
Epoch: 198/200 Train accuracy: 3.87488e-01 Validation accuracy: 4.05333e-01 Loss 1.28819e-02 Time taken: 2.08 seconds 
Epoch: 199/200 Train accuracy: 3.87773e-01 Validation accuracy: 3.92333e-01 Loss 1.28623e-02 Time taken: 2.17 seconds 
Epoch: 200/200 Train accuracy: 3.89554e-01 Validation accuracy: 4.04667e-01 Loss 1.28558e-02 Time taken: 2.13 seconds 
Total time taken 0:06:55.157965
Cleaning up intermediate feature (.pt) files
Done


working on file logs_PKT_chunks/iic-train-L2-PKT-chunks-scale10e4-seed43/jepa-iic-L2-PKT-chunks-scale10e4-seed43-ep200.pth.tar ...
