Directory classifiers/jepa-iic-L2_PKT-classifier-pretrained-vitb-ep500 is now present
VisionTransformer(
  (patch_embed): PatchEmbed(
    (proj): Conv2d(3, 768, kernel_size=(15, 15), stride=(15, 15))
  )
  (blocks): ModuleList(
    (0-11): 12 x Block(
      (norm1): LayerNorm((768,), eps=1e-06, elementwise_affine=True)
      (attn): Attention(
        (qkv): Linear(in_features=768, out_features=2304, bias=True)
        (attn_drop): Dropout(p=0.0, inplace=False)
        (proj): Linear(in_features=768, out_features=768, bias=True)
        (proj_drop): Dropout(p=0.0, inplace=False)
      )
      (drop_path): Identity()
      (norm2): LayerNorm((768,), eps=1e-06, elementwise_affine=True)
      (mlp): MLP(
        (fc1): Linear(in_features=768, out_features=3072, bias=True)
        (act): GELU(approximate='none')
        (fc2): Linear(in_features=3072, out_features=768, bias=True)
        (drop): Dropout(p=0.0, inplace=False)
      )
    )
  )
  (norm): LayerNorm((768,), eps=1e-06, elementwise_affine=True)
)
Extracting features and saving them locally..
Epoch: 1/200 Train accuracy: 3.96893e-01 Validation accuracy: 6.06000e-01 Loss 1.32109e-02 Time taken: 1 seconds
Epoch: 2/200 Train accuracy: 6.53983e-01 Validation accuracy: 6.74667e-01 Loss 1.17932e-02 Time taken: 1 seconds
Epoch: 3/200 Train accuracy: 6.97378e-01 Validation accuracy: 6.84667e-01 Loss 1.12783e-02 Time taken: 1 seconds
Epoch: 4/200 Train accuracy: 7.11415e-01 Validation accuracy: 6.94667e-01 Loss 1.10206e-02 Time taken: 1 seconds
Epoch: 5/200 Train accuracy: 7.17899e-01 Validation accuracy: 7.06333e-01 Loss 1.08643e-02 Time taken: 1 seconds
Epoch: 6/200 Train accuracy: 7.24740e-01 Validation accuracy: 7.09333e-01 Loss 1.07545e-02 Time taken: 1 seconds
Epoch: 7/200 Train accuracy: 7.28374e-01 Validation accuracy: 7.20333e-01 Loss 1.06741e-02 Time taken: 1 seconds
Epoch: 8/200 Train accuracy: 7.32436e-01 Validation accuracy: 7.21333e-01 Loss 1.06079e-02 Time taken: 1 seconds
Epoch: 9/200 Train accuracy: 7.36070e-01 Validation accuracy: 7.30667e-01 Loss 1.05549e-02 Time taken: 1 seconds
Epoch: 10/200 Train accuracy: 7.38136e-01 Validation accuracy: 7.34333e-01 Loss 1.05124e-02 Time taken: 1 seconds
Epoch: 11/200 Train accuracy: 7.40202e-01 Validation accuracy: 7.35333e-01 Loss 1.04765e-02 Time taken: 1 seconds
Epoch: 12/200 Train accuracy: 7.44335e-01 Validation accuracy: 7.34000e-01 Loss 1.04434e-02 Time taken: 1 seconds
Epoch: 13/200 Train accuracy: 7.45048e-01 Validation accuracy: 7.38667e-01 Loss 1.04156e-02 Time taken: 1 seconds
Epoch: 14/200 Train accuracy: 7.46402e-01 Validation accuracy: 7.40667e-01 Loss 1.03895e-02 Time taken: 1 seconds
Epoch: 15/200 Train accuracy: 7.47043e-01 Validation accuracy: 7.40333e-01 Loss 1.03670e-02 Time taken: 1 seconds
Epoch: 16/200 Train accuracy: 7.48896e-01 Validation accuracy: 7.46000e-01 Loss 1.03490e-02 Time taken: 1 seconds
Epoch: 17/200 Train accuracy: 7.51389e-01 Validation accuracy: 7.41667e-01 Loss 1.03318e-02 Time taken: 1 seconds
Epoch: 18/200 Train accuracy: 7.51033e-01 Validation accuracy: 7.50000e-01 Loss 1.03118e-02 Time taken: 1 seconds
Epoch: 19/200 Train accuracy: 7.51033e-01 Validation accuracy: 7.47667e-01 Loss 1.02976e-02 Time taken: 1 seconds
Epoch: 20/200 Train accuracy: 7.53313e-01 Validation accuracy: 7.45667e-01 Loss 1.02832e-02 Time taken: 1 seconds
Epoch: 21/200 Train accuracy: 7.54738e-01 Validation accuracy: 7.42000e-01 Loss 1.02698e-02 Time taken: 1 seconds
Epoch: 22/200 Train accuracy: 7.55166e-01 Validation accuracy: 7.51000e-01 Loss 1.02580e-02 Time taken: 1 seconds
Epoch: 23/200 Train accuracy: 7.55309e-01 Validation accuracy: 7.46000e-01 Loss 1.02460e-02 Time taken: 1 seconds
Epoch: 24/200 Train accuracy: 7.57802e-01 Validation accuracy: 7.48667e-01 Loss 1.02336e-02 Time taken: 1 seconds
Epoch: 25/200 Train accuracy: 7.58230e-01 Validation accuracy: 7.51667e-01 Loss 1.02260e-02 Time taken: 1 seconds
Epoch: 26/200 Train accuracy: 7.58444e-01 Validation accuracy: 7.53333e-01 Loss 1.02149e-02 Time taken: 1 seconds
Epoch: 27/200 Train accuracy: 7.59798e-01 Validation accuracy: 7.54667e-01 Loss 1.02108e-02 Time taken: 1 seconds
Epoch: 28/200 Train accuracy: 7.62007e-01 Validation accuracy: 7.60667e-01 Loss 1.01967e-02 Time taken: 1 seconds
Epoch: 29/200 Train accuracy: 7.61080e-01 Validation accuracy: 7.60000e-01 Loss 1.01895e-02 Time taken: 1 seconds
Epoch: 30/200 Train accuracy: 7.62648e-01 Validation accuracy: 7.57000e-01 Loss 1.01800e-02 Time taken: 1 seconds
Epoch: 31/200 Train accuracy: 7.62505e-01 Validation accuracy: 7.61000e-01 Loss 1.01727e-02 Time taken: 1 seconds
Epoch: 32/200 Train accuracy: 7.63289e-01 Validation accuracy: 7.56000e-01 Loss 1.01687e-02 Time taken: 1 seconds
Epoch: 33/200 Train accuracy: 7.64500e-01 Validation accuracy: 7.57000e-01 Loss 1.01614e-02 Time taken: 1 seconds
Epoch: 34/200 Train accuracy: 7.65142e-01 Validation accuracy: 7.55667e-01 Loss 1.01489e-02 Time taken: 1 seconds
Epoch: 35/200 Train accuracy: 7.65071e-01 Validation accuracy: 7.59333e-01 Loss 1.01487e-02 Time taken: 1 seconds
Epoch: 36/200 Train accuracy: 7.65569e-01 Validation accuracy: 7.58333e-01 Loss 1.01395e-02 Time taken: 1 seconds
Epoch: 37/200 Train accuracy: 7.67208e-01 Validation accuracy: 7.60000e-01 Loss 1.01331e-02 Time taken: 1 seconds
Epoch: 38/200 Train accuracy: 7.67493e-01 Validation accuracy: 7.58667e-01 Loss 1.01283e-02 Time taken: 1 seconds
Epoch: 39/200 Train accuracy: 7.68776e-01 Validation accuracy: 7.62667e-01 Loss 1.01232e-02 Time taken: 1 seconds
Epoch: 40/200 Train accuracy: 7.68206e-01 Validation accuracy: 7.62667e-01 Loss 1.01161e-02 Time taken: 1 seconds
Epoch: 41/200 Train accuracy: 7.69061e-01 Validation accuracy: 7.60333e-01 Loss 1.01138e-02 Time taken: 1 seconds
Epoch: 42/200 Train accuracy: 7.70343e-01 Validation accuracy: 7.61000e-01 Loss 1.01094e-02 Time taken: 1 seconds
Epoch: 43/200 Train accuracy: 7.70842e-01 Validation accuracy: 7.64667e-01 Loss 1.01060e-02 Time taken: 1 seconds
Epoch: 44/200 Train accuracy: 7.71199e-01 Validation accuracy: 7.61667e-01 Loss 1.01001e-02 Time taken: 1 seconds
Epoch: 45/200 Train accuracy: 7.70201e-01 Validation accuracy: 7.62667e-01 Loss 1.00943e-02 Time taken: 1 seconds
Epoch: 46/200 Train accuracy: 7.70842e-01 Validation accuracy: 7.63333e-01 Loss 1.00907e-02 Time taken: 1 seconds
Epoch: 47/200 Train accuracy: 7.72196e-01 Validation accuracy: 7.63333e-01 Loss 1.00856e-02 Time taken: 1 seconds
Epoch: 48/200 Train accuracy: 7.71270e-01 Validation accuracy: 7.62333e-01 Loss 1.00814e-02 Time taken: 1 seconds
Epoch: 49/200 Train accuracy: 7.70985e-01 Validation accuracy: 7.62667e-01 Loss 1.00827e-02 Time taken: 1 seconds
Epoch: 50/200 Train accuracy: 7.73122e-01 Validation accuracy: 7.63667e-01 Loss 1.00737e-02 Time taken: 1 seconds
Epoch: 51/200 Train accuracy: 7.72481e-01 Validation accuracy: 7.62000e-01 Loss 1.00710e-02 Time taken: 1 seconds
Epoch: 52/200 Train accuracy: 7.73764e-01 Validation accuracy: 7.63000e-01 Loss 1.00669e-02 Time taken: 1 seconds
Epoch: 53/200 Train accuracy: 7.73977e-01 Validation accuracy: 7.64000e-01 Loss 1.00628e-02 Time taken: 1 seconds
Epoch: 54/200 Train accuracy: 7.73122e-01 Validation accuracy: 7.66000e-01 Loss 1.00612e-02 Time taken: 1 seconds
Epoch: 55/200 Train accuracy: 7.74690e-01 Validation accuracy: 7.64667e-01 Loss 1.00563e-02 Time taken: 1 seconds
Epoch: 56/200 Train accuracy: 7.75830e-01 Validation accuracy: 7.63667e-01 Loss 1.00545e-02 Time taken: 1 seconds
Epoch: 57/200 Train accuracy: 7.74761e-01 Validation accuracy: 7.66333e-01 Loss 1.00475e-02 Time taken: 1 seconds
Epoch: 58/200 Train accuracy: 7.76186e-01 Validation accuracy: 7.66667e-01 Loss 1.00468e-02 Time taken: 1 seconds
Epoch: 59/200 Train accuracy: 7.75118e-01 Validation accuracy: 7.63667e-01 Loss 1.00469e-02 Time taken: 1 seconds
Epoch: 60/200 Train accuracy: 7.76970e-01 Validation accuracy: 7.66000e-01 Loss 1.00441e-02 Time taken: 1 seconds
Epoch: 61/200 Train accuracy: 7.76685e-01 Validation accuracy: 7.64667e-01 Loss 1.00390e-02 Time taken: 1 seconds
Epoch: 62/200 Train accuracy: 7.77540e-01 Validation accuracy: 7.66000e-01 Loss 1.00368e-02 Time taken: 1 seconds
Epoch: 63/200 Train accuracy: 7.75403e-01 Validation accuracy: 7.65000e-01 Loss 1.00337e-02 Time taken: 1 seconds
Epoch: 64/200 Train accuracy: 7.78538e-01 Validation accuracy: 7.64667e-01 Loss 1.00313e-02 Time taken: 1 seconds
Epoch: 65/200 Train accuracy: 7.78894e-01 Validation accuracy: 7.66000e-01 Loss 1.00269e-02 Time taken: 1 seconds
Epoch: 66/200 Train accuracy: 7.78110e-01 Validation accuracy: 7.65333e-01 Loss 1.00234e-02 Time taken: 1 seconds
Epoch: 67/200 Train accuracy: 7.76828e-01 Validation accuracy: 7.64667e-01 Loss 1.00238e-02 Time taken: 1 seconds
Epoch: 68/200 Train accuracy: 7.77683e-01 Validation accuracy: 7.67000e-01 Loss 1.00208e-02 Time taken: 1 seconds
Epoch: 69/200 Train accuracy: 7.78253e-01 Validation accuracy: 7.67333e-01 Loss 1.00163e-02 Time taken: 1 seconds
Epoch: 70/200 Train accuracy: 7.77612e-01 Validation accuracy: 7.67333e-01 Loss 1.00170e-02 Time taken: 1 seconds
Epoch: 71/200 Train accuracy: 7.77897e-01 Validation accuracy: 7.69667e-01 Loss 1.00133e-02 Time taken: 1 seconds
Epoch: 72/200 Train accuracy: 7.78467e-01 Validation accuracy: 7.68667e-01 Loss 1.00093e-02 Time taken: 1 seconds
Epoch: 73/200 Train accuracy: 7.78680e-01 Validation accuracy: 7.68333e-01 Loss 1.00080e-02 Time taken: 1 seconds
Epoch: 74/200 Train accuracy: 7.79892e-01 Validation accuracy: 7.65667e-01 Loss 1.00066e-02 Time taken: 1 seconds
Epoch: 75/200 Train accuracy: 7.79037e-01 Validation accuracy: 7.68000e-01 Loss 1.00050e-02 Time taken: 1 seconds
Epoch: 76/200 Train accuracy: 7.79179e-01 Validation accuracy: 7.69000e-01 Loss 1.00050e-02 Time taken: 1 seconds
Epoch: 77/200 Train accuracy: 7.78538e-01 Validation accuracy: 7.71000e-01 Loss 1.00012e-02 Time taken: 1 seconds
Epoch: 78/200 Train accuracy: 7.79963e-01 Validation accuracy: 7.68000e-01 Loss 1.00006e-02 Time taken: 1 seconds
Epoch: 79/200 Train accuracy: 7.80604e-01 Validation accuracy: 7.65333e-01 Loss 9.99851e-03 Time taken: 1 seconds
Epoch: 80/200 Train accuracy: 7.80462e-01 Validation accuracy: 7.70333e-01 Loss 9.99700e-03 Time taken: 1 seconds
Epoch: 81/200 Train accuracy: 7.80747e-01 Validation accuracy: 7.68667e-01 Loss 9.99195e-03 Time taken: 1 seconds
Epoch: 82/200 Train accuracy: 7.81531e-01 Validation accuracy: 7.72000e-01 Loss 9.99084e-03 Time taken: 1 seconds
Epoch: 83/200 Train accuracy: 7.81174e-01 Validation accuracy: 7.69000e-01 Loss 9.98737e-03 Time taken: 1 seconds
Epoch: 84/200 Train accuracy: 7.79678e-01 Validation accuracy: 7.70000e-01 Loss 9.99081e-03 Time taken: 1 seconds
Epoch: 85/200 Train accuracy: 7.81032e-01 Validation accuracy: 7.70000e-01 Loss 9.98555e-03 Time taken: 1 seconds
Epoch: 86/200 Train accuracy: 7.80533e-01 Validation accuracy: 7.67000e-01 Loss 9.98229e-03 Time taken: 1 seconds
Epoch: 87/200 Train accuracy: 7.83169e-01 Validation accuracy: 7.71333e-01 Loss 9.98226e-03 Time taken: 1 seconds
Epoch: 88/200 Train accuracy: 7.81174e-01 Validation accuracy: 7.71000e-01 Loss 9.98269e-03 Time taken: 1 seconds
Epoch: 89/200 Train accuracy: 7.81531e-01 Validation accuracy: 7.70000e-01 Loss 9.97627e-03 Time taken: 1 seconds
Epoch: 90/200 Train accuracy: 7.82101e-01 Validation accuracy: 7.67333e-01 Loss 9.97632e-03 Time taken: 1 seconds
Epoch: 91/200 Train accuracy: 7.81388e-01 Validation accuracy: 7.72000e-01 Loss 9.97516e-03 Time taken: 1 seconds
Epoch: 92/200 Train accuracy: 7.82172e-01 Validation accuracy: 7.74000e-01 Loss 9.97386e-03 Time taken: 1 seconds
Epoch: 93/200 Train accuracy: 7.82457e-01 Validation accuracy: 7.69333e-01 Loss 9.97307e-03 Time taken: 1 seconds
Epoch: 94/200 Train accuracy: 7.83027e-01 Validation accuracy: 7.68667e-01 Loss 9.96973e-03 Time taken: 1 seconds
Epoch: 95/200 Train accuracy: 7.82029e-01 Validation accuracy: 7.72333e-01 Loss 9.96970e-03 Time taken: 1 seconds
Epoch: 96/200 Train accuracy: 7.83597e-01 Validation accuracy: 7.70000e-01 Loss 9.96862e-03 Time taken: 1 seconds
Epoch: 97/200 Train accuracy: 7.81602e-01 Validation accuracy: 7.71667e-01 Loss 9.96676e-03 Time taken: 1 seconds
Epoch: 98/200 Train accuracy: 7.83312e-01 Validation accuracy: 7.70333e-01 Loss 9.96390e-03 Time taken: 1 seconds
Epoch: 99/200 Train accuracy: 7.83027e-01 Validation accuracy: 7.71333e-01 Loss 9.96388e-03 Time taken: 1 seconds
Epoch: 100/200 Train accuracy: 7.84096e-01 Validation accuracy: 7.73000e-01 Loss 9.96483e-03 Time taken: 1 seconds
Epoch: 101/200 Train accuracy: 7.83027e-01 Validation accuracy: 7.74000e-01 Loss 9.95911e-03 Time taken: 1 seconds
Epoch: 102/200 Train accuracy: 7.82101e-01 Validation accuracy: 7.70333e-01 Loss 9.96134e-03 Time taken: 1 seconds
Epoch: 103/200 Train accuracy: 7.83597e-01 Validation accuracy: 7.70333e-01 Loss 9.95752e-03 Time taken: 1 seconds
Epoch: 104/200 Train accuracy: 7.82884e-01 Validation accuracy: 7.70667e-01 Loss 9.95820e-03 Time taken: 1 seconds
Epoch: 105/200 Train accuracy: 7.84025e-01 Validation accuracy: 7.70333e-01 Loss 9.95627e-03 Time taken: 1 seconds
Epoch: 106/200 Train accuracy: 7.84167e-01 Validation accuracy: 7.70000e-01 Loss 9.95510e-03 Time taken: 1 seconds
Epoch: 107/200 Train accuracy: 7.84025e-01 Validation accuracy: 7.74667e-01 Loss 9.95390e-03 Time taken: 1 seconds
Epoch: 108/200 Train accuracy: 7.83811e-01 Validation accuracy: 7.76333e-01 Loss 9.95172e-03 Time taken: 1 seconds
Epoch: 109/200 Train accuracy: 7.83882e-01 Validation accuracy: 7.70000e-01 Loss 9.95287e-03 Time taken: 1 seconds
Epoch: 110/200 Train accuracy: 7.83383e-01 Validation accuracy: 7.73000e-01 Loss 9.95150e-03 Time taken: 1 seconds
Epoch: 111/200 Train accuracy: 7.84880e-01 Validation accuracy: 7.74333e-01 Loss 9.95028e-03 Time taken: 1 seconds
Epoch: 112/200 Train accuracy: 7.84737e-01 Validation accuracy: 7.73667e-01 Loss 9.94580e-03 Time taken: 1 seconds
Epoch: 113/200 Train accuracy: 7.84310e-01 Validation accuracy: 7.75333e-01 Loss 9.94520e-03 Time taken: 1 seconds
Epoch: 114/200 Train accuracy: 7.84666e-01 Validation accuracy: 7.72667e-01 Loss 9.94510e-03 Time taken: 1 seconds
Epoch: 115/200 Train accuracy: 7.83882e-01 Validation accuracy: 7.71667e-01 Loss 9.94502e-03 Time taken: 1 seconds
Epoch: 116/200 Train accuracy: 7.85236e-01 Validation accuracy: 7.73333e-01 Loss 9.94386e-03 Time taken: 1 seconds
Epoch: 117/200 Train accuracy: 7.85877e-01 Validation accuracy: 7.74000e-01 Loss 9.94424e-03 Time taken: 1 seconds
Epoch: 118/200 Train accuracy: 7.86305e-01 Validation accuracy: 7.72333e-01 Loss 9.93774e-03 Time taken: 1 seconds
Epoch: 119/200 Train accuracy: 7.86875e-01 Validation accuracy: 7.70000e-01 Loss 9.94021e-03 Time taken: 1 seconds
Epoch: 120/200 Train accuracy: 7.85450e-01 Validation accuracy: 7.73333e-01 Loss 9.93915e-03 Time taken: 1 seconds
Epoch: 121/200 Train accuracy: 7.86233e-01 Validation accuracy: 7.70333e-01 Loss 9.93607e-03 Time taken: 1 seconds
Epoch: 122/200 Train accuracy: 7.85165e-01 Validation accuracy: 7.74333e-01 Loss 9.93801e-03 Time taken: 1 seconds
Epoch: 123/200 Train accuracy: 7.86803e-01 Validation accuracy: 7.72333e-01 Loss 9.93355e-03 Time taken: 1 seconds
Epoch: 124/200 Train accuracy: 7.86233e-01 Validation accuracy: 7.70667e-01 Loss 9.93443e-03 Time taken: 1 seconds
Epoch: 125/200 Train accuracy: 7.87302e-01 Validation accuracy: 7.73667e-01 Loss 9.93111e-03 Time taken: 1 seconds
Epoch: 126/200 Train accuracy: 7.85948e-01 Validation accuracy: 7.75333e-01 Loss 9.93164e-03 Time taken: 1 seconds
Epoch: 127/200 Train accuracy: 7.86518e-01 Validation accuracy: 7.73333e-01 Loss 9.93144e-03 Time taken: 1 seconds
Epoch: 128/200 Train accuracy: 7.86518e-01 Validation accuracy: 7.74333e-01 Loss 9.93057e-03 Time taken: 1 seconds
Epoch: 129/200 Train accuracy: 7.86091e-01 Validation accuracy: 7.77667e-01 Loss 9.92914e-03 Time taken: 1 seconds
Epoch: 130/200 Train accuracy: 7.86661e-01 Validation accuracy: 7.75667e-01 Loss 9.92660e-03 Time taken: 1 seconds
Epoch: 131/200 Train accuracy: 7.87088e-01 Validation accuracy: 7.71667e-01 Loss 9.92779e-03 Time taken: 1 seconds
Epoch: 132/200 Train accuracy: 7.85663e-01 Validation accuracy: 7.72333e-01 Loss 9.92669e-03 Time taken: 1 seconds
Epoch: 133/200 Train accuracy: 7.86875e-01 Validation accuracy: 7.74333e-01 Loss 9.92523e-03 Time taken: 1 seconds
Epoch: 134/200 Train accuracy: 7.87302e-01 Validation accuracy: 7.74333e-01 Loss 9.92326e-03 Time taken: 1 seconds
Epoch: 135/200 Train accuracy: 7.87374e-01 Validation accuracy: 7.76667e-01 Loss 9.92407e-03 Time taken: 1 seconds
Epoch: 136/200 Train accuracy: 7.88229e-01 Validation accuracy: 7.78333e-01 Loss 9.92272e-03 Time taken: 1 seconds
Epoch: 137/200 Train accuracy: 7.86518e-01 Validation accuracy: 7.76000e-01 Loss 9.91863e-03 Time taken: 1 seconds
Epoch: 138/200 Train accuracy: 7.87374e-01 Validation accuracy: 7.77333e-01 Loss 9.92045e-03 Time taken: 1 seconds
Epoch: 139/200 Train accuracy: 7.87587e-01 Validation accuracy: 7.77667e-01 Loss 9.92233e-03 Time taken: 1 seconds
Epoch: 140/200 Train accuracy: 7.86518e-01 Validation accuracy: 7.77333e-01 Loss 9.91801e-03 Time taken: 1 seconds
Epoch: 141/200 Train accuracy: 7.87445e-01 Validation accuracy: 7.77000e-01 Loss 9.91533e-03 Time taken: 1 seconds
Epoch: 142/200 Train accuracy: 7.87088e-01 Validation accuracy: 7.74667e-01 Loss 9.91727e-03 Time taken: 1 seconds
Epoch: 143/200 Train accuracy: 7.88442e-01 Validation accuracy: 7.75667e-01 Loss 9.91687e-03 Time taken: 1 seconds
Epoch: 144/200 Train accuracy: 7.86803e-01 Validation accuracy: 7.79667e-01 Loss 9.91576e-03 Time taken: 1 seconds
Epoch: 145/200 Train accuracy: 7.88300e-01 Validation accuracy: 7.76000e-01 Loss 9.91500e-03 Time taken: 1 seconds
Epoch: 146/200 Train accuracy: 7.88442e-01 Validation accuracy: 7.76000e-01 Loss 9.91516e-03 Time taken: 1 seconds
Epoch: 147/200 Train accuracy: 7.87872e-01 Validation accuracy: 7.74333e-01 Loss 9.91151e-03 Time taken: 1 seconds
Epoch: 148/200 Train accuracy: 7.88799e-01 Validation accuracy: 7.78000e-01 Loss 9.91301e-03 Time taken: 1 seconds
Epoch: 149/200 Train accuracy: 7.87944e-01 Validation accuracy: 7.76333e-01 Loss 9.90953e-03 Time taken: 1 seconds
Epoch: 150/200 Train accuracy: 7.88941e-01 Validation accuracy: 7.77333e-01 Loss 9.91244e-03 Time taken: 1 seconds
Epoch: 151/200 Train accuracy: 7.88870e-01 Validation accuracy: 7.75333e-01 Loss 9.90955e-03 Time taken: 1 seconds
Epoch: 152/200 Train accuracy: 7.89012e-01 Validation accuracy: 7.75333e-01 Loss 9.90770e-03 Time taken: 1 seconds
Epoch: 153/200 Train accuracy: 7.88941e-01 Validation accuracy: 7.75667e-01 Loss 9.90717e-03 Time taken: 1 seconds
Epoch: 154/200 Train accuracy: 7.88656e-01 Validation accuracy: 7.76333e-01 Loss 9.90752e-03 Time taken: 1 seconds
Epoch: 155/200 Train accuracy: 7.89440e-01 Validation accuracy: 7.78333e-01 Loss 9.90573e-03 Time taken: 1 seconds
Epoch: 156/200 Train accuracy: 7.89084e-01 Validation accuracy: 7.79667e-01 Loss 9.90423e-03 Time taken: 1 seconds
Epoch: 157/200 Train accuracy: 7.87801e-01 Validation accuracy: 7.81333e-01 Loss 9.90458e-03 Time taken: 1 seconds
Epoch: 158/200 Train accuracy: 7.89796e-01 Validation accuracy: 7.79000e-01 Loss 9.90626e-03 Time taken: 1 seconds
Epoch: 159/200 Train accuracy: 7.88941e-01 Validation accuracy: 7.79333e-01 Loss 9.90384e-03 Time taken: 1 seconds
Epoch: 160/200 Train accuracy: 7.90224e-01 Validation accuracy: 7.75667e-01 Loss 9.90067e-03 Time taken: 1 seconds
Epoch: 161/200 Train accuracy: 7.91435e-01 Validation accuracy: 7.78000e-01 Loss 9.90106e-03 Time taken: 1 seconds
Epoch: 162/200 Train accuracy: 7.90651e-01 Validation accuracy: 7.76333e-01 Loss 9.89970e-03 Time taken: 1 seconds
Epoch: 163/200 Train accuracy: 7.89654e-01 Validation accuracy: 7.77000e-01 Loss 9.89921e-03 Time taken: 1 seconds
Epoch: 164/200 Train accuracy: 7.89867e-01 Validation accuracy: 7.78667e-01 Loss 9.90109e-03 Time taken: 1 seconds
Epoch: 165/200 Train accuracy: 7.89440e-01 Validation accuracy: 7.78667e-01 Loss 9.89802e-03 Time taken: 1 seconds
Epoch: 166/200 Train accuracy: 7.89796e-01 Validation accuracy: 7.78000e-01 Loss 9.89798e-03 Time taken: 1 seconds
Epoch: 167/200 Train accuracy: 7.89582e-01 Validation accuracy: 7.80667e-01 Loss 9.89906e-03 Time taken: 1 seconds
Epoch: 168/200 Train accuracy: 7.90580e-01 Validation accuracy: 7.78333e-01 Loss 9.89540e-03 Time taken: 1 seconds
Epoch: 169/200 Train accuracy: 7.90936e-01 Validation accuracy: 7.79667e-01 Loss 9.89874e-03 Time taken: 1 seconds
Epoch: 170/200 Train accuracy: 7.90794e-01 Validation accuracy: 7.82667e-01 Loss 9.89378e-03 Time taken: 1 seconds
Epoch: 171/200 Train accuracy: 7.91293e-01 Validation accuracy: 7.75000e-01 Loss 9.89334e-03 Time taken: 1 seconds
Epoch: 172/200 Train accuracy: 7.91506e-01 Validation accuracy: 7.80333e-01 Loss 9.89364e-03 Time taken: 1 seconds
Epoch: 173/200 Train accuracy: 7.90936e-01 Validation accuracy: 7.79667e-01 Loss 9.89346e-03 Time taken: 1 seconds
Epoch: 174/200 Train accuracy: 7.89440e-01 Validation accuracy: 7.77000e-01 Loss 9.89396e-03 Time taken: 1 seconds
Epoch: 175/200 Train accuracy: 7.89867e-01 Validation accuracy: 7.78667e-01 Loss 9.89426e-03 Time taken: 1 seconds
Epoch: 176/200 Train accuracy: 7.90723e-01 Validation accuracy: 7.80333e-01 Loss 9.88829e-03 Time taken: 1 seconds
Epoch: 177/200 Train accuracy: 7.90865e-01 Validation accuracy: 7.78667e-01 Loss 9.89075e-03 Time taken: 1 seconds
Epoch: 178/200 Train accuracy: 7.90295e-01 Validation accuracy: 7.78000e-01 Loss 9.88935e-03 Time taken: 1 seconds
Epoch: 179/200 Train accuracy: 7.91863e-01 Validation accuracy: 7.83333e-01 Loss 9.88931e-03 Time taken: 1 seconds
Epoch: 180/200 Train accuracy: 7.91150e-01 Validation accuracy: 7.79000e-01 Loss 9.89098e-03 Time taken: 1 seconds
Epoch: 181/200 Train accuracy: 7.91863e-01 Validation accuracy: 7.78000e-01 Loss 9.88757e-03 Time taken: 1 seconds
Epoch: 182/200 Train accuracy: 7.91221e-01 Validation accuracy: 7.80000e-01 Loss 9.88748e-03 Time taken: 1 seconds
Epoch: 183/200 Train accuracy: 7.91364e-01 Validation accuracy: 7.81333e-01 Loss 9.88743e-03 Time taken: 1 seconds
Epoch: 184/200 Train accuracy: 7.93501e-01 Validation accuracy: 7.74333e-01 Loss 9.88371e-03 Time taken: 1 seconds
Epoch: 185/200 Train accuracy: 7.92290e-01 Validation accuracy: 7.79333e-01 Loss 9.88748e-03 Time taken: 1 seconds
Epoch: 186/200 Train accuracy: 7.91720e-01 Validation accuracy: 7.77667e-01 Loss 9.88461e-03 Time taken: 1 seconds
Epoch: 187/200 Train accuracy: 7.91791e-01 Validation accuracy: 7.80000e-01 Loss 9.88376e-03 Time taken: 1 seconds
Epoch: 188/200 Train accuracy: 7.91506e-01 Validation accuracy: 7.81000e-01 Loss 9.88464e-03 Time taken: 1 seconds
Epoch: 189/200 Train accuracy: 7.92504e-01 Validation accuracy: 7.81000e-01 Loss 9.88483e-03 Time taken: 1 seconds
Epoch: 190/200 Train accuracy: 7.92646e-01 Validation accuracy: 7.78333e-01 Loss 9.88085e-03 Time taken: 1 seconds
Epoch: 191/200 Train accuracy: 7.92219e-01 Validation accuracy: 7.78667e-01 Loss 9.88057e-03 Time taken: 1 seconds
Epoch: 192/200 Train accuracy: 7.93430e-01 Validation accuracy: 7.79333e-01 Loss 9.88165e-03 Time taken: 1 seconds
Epoch: 193/200 Train accuracy: 7.93074e-01 Validation accuracy: 7.83000e-01 Loss 9.87775e-03 Time taken: 1 seconds
Epoch: 194/200 Train accuracy: 7.92931e-01 Validation accuracy: 7.77000e-01 Loss 9.88178e-03 Time taken: 1 seconds
Epoch: 195/200 Train accuracy: 7.92005e-01 Validation accuracy: 7.79333e-01 Loss 9.87973e-03 Time taken: 1 seconds
Epoch: 196/200 Train accuracy: 7.93074e-01 Validation accuracy: 7.77667e-01 Loss 9.88081e-03 Time taken: 1 seconds
Epoch: 197/200 Train accuracy: 7.93359e-01 Validation accuracy: 7.78333e-01 Loss 9.87777e-03 Time taken: 1 seconds
Epoch: 198/200 Train accuracy: 7.93074e-01 Validation accuracy: 7.80667e-01 Loss 9.88042e-03 Time taken: 1 seconds
Epoch: 199/200 Train accuracy: 7.93288e-01 Validation accuracy: 7.81000e-01 Loss 9.87548e-03 Time taken: 1 seconds
Epoch: 200/200 Train accuracy: 7.93501e-01 Validation accuracy: 7.78333e-01 Loss 9.87581e-03 Time taken: 1 seconds
Total time taken 0:05:04.591694
Done


