Directory classifiers/jepa-iic-L2_PKT-classifier-pretrained-vitb-ep200 is now present
VisionTransformer(
  (patch_embed): PatchEmbed(
    (proj): Conv2d(3, 768, kernel_size=(15, 15), stride=(15, 15))
  )
  (blocks): ModuleList(
    (0-11): 12 x Block(
      (norm1): LayerNorm((768,), eps=1e-06, elementwise_affine=True)
      (attn): Attention(
        (qkv): Linear(in_features=768, out_features=2304, bias=True)
        (attn_drop): Dropout(p=0.0, inplace=False)
        (proj): Linear(in_features=768, out_features=768, bias=True)
        (proj_drop): Dropout(p=0.0, inplace=False)
      )
      (drop_path): Identity()
      (norm2): LayerNorm((768,), eps=1e-06, elementwise_affine=True)
      (mlp): MLP(
        (fc1): Linear(in_features=768, out_features=3072, bias=True)
        (act): GELU(approximate='none')
        (fc2): Linear(in_features=3072, out_features=768, bias=True)
        (drop): Dropout(p=0.0, inplace=False)
      )
    )
  )
  (norm): LayerNorm((768,), eps=1e-06, elementwise_affine=True)
)
Extracting features and saving them locally..
Epoch: 1/200 Train accuracy: 4.26607e-01 Validation accuracy: 5.12667e-01 Loss 1.30087e-02 Time taken: 1 seconds
Epoch: 2/200 Train accuracy: 5.43323e-01 Validation accuracy: 5.69667e-01 Loss 1.21913e-02 Time taken: 1 seconds
Epoch: 3/200 Train accuracy: 5.88499e-01 Validation accuracy: 6.09667e-01 Loss 1.18108e-02 Time taken: 1 seconds
Epoch: 4/200 Train accuracy: 6.26407e-01 Validation accuracy: 6.22000e-01 Loss 1.15251e-02 Time taken: 1 seconds
Epoch: 5/200 Train accuracy: 6.40943e-01 Validation accuracy: 6.31333e-01 Loss 1.13673e-02 Time taken: 1 seconds
Epoch: 6/200 Train accuracy: 6.46858e-01 Validation accuracy: 6.34667e-01 Loss 1.12695e-02 Time taken: 1 seconds
Epoch: 7/200 Train accuracy: 6.50064e-01 Validation accuracy: 6.37000e-01 Loss 1.11874e-02 Time taken: 1 seconds
Epoch: 8/200 Train accuracy: 6.57190e-01 Validation accuracy: 6.44667e-01 Loss 1.11286e-02 Time taken: 1 seconds
Epoch: 9/200 Train accuracy: 6.59185e-01 Validation accuracy: 6.51000e-01 Loss 1.10820e-02 Time taken: 1 seconds
Epoch: 10/200 Train accuracy: 6.64814e-01 Validation accuracy: 6.53000e-01 Loss 1.10368e-02 Time taken: 1 seconds
Epoch: 11/200 Train accuracy: 6.69161e-01 Validation accuracy: 6.46000e-01 Loss 1.10007e-02 Time taken: 1 seconds
Epoch: 12/200 Train accuracy: 6.70514e-01 Validation accuracy: 6.57000e-01 Loss 1.09707e-02 Time taken: 1 seconds
Epoch: 13/200 Train accuracy: 6.74434e-01 Validation accuracy: 6.57000e-01 Loss 1.09366e-02 Time taken: 1 seconds
Epoch: 14/200 Train accuracy: 6.76001e-01 Validation accuracy: 6.57000e-01 Loss 1.09157e-02 Time taken: 1 seconds
Epoch: 15/200 Train accuracy: 6.78210e-01 Validation accuracy: 6.58000e-01 Loss 1.08931e-02 Time taken: 1 seconds
Epoch: 16/200 Train accuracy: 6.79635e-01 Validation accuracy: 6.61667e-01 Loss 1.08728e-02 Time taken: 1 seconds
Epoch: 17/200 Train accuracy: 6.81844e-01 Validation accuracy: 6.59333e-01 Loss 1.08485e-02 Time taken: 1 seconds
Epoch: 18/200 Train accuracy: 6.83625e-01 Validation accuracy: 6.65333e-01 Loss 1.08323e-02 Time taken: 1 seconds
Epoch: 19/200 Train accuracy: 6.84124e-01 Validation accuracy: 6.63000e-01 Loss 1.08125e-02 Time taken: 1 seconds
Epoch: 20/200 Train accuracy: 6.86689e-01 Validation accuracy: 6.62667e-01 Loss 1.07982e-02 Time taken: 1 seconds
Epoch: 21/200 Train accuracy: 6.87901e-01 Validation accuracy: 6.74333e-01 Loss 1.07849e-02 Time taken: 1 seconds
Epoch: 22/200 Train accuracy: 6.90324e-01 Validation accuracy: 6.73000e-01 Loss 1.07701e-02 Time taken: 1 seconds
Epoch: 23/200 Train accuracy: 6.89682e-01 Validation accuracy: 6.68667e-01 Loss 1.07566e-02 Time taken: 1 seconds
Epoch: 24/200 Train accuracy: 6.92247e-01 Validation accuracy: 6.76000e-01 Loss 1.07470e-02 Time taken: 1 seconds
Epoch: 25/200 Train accuracy: 6.91179e-01 Validation accuracy: 6.73000e-01 Loss 1.07327e-02 Time taken: 1 seconds
Epoch: 26/200 Train accuracy: 6.92390e-01 Validation accuracy: 6.74000e-01 Loss 1.07231e-02 Time taken: 1 seconds
Epoch: 27/200 Train accuracy: 6.95311e-01 Validation accuracy: 6.74667e-01 Loss 1.07122e-02 Time taken: 1 seconds
Epoch: 28/200 Train accuracy: 6.96665e-01 Validation accuracy: 6.78667e-01 Loss 1.07017e-02 Time taken: 1 seconds
Epoch: 29/200 Train accuracy: 6.98019e-01 Validation accuracy: 6.77000e-01 Loss 1.06907e-02 Time taken: 1 seconds
Epoch: 30/200 Train accuracy: 6.97734e-01 Validation accuracy: 6.79333e-01 Loss 1.06805e-02 Time taken: 1 seconds
Epoch: 31/200 Train accuracy: 6.98803e-01 Validation accuracy: 6.78000e-01 Loss 1.06727e-02 Time taken: 1 seconds
Epoch: 32/200 Train accuracy: 7.00014e-01 Validation accuracy: 6.81333e-01 Loss 1.06676e-02 Time taken: 1 seconds
Epoch: 33/200 Train accuracy: 7.02722e-01 Validation accuracy: 6.81000e-01 Loss 1.06556e-02 Time taken: 1 seconds
Epoch: 34/200 Train accuracy: 7.01012e-01 Validation accuracy: 6.82000e-01 Loss 1.06489e-02 Time taken: 1 seconds
Epoch: 35/200 Train accuracy: 7.01297e-01 Validation accuracy: 6.82667e-01 Loss 1.06438e-02 Time taken: 1 seconds
Epoch: 36/200 Train accuracy: 7.03791e-01 Validation accuracy: 6.82000e-01 Loss 1.06349e-02 Time taken: 1 seconds
Epoch: 37/200 Train accuracy: 7.04646e-01 Validation accuracy: 6.83667e-01 Loss 1.06304e-02 Time taken: 1 seconds
Epoch: 38/200 Train accuracy: 7.04290e-01 Validation accuracy: 6.82333e-01 Loss 1.06241e-02 Time taken: 1 seconds
Epoch: 39/200 Train accuracy: 7.04147e-01 Validation accuracy: 6.88667e-01 Loss 1.06144e-02 Time taken: 1 seconds
Epoch: 40/200 Train accuracy: 7.05287e-01 Validation accuracy: 6.86667e-01 Loss 1.06083e-02 Time taken: 1 seconds
Epoch: 41/200 Train accuracy: 7.04646e-01 Validation accuracy: 6.87667e-01 Loss 1.06055e-02 Time taken: 1 seconds
Epoch: 42/200 Train accuracy: 7.08992e-01 Validation accuracy: 6.84333e-01 Loss 1.05965e-02 Time taken: 1 seconds
Epoch: 43/200 Train accuracy: 7.05501e-01 Validation accuracy: 6.88333e-01 Loss 1.05913e-02 Time taken: 1 seconds
Epoch: 44/200 Train accuracy: 7.08280e-01 Validation accuracy: 6.86667e-01 Loss 1.05859e-02 Time taken: 1 seconds
Epoch: 45/200 Train accuracy: 7.08779e-01 Validation accuracy: 6.88333e-01 Loss 1.05824e-02 Time taken: 1 seconds
Epoch: 46/200 Train accuracy: 7.07852e-01 Validation accuracy: 6.87667e-01 Loss 1.05780e-02 Time taken: 1 seconds
Epoch: 47/200 Train accuracy: 7.09562e-01 Validation accuracy: 6.90333e-01 Loss 1.05713e-02 Time taken: 1 seconds
Epoch: 48/200 Train accuracy: 7.11415e-01 Validation accuracy: 6.87000e-01 Loss 1.05671e-02 Time taken: 1 seconds
Epoch: 49/200 Train accuracy: 7.10560e-01 Validation accuracy: 6.91667e-01 Loss 1.05649e-02 Time taken: 1 seconds
Epoch: 50/200 Train accuracy: 7.08850e-01 Validation accuracy: 6.89667e-01 Loss 1.05628e-02 Time taken: 1 seconds
Epoch: 51/200 Train accuracy: 7.12199e-01 Validation accuracy: 6.92000e-01 Loss 1.05511e-02 Time taken: 1 seconds
Epoch: 52/200 Train accuracy: 7.13197e-01 Validation accuracy: 6.85333e-01 Loss 1.05486e-02 Time taken: 1 seconds
Epoch: 53/200 Train accuracy: 7.11130e-01 Validation accuracy: 6.93000e-01 Loss 1.05465e-02 Time taken: 1 seconds
Epoch: 54/200 Train accuracy: 7.13838e-01 Validation accuracy: 6.91000e-01 Loss 1.05403e-02 Time taken: 1 seconds
Epoch: 55/200 Train accuracy: 7.12341e-01 Validation accuracy: 6.91333e-01 Loss 1.05390e-02 Time taken: 1 seconds
Epoch: 56/200 Train accuracy: 7.13695e-01 Validation accuracy: 6.92000e-01 Loss 1.05355e-02 Time taken: 1 seconds
Epoch: 57/200 Train accuracy: 7.15049e-01 Validation accuracy: 6.93667e-01 Loss 1.05341e-02 Time taken: 1 seconds
Epoch: 58/200 Train accuracy: 7.13767e-01 Validation accuracy: 6.92333e-01 Loss 1.05260e-02 Time taken: 1 seconds
Epoch: 59/200 Train accuracy: 7.15263e-01 Validation accuracy: 6.91667e-01 Loss 1.05242e-02 Time taken: 1 seconds
Epoch: 60/200 Train accuracy: 7.15049e-01 Validation accuracy: 6.95667e-01 Loss 1.05236e-02 Time taken: 1 seconds
Epoch: 61/200 Train accuracy: 7.15120e-01 Validation accuracy: 6.94333e-01 Loss 1.05158e-02 Time taken: 1 seconds
Epoch: 62/200 Train accuracy: 7.15619e-01 Validation accuracy: 6.93000e-01 Loss 1.05138e-02 Time taken: 1 seconds
Epoch: 63/200 Train accuracy: 7.16118e-01 Validation accuracy: 6.91333e-01 Loss 1.05126e-02 Time taken: 1 seconds
Epoch: 64/200 Train accuracy: 7.16474e-01 Validation accuracy: 6.96333e-01 Loss 1.05054e-02 Time taken: 1 seconds
Epoch: 65/200 Train accuracy: 7.16261e-01 Validation accuracy: 6.93000e-01 Loss 1.05055e-02 Time taken: 1 seconds
Epoch: 66/200 Train accuracy: 7.15833e-01 Validation accuracy: 6.94333e-01 Loss 1.05001e-02 Time taken: 1 seconds
Epoch: 67/200 Train accuracy: 7.17757e-01 Validation accuracy: 6.95000e-01 Loss 1.04964e-02 Time taken: 1 seconds
Epoch: 68/200 Train accuracy: 7.17472e-01 Validation accuracy: 6.95000e-01 Loss 1.04973e-02 Time taken: 1 seconds
Epoch: 69/200 Train accuracy: 7.18327e-01 Validation accuracy: 6.98000e-01 Loss 1.04940e-02 Time taken: 1 seconds
Epoch: 70/200 Train accuracy: 7.18327e-01 Validation accuracy: 6.97000e-01 Loss 1.04914e-02 Time taken: 1 seconds
Epoch: 71/200 Train accuracy: 7.19467e-01 Validation accuracy: 6.97667e-01 Loss 1.04856e-02 Time taken: 1 seconds
Epoch: 72/200 Train accuracy: 7.18541e-01 Validation accuracy: 6.97667e-01 Loss 1.04866e-02 Time taken: 1 seconds
Epoch: 73/200 Train accuracy: 7.18184e-01 Validation accuracy: 6.96333e-01 Loss 1.04844e-02 Time taken: 1 seconds
Epoch: 74/200 Train accuracy: 7.18754e-01 Validation accuracy: 6.95000e-01 Loss 1.04793e-02 Time taken: 1 seconds
Epoch: 75/200 Train accuracy: 7.18541e-01 Validation accuracy: 6.93667e-01 Loss 1.04754e-02 Time taken: 1 seconds
Epoch: 76/200 Train accuracy: 7.18612e-01 Validation accuracy: 6.97667e-01 Loss 1.04739e-02 Time taken: 1 seconds
Epoch: 77/200 Train accuracy: 7.18968e-01 Validation accuracy: 6.97667e-01 Loss 1.04757e-02 Time taken: 1 seconds
Epoch: 78/200 Train accuracy: 7.19253e-01 Validation accuracy: 6.96333e-01 Loss 1.04738e-02 Time taken: 1 seconds
Epoch: 79/200 Train accuracy: 7.20180e-01 Validation accuracy: 6.94000e-01 Loss 1.04697e-02 Time taken: 1 seconds
Epoch: 80/200 Train accuracy: 7.20108e-01 Validation accuracy: 6.96000e-01 Loss 1.04681e-02 Time taken: 1 seconds
Epoch: 81/200 Train accuracy: 7.21605e-01 Validation accuracy: 6.98333e-01 Loss 1.04662e-02 Time taken: 1 seconds
Epoch: 82/200 Train accuracy: 7.20750e-01 Validation accuracy: 6.96000e-01 Loss 1.04619e-02 Time taken: 1 seconds
Epoch: 83/200 Train accuracy: 7.20963e-01 Validation accuracy: 7.01667e-01 Loss 1.04611e-02 Time taken: 1 seconds
Epoch: 84/200 Train accuracy: 7.22246e-01 Validation accuracy: 6.97333e-01 Loss 1.04564e-02 Time taken: 1 seconds
Epoch: 85/200 Train accuracy: 7.20536e-01 Validation accuracy: 6.96333e-01 Loss 1.04592e-02 Time taken: 1 seconds
Epoch: 86/200 Train accuracy: 7.22816e-01 Validation accuracy: 6.99333e-01 Loss 1.04558e-02 Time taken: 1 seconds
Epoch: 87/200 Train accuracy: 7.20108e-01 Validation accuracy: 6.97000e-01 Loss 1.04559e-02 Time taken: 1 seconds
Epoch: 88/200 Train accuracy: 7.21890e-01 Validation accuracy: 7.00333e-01 Loss 1.04505e-02 Time taken: 1 seconds
Epoch: 89/200 Train accuracy: 7.21177e-01 Validation accuracy: 6.99333e-01 Loss 1.04504e-02 Time taken: 1 seconds
Epoch: 90/200 Train accuracy: 7.21961e-01 Validation accuracy: 6.94333e-01 Loss 1.04515e-02 Time taken: 1 seconds
Epoch: 91/200 Train accuracy: 7.21676e-01 Validation accuracy: 6.97000e-01 Loss 1.04484e-02 Time taken: 1 seconds
Epoch: 92/200 Train accuracy: 7.24241e-01 Validation accuracy: 6.99000e-01 Loss 1.04456e-02 Time taken: 1 seconds
Epoch: 93/200 Train accuracy: 7.23386e-01 Validation accuracy: 7.01333e-01 Loss 1.04402e-02 Time taken: 1 seconds
Epoch: 94/200 Train accuracy: 7.23671e-01 Validation accuracy: 7.00667e-01 Loss 1.04388e-02 Time taken: 1 seconds
Epoch: 95/200 Train accuracy: 7.24099e-01 Validation accuracy: 7.00333e-01 Loss 1.04358e-02 Time taken: 1 seconds
Epoch: 96/200 Train accuracy: 7.23244e-01 Validation accuracy: 7.00333e-01 Loss 1.04410e-02 Time taken: 1 seconds
Epoch: 97/200 Train accuracy: 7.23529e-01 Validation accuracy: 6.99667e-01 Loss 1.04400e-02 Time taken: 1 seconds
Epoch: 98/200 Train accuracy: 7.23885e-01 Validation accuracy: 6.99333e-01 Loss 1.04338e-02 Time taken: 1 seconds
Epoch: 99/200 Train accuracy: 7.25452e-01 Validation accuracy: 7.00000e-01 Loss 1.04314e-02 Time taken: 1 seconds
Epoch: 100/200 Train accuracy: 7.23529e-01 Validation accuracy: 6.97000e-01 Loss 1.04324e-02 Time taken: 1 seconds
Epoch: 101/200 Train accuracy: 7.24954e-01 Validation accuracy: 6.98667e-01 Loss 1.04289e-02 Time taken: 1 seconds
Epoch: 102/200 Train accuracy: 7.24384e-01 Validation accuracy: 6.99667e-01 Loss 1.04252e-02 Time taken: 1 seconds
Epoch: 103/200 Train accuracy: 7.25737e-01 Validation accuracy: 7.00000e-01 Loss 1.04262e-02 Time taken: 1 seconds
Epoch: 104/200 Train accuracy: 7.25809e-01 Validation accuracy: 7.00667e-01 Loss 1.04270e-02 Time taken: 1 seconds
Epoch: 105/200 Train accuracy: 7.24669e-01 Validation accuracy: 7.03000e-01 Loss 1.04242e-02 Time taken: 1 seconds
Epoch: 106/200 Train accuracy: 7.25452e-01 Validation accuracy: 7.06000e-01 Loss 1.04202e-02 Time taken: 1 seconds
Epoch: 107/200 Train accuracy: 7.25167e-01 Validation accuracy: 7.04667e-01 Loss 1.04219e-02 Time taken: 1 seconds
Epoch: 108/200 Train accuracy: 7.24954e-01 Validation accuracy: 7.01333e-01 Loss 1.04182e-02 Time taken: 1 seconds
Epoch: 109/200 Train accuracy: 7.23101e-01 Validation accuracy: 7.00000e-01 Loss 1.04212e-02 Time taken: 1 seconds
Epoch: 110/200 Train accuracy: 7.25737e-01 Validation accuracy: 6.97667e-01 Loss 1.04166e-02 Time taken: 1 seconds
Epoch: 111/200 Train accuracy: 7.24954e-01 Validation accuracy: 6.98333e-01 Loss 1.04160e-02 Time taken: 1 seconds
Epoch: 112/200 Train accuracy: 7.24241e-01 Validation accuracy: 7.00667e-01 Loss 1.04194e-02 Time taken: 1 seconds
Epoch: 113/200 Train accuracy: 7.26308e-01 Validation accuracy: 6.98667e-01 Loss 1.04154e-02 Time taken: 1 seconds
Epoch: 114/200 Train accuracy: 7.25096e-01 Validation accuracy: 6.99667e-01 Loss 1.04127e-02 Time taken: 1 seconds
Epoch: 115/200 Train accuracy: 7.26878e-01 Validation accuracy: 7.00333e-01 Loss 1.04079e-02 Time taken: 1 seconds
Epoch: 116/200 Train accuracy: 7.26593e-01 Validation accuracy: 7.01667e-01 Loss 1.04128e-02 Time taken: 1 seconds
Epoch: 117/200 Train accuracy: 7.28516e-01 Validation accuracy: 6.98667e-01 Loss 1.04075e-02 Time taken: 1 seconds
Epoch: 118/200 Train accuracy: 7.27448e-01 Validation accuracy: 7.03333e-01 Loss 1.04098e-02 Time taken: 1 seconds
Epoch: 119/200 Train accuracy: 7.26450e-01 Validation accuracy: 7.06333e-01 Loss 1.04098e-02 Time taken: 1 seconds
Epoch: 120/200 Train accuracy: 7.27519e-01 Validation accuracy: 6.98667e-01 Loss 1.04048e-02 Time taken: 1 seconds
Epoch: 121/200 Train accuracy: 7.27448e-01 Validation accuracy: 7.01000e-01 Loss 1.04038e-02 Time taken: 1 seconds
Epoch: 122/200 Train accuracy: 7.26806e-01 Validation accuracy: 7.03000e-01 Loss 1.04044e-02 Time taken: 1 seconds
Epoch: 123/200 Train accuracy: 7.28588e-01 Validation accuracy: 7.03000e-01 Loss 1.03997e-02 Time taken: 1 seconds
Epoch: 124/200 Train accuracy: 7.27875e-01 Validation accuracy: 7.02000e-01 Loss 1.04030e-02 Time taken: 1 seconds
Epoch: 125/200 Train accuracy: 7.27519e-01 Validation accuracy: 7.02000e-01 Loss 1.04040e-02 Time taken: 1 seconds
Epoch: 126/200 Train accuracy: 7.28659e-01 Validation accuracy: 7.04333e-01 Loss 1.03961e-02 Time taken: 1 seconds
Epoch: 127/200 Train accuracy: 7.28944e-01 Validation accuracy: 7.01667e-01 Loss 1.03966e-02 Time taken: 1 seconds
Epoch: 128/200 Train accuracy: 7.27590e-01 Validation accuracy: 6.99000e-01 Loss 1.03940e-02 Time taken: 1 seconds
Epoch: 129/200 Train accuracy: 7.28374e-01 Validation accuracy: 7.00333e-01 Loss 1.03957e-02 Time taken: 1 seconds
Epoch: 130/200 Train accuracy: 7.28374e-01 Validation accuracy: 7.01667e-01 Loss 1.03968e-02 Time taken: 1 seconds
Epoch: 131/200 Train accuracy: 7.28374e-01 Validation accuracy: 7.06000e-01 Loss 1.03957e-02 Time taken: 1 seconds
Epoch: 132/200 Train accuracy: 7.30868e-01 Validation accuracy: 7.03333e-01 Loss 1.03938e-02 Time taken: 1 seconds
Epoch: 133/200 Train accuracy: 7.29087e-01 Validation accuracy: 7.04333e-01 Loss 1.03951e-02 Time taken: 1 seconds
Epoch: 134/200 Train accuracy: 7.28516e-01 Validation accuracy: 6.98667e-01 Loss 1.03905e-02 Time taken: 1 seconds
Epoch: 135/200 Train accuracy: 7.28944e-01 Validation accuracy: 7.01333e-01 Loss 1.03926e-02 Time taken: 1 seconds
Epoch: 136/200 Train accuracy: 7.28944e-01 Validation accuracy: 7.05333e-01 Loss 1.03910e-02 Time taken: 1 seconds
Epoch: 137/200 Train accuracy: 7.28303e-01 Validation accuracy: 7.03000e-01 Loss 1.03884e-02 Time taken: 1 seconds
Epoch: 138/200 Train accuracy: 7.29942e-01 Validation accuracy: 7.04333e-01 Loss 1.03838e-02 Time taken: 1 seconds
Epoch: 139/200 Train accuracy: 7.29799e-01 Validation accuracy: 6.98333e-01 Loss 1.03871e-02 Time taken: 1 seconds
Epoch: 140/200 Train accuracy: 7.30440e-01 Validation accuracy: 7.03667e-01 Loss 1.03852e-02 Time taken: 1 seconds
Epoch: 141/200 Train accuracy: 7.30512e-01 Validation accuracy: 7.03333e-01 Loss 1.03861e-02 Time taken: 1 seconds
Epoch: 142/200 Train accuracy: 7.29372e-01 Validation accuracy: 7.06333e-01 Loss 1.03837e-02 Time taken: 1 seconds
Epoch: 143/200 Train accuracy: 7.29229e-01 Validation accuracy: 7.06000e-01 Loss 1.03863e-02 Time taken: 1 seconds
Epoch: 144/200 Train accuracy: 7.30084e-01 Validation accuracy: 7.03667e-01 Loss 1.03809e-02 Time taken: 1 seconds
Epoch: 145/200 Train accuracy: 7.29657e-01 Validation accuracy: 7.04333e-01 Loss 1.03798e-02 Time taken: 1 seconds
Epoch: 146/200 Train accuracy: 7.29870e-01 Validation accuracy: 7.01667e-01 Loss 1.03804e-02 Time taken: 1 seconds
Epoch: 147/200 Train accuracy: 7.28730e-01 Validation accuracy: 7.04000e-01 Loss 1.03765e-02 Time taken: 1 seconds
Epoch: 148/200 Train accuracy: 7.30583e-01 Validation accuracy: 7.02333e-01 Loss 1.03778e-02 Time taken: 1 seconds
Epoch: 149/200 Train accuracy: 7.30725e-01 Validation accuracy: 7.07333e-01 Loss 1.03778e-02 Time taken: 1 seconds
Epoch: 150/200 Train accuracy: 7.28516e-01 Validation accuracy: 7.06333e-01 Loss 1.03809e-02 Time taken: 1 seconds
Epoch: 151/200 Train accuracy: 7.29799e-01 Validation accuracy: 7.06000e-01 Loss 1.03756e-02 Time taken: 1 seconds
Epoch: 152/200 Train accuracy: 7.30654e-01 Validation accuracy: 7.02333e-01 Loss 1.03745e-02 Time taken: 1 seconds
Epoch: 153/200 Train accuracy: 7.30298e-01 Validation accuracy: 7.04000e-01 Loss 1.03728e-02 Time taken: 1 seconds
Epoch: 154/200 Train accuracy: 7.29300e-01 Validation accuracy: 6.98333e-01 Loss 1.03747e-02 Time taken: 1 seconds
Epoch: 155/200 Train accuracy: 7.29728e-01 Validation accuracy: 7.05667e-01 Loss 1.03756e-02 Time taken: 1 seconds
Epoch: 156/200 Train accuracy: 7.31509e-01 Validation accuracy: 7.00667e-01 Loss 1.03702e-02 Time taken: 1 seconds
Epoch: 157/200 Train accuracy: 7.31652e-01 Validation accuracy: 7.06000e-01 Loss 1.03679e-02 Time taken: 1 seconds
Epoch: 158/200 Train accuracy: 7.31438e-01 Validation accuracy: 7.03333e-01 Loss 1.03704e-02 Time taken: 1 seconds
Epoch: 159/200 Train accuracy: 7.28801e-01 Validation accuracy: 7.06000e-01 Loss 1.03700e-02 Time taken: 1 seconds
Epoch: 160/200 Train accuracy: 7.32863e-01 Validation accuracy: 7.04333e-01 Loss 1.03700e-02 Time taken: 1 seconds
Epoch: 161/200 Train accuracy: 7.30583e-01 Validation accuracy: 7.05667e-01 Loss 1.03680e-02 Time taken: 1 seconds
Epoch: 162/200 Train accuracy: 7.29300e-01 Validation accuracy: 7.06333e-01 Loss 1.03698e-02 Time taken: 1 seconds
Epoch: 163/200 Train accuracy: 7.31082e-01 Validation accuracy: 7.03667e-01 Loss 1.03646e-02 Time taken: 1 seconds
Epoch: 164/200 Train accuracy: 7.32079e-01 Validation accuracy: 7.05000e-01 Loss 1.03647e-02 Time taken: 1 seconds
Epoch: 165/200 Train accuracy: 7.29942e-01 Validation accuracy: 7.04333e-01 Loss 1.03636e-02 Time taken: 1 seconds
Epoch: 166/200 Train accuracy: 7.33219e-01 Validation accuracy: 7.03667e-01 Loss 1.03622e-02 Time taken: 1 seconds
Epoch: 167/200 Train accuracy: 7.30440e-01 Validation accuracy: 7.02000e-01 Loss 1.03634e-02 Time taken: 1 seconds
Epoch: 168/200 Train accuracy: 7.31438e-01 Validation accuracy: 7.04667e-01 Loss 1.03634e-02 Time taken: 1 seconds
Epoch: 169/200 Train accuracy: 7.32507e-01 Validation accuracy: 7.02667e-01 Loss 1.03628e-02 Time taken: 1 seconds
Epoch: 170/200 Train accuracy: 7.32578e-01 Validation accuracy: 7.03000e-01 Loss 1.03606e-02 Time taken: 1 seconds
Epoch: 171/200 Train accuracy: 7.30298e-01 Validation accuracy: 7.04000e-01 Loss 1.03613e-02 Time taken: 1 seconds
Epoch: 172/200 Train accuracy: 7.33148e-01 Validation accuracy: 7.06333e-01 Loss 1.03582e-02 Time taken: 1 seconds
Epoch: 173/200 Train accuracy: 7.30227e-01 Validation accuracy: 7.03667e-01 Loss 1.03606e-02 Time taken: 1 seconds
Epoch: 174/200 Train accuracy: 7.31937e-01 Validation accuracy: 7.08000e-01 Loss 1.03630e-02 Time taken: 1 seconds
Epoch: 175/200 Train accuracy: 7.31082e-01 Validation accuracy: 7.02333e-01 Loss 1.03617e-02 Time taken: 1 seconds
Epoch: 176/200 Train accuracy: 7.32222e-01 Validation accuracy: 7.02667e-01 Loss 1.03542e-02 Time taken: 1 seconds
Epoch: 177/200 Train accuracy: 7.31865e-01 Validation accuracy: 7.03333e-01 Loss 1.03605e-02 Time taken: 1 seconds
Epoch: 178/200 Train accuracy: 7.32293e-01 Validation accuracy: 7.08333e-01 Loss 1.03604e-02 Time taken: 1 seconds
Epoch: 179/200 Train accuracy: 7.32293e-01 Validation accuracy: 7.08333e-01 Loss 1.03575e-02 Time taken: 1 seconds
Epoch: 180/200 Train accuracy: 7.30654e-01 Validation accuracy: 7.04000e-01 Loss 1.03618e-02 Time taken: 1 seconds
Epoch: 181/200 Train accuracy: 7.31865e-01 Validation accuracy: 7.00000e-01 Loss 1.03546e-02 Time taken: 1 seconds
Epoch: 182/200 Train accuracy: 7.33219e-01 Validation accuracy: 7.02667e-01 Loss 1.03541e-02 Time taken: 1 seconds
Epoch: 183/200 Train accuracy: 7.30583e-01 Validation accuracy: 7.06667e-01 Loss 1.03543e-02 Time taken: 1 seconds
Epoch: 184/200 Train accuracy: 7.33504e-01 Validation accuracy: 7.05667e-01 Loss 1.03505e-02 Time taken: 1 seconds
Epoch: 185/200 Train accuracy: 7.33219e-01 Validation accuracy: 7.02333e-01 Loss 1.03516e-02 Time taken: 1 seconds
Epoch: 186/200 Train accuracy: 7.33433e-01 Validation accuracy: 7.05667e-01 Loss 1.03508e-02 Time taken: 1 seconds
Epoch: 187/200 Train accuracy: 7.33219e-01 Validation accuracy: 7.07667e-01 Loss 1.03498e-02 Time taken: 1 seconds
Epoch: 188/200 Train accuracy: 7.32364e-01 Validation accuracy: 7.01000e-01 Loss 1.03502e-02 Time taken: 1 seconds
Epoch: 189/200 Train accuracy: 7.32578e-01 Validation accuracy: 7.03000e-01 Loss 1.03520e-02 Time taken: 1 seconds
Epoch: 190/200 Train accuracy: 7.33932e-01 Validation accuracy: 7.05667e-01 Loss 1.03485e-02 Time taken: 1 seconds
Epoch: 191/200 Train accuracy: 7.32293e-01 Validation accuracy: 7.02333e-01 Loss 1.03502e-02 Time taken: 1 seconds
Epoch: 192/200 Train accuracy: 7.32293e-01 Validation accuracy: 7.04333e-01 Loss 1.03522e-02 Time taken: 1 seconds
Epoch: 193/200 Train accuracy: 7.33647e-01 Validation accuracy: 6.98000e-01 Loss 1.03466e-02 Time taken: 1 seconds
Epoch: 194/200 Train accuracy: 7.33077e-01 Validation accuracy: 7.03667e-01 Loss 1.03451e-02 Time taken: 1 seconds
Epoch: 195/200 Train accuracy: 7.32293e-01 Validation accuracy: 7.06667e-01 Loss 1.03470e-02 Time taken: 1 seconds
Epoch: 196/200 Train accuracy: 7.33219e-01 Validation accuracy: 7.05000e-01 Loss 1.03414e-02 Time taken: 1 seconds
Epoch: 197/200 Train accuracy: 7.33647e-01 Validation accuracy: 7.08000e-01 Loss 1.03465e-02 Time taken: 1 seconds
Epoch: 198/200 Train accuracy: 7.32649e-01 Validation accuracy: 7.02000e-01 Loss 1.03474e-02 Time taken: 1 seconds
Epoch: 199/200 Train accuracy: 7.32863e-01 Validation accuracy: 7.09333e-01 Loss 1.03456e-02 Time taken: 1 seconds
Epoch: 200/200 Train accuracy: 7.33291e-01 Validation accuracy: 7.04333e-01 Loss 1.03436e-02 Time taken: 1 seconds
Total time taken 0:05:06.725128
Done


working on file logs_PKT/iic-train-L2_PKT/jepa_iic_L2_PKT-ep300.pth.tar ...
