Directory classifiers/jepa-iic-L2_PKT-classifier-pretrained-vitb-ep400 is now present
VisionTransformer(
  (patch_embed): PatchEmbed(
    (proj): Conv2d(3, 768, kernel_size=(15, 15), stride=(15, 15))
  )
  (blocks): ModuleList(
    (0-11): 12 x Block(
      (norm1): LayerNorm((768,), eps=1e-06, elementwise_affine=True)
      (attn): Attention(
        (qkv): Linear(in_features=768, out_features=2304, bias=True)
        (attn_drop): Dropout(p=0.0, inplace=False)
        (proj): Linear(in_features=768, out_features=768, bias=True)
        (proj_drop): Dropout(p=0.0, inplace=False)
      )
      (drop_path): Identity()
      (norm2): LayerNorm((768,), eps=1e-06, elementwise_affine=True)
      (mlp): MLP(
        (fc1): Linear(in_features=768, out_features=3072, bias=True)
        (act): GELU(approximate='none')
        (fc2): Linear(in_features=3072, out_features=768, bias=True)
        (drop): Dropout(p=0.0, inplace=False)
      )
    )
  )
  (norm): LayerNorm((768,), eps=1e-06, elementwise_affine=True)
)
Extracting features and saving them locally..
Epoch: 1/200 Train accuracy: 4.45062e-01 Validation accuracy: 6.06000e-01 Loss 1.29249e-02 Time taken: 1 seconds
Epoch: 2/200 Train accuracy: 6.49138e-01 Validation accuracy: 6.55667e-01 Loss 1.16992e-02 Time taken: 1 seconds
Epoch: 3/200 Train accuracy: 6.81987e-01 Validation accuracy: 6.73667e-01 Loss 1.12524e-02 Time taken: 1 seconds
Epoch: 4/200 Train accuracy: 6.93459e-01 Validation accuracy: 6.87333e-01 Loss 1.10365e-02 Time taken: 1 seconds
Epoch: 5/200 Train accuracy: 6.99017e-01 Validation accuracy: 6.91000e-01 Loss 1.09062e-02 Time taken: 1 seconds
Epoch: 6/200 Train accuracy: 7.07425e-01 Validation accuracy: 7.04000e-01 Loss 1.08074e-02 Time taken: 1 seconds
Epoch: 7/200 Train accuracy: 7.12626e-01 Validation accuracy: 7.08000e-01 Loss 1.07360e-02 Time taken: 1 seconds
Epoch: 8/200 Train accuracy: 7.16688e-01 Validation accuracy: 7.14000e-01 Loss 1.06814e-02 Time taken: 1 seconds
Epoch: 9/200 Train accuracy: 7.17686e-01 Validation accuracy: 7.10000e-01 Loss 1.06310e-02 Time taken: 1 seconds
Epoch: 10/200 Train accuracy: 7.21961e-01 Validation accuracy: 7.17000e-01 Loss 1.05922e-02 Time taken: 1 seconds
Epoch: 11/200 Train accuracy: 7.24312e-01 Validation accuracy: 7.19667e-01 Loss 1.05580e-02 Time taken: 1 seconds
Epoch: 12/200 Train accuracy: 7.28445e-01 Validation accuracy: 7.21667e-01 Loss 1.05233e-02 Time taken: 1 seconds
Epoch: 13/200 Train accuracy: 7.29585e-01 Validation accuracy: 7.24000e-01 Loss 1.04990e-02 Time taken: 1 seconds
Epoch: 14/200 Train accuracy: 7.31438e-01 Validation accuracy: 7.24333e-01 Loss 1.04730e-02 Time taken: 1 seconds
Epoch: 15/200 Train accuracy: 7.32507e-01 Validation accuracy: 7.31000e-01 Loss 1.04515e-02 Time taken: 1 seconds
Epoch: 16/200 Train accuracy: 7.34573e-01 Validation accuracy: 7.26333e-01 Loss 1.04294e-02 Time taken: 1 seconds
Epoch: 17/200 Train accuracy: 7.35785e-01 Validation accuracy: 7.29333e-01 Loss 1.04164e-02 Time taken: 1 seconds
Epoch: 18/200 Train accuracy: 7.36568e-01 Validation accuracy: 7.31333e-01 Loss 1.03973e-02 Time taken: 1 seconds
Epoch: 19/200 Train accuracy: 7.36497e-01 Validation accuracy: 7.33000e-01 Loss 1.03818e-02 Time taken: 1 seconds
Epoch: 20/200 Train accuracy: 7.39632e-01 Validation accuracy: 7.30000e-01 Loss 1.03682e-02 Time taken: 1 seconds
Epoch: 21/200 Train accuracy: 7.39205e-01 Validation accuracy: 7.32000e-01 Loss 1.03577e-02 Time taken: 1 seconds
Epoch: 22/200 Train accuracy: 7.41129e-01 Validation accuracy: 7.35000e-01 Loss 1.03438e-02 Time taken: 1 seconds
Epoch: 23/200 Train accuracy: 7.42625e-01 Validation accuracy: 7.37000e-01 Loss 1.03323e-02 Time taken: 1 seconds
Epoch: 24/200 Train accuracy: 7.43124e-01 Validation accuracy: 7.39000e-01 Loss 1.03217e-02 Time taken: 1 seconds
Epoch: 25/200 Train accuracy: 7.45262e-01 Validation accuracy: 7.37000e-01 Loss 1.03099e-02 Time taken: 1 seconds
Epoch: 26/200 Train accuracy: 7.47399e-01 Validation accuracy: 7.40000e-01 Loss 1.02991e-02 Time taken: 1 seconds
Epoch: 27/200 Train accuracy: 7.45618e-01 Validation accuracy: 7.39000e-01 Loss 1.02920e-02 Time taken: 1 seconds
Epoch: 28/200 Train accuracy: 7.46117e-01 Validation accuracy: 7.37333e-01 Loss 1.02847e-02 Time taken: 1 seconds
Epoch: 29/200 Train accuracy: 7.48824e-01 Validation accuracy: 7.40333e-01 Loss 1.02775e-02 Time taken: 1 seconds
Epoch: 30/200 Train accuracy: 7.50392e-01 Validation accuracy: 7.46333e-01 Loss 1.02644e-02 Time taken: 1 seconds
Epoch: 31/200 Train accuracy: 7.48967e-01 Validation accuracy: 7.42000e-01 Loss 1.02583e-02 Time taken: 1 seconds
Epoch: 32/200 Train accuracy: 7.51104e-01 Validation accuracy: 7.44000e-01 Loss 1.02532e-02 Time taken: 1 seconds
Epoch: 33/200 Train accuracy: 7.51817e-01 Validation accuracy: 7.42333e-01 Loss 1.02457e-02 Time taken: 1 seconds
Epoch: 34/200 Train accuracy: 7.53171e-01 Validation accuracy: 7.46667e-01 Loss 1.02392e-02 Time taken: 1 seconds
Epoch: 35/200 Train accuracy: 7.52957e-01 Validation accuracy: 7.45333e-01 Loss 1.02310e-02 Time taken: 1 seconds
Epoch: 36/200 Train accuracy: 7.53456e-01 Validation accuracy: 7.46667e-01 Loss 1.02258e-02 Time taken: 1 seconds
Epoch: 37/200 Train accuracy: 7.53670e-01 Validation accuracy: 7.49333e-01 Loss 1.02207e-02 Time taken: 1 seconds
Epoch: 38/200 Train accuracy: 7.54738e-01 Validation accuracy: 7.44667e-01 Loss 1.02142e-02 Time taken: 1 seconds
Epoch: 39/200 Train accuracy: 7.56021e-01 Validation accuracy: 7.51000e-01 Loss 1.02083e-02 Time taken: 1 seconds
Epoch: 40/200 Train accuracy: 7.56734e-01 Validation accuracy: 7.49667e-01 Loss 1.02033e-02 Time taken: 1 seconds
Epoch: 41/200 Train accuracy: 7.56734e-01 Validation accuracy: 7.51000e-01 Loss 1.01978e-02 Time taken: 1 seconds
Epoch: 42/200 Train accuracy: 7.56734e-01 Validation accuracy: 7.45333e-01 Loss 1.01933e-02 Time taken: 1 seconds
Epoch: 43/200 Train accuracy: 7.56947e-01 Validation accuracy: 7.50000e-01 Loss 1.01866e-02 Time taken: 1 seconds
Epoch: 44/200 Train accuracy: 7.60581e-01 Validation accuracy: 7.47667e-01 Loss 1.01830e-02 Time taken: 1 seconds
Epoch: 45/200 Train accuracy: 7.58230e-01 Validation accuracy: 7.53333e-01 Loss 1.01797e-02 Time taken: 1 seconds
Epoch: 46/200 Train accuracy: 7.58373e-01 Validation accuracy: 7.48333e-01 Loss 1.01745e-02 Time taken: 1 seconds
Epoch: 47/200 Train accuracy: 7.59228e-01 Validation accuracy: 7.48667e-01 Loss 1.01686e-02 Time taken: 1 seconds
Epoch: 48/200 Train accuracy: 7.59869e-01 Validation accuracy: 7.52333e-01 Loss 1.01673e-02 Time taken: 1 seconds
Epoch: 49/200 Train accuracy: 7.60724e-01 Validation accuracy: 7.49333e-01 Loss 1.01617e-02 Time taken: 1 seconds
Epoch: 50/200 Train accuracy: 7.62149e-01 Validation accuracy: 7.51000e-01 Loss 1.01581e-02 Time taken: 1 seconds
Epoch: 51/200 Train accuracy: 7.61722e-01 Validation accuracy: 7.56667e-01 Loss 1.01521e-02 Time taken: 1 seconds
Epoch: 52/200 Train accuracy: 7.63004e-01 Validation accuracy: 7.52667e-01 Loss 1.01495e-02 Time taken: 1 seconds
Epoch: 53/200 Train accuracy: 7.63075e-01 Validation accuracy: 7.57000e-01 Loss 1.01457e-02 Time taken: 1 seconds
Epoch: 54/200 Train accuracy: 7.61650e-01 Validation accuracy: 7.49000e-01 Loss 1.01444e-02 Time taken: 1 seconds
Epoch: 55/200 Train accuracy: 7.63717e-01 Validation accuracy: 7.55667e-01 Loss 1.01392e-02 Time taken: 1 seconds
Epoch: 56/200 Train accuracy: 7.63574e-01 Validation accuracy: 7.52333e-01 Loss 1.01379e-02 Time taken: 1 seconds
Epoch: 57/200 Train accuracy: 7.64287e-01 Validation accuracy: 7.54333e-01 Loss 1.01320e-02 Time taken: 1 seconds
Epoch: 58/200 Train accuracy: 7.64144e-01 Validation accuracy: 7.57667e-01 Loss 1.01330e-02 Time taken: 1 seconds
Epoch: 59/200 Train accuracy: 7.64999e-01 Validation accuracy: 7.56667e-01 Loss 1.01281e-02 Time taken: 1 seconds
Epoch: 60/200 Train accuracy: 7.65142e-01 Validation accuracy: 7.54000e-01 Loss 1.01241e-02 Time taken: 1 seconds
Epoch: 61/200 Train accuracy: 7.65356e-01 Validation accuracy: 7.53333e-01 Loss 1.01215e-02 Time taken: 1 seconds
Epoch: 62/200 Train accuracy: 7.65071e-01 Validation accuracy: 7.54000e-01 Loss 1.01198e-02 Time taken: 1 seconds
Epoch: 63/200 Train accuracy: 7.65213e-01 Validation accuracy: 7.58667e-01 Loss 1.01159e-02 Time taken: 1 seconds
Epoch: 64/200 Train accuracy: 7.67850e-01 Validation accuracy: 7.57000e-01 Loss 1.01123e-02 Time taken: 1 seconds
Epoch: 65/200 Train accuracy: 7.67707e-01 Validation accuracy: 7.56000e-01 Loss 1.01103e-02 Time taken: 1 seconds
Epoch: 66/200 Train accuracy: 7.66211e-01 Validation accuracy: 7.57000e-01 Loss 1.01108e-02 Time taken: 1 seconds
Epoch: 67/200 Train accuracy: 7.67564e-01 Validation accuracy: 7.55333e-01 Loss 1.01036e-02 Time taken: 1 seconds
Epoch: 68/200 Train accuracy: 7.67493e-01 Validation accuracy: 7.54333e-01 Loss 1.01005e-02 Time taken: 1 seconds
Epoch: 69/200 Train accuracy: 7.68206e-01 Validation accuracy: 7.57333e-01 Loss 1.00995e-02 Time taken: 1 seconds
Epoch: 70/200 Train accuracy: 7.67351e-01 Validation accuracy: 7.58333e-01 Loss 1.00949e-02 Time taken: 1 seconds
Epoch: 71/200 Train accuracy: 7.68277e-01 Validation accuracy: 7.60000e-01 Loss 1.00944e-02 Time taken: 1 seconds
Epoch: 72/200 Train accuracy: 7.69275e-01 Validation accuracy: 7.60333e-01 Loss 1.00913e-02 Time taken: 1 seconds
Epoch: 73/200 Train accuracy: 7.69346e-01 Validation accuracy: 7.57333e-01 Loss 1.00890e-02 Time taken: 1 seconds
Epoch: 74/200 Train accuracy: 7.68135e-01 Validation accuracy: 7.59333e-01 Loss 1.00857e-02 Time taken: 1 seconds
Epoch: 75/200 Train accuracy: 7.68705e-01 Validation accuracy: 7.58000e-01 Loss 1.00839e-02 Time taken: 1 seconds
Epoch: 76/200 Train accuracy: 7.68206e-01 Validation accuracy: 7.60333e-01 Loss 1.00842e-02 Time taken: 1 seconds
Epoch: 77/200 Train accuracy: 7.72125e-01 Validation accuracy: 7.59333e-01 Loss 1.00814e-02 Time taken: 1 seconds
Epoch: 78/200 Train accuracy: 7.69631e-01 Validation accuracy: 7.58667e-01 Loss 1.00798e-02 Time taken: 1 seconds
Epoch: 79/200 Train accuracy: 7.70058e-01 Validation accuracy: 7.62333e-01 Loss 1.00765e-02 Time taken: 1 seconds
Epoch: 80/200 Train accuracy: 7.68990e-01 Validation accuracy: 7.58333e-01 Loss 1.00772e-02 Time taken: 1 seconds
Epoch: 81/200 Train accuracy: 7.68847e-01 Validation accuracy: 7.59667e-01 Loss 1.00754e-02 Time taken: 1 seconds
Epoch: 82/200 Train accuracy: 7.69773e-01 Validation accuracy: 7.58000e-01 Loss 1.00746e-02 Time taken: 1 seconds
Epoch: 83/200 Train accuracy: 7.70842e-01 Validation accuracy: 7.61000e-01 Loss 1.00693e-02 Time taken: 1 seconds
Epoch: 84/200 Train accuracy: 7.71127e-01 Validation accuracy: 7.63333e-01 Loss 1.00656e-02 Time taken: 1 seconds
Epoch: 85/200 Train accuracy: 7.71270e-01 Validation accuracy: 7.60667e-01 Loss 1.00651e-02 Time taken: 1 seconds
Epoch: 86/200 Train accuracy: 7.71555e-01 Validation accuracy: 7.58667e-01 Loss 1.00643e-02 Time taken: 1 seconds
Epoch: 87/200 Train accuracy: 7.73265e-01 Validation accuracy: 7.62333e-01 Loss 1.00616e-02 Time taken: 1 seconds
Epoch: 88/200 Train accuracy: 7.71769e-01 Validation accuracy: 7.63333e-01 Loss 1.00596e-02 Time taken: 1 seconds
Epoch: 89/200 Train accuracy: 7.72837e-01 Validation accuracy: 7.62667e-01 Loss 1.00587e-02 Time taken: 1 seconds
Epoch: 90/200 Train accuracy: 7.72624e-01 Validation accuracy: 7.61667e-01 Loss 1.00576e-02 Time taken: 1 seconds
Epoch: 91/200 Train accuracy: 7.72552e-01 Validation accuracy: 7.61667e-01 Loss 1.00518e-02 Time taken: 1 seconds
Epoch: 92/200 Train accuracy: 7.72410e-01 Validation accuracy: 7.60667e-01 Loss 1.00538e-02 Time taken: 1 seconds
Epoch: 93/200 Train accuracy: 7.73407e-01 Validation accuracy: 7.62333e-01 Loss 1.00499e-02 Time taken: 1 seconds
Epoch: 94/200 Train accuracy: 7.72766e-01 Validation accuracy: 7.63000e-01 Loss 1.00481e-02 Time taken: 1 seconds
Epoch: 95/200 Train accuracy: 7.73692e-01 Validation accuracy: 7.60333e-01 Loss 1.00472e-02 Time taken: 1 seconds
Epoch: 96/200 Train accuracy: 7.72196e-01 Validation accuracy: 7.61000e-01 Loss 1.00478e-02 Time taken: 1 seconds
Epoch: 97/200 Train accuracy: 7.73479e-01 Validation accuracy: 7.63000e-01 Loss 1.00453e-02 Time taken: 1 seconds
Epoch: 98/200 Train accuracy: 7.72980e-01 Validation accuracy: 7.65000e-01 Loss 1.00430e-02 Time taken: 1 seconds
Epoch: 99/200 Train accuracy: 7.74405e-01 Validation accuracy: 7.59667e-01 Loss 1.00406e-02 Time taken: 1 seconds
Epoch: 100/200 Train accuracy: 7.73621e-01 Validation accuracy: 7.62000e-01 Loss 1.00406e-02 Time taken: 1 seconds
Epoch: 101/200 Train accuracy: 7.74049e-01 Validation accuracy: 7.66000e-01 Loss 1.00384e-02 Time taken: 1 seconds
Epoch: 102/200 Train accuracy: 7.72980e-01 Validation accuracy: 7.63333e-01 Loss 1.00380e-02 Time taken: 1 seconds
Epoch: 103/200 Train accuracy: 7.74690e-01 Validation accuracy: 7.66667e-01 Loss 1.00375e-02 Time taken: 1 seconds
Epoch: 104/200 Train accuracy: 7.72624e-01 Validation accuracy: 7.67667e-01 Loss 1.00353e-02 Time taken: 1 seconds
Epoch: 105/200 Train accuracy: 7.73764e-01 Validation accuracy: 7.64000e-01 Loss 1.00322e-02 Time taken: 1 seconds
Epoch: 106/200 Train accuracy: 7.74263e-01 Validation accuracy: 7.61000e-01 Loss 1.00309e-02 Time taken: 1 seconds
Epoch: 107/200 Train accuracy: 7.73977e-01 Validation accuracy: 7.63667e-01 Loss 1.00324e-02 Time taken: 1 seconds
Epoch: 108/200 Train accuracy: 7.75759e-01 Validation accuracy: 7.64667e-01 Loss 1.00288e-02 Time taken: 1 seconds
Epoch: 109/200 Train accuracy: 7.75260e-01 Validation accuracy: 7.63667e-01 Loss 1.00296e-02 Time taken: 1 seconds
Epoch: 110/200 Train accuracy: 7.75474e-01 Validation accuracy: 7.63667e-01 Loss 1.00265e-02 Time taken: 1 seconds
Epoch: 111/200 Train accuracy: 7.76828e-01 Validation accuracy: 7.66333e-01 Loss 1.00267e-02 Time taken: 1 seconds
Epoch: 112/200 Train accuracy: 7.75759e-01 Validation accuracy: 7.63000e-01 Loss 1.00236e-02 Time taken: 1 seconds
Epoch: 113/200 Train accuracy: 7.77469e-01 Validation accuracy: 7.60333e-01 Loss 1.00219e-02 Time taken: 1 seconds
Epoch: 114/200 Train accuracy: 7.75260e-01 Validation accuracy: 7.64667e-01 Loss 1.00206e-02 Time taken: 1 seconds
Epoch: 115/200 Train accuracy: 7.77683e-01 Validation accuracy: 7.64667e-01 Loss 1.00224e-02 Time taken: 1 seconds
Epoch: 116/200 Train accuracy: 7.75759e-01 Validation accuracy: 7.63000e-01 Loss 1.00193e-02 Time taken: 1 seconds
Epoch: 117/200 Train accuracy: 7.77041e-01 Validation accuracy: 7.59333e-01 Loss 1.00184e-02 Time taken: 1 seconds
Epoch: 118/200 Train accuracy: 7.77469e-01 Validation accuracy: 7.65000e-01 Loss 1.00200e-02 Time taken: 1 seconds
Epoch: 119/200 Train accuracy: 7.77041e-01 Validation accuracy: 7.63000e-01 Loss 1.00170e-02 Time taken: 1 seconds
Epoch: 120/200 Train accuracy: 7.79250e-01 Validation accuracy: 7.67000e-01 Loss 1.00151e-02 Time taken: 1 seconds
Epoch: 121/200 Train accuracy: 7.77326e-01 Validation accuracy: 7.66667e-01 Loss 1.00137e-02 Time taken: 1 seconds
Epoch: 122/200 Train accuracy: 7.76258e-01 Validation accuracy: 7.69000e-01 Loss 1.00125e-02 Time taken: 1 seconds
Epoch: 123/200 Train accuracy: 7.77683e-01 Validation accuracy: 7.64333e-01 Loss 1.00070e-02 Time taken: 1 seconds
Epoch: 124/200 Train accuracy: 7.77469e-01 Validation accuracy: 7.64667e-01 Loss 1.00063e-02 Time taken: 1 seconds
Epoch: 125/200 Train accuracy: 7.77469e-01 Validation accuracy: 7.61333e-01 Loss 1.00108e-02 Time taken: 1 seconds
Epoch: 126/200 Train accuracy: 7.76970e-01 Validation accuracy: 7.65000e-01 Loss 1.00059e-02 Time taken: 1 seconds
Epoch: 127/200 Train accuracy: 7.77113e-01 Validation accuracy: 7.61333e-01 Loss 1.00068e-02 Time taken: 1 seconds
Epoch: 128/200 Train accuracy: 7.78253e-01 Validation accuracy: 7.66667e-01 Loss 1.00069e-02 Time taken: 1 seconds
Epoch: 129/200 Train accuracy: 7.79393e-01 Validation accuracy: 7.68333e-01 Loss 1.00018e-02 Time taken: 1 seconds
Epoch: 130/200 Train accuracy: 7.78894e-01 Validation accuracy: 7.68333e-01 Loss 1.00042e-02 Time taken: 1 seconds
Epoch: 131/200 Train accuracy: 7.78823e-01 Validation accuracy: 7.65000e-01 Loss 1.00036e-02 Time taken: 1 seconds
Epoch: 132/200 Train accuracy: 7.78324e-01 Validation accuracy: 7.61000e-01 Loss 1.00023e-02 Time taken: 1 seconds
Epoch: 133/200 Train accuracy: 7.78110e-01 Validation accuracy: 7.67667e-01 Loss 9.99963e-03 Time taken: 1 seconds
Epoch: 134/200 Train accuracy: 7.79607e-01 Validation accuracy: 7.62333e-01 Loss 1.00021e-02 Time taken: 1 seconds
Epoch: 135/200 Train accuracy: 7.79037e-01 Validation accuracy: 7.67000e-01 Loss 9.99685e-03 Time taken: 1 seconds
Epoch: 136/200 Train accuracy: 7.79393e-01 Validation accuracy: 7.65667e-01 Loss 9.99976e-03 Time taken: 1 seconds
Epoch: 137/200 Train accuracy: 7.78965e-01 Validation accuracy: 7.68333e-01 Loss 9.99605e-03 Time taken: 1 seconds
Epoch: 138/200 Train accuracy: 7.78182e-01 Validation accuracy: 7.70333e-01 Loss 9.99435e-03 Time taken: 1 seconds
Epoch: 139/200 Train accuracy: 7.78609e-01 Validation accuracy: 7.65333e-01 Loss 9.99398e-03 Time taken: 1 seconds
Epoch: 140/200 Train accuracy: 7.78395e-01 Validation accuracy: 7.65333e-01 Loss 9.99415e-03 Time taken: 1 seconds
Epoch: 141/200 Train accuracy: 7.79250e-01 Validation accuracy: 7.68667e-01 Loss 9.99043e-03 Time taken: 1 seconds
Epoch: 142/200 Train accuracy: 7.80319e-01 Validation accuracy: 7.66667e-01 Loss 9.98811e-03 Time taken: 1 seconds
Epoch: 143/200 Train accuracy: 7.80604e-01 Validation accuracy: 7.69000e-01 Loss 9.98841e-03 Time taken: 1 seconds
Epoch: 144/200 Train accuracy: 7.79393e-01 Validation accuracy: 7.66667e-01 Loss 9.99055e-03 Time taken: 1 seconds
Epoch: 145/200 Train accuracy: 7.78823e-01 Validation accuracy: 7.65000e-01 Loss 9.98881e-03 Time taken: 1 seconds
Epoch: 146/200 Train accuracy: 7.80248e-01 Validation accuracy: 7.67000e-01 Loss 9.98967e-03 Time taken: 1 seconds
Epoch: 147/200 Train accuracy: 7.80604e-01 Validation accuracy: 7.67000e-01 Loss 9.98899e-03 Time taken: 1 seconds
Epoch: 148/200 Train accuracy: 7.80889e-01 Validation accuracy: 7.68667e-01 Loss 9.98794e-03 Time taken: 1 seconds
Epoch: 149/200 Train accuracy: 7.78680e-01 Validation accuracy: 7.67000e-01 Loss 9.98534e-03 Time taken: 1 seconds
Epoch: 150/200 Train accuracy: 7.80177e-01 Validation accuracy: 7.65000e-01 Loss 9.98591e-03 Time taken: 1 seconds
Epoch: 151/200 Train accuracy: 7.80747e-01 Validation accuracy: 7.66667e-01 Loss 9.98206e-03 Time taken: 1 seconds
Epoch: 152/200 Train accuracy: 7.81531e-01 Validation accuracy: 7.69333e-01 Loss 9.98269e-03 Time taken: 1 seconds
Epoch: 153/200 Train accuracy: 7.81174e-01 Validation accuracy: 7.63667e-01 Loss 9.98158e-03 Time taken: 1 seconds
Epoch: 154/200 Train accuracy: 7.80533e-01 Validation accuracy: 7.67000e-01 Loss 9.98017e-03 Time taken: 1 seconds
Epoch: 155/200 Train accuracy: 7.79749e-01 Validation accuracy: 7.69667e-01 Loss 9.98107e-03 Time taken: 1 seconds
Epoch: 156/200 Train accuracy: 7.81816e-01 Validation accuracy: 7.67333e-01 Loss 9.98021e-03 Time taken: 1 seconds
Epoch: 157/200 Train accuracy: 7.80604e-01 Validation accuracy: 7.67333e-01 Loss 9.97874e-03 Time taken: 1 seconds
Epoch: 158/200 Train accuracy: 7.80889e-01 Validation accuracy: 7.64333e-01 Loss 9.97868e-03 Time taken: 1 seconds
Epoch: 159/200 Train accuracy: 7.81246e-01 Validation accuracy: 7.67000e-01 Loss 9.97630e-03 Time taken: 1 seconds
Epoch: 160/200 Train accuracy: 7.79963e-01 Validation accuracy: 7.69667e-01 Loss 9.97756e-03 Time taken: 1 seconds
Epoch: 161/200 Train accuracy: 7.81816e-01 Validation accuracy: 7.69000e-01 Loss 9.97597e-03 Time taken: 1 seconds
Epoch: 162/200 Train accuracy: 7.82172e-01 Validation accuracy: 7.67333e-01 Loss 9.97358e-03 Time taken: 1 seconds
Epoch: 163/200 Train accuracy: 7.83098e-01 Validation accuracy: 7.69000e-01 Loss 9.97470e-03 Time taken: 1 seconds
Epoch: 164/200 Train accuracy: 7.80248e-01 Validation accuracy: 7.70000e-01 Loss 9.97354e-03 Time taken: 1 seconds
Epoch: 165/200 Train accuracy: 7.81816e-01 Validation accuracy: 7.67667e-01 Loss 9.97071e-03 Time taken: 1 seconds
Epoch: 166/200 Train accuracy: 7.81174e-01 Validation accuracy: 7.66000e-01 Loss 9.97157e-03 Time taken: 1 seconds
Epoch: 167/200 Train accuracy: 7.80747e-01 Validation accuracy: 7.67333e-01 Loss 9.97035e-03 Time taken: 1 seconds
Epoch: 168/200 Train accuracy: 7.81174e-01 Validation accuracy: 7.65667e-01 Loss 9.96855e-03 Time taken: 1 seconds
Epoch: 169/200 Train accuracy: 7.81673e-01 Validation accuracy: 7.66333e-01 Loss 9.97163e-03 Time taken: 1 seconds
Epoch: 170/200 Train accuracy: 7.82172e-01 Validation accuracy: 7.69667e-01 Loss 9.96931e-03 Time taken: 1 seconds
Epoch: 171/200 Train accuracy: 7.80604e-01 Validation accuracy: 7.67667e-01 Loss 9.96827e-03 Time taken: 1 seconds
Epoch: 172/200 Train accuracy: 7.80889e-01 Validation accuracy: 7.68667e-01 Loss 9.96794e-03 Time taken: 1 seconds
Epoch: 173/200 Train accuracy: 7.81531e-01 Validation accuracy: 7.68333e-01 Loss 9.96513e-03 Time taken: 1 seconds
Epoch: 174/200 Train accuracy: 7.81317e-01 Validation accuracy: 7.67667e-01 Loss 9.96724e-03 Time taken: 1 seconds
Epoch: 175/200 Train accuracy: 7.81816e-01 Validation accuracy: 7.67333e-01 Loss 9.96411e-03 Time taken: 1 seconds
Epoch: 176/200 Train accuracy: 7.82528e-01 Validation accuracy: 7.70000e-01 Loss 9.96383e-03 Time taken: 1 seconds
Epoch: 177/200 Train accuracy: 7.82599e-01 Validation accuracy: 7.63333e-01 Loss 9.96135e-03 Time taken: 1 seconds
Epoch: 178/200 Train accuracy: 7.81744e-01 Validation accuracy: 7.68667e-01 Loss 9.96236e-03 Time taken: 1 seconds
Epoch: 179/200 Train accuracy: 7.83241e-01 Validation accuracy: 7.67333e-01 Loss 9.96295e-03 Time taken: 1 seconds
Epoch: 180/200 Train accuracy: 7.82457e-01 Validation accuracy: 7.65667e-01 Loss 9.96060e-03 Time taken: 1 seconds
Epoch: 181/200 Train accuracy: 7.82671e-01 Validation accuracy: 7.70333e-01 Loss 9.96132e-03 Time taken: 1 seconds
Epoch: 182/200 Train accuracy: 7.82386e-01 Validation accuracy: 7.68000e-01 Loss 9.96016e-03 Time taken: 1 seconds
Epoch: 183/200 Train accuracy: 7.84523e-01 Validation accuracy: 7.68333e-01 Loss 9.96014e-03 Time taken: 1 seconds
Epoch: 184/200 Train accuracy: 7.82884e-01 Validation accuracy: 7.67667e-01 Loss 9.95969e-03 Time taken: 1 seconds
Epoch: 185/200 Train accuracy: 7.83027e-01 Validation accuracy: 7.64667e-01 Loss 9.96169e-03 Time taken: 1 seconds
Epoch: 186/200 Train accuracy: 7.82884e-01 Validation accuracy: 7.66333e-01 Loss 9.95727e-03 Time taken: 1 seconds
Epoch: 187/200 Train accuracy: 7.84381e-01 Validation accuracy: 7.70000e-01 Loss 9.95542e-03 Time taken: 1 seconds
Epoch: 188/200 Train accuracy: 7.83169e-01 Validation accuracy: 7.69333e-01 Loss 9.95791e-03 Time taken: 1 seconds
Epoch: 189/200 Train accuracy: 7.83739e-01 Validation accuracy: 7.68000e-01 Loss 9.95445e-03 Time taken: 1 seconds
Epoch: 190/200 Train accuracy: 7.83241e-01 Validation accuracy: 7.70333e-01 Loss 9.95738e-03 Time taken: 1 seconds
Epoch: 191/200 Train accuracy: 7.83241e-01 Validation accuracy: 7.69000e-01 Loss 9.95726e-03 Time taken: 1 seconds
Epoch: 192/200 Train accuracy: 7.84381e-01 Validation accuracy: 7.67667e-01 Loss 9.95262e-03 Time taken: 1 seconds
Epoch: 193/200 Train accuracy: 7.84238e-01 Validation accuracy: 7.69667e-01 Loss 9.95367e-03 Time taken: 1 seconds
Epoch: 194/200 Train accuracy: 7.83454e-01 Validation accuracy: 7.67667e-01 Loss 9.95214e-03 Time taken: 1 seconds
Epoch: 195/200 Train accuracy: 7.85165e-01 Validation accuracy: 7.69333e-01 Loss 9.94818e-03 Time taken: 1 seconds
Epoch: 196/200 Train accuracy: 7.84595e-01 Validation accuracy: 7.67000e-01 Loss 9.94949e-03 Time taken: 1 seconds
Epoch: 197/200 Train accuracy: 7.85165e-01 Validation accuracy: 7.69667e-01 Loss 9.94892e-03 Time taken: 1 seconds
Epoch: 198/200 Train accuracy: 7.85022e-01 Validation accuracy: 7.67667e-01 Loss 9.94957e-03 Time taken: 1 seconds
Epoch: 199/200 Train accuracy: 7.84523e-01 Validation accuracy: 7.67667e-01 Loss 9.94793e-03 Time taken: 1 seconds
Epoch: 200/200 Train accuracy: 7.85307e-01 Validation accuracy: 7.68000e-01 Loss 9.94833e-03 Time taken: 1 seconds
Total time taken 0:05:06.282792
Done


working on file logs_PKT/iic-train-L2_PKT/jepa_iic_L2_PKT-ep500.pth.tar ...
