Directory logs_IN100/in100-vitb16-l2-ep300/classifiers for saving the classifiers is now present
VisionTransformer(
  (patch_embed): PatchEmbed(
    (proj): Conv2d(3, 768, kernel_size=(16, 16), stride=(16, 16))
  )
  (blocks): ModuleList(
    (0-11): 12 x Block(
      (norm1): LayerNorm((768,), eps=1e-06, elementwise_affine=True)
      (attn): Attention(
        (qkv): Linear(in_features=768, out_features=2304, bias=True)
        (attn_drop): Dropout(p=0.0, inplace=False)
        (proj): Linear(in_features=768, out_features=768, bias=True)
        (proj_drop): Dropout(p=0.0, inplace=False)
      )
      (drop_path): Identity()
      (norm2): LayerNorm((768,), eps=1e-06, elementwise_affine=True)
      (mlp): MLP(
        (fc1): Linear(in_features=768, out_features=3072, bias=True)
        (act): GELU(approximate='none')
        (fc2): Linear(in_features=3072, out_features=768, bias=True)
        (drop): Dropout(p=0.0, inplace=False)
      )
    )
  )
  (norm): LayerNorm((768,), eps=1e-06, elementwise_affine=True)
)
Extracting features and saving them in memory..
Extracting features...
Epoch: 1/200 Train accuracy: 3.95385e-01 Validation accuracy: 4.42800e-01 Training loss 2.00466e-02 Validation loss 1.78202e-02 Time taken: 3.85 seconds 
Epoch: 2/200 Train accuracy: 5.16569e-01 Validation accuracy: 4.73200e-01 Training loss 1.48011e-02 Validation loss 1.64815e-02 Time taken: 1.81 seconds 
Epoch: 3/200 Train accuracy: 5.43131e-01 Validation accuracy: 4.91200e-01 Training loss 1.37320e-02 Validation loss 1.58512e-02 Time taken: 1.70 seconds 
Epoch: 4/200 Train accuracy: 5.57785e-01 Validation accuracy: 4.98200e-01 Training loss 1.31704e-02 Validation loss 1.55401e-02 Time taken: 1.68 seconds 
Epoch: 5/200 Train accuracy: 5.67715e-01 Validation accuracy: 5.10000e-01 Training loss 1.27937e-02 Validation loss 1.51799e-02 Time taken: 1.68 seconds 
Epoch: 6/200 Train accuracy: 5.74246e-01 Validation accuracy: 5.08400e-01 Training loss 1.25260e-02 Validation loss 1.50634e-02 Time taken: 1.68 seconds 
Epoch: 7/200 Train accuracy: 5.80692e-01 Validation accuracy: 5.12800e-01 Training loss 1.23077e-02 Validation loss 1.49494e-02 Time taken: 1.68 seconds 
Epoch: 8/200 Train accuracy: 5.85338e-01 Validation accuracy: 5.18800e-01 Training loss 1.21382e-02 Validation loss 1.48176e-02 Time taken: 1.69 seconds 
Epoch: 9/200 Train accuracy: 5.90369e-01 Validation accuracy: 5.21000e-01 Training loss 1.19992e-02 Validation loss 1.46909e-02 Time taken: 1.69 seconds 
Epoch: 10/200 Train accuracy: 5.94238e-01 Validation accuracy: 5.24200e-01 Training loss 1.18722e-02 Validation loss 1.45664e-02 Time taken: 1.69 seconds 
Epoch: 11/200 Train accuracy: 5.96838e-01 Validation accuracy: 5.20200e-01 Training loss 1.17676e-02 Validation loss 1.45195e-02 Time taken: 1.70 seconds 
Epoch: 12/200 Train accuracy: 5.99085e-01 Validation accuracy: 5.22400e-01 Training loss 1.16718e-02 Validation loss 1.44786e-02 Time taken: 1.77 seconds 
Epoch: 13/200 Train accuracy: 6.01662e-01 Validation accuracy: 5.27200e-01 Training loss 1.15836e-02 Validation loss 1.43789e-02 Time taken: 1.69 seconds 
Epoch: 14/200 Train accuracy: 6.04108e-01 Validation accuracy: 5.27800e-01 Training loss 1.15038e-02 Validation loss 1.43927e-02 Time taken: 1.70 seconds 
Epoch: 15/200 Train accuracy: 6.05369e-01 Validation accuracy: 5.28400e-01 Training loss 1.14410e-02 Validation loss 1.43220e-02 Time taken: 1.70 seconds 
Epoch: 16/200 Train accuracy: 6.08208e-01 Validation accuracy: 5.27400e-01 Training loss 1.13779e-02 Validation loss 1.42801e-02 Time taken: 1.70 seconds 
Epoch: 17/200 Train accuracy: 6.09008e-01 Validation accuracy: 5.33200e-01 Training loss 1.13175e-02 Validation loss 1.41848e-02 Time taken: 1.74 seconds 
Epoch: 18/200 Train accuracy: 6.10785e-01 Validation accuracy: 5.31400e-01 Training loss 1.12625e-02 Validation loss 1.42121e-02 Time taken: 1.74 seconds 
Epoch: 19/200 Train accuracy: 6.12892e-01 Validation accuracy: 5.28600e-01 Training loss 1.12118e-02 Validation loss 1.42595e-02 Time taken: 1.70 seconds 
Epoch: 20/200 Train accuracy: 6.14215e-01 Validation accuracy: 5.33800e-01 Training loss 1.11635e-02 Validation loss 1.41938e-02 Time taken: 1.70 seconds 
Epoch: 21/200 Train accuracy: 6.15231e-01 Validation accuracy: 5.32000e-01 Training loss 1.11302e-02 Validation loss 1.42091e-02 Time taken: 1.70 seconds 
Epoch: 22/200 Train accuracy: 6.16831e-01 Validation accuracy: 5.34000e-01 Training loss 1.10843e-02 Validation loss 1.41712e-02 Time taken: 1.70 seconds 
Epoch: 23/200 Train accuracy: 6.17077e-01 Validation accuracy: 5.36200e-01 Training loss 1.10413e-02 Validation loss 1.41128e-02 Time taken: 1.70 seconds 
Epoch: 24/200 Train accuracy: 6.18408e-01 Validation accuracy: 5.37400e-01 Training loss 1.10104e-02 Validation loss 1.41082e-02 Time taken: 1.67 seconds 
Epoch: 25/200 Train accuracy: 6.20985e-01 Validation accuracy: 5.29800e-01 Training loss 1.09679e-02 Validation loss 1.40755e-02 Time taken: 1.67 seconds 
Epoch: 26/200 Train accuracy: 6.20631e-01 Validation accuracy: 5.38200e-01 Training loss 1.09421e-02 Validation loss 1.40416e-02 Time taken: 1.68 seconds 
Epoch: 27/200 Train accuracy: 6.22085e-01 Validation accuracy: 5.36800e-01 Training loss 1.09060e-02 Validation loss 1.40763e-02 Time taken: 1.77 seconds 
Epoch: 28/200 Train accuracy: 6.22762e-01 Validation accuracy: 5.37400e-01 Training loss 1.08815e-02 Validation loss 1.40137e-02 Time taken: 1.73 seconds 
Epoch: 29/200 Train accuracy: 6.24531e-01 Validation accuracy: 5.30800e-01 Training loss 1.08520e-02 Validation loss 1.40146e-02 Time taken: 1.67 seconds 
Epoch: 30/200 Train accuracy: 6.23869e-01 Validation accuracy: 5.38000e-01 Training loss 1.08273e-02 Validation loss 1.39471e-02 Time taken: 1.68 seconds 
Epoch: 31/200 Train accuracy: 6.25185e-01 Validation accuracy: 5.36200e-01 Training loss 1.08002e-02 Validation loss 1.39933e-02 Time taken: 1.69 seconds 
Epoch: 32/200 Train accuracy: 6.25415e-01 Validation accuracy: 5.42800e-01 Training loss 1.07773e-02 Validation loss 1.39141e-02 Time taken: 1.69 seconds 
Epoch: 33/200 Train accuracy: 6.26608e-01 Validation accuracy: 5.42200e-01 Training loss 1.07489e-02 Validation loss 1.39510e-02 Time taken: 1.69 seconds 
Epoch: 34/200 Train accuracy: 6.27008e-01 Validation accuracy: 5.45200e-01 Training loss 1.07341e-02 Validation loss 1.38687e-02 Time taken: 1.69 seconds 
Epoch: 35/200 Train accuracy: 6.27854e-01 Validation accuracy: 5.39600e-01 Training loss 1.07068e-02 Validation loss 1.38650e-02 Time taken: 1.69 seconds 
Epoch: 36/200 Train accuracy: 6.28315e-01 Validation accuracy: 5.35600e-01 Training loss 1.06916e-02 Validation loss 1.39394e-02 Time taken: 1.69 seconds 
Epoch: 37/200 Train accuracy: 6.28662e-01 Validation accuracy: 5.46400e-01 Training loss 1.06664e-02 Validation loss 1.38329e-02 Time taken: 1.69 seconds 
Epoch: 38/200 Train accuracy: 6.29462e-01 Validation accuracy: 5.38600e-01 Training loss 1.06530e-02 Validation loss 1.38731e-02 Time taken: 1.69 seconds 
Epoch: 39/200 Train accuracy: 6.29992e-01 Validation accuracy: 5.43600e-01 Training loss 1.06271e-02 Validation loss 1.38479e-02 Time taken: 1.70 seconds 
Epoch: 40/200 Train accuracy: 6.31208e-01 Validation accuracy: 5.41200e-01 Training loss 1.06146e-02 Validation loss 1.38929e-02 Time taken: 1.70 seconds 
Epoch: 41/200 Train accuracy: 6.31262e-01 Validation accuracy: 5.41400e-01 Training loss 1.05967e-02 Validation loss 1.38023e-02 Time taken: 1.70 seconds 
Epoch: 42/200 Train accuracy: 6.31700e-01 Validation accuracy: 5.42200e-01 Training loss 1.05757e-02 Validation loss 1.38560e-02 Time taken: 1.70 seconds 
Epoch: 43/200 Train accuracy: 6.32646e-01 Validation accuracy: 5.43000e-01 Training loss 1.05634e-02 Validation loss 1.38637e-02 Time taken: 1.74 seconds 
Epoch: 44/200 Train accuracy: 6.34231e-01 Validation accuracy: 5.42200e-01 Training loss 1.05470e-02 Validation loss 1.38504e-02 Time taken: 1.74 seconds 
Epoch: 45/200 Train accuracy: 6.33185e-01 Validation accuracy: 5.43400e-01 Training loss 1.05360e-02 Validation loss 1.38779e-02 Time taken: 1.76 seconds 
Epoch: 46/200 Train accuracy: 6.33223e-01 Validation accuracy: 5.41200e-01 Training loss 1.05208e-02 Validation loss 1.38319e-02 Time taken: 1.70 seconds 
Epoch: 47/200 Train accuracy: 6.34938e-01 Validation accuracy: 5.40800e-01 Training loss 1.05026e-02 Validation loss 1.38440e-02 Time taken: 1.70 seconds 
Epoch: 48/200 Train accuracy: 6.34554e-01 Validation accuracy: 5.45800e-01 Training loss 1.04884e-02 Validation loss 1.38083e-02 Time taken: 1.70 seconds 
Epoch: 49/200 Train accuracy: 6.35469e-01 Validation accuracy: 5.42800e-01 Training loss 1.04816e-02 Validation loss 1.37600e-02 Time taken: 1.70 seconds 
Epoch: 50/200 Train accuracy: 6.35508e-01 Validation accuracy: 5.45200e-01 Training loss 1.04628e-02 Validation loss 1.37766e-02 Time taken: 1.70 seconds 
Epoch: 51/200 Train accuracy: 6.36292e-01 Validation accuracy: 5.46000e-01 Training loss 1.04528e-02 Validation loss 1.38090e-02 Time taken: 1.71 seconds 
Epoch: 52/200 Train accuracy: 6.36854e-01 Validation accuracy: 5.40800e-01 Training loss 1.04401e-02 Validation loss 1.38266e-02 Time taken: 1.78 seconds 
Epoch: 53/200 Train accuracy: 6.36008e-01 Validation accuracy: 5.42000e-01 Training loss 1.04383e-02 Validation loss 1.37978e-02 Time taken: 1.78 seconds 
Epoch: 54/200 Train accuracy: 6.36200e-01 Validation accuracy: 5.51600e-01 Training loss 1.04188e-02 Validation loss 1.36991e-02 Time taken: 1.71 seconds 
Epoch: 55/200 Train accuracy: 6.37346e-01 Validation accuracy: 5.40000e-01 Training loss 1.04044e-02 Validation loss 1.37982e-02 Time taken: 1.70 seconds 
Epoch: 56/200 Train accuracy: 6.37762e-01 Validation accuracy: 5.42800e-01 Training loss 1.03998e-02 Validation loss 1.37961e-02 Time taken: 1.70 seconds 
Epoch: 57/200 Train accuracy: 6.38354e-01 Validation accuracy: 5.41000e-01 Training loss 1.03863e-02 Validation loss 1.37538e-02 Time taken: 1.71 seconds 
Epoch: 58/200 Train accuracy: 6.38215e-01 Validation accuracy: 5.48200e-01 Training loss 1.03775e-02 Validation loss 1.37479e-02 Time taken: 1.71 seconds 
Epoch: 59/200 Train accuracy: 6.38754e-01 Validation accuracy: 5.44200e-01 Training loss 1.03658e-02 Validation loss 1.37380e-02 Time taken: 1.71 seconds 
Epoch: 60/200 Train accuracy: 6.38508e-01 Validation accuracy: 5.43000e-01 Training loss 1.03603e-02 Validation loss 1.37671e-02 Time taken: 1.71 seconds 
Epoch: 61/200 Train accuracy: 6.38731e-01 Validation accuracy: 5.44400e-01 Training loss 1.03512e-02 Validation loss 1.37396e-02 Time taken: 1.71 seconds 
Epoch: 62/200 Train accuracy: 6.40231e-01 Validation accuracy: 5.47800e-01 Training loss 1.03417e-02 Validation loss 1.37676e-02 Time taken: 1.71 seconds 
Epoch: 63/200 Train accuracy: 6.39777e-01 Validation accuracy: 5.48200e-01 Training loss 1.03276e-02 Validation loss 1.37728e-02 Time taken: 1.70 seconds 
Epoch: 64/200 Train accuracy: 6.40331e-01 Validation accuracy: 5.43800e-01 Training loss 1.03196e-02 Validation loss 1.37932e-02 Time taken: 1.70 seconds 
Epoch: 65/200 Train accuracy: 6.40769e-01 Validation accuracy: 5.44600e-01 Training loss 1.03124e-02 Validation loss 1.37556e-02 Time taken: 1.71 seconds 
Epoch: 66/200 Train accuracy: 6.40492e-01 Validation accuracy: 5.48000e-01 Training loss 1.03106e-02 Validation loss 1.37110e-02 Time taken: 1.71 seconds 
Epoch: 67/200 Train accuracy: 6.40577e-01 Validation accuracy: 5.47200e-01 Training loss 1.03030e-02 Validation loss 1.36818e-02 Time taken: 1.71 seconds 
Epoch: 68/200 Train accuracy: 6.40962e-01 Validation accuracy: 5.47800e-01 Training loss 1.02907e-02 Validation loss 1.37346e-02 Time taken: 1.71 seconds 
Epoch: 69/200 Train accuracy: 6.41008e-01 Validation accuracy: 5.47600e-01 Training loss 1.02812e-02 Validation loss 1.37002e-02 Time taken: 1.71 seconds 
Epoch: 70/200 Train accuracy: 6.41754e-01 Validation accuracy: 5.46400e-01 Training loss 1.02756e-02 Validation loss 1.37002e-02 Time taken: 1.72 seconds 
Epoch: 71/200 Train accuracy: 6.41092e-01 Validation accuracy: 5.43000e-01 Training loss 1.02748e-02 Validation loss 1.36750e-02 Time taken: 1.71 seconds 
Epoch: 72/200 Train accuracy: 6.42600e-01 Validation accuracy: 5.45000e-01 Training loss 1.02632e-02 Validation loss 1.36842e-02 Time taken: 1.71 seconds 
Epoch: 73/200 Train accuracy: 6.42162e-01 Validation accuracy: 5.46800e-01 Training loss 1.02555e-02 Validation loss 1.37663e-02 Time taken: 1.71 seconds 
Epoch: 74/200 Train accuracy: 6.42154e-01 Validation accuracy: 5.45800e-01 Training loss 1.02467e-02 Validation loss 1.36484e-02 Time taken: 1.72 seconds 
Epoch: 75/200 Train accuracy: 6.42069e-01 Validation accuracy: 5.48600e-01 Training loss 1.02412e-02 Validation loss 1.36725e-02 Time taken: 1.78 seconds 
Epoch: 76/200 Train accuracy: 6.43208e-01 Validation accuracy: 5.48600e-01 Training loss 1.02331e-02 Validation loss 1.37264e-02 Time taken: 2.03 seconds 
Epoch: 77/200 Train accuracy: 6.42815e-01 Validation accuracy: 5.48000e-01 Training loss 1.02278e-02 Validation loss 1.36537e-02 Time taken: 1.64 seconds 
Epoch: 78/200 Train accuracy: 6.43015e-01 Validation accuracy: 5.47800e-01 Training loss 1.02232e-02 Validation loss 1.36283e-02 Time taken: 1.70 seconds 
Epoch: 79/200 Train accuracy: 6.42654e-01 Validation accuracy: 5.47800e-01 Training loss 1.02157e-02 Validation loss 1.36700e-02 Time taken: 1.68 seconds 
Epoch: 80/200 Train accuracy: 6.43385e-01 Validation accuracy: 5.43200e-01 Training loss 1.02126e-02 Validation loss 1.36342e-02 Time taken: 1.64 seconds 
Epoch: 81/200 Train accuracy: 6.44900e-01 Validation accuracy: 5.47000e-01 Training loss 1.02008e-02 Validation loss 1.37427e-02 Time taken: 1.63 seconds 
Epoch: 82/200 Train accuracy: 6.44300e-01 Validation accuracy: 5.49400e-01 Training loss 1.01980e-02 Validation loss 1.36569e-02 Time taken: 1.68 seconds 
Epoch: 83/200 Train accuracy: 6.44262e-01 Validation accuracy: 5.47000e-01 Training loss 1.01955e-02 Validation loss 1.36568e-02 Time taken: 1.92 seconds 
Epoch: 84/200 Train accuracy: 6.45038e-01 Validation accuracy: 5.48400e-01 Training loss 1.01867e-02 Validation loss 1.35910e-02 Time taken: 1.75 seconds 
Epoch: 85/200 Train accuracy: 6.43992e-01 Validation accuracy: 5.42400e-01 Training loss 1.01821e-02 Validation loss 1.37100e-02 Time taken: 1.76 seconds 
Epoch: 86/200 Train accuracy: 6.45523e-01 Validation accuracy: 5.49600e-01 Training loss 1.01780e-02 Validation loss 1.36687e-02 Time taken: 1.77 seconds 
Epoch: 87/200 Train accuracy: 6.44938e-01 Validation accuracy: 5.50200e-01 Training loss 1.01757e-02 Validation loss 1.35903e-02 Time taken: 1.70 seconds 
Epoch: 88/200 Train accuracy: 6.44638e-01 Validation accuracy: 5.42400e-01 Training loss 1.01699e-02 Validation loss 1.36747e-02 Time taken: 1.70 seconds 
Epoch: 89/200 Train accuracy: 6.44608e-01 Validation accuracy: 5.47000e-01 Training loss 1.01579e-02 Validation loss 1.36620e-02 Time taken: 1.65 seconds 
Epoch: 90/200 Train accuracy: 6.45431e-01 Validation accuracy: 5.48400e-01 Training loss 1.01625e-02 Validation loss 1.36370e-02 Time taken: 1.64 seconds 
Epoch: 91/200 Train accuracy: 6.45331e-01 Validation accuracy: 5.52400e-01 Training loss 1.01517e-02 Validation loss 1.36185e-02 Time taken: 1.64 seconds 
Epoch: 92/200 Train accuracy: 6.45385e-01 Validation accuracy: 5.49200e-01 Training loss 1.01478e-02 Validation loss 1.36141e-02 Time taken: 1.65 seconds 
Epoch: 93/200 Train accuracy: 6.45738e-01 Validation accuracy: 5.49800e-01 Training loss 1.01438e-02 Validation loss 1.36432e-02 Time taken: 1.64 seconds 
Epoch: 94/200 Train accuracy: 6.45777e-01 Validation accuracy: 5.47200e-01 Training loss 1.01411e-02 Validation loss 1.36454e-02 Time taken: 1.82 seconds 
Epoch: 95/200 Train accuracy: 6.45923e-01 Validation accuracy: 5.48400e-01 Training loss 1.01360e-02 Validation loss 1.36390e-02 Time taken: 1.72 seconds 
Epoch: 96/200 Train accuracy: 6.46285e-01 Validation accuracy: 5.49000e-01 Training loss 1.01345e-02 Validation loss 1.36101e-02 Time taken: 1.66 seconds 
Epoch: 97/200 Train accuracy: 6.45954e-01 Validation accuracy: 5.48000e-01 Training loss 1.01290e-02 Validation loss 1.36219e-02 Time taken: 1.69 seconds 
Epoch: 98/200 Train accuracy: 6.46238e-01 Validation accuracy: 5.53600e-01 Training loss 1.01224e-02 Validation loss 1.36275e-02 Time taken: 1.68 seconds 
Epoch: 99/200 Train accuracy: 6.45869e-01 Validation accuracy: 5.48200e-01 Training loss 1.01218e-02 Validation loss 1.36495e-02 Time taken: 1.65 seconds 
Epoch: 100/200 Train accuracy: 6.46692e-01 Validation accuracy: 5.51200e-01 Training loss 1.01116e-02 Validation loss 1.36420e-02 Time taken: 1.70 seconds 
Epoch: 101/200 Train accuracy: 6.46115e-01 Validation accuracy: 5.51400e-01 Training loss 1.01122e-02 Validation loss 1.35728e-02 Time taken: 1.66 seconds 
Epoch: 102/200 Train accuracy: 6.46615e-01 Validation accuracy: 5.46600e-01 Training loss 1.01103e-02 Validation loss 1.35852e-02 Time taken: 1.65 seconds 
Epoch: 103/200 Train accuracy: 6.47592e-01 Validation accuracy: 5.47000e-01 Training loss 1.01056e-02 Validation loss 1.36553e-02 Time taken: 1.65 seconds 
Epoch: 104/200 Train accuracy: 6.46938e-01 Validation accuracy: 5.48000e-01 Training loss 1.01028e-02 Validation loss 1.35927e-02 Time taken: 1.71 seconds 
Epoch: 105/200 Train accuracy: 6.47323e-01 Validation accuracy: 5.48200e-01 Training loss 1.00935e-02 Validation loss 1.36346e-02 Time taken: 1.65 seconds 
Epoch: 106/200 Train accuracy: 6.47385e-01 Validation accuracy: 5.48000e-01 Training loss 1.00981e-02 Validation loss 1.36101e-02 Time taken: 1.65 seconds 
Epoch: 107/200 Train accuracy: 6.46862e-01 Validation accuracy: 5.48800e-01 Training loss 1.00911e-02 Validation loss 1.36255e-02 Time taken: 1.65 seconds 
Epoch: 108/200 Train accuracy: 6.47331e-01 Validation accuracy: 5.48800e-01 Training loss 1.00860e-02 Validation loss 1.36288e-02 Time taken: 1.64 seconds 
Epoch: 109/200 Train accuracy: 6.47077e-01 Validation accuracy: 5.46000e-01 Training loss 1.00882e-02 Validation loss 1.35980e-02 Time taken: 1.65 seconds 
Epoch: 110/200 Train accuracy: 6.47492e-01 Validation accuracy: 5.49600e-01 Training loss 1.00816e-02 Validation loss 1.36220e-02 Time taken: 1.64 seconds 
Epoch: 111/200 Train accuracy: 6.48185e-01 Validation accuracy: 5.48200e-01 Training loss 1.00770e-02 Validation loss 1.36553e-02 Time taken: 1.65 seconds 
Epoch: 112/200 Train accuracy: 6.48508e-01 Validation accuracy: 5.54200e-01 Training loss 1.00734e-02 Validation loss 1.35951e-02 Time taken: 1.70 seconds 
Epoch: 113/200 Train accuracy: 6.47854e-01 Validation accuracy: 5.50400e-01 Training loss 1.00738e-02 Validation loss 1.35766e-02 Time taken: 1.70 seconds 
Epoch: 114/200 Train accuracy: 6.48077e-01 Validation accuracy: 5.49000e-01 Training loss 1.00719e-02 Validation loss 1.36076e-02 Time taken: 1.67 seconds 
Epoch: 115/200 Train accuracy: 6.47738e-01 Validation accuracy: 5.48000e-01 Training loss 1.00680e-02 Validation loss 1.36039e-02 Time taken: 1.65 seconds 
Epoch: 116/200 Train accuracy: 6.48823e-01 Validation accuracy: 5.45400e-01 Training loss 1.00623e-02 Validation loss 1.36567e-02 Time taken: 1.65 seconds 
Epoch: 117/200 Train accuracy: 6.47992e-01 Validation accuracy: 5.51000e-01 Training loss 1.00646e-02 Validation loss 1.35794e-02 Time taken: 1.65 seconds 
Epoch: 118/200 Train accuracy: 6.48369e-01 Validation accuracy: 5.45800e-01 Training loss 1.00583e-02 Validation loss 1.36352e-02 Time taken: 1.65 seconds 
Epoch: 119/200 Train accuracy: 6.48938e-01 Validation accuracy: 5.48200e-01 Training loss 1.00556e-02 Validation loss 1.36534e-02 Time taken: 1.66 seconds 
Epoch: 120/200 Train accuracy: 6.48054e-01 Validation accuracy: 5.49800e-01 Training loss 1.00550e-02 Validation loss 1.36101e-02 Time taken: 1.64 seconds 
Epoch: 121/200 Train accuracy: 6.48885e-01 Validation accuracy: 5.44200e-01 Training loss 1.00479e-02 Validation loss 1.36046e-02 Time taken: 1.66 seconds 
Epoch: 122/200 Train accuracy: 6.48638e-01 Validation accuracy: 5.48600e-01 Training loss 1.00495e-02 Validation loss 1.36801e-02 Time taken: 1.65 seconds 
Epoch: 123/200 Train accuracy: 6.49254e-01 Validation accuracy: 5.53400e-01 Training loss 1.00476e-02 Validation loss 1.36152e-02 Time taken: 1.66 seconds 
Epoch: 124/200 Train accuracy: 6.48977e-01 Validation accuracy: 5.51800e-01 Training loss 1.00410e-02 Validation loss 1.35749e-02 Time taken: 1.65 seconds 
Epoch: 125/200 Train accuracy: 6.48469e-01 Validation accuracy: 5.54200e-01 Training loss 1.00405e-02 Validation loss 1.35751e-02 Time taken: 1.72 seconds 
Epoch: 126/200 Train accuracy: 6.49992e-01 Validation accuracy: 5.50000e-01 Training loss 1.00361e-02 Validation loss 1.36046e-02 Time taken: 1.70 seconds 
Epoch: 127/200 Train accuracy: 6.49485e-01 Validation accuracy: 5.49200e-01 Training loss 1.00311e-02 Validation loss 1.35412e-02 Time taken: 1.66 seconds 
Epoch: 128/200 Train accuracy: 6.49615e-01 Validation accuracy: 5.53800e-01 Training loss 1.00287e-02 Validation loss 1.36123e-02 Time taken: 1.66 seconds 
Epoch: 129/200 Train accuracy: 6.49615e-01 Validation accuracy: 5.50800e-01 Training loss 1.00305e-02 Validation loss 1.35711e-02 Time taken: 1.66 seconds 
Epoch: 130/200 Train accuracy: 6.49738e-01 Validation accuracy: 5.47600e-01 Training loss 1.00297e-02 Validation loss 1.35833e-02 Time taken: 1.71 seconds 
Epoch: 131/200 Train accuracy: 6.49500e-01 Validation accuracy: 5.50400e-01 Training loss 1.00287e-02 Validation loss 1.35818e-02 Time taken: 1.70 seconds 
Epoch: 132/200 Train accuracy: 6.49654e-01 Validation accuracy: 5.46200e-01 Training loss 1.00222e-02 Validation loss 1.36588e-02 Time taken: 1.70 seconds 
Epoch: 133/200 Train accuracy: 6.50215e-01 Validation accuracy: 5.49000e-01 Training loss 1.00222e-02 Validation loss 1.35509e-02 Time taken: 1.65 seconds 
Epoch: 134/200 Train accuracy: 6.48400e-01 Validation accuracy: 5.48200e-01 Training loss 1.00196e-02 Validation loss 1.35729e-02 Time taken: 1.65 seconds 
Epoch: 135/200 Train accuracy: 6.49892e-01 Validation accuracy: 5.45800e-01 Training loss 1.00156e-02 Validation loss 1.35418e-02 Time taken: 1.71 seconds 
Epoch: 136/200 Train accuracy: 6.50554e-01 Validation accuracy: 5.50000e-01 Training loss 1.00197e-02 Validation loss 1.36143e-02 Time taken: 1.67 seconds 
Epoch: 137/200 Train accuracy: 6.49585e-01 Validation accuracy: 5.53200e-01 Training loss 1.00165e-02 Validation loss 1.36051e-02 Time taken: 1.72 seconds 
Epoch: 138/200 Train accuracy: 6.50031e-01 Validation accuracy: 5.49600e-01 Training loss 1.00151e-02 Validation loss 1.36146e-02 Time taken: 1.66 seconds 
Epoch: 139/200 Train accuracy: 6.49362e-01 Validation accuracy: 5.48800e-01 Training loss 1.00116e-02 Validation loss 1.35587e-02 Time taken: 1.65 seconds 
Epoch: 140/200 Train accuracy: 6.49977e-01 Validation accuracy: 5.54200e-01 Training loss 1.00126e-02 Validation loss 1.35306e-02 Time taken: 1.65 seconds 
Epoch: 141/200 Train accuracy: 6.49523e-01 Validation accuracy: 5.56800e-01 Training loss 1.00165e-02 Validation loss 1.35680e-02 Time taken: 1.69 seconds 
Epoch: 142/200 Train accuracy: 6.50008e-01 Validation accuracy: 5.52000e-01 Training loss 1.00063e-02 Validation loss 1.36312e-02 Time taken: 1.68 seconds 
Epoch: 143/200 Train accuracy: 6.50062e-01 Validation accuracy: 5.50400e-01 Training loss 1.00033e-02 Validation loss 1.35851e-02 Time taken: 1.68 seconds 
Epoch: 144/200 Train accuracy: 6.49754e-01 Validation accuracy: 5.54400e-01 Training loss 1.00059e-02 Validation loss 1.36000e-02 Time taken: 1.69 seconds 
Epoch: 145/200 Train accuracy: 6.50900e-01 Validation accuracy: 5.47600e-01 Training loss 1.00028e-02 Validation loss 1.36138e-02 Time taken: 1.70 seconds 
Epoch: 146/200 Train accuracy: 6.49862e-01 Validation accuracy: 5.47000e-01 Training loss 9.99674e-03 Validation loss 1.35980e-02 Time taken: 1.77 seconds 
Epoch: 147/200 Train accuracy: 6.49638e-01 Validation accuracy: 5.47000e-01 Training loss 1.00011e-02 Validation loss 1.35980e-02 Time taken: 1.89 seconds 
Epoch: 148/200 Train accuracy: 6.51746e-01 Validation accuracy: 5.50200e-01 Training loss 9.99560e-03 Validation loss 1.35912e-02 Time taken: 1.78 seconds 
Epoch: 149/200 Train accuracy: 6.49731e-01 Validation accuracy: 5.52800e-01 Training loss 9.99551e-03 Validation loss 1.35279e-02 Time taken: 1.69 seconds 
Epoch: 150/200 Train accuracy: 6.50592e-01 Validation accuracy: 5.52800e-01 Training loss 9.99393e-03 Validation loss 1.35696e-02 Time taken: 1.70 seconds 
Epoch: 151/200 Train accuracy: 6.49892e-01 Validation accuracy: 5.49000e-01 Training loss 9.99389e-03 Validation loss 1.35388e-02 Time taken: 1.65 seconds 
Epoch: 152/200 Train accuracy: 6.50623e-01 Validation accuracy: 5.51400e-01 Training loss 9.99296e-03 Validation loss 1.35857e-02 Time taken: 1.83 seconds 
Epoch: 153/200 Train accuracy: 6.51131e-01 Validation accuracy: 5.52400e-01 Training loss 9.99022e-03 Validation loss 1.35672e-02 Time taken: 1.65 seconds 
Epoch: 154/200 Train accuracy: 6.51100e-01 Validation accuracy: 5.53400e-01 Training loss 9.98360e-03 Validation loss 1.35369e-02 Time taken: 1.67 seconds 
Epoch: 155/200 Train accuracy: 6.50715e-01 Validation accuracy: 5.51000e-01 Training loss 9.98752e-03 Validation loss 1.35957e-02 Time taken: 1.65 seconds 
Epoch: 156/200 Train accuracy: 6.50592e-01 Validation accuracy: 5.47800e-01 Training loss 9.98517e-03 Validation loss 1.36034e-02 Time taken: 1.65 seconds 
Epoch: 157/200 Train accuracy: 6.50277e-01 Validation accuracy: 5.51800e-01 Training loss 9.98182e-03 Validation loss 1.35401e-02 Time taken: 1.65 seconds 
Epoch: 158/200 Train accuracy: 6.51000e-01 Validation accuracy: 5.48800e-01 Training loss 9.97885e-03 Validation loss 1.36710e-02 Time taken: 1.86 seconds 
Epoch: 159/200 Train accuracy: 6.51392e-01 Validation accuracy: 5.45600e-01 Training loss 9.98101e-03 Validation loss 1.36572e-02 Time taken: 1.68 seconds 
Epoch: 160/200 Train accuracy: 6.50408e-01 Validation accuracy: 5.45600e-01 Training loss 9.98010e-03 Validation loss 1.35862e-02 Time taken: 1.65 seconds 
Epoch: 161/200 Train accuracy: 6.50462e-01 Validation accuracy: 5.49800e-01 Training loss 9.97779e-03 Validation loss 1.35605e-02 Time taken: 1.65 seconds 
Epoch: 162/200 Train accuracy: 6.50762e-01 Validation accuracy: 5.50600e-01 Training loss 9.97785e-03 Validation loss 1.35443e-02 Time taken: 1.65 seconds 
Epoch: 163/200 Train accuracy: 6.50862e-01 Validation accuracy: 5.52000e-01 Training loss 9.97815e-03 Validation loss 1.35854e-02 Time taken: 1.66 seconds 
Epoch: 164/200 Train accuracy: 6.51215e-01 Validation accuracy: 5.50000e-01 Training loss 9.97533e-03 Validation loss 1.35679e-02 Time taken: 1.96 seconds 
Epoch: 165/200 Train accuracy: 6.51138e-01 Validation accuracy: 5.44800e-01 Training loss 9.97085e-03 Validation loss 1.35921e-02 Time taken: 1.95 seconds 
Epoch: 166/200 Train accuracy: 6.51431e-01 Validation accuracy: 5.47000e-01 Training loss 9.97621e-03 Validation loss 1.36206e-02 Time taken: 1.66 seconds 
Epoch: 167/200 Train accuracy: 6.51400e-01 Validation accuracy: 5.46600e-01 Training loss 9.96753e-03 Validation loss 1.35392e-02 Time taken: 1.66 seconds 
Epoch: 168/200 Train accuracy: 6.51769e-01 Validation accuracy: 5.49000e-01 Training loss 9.97088e-03 Validation loss 1.35643e-02 Time taken: 1.66 seconds 
Epoch: 169/200 Train accuracy: 6.51700e-01 Validation accuracy: 5.51600e-01 Training loss 9.96984e-03 Validation loss 1.35448e-02 Time taken: 1.66 seconds 
Epoch: 170/200 Train accuracy: 6.51715e-01 Validation accuracy: 5.51400e-01 Training loss 9.96625e-03 Validation loss 1.36430e-02 Time taken: 1.65 seconds 
Epoch: 171/200 Train accuracy: 6.51438e-01 Validation accuracy: 5.49400e-01 Training loss 9.96298e-03 Validation loss 1.36267e-02 Time taken: 1.67 seconds 
Epoch: 172/200 Train accuracy: 6.51469e-01 Validation accuracy: 5.47800e-01 Training loss 9.96926e-03 Validation loss 1.36840e-02 Time taken: 1.65 seconds 
Epoch: 173/200 Train accuracy: 6.51215e-01 Validation accuracy: 5.48200e-01 Training loss 9.96377e-03 Validation loss 1.35702e-02 Time taken: 1.66 seconds 
Epoch: 174/200 Train accuracy: 6.51338e-01 Validation accuracy: 5.51800e-01 Training loss 9.96138e-03 Validation loss 1.35067e-02 Time taken: 1.68 seconds 
Epoch: 175/200 Train accuracy: 6.51146e-01 Validation accuracy: 5.48400e-01 Training loss 9.96209e-03 Validation loss 1.35968e-02 Time taken: 1.66 seconds 
Epoch: 176/200 Train accuracy: 6.51869e-01 Validation accuracy: 5.47400e-01 Training loss 9.95887e-03 Validation loss 1.35959e-02 Time taken: 1.66 seconds 
Epoch: 177/200 Train accuracy: 6.51969e-01 Validation accuracy: 5.48000e-01 Training loss 9.95853e-03 Validation loss 1.35374e-02 Time taken: 1.66 seconds 
Epoch: 178/200 Train accuracy: 6.52723e-01 Validation accuracy: 5.43800e-01 Training loss 9.95372e-03 Validation loss 1.36501e-02 Time taken: 1.76 seconds 
Epoch: 179/200 Train accuracy: 6.51377e-01 Validation accuracy: 5.49600e-01 Training loss 9.95577e-03 Validation loss 1.35823e-02 Time taken: 1.68 seconds 
Epoch: 180/200 Train accuracy: 6.52154e-01 Validation accuracy: 5.46400e-01 Training loss 9.95163e-03 Validation loss 1.36031e-02 Time taken: 1.66 seconds 
Epoch: 181/200 Train accuracy: 6.52531e-01 Validation accuracy: 5.53400e-01 Training loss 9.95255e-03 Validation loss 1.36101e-02 Time taken: 1.66 seconds 
Epoch: 182/200 Train accuracy: 6.51969e-01 Validation accuracy: 5.55000e-01 Training loss 9.95676e-03 Validation loss 1.35436e-02 Time taken: 1.66 seconds 
Epoch: 183/200 Train accuracy: 6.51323e-01 Validation accuracy: 5.46600e-01 Training loss 9.95669e-03 Validation loss 1.35891e-02 Time taken: 1.67 seconds 
Epoch: 184/200 Train accuracy: 6.52292e-01 Validation accuracy: 5.48200e-01 Training loss 9.94911e-03 Validation loss 1.36044e-02 Time taken: 1.66 seconds 
Epoch: 185/200 Train accuracy: 6.51854e-01 Validation accuracy: 5.50400e-01 Training loss 9.95297e-03 Validation loss 1.35481e-02 Time taken: 1.67 seconds 
Epoch: 186/200 Train accuracy: 6.52231e-01 Validation accuracy: 5.50600e-01 Training loss 9.95126e-03 Validation loss 1.35606e-02 Time taken: 1.67 seconds 
Epoch: 187/200 Train accuracy: 6.51677e-01 Validation accuracy: 5.53000e-01 Training loss 9.94926e-03 Validation loss 1.35900e-02 Time taken: 1.66 seconds 
Epoch: 188/200 Train accuracy: 6.52815e-01 Validation accuracy: 5.49600e-01 Training loss 9.94712e-03 Validation loss 1.35751e-02 Time taken: 1.66 seconds 
Epoch: 189/200 Train accuracy: 6.52154e-01 Validation accuracy: 5.49600e-01 Training loss 9.94799e-03 Validation loss 1.36006e-02 Time taken: 1.66 seconds 
Epoch: 190/200 Train accuracy: 6.52692e-01 Validation accuracy: 5.48400e-01 Training loss 9.94681e-03 Validation loss 1.35718e-02 Time taken: 1.65 seconds 
Epoch: 191/200 Train accuracy: 6.52262e-01 Validation accuracy: 5.56000e-01 Training loss 9.94405e-03 Validation loss 1.35594e-02 Time taken: 1.65 seconds 
Epoch: 192/200 Train accuracy: 6.51692e-01 Validation accuracy: 5.50000e-01 Training loss 9.94483e-03 Validation loss 1.35860e-02 Time taken: 1.67 seconds 
Epoch: 193/200 Train accuracy: 6.52031e-01 Validation accuracy: 5.51000e-01 Training loss 9.94746e-03 Validation loss 1.35443e-02 Time taken: 1.71 seconds 
Epoch: 194/200 Train accuracy: 6.51923e-01 Validation accuracy: 5.47600e-01 Training loss 9.94557e-03 Validation loss 1.35338e-02 Time taken: 1.66 seconds 
Epoch: 195/200 Train accuracy: 6.52231e-01 Validation accuracy: 5.50200e-01 Training loss 9.94057e-03 Validation loss 1.35405e-02 Time taken: 1.66 seconds 
Epoch: 196/200 Train accuracy: 6.52115e-01 Validation accuracy: 5.51000e-01 Training loss 9.94545e-03 Validation loss 1.35304e-02 Time taken: 1.71 seconds 
Epoch: 197/200 Train accuracy: 6.52315e-01 Validation accuracy: 5.52600e-01 Training loss 9.94045e-03 Validation loss 1.35802e-02 Time taken: 1.67 seconds 
Epoch: 198/200 Train accuracy: 6.51515e-01 Validation accuracy: 5.50800e-01 Training loss 9.94502e-03 Validation loss 1.35917e-02 Time taken: 1.67 seconds 
Epoch: 199/200 Train accuracy: 6.52146e-01 Validation accuracy: 5.50400e-01 Training loss 9.93819e-03 Validation loss 1.35422e-02 Time taken: 1.66 seconds 
Epoch: 200/200 Train accuracy: 6.51792e-01 Validation accuracy: 5.48800e-01 Training loss 9.93765e-03 Validation loss 1.36053e-02 Time taken: 1.67 seconds 
Total time taken 0:05:43.880643
Cleaning up intermediate feature (.pt) files
Done


working on file logs_IN100/in100-vitb16-l2-ep300/jepa-in100-ep300.pth.tar ...
Directory logs_IN100/in100-vitb16-l2-ep300/classifiers for saving the classifiers is now present
VisionTransformer(
  (patch_embed): PatchEmbed(
    (proj): Conv2d(3, 768, kernel_size=(16, 16), stride=(16, 16))
  )
  (blocks): ModuleList(
    (0-11): 12 x Block(
      (norm1): LayerNorm((768,), eps=1e-06, elementwise_affine=True)
      (attn): Attention(
        (qkv): Linear(in_features=768, out_features=2304, bias=True)
        (attn_drop): Dropout(p=0.0, inplace=False)
        (proj): Linear(in_features=768, out_features=768, bias=True)
        (proj_drop): Dropout(p=0.0, inplace=False)
      )
      (drop_path): Identity()
      (norm2): LayerNorm((768,), eps=1e-06, elementwise_affine=True)
      (mlp): MLP(
        (fc1): Linear(in_features=768, out_features=3072, bias=True)
        (act): GELU(approximate='none')
        (fc2): Linear(in_features=3072, out_features=768, bias=True)
        (drop): Dropout(p=0.0, inplace=False)
      )
    )
  )
  (norm): LayerNorm((768,), eps=1e-06, elementwise_affine=True)
)
Extracting features and saving them in memory..
Extracting features...
Epoch: 1/200 Train accuracy: 4.11446e-01 Validation accuracy: 4.51200e-01 Training loss 1.91408e-02 Validation loss 1.72809e-02 Time taken: 1.87 seconds 
Epoch: 2/200 Train accuracy: 5.41077e-01 Validation accuracy: 4.83400e-01 Training loss 1.38137e-02 Validation loss 1.59521e-02 Time taken: 1.77 seconds 
Epoch: 3/200 Train accuracy: 5.72392e-01 Validation accuracy: 4.94800e-01 Training loss 1.26788e-02 Validation loss 1.53824e-02 Time taken: 1.85 seconds 
Epoch: 4/200 Train accuracy: 5.89546e-01 Validation accuracy: 5.05600e-01 Training loss 1.20506e-02 Validation loss 1.50118e-02 Time taken: 1.75 seconds 
Epoch: 5/200 Train accuracy: 6.02277e-01 Validation accuracy: 5.19000e-01 Training loss 1.16306e-02 Validation loss 1.47359e-02 Time taken: 1.73 seconds 
Epoch: 6/200 Train accuracy: 6.10985e-01 Validation accuracy: 5.24400e-01 Training loss 1.13150e-02 Validation loss 1.44787e-02 Time taken: 1.74 seconds 
Epoch: 7/200 Train accuracy: 6.18600e-01 Validation accuracy: 5.25400e-01 Training loss 1.10644e-02 Validation loss 1.44591e-02 Time taken: 1.74 seconds 
Epoch: 8/200 Train accuracy: 6.24969e-01 Validation accuracy: 5.28600e-01 Training loss 1.08725e-02 Validation loss 1.44622e-02 Time taken: 1.74 seconds 
Epoch: 9/200 Train accuracy: 6.29838e-01 Validation accuracy: 5.32800e-01 Training loss 1.07082e-02 Validation loss 1.42558e-02 Time taken: 1.74 seconds 
Epoch: 10/200 Train accuracy: 6.34369e-01 Validation accuracy: 5.35000e-01 Training loss 1.05659e-02 Validation loss 1.42664e-02 Time taken: 1.73 seconds 
Epoch: 11/200 Train accuracy: 6.37731e-01 Validation accuracy: 5.41000e-01 Training loss 1.04379e-02 Validation loss 1.41379e-02 Time taken: 1.77 seconds 
Epoch: 12/200 Train accuracy: 6.42262e-01 Validation accuracy: 5.40000e-01 Training loss 1.03330e-02 Validation loss 1.41362e-02 Time taken: 1.85 seconds 
Epoch: 13/200 Train accuracy: 6.45100e-01 Validation accuracy: 5.41200e-01 Training loss 1.02390e-02 Validation loss 1.40668e-02 Time taken: 1.75 seconds 
Epoch: 14/200 Train accuracy: 6.47877e-01 Validation accuracy: 5.37000e-01 Training loss 1.01490e-02 Validation loss 1.41007e-02 Time taken: 1.73 seconds 
Epoch: 15/200 Train accuracy: 6.48469e-01 Validation accuracy: 5.38600e-01 Training loss 1.00786e-02 Validation loss 1.39590e-02 Time taken: 1.73 seconds 
Epoch: 16/200 Train accuracy: 6.51162e-01 Validation accuracy: 5.41600e-01 Training loss 1.00034e-02 Validation loss 1.40215e-02 Time taken: 1.72 seconds 
Epoch: 17/200 Train accuracy: 6.53108e-01 Validation accuracy: 5.44200e-01 Training loss 9.93978e-03 Validation loss 1.39837e-02 Time taken: 1.70 seconds 
Epoch: 18/200 Train accuracy: 6.54892e-01 Validation accuracy: 5.42800e-01 Training loss 9.87687e-03 Validation loss 1.40260e-02 Time taken: 1.69 seconds 
Epoch: 19/200 Train accuracy: 6.56215e-01 Validation accuracy: 5.43800e-01 Training loss 9.81896e-03 Validation loss 1.39341e-02 Time taken: 1.83 seconds 
Epoch: 20/200 Train accuracy: 6.58192e-01 Validation accuracy: 5.43000e-01 Training loss 9.77320e-03 Validation loss 1.39088e-02 Time taken: 1.67 seconds 
Epoch: 21/200 Train accuracy: 6.59946e-01 Validation accuracy: 5.49200e-01 Training loss 9.72514e-03 Validation loss 1.38534e-02 Time taken: 1.66 seconds 
Epoch: 22/200 Train accuracy: 6.61515e-01 Validation accuracy: 5.46200e-01 Training loss 9.67869e-03 Validation loss 1.38789e-02 Time taken: 1.67 seconds 
Epoch: 23/200 Train accuracy: 6.62200e-01 Validation accuracy: 5.42000e-01 Training loss 9.64001e-03 Validation loss 1.39398e-02 Time taken: 1.67 seconds 
Epoch: 24/200 Train accuracy: 6.62577e-01 Validation accuracy: 5.45400e-01 Training loss 9.59518e-03 Validation loss 1.38414e-02 Time taken: 2.49 seconds 
Epoch: 25/200 Train accuracy: 6.64592e-01 Validation accuracy: 5.46000e-01 Training loss 9.56112e-03 Validation loss 1.38873e-02 Time taken: 1.75 seconds 
Epoch: 26/200 Train accuracy: 6.65877e-01 Validation accuracy: 5.47000e-01 Training loss 9.52669e-03 Validation loss 1.38644e-02 Time taken: 1.67 seconds 
Epoch: 27/200 Train accuracy: 6.66938e-01 Validation accuracy: 5.47000e-01 Training loss 9.49348e-03 Validation loss 1.37990e-02 Time taken: 1.66 seconds 
Epoch: 28/200 Train accuracy: 6.68115e-01 Validation accuracy: 5.46600e-01 Training loss 9.46134e-03 Validation loss 1.38576e-02 Time taken: 1.67 seconds 
Epoch: 29/200 Train accuracy: 6.68731e-01 Validation accuracy: 5.46200e-01 Training loss 9.42937e-03 Validation loss 1.38569e-02 Time taken: 1.66 seconds 
Epoch: 30/200 Train accuracy: 6.69408e-01 Validation accuracy: 5.49800e-01 Training loss 9.40633e-03 Validation loss 1.38735e-02 Time taken: 1.67 seconds 
Epoch: 31/200 Train accuracy: 6.69877e-01 Validation accuracy: 5.49000e-01 Training loss 9.37898e-03 Validation loss 1.38939e-02 Time taken: 1.66 seconds 
Epoch: 32/200 Train accuracy: 6.70869e-01 Validation accuracy: 5.46200e-01 Training loss 9.35711e-03 Validation loss 1.38597e-02 Time taken: 1.67 seconds 
Epoch: 33/200 Train accuracy: 6.71492e-01 Validation accuracy: 5.46000e-01 Training loss 9.33011e-03 Validation loss 1.38670e-02 Time taken: 1.67 seconds 
Epoch: 34/200 Train accuracy: 6.72223e-01 Validation accuracy: 5.47000e-01 Training loss 9.30647e-03 Validation loss 1.38639e-02 Time taken: 1.67 seconds 
Epoch: 35/200 Train accuracy: 6.72838e-01 Validation accuracy: 5.49200e-01 Training loss 9.27947e-03 Validation loss 1.37444e-02 Time taken: 1.69 seconds 
Epoch: 36/200 Train accuracy: 6.73646e-01 Validation accuracy: 5.55600e-01 Training loss 9.26517e-03 Validation loss 1.37698e-02 Time taken: 2.45 seconds 
Epoch: 37/200 Train accuracy: 6.74031e-01 Validation accuracy: 5.46800e-01 Training loss 9.24462e-03 Validation loss 1.37861e-02 Time taken: 1.67 seconds 
Epoch: 38/200 Train accuracy: 6.75131e-01 Validation accuracy: 5.50200e-01 Training loss 9.22494e-03 Validation loss 1.38110e-02 Time taken: 1.68 seconds 
Epoch: 39/200 Train accuracy: 6.76254e-01 Validation accuracy: 5.57600e-01 Training loss 9.20450e-03 Validation loss 1.38328e-02 Time taken: 1.67 seconds 
Epoch: 40/200 Train accuracy: 6.76846e-01 Validation accuracy: 5.47400e-01 Training loss 9.18339e-03 Validation loss 1.37992e-02 Time taken: 1.67 seconds 
Epoch: 41/200 Train accuracy: 6.77292e-01 Validation accuracy: 5.48600e-01 Training loss 9.16931e-03 Validation loss 1.37991e-02 Time taken: 1.67 seconds 
Epoch: 42/200 Train accuracy: 6.77500e-01 Validation accuracy: 5.53200e-01 Training loss 9.15533e-03 Validation loss 1.38157e-02 Time taken: 1.72 seconds 
Epoch: 43/200 Train accuracy: 6.77600e-01 Validation accuracy: 5.50400e-01 Training loss 9.13839e-03 Validation loss 1.38125e-02 Time taken: 1.77 seconds 
Epoch: 44/200 Train accuracy: 6.79038e-01 Validation accuracy: 5.50600e-01 Training loss 9.11888e-03 Validation loss 1.37713e-02 Time taken: 1.67 seconds 
Epoch: 45/200 Train accuracy: 6.78354e-01 Validation accuracy: 5.50200e-01 Training loss 9.10343e-03 Validation loss 1.38487e-02 Time taken: 1.66 seconds 
Epoch: 46/200 Train accuracy: 6.79262e-01 Validation accuracy: 5.48000e-01 Training loss 9.08921e-03 Validation loss 1.38313e-02 Time taken: 1.68 seconds 
Epoch: 47/200 Train accuracy: 6.80100e-01 Validation accuracy: 5.48000e-01 Training loss 9.07974e-03 Validation loss 1.37777e-02 Time taken: 1.67 seconds 
Epoch: 48/200 Train accuracy: 6.79877e-01 Validation accuracy: 5.47000e-01 Training loss 9.06769e-03 Validation loss 1.37924e-02 Time taken: 1.68 seconds 
Epoch: 49/200 Train accuracy: 6.79931e-01 Validation accuracy: 5.47400e-01 Training loss 9.05178e-03 Validation loss 1.37494e-02 Time taken: 1.66 seconds 
Epoch: 50/200 Train accuracy: 6.80700e-01 Validation accuracy: 5.53400e-01 Training loss 9.03590e-03 Validation loss 1.37610e-02 Time taken: 1.73 seconds 
Epoch: 51/200 Train accuracy: 6.80646e-01 Validation accuracy: 5.48000e-01 Training loss 9.02931e-03 Validation loss 1.38284e-02 Time taken: 1.74 seconds 
Epoch: 52/200 Train accuracy: 6.83031e-01 Validation accuracy: 5.50600e-01 Training loss 9.01630e-03 Validation loss 1.37660e-02 Time taken: 1.67 seconds 
Epoch: 53/200 Train accuracy: 6.82523e-01 Validation accuracy: 5.54800e-01 Training loss 9.00781e-03 Validation loss 1.37796e-02 Time taken: 1.67 seconds 
Epoch: 54/200 Train accuracy: 6.81869e-01 Validation accuracy: 5.50200e-01 Training loss 8.99624e-03 Validation loss 1.37614e-02 Time taken: 1.67 seconds 
Epoch: 55/200 Train accuracy: 6.81962e-01 Validation accuracy: 5.56000e-01 Training loss 8.98530e-03 Validation loss 1.37892e-02 Time taken: 1.67 seconds 
Epoch: 56/200 Train accuracy: 6.82185e-01 Validation accuracy: 5.53200e-01 Training loss 8.96791e-03 Validation loss 1.38521e-02 Time taken: 1.67 seconds 
Epoch: 57/200 Train accuracy: 6.83408e-01 Validation accuracy: 5.49800e-01 Training loss 8.96259e-03 Validation loss 1.37755e-02 Time taken: 1.67 seconds 
Epoch: 58/200 Train accuracy: 6.82877e-01 Validation accuracy: 5.49800e-01 Training loss 8.95879e-03 Validation loss 1.38179e-02 Time taken: 1.67 seconds 
Epoch: 59/200 Train accuracy: 6.83015e-01 Validation accuracy: 5.52600e-01 Training loss 8.94643e-03 Validation loss 1.38723e-02 Time taken: 1.67 seconds 
Epoch: 60/200 Train accuracy: 6.84646e-01 Validation accuracy: 5.51400e-01 Training loss 8.93644e-03 Validation loss 1.38467e-02 Time taken: 1.67 seconds 
Epoch: 61/200 Train accuracy: 6.84654e-01 Validation accuracy: 5.48600e-01 Training loss 8.92799e-03 Validation loss 1.38373e-02 Time taken: 1.67 seconds 
Epoch: 62/200 Train accuracy: 6.84531e-01 Validation accuracy: 5.56400e-01 Training loss 8.91816e-03 Validation loss 1.38083e-02 Time taken: 1.67 seconds 
Epoch: 63/200 Train accuracy: 6.84392e-01 Validation accuracy: 5.54800e-01 Training loss 8.91064e-03 Validation loss 1.37273e-02 Time taken: 1.74 seconds 
Epoch: 64/200 Train accuracy: 6.84515e-01 Validation accuracy: 5.52600e-01 Training loss 8.90316e-03 Validation loss 1.37523e-02 Time taken: 1.67 seconds 
Epoch: 65/200 Train accuracy: 6.85792e-01 Validation accuracy: 5.53600e-01 Training loss 8.89394e-03 Validation loss 1.38203e-02 Time taken: 1.67 seconds 
Epoch: 66/200 Train accuracy: 6.84938e-01 Validation accuracy: 5.52000e-01 Training loss 8.88916e-03 Validation loss 1.38433e-02 Time taken: 1.73 seconds 
Epoch: 67/200 Train accuracy: 6.86692e-01 Validation accuracy: 5.50800e-01 Training loss 8.87452e-03 Validation loss 1.38586e-02 Time taken: 1.67 seconds 
Epoch: 68/200 Train accuracy: 6.84808e-01 Validation accuracy: 5.52600e-01 Training loss 8.87748e-03 Validation loss 1.38746e-02 Time taken: 1.66 seconds 
Epoch: 69/200 Train accuracy: 6.86723e-01 Validation accuracy: 5.52000e-01 Training loss 8.86353e-03 Validation loss 1.37767e-02 Time taken: 1.67 seconds 
Epoch: 70/200 Train accuracy: 6.86646e-01 Validation accuracy: 5.55800e-01 Training loss 8.86209e-03 Validation loss 1.38422e-02 Time taken: 1.67 seconds 
Epoch: 71/200 Train accuracy: 6.87292e-01 Validation accuracy: 5.48600e-01 Training loss 8.85083e-03 Validation loss 1.37873e-02 Time taken: 1.67 seconds 
Epoch: 72/200 Train accuracy: 6.87769e-01 Validation accuracy: 5.51200e-01 Training loss 8.83898e-03 Validation loss 1.37961e-02 Time taken: 1.67 seconds 
Epoch: 73/200 Train accuracy: 6.87254e-01 Validation accuracy: 5.54200e-01 Training loss 8.83577e-03 Validation loss 1.37969e-02 Time taken: 1.67 seconds 
Epoch: 74/200 Train accuracy: 6.87600e-01 Validation accuracy: 5.55000e-01 Training loss 8.83576e-03 Validation loss 1.37705e-02 Time taken: 1.67 seconds 
Epoch: 75/200 Train accuracy: 6.87238e-01 Validation accuracy: 5.54000e-01 Training loss 8.83002e-03 Validation loss 1.37793e-02 Time taken: 1.66 seconds 
Epoch: 76/200 Train accuracy: 6.88154e-01 Validation accuracy: 5.47600e-01 Training loss 8.82489e-03 Validation loss 1.38269e-02 Time taken: 1.67 seconds 
Epoch: 77/200 Train accuracy: 6.88238e-01 Validation accuracy: 5.44600e-01 Training loss 8.81769e-03 Validation loss 1.38000e-02 Time taken: 1.67 seconds 
Epoch: 78/200 Train accuracy: 6.88346e-01 Validation accuracy: 5.56200e-01 Training loss 8.81002e-03 Validation loss 1.37325e-02 Time taken: 1.67 seconds 
Epoch: 79/200 Train accuracy: 6.88477e-01 Validation accuracy: 5.56200e-01 Training loss 8.80565e-03 Validation loss 1.38083e-02 Time taken: 1.67 seconds 
Epoch: 80/200 Train accuracy: 6.88169e-01 Validation accuracy: 5.54200e-01 Training loss 8.79791e-03 Validation loss 1.37697e-02 Time taken: 1.68 seconds 
Epoch: 81/200 Train accuracy: 6.88969e-01 Validation accuracy: 5.54800e-01 Training loss 8.79160e-03 Validation loss 1.38162e-02 Time taken: 1.68 seconds 
Epoch: 82/200 Train accuracy: 6.88069e-01 Validation accuracy: 5.53000e-01 Training loss 8.79175e-03 Validation loss 1.37581e-02 Time taken: 1.68 seconds 
Epoch: 83/200 Train accuracy: 6.88631e-01 Validation accuracy: 5.53000e-01 Training loss 8.78701e-03 Validation loss 1.38213e-02 Time taken: 1.68 seconds 
Epoch: 84/200 Train accuracy: 6.88823e-01 Validation accuracy: 5.48800e-01 Training loss 8.78364e-03 Validation loss 1.37409e-02 Time taken: 1.69 seconds 
Epoch: 85/200 Train accuracy: 6.88946e-01 Validation accuracy: 5.48000e-01 Training loss 8.77559e-03 Validation loss 1.38355e-02 Time taken: 1.68 seconds 
Epoch: 86/200 Train accuracy: 6.88146e-01 Validation accuracy: 5.52200e-01 Training loss 8.77158e-03 Validation loss 1.37417e-02 Time taken: 1.69 seconds 
Epoch: 87/200 Train accuracy: 6.88708e-01 Validation accuracy: 5.51800e-01 Training loss 8.77075e-03 Validation loss 1.37991e-02 Time taken: 1.76 seconds 
Epoch: 88/200 Train accuracy: 6.89023e-01 Validation accuracy: 5.56400e-01 Training loss 8.76693e-03 Validation loss 1.38298e-02 Time taken: 1.70 seconds 
Epoch: 89/200 Train accuracy: 6.89469e-01 Validation accuracy: 5.53400e-01 Training loss 8.75757e-03 Validation loss 1.38242e-02 Time taken: 1.69 seconds 
Epoch: 90/200 Train accuracy: 6.88892e-01 Validation accuracy: 5.50600e-01 Training loss 8.76186e-03 Validation loss 1.38811e-02 Time taken: 1.74 seconds 
Epoch: 91/200 Train accuracy: 6.90038e-01 Validation accuracy: 5.52000e-01 Training loss 8.74504e-03 Validation loss 1.37892e-02 Time taken: 1.70 seconds 
Epoch: 92/200 Train accuracy: 6.90077e-01 Validation accuracy: 5.49600e-01 Training loss 8.74834e-03 Validation loss 1.38444e-02 Time taken: 1.69 seconds 
Epoch: 93/200 Train accuracy: 6.89885e-01 Validation accuracy: 5.48600e-01 Training loss 8.74329e-03 Validation loss 1.38298e-02 Time taken: 1.69 seconds 
Epoch: 94/200 Train accuracy: 6.90000e-01 Validation accuracy: 5.56800e-01 Training loss 8.73527e-03 Validation loss 1.37678e-02 Time taken: 1.70 seconds 
Epoch: 95/200 Train accuracy: 6.90454e-01 Validation accuracy: 5.54800e-01 Training loss 8.73318e-03 Validation loss 1.37961e-02 Time taken: 1.69 seconds 
Epoch: 96/200 Train accuracy: 6.89815e-01 Validation accuracy: 5.51200e-01 Training loss 8.73338e-03 Validation loss 1.38277e-02 Time taken: 1.70 seconds 
Epoch: 97/200 Train accuracy: 6.89646e-01 Validation accuracy: 5.51600e-01 Training loss 8.72772e-03 Validation loss 1.37484e-02 Time taken: 1.69 seconds 
Epoch: 98/200 Train accuracy: 6.90585e-01 Validation accuracy: 5.49800e-01 Training loss 8.72664e-03 Validation loss 1.37979e-02 Time taken: 1.69 seconds 
Epoch: 99/200 Train accuracy: 6.90469e-01 Validation accuracy: 5.48800e-01 Training loss 8.72290e-03 Validation loss 1.38926e-02 Time taken: 1.70 seconds 
Epoch: 100/200 Train accuracy: 6.90046e-01 Validation accuracy: 5.50600e-01 Training loss 8.71806e-03 Validation loss 1.38150e-02 Time taken: 1.69 seconds 
Epoch: 101/200 Train accuracy: 6.90608e-01 Validation accuracy: 5.53800e-01 Training loss 8.71846e-03 Validation loss 1.38168e-02 Time taken: 1.70 seconds 
Epoch: 102/200 Train accuracy: 6.90477e-01 Validation accuracy: 5.49600e-01 Training loss 8.71320e-03 Validation loss 1.37824e-02 Time taken: 1.70 seconds 
Epoch: 103/200 Train accuracy: 6.90138e-01 Validation accuracy: 5.50000e-01 Training loss 8.71255e-03 Validation loss 1.38616e-02 Time taken: 1.69 seconds 
Epoch: 104/200 Train accuracy: 6.90985e-01 Validation accuracy: 5.51200e-01 Training loss 8.70519e-03 Validation loss 1.38040e-02 Time taken: 1.70 seconds 
Epoch: 105/200 Train accuracy: 6.91331e-01 Validation accuracy: 5.51400e-01 Training loss 8.70158e-03 Validation loss 1.39626e-02 Time taken: 1.70 seconds 
Epoch: 106/200 Train accuracy: 6.91715e-01 Validation accuracy: 5.53400e-01 Training loss 8.70500e-03 Validation loss 1.38239e-02 Time taken: 1.71 seconds 
Epoch: 107/200 Train accuracy: 6.91338e-01 Validation accuracy: 5.56400e-01 Training loss 8.69317e-03 Validation loss 1.38075e-02 Time taken: 1.69 seconds 
Epoch: 108/200 Train accuracy: 6.91731e-01 Validation accuracy: 5.51000e-01 Training loss 8.69774e-03 Validation loss 1.37715e-02 Time taken: 1.70 seconds 
Epoch: 109/200 Train accuracy: 6.91538e-01 Validation accuracy: 5.51200e-01 Training loss 8.68914e-03 Validation loss 1.37659e-02 Time taken: 1.75 seconds 
Epoch: 110/200 Train accuracy: 6.92654e-01 Validation accuracy: 5.55800e-01 Training loss 8.69334e-03 Validation loss 1.38060e-02 Time taken: 1.72 seconds 
Epoch: 111/200 Train accuracy: 6.90931e-01 Validation accuracy: 5.55000e-01 Training loss 8.68960e-03 Validation loss 1.37965e-02 Time taken: 1.69 seconds 
Epoch: 112/200 Train accuracy: 6.90969e-01 Validation accuracy: 5.53800e-01 Training loss 8.68586e-03 Validation loss 1.38022e-02 Time taken: 1.83 seconds 
Epoch: 113/200 Train accuracy: 6.91123e-01 Validation accuracy: 5.52400e-01 Training loss 8.67966e-03 Validation loss 1.36789e-02 Time taken: 1.71 seconds 
Epoch: 114/200 Train accuracy: 6.91446e-01 Validation accuracy: 5.52800e-01 Training loss 8.67842e-03 Validation loss 1.38565e-02 Time taken: 1.70 seconds 
Epoch: 115/200 Train accuracy: 6.91677e-01 Validation accuracy: 5.50600e-01 Training loss 8.67316e-03 Validation loss 1.37971e-02 Time taken: 1.71 seconds 
Epoch: 116/200 Train accuracy: 6.92208e-01 Validation accuracy: 5.51200e-01 Training loss 8.67118e-03 Validation loss 1.38430e-02 Time taken: 1.70 seconds 
Epoch: 117/200 Train accuracy: 6.92331e-01 Validation accuracy: 5.51000e-01 Training loss 8.67243e-03 Validation loss 1.38606e-02 Time taken: 1.70 seconds 
Epoch: 118/200 Train accuracy: 6.91800e-01 Validation accuracy: 5.56800e-01 Training loss 8.67493e-03 Validation loss 1.37773e-02 Time taken: 1.70 seconds 
Epoch: 119/200 Train accuracy: 6.91223e-01 Validation accuracy: 5.54000e-01 Training loss 8.66931e-03 Validation loss 1.38327e-02 Time taken: 1.69 seconds 
Epoch: 120/200 Train accuracy: 6.93315e-01 Validation accuracy: 5.58600e-01 Training loss 8.66517e-03 Validation loss 1.38220e-02 Time taken: 1.70 seconds 
Epoch: 121/200 Train accuracy: 6.92885e-01 Validation accuracy: 5.51600e-01 Training loss 8.66385e-03 Validation loss 1.37938e-02 Time taken: 1.70 seconds 
Epoch: 122/200 Train accuracy: 6.92115e-01 Validation accuracy: 5.52000e-01 Training loss 8.66192e-03 Validation loss 1.38782e-02 Time taken: 1.84 seconds 
Epoch: 123/200 Train accuracy: 6.92685e-01 Validation accuracy: 5.55200e-01 Training loss 8.66125e-03 Validation loss 1.38377e-02 Time taken: 1.72 seconds 
Epoch: 124/200 Train accuracy: 6.92608e-01 Validation accuracy: 5.51600e-01 Training loss 8.65627e-03 Validation loss 1.37973e-02 Time taken: 1.69 seconds 
Epoch: 125/200 Train accuracy: 6.92162e-01 Validation accuracy: 5.56400e-01 Training loss 8.65939e-03 Validation loss 1.37462e-02 Time taken: 1.70 seconds 
Epoch: 126/200 Train accuracy: 6.93223e-01 Validation accuracy: 5.55200e-01 Training loss 8.64859e-03 Validation loss 1.38378e-02 Time taken: 1.69 seconds 
Epoch: 127/200 Train accuracy: 6.92485e-01 Validation accuracy: 5.54800e-01 Training loss 8.65275e-03 Validation loss 1.37636e-02 Time taken: 1.70 seconds 
Epoch: 128/200 Train accuracy: 6.92162e-01 Validation accuracy: 5.52200e-01 Training loss 8.65208e-03 Validation loss 1.37751e-02 Time taken: 1.70 seconds 
Epoch: 129/200 Train accuracy: 6.92562e-01 Validation accuracy: 5.54400e-01 Training loss 8.65165e-03 Validation loss 1.38499e-02 Time taken: 1.70 seconds 
Epoch: 130/200 Train accuracy: 6.92715e-01 Validation accuracy: 5.59600e-01 Training loss 8.64967e-03 Validation loss 1.38198e-02 Time taken: 1.70 seconds 
Epoch: 131/200 Train accuracy: 6.92592e-01 Validation accuracy: 5.51000e-01 Training loss 8.64766e-03 Validation loss 1.38291e-02 Time taken: 1.70 seconds 
Epoch: 132/200 Train accuracy: 6.92154e-01 Validation accuracy: 5.51800e-01 Training loss 8.64267e-03 Validation loss 1.37564e-02 Time taken: 1.70 seconds 
Epoch: 133/200 Train accuracy: 6.92623e-01 Validation accuracy: 5.47200e-01 Training loss 8.64119e-03 Validation loss 1.38609e-02 Time taken: 1.70 seconds 
Epoch: 134/200 Train accuracy: 6.92562e-01 Validation accuracy: 5.51000e-01 Training loss 8.64225e-03 Validation loss 1.38641e-02 Time taken: 1.70 seconds 
Epoch: 135/200 Train accuracy: 6.93000e-01 Validation accuracy: 5.54000e-01 Training loss 8.63804e-03 Validation loss 1.37253e-02 Time taken: 1.70 seconds 
Epoch: 136/200 Train accuracy: 6.93369e-01 Validation accuracy: 5.49200e-01 Training loss 8.63354e-03 Validation loss 1.37512e-02 Time taken: 1.70 seconds 
Epoch: 137/200 Train accuracy: 6.93808e-01 Validation accuracy: 5.52600e-01 Training loss 8.63400e-03 Validation loss 1.37576e-02 Time taken: 1.70 seconds 
Epoch: 138/200 Train accuracy: 6.93015e-01 Validation accuracy: 5.48400e-01 Training loss 8.63586e-03 Validation loss 1.37478e-02 Time taken: 1.70 seconds 
Epoch: 139/200 Train accuracy: 6.93654e-01 Validation accuracy: 5.53200e-01 Training loss 8.63642e-03 Validation loss 1.37355e-02 Time taken: 1.70 seconds 
Epoch: 140/200 Train accuracy: 6.94438e-01 Validation accuracy: 5.55000e-01 Training loss 8.63387e-03 Validation loss 1.37595e-02 Time taken: 1.77 seconds 
Epoch: 141/200 Train accuracy: 6.93592e-01 Validation accuracy: 5.55400e-01 Training loss 8.62948e-03 Validation loss 1.38532e-02 Time taken: 1.79 seconds 
Epoch: 142/200 Train accuracy: 6.92785e-01 Validation accuracy: 5.50800e-01 Training loss 8.62750e-03 Validation loss 1.37808e-02 Time taken: 1.69 seconds 
Epoch: 143/200 Train accuracy: 6.93900e-01 Validation accuracy: 5.52800e-01 Training loss 8.62874e-03 Validation loss 1.37346e-02 Time taken: 1.70 seconds 
Epoch: 144/200 Train accuracy: 6.93746e-01 Validation accuracy: 5.53800e-01 Training loss 8.62531e-03 Validation loss 1.38680e-02 Time taken: 1.69 seconds 
Epoch: 145/200 Train accuracy: 6.93115e-01 Validation accuracy: 5.55400e-01 Training loss 8.62957e-03 Validation loss 1.37675e-02 Time taken: 1.70 seconds 
Epoch: 146/200 Train accuracy: 6.92746e-01 Validation accuracy: 5.49400e-01 Training loss 8.62820e-03 Validation loss 1.37118e-02 Time taken: 1.70 seconds 
Epoch: 147/200 Train accuracy: 6.94231e-01 Validation accuracy: 5.53400e-01 Training loss 8.61976e-03 Validation loss 1.37662e-02 Time taken: 1.72 seconds 
Epoch: 148/200 Train accuracy: 6.93869e-01 Validation accuracy: 5.53600e-01 Training loss 8.62114e-03 Validation loss 1.38214e-02 Time taken: 1.73 seconds 
Epoch: 149/200 Train accuracy: 6.93685e-01 Validation accuracy: 5.55800e-01 Training loss 8.61858e-03 Validation loss 1.37953e-02 Time taken: 1.70 seconds 
Epoch: 150/200 Train accuracy: 6.93931e-01 Validation accuracy: 5.53400e-01 Training loss 8.61526e-03 Validation loss 1.37810e-02 Time taken: 1.70 seconds 
Epoch: 151/200 Train accuracy: 6.93500e-01 Validation accuracy: 5.60200e-01 Training loss 8.62314e-03 Validation loss 1.38186e-02 Time taken: 1.70 seconds 
Epoch: 152/200 Train accuracy: 6.93346e-01 Validation accuracy: 5.56200e-01 Training loss 8.62092e-03 Validation loss 1.37144e-02 Time taken: 1.70 seconds 
Epoch: 153/200 Train accuracy: 6.93792e-01 Validation accuracy: 5.54400e-01 Training loss 8.61634e-03 Validation loss 1.38410e-02 Time taken: 1.76 seconds 
Epoch: 154/200 Train accuracy: 6.93962e-01 Validation accuracy: 5.53800e-01 Training loss 8.62072e-03 Validation loss 1.38360e-02 Time taken: 2.05 seconds 
Epoch: 155/200 Train accuracy: 6.93354e-01 Validation accuracy: 5.52600e-01 Training loss 8.61147e-03 Validation loss 1.38573e-02 Time taken: 1.73 seconds 
Epoch: 156/200 Train accuracy: 6.93315e-01 Validation accuracy: 5.55000e-01 Training loss 8.61330e-03 Validation loss 1.37509e-02 Time taken: 1.73 seconds 
Epoch: 157/200 Train accuracy: 6.94223e-01 Validation accuracy: 5.52800e-01 Training loss 8.60872e-03 Validation loss 1.37724e-02 Time taken: 1.72 seconds 
Epoch: 158/200 Train accuracy: 6.93769e-01 Validation accuracy: 5.57600e-01 Training loss 8.60637e-03 Validation loss 1.37528e-02 Time taken: 1.73 seconds 
Epoch: 159/200 Train accuracy: 6.94185e-01 Validation accuracy: 5.54600e-01 Training loss 8.60908e-03 Validation loss 1.38207e-02 Time taken: 1.74 seconds 
Epoch: 160/200 Train accuracy: 6.93400e-01 Validation accuracy: 5.53800e-01 Training loss 8.60907e-03 Validation loss 1.36955e-02 Time taken: 1.87 seconds 
Epoch: 161/200 Train accuracy: 6.93523e-01 Validation accuracy: 5.53000e-01 Training loss 8.60746e-03 Validation loss 1.38298e-02 Time taken: 1.74 seconds 
Epoch: 162/200 Train accuracy: 6.94123e-01 Validation accuracy: 5.55800e-01 Training loss 8.60205e-03 Validation loss 1.37541e-02 Time taken: 1.73 seconds 
Epoch: 163/200 Train accuracy: 6.92977e-01 Validation accuracy: 5.53200e-01 Training loss 8.60543e-03 Validation loss 1.37767e-02 Time taken: 1.74 seconds 
Epoch: 164/200 Train accuracy: 6.94415e-01 Validation accuracy: 5.48600e-01 Training loss 8.60474e-03 Validation loss 1.37872e-02 Time taken: 1.73 seconds 
Epoch: 165/200 Train accuracy: 6.94192e-01 Validation accuracy: 5.56000e-01 Training loss 8.60212e-03 Validation loss 1.38201e-02 Time taken: 1.73 seconds 
Epoch: 166/200 Train accuracy: 6.93392e-01 Validation accuracy: 5.56200e-01 Training loss 8.60650e-03 Validation loss 1.37562e-02 Time taken: 1.72 seconds 
Epoch: 167/200 Train accuracy: 6.94392e-01 Validation accuracy: 5.58800e-01 Training loss 8.60335e-03 Validation loss 1.38537e-02 Time taken: 1.79 seconds 
Epoch: 168/200 Train accuracy: 6.93985e-01 Validation accuracy: 5.53600e-01 Training loss 8.60274e-03 Validation loss 1.37769e-02 Time taken: 1.82 seconds 
Epoch: 169/200 Train accuracy: 6.93892e-01 Validation accuracy: 5.55800e-01 Training loss 8.60032e-03 Validation loss 1.38283e-02 Time taken: 1.73 seconds 
Epoch: 170/200 Train accuracy: 6.94715e-01 Validation accuracy: 5.52400e-01 Training loss 8.59888e-03 Validation loss 1.38633e-02 Time taken: 1.73 seconds 
Epoch: 171/200 Train accuracy: 6.94492e-01 Validation accuracy: 5.53600e-01 Training loss 8.59963e-03 Validation loss 1.36929e-02 Time taken: 1.72 seconds 
Epoch: 172/200 Train accuracy: 6.94638e-01 Validation accuracy: 5.50400e-01 Training loss 8.59660e-03 Validation loss 1.37505e-02 Time taken: 1.73 seconds 
Epoch: 173/200 Train accuracy: 6.94569e-01 Validation accuracy: 5.51600e-01 Training loss 8.59772e-03 Validation loss 1.38231e-02 Time taken: 1.73 seconds 
Epoch: 174/200 Train accuracy: 6.94262e-01 Validation accuracy: 5.51200e-01 Training loss 8.60053e-03 Validation loss 1.37871e-02 Time taken: 1.75 seconds 
Epoch: 175/200 Train accuracy: 6.93777e-01 Validation accuracy: 5.50600e-01 Training loss 8.59622e-03 Validation loss 1.37864e-02 Time taken: 1.73 seconds 
Epoch: 176/200 Train accuracy: 6.94192e-01 Validation accuracy: 5.49400e-01 Training loss 8.59758e-03 Validation loss 1.37893e-02 Time taken: 1.80 seconds 
Epoch: 177/200 Train accuracy: 6.95046e-01 Validation accuracy: 5.53200e-01 Training loss 8.59336e-03 Validation loss 1.37538e-02 Time taken: 1.74 seconds 
Epoch: 178/200 Train accuracy: 6.93885e-01 Validation accuracy: 5.52000e-01 Training loss 8.59804e-03 Validation loss 1.38480e-02 Time taken: 1.73 seconds 
Epoch: 179/200 Train accuracy: 6.95323e-01 Validation accuracy: 5.52000e-01 Training loss 8.58871e-03 Validation loss 1.38363e-02 Time taken: 1.79 seconds 
Epoch: 180/200 Train accuracy: 6.94162e-01 Validation accuracy: 5.54400e-01 Training loss 8.59434e-03 Validation loss 1.37739e-02 Time taken: 1.74 seconds 
Epoch: 181/200 Train accuracy: 6.94531e-01 Validation accuracy: 5.49200e-01 Training loss 8.59228e-03 Validation loss 1.37194e-02 Time taken: 1.73 seconds 
Epoch: 182/200 Train accuracy: 6.94931e-01 Validation accuracy: 5.58200e-01 Training loss 8.58692e-03 Validation loss 1.37604e-02 Time taken: 1.74 seconds 
Epoch: 183/200 Train accuracy: 6.94554e-01 Validation accuracy: 5.51200e-01 Training loss 8.59132e-03 Validation loss 1.37240e-02 Time taken: 1.73 seconds 
Epoch: 184/200 Train accuracy: 6.95154e-01 Validation accuracy: 5.50200e-01 Training loss 8.59335e-03 Validation loss 1.38389e-02 Time taken: 1.73 seconds 
Epoch: 185/200 Train accuracy: 6.94608e-01 Validation accuracy: 5.50400e-01 Training loss 8.59072e-03 Validation loss 1.37740e-02 Time taken: 1.74 seconds 
Epoch: 186/200 Train accuracy: 6.94208e-01 Validation accuracy: 5.55200e-01 Training loss 8.58746e-03 Validation loss 1.37250e-02 Time taken: 1.73 seconds 
Epoch: 187/200 Train accuracy: 6.94638e-01 Validation accuracy: 5.55200e-01 Training loss 8.58850e-03 Validation loss 1.38270e-02 Time taken: 1.73 seconds 
Epoch: 188/200 Train accuracy: 6.94008e-01 Validation accuracy: 5.52200e-01 Training loss 8.58703e-03 Validation loss 1.37777e-02 Time taken: 1.73 seconds 
Epoch: 189/200 Train accuracy: 6.94615e-01 Validation accuracy: 5.52400e-01 Training loss 8.58525e-03 Validation loss 1.37670e-02 Time taken: 1.73 seconds 
Epoch: 190/200 Train accuracy: 6.94515e-01 Validation accuracy: 5.52400e-01 Training loss 8.58619e-03 Validation loss 1.38432e-02 Time taken: 1.73 seconds 
Epoch: 191/200 Train accuracy: 6.94400e-01 Validation accuracy: 5.50600e-01 Training loss 8.58433e-03 Validation loss 1.37960e-02 Time taken: 1.74 seconds 
Epoch: 192/200 Train accuracy: 6.94108e-01 Validation accuracy: 5.54400e-01 Training loss 8.58387e-03 Validation loss 1.37988e-02 Time taken: 1.73 seconds 
Epoch: 193/200 Train accuracy: 6.94877e-01 Validation accuracy: 5.52800e-01 Training loss 8.58389e-03 Validation loss 1.38275e-02 Time taken: 1.73 seconds 
Epoch: 194/200 Train accuracy: 6.94677e-01 Validation accuracy: 5.58400e-01 Training loss 8.57960e-03 Validation loss 1.37647e-02 Time taken: 1.73 seconds 
Epoch: 195/200 Train accuracy: 6.94977e-01 Validation accuracy: 5.49800e-01 Training loss 8.57941e-03 Validation loss 1.37511e-02 Time taken: 1.73 seconds 
Epoch: 196/200 Train accuracy: 6.94692e-01 Validation accuracy: 5.54400e-01 Training loss 8.58168e-03 Validation loss 1.37659e-02 Time taken: 1.76 seconds 
Epoch: 197/200 Train accuracy: 6.94885e-01 Validation accuracy: 5.53800e-01 Training loss 8.58003e-03 Validation loss 1.37855e-02 Time taken: 1.77 seconds 
Epoch: 198/200 Train accuracy: 6.94900e-01 Validation accuracy: 5.55800e-01 Training loss 8.57979e-03 Validation loss 1.37964e-02 Time taken: 1.73 seconds 
Epoch: 199/200 Train accuracy: 6.95485e-01 Validation accuracy: 5.46200e-01 Training loss 8.57718e-03 Validation loss 1.38381e-02 Time taken: 1.77 seconds 
Epoch: 200/200 Train accuracy: 6.94777e-01 Validation accuracy: 5.55000e-01 Training loss 8.58124e-03 Validation loss 1.37711e-02 Time taken: 1.76 seconds 
Total time taken 0:05:47.158586
Cleaning up intermediate feature (.pt) files
Done


