nohup: ignoring input
INFO:root:called-params cls_configs/cls-stl-multi.yaml
INFO:root:loaded params....
{   'data': {   'batch_size': 128,
                'crop_size': 150,
                'model_name': 'vit_base',
                'num_classes': 10,
                'patch_size': 15,
                'probe_checkpoints': True,
                'probe_prefix': 'jepa-stl',
                'train_dataset_path': 'datasets/stl10/train_images',
                'val_dataset_path': 'datasets/stl10/val_images'},
    'logging': {   'checkpoint_freq': 1000,
                   'save_path': 'classifiers/jepa-stl-l2-seed2-classifier-pretrained-vitb'},
    'message': 'Multi classification back to back',
    'meta': {'device': 'cuda:1'},
    'multi_probing': [   'logs_STL/stl-l2-pkt-chunks-seed2',
                         'logs_STL/stl-l2-seed2'],
    'optimization': {   'epochs': 200,
                        'lr': 0.001,
                        'use_last_n_blocks': 1,
                        'use_normalization': False}}
INFO:root:working on file logs_STL/stl-l2-pkt-chunks-seed2/jepa-stl-l2-pkt-chunks-seed2-ep300.pth.tar ...
Directory logs_STL/stl-l2-pkt-chunks-seed2/classifiers for saving the classifiers is now present
VisionTransformer(
  (patch_embed): PatchEmbed(
    (proj): Conv2d(3, 768, kernel_size=(15, 15), stride=(15, 15))
  )
  (blocks): ModuleList(
    (0-11): 12 x Block(
      (norm1): LayerNorm((768,), eps=1e-06, elementwise_affine=True)
      (attn): Attention(
        (qkv): Linear(in_features=768, out_features=2304, bias=True)
        (attn_drop): Dropout(p=0.0, inplace=False)
        (proj): Linear(in_features=768, out_features=768, bias=True)
        (proj_drop): Dropout(p=0.0, inplace=False)
      )
      (drop_path): Identity()
      (norm2): LayerNorm((768,), eps=1e-06, elementwise_affine=True)
      (mlp): MLP(
        (fc1): Linear(in_features=768, out_features=3072, bias=True)
        (act): GELU(approximate='none')
        (fc2): Linear(in_features=3072, out_features=768, bias=True)
        (drop): Dropout(p=0.0, inplace=False)
      )
    )
  )
  (norm): LayerNorm((768,), eps=1e-06, elementwise_affine=True)
)
Extracting features and saving them in memory..
Extracting features...
Epoch: 1/200 Train accuracy: 1.66200e-01 Validation accuracy: 2.99000e-01 Training loss 1.83572e-02 Validation loss 1.55952e-02 Time taken: 0.94 seconds 
Epoch: 2/200 Train accuracy: 3.85800e-01 Validation accuracy: 4.38750e-01 Training loss 1.44894e-02 Validation loss 1.32846e-02 Time taken: 0.15 seconds 
Epoch: 3/200 Train accuracy: 4.72600e-01 Validation accuracy: 4.92250e-01 Training loss 1.27677e-02 Validation loss 1.20490e-02 Time taken: 0.13 seconds 
Epoch: 4/200 Train accuracy: 5.15200e-01 Validation accuracy: 5.36000e-01 Training loss 1.17196e-02 Validation loss 1.12382e-02 Time taken: 0.12 seconds 
Epoch: 5/200 Train accuracy: 5.49200e-01 Validation accuracy: 5.50250e-01 Training loss 1.10046e-02 Validation loss 1.06895e-02 Time taken: 0.16 seconds 
Epoch: 6/200 Train accuracy: 5.63400e-01 Validation accuracy: 5.60750e-01 Training loss 1.04890e-02 Validation loss 1.02799e-02 Time taken: 0.12 seconds 
Epoch: 7/200 Train accuracy: 5.78000e-01 Validation accuracy: 5.75375e-01 Training loss 1.00897e-02 Validation loss 9.98447e-03 Time taken: 0.12 seconds 
Epoch: 8/200 Train accuracy: 5.86800e-01 Validation accuracy: 5.85500e-01 Training loss 9.91483e-03 Validation loss 9.70338e-03 Time taken: 0.15 seconds 
Epoch: 9/200 Train accuracy: 5.96600e-01 Validation accuracy: 5.89500e-01 Training loss 9.56757e-03 Validation loss 9.51908e-03 Time taken: 0.12 seconds 
Epoch: 10/200 Train accuracy: 6.02000e-01 Validation accuracy: 5.91750e-01 Training loss 9.36431e-03 Validation loss 9.32852e-03 Time taken: 0.13 seconds 
Epoch: 11/200 Train accuracy: 6.11400e-01 Validation accuracy: 5.98500e-01 Training loss 9.18568e-03 Validation loss 9.18472e-03 Time taken: 0.14 seconds 
Epoch: 12/200 Train accuracy: 6.15000e-01 Validation accuracy: 6.05000e-01 Training loss 9.04889e-03 Validation loss 9.06589e-03 Time taken: 0.12 seconds 
Epoch: 13/200 Train accuracy: 6.18000e-01 Validation accuracy: 6.07125e-01 Training loss 8.92310e-03 Validation loss 8.95347e-03 Time taken: 0.24 seconds 
Epoch: 14/200 Train accuracy: 6.26200e-01 Validation accuracy: 6.09125e-01 Training loss 8.82492e-03 Validation loss 8.85230e-03 Time taken: 0.15 seconds 
Epoch: 15/200 Train accuracy: 6.26800e-01 Validation accuracy: 6.13875e-01 Training loss 8.81238e-03 Validation loss 8.78846e-03 Time taken: 0.16 seconds 
Epoch: 16/200 Train accuracy: 6.30400e-01 Validation accuracy: 6.14625e-01 Training loss 8.74401e-03 Validation loss 8.70832e-03 Time taken: 0.24 seconds 
Epoch: 17/200 Train accuracy: 6.36200e-01 Validation accuracy: 6.15875e-01 Training loss 8.51210e-03 Validation loss 8.64075e-03 Time taken: 0.15 seconds 
Epoch: 18/200 Train accuracy: 6.30400e-01 Validation accuracy: 6.19500e-01 Training loss 8.44563e-03 Validation loss 8.57246e-03 Time taken: 0.12 seconds 
Epoch: 19/200 Train accuracy: 6.36600e-01 Validation accuracy: 6.18000e-01 Training loss 8.34823e-03 Validation loss 8.51317e-03 Time taken: 0.13 seconds 
Epoch: 20/200 Train accuracy: 6.39400e-01 Validation accuracy: 6.15000e-01 Training loss 8.36162e-03 Validation loss 8.46777e-03 Time taken: 0.14 seconds 
Epoch: 21/200 Train accuracy: 6.42000e-01 Validation accuracy: 6.17500e-01 Training loss 8.18919e-03 Validation loss 8.42139e-03 Time taken: 0.12 seconds 
Epoch: 22/200 Train accuracy: 6.42000e-01 Validation accuracy: 6.20250e-01 Training loss 8.14595e-03 Validation loss 8.37859e-03 Time taken: 0.14 seconds 
Epoch: 23/200 Train accuracy: 6.45600e-01 Validation accuracy: 6.23125e-01 Training loss 8.10511e-03 Validation loss 8.32195e-03 Time taken: 0.13 seconds 
Epoch: 24/200 Train accuracy: 6.45800e-01 Validation accuracy: 6.26000e-01 Training loss 8.12642e-03 Validation loss 8.29667e-03 Time taken: 0.12 seconds 
Epoch: 25/200 Train accuracy: 6.45800e-01 Validation accuracy: 6.23000e-01 Training loss 7.99036e-03 Validation loss 8.26254e-03 Time taken: 0.14 seconds 
Epoch: 26/200 Train accuracy: 6.46000e-01 Validation accuracy: 6.26875e-01 Training loss 8.11661e-03 Validation loss 8.21347e-03 Time taken: 0.13 seconds 
Epoch: 27/200 Train accuracy: 6.50600e-01 Validation accuracy: 6.26500e-01 Training loss 7.92916e-03 Validation loss 8.20619e-03 Time taken: 0.16 seconds 
Epoch: 28/200 Train accuracy: 6.52400e-01 Validation accuracy: 6.26500e-01 Training loss 7.99301e-03 Validation loss 8.16526e-03 Time taken: 0.16 seconds 
Epoch: 29/200 Train accuracy: 6.54600e-01 Validation accuracy: 6.28750e-01 Training loss 7.83292e-03 Validation loss 8.13531e-03 Time taken: 0.13 seconds 
Epoch: 30/200 Train accuracy: 6.53800e-01 Validation accuracy: 6.29500e-01 Training loss 7.89160e-03 Validation loss 8.10105e-03 Time taken: 0.12 seconds 
Epoch: 31/200 Train accuracy: 6.58200e-01 Validation accuracy: 6.29250e-01 Training loss 7.82242e-03 Validation loss 8.10849e-03 Time taken: 0.17 seconds 
Epoch: 32/200 Train accuracy: 6.52800e-01 Validation accuracy: 6.32125e-01 Training loss 7.77297e-03 Validation loss 8.05109e-03 Time taken: 0.14 seconds 
Epoch: 33/200 Train accuracy: 6.57200e-01 Validation accuracy: 6.30000e-01 Training loss 7.80269e-03 Validation loss 8.05493e-03 Time taken: 0.13 seconds 
Epoch: 34/200 Train accuracy: 6.61600e-01 Validation accuracy: 6.32125e-01 Training loss 7.67449e-03 Validation loss 8.02300e-03 Time taken: 0.14 seconds 
Epoch: 35/200 Train accuracy: 6.59800e-01 Validation accuracy: 6.31125e-01 Training loss 7.78852e-03 Validation loss 7.99801e-03 Time taken: 0.12 seconds 
Epoch: 36/200 Train accuracy: 6.57600e-01 Validation accuracy: 6.36750e-01 Training loss 7.61135e-03 Validation loss 7.97041e-03 Time taken: 0.14 seconds 
Epoch: 37/200 Train accuracy: 6.63200e-01 Validation accuracy: 6.37750e-01 Training loss 7.63171e-03 Validation loss 7.94847e-03 Time taken: 0.14 seconds 
Epoch: 38/200 Train accuracy: 6.62800e-01 Validation accuracy: 6.38375e-01 Training loss 7.63951e-03 Validation loss 7.93456e-03 Time taken: 0.12 seconds 
Epoch: 39/200 Train accuracy: 6.64800e-01 Validation accuracy: 6.37500e-01 Training loss 7.58718e-03 Validation loss 7.91686e-03 Time taken: 0.14 seconds 
Epoch: 40/200 Train accuracy: 6.64000e-01 Validation accuracy: 6.40125e-01 Training loss 7.57664e-03 Validation loss 7.89728e-03 Time taken: 0.15 seconds 
Epoch: 41/200 Train accuracy: 6.65400e-01 Validation accuracy: 6.34625e-01 Training loss 7.50008e-03 Validation loss 7.90812e-03 Time taken: 0.15 seconds 
Epoch: 42/200 Train accuracy: 6.61000e-01 Validation accuracy: 6.39625e-01 Training loss 7.44387e-03 Validation loss 7.86366e-03 Time taken: 0.15 seconds 
Epoch: 43/200 Train accuracy: 6.68200e-01 Validation accuracy: 6.37000e-01 Training loss 7.57104e-03 Validation loss 7.87903e-03 Time taken: 0.15 seconds 
Epoch: 44/200 Train accuracy: 6.64800e-01 Validation accuracy: 6.37750e-01 Training loss 7.44259e-03 Validation loss 7.83724e-03 Time taken: 0.15 seconds 
Epoch: 45/200 Train accuracy: 6.69400e-01 Validation accuracy: 6.39000e-01 Training loss 7.44533e-03 Validation loss 7.82937e-03 Time taken: 0.15 seconds 
Epoch: 46/200 Train accuracy: 6.66600e-01 Validation accuracy: 6.41000e-01 Training loss 7.48998e-03 Validation loss 7.80883e-03 Time taken: 0.16 seconds 
Epoch: 47/200 Train accuracy: 6.66800e-01 Validation accuracy: 6.39500e-01 Training loss 7.52497e-03 Validation loss 7.79402e-03 Time taken: 0.15 seconds 
Epoch: 48/200 Train accuracy: 6.67200e-01 Validation accuracy: 6.40125e-01 Training loss 7.50052e-03 Validation loss 7.79399e-03 Time taken: 0.15 seconds 
Epoch: 49/200 Train accuracy: 6.69200e-01 Validation accuracy: 6.39875e-01 Training loss 7.40677e-03 Validation loss 7.80967e-03 Time taken: 0.15 seconds 
Epoch: 50/200 Train accuracy: 6.71800e-01 Validation accuracy: 6.43625e-01 Training loss 7.40955e-03 Validation loss 7.76163e-03 Time taken: 0.15 seconds 
Epoch: 51/200 Train accuracy: 6.71800e-01 Validation accuracy: 6.43625e-01 Training loss 7.48189e-03 Validation loss 7.75787e-03 Time taken: 0.15 seconds 
Epoch: 52/200 Train accuracy: 6.74000e-01 Validation accuracy: 6.44125e-01 Training loss 7.32719e-03 Validation loss 7.75166e-03 Time taken: 0.15 seconds 
Epoch: 53/200 Train accuracy: 6.73400e-01 Validation accuracy: 6.43625e-01 Training loss 7.25291e-03 Validation loss 7.73588e-03 Time taken: 0.15 seconds 
Epoch: 54/200 Train accuracy: 6.73600e-01 Validation accuracy: 6.43750e-01 Training loss 7.45472e-03 Validation loss 7.71655e-03 Time taken: 0.13 seconds 
Epoch: 55/200 Train accuracy: 6.75000e-01 Validation accuracy: 6.43125e-01 Training loss 7.24935e-03 Validation loss 7.70468e-03 Time taken: 0.12 seconds 
Epoch: 56/200 Train accuracy: 6.72400e-01 Validation accuracy: 6.45750e-01 Training loss 7.35160e-03 Validation loss 7.68509e-03 Time taken: 0.16 seconds 
Epoch: 57/200 Train accuracy: 6.72800e-01 Validation accuracy: 6.45125e-01 Training loss 7.22980e-03 Validation loss 7.70182e-03 Time taken: 0.20 seconds 
Epoch: 58/200 Train accuracy: 6.75400e-01 Validation accuracy: 6.45500e-01 Training loss 7.15697e-03 Validation loss 7.69068e-03 Time taken: 0.15 seconds 
Epoch: 59/200 Train accuracy: 6.77400e-01 Validation accuracy: 6.46250e-01 Training loss 7.36455e-03 Validation loss 7.65566e-03 Time taken: 0.15 seconds 
Epoch: 60/200 Train accuracy: 6.76800e-01 Validation accuracy: 6.47000e-01 Training loss 7.35480e-03 Validation loss 7.65508e-03 Time taken: 0.15 seconds 
Epoch: 61/200 Train accuracy: 6.75600e-01 Validation accuracy: 6.47750e-01 Training loss 7.33978e-03 Validation loss 7.65638e-03 Time taken: 0.15 seconds 
Epoch: 62/200 Train accuracy: 6.77400e-01 Validation accuracy: 6.47375e-01 Training loss 7.26755e-03 Validation loss 7.63352e-03 Time taken: 0.15 seconds 
Epoch: 63/200 Train accuracy: 6.79800e-01 Validation accuracy: 6.49375e-01 Training loss 7.11236e-03 Validation loss 7.62110e-03 Time taken: 0.15 seconds 
Epoch: 64/200 Train accuracy: 6.80000e-01 Validation accuracy: 6.50375e-01 Training loss 7.17941e-03 Validation loss 7.63559e-03 Time taken: 0.15 seconds 
Epoch: 65/200 Train accuracy: 6.80000e-01 Validation accuracy: 6.47000e-01 Training loss 7.17920e-03 Validation loss 7.60630e-03 Time taken: 0.15 seconds 
Epoch: 66/200 Train accuracy: 6.78600e-01 Validation accuracy: 6.50375e-01 Training loss 7.19374e-03 Validation loss 7.61238e-03 Time taken: 0.15 seconds 
Epoch: 67/200 Train accuracy: 6.79200e-01 Validation accuracy: 6.48875e-01 Training loss 7.15779e-03 Validation loss 7.61026e-03 Time taken: 0.17 seconds 
Epoch: 68/200 Train accuracy: 6.81400e-01 Validation accuracy: 6.50000e-01 Training loss 7.11204e-03 Validation loss 7.59210e-03 Time taken: 0.15 seconds 
Epoch: 69/200 Train accuracy: 6.80200e-01 Validation accuracy: 6.47625e-01 Training loss 7.18475e-03 Validation loss 7.58441e-03 Time taken: 0.15 seconds 
Epoch: 70/200 Train accuracy: 6.80800e-01 Validation accuracy: 6.49375e-01 Training loss 7.02158e-03 Validation loss 7.58589e-03 Time taken: 0.15 seconds 
Epoch: 71/200 Train accuracy: 6.81000e-01 Validation accuracy: 6.49750e-01 Training loss 7.09619e-03 Validation loss 7.57359e-03 Time taken: 0.15 seconds 
Epoch: 72/200 Train accuracy: 6.82800e-01 Validation accuracy: 6.48750e-01 Training loss 7.18497e-03 Validation loss 7.58714e-03 Time taken: 0.15 seconds 
Epoch: 73/200 Train accuracy: 6.85600e-01 Validation accuracy: 6.50125e-01 Training loss 7.08732e-03 Validation loss 7.57642e-03 Time taken: 0.15 seconds 
Epoch: 74/200 Train accuracy: 6.83600e-01 Validation accuracy: 6.51125e-01 Training loss 7.06737e-03 Validation loss 7.56151e-03 Time taken: 0.15 seconds 
Epoch: 75/200 Train accuracy: 6.88200e-01 Validation accuracy: 6.53250e-01 Training loss 7.09838e-03 Validation loss 7.55918e-03 Time taken: 0.15 seconds 
Epoch: 76/200 Train accuracy: 6.84400e-01 Validation accuracy: 6.50750e-01 Training loss 7.07415e-03 Validation loss 7.54358e-03 Time taken: 0.15 seconds 
Epoch: 77/200 Train accuracy: 6.83000e-01 Validation accuracy: 6.54625e-01 Training loss 7.04464e-03 Validation loss 7.55730e-03 Time taken: 0.15 seconds 
Epoch: 78/200 Train accuracy: 6.81600e-01 Validation accuracy: 6.53500e-01 Training loss 7.05582e-03 Validation loss 7.54223e-03 Time taken: 0.15 seconds 
Epoch: 79/200 Train accuracy: 6.85400e-01 Validation accuracy: 6.50000e-01 Training loss 6.99273e-03 Validation loss 7.53221e-03 Time taken: 0.15 seconds 
Epoch: 80/200 Train accuracy: 6.87000e-01 Validation accuracy: 6.53375e-01 Training loss 6.93248e-03 Validation loss 7.52916e-03 Time taken: 0.15 seconds 
Epoch: 81/200 Train accuracy: 6.85800e-01 Validation accuracy: 6.50000e-01 Training loss 6.96661e-03 Validation loss 7.51405e-03 Time taken: 0.15 seconds 
Epoch: 82/200 Train accuracy: 6.87600e-01 Validation accuracy: 6.52250e-01 Training loss 6.94503e-03 Validation loss 7.52898e-03 Time taken: 0.15 seconds 
Epoch: 83/200 Train accuracy: 6.90000e-01 Validation accuracy: 6.52875e-01 Training loss 6.91357e-03 Validation loss 7.50441e-03 Time taken: 0.15 seconds 
Epoch: 84/200 Train accuracy: 6.84800e-01 Validation accuracy: 6.56000e-01 Training loss 6.95244e-03 Validation loss 7.48407e-03 Time taken: 0.15 seconds 
Epoch: 85/200 Train accuracy: 6.89000e-01 Validation accuracy: 6.52500e-01 Training loss 6.97943e-03 Validation loss 7.49046e-03 Time taken: 0.18 seconds 
Epoch: 86/200 Train accuracy: 6.91000e-01 Validation accuracy: 6.50250e-01 Training loss 6.96890e-03 Validation loss 7.50802e-03 Time taken: 0.13 seconds 
Epoch: 87/200 Train accuracy: 6.86200e-01 Validation accuracy: 6.52000e-01 Training loss 6.95364e-03 Validation loss 7.49074e-03 Time taken: 0.16 seconds 
Epoch: 88/200 Train accuracy: 6.92600e-01 Validation accuracy: 6.56750e-01 Training loss 6.90829e-03 Validation loss 7.47271e-03 Time taken: 0.13 seconds 
Epoch: 89/200 Train accuracy: 6.88000e-01 Validation accuracy: 6.54750e-01 Training loss 6.92450e-03 Validation loss 7.48178e-03 Time taken: 0.12 seconds 
Epoch: 90/200 Train accuracy: 6.92400e-01 Validation accuracy: 6.55000e-01 Training loss 6.84802e-03 Validation loss 7.47501e-03 Time taken: 0.15 seconds 
Epoch: 91/200 Train accuracy: 6.89400e-01 Validation accuracy: 6.55250e-01 Training loss 6.82953e-03 Validation loss 7.45454e-03 Time taken: 0.12 seconds 
Epoch: 92/200 Train accuracy: 6.88600e-01 Validation accuracy: 6.57500e-01 Training loss 6.80386e-03 Validation loss 7.44767e-03 Time taken: 0.13 seconds 
Epoch: 93/200 Train accuracy: 6.88200e-01 Validation accuracy: 6.56125e-01 Training loss 6.94061e-03 Validation loss 7.44270e-03 Time taken: 0.14 seconds 
Epoch: 94/200 Train accuracy: 6.90400e-01 Validation accuracy: 6.56750e-01 Training loss 6.90371e-03 Validation loss 7.44658e-03 Time taken: 0.12 seconds 
Epoch: 95/200 Train accuracy: 6.91200e-01 Validation accuracy: 6.56625e-01 Training loss 6.89596e-03 Validation loss 7.44306e-03 Time taken: 0.15 seconds 
Epoch: 96/200 Train accuracy: 6.93200e-01 Validation accuracy: 6.55875e-01 Training loss 6.84127e-03 Validation loss 7.44122e-03 Time taken: 0.16 seconds 
Epoch: 97/200 Train accuracy: 6.89000e-01 Validation accuracy: 6.60125e-01 Training loss 6.99857e-03 Validation loss 7.41841e-03 Time taken: 0.14 seconds 
Epoch: 98/200 Train accuracy: 6.91400e-01 Validation accuracy: 6.54875e-01 Training loss 6.90510e-03 Validation loss 7.43256e-03 Time taken: 0.15 seconds 
Epoch: 99/200 Train accuracy: 6.92200e-01 Validation accuracy: 6.58000e-01 Training loss 6.78677e-03 Validation loss 7.41572e-03 Time taken: 0.12 seconds 
Epoch: 100/200 Train accuracy: 6.97400e-01 Validation accuracy: 6.56250e-01 Training loss 6.78152e-03 Validation loss 7.43073e-03 Time taken: 0.16 seconds 
Epoch: 101/200 Train accuracy: 6.95600e-01 Validation accuracy: 6.56250e-01 Training loss 6.81807e-03 Validation loss 7.41837e-03 Time taken: 0.14 seconds 
Epoch: 102/200 Train accuracy: 6.92400e-01 Validation accuracy: 6.60000e-01 Training loss 6.76754e-03 Validation loss 7.39633e-03 Time taken: 0.12 seconds 
Epoch: 103/200 Train accuracy: 6.91800e-01 Validation accuracy: 6.61000e-01 Training loss 6.77294e-03 Validation loss 7.39287e-03 Time taken: 0.14 seconds 
Epoch: 104/200 Train accuracy: 6.94800e-01 Validation accuracy: 6.59625e-01 Training loss 6.97022e-03 Validation loss 7.40656e-03 Time taken: 0.14 seconds 
Epoch: 105/200 Train accuracy: 6.94600e-01 Validation accuracy: 6.56750e-01 Training loss 6.78003e-03 Validation loss 7.39459e-03 Time taken: 0.15 seconds 
Epoch: 106/200 Train accuracy: 6.94400e-01 Validation accuracy: 6.56625e-01 Training loss 6.86864e-03 Validation loss 7.38947e-03 Time taken: 0.15 seconds 
Epoch: 107/200 Train accuracy: 6.95600e-01 Validation accuracy: 6.58500e-01 Training loss 6.71683e-03 Validation loss 7.38462e-03 Time taken: 0.15 seconds 
Epoch: 108/200 Train accuracy: 6.98800e-01 Validation accuracy: 6.58625e-01 Training loss 6.69728e-03 Validation loss 7.37925e-03 Time taken: 0.15 seconds 
Epoch: 109/200 Train accuracy: 6.95800e-01 Validation accuracy: 6.57250e-01 Training loss 6.77570e-03 Validation loss 7.38966e-03 Time taken: 0.15 seconds 
Epoch: 110/200 Train accuracy: 6.94400e-01 Validation accuracy: 6.59250e-01 Training loss 6.71562e-03 Validation loss 7.37174e-03 Time taken: 0.15 seconds 
Epoch: 111/200 Train accuracy: 6.95000e-01 Validation accuracy: 6.57375e-01 Training loss 6.69826e-03 Validation loss 7.37106e-03 Time taken: 0.15 seconds 
Epoch: 112/200 Train accuracy: 6.96400e-01 Validation accuracy: 6.59500e-01 Training loss 6.82323e-03 Validation loss 7.37265e-03 Time taken: 0.15 seconds 
Epoch: 113/200 Train accuracy: 6.95800e-01 Validation accuracy: 6.59000e-01 Training loss 6.72125e-03 Validation loss 7.35603e-03 Time taken: 0.15 seconds 
Epoch: 114/200 Train accuracy: 6.99000e-01 Validation accuracy: 6.57625e-01 Training loss 6.73630e-03 Validation loss 7.36327e-03 Time taken: 0.15 seconds 
Epoch: 115/200 Train accuracy: 6.97400e-01 Validation accuracy: 6.59750e-01 Training loss 6.76059e-03 Validation loss 7.35101e-03 Time taken: 0.16 seconds 
Epoch: 116/200 Train accuracy: 6.95600e-01 Validation accuracy: 6.58625e-01 Training loss 6.64186e-03 Validation loss 7.37067e-03 Time taken: 0.12 seconds 
Epoch: 117/200 Train accuracy: 6.97800e-01 Validation accuracy: 6.57250e-01 Training loss 6.70653e-03 Validation loss 7.36949e-03 Time taken: 0.14 seconds 
Epoch: 118/200 Train accuracy: 6.97600e-01 Validation accuracy: 6.61125e-01 Training loss 6.73304e-03 Validation loss 7.33817e-03 Time taken: 0.13 seconds 
Epoch: 119/200 Train accuracy: 7.00000e-01 Validation accuracy: 6.58375e-01 Training loss 6.68823e-03 Validation loss 7.34487e-03 Time taken: 0.12 seconds 
Epoch: 120/200 Train accuracy: 6.97200e-01 Validation accuracy: 6.59625e-01 Training loss 6.71254e-03 Validation loss 7.33804e-03 Time taken: 0.14 seconds 
Epoch: 121/200 Train accuracy: 6.98400e-01 Validation accuracy: 6.59625e-01 Training loss 6.72871e-03 Validation loss 7.34197e-03 Time taken: 0.13 seconds 
Epoch: 122/200 Train accuracy: 6.97200e-01 Validation accuracy: 6.60000e-01 Training loss 6.61274e-03 Validation loss 7.33376e-03 Time taken: 0.12 seconds 
Epoch: 123/200 Train accuracy: 6.99400e-01 Validation accuracy: 6.57250e-01 Training loss 6.66944e-03 Validation loss 7.34493e-03 Time taken: 0.15 seconds 
Epoch: 124/200 Train accuracy: 6.98200e-01 Validation accuracy: 6.60500e-01 Training loss 6.66001e-03 Validation loss 7.35086e-03 Time taken: 0.13 seconds 
Epoch: 125/200 Train accuracy: 6.99600e-01 Validation accuracy: 6.61875e-01 Training loss 6.64069e-03 Validation loss 7.31749e-03 Time taken: 0.12 seconds 
Epoch: 126/200 Train accuracy: 6.99400e-01 Validation accuracy: 6.60750e-01 Training loss 6.64508e-03 Validation loss 7.31401e-03 Time taken: 0.15 seconds 
Epoch: 127/200 Train accuracy: 6.99600e-01 Validation accuracy: 6.61750e-01 Training loss 6.73458e-03 Validation loss 7.30663e-03 Time taken: 0.13 seconds 
Epoch: 128/200 Train accuracy: 7.01000e-01 Validation accuracy: 6.60375e-01 Training loss 6.61717e-03 Validation loss 7.32988e-03 Time taken: 0.12 seconds 
Epoch: 129/200 Train accuracy: 6.97600e-01 Validation accuracy: 6.60375e-01 Training loss 6.65348e-03 Validation loss 7.31036e-03 Time taken: 0.16 seconds 
Epoch: 130/200 Train accuracy: 6.98600e-01 Validation accuracy: 6.60250e-01 Training loss 6.64392e-03 Validation loss 7.31304e-03 Time taken: 0.12 seconds 
Epoch: 131/200 Train accuracy: 7.01400e-01 Validation accuracy: 6.60875e-01 Training loss 6.67499e-03 Validation loss 7.30529e-03 Time taken: 0.12 seconds 
Epoch: 132/200 Train accuracy: 6.99400e-01 Validation accuracy: 6.60000e-01 Training loss 6.75719e-03 Validation loss 7.30242e-03 Time taken: 0.15 seconds 
Epoch: 133/200 Train accuracy: 7.01800e-01 Validation accuracy: 6.60750e-01 Training loss 6.58519e-03 Validation loss 7.30403e-03 Time taken: 0.12 seconds 
Epoch: 134/200 Train accuracy: 7.03200e-01 Validation accuracy: 6.61375e-01 Training loss 6.55678e-03 Validation loss 7.29734e-03 Time taken: 0.13 seconds 
Epoch: 135/200 Train accuracy: 7.04400e-01 Validation accuracy: 6.61000e-01 Training loss 6.60877e-03 Validation loss 7.33089e-03 Time taken: 0.15 seconds 
Epoch: 136/200 Train accuracy: 7.02600e-01 Validation accuracy: 6.61000e-01 Training loss 6.60123e-03 Validation loss 7.28804e-03 Time taken: 0.12 seconds 
Epoch: 137/200 Train accuracy: 7.04800e-01 Validation accuracy: 6.62250e-01 Training loss 6.58187e-03 Validation loss 7.28716e-03 Time taken: 0.13 seconds 
Epoch: 138/200 Train accuracy: 7.06400e-01 Validation accuracy: 6.63250e-01 Training loss 6.65974e-03 Validation loss 7.29505e-03 Time taken: 0.14 seconds 
Epoch: 139/200 Train accuracy: 7.03800e-01 Validation accuracy: 6.63000e-01 Training loss 6.61544e-03 Validation loss 7.28910e-03 Time taken: 0.12 seconds 
Epoch: 140/200 Train accuracy: 7.04600e-01 Validation accuracy: 6.63125e-01 Training loss 6.62983e-03 Validation loss 7.30252e-03 Time taken: 0.13 seconds 
Epoch: 141/200 Train accuracy: 7.01400e-01 Validation accuracy: 6.63125e-01 Training loss 6.49031e-03 Validation loss 7.28856e-03 Time taken: 0.14 seconds 
Epoch: 142/200 Train accuracy: 7.03600e-01 Validation accuracy: 6.63500e-01 Training loss 6.61963e-03 Validation loss 7.26958e-03 Time taken: 0.12 seconds 
Epoch: 143/200 Train accuracy: 7.00400e-01 Validation accuracy: 6.61375e-01 Training loss 6.71681e-03 Validation loss 7.27008e-03 Time taken: 0.15 seconds 
Epoch: 144/200 Train accuracy: 7.06000e-01 Validation accuracy: 6.60375e-01 Training loss 6.55845e-03 Validation loss 7.27778e-03 Time taken: 0.13 seconds 
Epoch: 145/200 Train accuracy: 7.03800e-01 Validation accuracy: 6.64250e-01 Training loss 6.68226e-03 Validation loss 7.25831e-03 Time taken: 0.12 seconds 
Epoch: 146/200 Train accuracy: 7.02800e-01 Validation accuracy: 6.62375e-01 Training loss 6.51691e-03 Validation loss 7.27282e-03 Time taken: 0.26 seconds 
Epoch: 147/200 Train accuracy: 7.05200e-01 Validation accuracy: 6.62750e-01 Training loss 6.55257e-03 Validation loss 7.26632e-03 Time taken: 0.15 seconds 
Epoch: 148/200 Train accuracy: 7.08600e-01 Validation accuracy: 6.64375e-01 Training loss 6.55570e-03 Validation loss 7.26713e-03 Time taken: 0.15 seconds 
Epoch: 149/200 Train accuracy: 7.05600e-01 Validation accuracy: 6.60250e-01 Training loss 6.59998e-03 Validation loss 7.25911e-03 Time taken: 0.15 seconds 
Epoch: 150/200 Train accuracy: 7.05600e-01 Validation accuracy: 6.63000e-01 Training loss 6.51820e-03 Validation loss 7.27653e-03 Time taken: 0.15 seconds 
Epoch: 151/200 Train accuracy: 7.03600e-01 Validation accuracy: 6.61500e-01 Training loss 6.51881e-03 Validation loss 7.25299e-03 Time taken: 0.15 seconds 
Epoch: 152/200 Train accuracy: 7.06200e-01 Validation accuracy: 6.63375e-01 Training loss 6.51383e-03 Validation loss 7.24482e-03 Time taken: 0.15 seconds 
Epoch: 153/200 Train accuracy: 7.06600e-01 Validation accuracy: 6.62875e-01 Training loss 6.48677e-03 Validation loss 7.28532e-03 Time taken: 0.15 seconds 
Epoch: 154/200 Train accuracy: 7.05200e-01 Validation accuracy: 6.65125e-01 Training loss 6.45041e-03 Validation loss 7.23568e-03 Time taken: 0.15 seconds 
Epoch: 155/200 Train accuracy: 7.04400e-01 Validation accuracy: 6.65750e-01 Training loss 6.59277e-03 Validation loss 7.24579e-03 Time taken: 0.15 seconds 
Epoch: 156/200 Train accuracy: 7.08600e-01 Validation accuracy: 6.63250e-01 Training loss 6.66389e-03 Validation loss 7.24767e-03 Time taken: 0.15 seconds 
Epoch: 157/200 Train accuracy: 7.06200e-01 Validation accuracy: 6.61375e-01 Training loss 6.50535e-03 Validation loss 7.26424e-03 Time taken: 0.15 seconds 
Epoch: 158/200 Train accuracy: 7.09800e-01 Validation accuracy: 6.62500e-01 Training loss 6.43975e-03 Validation loss 7.25964e-03 Time taken: 0.15 seconds 
Epoch: 159/200 Train accuracy: 7.05600e-01 Validation accuracy: 6.62750e-01 Training loss 6.41004e-03 Validation loss 7.24706e-03 Time taken: 0.15 seconds 
Epoch: 160/200 Train accuracy: 7.03600e-01 Validation accuracy: 6.64500e-01 Training loss 6.48485e-03 Validation loss 7.24666e-03 Time taken: 0.15 seconds 
Epoch: 161/200 Train accuracy: 7.08400e-01 Validation accuracy: 6.66250e-01 Training loss 6.46488e-03 Validation loss 7.21468e-03 Time taken: 0.15 seconds 
Epoch: 162/200 Train accuracy: 7.09600e-01 Validation accuracy: 6.64000e-01 Training loss 6.39120e-03 Validation loss 7.22836e-03 Time taken: 0.15 seconds 
Epoch: 163/200 Train accuracy: 7.04800e-01 Validation accuracy: 6.63875e-01 Training loss 6.49405e-03 Validation loss 7.22366e-03 Time taken: 0.15 seconds 
Epoch: 164/200 Train accuracy: 7.07400e-01 Validation accuracy: 6.62125e-01 Training loss 6.52393e-03 Validation loss 7.24446e-03 Time taken: 0.15 seconds 
Epoch: 165/200 Train accuracy: 7.05200e-01 Validation accuracy: 6.63125e-01 Training loss 6.47917e-03 Validation loss 7.22657e-03 Time taken: 0.15 seconds 
Epoch: 166/200 Train accuracy: 7.08400e-01 Validation accuracy: 6.65375e-01 Training loss 6.39232e-03 Validation loss 7.22947e-03 Time taken: 0.15 seconds 
Epoch: 167/200 Train accuracy: 7.08600e-01 Validation accuracy: 6.65125e-01 Training loss 6.42547e-03 Validation loss 7.22218e-03 Time taken: 0.15 seconds 
Epoch: 168/200 Train accuracy: 7.04200e-01 Validation accuracy: 6.63750e-01 Training loss 6.63382e-03 Validation loss 7.21560e-03 Time taken: 0.15 seconds 
Epoch: 169/200 Train accuracy: 7.04800e-01 Validation accuracy: 6.64375e-01 Training loss 6.39238e-03 Validation loss 7.24645e-03 Time taken: 0.15 seconds 
Epoch: 170/200 Train accuracy: 7.08000e-01 Validation accuracy: 6.62625e-01 Training loss 6.48473e-03 Validation loss 7.22076e-03 Time taken: 0.15 seconds 
Epoch: 171/200 Train accuracy: 7.08400e-01 Validation accuracy: 6.63625e-01 Training loss 6.48590e-03 Validation loss 7.20945e-03 Time taken: 0.16 seconds 
Epoch: 172/200 Train accuracy: 7.08200e-01 Validation accuracy: 6.66250e-01 Training loss 6.48192e-03 Validation loss 7.21331e-03 Time taken: 0.15 seconds 
Epoch: 173/200 Train accuracy: 7.08600e-01 Validation accuracy: 6.63750e-01 Training loss 6.53849e-03 Validation loss 7.21672e-03 Time taken: 0.15 seconds 
Epoch: 174/200 Train accuracy: 7.09200e-01 Validation accuracy: 6.66000e-01 Training loss 6.45245e-03 Validation loss 7.20963e-03 Time taken: 0.18 seconds 
Epoch: 175/200 Train accuracy: 7.09200e-01 Validation accuracy: 6.67375e-01 Training loss 6.48147e-03 Validation loss 7.21300e-03 Time taken: 0.15 seconds 
Epoch: 176/200 Train accuracy: 7.09000e-01 Validation accuracy: 6.64000e-01 Training loss 6.40172e-03 Validation loss 7.21571e-03 Time taken: 0.15 seconds 
Epoch: 177/200 Train accuracy: 7.10600e-01 Validation accuracy: 6.66125e-01 Training loss 6.36566e-03 Validation loss 7.18450e-03 Time taken: 0.15 seconds 
Epoch: 178/200 Train accuracy: 7.10800e-01 Validation accuracy: 6.64000e-01 Training loss 6.46853e-03 Validation loss 7.20104e-03 Time taken: 0.15 seconds 
Epoch: 179/200 Train accuracy: 7.09800e-01 Validation accuracy: 6.64500e-01 Training loss 6.36139e-03 Validation loss 7.20207e-03 Time taken: 0.15 seconds 
Epoch: 180/200 Train accuracy: 7.10000e-01 Validation accuracy: 6.65250e-01 Training loss 6.47028e-03 Validation loss 7.21129e-03 Time taken: 0.15 seconds 
Epoch: 181/200 Train accuracy: 7.09000e-01 Validation accuracy: 6.66625e-01 Training loss 6.38644e-03 Validation loss 7.18701e-03 Time taken: 0.15 seconds 
Epoch: 182/200 Train accuracy: 7.11200e-01 Validation accuracy: 6.68250e-01 Training loss 6.45930e-03 Validation loss 7.18833e-03 Time taken: 0.15 seconds 
Epoch: 183/200 Train accuracy: 7.08800e-01 Validation accuracy: 6.62750e-01 Training loss 6.39240e-03 Validation loss 7.20475e-03 Time taken: 0.15 seconds 
Epoch: 184/200 Train accuracy: 7.13600e-01 Validation accuracy: 6.66000e-01 Training loss 6.35787e-03 Validation loss 7.19032e-03 Time taken: 0.15 seconds 
Epoch: 185/200 Train accuracy: 7.09200e-01 Validation accuracy: 6.65625e-01 Training loss 6.41341e-03 Validation loss 7.24169e-03 Time taken: 0.16 seconds 
Epoch: 186/200 Train accuracy: 7.13200e-01 Validation accuracy: 6.66375e-01 Training loss 6.35997e-03 Validation loss 7.19536e-03 Time taken: 0.15 seconds 
Epoch: 187/200 Train accuracy: 7.14400e-01 Validation accuracy: 6.66875e-01 Training loss 6.34728e-03 Validation loss 7.16250e-03 Time taken: 0.15 seconds 
Epoch: 188/200 Train accuracy: 7.10600e-01 Validation accuracy: 6.65500e-01 Training loss 6.41624e-03 Validation loss 7.20107e-03 Time taken: 0.15 seconds 
Epoch: 189/200 Train accuracy: 7.11200e-01 Validation accuracy: 6.67625e-01 Training loss 6.36950e-03 Validation loss 7.16517e-03 Time taken: 0.15 seconds 
Epoch: 190/200 Train accuracy: 7.10200e-01 Validation accuracy: 6.66125e-01 Training loss 6.30065e-03 Validation loss 7.18540e-03 Time taken: 0.15 seconds 
Epoch: 191/200 Train accuracy: 7.11400e-01 Validation accuracy: 6.67375e-01 Training loss 6.31286e-03 Validation loss 7.15813e-03 Time taken: 0.15 seconds 
Epoch: 192/200 Train accuracy: 7.11000e-01 Validation accuracy: 6.67125e-01 Training loss 6.43083e-03 Validation loss 7.17914e-03 Time taken: 0.17 seconds 
Epoch: 193/200 Train accuracy: 7.14000e-01 Validation accuracy: 6.66625e-01 Training loss 6.28089e-03 Validation loss 7.17192e-03 Time taken: 0.15 seconds 
Epoch: 194/200 Train accuracy: 7.11400e-01 Validation accuracy: 6.66625e-01 Training loss 6.29174e-03 Validation loss 7.16586e-03 Time taken: 0.15 seconds 
Epoch: 195/200 Train accuracy: 7.13400e-01 Validation accuracy: 6.68875e-01 Training loss 6.39873e-03 Validation loss 7.15700e-03 Time taken: 0.15 seconds 
Epoch: 196/200 Train accuracy: 7.13800e-01 Validation accuracy: 6.67625e-01 Training loss 6.38787e-03 Validation loss 7.15806e-03 Time taken: 0.15 seconds 
Epoch: 197/200 Train accuracy: 7.13200e-01 Validation accuracy: 6.66125e-01 Training loss 6.33870e-03 Validation loss 7.17061e-03 Time taken: 0.15 seconds 
Epoch: 198/200 Train accuracy: 7.13800e-01 Validation accuracy: 6.66500e-01 Training loss 6.35255e-03 Validation loss 7.15157e-03 Time taken: 0.15 seconds 
Epoch: 199/200 Train accuracy: 7.12400e-01 Validation accuracy: 6.68250e-01 Training loss 6.28113e-03 Validation loss 7.16195e-03 Time taken: 0.19 seconds 
Epoch: 200/200 Train accuracy: 7.12000e-01 Validation accuracy: 6.67875e-01 Training loss 6.33310e-03 Validation loss 7.14039e-03 Time taken: 0.23 seconds 
Total time taken 0:00:30.253292
Cleaning up intermediate feature (.pt) files
Done


working on file logs_STL/stl-l2-seed2/jepa-stl-l2-seed2-ep300.pth.tar ...
Directory logs_STL/stl-l2-seed2/classifiers for saving the classifiers is now present
VisionTransformer(
  (patch_embed): PatchEmbed(
    (proj): Conv2d(3, 768, kernel_size=(15, 15), stride=(15, 15))
  )
  (blocks): ModuleList(
    (0-11): 12 x Block(
      (norm1): LayerNorm((768,), eps=1e-06, elementwise_affine=True)
      (attn): Attention(
        (qkv): Linear(in_features=768, out_features=2304, bias=True)
        (attn_drop): Dropout(p=0.0, inplace=False)
        (proj): Linear(in_features=768, out_features=768, bias=True)
        (proj_drop): Dropout(p=0.0, inplace=False)
      )
      (drop_path): Identity()
      (norm2): LayerNorm((768,), eps=1e-06, elementwise_affine=True)
      (mlp): MLP(
        (fc1): Linear(in_features=768, out_features=3072, bias=True)
        (act): GELU(approximate='none')
        (fc2): Linear(in_features=3072, out_features=768, bias=True)
        (drop): Dropout(p=0.0, inplace=False)
      )
    )
  )
  (norm): LayerNorm((768,), eps=1e-06, elementwise_affine=True)
)
Extracting features and saving them in memory..
Extracting features...
Epoch: 1/200 Train accuracy: 1.99000e-01 Validation accuracy: 2.81125e-01 Training loss 1.82112e-02 Validation loss 1.57705e-02 Time taken: 0.15 seconds 
Epoch: 2/200 Train accuracy: 3.52200e-01 Validation accuracy: 3.97875e-01 Training loss 1.50565e-02 Validation loss 1.39789e-02 Time taken: 0.15 seconds 
Epoch: 3/200 Train accuracy: 4.36200e-01 Validation accuracy: 4.56625e-01 Training loss 1.35790e-02 Validation loss 1.28512e-02 Time taken: 0.15 seconds 
Epoch: 4/200 Train accuracy: 4.89800e-01 Validation accuracy: 5.02000e-01 Training loss 1.26164e-02 Validation loss 1.20830e-02 Time taken: 0.15 seconds 
Epoch: 5/200 Train accuracy: 5.25400e-01 Validation accuracy: 5.23750e-01 Training loss 1.18521e-02 Validation loss 1.15353e-02 Time taken: 0.15 seconds 
Epoch: 6/200 Train accuracy: 5.35600e-01 Validation accuracy: 5.36500e-01 Training loss 1.14580e-02 Validation loss 1.11153e-02 Time taken: 0.16 seconds 
Epoch: 7/200 Train accuracy: 5.47000e-01 Validation accuracy: 5.47250e-01 Training loss 1.10185e-02 Validation loss 1.07823e-02 Time taken: 0.13 seconds 
Epoch: 8/200 Train accuracy: 5.64800e-01 Validation accuracy: 5.52750e-01 Training loss 1.06675e-02 Validation loss 1.05268e-02 Time taken: 0.15 seconds 
Epoch: 9/200 Train accuracy: 5.71200e-01 Validation accuracy: 5.60125e-01 Training loss 1.04274e-02 Validation loss 1.02990e-02 Time taken: 0.14 seconds 
Epoch: 10/200 Train accuracy: 5.72000e-01 Validation accuracy: 5.61250e-01 Training loss 1.02387e-02 Validation loss 1.01152e-02 Time taken: 0.12 seconds 
Epoch: 11/200 Train accuracy: 5.79400e-01 Validation accuracy: 5.69500e-01 Training loss 1.00213e-02 Validation loss 9.95705e-03 Time taken: 0.15 seconds 
Epoch: 12/200 Train accuracy: 5.87800e-01 Validation accuracy: 5.74125e-01 Training loss 9.89527e-03 Validation loss 9.80504e-03 Time taken: 0.13 seconds 
Epoch: 13/200 Train accuracy: 5.86200e-01 Validation accuracy: 5.78250e-01 Training loss 9.75056e-03 Validation loss 9.68022e-03 Time taken: 0.12 seconds 
Epoch: 14/200 Train accuracy: 5.97200e-01 Validation accuracy: 5.76000e-01 Training loss 9.66980e-03 Validation loss 9.57762e-03 Time taken: 0.14 seconds 
Epoch: 15/200 Train accuracy: 5.96800e-01 Validation accuracy: 5.80375e-01 Training loss 9.47923e-03 Validation loss 9.48832e-03 Time taken: 0.15 seconds 
Epoch: 16/200 Train accuracy: 6.05000e-01 Validation accuracy: 5.85250e-01 Training loss 9.35849e-03 Validation loss 9.39516e-03 Time taken: 0.13 seconds 
Epoch: 17/200 Train accuracy: 6.05800e-01 Validation accuracy: 5.85625e-01 Training loss 9.25733e-03 Validation loss 9.32026e-03 Time taken: 0.14 seconds 
Epoch: 18/200 Train accuracy: 6.07000e-01 Validation accuracy: 5.88875e-01 Training loss 9.23404e-03 Validation loss 9.24174e-03 Time taken: 0.15 seconds 
Epoch: 19/200 Train accuracy: 6.07000e-01 Validation accuracy: 5.87375e-01 Training loss 9.04526e-03 Validation loss 9.19104e-03 Time taken: 0.12 seconds 
Epoch: 20/200 Train accuracy: 6.12200e-01 Validation accuracy: 5.92125e-01 Training loss 9.07515e-03 Validation loss 9.12278e-03 Time taken: 0.13 seconds 
Epoch: 21/200 Train accuracy: 6.12800e-01 Validation accuracy: 5.93375e-01 Training loss 9.07222e-03 Validation loss 9.07076e-03 Time taken: 0.15 seconds 
Epoch: 22/200 Train accuracy: 6.15800e-01 Validation accuracy: 5.96375e-01 Training loss 8.99488e-03 Validation loss 9.02849e-03 Time taken: 0.12 seconds 
Epoch: 23/200 Train accuracy: 6.14600e-01 Validation accuracy: 5.94250e-01 Training loss 8.93665e-03 Validation loss 8.98864e-03 Time taken: 0.14 seconds 
Epoch: 24/200 Train accuracy: 6.15000e-01 Validation accuracy: 5.97000e-01 Training loss 8.83947e-03 Validation loss 8.93464e-03 Time taken: 0.14 seconds 
Epoch: 25/200 Train accuracy: 6.20800e-01 Validation accuracy: 5.99250e-01 Training loss 8.75106e-03 Validation loss 8.89567e-03 Time taken: 0.14 seconds 
Epoch: 26/200 Train accuracy: 6.21000e-01 Validation accuracy: 5.99000e-01 Training loss 8.78022e-03 Validation loss 8.86730e-03 Time taken: 0.15 seconds 
Epoch: 27/200 Train accuracy: 6.18000e-01 Validation accuracy: 5.98875e-01 Training loss 8.70330e-03 Validation loss 8.84647e-03 Time taken: 0.13 seconds 
Epoch: 28/200 Train accuracy: 6.22200e-01 Validation accuracy: 6.00625e-01 Training loss 8.64798e-03 Validation loss 8.80828e-03 Time taken: 0.12 seconds 
Epoch: 29/200 Train accuracy: 6.20600e-01 Validation accuracy: 6.03875e-01 Training loss 8.67285e-03 Validation loss 8.76588e-03 Time taken: 0.16 seconds 
Epoch: 30/200 Train accuracy: 6.24000e-01 Validation accuracy: 6.02125e-01 Training loss 8.65668e-03 Validation loss 8.73312e-03 Time taken: 0.21 seconds 
Epoch: 31/200 Train accuracy: 6.23400e-01 Validation accuracy: 6.04125e-01 Training loss 8.54992e-03 Validation loss 8.70733e-03 Time taken: 0.17 seconds 
Epoch: 32/200 Train accuracy: 6.25800e-01 Validation accuracy: 6.06875e-01 Training loss 8.50108e-03 Validation loss 8.68507e-03 Time taken: 0.18 seconds 
Epoch: 33/200 Train accuracy: 6.24800e-01 Validation accuracy: 6.06875e-01 Training loss 8.41395e-03 Validation loss 8.65426e-03 Time taken: 0.17 seconds 
Epoch: 34/200 Train accuracy: 6.28400e-01 Validation accuracy: 6.05375e-01 Training loss 8.38701e-03 Validation loss 8.63709e-03 Time taken: 0.18 seconds 
Epoch: 35/200 Train accuracy: 6.27400e-01 Validation accuracy: 6.06750e-01 Training loss 8.39129e-03 Validation loss 8.63088e-03 Time taken: 0.18 seconds 
Epoch: 36/200 Train accuracy: 6.29000e-01 Validation accuracy: 6.07500e-01 Training loss 8.38262e-03 Validation loss 8.60370e-03 Time taken: 0.17 seconds 
Epoch: 37/200 Train accuracy: 6.33000e-01 Validation accuracy: 6.08000e-01 Training loss 8.35853e-03 Validation loss 8.58472e-03 Time taken: 0.18 seconds 
Epoch: 38/200 Train accuracy: 6.32800e-01 Validation accuracy: 6.12000e-01 Training loss 8.31392e-03 Validation loss 8.55541e-03 Time taken: 0.17 seconds 
Epoch: 39/200 Train accuracy: 6.28800e-01 Validation accuracy: 6.10125e-01 Training loss 8.37909e-03 Validation loss 8.53421e-03 Time taken: 0.19 seconds 
Epoch: 40/200 Train accuracy: 6.32600e-01 Validation accuracy: 6.11125e-01 Training loss 8.35861e-03 Validation loss 8.51460e-03 Time taken: 0.17 seconds 
Epoch: 41/200 Train accuracy: 6.34000e-01 Validation accuracy: 6.11500e-01 Training loss 8.24892e-03 Validation loss 8.48792e-03 Time taken: 0.16 seconds 
Epoch: 42/200 Train accuracy: 6.34800e-01 Validation accuracy: 6.10125e-01 Training loss 8.27837e-03 Validation loss 8.49550e-03 Time taken: 0.15 seconds 
Epoch: 43/200 Train accuracy: 6.33200e-01 Validation accuracy: 6.15625e-01 Training loss 8.21923e-03 Validation loss 8.45985e-03 Time taken: 0.13 seconds 
Epoch: 44/200 Train accuracy: 6.30000e-01 Validation accuracy: 6.11125e-01 Training loss 8.24020e-03 Validation loss 8.45504e-03 Time taken: 0.12 seconds 
Epoch: 45/200 Train accuracy: 6.33200e-01 Validation accuracy: 6.13625e-01 Training loss 8.17228e-03 Validation loss 8.43856e-03 Time taken: 0.15 seconds 
Epoch: 46/200 Train accuracy: 6.33600e-01 Validation accuracy: 6.16500e-01 Training loss 8.21087e-03 Validation loss 8.42012e-03 Time taken: 0.13 seconds 
Epoch: 47/200 Train accuracy: 6.36800e-01 Validation accuracy: 6.15750e-01 Training loss 8.16452e-03 Validation loss 8.41882e-03 Time taken: 0.12 seconds 
Epoch: 48/200 Train accuracy: 6.36000e-01 Validation accuracy: 6.18875e-01 Training loss 8.14375e-03 Validation loss 8.40228e-03 Time taken: 0.18 seconds 
Epoch: 49/200 Train accuracy: 6.34400e-01 Validation accuracy: 6.19250e-01 Training loss 8.23322e-03 Validation loss 8.38542e-03 Time taken: 0.15 seconds 
Epoch: 50/200 Train accuracy: 6.34600e-01 Validation accuracy: 6.18500e-01 Training loss 8.08676e-03 Validation loss 8.37975e-03 Time taken: 0.15 seconds 
Epoch: 51/200 Train accuracy: 6.36400e-01 Validation accuracy: 6.15750e-01 Training loss 8.15677e-03 Validation loss 8.37822e-03 Time taken: 0.15 seconds 
Epoch: 52/200 Train accuracy: 6.39400e-01 Validation accuracy: 6.19250e-01 Training loss 8.13460e-03 Validation loss 8.34672e-03 Time taken: 0.16 seconds 
Epoch: 53/200 Train accuracy: 6.40400e-01 Validation accuracy: 6.17750e-01 Training loss 8.03466e-03 Validation loss 8.33712e-03 Time taken: 0.15 seconds 
Epoch: 54/200 Train accuracy: 6.42600e-01 Validation accuracy: 6.20000e-01 Training loss 7.92036e-03 Validation loss 8.33580e-03 Time taken: 0.12 seconds 
Epoch: 55/200 Train accuracy: 6.37400e-01 Validation accuracy: 6.22125e-01 Training loss 8.04925e-03 Validation loss 8.31266e-03 Time taken: 0.14 seconds 
Epoch: 56/200 Train accuracy: 6.40200e-01 Validation accuracy: 6.17000e-01 Training loss 7.97282e-03 Validation loss 8.30759e-03 Time taken: 0.23 seconds 
Epoch: 57/200 Train accuracy: 6.45000e-01 Validation accuracy: 6.21750e-01 Training loss 8.05773e-03 Validation loss 8.29890e-03 Time taken: 0.15 seconds 
Epoch: 58/200 Train accuracy: 6.46000e-01 Validation accuracy: 6.18250e-01 Training loss 7.93385e-03 Validation loss 8.29492e-03 Time taken: 0.16 seconds 
Epoch: 59/200 Train accuracy: 6.43000e-01 Validation accuracy: 6.17125e-01 Training loss 7.98184e-03 Validation loss 8.29921e-03 Time taken: 0.15 seconds 
Epoch: 60/200 Train accuracy: 6.45000e-01 Validation accuracy: 6.22000e-01 Training loss 8.08423e-03 Validation loss 8.27534e-03 Time taken: 0.15 seconds 
Epoch: 61/200 Train accuracy: 6.39400e-01 Validation accuracy: 6.20750e-01 Training loss 8.04692e-03 Validation loss 8.26625e-03 Time taken: 0.15 seconds 
Epoch: 62/200 Train accuracy: 6.40800e-01 Validation accuracy: 6.21750e-01 Training loss 7.94875e-03 Validation loss 8.25386e-03 Time taken: 0.15 seconds 
Epoch: 63/200 Train accuracy: 6.46800e-01 Validation accuracy: 6.22125e-01 Training loss 7.88641e-03 Validation loss 8.25031e-03 Time taken: 0.15 seconds 
Epoch: 64/200 Train accuracy: 6.43400e-01 Validation accuracy: 6.23375e-01 Training loss 8.02993e-03 Validation loss 8.24448e-03 Time taken: 0.15 seconds 
Epoch: 65/200 Train accuracy: 6.45000e-01 Validation accuracy: 6.20125e-01 Training loss 7.86798e-03 Validation loss 8.24733e-03 Time taken: 0.17 seconds 
Epoch: 66/200 Train accuracy: 6.42600e-01 Validation accuracy: 6.23125e-01 Training loss 7.86432e-03 Validation loss 8.21422e-03 Time taken: 0.15 seconds 
Epoch: 67/200 Train accuracy: 6.45800e-01 Validation accuracy: 6.23125e-01 Training loss 7.85687e-03 Validation loss 8.21997e-03 Time taken: 0.15 seconds 
Epoch: 68/200 Train accuracy: 6.43000e-01 Validation accuracy: 6.25125e-01 Training loss 7.78125e-03 Validation loss 8.20448e-03 Time taken: 0.15 seconds 
Epoch: 69/200 Train accuracy: 6.47400e-01 Validation accuracy: 6.24375e-01 Training loss 7.88771e-03 Validation loss 8.19644e-03 Time taken: 0.15 seconds 
Epoch: 70/200 Train accuracy: 6.48600e-01 Validation accuracy: 6.21250e-01 Training loss 7.84425e-03 Validation loss 8.21776e-03 Time taken: 0.19 seconds 
Epoch: 71/200 Train accuracy: 6.47000e-01 Validation accuracy: 6.23375e-01 Training loss 7.87693e-03 Validation loss 8.19932e-03 Time taken: 0.12 seconds 
Epoch: 72/200 Train accuracy: 6.50600e-01 Validation accuracy: 6.26250e-01 Training loss 7.98209e-03 Validation loss 8.17337e-03 Time taken: 0.13 seconds 
Epoch: 73/200 Train accuracy: 6.49800e-01 Validation accuracy: 6.24500e-01 Training loss 7.89262e-03 Validation loss 8.19471e-03 Time taken: 0.15 seconds 
Epoch: 74/200 Train accuracy: 6.49200e-01 Validation accuracy: 6.25375e-01 Training loss 7.80333e-03 Validation loss 8.17130e-03 Time taken: 0.12 seconds 
Epoch: 75/200 Train accuracy: 6.51000e-01 Validation accuracy: 6.26625e-01 Training loss 7.74058e-03 Validation loss 8.17194e-03 Time taken: 0.15 seconds 
Epoch: 76/200 Train accuracy: 6.50200e-01 Validation accuracy: 6.26000e-01 Training loss 7.85583e-03 Validation loss 8.15306e-03 Time taken: 0.15 seconds 
Epoch: 77/200 Train accuracy: 6.52400e-01 Validation accuracy: 6.26375e-01 Training loss 7.84667e-03 Validation loss 8.14667e-03 Time taken: 0.15 seconds 
Epoch: 78/200 Train accuracy: 6.50800e-01 Validation accuracy: 6.28125e-01 Training loss 7.81648e-03 Validation loss 8.15796e-03 Time taken: 0.15 seconds 
Epoch: 79/200 Train accuracy: 6.52200e-01 Validation accuracy: 6.29375e-01 Training loss 7.82975e-03 Validation loss 8.13453e-03 Time taken: 0.12 seconds 
Epoch: 80/200 Train accuracy: 6.53600e-01 Validation accuracy: 6.25375e-01 Training loss 7.74866e-03 Validation loss 8.15134e-03 Time taken: 0.15 seconds 
Epoch: 81/200 Train accuracy: 6.48400e-01 Validation accuracy: 6.28000e-01 Training loss 7.81368e-03 Validation loss 8.13245e-03 Time taken: 0.18 seconds 
Epoch: 82/200 Train accuracy: 6.54000e-01 Validation accuracy: 6.27125e-01 Training loss 7.85588e-03 Validation loss 8.12604e-03 Time taken: 0.16 seconds 
Epoch: 83/200 Train accuracy: 6.55000e-01 Validation accuracy: 6.27625e-01 Training loss 7.83923e-03 Validation loss 8.13050e-03 Time taken: 0.15 seconds 
Epoch: 84/200 Train accuracy: 6.55200e-01 Validation accuracy: 6.30875e-01 Training loss 7.66427e-03 Validation loss 8.10098e-03 Time taken: 0.16 seconds 
Epoch: 85/200 Train accuracy: 6.57200e-01 Validation accuracy: 6.30500e-01 Training loss 7.72567e-03 Validation loss 8.10656e-03 Time taken: 0.12 seconds 
Epoch: 86/200 Train accuracy: 6.55600e-01 Validation accuracy: 6.27000e-01 Training loss 7.65338e-03 Validation loss 8.10882e-03 Time taken: 0.14 seconds 
Epoch: 87/200 Train accuracy: 6.54400e-01 Validation accuracy: 6.25750e-01 Training loss 7.60342e-03 Validation loss 8.11378e-03 Time taken: 0.14 seconds 
Epoch: 88/200 Train accuracy: 6.54000e-01 Validation accuracy: 6.29625e-01 Training loss 7.65717e-03 Validation loss 8.10290e-03 Time taken: 0.13 seconds 
Epoch: 89/200 Train accuracy: 6.59000e-01 Validation accuracy: 6.28500e-01 Training loss 7.65624e-03 Validation loss 8.09944e-03 Time taken: 0.15 seconds 
Epoch: 90/200 Train accuracy: 6.54800e-01 Validation accuracy: 6.30250e-01 Training loss 7.67335e-03 Validation loss 8.08190e-03 Time taken: 0.12 seconds 
Epoch: 91/200 Train accuracy: 6.51600e-01 Validation accuracy: 6.28125e-01 Training loss 7.63564e-03 Validation loss 8.08242e-03 Time taken: 0.13 seconds 
Epoch: 92/200 Train accuracy: 6.56000e-01 Validation accuracy: 6.30250e-01 Training loss 7.73723e-03 Validation loss 8.07045e-03 Time taken: 0.14 seconds 
Epoch: 93/200 Train accuracy: 6.58000e-01 Validation accuracy: 6.31750e-01 Training loss 7.65226e-03 Validation loss 8.06237e-03 Time taken: 0.12 seconds 
Epoch: 94/200 Train accuracy: 6.58400e-01 Validation accuracy: 6.27375e-01 Training loss 7.63032e-03 Validation loss 8.06261e-03 Time taken: 0.13 seconds 
Epoch: 95/200 Train accuracy: 6.57400e-01 Validation accuracy: 6.30875e-01 Training loss 7.67732e-03 Validation loss 8.06092e-03 Time taken: 0.20 seconds 
Epoch: 96/200 Train accuracy: 6.55200e-01 Validation accuracy: 6.32375e-01 Training loss 7.62945e-03 Validation loss 8.04570e-03 Time taken: 0.14 seconds 
Epoch: 97/200 Train accuracy: 6.60200e-01 Validation accuracy: 6.32375e-01 Training loss 7.59987e-03 Validation loss 8.05073e-03 Time taken: 0.14 seconds 
Epoch: 98/200 Train accuracy: 6.58600e-01 Validation accuracy: 6.31625e-01 Training loss 7.53185e-03 Validation loss 8.04253e-03 Time taken: 0.12 seconds 
Epoch: 99/200 Train accuracy: 6.57400e-01 Validation accuracy: 6.31750e-01 Training loss 7.53965e-03 Validation loss 8.04765e-03 Time taken: 0.14 seconds 
Epoch: 100/200 Train accuracy: 6.62400e-01 Validation accuracy: 6.33500e-01 Training loss 7.52349e-03 Validation loss 8.04662e-03 Time taken: 0.15 seconds 
Epoch: 101/200 Train accuracy: 6.61800e-01 Validation accuracy: 6.31750e-01 Training loss 7.56834e-03 Validation loss 8.02850e-03 Time taken: 0.13 seconds 
Epoch: 102/200 Train accuracy: 6.57200e-01 Validation accuracy: 6.32500e-01 Training loss 7.60537e-03 Validation loss 8.02800e-03 Time taken: 0.12 seconds 
Epoch: 103/200 Train accuracy: 6.61800e-01 Validation accuracy: 6.33125e-01 Training loss 7.53579e-03 Validation loss 8.02586e-03 Time taken: 0.17 seconds 
Epoch: 104/200 Train accuracy: 6.61600e-01 Validation accuracy: 6.34750e-01 Training loss 7.57805e-03 Validation loss 8.01871e-03 Time taken: 0.12 seconds 
Epoch: 105/200 Train accuracy: 6.60600e-01 Validation accuracy: 6.32875e-01 Training loss 7.46163e-03 Validation loss 8.02248e-03 Time taken: 0.13 seconds 
Epoch: 106/200 Train accuracy: 6.60000e-01 Validation accuracy: 6.34125e-01 Training loss 7.60997e-03 Validation loss 7.99760e-03 Time taken: 0.14 seconds 
Epoch: 107/200 Train accuracy: 6.63200e-01 Validation accuracy: 6.34250e-01 Training loss 7.49272e-03 Validation loss 8.01163e-03 Time taken: 0.12 seconds 
Epoch: 108/200 Train accuracy: 6.59400e-01 Validation accuracy: 6.35500e-01 Training loss 7.59348e-03 Validation loss 7.99343e-03 Time taken: 0.14 seconds 
Epoch: 109/200 Train accuracy: 6.59400e-01 Validation accuracy: 6.34500e-01 Training loss 7.52614e-03 Validation loss 8.02257e-03 Time taken: 0.15 seconds 
Epoch: 110/200 Train accuracy: 6.61600e-01 Validation accuracy: 6.33250e-01 Training loss 7.42606e-03 Validation loss 7.99171e-03 Time taken: 0.15 seconds 
Epoch: 111/200 Train accuracy: 6.61400e-01 Validation accuracy: 6.31750e-01 Training loss 7.46223e-03 Validation loss 7.99477e-03 Time taken: 0.15 seconds 
Epoch: 112/200 Train accuracy: 6.59800e-01 Validation accuracy: 6.32125e-01 Training loss 7.41874e-03 Validation loss 7.99036e-03 Time taken: 0.15 seconds 
Epoch: 113/200 Train accuracy: 6.65000e-01 Validation accuracy: 6.35500e-01 Training loss 7.49889e-03 Validation loss 7.98244e-03 Time taken: 0.15 seconds 
Epoch: 114/200 Train accuracy: 6.66000e-01 Validation accuracy: 6.34125e-01 Training loss 7.43838e-03 Validation loss 7.97396e-03 Time taken: 0.15 seconds 
Epoch: 115/200 Train accuracy: 6.67000e-01 Validation accuracy: 6.34500e-01 Training loss 7.44974e-03 Validation loss 7.97413e-03 Time taken: 0.16 seconds 
Epoch: 116/200 Train accuracy: 6.64000e-01 Validation accuracy: 6.35125e-01 Training loss 7.43293e-03 Validation loss 7.96803e-03 Time taken: 0.15 seconds 
Epoch: 117/200 Train accuracy: 6.64800e-01 Validation accuracy: 6.34500e-01 Training loss 7.49205e-03 Validation loss 7.97893e-03 Time taken: 0.15 seconds 
Epoch: 118/200 Train accuracy: 6.63400e-01 Validation accuracy: 6.35625e-01 Training loss 7.42668e-03 Validation loss 7.96729e-03 Time taken: 0.15 seconds 
Epoch: 119/200 Train accuracy: 6.65200e-01 Validation accuracy: 6.34875e-01 Training loss 7.40964e-03 Validation loss 7.97950e-03 Time taken: 0.15 seconds 
Epoch: 120/200 Train accuracy: 6.65800e-01 Validation accuracy: 6.35875e-01 Training loss 7.48416e-03 Validation loss 7.95699e-03 Time taken: 0.15 seconds 
Epoch: 121/200 Train accuracy: 6.64400e-01 Validation accuracy: 6.33875e-01 Training loss 7.41083e-03 Validation loss 7.97271e-03 Time taken: 0.15 seconds 
Epoch: 122/200 Train accuracy: 6.65200e-01 Validation accuracy: 6.34875e-01 Training loss 7.42696e-03 Validation loss 7.96238e-03 Time taken: 0.15 seconds 
Epoch: 123/200 Train accuracy: 6.67200e-01 Validation accuracy: 6.37125e-01 Training loss 7.65786e-03 Validation loss 7.97020e-03 Time taken: 0.15 seconds 
Epoch: 124/200 Train accuracy: 6.64200e-01 Validation accuracy: 6.38250e-01 Training loss 7.48870e-03 Validation loss 7.94699e-03 Time taken: 0.15 seconds 
Epoch: 125/200 Train accuracy: 6.65600e-01 Validation accuracy: 6.35625e-01 Training loss 7.44362e-03 Validation loss 7.94876e-03 Time taken: 0.15 seconds 
Epoch: 126/200 Train accuracy: 6.70200e-01 Validation accuracy: 6.35750e-01 Training loss 7.38058e-03 Validation loss 7.93486e-03 Time taken: 0.15 seconds 
Epoch: 127/200 Train accuracy: 6.69000e-01 Validation accuracy: 6.38000e-01 Training loss 7.41050e-03 Validation loss 7.93988e-03 Time taken: 0.16 seconds 
Epoch: 128/200 Train accuracy: 6.66400e-01 Validation accuracy: 6.35250e-01 Training loss 7.48249e-03 Validation loss 7.96480e-03 Time taken: 0.15 seconds 
Epoch: 129/200 Train accuracy: 6.68200e-01 Validation accuracy: 6.37000e-01 Training loss 7.45197e-03 Validation loss 7.92403e-03 Time taken: 0.15 seconds 
Epoch: 130/200 Train accuracy: 6.68400e-01 Validation accuracy: 6.36000e-01 Training loss 7.39234e-03 Validation loss 7.93345e-03 Time taken: 0.15 seconds 
Epoch: 131/200 Train accuracy: 6.69200e-01 Validation accuracy: 6.38750e-01 Training loss 7.43823e-03 Validation loss 7.92752e-03 Time taken: 0.15 seconds 
Epoch: 132/200 Train accuracy: 6.69400e-01 Validation accuracy: 6.38250e-01 Training loss 7.43976e-03 Validation loss 7.93132e-03 Time taken: 0.15 seconds 
Epoch: 133/200 Train accuracy: 6.69200e-01 Validation accuracy: 6.38625e-01 Training loss 7.52980e-03 Validation loss 7.93407e-03 Time taken: 0.15 seconds 
Epoch: 134/200 Train accuracy: 6.71800e-01 Validation accuracy: 6.37500e-01 Training loss 7.33451e-03 Validation loss 7.92054e-03 Time taken: 0.15 seconds 
Epoch: 135/200 Train accuracy: 6.65400e-01 Validation accuracy: 6.35750e-01 Training loss 7.29313e-03 Validation loss 7.93525e-03 Time taken: 0.15 seconds 
Epoch: 136/200 Train accuracy: 6.70000e-01 Validation accuracy: 6.35500e-01 Training loss 7.37290e-03 Validation loss 7.91369e-03 Time taken: 0.15 seconds 
Epoch: 137/200 Train accuracy: 6.68600e-01 Validation accuracy: 6.37125e-01 Training loss 7.37275e-03 Validation loss 7.91267e-03 Time taken: 0.15 seconds 
Epoch: 138/200 Train accuracy: 6.70600e-01 Validation accuracy: 6.39875e-01 Training loss 7.30972e-03 Validation loss 7.90381e-03 Time taken: 0.15 seconds 
Epoch: 139/200 Train accuracy: 6.72000e-01 Validation accuracy: 6.37250e-01 Training loss 7.31227e-03 Validation loss 7.91870e-03 Time taken: 0.15 seconds 
Epoch: 140/200 Train accuracy: 6.74000e-01 Validation accuracy: 6.37500e-01 Training loss 7.42493e-03 Validation loss 7.90365e-03 Time taken: 0.15 seconds 
Epoch: 141/200 Train accuracy: 6.70000e-01 Validation accuracy: 6.36375e-01 Training loss 7.34851e-03 Validation loss 7.91231e-03 Time taken: 0.15 seconds 
Epoch: 142/200 Train accuracy: 6.68600e-01 Validation accuracy: 6.37125e-01 Training loss 7.35260e-03 Validation loss 7.91625e-03 Time taken: 0.18 seconds 
Epoch: 143/200 Train accuracy: 6.72600e-01 Validation accuracy: 6.36125e-01 Training loss 7.24996e-03 Validation loss 7.89740e-03 Time taken: 0.15 seconds 
Epoch: 144/200 Train accuracy: 6.69200e-01 Validation accuracy: 6.37125e-01 Training loss 7.27551e-03 Validation loss 7.91896e-03 Time taken: 0.13 seconds 
Epoch: 145/200 Train accuracy: 6.73800e-01 Validation accuracy: 6.38500e-01 Training loss 7.23545e-03 Validation loss 7.91016e-03 Time taken: 0.19 seconds 
Epoch: 146/200 Train accuracy: 6.71600e-01 Validation accuracy: 6.37750e-01 Training loss 7.35492e-03 Validation loss 7.90966e-03 Time taken: 0.12 seconds 
Epoch: 147/200 Train accuracy: 6.70800e-01 Validation accuracy: 6.40500e-01 Training loss 7.31917e-03 Validation loss 7.88280e-03 Time taken: 0.13 seconds 
Epoch: 148/200 Train accuracy: 6.72200e-01 Validation accuracy: 6.38625e-01 Training loss 7.40060e-03 Validation loss 7.89451e-03 Time taken: 0.14 seconds 
Epoch: 149/200 Train accuracy: 6.71000e-01 Validation accuracy: 6.38250e-01 Training loss 7.33279e-03 Validation loss 7.90580e-03 Time taken: 0.12 seconds 
Epoch: 150/200 Train accuracy: 6.75400e-01 Validation accuracy: 6.38250e-01 Training loss 7.27619e-03 Validation loss 7.88831e-03 Time taken: 0.14 seconds 
Epoch: 151/200 Train accuracy: 6.74600e-01 Validation accuracy: 6.37375e-01 Training loss 7.39113e-03 Validation loss 7.89823e-03 Time taken: 0.14 seconds 
Epoch: 152/200 Train accuracy: 6.74600e-01 Validation accuracy: 6.40375e-01 Training loss 7.21267e-03 Validation loss 7.87489e-03 Time taken: 0.12 seconds 
Epoch: 153/200 Train accuracy: 6.71600e-01 Validation accuracy: 6.39125e-01 Training loss 7.34651e-03 Validation loss 7.88435e-03 Time taken: 0.15 seconds 
Epoch: 154/200 Train accuracy: 6.74200e-01 Validation accuracy: 6.41000e-01 Training loss 7.21918e-03 Validation loss 7.86537e-03 Time taken: 0.14 seconds 
Epoch: 155/200 Train accuracy: 6.77200e-01 Validation accuracy: 6.40125e-01 Training loss 7.30856e-03 Validation loss 7.86118e-03 Time taken: 0.12 seconds 
Epoch: 156/200 Train accuracy: 6.77200e-01 Validation accuracy: 6.40250e-01 Training loss 7.27875e-03 Validation loss 7.87668e-03 Time taken: 0.15 seconds 
Epoch: 157/200 Train accuracy: 6.72000e-01 Validation accuracy: 6.39500e-01 Training loss 7.31988e-03 Validation loss 7.85922e-03 Time taken: 0.14 seconds 
Epoch: 158/200 Train accuracy: 6.75800e-01 Validation accuracy: 6.37625e-01 Training loss 7.31849e-03 Validation loss 7.85945e-03 Time taken: 0.13 seconds 
Epoch: 159/200 Train accuracy: 6.76200e-01 Validation accuracy: 6.39250e-01 Training loss 7.31507e-03 Validation loss 7.87543e-03 Time taken: 0.15 seconds 
Epoch: 160/200 Train accuracy: 6.76600e-01 Validation accuracy: 6.37125e-01 Training loss 7.21140e-03 Validation loss 7.87091e-03 Time taken: 0.14 seconds 
Epoch: 161/200 Train accuracy: 6.74200e-01 Validation accuracy: 6.38375e-01 Training loss 7.19412e-03 Validation loss 7.86712e-03 Time taken: 0.15 seconds 
Epoch: 162/200 Train accuracy: 6.77600e-01 Validation accuracy: 6.42000e-01 Training loss 7.26825e-03 Validation loss 7.84913e-03 Time taken: 0.14 seconds 
Epoch: 163/200 Train accuracy: 6.75000e-01 Validation accuracy: 6.43375e-01 Training loss 7.16580e-03 Validation loss 7.84198e-03 Time taken: 0.14 seconds 
Epoch: 164/200 Train accuracy: 6.78800e-01 Validation accuracy: 6.39750e-01 Training loss 7.22436e-03 Validation loss 7.84577e-03 Time taken: 0.17 seconds 
Epoch: 165/200 Train accuracy: 6.76000e-01 Validation accuracy: 6.42125e-01 Training loss 7.30502e-03 Validation loss 7.83999e-03 Time taken: 0.15 seconds 
Epoch: 166/200 Train accuracy: 6.79400e-01 Validation accuracy: 6.40250e-01 Training loss 7.16563e-03 Validation loss 7.83541e-03 Time taken: 0.13 seconds 
Epoch: 167/200 Train accuracy: 6.76000e-01 Validation accuracy: 6.41375e-01 Training loss 7.21870e-03 Validation loss 7.85857e-03 Time taken: 0.15 seconds 
Epoch: 168/200 Train accuracy: 6.76800e-01 Validation accuracy: 6.39250e-01 Training loss 7.27025e-03 Validation loss 7.84545e-03 Time taken: 0.12 seconds 
Epoch: 169/200 Train accuracy: 6.78200e-01 Validation accuracy: 6.39125e-01 Training loss 7.22301e-03 Validation loss 7.85142e-03 Time taken: 0.13 seconds 
Epoch: 170/200 Train accuracy: 6.77800e-01 Validation accuracy: 6.40625e-01 Training loss 7.18672e-03 Validation loss 7.84693e-03 Time taken: 0.14 seconds 
Epoch: 171/200 Train accuracy: 6.83400e-01 Validation accuracy: 6.40375e-01 Training loss 7.26772e-03 Validation loss 7.85123e-03 Time taken: 0.12 seconds 
Epoch: 172/200 Train accuracy: 6.74000e-01 Validation accuracy: 6.43125e-01 Training loss 7.16877e-03 Validation loss 7.81814e-03 Time taken: 0.20 seconds 
Epoch: 173/200 Train accuracy: 6.79200e-01 Validation accuracy: 6.41875e-01 Training loss 7.22215e-03 Validation loss 7.83390e-03 Time taken: 0.15 seconds 
Epoch: 174/200 Train accuracy: 6.78200e-01 Validation accuracy: 6.42625e-01 Training loss 7.13907e-03 Validation loss 7.81987e-03 Time taken: 0.12 seconds 
Epoch: 175/200 Train accuracy: 6.77200e-01 Validation accuracy: 6.43500e-01 Training loss 7.14869e-03 Validation loss 7.81901e-03 Time taken: 0.15 seconds 
Epoch: 176/200 Train accuracy: 6.77800e-01 Validation accuracy: 6.39750e-01 Training loss 7.22327e-03 Validation loss 7.84233e-03 Time taken: 0.13 seconds 
Epoch: 177/200 Train accuracy: 6.79200e-01 Validation accuracy: 6.42375e-01 Training loss 7.24991e-03 Validation loss 7.80793e-03 Time taken: 0.12 seconds 
Epoch: 178/200 Train accuracy: 6.79600e-01 Validation accuracy: 6.41250e-01 Training loss 7.17164e-03 Validation loss 7.83406e-03 Time taken: 0.14 seconds 
Epoch: 179/200 Train accuracy: 6.78800e-01 Validation accuracy: 6.41125e-01 Training loss 7.15959e-03 Validation loss 7.81268e-03 Time taken: 0.13 seconds 
Epoch: 180/200 Train accuracy: 6.78600e-01 Validation accuracy: 6.40875e-01 Training loss 7.34140e-03 Validation loss 7.81336e-03 Time taken: 0.12 seconds 
Epoch: 181/200 Train accuracy: 6.79000e-01 Validation accuracy: 6.43000e-01 Training loss 7.21860e-03 Validation loss 7.81517e-03 Time taken: 0.15 seconds 
Epoch: 182/200 Train accuracy: 6.80800e-01 Validation accuracy: 6.43250e-01 Training loss 7.15530e-03 Validation loss 7.81164e-03 Time taken: 0.14 seconds 
Epoch: 183/200 Train accuracy: 6.81200e-01 Validation accuracy: 6.41750e-01 Training loss 7.09400e-03 Validation loss 7.82055e-03 Time taken: 0.14 seconds 
Epoch: 184/200 Train accuracy: 6.76600e-01 Validation accuracy: 6.38375e-01 Training loss 7.33669e-03 Validation loss 7.82882e-03 Time taken: 0.15 seconds 
Epoch: 185/200 Train accuracy: 6.80400e-01 Validation accuracy: 6.42875e-01 Training loss 7.21572e-03 Validation loss 7.79840e-03 Time taken: 0.12 seconds 
Epoch: 186/200 Train accuracy: 6.79000e-01 Validation accuracy: 6.40750e-01 Training loss 7.16947e-03 Validation loss 7.80603e-03 Time taken: 0.14 seconds 
Epoch: 187/200 Train accuracy: 6.81400e-01 Validation accuracy: 6.44125e-01 Training loss 7.16917e-03 Validation loss 7.79495e-03 Time taken: 0.18 seconds 
Epoch: 188/200 Train accuracy: 6.78400e-01 Validation accuracy: 6.42875e-01 Training loss 7.23695e-03 Validation loss 7.79890e-03 Time taken: 0.13 seconds 
Epoch: 189/200 Train accuracy: 6.81800e-01 Validation accuracy: 6.40250e-01 Training loss 7.09587e-03 Validation loss 7.81913e-03 Time taken: 0.15 seconds 
Epoch: 190/200 Train accuracy: 6.81800e-01 Validation accuracy: 6.37375e-01 Training loss 7.13985e-03 Validation loss 7.82705e-03 Time taken: 0.14 seconds 
Epoch: 191/200 Train accuracy: 6.81600e-01 Validation accuracy: 6.43875e-01 Training loss 7.13480e-03 Validation loss 7.77981e-03 Time taken: 0.15 seconds 
Epoch: 192/200 Train accuracy: 6.80600e-01 Validation accuracy: 6.42750e-01 Training loss 7.12036e-03 Validation loss 7.82040e-03 Time taken: 0.15 seconds 
Epoch: 193/200 Train accuracy: 6.81400e-01 Validation accuracy: 6.43250e-01 Training loss 7.06763e-03 Validation loss 7.78497e-03 Time taken: 0.15 seconds 
Epoch: 194/200 Train accuracy: 6.80000e-01 Validation accuracy: 6.43875e-01 Training loss 7.04104e-03 Validation loss 7.78599e-03 Time taken: 0.15 seconds 
Epoch: 195/200 Train accuracy: 6.80800e-01 Validation accuracy: 6.43125e-01 Training loss 7.18984e-03 Validation loss 7.79501e-03 Time taken: 0.15 seconds 
Epoch: 196/200 Train accuracy: 6.82800e-01 Validation accuracy: 6.44500e-01 Training loss 7.12471e-03 Validation loss 7.79152e-03 Time taken: 0.16 seconds 
Epoch: 197/200 Train accuracy: 6.82200e-01 Validation accuracy: 6.46125e-01 Training loss 7.11528e-03 Validation loss 7.78042e-03 Time taken: 0.15 seconds 
Epoch: 198/200 Train accuracy: 6.82800e-01 Validation accuracy: 6.45750e-01 Training loss 7.06048e-03 Validation loss 7.78786e-03 Time taken: 0.15 seconds 
Epoch: 199/200 Train accuracy: 6.83400e-01 Validation accuracy: 6.44500e-01 Training loss 7.13069e-03 Validation loss 7.77208e-03 Time taken: 0.16 seconds 
Epoch: 200/200 Train accuracy: 6.85200e-01 Validation accuracy: 6.43000e-01 Training loss 7.18682e-03 Validation loss 7.79675e-03 Time taken: 0.15 seconds 
Total time taken 0:00:29.702566
Cleaning up intermediate feature (.pt) files
Done


