Directory classifiers/jepa-iic-L2-seed43-classifier-pretrained-vitb-normalized-ep400 for saving the classifiers is now present
VisionTransformer(
  (patch_embed): PatchEmbed(
    (proj): Conv2d(3, 768, kernel_size=(15, 15), stride=(15, 15))
  )
  (blocks): ModuleList(
    (0-11): 12 x Block(
      (norm1): LayerNorm((768,), eps=1e-06, elementwise_affine=True)
      (attn): Attention(
        (qkv): Linear(in_features=768, out_features=2304, bias=True)
        (attn_drop): Dropout(p=0.0, inplace=False)
        (proj): Linear(in_features=768, out_features=768, bias=True)
        (proj_drop): Dropout(p=0.0, inplace=False)
      )
      (drop_path): Identity()
      (norm2): LayerNorm((768,), eps=1e-06, elementwise_affine=True)
      (mlp): MLP(
        (fc1): Linear(in_features=768, out_features=3072, bias=True)
        (act): GELU(approximate='none')
        (fc2): Linear(in_features=3072, out_features=768, bias=True)
        (drop): Dropout(p=0.0, inplace=False)
      )
    )
  )
  (norm): LayerNorm((768,), eps=1e-06, elementwise_affine=True)
)
Extracting features and saving them locally..
Epoch: 1/200 Train accuracy: 3.52430e-01 Validation accuracy: 4.09000e-01 Loss 1.31286e-02 Time taken: 1.55 seconds 
Epoch: 2/200 Train accuracy: 4.06798e-01 Validation accuracy: 4.24000e-01 Loss 1.27377e-02 Time taken: 1.55 seconds 
Epoch: 3/200 Train accuracy: 4.26251e-01 Validation accuracy: 4.31000e-01 Loss 1.26059e-02 Time taken: 1.57 seconds 
Epoch: 4/200 Train accuracy: 4.38008e-01 Validation accuracy: 4.46000e-01 Loss 1.25203e-02 Time taken: 1.55 seconds 
Epoch: 5/200 Train accuracy: 4.36298e-01 Validation accuracy: 4.36000e-01 Loss 1.25146e-02 Time taken: 1.55 seconds 
Epoch: 6/200 Train accuracy: 4.40430e-01 Validation accuracy: 4.37000e-01 Loss 1.24768e-02 Time taken: 1.56 seconds 
Epoch: 7/200 Train accuracy: 4.44064e-01 Validation accuracy: 4.46333e-01 Loss 1.24419e-02 Time taken: 1.55 seconds 
Epoch: 8/200 Train accuracy: 4.44634e-01 Validation accuracy: 4.50667e-01 Loss 1.24316e-02 Time taken: 1.56 seconds 
Epoch: 9/200 Train accuracy: 4.49124e-01 Validation accuracy: 4.40333e-01 Loss 1.24054e-02 Time taken: 1.55 seconds 
Epoch: 10/200 Train accuracy: 4.47841e-01 Validation accuracy: 4.49000e-01 Loss 1.24072e-02 Time taken: 1.56 seconds 
Epoch: 11/200 Train accuracy: 4.48055e-01 Validation accuracy: 4.57333e-01 Loss 1.24003e-02 Time taken: 1.55 seconds 
Epoch: 12/200 Train accuracy: 4.54111e-01 Validation accuracy: 4.51000e-01 Loss 1.23726e-02 Time taken: 1.56 seconds 
Epoch: 13/200 Train accuracy: 4.52686e-01 Validation accuracy: 4.56667e-01 Loss 1.23684e-02 Time taken: 1.55 seconds 
Epoch: 14/200 Train accuracy: 4.59741e-01 Validation accuracy: 4.48000e-01 Loss 1.23417e-02 Time taken: 1.55 seconds 
Epoch: 15/200 Train accuracy: 4.57674e-01 Validation accuracy: 4.50000e-01 Loss 1.23413e-02 Time taken: 1.55 seconds 
Epoch: 16/200 Train accuracy: 4.61736e-01 Validation accuracy: 4.59000e-01 Loss 1.23307e-02 Time taken: 1.56 seconds 
Epoch: 17/200 Train accuracy: 4.59741e-01 Validation accuracy: 4.53667e-01 Loss 1.23201e-02 Time taken: 1.56 seconds 
Epoch: 18/200 Train accuracy: 4.57318e-01 Validation accuracy: 4.56000e-01 Loss 1.23342e-02 Time taken: 1.56 seconds 
Epoch: 19/200 Train accuracy: 4.63802e-01 Validation accuracy: 4.52000e-01 Loss 1.23090e-02 Time taken: 1.56 seconds 
Epoch: 20/200 Train accuracy: 4.58387e-01 Validation accuracy: 4.54667e-01 Loss 1.23087e-02 Time taken: 1.56 seconds 
Epoch: 21/200 Train accuracy: 4.64657e-01 Validation accuracy: 4.59333e-01 Loss 1.23071e-02 Time taken: 1.56 seconds 
Epoch: 22/200 Train accuracy: 4.62092e-01 Validation accuracy: 4.61667e-01 Loss 1.22992e-02 Time taken: 1.57 seconds 
Epoch: 23/200 Train accuracy: 4.63945e-01 Validation accuracy: 4.63000e-01 Loss 1.22924e-02 Time taken: 1.55 seconds 
Epoch: 24/200 Train accuracy: 4.64729e-01 Validation accuracy: 4.64000e-01 Loss 1.22870e-02 Time taken: 1.56 seconds 
Epoch: 25/200 Train accuracy: 4.64800e-01 Validation accuracy: 4.60667e-01 Loss 1.22893e-02 Time taken: 1.56 seconds 
Epoch: 26/200 Train accuracy: 4.66154e-01 Validation accuracy: 4.58333e-01 Loss 1.22888e-02 Time taken: 1.55 seconds 
Epoch: 27/200 Train accuracy: 4.66937e-01 Validation accuracy: 4.59333e-01 Loss 1.22617e-02 Time taken: 1.55 seconds 
Epoch: 28/200 Train accuracy: 4.63802e-01 Validation accuracy: 4.57000e-01 Loss 1.22943e-02 Time taken: 1.56 seconds 
Epoch: 29/200 Train accuracy: 4.66510e-01 Validation accuracy: 4.55333e-01 Loss 1.22664e-02 Time taken: 1.56 seconds 
Epoch: 30/200 Train accuracy: 4.67507e-01 Validation accuracy: 4.67333e-01 Loss 1.22626e-02 Time taken: 1.55 seconds 
Epoch: 31/200 Train accuracy: 4.70429e-01 Validation accuracy: 4.69667e-01 Loss 1.22508e-02 Time taken: 1.55 seconds 
Epoch: 32/200 Train accuracy: 4.72210e-01 Validation accuracy: 4.49667e-01 Loss 1.22349e-02 Time taken: 1.56 seconds 
Epoch: 33/200 Train accuracy: 4.68861e-01 Validation accuracy: 4.55667e-01 Loss 1.22491e-02 Time taken: 1.56 seconds 
Epoch: 34/200 Train accuracy: 4.72424e-01 Validation accuracy: 4.68000e-01 Loss 1.22445e-02 Time taken: 1.54 seconds 
Epoch: 35/200 Train accuracy: 4.67864e-01 Validation accuracy: 4.68333e-01 Loss 1.22317e-02 Time taken: 1.56 seconds 
Epoch: 36/200 Train accuracy: 4.71569e-01 Validation accuracy: 4.71667e-01 Loss 1.22311e-02 Time taken: 1.55 seconds 
Epoch: 37/200 Train accuracy: 4.72353e-01 Validation accuracy: 4.54667e-01 Loss 1.22188e-02 Time taken: 1.55 seconds 
Epoch: 38/200 Train accuracy: 4.71640e-01 Validation accuracy: 4.71667e-01 Loss 1.22193e-02 Time taken: 1.56 seconds 
Epoch: 39/200 Train accuracy: 4.72139e-01 Validation accuracy: 4.59333e-01 Loss 1.22267e-02 Time taken: 1.55 seconds 
Epoch: 40/200 Train accuracy: 4.71640e-01 Validation accuracy: 4.72000e-01 Loss 1.22122e-02 Time taken: 1.55 seconds 
Epoch: 41/200 Train accuracy: 4.73707e-01 Validation accuracy: 4.81000e-01 Loss 1.22128e-02 Time taken: 1.55 seconds 
Epoch: 42/200 Train accuracy: 4.72994e-01 Validation accuracy: 4.63000e-01 Loss 1.22181e-02 Time taken: 1.56 seconds 
Epoch: 43/200 Train accuracy: 4.74063e-01 Validation accuracy: 4.73333e-01 Loss 1.22192e-02 Time taken: 1.56 seconds 
Epoch: 44/200 Train accuracy: 4.73849e-01 Validation accuracy: 4.79000e-01 Loss 1.22116e-02 Time taken: 1.55 seconds 
Epoch: 45/200 Train accuracy: 4.80191e-01 Validation accuracy: 4.75000e-01 Loss 1.21833e-02 Time taken: 1.56 seconds 
Epoch: 46/200 Train accuracy: 4.74776e-01 Validation accuracy: 4.79333e-01 Loss 1.22053e-02 Time taken: 1.56 seconds 
Epoch: 47/200 Train accuracy: 4.75346e-01 Validation accuracy: 4.79333e-01 Loss 1.21919e-02 Time taken: 1.57 seconds 
Epoch: 48/200 Train accuracy: 4.77127e-01 Validation accuracy: 4.79667e-01 Loss 1.21873e-02 Time taken: 1.56 seconds 
Epoch: 49/200 Train accuracy: 4.79265e-01 Validation accuracy: 4.72000e-01 Loss 1.21736e-02 Time taken: 1.56 seconds 
Epoch: 50/200 Train accuracy: 4.78552e-01 Validation accuracy: 4.67000e-01 Loss 1.21806e-02 Time taken: 1.55 seconds 
Epoch: 51/200 Train accuracy: 4.78908e-01 Validation accuracy: 4.79000e-01 Loss 1.21738e-02 Time taken: 1.56 seconds 
Epoch: 52/200 Train accuracy: 4.77626e-01 Validation accuracy: 4.78667e-01 Loss 1.21769e-02 Time taken: 1.55 seconds 
Epoch: 53/200 Train accuracy: 4.80904e-01 Validation accuracy: 4.74333e-01 Loss 1.21692e-02 Time taken: 1.55 seconds 
Epoch: 54/200 Train accuracy: 4.77911e-01 Validation accuracy: 4.76000e-01 Loss 1.21773e-02 Time taken: 1.55 seconds 
Epoch: 55/200 Train accuracy: 4.79906e-01 Validation accuracy: 4.86000e-01 Loss 1.21722e-02 Time taken: 1.55 seconds 
Epoch: 56/200 Train accuracy: 4.75844e-01 Validation accuracy: 4.82000e-01 Loss 1.21856e-02 Time taken: 1.55 seconds 
Epoch: 57/200 Train accuracy: 4.79763e-01 Validation accuracy: 4.87333e-01 Loss 1.21715e-02 Time taken: 1.56 seconds 
Epoch: 58/200 Train accuracy: 4.77626e-01 Validation accuracy: 4.86000e-01 Loss 1.21800e-02 Time taken: 1.55 seconds 
Epoch: 59/200 Train accuracy: 4.81545e-01 Validation accuracy: 4.64333e-01 Loss 1.21589e-02 Time taken: 1.55 seconds 
Epoch: 60/200 Train accuracy: 4.80191e-01 Validation accuracy: 4.79667e-01 Loss 1.21663e-02 Time taken: 1.56 seconds 
Epoch: 61/200 Train accuracy: 4.83255e-01 Validation accuracy: 4.80000e-01 Loss 1.21478e-02 Time taken: 1.56 seconds 
Epoch: 62/200 Train accuracy: 4.80120e-01 Validation accuracy: 4.84333e-01 Loss 1.21691e-02 Time taken: 1.56 seconds 
Epoch: 63/200 Train accuracy: 4.80333e-01 Validation accuracy: 4.79333e-01 Loss 1.21635e-02 Time taken: 1.56 seconds 
Epoch: 64/200 Train accuracy: 4.78980e-01 Validation accuracy: 4.69000e-01 Loss 1.21730e-02 Time taken: 1.56 seconds 
Epoch: 65/200 Train accuracy: 4.81331e-01 Validation accuracy: 4.68333e-01 Loss 1.21672e-02 Time taken: 1.56 seconds 
Epoch: 66/200 Train accuracy: 4.87530e-01 Validation accuracy: 4.84000e-01 Loss 1.21398e-02 Time taken: 1.57 seconds 
Epoch: 67/200 Train accuracy: 4.84110e-01 Validation accuracy: 4.75000e-01 Loss 1.21492e-02 Time taken: 1.55 seconds 
Epoch: 68/200 Train accuracy: 4.79906e-01 Validation accuracy: 4.85667e-01 Loss 1.21572e-02 Time taken: 1.55 seconds 
Epoch: 69/200 Train accuracy: 4.86390e-01 Validation accuracy: 4.79333e-01 Loss 1.21212e-02 Time taken: 1.55 seconds 
Epoch: 70/200 Train accuracy: 4.82329e-01 Validation accuracy: 4.83333e-01 Loss 1.21496e-02 Time taken: 1.55 seconds 
Epoch: 71/200 Train accuracy: 4.81901e-01 Validation accuracy: 4.84000e-01 Loss 1.21551e-02 Time taken: 1.55 seconds 
Epoch: 72/200 Train accuracy: 4.82614e-01 Validation accuracy: 4.84000e-01 Loss 1.21506e-02 Time taken: 1.55 seconds 
Epoch: 73/200 Train accuracy: 4.82400e-01 Validation accuracy: 4.89000e-01 Loss 1.21425e-02 Time taken: 1.55 seconds 
Epoch: 74/200 Train accuracy: 4.80547e-01 Validation accuracy: 4.89333e-01 Loss 1.21497e-02 Time taken: 1.55 seconds 
Epoch: 75/200 Train accuracy: 4.82471e-01 Validation accuracy: 4.92000e-01 Loss 1.21424e-02 Time taken: 1.56 seconds 
Epoch: 76/200 Train accuracy: 4.85678e-01 Validation accuracy: 4.82667e-01 Loss 1.21380e-02 Time taken: 1.56 seconds 
Epoch: 77/200 Train accuracy: 4.79977e-01 Validation accuracy: 4.71667e-01 Loss 1.21503e-02 Time taken: 1.55 seconds 
Epoch: 78/200 Train accuracy: 4.87174e-01 Validation accuracy: 4.81333e-01 Loss 1.21192e-02 Time taken: 1.55 seconds 
Epoch: 79/200 Train accuracy: 4.82400e-01 Validation accuracy: 4.80000e-01 Loss 1.21310e-02 Time taken: 1.56 seconds 
Epoch: 80/200 Train accuracy: 4.83041e-01 Validation accuracy: 4.79333e-01 Loss 1.21395e-02 Time taken: 1.56 seconds 
Epoch: 81/200 Train accuracy: 4.85678e-01 Validation accuracy: 4.92333e-01 Loss 1.21304e-02 Time taken: 1.55 seconds 
Epoch: 82/200 Train accuracy: 4.84823e-01 Validation accuracy: 4.83000e-01 Loss 1.21435e-02 Time taken: 1.56 seconds 
Epoch: 83/200 Train accuracy: 4.83825e-01 Validation accuracy: 4.91667e-01 Loss 1.21447e-02 Time taken: 1.55 seconds 
Epoch: 84/200 Train accuracy: 4.82756e-01 Validation accuracy: 4.85667e-01 Loss 1.21396e-02 Time taken: 1.55 seconds 
Epoch: 85/200 Train accuracy: 4.84538e-01 Validation accuracy: 4.81000e-01 Loss 1.21286e-02 Time taken: 1.55 seconds 
Epoch: 86/200 Train accuracy: 4.85606e-01 Validation accuracy: 4.89000e-01 Loss 1.21432e-02 Time taken: 1.56 seconds 
Epoch: 87/200 Train accuracy: 4.87887e-01 Validation accuracy: 4.94000e-01 Loss 1.21117e-02 Time taken: 1.55 seconds 
Epoch: 88/200 Train accuracy: 4.83968e-01 Validation accuracy: 4.84667e-01 Loss 1.21243e-02 Time taken: 1.55 seconds 
Epoch: 89/200 Train accuracy: 4.85749e-01 Validation accuracy: 4.82333e-01 Loss 1.21251e-02 Time taken: 1.57 seconds 
Epoch: 90/200 Train accuracy: 4.84965e-01 Validation accuracy: 4.86333e-01 Loss 1.21273e-02 Time taken: 1.56 seconds 
Epoch: 91/200 Train accuracy: 4.84110e-01 Validation accuracy: 4.87667e-01 Loss 1.21261e-02 Time taken: 1.55 seconds 
Epoch: 92/200 Train accuracy: 4.86960e-01 Validation accuracy: 4.82000e-01 Loss 1.21155e-02 Time taken: 1.55 seconds 
Epoch: 93/200 Train accuracy: 4.86461e-01 Validation accuracy: 4.91000e-01 Loss 1.21260e-02 Time taken: 1.56 seconds 
Epoch: 94/200 Train accuracy: 4.89597e-01 Validation accuracy: 4.88667e-01 Loss 1.21076e-02 Time taken: 1.56 seconds 
Epoch: 95/200 Train accuracy: 4.84609e-01 Validation accuracy: 4.69333e-01 Loss 1.21316e-02 Time taken: 1.56 seconds 
Epoch: 96/200 Train accuracy: 4.88100e-01 Validation accuracy: 4.88000e-01 Loss 1.21047e-02 Time taken: 1.56 seconds 
Epoch: 97/200 Train accuracy: 4.88243e-01 Validation accuracy: 4.91000e-01 Loss 1.21099e-02 Time taken: 1.57 seconds 
Epoch: 98/200 Train accuracy: 4.85820e-01 Validation accuracy: 4.82333e-01 Loss 1.21050e-02 Time taken: 1.56 seconds 
Epoch: 99/200 Train accuracy: 4.84538e-01 Validation accuracy: 4.82333e-01 Loss 1.21241e-02 Time taken: 1.56 seconds 
Epoch: 100/200 Train accuracy: 4.87103e-01 Validation accuracy: 4.93000e-01 Loss 1.21181e-02 Time taken: 1.56 seconds 
Epoch: 101/200 Train accuracy: 4.93730e-01 Validation accuracy: 4.79333e-01 Loss 1.20912e-02 Time taken: 1.56 seconds 
Epoch: 102/200 Train accuracy: 4.85606e-01 Validation accuracy: 4.84333e-01 Loss 1.21134e-02 Time taken: 1.56 seconds 
Epoch: 103/200 Train accuracy: 4.87744e-01 Validation accuracy: 4.89667e-01 Loss 1.21091e-02 Time taken: 1.56 seconds 
Epoch: 104/200 Train accuracy: 4.83540e-01 Validation accuracy: 4.95333e-01 Loss 1.21288e-02 Time taken: 1.56 seconds 
Epoch: 105/200 Train accuracy: 4.90238e-01 Validation accuracy: 4.87333e-01 Loss 1.20934e-02 Time taken: 1.56 seconds 
Epoch: 106/200 Train accuracy: 4.85963e-01 Validation accuracy: 4.81000e-01 Loss 1.21146e-02 Time taken: 1.55 seconds 
Epoch: 107/200 Train accuracy: 4.87673e-01 Validation accuracy: 4.82333e-01 Loss 1.21105e-02 Time taken: 1.56 seconds 
Epoch: 108/200 Train accuracy: 4.84751e-01 Validation accuracy: 4.84000e-01 Loss 1.21161e-02 Time taken: 1.55 seconds 
Epoch: 109/200 Train accuracy: 4.84609e-01 Validation accuracy: 4.87000e-01 Loss 1.21290e-02 Time taken: 1.55 seconds 
Epoch: 110/200 Train accuracy: 4.91164e-01 Validation accuracy: 4.94333e-01 Loss 1.20939e-02 Time taken: 1.55 seconds 
Epoch: 111/200 Train accuracy: 4.85891e-01 Validation accuracy: 4.94000e-01 Loss 1.21091e-02 Time taken: 1.55 seconds 
Epoch: 112/200 Train accuracy: 4.88029e-01 Validation accuracy: 4.82000e-01 Loss 1.21201e-02 Time taken: 1.55 seconds 
Epoch: 113/200 Train accuracy: 4.85891e-01 Validation accuracy: 4.87333e-01 Loss 1.21239e-02 Time taken: 1.55 seconds 
Epoch: 114/200 Train accuracy: 4.88243e-01 Validation accuracy: 4.92333e-01 Loss 1.21167e-02 Time taken: 1.56 seconds 
Epoch: 115/200 Train accuracy: 4.84965e-01 Validation accuracy: 4.80667e-01 Loss 1.21204e-02 Time taken: 1.56 seconds 
Epoch: 116/200 Train accuracy: 4.89810e-01 Validation accuracy: 4.91667e-01 Loss 1.20993e-02 Time taken: 1.56 seconds 
Epoch: 117/200 Train accuracy: 4.90523e-01 Validation accuracy: 4.86667e-01 Loss 1.21008e-02 Time taken: 1.56 seconds 
Epoch: 118/200 Train accuracy: 4.85250e-01 Validation accuracy: 4.96667e-01 Loss 1.21166e-02 Time taken: 1.55 seconds 
Epoch: 119/200 Train accuracy: 4.88742e-01 Validation accuracy: 4.93333e-01 Loss 1.21037e-02 Time taken: 1.56 seconds 
Epoch: 120/200 Train accuracy: 4.88457e-01 Validation accuracy: 4.91000e-01 Loss 1.20967e-02 Time taken: 1.55 seconds 
Epoch: 121/200 Train accuracy: 4.89953e-01 Validation accuracy: 4.94333e-01 Loss 1.20982e-02 Time taken: 1.56 seconds 
Epoch: 122/200 Train accuracy: 4.90167e-01 Validation accuracy: 4.90333e-01 Loss 1.20990e-02 Time taken: 1.56 seconds 
Epoch: 123/200 Train accuracy: 4.91307e-01 Validation accuracy: 4.93333e-01 Loss 1.21037e-02 Time taken: 1.56 seconds 
Epoch: 124/200 Train accuracy: 4.88528e-01 Validation accuracy: 4.93667e-01 Loss 1.21035e-02 Time taken: 1.55 seconds 
Epoch: 125/200 Train accuracy: 4.87958e-01 Validation accuracy: 4.83333e-01 Loss 1.20990e-02 Time taken: 1.56 seconds 
Epoch: 126/200 Train accuracy: 4.87887e-01 Validation accuracy: 4.85000e-01 Loss 1.21163e-02 Time taken: 1.56 seconds 
Epoch: 127/200 Train accuracy: 4.85393e-01 Validation accuracy: 4.80000e-01 Loss 1.21176e-02 Time taken: 1.56 seconds 
Epoch: 128/200 Train accuracy: 4.88742e-01 Validation accuracy: 4.90667e-01 Loss 1.21000e-02 Time taken: 1.55 seconds 
Epoch: 129/200 Train accuracy: 4.92376e-01 Validation accuracy: 4.88333e-01 Loss 1.20819e-02 Time taken: 1.56 seconds 
Epoch: 130/200 Train accuracy: 4.91592e-01 Validation accuracy: 4.88000e-01 Loss 1.20913e-02 Time taken: 1.56 seconds 
Epoch: 131/200 Train accuracy: 4.87887e-01 Validation accuracy: 4.83667e-01 Loss 1.21129e-02 Time taken: 1.55 seconds 
Epoch: 132/200 Train accuracy: 4.91164e-01 Validation accuracy: 4.82333e-01 Loss 1.21022e-02 Time taken: 1.55 seconds 
Epoch: 133/200 Train accuracy: 4.90594e-01 Validation accuracy: 4.96333e-01 Loss 1.20881e-02 Time taken: 1.56 seconds 
Epoch: 134/200 Train accuracy: 4.90238e-01 Validation accuracy: 4.98333e-01 Loss 1.20895e-02 Time taken: 1.56 seconds 
Epoch: 135/200 Train accuracy: 4.94086e-01 Validation accuracy: 4.79667e-01 Loss 1.20812e-02 Time taken: 1.55 seconds 
Epoch: 136/200 Train accuracy: 4.86604e-01 Validation accuracy: 4.87333e-01 Loss 1.21174e-02 Time taken: 1.57 seconds 
Epoch: 137/200 Train accuracy: 4.87815e-01 Validation accuracy: 4.75667e-01 Loss 1.21035e-02 Time taken: 1.56 seconds 
Epoch: 138/200 Train accuracy: 4.90523e-01 Validation accuracy: 4.87333e-01 Loss 1.20942e-02 Time taken: 1.56 seconds 
Epoch: 139/200 Train accuracy: 4.90666e-01 Validation accuracy: 4.88333e-01 Loss 1.20997e-02 Time taken: 1.57 seconds 
Epoch: 140/200 Train accuracy: 4.88599e-01 Validation accuracy: 4.88333e-01 Loss 1.21048e-02 Time taken: 1.56 seconds 
Epoch: 141/200 Train accuracy: 4.89169e-01 Validation accuracy: 4.88333e-01 Loss 1.20971e-02 Time taken: 1.57 seconds 
Epoch: 142/200 Train accuracy: 4.88314e-01 Validation accuracy: 4.95667e-01 Loss 1.20991e-02 Time taken: 1.56 seconds 
Epoch: 143/200 Train accuracy: 4.87744e-01 Validation accuracy: 4.99000e-01 Loss 1.21058e-02 Time taken: 1.55 seconds 
Epoch: 144/200 Train accuracy: 4.91592e-01 Validation accuracy: 4.94333e-01 Loss 1.20962e-02 Time taken: 1.56 seconds 
Epoch: 145/200 Train accuracy: 4.90594e-01 Validation accuracy: 4.91667e-01 Loss 1.20820e-02 Time taken: 1.55 seconds 
Epoch: 146/200 Train accuracy: 4.87245e-01 Validation accuracy: 4.92333e-01 Loss 1.21106e-02 Time taken: 1.56 seconds 
Epoch: 147/200 Train accuracy: 4.87031e-01 Validation accuracy: 4.93000e-01 Loss 1.21118e-02 Time taken: 1.56 seconds 
Epoch: 148/200 Train accuracy: 4.91164e-01 Validation accuracy: 4.90000e-01 Loss 1.20890e-02 Time taken: 1.57 seconds 
Epoch: 149/200 Train accuracy: 4.90594e-01 Validation accuracy: 4.86333e-01 Loss 1.20862e-02 Time taken: 1.56 seconds 
Epoch: 150/200 Train accuracy: 4.90951e-01 Validation accuracy: 4.90667e-01 Loss 1.20860e-02 Time taken: 1.56 seconds 
Epoch: 151/200 Train accuracy: 4.94727e-01 Validation accuracy: 4.89000e-01 Loss 1.20729e-02 Time taken: 1.56 seconds 
Epoch: 152/200 Train accuracy: 4.88813e-01 Validation accuracy: 4.89333e-01 Loss 1.20936e-02 Time taken: 1.56 seconds 
Epoch: 153/200 Train accuracy: 4.87887e-01 Validation accuracy: 4.98667e-01 Loss 1.20974e-02 Time taken: 1.55 seconds 
Epoch: 154/200 Train accuracy: 4.89953e-01 Validation accuracy: 4.87000e-01 Loss 1.20918e-02 Time taken: 1.57 seconds 
Epoch: 155/200 Train accuracy: 4.93159e-01 Validation accuracy: 4.86333e-01 Loss 1.20752e-02 Time taken: 1.56 seconds 
Epoch: 156/200 Train accuracy: 4.91521e-01 Validation accuracy: 4.92667e-01 Loss 1.20998e-02 Time taken: 1.56 seconds 
Epoch: 157/200 Train accuracy: 4.87530e-01 Validation accuracy: 4.83667e-01 Loss 1.20964e-02 Time taken: 1.57 seconds 
Epoch: 158/200 Train accuracy: 4.88599e-01 Validation accuracy: 4.89333e-01 Loss 1.20892e-02 Time taken: 1.56 seconds 
Epoch: 159/200 Train accuracy: 4.92732e-01 Validation accuracy: 4.91667e-01 Loss 1.20928e-02 Time taken: 1.56 seconds 
Epoch: 160/200 Train accuracy: 4.89240e-01 Validation accuracy: 4.75667e-01 Loss 1.20908e-02 Time taken: 1.56 seconds 
Epoch: 161/200 Train accuracy: 4.89668e-01 Validation accuracy: 4.95000e-01 Loss 1.20852e-02 Time taken: 1.55 seconds 
Epoch: 162/200 Train accuracy: 4.88599e-01 Validation accuracy: 4.85333e-01 Loss 1.20960e-02 Time taken: 1.57 seconds 
Epoch: 163/200 Train accuracy: 4.91378e-01 Validation accuracy: 4.89333e-01 Loss 1.20910e-02 Time taken: 1.56 seconds 
Epoch: 164/200 Train accuracy: 4.94015e-01 Validation accuracy: 4.97667e-01 Loss 1.20673e-02 Time taken: 1.57 seconds 
Epoch: 165/200 Train accuracy: 4.85606e-01 Validation accuracy: 4.97667e-01 Loss 1.21132e-02 Time taken: 1.56 seconds 
Epoch: 166/200 Train accuracy: 4.94442e-01 Validation accuracy: 4.98667e-01 Loss 1.20763e-02 Time taken: 1.56 seconds 
Epoch: 167/200 Train accuracy: 4.91378e-01 Validation accuracy: 4.93667e-01 Loss 1.20836e-02 Time taken: 1.55 seconds 
Epoch: 168/200 Train accuracy: 4.91663e-01 Validation accuracy: 4.92667e-01 Loss 1.20928e-02 Time taken: 1.55 seconds 
Epoch: 169/200 Train accuracy: 4.91806e-01 Validation accuracy: 4.78333e-01 Loss 1.20827e-02 Time taken: 1.55 seconds 
Epoch: 170/200 Train accuracy: 4.89169e-01 Validation accuracy: 4.84000e-01 Loss 1.21017e-02 Time taken: 1.56 seconds 
Epoch: 171/200 Train accuracy: 4.96366e-01 Validation accuracy: 4.86667e-01 Loss 1.20790e-02 Time taken: 1.55 seconds 
Epoch: 172/200 Train accuracy: 4.93658e-01 Validation accuracy: 4.89000e-01 Loss 1.20853e-02 Time taken: 1.56 seconds 
Epoch: 173/200 Train accuracy: 4.92874e-01 Validation accuracy: 4.99000e-01 Loss 1.20748e-02 Time taken: 1.55 seconds 
Epoch: 174/200 Train accuracy: 4.90808e-01 Validation accuracy: 4.97333e-01 Loss 1.20893e-02 Time taken: 1.55 seconds 
Epoch: 175/200 Train accuracy: 4.89668e-01 Validation accuracy: 4.94000e-01 Loss 1.20894e-02 Time taken: 1.55 seconds 
Epoch: 176/200 Train accuracy: 4.90309e-01 Validation accuracy: 4.88667e-01 Loss 1.20811e-02 Time taken: 1.56 seconds 
Epoch: 177/200 Train accuracy: 4.89668e-01 Validation accuracy: 4.89000e-01 Loss 1.20901e-02 Time taken: 1.55 seconds 
Epoch: 178/200 Train accuracy: 4.92661e-01 Validation accuracy: 4.87000e-01 Loss 1.20895e-02 Time taken: 1.55 seconds 
Epoch: 179/200 Train accuracy: 4.90523e-01 Validation accuracy: 4.86000e-01 Loss 1.20882e-02 Time taken: 1.55 seconds 
Epoch: 180/200 Train accuracy: 4.90238e-01 Validation accuracy: 4.88000e-01 Loss 1.20876e-02 Time taken: 1.55 seconds 
Epoch: 181/200 Train accuracy: 4.87958e-01 Validation accuracy: 4.86667e-01 Loss 1.21016e-02 Time taken: 1.55 seconds 
Epoch: 182/200 Train accuracy: 4.95368e-01 Validation accuracy: 4.88000e-01 Loss 1.20673e-02 Time taken: 1.55 seconds 
Epoch: 183/200 Train accuracy: 4.92376e-01 Validation accuracy: 4.90000e-01 Loss 1.20781e-02 Time taken: 1.55 seconds 
Epoch: 184/200 Train accuracy: 4.93658e-01 Validation accuracy: 4.89667e-01 Loss 1.20777e-02 Time taken: 1.56 seconds 
Epoch: 185/200 Train accuracy: 4.89525e-01 Validation accuracy: 4.83667e-01 Loss 1.20879e-02 Time taken: 1.56 seconds 
Epoch: 186/200 Train accuracy: 4.92162e-01 Validation accuracy: 4.90333e-01 Loss 1.20769e-02 Time taken: 1.56 seconds 
Epoch: 187/200 Train accuracy: 4.88599e-01 Validation accuracy: 4.92000e-01 Loss 1.20887e-02 Time taken: 1.55 seconds 
Epoch: 188/200 Train accuracy: 4.92019e-01 Validation accuracy: 4.79667e-01 Loss 1.20853e-02 Time taken: 1.55 seconds 
Epoch: 189/200 Train accuracy: 4.87887e-01 Validation accuracy: 4.95667e-01 Loss 1.20982e-02 Time taken: 1.56 seconds 
Epoch: 190/200 Train accuracy: 4.90879e-01 Validation accuracy: 4.87000e-01 Loss 1.20812e-02 Time taken: 1.55 seconds 
Epoch: 191/200 Train accuracy: 4.93088e-01 Validation accuracy: 4.94000e-01 Loss 1.20888e-02 Time taken: 1.55 seconds 
Epoch: 192/200 Train accuracy: 4.92376e-01 Validation accuracy: 4.93667e-01 Loss 1.20755e-02 Time taken: 1.54 seconds 
Epoch: 193/200 Train accuracy: 4.91877e-01 Validation accuracy: 4.90667e-01 Loss 1.20844e-02 Time taken: 1.55 seconds 
Epoch: 194/200 Train accuracy: 4.92447e-01 Validation accuracy: 4.91333e-01 Loss 1.20791e-02 Time taken: 1.56 seconds 
Epoch: 195/200 Train accuracy: 4.91521e-01 Validation accuracy: 4.89667e-01 Loss 1.20843e-02 Time taken: 1.55 seconds 
Epoch: 196/200 Train accuracy: 4.89098e-01 Validation accuracy: 4.87667e-01 Loss 1.20847e-02 Time taken: 1.55 seconds 
Epoch: 197/200 Train accuracy: 4.92803e-01 Validation accuracy: 4.88333e-01 Loss 1.20762e-02 Time taken: 1.56 seconds 
Epoch: 198/200 Train accuracy: 4.90879e-01 Validation accuracy: 4.87333e-01 Loss 1.20821e-02 Time taken: 1.56 seconds 
Epoch: 199/200 Train accuracy: 4.93231e-01 Validation accuracy: 4.90000e-01 Loss 1.20770e-02 Time taken: 1.56 seconds 
Epoch: 200/200 Train accuracy: 4.90452e-01 Validation accuracy: 4.88667e-01 Loss 1.20871e-02 Time taken: 1.55 seconds 
Total time taken 0:05:11.526894
Cleaning up intermediate feature (.pt) files
Done


working on file logs_PKT/iic-train-PKT-seed43-maxvar-separate/jepa-iic-PKT-maxvar-seed43-ep500.pth.tar ...
