VisionTransformer(
  (patch_embed): PatchEmbed(
    (proj): Conv2d(3, 768, kernel_size=(15, 15), stride=(15, 15))
  )
  (blocks): ModuleList(
    (0-11): 12 x Block(
      (norm1): LayerNorm((768,), eps=1e-06, elementwise_affine=True)
      (attn): Attention(
        (qkv): Linear(in_features=768, out_features=2304, bias=True)
        (attn_drop): Dropout(p=0.0, inplace=False)
        (proj): Linear(in_features=768, out_features=768, bias=True)
        (proj_drop): Dropout(p=0.0, inplace=False)
      )
      (drop_path): Identity()
      (norm2): LayerNorm((768,), eps=1e-06, elementwise_affine=True)
      (mlp): MLP(
        (fc1): Linear(in_features=768, out_features=3072, bias=True)
        (act): GELU(approximate='none')
        (fc2): Linear(in_features=3072, out_features=768, bias=True)
        (drop): Dropout(p=0.0, inplace=False)
      )
    )
  )
  (norm): LayerNorm((768,), eps=1e-06, elementwise_affine=True)
)
making imagenet data transforms
data-path datasets/intel-image-classification/train/
Initialized ImageNet
ImageNet dataset created
ImageNet unsupervised data loader created
Using AdamW
loaded pretrained encoder from epoch 99 with msg: <All keys matched successfully>
loaded pretrained encoder from epoch 99 with msg: <All keys matched successfully>
loaded pretrained encoder from epoch 99 with msg: <All keys matched successfully>
loaded optimizers from epoch 99
read-path: logs_PKT/iic-train-PKT-seed43-maxvar-separate/jepa-iic-PKT-maxvar-seed43-ep100.pth.tar
Starting
Iteration: 0
torch.Size([64, 4, 16, 768])
torch.Size([4, 16, 768])
Iteration: 1
time taken for epoch 0:02:51.565678
Total pretraining time 0:02:51.565820
working on file logs_PKT/iic-train-PKT-seed43-maxvar-separate/jepa-iic-PKT-maxvar-seed43-ep200.pth.tar out of ['logs_PKT/iic-train-PKT-seed43-maxvar-separate/jepa-iic-PKT-maxvar-seed43-ep500.pth.tar', 'logs_PKT/iic-train-PKT-seed43-maxvar-separate/jepa-iic-PKT-maxvar-seed43-ep400.pth.tar', 'logs_PKT/iic-train-PKT-seed43-maxvar-separate/jepa-iic-PKT-maxvar-seed43-ep300.pth.tar', 'logs_PKT/iic-train-PKT-seed43-maxvar-separate/jepa-iic-PKT-maxvar-seed43-ep100.pth.tar', 'logs_PKT/iic-train-PKT-seed43-maxvar-separate/jepa-iic-PKT-maxvar-seed43-ep200.pth.tar']...
Initialized (rank/world-size) 0/1
train.py: _GLOBAL_SEED=0
VisionTransformer(
  (patch_embed): PatchEmbed(
    (proj): Conv2d(3, 768, kernel_size=(15, 15), stride=(15, 15))
  )
  (blocks): ModuleList(
    (0-11): 12 x Block(
      (norm1): LayerNorm((768,), eps=1e-06, elementwise_affine=True)
      (attn): Attention(
        (qkv): Linear(in_features=768, out_features=2304, bias=True)
        (attn_drop): Dropout(p=0.0, inplace=False)
        (proj): Linear(in_features=768, out_features=768, bias=True)
        (proj_drop): Dropout(p=0.0, inplace=False)
      )
      (drop_path): Identity()
      (norm2): LayerNorm((768,), eps=1e-06, elementwise_affine=True)
      (mlp): MLP(
        (fc1): Linear(in_features=768, out_features=3072, bias=True)
        (act): GELU(approximate='none')
        (fc2): Linear(in_features=3072, out_features=768, bias=True)
        (drop): Dropout(p=0.0, inplace=False)
      )
    )
  )
  (norm): LayerNorm((768,), eps=1e-06, elementwise_affine=True)
)
VisionTransformer(
  (patch_embed): PatchEmbed(
    (proj): Conv2d(3, 768, kernel_size=(15, 15), stride=(15, 15))
  )
  (blocks): ModuleList(
    (0-11): 12 x Block(
      (norm1): LayerNorm((768,), eps=1e-06, elementwise_affine=True)
      (attn): Attention(
        (qkv): Linear(in_features=768, out_features=2304, bias=True)
        (attn_drop): Dropout(p=0.0, inplace=False)
        (proj): Linear(in_features=768, out_features=768, bias=True)
        (proj_drop): Dropout(p=0.0, inplace=False)
      )
      (drop_path): Identity()
      (norm2): LayerNorm((768,), eps=1e-06, elementwise_affine=True)
      (mlp): MLP(
        (fc1): Linear(in_features=768, out_features=3072, bias=True)
        (act): GELU(approximate='none')
        (fc2): Linear(in_features=3072, out_features=768, bias=True)
        (drop): Dropout(p=0.0, inplace=False)
      )
    )
  )
  (norm): LayerNorm((768,), eps=1e-06, elementwise_affine=True)
)
making imagenet data transforms
making imagenet data transforms
data-path datasets/intel-image-classification/train/
data-path datasets/intel-image-classification/train/
Initialized ImageNet
Initialized ImageNet
ImageNet dataset created
ImageNet dataset created
ImageNet unsupervised data loader created
ImageNet unsupervised data loader created
Using AdamW
Using AdamW
loaded pretrained encoder from epoch 199 with msg: <All keys matched successfully>
loaded pretrained encoder from epoch 199 with msg: <All keys matched successfully>
loaded pretrained encoder from epoch 199 with msg: <All keys matched successfully>
loaded pretrained encoder from epoch 199 with msg: <All keys matched successfully>
loaded pretrained encoder from epoch 199 with msg: <All keys matched successfully>
loaded pretrained encoder from epoch 199 with msg: <All keys matched successfully>
loaded optimizers from epoch 199
loaded optimizers from epoch 199
read-path: logs_PKT/iic-train-PKT-seed43-maxvar-separate/jepa-iic-PKT-maxvar-seed43-ep200.pth.tar
read-path: logs_PKT/iic-train-PKT-seed43-maxvar-separate/jepa-iic-PKT-maxvar-seed43-ep200.pth.tar
Starting
Starting
Iteration: 0
Iteration: 0
torch.Size([64, 4, 20, 768])
torch.Size([64, 4, 20, 768])
torch.Size([4, 20, 768])
torch.Size([4, 20, 768])
Iteration: 1
Iteration: 1
time taken for epoch 0:02:06.560491
time taken for epoch 0:02:06.560491
Total pretraining time 0:02:06.560608
Total pretraining time 0:02:06.560608
working on file logs_PKT/iic-train-PKT-seed43-maxvar-separate/jepa-iic-PKT-maxvar-seed43-ep300.pth.tar out of ['logs_PKT/iic-train-PKT-seed43-maxvar-separate/jepa-iic-PKT-maxvar-seed43-ep500.pth.tar', 'logs_PKT/iic-train-PKT-seed43-maxvar-separate/jepa-iic-PKT-maxvar-seed43-ep400.pth.tar', 'logs_PKT/iic-train-PKT-seed43-maxvar-separate/jepa-iic-PKT-maxvar-seed43-ep300.pth.tar', 'logs_PKT/iic-train-PKT-seed43-maxvar-separate/jepa-iic-PKT-maxvar-seed43-ep100.pth.tar', 'logs_PKT/iic-train-PKT-seed43-maxvar-separate/jepa-iic-PKT-maxvar-seed43-ep200.pth.tar']...
working on file logs_PKT/iic-train-PKT-seed43-maxvar-separate/jepa-iic-PKT-maxvar-seed43-ep300.pth.tar out of ['logs_PKT/iic-train-PKT-seed43-maxvar-separate/jepa-iic-PKT-maxvar-seed43-ep500.pth.tar', 'logs_PKT/iic-train-PKT-seed43-maxvar-separate/jepa-iic-PKT-maxvar-seed43-ep400.pth.tar', 'logs_PKT/iic-train-PKT-seed43-maxvar-separate/jepa-iic-PKT-maxvar-seed43-ep300.pth.tar', 'logs_PKT/iic-train-PKT-seed43-maxvar-separate/jepa-iic-PKT-maxvar-seed43-ep100.pth.tar', 'logs_PKT/iic-train-PKT-seed43-maxvar-separate/jepa-iic-PKT-maxvar-seed43-ep200.pth.tar']...
Initialized (rank/world-size) 0/1
Initialized (rank/world-size) 0/1
train.py: _GLOBAL_SEED=0
train.py: _GLOBAL_SEED=0
VisionTransformer(
  (patch_embed): PatchEmbed(
    (proj): Conv2d(3, 768, kernel_size=(15, 15), stride=(15, 15))
  )
  (blocks): ModuleList(
    (0-11): 12 x Block(
      (norm1): LayerNorm((768,), eps=1e-06, elementwise_affine=True)
      (attn): Attention(
        (qkv): Linear(in_features=768, out_features=2304, bias=True)
        (attn_drop): Dropout(p=0.0, inplace=False)
        (proj): Linear(in_features=768, out_features=768, bias=True)
        (proj_drop): Dropout(p=0.0, inplace=False)
      )
      (drop_path): Identity()
      (norm2): LayerNorm((768,), eps=1e-06, elementwise_affine=True)
      (mlp): MLP(
        (fc1): Linear(in_features=768, out_features=3072, bias=True)
        (act): GELU(approximate='none')
        (fc2): Linear(in_features=3072, out_features=768, bias=True)
        (drop): Dropout(p=0.0, inplace=False)
      )
    )
  )
  (norm): LayerNorm((768,), eps=1e-06, elementwise_affine=True)
)
VisionTransformer(
  (patch_embed): PatchEmbed(
    (proj): Conv2d(3, 768, kernel_size=(15, 15), stride=(15, 15))
  )
  (blocks): ModuleList(
    (0-11): 12 x Block(
      (norm1): LayerNorm((768,), eps=1e-06, elementwise_affine=True)
      (attn): Attention(
        (qkv): Linear(in_features=768, out_features=2304, bias=True)
        (attn_drop): Dropout(p=0.0, inplace=False)
        (proj): Linear(in_features=768, out_features=768, bias=True)
        (proj_drop): Dropout(p=0.0, inplace=False)
      )
      (drop_path): Identity()
      (norm2): LayerNorm((768,), eps=1e-06, elementwise_affine=True)
      (mlp): MLP(
        (fc1): Linear(in_features=768, out_features=3072, bias=True)
        (act): GELU(approximate='none')
        (fc2): Linear(in_features=3072, out_features=768, bias=True)
        (drop): Dropout(p=0.0, inplace=False)
      )
    )
  )
  (norm): LayerNorm((768,), eps=1e-06, elementwise_affine=True)
)
VisionTransformer(
  (patch_embed): PatchEmbed(
    (proj): Conv2d(3, 768, kernel_size=(15, 15), stride=(15, 15))
  )
  (blocks): ModuleList(
    (0-11): 12 x Block(
      (norm1): LayerNorm((768,), eps=1e-06, elementwise_affine=True)
      (attn): Attention(
        (qkv): Linear(in_features=768, out_features=2304, bias=True)
        (attn_drop): Dropout(p=0.0, inplace=False)
        (proj): Linear(in_features=768, out_features=768, bias=True)
        (proj_drop): Dropout(p=0.0, inplace=False)
      )
      (drop_path): Identity()
      (norm2): LayerNorm((768,), eps=1e-06, elementwise_affine=True)
      (mlp): MLP(
        (fc1): Linear(in_features=768, out_features=3072, bias=True)
        (act): GELU(approximate='none')
        (fc2): Linear(in_features=3072, out_features=768, bias=True)
        (drop): Dropout(p=0.0, inplace=False)
      )
    )
  )
  (norm): LayerNorm((768,), eps=1e-06, elementwise_affine=True)
)
making imagenet data transforms
making imagenet data transforms
making imagenet data transforms
data-path datasets/intel-image-classification/train/
data-path datasets/intel-image-classification/train/
data-path datasets/intel-image-classification/train/
Initialized ImageNet
Initialized ImageNet
Initialized ImageNet
ImageNet dataset created
ImageNet dataset created
ImageNet dataset created
ImageNet unsupervised data loader created
ImageNet unsupervised data loader created
ImageNet unsupervised data loader created
Using AdamW
Using AdamW
Using AdamW
loaded pretrained encoder from epoch 299 with msg: <All keys matched successfully>
loaded pretrained encoder from epoch 299 with msg: <All keys matched successfully>
loaded pretrained encoder from epoch 299 with msg: <All keys matched successfully>
loaded pretrained encoder from epoch 299 with msg: <All keys matched successfully>
loaded pretrained encoder from epoch 299 with msg: <All keys matched successfully>
loaded pretrained encoder from epoch 299 with msg: <All keys matched successfully>
loaded pretrained encoder from epoch 299 with msg: <All keys matched successfully>
loaded pretrained encoder from epoch 299 with msg: <All keys matched successfully>
loaded pretrained encoder from epoch 299 with msg: <All keys matched successfully>
loaded optimizers from epoch 299
loaded optimizers from epoch 299
loaded optimizers from epoch 299
read-path: logs_PKT/iic-train-PKT-seed43-maxvar-separate/jepa-iic-PKT-maxvar-seed43-ep300.pth.tar
read-path: logs_PKT/iic-train-PKT-seed43-maxvar-separate/jepa-iic-PKT-maxvar-seed43-ep300.pth.tar
read-path: logs_PKT/iic-train-PKT-seed43-maxvar-separate/jepa-iic-PKT-maxvar-seed43-ep300.pth.tar
Starting
Starting
Starting
Iteration: 0
Iteration: 0
Iteration: 0
torch.Size([64, 4, 16, 768])
torch.Size([64, 4, 16, 768])
torch.Size([64, 4, 16, 768])
torch.Size([4, 16, 768])
torch.Size([4, 16, 768])
torch.Size([4, 16, 768])
Iteration: 1
Iteration: 1
Iteration: 1
time taken for epoch 0:02:24.752530
time taken for epoch 0:02:24.752530
time taken for epoch 0:02:24.752530
Total pretraining time 0:02:24.775923
Total pretraining time 0:02:24.775923
Total pretraining time 0:02:24.775923
working on file logs_PKT/iic-train-PKT-seed43-maxvar-separate/jepa-iic-PKT-maxvar-seed43-ep400.pth.tar out of ['logs_PKT/iic-train-PKT-seed43-maxvar-separate/jepa-iic-PKT-maxvar-seed43-ep500.pth.tar', 'logs_PKT/iic-train-PKT-seed43-maxvar-separate/jepa-iic-PKT-maxvar-seed43-ep400.pth.tar', 'logs_PKT/iic-train-PKT-seed43-maxvar-separate/jepa-iic-PKT-maxvar-seed43-ep300.pth.tar', 'logs_PKT/iic-train-PKT-seed43-maxvar-separate/jepa-iic-PKT-maxvar-seed43-ep100.pth.tar', 'logs_PKT/iic-train-PKT-seed43-maxvar-separate/jepa-iic-PKT-maxvar-seed43-ep200.pth.tar']...
working on file logs_PKT/iic-train-PKT-seed43-maxvar-separate/jepa-iic-PKT-maxvar-seed43-ep400.pth.tar out of ['logs_PKT/iic-train-PKT-seed43-maxvar-separate/jepa-iic-PKT-maxvar-seed43-ep500.pth.tar', 'logs_PKT/iic-train-PKT-seed43-maxvar-separate/jepa-iic-PKT-maxvar-seed43-ep400.pth.tar', 'logs_PKT/iic-train-PKT-seed43-maxvar-separate/jepa-iic-PKT-maxvar-seed43-ep300.pth.tar', 'logs_PKT/iic-train-PKT-seed43-maxvar-separate/jepa-iic-PKT-maxvar-seed43-ep100.pth.tar', 'logs_PKT/iic-train-PKT-seed43-maxvar-separate/jepa-iic-PKT-maxvar-seed43-ep200.pth.tar']...
working on file logs_PKT/iic-train-PKT-seed43-maxvar-separate/jepa-iic-PKT-maxvar-seed43-ep400.pth.tar out of ['logs_PKT/iic-train-PKT-seed43-maxvar-separate/jepa-iic-PKT-maxvar-seed43-ep500.pth.tar', 'logs_PKT/iic-train-PKT-seed43-maxvar-separate/jepa-iic-PKT-maxvar-seed43-ep400.pth.tar', 'logs_PKT/iic-train-PKT-seed43-maxvar-separate/jepa-iic-PKT-maxvar-seed43-ep300.pth.tar', 'logs_PKT/iic-train-PKT-seed43-maxvar-separate/jepa-iic-PKT-maxvar-seed43-ep100.pth.tar', 'logs_PKT/iic-train-PKT-seed43-maxvar-separate/jepa-iic-PKT-maxvar-seed43-ep200.pth.tar']...
Initialized (rank/world-size) 0/1
Initialized (rank/world-size) 0/1
Initialized (rank/world-size) 0/1
train.py: _GLOBAL_SEED=0
train.py: _GLOBAL_SEED=0
train.py: _GLOBAL_SEED=0
VisionTransformer(
  (patch_embed): PatchEmbed(
    (proj): Conv2d(3, 768, kernel_size=(15, 15), stride=(15, 15))
  )
  (blocks): ModuleList(
    (0-11): 12 x Block(
      (norm1): LayerNorm((768,), eps=1e-06, elementwise_affine=True)
      (attn): Attention(
        (qkv): Linear(in_features=768, out_features=2304, bias=True)
        (attn_drop): Dropout(p=0.0, inplace=False)
        (proj): Linear(in_features=768, out_features=768, bias=True)
        (proj_drop): Dropout(p=0.0, inplace=False)
      )
      (drop_path): Identity()
      (norm2): LayerNorm((768,), eps=1e-06, elementwise_affine=True)
      (mlp): MLP(
        (fc1): Linear(in_features=768, out_features=3072, bias=True)
        (act): GELU(approximate='none')
        (fc2): Linear(in_features=3072, out_features=768, bias=True)
        (drop): Dropout(p=0.0, inplace=False)
      )
    )
  )
  (norm): LayerNorm((768,), eps=1e-06, elementwise_affine=True)
)
VisionTransformer(
  (patch_embed): PatchEmbed(
    (proj): Conv2d(3, 768, kernel_size=(15, 15), stride=(15, 15))
  )
  (blocks): ModuleList(
    (0-11): 12 x Block(
      (norm1): LayerNorm((768,), eps=1e-06, elementwise_affine=True)
      (attn): Attention(
        (qkv): Linear(in_features=768, out_features=2304, bias=True)
        (attn_drop): Dropout(p=0.0, inplace=False)
        (proj): Linear(in_features=768, out_features=768, bias=True)
        (proj_drop): Dropout(p=0.0, inplace=False)
      )
      (drop_path): Identity()
      (norm2): LayerNorm((768,), eps=1e-06, elementwise_affine=True)
      (mlp): MLP(
        (fc1): Linear(in_features=768, out_features=3072, bias=True)
        (act): GELU(approximate='none')
        (fc2): Linear(in_features=3072, out_features=768, bias=True)
        (drop): Dropout(p=0.0, inplace=False)
      )
    )
  )
  (norm): LayerNorm((768,), eps=1e-06, elementwise_affine=True)
)
VisionTransformer(
  (patch_embed): PatchEmbed(
    (proj): Conv2d(3, 768, kernel_size=(15, 15), stride=(15, 15))
  )
  (blocks): ModuleList(
    (0-11): 12 x Block(
      (norm1): LayerNorm((768,), eps=1e-06, elementwise_affine=True)
      (attn): Attention(
        (qkv): Linear(in_features=768, out_features=2304, bias=True)
        (attn_drop): Dropout(p=0.0, inplace=False)
        (proj): Linear(in_features=768, out_features=768, bias=True)
        (proj_drop): Dropout(p=0.0, inplace=False)
      )
      (drop_path): Identity()
      (norm2): LayerNorm((768,), eps=1e-06, elementwise_affine=True)
      (mlp): MLP(
        (fc1): Linear(in_features=768, out_features=3072, bias=True)
        (act): GELU(approximate='none')
        (fc2): Linear(in_features=3072, out_features=768, bias=True)
        (drop): Dropout(p=0.0, inplace=False)
      )
    )
  )
  (norm): LayerNorm((768,), eps=1e-06, elementwise_affine=True)
)
VisionTransformer(
  (patch_embed): PatchEmbed(
    (proj): Conv2d(3, 768, kernel_size=(15, 15), stride=(15, 15))
  )
  (blocks): ModuleList(
    (0-11): 12 x Block(
      (norm1): LayerNorm((768,), eps=1e-06, elementwise_affine=True)
      (attn): Attention(
        (qkv): Linear(in_features=768, out_features=2304, bias=True)
        (attn_drop): Dropout(p=0.0, inplace=False)
        (proj): Linear(in_features=768, out_features=768, bias=True)
        (proj_drop): Dropout(p=0.0, inplace=False)
      )
      (drop_path): Identity()
      (norm2): LayerNorm((768,), eps=1e-06, elementwise_affine=True)
      (mlp): MLP(
        (fc1): Linear(in_features=768, out_features=3072, bias=True)
        (act): GELU(approximate='none')
        (fc2): Linear(in_features=3072, out_features=768, bias=True)
        (drop): Dropout(p=0.0, inplace=False)
      )
    )
  )
  (norm): LayerNorm((768,), eps=1e-06, elementwise_affine=True)
)
making imagenet data transforms
making imagenet data transforms
making imagenet data transforms
making imagenet data transforms
data-path datasets/intel-image-classification/train/
data-path datasets/intel-image-classification/train/
data-path datasets/intel-image-classification/train/
data-path datasets/intel-image-classification/train/
Initialized ImageNet
Initialized ImageNet
Initialized ImageNet
Initialized ImageNet
ImageNet dataset created
ImageNet dataset created
ImageNet dataset created
ImageNet dataset created
ImageNet unsupervised data loader created
ImageNet unsupervised data loader created
ImageNet unsupervised data loader created
ImageNet unsupervised data loader created
Using AdamW
Using AdamW
Using AdamW
Using AdamW
loaded pretrained encoder from epoch 399 with msg: <All keys matched successfully>
loaded pretrained encoder from epoch 399 with msg: <All keys matched successfully>
loaded pretrained encoder from epoch 399 with msg: <All keys matched successfully>
loaded pretrained encoder from epoch 399 with msg: <All keys matched successfully>
loaded pretrained encoder from epoch 399 with msg: <All keys matched successfully>
loaded pretrained encoder from epoch 399 with msg: <All keys matched successfully>
loaded pretrained encoder from epoch 399 with msg: <All keys matched successfully>
loaded pretrained encoder from epoch 399 with msg: <All keys matched successfully>
loaded pretrained encoder from epoch 399 with msg: <All keys matched successfully>
loaded pretrained encoder from epoch 399 with msg: <All keys matched successfully>
loaded pretrained encoder from epoch 399 with msg: <All keys matched successfully>
loaded pretrained encoder from epoch 399 with msg: <All keys matched successfully>
loaded optimizers from epoch 399
loaded optimizers from epoch 399
loaded optimizers from epoch 399
loaded optimizers from epoch 399
read-path: logs_PKT/iic-train-PKT-seed43-maxvar-separate/jepa-iic-PKT-maxvar-seed43-ep400.pth.tar
read-path: logs_PKT/iic-train-PKT-seed43-maxvar-separate/jepa-iic-PKT-maxvar-seed43-ep400.pth.tar
read-path: logs_PKT/iic-train-PKT-seed43-maxvar-separate/jepa-iic-PKT-maxvar-seed43-ep400.pth.tar
read-path: logs_PKT/iic-train-PKT-seed43-maxvar-separate/jepa-iic-PKT-maxvar-seed43-ep400.pth.tar
Starting
Starting
Starting
Starting
Iteration: 0
Iteration: 0
Iteration: 0
Iteration: 0
torch.Size([64, 4, 16, 768])
torch.Size([64, 4, 16, 768])
torch.Size([64, 4, 16, 768])
torch.Size([64, 4, 16, 768])
torch.Size([4, 16, 768])
torch.Size([4, 16, 768])
torch.Size([4, 16, 768])
torch.Size([4, 16, 768])
Iteration: 1
Iteration: 1
Iteration: 1
Iteration: 1
time taken for epoch 0:02:35.156588
time taken for epoch 0:02:35.156588
time taken for epoch 0:02:35.156588
time taken for epoch 0:02:35.156588
Total pretraining time 0:02:35.159304
Total pretraining time 0:02:35.159304
Total pretraining time 0:02:35.159304
Total pretraining time 0:02:35.159304
working on file logs_PKT/iic-train-PKT-seed43-maxvar-separate/jepa-iic-PKT-maxvar-seed43-ep500.pth.tar out of ['logs_PKT/iic-train-PKT-seed43-maxvar-separate/jepa-iic-PKT-maxvar-seed43-ep500.pth.tar', 'logs_PKT/iic-train-PKT-seed43-maxvar-separate/jepa-iic-PKT-maxvar-seed43-ep400.pth.tar', 'logs_PKT/iic-train-PKT-seed43-maxvar-separate/jepa-iic-PKT-maxvar-seed43-ep300.pth.tar', 'logs_PKT/iic-train-PKT-seed43-maxvar-separate/jepa-iic-PKT-maxvar-seed43-ep100.pth.tar', 'logs_PKT/iic-train-PKT-seed43-maxvar-separate/jepa-iic-PKT-maxvar-seed43-ep200.pth.tar']...
working on file logs_PKT/iic-train-PKT-seed43-maxvar-separate/jepa-iic-PKT-maxvar-seed43-ep500.pth.tar out of ['logs_PKT/iic-train-PKT-seed43-maxvar-separate/jepa-iic-PKT-maxvar-seed43-ep500.pth.tar', 'logs_PKT/iic-train-PKT-seed43-maxvar-separate/jepa-iic-PKT-maxvar-seed43-ep400.pth.tar', 'logs_PKT/iic-train-PKT-seed43-maxvar-separate/jepa-iic-PKT-maxvar-seed43-ep300.pth.tar', 'logs_PKT/iic-train-PKT-seed43-maxvar-separate/jepa-iic-PKT-maxvar-seed43-ep100.pth.tar', 'logs_PKT/iic-train-PKT-seed43-maxvar-separate/jepa-iic-PKT-maxvar-seed43-ep200.pth.tar']...
working on file logs_PKT/iic-train-PKT-seed43-maxvar-separate/jepa-iic-PKT-maxvar-seed43-ep500.pth.tar out of ['logs_PKT/iic-train-PKT-seed43-maxvar-separate/jepa-iic-PKT-maxvar-seed43-ep500.pth.tar', 'logs_PKT/iic-train-PKT-seed43-maxvar-separate/jepa-iic-PKT-maxvar-seed43-ep400.pth.tar', 'logs_PKT/iic-train-PKT-seed43-maxvar-separate/jepa-iic-PKT-maxvar-seed43-ep300.pth.tar', 'logs_PKT/iic-train-PKT-seed43-maxvar-separate/jepa-iic-PKT-maxvar-seed43-ep100.pth.tar', 'logs_PKT/iic-train-PKT-seed43-maxvar-separate/jepa-iic-PKT-maxvar-seed43-ep200.pth.tar']...
working on file logs_PKT/iic-train-PKT-seed43-maxvar-separate/jepa-iic-PKT-maxvar-seed43-ep500.pth.tar out of ['logs_PKT/iic-train-PKT-seed43-maxvar-separate/jepa-iic-PKT-maxvar-seed43-ep500.pth.tar', 'logs_PKT/iic-train-PKT-seed43-maxvar-separate/jepa-iic-PKT-maxvar-seed43-ep400.pth.tar', 'logs_PKT/iic-train-PKT-seed43-maxvar-separate/jepa-iic-PKT-maxvar-seed43-ep300.pth.tar', 'logs_PKT/iic-train-PKT-seed43-maxvar-separate/jepa-iic-PKT-maxvar-seed43-ep100.pth.tar', 'logs_PKT/iic-train-PKT-seed43-maxvar-separate/jepa-iic-PKT-maxvar-seed43-ep200.pth.tar']...
Initialized (rank/world-size) 0/1
Initialized (rank/world-size) 0/1
Initialized (rank/world-size) 0/1
Initialized (rank/world-size) 0/1
train.py: _GLOBAL_SEED=0
train.py: _GLOBAL_SEED=0
train.py: _GLOBAL_SEED=0
train.py: _GLOBAL_SEED=0
VisionTransformer(
  (patch_embed): PatchEmbed(
    (proj): Conv2d(3, 768, kernel_size=(15, 15), stride=(15, 15))
  )
  (blocks): ModuleList(
    (0-11): 12 x Block(
      (norm1): LayerNorm((768,), eps=1e-06, elementwise_affine=True)
      (attn): Attention(
        (qkv): Linear(in_features=768, out_features=2304, bias=True)
        (attn_drop): Dropout(p=0.0, inplace=False)
        (proj): Linear(in_features=768, out_features=768, bias=True)
        (proj_drop): Dropout(p=0.0, inplace=False)
      )
      (drop_path): Identity()
      (norm2): LayerNorm((768,), eps=1e-06, elementwise_affine=True)
      (mlp): MLP(
        (fc1): Linear(in_features=768, out_features=3072, bias=True)
        (act): GELU(approximate='none')
        (fc2): Linear(in_features=3072, out_features=768, bias=True)
        (drop): Dropout(p=0.0, inplace=False)
      )
    )
  )
  (norm): LayerNorm((768,), eps=1e-06, elementwise_affine=True)
)
VisionTransformer(
  (patch_embed): PatchEmbed(
    (proj): Conv2d(3, 768, kernel_size=(15, 15), stride=(15, 15))
  )
  (blocks): ModuleList(
    (0-11): 12 x Block(
      (norm1): LayerNorm((768,), eps=1e-06, elementwise_affine=True)
      (attn): Attention(
        (qkv): Linear(in_features=768, out_features=2304, bias=True)
        (attn_drop): Dropout(p=0.0, inplace=False)
        (proj): Linear(in_features=768, out_features=768, bias=True)
        (proj_drop): Dropout(p=0.0, inplace=False)
      )
      (drop_path): Identity()
      (norm2): LayerNorm((768,), eps=1e-06, elementwise_affine=True)
      (mlp): MLP(
        (fc1): Linear(in_features=768, out_features=3072, bias=True)
        (act): GELU(approximate='none')
        (fc2): Linear(in_features=3072, out_features=768, bias=True)
        (drop): Dropout(p=0.0, inplace=False)
      )
    )
  )
  (norm): LayerNorm((768,), eps=1e-06, elementwise_affine=True)
)
VisionTransformer(
  (patch_embed): PatchEmbed(
    (proj): Conv2d(3, 768, kernel_size=(15, 15), stride=(15, 15))
  )
  (blocks): ModuleList(
    (0-11): 12 x Block(
      (norm1): LayerNorm((768,), eps=1e-06, elementwise_affine=True)
      (attn): Attention(
        (qkv): Linear(in_features=768, out_features=2304, bias=True)
        (attn_drop): Dropout(p=0.0, inplace=False)
        (proj): Linear(in_features=768, out_features=768, bias=True)
        (proj_drop): Dropout(p=0.0, inplace=False)
      )
      (drop_path): Identity()
      (norm2): LayerNorm((768,), eps=1e-06, elementwise_affine=True)
      (mlp): MLP(
        (fc1): Linear(in_features=768, out_features=3072, bias=True)
        (act): GELU(approximate='none')
        (fc2): Linear(in_features=3072, out_features=768, bias=True)
        (drop): Dropout(p=0.0, inplace=False)
      )
    )
  )
  (norm): LayerNorm((768,), eps=1e-06, elementwise_affine=True)
)
VisionTransformer(
  (patch_embed): PatchEmbed(
    (proj): Conv2d(3, 768, kernel_size=(15, 15), stride=(15, 15))
  )
  (blocks): ModuleList(
    (0-11): 12 x Block(
      (norm1): LayerNorm((768,), eps=1e-06, elementwise_affine=True)
      (attn): Attention(
        (qkv): Linear(in_features=768, out_features=2304, bias=True)
        (attn_drop): Dropout(p=0.0, inplace=False)
        (proj): Linear(in_features=768, out_features=768, bias=True)
        (proj_drop): Dropout(p=0.0, inplace=False)
      )
      (drop_path): Identity()
      (norm2): LayerNorm((768,), eps=1e-06, elementwise_affine=True)
      (mlp): MLP(
        (fc1): Linear(in_features=768, out_features=3072, bias=True)
        (act): GELU(approximate='none')
        (fc2): Linear(in_features=3072, out_features=768, bias=True)
        (drop): Dropout(p=0.0, inplace=False)
      )
    )
  )
  (norm): LayerNorm((768,), eps=1e-06, elementwise_affine=True)
)
VisionTransformer(
  (patch_embed): PatchEmbed(
    (proj): Conv2d(3, 768, kernel_size=(15, 15), stride=(15, 15))
  )
  (blocks): ModuleList(
    (0-11): 12 x Block(
      (norm1): LayerNorm((768,), eps=1e-06, elementwise_affine=True)
      (attn): Attention(
        (qkv): Linear(in_features=768, out_features=2304, bias=True)
        (attn_drop): Dropout(p=0.0, inplace=False)
        (proj): Linear(in_features=768, out_features=768, bias=True)
        (proj_drop): Dropout(p=0.0, inplace=False)
      )
      (drop_path): Identity()
      (norm2): LayerNorm((768,), eps=1e-06, elementwise_affine=True)
      (mlp): MLP(
        (fc1): Linear(in_features=768, out_features=3072, bias=True)
        (act): GELU(approximate='none')
        (fc2): Linear(in_features=3072, out_features=768, bias=True)
        (drop): Dropout(p=0.0, inplace=False)
      )
    )
  )
  (norm): LayerNorm((768,), eps=1e-06, elementwise_affine=True)
)
making imagenet data transforms
making imagenet data transforms
making imagenet data transforms
making imagenet data transforms
making imagenet data transforms
data-path datasets/intel-image-classification/train/
data-path datasets/intel-image-classification/train/
data-path datasets/intel-image-classification/train/
data-path datasets/intel-image-classification/train/
data-path datasets/intel-image-classification/train/
Initialized ImageNet
Initialized ImageNet
Initialized ImageNet
Initialized ImageNet
Initialized ImageNet
ImageNet dataset created
ImageNet dataset created
ImageNet dataset created
ImageNet dataset created
ImageNet dataset created
ImageNet unsupervised data loader created
ImageNet unsupervised data loader created
ImageNet unsupervised data loader created
ImageNet unsupervised data loader created
ImageNet unsupervised data loader created
Using AdamW
Using AdamW
Using AdamW
Using AdamW
Using AdamW
loaded pretrained encoder from epoch 499 with msg: <All keys matched successfully>
loaded pretrained encoder from epoch 499 with msg: <All keys matched successfully>
loaded pretrained encoder from epoch 499 with msg: <All keys matched successfully>
loaded pretrained encoder from epoch 499 with msg: <All keys matched successfully>
loaded pretrained encoder from epoch 499 with msg: <All keys matched successfully>
loaded pretrained encoder from epoch 499 with msg: <All keys matched successfully>
loaded pretrained encoder from epoch 499 with msg: <All keys matched successfully>
loaded pretrained encoder from epoch 499 with msg: <All keys matched successfully>
loaded pretrained encoder from epoch 499 with msg: <All keys matched successfully>
loaded pretrained encoder from epoch 499 with msg: <All keys matched successfully>
loaded pretrained encoder from epoch 499 with msg: <All keys matched successfully>
loaded pretrained encoder from epoch 499 with msg: <All keys matched successfully>
loaded pretrained encoder from epoch 499 with msg: <All keys matched successfully>
loaded pretrained encoder from epoch 499 with msg: <All keys matched successfully>
loaded pretrained encoder from epoch 499 with msg: <All keys matched successfully>
loaded optimizers from epoch 499
loaded optimizers from epoch 499
loaded optimizers from epoch 499
loaded optimizers from epoch 499
loaded optimizers from epoch 499
read-path: logs_PKT/iic-train-PKT-seed43-maxvar-separate/jepa-iic-PKT-maxvar-seed43-ep500.pth.tar
read-path: logs_PKT/iic-train-PKT-seed43-maxvar-separate/jepa-iic-PKT-maxvar-seed43-ep500.pth.tar
read-path: logs_PKT/iic-train-PKT-seed43-maxvar-separate/jepa-iic-PKT-maxvar-seed43-ep500.pth.tar
read-path: logs_PKT/iic-train-PKT-seed43-maxvar-separate/jepa-iic-PKT-maxvar-seed43-ep500.pth.tar
read-path: logs_PKT/iic-train-PKT-seed43-maxvar-separate/jepa-iic-PKT-maxvar-seed43-ep500.pth.tar
Starting
Starting
Starting
Starting
Starting
Iteration: 0
Iteration: 0
Iteration: 0
Iteration: 0
Iteration: 0
torch.Size([64, 4, 20, 768])
torch.Size([64, 4, 20, 768])
torch.Size([64, 4, 20, 768])
torch.Size([64, 4, 20, 768])
torch.Size([64, 4, 20, 768])
torch.Size([4, 20, 768])
torch.Size([4, 20, 768])
torch.Size([4, 20, 768])
torch.Size([4, 20, 768])
torch.Size([4, 20, 768])
Iteration: 1
Iteration: 1
Iteration: 1
Iteration: 1
Iteration: 1
time taken for epoch 0:02:02.375346
time taken for epoch 0:02:02.375346
time taken for epoch 0:02:02.375346
time taken for epoch 0:02:02.375346
time taken for epoch 0:02:02.375346
Total pretraining time 0:02:02.375449
Total pretraining time 0:02:02.375449
Total pretraining time 0:02:02.375449
Total pretraining time 0:02:02.375449
Total pretraining time 0:02:02.375449
