nohup: ignoring input
INFO:root:VisionTransformer(
  (patch_embed): PatchEmbed(
    (proj): Conv2d(3, 768, kernel_size=(15, 15), stride=(15, 15))
  )
  (blocks): ModuleList(
    (0-11): 12 x Block(
      (norm1): LayerNorm((768,), eps=1e-06, elementwise_affine=True)
      (attn): Attention(
        (qkv): Linear(in_features=768, out_features=2304, bias=True)
        (attn_drop): Dropout(p=0.0, inplace=False)
        (proj): Linear(in_features=768, out_features=768, bias=True)
        (proj_drop): Dropout(p=0.0, inplace=False)
      )
      (drop_path): Identity()
      (norm2): LayerNorm((768,), eps=1e-06, elementwise_affine=True)
      (mlp): MLP(
        (fc1): Linear(in_features=768, out_features=3072, bias=True)
        (act): GELU(approximate='none')
        (fc2): Linear(in_features=3072, out_features=768, bias=True)
        (drop): Dropout(p=0.0, inplace=False)
      )
    )
  )
  (norm): LayerNorm((768,), eps=1e-06, elementwise_affine=True)
)
Epoch: 1/100 Train accuracy: 2.487530e-01 Validation accuracy: 2.613333e-01 Loss 1.393213e-02 Time taken: 0:00:48.509159
Epoch: 2/100 Train accuracy: 3.296280e-01 Validation accuracy: 4.040000e-01 Loss 1.366018e-02 Time taken: 0:00:46.337400
Epoch: 3/100 Train accuracy: 4.106456e-01 Validation accuracy: 4.330000e-01 Loss 1.337635e-02 Time taken: 0:00:46.403169
Epoch: 4/100 Train accuracy: 4.431381e-01 Validation accuracy: 4.640000e-01 Loss 1.315759e-02 Time taken: 0:00:46.394858
Epoch: 5/100 Train accuracy: 4.698589e-01 Validation accuracy: 4.993333e-01 Loss 1.298985e-02 Time taken: 0:00:46.117731
Epoch: 6/100 Train accuracy: 4.878866e-01 Validation accuracy: 4.993333e-01 Loss 1.285328e-02 Time taken: 0:00:46.152622
Epoch: 7/100 Train accuracy: 4.940145e-01 Validation accuracy: 5.160000e-01 Loss 1.274358e-02 Time taken: 0:00:46.234772
Epoch: 8/100 Train accuracy: 5.074106e-01 Validation accuracy: 5.213333e-01 Loss 1.265033e-02 Time taken: 0:00:46.401072
Epoch: 9/100 Train accuracy: 5.193815e-01 Validation accuracy: 5.280000e-01 Loss 1.254800e-02 Time taken: 0:00:46.375689
Epoch: 10/100 Train accuracy: 5.296423e-01 Validation accuracy: 5.326667e-01 Loss 1.246695e-02 Time taken: 0:00:46.227236
Epoch: 11/100 Train accuracy: 5.250107e-01 Validation accuracy: 5.456667e-01 Loss 1.241543e-02 Time taken: 0:00:46.178660
Epoch: 12/100 Train accuracy: 5.354853e-01 Validation accuracy: 5.473333e-01 Loss 1.235126e-02 Time taken: 0:00:46.180078
Epoch: 13/100 Train accuracy: 5.429671e-01 Validation accuracy: 5.606667e-01 Loss 1.228641e-02 Time taken: 0:00:46.204070
Epoch: 14/100 Train accuracy: 5.537979e-01 Validation accuracy: 5.710000e-01 Loss 1.222451e-02 Time taken: 0:00:46.194967
Epoch: 15/100 Train accuracy: 5.568619e-01 Validation accuracy: 5.800000e-01 Loss 1.216883e-02 Time taken: 0:00:46.208716
Epoch: 16/100 Train accuracy: 5.635599e-01 Validation accuracy: 5.866667e-01 Loss 1.212222e-02 Time taken: 0:00:46.858525
Epoch: 17/100 Train accuracy: 5.703292e-01 Validation accuracy: 5.893333e-01 Loss 1.207115e-02 Time taken: 0:00:46.320357
Epoch: 18/100 Train accuracy: 5.743908e-01 Validation accuracy: 5.936667e-01 Loss 1.202960e-02 Time taken: 0:00:47.161556
Epoch: 19/100 Train accuracy: 5.775260e-01 Validation accuracy: 5.966667e-01 Loss 1.198516e-02 Time taken: 0:00:50.208385
Epoch: 20/100 Train accuracy: 5.847941e-01 Validation accuracy: 6.030000e-01 Loss 1.194913e-02 Time taken: 0:00:50.064028
Epoch: 21/100 Train accuracy: 5.873593e-01 Validation accuracy: 6.063333e-01 Loss 1.191326e-02 Time taken: 0:00:50.000255
Epoch: 22/100 Train accuracy: 5.887844e-01 Validation accuracy: 6.076667e-01 Loss 1.188383e-02 Time taken: 0:00:50.181553
Epoch: 23/100 Train accuracy: 5.954824e-01 Validation accuracy: 6.140000e-01 Loss 1.183735e-02 Time taken: 0:00:50.327933
Epoch: 24/100 Train accuracy: 5.963375e-01 Validation accuracy: 6.136667e-01 Loss 1.182368e-02 Time taken: 0:00:50.303223
Epoch: 25/100 Train accuracy: 5.974063e-01 Validation accuracy: 6.150000e-01 Loss 1.180160e-02 Time taken: 0:00:50.086965
Epoch: 26/100 Train accuracy: 5.966937e-01 Validation accuracy: 6.180000e-01 Loss 1.177388e-02 Time taken: 0:00:50.353188
Epoch: 27/100 Train accuracy: 6.013254e-01 Validation accuracy: 6.186667e-01 Loss 1.174919e-02 Time taken: 0:00:50.551629
Epoch: 28/100 Train accuracy: 6.036768e-01 Validation accuracy: 6.193333e-01 Loss 1.173542e-02 Time taken: 0:00:50.003737
Epoch: 29/100 Train accuracy: 6.008978e-01 Validation accuracy: 6.190000e-01 Loss 1.171054e-02 Time taken: 0:00:50.578360
Epoch: 30/100 Train accuracy: 6.077383e-01 Validation accuracy: 6.180000e-01 Loss 1.167760e-02 Time taken: 0:00:50.028739
Epoch: 31/100 Train accuracy: 6.103035e-01 Validation accuracy: 6.196667e-01 Loss 1.166184e-02 Time taken: 0:00:50.660399
Epoch: 32/100 Train accuracy: 6.058145e-01 Validation accuracy: 6.220000e-01 Loss 1.164059e-02 Time taken: 0:00:50.254828
Epoch: 33/100 Train accuracy: 6.065270e-01 Validation accuracy: 6.223333e-01 Loss 1.163392e-02 Time taken: 0:00:50.607877
Epoch: 34/100 Train accuracy: 6.098760e-01 Validation accuracy: 6.250000e-01 Loss 1.161462e-02 Time taken: 0:00:50.433486
Epoch: 35/100 Train accuracy: 6.150064e-01 Validation accuracy: 6.250000e-01 Loss 1.159583e-02 Time taken: 0:00:50.420694
Epoch: 36/100 Train accuracy: 6.112299e-01 Validation accuracy: 6.256667e-01 Loss 1.159194e-02 Time taken: 0:00:50.916585
Epoch: 37/100 Train accuracy: 6.120849e-01 Validation accuracy: 6.263333e-01 Loss 1.157887e-02 Time taken: 0:00:50.081939
Epoch: 38/100 Train accuracy: 6.100898e-01 Validation accuracy: 6.266667e-01 Loss 1.157238e-02 Time taken: 0:00:51.352229
Epoch: 39/100 Train accuracy: 6.153627e-01 Validation accuracy: 6.286667e-01 Loss 1.154101e-02 Time taken: 0:00:50.425038
Epoch: 40/100 Train accuracy: 6.157190e-01 Validation accuracy: 6.290000e-01 Loss 1.153789e-02 Time taken: 0:00:50.093598
Epoch: 41/100 Train accuracy: 6.181417e-01 Validation accuracy: 6.293333e-01 Loss 1.150990e-02 Time taken: 0:00:50.344888
Epoch: 42/100 Train accuracy: 6.211344e-01 Validation accuracy: 6.300000e-01 Loss 1.149212e-02 Time taken: 0:00:50.571314
Epoch: 43/100 Train accuracy: 6.169303e-01 Validation accuracy: 6.313333e-01 Loss 1.150944e-02 Time taken: 0:00:50.510099
Epoch: 44/100 Train accuracy: 6.186404e-01 Validation accuracy: 6.303333e-01 Loss 1.148281e-02 Time taken: 0:00:50.199546
Epoch: 45/100 Train accuracy: 6.224882e-01 Validation accuracy: 6.343333e-01 Loss 1.145666e-02 Time taken: 0:00:50.146751
Epoch: 46/100 Train accuracy: 6.246259e-01 Validation accuracy: 6.336667e-01 Loss 1.144726e-02 Time taken: 0:00:50.044291
Epoch: 47/100 Train accuracy: 6.200656e-01 Validation accuracy: 6.326667e-01 Loss 1.145499e-02 Time taken: 0:00:50.398684
Epoch: 48/100 Train accuracy: 6.251960e-01 Validation accuracy: 6.330000e-01 Loss 1.142998e-02 Time taken: 0:00:50.074474
Epoch: 49/100 Train accuracy: 6.254097e-01 Validation accuracy: 6.343333e-01 Loss 1.143338e-02 Time taken: 0:00:50.848272
Epoch: 50/100 Train accuracy: 6.259085e-01 Validation accuracy: 6.323333e-01 Loss 1.141568e-02 Time taken: 0:00:50.417716
Epoch: 51/100 Train accuracy: 6.226308e-01 Validation accuracy: 6.390000e-01 Loss 1.141468e-02 Time taken: 0:00:50.345386
Epoch: 52/100 Train accuracy: 6.259085e-01 Validation accuracy: 6.363333e-01 Loss 1.138964e-02 Time taken: 0:00:50.020607
Epoch: 53/100 Train accuracy: 6.264073e-01 Validation accuracy: 6.390000e-01 Loss 1.138883e-02 Time taken: 0:00:50.169596
Epoch: 54/100 Train accuracy: 6.273336e-01 Validation accuracy: 6.363333e-01 Loss 1.138822e-02 Time taken: 0:00:50.139781
Epoch: 55/100 Train accuracy: 6.274761e-01 Validation accuracy: 6.386667e-01 Loss 1.137391e-02 Time taken: 0:00:50.591879
Epoch: 56/100 Train accuracy: 6.307539e-01 Validation accuracy: 6.383333e-01 Loss 1.136551e-02 Time taken: 0:00:50.264255
Epoch: 57/100 Train accuracy: 6.311102e-01 Validation accuracy: 6.383333e-01 Loss 1.136019e-02 Time taken: 0:00:50.099998
Epoch: 58/100 Train accuracy: 6.301126e-01 Validation accuracy: 6.413333e-01 Loss 1.136471e-02 Time taken: 0:00:50.782542
Epoch: 59/100 Train accuracy: 6.292575e-01 Validation accuracy: 6.413333e-01 Loss 1.134589e-02 Time taken: 0:00:49.930337
Epoch: 60/100 Train accuracy: 6.298276e-01 Validation accuracy: 6.403333e-01 Loss 1.134515e-02 Time taken: 0:00:50.280497
Epoch: 61/100 Train accuracy: 6.318940e-01 Validation accuracy: 6.423333e-01 Loss 1.132722e-02 Time taken: 0:00:50.309432
Epoch: 62/100 Train accuracy: 6.346017e-01 Validation accuracy: 6.446667e-01 Loss 1.131557e-02 Time taken: 0:00:50.387641
Epoch: 63/100 Train accuracy: 6.328203e-01 Validation accuracy: 6.403333e-01 Loss 1.131443e-02 Time taken: 0:00:50.486643
Epoch: 64/100 Train accuracy: 6.355280e-01 Validation accuracy: 6.426667e-01 Loss 1.130136e-02 Time taken: 0:00:50.102597
Epoch: 65/100 Train accuracy: 6.342454e-01 Validation accuracy: 6.393333e-01 Loss 1.130996e-02 Time taken: 0:00:50.042360
Epoch: 66/100 Train accuracy: 6.332478e-01 Validation accuracy: 6.450000e-01 Loss 1.129328e-02 Time taken: 0:00:50.087728
Epoch: 67/100 Train accuracy: 6.343167e-01 Validation accuracy: 6.446667e-01 Loss 1.128799e-02 Time taken: 0:00:50.408618
Epoch: 68/100 Train accuracy: 6.376657e-01 Validation accuracy: 6.430000e-01 Loss 1.127592e-02 Time taken: 0:00:50.704097
Epoch: 69/100 Train accuracy: 6.289725e-01 Validation accuracy: 6.453333e-01 Loss 1.128730e-02 Time taken: 0:00:50.316854
Epoch: 70/100 Train accuracy: 6.392333e-01 Validation accuracy: 6.480000e-01 Loss 1.126503e-02 Time taken: 0:00:50.108299
Epoch: 71/100 Train accuracy: 6.379507e-01 Validation accuracy: 6.460000e-01 Loss 1.125905e-02 Time taken: 0:00:50.503989
Epoch: 72/100 Train accuracy: 6.375944e-01 Validation accuracy: 6.463333e-01 Loss 1.125567e-02 Time taken: 0:00:50.442425
Epoch: 73/100 Train accuracy: 6.386632e-01 Validation accuracy: 6.476667e-01 Loss 1.125113e-02 Time taken: 0:00:50.313671
Epoch: 74/100 Train accuracy: 6.397321e-01 Validation accuracy: 6.483333e-01 Loss 1.124911e-02 Time taken: 0:00:50.457380
Epoch: 75/100 Train accuracy: 6.424398e-01 Validation accuracy: 6.476667e-01 Loss 1.124068e-02 Time taken: 0:00:50.439980
Epoch: 76/100 Train accuracy: 6.421548e-01 Validation accuracy: 6.500000e-01 Loss 1.123792e-02 Time taken: 0:00:50.138326
Epoch: 77/100 Train accuracy: 6.395183e-01 Validation accuracy: 6.496667e-01 Loss 1.123081e-02 Time taken: 0:00:50.306839
Epoch: 78/100 Train accuracy: 6.385207e-01 Validation accuracy: 6.526667e-01 Loss 1.122985e-02 Time taken: 0:00:49.665016
Epoch: 79/100 Train accuracy: 6.379507e-01 Validation accuracy: 6.496667e-01 Loss 1.122688e-02 Time taken: 0:00:50.591559
Epoch: 80/100 Train accuracy: 6.385207e-01 Validation accuracy: 6.510000e-01 Loss 1.121934e-02 Time taken: 0:00:50.232623
Epoch: 81/100 Train accuracy: 6.410859e-01 Validation accuracy: 6.530000e-01 Loss 1.121000e-02 Time taken: 0:00:50.033567
Epoch: 82/100 Train accuracy: 6.390908e-01 Validation accuracy: 6.523333e-01 Loss 1.121540e-02 Time taken: 0:00:50.099076
Epoch: 83/100 Train accuracy: 6.417985e-01 Validation accuracy: 6.543333e-01 Loss 1.120046e-02 Time taken: 0:00:50.586751
Epoch: 84/100 Train accuracy: 6.415135e-01 Validation accuracy: 6.540000e-01 Loss 1.119631e-02 Time taken: 0:00:50.349994
Epoch: 85/100 Train accuracy: 6.435799e-01 Validation accuracy: 6.573333e-01 Loss 1.119590e-02 Time taken: 0:00:51.099922
Epoch: 86/100 Train accuracy: 6.430098e-01 Validation accuracy: 6.560000e-01 Loss 1.120477e-02 Time taken: 0:00:50.513362
Epoch: 87/100 Train accuracy: 6.429386e-01 Validation accuracy: 6.533333e-01 Loss 1.119923e-02 Time taken: 0:00:50.449512
Epoch: 88/100 Train accuracy: 6.456463e-01 Validation accuracy: 6.533333e-01 Loss 1.117899e-02 Time taken: 0:00:51.408635
Epoch: 89/100 Train accuracy: 6.417272e-01 Validation accuracy: 6.543333e-01 Loss 1.117848e-02 Time taken: 0:00:50.267668
Epoch: 90/100 Train accuracy: 6.442212e-01 Validation accuracy: 6.536667e-01 Loss 1.117430e-02 Time taken: 0:00:50.096828
Epoch: 91/100 Train accuracy: 6.464301e-01 Validation accuracy: 6.563333e-01 Loss 1.116810e-02 Time taken: 0:00:50.160693
Epoch: 92/100 Train accuracy: 6.431523e-01 Validation accuracy: 6.576667e-01 Loss 1.117505e-02 Time taken: 0:00:49.980308
Epoch: 93/100 Train accuracy: 6.440074e-01 Validation accuracy: 6.570000e-01 Loss 1.116253e-02 Time taken: 0:00:50.254657
Epoch: 94/100 Train accuracy: 6.479265e-01 Validation accuracy: 6.553333e-01 Loss 1.115262e-02 Time taken: 0:00:50.830355
Epoch: 95/100 Train accuracy: 6.465726e-01 Validation accuracy: 6.563333e-01 Loss 1.115567e-02 Time taken: 0:00:50.268906
Epoch: 96/100 Train accuracy: 6.452188e-01 Validation accuracy: 6.540000e-01 Loss 1.115642e-02 Time taken: 0:00:50.736869
Epoch: 97/100 Train accuracy: 6.435799e-01 Validation accuracy: 6.556667e-01 Loss 1.116167e-02 Time taken: 0:00:50.159470
Epoch: 98/100 Train accuracy: 6.465726e-01 Validation accuracy: 6.583333e-01 Loss 1.114857e-02 Time taken: 0:00:50.082526
Epoch: 99/100 Train accuracy: 6.434374e-01 Validation accuracy: 6.586667e-01 Loss 1.115622e-02 Time taken: 0:00:50.234400
Epoch: 100/100 Train accuracy: 6.479977e-01 Validation accuracy: 6.583333e-01 Loss 1.113982e-02 Time taken: 0:00:50.524043
Total time taken 1:26:48.012961
Done
