Directory classifiers/jepa-iic-PKT-classifier-pretrained-vitb-ep100 is now present
VisionTransformer(
  (patch_embed): PatchEmbed(
    (proj): Conv2d(3, 768, kernel_size=(15, 15), stride=(15, 15))
  )
  (blocks): ModuleList(
    (0-11): 12 x Block(
      (norm1): LayerNorm((768,), eps=1e-06, elementwise_affine=True)
      (attn): Attention(
        (qkv): Linear(in_features=768, out_features=2304, bias=True)
        (attn_drop): Dropout(p=0.0, inplace=False)
        (proj): Linear(in_features=768, out_features=768, bias=True)
        (proj_drop): Dropout(p=0.0, inplace=False)
      )
      (drop_path): Identity()
      (norm2): LayerNorm((768,), eps=1e-06, elementwise_affine=True)
      (mlp): MLP(
        (fc1): Linear(in_features=768, out_features=3072, bias=True)
        (act): GELU(approximate='none')
        (fc2): Linear(in_features=3072, out_features=768, bias=True)
        (drop): Dropout(p=0.0, inplace=False)
      )
    )
  )
  (norm): LayerNorm((768,), eps=1e-06, elementwise_affine=True)
)
Extracting features and saving them locally..
Epoch: 1/200 Train accuracy: 2.55237e-01 Validation accuracy: 2.78333e-01 Loss 1.38205e-02 Time taken: 1 seconds
Epoch: 2/200 Train accuracy: 2.79963e-01 Validation accuracy: 2.94667e-01 Loss 1.36012e-02 Time taken: 1 seconds
Epoch: 3/200 Train accuracy: 2.96993e-01 Validation accuracy: 3.15667e-01 Loss 1.35271e-02 Time taken: 1 seconds
Epoch: 4/200 Train accuracy: 3.03976e-01 Validation accuracy: 3.07333e-01 Loss 1.34704e-02 Time taken: 1 seconds
Epoch: 5/200 Train accuracy: 3.09463e-01 Validation accuracy: 2.86000e-01 Loss 1.34390e-02 Time taken: 1 seconds
Epoch: 6/200 Train accuracy: 3.04261e-01 Validation accuracy: 3.11333e-01 Loss 1.34561e-02 Time taken: 1 seconds
Epoch: 7/200 Train accuracy: 3.12028e-01 Validation accuracy: 3.03333e-01 Loss 1.34084e-02 Time taken: 1 seconds
Epoch: 8/200 Train accuracy: 3.06185e-01 Validation accuracy: 3.31000e-01 Loss 1.34192e-02 Time taken: 1 seconds
Epoch: 9/200 Train accuracy: 3.15947e-01 Validation accuracy: 3.31667e-01 Loss 1.33899e-02 Time taken: 1 seconds
Epoch: 10/200 Train accuracy: 3.16660e-01 Validation accuracy: 3.42000e-01 Loss 1.33714e-02 Time taken: 1 seconds
Epoch: 11/200 Train accuracy: 3.15092e-01 Validation accuracy: 3.41333e-01 Loss 1.33747e-02 Time taken: 1 seconds
Epoch: 12/200 Train accuracy: 3.20507e-01 Validation accuracy: 3.41333e-01 Loss 1.33577e-02 Time taken: 1 seconds
Epoch: 13/200 Train accuracy: 3.20080e-01 Validation accuracy: 3.47000e-01 Loss 1.33712e-02 Time taken: 1 seconds
Epoch: 14/200 Train accuracy: 3.25495e-01 Validation accuracy: 3.51667e-01 Loss 1.33289e-02 Time taken: 1 seconds
Epoch: 15/200 Train accuracy: 3.25780e-01 Validation accuracy: 3.44667e-01 Loss 1.33277e-02 Time taken: 1 seconds
Epoch: 16/200 Train accuracy: 3.28203e-01 Validation accuracy: 3.25667e-01 Loss 1.33292e-02 Time taken: 1 seconds
Epoch: 17/200 Train accuracy: 3.28345e-01 Validation accuracy: 3.32667e-01 Loss 1.33092e-02 Time taken: 1 seconds
Epoch: 18/200 Train accuracy: 3.23643e-01 Validation accuracy: 3.28333e-01 Loss 1.33304e-02 Time taken: 1 seconds
Epoch: 19/200 Train accuracy: 3.24854e-01 Validation accuracy: 3.41000e-01 Loss 1.33248e-02 Time taken: 1 seconds
Epoch: 20/200 Train accuracy: 3.26992e-01 Validation accuracy: 3.41000e-01 Loss 1.33151e-02 Time taken: 1 seconds
Epoch: 21/200 Train accuracy: 3.26137e-01 Validation accuracy: 3.23667e-01 Loss 1.33047e-02 Time taken: 1 seconds
Epoch: 22/200 Train accuracy: 3.27918e-01 Validation accuracy: 3.54333e-01 Loss 1.33098e-02 Time taken: 1 seconds
Epoch: 23/200 Train accuracy: 3.24711e-01 Validation accuracy: 3.47333e-01 Loss 1.33132e-02 Time taken: 1 seconds
Epoch: 24/200 Train accuracy: 3.29272e-01 Validation accuracy: 3.46000e-01 Loss 1.32934e-02 Time taken: 1 seconds
Epoch: 25/200 Train accuracy: 3.28987e-01 Validation accuracy: 3.53667e-01 Loss 1.32981e-02 Time taken: 1 seconds
Epoch: 26/200 Train accuracy: 3.28345e-01 Validation accuracy: 3.17000e-01 Loss 1.33116e-02 Time taken: 1 seconds
Epoch: 27/200 Train accuracy: 3.28203e-01 Validation accuracy: 3.38000e-01 Loss 1.32988e-02 Time taken: 1 seconds
Epoch: 28/200 Train accuracy: 3.27205e-01 Validation accuracy: 3.51667e-01 Loss 1.33155e-02 Time taken: 1 seconds
Epoch: 29/200 Train accuracy: 3.27419e-01 Validation accuracy: 3.18333e-01 Loss 1.33099e-02 Time taken: 1 seconds
Epoch: 30/200 Train accuracy: 3.29557e-01 Validation accuracy: 3.49000e-01 Loss 1.32877e-02 Time taken: 1 seconds
Epoch: 31/200 Train accuracy: 3.29984e-01 Validation accuracy: 3.44333e-01 Loss 1.32968e-02 Time taken: 1 seconds
Epoch: 32/200 Train accuracy: 3.30982e-01 Validation accuracy: 3.49333e-01 Loss 1.32875e-02 Time taken: 1 seconds
Epoch: 33/200 Train accuracy: 3.27490e-01 Validation accuracy: 3.38000e-01 Loss 1.32918e-02 Time taken: 1 seconds
Epoch: 34/200 Train accuracy: 3.33761e-01 Validation accuracy: 3.36000e-01 Loss 1.32726e-02 Time taken: 1 seconds
Epoch: 35/200 Train accuracy: 3.31267e-01 Validation accuracy: 3.38333e-01 Loss 1.32880e-02 Time taken: 1 seconds
Epoch: 36/200 Train accuracy: 3.26279e-01 Validation accuracy: 3.44000e-01 Loss 1.33009e-02 Time taken: 1 seconds
Epoch: 37/200 Train accuracy: 3.33690e-01 Validation accuracy: 3.26667e-01 Loss 1.32707e-02 Time taken: 1 seconds
Epoch: 38/200 Train accuracy: 3.33690e-01 Validation accuracy: 3.26333e-01 Loss 1.32752e-02 Time taken: 1 seconds
Epoch: 39/200 Train accuracy: 3.32122e-01 Validation accuracy: 3.26667e-01 Loss 1.32722e-02 Time taken: 1 seconds
Epoch: 40/200 Train accuracy: 3.32051e-01 Validation accuracy: 3.38333e-01 Loss 1.32814e-02 Time taken: 1 seconds
Epoch: 41/200 Train accuracy: 3.34687e-01 Validation accuracy: 3.49333e-01 Loss 1.32706e-02 Time taken: 1 seconds
Epoch: 42/200 Train accuracy: 3.32336e-01 Validation accuracy: 3.31000e-01 Loss 1.32693e-02 Time taken: 1 seconds
Epoch: 43/200 Train accuracy: 3.30483e-01 Validation accuracy: 3.49000e-01 Loss 1.32748e-02 Time taken: 1 seconds
Epoch: 44/200 Train accuracy: 3.32621e-01 Validation accuracy: 3.43667e-01 Loss 1.32724e-02 Time taken: 1 seconds
Epoch: 45/200 Train accuracy: 3.32122e-01 Validation accuracy: 3.48000e-01 Loss 1.32661e-02 Time taken: 1 seconds
Epoch: 46/200 Train accuracy: 3.31766e-01 Validation accuracy: 3.39000e-01 Loss 1.32797e-02 Time taken: 1 seconds
Epoch: 47/200 Train accuracy: 3.35756e-01 Validation accuracy: 3.46333e-01 Loss 1.32613e-02 Time taken: 1 seconds
Epoch: 48/200 Train accuracy: 3.32478e-01 Validation accuracy: 3.47000e-01 Loss 1.32782e-02 Time taken: 1 seconds
Epoch: 49/200 Train accuracy: 3.32621e-01 Validation accuracy: 3.49667e-01 Loss 1.32708e-02 Time taken: 1 seconds
Epoch: 50/200 Train accuracy: 3.34473e-01 Validation accuracy: 3.53333e-01 Loss 1.32782e-02 Time taken: 1 seconds
Epoch: 51/200 Train accuracy: 3.33048e-01 Validation accuracy: 3.34333e-01 Loss 1.32664e-02 Time taken: 1 seconds
Epoch: 52/200 Train accuracy: 3.28488e-01 Validation accuracy: 3.49333e-01 Loss 1.32785e-02 Time taken: 1 seconds
Epoch: 53/200 Train accuracy: 3.32336e-01 Validation accuracy: 3.19333e-01 Loss 1.32799e-02 Time taken: 1 seconds
Epoch: 54/200 Train accuracy: 3.37894e-01 Validation accuracy: 3.48667e-01 Loss 1.32638e-02 Time taken: 1 seconds
Epoch: 55/200 Train accuracy: 3.36825e-01 Validation accuracy: 3.31000e-01 Loss 1.32535e-02 Time taken: 1 seconds
Epoch: 56/200 Train accuracy: 3.33832e-01 Validation accuracy: 3.41667e-01 Loss 1.32618e-02 Time taken: 1 seconds
Epoch: 57/200 Train accuracy: 3.33262e-01 Validation accuracy: 3.53000e-01 Loss 1.32724e-02 Time taken: 1 seconds
Epoch: 58/200 Train accuracy: 3.34473e-01 Validation accuracy: 3.48333e-01 Loss 1.32632e-02 Time taken: 1 seconds
Epoch: 59/200 Train accuracy: 3.35685e-01 Validation accuracy: 3.31333e-01 Loss 1.32576e-02 Time taken: 1 seconds
Epoch: 60/200 Train accuracy: 3.34758e-01 Validation accuracy: 3.38000e-01 Loss 1.32538e-02 Time taken: 1 seconds
Epoch: 61/200 Train accuracy: 3.32051e-01 Validation accuracy: 3.55000e-01 Loss 1.32630e-02 Time taken: 1 seconds
Epoch: 62/200 Train accuracy: 3.35400e-01 Validation accuracy: 3.23667e-01 Loss 1.32546e-02 Time taken: 1 seconds
Epoch: 63/200 Train accuracy: 3.36967e-01 Validation accuracy: 3.52333e-01 Loss 1.32540e-02 Time taken: 1 seconds
Epoch: 64/200 Train accuracy: 3.41243e-01 Validation accuracy: 3.48000e-01 Loss 1.32459e-02 Time taken: 1 seconds
Epoch: 65/200 Train accuracy: 3.35614e-01 Validation accuracy: 3.53667e-01 Loss 1.32572e-02 Time taken: 1 seconds
Epoch: 66/200 Train accuracy: 3.35970e-01 Validation accuracy: 3.32333e-01 Loss 1.32488e-02 Time taken: 1 seconds
Epoch: 67/200 Train accuracy: 3.37751e-01 Validation accuracy: 3.33000e-01 Loss 1.32559e-02 Time taken: 1 seconds
Epoch: 68/200 Train accuracy: 3.39105e-01 Validation accuracy: 3.47333e-01 Loss 1.32473e-02 Time taken: 1 seconds
Epoch: 69/200 Train accuracy: 3.38820e-01 Validation accuracy: 3.32333e-01 Loss 1.32571e-02 Time taken: 1 seconds
Epoch: 70/200 Train accuracy: 3.29984e-01 Validation accuracy: 3.26333e-01 Loss 1.32828e-02 Time taken: 1 seconds
Epoch: 71/200 Train accuracy: 3.32763e-01 Validation accuracy: 3.51000e-01 Loss 1.32667e-02 Time taken: 1 seconds
Epoch: 72/200 Train accuracy: 3.38321e-01 Validation accuracy: 3.53333e-01 Loss 1.32474e-02 Time taken: 1 seconds
Epoch: 73/200 Train accuracy: 3.33262e-01 Validation accuracy: 3.51000e-01 Loss 1.32601e-02 Time taken: 1 seconds
Epoch: 74/200 Train accuracy: 3.34331e-01 Validation accuracy: 3.52333e-01 Loss 1.32572e-02 Time taken: 1 seconds
Epoch: 75/200 Train accuracy: 3.33262e-01 Validation accuracy: 3.54667e-01 Loss 1.32546e-02 Time taken: 1 seconds
Epoch: 76/200 Train accuracy: 3.39889e-01 Validation accuracy: 3.55000e-01 Loss 1.32365e-02 Time taken: 1 seconds
Epoch: 77/200 Train accuracy: 3.35115e-01 Validation accuracy: 3.49333e-01 Loss 1.32461e-02 Time taken: 1 seconds
Epoch: 78/200 Train accuracy: 3.39818e-01 Validation accuracy: 3.48000e-01 Loss 1.32352e-02 Time taken: 1 seconds
Epoch: 79/200 Train accuracy: 3.36255e-01 Validation accuracy: 3.56333e-01 Loss 1.32561e-02 Time taken: 1 seconds
Epoch: 80/200 Train accuracy: 3.37181e-01 Validation accuracy: 3.48000e-01 Loss 1.32455e-02 Time taken: 1 seconds
Epoch: 81/200 Train accuracy: 3.39889e-01 Validation accuracy: 3.53000e-01 Loss 1.32436e-02 Time taken: 1 seconds
Epoch: 82/200 Train accuracy: 3.35257e-01 Validation accuracy: 3.28667e-01 Loss 1.32454e-02 Time taken: 1 seconds
Epoch: 83/200 Train accuracy: 3.39533e-01 Validation accuracy: 3.59000e-01 Loss 1.32309e-02 Time taken: 1 seconds
Epoch: 84/200 Train accuracy: 3.32478e-01 Validation accuracy: 3.34000e-01 Loss 1.32694e-02 Time taken: 1 seconds
Epoch: 85/200 Train accuracy: 3.39176e-01 Validation accuracy: 3.28667e-01 Loss 1.32373e-02 Time taken: 1 seconds
Epoch: 86/200 Train accuracy: 3.37537e-01 Validation accuracy: 3.33000e-01 Loss 1.32496e-02 Time taken: 1 seconds
Epoch: 87/200 Train accuracy: 3.38677e-01 Validation accuracy: 3.54667e-01 Loss 1.32441e-02 Time taken: 1 seconds
Epoch: 88/200 Train accuracy: 3.41243e-01 Validation accuracy: 3.37000e-01 Loss 1.32409e-02 Time taken: 1 seconds
Epoch: 89/200 Train accuracy: 3.36611e-01 Validation accuracy: 3.53000e-01 Loss 1.32527e-02 Time taken: 1 seconds
Epoch: 90/200 Train accuracy: 3.37751e-01 Validation accuracy: 3.56667e-01 Loss 1.32424e-02 Time taken: 1 seconds
Epoch: 91/200 Train accuracy: 3.38321e-01 Validation accuracy: 3.56000e-01 Loss 1.32434e-02 Time taken: 1 seconds
Epoch: 92/200 Train accuracy: 3.34901e-01 Validation accuracy: 3.55000e-01 Loss 1.32517e-02 Time taken: 1 seconds
Epoch: 93/200 Train accuracy: 3.38820e-01 Validation accuracy: 3.47333e-01 Loss 1.32445e-02 Time taken: 1 seconds
Epoch: 94/200 Train accuracy: 3.33832e-01 Validation accuracy: 3.48333e-01 Loss 1.32423e-02 Time taken: 1 seconds
Epoch: 95/200 Train accuracy: 3.39818e-01 Validation accuracy: 3.33667e-01 Loss 1.32406e-02 Time taken: 1 seconds
Epoch: 96/200 Train accuracy: 3.39390e-01 Validation accuracy: 3.57333e-01 Loss 1.32435e-02 Time taken: 1 seconds
Epoch: 97/200 Train accuracy: 3.34687e-01 Validation accuracy: 3.43667e-01 Loss 1.32626e-02 Time taken: 1 seconds
Epoch: 98/200 Train accuracy: 3.36184e-01 Validation accuracy: 3.54667e-01 Loss 1.32522e-02 Time taken: 1 seconds
Epoch: 99/200 Train accuracy: 3.39533e-01 Validation accuracy: 3.12333e-01 Loss 1.32437e-02 Time taken: 1 seconds
Epoch: 100/200 Train accuracy: 3.40530e-01 Validation accuracy: 3.55667e-01 Loss 1.32297e-02 Time taken: 1 seconds
Epoch: 101/200 Train accuracy: 3.41171e-01 Validation accuracy: 3.50667e-01 Loss 1.32276e-02 Time taken: 1 seconds
Epoch: 102/200 Train accuracy: 3.42454e-01 Validation accuracy: 3.54333e-01 Loss 1.32234e-02 Time taken: 1 seconds
Epoch: 103/200 Train accuracy: 3.38749e-01 Validation accuracy: 3.43667e-01 Loss 1.32318e-02 Time taken: 1 seconds
Epoch: 104/200 Train accuracy: 3.42739e-01 Validation accuracy: 3.54667e-01 Loss 1.32197e-02 Time taken: 1 seconds
Epoch: 105/200 Train accuracy: 3.39604e-01 Validation accuracy: 3.40333e-01 Loss 1.32377e-02 Time taken: 1 seconds
Epoch: 106/200 Train accuracy: 3.35685e-01 Validation accuracy: 3.50667e-01 Loss 1.32513e-02 Time taken: 1 seconds
Epoch: 107/200 Train accuracy: 3.42027e-01 Validation accuracy: 3.48000e-01 Loss 1.32260e-02 Time taken: 1 seconds
Epoch: 108/200 Train accuracy: 3.40673e-01 Validation accuracy: 3.54667e-01 Loss 1.32304e-02 Time taken: 1 seconds
Epoch: 109/200 Train accuracy: 3.38535e-01 Validation accuracy: 3.52333e-01 Loss 1.32479e-02 Time taken: 1 seconds
Epoch: 110/200 Train accuracy: 3.38963e-01 Validation accuracy: 3.45333e-01 Loss 1.32367e-02 Time taken: 1 seconds
Epoch: 111/200 Train accuracy: 3.36896e-01 Validation accuracy: 3.54000e-01 Loss 1.32369e-02 Time taken: 1 seconds
Epoch: 112/200 Train accuracy: 3.39960e-01 Validation accuracy: 3.50667e-01 Loss 1.32349e-02 Time taken: 1 seconds
Epoch: 113/200 Train accuracy: 3.39319e-01 Validation accuracy: 3.45667e-01 Loss 1.32327e-02 Time taken: 1 seconds
Epoch: 114/200 Train accuracy: 3.39818e-01 Validation accuracy: 3.56667e-01 Loss 1.32277e-02 Time taken: 1 seconds
Epoch: 115/200 Train accuracy: 3.40031e-01 Validation accuracy: 3.51667e-01 Loss 1.32329e-02 Time taken: 1 seconds
Epoch: 116/200 Train accuracy: 3.33832e-01 Validation accuracy: 3.41667e-01 Loss 1.32506e-02 Time taken: 1 seconds
Epoch: 117/200 Train accuracy: 3.38036e-01 Validation accuracy: 3.56333e-01 Loss 1.32289e-02 Time taken: 1 seconds
Epoch: 118/200 Train accuracy: 3.36184e-01 Validation accuracy: 3.52000e-01 Loss 1.32398e-02 Time taken: 1 seconds
Epoch: 119/200 Train accuracy: 3.37822e-01 Validation accuracy: 3.56667e-01 Loss 1.32305e-02 Time taken: 1 seconds
Epoch: 120/200 Train accuracy: 3.41528e-01 Validation accuracy: 3.28667e-01 Loss 1.32238e-02 Time taken: 1 seconds
Epoch: 121/200 Train accuracy: 3.39818e-01 Validation accuracy: 3.60333e-01 Loss 1.32204e-02 Time taken: 1 seconds
Epoch: 122/200 Train accuracy: 3.37395e-01 Validation accuracy: 3.56667e-01 Loss 1.32343e-02 Time taken: 1 seconds
Epoch: 123/200 Train accuracy: 3.42597e-01 Validation accuracy: 3.57667e-01 Loss 1.32196e-02 Time taken: 1 seconds
Epoch: 124/200 Train accuracy: 3.42240e-01 Validation accuracy: 3.33333e-01 Loss 1.32193e-02 Time taken: 1 seconds
Epoch: 125/200 Train accuracy: 3.39818e-01 Validation accuracy: 3.56000e-01 Loss 1.32256e-02 Time taken: 1 seconds
Epoch: 126/200 Train accuracy: 3.44307e-01 Validation accuracy: 3.54333e-01 Loss 1.32133e-02 Time taken: 1 seconds
Epoch: 127/200 Train accuracy: 3.41884e-01 Validation accuracy: 3.44667e-01 Loss 1.32172e-02 Time taken: 1 seconds
Epoch: 128/200 Train accuracy: 3.40744e-01 Validation accuracy: 3.56667e-01 Loss 1.32189e-02 Time taken: 1 seconds
Epoch: 129/200 Train accuracy: 3.40744e-01 Validation accuracy: 3.54667e-01 Loss 1.32241e-02 Time taken: 1 seconds
Epoch: 130/200 Train accuracy: 3.42027e-01 Validation accuracy: 3.51667e-01 Loss 1.32219e-02 Time taken: 1 seconds
Epoch: 131/200 Train accuracy: 3.39818e-01 Validation accuracy: 3.63000e-01 Loss 1.32243e-02 Time taken: 1 seconds
Epoch: 132/200 Train accuracy: 3.40388e-01 Validation accuracy: 3.59000e-01 Loss 1.32271e-02 Time taken: 1 seconds
Epoch: 133/200 Train accuracy: 3.38464e-01 Validation accuracy: 3.56000e-01 Loss 1.32167e-02 Time taken: 1 seconds
Epoch: 134/200 Train accuracy: 3.40886e-01 Validation accuracy: 3.38667e-01 Loss 1.32140e-02 Time taken: 1 seconds
Epoch: 135/200 Train accuracy: 3.35614e-01 Validation accuracy: 3.58667e-01 Loss 1.32464e-02 Time taken: 1 seconds
Epoch: 136/200 Train accuracy: 3.43665e-01 Validation accuracy: 3.53333e-01 Loss 1.32088e-02 Time taken: 1 seconds
Epoch: 137/200 Train accuracy: 3.40958e-01 Validation accuracy: 3.41333e-01 Loss 1.32145e-02 Time taken: 1 seconds
Epoch: 138/200 Train accuracy: 3.42454e-01 Validation accuracy: 3.49000e-01 Loss 1.32092e-02 Time taken: 1 seconds
Epoch: 139/200 Train accuracy: 3.43452e-01 Validation accuracy: 3.60333e-01 Loss 1.32055e-02 Time taken: 1 seconds
Epoch: 140/200 Train accuracy: 3.39533e-01 Validation accuracy: 3.52000e-01 Loss 1.32211e-02 Time taken: 1 seconds
Epoch: 141/200 Train accuracy: 3.33903e-01 Validation accuracy: 3.30667e-01 Loss 1.32535e-02 Time taken: 1 seconds
Epoch: 142/200 Train accuracy: 3.40530e-01 Validation accuracy: 3.55333e-01 Loss 1.32169e-02 Time taken: 1 seconds
Epoch: 143/200 Train accuracy: 3.41884e-01 Validation accuracy: 3.27000e-01 Loss 1.32189e-02 Time taken: 1 seconds
Epoch: 144/200 Train accuracy: 3.39889e-01 Validation accuracy: 3.46333e-01 Loss 1.32243e-02 Time taken: 1 seconds
Epoch: 145/200 Train accuracy: 3.38606e-01 Validation accuracy: 3.35000e-01 Loss 1.32267e-02 Time taken: 1 seconds
Epoch: 146/200 Train accuracy: 3.41100e-01 Validation accuracy: 3.31667e-01 Loss 1.32222e-02 Time taken: 1 seconds
Epoch: 147/200 Train accuracy: 3.41243e-01 Validation accuracy: 3.57667e-01 Loss 1.32186e-02 Time taken: 1 seconds
Epoch: 148/200 Train accuracy: 3.38820e-01 Validation accuracy: 3.60000e-01 Loss 1.32368e-02 Time taken: 1 seconds
Epoch: 149/200 Train accuracy: 3.41741e-01 Validation accuracy: 3.59667e-01 Loss 1.32178e-02 Time taken: 1 seconds
Epoch: 150/200 Train accuracy: 3.40174e-01 Validation accuracy: 3.54667e-01 Loss 1.32170e-02 Time taken: 1 seconds
Epoch: 151/200 Train accuracy: 3.43167e-01 Validation accuracy: 3.42667e-01 Loss 1.32045e-02 Time taken: 1 seconds
Epoch: 152/200 Train accuracy: 3.43309e-01 Validation accuracy: 3.27333e-01 Loss 1.32201e-02 Time taken: 1 seconds
Epoch: 153/200 Train accuracy: 3.32977e-01 Validation accuracy: 3.54000e-01 Loss 1.32411e-02 Time taken: 1 seconds
Epoch: 154/200 Train accuracy: 3.39248e-01 Validation accuracy: 3.16000e-01 Loss 1.32303e-02 Time taken: 1 seconds
Epoch: 155/200 Train accuracy: 3.41670e-01 Validation accuracy: 3.58333e-01 Loss 1.32130e-02 Time taken: 1 seconds
Epoch: 156/200 Train accuracy: 3.41385e-01 Validation accuracy: 3.35667e-01 Loss 1.32216e-02 Time taken: 1 seconds
Epoch: 157/200 Train accuracy: 3.42525e-01 Validation accuracy: 3.43333e-01 Loss 1.32204e-02 Time taken: 1 seconds
Epoch: 158/200 Train accuracy: 3.40744e-01 Validation accuracy: 3.52667e-01 Loss 1.32227e-02 Time taken: 1 seconds
Epoch: 159/200 Train accuracy: 3.43737e-01 Validation accuracy: 3.49667e-01 Loss 1.32109e-02 Time taken: 1 seconds
Epoch: 160/200 Train accuracy: 3.44235e-01 Validation accuracy: 3.57333e-01 Loss 1.32173e-02 Time taken: 1 seconds
Epoch: 161/200 Train accuracy: 3.44378e-01 Validation accuracy: 3.48000e-01 Loss 1.32106e-02 Time taken: 1 seconds
Epoch: 162/200 Train accuracy: 3.40388e-01 Validation accuracy: 3.43667e-01 Loss 1.32204e-02 Time taken: 1 seconds
Epoch: 163/200 Train accuracy: 3.41029e-01 Validation accuracy: 3.56333e-01 Loss 1.32084e-02 Time taken: 1 seconds
Epoch: 164/200 Train accuracy: 3.39746e-01 Validation accuracy: 3.57333e-01 Loss 1.32204e-02 Time taken: 1 seconds
Epoch: 165/200 Train accuracy: 3.35970e-01 Validation accuracy: 3.30000e-01 Loss 1.32319e-02 Time taken: 1 seconds
Epoch: 166/200 Train accuracy: 3.41171e-01 Validation accuracy: 3.51667e-01 Loss 1.32197e-02 Time taken: 1 seconds
Epoch: 167/200 Train accuracy: 3.44592e-01 Validation accuracy: 3.39667e-01 Loss 1.32047e-02 Time taken: 1 seconds
Epoch: 168/200 Train accuracy: 3.42953e-01 Validation accuracy: 3.60333e-01 Loss 1.32228e-02 Time taken: 1 seconds
Epoch: 169/200 Train accuracy: 3.46373e-01 Validation accuracy: 3.51333e-01 Loss 1.32057e-02 Time taken: 1 seconds
Epoch: 170/200 Train accuracy: 3.42098e-01 Validation accuracy: 3.38667e-01 Loss 1.32147e-02 Time taken: 1 seconds
Epoch: 171/200 Train accuracy: 3.45304e-01 Validation accuracy: 3.62667e-01 Loss 1.31972e-02 Time taken: 1 seconds
Epoch: 172/200 Train accuracy: 3.43095e-01 Validation accuracy: 3.57000e-01 Loss 1.32034e-02 Time taken: 1 seconds
Epoch: 173/200 Train accuracy: 3.46943e-01 Validation accuracy: 3.61333e-01 Loss 1.31964e-02 Time taken: 1 seconds
Epoch: 174/200 Train accuracy: 3.41314e-01 Validation accuracy: 3.55667e-01 Loss 1.32020e-02 Time taken: 1 seconds
Epoch: 175/200 Train accuracy: 3.43452e-01 Validation accuracy: 3.60667e-01 Loss 1.32026e-02 Time taken: 1 seconds
Epoch: 176/200 Train accuracy: 3.42454e-01 Validation accuracy: 3.35333e-01 Loss 1.32018e-02 Time taken: 1 seconds
Epoch: 177/200 Train accuracy: 3.41385e-01 Validation accuracy: 3.58333e-01 Loss 1.32131e-02 Time taken: 1 seconds
Epoch: 178/200 Train accuracy: 3.46088e-01 Validation accuracy: 3.19667e-01 Loss 1.31955e-02 Time taken: 1 seconds
Epoch: 179/200 Train accuracy: 3.41314e-01 Validation accuracy: 3.62000e-01 Loss 1.32124e-02 Time taken: 1 seconds
Epoch: 180/200 Train accuracy: 3.43808e-01 Validation accuracy: 3.61000e-01 Loss 1.31995e-02 Time taken: 1 seconds
Epoch: 181/200 Train accuracy: 3.44378e-01 Validation accuracy: 3.57333e-01 Loss 1.32049e-02 Time taken: 1 seconds
Epoch: 182/200 Train accuracy: 3.40958e-01 Validation accuracy: 3.49333e-01 Loss 1.32146e-02 Time taken: 1 seconds
Epoch: 183/200 Train accuracy: 3.43523e-01 Validation accuracy: 3.60000e-01 Loss 1.32097e-02 Time taken: 1 seconds
Epoch: 184/200 Train accuracy: 3.43380e-01 Validation accuracy: 3.48000e-01 Loss 1.32016e-02 Time taken: 1 seconds
Epoch: 185/200 Train accuracy: 3.36967e-01 Validation accuracy: 3.47333e-01 Loss 1.32272e-02 Time taken: 1 seconds
Epoch: 186/200 Train accuracy: 3.43808e-01 Validation accuracy: 3.55333e-01 Loss 1.32125e-02 Time taken: 1 seconds
Epoch: 187/200 Train accuracy: 3.43879e-01 Validation accuracy: 3.61667e-01 Loss 1.31982e-02 Time taken: 1 seconds
Epoch: 188/200 Train accuracy: 3.44805e-01 Validation accuracy: 3.57667e-01 Loss 1.32026e-02 Time taken: 1 seconds
Epoch: 189/200 Train accuracy: 3.47014e-01 Validation accuracy: 3.54667e-01 Loss 1.31890e-02 Time taken: 1 seconds
Epoch: 190/200 Train accuracy: 3.39461e-01 Validation accuracy: 3.43000e-01 Loss 1.32224e-02 Time taken: 1 seconds
Epoch: 191/200 Train accuracy: 3.41456e-01 Validation accuracy: 3.62000e-01 Loss 1.32056e-02 Time taken: 1 seconds
Epoch: 192/200 Train accuracy: 3.40744e-01 Validation accuracy: 3.17333e-01 Loss 1.32301e-02 Time taken: 1 seconds
Epoch: 193/200 Train accuracy: 3.40174e-01 Validation accuracy: 3.52000e-01 Loss 1.32173e-02 Time taken: 1 seconds
Epoch: 194/200 Train accuracy: 3.41599e-01 Validation accuracy: 3.51667e-01 Loss 1.32114e-02 Time taken: 1 seconds
Epoch: 195/200 Train accuracy: 3.41670e-01 Validation accuracy: 3.63333e-01 Loss 1.32137e-02 Time taken: 1 seconds
Epoch: 196/200 Train accuracy: 3.41955e-01 Validation accuracy: 3.51000e-01 Loss 1.32028e-02 Time taken: 1 seconds
Epoch: 197/200 Train accuracy: 3.42810e-01 Validation accuracy: 3.58667e-01 Loss 1.32179e-02 Time taken: 1 seconds
Epoch: 198/200 Train accuracy: 3.38107e-01 Validation accuracy: 3.58333e-01 Loss 1.32296e-02 Time taken: 1 seconds
Epoch: 199/200 Train accuracy: 3.42169e-01 Validation accuracy: 3.63000e-01 Loss 1.31988e-02 Time taken: 1 seconds
Epoch: 200/200 Train accuracy: 3.42098e-01 Validation accuracy: 3.34000e-01 Loss 1.32130e-02 Time taken: 1 seconds
Total time taken 0:05:07.054857
Done


working on file logs_PKT/iic-train-PKT/jepa_iic_PKT-ep200.pth.tar ...
Directory classifiers/jepa-iic-PKT-classifier-pretrained-vitb-ep100 is now present
VisionTransformer(
  (patch_embed): PatchEmbed(
    (proj): Conv2d(3, 768, kernel_size=(15, 15), stride=(15, 15))
  )
  (blocks): ModuleList(
    (0-11): 12 x Block(
      (norm1): LayerNorm((768,), eps=1e-06, elementwise_affine=True)
      (attn): Attention(
        (qkv): Linear(in_features=768, out_features=2304, bias=True)
        (attn_drop): Dropout(p=0.0, inplace=False)
        (proj): Linear(in_features=768, out_features=768, bias=True)
        (proj_drop): Dropout(p=0.0, inplace=False)
      )
      (drop_path): Identity()
      (norm2): LayerNorm((768,), eps=1e-06, elementwise_affine=True)
      (mlp): MLP(
        (fc1): Linear(in_features=768, out_features=3072, bias=True)
        (act): GELU(approximate='none')
        (fc2): Linear(in_features=3072, out_features=768, bias=True)
        (drop): Dropout(p=0.0, inplace=False)
      )
    )
  )
  (norm): LayerNorm((768,), eps=1e-06, elementwise_affine=True)
)
Extracting features and saving them locally..
Epoch: 1/200 Train accuracy: 2.47043e-01 Validation accuracy: 2.97667e-01 Loss 1.38548e-02 Time taken: 1 seconds
Epoch: 2/200 Train accuracy: 2.84808e-01 Validation accuracy: 2.97333e-01 Loss 1.36174e-02 Time taken: 1 seconds
Epoch: 3/200 Train accuracy: 3.04119e-01 Validation accuracy: 3.46333e-01 Loss 1.35080e-02 Time taken: 1 seconds
Epoch: 4/200 Train accuracy: 3.03335e-01 Validation accuracy: 3.11667e-01 Loss 1.34843e-02 Time taken: 1 seconds
Epoch: 5/200 Train accuracy: 3.10033e-01 Validation accuracy: 3.22333e-01 Loss 1.34467e-02 Time taken: 1 seconds
Epoch: 6/200 Train accuracy: 3.14949e-01 Validation accuracy: 3.01333e-01 Loss 1.34161e-02 Time taken: 1 seconds
Epoch: 7/200 Train accuracy: 3.14807e-01 Validation accuracy: 3.17000e-01 Loss 1.33971e-02 Time taken: 1 seconds
Epoch: 8/200 Train accuracy: 3.09534e-01 Validation accuracy: 3.08000e-01 Loss 1.34089e-02 Time taken: 1 seconds
Epoch: 9/200 Train accuracy: 3.09035e-01 Validation accuracy: 3.12333e-01 Loss 1.34161e-02 Time taken: 1 seconds
Epoch: 10/200 Train accuracy: 3.23215e-01 Validation accuracy: 3.11000e-01 Loss 1.33568e-02 Time taken: 1 seconds
Epoch: 11/200 Train accuracy: 3.21362e-01 Validation accuracy: 3.48667e-01 Loss 1.33549e-02 Time taken: 1 seconds
Epoch: 12/200 Train accuracy: 3.19082e-01 Validation accuracy: 3.43333e-01 Loss 1.33461e-02 Time taken: 1 seconds
Epoch: 13/200 Train accuracy: 3.22788e-01 Validation accuracy: 3.42333e-01 Loss 1.33384e-02 Time taken: 1 seconds
Epoch: 14/200 Train accuracy: 3.27134e-01 Validation accuracy: 3.09000e-01 Loss 1.33277e-02 Time taken: 1 seconds
Epoch: 15/200 Train accuracy: 3.22788e-01 Validation accuracy: 3.31333e-01 Loss 1.33497e-02 Time taken: 1 seconds
Epoch: 16/200 Train accuracy: 3.22502e-01 Validation accuracy: 3.36667e-01 Loss 1.33324e-02 Time taken: 1 seconds
Epoch: 17/200 Train accuracy: 3.24925e-01 Validation accuracy: 2.89333e-01 Loss 1.33188e-02 Time taken: 1 seconds
Epoch: 18/200 Train accuracy: 3.27704e-01 Validation accuracy: 3.45333e-01 Loss 1.33039e-02 Time taken: 1 seconds
Epoch: 19/200 Train accuracy: 3.22360e-01 Validation accuracy: 3.49667e-01 Loss 1.33306e-02 Time taken: 1 seconds
Epoch: 20/200 Train accuracy: 3.23785e-01 Validation accuracy: 3.37667e-01 Loss 1.33180e-02 Time taken: 1 seconds
Epoch: 21/200 Train accuracy: 3.25139e-01 Validation accuracy: 3.46000e-01 Loss 1.33053e-02 Time taken: 1 seconds
Epoch: 22/200 Train accuracy: 3.25994e-01 Validation accuracy: 3.32000e-01 Loss 1.33055e-02 Time taken: 1 seconds
Epoch: 23/200 Train accuracy: 3.26920e-01 Validation accuracy: 3.46333e-01 Loss 1.33029e-02 Time taken: 1 seconds
Epoch: 24/200 Train accuracy: 3.25994e-01 Validation accuracy: 3.38333e-01 Loss 1.33182e-02 Time taken: 1 seconds
Epoch: 25/200 Train accuracy: 3.28488e-01 Validation accuracy: 3.29000e-01 Loss 1.33003e-02 Time taken: 1 seconds
Epoch: 26/200 Train accuracy: 3.24141e-01 Validation accuracy: 3.41000e-01 Loss 1.33049e-02 Time taken: 1 seconds
Epoch: 27/200 Train accuracy: 3.26564e-01 Validation accuracy: 3.39667e-01 Loss 1.32988e-02 Time taken: 1 seconds
Epoch: 28/200 Train accuracy: 3.30341e-01 Validation accuracy: 3.44667e-01 Loss 1.32898e-02 Time taken: 1 seconds
Epoch: 29/200 Train accuracy: 3.32122e-01 Validation accuracy: 3.33667e-01 Loss 1.32855e-02 Time taken: 1 seconds
Epoch: 30/200 Train accuracy: 3.30412e-01 Validation accuracy: 3.43000e-01 Loss 1.32927e-02 Time taken: 1 seconds
Epoch: 31/200 Train accuracy: 3.31837e-01 Validation accuracy: 3.19000e-01 Loss 1.32945e-02 Time taken: 1 seconds
Epoch: 32/200 Train accuracy: 3.30768e-01 Validation accuracy: 3.50000e-01 Loss 1.32837e-02 Time taken: 1 seconds
Epoch: 33/200 Train accuracy: 3.32763e-01 Validation accuracy: 3.47000e-01 Loss 1.32797e-02 Time taken: 1 seconds
Epoch: 34/200 Train accuracy: 3.30982e-01 Validation accuracy: 3.43333e-01 Loss 1.32832e-02 Time taken: 1 seconds
Epoch: 35/200 Train accuracy: 3.31409e-01 Validation accuracy: 3.40333e-01 Loss 1.32705e-02 Time taken: 1 seconds
Epoch: 36/200 Train accuracy: 3.28417e-01 Validation accuracy: 3.28333e-01 Loss 1.32880e-02 Time taken: 1 seconds
Epoch: 37/200 Train accuracy: 3.29201e-01 Validation accuracy: 3.49000e-01 Loss 1.32844e-02 Time taken: 1 seconds
Epoch: 38/200 Train accuracy: 3.34260e-01 Validation accuracy: 3.51000e-01 Loss 1.32721e-02 Time taken: 1 seconds
Epoch: 39/200 Train accuracy: 3.31267e-01 Validation accuracy: 3.44000e-01 Loss 1.32794e-02 Time taken: 1 seconds
Epoch: 40/200 Train accuracy: 3.28702e-01 Validation accuracy: 3.42667e-01 Loss 1.33024e-02 Time taken: 1 seconds
Epoch: 41/200 Train accuracy: 3.35827e-01 Validation accuracy: 3.33667e-01 Loss 1.32671e-02 Time taken: 1 seconds
Epoch: 42/200 Train accuracy: 3.32051e-01 Validation accuracy: 3.49667e-01 Loss 1.32759e-02 Time taken: 1 seconds
Epoch: 43/200 Train accuracy: 3.30626e-01 Validation accuracy: 3.44667e-01 Loss 1.32843e-02 Time taken: 1 seconds
Epoch: 44/200 Train accuracy: 3.29699e-01 Validation accuracy: 3.33667e-01 Loss 1.32812e-02 Time taken: 1 seconds
Epoch: 45/200 Train accuracy: 3.33975e-01 Validation accuracy: 3.40000e-01 Loss 1.32651e-02 Time taken: 1 seconds
Epoch: 46/200 Train accuracy: 3.30127e-01 Validation accuracy: 3.17333e-01 Loss 1.32737e-02 Time taken: 1 seconds
Epoch: 47/200 Train accuracy: 3.32692e-01 Validation accuracy: 3.49333e-01 Loss 1.32718e-02 Time taken: 1 seconds
Epoch: 48/200 Train accuracy: 3.33191e-01 Validation accuracy: 3.47667e-01 Loss 1.32701e-02 Time taken: 1 seconds
Epoch: 49/200 Train accuracy: 3.30554e-01 Validation accuracy: 3.53000e-01 Loss 1.32815e-02 Time taken: 1 seconds
Epoch: 50/200 Train accuracy: 3.31267e-01 Validation accuracy: 3.40333e-01 Loss 1.32788e-02 Time taken: 1 seconds
Epoch: 51/200 Train accuracy: 3.36184e-01 Validation accuracy: 3.48000e-01 Loss 1.32558e-02 Time taken: 1 seconds
Epoch: 52/200 Train accuracy: 3.31766e-01 Validation accuracy: 3.37000e-01 Loss 1.32714e-02 Time taken: 1 seconds
Epoch: 53/200 Train accuracy: 3.31908e-01 Validation accuracy: 3.16667e-01 Loss 1.32721e-02 Time taken: 1 seconds
Epoch: 54/200 Train accuracy: 3.30341e-01 Validation accuracy: 3.49667e-01 Loss 1.32821e-02 Time taken: 1 seconds
Epoch: 55/200 Train accuracy: 3.32265e-01 Validation accuracy: 3.48333e-01 Loss 1.32786e-02 Time taken: 1 seconds
Epoch: 56/200 Train accuracy: 3.33333e-01 Validation accuracy: 3.46333e-01 Loss 1.32601e-02 Time taken: 1 seconds
Epoch: 57/200 Train accuracy: 3.33048e-01 Validation accuracy: 3.46333e-01 Loss 1.32703e-02 Time taken: 1 seconds
Epoch: 58/200 Train accuracy: 3.33761e-01 Validation accuracy: 3.25000e-01 Loss 1.32541e-02 Time taken: 1 seconds
Epoch: 59/200 Train accuracy: 3.31267e-01 Validation accuracy: 3.54667e-01 Loss 1.32819e-02 Time taken: 1 seconds
Epoch: 60/200 Train accuracy: 3.37822e-01 Validation accuracy: 3.53000e-01 Loss 1.32549e-02 Time taken: 1 seconds
Epoch: 61/200 Train accuracy: 3.32906e-01 Validation accuracy: 3.48333e-01 Loss 1.32692e-02 Time taken: 1 seconds
Epoch: 62/200 Train accuracy: 3.34402e-01 Validation accuracy: 3.51333e-01 Loss 1.32620e-02 Time taken: 1 seconds
Epoch: 63/200 Train accuracy: 3.35899e-01 Validation accuracy: 3.49667e-01 Loss 1.32530e-02 Time taken: 1 seconds
Epoch: 64/200 Train accuracy: 3.31124e-01 Validation accuracy: 3.44667e-01 Loss 1.32657e-02 Time taken: 1 seconds
Epoch: 65/200 Train accuracy: 3.34901e-01 Validation accuracy: 3.25000e-01 Loss 1.32527e-02 Time taken: 1 seconds
Epoch: 66/200 Train accuracy: 3.31766e-01 Validation accuracy: 3.14000e-01 Loss 1.32613e-02 Time taken: 1 seconds
Epoch: 67/200 Train accuracy: 3.34117e-01 Validation accuracy: 3.50000e-01 Loss 1.32628e-02 Time taken: 1 seconds
Epoch: 68/200 Train accuracy: 3.35899e-01 Validation accuracy: 3.26000e-01 Loss 1.32526e-02 Time taken: 1 seconds
Epoch: 69/200 Train accuracy: 3.37110e-01 Validation accuracy: 3.56000e-01 Loss 1.32493e-02 Time taken: 1 seconds
Epoch: 70/200 Train accuracy: 3.35043e-01 Validation accuracy: 3.55000e-01 Loss 1.32615e-02 Time taken: 1 seconds
Epoch: 71/200 Train accuracy: 3.36682e-01 Validation accuracy: 3.51333e-01 Loss 1.32467e-02 Time taken: 1 seconds
Epoch: 72/200 Train accuracy: 3.33262e-01 Validation accuracy: 3.57000e-01 Loss 1.32545e-02 Time taken: 1 seconds
Epoch: 73/200 Train accuracy: 3.37395e-01 Validation accuracy: 3.52333e-01 Loss 1.32485e-02 Time taken: 1 seconds
Epoch: 74/200 Train accuracy: 3.36967e-01 Validation accuracy: 3.53333e-01 Loss 1.32490e-02 Time taken: 1 seconds
Epoch: 75/200 Train accuracy: 3.36896e-01 Validation accuracy: 3.48333e-01 Loss 1.32494e-02 Time taken: 1 seconds
Epoch: 76/200 Train accuracy: 3.40103e-01 Validation accuracy: 3.50000e-01 Loss 1.32441e-02 Time taken: 1 seconds
Epoch: 77/200 Train accuracy: 3.38535e-01 Validation accuracy: 3.55667e-01 Loss 1.32496e-02 Time taken: 1 seconds
Epoch: 78/200 Train accuracy: 3.38963e-01 Validation accuracy: 3.56000e-01 Loss 1.32385e-02 Time taken: 1 seconds
Epoch: 79/200 Train accuracy: 3.37965e-01 Validation accuracy: 3.32000e-01 Loss 1.32418e-02 Time taken: 1 seconds
Epoch: 80/200 Train accuracy: 3.37609e-01 Validation accuracy: 3.36333e-01 Loss 1.32463e-02 Time taken: 1 seconds
Epoch: 81/200 Train accuracy: 3.39889e-01 Validation accuracy: 3.52333e-01 Loss 1.32347e-02 Time taken: 1 seconds
Epoch: 82/200 Train accuracy: 3.36397e-01 Validation accuracy: 3.50667e-01 Loss 1.32598e-02 Time taken: 1 seconds
Epoch: 83/200 Train accuracy: 3.40031e-01 Validation accuracy: 3.21333e-01 Loss 1.32391e-02 Time taken: 1 seconds
Epoch: 84/200 Train accuracy: 3.34616e-01 Validation accuracy: 3.57333e-01 Loss 1.32591e-02 Time taken: 1 seconds
Epoch: 85/200 Train accuracy: 3.34331e-01 Validation accuracy: 3.52000e-01 Loss 1.32611e-02 Time taken: 1 seconds
Epoch: 86/200 Train accuracy: 3.37965e-01 Validation accuracy: 3.52333e-01 Loss 1.32489e-02 Time taken: 1 seconds
Epoch: 87/200 Train accuracy: 3.36112e-01 Validation accuracy: 3.47333e-01 Loss 1.32565e-02 Time taken: 1 seconds
Epoch: 88/200 Train accuracy: 3.39818e-01 Validation accuracy: 3.50667e-01 Loss 1.32347e-02 Time taken: 1 seconds
Epoch: 89/200 Train accuracy: 3.32478e-01 Validation accuracy: 3.44333e-01 Loss 1.32682e-02 Time taken: 1 seconds
Epoch: 90/200 Train accuracy: 3.36184e-01 Validation accuracy: 3.30333e-01 Loss 1.32538e-02 Time taken: 1 seconds
Epoch: 91/200 Train accuracy: 3.39533e-01 Validation accuracy: 3.57333e-01 Loss 1.32366e-02 Time taken: 1 seconds
Epoch: 92/200 Train accuracy: 3.41385e-01 Validation accuracy: 3.55667e-01 Loss 1.32305e-02 Time taken: 1 seconds
Epoch: 93/200 Train accuracy: 3.39248e-01 Validation accuracy: 3.25000e-01 Loss 1.32460e-02 Time taken: 1 seconds
Epoch: 94/200 Train accuracy: 3.38107e-01 Validation accuracy: 3.58333e-01 Loss 1.32417e-02 Time taken: 1 seconds
Epoch: 95/200 Train accuracy: 3.38392e-01 Validation accuracy: 3.49000e-01 Loss 1.32351e-02 Time taken: 1 seconds
Epoch: 96/200 Train accuracy: 3.42098e-01 Validation accuracy: 3.52000e-01 Loss 1.32310e-02 Time taken: 1 seconds
Epoch: 97/200 Train accuracy: 3.39889e-01 Validation accuracy: 3.53000e-01 Loss 1.32415e-02 Time taken: 1 seconds
Epoch: 98/200 Train accuracy: 3.41314e-01 Validation accuracy: 3.40667e-01 Loss 1.32367e-02 Time taken: 1 seconds
Epoch: 99/200 Train accuracy: 3.34046e-01 Validation accuracy: 3.27333e-01 Loss 1.32565e-02 Time taken: 1 seconds
Epoch: 100/200 Train accuracy: 3.33120e-01 Validation accuracy: 3.53000e-01 Loss 1.32590e-02 Time taken: 1 seconds
Epoch: 101/200 Train accuracy: 3.39248e-01 Validation accuracy: 3.43333e-01 Loss 1.32390e-02 Time taken: 1 seconds
Epoch: 102/200 Train accuracy: 3.36825e-01 Validation accuracy: 3.53000e-01 Loss 1.32394e-02 Time taken: 1 seconds
Epoch: 103/200 Train accuracy: 3.38392e-01 Validation accuracy: 3.54000e-01 Loss 1.32521e-02 Time taken: 1 seconds
Epoch: 104/200 Train accuracy: 3.39461e-01 Validation accuracy: 3.56667e-01 Loss 1.32379e-02 Time taken: 1 seconds
Epoch: 105/200 Train accuracy: 3.37039e-01 Validation accuracy: 3.33667e-01 Loss 1.32487e-02 Time taken: 1 seconds
Epoch: 106/200 Train accuracy: 3.42169e-01 Validation accuracy: 3.51333e-01 Loss 1.32311e-02 Time taken: 1 seconds
Epoch: 107/200 Train accuracy: 3.36896e-01 Validation accuracy: 3.57667e-01 Loss 1.32407e-02 Time taken: 1 seconds
Epoch: 108/200 Train accuracy: 3.43594e-01 Validation accuracy: 3.53333e-01 Loss 1.32156e-02 Time taken: 1 seconds
Epoch: 109/200 Train accuracy: 3.39818e-01 Validation accuracy: 3.52667e-01 Loss 1.32291e-02 Time taken: 1 seconds
Epoch: 110/200 Train accuracy: 3.42169e-01 Validation accuracy: 3.53000e-01 Loss 1.32308e-02 Time taken: 1 seconds
Epoch: 111/200 Train accuracy: 3.37039e-01 Validation accuracy: 3.34333e-01 Loss 1.32516e-02 Time taken: 1 seconds
Epoch: 112/200 Train accuracy: 3.36326e-01 Validation accuracy: 3.31667e-01 Loss 1.32502e-02 Time taken: 1 seconds
Epoch: 113/200 Train accuracy: 3.39818e-01 Validation accuracy: 3.28000e-01 Loss 1.32459e-02 Time taken: 1 seconds
Epoch: 114/200 Train accuracy: 3.38820e-01 Validation accuracy: 3.57000e-01 Loss 1.32355e-02 Time taken: 1 seconds
Epoch: 115/200 Train accuracy: 3.38036e-01 Validation accuracy: 3.35000e-01 Loss 1.32386e-02 Time taken: 1 seconds
Epoch: 116/200 Train accuracy: 3.36540e-01 Validation accuracy: 3.51333e-01 Loss 1.32381e-02 Time taken: 1 seconds
Epoch: 117/200 Train accuracy: 3.36540e-01 Validation accuracy: 3.59000e-01 Loss 1.32513e-02 Time taken: 1 seconds
Epoch: 118/200 Train accuracy: 3.39248e-01 Validation accuracy: 3.49333e-01 Loss 1.32342e-02 Time taken: 1 seconds
Epoch: 119/200 Train accuracy: 3.40245e-01 Validation accuracy: 3.58000e-01 Loss 1.32370e-02 Time taken: 1 seconds
Epoch: 120/200 Train accuracy: 3.40958e-01 Validation accuracy: 3.42333e-01 Loss 1.32279e-02 Time taken: 1 seconds
Epoch: 121/200 Train accuracy: 3.32621e-01 Validation accuracy: 3.59333e-01 Loss 1.32670e-02 Time taken: 1 seconds
Epoch: 122/200 Train accuracy: 3.40530e-01 Validation accuracy: 3.53333e-01 Loss 1.32312e-02 Time taken: 1 seconds
Epoch: 123/200 Train accuracy: 3.41100e-01 Validation accuracy: 3.52000e-01 Loss 1.32249e-02 Time taken: 1 seconds
Epoch: 124/200 Train accuracy: 3.38179e-01 Validation accuracy: 3.56333e-01 Loss 1.32493e-02 Time taken: 1 seconds
Epoch: 125/200 Train accuracy: 3.40815e-01 Validation accuracy: 3.49000e-01 Loss 1.32276e-02 Time taken: 1 seconds
Epoch: 126/200 Train accuracy: 3.39533e-01 Validation accuracy: 3.40667e-01 Loss 1.32349e-02 Time taken: 1 seconds
Epoch: 127/200 Train accuracy: 3.41813e-01 Validation accuracy: 3.52000e-01 Loss 1.32256e-02 Time taken: 1 seconds
Epoch: 128/200 Train accuracy: 3.38820e-01 Validation accuracy: 3.33000e-01 Loss 1.32328e-02 Time taken: 1 seconds
Epoch: 129/200 Train accuracy: 3.40815e-01 Validation accuracy: 3.59000e-01 Loss 1.32280e-02 Time taken: 1 seconds
Epoch: 130/200 Train accuracy: 3.42383e-01 Validation accuracy: 3.58333e-01 Loss 1.32182e-02 Time taken: 1 seconds
Epoch: 131/200 Train accuracy: 3.39319e-01 Validation accuracy: 3.44667e-01 Loss 1.32315e-02 Time taken: 1 seconds
Epoch: 132/200 Train accuracy: 3.42454e-01 Validation accuracy: 3.49667e-01 Loss 1.32273e-02 Time taken: 1 seconds
Epoch: 133/200 Train accuracy: 3.39176e-01 Validation accuracy: 3.39667e-01 Loss 1.32356e-02 Time taken: 1 seconds
Epoch: 134/200 Train accuracy: 3.39746e-01 Validation accuracy: 3.61000e-01 Loss 1.32246e-02 Time taken: 1 seconds
Epoch: 135/200 Train accuracy: 3.39889e-01 Validation accuracy: 3.38000e-01 Loss 1.32263e-02 Time taken: 1 seconds
Epoch: 136/200 Train accuracy: 3.32193e-01 Validation accuracy: 3.58000e-01 Loss 1.32549e-02 Time taken: 1 seconds
Epoch: 137/200 Train accuracy: 3.38963e-01 Validation accuracy: 3.36333e-01 Loss 1.32333e-02 Time taken: 1 seconds
Epoch: 138/200 Train accuracy: 3.39034e-01 Validation accuracy: 3.35667e-01 Loss 1.32333e-02 Time taken: 1 seconds
Epoch: 139/200 Train accuracy: 3.43594e-01 Validation accuracy: 3.50333e-01 Loss 1.32147e-02 Time taken: 1 seconds
Epoch: 140/200 Train accuracy: 3.37751e-01 Validation accuracy: 3.50667e-01 Loss 1.32317e-02 Time taken: 1 seconds
Epoch: 141/200 Train accuracy: 3.40886e-01 Validation accuracy: 3.56000e-01 Loss 1.32203e-02 Time taken: 1 seconds
Epoch: 142/200 Train accuracy: 3.39533e-01 Validation accuracy: 3.52333e-01 Loss 1.32312e-02 Time taken: 1 seconds
Epoch: 143/200 Train accuracy: 3.41100e-01 Validation accuracy: 3.54000e-01 Loss 1.32248e-02 Time taken: 1 seconds
Epoch: 144/200 Train accuracy: 3.41243e-01 Validation accuracy: 3.39667e-01 Loss 1.32272e-02 Time taken: 1 seconds
Epoch: 145/200 Train accuracy: 3.36397e-01 Validation accuracy: 3.40333e-01 Loss 1.32432e-02 Time taken: 1 seconds
Epoch: 146/200 Train accuracy: 3.42098e-01 Validation accuracy: 3.56667e-01 Loss 1.32121e-02 Time taken: 1 seconds
Epoch: 147/200 Train accuracy: 3.44734e-01 Validation accuracy: 3.57667e-01 Loss 1.32100e-02 Time taken: 1 seconds
Epoch: 148/200 Train accuracy: 3.38963e-01 Validation accuracy: 3.45000e-01 Loss 1.32286e-02 Time taken: 1 seconds
Epoch: 149/200 Train accuracy: 3.42312e-01 Validation accuracy: 3.56000e-01 Loss 1.32099e-02 Time taken: 1 seconds
Epoch: 150/200 Train accuracy: 3.39604e-01 Validation accuracy: 3.34667e-01 Loss 1.32236e-02 Time taken: 1 seconds
Epoch: 151/200 Train accuracy: 3.39390e-01 Validation accuracy: 3.35667e-01 Loss 1.32308e-02 Time taken: 1 seconds
Epoch: 152/200 Train accuracy: 3.42882e-01 Validation accuracy: 3.53667e-01 Loss 1.32125e-02 Time taken: 1 seconds
Epoch: 153/200 Train accuracy: 3.41670e-01 Validation accuracy: 3.26667e-01 Loss 1.32175e-02 Time taken: 1 seconds
Epoch: 154/200 Train accuracy: 3.37965e-01 Validation accuracy: 3.59333e-01 Loss 1.32370e-02 Time taken: 1 seconds
Epoch: 155/200 Train accuracy: 3.34901e-01 Validation accuracy: 3.54000e-01 Loss 1.32391e-02 Time taken: 1 seconds
Epoch: 156/200 Train accuracy: 3.40886e-01 Validation accuracy: 3.53000e-01 Loss 1.32228e-02 Time taken: 1 seconds
Epoch: 157/200 Train accuracy: 3.44093e-01 Validation accuracy: 3.57000e-01 Loss 1.32153e-02 Time taken: 1 seconds
Epoch: 158/200 Train accuracy: 3.38677e-01 Validation accuracy: 3.56333e-01 Loss 1.32253e-02 Time taken: 1 seconds
Epoch: 159/200 Train accuracy: 3.39675e-01 Validation accuracy: 3.56000e-01 Loss 1.32261e-02 Time taken: 1 seconds
Epoch: 160/200 Train accuracy: 3.43024e-01 Validation accuracy: 3.63667e-01 Loss 1.32072e-02 Time taken: 1 seconds
Epoch: 161/200 Train accuracy: 3.43808e-01 Validation accuracy: 3.62667e-01 Loss 1.32137e-02 Time taken: 1 seconds
Epoch: 162/200 Train accuracy: 3.45162e-01 Validation accuracy: 3.61333e-01 Loss 1.32043e-02 Time taken: 1 seconds
Epoch: 163/200 Train accuracy: 3.42312e-01 Validation accuracy: 3.58667e-01 Loss 1.32043e-02 Time taken: 1 seconds
Epoch: 164/200 Train accuracy: 3.37822e-01 Validation accuracy: 3.55333e-01 Loss 1.32341e-02 Time taken: 1 seconds
Epoch: 165/200 Train accuracy: 3.38606e-01 Validation accuracy: 3.57667e-01 Loss 1.32305e-02 Time taken: 1 seconds
Epoch: 166/200 Train accuracy: 3.43523e-01 Validation accuracy: 3.64000e-01 Loss 1.32110e-02 Time taken: 1 seconds
Epoch: 167/200 Train accuracy: 3.40245e-01 Validation accuracy: 3.63667e-01 Loss 1.32181e-02 Time taken: 1 seconds
Epoch: 168/200 Train accuracy: 3.41955e-01 Validation accuracy: 3.53667e-01 Loss 1.32212e-02 Time taken: 1 seconds
Epoch: 169/200 Train accuracy: 3.43452e-01 Validation accuracy: 3.53667e-01 Loss 1.32013e-02 Time taken: 1 seconds
Epoch: 170/200 Train accuracy: 3.38535e-01 Validation accuracy: 3.56333e-01 Loss 1.32351e-02 Time taken: 1 seconds
Epoch: 171/200 Train accuracy: 3.45233e-01 Validation accuracy: 3.53333e-01 Loss 1.32070e-02 Time taken: 1 seconds
Epoch: 172/200 Train accuracy: 3.38036e-01 Validation accuracy: 3.46333e-01 Loss 1.32269e-02 Time taken: 1 seconds
Epoch: 173/200 Train accuracy: 3.39461e-01 Validation accuracy: 3.36000e-01 Loss 1.32222e-02 Time taken: 1 seconds
Epoch: 174/200 Train accuracy: 3.41741e-01 Validation accuracy: 3.53000e-01 Loss 1.32112e-02 Time taken: 1 seconds
Epoch: 175/200 Train accuracy: 3.41813e-01 Validation accuracy: 3.57000e-01 Loss 1.32154e-02 Time taken: 1 seconds
Epoch: 176/200 Train accuracy: 3.45518e-01 Validation accuracy: 3.60000e-01 Loss 1.32067e-02 Time taken: 1 seconds
Epoch: 177/200 Train accuracy: 3.42953e-01 Validation accuracy: 3.60000e-01 Loss 1.32066e-02 Time taken: 1 seconds
Epoch: 178/200 Train accuracy: 3.40958e-01 Validation accuracy: 3.56667e-01 Loss 1.32171e-02 Time taken: 1 seconds
Epoch: 179/200 Train accuracy: 3.42668e-01 Validation accuracy: 3.53333e-01 Loss 1.32083e-02 Time taken: 1 seconds
Epoch: 180/200 Train accuracy: 3.39960e-01 Validation accuracy: 3.50333e-01 Loss 1.32198e-02 Time taken: 1 seconds
Epoch: 181/200 Train accuracy: 3.39105e-01 Validation accuracy: 3.60000e-01 Loss 1.32296e-02 Time taken: 1 seconds
Epoch: 182/200 Train accuracy: 3.44164e-01 Validation accuracy: 3.49667e-01 Loss 1.32039e-02 Time taken: 1 seconds
Epoch: 183/200 Train accuracy: 3.41884e-01 Validation accuracy: 3.49667e-01 Loss 1.32171e-02 Time taken: 1 seconds
Epoch: 184/200 Train accuracy: 3.45019e-01 Validation accuracy: 3.56000e-01 Loss 1.32042e-02 Time taken: 1 seconds
Epoch: 185/200 Train accuracy: 3.39390e-01 Validation accuracy: 3.49333e-01 Loss 1.32255e-02 Time taken: 1 seconds
Epoch: 186/200 Train accuracy: 3.42597e-01 Validation accuracy: 3.51667e-01 Loss 1.32143e-02 Time taken: 1 seconds
Epoch: 187/200 Train accuracy: 3.46302e-01 Validation accuracy: 3.56000e-01 Loss 1.31867e-02 Time taken: 1 seconds
Epoch: 188/200 Train accuracy: 3.39390e-01 Validation accuracy: 3.61000e-01 Loss 1.32143e-02 Time taken: 1 seconds
Epoch: 189/200 Train accuracy: 3.43950e-01 Validation accuracy: 3.56333e-01 Loss 1.32068e-02 Time taken: 1 seconds
Epoch: 190/200 Train accuracy: 3.44734e-01 Validation accuracy: 3.56667e-01 Loss 1.31951e-02 Time taken: 1 seconds
Epoch: 191/200 Train accuracy: 3.42383e-01 Validation accuracy: 3.61667e-01 Loss 1.31971e-02 Time taken: 1 seconds
Epoch: 192/200 Train accuracy: 3.43665e-01 Validation accuracy: 3.60000e-01 Loss 1.31941e-02 Time taken: 1 seconds
Epoch: 193/200 Train accuracy: 3.43167e-01 Validation accuracy: 3.60000e-01 Loss 1.31912e-02 Time taken: 1 seconds
Epoch: 194/200 Train accuracy: 3.41528e-01 Validation accuracy: 3.50000e-01 Loss 1.32038e-02 Time taken: 1 seconds
Epoch: 195/200 Train accuracy: 3.42525e-01 Validation accuracy: 3.53000e-01 Loss 1.32103e-02 Time taken: 1 seconds
Epoch: 196/200 Train accuracy: 3.41741e-01 Validation accuracy: 3.49000e-01 Loss 1.32073e-02 Time taken: 1 seconds
Epoch: 197/200 Train accuracy: 3.40958e-01 Validation accuracy: 3.59667e-01 Loss 1.32185e-02 Time taken: 1 seconds
Epoch: 198/200 Train accuracy: 3.43238e-01 Validation accuracy: 3.49000e-01 Loss 1.32088e-02 Time taken: 1 seconds
Epoch: 199/200 Train accuracy: 3.41385e-01 Validation accuracy: 3.58667e-01 Loss 1.32038e-02 Time taken: 1 seconds
Epoch: 200/200 Train accuracy: 3.44877e-01 Validation accuracy: 3.60667e-01 Loss 1.31949e-02 Time taken: 1 seconds
Total time taken 0:05:06.640702
Done


working on file logs_PKT/iic-train-PKT/jepa_iic_PKT-ep200.pth.tar ...
