Directory classifiers/jepa-iic-PKT-classifier-pretrained-vitb-ep400 is now present
VisionTransformer(
  (patch_embed): PatchEmbed(
    (proj): Conv2d(3, 768, kernel_size=(15, 15), stride=(15, 15))
  )
  (blocks): ModuleList(
    (0-11): 12 x Block(
      (norm1): LayerNorm((768,), eps=1e-06, elementwise_affine=True)
      (attn): Attention(
        (qkv): Linear(in_features=768, out_features=2304, bias=True)
        (attn_drop): Dropout(p=0.0, inplace=False)
        (proj): Linear(in_features=768, out_features=768, bias=True)
        (proj_drop): Dropout(p=0.0, inplace=False)
      )
      (drop_path): Identity()
      (norm2): LayerNorm((768,), eps=1e-06, elementwise_affine=True)
      (mlp): MLP(
        (fc1): Linear(in_features=768, out_features=3072, bias=True)
        (act): GELU(approximate='none')
        (fc2): Linear(in_features=3072, out_features=768, bias=True)
        (drop): Dropout(p=0.0, inplace=False)
      )
    )
  )
  (norm): LayerNorm((768,), eps=1e-06, elementwise_affine=True)
)
Extracting features and saving them locally..
Epoch: 1/200 Train accuracy: 2.74833e-01 Validation accuracy: 2.94667e-01 Loss 1.36543e-02 Time taken: 1 seconds
Epoch: 2/200 Train accuracy: 3.27419e-01 Validation accuracy: 3.31333e-01 Loss 1.33080e-02 Time taken: 1 seconds
Epoch: 3/200 Train accuracy: 3.47014e-01 Validation accuracy: 3.40000e-01 Loss 1.31890e-02 Time taken: 1 seconds
Epoch: 4/200 Train accuracy: 3.63831e-01 Validation accuracy: 3.69000e-01 Loss 1.30971e-02 Time taken: 1 seconds
Epoch: 5/200 Train accuracy: 3.80433e-01 Validation accuracy: 4.01333e-01 Loss 1.30245e-02 Time taken: 1 seconds
Epoch: 6/200 Train accuracy: 3.79008e-01 Validation accuracy: 3.89333e-01 Loss 1.30018e-02 Time taken: 1 seconds
Epoch: 7/200 Train accuracy: 3.89910e-01 Validation accuracy: 4.06667e-01 Loss 1.29370e-02 Time taken: 1 seconds
Epoch: 8/200 Train accuracy: 3.97321e-01 Validation accuracy: 3.79667e-01 Loss 1.28954e-02 Time taken: 1 seconds
Epoch: 9/200 Train accuracy: 4.04731e-01 Validation accuracy: 3.95667e-01 Loss 1.28598e-02 Time taken: 1 seconds
Epoch: 10/200 Train accuracy: 4.08437e-01 Validation accuracy: 4.09333e-01 Loss 1.28419e-02 Time taken: 1 seconds
Epoch: 11/200 Train accuracy: 4.12712e-01 Validation accuracy: 4.16667e-01 Loss 1.28166e-02 Time taken: 1 seconds
Epoch: 12/200 Train accuracy: 4.12284e-01 Validation accuracy: 4.09667e-01 Loss 1.27963e-02 Time taken: 1 seconds
Epoch: 13/200 Train accuracy: 4.10788e-01 Validation accuracy: 4.14667e-01 Loss 1.27948e-02 Time taken: 1 seconds
Epoch: 14/200 Train accuracy: 4.18341e-01 Validation accuracy: 4.26667e-01 Loss 1.27464e-02 Time taken: 1 seconds
Epoch: 15/200 Train accuracy: 4.17486e-01 Validation accuracy: 4.23667e-01 Loss 1.27430e-02 Time taken: 1 seconds
Epoch: 16/200 Train accuracy: 4.20408e-01 Validation accuracy: 4.08000e-01 Loss 1.27361e-02 Time taken: 1 seconds
Epoch: 17/200 Train accuracy: 4.16916e-01 Validation accuracy: 3.84000e-01 Loss 1.27382e-02 Time taken: 1 seconds
Epoch: 18/200 Train accuracy: 4.23187e-01 Validation accuracy: 4.23333e-01 Loss 1.27059e-02 Time taken: 1 seconds
Epoch: 19/200 Train accuracy: 4.21833e-01 Validation accuracy: 4.17667e-01 Loss 1.26968e-02 Time taken: 1 seconds
Epoch: 20/200 Train accuracy: 4.24612e-01 Validation accuracy: 4.24000e-01 Loss 1.26938e-02 Time taken: 1 seconds
Epoch: 21/200 Train accuracy: 4.24255e-01 Validation accuracy: 4.24000e-01 Loss 1.26768e-02 Time taken: 1 seconds
Epoch: 22/200 Train accuracy: 4.24255e-01 Validation accuracy: 4.01333e-01 Loss 1.26739e-02 Time taken: 1 seconds
Epoch: 23/200 Train accuracy: 4.30455e-01 Validation accuracy: 4.17000e-01 Loss 1.26532e-02 Time taken: 1 seconds
Epoch: 24/200 Train accuracy: 4.31523e-01 Validation accuracy: 4.27667e-01 Loss 1.26446e-02 Time taken: 1 seconds
Epoch: 25/200 Train accuracy: 4.32165e-01 Validation accuracy: 4.17667e-01 Loss 1.26327e-02 Time taken: 1 seconds
Epoch: 26/200 Train accuracy: 4.29101e-01 Validation accuracy: 4.29667e-01 Loss 1.26456e-02 Time taken: 1 seconds
Epoch: 27/200 Train accuracy: 4.35442e-01 Validation accuracy: 4.34667e-01 Loss 1.26149e-02 Time taken: 1 seconds
Epoch: 28/200 Train accuracy: 4.34587e-01 Validation accuracy: 4.32667e-01 Loss 1.26085e-02 Time taken: 1 seconds
Epoch: 29/200 Train accuracy: 4.34160e-01 Validation accuracy: 4.30333e-01 Loss 1.26067e-02 Time taken: 1 seconds
Epoch: 30/200 Train accuracy: 4.37010e-01 Validation accuracy: 4.15000e-01 Loss 1.25973e-02 Time taken: 1 seconds
Epoch: 31/200 Train accuracy: 4.37366e-01 Validation accuracy: 4.29667e-01 Loss 1.25908e-02 Time taken: 1 seconds
Epoch: 32/200 Train accuracy: 4.36226e-01 Validation accuracy: 4.32333e-01 Loss 1.25965e-02 Time taken: 1 seconds
Epoch: 33/200 Train accuracy: 4.40858e-01 Validation accuracy: 4.26667e-01 Loss 1.25750e-02 Time taken: 1 seconds
Epoch: 34/200 Train accuracy: 4.38293e-01 Validation accuracy: 4.36667e-01 Loss 1.25885e-02 Time taken: 1 seconds
Epoch: 35/200 Train accuracy: 4.42354e-01 Validation accuracy: 4.32333e-01 Loss 1.25676e-02 Time taken: 1 seconds
Epoch: 36/200 Train accuracy: 4.39504e-01 Validation accuracy: 4.28667e-01 Loss 1.25601e-02 Time taken: 1 seconds
Epoch: 37/200 Train accuracy: 4.39362e-01 Validation accuracy: 4.35000e-01 Loss 1.25735e-02 Time taken: 1 seconds
Epoch: 38/200 Train accuracy: 4.42283e-01 Validation accuracy: 4.36000e-01 Loss 1.25560e-02 Time taken: 1 seconds
Epoch: 39/200 Train accuracy: 4.39789e-01 Validation accuracy: 4.32667e-01 Loss 1.25621e-02 Time taken: 1 seconds
Epoch: 40/200 Train accuracy: 4.42782e-01 Validation accuracy: 4.36667e-01 Loss 1.25447e-02 Time taken: 1 seconds
Epoch: 41/200 Train accuracy: 4.43494e-01 Validation accuracy: 4.41333e-01 Loss 1.25378e-02 Time taken: 1 seconds
Epoch: 42/200 Train accuracy: 4.47983e-01 Validation accuracy: 4.35000e-01 Loss 1.25249e-02 Time taken: 1 seconds
Epoch: 43/200 Train accuracy: 4.43494e-01 Validation accuracy: 4.40333e-01 Loss 1.25272e-02 Time taken: 1 seconds
Epoch: 44/200 Train accuracy: 4.44848e-01 Validation accuracy: 4.31000e-01 Loss 1.25281e-02 Time taken: 1 seconds
Epoch: 45/200 Train accuracy: 4.43423e-01 Validation accuracy: 4.40667e-01 Loss 1.25389e-02 Time taken: 1 seconds
Epoch: 46/200 Train accuracy: 4.49409e-01 Validation accuracy: 4.40667e-01 Loss 1.25105e-02 Time taken: 1 seconds
Epoch: 47/200 Train accuracy: 4.46630e-01 Validation accuracy: 4.38333e-01 Loss 1.25091e-02 Time taken: 1 seconds
Epoch: 48/200 Train accuracy: 4.50762e-01 Validation accuracy: 4.35333e-01 Loss 1.25010e-02 Time taken: 1 seconds
Epoch: 49/200 Train accuracy: 4.51332e-01 Validation accuracy: 4.41000e-01 Loss 1.24926e-02 Time taken: 1 seconds
Epoch: 50/200 Train accuracy: 4.47485e-01 Validation accuracy: 4.46667e-01 Loss 1.25025e-02 Time taken: 1 seconds
Epoch: 51/200 Train accuracy: 4.49480e-01 Validation accuracy: 4.42667e-01 Loss 1.25100e-02 Time taken: 1 seconds
Epoch: 52/200 Train accuracy: 4.48767e-01 Validation accuracy: 4.45000e-01 Loss 1.24962e-02 Time taken: 1 seconds
Epoch: 53/200 Train accuracy: 4.52686e-01 Validation accuracy: 4.45333e-01 Loss 1.24832e-02 Time taken: 1 seconds
Epoch: 54/200 Train accuracy: 4.49195e-01 Validation accuracy: 4.44000e-01 Loss 1.24825e-02 Time taken: 1 seconds
Epoch: 55/200 Train accuracy: 4.51689e-01 Validation accuracy: 4.39333e-01 Loss 1.24935e-02 Time taken: 1 seconds
Epoch: 56/200 Train accuracy: 4.50905e-01 Validation accuracy: 4.32667e-01 Loss 1.24849e-02 Time taken: 1 seconds
Epoch: 57/200 Train accuracy: 4.52259e-01 Validation accuracy: 4.35667e-01 Loss 1.24793e-02 Time taken: 1 seconds
Epoch: 58/200 Train accuracy: 4.49765e-01 Validation accuracy: 4.37667e-01 Loss 1.24771e-02 Time taken: 1 seconds
Epoch: 59/200 Train accuracy: 4.55465e-01 Validation accuracy: 4.42333e-01 Loss 1.24591e-02 Time taken: 1 seconds
Epoch: 60/200 Train accuracy: 4.54183e-01 Validation accuracy: 4.39000e-01 Loss 1.24571e-02 Time taken: 1 seconds
Epoch: 61/200 Train accuracy: 4.54254e-01 Validation accuracy: 4.42667e-01 Loss 1.24662e-02 Time taken: 1 seconds
Epoch: 62/200 Train accuracy: 4.55822e-01 Validation accuracy: 4.47000e-01 Loss 1.24586e-02 Time taken: 1 seconds
Epoch: 63/200 Train accuracy: 4.52971e-01 Validation accuracy: 4.49000e-01 Loss 1.24648e-02 Time taken: 1 seconds
Epoch: 64/200 Train accuracy: 4.58030e-01 Validation accuracy: 4.44667e-01 Loss 1.24406e-02 Time taken: 1 seconds
Epoch: 65/200 Train accuracy: 4.57603e-01 Validation accuracy: 4.43667e-01 Loss 1.24454e-02 Time taken: 1 seconds
Epoch: 66/200 Train accuracy: 4.57817e-01 Validation accuracy: 4.43000e-01 Loss 1.24458e-02 Time taken: 1 seconds
Epoch: 67/200 Train accuracy: 4.52259e-01 Validation accuracy: 4.34000e-01 Loss 1.24588e-02 Time taken: 1 seconds
Epoch: 68/200 Train accuracy: 4.52758e-01 Validation accuracy: 4.49333e-01 Loss 1.24588e-02 Time taken: 1 seconds
Epoch: 69/200 Train accuracy: 4.59028e-01 Validation accuracy: 4.45667e-01 Loss 1.24295e-02 Time taken: 1 seconds
Epoch: 70/200 Train accuracy: 4.56962e-01 Validation accuracy: 4.45333e-01 Loss 1.24395e-02 Time taken: 1 seconds
Epoch: 71/200 Train accuracy: 4.57104e-01 Validation accuracy: 4.46333e-01 Loss 1.24344e-02 Time taken: 1 seconds
Epoch: 72/200 Train accuracy: 4.56677e-01 Validation accuracy: 4.44667e-01 Loss 1.24472e-02 Time taken: 1 seconds
Epoch: 73/200 Train accuracy: 4.56890e-01 Validation accuracy: 4.43000e-01 Loss 1.24376e-02 Time taken: 1 seconds
Epoch: 74/200 Train accuracy: 4.59669e-01 Validation accuracy: 4.45333e-01 Loss 1.24261e-02 Time taken: 1 seconds
Epoch: 75/200 Train accuracy: 4.59741e-01 Validation accuracy: 4.50667e-01 Loss 1.24134e-02 Time taken: 1 seconds
Epoch: 76/200 Train accuracy: 4.59527e-01 Validation accuracy: 4.48333e-01 Loss 1.24177e-02 Time taken: 1 seconds
Epoch: 77/200 Train accuracy: 4.55252e-01 Validation accuracy: 4.49000e-01 Loss 1.24358e-02 Time taken: 1 seconds
Epoch: 78/200 Train accuracy: 4.56962e-01 Validation accuracy: 4.46667e-01 Loss 1.24263e-02 Time taken: 1 seconds
Epoch: 79/200 Train accuracy: 4.61807e-01 Validation accuracy: 4.37000e-01 Loss 1.24081e-02 Time taken: 1 seconds
Epoch: 80/200 Train accuracy: 4.61237e-01 Validation accuracy: 4.51333e-01 Loss 1.24073e-02 Time taken: 1 seconds
Epoch: 81/200 Train accuracy: 4.61380e-01 Validation accuracy: 4.48000e-01 Loss 1.24100e-02 Time taken: 1 seconds
Epoch: 82/200 Train accuracy: 4.59883e-01 Validation accuracy: 4.51333e-01 Loss 1.24154e-02 Time taken: 1 seconds
Epoch: 83/200 Train accuracy: 4.63873e-01 Validation accuracy: 4.51000e-01 Loss 1.23959e-02 Time taken: 1 seconds
Epoch: 84/200 Train accuracy: 4.64800e-01 Validation accuracy: 4.50333e-01 Loss 1.23941e-02 Time taken: 1 seconds
Epoch: 85/200 Train accuracy: 4.62092e-01 Validation accuracy: 4.52333e-01 Loss 1.24080e-02 Time taken: 1 seconds
Epoch: 86/200 Train accuracy: 4.61308e-01 Validation accuracy: 4.33333e-01 Loss 1.24108e-02 Time taken: 1 seconds
Epoch: 87/200 Train accuracy: 4.62163e-01 Validation accuracy: 4.48000e-01 Loss 1.24085e-02 Time taken: 1 seconds
Epoch: 88/200 Train accuracy: 4.62947e-01 Validation accuracy: 4.50667e-01 Loss 1.23960e-02 Time taken: 1 seconds
Epoch: 89/200 Train accuracy: 4.64301e-01 Validation accuracy: 4.51667e-01 Loss 1.23909e-02 Time taken: 1 seconds
Epoch: 90/200 Train accuracy: 4.61665e-01 Validation accuracy: 4.54000e-01 Loss 1.23916e-02 Time taken: 1 seconds
Epoch: 91/200 Train accuracy: 4.63018e-01 Validation accuracy: 4.51333e-01 Loss 1.23973e-02 Time taken: 1 seconds
Epoch: 92/200 Train accuracy: 4.64871e-01 Validation accuracy: 4.54667e-01 Loss 1.23852e-02 Time taken: 1 seconds
Epoch: 93/200 Train accuracy: 4.63588e-01 Validation accuracy: 4.44667e-01 Loss 1.23835e-02 Time taken: 1 seconds
Epoch: 94/200 Train accuracy: 4.64657e-01 Validation accuracy: 4.46667e-01 Loss 1.23884e-02 Time taken: 1 seconds
Epoch: 95/200 Train accuracy: 4.67579e-01 Validation accuracy: 4.54000e-01 Loss 1.23804e-02 Time taken: 1 seconds
Epoch: 96/200 Train accuracy: 4.64016e-01 Validation accuracy: 4.50333e-01 Loss 1.23841e-02 Time taken: 1 seconds
Epoch: 97/200 Train accuracy: 4.62805e-01 Validation accuracy: 4.23667e-01 Loss 1.23926e-02 Time taken: 1 seconds
Epoch: 98/200 Train accuracy: 4.61380e-01 Validation accuracy: 4.43333e-01 Loss 1.23914e-02 Time taken: 1 seconds
Epoch: 99/200 Train accuracy: 4.67009e-01 Validation accuracy: 4.55667e-01 Loss 1.23726e-02 Time taken: 1 seconds
Epoch: 100/200 Train accuracy: 4.67151e-01 Validation accuracy: 4.56000e-01 Loss 1.23721e-02 Time taken: 1 seconds
Epoch: 101/200 Train accuracy: 4.67080e-01 Validation accuracy: 4.51667e-01 Loss 1.23667e-02 Time taken: 1 seconds
Epoch: 102/200 Train accuracy: 4.67294e-01 Validation accuracy: 4.32333e-01 Loss 1.23711e-02 Time taken: 1 seconds
Epoch: 103/200 Train accuracy: 4.69075e-01 Validation accuracy: 4.51000e-01 Loss 1.23640e-02 Time taken: 1 seconds
Epoch: 104/200 Train accuracy: 4.65441e-01 Validation accuracy: 4.50667e-01 Loss 1.23721e-02 Time taken: 1 seconds
Epoch: 105/200 Train accuracy: 4.64657e-01 Validation accuracy: 4.41667e-01 Loss 1.23653e-02 Time taken: 1 seconds
Epoch: 106/200 Train accuracy: 4.65227e-01 Validation accuracy: 4.59333e-01 Loss 1.23708e-02 Time taken: 1 seconds
Epoch: 107/200 Train accuracy: 4.68434e-01 Validation accuracy: 4.47333e-01 Loss 1.23545e-02 Time taken: 1 seconds
Epoch: 108/200 Train accuracy: 4.70643e-01 Validation accuracy: 4.51000e-01 Loss 1.23575e-02 Time taken: 1 seconds
Epoch: 109/200 Train accuracy: 4.67721e-01 Validation accuracy: 4.50333e-01 Loss 1.23606e-02 Time taken: 1 seconds
Epoch: 110/200 Train accuracy: 4.66296e-01 Validation accuracy: 4.60333e-01 Loss 1.23655e-02 Time taken: 1 seconds
Epoch: 111/200 Train accuracy: 4.70001e-01 Validation accuracy: 4.49000e-01 Loss 1.23543e-02 Time taken: 1 seconds
Epoch: 112/200 Train accuracy: 4.71427e-01 Validation accuracy: 4.44667e-01 Loss 1.23474e-02 Time taken: 1 seconds
Epoch: 113/200 Train accuracy: 4.65014e-01 Validation accuracy: 4.52333e-01 Loss 1.23713e-02 Time taken: 1 seconds
Epoch: 114/200 Train accuracy: 4.70286e-01 Validation accuracy: 4.55667e-01 Loss 1.23522e-02 Time taken: 1 seconds
Epoch: 115/200 Train accuracy: 4.68006e-01 Validation accuracy: 4.33000e-01 Loss 1.23516e-02 Time taken: 1 seconds
Epoch: 116/200 Train accuracy: 4.67294e-01 Validation accuracy: 4.48333e-01 Loss 1.23526e-02 Time taken: 1 seconds
Epoch: 117/200 Train accuracy: 4.68006e-01 Validation accuracy: 4.55000e-01 Loss 1.23490e-02 Time taken: 1 seconds
Epoch: 118/200 Train accuracy: 4.68790e-01 Validation accuracy: 4.56333e-01 Loss 1.23514e-02 Time taken: 1 seconds
Epoch: 119/200 Train accuracy: 4.69930e-01 Validation accuracy: 4.57667e-01 Loss 1.23506e-02 Time taken: 1 seconds
Epoch: 120/200 Train accuracy: 4.69004e-01 Validation accuracy: 4.55667e-01 Loss 1.23418e-02 Time taken: 1 seconds
Epoch: 121/200 Train accuracy: 4.71142e-01 Validation accuracy: 4.55000e-01 Loss 1.23451e-02 Time taken: 1 seconds
Epoch: 122/200 Train accuracy: 4.72780e-01 Validation accuracy: 4.56000e-01 Loss 1.23298e-02 Time taken: 1 seconds
Epoch: 123/200 Train accuracy: 4.64871e-01 Validation accuracy: 4.55333e-01 Loss 1.23624e-02 Time taken: 1 seconds
Epoch: 124/200 Train accuracy: 4.68078e-01 Validation accuracy: 4.59667e-01 Loss 1.23453e-02 Time taken: 1 seconds
Epoch: 125/200 Train accuracy: 4.70714e-01 Validation accuracy: 4.63333e-01 Loss 1.23403e-02 Time taken: 1 seconds
Epoch: 126/200 Train accuracy: 4.70215e-01 Validation accuracy: 4.61333e-01 Loss 1.23365e-02 Time taken: 1 seconds
Epoch: 127/200 Train accuracy: 4.69004e-01 Validation accuracy: 4.50000e-01 Loss 1.23462e-02 Time taken: 1 seconds
Epoch: 128/200 Train accuracy: 4.68719e-01 Validation accuracy: 4.61333e-01 Loss 1.23451e-02 Time taken: 1 seconds
Epoch: 129/200 Train accuracy: 4.70358e-01 Validation accuracy: 4.58667e-01 Loss 1.23324e-02 Time taken: 1 seconds
Epoch: 130/200 Train accuracy: 4.71070e-01 Validation accuracy: 4.56000e-01 Loss 1.23335e-02 Time taken: 1 seconds
Epoch: 131/200 Train accuracy: 4.72139e-01 Validation accuracy: 4.58333e-01 Loss 1.23293e-02 Time taken: 1 seconds
Epoch: 132/200 Train accuracy: 4.73065e-01 Validation accuracy: 4.43333e-01 Loss 1.23275e-02 Time taken: 1 seconds
Epoch: 133/200 Train accuracy: 4.74206e-01 Validation accuracy: 4.53333e-01 Loss 1.23214e-02 Time taken: 1 seconds
Epoch: 134/200 Train accuracy: 4.71284e-01 Validation accuracy: 4.57667e-01 Loss 1.23334e-02 Time taken: 1 seconds
Epoch: 135/200 Train accuracy: 4.69859e-01 Validation accuracy: 4.50333e-01 Loss 1.23359e-02 Time taken: 1 seconds
Epoch: 136/200 Train accuracy: 4.73635e-01 Validation accuracy: 4.63667e-01 Loss 1.23169e-02 Time taken: 1 seconds
Epoch: 137/200 Train accuracy: 4.70500e-01 Validation accuracy: 4.51333e-01 Loss 1.23453e-02 Time taken: 1 seconds
Epoch: 138/200 Train accuracy: 4.72068e-01 Validation accuracy: 4.60333e-01 Loss 1.23295e-02 Time taken: 1 seconds
Epoch: 139/200 Train accuracy: 4.72567e-01 Validation accuracy: 4.52333e-01 Loss 1.23254e-02 Time taken: 1 seconds
Epoch: 140/200 Train accuracy: 4.72923e-01 Validation accuracy: 4.63667e-01 Loss 1.23189e-02 Time taken: 1 seconds
Epoch: 141/200 Train accuracy: 4.72353e-01 Validation accuracy: 4.56667e-01 Loss 1.23246e-02 Time taken: 1 seconds
Epoch: 142/200 Train accuracy: 4.74277e-01 Validation accuracy: 4.61000e-01 Loss 1.23189e-02 Time taken: 1 seconds
Epoch: 143/200 Train accuracy: 4.71355e-01 Validation accuracy: 4.52667e-01 Loss 1.23236e-02 Time taken: 1 seconds
Epoch: 144/200 Train accuracy: 4.74277e-01 Validation accuracy: 4.63667e-01 Loss 1.23131e-02 Time taken: 1 seconds
Epoch: 145/200 Train accuracy: 4.70643e-01 Validation accuracy: 4.61667e-01 Loss 1.23202e-02 Time taken: 1 seconds
Epoch: 146/200 Train accuracy: 4.72994e-01 Validation accuracy: 4.66667e-01 Loss 1.23191e-02 Time taken: 1 seconds
Epoch: 147/200 Train accuracy: 4.72923e-01 Validation accuracy: 4.58000e-01 Loss 1.23144e-02 Time taken: 1 seconds
Epoch: 148/200 Train accuracy: 4.72424e-01 Validation accuracy: 4.55667e-01 Loss 1.23170e-02 Time taken: 1 seconds
Epoch: 149/200 Train accuracy: 4.71498e-01 Validation accuracy: 4.43000e-01 Loss 1.23335e-02 Time taken: 1 seconds
Epoch: 150/200 Train accuracy: 4.71997e-01 Validation accuracy: 4.57000e-01 Loss 1.23210e-02 Time taken: 1 seconds
Epoch: 151/200 Train accuracy: 4.73493e-01 Validation accuracy: 4.57667e-01 Loss 1.23165e-02 Time taken: 1 seconds
Epoch: 152/200 Train accuracy: 4.75702e-01 Validation accuracy: 4.58667e-01 Loss 1.23056e-02 Time taken: 1 seconds
Epoch: 153/200 Train accuracy: 4.74277e-01 Validation accuracy: 4.64333e-01 Loss 1.23081e-02 Time taken: 1 seconds
Epoch: 154/200 Train accuracy: 4.72424e-01 Validation accuracy: 4.61667e-01 Loss 1.23142e-02 Time taken: 1 seconds
Epoch: 155/200 Train accuracy: 4.76414e-01 Validation accuracy: 4.54000e-01 Loss 1.22953e-02 Time taken: 1 seconds
Epoch: 156/200 Train accuracy: 4.77412e-01 Validation accuracy: 4.56000e-01 Loss 1.23036e-02 Time taken: 1 seconds
Epoch: 157/200 Train accuracy: 4.75203e-01 Validation accuracy: 4.46333e-01 Loss 1.23011e-02 Time taken: 1 seconds
Epoch: 158/200 Train accuracy: 4.73137e-01 Validation accuracy: 4.54667e-01 Loss 1.23136e-02 Time taken: 1 seconds
Epoch: 159/200 Train accuracy: 4.75773e-01 Validation accuracy: 4.63667e-01 Loss 1.23026e-02 Time taken: 1 seconds
Epoch: 160/200 Train accuracy: 4.70928e-01 Validation accuracy: 4.53667e-01 Loss 1.23191e-02 Time taken: 1 seconds
Epoch: 161/200 Train accuracy: 4.73564e-01 Validation accuracy: 4.58667e-01 Loss 1.23028e-02 Time taken: 1 seconds
Epoch: 162/200 Train accuracy: 4.72139e-01 Validation accuracy: 4.66667e-01 Loss 1.23028e-02 Time taken: 1 seconds
Epoch: 163/200 Train accuracy: 4.75488e-01 Validation accuracy: 4.68000e-01 Loss 1.23001e-02 Time taken: 1 seconds
Epoch: 164/200 Train accuracy: 4.76129e-01 Validation accuracy: 4.62333e-01 Loss 1.22922e-02 Time taken: 1 seconds
Epoch: 165/200 Train accuracy: 4.76201e-01 Validation accuracy: 4.56333e-01 Loss 1.22915e-02 Time taken: 1 seconds
Epoch: 166/200 Train accuracy: 4.75702e-01 Validation accuracy: 4.62667e-01 Loss 1.22950e-02 Time taken: 1 seconds
Epoch: 167/200 Train accuracy: 4.76414e-01 Validation accuracy: 4.60000e-01 Loss 1.22982e-02 Time taken: 1 seconds
Epoch: 168/200 Train accuracy: 4.74918e-01 Validation accuracy: 4.64000e-01 Loss 1.23048e-02 Time taken: 1 seconds
Epoch: 169/200 Train accuracy: 4.75559e-01 Validation accuracy: 4.65667e-01 Loss 1.22976e-02 Time taken: 1 seconds
Epoch: 170/200 Train accuracy: 4.77198e-01 Validation accuracy: 4.57667e-01 Loss 1.22927e-02 Time taken: 1 seconds
Epoch: 171/200 Train accuracy: 4.74704e-01 Validation accuracy: 4.65667e-01 Loss 1.22922e-02 Time taken: 1 seconds
Epoch: 172/200 Train accuracy: 4.75702e-01 Validation accuracy: 4.56667e-01 Loss 1.22983e-02 Time taken: 1 seconds
Epoch: 173/200 Train accuracy: 4.76984e-01 Validation accuracy: 4.62333e-01 Loss 1.22911e-02 Time taken: 1 seconds
Epoch: 174/200 Train accuracy: 4.77269e-01 Validation accuracy: 4.66000e-01 Loss 1.22873e-02 Time taken: 1 seconds
Epoch: 175/200 Train accuracy: 4.72852e-01 Validation accuracy: 4.58000e-01 Loss 1.23021e-02 Time taken: 1 seconds
Epoch: 176/200 Train accuracy: 4.76913e-01 Validation accuracy: 4.62000e-01 Loss 1.22859e-02 Time taken: 1 seconds
Epoch: 177/200 Train accuracy: 4.76272e-01 Validation accuracy: 4.59333e-01 Loss 1.22884e-02 Time taken: 1 seconds
Epoch: 178/200 Train accuracy: 4.75203e-01 Validation accuracy: 4.67000e-01 Loss 1.22930e-02 Time taken: 1 seconds
Epoch: 179/200 Train accuracy: 4.77911e-01 Validation accuracy: 4.63333e-01 Loss 1.22846e-02 Time taken: 1 seconds
Epoch: 180/200 Train accuracy: 4.76201e-01 Validation accuracy: 4.52333e-01 Loss 1.22823e-02 Time taken: 1 seconds
Epoch: 181/200 Train accuracy: 4.77626e-01 Validation accuracy: 4.66333e-01 Loss 1.22902e-02 Time taken: 1 seconds
Epoch: 182/200 Train accuracy: 4.79621e-01 Validation accuracy: 4.58333e-01 Loss 1.22785e-02 Time taken: 1 seconds
Epoch: 183/200 Train accuracy: 4.76058e-01 Validation accuracy: 4.64333e-01 Loss 1.22944e-02 Time taken: 1 seconds
Epoch: 184/200 Train accuracy: 4.78125e-01 Validation accuracy: 4.62000e-01 Loss 1.22822e-02 Time taken: 1 seconds
Epoch: 185/200 Train accuracy: 4.76913e-01 Validation accuracy: 4.61000e-01 Loss 1.22876e-02 Time taken: 1 seconds
Epoch: 186/200 Train accuracy: 4.78125e-01 Validation accuracy: 4.61667e-01 Loss 1.22798e-02 Time taken: 1 seconds
Epoch: 187/200 Train accuracy: 4.76343e-01 Validation accuracy: 4.57000e-01 Loss 1.22835e-02 Time taken: 1 seconds
Epoch: 188/200 Train accuracy: 4.76414e-01 Validation accuracy: 4.62333e-01 Loss 1.22836e-02 Time taken: 1 seconds
Epoch: 189/200 Train accuracy: 4.77768e-01 Validation accuracy: 4.62000e-01 Loss 1.22859e-02 Time taken: 1 seconds
Epoch: 190/200 Train accuracy: 4.78908e-01 Validation accuracy: 4.56667e-01 Loss 1.22765e-02 Time taken: 1 seconds
Epoch: 191/200 Train accuracy: 4.77626e-01 Validation accuracy: 4.67333e-01 Loss 1.22748e-02 Time taken: 1 seconds
Epoch: 192/200 Train accuracy: 4.78552e-01 Validation accuracy: 4.54667e-01 Loss 1.22795e-02 Time taken: 1 seconds
Epoch: 193/200 Train accuracy: 4.80618e-01 Validation accuracy: 4.66667e-01 Loss 1.22733e-02 Time taken: 1 seconds
Epoch: 194/200 Train accuracy: 4.74847e-01 Validation accuracy: 4.62667e-01 Loss 1.22890e-02 Time taken: 1 seconds
Epoch: 195/200 Train accuracy: 4.75773e-01 Validation accuracy: 4.48667e-01 Loss 1.22867e-02 Time taken: 1 seconds
Epoch: 196/200 Train accuracy: 4.81687e-01 Validation accuracy: 4.61000e-01 Loss 1.22684e-02 Time taken: 1 seconds
Epoch: 197/200 Train accuracy: 4.79265e-01 Validation accuracy: 4.66667e-01 Loss 1.22718e-02 Time taken: 1 seconds
Epoch: 198/200 Train accuracy: 4.78410e-01 Validation accuracy: 4.62667e-01 Loss 1.22632e-02 Time taken: 1 seconds
Epoch: 199/200 Train accuracy: 4.76984e-01 Validation accuracy: 4.69667e-01 Loss 1.22766e-02 Time taken: 1 seconds
Epoch: 200/200 Train accuracy: 4.77626e-01 Validation accuracy: 4.61667e-01 Loss 1.22761e-02 Time taken: 1 seconds
Total time taken 0:05:04.509082
Done


working on file logs_PKT/iic-train-PKT/jepa_iic_PKT-ep500.pth.tar ...
