Directory logs_STL/stl-l2-seed0/classifiers for saving the classifiers is now present
VisionTransformer(
  (patch_embed): PatchEmbed(
    (proj): Conv2d(3, 768, kernel_size=(15, 15), stride=(15, 15))
  )
  (blocks): ModuleList(
    (0-11): 12 x Block(
      (norm1): LayerNorm((768,), eps=1e-06, elementwise_affine=True)
      (attn): Attention(
        (qkv): Linear(in_features=768, out_features=2304, bias=True)
        (attn_drop): Dropout(p=0.0, inplace=False)
        (proj): Linear(in_features=768, out_features=768, bias=True)
        (proj_drop): Dropout(p=0.0, inplace=False)
      )
      (drop_path): Identity()
      (norm2): LayerNorm((768,), eps=1e-06, elementwise_affine=True)
      (mlp): MLP(
        (fc1): Linear(in_features=768, out_features=3072, bias=True)
        (act): GELU(approximate='none')
        (fc2): Linear(in_features=3072, out_features=768, bias=True)
        (drop): Dropout(p=0.0, inplace=False)
      )
    )
  )
  (norm): LayerNorm((768,), eps=1e-06, elementwise_affine=True)
)
Extracting features and saving them in memory..
Extracting features...
Done extracting features...
 Creating datasets
Created datasets...
 Creating data loaders
Done with data loaders
Commencing training
Epoch: 1/200 Train accuracy: 3.81740e-01 Validation accuracy: 4.94500e-01 Training loss 1.42759e-02 Validation loss 1.18655e-02 Time taken: 0.88 seconds 
Epoch: 2/200 Train accuracy: 5.23320e-01 Validation accuracy: 5.38200e-01 Training loss 1.11143e-02 Validation loss 1.07639e-02 Time taken: 0.84 seconds 
Epoch: 3/200 Train accuracy: 5.51320e-01 Validation accuracy: 5.59000e-01 Training loss 1.03784e-02 Validation loss 1.02598e-02 Time taken: 0.85 seconds 
Epoch: 4/200 Train accuracy: 5.67500e-01 Validation accuracy: 5.68400e-01 Training loss 9.98096e-03 Validation loss 9.96000e-03 Time taken: 0.82 seconds 
Epoch: 5/200 Train accuracy: 5.75620e-01 Validation accuracy: 5.72200e-01 Training loss 9.72503e-03 Validation loss 9.75751e-03 Time taken: 0.95 seconds 
Epoch: 6/200 Train accuracy: 5.82900e-01 Validation accuracy: 5.79700e-01 Training loss 9.53570e-03 Validation loss 9.56885e-03 Time taken: 0.82 seconds 
Epoch: 7/200 Train accuracy: 5.87780e-01 Validation accuracy: 5.83700e-01 Training loss 9.38911e-03 Validation loss 9.44614e-03 Time taken: 0.81 seconds 
Epoch: 8/200 Train accuracy: 5.92580e-01 Validation accuracy: 5.88200e-01 Training loss 9.27234e-03 Validation loss 9.33793e-03 Time taken: 0.81 seconds 
Epoch: 9/200 Train accuracy: 5.96040e-01 Validation accuracy: 5.93000e-01 Training loss 9.16857e-03 Validation loss 9.23370e-03 Time taken: 0.81 seconds 
Epoch: 10/200 Train accuracy: 5.98440e-01 Validation accuracy: 5.93500e-01 Training loss 9.08547e-03 Validation loss 9.18049e-03 Time taken: 0.90 seconds 
Epoch: 11/200 Train accuracy: 6.03280e-01 Validation accuracy: 5.98700e-01 Training loss 9.00983e-03 Validation loss 9.09151e-03 Time taken: 0.89 seconds 
Epoch: 12/200 Train accuracy: 6.05800e-01 Validation accuracy: 5.98700e-01 Training loss 8.94068e-03 Validation loss 9.03499e-03 Time taken: 0.87 seconds 
Epoch: 13/200 Train accuracy: 6.07740e-01 Validation accuracy: 5.98900e-01 Training loss 8.88742e-03 Validation loss 8.98725e-03 Time taken: 0.83 seconds 
Epoch: 14/200 Train accuracy: 6.09980e-01 Validation accuracy: 6.03400e-01 Training loss 8.83340e-03 Validation loss 8.91630e-03 Time taken: 0.85 seconds 
Epoch: 15/200 Train accuracy: 6.12340e-01 Validation accuracy: 6.09900e-01 Training loss 8.77955e-03 Validation loss 8.87774e-03 Time taken: 0.91 seconds 
Epoch: 16/200 Train accuracy: 6.14060e-01 Validation accuracy: 6.08800e-01 Training loss 8.73419e-03 Validation loss 8.84223e-03 Time taken: 0.82 seconds 
Epoch: 17/200 Train accuracy: 6.15260e-01 Validation accuracy: 6.04300e-01 Training loss 8.69177e-03 Validation loss 8.84658e-03 Time taken: 0.83 seconds 
Epoch: 18/200 Train accuracy: 6.17520e-01 Validation accuracy: 6.13200e-01 Training loss 8.65776e-03 Validation loss 8.76064e-03 Time taken: 0.93 seconds 
Epoch: 19/200 Train accuracy: 6.18140e-01 Validation accuracy: 6.11400e-01 Training loss 8.62102e-03 Validation loss 8.73193e-03 Time taken: 0.81 seconds 
Epoch: 20/200 Train accuracy: 6.18800e-01 Validation accuracy: 6.15200e-01 Training loss 8.58805e-03 Validation loss 8.70004e-03 Time taken: 0.85 seconds 
Epoch: 21/200 Train accuracy: 6.20760e-01 Validation accuracy: 6.14600e-01 Training loss 8.55667e-03 Validation loss 8.67768e-03 Time taken: 0.83 seconds 
Epoch: 22/200 Train accuracy: 6.21780e-01 Validation accuracy: 6.16600e-01 Training loss 8.53196e-03 Validation loss 8.64023e-03 Time taken: 0.81 seconds 
Epoch: 23/200 Train accuracy: 6.23640e-01 Validation accuracy: 6.15600e-01 Training loss 8.50174e-03 Validation loss 8.62153e-03 Time taken: 0.81 seconds 
Epoch: 24/200 Train accuracy: 6.25520e-01 Validation accuracy: 6.18700e-01 Training loss 8.47652e-03 Validation loss 8.62336e-03 Time taken: 0.84 seconds 
Epoch: 25/200 Train accuracy: 6.24300e-01 Validation accuracy: 6.22200e-01 Training loss 8.45438e-03 Validation loss 8.57130e-03 Time taken: 0.85 seconds 
Epoch: 26/200 Train accuracy: 6.26620e-01 Validation accuracy: 6.21800e-01 Training loss 8.43010e-03 Validation loss 8.55312e-03 Time taken: 0.81 seconds 
Epoch: 27/200 Train accuracy: 6.27980e-01 Validation accuracy: 6.18800e-01 Training loss 8.40656e-03 Validation loss 8.55503e-03 Time taken: 0.81 seconds 
Epoch: 28/200 Train accuracy: 6.28980e-01 Validation accuracy: 6.20500e-01 Training loss 8.38954e-03 Validation loss 8.51819e-03 Time taken: 0.94 seconds 
Epoch: 29/200 Train accuracy: 6.29040e-01 Validation accuracy: 6.20500e-01 Training loss 8.37085e-03 Validation loss 8.50863e-03 Time taken: 0.84 seconds 
Epoch: 30/200 Train accuracy: 6.30260e-01 Validation accuracy: 6.21000e-01 Training loss 8.34839e-03 Validation loss 8.46543e-03 Time taken: 0.98 seconds 
Epoch: 31/200 Train accuracy: 6.31140e-01 Validation accuracy: 6.24400e-01 Training loss 8.33037e-03 Validation loss 8.45324e-03 Time taken: 0.84 seconds 
Epoch: 32/200 Train accuracy: 6.32600e-01 Validation accuracy: 6.24200e-01 Training loss 8.31622e-03 Validation loss 8.48739e-03 Time taken: 0.84 seconds 
Epoch: 33/200 Train accuracy: 6.32020e-01 Validation accuracy: 6.23900e-01 Training loss 8.29529e-03 Validation loss 8.44251e-03 Time taken: 0.81 seconds 
Epoch: 34/200 Train accuracy: 6.33740e-01 Validation accuracy: 6.24100e-01 Training loss 8.28198e-03 Validation loss 8.43463e-03 Time taken: 0.85 seconds 
Epoch: 35/200 Train accuracy: 6.33220e-01 Validation accuracy: 6.25600e-01 Training loss 8.26513e-03 Validation loss 8.42570e-03 Time taken: 0.88 seconds 
Epoch: 36/200 Train accuracy: 6.35060e-01 Validation accuracy: 6.25300e-01 Training loss 8.24996e-03 Validation loss 8.39240e-03 Time taken: 0.85 seconds 
Epoch: 37/200 Train accuracy: 6.34500e-01 Validation accuracy: 6.28400e-01 Training loss 8.23408e-03 Validation loss 8.36677e-03 Time taken: 0.82 seconds 
Epoch: 38/200 Train accuracy: 6.36760e-01 Validation accuracy: 6.26700e-01 Training loss 8.21730e-03 Validation loss 8.35194e-03 Time taken: 0.90 seconds 
Epoch: 39/200 Train accuracy: 6.36540e-01 Validation accuracy: 6.27400e-01 Training loss 8.20422e-03 Validation loss 8.33672e-03 Time taken: 0.85 seconds 
Epoch: 40/200 Train accuracy: 6.36240e-01 Validation accuracy: 6.28700e-01 Training loss 8.19815e-03 Validation loss 8.34822e-03 Time taken: 0.82 seconds 
Epoch: 41/200 Train accuracy: 6.37940e-01 Validation accuracy: 6.27000e-01 Training loss 8.18371e-03 Validation loss 8.33794e-03 Time taken: 0.84 seconds 
Epoch: 42/200 Train accuracy: 6.37660e-01 Validation accuracy: 6.32000e-01 Training loss 8.17650e-03 Validation loss 8.30058e-03 Time taken: 0.81 seconds 
Epoch: 43/200 Train accuracy: 6.38120e-01 Validation accuracy: 6.28400e-01 Training loss 8.15708e-03 Validation loss 8.31064e-03 Time taken: 0.85 seconds 
Epoch: 44/200 Train accuracy: 6.39720e-01 Validation accuracy: 6.30400e-01 Training loss 8.14388e-03 Validation loss 8.31229e-03 Time taken: 0.81 seconds 
Epoch: 45/200 Train accuracy: 6.40040e-01 Validation accuracy: 6.28900e-01 Training loss 8.13327e-03 Validation loss 8.29040e-03 Time taken: 0.96 seconds 
Epoch: 46/200 Train accuracy: 6.40660e-01 Validation accuracy: 6.29700e-01 Training loss 8.12138e-03 Validation loss 8.32309e-03 Time taken: 0.82 seconds 
Epoch: 47/200 Train accuracy: 6.40880e-01 Validation accuracy: 6.33500e-01 Training loss 8.11410e-03 Validation loss 8.26940e-03 Time taken: 0.82 seconds 
Epoch: 48/200 Train accuracy: 6.40900e-01 Validation accuracy: 6.29100e-01 Training loss 8.10440e-03 Validation loss 8.26631e-03 Time taken: 0.95 seconds 
Epoch: 49/200 Train accuracy: 6.42340e-01 Validation accuracy: 6.32800e-01 Training loss 8.09337e-03 Validation loss 8.24066e-03 Time taken: 0.82 seconds 
Epoch: 50/200 Train accuracy: 6.43520e-01 Validation accuracy: 6.33800e-01 Training loss 8.08497e-03 Validation loss 8.22857e-03 Time taken: 0.97 seconds 
Epoch: 51/200 Train accuracy: 6.42080e-01 Validation accuracy: 6.31600e-01 Training loss 8.08032e-03 Validation loss 8.24721e-03 Time taken: 0.81 seconds 
Epoch: 52/200 Train accuracy: 6.44180e-01 Validation accuracy: 6.33900e-01 Training loss 8.06316e-03 Validation loss 8.22915e-03 Time taken: 0.81 seconds 
Epoch: 53/200 Train accuracy: 6.43220e-01 Validation accuracy: 6.30400e-01 Training loss 8.05800e-03 Validation loss 8.21838e-03 Time taken: 0.82 seconds 
Epoch: 54/200 Train accuracy: 6.44040e-01 Validation accuracy: 6.35300e-01 Training loss 8.04941e-03 Validation loss 8.18974e-03 Time taken: 0.82 seconds 
Epoch: 55/200 Train accuracy: 6.43920e-01 Validation accuracy: 6.32900e-01 Training loss 8.03594e-03 Validation loss 8.19018e-03 Time taken: 0.82 seconds 
Epoch: 56/200 Train accuracy: 6.45340e-01 Validation accuracy: 6.35600e-01 Training loss 8.03032e-03 Validation loss 8.17497e-03 Time taken: 0.81 seconds 
Epoch: 57/200 Train accuracy: 6.45120e-01 Validation accuracy: 6.37100e-01 Training loss 8.02300e-03 Validation loss 8.17781e-03 Time taken: 0.84 seconds 
Epoch: 58/200 Train accuracy: 6.45700e-01 Validation accuracy: 6.36200e-01 Training loss 8.01318e-03 Validation loss 8.17403e-03 Time taken: 0.81 seconds 
Epoch: 59/200 Train accuracy: 6.46300e-01 Validation accuracy: 6.31900e-01 Training loss 8.00369e-03 Validation loss 8.18617e-03 Time taken: 0.85 seconds 
Epoch: 60/200 Train accuracy: 6.46540e-01 Validation accuracy: 6.35100e-01 Training loss 7.99984e-03 Validation loss 8.14443e-03 Time taken: 0.82 seconds 
Epoch: 61/200 Train accuracy: 6.46240e-01 Validation accuracy: 6.37000e-01 Training loss 7.99079e-03 Validation loss 8.13616e-03 Time taken: 0.85 seconds 
Epoch: 62/200 Train accuracy: 6.47300e-01 Validation accuracy: 6.36400e-01 Training loss 7.98173e-03 Validation loss 8.14368e-03 Time taken: 0.86 seconds 
Epoch: 63/200 Train accuracy: 6.47060e-01 Validation accuracy: 6.39000e-01 Training loss 7.97675e-03 Validation loss 8.13442e-03 Time taken: 1.00 seconds 
Epoch: 64/200 Train accuracy: 6.47260e-01 Validation accuracy: 6.34200e-01 Training loss 7.96737e-03 Validation loss 8.13912e-03 Time taken: 0.86 seconds 
Epoch: 65/200 Train accuracy: 6.48740e-01 Validation accuracy: 6.37800e-01 Training loss 7.96133e-03 Validation loss 8.11284e-03 Time taken: 0.99 seconds 
Epoch: 66/200 Train accuracy: 6.47840e-01 Validation accuracy: 6.39000e-01 Training loss 7.95523e-03 Validation loss 8.12012e-03 Time taken: 0.82 seconds 
Epoch: 67/200 Train accuracy: 6.48480e-01 Validation accuracy: 6.37800e-01 Training loss 7.94827e-03 Validation loss 8.10024e-03 Time taken: 0.82 seconds 
Epoch: 68/200 Train accuracy: 6.48700e-01 Validation accuracy: 6.40800e-01 Training loss 7.94231e-03 Validation loss 8.09926e-03 Time taken: 0.92 seconds 
Epoch: 69/200 Train accuracy: 6.49740e-01 Validation accuracy: 6.33700e-01 Training loss 7.93521e-03 Validation loss 8.12758e-03 Time taken: 0.83 seconds 
Epoch: 70/200 Train accuracy: 6.49940e-01 Validation accuracy: 6.40900e-01 Training loss 7.93000e-03 Validation loss 8.08977e-03 Time taken: 0.87 seconds 
Epoch: 71/200 Train accuracy: 6.49720e-01 Validation accuracy: 6.40900e-01 Training loss 7.92164e-03 Validation loss 8.07599e-03 Time taken: 0.88 seconds 
Epoch: 72/200 Train accuracy: 6.49900e-01 Validation accuracy: 6.37500e-01 Training loss 7.91941e-03 Validation loss 8.09032e-03 Time taken: 0.83 seconds 
Epoch: 73/200 Train accuracy: 6.52000e-01 Validation accuracy: 6.38600e-01 Training loss 7.91150e-03 Validation loss 8.09556e-03 Time taken: 1.00 seconds 
Epoch: 74/200 Train accuracy: 6.50900e-01 Validation accuracy: 6.40200e-01 Training loss 7.90487e-03 Validation loss 8.07161e-03 Time taken: 0.82 seconds 
Epoch: 75/200 Train accuracy: 6.51480e-01 Validation accuracy: 6.40600e-01 Training loss 7.89691e-03 Validation loss 8.05129e-03 Time taken: 0.84 seconds 
Epoch: 76/200 Train accuracy: 6.50920e-01 Validation accuracy: 6.41400e-01 Training loss 7.89527e-03 Validation loss 8.05732e-03 Time taken: 0.81 seconds 
Epoch: 77/200 Train accuracy: 6.50880e-01 Validation accuracy: 6.40500e-01 Training loss 7.89071e-03 Validation loss 8.05659e-03 Time taken: 0.81 seconds 
Epoch: 78/200 Train accuracy: 6.52180e-01 Validation accuracy: 6.38800e-01 Training loss 7.88009e-03 Validation loss 8.08379e-03 Time taken: 0.91 seconds 
Epoch: 79/200 Train accuracy: 6.51520e-01 Validation accuracy: 6.44000e-01 Training loss 7.87740e-03 Validation loss 8.04547e-03 Time taken: 0.82 seconds 
Epoch: 80/200 Train accuracy: 6.52820e-01 Validation accuracy: 6.41000e-01 Training loss 7.87128e-03 Validation loss 8.04371e-03 Time taken: 0.87 seconds 
Epoch: 81/200 Train accuracy: 6.52020e-01 Validation accuracy: 6.44600e-01 Training loss 7.86905e-03 Validation loss 8.03738e-03 Time taken: 0.83 seconds 
Epoch: 82/200 Train accuracy: 6.53220e-01 Validation accuracy: 6.38800e-01 Training loss 7.86092e-03 Validation loss 8.03198e-03 Time taken: 0.84 seconds 
Epoch: 83/200 Train accuracy: 6.52920e-01 Validation accuracy: 6.41700e-01 Training loss 7.85525e-03 Validation loss 8.02020e-03 Time taken: 0.93 seconds 
Epoch: 84/200 Train accuracy: 6.53980e-01 Validation accuracy: 6.42000e-01 Training loss 7.85295e-03 Validation loss 8.05302e-03 Time taken: 0.81 seconds 
Epoch: 85/200 Train accuracy: 6.53900e-01 Validation accuracy: 6.42500e-01 Training loss 7.84632e-03 Validation loss 8.00809e-03 Time taken: 0.92 seconds 
Epoch: 86/200 Train accuracy: 6.53300e-01 Validation accuracy: 6.41900e-01 Training loss 7.83964e-03 Validation loss 8.01913e-03 Time taken: 0.81 seconds 
Epoch: 87/200 Train accuracy: 6.54540e-01 Validation accuracy: 6.42200e-01 Training loss 7.83173e-03 Validation loss 8.01780e-03 Time taken: 0.81 seconds 
Epoch: 88/200 Train accuracy: 6.54720e-01 Validation accuracy: 6.44600e-01 Training loss 7.83196e-03 Validation loss 7.99108e-03 Time taken: 0.82 seconds 
Epoch: 89/200 Train accuracy: 6.54920e-01 Validation accuracy: 6.42700e-01 Training loss 7.82637e-03 Validation loss 8.00865e-03 Time taken: 0.82 seconds 
Epoch: 90/200 Train accuracy: 6.54020e-01 Validation accuracy: 6.47600e-01 Training loss 7.82480e-03 Validation loss 7.99000e-03 Time taken: 0.95 seconds 
Epoch: 91/200 Train accuracy: 6.54560e-01 Validation accuracy: 6.42900e-01 Training loss 7.81764e-03 Validation loss 8.00201e-03 Time taken: 0.86 seconds 
Epoch: 92/200 Train accuracy: 6.55760e-01 Validation accuracy: 6.44500e-01 Training loss 7.81352e-03 Validation loss 7.99784e-03 Time taken: 0.84 seconds 
Epoch: 93/200 Train accuracy: 6.55960e-01 Validation accuracy: 6.43500e-01 Training loss 7.81134e-03 Validation loss 7.97862e-03 Time taken: 0.91 seconds 
Epoch: 94/200 Train accuracy: 6.55320e-01 Validation accuracy: 6.44100e-01 Training loss 7.80481e-03 Validation loss 8.00633e-03 Time taken: 0.86 seconds 
Epoch: 95/200 Train accuracy: 6.54860e-01 Validation accuracy: 6.43400e-01 Training loss 7.80222e-03 Validation loss 7.96755e-03 Time taken: 0.82 seconds 
Epoch: 96/200 Train accuracy: 6.56040e-01 Validation accuracy: 6.44900e-01 Training loss 7.79670e-03 Validation loss 7.98717e-03 Time taken: 0.86 seconds 
Epoch: 97/200 Train accuracy: 6.54720e-01 Validation accuracy: 6.46600e-01 Training loss 7.79598e-03 Validation loss 7.95548e-03 Time taken: 0.82 seconds 
Epoch: 98/200 Train accuracy: 6.56320e-01 Validation accuracy: 6.45500e-01 Training loss 7.79269e-03 Validation loss 7.97126e-03 Time taken: 0.89 seconds 
Epoch: 99/200 Train accuracy: 6.56760e-01 Validation accuracy: 6.42200e-01 Training loss 7.78382e-03 Validation loss 7.95990e-03 Time taken: 0.82 seconds 
Epoch: 100/200 Train accuracy: 6.57360e-01 Validation accuracy: 6.45100e-01 Training loss 7.78064e-03 Validation loss 7.95892e-03 Time taken: 0.94 seconds 
Epoch: 101/200 Train accuracy: 6.57680e-01 Validation accuracy: 6.45800e-01 Training loss 7.78049e-03 Validation loss 7.94014e-03 Time taken: 0.86 seconds 
Epoch: 102/200 Train accuracy: 6.56700e-01 Validation accuracy: 6.46500e-01 Training loss 7.77619e-03 Validation loss 7.95333e-03 Time taken: 0.81 seconds 
Epoch: 103/200 Train accuracy: 6.58120e-01 Validation accuracy: 6.44100e-01 Training loss 7.77037e-03 Validation loss 7.97554e-03 Time taken: 0.87 seconds 
Epoch: 104/200 Train accuracy: 6.56060e-01 Validation accuracy: 6.46000e-01 Training loss 7.76997e-03 Validation loss 7.93710e-03 Time taken: 0.83 seconds 
Epoch: 105/200 Train accuracy: 6.57020e-01 Validation accuracy: 6.45700e-01 Training loss 7.76630e-03 Validation loss 7.93990e-03 Time taken: 0.89 seconds 
Epoch: 106/200 Train accuracy: 6.56120e-01 Validation accuracy: 6.47800e-01 Training loss 7.76392e-03 Validation loss 7.93441e-03 Time taken: 0.81 seconds 
Epoch: 107/200 Train accuracy: 6.58060e-01 Validation accuracy: 6.47200e-01 Training loss 7.75123e-03 Validation loss 7.93451e-03 Time taken: 0.81 seconds 
Epoch: 108/200 Train accuracy: 6.57900e-01 Validation accuracy: 6.45800e-01 Training loss 7.75244e-03 Validation loss 7.94021e-03 Time taken: 0.87 seconds 
Epoch: 109/200 Train accuracy: 6.57500e-01 Validation accuracy: 6.44000e-01 Training loss 7.75239e-03 Validation loss 7.93550e-03 Time taken: 0.91 seconds 
Epoch: 110/200 Train accuracy: 6.58660e-01 Validation accuracy: 6.49200e-01 Training loss 7.75008e-03 Validation loss 7.94489e-03 Time taken: 0.97 seconds 
Epoch: 111/200 Train accuracy: 6.58800e-01 Validation accuracy: 6.43900e-01 Training loss 7.74451e-03 Validation loss 7.94147e-03 Time taken: 0.82 seconds 
Epoch: 112/200 Train accuracy: 6.58240e-01 Validation accuracy: 6.45400e-01 Training loss 7.73821e-03 Validation loss 7.95012e-03 Time taken: 0.82 seconds 
Epoch: 113/200 Train accuracy: 6.57420e-01 Validation accuracy: 6.47200e-01 Training loss 7.73692e-03 Validation loss 7.91731e-03 Time taken: 0.94 seconds 
Epoch: 114/200 Train accuracy: 6.59380e-01 Validation accuracy: 6.48000e-01 Training loss 7.73472e-03 Validation loss 7.92766e-03 Time taken: 0.85 seconds 
Epoch: 115/200 Train accuracy: 6.58840e-01 Validation accuracy: 6.48800e-01 Training loss 7.72870e-03 Validation loss 7.91913e-03 Time taken: 0.85 seconds 
Epoch: 116/200 Train accuracy: 6.59240e-01 Validation accuracy: 6.47100e-01 Training loss 7.72537e-03 Validation loss 7.90761e-03 Time taken: 0.86 seconds 
Epoch: 117/200 Train accuracy: 6.59060e-01 Validation accuracy: 6.47600e-01 Training loss 7.72279e-03 Validation loss 7.89895e-03 Time taken: 0.83 seconds 
Epoch: 118/200 Train accuracy: 6.59920e-01 Validation accuracy: 6.49100e-01 Training loss 7.72421e-03 Validation loss 7.90590e-03 Time taken: 0.82 seconds 
Epoch: 119/200 Train accuracy: 6.59260e-01 Validation accuracy: 6.50700e-01 Training loss 7.71936e-03 Validation loss 7.89821e-03 Time taken: 0.82 seconds 
Epoch: 120/200 Train accuracy: 6.59500e-01 Validation accuracy: 6.48600e-01 Training loss 7.71727e-03 Validation loss 7.90526e-03 Time taken: 0.95 seconds 
Epoch: 121/200 Train accuracy: 6.59840e-01 Validation accuracy: 6.48900e-01 Training loss 7.70735e-03 Validation loss 7.89398e-03 Time taken: 0.83 seconds 
Epoch: 122/200 Train accuracy: 6.59080e-01 Validation accuracy: 6.49300e-01 Training loss 7.70597e-03 Validation loss 7.88925e-03 Time taken: 0.82 seconds 
Epoch: 123/200 Train accuracy: 6.60760e-01 Validation accuracy: 6.50600e-01 Training loss 7.70607e-03 Validation loss 7.87069e-03 Time taken: 0.96 seconds 
Epoch: 124/200 Train accuracy: 6.60620e-01 Validation accuracy: 6.49300e-01 Training loss 7.70398e-03 Validation loss 7.90114e-03 Time taken: 0.83 seconds 
Epoch: 125/200 Train accuracy: 6.59940e-01 Validation accuracy: 6.48700e-01 Training loss 7.70225e-03 Validation loss 7.87943e-03 Time taken: 0.95 seconds 
Epoch: 126/200 Train accuracy: 6.58920e-01 Validation accuracy: 6.48400e-01 Training loss 7.69881e-03 Validation loss 7.89353e-03 Time taken: 0.86 seconds 
Epoch: 127/200 Train accuracy: 6.59340e-01 Validation accuracy: 6.49500e-01 Training loss 7.69646e-03 Validation loss 7.90103e-03 Time taken: 0.82 seconds 
Epoch: 128/200 Train accuracy: 6.59700e-01 Validation accuracy: 6.49000e-01 Training loss 7.69247e-03 Validation loss 7.87837e-03 Time taken: 0.82 seconds 
Epoch: 129/200 Train accuracy: 6.61280e-01 Validation accuracy: 6.50700e-01 Training loss 7.68817e-03 Validation loss 7.87190e-03 Time taken: 0.88 seconds 
Epoch: 130/200 Train accuracy: 6.60540e-01 Validation accuracy: 6.50800e-01 Training loss 7.68913e-03 Validation loss 7.87317e-03 Time taken: 0.86 seconds 
Epoch: 131/200 Train accuracy: 6.61580e-01 Validation accuracy: 6.47200e-01 Training loss 7.68406e-03 Validation loss 7.88492e-03 Time taken: 0.84 seconds 
Epoch: 132/200 Train accuracy: 6.60300e-01 Validation accuracy: 6.47400e-01 Training loss 7.68545e-03 Validation loss 7.87302e-03 Time taken: 0.82 seconds 
Epoch: 133/200 Train accuracy: 6.61500e-01 Validation accuracy: 6.51800e-01 Training loss 7.68207e-03 Validation loss 7.84453e-03 Time taken: 1.00 seconds 
Epoch: 134/200 Train accuracy: 6.61380e-01 Validation accuracy: 6.47200e-01 Training loss 7.67523e-03 Validation loss 7.88097e-03 Time taken: 0.83 seconds 
Epoch: 135/200 Train accuracy: 6.60740e-01 Validation accuracy: 6.51300e-01 Training loss 7.67423e-03 Validation loss 7.85905e-03 Time taken: 0.87 seconds 
Epoch: 136/200 Train accuracy: 6.62120e-01 Validation accuracy: 6.48500e-01 Training loss 7.66957e-03 Validation loss 7.86036e-03 Time taken: 0.82 seconds 
Epoch: 137/200 Train accuracy: 6.60760e-01 Validation accuracy: 6.51200e-01 Training loss 7.66961e-03 Validation loss 7.86052e-03 Time taken: 0.95 seconds 
Epoch: 138/200 Train accuracy: 6.62240e-01 Validation accuracy: 6.44700e-01 Training loss 7.66820e-03 Validation loss 7.91901e-03 Time taken: 0.81 seconds 
Epoch: 139/200 Train accuracy: 6.62040e-01 Validation accuracy: 6.50400e-01 Training loss 7.66384e-03 Validation loss 7.83676e-03 Time taken: 1.11 seconds 
Epoch: 140/200 Train accuracy: 6.62180e-01 Validation accuracy: 6.51300e-01 Training loss 7.66088e-03 Validation loss 7.88413e-03 Time taken: 0.86 seconds 
Epoch: 141/200 Train accuracy: 6.62620e-01 Validation accuracy: 6.53200e-01 Training loss 7.66409e-03 Validation loss 7.83886e-03 Time taken: 0.81 seconds 
Epoch: 142/200 Train accuracy: 6.62240e-01 Validation accuracy: 6.48200e-01 Training loss 7.65916e-03 Validation loss 7.86840e-03 Time taken: 0.86 seconds 
Epoch: 143/200 Train accuracy: 6.61960e-01 Validation accuracy: 6.51500e-01 Training loss 7.65626e-03 Validation loss 7.83128e-03 Time taken: 0.81 seconds 
Epoch: 144/200 Train accuracy: 6.63360e-01 Validation accuracy: 6.50800e-01 Training loss 7.65027e-03 Validation loss 7.83349e-03 Time taken: 0.85 seconds 
Epoch: 145/200 Train accuracy: 6.63100e-01 Validation accuracy: 6.52700e-01 Training loss 7.65143e-03 Validation loss 7.84228e-03 Time taken: 0.97 seconds 
Epoch: 146/200 Train accuracy: 6.62060e-01 Validation accuracy: 6.50500e-01 Training loss 7.64469e-03 Validation loss 7.83333e-03 Time taken: 0.86 seconds 
Epoch: 147/200 Train accuracy: 6.62180e-01 Validation accuracy: 6.51600e-01 Training loss 7.64072e-03 Validation loss 7.83089e-03 Time taken: 0.93 seconds 
Epoch: 148/200 Train accuracy: 6.63640e-01 Validation accuracy: 6.51100e-01 Training loss 7.64640e-03 Validation loss 7.82731e-03 Time taken: 0.86 seconds 
Epoch: 149/200 Train accuracy: 6.63380e-01 Validation accuracy: 6.49800e-01 Training loss 7.63929e-03 Validation loss 7.84654e-03 Time taken: 0.82 seconds 
Epoch: 150/200 Train accuracy: 6.62700e-01 Validation accuracy: 6.52200e-01 Training loss 7.63820e-03 Validation loss 7.82975e-03 Time taken: 0.82 seconds 
Epoch: 151/200 Train accuracy: 6.62700e-01 Validation accuracy: 6.50900e-01 Training loss 7.63969e-03 Validation loss 7.82152e-03 Time taken: 0.81 seconds 
Epoch: 152/200 Train accuracy: 6.62420e-01 Validation accuracy: 6.49300e-01 Training loss 7.63362e-03 Validation loss 7.83473e-03 Time taken: 0.90 seconds 
Epoch: 153/200 Train accuracy: 6.62500e-01 Validation accuracy: 6.51900e-01 Training loss 7.63694e-03 Validation loss 7.83214e-03 Time taken: 0.81 seconds 
Epoch: 154/200 Train accuracy: 6.63720e-01 Validation accuracy: 6.53500e-01 Training loss 7.63322e-03 Validation loss 7.80822e-03 Time taken: 0.88 seconds 
Epoch: 155/200 Train accuracy: 6.63680e-01 Validation accuracy: 6.55400e-01 Training loss 7.63015e-03 Validation loss 7.80572e-03 Time taken: 0.98 seconds 
Epoch: 156/200 Train accuracy: 6.63080e-01 Validation accuracy: 6.53100e-01 Training loss 7.62566e-03 Validation loss 7.81774e-03 Time taken: 0.87 seconds 
Epoch: 157/200 Train accuracy: 6.65060e-01 Validation accuracy: 6.51000e-01 Training loss 7.62477e-03 Validation loss 7.83283e-03 Time taken: 0.98 seconds 
Epoch: 158/200 Train accuracy: 6.62260e-01 Validation accuracy: 6.52900e-01 Training loss 7.61823e-03 Validation loss 7.81661e-03 Time taken: 0.85 seconds 
Epoch: 159/200 Train accuracy: 6.62400e-01 Validation accuracy: 6.53400e-01 Training loss 7.62116e-03 Validation loss 7.82470e-03 Time taken: 0.84 seconds 
Epoch: 160/200 Train accuracy: 6.63580e-01 Validation accuracy: 6.50800e-01 Training loss 7.62375e-03 Validation loss 7.81001e-03 Time taken: 0.84 seconds 
Epoch: 161/200 Train accuracy: 6.63580e-01 Validation accuracy: 6.52200e-01 Training loss 7.61867e-03 Validation loss 7.81451e-03 Time taken: 0.85 seconds 
Epoch: 162/200 Train accuracy: 6.63300e-01 Validation accuracy: 6.54700e-01 Training loss 7.61571e-03 Validation loss 7.79903e-03 Time taken: 1.11 seconds 
Epoch: 163/200 Train accuracy: 6.63720e-01 Validation accuracy: 6.53500e-01 Training loss 7.61651e-03 Validation loss 7.78721e-03 Time taken: 1.06 seconds 
Epoch: 164/200 Train accuracy: 6.64060e-01 Validation accuracy: 6.50400e-01 Training loss 7.61054e-03 Validation loss 7.81510e-03 Time taken: 0.92 seconds 
Epoch: 165/200 Train accuracy: 6.63760e-01 Validation accuracy: 6.54600e-01 Training loss 7.61529e-03 Validation loss 7.80700e-03 Time taken: 0.85 seconds 
Epoch: 166/200 Train accuracy: 6.64380e-01 Validation accuracy: 6.54300e-01 Training loss 7.60509e-03 Validation loss 7.79551e-03 Time taken: 0.89 seconds 
Epoch: 167/200 Train accuracy: 6.63440e-01 Validation accuracy: 6.52700e-01 Training loss 7.60654e-03 Validation loss 7.79504e-03 Time taken: 0.82 seconds 
Epoch: 168/200 Train accuracy: 6.64520e-01 Validation accuracy: 6.51200e-01 Training loss 7.60700e-03 Validation loss 7.80591e-03 Time taken: 0.82 seconds 
Epoch: 169/200 Train accuracy: 6.63800e-01 Validation accuracy: 6.54500e-01 Training loss 7.60337e-03 Validation loss 7.80187e-03 Time taken: 0.97 seconds 
Epoch: 170/200 Train accuracy: 6.65740e-01 Validation accuracy: 6.52900e-01 Training loss 7.59727e-03 Validation loss 7.80991e-03 Time taken: 0.82 seconds 
Epoch: 171/200 Train accuracy: 6.65720e-01 Validation accuracy: 6.50400e-01 Training loss 7.60042e-03 Validation loss 7.80518e-03 Time taken: 0.97 seconds 
Epoch: 172/200 Train accuracy: 6.65000e-01 Validation accuracy: 6.55000e-01 Training loss 7.59714e-03 Validation loss 7.78257e-03 Time taken: 0.83 seconds 
Epoch: 173/200 Train accuracy: 6.64880e-01 Validation accuracy: 6.53900e-01 Training loss 7.59447e-03 Validation loss 7.77867e-03 Time taken: 0.83 seconds 
Epoch: 174/200 Train accuracy: 6.65580e-01 Validation accuracy: 6.53000e-01 Training loss 7.59413e-03 Validation loss 7.81159e-03 Time taken: 0.91 seconds 
Epoch: 175/200 Train accuracy: 6.65280e-01 Validation accuracy: 6.52200e-01 Training loss 7.59111e-03 Validation loss 7.78787e-03 Time taken: 0.82 seconds 
Epoch: 176/200 Train accuracy: 6.66020e-01 Validation accuracy: 6.52200e-01 Training loss 7.58929e-03 Validation loss 7.77810e-03 Time taken: 0.95 seconds 
Epoch: 177/200 Train accuracy: 6.64520e-01 Validation accuracy: 6.52100e-01 Training loss 7.59061e-03 Validation loss 7.78199e-03 Time taken: 0.82 seconds 
Epoch: 178/200 Train accuracy: 6.64900e-01 Validation accuracy: 6.53500e-01 Training loss 7.58768e-03 Validation loss 7.78265e-03 Time taken: 0.82 seconds 
Epoch: 179/200 Train accuracy: 6.64720e-01 Validation accuracy: 6.50000e-01 Training loss 7.58523e-03 Validation loss 7.82161e-03 Time taken: 0.95 seconds 
Epoch: 180/200 Train accuracy: 6.65040e-01 Validation accuracy: 6.52700e-01 Training loss 7.58072e-03 Validation loss 7.77237e-03 Time taken: 0.86 seconds 
Epoch: 181/200 Train accuracy: 6.65140e-01 Validation accuracy: 6.57400e-01 Training loss 7.58620e-03 Validation loss 7.75648e-03 Time taken: 0.94 seconds 
Epoch: 182/200 Train accuracy: 6.65480e-01 Validation accuracy: 6.54600e-01 Training loss 7.57907e-03 Validation loss 7.78411e-03 Time taken: 0.81 seconds 
Epoch: 183/200 Train accuracy: 6.65060e-01 Validation accuracy: 6.51600e-01 Training loss 7.57760e-03 Validation loss 7.78077e-03 Time taken: 0.95 seconds 
Epoch: 184/200 Train accuracy: 6.66240e-01 Validation accuracy: 6.56400e-01 Training loss 7.57411e-03 Validation loss 7.76462e-03 Time taken: 0.82 seconds 
Epoch: 185/200 Train accuracy: 6.66280e-01 Validation accuracy: 6.54200e-01 Training loss 7.57556e-03 Validation loss 7.77176e-03 Time taken: 0.82 seconds 
Epoch: 186/200 Train accuracy: 6.65660e-01 Validation accuracy: 6.53400e-01 Training loss 7.57443e-03 Validation loss 7.78256e-03 Time taken: 0.84 seconds 
Epoch: 187/200 Train accuracy: 6.66780e-01 Validation accuracy: 6.51400e-01 Training loss 7.57208e-03 Validation loss 7.77930e-03 Time taken: 0.82 seconds 
Epoch: 188/200 Train accuracy: 6.64740e-01 Validation accuracy: 6.55600e-01 Training loss 7.56805e-03 Validation loss 7.76883e-03 Time taken: 0.83 seconds 
Epoch: 189/200 Train accuracy: 6.64880e-01 Validation accuracy: 6.55700e-01 Training loss 7.57019e-03 Validation loss 7.76411e-03 Time taken: 0.70 seconds 
Epoch: 190/200 Train accuracy: 6.65280e-01 Validation accuracy: 6.54300e-01 Training loss 7.56734e-03 Validation loss 7.76821e-03 Time taken: 0.68 seconds 
Epoch: 191/200 Train accuracy: 6.66400e-01 Validation accuracy: 6.53800e-01 Training loss 7.56833e-03 Validation loss 7.75990e-03 Time taken: 0.70 seconds 
Epoch: 192/200 Train accuracy: 6.65880e-01 Validation accuracy: 6.55500e-01 Training loss 7.56422e-03 Validation loss 7.77259e-03 Time taken: 0.66 seconds 
Epoch: 193/200 Train accuracy: 6.66040e-01 Validation accuracy: 6.55000e-01 Training loss 7.56127e-03 Validation loss 7.77706e-03 Time taken: 0.67 seconds 
Epoch: 194/200 Train accuracy: 6.65300e-01 Validation accuracy: 6.56100e-01 Training loss 7.56377e-03 Validation loss 7.76520e-03 Time taken: 0.68 seconds 
Epoch: 195/200 Train accuracy: 6.66300e-01 Validation accuracy: 6.56100e-01 Training loss 7.55973e-03 Validation loss 7.76615e-03 Time taken: 0.72 seconds 
Epoch: 196/200 Train accuracy: 6.66900e-01 Validation accuracy: 6.56700e-01 Training loss 7.56088e-03 Validation loss 7.75388e-03 Time taken: 0.68 seconds 
Epoch: 197/200 Train accuracy: 6.67180e-01 Validation accuracy: 6.55300e-01 Training loss 7.55800e-03 Validation loss 7.75038e-03 Time taken: 0.72 seconds 
Epoch: 198/200 Train accuracy: 6.66260e-01 Validation accuracy: 6.52300e-01 Training loss 7.56015e-03 Validation loss 7.76059e-03 Time taken: 0.71 seconds 
Epoch: 199/200 Train accuracy: 6.67740e-01 Validation accuracy: 6.57000e-01 Training loss 7.55534e-03 Validation loss 7.76498e-03 Time taken: 0.70 seconds 
Epoch: 200/200 Train accuracy: 6.66500e-01 Validation accuracy: 6.57900e-01 Training loss 7.55379e-03 Validation loss 7.74571e-03 Time taken: 0.71 seconds 
Total time taken 0:02:50.781212
Cleaning up intermediate feature (.pt) files
Done


working on file logs_STL/stl-l2-seed2/jepa-stl-l2-seed2-ep300.pth.tar ...
