Directory classifiers/jepa-iic-L2-seed43-classifier-pretrained-vitb-normalized-ep400 for saving the classifiers is now present
VisionTransformer(
  (patch_embed): PatchEmbed(
    (proj): Conv2d(3, 768, kernel_size=(15, 15), stride=(15, 15))
  )
  (blocks): ModuleList(
    (0-11): 12 x Block(
      (norm1): LayerNorm((768,), eps=1e-06, elementwise_affine=True)
      (attn): Attention(
        (qkv): Linear(in_features=768, out_features=2304, bias=True)
        (attn_drop): Dropout(p=0.0, inplace=False)
        (proj): Linear(in_features=768, out_features=768, bias=True)
        (proj_drop): Dropout(p=0.0, inplace=False)
      )
      (drop_path): Identity()
      (norm2): LayerNorm((768,), eps=1e-06, elementwise_affine=True)
      (mlp): MLP(
        (fc1): Linear(in_features=768, out_features=3072, bias=True)
        (act): GELU(approximate='none')
        (fc2): Linear(in_features=3072, out_features=768, bias=True)
        (drop): Dropout(p=0.0, inplace=False)
      )
    )
  )
  (norm): LayerNorm((768,), eps=1e-06, elementwise_affine=True)
)
Extracting features and saving them locally..
Epoch: 1/200 Train accuracy: 4.12213e-01 Validation accuracy: 5.75000e-01 Loss 1.28016e-02 Time taken: 2.13 seconds 
Epoch: 2/200 Train accuracy: 6.05672e-01 Validation accuracy: 6.78667e-01 Loss 1.14844e-02 Time taken: 2.26 seconds 
Epoch: 3/200 Train accuracy: 6.68876e-01 Validation accuracy: 6.93000e-01 Loss 1.09654e-02 Time taken: 2.22 seconds 
Epoch: 4/200 Train accuracy: 6.93459e-01 Validation accuracy: 7.08000e-01 Loss 1.07678e-02 Time taken: 2.17 seconds 
Epoch: 5/200 Train accuracy: 7.02508e-01 Validation accuracy: 7.16333e-01 Loss 1.06565e-02 Time taken: 2.17 seconds 
Epoch: 6/200 Train accuracy: 7.12840e-01 Validation accuracy: 7.17333e-01 Loss 1.05666e-02 Time taken: 2.15 seconds 
Epoch: 7/200 Train accuracy: 7.22674e-01 Validation accuracy: 7.26333e-01 Loss 1.04929e-02 Time taken: 2.12 seconds 
Epoch: 8/200 Train accuracy: 7.23742e-01 Validation accuracy: 7.32333e-01 Loss 1.04681e-02 Time taken: 2.16 seconds 
Epoch: 9/200 Train accuracy: 7.28801e-01 Validation accuracy: 7.28667e-01 Loss 1.04221e-02 Time taken: 2.04 seconds 
Epoch: 10/200 Train accuracy: 7.30440e-01 Validation accuracy: 7.35667e-01 Loss 1.03971e-02 Time taken: 2.22 seconds 
Epoch: 11/200 Train accuracy: 7.35072e-01 Validation accuracy: 7.35667e-01 Loss 1.03612e-02 Time taken: 2.18 seconds 
Epoch: 12/200 Train accuracy: 7.34288e-01 Validation accuracy: 7.42000e-01 Loss 1.03549e-02 Time taken: 2.27 seconds 
Epoch: 13/200 Train accuracy: 7.40487e-01 Validation accuracy: 7.41333e-01 Loss 1.03225e-02 Time taken: 2.40 seconds 
Epoch: 14/200 Train accuracy: 7.40487e-01 Validation accuracy: 7.41000e-01 Loss 1.03093e-02 Time taken: 2.40 seconds 
Epoch: 15/200 Train accuracy: 7.41912e-01 Validation accuracy: 7.42000e-01 Loss 1.02838e-02 Time taken: 2.29 seconds 
Epoch: 16/200 Train accuracy: 7.45190e-01 Validation accuracy: 7.40333e-01 Loss 1.02711e-02 Time taken: 2.36 seconds 
Epoch: 17/200 Train accuracy: 7.39917e-01 Validation accuracy: 7.49667e-01 Loss 1.02754e-02 Time taken: 2.26 seconds 
Epoch: 18/200 Train accuracy: 7.47684e-01 Validation accuracy: 7.40000e-01 Loss 1.02456e-02 Time taken: 2.07 seconds 
Epoch: 19/200 Train accuracy: 7.45048e-01 Validation accuracy: 7.53667e-01 Loss 1.02409e-02 Time taken: 2.11 seconds 
Epoch: 20/200 Train accuracy: 7.50249e-01 Validation accuracy: 7.49333e-01 Loss 1.02278e-02 Time taken: 2.17 seconds 
Epoch: 21/200 Train accuracy: 7.51033e-01 Validation accuracy: 7.47667e-01 Loss 1.02229e-02 Time taken: 2.28 seconds 
Epoch: 22/200 Train accuracy: 7.49181e-01 Validation accuracy: 7.45667e-01 Loss 1.02211e-02 Time taken: 2.24 seconds 
Epoch: 23/200 Train accuracy: 7.49608e-01 Validation accuracy: 7.51000e-01 Loss 1.02033e-02 Time taken: 2.11 seconds 
Epoch: 24/200 Train accuracy: 7.53883e-01 Validation accuracy: 7.53333e-01 Loss 1.01916e-02 Time taken: 2.27 seconds 
Epoch: 25/200 Train accuracy: 7.53313e-01 Validation accuracy: 7.50000e-01 Loss 1.01911e-02 Time taken: 2.06 seconds 
Epoch: 26/200 Train accuracy: 7.55024e-01 Validation accuracy: 7.57667e-01 Loss 1.01713e-02 Time taken: 2.06 seconds 
Epoch: 27/200 Train accuracy: 7.55451e-01 Validation accuracy: 7.54333e-01 Loss 1.01792e-02 Time taken: 2.24 seconds 
Epoch: 28/200 Train accuracy: 7.57161e-01 Validation accuracy: 7.51667e-01 Loss 1.01584e-02 Time taken: 2.06 seconds 
Epoch: 29/200 Train accuracy: 7.55594e-01 Validation accuracy: 7.55000e-01 Loss 1.01580e-02 Time taken: 2.19 seconds 
Epoch: 30/200 Train accuracy: 7.55594e-01 Validation accuracy: 7.56667e-01 Loss 1.01719e-02 Time taken: 2.15 seconds 
Epoch: 31/200 Train accuracy: 7.56520e-01 Validation accuracy: 7.54000e-01 Loss 1.01518e-02 Time taken: 2.11 seconds 
Epoch: 32/200 Train accuracy: 7.59156e-01 Validation accuracy: 7.56000e-01 Loss 1.01418e-02 Time taken: 2.19 seconds 
Epoch: 33/200 Train accuracy: 7.56734e-01 Validation accuracy: 7.52333e-01 Loss 1.01427e-02 Time taken: 2.27 seconds 
Epoch: 34/200 Train accuracy: 7.59299e-01 Validation accuracy: 7.54333e-01 Loss 1.01382e-02 Time taken: 2.16 seconds 
Epoch: 35/200 Train accuracy: 7.56520e-01 Validation accuracy: 7.54333e-01 Loss 1.01318e-02 Time taken: 2.12 seconds 
Epoch: 36/200 Train accuracy: 7.58016e-01 Validation accuracy: 7.53333e-01 Loss 1.01247e-02 Time taken: 2.12 seconds 
Epoch: 37/200 Train accuracy: 7.57446e-01 Validation accuracy: 7.59667e-01 Loss 1.01206e-02 Time taken: 2.11 seconds 
Epoch: 38/200 Train accuracy: 7.61151e-01 Validation accuracy: 7.60333e-01 Loss 1.01099e-02 Time taken: 2.09 seconds 
Epoch: 39/200 Train accuracy: 7.58444e-01 Validation accuracy: 7.60000e-01 Loss 1.01193e-02 Time taken: 2.14 seconds 
Epoch: 40/200 Train accuracy: 7.63930e-01 Validation accuracy: 7.60667e-01 Loss 1.00940e-02 Time taken: 2.28 seconds 
Epoch: 41/200 Train accuracy: 7.62292e-01 Validation accuracy: 7.60667e-01 Loss 1.01020e-02 Time taken: 2.09 seconds 
Epoch: 42/200 Train accuracy: 7.66353e-01 Validation accuracy: 7.63000e-01 Loss 1.00887e-02 Time taken: 2.01 seconds 
Epoch: 43/200 Train accuracy: 7.62292e-01 Validation accuracy: 7.60333e-01 Loss 1.01058e-02 Time taken: 2.25 seconds 
Epoch: 44/200 Train accuracy: 7.62220e-01 Validation accuracy: 7.58667e-01 Loss 1.00878e-02 Time taken: 2.31 seconds 
Epoch: 45/200 Train accuracy: 7.62862e-01 Validation accuracy: 7.59333e-01 Loss 1.01033e-02 Time taken: 2.09 seconds 
Epoch: 46/200 Train accuracy: 7.59798e-01 Validation accuracy: 7.61000e-01 Loss 1.00907e-02 Time taken: 2.34 seconds 
Epoch: 47/200 Train accuracy: 7.63788e-01 Validation accuracy: 7.54333e-01 Loss 1.00923e-02 Time taken: 2.06 seconds 
Epoch: 48/200 Train accuracy: 7.62862e-01 Validation accuracy: 7.60333e-01 Loss 1.00894e-02 Time taken: 2.04 seconds 
Epoch: 49/200 Train accuracy: 7.64144e-01 Validation accuracy: 7.59667e-01 Loss 1.00818e-02 Time taken: 2.04 seconds 
Epoch: 50/200 Train accuracy: 7.64287e-01 Validation accuracy: 7.59000e-01 Loss 1.00689e-02 Time taken: 2.10 seconds 
Epoch: 51/200 Train accuracy: 7.62434e-01 Validation accuracy: 7.50667e-01 Loss 1.00777e-02 Time taken: 2.17 seconds 
Epoch: 52/200 Train accuracy: 7.62648e-01 Validation accuracy: 7.61333e-01 Loss 1.00836e-02 Time taken: 2.13 seconds 
Epoch: 53/200 Train accuracy: 7.62292e-01 Validation accuracy: 7.60333e-01 Loss 1.00840e-02 Time taken: 2.28 seconds 
Epoch: 54/200 Train accuracy: 7.62220e-01 Validation accuracy: 7.62667e-01 Loss 1.00759e-02 Time taken: 2.18 seconds 
Epoch: 55/200 Train accuracy: 7.64287e-01 Validation accuracy: 7.66667e-01 Loss 1.00574e-02 Time taken: 2.12 seconds 
Epoch: 56/200 Train accuracy: 7.61935e-01 Validation accuracy: 7.61000e-01 Loss 1.00762e-02 Time taken: 2.00 seconds 
Epoch: 57/200 Train accuracy: 7.65569e-01 Validation accuracy: 7.64000e-01 Loss 1.00641e-02 Time taken: 2.03 seconds 
Epoch: 58/200 Train accuracy: 7.65498e-01 Validation accuracy: 7.59333e-01 Loss 1.00618e-02 Time taken: 2.12 seconds 
Epoch: 59/200 Train accuracy: 7.66211e-01 Validation accuracy: 7.62667e-01 Loss 1.00575e-02 Time taken: 2.00 seconds 
Epoch: 60/200 Train accuracy: 7.65213e-01 Validation accuracy: 7.63667e-01 Loss 1.00633e-02 Time taken: 2.19 seconds 
Epoch: 61/200 Train accuracy: 7.64287e-01 Validation accuracy: 7.59333e-01 Loss 1.00617e-02 Time taken: 2.19 seconds 
Epoch: 62/200 Train accuracy: 7.64144e-01 Validation accuracy: 7.58000e-01 Loss 1.00684e-02 Time taken: 2.20 seconds 
Epoch: 63/200 Train accuracy: 7.65142e-01 Validation accuracy: 7.62667e-01 Loss 1.00596e-02 Time taken: 2.29 seconds 
Epoch: 64/200 Train accuracy: 7.64928e-01 Validation accuracy: 7.66333e-01 Loss 1.00545e-02 Time taken: 2.34 seconds 
Epoch: 65/200 Train accuracy: 7.63432e-01 Validation accuracy: 7.64000e-01 Loss 1.00557e-02 Time taken: 2.33 seconds 
Epoch: 66/200 Train accuracy: 7.64073e-01 Validation accuracy: 7.63000e-01 Loss 1.00578e-02 Time taken: 2.34 seconds 
Epoch: 67/200 Train accuracy: 7.66781e-01 Validation accuracy: 7.63333e-01 Loss 1.00494e-02 Time taken: 2.21 seconds 
Epoch: 68/200 Train accuracy: 7.69845e-01 Validation accuracy: 7.61333e-01 Loss 1.00395e-02 Time taken: 2.33 seconds 
Epoch: 69/200 Train accuracy: 7.68562e-01 Validation accuracy: 7.60333e-01 Loss 1.00413e-02 Time taken: 2.41 seconds 
Epoch: 70/200 Train accuracy: 7.68277e-01 Validation accuracy: 7.65333e-01 Loss 1.00426e-02 Time taken: 2.35 seconds 
Epoch: 71/200 Train accuracy: 7.68776e-01 Validation accuracy: 7.65333e-01 Loss 1.00397e-02 Time taken: 2.31 seconds 
Epoch: 72/200 Train accuracy: 7.65356e-01 Validation accuracy: 7.63667e-01 Loss 1.00500e-02 Time taken: 2.13 seconds 
Epoch: 73/200 Train accuracy: 7.72837e-01 Validation accuracy: 7.61667e-01 Loss 1.00186e-02 Time taken: 2.18 seconds 
Epoch: 74/200 Train accuracy: 7.69560e-01 Validation accuracy: 7.65333e-01 Loss 1.00329e-02 Time taken: 2.25 seconds 
Epoch: 75/200 Train accuracy: 7.68990e-01 Validation accuracy: 7.65333e-01 Loss 1.00280e-02 Time taken: 2.29 seconds 
Epoch: 76/200 Train accuracy: 7.65926e-01 Validation accuracy: 7.64000e-01 Loss 1.00586e-02 Time taken: 2.14 seconds 
Epoch: 77/200 Train accuracy: 7.69417e-01 Validation accuracy: 7.58000e-01 Loss 1.00346e-02 Time taken: 2.28 seconds 
Epoch: 78/200 Train accuracy: 7.69132e-01 Validation accuracy: 7.62667e-01 Loss 1.00395e-02 Time taken: 2.26 seconds 
Epoch: 79/200 Train accuracy: 7.64643e-01 Validation accuracy: 7.61000e-01 Loss 1.00492e-02 Time taken: 2.47 seconds 
Epoch: 80/200 Train accuracy: 7.67992e-01 Validation accuracy: 7.63000e-01 Loss 1.00325e-02 Time taken: 2.32 seconds 
Epoch: 81/200 Train accuracy: 7.68633e-01 Validation accuracy: 7.62000e-01 Loss 1.00327e-02 Time taken: 2.26 seconds 
Epoch: 82/200 Train accuracy: 7.72339e-01 Validation accuracy: 7.65333e-01 Loss 1.00195e-02 Time taken: 2.12 seconds 
Epoch: 83/200 Train accuracy: 7.70343e-01 Validation accuracy: 7.64000e-01 Loss 1.00200e-02 Time taken: 2.15 seconds 
Epoch: 84/200 Train accuracy: 7.70058e-01 Validation accuracy: 7.63333e-01 Loss 1.00208e-02 Time taken: 2.28 seconds 
Epoch: 85/200 Train accuracy: 7.69203e-01 Validation accuracy: 7.59667e-01 Loss 1.00232e-02 Time taken: 2.22 seconds 
Epoch: 86/200 Train accuracy: 7.68063e-01 Validation accuracy: 7.61667e-01 Loss 1.00249e-02 Time taken: 2.41 seconds 
Epoch: 87/200 Train accuracy: 7.68420e-01 Validation accuracy: 7.60000e-01 Loss 1.00231e-02 Time taken: 2.41 seconds 
Epoch: 88/200 Train accuracy: 7.69560e-01 Validation accuracy: 7.64667e-01 Loss 1.00209e-02 Time taken: 2.17 seconds 
Epoch: 89/200 Train accuracy: 7.69275e-01 Validation accuracy: 7.64667e-01 Loss 1.00145e-02 Time taken: 2.17 seconds 
Epoch: 90/200 Train accuracy: 7.73336e-01 Validation accuracy: 7.63667e-01 Loss 1.00076e-02 Time taken: 2.15 seconds 
Epoch: 91/200 Train accuracy: 7.68420e-01 Validation accuracy: 7.62000e-01 Loss 1.00283e-02 Time taken: 2.14 seconds 
Epoch: 92/200 Train accuracy: 7.71270e-01 Validation accuracy: 7.57333e-01 Loss 1.00082e-02 Time taken: 2.29 seconds 
Epoch: 93/200 Train accuracy: 7.66852e-01 Validation accuracy: 7.68000e-01 Loss 1.00266e-02 Time taken: 1.65 seconds 
Epoch: 94/200 Train accuracy: 7.68562e-01 Validation accuracy: 7.63667e-01 Loss 1.00150e-02 Time taken: 1.76 seconds 
Epoch: 95/200 Train accuracy: 7.72267e-01 Validation accuracy: 7.67000e-01 Loss 9.99487e-03 Time taken: 1.60 seconds 
Epoch: 96/200 Train accuracy: 7.75688e-01 Validation accuracy: 7.65333e-01 Loss 9.99621e-03 Time taken: 1.61 seconds 
Epoch: 97/200 Train accuracy: 7.72410e-01 Validation accuracy: 7.67333e-01 Loss 1.00049e-02 Time taken: 1.60 seconds 
Epoch: 98/200 Train accuracy: 7.70415e-01 Validation accuracy: 7.60667e-01 Loss 1.00182e-02 Time taken: 1.60 seconds 
Epoch: 99/200 Train accuracy: 7.69916e-01 Validation accuracy: 7.67000e-01 Loss 1.00117e-02 Time taken: 1.59 seconds 
Epoch: 100/200 Train accuracy: 7.73265e-01 Validation accuracy: 7.68000e-01 Loss 9.99901e-03 Time taken: 1.64 seconds 
Epoch: 101/200 Train accuracy: 7.72624e-01 Validation accuracy: 7.64667e-01 Loss 1.00053e-02 Time taken: 1.60 seconds 
Epoch: 102/200 Train accuracy: 7.72766e-01 Validation accuracy: 7.66667e-01 Loss 9.99886e-03 Time taken: 1.64 seconds 
Epoch: 103/200 Train accuracy: 7.74476e-01 Validation accuracy: 7.66000e-01 Loss 9.99945e-03 Time taken: 1.59 seconds 
Epoch: 104/200 Train accuracy: 7.74334e-01 Validation accuracy: 7.67333e-01 Loss 1.00004e-02 Time taken: 1.60 seconds 
Epoch: 105/200 Train accuracy: 7.71911e-01 Validation accuracy: 7.66667e-01 Loss 1.00108e-02 Time taken: 1.63 seconds 
Epoch: 106/200 Train accuracy: 7.70272e-01 Validation accuracy: 7.68000e-01 Loss 1.00075e-02 Time taken: 1.60 seconds 
Epoch: 107/200 Train accuracy: 7.74191e-01 Validation accuracy: 7.65667e-01 Loss 9.98881e-03 Time taken: 1.61 seconds 
Epoch: 108/200 Train accuracy: 7.71555e-01 Validation accuracy: 7.66667e-01 Loss 1.00054e-02 Time taken: 1.63 seconds 
Epoch: 109/200 Train accuracy: 7.73336e-01 Validation accuracy: 7.62333e-01 Loss 9.99768e-03 Time taken: 1.61 seconds 
Epoch: 110/200 Train accuracy: 7.74476e-01 Validation accuracy: 7.70667e-01 Loss 9.99133e-03 Time taken: 1.62 seconds 
Epoch: 111/200 Train accuracy: 7.69488e-01 Validation accuracy: 7.68000e-01 Loss 1.00033e-02 Time taken: 1.59 seconds 
Epoch: 112/200 Train accuracy: 7.71769e-01 Validation accuracy: 7.66333e-01 Loss 9.99560e-03 Time taken: 1.59 seconds 
Epoch: 113/200 Train accuracy: 7.73407e-01 Validation accuracy: 7.68000e-01 Loss 9.98759e-03 Time taken: 1.60 seconds 
Epoch: 114/200 Train accuracy: 7.73692e-01 Validation accuracy: 7.63333e-01 Loss 9.98401e-03 Time taken: 1.60 seconds 
Epoch: 115/200 Train accuracy: 7.72909e-01 Validation accuracy: 7.67000e-01 Loss 9.99273e-03 Time taken: 1.60 seconds 
Epoch: 116/200 Train accuracy: 7.72552e-01 Validation accuracy: 7.68667e-01 Loss 9.99419e-03 Time taken: 1.63 seconds 
Epoch: 117/200 Train accuracy: 7.72695e-01 Validation accuracy: 7.69667e-01 Loss 9.99891e-03 Time taken: 1.64 seconds 
Epoch: 118/200 Train accuracy: 7.70700e-01 Validation accuracy: 7.67667e-01 Loss 9.99219e-03 Time taken: 1.64 seconds 
Epoch: 119/200 Train accuracy: 7.74975e-01 Validation accuracy: 7.64000e-01 Loss 9.98953e-03 Time taken: 1.64 seconds 
Epoch: 120/200 Train accuracy: 7.74690e-01 Validation accuracy: 7.66000e-01 Loss 9.98827e-03 Time taken: 1.64 seconds 
Epoch: 121/200 Train accuracy: 7.73906e-01 Validation accuracy: 7.65667e-01 Loss 9.99270e-03 Time taken: 1.91 seconds 
Epoch: 122/200 Train accuracy: 7.72196e-01 Validation accuracy: 7.69667e-01 Loss 9.98898e-03 Time taken: 1.62 seconds 
Epoch: 123/200 Train accuracy: 7.73550e-01 Validation accuracy: 7.68667e-01 Loss 9.98648e-03 Time taken: 1.71 seconds 
Epoch: 124/200 Train accuracy: 7.71911e-01 Validation accuracy: 7.67333e-01 Loss 9.98924e-03 Time taken: 1.75 seconds 
Epoch: 125/200 Train accuracy: 7.74619e-01 Validation accuracy: 7.69333e-01 Loss 9.97823e-03 Time taken: 1.67 seconds 
Epoch: 126/200 Train accuracy: 7.74049e-01 Validation accuracy: 7.69000e-01 Loss 9.98147e-03 Time taken: 1.65 seconds 
Epoch: 127/200 Train accuracy: 7.75260e-01 Validation accuracy: 7.68333e-01 Loss 9.98514e-03 Time taken: 1.64 seconds 
Epoch: 128/200 Train accuracy: 7.71769e-01 Validation accuracy: 7.68000e-01 Loss 9.98636e-03 Time taken: 1.65 seconds 
Epoch: 129/200 Train accuracy: 7.74405e-01 Validation accuracy: 7.71333e-01 Loss 9.98159e-03 Time taken: 1.65 seconds 
Epoch: 130/200 Train accuracy: 7.75046e-01 Validation accuracy: 7.68667e-01 Loss 9.98392e-03 Time taken: 1.61 seconds 
Epoch: 131/200 Train accuracy: 7.73835e-01 Validation accuracy: 7.68333e-01 Loss 9.98793e-03 Time taken: 1.68 seconds 
Epoch: 132/200 Train accuracy: 7.74619e-01 Validation accuracy: 7.71333e-01 Loss 9.97803e-03 Time taken: 1.69 seconds 
Epoch: 133/200 Train accuracy: 7.75759e-01 Validation accuracy: 7.74000e-01 Loss 9.98038e-03 Time taken: 2.01 seconds 
Epoch: 134/200 Train accuracy: 7.74833e-01 Validation accuracy: 7.65333e-01 Loss 9.97063e-03 Time taken: 2.23 seconds 
Epoch: 135/200 Train accuracy: 7.73550e-01 Validation accuracy: 7.68333e-01 Loss 9.98055e-03 Time taken: 2.22 seconds 
Epoch: 136/200 Train accuracy: 7.74690e-01 Validation accuracy: 7.68333e-01 Loss 9.97808e-03 Time taken: 2.31 seconds 
Epoch: 137/200 Train accuracy: 7.72552e-01 Validation accuracy: 7.74000e-01 Loss 9.98382e-03 Time taken: 2.32 seconds 
Epoch: 138/200 Train accuracy: 7.72909e-01 Validation accuracy: 7.72667e-01 Loss 9.98701e-03 Time taken: 2.17 seconds 
Epoch: 139/200 Train accuracy: 7.77113e-01 Validation accuracy: 7.72000e-01 Loss 9.96687e-03 Time taken: 2.23 seconds 
Epoch: 140/200 Train accuracy: 7.74761e-01 Validation accuracy: 7.71333e-01 Loss 9.98029e-03 Time taken: 2.04 seconds 
Epoch: 141/200 Train accuracy: 7.75046e-01 Validation accuracy: 7.71000e-01 Loss 9.97595e-03 Time taken: 2.02 seconds 
Epoch: 142/200 Train accuracy: 7.72267e-01 Validation accuracy: 7.66667e-01 Loss 9.99117e-03 Time taken: 2.23 seconds 
Epoch: 143/200 Train accuracy: 7.72909e-01 Validation accuracy: 7.67333e-01 Loss 9.98543e-03 Time taken: 2.06 seconds 
Epoch: 144/200 Train accuracy: 7.75046e-01 Validation accuracy: 7.70333e-01 Loss 9.98059e-03 Time taken: 2.26 seconds 
Epoch: 145/200 Train accuracy: 7.73336e-01 Validation accuracy: 7.69333e-01 Loss 9.97683e-03 Time taken: 2.20 seconds 
Epoch: 146/200 Train accuracy: 7.75545e-01 Validation accuracy: 7.71000e-01 Loss 9.97106e-03 Time taken: 2.30 seconds 
Epoch: 147/200 Train accuracy: 7.73692e-01 Validation accuracy: 7.68000e-01 Loss 9.97882e-03 Time taken: 2.29 seconds 
Epoch: 148/200 Train accuracy: 7.74049e-01 Validation accuracy: 7.68000e-01 Loss 9.98201e-03 Time taken: 2.18 seconds 
Epoch: 149/200 Train accuracy: 7.77612e-01 Validation accuracy: 7.69000e-01 Loss 9.95862e-03 Time taken: 2.18 seconds 
Epoch: 150/200 Train accuracy: 7.72410e-01 Validation accuracy: 7.72667e-01 Loss 9.98589e-03 Time taken: 2.23 seconds 
Epoch: 151/200 Train accuracy: 7.76543e-01 Validation accuracy: 7.71333e-01 Loss 9.97214e-03 Time taken: 2.37 seconds 
Epoch: 152/200 Train accuracy: 7.74405e-01 Validation accuracy: 7.69333e-01 Loss 9.97523e-03 Time taken: 2.13 seconds 
Epoch: 153/200 Train accuracy: 7.73764e-01 Validation accuracy: 7.70000e-01 Loss 9.98239e-03 Time taken: 2.06 seconds 
Epoch: 154/200 Train accuracy: 7.76258e-01 Validation accuracy: 7.67000e-01 Loss 9.96297e-03 Time taken: 2.17 seconds 
Epoch: 155/200 Train accuracy: 7.75759e-01 Validation accuracy: 7.69000e-01 Loss 9.97421e-03 Time taken: 2.28 seconds 
Epoch: 156/200 Train accuracy: 7.75973e-01 Validation accuracy: 7.71667e-01 Loss 9.96263e-03 Time taken: 2.18 seconds 
Epoch: 157/200 Train accuracy: 7.76970e-01 Validation accuracy: 7.69000e-01 Loss 9.96857e-03 Time taken: 2.21 seconds 
Epoch: 158/200 Train accuracy: 7.73764e-01 Validation accuracy: 7.72333e-01 Loss 9.98203e-03 Time taken: 2.31 seconds 
Epoch: 159/200 Train accuracy: 7.75688e-01 Validation accuracy: 7.66667e-01 Loss 9.96446e-03 Time taken: 2.38 seconds 
Epoch: 160/200 Train accuracy: 7.73336e-01 Validation accuracy: 7.69333e-01 Loss 9.98021e-03 Time taken: 2.39 seconds 
Epoch: 161/200 Train accuracy: 7.74191e-01 Validation accuracy: 7.75333e-01 Loss 9.96895e-03 Time taken: 2.36 seconds 
Epoch: 162/200 Train accuracy: 7.75474e-01 Validation accuracy: 7.73000e-01 Loss 9.96535e-03 Time taken: 2.07 seconds 
Epoch: 163/200 Train accuracy: 7.79179e-01 Validation accuracy: 7.70333e-01 Loss 9.95502e-03 Time taken: 2.24 seconds 
Epoch: 164/200 Train accuracy: 7.75260e-01 Validation accuracy: 7.68667e-01 Loss 9.96868e-03 Time taken: 2.35 seconds 
Epoch: 165/200 Train accuracy: 7.76614e-01 Validation accuracy: 7.72000e-01 Loss 9.96368e-03 Time taken: 2.13 seconds 
Epoch: 166/200 Train accuracy: 7.76044e-01 Validation accuracy: 7.71000e-01 Loss 9.97247e-03 Time taken: 2.10 seconds 
Epoch: 167/200 Train accuracy: 7.74619e-01 Validation accuracy: 7.68667e-01 Loss 9.97287e-03 Time taken: 2.32 seconds 
Epoch: 168/200 Train accuracy: 7.74975e-01 Validation accuracy: 7.73333e-01 Loss 9.97096e-03 Time taken: 2.11 seconds 
Epoch: 169/200 Train accuracy: 7.76899e-01 Validation accuracy: 7.68333e-01 Loss 9.96433e-03 Time taken: 2.28 seconds 
Epoch: 170/200 Train accuracy: 7.79393e-01 Validation accuracy: 7.73333e-01 Loss 9.96334e-03 Time taken: 2.09 seconds 
Epoch: 171/200 Train accuracy: 7.77469e-01 Validation accuracy: 7.68667e-01 Loss 9.95632e-03 Time taken: 2.11 seconds 
Epoch: 172/200 Train accuracy: 7.77398e-01 Validation accuracy: 7.70000e-01 Loss 9.95624e-03 Time taken: 2.28 seconds 
Epoch: 173/200 Train accuracy: 7.75403e-01 Validation accuracy: 7.68333e-01 Loss 9.95876e-03 Time taken: 2.07 seconds 
Epoch: 174/200 Train accuracy: 7.75118e-01 Validation accuracy: 7.70000e-01 Loss 9.96145e-03 Time taken: 2.23 seconds 
Epoch: 175/200 Train accuracy: 7.76471e-01 Validation accuracy: 7.69000e-01 Loss 9.96109e-03 Time taken: 2.06 seconds 
Epoch: 176/200 Train accuracy: 7.76899e-01 Validation accuracy: 7.71667e-01 Loss 9.95987e-03 Time taken: 2.08 seconds 
Epoch: 177/200 Train accuracy: 7.77612e-01 Validation accuracy: 7.72333e-01 Loss 9.95370e-03 Time taken: 2.08 seconds 
Epoch: 178/200 Train accuracy: 7.74405e-01 Validation accuracy: 7.73000e-01 Loss 9.97453e-03 Time taken: 2.11 seconds 
Epoch: 179/200 Train accuracy: 7.76543e-01 Validation accuracy: 7.70667e-01 Loss 9.95311e-03 Time taken: 2.16 seconds 
Epoch: 180/200 Train accuracy: 7.81673e-01 Validation accuracy: 7.76000e-01 Loss 9.93810e-03 Time taken: 2.26 seconds 
Epoch: 181/200 Train accuracy: 7.77255e-01 Validation accuracy: 7.70667e-01 Loss 9.95175e-03 Time taken: 2.15 seconds 
Epoch: 182/200 Train accuracy: 7.77612e-01 Validation accuracy: 7.74333e-01 Loss 9.95835e-03 Time taken: 2.08 seconds 
Epoch: 183/200 Train accuracy: 7.75901e-01 Validation accuracy: 7.69333e-01 Loss 9.96016e-03 Time taken: 2.09 seconds 
Epoch: 184/200 Train accuracy: 7.76258e-01 Validation accuracy: 7.71667e-01 Loss 9.96825e-03 Time taken: 2.26 seconds 
Epoch: 185/200 Train accuracy: 7.75474e-01 Validation accuracy: 7.71333e-01 Loss 9.96556e-03 Time taken: 2.13 seconds 
Epoch: 186/200 Train accuracy: 7.72624e-01 Validation accuracy: 7.72667e-01 Loss 9.96862e-03 Time taken: 2.21 seconds 
Epoch: 187/200 Train accuracy: 7.76756e-01 Validation accuracy: 7.76333e-01 Loss 9.96639e-03 Time taken: 2.08 seconds 
Epoch: 188/200 Train accuracy: 7.79535e-01 Validation accuracy: 7.73000e-01 Loss 9.95704e-03 Time taken: 2.00 seconds 
Epoch: 189/200 Train accuracy: 7.74833e-01 Validation accuracy: 7.65667e-01 Loss 9.95923e-03 Time taken: 2.24 seconds 
Epoch: 190/200 Train accuracy: 7.77825e-01 Validation accuracy: 7.75000e-01 Loss 9.94932e-03 Time taken: 2.29 seconds 
Epoch: 191/200 Train accuracy: 7.78324e-01 Validation accuracy: 7.67000e-01 Loss 9.94518e-03 Time taken: 2.20 seconds 
Epoch: 192/200 Train accuracy: 7.74690e-01 Validation accuracy: 7.74333e-01 Loss 9.96584e-03 Time taken: 2.33 seconds 
Epoch: 193/200 Train accuracy: 7.78110e-01 Validation accuracy: 7.71667e-01 Loss 9.95192e-03 Time taken: 2.11 seconds 
Epoch: 194/200 Train accuracy: 7.73906e-01 Validation accuracy: 7.72667e-01 Loss 9.96792e-03 Time taken: 2.18 seconds 
Epoch: 195/200 Train accuracy: 7.75118e-01 Validation accuracy: 7.74000e-01 Loss 9.96437e-03 Time taken: 2.11 seconds 
Epoch: 196/200 Train accuracy: 7.77398e-01 Validation accuracy: 7.73667e-01 Loss 9.95705e-03 Time taken: 2.28 seconds 
Epoch: 197/200 Train accuracy: 7.75403e-01 Validation accuracy: 7.73333e-01 Loss 9.96404e-03 Time taken: 2.24 seconds 
Epoch: 198/200 Train accuracy: 7.74548e-01 Validation accuracy: 7.74333e-01 Loss 9.95993e-03 Time taken: 2.23 seconds 
Epoch: 199/200 Train accuracy: 7.77540e-01 Validation accuracy: 7.71667e-01 Loss 9.94647e-03 Time taken: 2.18 seconds 
Epoch: 200/200 Train accuracy: 7.75901e-01 Validation accuracy: 7.68000e-01 Loss 9.95813e-03 Time taken: 2.19 seconds 
Total time taken 0:06:59.710093
Cleaning up intermediate feature (.pt) files
Done


working on file logs_PKT_full/iic-train-L2-seed43/jepa-iic-L2-seed43-ep500.pth.tar ...
