Directory classifiers/jepa-iic-L2-seed43-classifier-pretrained-vitb-normalized-ep100 for saving the classifiers is now present
VisionTransformer(
  (patch_embed): PatchEmbed(
    (proj): Conv2d(3, 768, kernel_size=(15, 15), stride=(15, 15))
  )
  (blocks): ModuleList(
    (0-11): 12 x Block(
      (norm1): LayerNorm((768,), eps=1e-06, elementwise_affine=True)
      (attn): Attention(
        (qkv): Linear(in_features=768, out_features=2304, bias=True)
        (attn_drop): Dropout(p=0.0, inplace=False)
        (proj): Linear(in_features=768, out_features=768, bias=True)
        (proj_drop): Dropout(p=0.0, inplace=False)
      )
      (drop_path): Identity()
      (norm2): LayerNorm((768,), eps=1e-06, elementwise_affine=True)
      (mlp): MLP(
        (fc1): Linear(in_features=768, out_features=3072, bias=True)
        (act): GELU(approximate='none')
        (fc2): Linear(in_features=3072, out_features=768, bias=True)
        (drop): Dropout(p=0.0, inplace=False)
      )
    )
  )
  (norm): LayerNorm((768,), eps=1e-06, elementwise_affine=True)
)
Extracting features and saving them locally..
Epoch: 1/200 Train accuracy: 3.86347e-01 Validation accuracy: 5.03333e-01 Loss 1.30480e-02 Time taken: 2.23 seconds 
Epoch: 2/200 Train accuracy: 5.04917e-01 Validation accuracy: 5.24000e-01 Loss 1.22075e-02 Time taken: 2.25 seconds 
Epoch: 3/200 Train accuracy: 5.33561e-01 Validation accuracy: 5.58333e-01 Loss 1.19574e-02 Time taken: 2.16 seconds 
Epoch: 4/200 Train accuracy: 5.55152e-01 Validation accuracy: 5.70667e-01 Loss 1.17857e-02 Time taken: 2.21 seconds 
Epoch: 5/200 Train accuracy: 5.89141e-01 Validation accuracy: 5.94333e-01 Loss 1.15677e-02 Time taken: 2.29 seconds 
Epoch: 6/200 Train accuracy: 5.97620e-01 Validation accuracy: 6.16667e-01 Loss 1.14807e-02 Time taken: 2.26 seconds 
Epoch: 7/200 Train accuracy: 6.05672e-01 Validation accuracy: 6.23333e-01 Loss 1.13878e-02 Time taken: 2.19 seconds 
Epoch: 8/200 Train accuracy: 6.14151e-01 Validation accuracy: 6.19667e-01 Loss 1.13281e-02 Time taken: 2.16 seconds 
Epoch: 9/200 Train accuracy: 6.16645e-01 Validation accuracy: 6.20667e-01 Loss 1.12942e-02 Time taken: 2.18 seconds 
Epoch: 10/200 Train accuracy: 6.23985e-01 Validation accuracy: 6.31000e-01 Loss 1.12401e-02 Time taken: 2.14 seconds 
Epoch: 11/200 Train accuracy: 6.27476e-01 Validation accuracy: 6.36667e-01 Loss 1.12125e-02 Time taken: 2.14 seconds 
Epoch: 12/200 Train accuracy: 6.31395e-01 Validation accuracy: 6.37333e-01 Loss 1.11771e-02 Time taken: 2.38 seconds 
Epoch: 13/200 Train accuracy: 6.32250e-01 Validation accuracy: 6.39333e-01 Loss 1.11677e-02 Time taken: 2.33 seconds 
Epoch: 14/200 Train accuracy: 6.33462e-01 Validation accuracy: 6.36000e-01 Loss 1.11528e-02 Time taken: 2.15 seconds 
Epoch: 15/200 Train accuracy: 6.36739e-01 Validation accuracy: 6.38667e-01 Loss 1.11310e-02 Time taken: 2.26 seconds 
Epoch: 16/200 Train accuracy: 6.37666e-01 Validation accuracy: 6.32667e-01 Loss 1.11029e-02 Time taken: 2.24 seconds 
Epoch: 17/200 Train accuracy: 6.38735e-01 Validation accuracy: 6.34333e-01 Loss 1.10949e-02 Time taken: 2.12 seconds 
Epoch: 18/200 Train accuracy: 6.42084e-01 Validation accuracy: 6.46000e-01 Loss 1.10779e-02 Time taken: 2.30 seconds 
Epoch: 19/200 Train accuracy: 6.41300e-01 Validation accuracy: 6.41000e-01 Loss 1.10670e-02 Time taken: 2.11 seconds 
Epoch: 20/200 Train accuracy: 6.45290e-01 Validation accuracy: 6.46000e-01 Loss 1.10497e-02 Time taken: 2.14 seconds 
Epoch: 21/200 Train accuracy: 6.47356e-01 Validation accuracy: 6.49333e-01 Loss 1.10426e-02 Time taken: 2.36 seconds 
Epoch: 22/200 Train accuracy: 6.45147e-01 Validation accuracy: 6.49667e-01 Loss 1.10416e-02 Time taken: 2.36 seconds 
Epoch: 23/200 Train accuracy: 6.43295e-01 Validation accuracy: 6.45333e-01 Loss 1.10298e-02 Time taken: 2.30 seconds 
Epoch: 24/200 Train accuracy: 6.48639e-01 Validation accuracy: 6.43333e-01 Loss 1.10072e-02 Time taken: 2.13 seconds 
Epoch: 25/200 Train accuracy: 6.49779e-01 Validation accuracy: 6.49667e-01 Loss 1.09978e-02 Time taken: 2.17 seconds 
Epoch: 26/200 Train accuracy: 6.48639e-01 Validation accuracy: 6.54000e-01 Loss 1.09873e-02 Time taken: 2.38 seconds 
Epoch: 27/200 Train accuracy: 6.52843e-01 Validation accuracy: 6.42000e-01 Loss 1.09799e-02 Time taken: 2.43 seconds 
Epoch: 28/200 Train accuracy: 6.52202e-01 Validation accuracy: 6.54000e-01 Loss 1.09703e-02 Time taken: 2.44 seconds 
Epoch: 29/200 Train accuracy: 6.55195e-01 Validation accuracy: 6.50333e-01 Loss 1.09700e-02 Time taken: 2.31 seconds 
Epoch: 30/200 Train accuracy: 6.54910e-01 Validation accuracy: 6.55333e-01 Loss 1.09614e-02 Time taken: 2.35 seconds 
Epoch: 31/200 Train accuracy: 6.52059e-01 Validation accuracy: 6.49333e-01 Loss 1.09652e-02 Time taken: 2.14 seconds 
Epoch: 32/200 Train accuracy: 6.54268e-01 Validation accuracy: 6.56333e-01 Loss 1.09467e-02 Time taken: 2.22 seconds 
Epoch: 33/200 Train accuracy: 6.53841e-01 Validation accuracy: 6.55000e-01 Loss 1.09396e-02 Time taken: 2.28 seconds 
Epoch: 34/200 Train accuracy: 6.57546e-01 Validation accuracy: 6.53333e-01 Loss 1.09351e-02 Time taken: 2.18 seconds 
Epoch: 35/200 Train accuracy: 6.56691e-01 Validation accuracy: 6.59333e-01 Loss 1.09312e-02 Time taken: 2.21 seconds 
Epoch: 36/200 Train accuracy: 6.57332e-01 Validation accuracy: 6.55000e-01 Loss 1.09261e-02 Time taken: 2.37 seconds 
Epoch: 37/200 Train accuracy: 6.60467e-01 Validation accuracy: 6.55667e-01 Loss 1.09106e-02 Time taken: 2.32 seconds 
Epoch: 38/200 Train accuracy: 6.60396e-01 Validation accuracy: 6.59333e-01 Loss 1.09097e-02 Time taken: 2.28 seconds 
Epoch: 39/200 Train accuracy: 6.58116e-01 Validation accuracy: 6.61333e-01 Loss 1.08990e-02 Time taken: 2.32 seconds 
Epoch: 40/200 Train accuracy: 6.57688e-01 Validation accuracy: 6.53667e-01 Loss 1.09015e-02 Time taken: 2.32 seconds 
Epoch: 41/200 Train accuracy: 6.60966e-01 Validation accuracy: 6.64333e-01 Loss 1.08976e-02 Time taken: 2.30 seconds 
Epoch: 42/200 Train accuracy: 6.63033e-01 Validation accuracy: 6.63000e-01 Loss 1.08837e-02 Time taken: 2.35 seconds 
Epoch: 43/200 Train accuracy: 6.63674e-01 Validation accuracy: 6.58000e-01 Loss 1.08805e-02 Time taken: 2.19 seconds 
Epoch: 44/200 Train accuracy: 6.61964e-01 Validation accuracy: 6.60000e-01 Loss 1.08853e-02 Time taken: 2.27 seconds 
Epoch: 45/200 Train accuracy: 6.59684e-01 Validation accuracy: 6.58000e-01 Loss 1.08928e-02 Time taken: 2.23 seconds 
Epoch: 46/200 Train accuracy: 6.62676e-01 Validation accuracy: 6.59667e-01 Loss 1.08845e-02 Time taken: 2.20 seconds 
Epoch: 47/200 Train accuracy: 6.65812e-01 Validation accuracy: 6.56667e-01 Loss 1.08613e-02 Time taken: 2.12 seconds 
Epoch: 48/200 Train accuracy: 6.61964e-01 Validation accuracy: 6.57333e-01 Loss 1.08771e-02 Time taken: 2.23 seconds 
Epoch: 49/200 Train accuracy: 6.65099e-01 Validation accuracy: 6.69000e-01 Loss 1.08578e-02 Time taken: 2.30 seconds 
Epoch: 50/200 Train accuracy: 6.65740e-01 Validation accuracy: 6.58000e-01 Loss 1.08567e-02 Time taken: 2.23 seconds 
Epoch: 51/200 Train accuracy: 6.65954e-01 Validation accuracy: 6.67333e-01 Loss 1.08533e-02 Time taken: 2.19 seconds 
Epoch: 52/200 Train accuracy: 6.68234e-01 Validation accuracy: 6.66333e-01 Loss 1.08442e-02 Time taken: 2.12 seconds 
Epoch: 53/200 Train accuracy: 6.65812e-01 Validation accuracy: 6.59333e-01 Loss 1.08402e-02 Time taken: 2.41 seconds 
Epoch: 54/200 Train accuracy: 6.64957e-01 Validation accuracy: 6.56000e-01 Loss 1.08490e-02 Time taken: 2.21 seconds 
Epoch: 55/200 Train accuracy: 6.67735e-01 Validation accuracy: 6.64000e-01 Loss 1.08387e-02 Time taken: 2.25 seconds 
Epoch: 56/200 Train accuracy: 6.67379e-01 Validation accuracy: 6.67000e-01 Loss 1.08368e-02 Time taken: 2.30 seconds 
Epoch: 57/200 Train accuracy: 6.67308e-01 Validation accuracy: 6.62333e-01 Loss 1.08364e-02 Time taken: 2.13 seconds 
Epoch: 58/200 Train accuracy: 6.70799e-01 Validation accuracy: 6.62000e-01 Loss 1.08335e-02 Time taken: 2.25 seconds 
Epoch: 59/200 Train accuracy: 6.67379e-01 Validation accuracy: 6.67000e-01 Loss 1.08376e-02 Time taken: 2.28 seconds 
Epoch: 60/200 Train accuracy: 6.68234e-01 Validation accuracy: 6.63333e-01 Loss 1.08250e-02 Time taken: 2.11 seconds 
Epoch: 61/200 Train accuracy: 6.69588e-01 Validation accuracy: 6.56333e-01 Loss 1.08246e-02 Time taken: 2.13 seconds 
Epoch: 62/200 Train accuracy: 6.64743e-01 Validation accuracy: 6.66000e-01 Loss 1.08305e-02 Time taken: 2.15 seconds 
Epoch: 63/200 Train accuracy: 6.70016e-01 Validation accuracy: 6.66333e-01 Loss 1.08138e-02 Time taken: 2.35 seconds 
Epoch: 64/200 Train accuracy: 6.68519e-01 Validation accuracy: 6.65333e-01 Loss 1.08179e-02 Time taken: 2.37 seconds 
Epoch: 65/200 Train accuracy: 6.64244e-01 Validation accuracy: 6.66333e-01 Loss 1.08360e-02 Time taken: 2.37 seconds 
Epoch: 66/200 Train accuracy: 6.70871e-01 Validation accuracy: 6.69333e-01 Loss 1.08086e-02 Time taken: 2.16 seconds 
Epoch: 67/200 Train accuracy: 6.69944e-01 Validation accuracy: 6.61333e-01 Loss 1.08112e-02 Time taken: 2.20 seconds 
Epoch: 68/200 Train accuracy: 6.71868e-01 Validation accuracy: 6.71000e-01 Loss 1.08054e-02 Time taken: 2.18 seconds 
Epoch: 69/200 Train accuracy: 6.69374e-01 Validation accuracy: 6.70000e-01 Loss 1.08146e-02 Time taken: 2.50 seconds 
Epoch: 70/200 Train accuracy: 6.67237e-01 Validation accuracy: 6.62333e-01 Loss 1.08138e-02 Time taken: 2.15 seconds 
Epoch: 71/200 Train accuracy: 6.70016e-01 Validation accuracy: 6.62667e-01 Loss 1.08086e-02 Time taken: 2.41 seconds 
Epoch: 72/200 Train accuracy: 6.74505e-01 Validation accuracy: 6.69000e-01 Loss 1.07942e-02 Time taken: 2.24 seconds 
Epoch: 73/200 Train accuracy: 6.70158e-01 Validation accuracy: 6.70000e-01 Loss 1.08038e-02 Time taken: 2.33 seconds 
Epoch: 74/200 Train accuracy: 6.68662e-01 Validation accuracy: 6.67667e-01 Loss 1.08100e-02 Time taken: 2.22 seconds 
Epoch: 75/200 Train accuracy: 6.67878e-01 Validation accuracy: 6.68667e-01 Loss 1.07997e-02 Time taken: 2.29 seconds 
Epoch: 76/200 Train accuracy: 6.74362e-01 Validation accuracy: 6.70667e-01 Loss 1.07910e-02 Time taken: 2.22 seconds 
Epoch: 77/200 Train accuracy: 6.74790e-01 Validation accuracy: 6.67000e-01 Loss 1.07767e-02 Time taken: 2.09 seconds 
Epoch: 78/200 Train accuracy: 6.69873e-01 Validation accuracy: 6.65000e-01 Loss 1.07932e-02 Time taken: 2.11 seconds 
Epoch: 79/200 Train accuracy: 6.73578e-01 Validation accuracy: 6.68000e-01 Loss 1.07888e-02 Time taken: 2.25 seconds 
Epoch: 80/200 Train accuracy: 6.72795e-01 Validation accuracy: 6.72667e-01 Loss 1.07837e-02 Time taken: 2.22 seconds 
Epoch: 81/200 Train accuracy: 6.69374e-01 Validation accuracy: 6.67333e-01 Loss 1.07950e-02 Time taken: 2.31 seconds 
Epoch: 82/200 Train accuracy: 6.71370e-01 Validation accuracy: 6.67667e-01 Loss 1.07862e-02 Time taken: 2.16 seconds 
Epoch: 83/200 Train accuracy: 6.72153e-01 Validation accuracy: 6.68667e-01 Loss 1.07807e-02 Time taken: 2.09 seconds 
Epoch: 84/200 Train accuracy: 6.76642e-01 Validation accuracy: 6.71667e-01 Loss 1.07760e-02 Time taken: 2.09 seconds 
Epoch: 85/200 Train accuracy: 6.71227e-01 Validation accuracy: 6.68333e-01 Loss 1.07904e-02 Time taken: 2.08 seconds 
Epoch: 86/200 Train accuracy: 6.72296e-01 Validation accuracy: 6.63667e-01 Loss 1.07749e-02 Time taken: 2.26 seconds 
Epoch: 87/200 Train accuracy: 6.73222e-01 Validation accuracy: 6.67667e-01 Loss 1.07878e-02 Time taken: 2.24 seconds 
Epoch: 88/200 Train accuracy: 6.72581e-01 Validation accuracy: 6.67667e-01 Loss 1.07892e-02 Time taken: 1.99 seconds 
Epoch: 89/200 Train accuracy: 6.71370e-01 Validation accuracy: 6.66000e-01 Loss 1.07716e-02 Time taken: 2.17 seconds 
Epoch: 90/200 Train accuracy: 6.74790e-01 Validation accuracy: 6.69667e-01 Loss 1.07782e-02 Time taken: 2.22 seconds 
Epoch: 91/200 Train accuracy: 6.73365e-01 Validation accuracy: 6.72000e-01 Loss 1.07751e-02 Time taken: 2.21 seconds 
Epoch: 92/200 Train accuracy: 6.75146e-01 Validation accuracy: 6.65667e-01 Loss 1.07704e-02 Time taken: 2.17 seconds 
Epoch: 93/200 Train accuracy: 6.72367e-01 Validation accuracy: 6.67333e-01 Loss 1.07784e-02 Time taken: 2.06 seconds 
Epoch: 94/200 Train accuracy: 6.73222e-01 Validation accuracy: 6.69667e-01 Loss 1.07762e-02 Time taken: 2.31 seconds 
Epoch: 95/200 Train accuracy: 6.76001e-01 Validation accuracy: 6.68333e-01 Loss 1.07644e-02 Time taken: 2.31 seconds 
Epoch: 96/200 Train accuracy: 6.75146e-01 Validation accuracy: 6.74333e-01 Loss 1.07646e-02 Time taken: 2.31 seconds 
Epoch: 97/200 Train accuracy: 6.73578e-01 Validation accuracy: 6.73000e-01 Loss 1.07680e-02 Time taken: 2.32 seconds 
Epoch: 98/200 Train accuracy: 6.76429e-01 Validation accuracy: 6.71000e-01 Loss 1.07662e-02 Time taken: 1.66 seconds 
Epoch: 99/200 Train accuracy: 6.76500e-01 Validation accuracy: 6.72000e-01 Loss 1.07615e-02 Time taken: 1.61 seconds 
Epoch: 100/200 Train accuracy: 6.75574e-01 Validation accuracy: 6.70000e-01 Loss 1.07659e-02 Time taken: 1.56 seconds 
Epoch: 101/200 Train accuracy: 6.78139e-01 Validation accuracy: 6.72333e-01 Loss 1.07495e-02 Time taken: 1.57 seconds 
Epoch: 102/200 Train accuracy: 6.76215e-01 Validation accuracy: 6.72667e-01 Loss 1.07668e-02 Time taken: 1.57 seconds 
Epoch: 103/200 Train accuracy: 6.75289e-01 Validation accuracy: 6.70667e-01 Loss 1.07642e-02 Time taken: 1.57 seconds 
Epoch: 104/200 Train accuracy: 6.74647e-01 Validation accuracy: 6.72667e-01 Loss 1.07579e-02 Time taken: 1.56 seconds 
Epoch: 105/200 Train accuracy: 6.77783e-01 Validation accuracy: 6.71667e-01 Loss 1.07528e-02 Time taken: 1.58 seconds 
Epoch: 106/200 Train accuracy: 6.74719e-01 Validation accuracy: 6.70333e-01 Loss 1.07641e-02 Time taken: 1.65 seconds 
Epoch: 107/200 Train accuracy: 6.75716e-01 Validation accuracy: 6.71000e-01 Loss 1.07560e-02 Time taken: 1.63 seconds 
Epoch: 108/200 Train accuracy: 6.77141e-01 Validation accuracy: 6.69333e-01 Loss 1.07433e-02 Time taken: 1.66 seconds 
Epoch: 109/200 Train accuracy: 6.76286e-01 Validation accuracy: 6.69000e-01 Loss 1.07569e-02 Time taken: 1.59 seconds 
Epoch: 110/200 Train accuracy: 6.76856e-01 Validation accuracy: 6.72667e-01 Loss 1.07478e-02 Time taken: 1.58 seconds 
Epoch: 111/200 Train accuracy: 6.78281e-01 Validation accuracy: 6.72333e-01 Loss 1.07487e-02 Time taken: 1.63 seconds 
Epoch: 112/200 Train accuracy: 6.77355e-01 Validation accuracy: 6.68333e-01 Loss 1.07585e-02 Time taken: 1.61 seconds 
Epoch: 113/200 Train accuracy: 6.74932e-01 Validation accuracy: 6.66667e-01 Loss 1.07514e-02 Time taken: 1.61 seconds 
Epoch: 114/200 Train accuracy: 6.79778e-01 Validation accuracy: 6.70667e-01 Loss 1.07411e-02 Time taken: 1.61 seconds 
Epoch: 115/200 Train accuracy: 6.74861e-01 Validation accuracy: 6.70667e-01 Loss 1.07520e-02 Time taken: 1.61 seconds 
Epoch: 116/200 Train accuracy: 6.75360e-01 Validation accuracy: 6.71000e-01 Loss 1.07478e-02 Time taken: 1.61 seconds 
Epoch: 117/200 Train accuracy: 6.78495e-01 Validation accuracy: 6.76333e-01 Loss 1.07466e-02 Time taken: 1.61 seconds 
Epoch: 118/200 Train accuracy: 6.77284e-01 Validation accuracy: 6.72333e-01 Loss 1.07465e-02 Time taken: 1.61 seconds 
Epoch: 119/200 Train accuracy: 6.79635e-01 Validation accuracy: 6.69667e-01 Loss 1.07349e-02 Time taken: 1.64 seconds 
Epoch: 120/200 Train accuracy: 6.76286e-01 Validation accuracy: 6.75333e-01 Loss 1.07415e-02 Time taken: 1.61 seconds 
Epoch: 121/200 Train accuracy: 6.75289e-01 Validation accuracy: 6.78667e-01 Loss 1.07458e-02 Time taken: 1.61 seconds 
Epoch: 122/200 Train accuracy: 6.75217e-01 Validation accuracy: 6.76333e-01 Loss 1.07453e-02 Time taken: 1.61 seconds 
Epoch: 123/200 Train accuracy: 6.77498e-01 Validation accuracy: 6.69000e-01 Loss 1.07331e-02 Time taken: 1.62 seconds 
Epoch: 124/200 Train accuracy: 6.77212e-01 Validation accuracy: 6.73333e-01 Loss 1.07392e-02 Time taken: 1.64 seconds 
Epoch: 125/200 Train accuracy: 6.77925e-01 Validation accuracy: 6.72667e-01 Loss 1.07392e-02 Time taken: 1.61 seconds 
Epoch: 126/200 Train accuracy: 6.78139e-01 Validation accuracy: 6.75667e-01 Loss 1.07302e-02 Time taken: 1.61 seconds 
Epoch: 127/200 Train accuracy: 6.77711e-01 Validation accuracy: 6.71333e-01 Loss 1.07327e-02 Time taken: 1.61 seconds 
Epoch: 128/200 Train accuracy: 6.71227e-01 Validation accuracy: 6.72667e-01 Loss 1.07617e-02 Time taken: 1.60 seconds 
Epoch: 129/200 Train accuracy: 6.78353e-01 Validation accuracy: 6.74000e-01 Loss 1.07252e-02 Time taken: 1.59 seconds 
Epoch: 130/200 Train accuracy: 6.81060e-01 Validation accuracy: 6.67667e-01 Loss 1.07324e-02 Time taken: 1.66 seconds 
Epoch: 131/200 Train accuracy: 6.79991e-01 Validation accuracy: 6.79333e-01 Loss 1.07304e-02 Time taken: 1.60 seconds 
Epoch: 132/200 Train accuracy: 6.79279e-01 Validation accuracy: 6.76333e-01 Loss 1.07468e-02 Time taken: 1.99 seconds 
Epoch: 133/200 Train accuracy: 6.79635e-01 Validation accuracy: 6.71333e-01 Loss 1.07258e-02 Time taken: 1.63 seconds 
Epoch: 134/200 Train accuracy: 6.78281e-01 Validation accuracy: 6.76667e-01 Loss 1.07371e-02 Time taken: 1.71 seconds 
Epoch: 135/200 Train accuracy: 6.77355e-01 Validation accuracy: 6.77333e-01 Loss 1.07340e-02 Time taken: 1.63 seconds 
Epoch: 136/200 Train accuracy: 6.75930e-01 Validation accuracy: 6.71667e-01 Loss 1.07381e-02 Time taken: 1.59 seconds 
Epoch: 137/200 Train accuracy: 6.80847e-01 Validation accuracy: 6.69000e-01 Loss 1.07179e-02 Time taken: 1.60 seconds 
Epoch: 138/200 Train accuracy: 6.77141e-01 Validation accuracy: 6.73667e-01 Loss 1.07292e-02 Time taken: 1.65 seconds 
Epoch: 139/200 Train accuracy: 6.77640e-01 Validation accuracy: 6.76000e-01 Loss 1.07318e-02 Time taken: 1.66 seconds 
Epoch: 140/200 Train accuracy: 6.79849e-01 Validation accuracy: 6.73333e-01 Loss 1.07273e-02 Time taken: 1.70 seconds 
Epoch: 141/200 Train accuracy: 6.79564e-01 Validation accuracy: 6.72000e-01 Loss 1.07147e-02 Time taken: 1.75 seconds 
Epoch: 142/200 Train accuracy: 6.77854e-01 Validation accuracy: 6.76333e-01 Loss 1.07301e-02 Time taken: 1.75 seconds 
Epoch: 143/200 Train accuracy: 6.78994e-01 Validation accuracy: 6.74000e-01 Loss 1.07220e-02 Time taken: 2.29 seconds 
Epoch: 144/200 Train accuracy: 6.80419e-01 Validation accuracy: 6.76333e-01 Loss 1.07173e-02 Time taken: 2.29 seconds 
Epoch: 145/200 Train accuracy: 6.75217e-01 Validation accuracy: 6.64667e-01 Loss 1.07307e-02 Time taken: 2.32 seconds 
Epoch: 146/200 Train accuracy: 6.78495e-01 Validation accuracy: 6.73333e-01 Loss 1.07361e-02 Time taken: 2.32 seconds 
Epoch: 147/200 Train accuracy: 6.78709e-01 Validation accuracy: 6.75000e-01 Loss 1.07204e-02 Time taken: 2.18 seconds 
Epoch: 148/200 Train accuracy: 6.77711e-01 Validation accuracy: 6.73000e-01 Loss 1.07288e-02 Time taken: 2.32 seconds 
Epoch: 149/200 Train accuracy: 6.79706e-01 Validation accuracy: 6.78333e-01 Loss 1.07178e-02 Time taken: 2.27 seconds 
Epoch: 150/200 Train accuracy: 6.76001e-01 Validation accuracy: 6.73667e-01 Loss 1.07345e-02 Time taken: 2.28 seconds 
Epoch: 151/200 Train accuracy: 6.77426e-01 Validation accuracy: 6.78333e-01 Loss 1.07255e-02 Time taken: 2.31 seconds 
Epoch: 152/200 Train accuracy: 6.80775e-01 Validation accuracy: 6.72333e-01 Loss 1.07212e-02 Time taken: 2.13 seconds 
Epoch: 153/200 Train accuracy: 6.75787e-01 Validation accuracy: 6.74333e-01 Loss 1.07231e-02 Time taken: 2.13 seconds 
Epoch: 154/200 Train accuracy: 6.77141e-01 Validation accuracy: 6.65667e-01 Loss 1.07276e-02 Time taken: 2.17 seconds 
Epoch: 155/200 Train accuracy: 6.76571e-01 Validation accuracy: 6.78667e-01 Loss 1.07356e-02 Time taken: 2.10 seconds 
Epoch: 156/200 Train accuracy: 6.78424e-01 Validation accuracy: 6.78333e-01 Loss 1.07310e-02 Time taken: 2.24 seconds 
Epoch: 157/200 Train accuracy: 6.77498e-01 Validation accuracy: 6.74000e-01 Loss 1.07244e-02 Time taken: 2.29 seconds 
Epoch: 158/200 Train accuracy: 6.78424e-01 Validation accuracy: 6.77667e-01 Loss 1.07253e-02 Time taken: 2.14 seconds 
Epoch: 159/200 Train accuracy: 6.80847e-01 Validation accuracy: 6.77667e-01 Loss 1.07121e-02 Time taken: 2.23 seconds 
Epoch: 160/200 Train accuracy: 6.79279e-01 Validation accuracy: 6.76000e-01 Loss 1.07149e-02 Time taken: 2.16 seconds 
Epoch: 161/200 Train accuracy: 6.78353e-01 Validation accuracy: 6.75667e-01 Loss 1.07332e-02 Time taken: 2.15 seconds 
Epoch: 162/200 Train accuracy: 6.80490e-01 Validation accuracy: 6.75667e-01 Loss 1.07203e-02 Time taken: 2.10 seconds 
Epoch: 163/200 Train accuracy: 6.80134e-01 Validation accuracy: 6.77333e-01 Loss 1.07097e-02 Time taken: 2.28 seconds 
Epoch: 164/200 Train accuracy: 6.81060e-01 Validation accuracy: 6.73667e-01 Loss 1.07075e-02 Time taken: 2.11 seconds 
Epoch: 165/200 Train accuracy: 6.75787e-01 Validation accuracy: 6.72333e-01 Loss 1.07273e-02 Time taken: 2.21 seconds 
Epoch: 166/200 Train accuracy: 6.81060e-01 Validation accuracy: 6.76000e-01 Loss 1.07168e-02 Time taken: 2.00 seconds 
Epoch: 167/200 Train accuracy: 6.76785e-01 Validation accuracy: 6.70667e-01 Loss 1.07194e-02 Time taken: 2.29 seconds 
Epoch: 168/200 Train accuracy: 6.77711e-01 Validation accuracy: 6.78667e-01 Loss 1.07171e-02 Time taken: 2.41 seconds 
Epoch: 169/200 Train accuracy: 6.78994e-01 Validation accuracy: 6.80000e-01 Loss 1.07254e-02 Time taken: 2.31 seconds 
Epoch: 170/200 Train accuracy: 6.81345e-01 Validation accuracy: 6.72333e-01 Loss 1.07086e-02 Time taken: 2.26 seconds 
Epoch: 171/200 Train accuracy: 6.81844e-01 Validation accuracy: 6.73333e-01 Loss 1.06959e-02 Time taken: 1.98 seconds 
Epoch: 172/200 Train accuracy: 6.79635e-01 Validation accuracy: 6.78333e-01 Loss 1.07088e-02 Time taken: 2.01 seconds 
Epoch: 173/200 Train accuracy: 6.81417e-01 Validation accuracy: 6.76333e-01 Loss 1.06992e-02 Time taken: 2.03 seconds 
Epoch: 174/200 Train accuracy: 6.76999e-01 Validation accuracy: 6.74333e-01 Loss 1.07310e-02 Time taken: 2.11 seconds 
Epoch: 175/200 Train accuracy: 6.81345e-01 Validation accuracy: 6.79667e-01 Loss 1.07066e-02 Time taken: 2.35 seconds 
Epoch: 176/200 Train accuracy: 6.78353e-01 Validation accuracy: 6.80333e-01 Loss 1.07138e-02 Time taken: 2.41 seconds 
Epoch: 177/200 Train accuracy: 6.79136e-01 Validation accuracy: 6.75667e-01 Loss 1.07032e-02 Time taken: 2.33 seconds 
Epoch: 178/200 Train accuracy: 6.78281e-01 Validation accuracy: 6.76333e-01 Loss 1.07154e-02 Time taken: 2.21 seconds 
Epoch: 179/200 Train accuracy: 6.79208e-01 Validation accuracy: 6.72000e-01 Loss 1.07088e-02 Time taken: 2.31 seconds 
Epoch: 180/200 Train accuracy: 6.82699e-01 Validation accuracy: 6.76333e-01 Loss 1.07055e-02 Time taken: 2.02 seconds 
Epoch: 181/200 Train accuracy: 6.76999e-01 Validation accuracy: 6.78000e-01 Loss 1.07160e-02 Time taken: 2.28 seconds 
Epoch: 182/200 Train accuracy: 6.81345e-01 Validation accuracy: 6.78333e-01 Loss 1.07100e-02 Time taken: 2.14 seconds 
Epoch: 183/200 Train accuracy: 6.81203e-01 Validation accuracy: 6.72333e-01 Loss 1.07081e-02 Time taken: 2.19 seconds 
Epoch: 184/200 Train accuracy: 6.79849e-01 Validation accuracy: 6.79333e-01 Loss 1.07077e-02 Time taken: 2.16 seconds 
Epoch: 185/200 Train accuracy: 6.81345e-01 Validation accuracy: 6.71667e-01 Loss 1.07033e-02 Time taken: 2.17 seconds 
Epoch: 186/200 Train accuracy: 6.80134e-01 Validation accuracy: 6.80667e-01 Loss 1.07056e-02 Time taken: 2.25 seconds 
Epoch: 187/200 Train accuracy: 6.80704e-01 Validation accuracy: 6.76000e-01 Loss 1.07011e-02 Time taken: 2.15 seconds 
Epoch: 188/200 Train accuracy: 6.78139e-01 Validation accuracy: 6.75667e-01 Loss 1.07078e-02 Time taken: 2.25 seconds 
Epoch: 189/200 Train accuracy: 6.78780e-01 Validation accuracy: 6.79667e-01 Loss 1.07148e-02 Time taken: 2.25 seconds 
Epoch: 190/200 Train accuracy: 6.75787e-01 Validation accuracy: 6.69333e-01 Loss 1.07237e-02 Time taken: 2.21 seconds 
Epoch: 191/200 Train accuracy: 6.81773e-01 Validation accuracy: 6.78333e-01 Loss 1.06981e-02 Time taken: 2.23 seconds 
Epoch: 192/200 Train accuracy: 6.81345e-01 Validation accuracy: 6.75000e-01 Loss 1.06997e-02 Time taken: 2.10 seconds 
Epoch: 193/200 Train accuracy: 6.84694e-01 Validation accuracy: 6.71667e-01 Loss 1.06927e-02 Time taken: 2.38 seconds 
Epoch: 194/200 Train accuracy: 6.81274e-01 Validation accuracy: 6.74000e-01 Loss 1.07008e-02 Time taken: 2.22 seconds 
Epoch: 195/200 Train accuracy: 6.83412e-01 Validation accuracy: 6.80333e-01 Loss 1.06914e-02 Time taken: 2.20 seconds 
Epoch: 196/200 Train accuracy: 6.82129e-01 Validation accuracy: 6.73667e-01 Loss 1.06948e-02 Time taken: 2.37 seconds 
Epoch: 197/200 Train accuracy: 6.77569e-01 Validation accuracy: 6.76667e-01 Loss 1.07176e-02 Time taken: 2.18 seconds 
Epoch: 198/200 Train accuracy: 6.79706e-01 Validation accuracy: 6.73667e-01 Loss 1.07076e-02 Time taken: 2.26 seconds 
Epoch: 199/200 Train accuracy: 6.76429e-01 Validation accuracy: 6.75333e-01 Loss 1.07077e-02 Time taken: 2.13 seconds 
Epoch: 200/200 Train accuracy: 6.84053e-01 Validation accuracy: 6.79000e-01 Loss 1.06826e-02 Time taken: 2.45 seconds 
Total time taken 0:07:00.543620
Cleaning up intermediate feature (.pt) files
Done


working on file logs_PKT_full/iic-train-L2-seed43/jepa-iic-L2-seed43-ep200.pth.tar ...
