Directory classifiers/jepa-iic-L2-seed43-classifier-pretrained-vitb-normalized-ep300 for saving the classifiers is now present
VisionTransformer(
  (patch_embed): PatchEmbed(
    (proj): Conv2d(3, 768, kernel_size=(15, 15), stride=(15, 15))
  )
  (blocks): ModuleList(
    (0-11): 12 x Block(
      (norm1): LayerNorm((768,), eps=1e-06, elementwise_affine=True)
      (attn): Attention(
        (qkv): Linear(in_features=768, out_features=2304, bias=True)
        (attn_drop): Dropout(p=0.0, inplace=False)
        (proj): Linear(in_features=768, out_features=768, bias=True)
        (proj_drop): Dropout(p=0.0, inplace=False)
      )
      (drop_path): Identity()
      (norm2): LayerNorm((768,), eps=1e-06, elementwise_affine=True)
      (mlp): MLP(
        (fc1): Linear(in_features=768, out_features=3072, bias=True)
        (act): GELU(approximate='none')
        (fc2): Linear(in_features=3072, out_features=768, bias=True)
        (drop): Dropout(p=0.0, inplace=False)
      )
    )
  )
  (norm): LayerNorm((768,), eps=1e-06, elementwise_affine=True)
)
Extracting features and saving them locally..
Epoch: 1/200 Train accuracy: 3.88200e-01 Validation accuracy: 5.23667e-01 Loss 1.29529e-02 Time taken: 2.11 seconds 
Epoch: 2/200 Train accuracy: 5.55152e-01 Validation accuracy: 6.35667e-01 Loss 1.18094e-02 Time taken: 2.18 seconds 
Epoch: 3/200 Train accuracy: 6.30754e-01 Validation accuracy: 6.55667e-01 Loss 1.12506e-02 Time taken: 2.25 seconds 
Epoch: 4/200 Train accuracy: 6.50919e-01 Validation accuracy: 6.73000e-01 Loss 1.10592e-02 Time taken: 2.34 seconds 
Epoch: 5/200 Train accuracy: 6.68947e-01 Validation accuracy: 6.81000e-01 Loss 1.09250e-02 Time taken: 2.32 seconds 
Epoch: 6/200 Train accuracy: 6.76286e-01 Validation accuracy: 6.88000e-01 Loss 1.08413e-02 Time taken: 2.17 seconds 
Epoch: 7/200 Train accuracy: 6.81417e-01 Validation accuracy: 7.01667e-01 Loss 1.07910e-02 Time taken: 2.24 seconds 
Epoch: 8/200 Train accuracy: 6.88542e-01 Validation accuracy: 6.99667e-01 Loss 1.07426e-02 Time taken: 2.34 seconds 
Epoch: 9/200 Train accuracy: 6.97734e-01 Validation accuracy: 7.02667e-01 Loss 1.06833e-02 Time taken: 2.30 seconds 
Epoch: 10/200 Train accuracy: 6.99230e-01 Validation accuracy: 7.03333e-01 Loss 1.06447e-02 Time taken: 2.28 seconds 
Epoch: 11/200 Train accuracy: 7.01653e-01 Validation accuracy: 7.06667e-01 Loss 1.06187e-02 Time taken: 2.15 seconds 
Epoch: 12/200 Train accuracy: 7.06499e-01 Validation accuracy: 7.13333e-01 Loss 1.05920e-02 Time taken: 2.12 seconds 
Epoch: 13/200 Train accuracy: 7.03506e-01 Validation accuracy: 7.05333e-01 Loss 1.05805e-02 Time taken: 2.12 seconds 
Epoch: 14/200 Train accuracy: 7.09277e-01 Validation accuracy: 7.14333e-01 Loss 1.05431e-02 Time taken: 2.14 seconds 
Epoch: 15/200 Train accuracy: 7.08066e-01 Validation accuracy: 7.12667e-01 Loss 1.05486e-02 Time taken: 2.16 seconds 
Epoch: 16/200 Train accuracy: 7.12626e-01 Validation accuracy: 7.20667e-01 Loss 1.05173e-02 Time taken: 2.10 seconds 
Epoch: 17/200 Train accuracy: 7.14835e-01 Validation accuracy: 7.10667e-01 Loss 1.05058e-02 Time taken: 2.12 seconds 
Epoch: 18/200 Train accuracy: 7.17116e-01 Validation accuracy: 7.16333e-01 Loss 1.04891e-02 Time taken: 2.12 seconds 
Epoch: 19/200 Train accuracy: 7.16047e-01 Validation accuracy: 7.22667e-01 Loss 1.04796e-02 Time taken: 2.17 seconds 
Epoch: 20/200 Train accuracy: 7.12555e-01 Validation accuracy: 7.24000e-01 Loss 1.04818e-02 Time taken: 2.11 seconds 
Epoch: 21/200 Train accuracy: 7.17116e-01 Validation accuracy: 7.24333e-01 Loss 1.04783e-02 Time taken: 2.30 seconds 
Epoch: 22/200 Train accuracy: 7.18683e-01 Validation accuracy: 7.30333e-01 Loss 1.04546e-02 Time taken: 2.15 seconds 
Epoch: 23/200 Train accuracy: 7.18398e-01 Validation accuracy: 7.23333e-01 Loss 1.04408e-02 Time taken: 2.19 seconds 
Epoch: 24/200 Train accuracy: 7.22674e-01 Validation accuracy: 7.24000e-01 Loss 1.04235e-02 Time taken: 2.32 seconds 
Epoch: 25/200 Train accuracy: 7.19111e-01 Validation accuracy: 7.32333e-01 Loss 1.04275e-02 Time taken: 2.13 seconds 
Epoch: 26/200 Train accuracy: 7.23386e-01 Validation accuracy: 7.28333e-01 Loss 1.04185e-02 Time taken: 2.31 seconds 
Epoch: 27/200 Train accuracy: 7.25310e-01 Validation accuracy: 7.30000e-01 Loss 1.04107e-02 Time taken: 2.25 seconds 
Epoch: 28/200 Train accuracy: 7.25737e-01 Validation accuracy: 7.27667e-01 Loss 1.04034e-02 Time taken: 2.31 seconds 
Epoch: 29/200 Train accuracy: 7.27661e-01 Validation accuracy: 7.22667e-01 Loss 1.03954e-02 Time taken: 2.17 seconds 
Epoch: 30/200 Train accuracy: 7.25737e-01 Validation accuracy: 7.26000e-01 Loss 1.03949e-02 Time taken: 2.22 seconds 
Epoch: 31/200 Train accuracy: 7.23671e-01 Validation accuracy: 7.24000e-01 Loss 1.04048e-02 Time taken: 2.17 seconds 
Epoch: 32/200 Train accuracy: 7.27875e-01 Validation accuracy: 7.28000e-01 Loss 1.03886e-02 Time taken: 2.19 seconds 
Epoch: 33/200 Train accuracy: 7.29158e-01 Validation accuracy: 7.34667e-01 Loss 1.03831e-02 Time taken: 2.18 seconds 
Epoch: 34/200 Train accuracy: 7.29942e-01 Validation accuracy: 7.35000e-01 Loss 1.03692e-02 Time taken: 2.34 seconds 
Epoch: 35/200 Train accuracy: 7.29229e-01 Validation accuracy: 7.34000e-01 Loss 1.03707e-02 Time taken: 2.28 seconds 
Epoch: 36/200 Train accuracy: 7.27163e-01 Validation accuracy: 7.31667e-01 Loss 1.03708e-02 Time taken: 2.06 seconds 
Epoch: 37/200 Train accuracy: 7.27733e-01 Validation accuracy: 7.31667e-01 Loss 1.03656e-02 Time taken: 2.17 seconds 
Epoch: 38/200 Train accuracy: 7.27804e-01 Validation accuracy: 7.34333e-01 Loss 1.03713e-02 Time taken: 2.04 seconds 
Epoch: 39/200 Train accuracy: 7.27163e-01 Validation accuracy: 7.35667e-01 Loss 1.03545e-02 Time taken: 2.21 seconds 
Epoch: 40/200 Train accuracy: 7.31509e-01 Validation accuracy: 7.34667e-01 Loss 1.03390e-02 Time taken: 2.10 seconds 
Epoch: 41/200 Train accuracy: 7.27020e-01 Validation accuracy: 7.33333e-01 Loss 1.03453e-02 Time taken: 2.08 seconds 
Epoch: 42/200 Train accuracy: 7.28730e-01 Validation accuracy: 7.40000e-01 Loss 1.03507e-02 Time taken: 2.06 seconds 
Epoch: 43/200 Train accuracy: 7.32150e-01 Validation accuracy: 7.36333e-01 Loss 1.03358e-02 Time taken: 2.06 seconds 
Epoch: 44/200 Train accuracy: 7.28588e-01 Validation accuracy: 7.40333e-01 Loss 1.03481e-02 Time taken: 2.03 seconds 
Epoch: 45/200 Train accuracy: 7.29300e-01 Validation accuracy: 7.35333e-01 Loss 1.03414e-02 Time taken: 2.19 seconds 
Epoch: 46/200 Train accuracy: 7.32792e-01 Validation accuracy: 7.32667e-01 Loss 1.03341e-02 Time taken: 2.27 seconds 
Epoch: 47/200 Train accuracy: 7.29015e-01 Validation accuracy: 7.36667e-01 Loss 1.03347e-02 Time taken: 2.19 seconds 
Epoch: 48/200 Train accuracy: 7.32507e-01 Validation accuracy: 7.39333e-01 Loss 1.03251e-02 Time taken: 2.07 seconds 
Epoch: 49/200 Train accuracy: 7.30227e-01 Validation accuracy: 7.39333e-01 Loss 1.03207e-02 Time taken: 2.17 seconds 
Epoch: 50/200 Train accuracy: 7.31224e-01 Validation accuracy: 7.37333e-01 Loss 1.03260e-02 Time taken: 2.01 seconds 
Epoch: 51/200 Train accuracy: 7.32507e-01 Validation accuracy: 7.32000e-01 Loss 1.03220e-02 Time taken: 2.02 seconds 
Epoch: 52/200 Train accuracy: 7.33291e-01 Validation accuracy: 7.38000e-01 Loss 1.03140e-02 Time taken: 2.16 seconds 
Epoch: 53/200 Train accuracy: 7.32436e-01 Validation accuracy: 7.39667e-01 Loss 1.03186e-02 Time taken: 2.10 seconds 
Epoch: 54/200 Train accuracy: 7.34146e-01 Validation accuracy: 7.34000e-01 Loss 1.03093e-02 Time taken: 1.99 seconds 
Epoch: 55/200 Train accuracy: 7.34146e-01 Validation accuracy: 7.32667e-01 Loss 1.03062e-02 Time taken: 2.17 seconds 
Epoch: 56/200 Train accuracy: 7.33647e-01 Validation accuracy: 7.42333e-01 Loss 1.02994e-02 Time taken: 2.16 seconds 
Epoch: 57/200 Train accuracy: 7.33576e-01 Validation accuracy: 7.40667e-01 Loss 1.03032e-02 Time taken: 2.14 seconds 
Epoch: 58/200 Train accuracy: 7.31082e-01 Validation accuracy: 7.39333e-01 Loss 1.03108e-02 Time taken: 2.15 seconds 
Epoch: 59/200 Train accuracy: 7.32863e-01 Validation accuracy: 7.35000e-01 Loss 1.03162e-02 Time taken: 2.24 seconds 
Epoch: 60/200 Train accuracy: 7.35286e-01 Validation accuracy: 7.36667e-01 Loss 1.02957e-02 Time taken: 2.40 seconds 
Epoch: 61/200 Train accuracy: 7.35998e-01 Validation accuracy: 7.39667e-01 Loss 1.03012e-02 Time taken: 2.36 seconds 
Epoch: 62/200 Train accuracy: 7.35143e-01 Validation accuracy: 7.42667e-01 Loss 1.02939e-02 Time taken: 2.23 seconds 
Epoch: 63/200 Train accuracy: 7.38849e-01 Validation accuracy: 7.41333e-01 Loss 1.02746e-02 Time taken: 2.29 seconds 
Epoch: 64/200 Train accuracy: 7.33219e-01 Validation accuracy: 7.39333e-01 Loss 1.03018e-02 Time taken: 2.32 seconds 
Epoch: 65/200 Train accuracy: 7.36212e-01 Validation accuracy: 7.36667e-01 Loss 1.02822e-02 Time taken: 2.42 seconds 
Epoch: 66/200 Train accuracy: 7.37210e-01 Validation accuracy: 7.38667e-01 Loss 1.02801e-02 Time taken: 2.30 seconds 
Epoch: 67/200 Train accuracy: 7.35001e-01 Validation accuracy: 7.40000e-01 Loss 1.02882e-02 Time taken: 2.24 seconds 
Epoch: 68/200 Train accuracy: 7.36782e-01 Validation accuracy: 7.39667e-01 Loss 1.02763e-02 Time taken: 2.39 seconds 
Epoch: 69/200 Train accuracy: 7.39632e-01 Validation accuracy: 7.40000e-01 Loss 1.02752e-02 Time taken: 2.19 seconds 
Epoch: 70/200 Train accuracy: 7.36355e-01 Validation accuracy: 7.36333e-01 Loss 1.02843e-02 Time taken: 2.19 seconds 
Epoch: 71/200 Train accuracy: 7.38278e-01 Validation accuracy: 7.36667e-01 Loss 1.02680e-02 Time taken: 2.01 seconds 
Epoch: 72/200 Train accuracy: 7.32436e-01 Validation accuracy: 7.39000e-01 Loss 1.02912e-02 Time taken: 2.16 seconds 
Epoch: 73/200 Train accuracy: 7.38706e-01 Validation accuracy: 7.41000e-01 Loss 1.02818e-02 Time taken: 2.51 seconds 
Epoch: 74/200 Train accuracy: 7.40060e-01 Validation accuracy: 7.40000e-01 Loss 1.02666e-02 Time taken: 2.32 seconds 
Epoch: 75/200 Train accuracy: 7.37281e-01 Validation accuracy: 7.39667e-01 Loss 1.02793e-02 Time taken: 2.14 seconds 
Epoch: 76/200 Train accuracy: 7.36711e-01 Validation accuracy: 7.39667e-01 Loss 1.02731e-02 Time taken: 2.24 seconds 
Epoch: 77/200 Train accuracy: 7.41271e-01 Validation accuracy: 7.31667e-01 Loss 1.02547e-02 Time taken: 2.12 seconds 
Epoch: 78/200 Train accuracy: 7.38563e-01 Validation accuracy: 7.42667e-01 Loss 1.02592e-02 Time taken: 2.18 seconds 
Epoch: 79/200 Train accuracy: 7.39062e-01 Validation accuracy: 7.38667e-01 Loss 1.02681e-02 Time taken: 2.28 seconds 
Epoch: 80/200 Train accuracy: 7.39205e-01 Validation accuracy: 7.45000e-01 Loss 1.02637e-02 Time taken: 2.27 seconds 
Epoch: 81/200 Train accuracy: 7.39917e-01 Validation accuracy: 7.38333e-01 Loss 1.02645e-02 Time taken: 2.21 seconds 
Epoch: 82/200 Train accuracy: 7.37566e-01 Validation accuracy: 7.39667e-01 Loss 1.02720e-02 Time taken: 2.19 seconds 
Epoch: 83/200 Train accuracy: 7.40559e-01 Validation accuracy: 7.39667e-01 Loss 1.02471e-02 Time taken: 2.11 seconds 
Epoch: 84/200 Train accuracy: 7.40630e-01 Validation accuracy: 7.42000e-01 Loss 1.02551e-02 Time taken: 1.99 seconds 
Epoch: 85/200 Train accuracy: 7.40131e-01 Validation accuracy: 7.36000e-01 Loss 1.02577e-02 Time taken: 2.18 seconds 
Epoch: 86/200 Train accuracy: 7.38136e-01 Validation accuracy: 7.44000e-01 Loss 1.02579e-02 Time taken: 2.13 seconds 
Epoch: 87/200 Train accuracy: 7.40060e-01 Validation accuracy: 7.41000e-01 Loss 1.02539e-02 Time taken: 2.34 seconds 
Epoch: 88/200 Train accuracy: 7.37708e-01 Validation accuracy: 7.40667e-01 Loss 1.02482e-02 Time taken: 2.23 seconds 
Epoch: 89/200 Train accuracy: 7.39917e-01 Validation accuracy: 7.39000e-01 Loss 1.02533e-02 Time taken: 2.40 seconds 
Epoch: 90/200 Train accuracy: 7.40416e-01 Validation accuracy: 7.44000e-01 Loss 1.02430e-02 Time taken: 2.26 seconds 
Epoch: 91/200 Train accuracy: 7.35856e-01 Validation accuracy: 7.38000e-01 Loss 1.02645e-02 Time taken: 2.33 seconds 
Epoch: 92/200 Train accuracy: 7.41556e-01 Validation accuracy: 7.40667e-01 Loss 1.02458e-02 Time taken: 2.32 seconds 
Epoch: 93/200 Train accuracy: 7.37566e-01 Validation accuracy: 7.41000e-01 Loss 1.02520e-02 Time taken: 2.37 seconds 
Epoch: 94/200 Train accuracy: 7.40202e-01 Validation accuracy: 7.43000e-01 Loss 1.02419e-02 Time taken: 2.21 seconds 
Epoch: 95/200 Train accuracy: 7.38635e-01 Validation accuracy: 7.44667e-01 Loss 1.02442e-02 Time taken: 2.01 seconds 
Epoch: 96/200 Train accuracy: 7.39205e-01 Validation accuracy: 7.43667e-01 Loss 1.02395e-02 Time taken: 2.03 seconds 
Epoch: 97/200 Train accuracy: 7.42269e-01 Validation accuracy: 7.40667e-01 Loss 1.02475e-02 Time taken: 2.17 seconds 
Epoch: 98/200 Train accuracy: 7.39775e-01 Validation accuracy: 7.42667e-01 Loss 1.02456e-02 Time taken: 2.02 seconds 
Epoch: 99/200 Train accuracy: 7.43338e-01 Validation accuracy: 7.41333e-01 Loss 1.02333e-02 Time taken: 1.72 seconds 
Epoch: 100/200 Train accuracy: 7.43836e-01 Validation accuracy: 7.45000e-01 Loss 1.02365e-02 Time taken: 1.65 seconds 
Epoch: 101/200 Train accuracy: 7.41271e-01 Validation accuracy: 7.48000e-01 Loss 1.02363e-02 Time taken: 1.59 seconds 
Epoch: 102/200 Train accuracy: 7.41984e-01 Validation accuracy: 7.38667e-01 Loss 1.02357e-02 Time taken: 1.59 seconds 
Epoch: 103/200 Train accuracy: 7.39134e-01 Validation accuracy: 7.46333e-01 Loss 1.02417e-02 Time taken: 1.59 seconds 
Epoch: 104/200 Train accuracy: 7.39561e-01 Validation accuracy: 7.44333e-01 Loss 1.02448e-02 Time taken: 1.65 seconds 
Epoch: 105/200 Train accuracy: 7.40202e-01 Validation accuracy: 7.44333e-01 Loss 1.02406e-02 Time taken: 1.58 seconds 
Epoch: 106/200 Train accuracy: 7.43409e-01 Validation accuracy: 7.42333e-01 Loss 1.02254e-02 Time taken: 1.58 seconds 
Epoch: 107/200 Train accuracy: 7.40274e-01 Validation accuracy: 7.40667e-01 Loss 1.02379e-02 Time taken: 1.63 seconds 
Epoch: 108/200 Train accuracy: 7.40274e-01 Validation accuracy: 7.42333e-01 Loss 1.02355e-02 Time taken: 1.58 seconds 
Epoch: 109/200 Train accuracy: 7.41485e-01 Validation accuracy: 7.38667e-01 Loss 1.02290e-02 Time taken: 1.58 seconds 
Epoch: 110/200 Train accuracy: 7.39989e-01 Validation accuracy: 7.44333e-01 Loss 1.02337e-02 Time taken: 1.64 seconds 
Epoch: 111/200 Train accuracy: 7.43836e-01 Validation accuracy: 7.38667e-01 Loss 1.02179e-02 Time taken: 1.59 seconds 
Epoch: 112/200 Train accuracy: 7.41200e-01 Validation accuracy: 7.44000e-01 Loss 1.02381e-02 Time taken: 1.61 seconds 
Epoch: 113/200 Train accuracy: 7.41414e-01 Validation accuracy: 7.43667e-01 Loss 1.02307e-02 Time taken: 1.60 seconds 
Epoch: 114/200 Train accuracy: 7.42340e-01 Validation accuracy: 7.42000e-01 Loss 1.02266e-02 Time taken: 1.61 seconds 
Epoch: 115/200 Train accuracy: 7.43409e-01 Validation accuracy: 7.42333e-01 Loss 1.02202e-02 Time taken: 1.60 seconds 
Epoch: 116/200 Train accuracy: 7.41129e-01 Validation accuracy: 7.42000e-01 Loss 1.02288e-02 Time taken: 1.59 seconds 
Epoch: 117/200 Train accuracy: 7.42483e-01 Validation accuracy: 7.36667e-01 Loss 1.02145e-02 Time taken: 1.58 seconds 
Epoch: 118/200 Train accuracy: 7.39490e-01 Validation accuracy: 7.41000e-01 Loss 1.02306e-02 Time taken: 1.65 seconds 
Epoch: 119/200 Train accuracy: 7.44050e-01 Validation accuracy: 7.41333e-01 Loss 1.02294e-02 Time taken: 1.61 seconds 
Epoch: 120/200 Train accuracy: 7.47470e-01 Validation accuracy: 7.43000e-01 Loss 1.02063e-02 Time taken: 1.62 seconds 
Epoch: 121/200 Train accuracy: 7.42981e-01 Validation accuracy: 7.46000e-01 Loss 1.02330e-02 Time taken: 1.58 seconds 
Epoch: 122/200 Train accuracy: 7.39704e-01 Validation accuracy: 7.42000e-01 Loss 1.02257e-02 Time taken: 1.66 seconds 
Epoch: 123/200 Train accuracy: 7.44406e-01 Validation accuracy: 7.41333e-01 Loss 1.02120e-02 Time taken: 1.62 seconds 
Epoch: 124/200 Train accuracy: 7.44905e-01 Validation accuracy: 7.46333e-01 Loss 1.02165e-02 Time taken: 1.66 seconds 
Epoch: 125/200 Train accuracy: 7.47542e-01 Validation accuracy: 7.41000e-01 Loss 1.02058e-02 Time taken: 1.63 seconds 
Epoch: 126/200 Train accuracy: 7.44763e-01 Validation accuracy: 7.45667e-01 Loss 1.02052e-02 Time taken: 1.68 seconds 
Epoch: 127/200 Train accuracy: 7.42625e-01 Validation accuracy: 7.39667e-01 Loss 1.02235e-02 Time taken: 1.86 seconds 
Epoch: 128/200 Train accuracy: 7.45832e-01 Validation accuracy: 7.42333e-01 Loss 1.02081e-02 Time taken: 1.58 seconds 
Epoch: 129/200 Train accuracy: 7.45832e-01 Validation accuracy: 7.44000e-01 Loss 1.02023e-02 Time taken: 1.69 seconds 
Epoch: 130/200 Train accuracy: 7.42981e-01 Validation accuracy: 7.43000e-01 Loss 1.02203e-02 Time taken: 1.64 seconds 
Epoch: 131/200 Train accuracy: 7.44620e-01 Validation accuracy: 7.43333e-01 Loss 1.02094e-02 Time taken: 1.60 seconds 
Epoch: 132/200 Train accuracy: 7.41770e-01 Validation accuracy: 7.42000e-01 Loss 1.02159e-02 Time taken: 1.60 seconds 
Epoch: 133/200 Train accuracy: 7.46330e-01 Validation accuracy: 7.45000e-01 Loss 1.01986e-02 Time taken: 1.63 seconds 
Epoch: 134/200 Train accuracy: 7.43409e-01 Validation accuracy: 7.43667e-01 Loss 1.02103e-02 Time taken: 1.59 seconds 
Epoch: 135/200 Train accuracy: 7.44549e-01 Validation accuracy: 7.43333e-01 Loss 1.02217e-02 Time taken: 1.66 seconds 
Epoch: 136/200 Train accuracy: 7.44976e-01 Validation accuracy: 7.45667e-01 Loss 1.02107e-02 Time taken: 1.74 seconds 
Epoch: 137/200 Train accuracy: 7.46259e-01 Validation accuracy: 7.47333e-01 Loss 1.02026e-02 Time taken: 1.77 seconds 
Epoch: 138/200 Train accuracy: 7.44264e-01 Validation accuracy: 7.46333e-01 Loss 1.02085e-02 Time taken: 2.19 seconds 
Epoch: 139/200 Train accuracy: 7.46330e-01 Validation accuracy: 7.37667e-01 Loss 1.02031e-02 Time taken: 2.13 seconds 
Epoch: 140/200 Train accuracy: 7.48325e-01 Validation accuracy: 7.46333e-01 Loss 1.01928e-02 Time taken: 2.20 seconds 
Epoch: 141/200 Train accuracy: 7.42625e-01 Validation accuracy: 7.42333e-01 Loss 1.02133e-02 Time taken: 2.27 seconds 
Epoch: 142/200 Train accuracy: 7.45618e-01 Validation accuracy: 7.43000e-01 Loss 1.01977e-02 Time taken: 2.15 seconds 
Epoch: 143/200 Train accuracy: 7.42768e-01 Validation accuracy: 7.42667e-01 Loss 1.02084e-02 Time taken: 2.11 seconds 
Epoch: 144/200 Train accuracy: 7.45119e-01 Validation accuracy: 7.47333e-01 Loss 1.02033e-02 Time taken: 2.23 seconds 
Epoch: 145/200 Train accuracy: 7.44478e-01 Validation accuracy: 7.45333e-01 Loss 1.01975e-02 Time taken: 2.14 seconds 
Epoch: 146/200 Train accuracy: 7.47114e-01 Validation accuracy: 7.41667e-01 Loss 1.01949e-02 Time taken: 2.20 seconds 
Epoch: 147/200 Train accuracy: 7.44121e-01 Validation accuracy: 7.45000e-01 Loss 1.02080e-02 Time taken: 2.12 seconds 
Epoch: 148/200 Train accuracy: 7.44834e-01 Validation accuracy: 7.46667e-01 Loss 1.02003e-02 Time taken: 2.24 seconds 
Epoch: 149/200 Train accuracy: 7.45048e-01 Validation accuracy: 7.44333e-01 Loss 1.02070e-02 Time taken: 2.07 seconds 
Epoch: 150/200 Train accuracy: 7.48183e-01 Validation accuracy: 7.43333e-01 Loss 1.01914e-02 Time taken: 2.32 seconds 
Epoch: 151/200 Train accuracy: 7.46330e-01 Validation accuracy: 7.47333e-01 Loss 1.01999e-02 Time taken: 2.12 seconds 
Epoch: 152/200 Train accuracy: 7.47043e-01 Validation accuracy: 7.44667e-01 Loss 1.01889e-02 Time taken: 2.20 seconds 
Epoch: 153/200 Train accuracy: 7.48824e-01 Validation accuracy: 7.42000e-01 Loss 1.01922e-02 Time taken: 2.26 seconds 
Epoch: 154/200 Train accuracy: 7.46900e-01 Validation accuracy: 7.44333e-01 Loss 1.01901e-02 Time taken: 2.50 seconds 
Epoch: 155/200 Train accuracy: 7.46117e-01 Validation accuracy: 7.46000e-01 Loss 1.02028e-02 Time taken: 2.26 seconds 
Epoch: 156/200 Train accuracy: 7.45618e-01 Validation accuracy: 7.45667e-01 Loss 1.02035e-02 Time taken: 2.37 seconds 
Epoch: 157/200 Train accuracy: 7.47114e-01 Validation accuracy: 7.43333e-01 Loss 1.01991e-02 Time taken: 2.10 seconds 
Epoch: 158/200 Train accuracy: 7.45760e-01 Validation accuracy: 7.46000e-01 Loss 1.01934e-02 Time taken: 2.26 seconds 
Epoch: 159/200 Train accuracy: 7.44976e-01 Validation accuracy: 7.48667e-01 Loss 1.01967e-02 Time taken: 2.16 seconds 
Epoch: 160/200 Train accuracy: 7.43765e-01 Validation accuracy: 7.46000e-01 Loss 1.02059e-02 Time taken: 2.21 seconds 
Epoch: 161/200 Train accuracy: 7.47043e-01 Validation accuracy: 7.38333e-01 Loss 1.01966e-02 Time taken: 2.27 seconds 
Epoch: 162/200 Train accuracy: 7.47684e-01 Validation accuracy: 7.45333e-01 Loss 1.01946e-02 Time taken: 2.14 seconds 
Epoch: 163/200 Train accuracy: 7.48896e-01 Validation accuracy: 7.45000e-01 Loss 1.01858e-02 Time taken: 2.23 seconds 
Epoch: 164/200 Train accuracy: 7.48682e-01 Validation accuracy: 7.39667e-01 Loss 1.01901e-02 Time taken: 2.30 seconds 
Epoch: 165/200 Train accuracy: 7.48468e-01 Validation accuracy: 7.42000e-01 Loss 1.01910e-02 Time taken: 2.22 seconds 
Epoch: 166/200 Train accuracy: 7.47684e-01 Validation accuracy: 7.42333e-01 Loss 1.01786e-02 Time taken: 2.37 seconds 
Epoch: 167/200 Train accuracy: 7.45760e-01 Validation accuracy: 7.44667e-01 Loss 1.01859e-02 Time taken: 2.36 seconds 
Epoch: 168/200 Train accuracy: 7.46188e-01 Validation accuracy: 7.41667e-01 Loss 1.01944e-02 Time taken: 2.28 seconds 
Epoch: 169/200 Train accuracy: 7.47898e-01 Validation accuracy: 7.44667e-01 Loss 1.01834e-02 Time taken: 2.35 seconds 
Epoch: 170/200 Train accuracy: 7.47827e-01 Validation accuracy: 7.44000e-01 Loss 1.01905e-02 Time taken: 2.11 seconds 
Epoch: 171/200 Train accuracy: 7.46330e-01 Validation accuracy: 7.41000e-01 Loss 1.01926e-02 Time taken: 2.29 seconds 
Epoch: 172/200 Train accuracy: 7.48112e-01 Validation accuracy: 7.49333e-01 Loss 1.01826e-02 Time taken: 2.30 seconds 
Epoch: 173/200 Train accuracy: 7.49181e-01 Validation accuracy: 7.39333e-01 Loss 1.01780e-02 Time taken: 2.41 seconds 
Epoch: 174/200 Train accuracy: 7.44193e-01 Validation accuracy: 7.47000e-01 Loss 1.01981e-02 Time taken: 2.19 seconds 
Epoch: 175/200 Train accuracy: 7.46473e-01 Validation accuracy: 7.48000e-01 Loss 1.01983e-02 Time taken: 2.29 seconds 
Epoch: 176/200 Train accuracy: 7.44905e-01 Validation accuracy: 7.47000e-01 Loss 1.01969e-02 Time taken: 1.99 seconds 
Epoch: 177/200 Train accuracy: 7.49038e-01 Validation accuracy: 7.50333e-01 Loss 1.01746e-02 Time taken: 2.18 seconds 
Epoch: 178/200 Train accuracy: 7.49751e-01 Validation accuracy: 7.42333e-01 Loss 1.01706e-02 Time taken: 2.17 seconds 
Epoch: 179/200 Train accuracy: 7.47328e-01 Validation accuracy: 7.44000e-01 Loss 1.01836e-02 Time taken: 2.17 seconds 
Epoch: 180/200 Train accuracy: 7.47328e-01 Validation accuracy: 7.46000e-01 Loss 1.01893e-02 Time taken: 2.00 seconds 
Epoch: 181/200 Train accuracy: 7.46045e-01 Validation accuracy: 7.48000e-01 Loss 1.01830e-02 Time taken: 2.18 seconds 
Epoch: 182/200 Train accuracy: 7.47684e-01 Validation accuracy: 7.43333e-01 Loss 1.01851e-02 Time taken: 1.99 seconds 
Epoch: 183/200 Train accuracy: 7.48254e-01 Validation accuracy: 7.44000e-01 Loss 1.01796e-02 Time taken: 2.17 seconds 
Epoch: 184/200 Train accuracy: 7.47755e-01 Validation accuracy: 7.47667e-01 Loss 1.01796e-02 Time taken: 2.28 seconds 
Epoch: 185/200 Train accuracy: 7.47684e-01 Validation accuracy: 7.43333e-01 Loss 1.01865e-02 Time taken: 2.03 seconds 
Epoch: 186/200 Train accuracy: 7.48967e-01 Validation accuracy: 7.42000e-01 Loss 1.01866e-02 Time taken: 2.29 seconds 
Epoch: 187/200 Train accuracy: 7.47969e-01 Validation accuracy: 7.42333e-01 Loss 1.01817e-02 Time taken: 2.30 seconds 
Epoch: 188/200 Train accuracy: 7.47755e-01 Validation accuracy: 7.46333e-01 Loss 1.01729e-02 Time taken: 2.33 seconds 
Epoch: 189/200 Train accuracy: 7.47185e-01 Validation accuracy: 7.49000e-01 Loss 1.01888e-02 Time taken: 2.29 seconds 
Epoch: 190/200 Train accuracy: 7.48254e-01 Validation accuracy: 7.43667e-01 Loss 1.01794e-02 Time taken: 2.36 seconds 
Epoch: 191/200 Train accuracy: 7.45903e-01 Validation accuracy: 7.39667e-01 Loss 1.01864e-02 Time taken: 2.41 seconds 
Epoch: 192/200 Train accuracy: 7.48824e-01 Validation accuracy: 7.44667e-01 Loss 1.01854e-02 Time taken: 2.22 seconds 
Epoch: 193/200 Train accuracy: 7.51104e-01 Validation accuracy: 7.48333e-01 Loss 1.01541e-02 Time taken: 2.16 seconds 
Epoch: 194/200 Train accuracy: 7.49252e-01 Validation accuracy: 7.43333e-01 Loss 1.01728e-02 Time taken: 2.23 seconds 
Epoch: 195/200 Train accuracy: 7.50534e-01 Validation accuracy: 7.49000e-01 Loss 1.01663e-02 Time taken: 2.26 seconds 
Epoch: 196/200 Train accuracy: 7.47257e-01 Validation accuracy: 7.42333e-01 Loss 1.01785e-02 Time taken: 2.11 seconds 
Epoch: 197/200 Train accuracy: 7.48468e-01 Validation accuracy: 7.42333e-01 Loss 1.01739e-02 Time taken: 2.35 seconds 
Epoch: 198/200 Train accuracy: 7.46687e-01 Validation accuracy: 7.47000e-01 Loss 1.01729e-02 Time taken: 2.16 seconds 
Epoch: 199/200 Train accuracy: 7.48824e-01 Validation accuracy: 7.44667e-01 Loss 1.01805e-02 Time taken: 2.08 seconds 
Epoch: 200/200 Train accuracy: 7.48112e-01 Validation accuracy: 7.46000e-01 Loss 1.01680e-02 Time taken: 2.12 seconds 
Total time taken 0:07:01.023984
Cleaning up intermediate feature (.pt) files
Done


working on file logs_PKT_full/iic-train-L2-seed43/jepa-iic-L2-seed43-ep400.pth.tar ...
