VisionTransformer(
  (patch_embed): PatchEmbed(
    (proj): Conv2d(3, 768, kernel_size=(15, 15), stride=(15, 15))
  )
  (blocks): ModuleList(
    (0-11): 12 x Block(
      (norm1): LayerNorm((768,), eps=1e-06, elementwise_affine=True)
      (attn): Attention(
        (qkv): Linear(in_features=768, out_features=2304, bias=True)
        (attn_drop): Dropout(p=0.0, inplace=False)
        (proj): Linear(in_features=768, out_features=768, bias=True)
        (proj_drop): Dropout(p=0.0, inplace=False)
      )
      (drop_path): Identity()
      (norm2): LayerNorm((768,), eps=1e-06, elementwise_affine=True)
      (mlp): MLP(
        (fc1): Linear(in_features=768, out_features=3072, bias=True)
        (act): GELU(approximate='none')
        (fc2): Linear(in_features=3072, out_features=768, bias=True)
        (drop): Dropout(p=0.0, inplace=False)
      )
    )
  )
  (norm): LayerNorm((768,), eps=1e-06, elementwise_affine=True)
)
making imagenet data transforms
data-path datasets/intel-image-classification/train/
Initialized ImageNet
ImageNet dataset created
ImageNet unsupervised data loader created
Using AdamW
loaded pretrained encoder from epoch 99 with msg: <All keys matched successfully>
loaded pretrained encoder from epoch 99 with msg: <All keys matched successfully>
loaded pretrained encoder from epoch 99 with msg: <All keys matched successfully>
loaded optimizers from epoch 99
read-path: logs_PKT_full/iic-train-L2-seed43/jepa-iic-L2-seed43-ep100.pth.tar
Starting
Iteration: 0
Iteration: 1
time taken for epoch 0:00:01.362524
Total pretraining time 0:00:01.362604
working on file logs_PKT_full/iic-train-L2-seed43/jepa-iic-L2-seed43-ep200.pth.tar out of ['logs_PKT_full/iic-train-L2-seed43/jepa-iic-L2-seed43-ep100.pth.tar', 'logs_PKT_full/iic-train-L2-seed43/jepa-iic-L2-seed43-ep500.pth.tar', 'logs_PKT_full/iic-train-L2-seed43/jepa-iic-L2-seed43-ep300.pth.tar', 'logs_PKT_full/iic-train-L2-seed43/jepa-iic-L2-seed43-ep200.pth.tar', 'logs_PKT_full/iic-train-L2-seed43/jepa-iic-L2-seed43-ep400.pth.tar']...
Initialized (rank/world-size) 0/1
train.py: _GLOBAL_SEED=0
VisionTransformer(
  (patch_embed): PatchEmbed(
    (proj): Conv2d(3, 768, kernel_size=(15, 15), stride=(15, 15))
  )
  (blocks): ModuleList(
    (0-11): 12 x Block(
      (norm1): LayerNorm((768,), eps=1e-06, elementwise_affine=True)
      (attn): Attention(
        (qkv): Linear(in_features=768, out_features=2304, bias=True)
        (attn_drop): Dropout(p=0.0, inplace=False)
        (proj): Linear(in_features=768, out_features=768, bias=True)
        (proj_drop): Dropout(p=0.0, inplace=False)
      )
      (drop_path): Identity()
      (norm2): LayerNorm((768,), eps=1e-06, elementwise_affine=True)
      (mlp): MLP(
        (fc1): Linear(in_features=768, out_features=3072, bias=True)
        (act): GELU(approximate='none')
        (fc2): Linear(in_features=3072, out_features=768, bias=True)
        (drop): Dropout(p=0.0, inplace=False)
      )
    )
  )
  (norm): LayerNorm((768,), eps=1e-06, elementwise_affine=True)
)
VisionTransformer(
  (patch_embed): PatchEmbed(
    (proj): Conv2d(3, 768, kernel_size=(15, 15), stride=(15, 15))
  )
  (blocks): ModuleList(
    (0-11): 12 x Block(
      (norm1): LayerNorm((768,), eps=1e-06, elementwise_affine=True)
      (attn): Attention(
        (qkv): Linear(in_features=768, out_features=2304, bias=True)
        (attn_drop): Dropout(p=0.0, inplace=False)
        (proj): Linear(in_features=768, out_features=768, bias=True)
        (proj_drop): Dropout(p=0.0, inplace=False)
      )
      (drop_path): Identity()
      (norm2): LayerNorm((768,), eps=1e-06, elementwise_affine=True)
      (mlp): MLP(
        (fc1): Linear(in_features=768, out_features=3072, bias=True)
        (act): GELU(approximate='none')
        (fc2): Linear(in_features=3072, out_features=768, bias=True)
        (drop): Dropout(p=0.0, inplace=False)
      )
    )
  )
  (norm): LayerNorm((768,), eps=1e-06, elementwise_affine=True)
)
making imagenet data transforms
making imagenet data transforms
data-path datasets/intel-image-classification/train/
data-path datasets/intel-image-classification/train/
Initialized ImageNet
Initialized ImageNet
ImageNet dataset created
ImageNet dataset created
ImageNet unsupervised data loader created
ImageNet unsupervised data loader created
Using AdamW
Using AdamW
loaded pretrained encoder from epoch 199 with msg: <All keys matched successfully>
loaded pretrained encoder from epoch 199 with msg: <All keys matched successfully>
loaded pretrained encoder from epoch 199 with msg: <All keys matched successfully>
loaded pretrained encoder from epoch 199 with msg: <All keys matched successfully>
loaded pretrained encoder from epoch 199 with msg: <All keys matched successfully>
loaded pretrained encoder from epoch 199 with msg: <All keys matched successfully>
loaded optimizers from epoch 199
loaded optimizers from epoch 199
read-path: logs_PKT_full/iic-train-L2-seed43/jepa-iic-L2-seed43-ep200.pth.tar
read-path: logs_PKT_full/iic-train-L2-seed43/jepa-iic-L2-seed43-ep200.pth.tar
Starting
Starting
Iteration: 0
Iteration: 0
Iteration: 1
Iteration: 1
time taken for epoch 0:00:01.187211
time taken for epoch 0:00:01.187211
Total pretraining time 0:00:01.187295
Total pretraining time 0:00:01.187295
working on file logs_PKT_full/iic-train-L2-seed43/jepa-iic-L2-seed43-ep300.pth.tar out of ['logs_PKT_full/iic-train-L2-seed43/jepa-iic-L2-seed43-ep100.pth.tar', 'logs_PKT_full/iic-train-L2-seed43/jepa-iic-L2-seed43-ep500.pth.tar', 'logs_PKT_full/iic-train-L2-seed43/jepa-iic-L2-seed43-ep300.pth.tar', 'logs_PKT_full/iic-train-L2-seed43/jepa-iic-L2-seed43-ep200.pth.tar', 'logs_PKT_full/iic-train-L2-seed43/jepa-iic-L2-seed43-ep400.pth.tar']...
working on file logs_PKT_full/iic-train-L2-seed43/jepa-iic-L2-seed43-ep300.pth.tar out of ['logs_PKT_full/iic-train-L2-seed43/jepa-iic-L2-seed43-ep100.pth.tar', 'logs_PKT_full/iic-train-L2-seed43/jepa-iic-L2-seed43-ep500.pth.tar', 'logs_PKT_full/iic-train-L2-seed43/jepa-iic-L2-seed43-ep300.pth.tar', 'logs_PKT_full/iic-train-L2-seed43/jepa-iic-L2-seed43-ep200.pth.tar', 'logs_PKT_full/iic-train-L2-seed43/jepa-iic-L2-seed43-ep400.pth.tar']...
Initialized (rank/world-size) 0/1
Initialized (rank/world-size) 0/1
train.py: _GLOBAL_SEED=0
train.py: _GLOBAL_SEED=0
VisionTransformer(
  (patch_embed): PatchEmbed(
    (proj): Conv2d(3, 768, kernel_size=(15, 15), stride=(15, 15))
  )
  (blocks): ModuleList(
    (0-11): 12 x Block(
      (norm1): LayerNorm((768,), eps=1e-06, elementwise_affine=True)
      (attn): Attention(
        (qkv): Linear(in_features=768, out_features=2304, bias=True)
        (attn_drop): Dropout(p=0.0, inplace=False)
        (proj): Linear(in_features=768, out_features=768, bias=True)
        (proj_drop): Dropout(p=0.0, inplace=False)
      )
      (drop_path): Identity()
      (norm2): LayerNorm((768,), eps=1e-06, elementwise_affine=True)
      (mlp): MLP(
        (fc1): Linear(in_features=768, out_features=3072, bias=True)
        (act): GELU(approximate='none')
        (fc2): Linear(in_features=3072, out_features=768, bias=True)
        (drop): Dropout(p=0.0, inplace=False)
      )
    )
  )
  (norm): LayerNorm((768,), eps=1e-06, elementwise_affine=True)
)
VisionTransformer(
  (patch_embed): PatchEmbed(
    (proj): Conv2d(3, 768, kernel_size=(15, 15), stride=(15, 15))
  )
  (blocks): ModuleList(
    (0-11): 12 x Block(
      (norm1): LayerNorm((768,), eps=1e-06, elementwise_affine=True)
      (attn): Attention(
        (qkv): Linear(in_features=768, out_features=2304, bias=True)
        (attn_drop): Dropout(p=0.0, inplace=False)
        (proj): Linear(in_features=768, out_features=768, bias=True)
        (proj_drop): Dropout(p=0.0, inplace=False)
      )
      (drop_path): Identity()
      (norm2): LayerNorm((768,), eps=1e-06, elementwise_affine=True)
      (mlp): MLP(
        (fc1): Linear(in_features=768, out_features=3072, bias=True)
        (act): GELU(approximate='none')
        (fc2): Linear(in_features=3072, out_features=768, bias=True)
        (drop): Dropout(p=0.0, inplace=False)
      )
    )
  )
  (norm): LayerNorm((768,), eps=1e-06, elementwise_affine=True)
)
VisionTransformer(
  (patch_embed): PatchEmbed(
    (proj): Conv2d(3, 768, kernel_size=(15, 15), stride=(15, 15))
  )
  (blocks): ModuleList(
    (0-11): 12 x Block(
      (norm1): LayerNorm((768,), eps=1e-06, elementwise_affine=True)
      (attn): Attention(
        (qkv): Linear(in_features=768, out_features=2304, bias=True)
        (attn_drop): Dropout(p=0.0, inplace=False)
        (proj): Linear(in_features=768, out_features=768, bias=True)
        (proj_drop): Dropout(p=0.0, inplace=False)
      )
      (drop_path): Identity()
      (norm2): LayerNorm((768,), eps=1e-06, elementwise_affine=True)
      (mlp): MLP(
        (fc1): Linear(in_features=768, out_features=3072, bias=True)
        (act): GELU(approximate='none')
        (fc2): Linear(in_features=3072, out_features=768, bias=True)
        (drop): Dropout(p=0.0, inplace=False)
      )
    )
  )
  (norm): LayerNorm((768,), eps=1e-06, elementwise_affine=True)
)
making imagenet data transforms
making imagenet data transforms
making imagenet data transforms
data-path datasets/intel-image-classification/train/
data-path datasets/intel-image-classification/train/
data-path datasets/intel-image-classification/train/
Initialized ImageNet
Initialized ImageNet
Initialized ImageNet
ImageNet dataset created
ImageNet dataset created
ImageNet dataset created
ImageNet unsupervised data loader created
ImageNet unsupervised data loader created
ImageNet unsupervised data loader created
Using AdamW
Using AdamW
Using AdamW
loaded pretrained encoder from epoch 299 with msg: <All keys matched successfully>
loaded pretrained encoder from epoch 299 with msg: <All keys matched successfully>
loaded pretrained encoder from epoch 299 with msg: <All keys matched successfully>
loaded pretrained encoder from epoch 299 with msg: <All keys matched successfully>
loaded pretrained encoder from epoch 299 with msg: <All keys matched successfully>
loaded pretrained encoder from epoch 299 with msg: <All keys matched successfully>
loaded pretrained encoder from epoch 299 with msg: <All keys matched successfully>
loaded pretrained encoder from epoch 299 with msg: <All keys matched successfully>
loaded pretrained encoder from epoch 299 with msg: <All keys matched successfully>
loaded optimizers from epoch 299
loaded optimizers from epoch 299
loaded optimizers from epoch 299
read-path: logs_PKT_full/iic-train-L2-seed43/jepa-iic-L2-seed43-ep300.pth.tar
read-path: logs_PKT_full/iic-train-L2-seed43/jepa-iic-L2-seed43-ep300.pth.tar
read-path: logs_PKT_full/iic-train-L2-seed43/jepa-iic-L2-seed43-ep300.pth.tar
Starting
Starting
Starting
Iteration: 0
Iteration: 0
Iteration: 0
Iteration: 1
Iteration: 1
Iteration: 1
time taken for epoch 0:00:01.179959
time taken for epoch 0:00:01.179959
time taken for epoch 0:00:01.179959
Total pretraining time 0:00:01.180044
Total pretraining time 0:00:01.180044
Total pretraining time 0:00:01.180044
working on file logs_PKT_full/iic-train-L2-seed43/jepa-iic-L2-seed43-ep400.pth.tar out of ['logs_PKT_full/iic-train-L2-seed43/jepa-iic-L2-seed43-ep100.pth.tar', 'logs_PKT_full/iic-train-L2-seed43/jepa-iic-L2-seed43-ep500.pth.tar', 'logs_PKT_full/iic-train-L2-seed43/jepa-iic-L2-seed43-ep300.pth.tar', 'logs_PKT_full/iic-train-L2-seed43/jepa-iic-L2-seed43-ep200.pth.tar', 'logs_PKT_full/iic-train-L2-seed43/jepa-iic-L2-seed43-ep400.pth.tar']...
working on file logs_PKT_full/iic-train-L2-seed43/jepa-iic-L2-seed43-ep400.pth.tar out of ['logs_PKT_full/iic-train-L2-seed43/jepa-iic-L2-seed43-ep100.pth.tar', 'logs_PKT_full/iic-train-L2-seed43/jepa-iic-L2-seed43-ep500.pth.tar', 'logs_PKT_full/iic-train-L2-seed43/jepa-iic-L2-seed43-ep300.pth.tar', 'logs_PKT_full/iic-train-L2-seed43/jepa-iic-L2-seed43-ep200.pth.tar', 'logs_PKT_full/iic-train-L2-seed43/jepa-iic-L2-seed43-ep400.pth.tar']...
working on file logs_PKT_full/iic-train-L2-seed43/jepa-iic-L2-seed43-ep400.pth.tar out of ['logs_PKT_full/iic-train-L2-seed43/jepa-iic-L2-seed43-ep100.pth.tar', 'logs_PKT_full/iic-train-L2-seed43/jepa-iic-L2-seed43-ep500.pth.tar', 'logs_PKT_full/iic-train-L2-seed43/jepa-iic-L2-seed43-ep300.pth.tar', 'logs_PKT_full/iic-train-L2-seed43/jepa-iic-L2-seed43-ep200.pth.tar', 'logs_PKT_full/iic-train-L2-seed43/jepa-iic-L2-seed43-ep400.pth.tar']...
Initialized (rank/world-size) 0/1
Initialized (rank/world-size) 0/1
Initialized (rank/world-size) 0/1
train.py: _GLOBAL_SEED=0
train.py: _GLOBAL_SEED=0
train.py: _GLOBAL_SEED=0
VisionTransformer(
  (patch_embed): PatchEmbed(
    (proj): Conv2d(3, 768, kernel_size=(15, 15), stride=(15, 15))
  )
  (blocks): ModuleList(
    (0-11): 12 x Block(
      (norm1): LayerNorm((768,), eps=1e-06, elementwise_affine=True)
      (attn): Attention(
        (qkv): Linear(in_features=768, out_features=2304, bias=True)
        (attn_drop): Dropout(p=0.0, inplace=False)
        (proj): Linear(in_features=768, out_features=768, bias=True)
        (proj_drop): Dropout(p=0.0, inplace=False)
      )
      (drop_path): Identity()
      (norm2): LayerNorm((768,), eps=1e-06, elementwise_affine=True)
      (mlp): MLP(
        (fc1): Linear(in_features=768, out_features=3072, bias=True)
        (act): GELU(approximate='none')
        (fc2): Linear(in_features=3072, out_features=768, bias=True)
        (drop): Dropout(p=0.0, inplace=False)
      )
    )
  )
  (norm): LayerNorm((768,), eps=1e-06, elementwise_affine=True)
)
VisionTransformer(
  (patch_embed): PatchEmbed(
    (proj): Conv2d(3, 768, kernel_size=(15, 15), stride=(15, 15))
  )
  (blocks): ModuleList(
    (0-11): 12 x Block(
      (norm1): LayerNorm((768,), eps=1e-06, elementwise_affine=True)
      (attn): Attention(
        (qkv): Linear(in_features=768, out_features=2304, bias=True)
        (attn_drop): Dropout(p=0.0, inplace=False)
        (proj): Linear(in_features=768, out_features=768, bias=True)
        (proj_drop): Dropout(p=0.0, inplace=False)
      )
      (drop_path): Identity()
      (norm2): LayerNorm((768,), eps=1e-06, elementwise_affine=True)
      (mlp): MLP(
        (fc1): Linear(in_features=768, out_features=3072, bias=True)
        (act): GELU(approximate='none')
        (fc2): Linear(in_features=3072, out_features=768, bias=True)
        (drop): Dropout(p=0.0, inplace=False)
      )
    )
  )
  (norm): LayerNorm((768,), eps=1e-06, elementwise_affine=True)
)
VisionTransformer(
  (patch_embed): PatchEmbed(
    (proj): Conv2d(3, 768, kernel_size=(15, 15), stride=(15, 15))
  )
  (blocks): ModuleList(
    (0-11): 12 x Block(
      (norm1): LayerNorm((768,), eps=1e-06, elementwise_affine=True)
      (attn): Attention(
        (qkv): Linear(in_features=768, out_features=2304, bias=True)
        (attn_drop): Dropout(p=0.0, inplace=False)
        (proj): Linear(in_features=768, out_features=768, bias=True)
        (proj_drop): Dropout(p=0.0, inplace=False)
      )
      (drop_path): Identity()
      (norm2): LayerNorm((768,), eps=1e-06, elementwise_affine=True)
      (mlp): MLP(
        (fc1): Linear(in_features=768, out_features=3072, bias=True)
        (act): GELU(approximate='none')
        (fc2): Linear(in_features=3072, out_features=768, bias=True)
        (drop): Dropout(p=0.0, inplace=False)
      )
    )
  )
  (norm): LayerNorm((768,), eps=1e-06, elementwise_affine=True)
)
VisionTransformer(
  (patch_embed): PatchEmbed(
    (proj): Conv2d(3, 768, kernel_size=(15, 15), stride=(15, 15))
  )
  (blocks): ModuleList(
    (0-11): 12 x Block(
      (norm1): LayerNorm((768,), eps=1e-06, elementwise_affine=True)
      (attn): Attention(
        (qkv): Linear(in_features=768, out_features=2304, bias=True)
        (attn_drop): Dropout(p=0.0, inplace=False)
        (proj): Linear(in_features=768, out_features=768, bias=True)
        (proj_drop): Dropout(p=0.0, inplace=False)
      )
      (drop_path): Identity()
      (norm2): LayerNorm((768,), eps=1e-06, elementwise_affine=True)
      (mlp): MLP(
        (fc1): Linear(in_features=768, out_features=3072, bias=True)
        (act): GELU(approximate='none')
        (fc2): Linear(in_features=3072, out_features=768, bias=True)
        (drop): Dropout(p=0.0, inplace=False)
      )
    )
  )
  (norm): LayerNorm((768,), eps=1e-06, elementwise_affine=True)
)
making imagenet data transforms
making imagenet data transforms
making imagenet data transforms
making imagenet data transforms
data-path datasets/intel-image-classification/train/
data-path datasets/intel-image-classification/train/
data-path datasets/intel-image-classification/train/
data-path datasets/intel-image-classification/train/
Initialized ImageNet
Initialized ImageNet
Initialized ImageNet
Initialized ImageNet
ImageNet dataset created
ImageNet dataset created
ImageNet dataset created
ImageNet dataset created
ImageNet unsupervised data loader created
ImageNet unsupervised data loader created
ImageNet unsupervised data loader created
ImageNet unsupervised data loader created
Using AdamW
Using AdamW
Using AdamW
Using AdamW
loaded pretrained encoder from epoch 399 with msg: <All keys matched successfully>
loaded pretrained encoder from epoch 399 with msg: <All keys matched successfully>
loaded pretrained encoder from epoch 399 with msg: <All keys matched successfully>
loaded pretrained encoder from epoch 399 with msg: <All keys matched successfully>
loaded pretrained encoder from epoch 399 with msg: <All keys matched successfully>
loaded pretrained encoder from epoch 399 with msg: <All keys matched successfully>
loaded pretrained encoder from epoch 399 with msg: <All keys matched successfully>
loaded pretrained encoder from epoch 399 with msg: <All keys matched successfully>
loaded pretrained encoder from epoch 399 with msg: <All keys matched successfully>
loaded pretrained encoder from epoch 399 with msg: <All keys matched successfully>
loaded pretrained encoder from epoch 399 with msg: <All keys matched successfully>
loaded pretrained encoder from epoch 399 with msg: <All keys matched successfully>
loaded optimizers from epoch 399
loaded optimizers from epoch 399
loaded optimizers from epoch 399
loaded optimizers from epoch 399
read-path: logs_PKT_full/iic-train-L2-seed43/jepa-iic-L2-seed43-ep400.pth.tar
read-path: logs_PKT_full/iic-train-L2-seed43/jepa-iic-L2-seed43-ep400.pth.tar
read-path: logs_PKT_full/iic-train-L2-seed43/jepa-iic-L2-seed43-ep400.pth.tar
read-path: logs_PKT_full/iic-train-L2-seed43/jepa-iic-L2-seed43-ep400.pth.tar
Starting
Starting
Starting
Starting
Iteration: 0
Iteration: 0
Iteration: 0
Iteration: 0
Iteration: 1
Iteration: 1
Iteration: 1
Iteration: 1
time taken for epoch 0:00:01.259260
time taken for epoch 0:00:01.259260
time taken for epoch 0:00:01.259260
time taken for epoch 0:00:01.259260
Total pretraining time 0:00:01.259352
Total pretraining time 0:00:01.259352
Total pretraining time 0:00:01.259352
Total pretraining time 0:00:01.259352
working on file logs_PKT_full/iic-train-L2-seed43/jepa-iic-L2-seed43-ep500.pth.tar out of ['logs_PKT_full/iic-train-L2-seed43/jepa-iic-L2-seed43-ep100.pth.tar', 'logs_PKT_full/iic-train-L2-seed43/jepa-iic-L2-seed43-ep500.pth.tar', 'logs_PKT_full/iic-train-L2-seed43/jepa-iic-L2-seed43-ep300.pth.tar', 'logs_PKT_full/iic-train-L2-seed43/jepa-iic-L2-seed43-ep200.pth.tar', 'logs_PKT_full/iic-train-L2-seed43/jepa-iic-L2-seed43-ep400.pth.tar']...
working on file logs_PKT_full/iic-train-L2-seed43/jepa-iic-L2-seed43-ep500.pth.tar out of ['logs_PKT_full/iic-train-L2-seed43/jepa-iic-L2-seed43-ep100.pth.tar', 'logs_PKT_full/iic-train-L2-seed43/jepa-iic-L2-seed43-ep500.pth.tar', 'logs_PKT_full/iic-train-L2-seed43/jepa-iic-L2-seed43-ep300.pth.tar', 'logs_PKT_full/iic-train-L2-seed43/jepa-iic-L2-seed43-ep200.pth.tar', 'logs_PKT_full/iic-train-L2-seed43/jepa-iic-L2-seed43-ep400.pth.tar']...
working on file logs_PKT_full/iic-train-L2-seed43/jepa-iic-L2-seed43-ep500.pth.tar out of ['logs_PKT_full/iic-train-L2-seed43/jepa-iic-L2-seed43-ep100.pth.tar', 'logs_PKT_full/iic-train-L2-seed43/jepa-iic-L2-seed43-ep500.pth.tar', 'logs_PKT_full/iic-train-L2-seed43/jepa-iic-L2-seed43-ep300.pth.tar', 'logs_PKT_full/iic-train-L2-seed43/jepa-iic-L2-seed43-ep200.pth.tar', 'logs_PKT_full/iic-train-L2-seed43/jepa-iic-L2-seed43-ep400.pth.tar']...
working on file logs_PKT_full/iic-train-L2-seed43/jepa-iic-L2-seed43-ep500.pth.tar out of ['logs_PKT_full/iic-train-L2-seed43/jepa-iic-L2-seed43-ep100.pth.tar', 'logs_PKT_full/iic-train-L2-seed43/jepa-iic-L2-seed43-ep500.pth.tar', 'logs_PKT_full/iic-train-L2-seed43/jepa-iic-L2-seed43-ep300.pth.tar', 'logs_PKT_full/iic-train-L2-seed43/jepa-iic-L2-seed43-ep200.pth.tar', 'logs_PKT_full/iic-train-L2-seed43/jepa-iic-L2-seed43-ep400.pth.tar']...
Initialized (rank/world-size) 0/1
Initialized (rank/world-size) 0/1
Initialized (rank/world-size) 0/1
Initialized (rank/world-size) 0/1
train.py: _GLOBAL_SEED=0
train.py: _GLOBAL_SEED=0
train.py: _GLOBAL_SEED=0
train.py: _GLOBAL_SEED=0
VisionTransformer(
  (patch_embed): PatchEmbed(
    (proj): Conv2d(3, 768, kernel_size=(15, 15), stride=(15, 15))
  )
  (blocks): ModuleList(
    (0-11): 12 x Block(
      (norm1): LayerNorm((768,), eps=1e-06, elementwise_affine=True)
      (attn): Attention(
        (qkv): Linear(in_features=768, out_features=2304, bias=True)
        (attn_drop): Dropout(p=0.0, inplace=False)
        (proj): Linear(in_features=768, out_features=768, bias=True)
        (proj_drop): Dropout(p=0.0, inplace=False)
      )
      (drop_path): Identity()
      (norm2): LayerNorm((768,), eps=1e-06, elementwise_affine=True)
      (mlp): MLP(
        (fc1): Linear(in_features=768, out_features=3072, bias=True)
        (act): GELU(approximate='none')
        (fc2): Linear(in_features=3072, out_features=768, bias=True)
        (drop): Dropout(p=0.0, inplace=False)
      )
    )
  )
  (norm): LayerNorm((768,), eps=1e-06, elementwise_affine=True)
)
VisionTransformer(
  (patch_embed): PatchEmbed(
    (proj): Conv2d(3, 768, kernel_size=(15, 15), stride=(15, 15))
  )
  (blocks): ModuleList(
    (0-11): 12 x Block(
      (norm1): LayerNorm((768,), eps=1e-06, elementwise_affine=True)
      (attn): Attention(
        (qkv): Linear(in_features=768, out_features=2304, bias=True)
        (attn_drop): Dropout(p=0.0, inplace=False)
        (proj): Linear(in_features=768, out_features=768, bias=True)
        (proj_drop): Dropout(p=0.0, inplace=False)
      )
      (drop_path): Identity()
      (norm2): LayerNorm((768,), eps=1e-06, elementwise_affine=True)
      (mlp): MLP(
        (fc1): Linear(in_features=768, out_features=3072, bias=True)
        (act): GELU(approximate='none')
        (fc2): Linear(in_features=3072, out_features=768, bias=True)
        (drop): Dropout(p=0.0, inplace=False)
      )
    )
  )
  (norm): LayerNorm((768,), eps=1e-06, elementwise_affine=True)
)
VisionTransformer(
  (patch_embed): PatchEmbed(
    (proj): Conv2d(3, 768, kernel_size=(15, 15), stride=(15, 15))
  )
  (blocks): ModuleList(
    (0-11): 12 x Block(
      (norm1): LayerNorm((768,), eps=1e-06, elementwise_affine=True)
      (attn): Attention(
        (qkv): Linear(in_features=768, out_features=2304, bias=True)
        (attn_drop): Dropout(p=0.0, inplace=False)
        (proj): Linear(in_features=768, out_features=768, bias=True)
        (proj_drop): Dropout(p=0.0, inplace=False)
      )
      (drop_path): Identity()
      (norm2): LayerNorm((768,), eps=1e-06, elementwise_affine=True)
      (mlp): MLP(
        (fc1): Linear(in_features=768, out_features=3072, bias=True)
        (act): GELU(approximate='none')
        (fc2): Linear(in_features=3072, out_features=768, bias=True)
        (drop): Dropout(p=0.0, inplace=False)
      )
    )
  )
  (norm): LayerNorm((768,), eps=1e-06, elementwise_affine=True)
)
VisionTransformer(
  (patch_embed): PatchEmbed(
    (proj): Conv2d(3, 768, kernel_size=(15, 15), stride=(15, 15))
  )
  (blocks): ModuleList(
    (0-11): 12 x Block(
      (norm1): LayerNorm((768,), eps=1e-06, elementwise_affine=True)
      (attn): Attention(
        (qkv): Linear(in_features=768, out_features=2304, bias=True)
        (attn_drop): Dropout(p=0.0, inplace=False)
        (proj): Linear(in_features=768, out_features=768, bias=True)
        (proj_drop): Dropout(p=0.0, inplace=False)
      )
      (drop_path): Identity()
      (norm2): LayerNorm((768,), eps=1e-06, elementwise_affine=True)
      (mlp): MLP(
        (fc1): Linear(in_features=768, out_features=3072, bias=True)
        (act): GELU(approximate='none')
        (fc2): Linear(in_features=3072, out_features=768, bias=True)
        (drop): Dropout(p=0.0, inplace=False)
      )
    )
  )
  (norm): LayerNorm((768,), eps=1e-06, elementwise_affine=True)
)
VisionTransformer(
  (patch_embed): PatchEmbed(
    (proj): Conv2d(3, 768, kernel_size=(15, 15), stride=(15, 15))
  )
  (blocks): ModuleList(
    (0-11): 12 x Block(
      (norm1): LayerNorm((768,), eps=1e-06, elementwise_affine=True)
      (attn): Attention(
        (qkv): Linear(in_features=768, out_features=2304, bias=True)
        (attn_drop): Dropout(p=0.0, inplace=False)
        (proj): Linear(in_features=768, out_features=768, bias=True)
        (proj_drop): Dropout(p=0.0, inplace=False)
      )
      (drop_path): Identity()
      (norm2): LayerNorm((768,), eps=1e-06, elementwise_affine=True)
      (mlp): MLP(
        (fc1): Linear(in_features=768, out_features=3072, bias=True)
        (act): GELU(approximate='none')
        (fc2): Linear(in_features=3072, out_features=768, bias=True)
        (drop): Dropout(p=0.0, inplace=False)
      )
    )
  )
  (norm): LayerNorm((768,), eps=1e-06, elementwise_affine=True)
)
making imagenet data transforms
making imagenet data transforms
making imagenet data transforms
making imagenet data transforms
making imagenet data transforms
data-path datasets/intel-image-classification/train/
data-path datasets/intel-image-classification/train/
data-path datasets/intel-image-classification/train/
data-path datasets/intel-image-classification/train/
data-path datasets/intel-image-classification/train/
Initialized ImageNet
Initialized ImageNet
Initialized ImageNet
Initialized ImageNet
Initialized ImageNet
ImageNet dataset created
ImageNet dataset created
ImageNet dataset created
ImageNet dataset created
ImageNet dataset created
ImageNet unsupervised data loader created
ImageNet unsupervised data loader created
ImageNet unsupervised data loader created
ImageNet unsupervised data loader created
ImageNet unsupervised data loader created
Using AdamW
Using AdamW
Using AdamW
Using AdamW
Using AdamW
loaded pretrained encoder from epoch 499 with msg: <All keys matched successfully>
loaded pretrained encoder from epoch 499 with msg: <All keys matched successfully>
loaded pretrained encoder from epoch 499 with msg: <All keys matched successfully>
loaded pretrained encoder from epoch 499 with msg: <All keys matched successfully>
loaded pretrained encoder from epoch 499 with msg: <All keys matched successfully>
loaded pretrained encoder from epoch 499 with msg: <All keys matched successfully>
loaded pretrained encoder from epoch 499 with msg: <All keys matched successfully>
loaded pretrained encoder from epoch 499 with msg: <All keys matched successfully>
loaded pretrained encoder from epoch 499 with msg: <All keys matched successfully>
loaded pretrained encoder from epoch 499 with msg: <All keys matched successfully>
loaded pretrained encoder from epoch 499 with msg: <All keys matched successfully>
loaded pretrained encoder from epoch 499 with msg: <All keys matched successfully>
loaded pretrained encoder from epoch 499 with msg: <All keys matched successfully>
loaded pretrained encoder from epoch 499 with msg: <All keys matched successfully>
loaded pretrained encoder from epoch 499 with msg: <All keys matched successfully>
loaded optimizers from epoch 499
loaded optimizers from epoch 499
loaded optimizers from epoch 499
loaded optimizers from epoch 499
loaded optimizers from epoch 499
read-path: logs_PKT_full/iic-train-L2-seed43/jepa-iic-L2-seed43-ep500.pth.tar
read-path: logs_PKT_full/iic-train-L2-seed43/jepa-iic-L2-seed43-ep500.pth.tar
read-path: logs_PKT_full/iic-train-L2-seed43/jepa-iic-L2-seed43-ep500.pth.tar
read-path: logs_PKT_full/iic-train-L2-seed43/jepa-iic-L2-seed43-ep500.pth.tar
read-path: logs_PKT_full/iic-train-L2-seed43/jepa-iic-L2-seed43-ep500.pth.tar
Starting
Starting
Starting
Starting
Starting
Iteration: 0
Iteration: 0
Iteration: 0
Iteration: 0
Iteration: 0
Iteration: 1
Iteration: 1
Iteration: 1
Iteration: 1
Iteration: 1
time taken for epoch 0:00:01.234054
time taken for epoch 0:00:01.234054
time taken for epoch 0:00:01.234054
time taken for epoch 0:00:01.234054
time taken for epoch 0:00:01.234054
Total pretraining time 0:00:01.234164
Total pretraining time 0:00:01.234164
Total pretraining time 0:00:01.234164
Total pretraining time 0:00:01.234164
Total pretraining time 0:00:01.234164
VisionTransformer(
  (patch_embed): PatchEmbed(
    (proj): Conv2d(3, 768, kernel_size=(15, 15), stride=(15, 15))
  )
  (blocks): ModuleList(
    (0-11): 12 x Block(
      (norm1): LayerNorm((768,), eps=1e-06, elementwise_affine=True)
      (attn): Attention(
        (qkv): Linear(in_features=768, out_features=2304, bias=True)
        (attn_drop): Dropout(p=0.0, inplace=False)
        (proj): Linear(in_features=768, out_features=768, bias=True)
        (proj_drop): Dropout(p=0.0, inplace=False)
      )
      (drop_path): Identity()
      (norm2): LayerNorm((768,), eps=1e-06, elementwise_affine=True)
      (mlp): MLP(
        (fc1): Linear(in_features=768, out_features=3072, bias=True)
        (act): GELU(approximate='none')
        (fc2): Linear(in_features=3072, out_features=768, bias=True)
        (drop): Dropout(p=0.0, inplace=False)
      )
    )
  )
  (norm): LayerNorm((768,), eps=1e-06, elementwise_affine=True)
)
making imagenet data transforms
data-path datasets/intel-image-classification/train/
Initialized ImageNet
ImageNet dataset created
ImageNet unsupervised data loader created
Using AdamW
loaded pretrained encoder from epoch 99 with msg: <All keys matched successfully>
loaded pretrained encoder from epoch 99 with msg: <All keys matched successfully>
loaded pretrained encoder from epoch 99 with msg: <All keys matched successfully>
loaded optimizers from epoch 99
read-path: logs_PKT_full/iic-train-L2-seed43/jepa-iic-L2-seed43-ep100.pth.tar
Starting
Iteration: 0
Iteration: 1
time taken for epoch 0:00:01.444369
Total pretraining time 0:00:01.444450
working on file logs_PKT_full/iic-train-L2-seed43/jepa-iic-L2-seed43-ep200.pth.tar out of ['logs_PKT_full/iic-train-L2-seed43/jepa-iic-L2-seed43-ep100.pth.tar', 'logs_PKT_full/iic-train-L2-seed43/jepa-iic-L2-seed43-ep500.pth.tar', 'logs_PKT_full/iic-train-L2-seed43/jepa-iic-L2-seed43-ep300.pth.tar', 'logs_PKT_full/iic-train-L2-seed43/jepa-iic-L2-seed43-ep200.pth.tar', 'logs_PKT_full/iic-train-L2-seed43/jepa-iic-L2-seed43-ep400.pth.tar']...
Initialized (rank/world-size) 0/1
train.py: _GLOBAL_SEED=0
VisionTransformer(
  (patch_embed): PatchEmbed(
    (proj): Conv2d(3, 768, kernel_size=(15, 15), stride=(15, 15))
  )
  (blocks): ModuleList(
    (0-11): 12 x Block(
      (norm1): LayerNorm((768,), eps=1e-06, elementwise_affine=True)
      (attn): Attention(
        (qkv): Linear(in_features=768, out_features=2304, bias=True)
        (attn_drop): Dropout(p=0.0, inplace=False)
        (proj): Linear(in_features=768, out_features=768, bias=True)
        (proj_drop): Dropout(p=0.0, inplace=False)
      )
      (drop_path): Identity()
      (norm2): LayerNorm((768,), eps=1e-06, elementwise_affine=True)
      (mlp): MLP(
        (fc1): Linear(in_features=768, out_features=3072, bias=True)
        (act): GELU(approximate='none')
        (fc2): Linear(in_features=3072, out_features=768, bias=True)
        (drop): Dropout(p=0.0, inplace=False)
      )
    )
  )
  (norm): LayerNorm((768,), eps=1e-06, elementwise_affine=True)
)
VisionTransformer(
  (patch_embed): PatchEmbed(
    (proj): Conv2d(3, 768, kernel_size=(15, 15), stride=(15, 15))
  )
  (blocks): ModuleList(
    (0-11): 12 x Block(
      (norm1): LayerNorm((768,), eps=1e-06, elementwise_affine=True)
      (attn): Attention(
        (qkv): Linear(in_features=768, out_features=2304, bias=True)
        (attn_drop): Dropout(p=0.0, inplace=False)
        (proj): Linear(in_features=768, out_features=768, bias=True)
        (proj_drop): Dropout(p=0.0, inplace=False)
      )
      (drop_path): Identity()
      (norm2): LayerNorm((768,), eps=1e-06, elementwise_affine=True)
      (mlp): MLP(
        (fc1): Linear(in_features=768, out_features=3072, bias=True)
        (act): GELU(approximate='none')
        (fc2): Linear(in_features=3072, out_features=768, bias=True)
        (drop): Dropout(p=0.0, inplace=False)
      )
    )
  )
  (norm): LayerNorm((768,), eps=1e-06, elementwise_affine=True)
)
making imagenet data transforms
making imagenet data transforms
data-path datasets/intel-image-classification/train/
data-path datasets/intel-image-classification/train/
Initialized ImageNet
Initialized ImageNet
ImageNet dataset created
ImageNet dataset created
ImageNet unsupervised data loader created
ImageNet unsupervised data loader created
Using AdamW
Using AdamW
loaded pretrained encoder from epoch 199 with msg: <All keys matched successfully>
loaded pretrained encoder from epoch 199 with msg: <All keys matched successfully>
loaded pretrained encoder from epoch 199 with msg: <All keys matched successfully>
loaded pretrained encoder from epoch 199 with msg: <All keys matched successfully>
loaded pretrained encoder from epoch 199 with msg: <All keys matched successfully>
loaded pretrained encoder from epoch 199 with msg: <All keys matched successfully>
loaded optimizers from epoch 199
loaded optimizers from epoch 199
read-path: logs_PKT_full/iic-train-L2-seed43/jepa-iic-L2-seed43-ep200.pth.tar
read-path: logs_PKT_full/iic-train-L2-seed43/jepa-iic-L2-seed43-ep200.pth.tar
Starting
Starting
Iteration: 0
Iteration: 0
Iteration: 1
Iteration: 1
time taken for epoch 0:00:01.361292
time taken for epoch 0:00:01.361292
Total pretraining time 0:00:01.361382
Total pretraining time 0:00:01.361382
working on file logs_PKT_full/iic-train-L2-seed43/jepa-iic-L2-seed43-ep300.pth.tar out of ['logs_PKT_full/iic-train-L2-seed43/jepa-iic-L2-seed43-ep100.pth.tar', 'logs_PKT_full/iic-train-L2-seed43/jepa-iic-L2-seed43-ep500.pth.tar', 'logs_PKT_full/iic-train-L2-seed43/jepa-iic-L2-seed43-ep300.pth.tar', 'logs_PKT_full/iic-train-L2-seed43/jepa-iic-L2-seed43-ep200.pth.tar', 'logs_PKT_full/iic-train-L2-seed43/jepa-iic-L2-seed43-ep400.pth.tar']...
working on file logs_PKT_full/iic-train-L2-seed43/jepa-iic-L2-seed43-ep300.pth.tar out of ['logs_PKT_full/iic-train-L2-seed43/jepa-iic-L2-seed43-ep100.pth.tar', 'logs_PKT_full/iic-train-L2-seed43/jepa-iic-L2-seed43-ep500.pth.tar', 'logs_PKT_full/iic-train-L2-seed43/jepa-iic-L2-seed43-ep300.pth.tar', 'logs_PKT_full/iic-train-L2-seed43/jepa-iic-L2-seed43-ep200.pth.tar', 'logs_PKT_full/iic-train-L2-seed43/jepa-iic-L2-seed43-ep400.pth.tar']...
Initialized (rank/world-size) 0/1
Initialized (rank/world-size) 0/1
train.py: _GLOBAL_SEED=0
train.py: _GLOBAL_SEED=0
VisionTransformer(
  (patch_embed): PatchEmbed(
    (proj): Conv2d(3, 768, kernel_size=(15, 15), stride=(15, 15))
  )
  (blocks): ModuleList(
    (0-11): 12 x Block(
      (norm1): LayerNorm((768,), eps=1e-06, elementwise_affine=True)
      (attn): Attention(
        (qkv): Linear(in_features=768, out_features=2304, bias=True)
        (attn_drop): Dropout(p=0.0, inplace=False)
        (proj): Linear(in_features=768, out_features=768, bias=True)
        (proj_drop): Dropout(p=0.0, inplace=False)
      )
      (drop_path): Identity()
      (norm2): LayerNorm((768,), eps=1e-06, elementwise_affine=True)
      (mlp): MLP(
        (fc1): Linear(in_features=768, out_features=3072, bias=True)
        (act): GELU(approximate='none')
        (fc2): Linear(in_features=3072, out_features=768, bias=True)
        (drop): Dropout(p=0.0, inplace=False)
      )
    )
  )
  (norm): LayerNorm((768,), eps=1e-06, elementwise_affine=True)
)
VisionTransformer(
  (patch_embed): PatchEmbed(
    (proj): Conv2d(3, 768, kernel_size=(15, 15), stride=(15, 15))
  )
  (blocks): ModuleList(
    (0-11): 12 x Block(
      (norm1): LayerNorm((768,), eps=1e-06, elementwise_affine=True)
      (attn): Attention(
        (qkv): Linear(in_features=768, out_features=2304, bias=True)
        (attn_drop): Dropout(p=0.0, inplace=False)
        (proj): Linear(in_features=768, out_features=768, bias=True)
        (proj_drop): Dropout(p=0.0, inplace=False)
      )
      (drop_path): Identity()
      (norm2): LayerNorm((768,), eps=1e-06, elementwise_affine=True)
      (mlp): MLP(
        (fc1): Linear(in_features=768, out_features=3072, bias=True)
        (act): GELU(approximate='none')
        (fc2): Linear(in_features=3072, out_features=768, bias=True)
        (drop): Dropout(p=0.0, inplace=False)
      )
    )
  )
  (norm): LayerNorm((768,), eps=1e-06, elementwise_affine=True)
)
VisionTransformer(
  (patch_embed): PatchEmbed(
    (proj): Conv2d(3, 768, kernel_size=(15, 15), stride=(15, 15))
  )
  (blocks): ModuleList(
    (0-11): 12 x Block(
      (norm1): LayerNorm((768,), eps=1e-06, elementwise_affine=True)
      (attn): Attention(
        (qkv): Linear(in_features=768, out_features=2304, bias=True)
        (attn_drop): Dropout(p=0.0, inplace=False)
        (proj): Linear(in_features=768, out_features=768, bias=True)
        (proj_drop): Dropout(p=0.0, inplace=False)
      )
      (drop_path): Identity()
      (norm2): LayerNorm((768,), eps=1e-06, elementwise_affine=True)
      (mlp): MLP(
        (fc1): Linear(in_features=768, out_features=3072, bias=True)
        (act): GELU(approximate='none')
        (fc2): Linear(in_features=3072, out_features=768, bias=True)
        (drop): Dropout(p=0.0, inplace=False)
      )
    )
  )
  (norm): LayerNorm((768,), eps=1e-06, elementwise_affine=True)
)
making imagenet data transforms
making imagenet data transforms
making imagenet data transforms
data-path datasets/intel-image-classification/train/
data-path datasets/intel-image-classification/train/
data-path datasets/intel-image-classification/train/
Initialized ImageNet
Initialized ImageNet
Initialized ImageNet
ImageNet dataset created
ImageNet dataset created
ImageNet dataset created
ImageNet unsupervised data loader created
ImageNet unsupervised data loader created
ImageNet unsupervised data loader created
Using AdamW
Using AdamW
Using AdamW
loaded pretrained encoder from epoch 299 with msg: <All keys matched successfully>
loaded pretrained encoder from epoch 299 with msg: <All keys matched successfully>
loaded pretrained encoder from epoch 299 with msg: <All keys matched successfully>
loaded pretrained encoder from epoch 299 with msg: <All keys matched successfully>
loaded pretrained encoder from epoch 299 with msg: <All keys matched successfully>
loaded pretrained encoder from epoch 299 with msg: <All keys matched successfully>
loaded pretrained encoder from epoch 299 with msg: <All keys matched successfully>
loaded pretrained encoder from epoch 299 with msg: <All keys matched successfully>
loaded pretrained encoder from epoch 299 with msg: <All keys matched successfully>
loaded optimizers from epoch 299
loaded optimizers from epoch 299
loaded optimizers from epoch 299
read-path: logs_PKT_full/iic-train-L2-seed43/jepa-iic-L2-seed43-ep300.pth.tar
read-path: logs_PKT_full/iic-train-L2-seed43/jepa-iic-L2-seed43-ep300.pth.tar
read-path: logs_PKT_full/iic-train-L2-seed43/jepa-iic-L2-seed43-ep300.pth.tar
Starting
Starting
Starting
Iteration: 0
Iteration: 0
Iteration: 0
Iteration: 1
Iteration: 1
Iteration: 1
time taken for epoch 0:00:01.313818
time taken for epoch 0:00:01.313818
time taken for epoch 0:00:01.313818
Total pretraining time 0:00:01.313908
Total pretraining time 0:00:01.313908
Total pretraining time 0:00:01.313908
working on file logs_PKT_full/iic-train-L2-seed43/jepa-iic-L2-seed43-ep400.pth.tar out of ['logs_PKT_full/iic-train-L2-seed43/jepa-iic-L2-seed43-ep100.pth.tar', 'logs_PKT_full/iic-train-L2-seed43/jepa-iic-L2-seed43-ep500.pth.tar', 'logs_PKT_full/iic-train-L2-seed43/jepa-iic-L2-seed43-ep300.pth.tar', 'logs_PKT_full/iic-train-L2-seed43/jepa-iic-L2-seed43-ep200.pth.tar', 'logs_PKT_full/iic-train-L2-seed43/jepa-iic-L2-seed43-ep400.pth.tar']...
working on file logs_PKT_full/iic-train-L2-seed43/jepa-iic-L2-seed43-ep400.pth.tar out of ['logs_PKT_full/iic-train-L2-seed43/jepa-iic-L2-seed43-ep100.pth.tar', 'logs_PKT_full/iic-train-L2-seed43/jepa-iic-L2-seed43-ep500.pth.tar', 'logs_PKT_full/iic-train-L2-seed43/jepa-iic-L2-seed43-ep300.pth.tar', 'logs_PKT_full/iic-train-L2-seed43/jepa-iic-L2-seed43-ep200.pth.tar', 'logs_PKT_full/iic-train-L2-seed43/jepa-iic-L2-seed43-ep400.pth.tar']...
working on file logs_PKT_full/iic-train-L2-seed43/jepa-iic-L2-seed43-ep400.pth.tar out of ['logs_PKT_full/iic-train-L2-seed43/jepa-iic-L2-seed43-ep100.pth.tar', 'logs_PKT_full/iic-train-L2-seed43/jepa-iic-L2-seed43-ep500.pth.tar', 'logs_PKT_full/iic-train-L2-seed43/jepa-iic-L2-seed43-ep300.pth.tar', 'logs_PKT_full/iic-train-L2-seed43/jepa-iic-L2-seed43-ep200.pth.tar', 'logs_PKT_full/iic-train-L2-seed43/jepa-iic-L2-seed43-ep400.pth.tar']...
Initialized (rank/world-size) 0/1
Initialized (rank/world-size) 0/1
Initialized (rank/world-size) 0/1
train.py: _GLOBAL_SEED=0
train.py: _GLOBAL_SEED=0
train.py: _GLOBAL_SEED=0
VisionTransformer(
  (patch_embed): PatchEmbed(
    (proj): Conv2d(3, 768, kernel_size=(15, 15), stride=(15, 15))
  )
  (blocks): ModuleList(
    (0-11): 12 x Block(
      (norm1): LayerNorm((768,), eps=1e-06, elementwise_affine=True)
      (attn): Attention(
        (qkv): Linear(in_features=768, out_features=2304, bias=True)
        (attn_drop): Dropout(p=0.0, inplace=False)
        (proj): Linear(in_features=768, out_features=768, bias=True)
        (proj_drop): Dropout(p=0.0, inplace=False)
      )
      (drop_path): Identity()
      (norm2): LayerNorm((768,), eps=1e-06, elementwise_affine=True)
      (mlp): MLP(
        (fc1): Linear(in_features=768, out_features=3072, bias=True)
        (act): GELU(approximate='none')
        (fc2): Linear(in_features=3072, out_features=768, bias=True)
        (drop): Dropout(p=0.0, inplace=False)
      )
    )
  )
  (norm): LayerNorm((768,), eps=1e-06, elementwise_affine=True)
)
VisionTransformer(
  (patch_embed): PatchEmbed(
    (proj): Conv2d(3, 768, kernel_size=(15, 15), stride=(15, 15))
  )
  (blocks): ModuleList(
    (0-11): 12 x Block(
      (norm1): LayerNorm((768,), eps=1e-06, elementwise_affine=True)
      (attn): Attention(
        (qkv): Linear(in_features=768, out_features=2304, bias=True)
        (attn_drop): Dropout(p=0.0, inplace=False)
        (proj): Linear(in_features=768, out_features=768, bias=True)
        (proj_drop): Dropout(p=0.0, inplace=False)
      )
      (drop_path): Identity()
      (norm2): LayerNorm((768,), eps=1e-06, elementwise_affine=True)
      (mlp): MLP(
        (fc1): Linear(in_features=768, out_features=3072, bias=True)
        (act): GELU(approximate='none')
        (fc2): Linear(in_features=3072, out_features=768, bias=True)
        (drop): Dropout(p=0.0, inplace=False)
      )
    )
  )
  (norm): LayerNorm((768,), eps=1e-06, elementwise_affine=True)
)
VisionTransformer(
  (patch_embed): PatchEmbed(
    (proj): Conv2d(3, 768, kernel_size=(15, 15), stride=(15, 15))
  )
  (blocks): ModuleList(
    (0-11): 12 x Block(
      (norm1): LayerNorm((768,), eps=1e-06, elementwise_affine=True)
      (attn): Attention(
        (qkv): Linear(in_features=768, out_features=2304, bias=True)
        (attn_drop): Dropout(p=0.0, inplace=False)
        (proj): Linear(in_features=768, out_features=768, bias=True)
        (proj_drop): Dropout(p=0.0, inplace=False)
      )
      (drop_path): Identity()
      (norm2): LayerNorm((768,), eps=1e-06, elementwise_affine=True)
      (mlp): MLP(
        (fc1): Linear(in_features=768, out_features=3072, bias=True)
        (act): GELU(approximate='none')
        (fc2): Linear(in_features=3072, out_features=768, bias=True)
        (drop): Dropout(p=0.0, inplace=False)
      )
    )
  )
  (norm): LayerNorm((768,), eps=1e-06, elementwise_affine=True)
)
VisionTransformer(
  (patch_embed): PatchEmbed(
    (proj): Conv2d(3, 768, kernel_size=(15, 15), stride=(15, 15))
  )
  (blocks): ModuleList(
    (0-11): 12 x Block(
      (norm1): LayerNorm((768,), eps=1e-06, elementwise_affine=True)
      (attn): Attention(
        (qkv): Linear(in_features=768, out_features=2304, bias=True)
        (attn_drop): Dropout(p=0.0, inplace=False)
        (proj): Linear(in_features=768, out_features=768, bias=True)
        (proj_drop): Dropout(p=0.0, inplace=False)
      )
      (drop_path): Identity()
      (norm2): LayerNorm((768,), eps=1e-06, elementwise_affine=True)
      (mlp): MLP(
        (fc1): Linear(in_features=768, out_features=3072, bias=True)
        (act): GELU(approximate='none')
        (fc2): Linear(in_features=3072, out_features=768, bias=True)
        (drop): Dropout(p=0.0, inplace=False)
      )
    )
  )
  (norm): LayerNorm((768,), eps=1e-06, elementwise_affine=True)
)
making imagenet data transforms
making imagenet data transforms
making imagenet data transforms
making imagenet data transforms
data-path datasets/intel-image-classification/train/
data-path datasets/intel-image-classification/train/
data-path datasets/intel-image-classification/train/
data-path datasets/intel-image-classification/train/
Initialized ImageNet
Initialized ImageNet
Initialized ImageNet
Initialized ImageNet
ImageNet dataset created
ImageNet dataset created
ImageNet dataset created
ImageNet dataset created
ImageNet unsupervised data loader created
ImageNet unsupervised data loader created
ImageNet unsupervised data loader created
ImageNet unsupervised data loader created
Using AdamW
Using AdamW
Using AdamW
Using AdamW
loaded pretrained encoder from epoch 399 with msg: <All keys matched successfully>
loaded pretrained encoder from epoch 399 with msg: <All keys matched successfully>
loaded pretrained encoder from epoch 399 with msg: <All keys matched successfully>
loaded pretrained encoder from epoch 399 with msg: <All keys matched successfully>
loaded pretrained encoder from epoch 399 with msg: <All keys matched successfully>
loaded pretrained encoder from epoch 399 with msg: <All keys matched successfully>
loaded pretrained encoder from epoch 399 with msg: <All keys matched successfully>
loaded pretrained encoder from epoch 399 with msg: <All keys matched successfully>
loaded pretrained encoder from epoch 399 with msg: <All keys matched successfully>
loaded pretrained encoder from epoch 399 with msg: <All keys matched successfully>
loaded pretrained encoder from epoch 399 with msg: <All keys matched successfully>
loaded pretrained encoder from epoch 399 with msg: <All keys matched successfully>
loaded optimizers from epoch 399
loaded optimizers from epoch 399
loaded optimizers from epoch 399
loaded optimizers from epoch 399
read-path: logs_PKT_full/iic-train-L2-seed43/jepa-iic-L2-seed43-ep400.pth.tar
read-path: logs_PKT_full/iic-train-L2-seed43/jepa-iic-L2-seed43-ep400.pth.tar
read-path: logs_PKT_full/iic-train-L2-seed43/jepa-iic-L2-seed43-ep400.pth.tar
read-path: logs_PKT_full/iic-train-L2-seed43/jepa-iic-L2-seed43-ep400.pth.tar
Starting
Starting
Starting
Starting
Iteration: 0
Iteration: 0
Iteration: 0
Iteration: 0
Iteration: 1
Iteration: 1
Iteration: 1
Iteration: 1
time taken for epoch 0:00:01.366773
time taken for epoch 0:00:01.366773
time taken for epoch 0:00:01.366773
time taken for epoch 0:00:01.366773
Total pretraining time 0:00:01.366867
Total pretraining time 0:00:01.366867
Total pretraining time 0:00:01.366867
Total pretraining time 0:00:01.366867
working on file logs_PKT_full/iic-train-L2-seed43/jepa-iic-L2-seed43-ep500.pth.tar out of ['logs_PKT_full/iic-train-L2-seed43/jepa-iic-L2-seed43-ep100.pth.tar', 'logs_PKT_full/iic-train-L2-seed43/jepa-iic-L2-seed43-ep500.pth.tar', 'logs_PKT_full/iic-train-L2-seed43/jepa-iic-L2-seed43-ep300.pth.tar', 'logs_PKT_full/iic-train-L2-seed43/jepa-iic-L2-seed43-ep200.pth.tar', 'logs_PKT_full/iic-train-L2-seed43/jepa-iic-L2-seed43-ep400.pth.tar']...
working on file logs_PKT_full/iic-train-L2-seed43/jepa-iic-L2-seed43-ep500.pth.tar out of ['logs_PKT_full/iic-train-L2-seed43/jepa-iic-L2-seed43-ep100.pth.tar', 'logs_PKT_full/iic-train-L2-seed43/jepa-iic-L2-seed43-ep500.pth.tar', 'logs_PKT_full/iic-train-L2-seed43/jepa-iic-L2-seed43-ep300.pth.tar', 'logs_PKT_full/iic-train-L2-seed43/jepa-iic-L2-seed43-ep200.pth.tar', 'logs_PKT_full/iic-train-L2-seed43/jepa-iic-L2-seed43-ep400.pth.tar']...
working on file logs_PKT_full/iic-train-L2-seed43/jepa-iic-L2-seed43-ep500.pth.tar out of ['logs_PKT_full/iic-train-L2-seed43/jepa-iic-L2-seed43-ep100.pth.tar', 'logs_PKT_full/iic-train-L2-seed43/jepa-iic-L2-seed43-ep500.pth.tar', 'logs_PKT_full/iic-train-L2-seed43/jepa-iic-L2-seed43-ep300.pth.tar', 'logs_PKT_full/iic-train-L2-seed43/jepa-iic-L2-seed43-ep200.pth.tar', 'logs_PKT_full/iic-train-L2-seed43/jepa-iic-L2-seed43-ep400.pth.tar']...
working on file logs_PKT_full/iic-train-L2-seed43/jepa-iic-L2-seed43-ep500.pth.tar out of ['logs_PKT_full/iic-train-L2-seed43/jepa-iic-L2-seed43-ep100.pth.tar', 'logs_PKT_full/iic-train-L2-seed43/jepa-iic-L2-seed43-ep500.pth.tar', 'logs_PKT_full/iic-train-L2-seed43/jepa-iic-L2-seed43-ep300.pth.tar', 'logs_PKT_full/iic-train-L2-seed43/jepa-iic-L2-seed43-ep200.pth.tar', 'logs_PKT_full/iic-train-L2-seed43/jepa-iic-L2-seed43-ep400.pth.tar']...
Initialized (rank/world-size) 0/1
Initialized (rank/world-size) 0/1
Initialized (rank/world-size) 0/1
Initialized (rank/world-size) 0/1
train.py: _GLOBAL_SEED=0
train.py: _GLOBAL_SEED=0
train.py: _GLOBAL_SEED=0
train.py: _GLOBAL_SEED=0
VisionTransformer(
  (patch_embed): PatchEmbed(
    (proj): Conv2d(3, 768, kernel_size=(15, 15), stride=(15, 15))
  )
  (blocks): ModuleList(
    (0-11): 12 x Block(
      (norm1): LayerNorm((768,), eps=1e-06, elementwise_affine=True)
      (attn): Attention(
        (qkv): Linear(in_features=768, out_features=2304, bias=True)
        (attn_drop): Dropout(p=0.0, inplace=False)
        (proj): Linear(in_features=768, out_features=768, bias=True)
        (proj_drop): Dropout(p=0.0, inplace=False)
      )
      (drop_path): Identity()
      (norm2): LayerNorm((768,), eps=1e-06, elementwise_affine=True)
      (mlp): MLP(
        (fc1): Linear(in_features=768, out_features=3072, bias=True)
        (act): GELU(approximate='none')
        (fc2): Linear(in_features=3072, out_features=768, bias=True)
        (drop): Dropout(p=0.0, inplace=False)
      )
    )
  )
  (norm): LayerNorm((768,), eps=1e-06, elementwise_affine=True)
)
VisionTransformer(
  (patch_embed): PatchEmbed(
    (proj): Conv2d(3, 768, kernel_size=(15, 15), stride=(15, 15))
  )
  (blocks): ModuleList(
    (0-11): 12 x Block(
      (norm1): LayerNorm((768,), eps=1e-06, elementwise_affine=True)
      (attn): Attention(
        (qkv): Linear(in_features=768, out_features=2304, bias=True)
        (attn_drop): Dropout(p=0.0, inplace=False)
        (proj): Linear(in_features=768, out_features=768, bias=True)
        (proj_drop): Dropout(p=0.0, inplace=False)
      )
      (drop_path): Identity()
      (norm2): LayerNorm((768,), eps=1e-06, elementwise_affine=True)
      (mlp): MLP(
        (fc1): Linear(in_features=768, out_features=3072, bias=True)
        (act): GELU(approximate='none')
        (fc2): Linear(in_features=3072, out_features=768, bias=True)
        (drop): Dropout(p=0.0, inplace=False)
      )
    )
  )
  (norm): LayerNorm((768,), eps=1e-06, elementwise_affine=True)
)
VisionTransformer(
  (patch_embed): PatchEmbed(
    (proj): Conv2d(3, 768, kernel_size=(15, 15), stride=(15, 15))
  )
  (blocks): ModuleList(
    (0-11): 12 x Block(
      (norm1): LayerNorm((768,), eps=1e-06, elementwise_affine=True)
      (attn): Attention(
        (qkv): Linear(in_features=768, out_features=2304, bias=True)
        (attn_drop): Dropout(p=0.0, inplace=False)
        (proj): Linear(in_features=768, out_features=768, bias=True)
        (proj_drop): Dropout(p=0.0, inplace=False)
      )
      (drop_path): Identity()
      (norm2): LayerNorm((768,), eps=1e-06, elementwise_affine=True)
      (mlp): MLP(
        (fc1): Linear(in_features=768, out_features=3072, bias=True)
        (act): GELU(approximate='none')
        (fc2): Linear(in_features=3072, out_features=768, bias=True)
        (drop): Dropout(p=0.0, inplace=False)
      )
    )
  )
  (norm): LayerNorm((768,), eps=1e-06, elementwise_affine=True)
)
VisionTransformer(
  (patch_embed): PatchEmbed(
    (proj): Conv2d(3, 768, kernel_size=(15, 15), stride=(15, 15))
  )
  (blocks): ModuleList(
    (0-11): 12 x Block(
      (norm1): LayerNorm((768,), eps=1e-06, elementwise_affine=True)
      (attn): Attention(
        (qkv): Linear(in_features=768, out_features=2304, bias=True)
        (attn_drop): Dropout(p=0.0, inplace=False)
        (proj): Linear(in_features=768, out_features=768, bias=True)
        (proj_drop): Dropout(p=0.0, inplace=False)
      )
      (drop_path): Identity()
      (norm2): LayerNorm((768,), eps=1e-06, elementwise_affine=True)
      (mlp): MLP(
        (fc1): Linear(in_features=768, out_features=3072, bias=True)
        (act): GELU(approximate='none')
        (fc2): Linear(in_features=3072, out_features=768, bias=True)
        (drop): Dropout(p=0.0, inplace=False)
      )
    )
  )
  (norm): LayerNorm((768,), eps=1e-06, elementwise_affine=True)
)
VisionTransformer(
  (patch_embed): PatchEmbed(
    (proj): Conv2d(3, 768, kernel_size=(15, 15), stride=(15, 15))
  )
  (blocks): ModuleList(
    (0-11): 12 x Block(
      (norm1): LayerNorm((768,), eps=1e-06, elementwise_affine=True)
      (attn): Attention(
        (qkv): Linear(in_features=768, out_features=2304, bias=True)
        (attn_drop): Dropout(p=0.0, inplace=False)
        (proj): Linear(in_features=768, out_features=768, bias=True)
        (proj_drop): Dropout(p=0.0, inplace=False)
      )
      (drop_path): Identity()
      (norm2): LayerNorm((768,), eps=1e-06, elementwise_affine=True)
      (mlp): MLP(
        (fc1): Linear(in_features=768, out_features=3072, bias=True)
        (act): GELU(approximate='none')
        (fc2): Linear(in_features=3072, out_features=768, bias=True)
        (drop): Dropout(p=0.0, inplace=False)
      )
    )
  )
  (norm): LayerNorm((768,), eps=1e-06, elementwise_affine=True)
)
making imagenet data transforms
making imagenet data transforms
making imagenet data transforms
making imagenet data transforms
making imagenet data transforms
data-path datasets/intel-image-classification/train/
data-path datasets/intel-image-classification/train/
data-path datasets/intel-image-classification/train/
data-path datasets/intel-image-classification/train/
data-path datasets/intel-image-classification/train/
Initialized ImageNet
Initialized ImageNet
Initialized ImageNet
Initialized ImageNet
Initialized ImageNet
ImageNet dataset created
ImageNet dataset created
ImageNet dataset created
ImageNet dataset created
ImageNet dataset created
ImageNet unsupervised data loader created
ImageNet unsupervised data loader created
ImageNet unsupervised data loader created
ImageNet unsupervised data loader created
ImageNet unsupervised data loader created
Using AdamW
Using AdamW
Using AdamW
Using AdamW
Using AdamW
loaded pretrained encoder from epoch 499 with msg: <All keys matched successfully>
loaded pretrained encoder from epoch 499 with msg: <All keys matched successfully>
loaded pretrained encoder from epoch 499 with msg: <All keys matched successfully>
loaded pretrained encoder from epoch 499 with msg: <All keys matched successfully>
loaded pretrained encoder from epoch 499 with msg: <All keys matched successfully>
loaded pretrained encoder from epoch 499 with msg: <All keys matched successfully>
loaded pretrained encoder from epoch 499 with msg: <All keys matched successfully>
loaded pretrained encoder from epoch 499 with msg: <All keys matched successfully>
loaded pretrained encoder from epoch 499 with msg: <All keys matched successfully>
loaded pretrained encoder from epoch 499 with msg: <All keys matched successfully>
loaded pretrained encoder from epoch 499 with msg: <All keys matched successfully>
loaded pretrained encoder from epoch 499 with msg: <All keys matched successfully>
loaded pretrained encoder from epoch 499 with msg: <All keys matched successfully>
loaded pretrained encoder from epoch 499 with msg: <All keys matched successfully>
loaded pretrained encoder from epoch 499 with msg: <All keys matched successfully>
loaded optimizers from epoch 499
loaded optimizers from epoch 499
loaded optimizers from epoch 499
loaded optimizers from epoch 499
loaded optimizers from epoch 499
read-path: logs_PKT_full/iic-train-L2-seed43/jepa-iic-L2-seed43-ep500.pth.tar
read-path: logs_PKT_full/iic-train-L2-seed43/jepa-iic-L2-seed43-ep500.pth.tar
read-path: logs_PKT_full/iic-train-L2-seed43/jepa-iic-L2-seed43-ep500.pth.tar
read-path: logs_PKT_full/iic-train-L2-seed43/jepa-iic-L2-seed43-ep500.pth.tar
read-path: logs_PKT_full/iic-train-L2-seed43/jepa-iic-L2-seed43-ep500.pth.tar
Starting
Starting
Starting
Starting
Starting
Iteration: 0
Iteration: 0
Iteration: 0
Iteration: 0
Iteration: 0
Iteration: 1
Iteration: 1
Iteration: 1
Iteration: 1
Iteration: 1
time taken for epoch 0:00:01.359765
time taken for epoch 0:00:01.359765
time taken for epoch 0:00:01.359765
time taken for epoch 0:00:01.359765
time taken for epoch 0:00:01.359765
Total pretraining time 0:00:01.359873
Total pretraining time 0:00:01.359873
Total pretraining time 0:00:01.359873
Total pretraining time 0:00:01.359873
Total pretraining time 0:00:01.359873
