Directory classifiers/jepa-iic-PKT-seed-10-classifier-pretrained-vitb-normalized-ep500 for saving the classifiers is now present
VisionTransformer(
  (patch_embed): PatchEmbed(
    (proj): Conv2d(3, 768, kernel_size=(15, 15), stride=(15, 15))
  )
  (blocks): ModuleList(
    (0-11): 12 x Block(
      (norm1): LayerNorm((768,), eps=1e-06, elementwise_affine=True)
      (attn): Attention(
        (qkv): Linear(in_features=768, out_features=2304, bias=True)
        (attn_drop): Dropout(p=0.0, inplace=False)
        (proj): Linear(in_features=768, out_features=768, bias=True)
        (proj_drop): Dropout(p=0.0, inplace=False)
      )
      (drop_path): Identity()
      (norm2): LayerNorm((768,), eps=1e-06, elementwise_affine=True)
      (mlp): MLP(
        (fc1): Linear(in_features=768, out_features=3072, bias=True)
        (act): GELU(approximate='none')
        (fc2): Linear(in_features=3072, out_features=768, bias=True)
        (drop): Dropout(p=0.0, inplace=False)
      )
    )
  )
  (norm): LayerNorm((768,), eps=1e-06, elementwise_affine=True)
)
Extracting features and saving them locally..
Epoch: 1/200 Train accuracy: 4.16987e-01 Validation accuracy: 6.14333e-01 Loss 1.27798e-02 Time taken: 1.56 seconds 
Epoch: 2/200 Train accuracy: 6.06670e-01 Validation accuracy: 6.77667e-01 Loss 1.14576e-02 Time taken: 1.54 seconds 
Epoch: 3/200 Train accuracy: 6.67735e-01 Validation accuracy: 7.02667e-01 Loss 1.09808e-02 Time taken: 1.55 seconds 
Epoch: 4/200 Train accuracy: 6.90537e-01 Validation accuracy: 7.17333e-01 Loss 1.07745e-02 Time taken: 1.54 seconds 
Epoch: 5/200 Train accuracy: 7.02864e-01 Validation accuracy: 7.21000e-01 Loss 1.06616e-02 Time taken: 1.54 seconds 
Epoch: 6/200 Train accuracy: 7.12128e-01 Validation accuracy: 7.20667e-01 Loss 1.05794e-02 Time taken: 1.53 seconds 
Epoch: 7/200 Train accuracy: 7.19681e-01 Validation accuracy: 7.29000e-01 Loss 1.05170e-02 Time taken: 1.55 seconds 
Epoch: 8/200 Train accuracy: 7.25025e-01 Validation accuracy: 7.26000e-01 Loss 1.04742e-02 Time taken: 1.54 seconds 
Epoch: 9/200 Train accuracy: 7.26593e-01 Validation accuracy: 7.32000e-01 Loss 1.04229e-02 Time taken: 1.54 seconds 
Epoch: 10/200 Train accuracy: 7.29300e-01 Validation accuracy: 7.34667e-01 Loss 1.04103e-02 Time taken: 1.54 seconds 
Epoch: 11/200 Train accuracy: 7.32792e-01 Validation accuracy: 7.36333e-01 Loss 1.03791e-02 Time taken: 1.54 seconds 
Epoch: 12/200 Train accuracy: 7.35713e-01 Validation accuracy: 7.37667e-01 Loss 1.03533e-02 Time taken: 1.54 seconds 
Epoch: 13/200 Train accuracy: 7.37993e-01 Validation accuracy: 7.38333e-01 Loss 1.03396e-02 Time taken: 1.56 seconds 
Epoch: 14/200 Train accuracy: 7.38563e-01 Validation accuracy: 7.43667e-01 Loss 1.03225e-02 Time taken: 1.55 seconds 
Epoch: 15/200 Train accuracy: 7.38563e-01 Validation accuracy: 7.41667e-01 Loss 1.03094e-02 Time taken: 1.54 seconds 
Epoch: 16/200 Train accuracy: 7.41699e-01 Validation accuracy: 7.48000e-01 Loss 1.02857e-02 Time taken: 1.55 seconds 
Epoch: 17/200 Train accuracy: 7.43053e-01 Validation accuracy: 7.48667e-01 Loss 1.02748e-02 Time taken: 1.54 seconds 
Epoch: 18/200 Train accuracy: 7.45048e-01 Validation accuracy: 7.50000e-01 Loss 1.02553e-02 Time taken: 1.54 seconds 
Epoch: 19/200 Train accuracy: 7.48397e-01 Validation accuracy: 7.44000e-01 Loss 1.02462e-02 Time taken: 1.55 seconds 
Epoch: 20/200 Train accuracy: 7.46259e-01 Validation accuracy: 7.55333e-01 Loss 1.02486e-02 Time taken: 1.54 seconds 
Epoch: 21/200 Train accuracy: 7.45689e-01 Validation accuracy: 7.47000e-01 Loss 1.02406e-02 Time taken: 1.55 seconds 
Epoch: 22/200 Train accuracy: 7.47613e-01 Validation accuracy: 7.51333e-01 Loss 1.02227e-02 Time taken: 1.61 seconds 
Epoch: 23/200 Train accuracy: 7.53100e-01 Validation accuracy: 7.54000e-01 Loss 1.02131e-02 Time taken: 1.55 seconds 
Epoch: 24/200 Train accuracy: 7.49751e-01 Validation accuracy: 7.51333e-01 Loss 1.02015e-02 Time taken: 1.53 seconds 
Epoch: 25/200 Train accuracy: 7.52815e-01 Validation accuracy: 7.57000e-01 Loss 1.01903e-02 Time taken: 1.55 seconds 
Epoch: 26/200 Train accuracy: 7.52102e-01 Validation accuracy: 7.57667e-01 Loss 1.01891e-02 Time taken: 1.54 seconds 
Epoch: 27/200 Train accuracy: 7.51817e-01 Validation accuracy: 7.53667e-01 Loss 1.01944e-02 Time taken: 1.54 seconds 
Epoch: 28/200 Train accuracy: 7.57019e-01 Validation accuracy: 7.56333e-01 Loss 1.01630e-02 Time taken: 1.54 seconds 
Epoch: 29/200 Train accuracy: 7.53741e-01 Validation accuracy: 7.59333e-01 Loss 1.01720e-02 Time taken: 1.54 seconds 
Epoch: 30/200 Train accuracy: 7.54453e-01 Validation accuracy: 7.55333e-01 Loss 1.01660e-02 Time taken: 1.53 seconds 
Epoch: 31/200 Train accuracy: 7.54738e-01 Validation accuracy: 7.59333e-01 Loss 1.01705e-02 Time taken: 1.54 seconds 
Epoch: 32/200 Train accuracy: 7.54525e-01 Validation accuracy: 7.57000e-01 Loss 1.01538e-02 Time taken: 1.55 seconds 
Epoch: 33/200 Train accuracy: 7.53598e-01 Validation accuracy: 7.59000e-01 Loss 1.01670e-02 Time taken: 1.55 seconds 
Epoch: 34/200 Train accuracy: 7.54240e-01 Validation accuracy: 7.61667e-01 Loss 1.01570e-02 Time taken: 1.53 seconds 
Epoch: 35/200 Train accuracy: 7.58301e-01 Validation accuracy: 7.54333e-01 Loss 1.01438e-02 Time taken: 1.55 seconds 
Epoch: 36/200 Train accuracy: 7.55594e-01 Validation accuracy: 7.62000e-01 Loss 1.01489e-02 Time taken: 1.55 seconds 
Epoch: 37/200 Train accuracy: 7.58800e-01 Validation accuracy: 7.62333e-01 Loss 1.01390e-02 Time taken: 1.53 seconds 
Epoch: 38/200 Train accuracy: 7.61793e-01 Validation accuracy: 7.59333e-01 Loss 1.01283e-02 Time taken: 1.54 seconds 
Epoch: 39/200 Train accuracy: 7.59156e-01 Validation accuracy: 7.61333e-01 Loss 1.01321e-02 Time taken: 1.55 seconds 
Epoch: 40/200 Train accuracy: 7.60368e-01 Validation accuracy: 7.60667e-01 Loss 1.01168e-02 Time taken: 1.54 seconds 
Epoch: 41/200 Train accuracy: 7.57945e-01 Validation accuracy: 7.62667e-01 Loss 1.01121e-02 Time taken: 1.54 seconds 
Epoch: 42/200 Train accuracy: 7.57802e-01 Validation accuracy: 7.59667e-01 Loss 1.01349e-02 Time taken: 1.53 seconds 
Epoch: 43/200 Train accuracy: 7.57232e-01 Validation accuracy: 7.62667e-01 Loss 1.01255e-02 Time taken: 1.54 seconds 
Epoch: 44/200 Train accuracy: 7.61151e-01 Validation accuracy: 7.56667e-01 Loss 1.01189e-02 Time taken: 1.53 seconds 
Epoch: 45/200 Train accuracy: 7.61437e-01 Validation accuracy: 7.60333e-01 Loss 1.01080e-02 Time taken: 1.55 seconds 
Epoch: 46/200 Train accuracy: 7.60439e-01 Validation accuracy: 7.61000e-01 Loss 1.01137e-02 Time taken: 1.53 seconds 
Epoch: 47/200 Train accuracy: 7.59085e-01 Validation accuracy: 7.57667e-01 Loss 1.01060e-02 Time taken: 1.54 seconds 
Epoch: 48/200 Train accuracy: 7.63289e-01 Validation accuracy: 7.62333e-01 Loss 1.00952e-02 Time taken: 1.54 seconds 
Epoch: 49/200 Train accuracy: 7.62577e-01 Validation accuracy: 7.59000e-01 Loss 1.00987e-02 Time taken: 1.54 seconds 
Epoch: 50/200 Train accuracy: 7.61722e-01 Validation accuracy: 7.62333e-01 Loss 1.00892e-02 Time taken: 1.54 seconds 
Epoch: 51/200 Train accuracy: 7.61722e-01 Validation accuracy: 7.58667e-01 Loss 1.00928e-02 Time taken: 1.54 seconds 
Epoch: 52/200 Train accuracy: 7.61294e-01 Validation accuracy: 7.61667e-01 Loss 1.00922e-02 Time taken: 1.54 seconds 
Epoch: 53/200 Train accuracy: 7.64215e-01 Validation accuracy: 7.65667e-01 Loss 1.00854e-02 Time taken: 1.54 seconds 
Epoch: 54/200 Train accuracy: 7.64073e-01 Validation accuracy: 7.63333e-01 Loss 1.00816e-02 Time taken: 1.54 seconds 
Epoch: 55/200 Train accuracy: 7.61935e-01 Validation accuracy: 7.59333e-01 Loss 1.00905e-02 Time taken: 1.55 seconds 
Epoch: 56/200 Train accuracy: 7.62862e-01 Validation accuracy: 7.58333e-01 Loss 1.00860e-02 Time taken: 1.54 seconds 
Epoch: 57/200 Train accuracy: 7.64643e-01 Validation accuracy: 7.59000e-01 Loss 1.00664e-02 Time taken: 1.54 seconds 
Epoch: 58/200 Train accuracy: 7.63859e-01 Validation accuracy: 7.60333e-01 Loss 1.00785e-02 Time taken: 1.53 seconds 
Epoch: 59/200 Train accuracy: 7.61437e-01 Validation accuracy: 7.59000e-01 Loss 1.00836e-02 Time taken: 1.55 seconds 
Epoch: 60/200 Train accuracy: 7.64073e-01 Validation accuracy: 7.61333e-01 Loss 1.00796e-02 Time taken: 1.54 seconds 
Epoch: 61/200 Train accuracy: 7.66496e-01 Validation accuracy: 7.62000e-01 Loss 1.00731e-02 Time taken: 1.53 seconds 
Epoch: 62/200 Train accuracy: 7.65712e-01 Validation accuracy: 7.63333e-01 Loss 1.00621e-02 Time taken: 1.54 seconds 
Epoch: 63/200 Train accuracy: 7.66139e-01 Validation accuracy: 7.67667e-01 Loss 1.00575e-02 Time taken: 1.54 seconds 
Epoch: 64/200 Train accuracy: 7.63859e-01 Validation accuracy: 7.62000e-01 Loss 1.00685e-02 Time taken: 1.54 seconds 
Epoch: 65/200 Train accuracy: 7.63717e-01 Validation accuracy: 7.65333e-01 Loss 1.00733e-02 Time taken: 1.54 seconds 
Epoch: 66/200 Train accuracy: 7.64928e-01 Validation accuracy: 7.61000e-01 Loss 1.00700e-02 Time taken: 1.54 seconds 
Epoch: 67/200 Train accuracy: 7.64714e-01 Validation accuracy: 7.63000e-01 Loss 1.00661e-02 Time taken: 1.55 seconds 
Epoch: 68/200 Train accuracy: 7.67066e-01 Validation accuracy: 7.61333e-01 Loss 1.00526e-02 Time taken: 1.53 seconds 
Epoch: 69/200 Train accuracy: 7.66638e-01 Validation accuracy: 7.65667e-01 Loss 1.00481e-02 Time taken: 1.54 seconds 
Epoch: 70/200 Train accuracy: 7.64073e-01 Validation accuracy: 7.65000e-01 Loss 1.00587e-02 Time taken: 1.54 seconds 
Epoch: 71/200 Train accuracy: 7.66353e-01 Validation accuracy: 7.67333e-01 Loss 1.00533e-02 Time taken: 1.54 seconds 
Epoch: 72/200 Train accuracy: 7.66496e-01 Validation accuracy: 7.59000e-01 Loss 1.00563e-02 Time taken: 1.54 seconds 
Epoch: 73/200 Train accuracy: 7.68918e-01 Validation accuracy: 7.70333e-01 Loss 1.00446e-02 Time taken: 1.53 seconds 
Epoch: 74/200 Train accuracy: 7.66852e-01 Validation accuracy: 7.64667e-01 Loss 1.00489e-02 Time taken: 1.54 seconds 
Epoch: 75/200 Train accuracy: 7.68206e-01 Validation accuracy: 7.67667e-01 Loss 1.00485e-02 Time taken: 1.54 seconds 
Epoch: 76/200 Train accuracy: 7.69061e-01 Validation accuracy: 7.64333e-01 Loss 1.00374e-02 Time taken: 1.54 seconds 
Epoch: 77/200 Train accuracy: 7.65854e-01 Validation accuracy: 7.68000e-01 Loss 1.00429e-02 Time taken: 1.54 seconds 
Epoch: 78/200 Train accuracy: 7.67137e-01 Validation accuracy: 7.65333e-01 Loss 1.00392e-02 Time taken: 1.54 seconds 
Epoch: 79/200 Train accuracy: 7.68705e-01 Validation accuracy: 7.60333e-01 Loss 1.00431e-02 Time taken: 1.54 seconds 
Epoch: 80/200 Train accuracy: 7.67066e-01 Validation accuracy: 7.60333e-01 Loss 1.00538e-02 Time taken: 1.54 seconds 
Epoch: 81/200 Train accuracy: 7.67422e-01 Validation accuracy: 7.62667e-01 Loss 1.00422e-02 Time taken: 1.54 seconds 
Epoch: 82/200 Train accuracy: 7.67850e-01 Validation accuracy: 7.62333e-01 Loss 1.00338e-02 Time taken: 1.53 seconds 
Epoch: 83/200 Train accuracy: 7.65997e-01 Validation accuracy: 7.61667e-01 Loss 1.00471e-02 Time taken: 1.54 seconds 
Epoch: 84/200 Train accuracy: 7.67707e-01 Validation accuracy: 7.63333e-01 Loss 1.00342e-02 Time taken: 1.55 seconds 
Epoch: 85/200 Train accuracy: 7.68135e-01 Validation accuracy: 7.61667e-01 Loss 1.00315e-02 Time taken: 1.54 seconds 
Epoch: 86/200 Train accuracy: 7.67707e-01 Validation accuracy: 7.68000e-01 Loss 1.00381e-02 Time taken: 1.54 seconds 
Epoch: 87/200 Train accuracy: 7.68633e-01 Validation accuracy: 7.65333e-01 Loss 1.00285e-02 Time taken: 1.54 seconds 
Epoch: 88/200 Train accuracy: 7.68135e-01 Validation accuracy: 7.62333e-01 Loss 1.00283e-02 Time taken: 1.53 seconds 
Epoch: 89/200 Train accuracy: 7.69631e-01 Validation accuracy: 7.67000e-01 Loss 1.00291e-02 Time taken: 1.56 seconds 
Epoch: 90/200 Train accuracy: 7.73336e-01 Validation accuracy: 7.65667e-01 Loss 1.00061e-02 Time taken: 1.54 seconds 
Epoch: 91/200 Train accuracy: 7.68277e-01 Validation accuracy: 7.64667e-01 Loss 1.00307e-02 Time taken: 1.54 seconds 
Epoch: 92/200 Train accuracy: 7.70343e-01 Validation accuracy: 7.63333e-01 Loss 1.00269e-02 Time taken: 1.53 seconds 
Epoch: 93/200 Train accuracy: 7.70913e-01 Validation accuracy: 7.63667e-01 Loss 1.00216e-02 Time taken: 1.54 seconds 
Epoch: 94/200 Train accuracy: 7.71555e-01 Validation accuracy: 7.66333e-01 Loss 1.00198e-02 Time taken: 1.54 seconds 
Epoch: 95/200 Train accuracy: 7.67707e-01 Validation accuracy: 7.63000e-01 Loss 1.00330e-02 Time taken: 1.54 seconds 
Epoch: 96/200 Train accuracy: 7.69061e-01 Validation accuracy: 7.65667e-01 Loss 1.00259e-02 Time taken: 1.52 seconds 
Epoch: 97/200 Train accuracy: 7.69346e-01 Validation accuracy: 7.62333e-01 Loss 1.00223e-02 Time taken: 1.54 seconds 
Epoch: 98/200 Train accuracy: 7.71412e-01 Validation accuracy: 7.64333e-01 Loss 1.00168e-02 Time taken: 1.54 seconds 
Epoch: 99/200 Train accuracy: 7.69061e-01 Validation accuracy: 7.64000e-01 Loss 1.00217e-02 Time taken: 1.53 seconds 
Epoch: 100/200 Train accuracy: 7.69916e-01 Validation accuracy: 7.66333e-01 Loss 1.00147e-02 Time taken: 1.53 seconds 
Epoch: 101/200 Train accuracy: 7.67137e-01 Validation accuracy: 7.67333e-01 Loss 1.00248e-02 Time taken: 1.53 seconds 
Epoch: 102/200 Train accuracy: 7.68918e-01 Validation accuracy: 7.68333e-01 Loss 1.00251e-02 Time taken: 1.56 seconds 
Epoch: 103/200 Train accuracy: 7.73479e-01 Validation accuracy: 7.69000e-01 Loss 1.00050e-02 Time taken: 1.53 seconds 
Epoch: 104/200 Train accuracy: 7.69275e-01 Validation accuracy: 7.65333e-01 Loss 1.00238e-02 Time taken: 1.53 seconds 
Epoch: 105/200 Train accuracy: 7.73407e-01 Validation accuracy: 7.69667e-01 Loss 1.00018e-02 Time taken: 1.53 seconds 
Epoch: 106/200 Train accuracy: 7.71270e-01 Validation accuracy: 7.63333e-01 Loss 1.00084e-02 Time taken: 1.53 seconds 
Epoch: 107/200 Train accuracy: 7.70272e-01 Validation accuracy: 7.69333e-01 Loss 1.00066e-02 Time taken: 1.54 seconds 
Epoch: 108/200 Train accuracy: 7.69916e-01 Validation accuracy: 7.66667e-01 Loss 1.00271e-02 Time taken: 1.53 seconds 
Epoch: 109/200 Train accuracy: 7.68277e-01 Validation accuracy: 7.64667e-01 Loss 1.00218e-02 Time taken: 1.54 seconds 
Epoch: 110/200 Train accuracy: 7.70201e-01 Validation accuracy: 7.64667e-01 Loss 1.00219e-02 Time taken: 1.53 seconds 
Epoch: 111/200 Train accuracy: 7.70913e-01 Validation accuracy: 7.62000e-01 Loss 1.00171e-02 Time taken: 1.55 seconds 
Epoch: 112/200 Train accuracy: 7.71697e-01 Validation accuracy: 7.67667e-01 Loss 1.00053e-02 Time taken: 1.53 seconds 
Epoch: 113/200 Train accuracy: 7.70557e-01 Validation accuracy: 7.65000e-01 Loss 1.00121e-02 Time taken: 1.54 seconds 
Epoch: 114/200 Train accuracy: 7.72552e-01 Validation accuracy: 7.58333e-01 Loss 1.00050e-02 Time taken: 1.54 seconds 
Epoch: 115/200 Train accuracy: 7.71341e-01 Validation accuracy: 7.64000e-01 Loss 1.00028e-02 Time taken: 1.55 seconds 
Epoch: 116/200 Train accuracy: 7.72837e-01 Validation accuracy: 7.66333e-01 Loss 1.00016e-02 Time taken: 1.54 seconds 
Epoch: 117/200 Train accuracy: 7.70700e-01 Validation accuracy: 7.64000e-01 Loss 1.00027e-02 Time taken: 1.54 seconds 
Epoch: 118/200 Train accuracy: 7.73621e-01 Validation accuracy: 7.69333e-01 Loss 9.99643e-03 Time taken: 1.54 seconds 
Epoch: 119/200 Train accuracy: 7.73621e-01 Validation accuracy: 7.68000e-01 Loss 1.00021e-02 Time taken: 1.54 seconds 
Epoch: 120/200 Train accuracy: 7.73051e-01 Validation accuracy: 7.67667e-01 Loss 9.99470e-03 Time taken: 1.53 seconds 
Epoch: 121/200 Train accuracy: 7.72624e-01 Validation accuracy: 7.65000e-01 Loss 9.99554e-03 Time taken: 1.54 seconds 
Epoch: 122/200 Train accuracy: 7.70771e-01 Validation accuracy: 7.65000e-01 Loss 1.00123e-02 Time taken: 1.54 seconds 
Epoch: 123/200 Train accuracy: 7.74191e-01 Validation accuracy: 7.68333e-01 Loss 9.99376e-03 Time taken: 1.53 seconds 
Epoch: 124/200 Train accuracy: 7.73265e-01 Validation accuracy: 7.63667e-01 Loss 9.99110e-03 Time taken: 1.55 seconds 
Epoch: 125/200 Train accuracy: 7.70272e-01 Validation accuracy: 7.70667e-01 Loss 9.99982e-03 Time taken: 1.54 seconds 
Epoch: 126/200 Train accuracy: 7.75046e-01 Validation accuracy: 7.67333e-01 Loss 9.99605e-03 Time taken: 1.55 seconds 
Epoch: 127/200 Train accuracy: 7.74191e-01 Validation accuracy: 7.70667e-01 Loss 9.98926e-03 Time taken: 1.53 seconds 
Epoch: 128/200 Train accuracy: 7.69417e-01 Validation accuracy: 7.65667e-01 Loss 1.00148e-02 Time taken: 1.54 seconds 
Epoch: 129/200 Train accuracy: 7.71697e-01 Validation accuracy: 7.64000e-01 Loss 9.99812e-03 Time taken: 1.54 seconds 
Epoch: 130/200 Train accuracy: 7.72909e-01 Validation accuracy: 7.66667e-01 Loss 9.99045e-03 Time taken: 1.54 seconds 
Epoch: 131/200 Train accuracy: 7.72837e-01 Validation accuracy: 7.70000e-01 Loss 9.99156e-03 Time taken: 1.53 seconds 
Epoch: 132/200 Train accuracy: 7.71484e-01 Validation accuracy: 7.66667e-01 Loss 9.99580e-03 Time taken: 1.54 seconds 
Epoch: 133/200 Train accuracy: 7.72481e-01 Validation accuracy: 7.62667e-01 Loss 1.00005e-02 Time taken: 1.55 seconds 
Epoch: 134/200 Train accuracy: 7.75260e-01 Validation accuracy: 7.67333e-01 Loss 9.99587e-03 Time taken: 1.54 seconds 
Epoch: 135/200 Train accuracy: 7.74619e-01 Validation accuracy: 7.60000e-01 Loss 9.97809e-03 Time taken: 1.54 seconds 
Epoch: 136/200 Train accuracy: 7.70557e-01 Validation accuracy: 7.61333e-01 Loss 1.00060e-02 Time taken: 1.55 seconds 
Epoch: 137/200 Train accuracy: 7.76756e-01 Validation accuracy: 7.66000e-01 Loss 9.97331e-03 Time taken: 1.55 seconds 
Epoch: 138/200 Train accuracy: 7.70842e-01 Validation accuracy: 7.65000e-01 Loss 1.00021e-02 Time taken: 1.53 seconds 
Epoch: 139/200 Train accuracy: 7.72410e-01 Validation accuracy: 7.66333e-01 Loss 9.99176e-03 Time taken: 1.53 seconds 
Epoch: 140/200 Train accuracy: 7.71769e-01 Validation accuracy: 7.71333e-01 Loss 9.99190e-03 Time taken: 1.53 seconds 
Epoch: 141/200 Train accuracy: 7.73621e-01 Validation accuracy: 7.66000e-01 Loss 9.98188e-03 Time taken: 1.53 seconds 
Epoch: 142/200 Train accuracy: 7.71412e-01 Validation accuracy: 7.65333e-01 Loss 9.99639e-03 Time taken: 1.53 seconds 
Epoch: 143/200 Train accuracy: 7.72054e-01 Validation accuracy: 7.68000e-01 Loss 9.98948e-03 Time taken: 1.53 seconds 
Epoch: 144/200 Train accuracy: 7.71341e-01 Validation accuracy: 7.67667e-01 Loss 9.99469e-03 Time taken: 1.53 seconds 
Epoch: 145/200 Train accuracy: 7.74049e-01 Validation accuracy: 7.66000e-01 Loss 9.98836e-03 Time taken: 1.54 seconds 
Epoch: 146/200 Train accuracy: 7.74548e-01 Validation accuracy: 7.68333e-01 Loss 9.98343e-03 Time taken: 1.53 seconds 
Epoch: 147/200 Train accuracy: 7.73621e-01 Validation accuracy: 7.66333e-01 Loss 9.98910e-03 Time taken: 1.53 seconds 
Epoch: 148/200 Train accuracy: 7.74263e-01 Validation accuracy: 7.65000e-01 Loss 9.97969e-03 Time taken: 1.53 seconds 
Epoch: 149/200 Train accuracy: 7.75545e-01 Validation accuracy: 7.60667e-01 Loss 9.97799e-03 Time taken: 1.54 seconds 
Epoch: 150/200 Train accuracy: 7.76329e-01 Validation accuracy: 7.64333e-01 Loss 9.97797e-03 Time taken: 1.53 seconds 
Epoch: 151/200 Train accuracy: 7.73479e-01 Validation accuracy: 7.69667e-01 Loss 9.98575e-03 Time taken: 1.53 seconds 
Epoch: 152/200 Train accuracy: 7.74049e-01 Validation accuracy: 7.69333e-01 Loss 9.98390e-03 Time taken: 1.53 seconds 
Epoch: 153/200 Train accuracy: 7.72695e-01 Validation accuracy: 7.66000e-01 Loss 9.97719e-03 Time taken: 1.55 seconds 
Epoch: 154/200 Train accuracy: 7.74761e-01 Validation accuracy: 7.71667e-01 Loss 9.98378e-03 Time taken: 1.52 seconds 
Epoch: 155/200 Train accuracy: 7.74263e-01 Validation accuracy: 7.71667e-01 Loss 9.98723e-03 Time taken: 1.55 seconds 
Epoch: 156/200 Train accuracy: 7.74619e-01 Validation accuracy: 7.65667e-01 Loss 9.98049e-03 Time taken: 1.54 seconds 
Epoch: 157/200 Train accuracy: 7.76685e-01 Validation accuracy: 7.70667e-01 Loss 9.96893e-03 Time taken: 1.54 seconds 
Epoch: 158/200 Train accuracy: 7.73122e-01 Validation accuracy: 7.69333e-01 Loss 9.98667e-03 Time taken: 1.54 seconds 
Epoch: 159/200 Train accuracy: 7.73479e-01 Validation accuracy: 7.67667e-01 Loss 9.97555e-03 Time taken: 1.54 seconds 
Epoch: 160/200 Train accuracy: 7.74476e-01 Validation accuracy: 7.66000e-01 Loss 9.98234e-03 Time taken: 1.55 seconds 
Epoch: 161/200 Train accuracy: 7.74049e-01 Validation accuracy: 7.71667e-01 Loss 9.97559e-03 Time taken: 1.54 seconds 
Epoch: 162/200 Train accuracy: 7.72481e-01 Validation accuracy: 7.65333e-01 Loss 9.99050e-03 Time taken: 1.54 seconds 
Epoch: 163/200 Train accuracy: 7.77683e-01 Validation accuracy: 7.67333e-01 Loss 9.96340e-03 Time taken: 1.54 seconds 
Epoch: 164/200 Train accuracy: 7.75331e-01 Validation accuracy: 7.67667e-01 Loss 9.96437e-03 Time taken: 1.54 seconds 
Epoch: 165/200 Train accuracy: 7.72695e-01 Validation accuracy: 7.73000e-01 Loss 9.98577e-03 Time taken: 1.54 seconds 
Epoch: 166/200 Train accuracy: 7.73407e-01 Validation accuracy: 7.67667e-01 Loss 9.98368e-03 Time taken: 1.53 seconds 
Epoch: 167/200 Train accuracy: 7.73407e-01 Validation accuracy: 7.64000e-01 Loss 9.97959e-03 Time taken: 1.54 seconds 
Epoch: 168/200 Train accuracy: 7.74263e-01 Validation accuracy: 7.65667e-01 Loss 9.98154e-03 Time taken: 1.55 seconds 
Epoch: 169/200 Train accuracy: 7.74476e-01 Validation accuracy: 7.66333e-01 Loss 9.97657e-03 Time taken: 1.54 seconds 
Epoch: 170/200 Train accuracy: 7.74191e-01 Validation accuracy: 7.75667e-01 Loss 9.97266e-03 Time taken: 1.53 seconds 
Epoch: 171/200 Train accuracy: 7.73122e-01 Validation accuracy: 7.69667e-01 Loss 9.98178e-03 Time taken: 1.55 seconds 
Epoch: 172/200 Train accuracy: 7.73407e-01 Validation accuracy: 7.70333e-01 Loss 9.98051e-03 Time taken: 1.54 seconds 
Epoch: 173/200 Train accuracy: 7.75688e-01 Validation accuracy: 7.64333e-01 Loss 9.97290e-03 Time taken: 1.54 seconds 
Epoch: 174/200 Train accuracy: 7.76186e-01 Validation accuracy: 7.71333e-01 Loss 9.96431e-03 Time taken: 1.54 seconds 
Epoch: 175/200 Train accuracy: 7.73977e-01 Validation accuracy: 7.65333e-01 Loss 9.97034e-03 Time taken: 1.55 seconds 
Epoch: 176/200 Train accuracy: 7.73550e-01 Validation accuracy: 7.70333e-01 Loss 9.97730e-03 Time taken: 1.53 seconds 
Epoch: 177/200 Train accuracy: 7.70842e-01 Validation accuracy: 7.69000e-01 Loss 9.97753e-03 Time taken: 1.54 seconds 
Epoch: 178/200 Train accuracy: 7.76756e-01 Validation accuracy: 7.68667e-01 Loss 9.96820e-03 Time taken: 1.53 seconds 
Epoch: 179/200 Train accuracy: 7.74833e-01 Validation accuracy: 7.66667e-01 Loss 9.97321e-03 Time taken: 1.54 seconds 
Epoch: 180/200 Train accuracy: 7.76115e-01 Validation accuracy: 7.69667e-01 Loss 9.97710e-03 Time taken: 1.54 seconds 
Epoch: 181/200 Train accuracy: 7.76828e-01 Validation accuracy: 7.70333e-01 Loss 9.96363e-03 Time taken: 1.54 seconds 
Epoch: 182/200 Train accuracy: 7.76044e-01 Validation accuracy: 7.73667e-01 Loss 9.96784e-03 Time taken: 1.54 seconds 
Epoch: 183/200 Train accuracy: 7.77825e-01 Validation accuracy: 7.69000e-01 Loss 9.95776e-03 Time taken: 1.54 seconds 
Epoch: 184/200 Train accuracy: 7.76828e-01 Validation accuracy: 7.71333e-01 Loss 9.96350e-03 Time taken: 1.55 seconds 
Epoch: 185/200 Train accuracy: 7.76186e-01 Validation accuracy: 7.69667e-01 Loss 9.96558e-03 Time taken: 1.54 seconds 
Epoch: 186/200 Train accuracy: 7.75545e-01 Validation accuracy: 7.67333e-01 Loss 9.97504e-03 Time taken: 1.54 seconds 
Epoch: 187/200 Train accuracy: 7.75260e-01 Validation accuracy: 7.71000e-01 Loss 9.96123e-03 Time taken: 1.54 seconds 
Epoch: 188/200 Train accuracy: 7.76685e-01 Validation accuracy: 7.72000e-01 Loss 9.97266e-03 Time taken: 1.53 seconds 
Epoch: 189/200 Train accuracy: 7.75331e-01 Validation accuracy: 7.70333e-01 Loss 9.96313e-03 Time taken: 1.54 seconds 
Epoch: 190/200 Train accuracy: 7.75331e-01 Validation accuracy: 7.66333e-01 Loss 9.96290e-03 Time taken: 1.53 seconds 
Epoch: 191/200 Train accuracy: 7.74761e-01 Validation accuracy: 7.68333e-01 Loss 9.96995e-03 Time taken: 1.54 seconds 
Epoch: 192/200 Train accuracy: 7.75189e-01 Validation accuracy: 7.69000e-01 Loss 9.97035e-03 Time taken: 1.54 seconds 
Epoch: 193/200 Train accuracy: 7.77041e-01 Validation accuracy: 7.71333e-01 Loss 9.97138e-03 Time taken: 1.54 seconds 
Epoch: 194/200 Train accuracy: 7.77398e-01 Validation accuracy: 7.69333e-01 Loss 9.95970e-03 Time taken: 1.53 seconds 
Epoch: 195/200 Train accuracy: 7.76186e-01 Validation accuracy: 7.69000e-01 Loss 9.96334e-03 Time taken: 1.54 seconds 
Epoch: 196/200 Train accuracy: 7.76756e-01 Validation accuracy: 7.73000e-01 Loss 9.95770e-03 Time taken: 1.53 seconds 
Epoch: 197/200 Train accuracy: 7.76828e-01 Validation accuracy: 7.71667e-01 Loss 9.95322e-03 Time taken: 1.54 seconds 
Epoch: 198/200 Train accuracy: 7.74476e-01 Validation accuracy: 7.71667e-01 Loss 9.96951e-03 Time taken: 1.55 seconds 
Epoch: 199/200 Train accuracy: 7.75688e-01 Validation accuracy: 7.74333e-01 Loss 9.96160e-03 Time taken: 1.55 seconds 
Epoch: 200/200 Train accuracy: 7.78538e-01 Validation accuracy: 7.70000e-01 Loss 9.93917e-03 Time taken: 1.54 seconds 
Total time taken 0:05:08.935713
Cleaning up intermediate feature (.pt) files
Done


