Directory classifiers/jepa-iic-PKT-seed-10-classifier-pretrained-vitb-normalized-ep300 for saving the classifiers is now present
VisionTransformer(
  (patch_embed): PatchEmbed(
    (proj): Conv2d(3, 768, kernel_size=(15, 15), stride=(15, 15))
  )
  (blocks): ModuleList(
    (0-11): 12 x Block(
      (norm1): LayerNorm((768,), eps=1e-06, elementwise_affine=True)
      (attn): Attention(
        (qkv): Linear(in_features=768, out_features=2304, bias=True)
        (attn_drop): Dropout(p=0.0, inplace=False)
        (proj): Linear(in_features=768, out_features=768, bias=True)
        (proj_drop): Dropout(p=0.0, inplace=False)
      )
      (drop_path): Identity()
      (norm2): LayerNorm((768,), eps=1e-06, elementwise_affine=True)
      (mlp): MLP(
        (fc1): Linear(in_features=768, out_features=3072, bias=True)
        (act): GELU(approximate='none')
        (fc2): Linear(in_features=3072, out_features=768, bias=True)
        (drop): Dropout(p=0.0, inplace=False)
      )
    )
  )
  (norm): LayerNorm((768,), eps=1e-06, elementwise_affine=True)
)
Extracting features and saving them locally..
Epoch: 1/200 Train accuracy: 3.99743e-01 Validation accuracy: 5.82000e-01 Loss 1.28814e-02 Time taken: 1.56 seconds 
Epoch: 2/200 Train accuracy: 5.68192e-01 Validation accuracy: 6.23667e-01 Loss 1.16885e-02 Time taken: 1.55 seconds 
Epoch: 3/200 Train accuracy: 6.15861e-01 Validation accuracy: 6.45333e-01 Loss 1.13312e-02 Time taken: 1.55 seconds 
Epoch: 4/200 Train accuracy: 6.36882e-01 Validation accuracy: 6.58333e-01 Loss 1.11512e-02 Time taken: 1.56 seconds 
Epoch: 5/200 Train accuracy: 6.53983e-01 Validation accuracy: 6.67333e-01 Loss 1.10196e-02 Time taken: 1.55 seconds 
Epoch: 6/200 Train accuracy: 6.57902e-01 Validation accuracy: 6.77333e-01 Loss 1.09657e-02 Time taken: 1.58 seconds 
Epoch: 7/200 Train accuracy: 6.65883e-01 Validation accuracy: 6.71000e-01 Loss 1.09013e-02 Time taken: 1.56 seconds 
Epoch: 8/200 Train accuracy: 6.71797e-01 Validation accuracy: 6.76667e-01 Loss 1.08535e-02 Time taken: 1.56 seconds 
Epoch: 9/200 Train accuracy: 6.78638e-01 Validation accuracy: 6.86000e-01 Loss 1.08036e-02 Time taken: 1.56 seconds 
Epoch: 10/200 Train accuracy: 6.81844e-01 Validation accuracy: 6.88000e-01 Loss 1.07666e-02 Time taken: 1.55 seconds 
Epoch: 11/200 Train accuracy: 6.81417e-01 Validation accuracy: 6.89333e-01 Loss 1.07656e-02 Time taken: 1.56 seconds 
Epoch: 12/200 Train accuracy: 6.81773e-01 Validation accuracy: 6.88667e-01 Loss 1.07358e-02 Time taken: 1.56 seconds 
Epoch: 13/200 Train accuracy: 6.85193e-01 Validation accuracy: 6.97667e-01 Loss 1.07168e-02 Time taken: 1.55 seconds 
Epoch: 14/200 Train accuracy: 6.89112e-01 Validation accuracy: 6.90000e-01 Loss 1.06841e-02 Time taken: 1.54 seconds 
Epoch: 15/200 Train accuracy: 6.90894e-01 Validation accuracy: 6.95667e-01 Loss 1.06701e-02 Time taken: 1.55 seconds 
Epoch: 16/200 Train accuracy: 6.95596e-01 Validation accuracy: 6.97000e-01 Loss 1.06490e-02 Time taken: 1.54 seconds 
Epoch: 17/200 Train accuracy: 6.96736e-01 Validation accuracy: 6.99333e-01 Loss 1.06414e-02 Time taken: 1.54 seconds 
Epoch: 18/200 Train accuracy: 6.96736e-01 Validation accuracy: 7.00000e-01 Loss 1.06213e-02 Time taken: 1.50 seconds 
Epoch: 19/200 Train accuracy: 7.00228e-01 Validation accuracy: 7.01333e-01 Loss 1.06031e-02 Time taken: 1.54 seconds 
Epoch: 20/200 Train accuracy: 6.97805e-01 Validation accuracy: 7.04333e-01 Loss 1.06054e-02 Time taken: 1.54 seconds 
Epoch: 21/200 Train accuracy: 6.99587e-01 Validation accuracy: 7.00333e-01 Loss 1.05914e-02 Time taken: 1.54 seconds 
Epoch: 22/200 Train accuracy: 7.02722e-01 Validation accuracy: 7.07000e-01 Loss 1.05936e-02 Time taken: 1.60 seconds 
Epoch: 23/200 Train accuracy: 7.03292e-01 Validation accuracy: 7.05667e-01 Loss 1.05702e-02 Time taken: 1.56 seconds 
Epoch: 24/200 Train accuracy: 7.00371e-01 Validation accuracy: 7.03000e-01 Loss 1.05729e-02 Time taken: 1.55 seconds 
Epoch: 25/200 Train accuracy: 7.04575e-01 Validation accuracy: 7.09333e-01 Loss 1.05569e-02 Time taken: 1.55 seconds 
Epoch: 26/200 Train accuracy: 7.03078e-01 Validation accuracy: 7.00000e-01 Loss 1.05563e-02 Time taken: 1.54 seconds 
Epoch: 27/200 Train accuracy: 7.06926e-01 Validation accuracy: 7.08000e-01 Loss 1.05484e-02 Time taken: 1.55 seconds 
Epoch: 28/200 Train accuracy: 7.05145e-01 Validation accuracy: 7.08333e-01 Loss 1.05447e-02 Time taken: 1.54 seconds 
Epoch: 29/200 Train accuracy: 7.06926e-01 Validation accuracy: 7.12667e-01 Loss 1.05259e-02 Time taken: 1.56 seconds 
Epoch: 30/200 Train accuracy: 7.06855e-01 Validation accuracy: 7.07000e-01 Loss 1.05301e-02 Time taken: 1.55 seconds 
Epoch: 31/200 Train accuracy: 7.09848e-01 Validation accuracy: 7.10667e-01 Loss 1.05181e-02 Time taken: 1.55 seconds 
Epoch: 32/200 Train accuracy: 7.07140e-01 Validation accuracy: 7.12333e-01 Loss 1.05197e-02 Time taken: 1.54 seconds 
Epoch: 33/200 Train accuracy: 7.06570e-01 Validation accuracy: 7.10333e-01 Loss 1.05171e-02 Time taken: 1.55 seconds 
Epoch: 34/200 Train accuracy: 7.10560e-01 Validation accuracy: 7.04000e-01 Loss 1.05068e-02 Time taken: 1.54 seconds 
Epoch: 35/200 Train accuracy: 7.12626e-01 Validation accuracy: 7.16667e-01 Loss 1.04945e-02 Time taken: 1.54 seconds 
Epoch: 36/200 Train accuracy: 7.10204e-01 Validation accuracy: 7.17333e-01 Loss 1.04898e-02 Time taken: 1.55 seconds 
Epoch: 37/200 Train accuracy: 7.13695e-01 Validation accuracy: 7.19333e-01 Loss 1.04930e-02 Time taken: 1.55 seconds 
Epoch: 38/200 Train accuracy: 7.13838e-01 Validation accuracy: 7.18333e-01 Loss 1.04730e-02 Time taken: 1.55 seconds 
Epoch: 39/200 Train accuracy: 7.13695e-01 Validation accuracy: 7.15667e-01 Loss 1.04821e-02 Time taken: 1.54 seconds 
Epoch: 40/200 Train accuracy: 7.09206e-01 Validation accuracy: 7.17000e-01 Loss 1.04956e-02 Time taken: 1.55 seconds 
Epoch: 41/200 Train accuracy: 7.11985e-01 Validation accuracy: 7.14333e-01 Loss 1.04809e-02 Time taken: 1.56 seconds 
Epoch: 42/200 Train accuracy: 7.14265e-01 Validation accuracy: 7.20000e-01 Loss 1.04642e-02 Time taken: 1.54 seconds 
Epoch: 43/200 Train accuracy: 7.15762e-01 Validation accuracy: 7.17667e-01 Loss 1.04609e-02 Time taken: 1.55 seconds 
Epoch: 44/200 Train accuracy: 7.11130e-01 Validation accuracy: 7.21333e-01 Loss 1.04862e-02 Time taken: 1.56 seconds 
Epoch: 45/200 Train accuracy: 7.14479e-01 Validation accuracy: 7.21000e-01 Loss 1.04689e-02 Time taken: 1.55 seconds 
Epoch: 46/200 Train accuracy: 7.13410e-01 Validation accuracy: 7.14667e-01 Loss 1.04590e-02 Time taken: 1.54 seconds 
Epoch: 47/200 Train accuracy: 7.16831e-01 Validation accuracy: 7.21333e-01 Loss 1.04441e-02 Time taken: 1.56 seconds 
Epoch: 48/200 Train accuracy: 7.14764e-01 Validation accuracy: 7.12333e-01 Loss 1.04625e-02 Time taken: 1.55 seconds 
Epoch: 49/200 Train accuracy: 7.16973e-01 Validation accuracy: 7.20000e-01 Loss 1.04437e-02 Time taken: 1.54 seconds 
Epoch: 50/200 Train accuracy: 7.18042e-01 Validation accuracy: 7.12333e-01 Loss 1.04258e-02 Time taken: 1.55 seconds 
Epoch: 51/200 Train accuracy: 7.16118e-01 Validation accuracy: 7.20667e-01 Loss 1.04478e-02 Time taken: 1.54 seconds 
Epoch: 52/200 Train accuracy: 7.17614e-01 Validation accuracy: 7.24000e-01 Loss 1.04353e-02 Time taken: 1.55 seconds 
Epoch: 53/200 Train accuracy: 7.14194e-01 Validation accuracy: 7.22000e-01 Loss 1.04429e-02 Time taken: 1.54 seconds 
Epoch: 54/200 Train accuracy: 7.16759e-01 Validation accuracy: 7.22333e-01 Loss 1.04271e-02 Time taken: 1.54 seconds 
Epoch: 55/200 Train accuracy: 7.18042e-01 Validation accuracy: 7.20333e-01 Loss 1.04410e-02 Time taken: 1.55 seconds 
Epoch: 56/200 Train accuracy: 7.13838e-01 Validation accuracy: 7.20333e-01 Loss 1.04489e-02 Time taken: 1.54 seconds 
Epoch: 57/200 Train accuracy: 7.17899e-01 Validation accuracy: 7.23000e-01 Loss 1.04248e-02 Time taken: 1.55 seconds 
Epoch: 58/200 Train accuracy: 7.18826e-01 Validation accuracy: 7.23000e-01 Loss 1.04287e-02 Time taken: 1.55 seconds 
Epoch: 59/200 Train accuracy: 7.14693e-01 Validation accuracy: 7.28333e-01 Loss 1.04476e-02 Time taken: 1.55 seconds 
Epoch: 60/200 Train accuracy: 7.19467e-01 Validation accuracy: 7.16333e-01 Loss 1.04196e-02 Time taken: 1.54 seconds 
Epoch: 61/200 Train accuracy: 7.20108e-01 Validation accuracy: 7.22000e-01 Loss 1.04155e-02 Time taken: 1.55 seconds 
Epoch: 62/200 Train accuracy: 7.15263e-01 Validation accuracy: 7.26000e-01 Loss 1.04317e-02 Time taken: 1.54 seconds 
Epoch: 63/200 Train accuracy: 7.15904e-01 Validation accuracy: 7.25000e-01 Loss 1.04238e-02 Time taken: 1.51 seconds 
Epoch: 64/200 Train accuracy: 7.16831e-01 Validation accuracy: 7.25000e-01 Loss 1.04223e-02 Time taken: 1.54 seconds 
Epoch: 65/200 Train accuracy: 7.19396e-01 Validation accuracy: 7.23000e-01 Loss 1.04103e-02 Time taken: 1.54 seconds 
Epoch: 66/200 Train accuracy: 7.20750e-01 Validation accuracy: 7.23333e-01 Loss 1.04115e-02 Time taken: 1.54 seconds 
Epoch: 67/200 Train accuracy: 7.16332e-01 Validation accuracy: 7.25000e-01 Loss 1.04196e-02 Time taken: 1.54 seconds 
Epoch: 68/200 Train accuracy: 7.19610e-01 Validation accuracy: 7.21667e-01 Loss 1.04158e-02 Time taken: 1.54 seconds 
Epoch: 69/200 Train accuracy: 7.18683e-01 Validation accuracy: 7.23667e-01 Loss 1.04157e-02 Time taken: 1.54 seconds 
Epoch: 70/200 Train accuracy: 7.16047e-01 Validation accuracy: 7.24667e-01 Loss 1.04285e-02 Time taken: 1.54 seconds 
Epoch: 71/200 Train accuracy: 7.18042e-01 Validation accuracy: 7.23000e-01 Loss 1.04248e-02 Time taken: 1.55 seconds 
Epoch: 72/200 Train accuracy: 7.19538e-01 Validation accuracy: 7.24333e-01 Loss 1.04049e-02 Time taken: 1.54 seconds 
Epoch: 73/200 Train accuracy: 7.23386e-01 Validation accuracy: 7.19000e-01 Loss 1.03898e-02 Time taken: 1.54 seconds 
Epoch: 74/200 Train accuracy: 7.22531e-01 Validation accuracy: 7.27000e-01 Loss 1.03969e-02 Time taken: 1.54 seconds 
Epoch: 75/200 Train accuracy: 7.18754e-01 Validation accuracy: 7.28333e-01 Loss 1.03966e-02 Time taken: 1.55 seconds 
Epoch: 76/200 Train accuracy: 7.23244e-01 Validation accuracy: 7.28333e-01 Loss 1.03848e-02 Time taken: 1.55 seconds 
Epoch: 77/200 Train accuracy: 7.22246e-01 Validation accuracy: 7.24667e-01 Loss 1.03974e-02 Time taken: 1.54 seconds 
Epoch: 78/200 Train accuracy: 7.21320e-01 Validation accuracy: 7.27000e-01 Loss 1.03956e-02 Time taken: 1.54 seconds 
Epoch: 79/200 Train accuracy: 7.23814e-01 Validation accuracy: 7.28000e-01 Loss 1.03856e-02 Time taken: 1.55 seconds 
Epoch: 80/200 Train accuracy: 7.23671e-01 Validation accuracy: 7.24667e-01 Loss 1.03858e-02 Time taken: 1.55 seconds 
Epoch: 81/200 Train accuracy: 7.20607e-01 Validation accuracy: 7.15000e-01 Loss 1.03977e-02 Time taken: 1.55 seconds 
Epoch: 82/200 Train accuracy: 7.23101e-01 Validation accuracy: 7.21667e-01 Loss 1.03846e-02 Time taken: 1.54 seconds 
Epoch: 83/200 Train accuracy: 7.20678e-01 Validation accuracy: 7.26333e-01 Loss 1.03941e-02 Time taken: 1.54 seconds 
Epoch: 84/200 Train accuracy: 7.22959e-01 Validation accuracy: 7.25000e-01 Loss 1.03810e-02 Time taken: 1.55 seconds 
Epoch: 85/200 Train accuracy: 7.24170e-01 Validation accuracy: 7.28000e-01 Loss 1.03822e-02 Time taken: 1.55 seconds 
Epoch: 86/200 Train accuracy: 7.21533e-01 Validation accuracy: 7.21667e-01 Loss 1.03845e-02 Time taken: 1.54 seconds 
Epoch: 87/200 Train accuracy: 7.23101e-01 Validation accuracy: 7.22333e-01 Loss 1.03822e-02 Time taken: 1.55 seconds 
Epoch: 88/200 Train accuracy: 7.21818e-01 Validation accuracy: 7.28000e-01 Loss 1.03743e-02 Time taken: 1.54 seconds 
Epoch: 89/200 Train accuracy: 7.22531e-01 Validation accuracy: 7.23000e-01 Loss 1.03859e-02 Time taken: 1.54 seconds 
Epoch: 90/200 Train accuracy: 7.22317e-01 Validation accuracy: 7.28333e-01 Loss 1.03828e-02 Time taken: 1.54 seconds 
Epoch: 91/200 Train accuracy: 7.26664e-01 Validation accuracy: 7.28000e-01 Loss 1.03751e-02 Time taken: 1.55 seconds 
Epoch: 92/200 Train accuracy: 7.20180e-01 Validation accuracy: 7.24667e-01 Loss 1.03784e-02 Time taken: 1.55 seconds 
Epoch: 93/200 Train accuracy: 7.23671e-01 Validation accuracy: 7.29667e-01 Loss 1.03785e-02 Time taken: 1.55 seconds 
Epoch: 94/200 Train accuracy: 7.20180e-01 Validation accuracy: 7.25667e-01 Loss 1.03826e-02 Time taken: 1.55 seconds 
Epoch: 95/200 Train accuracy: 7.22175e-01 Validation accuracy: 7.28667e-01 Loss 1.03815e-02 Time taken: 1.54 seconds 
Epoch: 96/200 Train accuracy: 7.22959e-01 Validation accuracy: 7.30667e-01 Loss 1.03697e-02 Time taken: 1.56 seconds 
Epoch: 97/200 Train accuracy: 7.20108e-01 Validation accuracy: 7.29667e-01 Loss 1.03919e-02 Time taken: 1.55 seconds 
Epoch: 98/200 Train accuracy: 7.23742e-01 Validation accuracy: 7.19667e-01 Loss 1.03770e-02 Time taken: 1.55 seconds 
Epoch: 99/200 Train accuracy: 7.25737e-01 Validation accuracy: 7.27000e-01 Loss 1.03621e-02 Time taken: 1.54 seconds 
Epoch: 100/200 Train accuracy: 7.25167e-01 Validation accuracy: 7.25667e-01 Loss 1.03578e-02 Time taken: 1.55 seconds 
Epoch: 101/200 Train accuracy: 7.25096e-01 Validation accuracy: 7.23667e-01 Loss 1.03506e-02 Time taken: 1.55 seconds 
Epoch: 102/200 Train accuracy: 7.22887e-01 Validation accuracy: 7.31000e-01 Loss 1.03711e-02 Time taken: 1.54 seconds 
Epoch: 103/200 Train accuracy: 7.24241e-01 Validation accuracy: 7.26667e-01 Loss 1.03674e-02 Time taken: 1.55 seconds 
Epoch: 104/200 Train accuracy: 7.25239e-01 Validation accuracy: 7.27000e-01 Loss 1.03569e-02 Time taken: 1.55 seconds 
Epoch: 105/200 Train accuracy: 7.25452e-01 Validation accuracy: 7.20667e-01 Loss 1.03628e-02 Time taken: 1.55 seconds 
Epoch: 106/200 Train accuracy: 7.22602e-01 Validation accuracy: 7.30667e-01 Loss 1.03787e-02 Time taken: 1.54 seconds 
Epoch: 107/200 Train accuracy: 7.26379e-01 Validation accuracy: 7.27333e-01 Loss 1.03536e-02 Time taken: 1.55 seconds 
Epoch: 108/200 Train accuracy: 7.27448e-01 Validation accuracy: 7.27000e-01 Loss 1.03491e-02 Time taken: 1.54 seconds 
Epoch: 109/200 Train accuracy: 7.22887e-01 Validation accuracy: 7.29333e-01 Loss 1.03657e-02 Time taken: 1.54 seconds 
Epoch: 110/200 Train accuracy: 7.23956e-01 Validation accuracy: 7.30000e-01 Loss 1.03658e-02 Time taken: 1.54 seconds 
Epoch: 111/200 Train accuracy: 7.25025e-01 Validation accuracy: 7.26667e-01 Loss 1.03623e-02 Time taken: 1.54 seconds 
Epoch: 112/200 Train accuracy: 7.23814e-01 Validation accuracy: 7.26000e-01 Loss 1.03617e-02 Time taken: 1.54 seconds 
Epoch: 113/200 Train accuracy: 7.24170e-01 Validation accuracy: 7.29333e-01 Loss 1.03584e-02 Time taken: 1.54 seconds 
Epoch: 114/200 Train accuracy: 7.25167e-01 Validation accuracy: 7.31000e-01 Loss 1.03622e-02 Time taken: 1.54 seconds 
Epoch: 115/200 Train accuracy: 7.24597e-01 Validation accuracy: 7.31333e-01 Loss 1.03551e-02 Time taken: 1.54 seconds 
Epoch: 116/200 Train accuracy: 7.27519e-01 Validation accuracy: 7.31000e-01 Loss 1.03447e-02 Time taken: 1.54 seconds 
Epoch: 117/200 Train accuracy: 7.20607e-01 Validation accuracy: 7.27333e-01 Loss 1.03750e-02 Time taken: 1.54 seconds 
Epoch: 118/200 Train accuracy: 7.26094e-01 Validation accuracy: 7.32000e-01 Loss 1.03473e-02 Time taken: 1.54 seconds 
Epoch: 119/200 Train accuracy: 7.26949e-01 Validation accuracy: 7.29667e-01 Loss 1.03494e-02 Time taken: 1.55 seconds 
Epoch: 120/200 Train accuracy: 7.28231e-01 Validation accuracy: 7.24667e-01 Loss 1.03429e-02 Time taken: 1.54 seconds 
Epoch: 121/200 Train accuracy: 7.28659e-01 Validation accuracy: 7.30333e-01 Loss 1.03444e-02 Time taken: 1.54 seconds 
Epoch: 122/200 Train accuracy: 7.28445e-01 Validation accuracy: 7.32667e-01 Loss 1.03492e-02 Time taken: 1.54 seconds 
Epoch: 123/200 Train accuracy: 7.22246e-01 Validation accuracy: 7.30000e-01 Loss 1.03555e-02 Time taken: 1.54 seconds 
Epoch: 124/200 Train accuracy: 7.26735e-01 Validation accuracy: 7.27667e-01 Loss 1.03510e-02 Time taken: 1.54 seconds 
Epoch: 125/200 Train accuracy: 7.25239e-01 Validation accuracy: 7.32667e-01 Loss 1.03390e-02 Time taken: 1.54 seconds 
Epoch: 126/200 Train accuracy: 7.27733e-01 Validation accuracy: 7.31000e-01 Loss 1.03450e-02 Time taken: 1.54 seconds 
Epoch: 127/200 Train accuracy: 7.26806e-01 Validation accuracy: 7.27000e-01 Loss 1.03495e-02 Time taken: 1.55 seconds 
Epoch: 128/200 Train accuracy: 7.25666e-01 Validation accuracy: 7.23667e-01 Loss 1.03449e-02 Time taken: 1.55 seconds 
Epoch: 129/200 Train accuracy: 7.28303e-01 Validation accuracy: 7.32000e-01 Loss 1.03401e-02 Time taken: 1.54 seconds 
Epoch: 130/200 Train accuracy: 7.25310e-01 Validation accuracy: 7.32000e-01 Loss 1.03484e-02 Time taken: 1.55 seconds 
Epoch: 131/200 Train accuracy: 7.28944e-01 Validation accuracy: 7.31333e-01 Loss 1.03324e-02 Time taken: 1.55 seconds 
Epoch: 132/200 Train accuracy: 7.29514e-01 Validation accuracy: 7.32333e-01 Loss 1.03384e-02 Time taken: 1.55 seconds 
Epoch: 133/200 Train accuracy: 7.28374e-01 Validation accuracy: 7.21333e-01 Loss 1.03387e-02 Time taken: 1.54 seconds 
Epoch: 134/200 Train accuracy: 7.25951e-01 Validation accuracy: 7.22667e-01 Loss 1.03482e-02 Time taken: 1.55 seconds 
Epoch: 135/200 Train accuracy: 7.28374e-01 Validation accuracy: 7.24000e-01 Loss 1.03461e-02 Time taken: 1.56 seconds 
Epoch: 136/200 Train accuracy: 7.30013e-01 Validation accuracy: 7.31000e-01 Loss 1.03258e-02 Time taken: 1.55 seconds 
Epoch: 137/200 Train accuracy: 7.26735e-01 Validation accuracy: 7.31000e-01 Loss 1.03409e-02 Time taken: 1.54 seconds 
Epoch: 138/200 Train accuracy: 7.24526e-01 Validation accuracy: 7.30000e-01 Loss 1.03577e-02 Time taken: 1.55 seconds 
Epoch: 139/200 Train accuracy: 7.29585e-01 Validation accuracy: 7.27000e-01 Loss 1.03371e-02 Time taken: 1.55 seconds 
Epoch: 140/200 Train accuracy: 7.27091e-01 Validation accuracy: 7.27333e-01 Loss 1.03311e-02 Time taken: 1.55 seconds 
Epoch: 141/200 Train accuracy: 7.25096e-01 Validation accuracy: 7.30000e-01 Loss 1.03392e-02 Time taken: 1.53 seconds 
Epoch: 142/200 Train accuracy: 7.25381e-01 Validation accuracy: 7.29667e-01 Loss 1.03466e-02 Time taken: 1.54 seconds 
Epoch: 143/200 Train accuracy: 7.26165e-01 Validation accuracy: 7.29000e-01 Loss 1.03388e-02 Time taken: 1.55 seconds 
Epoch: 144/200 Train accuracy: 7.24455e-01 Validation accuracy: 7.27000e-01 Loss 1.03452e-02 Time taken: 1.54 seconds 
Epoch: 145/200 Train accuracy: 7.27661e-01 Validation accuracy: 7.32000e-01 Loss 1.03330e-02 Time taken: 1.54 seconds 
Epoch: 146/200 Train accuracy: 7.27661e-01 Validation accuracy: 7.32667e-01 Loss 1.03280e-02 Time taken: 1.55 seconds 
Epoch: 147/200 Train accuracy: 7.29372e-01 Validation accuracy: 7.33000e-01 Loss 1.03260e-02 Time taken: 1.54 seconds 
Epoch: 148/200 Train accuracy: 7.27448e-01 Validation accuracy: 7.28333e-01 Loss 1.03360e-02 Time taken: 1.54 seconds 
Epoch: 149/200 Train accuracy: 7.28303e-01 Validation accuracy: 7.30667e-01 Loss 1.03320e-02 Time taken: 1.54 seconds 
Epoch: 150/200 Train accuracy: 7.26450e-01 Validation accuracy: 7.29000e-01 Loss 1.03422e-02 Time taken: 1.55 seconds 
Epoch: 151/200 Train accuracy: 7.27733e-01 Validation accuracy: 7.30333e-01 Loss 1.03324e-02 Time taken: 1.53 seconds 
Epoch: 152/200 Train accuracy: 7.27091e-01 Validation accuracy: 7.30000e-01 Loss 1.03393e-02 Time taken: 1.54 seconds 
Epoch: 153/200 Train accuracy: 7.29087e-01 Validation accuracy: 7.29333e-01 Loss 1.03304e-02 Time taken: 1.54 seconds 
Epoch: 154/200 Train accuracy: 7.28160e-01 Validation accuracy: 7.31000e-01 Loss 1.03283e-02 Time taken: 1.54 seconds 
Epoch: 155/200 Train accuracy: 7.30654e-01 Validation accuracy: 7.29667e-01 Loss 1.03179e-02 Time taken: 1.51 seconds 
Epoch: 156/200 Train accuracy: 7.29229e-01 Validation accuracy: 7.31667e-01 Loss 1.03337e-02 Time taken: 1.55 seconds 
Epoch: 157/200 Train accuracy: 7.27946e-01 Validation accuracy: 7.34333e-01 Loss 1.03279e-02 Time taken: 1.54 seconds 
Epoch: 158/200 Train accuracy: 7.26878e-01 Validation accuracy: 7.33667e-01 Loss 1.03350e-02 Time taken: 1.54 seconds 
Epoch: 159/200 Train accuracy: 7.28873e-01 Validation accuracy: 7.31000e-01 Loss 1.03214e-02 Time taken: 1.54 seconds 
Epoch: 160/200 Train accuracy: 7.29372e-01 Validation accuracy: 7.33667e-01 Loss 1.03238e-02 Time taken: 1.55 seconds 
Epoch: 161/200 Train accuracy: 7.27091e-01 Validation accuracy: 7.32333e-01 Loss 1.03353e-02 Time taken: 1.54 seconds 
Epoch: 162/200 Train accuracy: 7.26593e-01 Validation accuracy: 7.34000e-01 Loss 1.03355e-02 Time taken: 1.54 seconds 
Epoch: 163/200 Train accuracy: 7.30013e-01 Validation accuracy: 7.31333e-01 Loss 1.03135e-02 Time taken: 1.54 seconds 
Epoch: 164/200 Train accuracy: 7.30298e-01 Validation accuracy: 7.31333e-01 Loss 1.03227e-02 Time taken: 1.54 seconds 
Epoch: 165/200 Train accuracy: 7.30797e-01 Validation accuracy: 7.31000e-01 Loss 1.03188e-02 Time taken: 1.54 seconds 
Epoch: 166/200 Train accuracy: 7.29799e-01 Validation accuracy: 7.33333e-01 Loss 1.03209e-02 Time taken: 1.54 seconds 
Epoch: 167/200 Train accuracy: 7.33291e-01 Validation accuracy: 7.31000e-01 Loss 1.03163e-02 Time taken: 1.54 seconds 
Epoch: 168/200 Train accuracy: 7.30084e-01 Validation accuracy: 7.30000e-01 Loss 1.03087e-02 Time taken: 1.54 seconds 
Epoch: 169/200 Train accuracy: 7.28944e-01 Validation accuracy: 7.29333e-01 Loss 1.03315e-02 Time taken: 1.54 seconds 
Epoch: 170/200 Train accuracy: 7.24597e-01 Validation accuracy: 7.30667e-01 Loss 1.03346e-02 Time taken: 1.54 seconds 
Epoch: 171/200 Train accuracy: 7.32079e-01 Validation accuracy: 7.28333e-01 Loss 1.03086e-02 Time taken: 1.54 seconds 
Epoch: 172/200 Train accuracy: 7.30512e-01 Validation accuracy: 7.29667e-01 Loss 1.03247e-02 Time taken: 1.54 seconds 
Epoch: 173/200 Train accuracy: 7.29443e-01 Validation accuracy: 7.31000e-01 Loss 1.03134e-02 Time taken: 1.54 seconds 
Epoch: 174/200 Train accuracy: 7.32222e-01 Validation accuracy: 7.29000e-01 Loss 1.03083e-02 Time taken: 1.54 seconds 
Epoch: 175/200 Train accuracy: 7.30583e-01 Validation accuracy: 7.31000e-01 Loss 1.03231e-02 Time taken: 1.55 seconds 
Epoch: 176/200 Train accuracy: 7.29158e-01 Validation accuracy: 7.30000e-01 Loss 1.03193e-02 Time taken: 1.54 seconds 
Epoch: 177/200 Train accuracy: 7.26806e-01 Validation accuracy: 7.27667e-01 Loss 1.03262e-02 Time taken: 1.54 seconds 
Epoch: 178/200 Train accuracy: 7.26450e-01 Validation accuracy: 7.31667e-01 Loss 1.03177e-02 Time taken: 1.56 seconds 
Epoch: 179/200 Train accuracy: 7.30298e-01 Validation accuracy: 7.29333e-01 Loss 1.03179e-02 Time taken: 1.54 seconds 
Epoch: 180/200 Train accuracy: 7.30939e-01 Validation accuracy: 7.32667e-01 Loss 1.03064e-02 Time taken: 1.54 seconds 
Epoch: 181/200 Train accuracy: 7.33077e-01 Validation accuracy: 7.29000e-01 Loss 1.03017e-02 Time taken: 1.55 seconds 
Epoch: 182/200 Train accuracy: 7.29372e-01 Validation accuracy: 7.30333e-01 Loss 1.03163e-02 Time taken: 1.55 seconds 
Epoch: 183/200 Train accuracy: 7.32150e-01 Validation accuracy: 7.27000e-01 Loss 1.03089e-02 Time taken: 1.56 seconds 
Epoch: 184/200 Train accuracy: 7.29300e-01 Validation accuracy: 7.27667e-01 Loss 1.03177e-02 Time taken: 1.55 seconds 
Epoch: 185/200 Train accuracy: 7.32008e-01 Validation accuracy: 7.32667e-01 Loss 1.03156e-02 Time taken: 1.55 seconds 
Epoch: 186/200 Train accuracy: 7.27091e-01 Validation accuracy: 7.28333e-01 Loss 1.03281e-02 Time taken: 1.55 seconds 
Epoch: 187/200 Train accuracy: 7.28516e-01 Validation accuracy: 7.26000e-01 Loss 1.03262e-02 Time taken: 1.55 seconds 
Epoch: 188/200 Train accuracy: 7.28303e-01 Validation accuracy: 7.35333e-01 Loss 1.03207e-02 Time taken: 1.55 seconds 
Epoch: 189/200 Train accuracy: 7.28516e-01 Validation accuracy: 7.29333e-01 Loss 1.03129e-02 Time taken: 1.55 seconds 
Epoch: 190/200 Train accuracy: 7.28516e-01 Validation accuracy: 7.33667e-01 Loss 1.03158e-02 Time taken: 1.54 seconds 
Epoch: 191/200 Train accuracy: 7.31865e-01 Validation accuracy: 7.28667e-01 Loss 1.03060e-02 Time taken: 1.55 seconds 
Epoch: 192/200 Train accuracy: 7.28944e-01 Validation accuracy: 7.33333e-01 Loss 1.03192e-02 Time taken: 1.54 seconds 
Epoch: 193/200 Train accuracy: 7.30013e-01 Validation accuracy: 7.31333e-01 Loss 1.03163e-02 Time taken: 1.55 seconds 
Epoch: 194/200 Train accuracy: 7.29300e-01 Validation accuracy: 7.30333e-01 Loss 1.03215e-02 Time taken: 1.54 seconds 
Epoch: 195/200 Train accuracy: 7.23956e-01 Validation accuracy: 7.31667e-01 Loss 1.03382e-02 Time taken: 1.55 seconds 
Epoch: 196/200 Train accuracy: 7.31937e-01 Validation accuracy: 7.31333e-01 Loss 1.03017e-02 Time taken: 1.54 seconds 
Epoch: 197/200 Train accuracy: 7.31580e-01 Validation accuracy: 7.29667e-01 Loss 1.03053e-02 Time taken: 1.54 seconds 
Epoch: 198/200 Train accuracy: 7.31010e-01 Validation accuracy: 7.35667e-01 Loss 1.03037e-02 Time taken: 1.54 seconds 
Epoch: 199/200 Train accuracy: 7.28089e-01 Validation accuracy: 7.33667e-01 Loss 1.03213e-02 Time taken: 1.55 seconds 
Epoch: 200/200 Train accuracy: 7.33006e-01 Validation accuracy: 7.25667e-01 Loss 1.03063e-02 Time taken: 1.54 seconds 
Total time taken 0:05:09.989435
Cleaning up intermediate feature (.pt) files
Done


working on file logs_PKT_full/iic-train-L2_PKT_full-seed21/jepa-iic-L2_PKT_batch-ep400.pth.tar ...
