Directory logs_IN100/in100-vitb16-l2-pkt-chunks-ep300-bs448-w40-nodiv/classifiers for saving the classifiers is now present
VisionTransformer(
  (patch_embed): PatchEmbed(
    (proj): Conv2d(3, 768, kernel_size=(16, 16), stride=(16, 16))
  )
  (blocks): ModuleList(
    (0-11): 12 x Block(
      (norm1): LayerNorm((768,), eps=1e-06, elementwise_affine=True)
      (attn): Attention(
        (qkv): Linear(in_features=768, out_features=2304, bias=True)
        (attn_drop): Dropout(p=0.0, inplace=False)
        (proj): Linear(in_features=768, out_features=768, bias=True)
        (proj_drop): Dropout(p=0.0, inplace=False)
      )
      (drop_path): Identity()
      (norm2): LayerNorm((768,), eps=1e-06, elementwise_affine=True)
      (mlp): MLP(
        (fc1): Linear(in_features=768, out_features=3072, bias=True)
        (act): GELU(approximate='none')
        (fc2): Linear(in_features=3072, out_features=768, bias=True)
        (drop): Dropout(p=0.0, inplace=False)
      )
    )
  )
  (norm): LayerNorm((768,), eps=1e-06, elementwise_affine=True)
)
Extracting features and saving them in memory..
Extracting features...
Epoch: 1/200 Train accuracy: 3.88700e-01 Validation accuracy: 4.24400e-01 Training loss 1.95315e-02 Validation loss 1.78919e-02 Time taken: 2.63 seconds 
Epoch: 2/200 Train accuracy: 4.95246e-01 Validation accuracy: 4.54800e-01 Training loss 1.51066e-02 Validation loss 1.67380e-02 Time taken: 1.67 seconds 
Epoch: 3/200 Train accuracy: 5.19885e-01 Validation accuracy: 4.69800e-01 Training loss 1.42120e-02 Validation loss 1.62319e-02 Time taken: 1.66 seconds 
Epoch: 4/200 Train accuracy: 5.34831e-01 Validation accuracy: 4.76400e-01 Training loss 1.37163e-02 Validation loss 1.59487e-02 Time taken: 1.67 seconds 
Epoch: 5/200 Train accuracy: 5.44800e-01 Validation accuracy: 4.78800e-01 Training loss 1.33828e-02 Validation loss 1.57502e-02 Time taken: 1.67 seconds 
Epoch: 6/200 Train accuracy: 5.52454e-01 Validation accuracy: 4.88200e-01 Training loss 1.31268e-02 Validation loss 1.56660e-02 Time taken: 1.67 seconds 
Epoch: 7/200 Train accuracy: 5.60015e-01 Validation accuracy: 4.87800e-01 Training loss 1.29226e-02 Validation loss 1.54274e-02 Time taken: 1.68 seconds 
Epoch: 8/200 Train accuracy: 5.65069e-01 Validation accuracy: 4.96800e-01 Training loss 1.27611e-02 Validation loss 1.53720e-02 Time taken: 1.69 seconds 
Epoch: 9/200 Train accuracy: 5.68292e-01 Validation accuracy: 4.95600e-01 Training loss 1.26196e-02 Validation loss 1.53029e-02 Time taken: 1.69 seconds 
Epoch: 10/200 Train accuracy: 5.72246e-01 Validation accuracy: 4.97000e-01 Training loss 1.24993e-02 Validation loss 1.52677e-02 Time taken: 1.68 seconds 
Epoch: 11/200 Train accuracy: 5.76631e-01 Validation accuracy: 4.99400e-01 Training loss 1.23821e-02 Validation loss 1.51482e-02 Time taken: 1.73 seconds 
Epoch: 12/200 Train accuracy: 5.79077e-01 Validation accuracy: 5.00600e-01 Training loss 1.22867e-02 Validation loss 1.51191e-02 Time taken: 1.78 seconds 
Epoch: 13/200 Train accuracy: 5.81062e-01 Validation accuracy: 4.99200e-01 Training loss 1.21974e-02 Validation loss 1.50982e-02 Time taken: 1.68 seconds 
Epoch: 14/200 Train accuracy: 5.83946e-01 Validation accuracy: 5.04400e-01 Training loss 1.21217e-02 Validation loss 1.49374e-02 Time taken: 1.67 seconds 
Epoch: 15/200 Train accuracy: 5.86885e-01 Validation accuracy: 5.05200e-01 Training loss 1.20440e-02 Validation loss 1.49217e-02 Time taken: 1.67 seconds 
Epoch: 16/200 Train accuracy: 5.88577e-01 Validation accuracy: 5.10000e-01 Training loss 1.19782e-02 Validation loss 1.49028e-02 Time taken: 1.68 seconds 
Epoch: 17/200 Train accuracy: 5.90600e-01 Validation accuracy: 5.14200e-01 Training loss 1.19166e-02 Validation loss 1.48205e-02 Time taken: 1.67 seconds 
Epoch: 18/200 Train accuracy: 5.91700e-01 Validation accuracy: 5.06000e-01 Training loss 1.18640e-02 Validation loss 1.48074e-02 Time taken: 1.67 seconds 
Epoch: 19/200 Train accuracy: 5.93838e-01 Validation accuracy: 5.07200e-01 Training loss 1.18022e-02 Validation loss 1.47776e-02 Time taken: 1.67 seconds 
Epoch: 20/200 Train accuracy: 5.94877e-01 Validation accuracy: 5.17000e-01 Training loss 1.17554e-02 Validation loss 1.48034e-02 Time taken: 1.67 seconds 
Epoch: 21/200 Train accuracy: 5.96877e-01 Validation accuracy: 5.13200e-01 Training loss 1.17049e-02 Validation loss 1.48111e-02 Time taken: 1.67 seconds 
Epoch: 22/200 Train accuracy: 5.98492e-01 Validation accuracy: 5.14600e-01 Training loss 1.16582e-02 Validation loss 1.47042e-02 Time taken: 1.67 seconds 
Epoch: 23/200 Train accuracy: 5.99923e-01 Validation accuracy: 5.11000e-01 Training loss 1.16163e-02 Validation loss 1.47062e-02 Time taken: 1.67 seconds 
Epoch: 24/200 Train accuracy: 6.01231e-01 Validation accuracy: 5.12000e-01 Training loss 1.15788e-02 Validation loss 1.46650e-02 Time taken: 1.68 seconds 
Epoch: 25/200 Train accuracy: 6.02085e-01 Validation accuracy: 5.08800e-01 Training loss 1.15399e-02 Validation loss 1.47027e-02 Time taken: 1.68 seconds 
Epoch: 26/200 Train accuracy: 6.02569e-01 Validation accuracy: 5.14200e-01 Training loss 1.15090e-02 Validation loss 1.46324e-02 Time taken: 1.68 seconds 
Epoch: 27/200 Train accuracy: 6.04431e-01 Validation accuracy: 5.10800e-01 Training loss 1.14714e-02 Validation loss 1.46201e-02 Time taken: 1.68 seconds 
Epoch: 28/200 Train accuracy: 6.04469e-01 Validation accuracy: 5.09800e-01 Training loss 1.14353e-02 Validation loss 1.46800e-02 Time taken: 1.69 seconds 
Epoch: 29/200 Train accuracy: 6.06723e-01 Validation accuracy: 5.12800e-01 Training loss 1.14113e-02 Validation loss 1.46190e-02 Time taken: 1.78 seconds 
Epoch: 30/200 Train accuracy: 6.06346e-01 Validation accuracy: 5.20000e-01 Training loss 1.13768e-02 Validation loss 1.45647e-02 Time taken: 1.72 seconds 
Epoch: 31/200 Train accuracy: 6.07615e-01 Validation accuracy: 5.17000e-01 Training loss 1.13451e-02 Validation loss 1.45790e-02 Time taken: 1.68 seconds 
Epoch: 32/200 Train accuracy: 6.08515e-01 Validation accuracy: 5.16400e-01 Training loss 1.13164e-02 Validation loss 1.45979e-02 Time taken: 1.68 seconds 
Epoch: 33/200 Train accuracy: 6.09746e-01 Validation accuracy: 5.15800e-01 Training loss 1.12973e-02 Validation loss 1.45746e-02 Time taken: 1.68 seconds 
Epoch: 34/200 Train accuracy: 6.10392e-01 Validation accuracy: 5.20400e-01 Training loss 1.12687e-02 Validation loss 1.44994e-02 Time taken: 1.68 seconds 
Epoch: 35/200 Train accuracy: 6.11200e-01 Validation accuracy: 5.15400e-01 Training loss 1.12356e-02 Validation loss 1.45316e-02 Time taken: 1.68 seconds 
Epoch: 36/200 Train accuracy: 6.12069e-01 Validation accuracy: 5.11200e-01 Training loss 1.12187e-02 Validation loss 1.45327e-02 Time taken: 1.68 seconds 
Epoch: 37/200 Train accuracy: 6.11977e-01 Validation accuracy: 5.21000e-01 Training loss 1.11977e-02 Validation loss 1.44938e-02 Time taken: 1.68 seconds 
Epoch: 38/200 Train accuracy: 6.13669e-01 Validation accuracy: 5.17600e-01 Training loss 1.11703e-02 Validation loss 1.46129e-02 Time taken: 1.68 seconds 
Epoch: 39/200 Train accuracy: 6.14262e-01 Validation accuracy: 5.16200e-01 Training loss 1.11549e-02 Validation loss 1.45501e-02 Time taken: 1.68 seconds 
Epoch: 40/200 Train accuracy: 6.13769e-01 Validation accuracy: 5.20800e-01 Training loss 1.11297e-02 Validation loss 1.44405e-02 Time taken: 1.69 seconds 
Epoch: 41/200 Train accuracy: 6.15592e-01 Validation accuracy: 5.18400e-01 Training loss 1.11126e-02 Validation loss 1.44554e-02 Time taken: 1.68 seconds 
Epoch: 42/200 Train accuracy: 6.16623e-01 Validation accuracy: 5.17400e-01 Training loss 1.10913e-02 Validation loss 1.44987e-02 Time taken: 2.18 seconds 
Epoch: 43/200 Train accuracy: 6.16146e-01 Validation accuracy: 5.21400e-01 Training loss 1.10810e-02 Validation loss 1.44099e-02 Time taken: 1.92 seconds 
Epoch: 44/200 Train accuracy: 6.16346e-01 Validation accuracy: 5.22600e-01 Training loss 1.10597e-02 Validation loss 1.44469e-02 Time taken: 1.85 seconds 
Epoch: 45/200 Train accuracy: 6.17692e-01 Validation accuracy: 5.29800e-01 Training loss 1.10377e-02 Validation loss 1.43872e-02 Time taken: 1.98 seconds 
Epoch: 46/200 Train accuracy: 6.17846e-01 Validation accuracy: 5.20400e-01 Training loss 1.10205e-02 Validation loss 1.44739e-02 Time taken: 2.03 seconds 
Epoch: 47/200 Train accuracy: 6.18015e-01 Validation accuracy: 5.22000e-01 Training loss 1.10082e-02 Validation loss 1.44106e-02 Time taken: 1.77 seconds 
Epoch: 48/200 Train accuracy: 6.19546e-01 Validation accuracy: 5.21800e-01 Training loss 1.09904e-02 Validation loss 1.43354e-02 Time taken: 1.81 seconds 
Epoch: 49/200 Train accuracy: 6.19077e-01 Validation accuracy: 5.19800e-01 Training loss 1.09743e-02 Validation loss 1.44687e-02 Time taken: 1.78 seconds 
Epoch: 50/200 Train accuracy: 6.19446e-01 Validation accuracy: 5.20000e-01 Training loss 1.09613e-02 Validation loss 1.43554e-02 Time taken: 1.84 seconds 
Epoch: 51/200 Train accuracy: 6.21638e-01 Validation accuracy: 5.17600e-01 Training loss 1.09439e-02 Validation loss 1.44576e-02 Time taken: 1.64 seconds 
Epoch: 52/200 Train accuracy: 6.21131e-01 Validation accuracy: 5.26600e-01 Training loss 1.09272e-02 Validation loss 1.44102e-02 Time taken: 1.71 seconds 
Epoch: 53/200 Train accuracy: 6.21354e-01 Validation accuracy: 5.27600e-01 Training loss 1.09244e-02 Validation loss 1.43699e-02 Time taken: 2.27 seconds 
Epoch: 54/200 Train accuracy: 6.21477e-01 Validation accuracy: 5.25800e-01 Training loss 1.09146e-02 Validation loss 1.44052e-02 Time taken: 1.64 seconds 
Epoch: 55/200 Train accuracy: 6.23054e-01 Validation accuracy: 5.24400e-01 Training loss 1.08867e-02 Validation loss 1.44201e-02 Time taken: 1.68 seconds 
Epoch: 56/200 Train accuracy: 6.23492e-01 Validation accuracy: 5.26800e-01 Training loss 1.08792e-02 Validation loss 1.43420e-02 Time taken: 1.63 seconds 
Epoch: 57/200 Train accuracy: 6.23385e-01 Validation accuracy: 5.20400e-01 Training loss 1.08657e-02 Validation loss 1.43641e-02 Time taken: 1.63 seconds 
Epoch: 58/200 Train accuracy: 6.23169e-01 Validation accuracy: 5.20600e-01 Training loss 1.08545e-02 Validation loss 1.43302e-02 Time taken: 1.64 seconds 
Epoch: 59/200 Train accuracy: 6.23246e-01 Validation accuracy: 5.21600e-01 Training loss 1.08382e-02 Validation loss 1.43002e-02 Time taken: 1.84 seconds 
Epoch: 60/200 Train accuracy: 6.24623e-01 Validation accuracy: 5.25200e-01 Training loss 1.08291e-02 Validation loss 1.43140e-02 Time taken: 1.64 seconds 
Epoch: 61/200 Train accuracy: 6.24846e-01 Validation accuracy: 5.28200e-01 Training loss 1.08215e-02 Validation loss 1.43121e-02 Time taken: 1.67 seconds 
Epoch: 62/200 Train accuracy: 6.24608e-01 Validation accuracy: 5.24000e-01 Training loss 1.08112e-02 Validation loss 1.42887e-02 Time taken: 1.74 seconds 
Epoch: 63/200 Train accuracy: 6.25623e-01 Validation accuracy: 5.25200e-01 Training loss 1.07979e-02 Validation loss 1.43016e-02 Time taken: 1.67 seconds 
Epoch: 64/200 Train accuracy: 6.26192e-01 Validation accuracy: 5.25200e-01 Training loss 1.07894e-02 Validation loss 1.42903e-02 Time taken: 1.65 seconds 
Epoch: 65/200 Train accuracy: 6.25362e-01 Validation accuracy: 5.25800e-01 Training loss 1.07840e-02 Validation loss 1.43496e-02 Time taken: 1.66 seconds 
Epoch: 66/200 Train accuracy: 6.25869e-01 Validation accuracy: 5.23800e-01 Training loss 1.07714e-02 Validation loss 1.42953e-02 Time taken: 1.67 seconds 
Epoch: 67/200 Train accuracy: 6.26892e-01 Validation accuracy: 5.25200e-01 Training loss 1.07622e-02 Validation loss 1.42677e-02 Time taken: 1.66 seconds 
Epoch: 68/200 Train accuracy: 6.27092e-01 Validation accuracy: 5.27800e-01 Training loss 1.07471e-02 Validation loss 1.43517e-02 Time taken: 1.67 seconds 
Epoch: 69/200 Train accuracy: 6.28138e-01 Validation accuracy: 5.22800e-01 Training loss 1.07420e-02 Validation loss 1.43822e-02 Time taken: 1.68 seconds 
Epoch: 70/200 Train accuracy: 6.26692e-01 Validation accuracy: 5.25000e-01 Training loss 1.07405e-02 Validation loss 1.43697e-02 Time taken: 1.75 seconds 
Epoch: 71/200 Train accuracy: 6.28315e-01 Validation accuracy: 5.23000e-01 Training loss 1.07202e-02 Validation loss 1.43288e-02 Time taken: 1.66 seconds 
Epoch: 72/200 Train accuracy: 6.26708e-01 Validation accuracy: 5.25600e-01 Training loss 1.07189e-02 Validation loss 1.43022e-02 Time taken: 1.65 seconds 
Epoch: 73/200 Train accuracy: 6.27446e-01 Validation accuracy: 5.28200e-01 Training loss 1.07096e-02 Validation loss 1.43063e-02 Time taken: 1.65 seconds 
Epoch: 74/200 Train accuracy: 6.28431e-01 Validation accuracy: 5.25600e-01 Training loss 1.07012e-02 Validation loss 1.43335e-02 Time taken: 1.66 seconds 
Epoch: 75/200 Train accuracy: 6.29323e-01 Validation accuracy: 5.24200e-01 Training loss 1.06908e-02 Validation loss 1.43299e-02 Time taken: 1.66 seconds 
Epoch: 76/200 Train accuracy: 6.27800e-01 Validation accuracy: 5.25600e-01 Training loss 1.06921e-02 Validation loss 1.42348e-02 Time taken: 1.69 seconds 
Epoch: 77/200 Train accuracy: 6.29792e-01 Validation accuracy: 5.22200e-01 Training loss 1.06735e-02 Validation loss 1.43781e-02 Time taken: 1.74 seconds 
Epoch: 78/200 Train accuracy: 6.29454e-01 Validation accuracy: 5.33000e-01 Training loss 1.06758e-02 Validation loss 1.42710e-02 Time taken: 1.66 seconds 
Epoch: 79/200 Train accuracy: 6.28808e-01 Validation accuracy: 5.30600e-01 Training loss 1.06632e-02 Validation loss 1.42084e-02 Time taken: 1.67 seconds 
Epoch: 80/200 Train accuracy: 6.29377e-01 Validation accuracy: 5.29800e-01 Training loss 1.06557e-02 Validation loss 1.42673e-02 Time taken: 1.68 seconds 
Epoch: 81/200 Train accuracy: 6.30077e-01 Validation accuracy: 5.25400e-01 Training loss 1.06454e-02 Validation loss 1.42092e-02 Time taken: 1.68 seconds 
Epoch: 82/200 Train accuracy: 6.29931e-01 Validation accuracy: 5.27600e-01 Training loss 1.06383e-02 Validation loss 1.42397e-02 Time taken: 1.68 seconds 
Epoch: 83/200 Train accuracy: 6.30669e-01 Validation accuracy: 5.25000e-01 Training loss 1.06340e-02 Validation loss 1.43048e-02 Time taken: 1.68 seconds 
Epoch: 84/200 Train accuracy: 6.30869e-01 Validation accuracy: 5.21400e-01 Training loss 1.06319e-02 Validation loss 1.42649e-02 Time taken: 1.69 seconds 
Epoch: 85/200 Train accuracy: 6.29715e-01 Validation accuracy: 5.25600e-01 Training loss 1.06284e-02 Validation loss 1.43022e-02 Time taken: 1.69 seconds 
Epoch: 86/200 Train accuracy: 6.30738e-01 Validation accuracy: 5.28600e-01 Training loss 1.06180e-02 Validation loss 1.42281e-02 Time taken: 1.68 seconds 
Epoch: 87/200 Train accuracy: 6.30392e-01 Validation accuracy: 5.30200e-01 Training loss 1.06117e-02 Validation loss 1.42328e-02 Time taken: 1.69 seconds 
Epoch: 88/200 Train accuracy: 6.32069e-01 Validation accuracy: 5.25200e-01 Training loss 1.06028e-02 Validation loss 1.41993e-02 Time taken: 1.69 seconds 
Epoch: 89/200 Train accuracy: 6.31638e-01 Validation accuracy: 5.29200e-01 Training loss 1.05967e-02 Validation loss 1.42940e-02 Time taken: 1.68 seconds 
Epoch: 90/200 Train accuracy: 6.32169e-01 Validation accuracy: 5.31000e-01 Training loss 1.05903e-02 Validation loss 1.42307e-02 Time taken: 1.69 seconds 
Epoch: 91/200 Train accuracy: 6.31638e-01 Validation accuracy: 5.31800e-01 Training loss 1.05911e-02 Validation loss 1.41996e-02 Time taken: 1.67 seconds 
Epoch: 92/200 Train accuracy: 6.31923e-01 Validation accuracy: 5.31600e-01 Training loss 1.05858e-02 Validation loss 1.42406e-02 Time taken: 1.68 seconds 
Epoch: 93/200 Train accuracy: 6.31931e-01 Validation accuracy: 5.25200e-01 Training loss 1.05765e-02 Validation loss 1.41891e-02 Time taken: 1.73 seconds 
Epoch: 94/200 Train accuracy: 6.33015e-01 Validation accuracy: 5.23400e-01 Training loss 1.05676e-02 Validation loss 1.42337e-02 Time taken: 1.69 seconds 
Epoch: 95/200 Train accuracy: 6.31977e-01 Validation accuracy: 5.29200e-01 Training loss 1.05678e-02 Validation loss 1.42241e-02 Time taken: 2.16 seconds 
Epoch: 96/200 Train accuracy: 6.32923e-01 Validation accuracy: 5.23000e-01 Training loss 1.05621e-02 Validation loss 1.42931e-02 Time taken: 1.81 seconds 
Epoch: 97/200 Train accuracy: 6.31777e-01 Validation accuracy: 5.20200e-01 Training loss 1.05603e-02 Validation loss 1.42833e-02 Time taken: 1.74 seconds 
Epoch: 98/200 Train accuracy: 6.33323e-01 Validation accuracy: 5.25400e-01 Training loss 1.05579e-02 Validation loss 1.42305e-02 Time taken: 1.74 seconds 
Epoch: 99/200 Train accuracy: 6.32069e-01 Validation accuracy: 5.26600e-01 Training loss 1.05492e-02 Validation loss 1.43076e-02 Time taken: 1.78 seconds 
Epoch: 100/200 Train accuracy: 6.34131e-01 Validation accuracy: 5.26600e-01 Training loss 1.05436e-02 Validation loss 1.42807e-02 Time taken: 2.03 seconds 
Epoch: 101/200 Train accuracy: 6.34023e-01 Validation accuracy: 5.22800e-01 Training loss 1.05416e-02 Validation loss 1.42618e-02 Time taken: 1.71 seconds 
Epoch: 102/200 Train accuracy: 6.34192e-01 Validation accuracy: 5.28000e-01 Training loss 1.05318e-02 Validation loss 1.42407e-02 Time taken: 1.70 seconds 
Epoch: 103/200 Train accuracy: 6.33477e-01 Validation accuracy: 5.28000e-01 Training loss 1.05352e-02 Validation loss 1.42484e-02 Time taken: 1.71 seconds 
Epoch: 104/200 Train accuracy: 6.33838e-01 Validation accuracy: 5.27800e-01 Training loss 1.05247e-02 Validation loss 1.41782e-02 Time taken: 1.71 seconds 
Epoch: 105/200 Train accuracy: 6.34754e-01 Validation accuracy: 5.28000e-01 Training loss 1.05190e-02 Validation loss 1.42933e-02 Time taken: 1.70 seconds 
Epoch: 106/200 Train accuracy: 6.33208e-01 Validation accuracy: 5.25800e-01 Training loss 1.05202e-02 Validation loss 1.42749e-02 Time taken: 1.71 seconds 
Epoch: 107/200 Train accuracy: 6.32908e-01 Validation accuracy: 5.27600e-01 Training loss 1.05210e-02 Validation loss 1.42048e-02 Time taken: 2.04 seconds 
Epoch: 108/200 Train accuracy: 6.33623e-01 Validation accuracy: 5.32600e-01 Training loss 1.05098e-02 Validation loss 1.41662e-02 Time taken: 1.68 seconds 
Epoch: 109/200 Train accuracy: 6.35015e-01 Validation accuracy: 5.32600e-01 Training loss 1.05063e-02 Validation loss 1.41835e-02 Time taken: 1.68 seconds 
Epoch: 110/200 Train accuracy: 6.34954e-01 Validation accuracy: 5.30800e-01 Training loss 1.04997e-02 Validation loss 1.43048e-02 Time taken: 1.68 seconds 
Epoch: 111/200 Train accuracy: 6.34169e-01 Validation accuracy: 5.32200e-01 Training loss 1.05021e-02 Validation loss 1.41485e-02 Time taken: 1.69 seconds 
Epoch: 112/200 Train accuracy: 6.35523e-01 Validation accuracy: 5.24800e-01 Training loss 1.04937e-02 Validation loss 1.42433e-02 Time taken: 1.74 seconds 
Epoch: 113/200 Train accuracy: 6.34962e-01 Validation accuracy: 5.30200e-01 Training loss 1.04905e-02 Validation loss 1.41562e-02 Time taken: 1.69 seconds 
Epoch: 114/200 Train accuracy: 6.35738e-01 Validation accuracy: 5.27400e-01 Training loss 1.04894e-02 Validation loss 1.42493e-02 Time taken: 1.69 seconds 
Epoch: 115/200 Train accuracy: 6.34077e-01 Validation accuracy: 5.26600e-01 Training loss 1.04853e-02 Validation loss 1.42419e-02 Time taken: 1.72 seconds 
Epoch: 116/200 Train accuracy: 6.34431e-01 Validation accuracy: 5.25400e-01 Training loss 1.04790e-02 Validation loss 1.41386e-02 Time taken: 1.70 seconds 
Epoch: 117/200 Train accuracy: 6.35992e-01 Validation accuracy: 5.33200e-01 Training loss 1.04785e-02 Validation loss 1.42340e-02 Time taken: 1.68 seconds 
Epoch: 118/200 Train accuracy: 6.36238e-01 Validation accuracy: 5.27800e-01 Training loss 1.04713e-02 Validation loss 1.41975e-02 Time taken: 1.68 seconds 
Epoch: 119/200 Train accuracy: 6.34954e-01 Validation accuracy: 5.24600e-01 Training loss 1.04700e-02 Validation loss 1.41735e-02 Time taken: 1.68 seconds 
Epoch: 120/200 Train accuracy: 6.35500e-01 Validation accuracy: 5.23800e-01 Training loss 1.04705e-02 Validation loss 1.41716e-02 Time taken: 1.68 seconds 
Epoch: 121/200 Train accuracy: 6.35169e-01 Validation accuracy: 5.25800e-01 Training loss 1.04647e-02 Validation loss 1.42433e-02 Time taken: 1.69 seconds 
Epoch: 122/200 Train accuracy: 6.35362e-01 Validation accuracy: 5.26000e-01 Training loss 1.04588e-02 Validation loss 1.42391e-02 Time taken: 1.68 seconds 
Epoch: 123/200 Train accuracy: 6.36231e-01 Validation accuracy: 5.30400e-01 Training loss 1.04562e-02 Validation loss 1.42223e-02 Time taken: 1.68 seconds 
Epoch: 124/200 Train accuracy: 6.36123e-01 Validation accuracy: 5.24600e-01 Training loss 1.04549e-02 Validation loss 1.41955e-02 Time taken: 1.68 seconds 
Epoch: 125/200 Train accuracy: 6.36700e-01 Validation accuracy: 5.28600e-01 Training loss 1.04499e-02 Validation loss 1.41753e-02 Time taken: 1.81 seconds 
Epoch: 126/200 Train accuracy: 6.35931e-01 Validation accuracy: 5.30800e-01 Training loss 1.04483e-02 Validation loss 1.41657e-02 Time taken: 1.68 seconds 
Epoch: 127/200 Train accuracy: 6.36846e-01 Validation accuracy: 5.32400e-01 Training loss 1.04455e-02 Validation loss 1.42029e-02 Time taken: 1.68 seconds 
Epoch: 128/200 Train accuracy: 6.35692e-01 Validation accuracy: 5.30000e-01 Training loss 1.04452e-02 Validation loss 1.41063e-02 Time taken: 1.68 seconds 
Epoch: 129/200 Train accuracy: 6.36631e-01 Validation accuracy: 5.31000e-01 Training loss 1.04407e-02 Validation loss 1.42124e-02 Time taken: 1.68 seconds 
Epoch: 130/200 Train accuracy: 6.36446e-01 Validation accuracy: 5.28400e-01 Training loss 1.04402e-02 Validation loss 1.42275e-02 Time taken: 1.69 seconds 
Epoch: 131/200 Train accuracy: 6.36408e-01 Validation accuracy: 5.33800e-01 Training loss 1.04350e-02 Validation loss 1.41695e-02 Time taken: 1.68 seconds 
Epoch: 132/200 Train accuracy: 6.37100e-01 Validation accuracy: 5.36000e-01 Training loss 1.04318e-02 Validation loss 1.42154e-02 Time taken: 1.68 seconds 
Epoch: 133/200 Train accuracy: 6.36969e-01 Validation accuracy: 5.31600e-01 Training loss 1.04335e-02 Validation loss 1.42007e-02 Time taken: 1.77 seconds 
Epoch: 134/200 Train accuracy: 6.37308e-01 Validation accuracy: 5.30800e-01 Training loss 1.04240e-02 Validation loss 1.41711e-02 Time taken: 1.73 seconds 
Epoch: 135/200 Train accuracy: 6.37354e-01 Validation accuracy: 5.32800e-01 Training loss 1.04278e-02 Validation loss 1.41519e-02 Time taken: 1.68 seconds 
Epoch: 136/200 Train accuracy: 6.37077e-01 Validation accuracy: 5.30200e-01 Training loss 1.04233e-02 Validation loss 1.42899e-02 Time taken: 1.68 seconds 
Epoch: 137/200 Train accuracy: 6.36454e-01 Validation accuracy: 5.30200e-01 Training loss 1.04276e-02 Validation loss 1.41959e-02 Time taken: 1.69 seconds 
Epoch: 138/200 Train accuracy: 6.36946e-01 Validation accuracy: 5.35200e-01 Training loss 1.04168e-02 Validation loss 1.42179e-02 Time taken: 1.69 seconds 
Epoch: 139/200 Train accuracy: 6.37992e-01 Validation accuracy: 5.30600e-01 Training loss 1.04151e-02 Validation loss 1.42007e-02 Time taken: 1.69 seconds 
Epoch: 140/200 Train accuracy: 6.36777e-01 Validation accuracy: 5.30600e-01 Training loss 1.04176e-02 Validation loss 1.41606e-02 Time taken: 1.69 seconds 
Epoch: 141/200 Train accuracy: 6.36662e-01 Validation accuracy: 5.27800e-01 Training loss 1.04163e-02 Validation loss 1.42103e-02 Time taken: 1.69 seconds 
Epoch: 142/200 Train accuracy: 6.37700e-01 Validation accuracy: 5.27800e-01 Training loss 1.04069e-02 Validation loss 1.42215e-02 Time taken: 1.69 seconds 
Epoch: 143/200 Train accuracy: 6.37746e-01 Validation accuracy: 5.32200e-01 Training loss 1.04071e-02 Validation loss 1.41765e-02 Time taken: 1.69 seconds 
Epoch: 144/200 Train accuracy: 6.37792e-01 Validation accuracy: 5.28200e-01 Training loss 1.04047e-02 Validation loss 1.42161e-02 Time taken: 1.69 seconds 
Epoch: 145/200 Train accuracy: 6.37985e-01 Validation accuracy: 5.29200e-01 Training loss 1.04010e-02 Validation loss 1.41021e-02 Time taken: 1.69 seconds 
Epoch: 146/200 Train accuracy: 6.36438e-01 Validation accuracy: 5.31400e-01 Training loss 1.04005e-02 Validation loss 1.41596e-02 Time taken: 1.69 seconds 
Epoch: 147/200 Train accuracy: 6.38246e-01 Validation accuracy: 5.29200e-01 Training loss 1.03947e-02 Validation loss 1.41430e-02 Time taken: 1.69 seconds 
Epoch: 148/200 Train accuracy: 6.37538e-01 Validation accuracy: 5.29600e-01 Training loss 1.03961e-02 Validation loss 1.42532e-02 Time taken: 1.70 seconds 
Epoch: 149/200 Train accuracy: 6.37908e-01 Validation accuracy: 5.31000e-01 Training loss 1.03954e-02 Validation loss 1.42487e-02 Time taken: 1.70 seconds 
Epoch: 150/200 Train accuracy: 6.37315e-01 Validation accuracy: 5.29000e-01 Training loss 1.03962e-02 Validation loss 1.41622e-02 Time taken: 1.71 seconds 
Epoch: 151/200 Train accuracy: 6.38015e-01 Validation accuracy: 5.33000e-01 Training loss 1.03958e-02 Validation loss 1.41513e-02 Time taken: 1.72 seconds 
Epoch: 152/200 Train accuracy: 6.37931e-01 Validation accuracy: 5.29200e-01 Training loss 1.03968e-02 Validation loss 1.41937e-02 Time taken: 1.75 seconds 
Epoch: 153/200 Train accuracy: 6.38892e-01 Validation accuracy: 5.28600e-01 Training loss 1.03885e-02 Validation loss 1.41937e-02 Time taken: 1.69 seconds 
Epoch: 154/200 Train accuracy: 6.38385e-01 Validation accuracy: 5.20200e-01 Training loss 1.03842e-02 Validation loss 1.41512e-02 Time taken: 1.70 seconds 
Epoch: 155/200 Train accuracy: 6.39346e-01 Validation accuracy: 5.27600e-01 Training loss 1.03866e-02 Validation loss 1.41824e-02 Time taken: 1.77 seconds 
Epoch: 156/200 Train accuracy: 6.38385e-01 Validation accuracy: 5.27000e-01 Training loss 1.03879e-02 Validation loss 1.41936e-02 Time taken: 1.72 seconds 
Epoch: 157/200 Train accuracy: 6.37623e-01 Validation accuracy: 5.28000e-01 Training loss 1.03775e-02 Validation loss 1.42172e-02 Time taken: 1.71 seconds 
Epoch: 158/200 Train accuracy: 6.39231e-01 Validation accuracy: 5.25400e-01 Training loss 1.03762e-02 Validation loss 1.42236e-02 Time taken: 1.71 seconds 
Epoch: 159/200 Train accuracy: 6.38638e-01 Validation accuracy: 5.26800e-01 Training loss 1.03766e-02 Validation loss 1.42161e-02 Time taken: 1.72 seconds 
Epoch: 160/200 Train accuracy: 6.39108e-01 Validation accuracy: 5.32000e-01 Training loss 1.03754e-02 Validation loss 1.42406e-02 Time taken: 1.71 seconds 
Epoch: 161/200 Train accuracy: 6.38962e-01 Validation accuracy: 5.28600e-01 Training loss 1.03780e-02 Validation loss 1.42301e-02 Time taken: 1.73 seconds 
Epoch: 162/200 Train accuracy: 6.37777e-01 Validation accuracy: 5.30600e-01 Training loss 1.03774e-02 Validation loss 1.41600e-02 Time taken: 1.69 seconds 
Epoch: 163/200 Train accuracy: 6.38454e-01 Validation accuracy: 5.28800e-01 Training loss 1.03715e-02 Validation loss 1.41836e-02 Time taken: 1.69 seconds 
Epoch: 164/200 Train accuracy: 6.39069e-01 Validation accuracy: 5.31000e-01 Training loss 1.03680e-02 Validation loss 1.41783e-02 Time taken: 1.69 seconds 
Epoch: 165/200 Train accuracy: 6.38531e-01 Validation accuracy: 5.31400e-01 Training loss 1.03707e-02 Validation loss 1.41498e-02 Time taken: 1.69 seconds 
Epoch: 166/200 Train accuracy: 6.38300e-01 Validation accuracy: 5.31400e-01 Training loss 1.03713e-02 Validation loss 1.42194e-02 Time taken: 1.71 seconds 
Epoch: 167/200 Train accuracy: 6.39385e-01 Validation accuracy: 5.36000e-01 Training loss 1.03659e-02 Validation loss 1.40887e-02 Time taken: 1.70 seconds 
Epoch: 168/200 Train accuracy: 6.39892e-01 Validation accuracy: 5.30000e-01 Training loss 1.03636e-02 Validation loss 1.41537e-02 Time taken: 1.71 seconds 
Epoch: 169/200 Train accuracy: 6.39085e-01 Validation accuracy: 5.30200e-01 Training loss 1.03625e-02 Validation loss 1.41640e-02 Time taken: 1.71 seconds 
Epoch: 170/200 Train accuracy: 6.40254e-01 Validation accuracy: 5.30600e-01 Training loss 1.03623e-02 Validation loss 1.41820e-02 Time taken: 1.71 seconds 
Epoch: 171/200 Train accuracy: 6.39192e-01 Validation accuracy: 5.26000e-01 Training loss 1.03580e-02 Validation loss 1.41785e-02 Time taken: 1.78 seconds 
Epoch: 172/200 Train accuracy: 6.38946e-01 Validation accuracy: 5.33400e-01 Training loss 1.03590e-02 Validation loss 1.41162e-02 Time taken: 1.83 seconds 
Epoch: 173/200 Train accuracy: 6.38800e-01 Validation accuracy: 5.34800e-01 Training loss 1.03614e-02 Validation loss 1.41051e-02 Time taken: 1.69 seconds 
Epoch: 174/200 Train accuracy: 6.40523e-01 Validation accuracy: 5.26800e-01 Training loss 1.03558e-02 Validation loss 1.41498e-02 Time taken: 1.68 seconds 
Epoch: 175/200 Train accuracy: 6.39462e-01 Validation accuracy: 5.31800e-01 Training loss 1.03557e-02 Validation loss 1.41595e-02 Time taken: 1.68 seconds 
Epoch: 176/200 Train accuracy: 6.38508e-01 Validation accuracy: 5.26400e-01 Training loss 1.03544e-02 Validation loss 1.41284e-02 Time taken: 1.68 seconds 
Epoch: 177/200 Train accuracy: 6.39723e-01 Validation accuracy: 5.28400e-01 Training loss 1.03488e-02 Validation loss 1.41001e-02 Time taken: 1.68 seconds 
Epoch: 178/200 Train accuracy: 6.40015e-01 Validation accuracy: 5.32200e-01 Training loss 1.03483e-02 Validation loss 1.41491e-02 Time taken: 1.68 seconds 
Epoch: 179/200 Train accuracy: 6.38869e-01 Validation accuracy: 5.31200e-01 Training loss 1.03569e-02 Validation loss 1.41086e-02 Time taken: 1.70 seconds 
Epoch: 180/200 Train accuracy: 6.39415e-01 Validation accuracy: 5.30000e-01 Training loss 1.03509e-02 Validation loss 1.41572e-02 Time taken: 1.68 seconds 
Epoch: 181/200 Train accuracy: 6.39354e-01 Validation accuracy: 5.29000e-01 Training loss 1.03458e-02 Validation loss 1.42215e-02 Time taken: 1.68 seconds 
Epoch: 182/200 Train accuracy: 6.39554e-01 Validation accuracy: 5.29600e-01 Training loss 1.03475e-02 Validation loss 1.41016e-02 Time taken: 1.69 seconds 
Epoch: 183/200 Train accuracy: 6.39438e-01 Validation accuracy: 5.31200e-01 Training loss 1.03424e-02 Validation loss 1.42002e-02 Time taken: 1.68 seconds 
Epoch: 184/200 Train accuracy: 6.39492e-01 Validation accuracy: 5.29400e-01 Training loss 1.03516e-02 Validation loss 1.41370e-02 Time taken: 1.68 seconds 
Epoch: 185/200 Train accuracy: 6.40354e-01 Validation accuracy: 5.32400e-01 Training loss 1.03450e-02 Validation loss 1.41528e-02 Time taken: 1.68 seconds 
Epoch: 186/200 Train accuracy: 6.40415e-01 Validation accuracy: 5.28000e-01 Training loss 1.03372e-02 Validation loss 1.41588e-02 Time taken: 1.75 seconds 
Epoch: 187/200 Train accuracy: 6.39546e-01 Validation accuracy: 5.31200e-01 Training loss 1.03438e-02 Validation loss 1.41119e-02 Time taken: 1.68 seconds 
Epoch: 188/200 Train accuracy: 6.40446e-01 Validation accuracy: 5.30200e-01 Training loss 1.03374e-02 Validation loss 1.41856e-02 Time taken: 1.68 seconds 
Epoch: 189/200 Train accuracy: 6.39454e-01 Validation accuracy: 5.30800e-01 Training loss 1.03369e-02 Validation loss 1.42345e-02 Time taken: 2.11 seconds 
Epoch: 190/200 Train accuracy: 6.39438e-01 Validation accuracy: 5.30600e-01 Training loss 1.03359e-02 Validation loss 1.42015e-02 Time taken: 1.70 seconds 
Epoch: 191/200 Train accuracy: 6.39400e-01 Validation accuracy: 5.30800e-01 Training loss 1.03410e-02 Validation loss 1.41566e-02 Time taken: 1.69 seconds 
Epoch: 192/200 Train accuracy: 6.39931e-01 Validation accuracy: 5.29000e-01 Training loss 1.03367e-02 Validation loss 1.41936e-02 Time taken: 1.71 seconds 
Epoch: 193/200 Train accuracy: 6.38469e-01 Validation accuracy: 5.33600e-01 Training loss 1.03403e-02 Validation loss 1.41520e-02 Time taken: 1.68 seconds 
Epoch: 194/200 Train accuracy: 6.38838e-01 Validation accuracy: 5.34400e-01 Training loss 1.03338e-02 Validation loss 1.41393e-02 Time taken: 1.68 seconds 
Epoch: 195/200 Train accuracy: 6.40254e-01 Validation accuracy: 5.37600e-01 Training loss 1.03324e-02 Validation loss 1.42425e-02 Time taken: 1.68 seconds 
Epoch: 196/200 Train accuracy: 6.40415e-01 Validation accuracy: 5.26600e-01 Training loss 1.03328e-02 Validation loss 1.42540e-02 Time taken: 1.69 seconds 
Epoch: 197/200 Train accuracy: 6.40869e-01 Validation accuracy: 5.24400e-01 Training loss 1.03290e-02 Validation loss 1.42270e-02 Time taken: 1.68 seconds 
Epoch: 198/200 Train accuracy: 6.41246e-01 Validation accuracy: 5.31000e-01 Training loss 1.03282e-02 Validation loss 1.42337e-02 Time taken: 1.78 seconds 
Epoch: 199/200 Train accuracy: 6.39677e-01 Validation accuracy: 5.33400e-01 Training loss 1.03362e-02 Validation loss 1.41396e-02 Time taken: 1.72 seconds 
Epoch: 200/200 Train accuracy: 6.40662e-01 Validation accuracy: 5.32600e-01 Training loss 1.03293e-02 Validation loss 1.41407e-02 Time taken: 1.69 seconds 
Total time taken 0:05:47.105177
Cleaning up intermediate feature (.pt) files
Done


working on file logs_IN100/in100-vitb16-l2-pkt-chunks-ep300-bs448-w40-nodiv/jepa-in100-ep300.pth.tar ...
Directory logs_IN100/in100-vitb16-l2-pkt-chunks-ep300-bs448-w40-nodiv/classifiers for saving the classifiers is now present
VisionTransformer(
  (patch_embed): PatchEmbed(
    (proj): Conv2d(3, 768, kernel_size=(16, 16), stride=(16, 16))
  )
  (blocks): ModuleList(
    (0-11): 12 x Block(
      (norm1): LayerNorm((768,), eps=1e-06, elementwise_affine=True)
      (attn): Attention(
        (qkv): Linear(in_features=768, out_features=2304, bias=True)
        (attn_drop): Dropout(p=0.0, inplace=False)
        (proj): Linear(in_features=768, out_features=768, bias=True)
        (proj_drop): Dropout(p=0.0, inplace=False)
      )
      (drop_path): Identity()
      (norm2): LayerNorm((768,), eps=1e-06, elementwise_affine=True)
      (mlp): MLP(
        (fc1): Linear(in_features=768, out_features=3072, bias=True)
        (act): GELU(approximate='none')
        (fc2): Linear(in_features=3072, out_features=768, bias=True)
        (drop): Dropout(p=0.0, inplace=False)
      )
    )
  )
  (norm): LayerNorm((768,), eps=1e-06, elementwise_affine=True)
)
Extracting features and saving them in memory..
Extracting features...
Epoch: 1/200 Train accuracy: 4.32508e-01 Validation accuracy: 4.67600e-01 Training loss 1.84508e-02 Validation loss 1.64599e-02 Time taken: 1.91 seconds 
Epoch: 2/200 Train accuracy: 5.55731e-01 Validation accuracy: 5.07400e-01 Training loss 1.32413e-02 Validation loss 1.50877e-02 Time taken: 1.67 seconds 
Epoch: 3/200 Train accuracy: 5.85108e-01 Validation accuracy: 5.19400e-01 Training loss 1.22138e-02 Validation loss 1.44922e-02 Time taken: 1.65 seconds 
Epoch: 4/200 Train accuracy: 6.01346e-01 Validation accuracy: 5.26200e-01 Training loss 1.16538e-02 Validation loss 1.41942e-02 Time taken: 1.65 seconds 
Epoch: 5/200 Train accuracy: 6.11762e-01 Validation accuracy: 5.34200e-01 Training loss 1.12784e-02 Validation loss 1.40114e-02 Time taken: 1.65 seconds 
Epoch: 6/200 Train accuracy: 6.20246e-01 Validation accuracy: 5.41200e-01 Training loss 1.09950e-02 Validation loss 1.38726e-02 Time taken: 1.65 seconds 
Epoch: 7/200 Train accuracy: 6.26592e-01 Validation accuracy: 5.43800e-01 Training loss 1.07775e-02 Validation loss 1.37410e-02 Time taken: 1.67 seconds 
Epoch: 8/200 Train accuracy: 6.31646e-01 Validation accuracy: 5.46600e-01 Training loss 1.05995e-02 Validation loss 1.36337e-02 Time taken: 1.65 seconds 
Epoch: 9/200 Train accuracy: 6.37169e-01 Validation accuracy: 5.50000e-01 Training loss 1.04476e-02 Validation loss 1.34645e-02 Time taken: 1.65 seconds 
Epoch: 10/200 Train accuracy: 6.40285e-01 Validation accuracy: 5.50400e-01 Training loss 1.03166e-02 Validation loss 1.34825e-02 Time taken: 1.65 seconds 
Epoch: 11/200 Train accuracy: 6.43669e-01 Validation accuracy: 5.50000e-01 Training loss 1.02031e-02 Validation loss 1.35059e-02 Time taken: 1.65 seconds 
Epoch: 12/200 Train accuracy: 6.45754e-01 Validation accuracy: 5.59600e-01 Training loss 1.01029e-02 Validation loss 1.33616e-02 Time taken: 1.65 seconds 
Epoch: 13/200 Train accuracy: 6.49385e-01 Validation accuracy: 5.52000e-01 Training loss 1.00199e-02 Validation loss 1.33834e-02 Time taken: 1.65 seconds 
Epoch: 14/200 Train accuracy: 6.51177e-01 Validation accuracy: 5.61600e-01 Training loss 9.93131e-03 Validation loss 1.33349e-02 Time taken: 1.65 seconds 
Epoch: 15/200 Train accuracy: 6.53477e-01 Validation accuracy: 5.58400e-01 Training loss 9.86019e-03 Validation loss 1.31895e-02 Time taken: 1.65 seconds 
Epoch: 16/200 Train accuracy: 6.56392e-01 Validation accuracy: 5.58400e-01 Training loss 9.79139e-03 Validation loss 1.32567e-02 Time taken: 1.66 seconds 
Epoch: 17/200 Train accuracy: 6.57177e-01 Validation accuracy: 5.57000e-01 Training loss 9.73236e-03 Validation loss 1.32142e-02 Time taken: 1.67 seconds 
Epoch: 18/200 Train accuracy: 6.60838e-01 Validation accuracy: 5.64200e-01 Training loss 9.67173e-03 Validation loss 1.31184e-02 Time taken: 1.66 seconds 
Epoch: 19/200 Train accuracy: 6.61592e-01 Validation accuracy: 5.60400e-01 Training loss 9.62539e-03 Validation loss 1.31674e-02 Time taken: 1.65 seconds 
Epoch: 20/200 Train accuracy: 6.63092e-01 Validation accuracy: 5.66600e-01 Training loss 9.57024e-03 Validation loss 1.31202e-02 Time taken: 1.66 seconds 
Epoch: 21/200 Train accuracy: 6.63892e-01 Validation accuracy: 5.60800e-01 Training loss 9.52867e-03 Validation loss 1.31230e-02 Time taken: 1.65 seconds 
Epoch: 22/200 Train accuracy: 6.65662e-01 Validation accuracy: 5.64000e-01 Training loss 9.48615e-03 Validation loss 1.31443e-02 Time taken: 1.65 seconds 
Epoch: 23/200 Train accuracy: 6.67085e-01 Validation accuracy: 5.61400e-01 Training loss 9.43722e-03 Validation loss 1.31517e-02 Time taken: 1.66 seconds 
Epoch: 24/200 Train accuracy: 6.68069e-01 Validation accuracy: 5.65800e-01 Training loss 9.40370e-03 Validation loss 1.31137e-02 Time taken: 1.66 seconds 
Epoch: 25/200 Train accuracy: 6.68769e-01 Validation accuracy: 5.66400e-01 Training loss 9.37187e-03 Validation loss 1.30772e-02 Time taken: 1.82 seconds 
Epoch: 26/200 Train accuracy: 6.70400e-01 Validation accuracy: 5.65000e-01 Training loss 9.33429e-03 Validation loss 1.31620e-02 Time taken: 1.68 seconds 
Epoch: 27/200 Train accuracy: 6.71069e-01 Validation accuracy: 5.63800e-01 Training loss 9.30598e-03 Validation loss 1.31093e-02 Time taken: 1.65 seconds 
Epoch: 28/200 Train accuracy: 6.73115e-01 Validation accuracy: 5.66600e-01 Training loss 9.26559e-03 Validation loss 1.31235e-02 Time taken: 1.64 seconds 
Epoch: 29/200 Train accuracy: 6.72831e-01 Validation accuracy: 5.63200e-01 Training loss 9.24017e-03 Validation loss 1.30648e-02 Time taken: 1.65 seconds 
Epoch: 30/200 Train accuracy: 6.74315e-01 Validation accuracy: 5.64600e-01 Training loss 9.21275e-03 Validation loss 1.30890e-02 Time taken: 1.65 seconds 
Epoch: 31/200 Train accuracy: 6.75223e-01 Validation accuracy: 5.66200e-01 Training loss 9.18403e-03 Validation loss 1.30480e-02 Time taken: 1.66 seconds 
Epoch: 32/200 Train accuracy: 6.76023e-01 Validation accuracy: 5.67400e-01 Training loss 9.15821e-03 Validation loss 1.30316e-02 Time taken: 1.66 seconds 
Epoch: 33/200 Train accuracy: 6.77046e-01 Validation accuracy: 5.66800e-01 Training loss 9.13124e-03 Validation loss 1.30189e-02 Time taken: 1.67 seconds 
Epoch: 34/200 Train accuracy: 6.77538e-01 Validation accuracy: 5.68400e-01 Training loss 9.10543e-03 Validation loss 1.29976e-02 Time taken: 1.66 seconds 
Epoch: 35/200 Train accuracy: 6.78885e-01 Validation accuracy: 5.66400e-01 Training loss 9.09125e-03 Validation loss 1.30253e-02 Time taken: 1.66 seconds 
Epoch: 36/200 Train accuracy: 6.78469e-01 Validation accuracy: 5.69200e-01 Training loss 9.06686e-03 Validation loss 1.30412e-02 Time taken: 1.67 seconds 
Epoch: 37/200 Train accuracy: 6.78808e-01 Validation accuracy: 5.67000e-01 Training loss 9.04541e-03 Validation loss 1.30048e-02 Time taken: 1.66 seconds 
Epoch: 38/200 Train accuracy: 6.79462e-01 Validation accuracy: 5.63800e-01 Training loss 9.02031e-03 Validation loss 1.30430e-02 Time taken: 1.65 seconds 
Epoch: 39/200 Train accuracy: 6.80469e-01 Validation accuracy: 5.69600e-01 Training loss 9.00649e-03 Validation loss 1.30445e-02 Time taken: 1.66 seconds 
Epoch: 40/200 Train accuracy: 6.81354e-01 Validation accuracy: 5.61400e-01 Training loss 8.98750e-03 Validation loss 1.30592e-02 Time taken: 1.69 seconds 
Epoch: 41/200 Train accuracy: 6.81885e-01 Validation accuracy: 5.65600e-01 Training loss 8.96897e-03 Validation loss 1.30735e-02 Time taken: 1.71 seconds 
Epoch: 42/200 Train accuracy: 6.82954e-01 Validation accuracy: 5.67600e-01 Training loss 8.95516e-03 Validation loss 1.30327e-02 Time taken: 1.64 seconds 
Epoch: 43/200 Train accuracy: 6.81946e-01 Validation accuracy: 5.65600e-01 Training loss 8.93873e-03 Validation loss 1.30509e-02 Time taken: 1.64 seconds 
Epoch: 44/200 Train accuracy: 6.82562e-01 Validation accuracy: 5.62400e-01 Training loss 8.92224e-03 Validation loss 1.30004e-02 Time taken: 1.64 seconds 
Epoch: 45/200 Train accuracy: 6.82546e-01 Validation accuracy: 5.70400e-01 Training loss 8.90572e-03 Validation loss 1.29510e-02 Time taken: 1.64 seconds 
Epoch: 46/200 Train accuracy: 6.83900e-01 Validation accuracy: 5.66600e-01 Training loss 8.88860e-03 Validation loss 1.30366e-02 Time taken: 1.64 seconds 
Epoch: 47/200 Train accuracy: 6.83923e-01 Validation accuracy: 5.67600e-01 Training loss 8.87704e-03 Validation loss 1.30229e-02 Time taken: 1.64 seconds 
Epoch: 48/200 Train accuracy: 6.85131e-01 Validation accuracy: 5.70400e-01 Training loss 8.86405e-03 Validation loss 1.29506e-02 Time taken: 1.64 seconds 
Epoch: 49/200 Train accuracy: 6.85285e-01 Validation accuracy: 5.69200e-01 Training loss 8.84676e-03 Validation loss 1.29700e-02 Time taken: 1.64 seconds 
Epoch: 50/200 Train accuracy: 6.86277e-01 Validation accuracy: 5.69200e-01 Training loss 8.83765e-03 Validation loss 1.29774e-02 Time taken: 1.64 seconds 
Epoch: 51/200 Train accuracy: 6.85931e-01 Validation accuracy: 5.68400e-01 Training loss 8.82255e-03 Validation loss 1.29938e-02 Time taken: 1.64 seconds 
Epoch: 52/200 Train accuracy: 6.87208e-01 Validation accuracy: 5.68000e-01 Training loss 8.80814e-03 Validation loss 1.30012e-02 Time taken: 1.64 seconds 
Epoch: 53/200 Train accuracy: 6.86931e-01 Validation accuracy: 5.71000e-01 Training loss 8.80068e-03 Validation loss 1.30480e-02 Time taken: 1.65 seconds 
Epoch: 54/200 Train accuracy: 6.87369e-01 Validation accuracy: 5.68200e-01 Training loss 8.78820e-03 Validation loss 1.30177e-02 Time taken: 1.65 seconds 
Epoch: 55/200 Train accuracy: 6.88738e-01 Validation accuracy: 5.75000e-01 Training loss 8.77985e-03 Validation loss 1.29210e-02 Time taken: 1.64 seconds 
Epoch: 56/200 Train accuracy: 6.87977e-01 Validation accuracy: 5.70800e-01 Training loss 8.76637e-03 Validation loss 1.29458e-02 Time taken: 1.64 seconds 
Epoch: 57/200 Train accuracy: 6.87785e-01 Validation accuracy: 5.67800e-01 Training loss 8.75413e-03 Validation loss 1.29542e-02 Time taken: 1.64 seconds 
Epoch: 58/200 Train accuracy: 6.89477e-01 Validation accuracy: 5.65400e-01 Training loss 8.73885e-03 Validation loss 1.30313e-02 Time taken: 1.65 seconds 
Epoch: 59/200 Train accuracy: 6.88931e-01 Validation accuracy: 5.68800e-01 Training loss 8.73862e-03 Validation loss 1.29862e-02 Time taken: 1.65 seconds 
Epoch: 60/200 Train accuracy: 6.89138e-01 Validation accuracy: 5.70800e-01 Training loss 8.72785e-03 Validation loss 1.29809e-02 Time taken: 1.64 seconds 
Epoch: 61/200 Train accuracy: 6.89162e-01 Validation accuracy: 5.71400e-01 Training loss 8.71605e-03 Validation loss 1.29611e-02 Time taken: 1.64 seconds 
Epoch: 62/200 Train accuracy: 6.90400e-01 Validation accuracy: 5.67800e-01 Training loss 8.70321e-03 Validation loss 1.29625e-02 Time taken: 1.65 seconds 
Epoch: 63/200 Train accuracy: 6.90077e-01 Validation accuracy: 5.71400e-01 Training loss 8.69673e-03 Validation loss 1.29222e-02 Time taken: 1.66 seconds 
Epoch: 64/200 Train accuracy: 6.90215e-01 Validation accuracy: 5.67400e-01 Training loss 8.68946e-03 Validation loss 1.30431e-02 Time taken: 1.65 seconds 
Epoch: 65/200 Train accuracy: 6.91062e-01 Validation accuracy: 5.68200e-01 Training loss 8.68012e-03 Validation loss 1.30276e-02 Time taken: 1.65 seconds 
Epoch: 66/200 Train accuracy: 6.91292e-01 Validation accuracy: 5.66400e-01 Training loss 8.67214e-03 Validation loss 1.30053e-02 Time taken: 1.66 seconds 
Epoch: 67/200 Train accuracy: 6.91162e-01 Validation accuracy: 5.71400e-01 Training loss 8.66226e-03 Validation loss 1.29854e-02 Time taken: 1.65 seconds 
Epoch: 68/200 Train accuracy: 6.91500e-01 Validation accuracy: 5.66600e-01 Training loss 8.65646e-03 Validation loss 1.30378e-02 Time taken: 1.66 seconds 
Epoch: 69/200 Train accuracy: 6.91992e-01 Validation accuracy: 5.66400e-01 Training loss 8.65461e-03 Validation loss 1.29278e-02 Time taken: 1.64 seconds 
Epoch: 70/200 Train accuracy: 6.92108e-01 Validation accuracy: 5.69400e-01 Training loss 8.63756e-03 Validation loss 1.29995e-02 Time taken: 1.64 seconds 
Epoch: 71/200 Train accuracy: 6.91500e-01 Validation accuracy: 5.69000e-01 Training loss 8.63311e-03 Validation loss 1.30228e-02 Time taken: 1.64 seconds 
Epoch: 72/200 Train accuracy: 6.92054e-01 Validation accuracy: 5.71200e-01 Training loss 8.62919e-03 Validation loss 1.29652e-02 Time taken: 1.65 seconds 
Epoch: 73/200 Train accuracy: 6.92115e-01 Validation accuracy: 5.67400e-01 Training loss 8.62200e-03 Validation loss 1.29080e-02 Time taken: 1.71 seconds 
Epoch: 74/200 Train accuracy: 6.92508e-01 Validation accuracy: 5.71200e-01 Training loss 8.61395e-03 Validation loss 1.30600e-02 Time taken: 1.65 seconds 
Epoch: 75/200 Train accuracy: 6.93708e-01 Validation accuracy: 5.73000e-01 Training loss 8.60966e-03 Validation loss 1.29897e-02 Time taken: 1.65 seconds 
Epoch: 76/200 Train accuracy: 6.92969e-01 Validation accuracy: 5.70400e-01 Training loss 8.60446e-03 Validation loss 1.29437e-02 Time taken: 1.65 seconds 
Epoch: 77/200 Train accuracy: 6.92846e-01 Validation accuracy: 5.70400e-01 Training loss 8.59042e-03 Validation loss 1.29537e-02 Time taken: 1.66 seconds 
Epoch: 78/200 Train accuracy: 6.93869e-01 Validation accuracy: 5.71400e-01 Training loss 8.58929e-03 Validation loss 1.29923e-02 Time taken: 1.70 seconds 
Epoch: 79/200 Train accuracy: 6.94092e-01 Validation accuracy: 5.72200e-01 Training loss 8.58218e-03 Validation loss 1.29773e-02 Time taken: 1.66 seconds 
Epoch: 80/200 Train accuracy: 6.94192e-01 Validation accuracy: 5.69600e-01 Training loss 8.57779e-03 Validation loss 1.29801e-02 Time taken: 1.65 seconds 
Epoch: 81/200 Train accuracy: 6.93731e-01 Validation accuracy: 5.66400e-01 Training loss 8.57475e-03 Validation loss 1.30329e-02 Time taken: 1.66 seconds 
Epoch: 82/200 Train accuracy: 6.94992e-01 Validation accuracy: 5.72600e-01 Training loss 8.56654e-03 Validation loss 1.29191e-02 Time taken: 1.66 seconds 
Epoch: 83/200 Train accuracy: 6.93977e-01 Validation accuracy: 5.70200e-01 Training loss 8.56473e-03 Validation loss 1.29726e-02 Time taken: 1.66 seconds 
Epoch: 84/200 Train accuracy: 6.95000e-01 Validation accuracy: 5.78400e-01 Training loss 8.55614e-03 Validation loss 1.29961e-02 Time taken: 1.66 seconds 
Epoch: 85/200 Train accuracy: 6.95477e-01 Validation accuracy: 5.67800e-01 Training loss 8.54929e-03 Validation loss 1.29688e-02 Time taken: 1.66 seconds 
Epoch: 86/200 Train accuracy: 6.94600e-01 Validation accuracy: 5.70600e-01 Training loss 8.54476e-03 Validation loss 1.29155e-02 Time taken: 1.66 seconds 
Epoch: 87/200 Train accuracy: 6.95185e-01 Validation accuracy: 5.70000e-01 Training loss 8.54119e-03 Validation loss 1.29880e-02 Time taken: 1.67 seconds 
Epoch: 88/200 Train accuracy: 6.95285e-01 Validation accuracy: 5.72000e-01 Training loss 8.53381e-03 Validation loss 1.30259e-02 Time taken: 1.66 seconds 
Epoch: 89/200 Train accuracy: 6.96223e-01 Validation accuracy: 5.67800e-01 Training loss 8.52946e-03 Validation loss 1.29402e-02 Time taken: 1.65 seconds 
Epoch: 90/200 Train accuracy: 6.95008e-01 Validation accuracy: 5.70200e-01 Training loss 8.52339e-03 Validation loss 1.29558e-02 Time taken: 1.65 seconds 
Epoch: 91/200 Train accuracy: 6.95769e-01 Validation accuracy: 5.70000e-01 Training loss 8.52020e-03 Validation loss 1.29412e-02 Time taken: 1.65 seconds 
Epoch: 92/200 Train accuracy: 6.95431e-01 Validation accuracy: 5.74000e-01 Training loss 8.52063e-03 Validation loss 1.29326e-02 Time taken: 1.69 seconds 
Epoch: 93/200 Train accuracy: 6.95654e-01 Validation accuracy: 5.73200e-01 Training loss 8.51066e-03 Validation loss 1.29654e-02 Time taken: 1.67 seconds 
Epoch: 94/200 Train accuracy: 6.97123e-01 Validation accuracy: 5.75800e-01 Training loss 8.50812e-03 Validation loss 1.29513e-02 Time taken: 1.66 seconds 
Epoch: 95/200 Train accuracy: 6.96377e-01 Validation accuracy: 5.71400e-01 Training loss 8.50522e-03 Validation loss 1.29336e-02 Time taken: 1.65 seconds 
Epoch: 96/200 Train accuracy: 6.97023e-01 Validation accuracy: 5.65600e-01 Training loss 8.50030e-03 Validation loss 1.29600e-02 Time taken: 1.65 seconds 
Epoch: 97/200 Train accuracy: 6.97031e-01 Validation accuracy: 5.69000e-01 Training loss 8.49761e-03 Validation loss 1.30078e-02 Time taken: 1.65 seconds 
Epoch: 98/200 Train accuracy: 6.96292e-01 Validation accuracy: 5.73000e-01 Training loss 8.49251e-03 Validation loss 1.29930e-02 Time taken: 1.71 seconds 
Epoch: 99/200 Train accuracy: 6.96631e-01 Validation accuracy: 5.72200e-01 Training loss 8.49308e-03 Validation loss 1.29591e-02 Time taken: 1.68 seconds 
Epoch: 100/200 Train accuracy: 6.97000e-01 Validation accuracy: 5.73200e-01 Training loss 8.49005e-03 Validation loss 1.30142e-02 Time taken: 1.65 seconds 
Epoch: 101/200 Train accuracy: 6.96846e-01 Validation accuracy: 5.72800e-01 Training loss 8.48443e-03 Validation loss 1.29547e-02 Time taken: 1.65 seconds 
Epoch: 102/200 Train accuracy: 6.97631e-01 Validation accuracy: 5.69600e-01 Training loss 8.47905e-03 Validation loss 1.28691e-02 Time taken: 1.65 seconds 
Epoch: 103/200 Train accuracy: 6.97215e-01 Validation accuracy: 5.72400e-01 Training loss 8.47527e-03 Validation loss 1.28891e-02 Time taken: 1.69 seconds 
Epoch: 104/200 Train accuracy: 6.97723e-01 Validation accuracy: 5.75400e-01 Training loss 8.46809e-03 Validation loss 1.29660e-02 Time taken: 1.66 seconds 
Epoch: 105/200 Train accuracy: 6.96492e-01 Validation accuracy: 5.73800e-01 Training loss 8.47544e-03 Validation loss 1.29456e-02 Time taken: 1.65 seconds 
Epoch: 106/200 Train accuracy: 6.98077e-01 Validation accuracy: 5.73000e-01 Training loss 8.46027e-03 Validation loss 1.29447e-02 Time taken: 1.65 seconds 
Epoch: 107/200 Train accuracy: 6.97869e-01 Validation accuracy: 5.69800e-01 Training loss 8.45898e-03 Validation loss 1.29490e-02 Time taken: 1.66 seconds 
Epoch: 108/200 Train accuracy: 6.97700e-01 Validation accuracy: 5.73000e-01 Training loss 8.45779e-03 Validation loss 1.29981e-02 Time taken: 1.66 seconds 
Epoch: 109/200 Train accuracy: 6.98392e-01 Validation accuracy: 5.74400e-01 Training loss 8.45377e-03 Validation loss 1.29187e-02 Time taken: 1.65 seconds 
Epoch: 110/200 Train accuracy: 6.98185e-01 Validation accuracy: 5.73000e-01 Training loss 8.45732e-03 Validation loss 1.29420e-02 Time taken: 1.65 seconds 
Epoch: 111/200 Train accuracy: 6.98131e-01 Validation accuracy: 5.71000e-01 Training loss 8.45116e-03 Validation loss 1.29003e-02 Time taken: 1.66 seconds 
Epoch: 112/200 Train accuracy: 6.97923e-01 Validation accuracy: 5.72600e-01 Training loss 8.44912e-03 Validation loss 1.29708e-02 Time taken: 1.66 seconds 
Epoch: 113/200 Train accuracy: 6.98315e-01 Validation accuracy: 5.72800e-01 Training loss 8.44330e-03 Validation loss 1.30064e-02 Time taken: 1.65 seconds 
Epoch: 114/200 Train accuracy: 6.98138e-01 Validation accuracy: 5.71400e-01 Training loss 8.43950e-03 Validation loss 1.29460e-02 Time taken: 1.68 seconds 
Epoch: 115/200 Train accuracy: 6.99423e-01 Validation accuracy: 5.77400e-01 Training loss 8.44102e-03 Validation loss 1.29215e-02 Time taken: 1.64 seconds 
Epoch: 116/200 Train accuracy: 6.98877e-01 Validation accuracy: 5.69800e-01 Training loss 8.43646e-03 Validation loss 1.29304e-02 Time taken: 1.64 seconds 
Epoch: 117/200 Train accuracy: 6.98162e-01 Validation accuracy: 5.70600e-01 Training loss 8.43172e-03 Validation loss 1.29892e-02 Time taken: 1.64 seconds 
Epoch: 118/200 Train accuracy: 6.99208e-01 Validation accuracy: 5.75400e-01 Training loss 8.43039e-03 Validation loss 1.29245e-02 Time taken: 1.64 seconds 
Epoch: 119/200 Train accuracy: 6.99308e-01 Validation accuracy: 5.72400e-01 Training loss 8.42809e-03 Validation loss 1.28858e-02 Time taken: 1.66 seconds 
Epoch: 120/200 Train accuracy: 6.98577e-01 Validation accuracy: 5.68000e-01 Training loss 8.42572e-03 Validation loss 1.30050e-02 Time taken: 1.65 seconds 
Epoch: 121/200 Train accuracy: 6.98938e-01 Validation accuracy: 5.74200e-01 Training loss 8.42525e-03 Validation loss 1.29916e-02 Time taken: 1.69 seconds 
Epoch: 122/200 Train accuracy: 6.98777e-01 Validation accuracy: 5.76400e-01 Training loss 8.42739e-03 Validation loss 1.29394e-02 Time taken: 1.68 seconds 
Epoch: 123/200 Train accuracy: 6.98554e-01 Validation accuracy: 5.72200e-01 Training loss 8.41934e-03 Validation loss 1.28783e-02 Time taken: 1.66 seconds 
Epoch: 124/200 Train accuracy: 6.99023e-01 Validation accuracy: 5.73800e-01 Training loss 8.41464e-03 Validation loss 1.29437e-02 Time taken: 1.66 seconds 
Epoch: 125/200 Train accuracy: 6.99277e-01 Validation accuracy: 5.71200e-01 Training loss 8.41458e-03 Validation loss 1.29407e-02 Time taken: 1.66 seconds 
Epoch: 126/200 Train accuracy: 6.99538e-01 Validation accuracy: 5.71800e-01 Training loss 8.41294e-03 Validation loss 1.29264e-02 Time taken: 1.70 seconds 
Epoch: 127/200 Train accuracy: 6.99392e-01 Validation accuracy: 5.71800e-01 Training loss 8.40982e-03 Validation loss 1.29268e-02 Time taken: 1.65 seconds 
Epoch: 128/200 Train accuracy: 6.99538e-01 Validation accuracy: 5.73800e-01 Training loss 8.41080e-03 Validation loss 1.29959e-02 Time taken: 1.65 seconds 
Epoch: 129/200 Train accuracy: 6.99685e-01 Validation accuracy: 5.73400e-01 Training loss 8.40566e-03 Validation loss 1.29866e-02 Time taken: 1.66 seconds 
Epoch: 130/200 Train accuracy: 6.99008e-01 Validation accuracy: 5.75400e-01 Training loss 8.40851e-03 Validation loss 1.29448e-02 Time taken: 1.65 seconds 
Epoch: 131/200 Train accuracy: 6.99846e-01 Validation accuracy: 5.74000e-01 Training loss 8.40392e-03 Validation loss 1.29401e-02 Time taken: 1.65 seconds 
Epoch: 132/200 Train accuracy: 7.00838e-01 Validation accuracy: 5.74000e-01 Training loss 8.40279e-03 Validation loss 1.29756e-02 Time taken: 1.65 seconds 
Epoch: 133/200 Train accuracy: 7.00877e-01 Validation accuracy: 5.74200e-01 Training loss 8.39806e-03 Validation loss 1.29438e-02 Time taken: 1.65 seconds 
Epoch: 134/200 Train accuracy: 6.99477e-01 Validation accuracy: 5.70000e-01 Training loss 8.40156e-03 Validation loss 1.29053e-02 Time taken: 1.66 seconds 
Epoch: 135/200 Train accuracy: 6.99692e-01 Validation accuracy: 5.74000e-01 Training loss 8.39524e-03 Validation loss 1.28925e-02 Time taken: 1.65 seconds 
Epoch: 136/200 Train accuracy: 7.00515e-01 Validation accuracy: 5.72000e-01 Training loss 8.39487e-03 Validation loss 1.29029e-02 Time taken: 1.66 seconds 
Epoch: 137/200 Train accuracy: 7.00123e-01 Validation accuracy: 5.64600e-01 Training loss 8.39333e-03 Validation loss 1.29377e-02 Time taken: 1.68 seconds 
Epoch: 138/200 Train accuracy: 6.99862e-01 Validation accuracy: 5.74200e-01 Training loss 8.39051e-03 Validation loss 1.30205e-02 Time taken: 1.66 seconds 
Epoch: 139/200 Train accuracy: 7.00762e-01 Validation accuracy: 5.74600e-01 Training loss 8.38894e-03 Validation loss 1.29354e-02 Time taken: 1.66 seconds 
Epoch: 140/200 Train accuracy: 7.00008e-01 Validation accuracy: 5.72400e-01 Training loss 8.38663e-03 Validation loss 1.29395e-02 Time taken: 1.66 seconds 
Epoch: 141/200 Train accuracy: 7.00715e-01 Validation accuracy: 5.69400e-01 Training loss 8.37944e-03 Validation loss 1.29818e-02 Time taken: 1.69 seconds 
Epoch: 142/200 Train accuracy: 7.00277e-01 Validation accuracy: 5.74200e-01 Training loss 8.38374e-03 Validation loss 1.29125e-02 Time taken: 1.64 seconds 
Epoch: 143/200 Train accuracy: 7.00115e-01 Validation accuracy: 5.70200e-01 Training loss 8.38658e-03 Validation loss 1.29844e-02 Time taken: 1.64 seconds 
Epoch: 144/200 Train accuracy: 7.00723e-01 Validation accuracy: 5.71400e-01 Training loss 8.37349e-03 Validation loss 1.29262e-02 Time taken: 1.65 seconds 
Epoch: 145/200 Train accuracy: 7.00862e-01 Validation accuracy: 5.68200e-01 Training loss 8.37571e-03 Validation loss 1.29793e-02 Time taken: 1.66 seconds 
Epoch: 146/200 Train accuracy: 7.01231e-01 Validation accuracy: 5.77600e-01 Training loss 8.37103e-03 Validation loss 1.30141e-02 Time taken: 1.66 seconds 
Epoch: 147/200 Train accuracy: 7.00462e-01 Validation accuracy: 5.74200e-01 Training loss 8.37481e-03 Validation loss 1.29533e-02 Time taken: 1.66 seconds 
Epoch: 148/200 Train accuracy: 7.01485e-01 Validation accuracy: 5.75600e-01 Training loss 8.36689e-03 Validation loss 1.29522e-02 Time taken: 1.66 seconds 
Epoch: 149/200 Train accuracy: 7.00838e-01 Validation accuracy: 5.73200e-01 Training loss 8.36857e-03 Validation loss 1.29834e-02 Time taken: 1.72 seconds 
Epoch: 150/200 Train accuracy: 7.00754e-01 Validation accuracy: 5.73400e-01 Training loss 8.37423e-03 Validation loss 1.29602e-02 Time taken: 1.67 seconds 
Epoch: 151/200 Train accuracy: 7.01085e-01 Validation accuracy: 5.71600e-01 Training loss 8.36606e-03 Validation loss 1.30368e-02 Time taken: 1.66 seconds 
Epoch: 152/200 Train accuracy: 7.00362e-01 Validation accuracy: 5.71400e-01 Training loss 8.36583e-03 Validation loss 1.29920e-02 Time taken: 1.66 seconds 
Epoch: 153/200 Train accuracy: 7.00515e-01 Validation accuracy: 5.76200e-01 Training loss 8.36608e-03 Validation loss 1.29030e-02 Time taken: 1.71 seconds 
Epoch: 154/200 Train accuracy: 7.00246e-01 Validation accuracy: 5.74200e-01 Training loss 8.36753e-03 Validation loss 1.29291e-02 Time taken: 1.67 seconds 
Epoch: 155/200 Train accuracy: 7.01231e-01 Validation accuracy: 5.73000e-01 Training loss 8.36182e-03 Validation loss 1.29409e-02 Time taken: 1.66 seconds 
Epoch: 156/200 Train accuracy: 7.00738e-01 Validation accuracy: 5.74600e-01 Training loss 8.36324e-03 Validation loss 1.29182e-02 Time taken: 1.65 seconds 
Epoch: 157/200 Train accuracy: 7.01285e-01 Validation accuracy: 5.75400e-01 Training loss 8.35748e-03 Validation loss 1.30156e-02 Time taken: 1.65 seconds 
Epoch: 158/200 Train accuracy: 7.01600e-01 Validation accuracy: 5.74200e-01 Training loss 8.36351e-03 Validation loss 1.29179e-02 Time taken: 1.64 seconds 
Epoch: 159/200 Train accuracy: 7.01246e-01 Validation accuracy: 5.70800e-01 Training loss 8.35876e-03 Validation loss 1.29525e-02 Time taken: 1.64 seconds 
Epoch: 160/200 Train accuracy: 7.02277e-01 Validation accuracy: 5.71000e-01 Training loss 8.35716e-03 Validation loss 1.29048e-02 Time taken: 1.64 seconds 
Epoch: 161/200 Train accuracy: 7.01515e-01 Validation accuracy: 5.68800e-01 Training loss 8.35218e-03 Validation loss 1.29512e-02 Time taken: 1.67 seconds 
Epoch: 162/200 Train accuracy: 7.01677e-01 Validation accuracy: 5.73800e-01 Training loss 8.35071e-03 Validation loss 1.28658e-02 Time taken: 1.64 seconds 
Epoch: 163/200 Train accuracy: 7.00669e-01 Validation accuracy: 5.77000e-01 Training loss 8.35463e-03 Validation loss 1.29229e-02 Time taken: 1.64 seconds 
Epoch: 164/200 Train accuracy: 7.02269e-01 Validation accuracy: 5.67000e-01 Training loss 8.35443e-03 Validation loss 1.29633e-02 Time taken: 1.64 seconds 
Epoch: 165/200 Train accuracy: 7.01177e-01 Validation accuracy: 5.72200e-01 Training loss 8.35149e-03 Validation loss 1.29224e-02 Time taken: 1.69 seconds 
Epoch: 166/200 Train accuracy: 7.01477e-01 Validation accuracy: 5.76000e-01 Training loss 8.35037e-03 Validation loss 1.29532e-02 Time taken: 1.64 seconds 
Epoch: 167/200 Train accuracy: 7.01585e-01 Validation accuracy: 5.73000e-01 Training loss 8.35335e-03 Validation loss 1.28907e-02 Time taken: 1.64 seconds 
Epoch: 168/200 Train accuracy: 7.01369e-01 Validation accuracy: 5.70000e-01 Training loss 8.34900e-03 Validation loss 1.30239e-02 Time taken: 1.64 seconds 
Epoch: 169/200 Train accuracy: 7.01754e-01 Validation accuracy: 5.71200e-01 Training loss 8.34881e-03 Validation loss 1.28895e-02 Time taken: 1.66 seconds 
Epoch: 170/200 Train accuracy: 7.02123e-01 Validation accuracy: 5.72600e-01 Training loss 8.34481e-03 Validation loss 1.29987e-02 Time taken: 1.66 seconds 
Epoch: 171/200 Train accuracy: 7.00569e-01 Validation accuracy: 5.71200e-01 Training loss 8.34682e-03 Validation loss 1.29504e-02 Time taken: 1.64 seconds 
Epoch: 172/200 Train accuracy: 7.02038e-01 Validation accuracy: 5.69800e-01 Training loss 8.34304e-03 Validation loss 1.29845e-02 Time taken: 1.64 seconds 
Epoch: 173/200 Train accuracy: 7.01354e-01 Validation accuracy: 5.68800e-01 Training loss 8.34595e-03 Validation loss 1.29568e-02 Time taken: 1.80 seconds 
Epoch: 174/200 Train accuracy: 7.01754e-01 Validation accuracy: 5.73000e-01 Training loss 8.34445e-03 Validation loss 1.29258e-02 Time taken: 1.66 seconds 
Epoch: 175/200 Train accuracy: 7.02115e-01 Validation accuracy: 5.69200e-01 Training loss 8.34121e-03 Validation loss 1.29441e-02 Time taken: 1.65 seconds 
Epoch: 176/200 Train accuracy: 7.02300e-01 Validation accuracy: 5.74400e-01 Training loss 8.34486e-03 Validation loss 1.29039e-02 Time taken: 1.64 seconds 
Epoch: 177/200 Train accuracy: 7.02123e-01 Validation accuracy: 5.73400e-01 Training loss 8.34430e-03 Validation loss 1.29456e-02 Time taken: 1.64 seconds 
Epoch: 178/200 Train accuracy: 7.01900e-01 Validation accuracy: 5.77000e-01 Training loss 8.34182e-03 Validation loss 1.30212e-02 Time taken: 1.71 seconds 
Epoch: 179/200 Train accuracy: 7.01846e-01 Validation accuracy: 5.66000e-01 Training loss 8.33950e-03 Validation loss 1.30073e-02 Time taken: 1.65 seconds 
Epoch: 180/200 Train accuracy: 7.01462e-01 Validation accuracy: 5.76200e-01 Training loss 8.33604e-03 Validation loss 1.28641e-02 Time taken: 1.65 seconds 
Epoch: 181/200 Train accuracy: 7.02208e-01 Validation accuracy: 5.75200e-01 Training loss 8.33726e-03 Validation loss 1.29181e-02 Time taken: 1.65 seconds 
Epoch: 182/200 Train accuracy: 7.01862e-01 Validation accuracy: 5.75800e-01 Training loss 8.33374e-03 Validation loss 1.29449e-02 Time taken: 1.69 seconds 
Epoch: 183/200 Train accuracy: 7.01208e-01 Validation accuracy: 5.69600e-01 Training loss 8.33531e-03 Validation loss 1.29646e-02 Time taken: 1.65 seconds 
Epoch: 184/200 Train accuracy: 7.01808e-01 Validation accuracy: 5.74000e-01 Training loss 8.33229e-03 Validation loss 1.29409e-02 Time taken: 1.72 seconds 
Epoch: 185/200 Train accuracy: 7.02715e-01 Validation accuracy: 5.76600e-01 Training loss 8.33097e-03 Validation loss 1.28811e-02 Time taken: 1.64 seconds 
Epoch: 186/200 Train accuracy: 7.02500e-01 Validation accuracy: 5.71000e-01 Training loss 8.33474e-03 Validation loss 1.29709e-02 Time taken: 1.64 seconds 
Epoch: 187/200 Train accuracy: 7.03023e-01 Validation accuracy: 5.72400e-01 Training loss 8.32876e-03 Validation loss 1.29235e-02 Time taken: 1.64 seconds 
Epoch: 188/200 Train accuracy: 7.02169e-01 Validation accuracy: 5.68600e-01 Training loss 8.33256e-03 Validation loss 1.29546e-02 Time taken: 1.64 seconds 
Epoch: 189/200 Train accuracy: 7.02123e-01 Validation accuracy: 5.74600e-01 Training loss 8.32825e-03 Validation loss 1.29408e-02 Time taken: 1.65 seconds 
Epoch: 190/200 Train accuracy: 7.03146e-01 Validation accuracy: 5.74000e-01 Training loss 8.32892e-03 Validation loss 1.29380e-02 Time taken: 1.64 seconds 
Epoch: 191/200 Train accuracy: 7.02323e-01 Validation accuracy: 5.70400e-01 Training loss 8.33150e-03 Validation loss 1.29778e-02 Time taken: 1.64 seconds 
Epoch: 192/200 Train accuracy: 7.02408e-01 Validation accuracy: 5.71200e-01 Training loss 8.32797e-03 Validation loss 1.29297e-02 Time taken: 1.64 seconds 
Epoch: 193/200 Train accuracy: 7.02023e-01 Validation accuracy: 5.76800e-01 Training loss 8.33085e-03 Validation loss 1.29182e-02 Time taken: 1.65 seconds 
Epoch: 194/200 Train accuracy: 7.02469e-01 Validation accuracy: 5.73400e-01 Training loss 8.32213e-03 Validation loss 1.29595e-02 Time taken: 1.63 seconds 
Epoch: 195/200 Train accuracy: 7.02492e-01 Validation accuracy: 5.73200e-01 Training loss 8.32617e-03 Validation loss 1.29188e-02 Time taken: 1.63 seconds 
Epoch: 196/200 Train accuracy: 7.02469e-01 Validation accuracy: 5.75400e-01 Training loss 8.32589e-03 Validation loss 1.29162e-02 Time taken: 1.64 seconds 
Epoch: 197/200 Train accuracy: 7.02962e-01 Validation accuracy: 5.74400e-01 Training loss 8.32670e-03 Validation loss 1.29741e-02 Time taken: 1.64 seconds 
Epoch: 198/200 Train accuracy: 7.02677e-01 Validation accuracy: 5.72400e-01 Training loss 8.32703e-03 Validation loss 1.28976e-02 Time taken: 1.63 seconds 
Epoch: 199/200 Train accuracy: 7.02115e-01 Validation accuracy: 5.73800e-01 Training loss 8.31953e-03 Validation loss 1.29949e-02 Time taken: 1.64 seconds 
Epoch: 200/200 Train accuracy: 7.02454e-01 Validation accuracy: 5.73800e-01 Training loss 8.32379e-03 Validation loss 1.28961e-02 Time taken: 1.65 seconds 
Total time taken 0:05:34.554303
Cleaning up intermediate feature (.pt) files
Done


