Directory classifiers/jepa-iic-PKTwhole-seed43-classifier-pretrained-vitb-normalized-ep500 for saving the classifiers is now present
VisionTransformer(
  (patch_embed): PatchEmbed(
    (proj): Conv2d(3, 768, kernel_size=(15, 15), stride=(15, 15))
  )
  (blocks): ModuleList(
    (0-11): 12 x Block(
      (norm1): LayerNorm((768,), eps=1e-06, elementwise_affine=True)
      (attn): Attention(
        (qkv): Linear(in_features=768, out_features=2304, bias=True)
        (attn_drop): Dropout(p=0.0, inplace=False)
        (proj): Linear(in_features=768, out_features=768, bias=True)
        (proj_drop): Dropout(p=0.0, inplace=False)
      )
      (drop_path): Identity()
      (norm2): LayerNorm((768,), eps=1e-06, elementwise_affine=True)
      (mlp): MLP(
        (fc1): Linear(in_features=768, out_features=3072, bias=True)
        (act): GELU(approximate='none')
        (fc2): Linear(in_features=3072, out_features=768, bias=True)
        (drop): Dropout(p=0.0, inplace=False)
      )
    )
  )
  (norm): LayerNorm((768,), eps=1e-06, elementwise_affine=True)
)
Extracting features and saving them locally..
Epoch: 1/200 Train accuracy: 2.92076e-01 Validation accuracy: 3.46667e-01 Loss 1.35188e-02 Time taken: 1.53 seconds 
Epoch: 2/200 Train accuracy: 3.68747e-01 Validation accuracy: 4.12333e-01 Loss 1.30134e-02 Time taken: 1.53 seconds 
Epoch: 3/200 Train accuracy: 4.14493e-01 Validation accuracy: 4.83333e-01 Loss 1.27357e-02 Time taken: 1.51 seconds 
Epoch: 4/200 Train accuracy: 4.28459e-01 Validation accuracy: 4.77667e-01 Loss 1.26270e-02 Time taken: 1.52 seconds 
Epoch: 5/200 Train accuracy: 4.48910e-01 Validation accuracy: 4.90333e-01 Loss 1.24835e-02 Time taken: 1.56 seconds 
Epoch: 6/200 Train accuracy: 4.59456e-01 Validation accuracy: 4.79000e-01 Loss 1.24117e-02 Time taken: 1.51 seconds 
Epoch: 7/200 Train accuracy: 4.66724e-01 Validation accuracy: 4.99667e-01 Loss 1.23407e-02 Time taken: 1.52 seconds 
Epoch: 8/200 Train accuracy: 4.75559e-01 Validation accuracy: 5.04333e-01 Loss 1.22636e-02 Time taken: 1.52 seconds 
Epoch: 9/200 Train accuracy: 4.86461e-01 Validation accuracy: 4.91000e-01 Loss 1.22082e-02 Time taken: 1.53 seconds 
Epoch: 10/200 Train accuracy: 4.91877e-01 Validation accuracy: 5.07000e-01 Loss 1.21610e-02 Time taken: 1.51 seconds 
Epoch: 11/200 Train accuracy: 4.97577e-01 Validation accuracy: 5.12000e-01 Loss 1.21063e-02 Time taken: 1.53 seconds 
Epoch: 12/200 Train accuracy: 5.05130e-01 Validation accuracy: 5.34333e-01 Loss 1.20600e-02 Time taken: 1.53 seconds 
Epoch: 13/200 Train accuracy: 5.09833e-01 Validation accuracy: 5.45667e-01 Loss 1.20202e-02 Time taken: 1.58 seconds 
Epoch: 14/200 Train accuracy: 5.20165e-01 Validation accuracy: 5.51667e-01 Loss 1.19588e-02 Time taken: 1.51 seconds 
Epoch: 15/200 Train accuracy: 5.23514e-01 Validation accuracy: 5.35000e-01 Loss 1.19368e-02 Time taken: 1.53 seconds 
Epoch: 16/200 Train accuracy: 5.29785e-01 Validation accuracy: 5.44667e-01 Loss 1.19048e-02 Time taken: 1.52 seconds 
Epoch: 17/200 Train accuracy: 5.35770e-01 Validation accuracy: 5.47667e-01 Loss 1.18550e-02 Time taken: 1.51 seconds 
Epoch: 18/200 Train accuracy: 5.35129e-01 Validation accuracy: 5.50667e-01 Loss 1.18590e-02 Time taken: 1.53 seconds 
Epoch: 19/200 Train accuracy: 5.37765e-01 Validation accuracy: 5.49000e-01 Loss 1.18241e-02 Time taken: 1.52 seconds 
Epoch: 20/200 Train accuracy: 5.37480e-01 Validation accuracy: 5.45000e-01 Loss 1.18230e-02 Time taken: 1.52 seconds 
Epoch: 21/200 Train accuracy: 5.46744e-01 Validation accuracy: 5.59667e-01 Loss 1.17792e-02 Time taken: 1.51 seconds 
Epoch: 22/200 Train accuracy: 5.48240e-01 Validation accuracy: 5.58000e-01 Loss 1.17574e-02 Time taken: 1.52 seconds 
Epoch: 23/200 Train accuracy: 5.50235e-01 Validation accuracy: 5.59000e-01 Loss 1.17458e-02 Time taken: 1.51 seconds 
Epoch: 24/200 Train accuracy: 5.52088e-01 Validation accuracy: 5.65333e-01 Loss 1.17225e-02 Time taken: 1.51 seconds 
Epoch: 25/200 Train accuracy: 5.56434e-01 Validation accuracy: 5.58667e-01 Loss 1.16880e-02 Time taken: 1.52 seconds 
Epoch: 26/200 Train accuracy: 5.54582e-01 Validation accuracy: 5.67333e-01 Loss 1.16952e-02 Time taken: 1.52 seconds 
Epoch: 27/200 Train accuracy: 5.64344e-01 Validation accuracy: 5.78333e-01 Loss 1.16687e-02 Time taken: 1.52 seconds 
Epoch: 28/200 Train accuracy: 5.56506e-01 Validation accuracy: 5.64333e-01 Loss 1.16637e-02 Time taken: 1.51 seconds 
Epoch: 29/200 Train accuracy: 5.65270e-01 Validation accuracy: 5.63000e-01 Loss 1.16501e-02 Time taken: 1.51 seconds 
Epoch: 30/200 Train accuracy: 5.61351e-01 Validation accuracy: 5.74667e-01 Loss 1.16533e-02 Time taken: 1.52 seconds 
Epoch: 31/200 Train accuracy: 5.61565e-01 Validation accuracy: 5.73000e-01 Loss 1.16551e-02 Time taken: 1.50 seconds 
Epoch: 32/200 Train accuracy: 5.63702e-01 Validation accuracy: 5.76000e-01 Loss 1.16357e-02 Time taken: 1.51 seconds 
Epoch: 33/200 Train accuracy: 5.67408e-01 Validation accuracy: 5.74000e-01 Loss 1.16045e-02 Time taken: 1.51 seconds 
Epoch: 34/200 Train accuracy: 5.65484e-01 Validation accuracy: 5.77000e-01 Loss 1.16053e-02 Time taken: 1.51 seconds 
Epoch: 35/200 Train accuracy: 5.70543e-01 Validation accuracy: 5.71667e-01 Loss 1.15891e-02 Time taken: 1.51 seconds 
Epoch: 36/200 Train accuracy: 5.67479e-01 Validation accuracy: 5.85000e-01 Loss 1.16083e-02 Time taken: 1.51 seconds 
Epoch: 37/200 Train accuracy: 5.66553e-01 Validation accuracy: 5.83667e-01 Loss 1.16080e-02 Time taken: 1.52 seconds 
Epoch: 38/200 Train accuracy: 5.71683e-01 Validation accuracy: 5.84000e-01 Loss 1.15775e-02 Time taken: 1.50 seconds 
Epoch: 39/200 Train accuracy: 5.71683e-01 Validation accuracy: 5.74667e-01 Loss 1.15725e-02 Time taken: 1.52 seconds 
Epoch: 40/200 Train accuracy: 5.74676e-01 Validation accuracy: 5.79333e-01 Loss 1.15588e-02 Time taken: 1.51 seconds 
Epoch: 41/200 Train accuracy: 5.78524e-01 Validation accuracy: 5.85333e-01 Loss 1.15347e-02 Time taken: 1.51 seconds 
Epoch: 42/200 Train accuracy: 5.72467e-01 Validation accuracy: 5.90000e-01 Loss 1.15570e-02 Time taken: 1.52 seconds 
Epoch: 43/200 Train accuracy: 5.72253e-01 Validation accuracy: 5.81667e-01 Loss 1.15645e-02 Time taken: 1.51 seconds 
Epoch: 44/200 Train accuracy: 5.72966e-01 Validation accuracy: 5.80667e-01 Loss 1.15483e-02 Time taken: 1.51 seconds 
Epoch: 45/200 Train accuracy: 5.78666e-01 Validation accuracy: 5.82667e-01 Loss 1.15234e-02 Time taken: 1.51 seconds 
Epoch: 46/200 Train accuracy: 5.75460e-01 Validation accuracy: 5.77667e-01 Loss 1.15314e-02 Time taken: 1.51 seconds 
Epoch: 47/200 Train accuracy: 5.76956e-01 Validation accuracy: 5.82000e-01 Loss 1.15255e-02 Time taken: 1.52 seconds 
Epoch: 48/200 Train accuracy: 5.79877e-01 Validation accuracy: 5.88333e-01 Loss 1.15228e-02 Time taken: 1.51 seconds 
Epoch: 49/200 Train accuracy: 5.83226e-01 Validation accuracy: 5.90000e-01 Loss 1.14971e-02 Time taken: 1.52 seconds 
Epoch: 50/200 Train accuracy: 5.77241e-01 Validation accuracy: 5.81333e-01 Loss 1.15149e-02 Time taken: 1.52 seconds 
Epoch: 51/200 Train accuracy: 5.78737e-01 Validation accuracy: 5.93667e-01 Loss 1.15075e-02 Time taken: 1.51 seconds 
Epoch: 52/200 Train accuracy: 5.81801e-01 Validation accuracy: 5.94667e-01 Loss 1.15039e-02 Time taken: 1.52 seconds 
Epoch: 53/200 Train accuracy: 5.82728e-01 Validation accuracy: 5.91333e-01 Loss 1.15000e-02 Time taken: 1.51 seconds 
Epoch: 54/200 Train accuracy: 5.78666e-01 Validation accuracy: 5.86333e-01 Loss 1.15030e-02 Time taken: 1.52 seconds 
Epoch: 55/200 Train accuracy: 5.86005e-01 Validation accuracy: 5.84667e-01 Loss 1.14772e-02 Time taken: 1.51 seconds 
Epoch: 56/200 Train accuracy: 5.82799e-01 Validation accuracy: 5.94667e-01 Loss 1.14860e-02 Time taken: 1.52 seconds 
Epoch: 57/200 Train accuracy: 5.83226e-01 Validation accuracy: 5.86667e-01 Loss 1.14770e-02 Time taken: 1.52 seconds 
Epoch: 58/200 Train accuracy: 5.82300e-01 Validation accuracy: 5.94333e-01 Loss 1.14814e-02 Time taken: 1.51 seconds 
Epoch: 59/200 Train accuracy: 5.85222e-01 Validation accuracy: 5.92333e-01 Loss 1.14567e-02 Time taken: 1.52 seconds 
Epoch: 60/200 Train accuracy: 5.85720e-01 Validation accuracy: 5.74000e-01 Loss 1.14655e-02 Time taken: 1.51 seconds 
Epoch: 61/200 Train accuracy: 5.83084e-01 Validation accuracy: 5.87000e-01 Loss 1.14776e-02 Time taken: 1.51 seconds 
Epoch: 62/200 Train accuracy: 5.82514e-01 Validation accuracy: 5.88667e-01 Loss 1.14773e-02 Time taken: 1.52 seconds 
Epoch: 63/200 Train accuracy: 5.86647e-01 Validation accuracy: 5.96333e-01 Loss 1.14512e-02 Time taken: 1.51 seconds 
Epoch: 64/200 Train accuracy: 5.83796e-01 Validation accuracy: 5.92333e-01 Loss 1.14599e-02 Time taken: 1.52 seconds 
Epoch: 65/200 Train accuracy: 5.85507e-01 Validation accuracy: 5.92667e-01 Loss 1.14476e-02 Time taken: 1.50 seconds 
Epoch: 66/200 Train accuracy: 5.88499e-01 Validation accuracy: 5.83000e-01 Loss 1.14364e-02 Time taken: 1.52 seconds 
Epoch: 67/200 Train accuracy: 5.86504e-01 Validation accuracy: 5.86000e-01 Loss 1.14420e-02 Time taken: 1.51 seconds 
Epoch: 68/200 Train accuracy: 5.88998e-01 Validation accuracy: 5.96333e-01 Loss 1.14319e-02 Time taken: 1.51 seconds 
Epoch: 69/200 Train accuracy: 5.87003e-01 Validation accuracy: 5.90667e-01 Loss 1.14404e-02 Time taken: 1.51 seconds 
Epoch: 70/200 Train accuracy: 5.91777e-01 Validation accuracy: 5.95333e-01 Loss 1.14302e-02 Time taken: 1.51 seconds 
Epoch: 71/200 Train accuracy: 5.84794e-01 Validation accuracy: 5.96333e-01 Loss 1.14478e-02 Time taken: 1.51 seconds 
Epoch: 72/200 Train accuracy: 5.89639e-01 Validation accuracy: 5.96000e-01 Loss 1.14325e-02 Time taken: 1.51 seconds 
Epoch: 73/200 Train accuracy: 5.90993e-01 Validation accuracy: 5.90667e-01 Loss 1.14213e-02 Time taken: 1.52 seconds 
Epoch: 74/200 Train accuracy: 5.87787e-01 Validation accuracy: 5.92333e-01 Loss 1.14383e-02 Time taken: 1.51 seconds 
Epoch: 75/200 Train accuracy: 5.87003e-01 Validation accuracy: 5.99667e-01 Loss 1.14367e-02 Time taken: 1.50 seconds 
Epoch: 76/200 Train accuracy: 5.87716e-01 Validation accuracy: 5.89333e-01 Loss 1.14289e-02 Time taken: 1.51 seconds 
Epoch: 77/200 Train accuracy: 5.87644e-01 Validation accuracy: 5.90333e-01 Loss 1.14408e-02 Time taken: 1.51 seconds 
Epoch: 78/200 Train accuracy: 5.90851e-01 Validation accuracy: 6.01333e-01 Loss 1.14191e-02 Time taken: 1.51 seconds 
Epoch: 79/200 Train accuracy: 5.89354e-01 Validation accuracy: 5.90667e-01 Loss 1.14244e-02 Time taken: 1.51 seconds 
Epoch: 80/200 Train accuracy: 5.93202e-01 Validation accuracy: 5.85333e-01 Loss 1.14129e-02 Time taken: 1.51 seconds 
Epoch: 81/200 Train accuracy: 5.96836e-01 Validation accuracy: 5.99333e-01 Loss 1.13801e-02 Time taken: 1.51 seconds 
Epoch: 82/200 Train accuracy: 5.86005e-01 Validation accuracy: 5.94333e-01 Loss 1.14473e-02 Time taken: 1.50 seconds 
Epoch: 83/200 Train accuracy: 5.88571e-01 Validation accuracy: 5.97667e-01 Loss 1.14132e-02 Time taken: 1.52 seconds 
Epoch: 84/200 Train accuracy: 5.92347e-01 Validation accuracy: 5.96000e-01 Loss 1.14080e-02 Time taken: 1.51 seconds 
Epoch: 85/200 Train accuracy: 5.90993e-01 Validation accuracy: 5.98333e-01 Loss 1.14084e-02 Time taken: 1.50 seconds 
Epoch: 86/200 Train accuracy: 5.91278e-01 Validation accuracy: 5.86333e-01 Loss 1.14097e-02 Time taken: 1.52 seconds 
Epoch: 87/200 Train accuracy: 5.89924e-01 Validation accuracy: 5.99333e-01 Loss 1.14050e-02 Time taken: 1.51 seconds 
Epoch: 88/200 Train accuracy: 5.88286e-01 Validation accuracy: 6.01667e-01 Loss 1.14030e-02 Time taken: 1.51 seconds 
Epoch: 89/200 Train accuracy: 5.89141e-01 Validation accuracy: 6.03333e-01 Loss 1.14253e-02 Time taken: 1.51 seconds 
Epoch: 90/200 Train accuracy: 5.93060e-01 Validation accuracy: 5.96000e-01 Loss 1.13897e-02 Time taken: 1.51 seconds 
Epoch: 91/200 Train accuracy: 5.94841e-01 Validation accuracy: 5.90667e-01 Loss 1.13833e-02 Time taken: 1.53 seconds 
Epoch: 92/200 Train accuracy: 5.95767e-01 Validation accuracy: 5.98333e-01 Loss 1.13866e-02 Time taken: 1.51 seconds 
Epoch: 93/200 Train accuracy: 5.89639e-01 Validation accuracy: 6.05333e-01 Loss 1.14025e-02 Time taken: 1.52 seconds 
Epoch: 94/200 Train accuracy: 5.95197e-01 Validation accuracy: 6.05333e-01 Loss 1.13807e-02 Time taken: 1.51 seconds 
Epoch: 95/200 Train accuracy: 5.93487e-01 Validation accuracy: 5.96667e-01 Loss 1.13890e-02 Time taken: 1.50 seconds 
Epoch: 96/200 Train accuracy: 5.89426e-01 Validation accuracy: 6.01333e-01 Loss 1.13975e-02 Time taken: 1.52 seconds 
Epoch: 97/200 Train accuracy: 5.92988e-01 Validation accuracy: 6.01000e-01 Loss 1.14026e-02 Time taken: 1.51 seconds 
Epoch: 98/200 Train accuracy: 5.93060e-01 Validation accuracy: 6.01000e-01 Loss 1.13906e-02 Time taken: 1.51 seconds 
Epoch: 99/200 Train accuracy: 5.95197e-01 Validation accuracy: 5.95333e-01 Loss 1.13662e-02 Time taken: 1.51 seconds 
Epoch: 100/200 Train accuracy: 5.93345e-01 Validation accuracy: 6.00000e-01 Loss 1.13923e-02 Time taken: 1.52 seconds 
Epoch: 101/200 Train accuracy: 5.97478e-01 Validation accuracy: 6.02667e-01 Loss 1.13620e-02 Time taken: 1.51 seconds 
Epoch: 102/200 Train accuracy: 5.93772e-01 Validation accuracy: 5.99000e-01 Loss 1.13893e-02 Time taken: 1.50 seconds 
Epoch: 103/200 Train accuracy: 5.92917e-01 Validation accuracy: 6.08667e-01 Loss 1.13902e-02 Time taken: 1.52 seconds 
Epoch: 104/200 Train accuracy: 5.92276e-01 Validation accuracy: 6.02667e-01 Loss 1.13918e-02 Time taken: 1.51 seconds 
Epoch: 105/200 Train accuracy: 5.96124e-01 Validation accuracy: 5.96667e-01 Loss 1.13768e-02 Time taken: 1.51 seconds 
Epoch: 106/200 Train accuracy: 5.92917e-01 Validation accuracy: 6.05000e-01 Loss 1.13828e-02 Time taken: 1.51 seconds 
Epoch: 107/200 Train accuracy: 5.98404e-01 Validation accuracy: 5.97000e-01 Loss 1.13594e-02 Time taken: 1.51 seconds 
Epoch: 108/200 Train accuracy: 5.99045e-01 Validation accuracy: 6.01333e-01 Loss 1.13607e-02 Time taken: 1.51 seconds 
Epoch: 109/200 Train accuracy: 5.96908e-01 Validation accuracy: 5.95333e-01 Loss 1.13744e-02 Time taken: 1.51 seconds 
Epoch: 110/200 Train accuracy: 5.96836e-01 Validation accuracy: 6.04000e-01 Loss 1.13688e-02 Time taken: 1.51 seconds 
Epoch: 111/200 Train accuracy: 5.95269e-01 Validation accuracy: 5.95667e-01 Loss 1.13563e-02 Time taken: 1.51 seconds 
Epoch: 112/200 Train accuracy: 5.93559e-01 Validation accuracy: 5.98000e-01 Loss 1.13747e-02 Time taken: 1.50 seconds 
Epoch: 113/200 Train accuracy: 5.91492e-01 Validation accuracy: 6.04667e-01 Loss 1.13843e-02 Time taken: 1.52 seconds 
Epoch: 114/200 Train accuracy: 5.93060e-01 Validation accuracy: 5.98667e-01 Loss 1.13720e-02 Time taken: 1.53 seconds 
Epoch: 115/200 Train accuracy: 5.97121e-01 Validation accuracy: 5.82000e-01 Loss 1.13669e-02 Time taken: 1.53 seconds 
Epoch: 116/200 Train accuracy: 5.99615e-01 Validation accuracy: 5.99333e-01 Loss 1.13653e-02 Time taken: 1.51 seconds 
Epoch: 117/200 Train accuracy: 5.98404e-01 Validation accuracy: 6.01667e-01 Loss 1.13671e-02 Time taken: 1.51 seconds 
Epoch: 118/200 Train accuracy: 5.93986e-01 Validation accuracy: 6.01667e-01 Loss 1.13797e-02 Time taken: 1.51 seconds 
Epoch: 119/200 Train accuracy: 5.94770e-01 Validation accuracy: 5.93667e-01 Loss 1.13636e-02 Time taken: 1.51 seconds 
Epoch: 120/200 Train accuracy: 5.92846e-01 Validation accuracy: 6.06333e-01 Loss 1.13799e-02 Time taken: 1.52 seconds 
Epoch: 121/200 Train accuracy: 5.93630e-01 Validation accuracy: 6.00667e-01 Loss 1.13657e-02 Time taken: 1.51 seconds 
Epoch: 122/200 Train accuracy: 5.95839e-01 Validation accuracy: 6.01000e-01 Loss 1.13502e-02 Time taken: 1.51 seconds 
Epoch: 123/200 Train accuracy: 5.94627e-01 Validation accuracy: 6.05333e-01 Loss 1.13607e-02 Time taken: 1.51 seconds 
Epoch: 124/200 Train accuracy: 5.99473e-01 Validation accuracy: 6.04000e-01 Loss 1.13480e-02 Time taken: 1.52 seconds 
Epoch: 125/200 Train accuracy: 5.98618e-01 Validation accuracy: 5.91667e-01 Loss 1.13481e-02 Time taken: 1.51 seconds 
Epoch: 126/200 Train accuracy: 5.97549e-01 Validation accuracy: 5.93000e-01 Loss 1.13539e-02 Time taken: 1.52 seconds 
Epoch: 127/200 Train accuracy: 5.94200e-01 Validation accuracy: 5.90333e-01 Loss 1.13580e-02 Time taken: 1.52 seconds 
Epoch: 128/200 Train accuracy: 5.98475e-01 Validation accuracy: 6.10000e-01 Loss 1.13501e-02 Time taken: 1.51 seconds 
Epoch: 129/200 Train accuracy: 5.98903e-01 Validation accuracy: 6.06000e-01 Loss 1.13552e-02 Time taken: 1.50 seconds 
Epoch: 130/200 Train accuracy: 6.00470e-01 Validation accuracy: 6.07000e-01 Loss 1.13384e-02 Time taken: 1.52 seconds 
Epoch: 131/200 Train accuracy: 5.93559e-01 Validation accuracy: 5.96667e-01 Loss 1.13628e-02 Time taken: 1.51 seconds 
Epoch: 132/200 Train accuracy: 5.93273e-01 Validation accuracy: 6.05667e-01 Loss 1.13647e-02 Time taken: 1.51 seconds 
Epoch: 133/200 Train accuracy: 5.97335e-01 Validation accuracy: 6.08333e-01 Loss 1.13508e-02 Time taken: 1.51 seconds 
Epoch: 134/200 Train accuracy: 5.95197e-01 Validation accuracy: 6.06000e-01 Loss 1.13649e-02 Time taken: 1.52 seconds 
Epoch: 135/200 Train accuracy: 5.99401e-01 Validation accuracy: 5.94667e-01 Loss 1.13527e-02 Time taken: 1.52 seconds 
Epoch: 136/200 Train accuracy: 6.00185e-01 Validation accuracy: 6.03000e-01 Loss 1.13309e-02 Time taken: 1.51 seconds 
Epoch: 137/200 Train accuracy: 5.98475e-01 Validation accuracy: 5.97000e-01 Loss 1.13388e-02 Time taken: 1.52 seconds 
Epoch: 138/200 Train accuracy: 6.02180e-01 Validation accuracy: 5.96667e-01 Loss 1.13230e-02 Time taken: 1.51 seconds 
Epoch: 139/200 Train accuracy: 5.96480e-01 Validation accuracy: 6.01000e-01 Loss 1.13396e-02 Time taken: 1.52 seconds 
Epoch: 140/200 Train accuracy: 5.94057e-01 Validation accuracy: 6.09667e-01 Loss 1.13577e-02 Time taken: 1.51 seconds 
Epoch: 141/200 Train accuracy: 5.99259e-01 Validation accuracy: 6.10333e-01 Loss 1.13264e-02 Time taken: 1.51 seconds 
Epoch: 142/200 Train accuracy: 5.95767e-01 Validation accuracy: 6.02000e-01 Loss 1.13481e-02 Time taken: 1.51 seconds 
Epoch: 143/200 Train accuracy: 5.99544e-01 Validation accuracy: 5.86000e-01 Loss 1.13428e-02 Time taken: 1.54 seconds 
Epoch: 144/200 Train accuracy: 6.00114e-01 Validation accuracy: 6.08333e-01 Loss 1.13290e-02 Time taken: 1.55 seconds 
Epoch: 145/200 Train accuracy: 6.03107e-01 Validation accuracy: 6.05333e-01 Loss 1.13172e-02 Time taken: 1.55 seconds 
Epoch: 146/200 Train accuracy: 5.98546e-01 Validation accuracy: 6.08667e-01 Loss 1.13355e-02 Time taken: 1.54 seconds 
Epoch: 147/200 Train accuracy: 6.00827e-01 Validation accuracy: 6.05000e-01 Loss 1.13304e-02 Time taken: 1.53 seconds 
Epoch: 148/200 Train accuracy: 5.98261e-01 Validation accuracy: 5.98000e-01 Loss 1.13368e-02 Time taken: 1.51 seconds 
Epoch: 149/200 Train accuracy: 5.99829e-01 Validation accuracy: 6.02667e-01 Loss 1.13320e-02 Time taken: 1.51 seconds 
Epoch: 150/200 Train accuracy: 5.96409e-01 Validation accuracy: 6.03333e-01 Loss 1.13493e-02 Time taken: 1.51 seconds 
Epoch: 151/200 Train accuracy: 5.98119e-01 Validation accuracy: 6.02000e-01 Loss 1.13382e-02 Time taken: 1.52 seconds 
Epoch: 152/200 Train accuracy: 6.01539e-01 Validation accuracy: 6.02333e-01 Loss 1.13369e-02 Time taken: 1.53 seconds 
Epoch: 153/200 Train accuracy: 6.01682e-01 Validation accuracy: 6.04000e-01 Loss 1.13113e-02 Time taken: 1.55 seconds 
Epoch: 154/200 Train accuracy: 6.02750e-01 Validation accuracy: 5.97000e-01 Loss 1.13202e-02 Time taken: 1.55 seconds 
Epoch: 155/200 Train accuracy: 6.02537e-01 Validation accuracy: 6.08000e-01 Loss 1.13227e-02 Time taken: 1.55 seconds 
Epoch: 156/200 Train accuracy: 5.98760e-01 Validation accuracy: 5.90000e-01 Loss 1.13246e-02 Time taken: 1.55 seconds 
Epoch: 157/200 Train accuracy: 5.96124e-01 Validation accuracy: 5.99333e-01 Loss 1.13544e-02 Time taken: 1.55 seconds 
Epoch: 158/200 Train accuracy: 5.96480e-01 Validation accuracy: 5.83333e-01 Loss 1.13433e-02 Time taken: 1.55 seconds 
Epoch: 159/200 Train accuracy: 5.97193e-01 Validation accuracy: 6.03000e-01 Loss 1.13394e-02 Time taken: 1.55 seconds 
Epoch: 160/200 Train accuracy: 6.02180e-01 Validation accuracy: 6.05667e-01 Loss 1.13199e-02 Time taken: 1.55 seconds 
Epoch: 161/200 Train accuracy: 5.95696e-01 Validation accuracy: 6.08333e-01 Loss 1.13446e-02 Time taken: 1.55 seconds 
Epoch: 162/200 Train accuracy: 6.02109e-01 Validation accuracy: 6.04333e-01 Loss 1.13085e-02 Time taken: 1.55 seconds 
Epoch: 163/200 Train accuracy: 5.98333e-01 Validation accuracy: 6.03667e-01 Loss 1.13160e-02 Time taken: 1.55 seconds 
Epoch: 164/200 Train accuracy: 6.01183e-01 Validation accuracy: 6.04000e-01 Loss 1.13206e-02 Time taken: 1.55 seconds 
Epoch: 165/200 Train accuracy: 5.95340e-01 Validation accuracy: 6.02333e-01 Loss 1.13487e-02 Time taken: 1.56 seconds 
Epoch: 166/200 Train accuracy: 6.00898e-01 Validation accuracy: 6.12000e-01 Loss 1.13204e-02 Time taken: 1.55 seconds 
Epoch: 167/200 Train accuracy: 5.99188e-01 Validation accuracy: 6.08333e-01 Loss 1.13252e-02 Time taken: 1.55 seconds 
Epoch: 168/200 Train accuracy: 5.96195e-01 Validation accuracy: 5.97667e-01 Loss 1.13484e-02 Time taken: 1.55 seconds 
Epoch: 169/200 Train accuracy: 6.03178e-01 Validation accuracy: 6.05333e-01 Loss 1.12995e-02 Time taken: 1.55 seconds 
Epoch: 170/200 Train accuracy: 5.99900e-01 Validation accuracy: 6.01667e-01 Loss 1.13265e-02 Time taken: 1.55 seconds 
Epoch: 171/200 Train accuracy: 6.00898e-01 Validation accuracy: 6.10667e-01 Loss 1.13106e-02 Time taken: 1.55 seconds 
Epoch: 172/200 Train accuracy: 6.03463e-01 Validation accuracy: 6.08667e-01 Loss 1.12978e-02 Time taken: 1.55 seconds 
Epoch: 173/200 Train accuracy: 6.03463e-01 Validation accuracy: 6.02000e-01 Loss 1.13022e-02 Time taken: 1.55 seconds 
Epoch: 174/200 Train accuracy: 5.98760e-01 Validation accuracy: 6.01667e-01 Loss 1.13293e-02 Time taken: 1.55 seconds 
Epoch: 175/200 Train accuracy: 6.00542e-01 Validation accuracy: 6.07333e-01 Loss 1.13272e-02 Time taken: 1.55 seconds 
Epoch: 176/200 Train accuracy: 6.03891e-01 Validation accuracy: 5.99000e-01 Loss 1.13056e-02 Time taken: 1.55 seconds 
Epoch: 177/200 Train accuracy: 6.01254e-01 Validation accuracy: 6.04333e-01 Loss 1.13149e-02 Time taken: 1.55 seconds 
Epoch: 178/200 Train accuracy: 6.05102e-01 Validation accuracy: 6.04667e-01 Loss 1.13031e-02 Time taken: 1.55 seconds 
Epoch: 179/200 Train accuracy: 5.99971e-01 Validation accuracy: 6.04333e-01 Loss 1.13220e-02 Time taken: 1.55 seconds 
Epoch: 180/200 Train accuracy: 5.99971e-01 Validation accuracy: 6.07000e-01 Loss 1.13270e-02 Time taken: 1.56 seconds 
Epoch: 181/200 Train accuracy: 6.03463e-01 Validation accuracy: 6.08333e-01 Loss 1.13063e-02 Time taken: 1.55 seconds 
Epoch: 182/200 Train accuracy: 6.03677e-01 Validation accuracy: 5.99667e-01 Loss 1.13048e-02 Time taken: 1.55 seconds 
Epoch: 183/200 Train accuracy: 6.03534e-01 Validation accuracy: 5.99333e-01 Loss 1.13108e-02 Time taken: 1.56 seconds 
Epoch: 184/200 Train accuracy: 6.01539e-01 Validation accuracy: 5.93333e-01 Loss 1.13134e-02 Time taken: 1.55 seconds 
Epoch: 185/200 Train accuracy: 6.04389e-01 Validation accuracy: 6.08667e-01 Loss 1.13026e-02 Time taken: 1.55 seconds 
Epoch: 186/200 Train accuracy: 6.01967e-01 Validation accuracy: 5.97667e-01 Loss 1.12969e-02 Time taken: 1.55 seconds 
Epoch: 187/200 Train accuracy: 6.04247e-01 Validation accuracy: 6.08000e-01 Loss 1.12958e-02 Time taken: 1.55 seconds 
Epoch: 188/200 Train accuracy: 6.00399e-01 Validation accuracy: 6.12000e-01 Loss 1.13153e-02 Time taken: 1.55 seconds 
Epoch: 189/200 Train accuracy: 6.05601e-01 Validation accuracy: 5.92333e-01 Loss 1.12979e-02 Time taken: 1.55 seconds 
Epoch: 190/200 Train accuracy: 6.01967e-01 Validation accuracy: 6.06000e-01 Loss 1.13129e-02 Time taken: 1.55 seconds 
Epoch: 191/200 Train accuracy: 6.02964e-01 Validation accuracy: 6.06333e-01 Loss 1.13122e-02 Time taken: 1.55 seconds 
Epoch: 192/200 Train accuracy: 6.03035e-01 Validation accuracy: 6.09000e-01 Loss 1.13118e-02 Time taken: 1.56 seconds 
Epoch: 193/200 Train accuracy: 6.02822e-01 Validation accuracy: 6.00000e-01 Loss 1.12988e-02 Time taken: 1.55 seconds 
Epoch: 194/200 Train accuracy: 6.00043e-01 Validation accuracy: 6.02667e-01 Loss 1.13171e-02 Time taken: 1.56 seconds 
Epoch: 195/200 Train accuracy: 6.05316e-01 Validation accuracy: 5.90000e-01 Loss 1.12899e-02 Time taken: 1.55 seconds 
Epoch: 196/200 Train accuracy: 6.00399e-01 Validation accuracy: 6.06000e-01 Loss 1.13106e-02 Time taken: 1.56 seconds 
Epoch: 197/200 Train accuracy: 6.04176e-01 Validation accuracy: 6.11667e-01 Loss 1.12950e-02 Time taken: 1.55 seconds 
Epoch: 198/200 Train accuracy: 6.02893e-01 Validation accuracy: 6.11333e-01 Loss 1.13085e-02 Time taken: 1.55 seconds 
Epoch: 199/200 Train accuracy: 6.04603e-01 Validation accuracy: 5.90000e-01 Loss 1.12870e-02 Time taken: 1.55 seconds 
Epoch: 200/200 Train accuracy: 6.01824e-01 Validation accuracy: 6.11667e-01 Loss 1.13107e-02 Time taken: 1.55 seconds 
Total time taken 0:05:05.801352
Cleaning up intermediate feature (.pt) files
Done


working on file logs_PKT_full/iic-train-PKTwhole-seed43/jepa-iic-PKTwhole-seed43-ep60.pth.tar ...
