Directory classifiers/jepa-iic-PKTwhole-seed43-classifier-pretrained-vitb-normalized-ep170 for saving the classifiers is now present
VisionTransformer(
  (patch_embed): PatchEmbed(
    (proj): Conv2d(3, 768, kernel_size=(15, 15), stride=(15, 15))
  )
  (blocks): ModuleList(
    (0-11): 12 x Block(
      (norm1): LayerNorm((768,), eps=1e-06, elementwise_affine=True)
      (attn): Attention(
        (qkv): Linear(in_features=768, out_features=2304, bias=True)
        (attn_drop): Dropout(p=0.0, inplace=False)
        (proj): Linear(in_features=768, out_features=768, bias=True)
        (proj_drop): Dropout(p=0.0, inplace=False)
      )
      (drop_path): Identity()
      (norm2): LayerNorm((768,), eps=1e-06, elementwise_affine=True)
      (mlp): MLP(
        (fc1): Linear(in_features=768, out_features=3072, bias=True)
        (act): GELU(approximate='none')
        (fc2): Linear(in_features=3072, out_features=768, bias=True)
        (drop): Dropout(p=0.0, inplace=False)
      )
    )
  )
  (norm): LayerNorm((768,), eps=1e-06, elementwise_affine=True)
)
Extracting features and saving them locally..
Epoch: 1/200 Train accuracy: 4.12641e-01 Validation accuracy: 5.38333e-01 Loss 1.27102e-02 Time taken: 1.52 seconds 
Epoch: 2/200 Train accuracy: 5.20094e-01 Validation accuracy: 5.54333e-01 Loss 1.19334e-02 Time taken: 1.52 seconds 
Epoch: 3/200 Train accuracy: 5.44178e-01 Validation accuracy: 5.67667e-01 Loss 1.17495e-02 Time taken: 1.52 seconds 
Epoch: 4/200 Train accuracy: 5.53584e-01 Validation accuracy: 5.76000e-01 Loss 1.16636e-02 Time taken: 1.51 seconds 
Epoch: 5/200 Train accuracy: 5.62562e-01 Validation accuracy: 5.77667e-01 Loss 1.15903e-02 Time taken: 1.53 seconds 
Epoch: 6/200 Train accuracy: 5.63204e-01 Validation accuracy: 5.86333e-01 Loss 1.15782e-02 Time taken: 1.58 seconds 
Epoch: 7/200 Train accuracy: 6.74932e-01 Validation accuracy: 7.07000e-01 Loss 1.07429e-02 Time taken: 1.58 seconds 
Epoch: 8/200 Train accuracy: 6.94670e-01 Validation accuracy: 7.11667e-01 Loss 1.05794e-02 Time taken: 1.51 seconds 
Epoch: 9/200 Train accuracy: 7.02009e-01 Validation accuracy: 7.11667e-01 Loss 1.05262e-02 Time taken: 1.53 seconds 
Epoch: 10/200 Train accuracy: 7.02651e-01 Validation accuracy: 7.15000e-01 Loss 1.05061e-02 Time taken: 1.51 seconds 
Epoch: 11/200 Train accuracy: 7.06712e-01 Validation accuracy: 7.13333e-01 Loss 1.04901e-02 Time taken: 1.51 seconds 
Epoch: 12/200 Train accuracy: 7.08921e-01 Validation accuracy: 7.08000e-01 Loss 1.04751e-02 Time taken: 1.52 seconds 
Epoch: 13/200 Train accuracy: 7.10418e-01 Validation accuracy: 7.14667e-01 Loss 1.04567e-02 Time taken: 1.58 seconds 
Epoch: 14/200 Train accuracy: 7.06855e-01 Validation accuracy: 7.13667e-01 Loss 1.04718e-02 Time taken: 1.51 seconds 
Epoch: 15/200 Train accuracy: 7.10346e-01 Validation accuracy: 7.14000e-01 Loss 1.04370e-02 Time taken: 1.51 seconds 
Epoch: 16/200 Train accuracy: 7.15477e-01 Validation accuracy: 7.15000e-01 Loss 1.04156e-02 Time taken: 1.50 seconds 
Epoch: 17/200 Train accuracy: 7.14978e-01 Validation accuracy: 7.17333e-01 Loss 1.04269e-02 Time taken: 1.50 seconds 
Epoch: 18/200 Train accuracy: 7.15833e-01 Validation accuracy: 7.19667e-01 Loss 1.04070e-02 Time taken: 1.51 seconds 
Epoch: 19/200 Train accuracy: 7.18398e-01 Validation accuracy: 7.19333e-01 Loss 1.03921e-02 Time taken: 1.51 seconds 
Epoch: 20/200 Train accuracy: 7.19610e-01 Validation accuracy: 7.15333e-01 Loss 1.03846e-02 Time taken: 1.52 seconds 
Epoch: 21/200 Train accuracy: 7.17116e-01 Validation accuracy: 7.16667e-01 Loss 1.03937e-02 Time taken: 1.51 seconds 
Epoch: 22/200 Train accuracy: 7.20536e-01 Validation accuracy: 7.13667e-01 Loss 1.03795e-02 Time taken: 1.51 seconds 
Epoch: 23/200 Train accuracy: 7.18469e-01 Validation accuracy: 7.20000e-01 Loss 1.03854e-02 Time taken: 1.50 seconds 
Epoch: 24/200 Train accuracy: 7.23030e-01 Validation accuracy: 7.23000e-01 Loss 1.03597e-02 Time taken: 1.50 seconds 
Epoch: 25/200 Train accuracy: 7.20322e-01 Validation accuracy: 7.16667e-01 Loss 1.03662e-02 Time taken: 1.50 seconds 
Epoch: 26/200 Train accuracy: 7.21391e-01 Validation accuracy: 7.20333e-01 Loss 1.03607e-02 Time taken: 1.50 seconds 
Epoch: 27/200 Train accuracy: 7.24455e-01 Validation accuracy: 7.25333e-01 Loss 1.03525e-02 Time taken: 1.51 seconds 
Epoch: 28/200 Train accuracy: 7.24099e-01 Validation accuracy: 7.19667e-01 Loss 1.03429e-02 Time taken: 1.51 seconds 
Epoch: 29/200 Train accuracy: 7.22388e-01 Validation accuracy: 7.25000e-01 Loss 1.03497e-02 Time taken: 1.50 seconds 
Epoch: 30/200 Train accuracy: 7.23529e-01 Validation accuracy: 7.25333e-01 Loss 1.03461e-02 Time taken: 1.52 seconds 
Epoch: 31/200 Train accuracy: 7.22246e-01 Validation accuracy: 7.22667e-01 Loss 1.03426e-02 Time taken: 1.50 seconds 
Epoch: 32/200 Train accuracy: 7.26806e-01 Validation accuracy: 7.22667e-01 Loss 1.03286e-02 Time taken: 1.50 seconds 
Epoch: 33/200 Train accuracy: 7.24882e-01 Validation accuracy: 7.25333e-01 Loss 1.03242e-02 Time taken: 1.50 seconds 
Epoch: 34/200 Train accuracy: 7.25452e-01 Validation accuracy: 7.28000e-01 Loss 1.03258e-02 Time taken: 1.50 seconds 
Epoch: 35/200 Train accuracy: 7.24170e-01 Validation accuracy: 7.23000e-01 Loss 1.03198e-02 Time taken: 1.50 seconds 
Epoch: 36/200 Train accuracy: 7.27519e-01 Validation accuracy: 7.26333e-01 Loss 1.03196e-02 Time taken: 1.50 seconds 
Epoch: 37/200 Train accuracy: 7.27163e-01 Validation accuracy: 7.25333e-01 Loss 1.03194e-02 Time taken: 1.51 seconds 
Epoch: 38/200 Train accuracy: 7.25310e-01 Validation accuracy: 7.24667e-01 Loss 1.03291e-02 Time taken: 1.50 seconds 
Epoch: 39/200 Train accuracy: 7.29870e-01 Validation accuracy: 7.19333e-01 Loss 1.02954e-02 Time taken: 1.51 seconds 
Epoch: 40/200 Train accuracy: 7.29158e-01 Validation accuracy: 7.28000e-01 Loss 1.03033e-02 Time taken: 1.51 seconds 
Epoch: 41/200 Train accuracy: 7.27946e-01 Validation accuracy: 7.22000e-01 Loss 1.03055e-02 Time taken: 1.50 seconds 
Epoch: 42/200 Train accuracy: 7.32507e-01 Validation accuracy: 7.25000e-01 Loss 1.02808e-02 Time taken: 1.51 seconds 
Epoch: 43/200 Train accuracy: 7.26521e-01 Validation accuracy: 7.26667e-01 Loss 1.03171e-02 Time taken: 1.51 seconds 
Epoch: 44/200 Train accuracy: 7.28659e-01 Validation accuracy: 7.29333e-01 Loss 1.03032e-02 Time taken: 1.51 seconds 
Epoch: 45/200 Train accuracy: 7.31580e-01 Validation accuracy: 7.27000e-01 Loss 1.02856e-02 Time taken: 1.51 seconds 
Epoch: 46/200 Train accuracy: 7.30868e-01 Validation accuracy: 7.32000e-01 Loss 1.02943e-02 Time taken: 1.50 seconds 
Epoch: 47/200 Train accuracy: 7.26664e-01 Validation accuracy: 7.28333e-01 Loss 1.03073e-02 Time taken: 1.52 seconds 
Epoch: 48/200 Train accuracy: 7.33789e-01 Validation accuracy: 7.27333e-01 Loss 1.02759e-02 Time taken: 1.50 seconds 
Epoch: 49/200 Train accuracy: 7.31580e-01 Validation accuracy: 7.27333e-01 Loss 1.02710e-02 Time taken: 1.50 seconds 
Epoch: 50/200 Train accuracy: 7.31723e-01 Validation accuracy: 7.29333e-01 Loss 1.02877e-02 Time taken: 1.51 seconds 
Epoch: 51/200 Train accuracy: 7.32293e-01 Validation accuracy: 7.21000e-01 Loss 1.02775e-02 Time taken: 1.51 seconds 
Epoch: 52/200 Train accuracy: 7.29799e-01 Validation accuracy: 7.28667e-01 Loss 1.02938e-02 Time taken: 1.50 seconds 
Epoch: 53/200 Train accuracy: 7.30654e-01 Validation accuracy: 7.34000e-01 Loss 1.02880e-02 Time taken: 1.50 seconds 
Epoch: 54/200 Train accuracy: 7.30227e-01 Validation accuracy: 7.31000e-01 Loss 1.02887e-02 Time taken: 1.50 seconds 
Epoch: 55/200 Train accuracy: 7.31794e-01 Validation accuracy: 7.34333e-01 Loss 1.02787e-02 Time taken: 1.50 seconds 
Epoch: 56/200 Train accuracy: 7.29657e-01 Validation accuracy: 7.29667e-01 Loss 1.02890e-02 Time taken: 1.51 seconds 
Epoch: 57/200 Train accuracy: 7.36996e-01 Validation accuracy: 7.29000e-01 Loss 1.02516e-02 Time taken: 1.52 seconds 
Epoch: 58/200 Train accuracy: 7.33006e-01 Validation accuracy: 7.30667e-01 Loss 1.02631e-02 Time taken: 1.50 seconds 
Epoch: 59/200 Train accuracy: 7.33148e-01 Validation accuracy: 7.33333e-01 Loss 1.02720e-02 Time taken: 1.51 seconds 
Epoch: 60/200 Train accuracy: 7.31794e-01 Validation accuracy: 7.27333e-01 Loss 1.02673e-02 Time taken: 1.52 seconds 
Epoch: 61/200 Train accuracy: 7.32863e-01 Validation accuracy: 7.34333e-01 Loss 1.02653e-02 Time taken: 1.51 seconds 
Epoch: 62/200 Train accuracy: 7.33433e-01 Validation accuracy: 7.33000e-01 Loss 1.02678e-02 Time taken: 1.51 seconds 
Epoch: 63/200 Train accuracy: 7.30654e-01 Validation accuracy: 7.32000e-01 Loss 1.02709e-02 Time taken: 1.52 seconds 
Epoch: 64/200 Train accuracy: 7.33219e-01 Validation accuracy: 7.31333e-01 Loss 1.02716e-02 Time taken: 1.51 seconds 
Epoch: 65/200 Train accuracy: 7.31794e-01 Validation accuracy: 7.27667e-01 Loss 1.02686e-02 Time taken: 1.51 seconds 
Epoch: 66/200 Train accuracy: 7.31937e-01 Validation accuracy: 7.32333e-01 Loss 1.02726e-02 Time taken: 1.50 seconds 
Epoch: 67/200 Train accuracy: 7.34217e-01 Validation accuracy: 7.34667e-01 Loss 1.02601e-02 Time taken: 1.51 seconds 
Epoch: 68/200 Train accuracy: 7.31367e-01 Validation accuracy: 7.29333e-01 Loss 1.02713e-02 Time taken: 1.50 seconds 
Epoch: 69/200 Train accuracy: 7.34644e-01 Validation accuracy: 7.31333e-01 Loss 1.02563e-02 Time taken: 1.51 seconds 
Epoch: 70/200 Train accuracy: 7.34573e-01 Validation accuracy: 7.35333e-01 Loss 1.02536e-02 Time taken: 1.50 seconds 
Epoch: 71/200 Train accuracy: 7.36568e-01 Validation accuracy: 7.28667e-01 Loss 1.02463e-02 Time taken: 1.50 seconds 
Epoch: 72/200 Train accuracy: 7.34431e-01 Validation accuracy: 7.33000e-01 Loss 1.02555e-02 Time taken: 1.50 seconds 
Epoch: 73/200 Train accuracy: 7.38563e-01 Validation accuracy: 7.29000e-01 Loss 1.02305e-02 Time taken: 1.51 seconds 
Epoch: 74/200 Train accuracy: 7.32649e-01 Validation accuracy: 7.37667e-01 Loss 1.02695e-02 Time taken: 1.51 seconds 
Epoch: 75/200 Train accuracy: 7.35713e-01 Validation accuracy: 7.37333e-01 Loss 1.02560e-02 Time taken: 1.50 seconds 
Epoch: 76/200 Train accuracy: 7.35072e-01 Validation accuracy: 7.32333e-01 Loss 1.02429e-02 Time taken: 1.50 seconds 
Epoch: 77/200 Train accuracy: 7.32649e-01 Validation accuracy: 7.32000e-01 Loss 1.02629e-02 Time taken: 1.52 seconds 
Epoch: 78/200 Train accuracy: 7.34502e-01 Validation accuracy: 7.35333e-01 Loss 1.02478e-02 Time taken: 1.51 seconds 
Epoch: 79/200 Train accuracy: 7.35927e-01 Validation accuracy: 7.36000e-01 Loss 1.02456e-02 Time taken: 1.50 seconds 
Epoch: 80/200 Train accuracy: 7.34431e-01 Validation accuracy: 7.33667e-01 Loss 1.02623e-02 Time taken: 1.50 seconds 
Epoch: 81/200 Train accuracy: 7.37210e-01 Validation accuracy: 7.31667e-01 Loss 1.02360e-02 Time taken: 1.50 seconds 
Epoch: 82/200 Train accuracy: 7.34502e-01 Validation accuracy: 7.32333e-01 Loss 1.02513e-02 Time taken: 1.50 seconds 
Epoch: 83/200 Train accuracy: 7.33077e-01 Validation accuracy: 7.33667e-01 Loss 1.02631e-02 Time taken: 1.51 seconds 
Epoch: 84/200 Train accuracy: 7.37067e-01 Validation accuracy: 7.32000e-01 Loss 1.02430e-02 Time taken: 1.52 seconds 
Epoch: 85/200 Train accuracy: 7.36640e-01 Validation accuracy: 7.35333e-01 Loss 1.02422e-02 Time taken: 1.51 seconds 
Epoch: 86/200 Train accuracy: 7.35998e-01 Validation accuracy: 7.34667e-01 Loss 1.02454e-02 Time taken: 1.52 seconds 
Epoch: 87/200 Train accuracy: 7.31295e-01 Validation accuracy: 7.35333e-01 Loss 1.02653e-02 Time taken: 1.51 seconds 
Epoch: 88/200 Train accuracy: 7.34573e-01 Validation accuracy: 7.33000e-01 Loss 1.02419e-02 Time taken: 1.51 seconds 
Epoch: 89/200 Train accuracy: 7.35428e-01 Validation accuracy: 7.36000e-01 Loss 1.02490e-02 Time taken: 1.51 seconds 
Epoch: 90/200 Train accuracy: 7.34074e-01 Validation accuracy: 7.33000e-01 Loss 1.02456e-02 Time taken: 1.51 seconds 
Epoch: 91/200 Train accuracy: 7.39846e-01 Validation accuracy: 7.35000e-01 Loss 1.02202e-02 Time taken: 1.51 seconds 
Epoch: 92/200 Train accuracy: 7.37495e-01 Validation accuracy: 7.31667e-01 Loss 1.02252e-02 Time taken: 1.50 seconds 
Epoch: 93/200 Train accuracy: 7.36070e-01 Validation accuracy: 7.38667e-01 Loss 1.02377e-02 Time taken: 1.50 seconds 
Epoch: 94/200 Train accuracy: 7.33932e-01 Validation accuracy: 7.36667e-01 Loss 1.02453e-02 Time taken: 1.51 seconds 
Epoch: 95/200 Train accuracy: 7.38278e-01 Validation accuracy: 7.34667e-01 Loss 1.02338e-02 Time taken: 1.51 seconds 
Epoch: 96/200 Train accuracy: 7.36996e-01 Validation accuracy: 7.31333e-01 Loss 1.02383e-02 Time taken: 1.51 seconds 
Epoch: 97/200 Train accuracy: 7.35642e-01 Validation accuracy: 7.35333e-01 Loss 1.02475e-02 Time taken: 1.50 seconds 
Epoch: 98/200 Train accuracy: 7.34146e-01 Validation accuracy: 7.34000e-01 Loss 1.02427e-02 Time taken: 1.51 seconds 
Epoch: 99/200 Train accuracy: 7.33647e-01 Validation accuracy: 7.33333e-01 Loss 1.02507e-02 Time taken: 1.50 seconds 
Epoch: 100/200 Train accuracy: 7.39846e-01 Validation accuracy: 7.32667e-01 Loss 1.02235e-02 Time taken: 1.51 seconds 
Epoch: 101/200 Train accuracy: 7.35713e-01 Validation accuracy: 7.35333e-01 Loss 1.02399e-02 Time taken: 1.51 seconds 
Epoch: 102/200 Train accuracy: 7.34217e-01 Validation accuracy: 7.37667e-01 Loss 1.02444e-02 Time taken: 1.50 seconds 
Epoch: 103/200 Train accuracy: 7.36568e-01 Validation accuracy: 7.35333e-01 Loss 1.02330e-02 Time taken: 1.51 seconds 
Epoch: 104/200 Train accuracy: 7.33077e-01 Validation accuracy: 7.32667e-01 Loss 1.02590e-02 Time taken: 1.51 seconds 
Epoch: 105/200 Train accuracy: 7.37780e-01 Validation accuracy: 7.37333e-01 Loss 1.02267e-02 Time taken: 1.50 seconds 
Epoch: 106/200 Train accuracy: 7.34359e-01 Validation accuracy: 7.34333e-01 Loss 1.02435e-02 Time taken: 1.50 seconds 
Epoch: 107/200 Train accuracy: 7.33291e-01 Validation accuracy: 7.35333e-01 Loss 1.02569e-02 Time taken: 1.50 seconds 
Epoch: 108/200 Train accuracy: 7.33861e-01 Validation accuracy: 7.34667e-01 Loss 1.02435e-02 Time taken: 1.51 seconds 
Epoch: 109/200 Train accuracy: 7.35713e-01 Validation accuracy: 7.34333e-01 Loss 1.02404e-02 Time taken: 1.51 seconds 
Epoch: 110/200 Train accuracy: 7.34217e-01 Validation accuracy: 7.30667e-01 Loss 1.02388e-02 Time taken: 1.50 seconds 
Epoch: 111/200 Train accuracy: 7.36568e-01 Validation accuracy: 7.37667e-01 Loss 1.02299e-02 Time taken: 1.51 seconds 
Epoch: 112/200 Train accuracy: 7.35357e-01 Validation accuracy: 7.33000e-01 Loss 1.02301e-02 Time taken: 1.50 seconds 
Epoch: 113/200 Train accuracy: 7.33291e-01 Validation accuracy: 7.34333e-01 Loss 1.02456e-02 Time taken: 1.51 seconds 
Epoch: 114/200 Train accuracy: 7.38849e-01 Validation accuracy: 7.36667e-01 Loss 1.02241e-02 Time taken: 1.51 seconds 
Epoch: 115/200 Train accuracy: 7.35001e-01 Validation accuracy: 7.31667e-01 Loss 1.02418e-02 Time taken: 1.51 seconds 
Epoch: 116/200 Train accuracy: 7.33718e-01 Validation accuracy: 7.38000e-01 Loss 1.02427e-02 Time taken: 1.51 seconds 
Epoch: 117/200 Train accuracy: 7.37993e-01 Validation accuracy: 7.35000e-01 Loss 1.02215e-02 Time taken: 1.51 seconds 
Epoch: 118/200 Train accuracy: 7.39276e-01 Validation accuracy: 7.33333e-01 Loss 1.02184e-02 Time taken: 1.52 seconds 
Epoch: 119/200 Train accuracy: 7.39561e-01 Validation accuracy: 7.34667e-01 Loss 1.02244e-02 Time taken: 1.50 seconds 
Epoch: 120/200 Train accuracy: 7.34074e-01 Validation accuracy: 7.35667e-01 Loss 1.02488e-02 Time taken: 1.51 seconds 
Epoch: 121/200 Train accuracy: 7.39490e-01 Validation accuracy: 7.35667e-01 Loss 1.02205e-02 Time taken: 1.52 seconds 
Epoch: 122/200 Train accuracy: 7.36070e-01 Validation accuracy: 7.37000e-01 Loss 1.02388e-02 Time taken: 1.51 seconds 
Epoch: 123/200 Train accuracy: 7.38207e-01 Validation accuracy: 7.39000e-01 Loss 1.02308e-02 Time taken: 1.51 seconds 
Epoch: 124/200 Train accuracy: 7.39490e-01 Validation accuracy: 7.33333e-01 Loss 1.02219e-02 Time taken: 1.51 seconds 
Epoch: 125/200 Train accuracy: 7.36426e-01 Validation accuracy: 7.39333e-01 Loss 1.02352e-02 Time taken: 1.51 seconds 
Epoch: 126/200 Train accuracy: 7.38350e-01 Validation accuracy: 7.38667e-01 Loss 1.02164e-02 Time taken: 1.51 seconds 
Epoch: 127/200 Train accuracy: 7.35571e-01 Validation accuracy: 7.39000e-01 Loss 1.02325e-02 Time taken: 1.51 seconds 
Epoch: 128/200 Train accuracy: 7.40131e-01 Validation accuracy: 7.34333e-01 Loss 1.02108e-02 Time taken: 1.51 seconds 
Epoch: 129/200 Train accuracy: 7.38065e-01 Validation accuracy: 7.38667e-01 Loss 1.02241e-02 Time taken: 1.50 seconds 
Epoch: 130/200 Train accuracy: 7.38777e-01 Validation accuracy: 7.37000e-01 Loss 1.02198e-02 Time taken: 1.51 seconds 
Epoch: 131/200 Train accuracy: 7.37138e-01 Validation accuracy: 7.40000e-01 Loss 1.02199e-02 Time taken: 1.51 seconds 
Epoch: 132/200 Train accuracy: 7.39704e-01 Validation accuracy: 7.34333e-01 Loss 1.02142e-02 Time taken: 1.50 seconds 
Epoch: 133/200 Train accuracy: 7.35143e-01 Validation accuracy: 7.36333e-01 Loss 1.02375e-02 Time taken: 1.51 seconds 
Epoch: 134/200 Train accuracy: 7.37067e-01 Validation accuracy: 7.37000e-01 Loss 1.02243e-02 Time taken: 1.50 seconds 
Epoch: 135/200 Train accuracy: 7.39276e-01 Validation accuracy: 7.37000e-01 Loss 1.02191e-02 Time taken: 1.51 seconds 
Epoch: 136/200 Train accuracy: 7.38492e-01 Validation accuracy: 7.40333e-01 Loss 1.02236e-02 Time taken: 1.50 seconds 
Epoch: 137/200 Train accuracy: 7.36212e-01 Validation accuracy: 7.36000e-01 Loss 1.02388e-02 Time taken: 1.50 seconds 
Epoch: 138/200 Train accuracy: 7.37423e-01 Validation accuracy: 7.37667e-01 Loss 1.02194e-02 Time taken: 1.51 seconds 
Epoch: 139/200 Train accuracy: 7.38991e-01 Validation accuracy: 7.37667e-01 Loss 1.02036e-02 Time taken: 1.49 seconds 
Epoch: 140/200 Train accuracy: 7.38350e-01 Validation accuracy: 7.36667e-01 Loss 1.02136e-02 Time taken: 1.51 seconds 
Epoch: 141/200 Train accuracy: 7.39134e-01 Validation accuracy: 7.42333e-01 Loss 1.02151e-02 Time taken: 1.50 seconds 
Epoch: 142/200 Train accuracy: 7.36497e-01 Validation accuracy: 7.39000e-01 Loss 1.02343e-02 Time taken: 1.51 seconds 
Epoch: 143/200 Train accuracy: 7.42340e-01 Validation accuracy: 7.37000e-01 Loss 1.02012e-02 Time taken: 1.50 seconds 
Epoch: 144/200 Train accuracy: 7.38849e-01 Validation accuracy: 7.39000e-01 Loss 1.02166e-02 Time taken: 1.50 seconds 
Epoch: 145/200 Train accuracy: 7.37210e-01 Validation accuracy: 7.36000e-01 Loss 1.02242e-02 Time taken: 1.51 seconds 
Epoch: 146/200 Train accuracy: 7.38350e-01 Validation accuracy: 7.32333e-01 Loss 1.02067e-02 Time taken: 1.51 seconds 
Epoch: 147/200 Train accuracy: 7.34217e-01 Validation accuracy: 7.36333e-01 Loss 1.02322e-02 Time taken: 1.51 seconds 
Epoch: 148/200 Train accuracy: 7.41129e-01 Validation accuracy: 7.38000e-01 Loss 1.02045e-02 Time taken: 1.52 seconds 
Epoch: 149/200 Train accuracy: 7.37851e-01 Validation accuracy: 7.34333e-01 Loss 1.02253e-02 Time taken: 1.50 seconds 
Epoch: 150/200 Train accuracy: 7.39276e-01 Validation accuracy: 7.37667e-01 Loss 1.02214e-02 Time taken: 1.52 seconds 
Epoch: 151/200 Train accuracy: 7.36355e-01 Validation accuracy: 7.38000e-01 Loss 1.02164e-02 Time taken: 1.51 seconds 
Epoch: 152/200 Train accuracy: 7.39704e-01 Validation accuracy: 7.40333e-01 Loss 1.02119e-02 Time taken: 1.51 seconds 
Epoch: 153/200 Train accuracy: 7.34288e-01 Validation accuracy: 7.40667e-01 Loss 1.02322e-02 Time taken: 1.51 seconds 
Epoch: 154/200 Train accuracy: 7.41627e-01 Validation accuracy: 7.36333e-01 Loss 1.02047e-02 Time taken: 1.51 seconds 
Epoch: 155/200 Train accuracy: 7.46473e-01 Validation accuracy: 7.35333e-01 Loss 1.01716e-02 Time taken: 1.52 seconds 
Epoch: 156/200 Train accuracy: 7.36070e-01 Validation accuracy: 7.41667e-01 Loss 1.02319e-02 Time taken: 1.50 seconds 
Epoch: 157/200 Train accuracy: 7.40772e-01 Validation accuracy: 7.38667e-01 Loss 1.02027e-02 Time taken: 1.51 seconds 
Epoch: 158/200 Train accuracy: 7.37637e-01 Validation accuracy: 7.37000e-01 Loss 1.02213e-02 Time taken: 1.51 seconds 
Epoch: 159/200 Train accuracy: 7.38278e-01 Validation accuracy: 7.38667e-01 Loss 1.02255e-02 Time taken: 1.51 seconds 
Epoch: 160/200 Train accuracy: 7.34359e-01 Validation accuracy: 7.34000e-01 Loss 1.02340e-02 Time taken: 1.51 seconds 
Epoch: 161/200 Train accuracy: 7.38920e-01 Validation accuracy: 7.37667e-01 Loss 1.02151e-02 Time taken: 1.51 seconds 
Epoch: 162/200 Train accuracy: 7.37780e-01 Validation accuracy: 7.42000e-01 Loss 1.02220e-02 Time taken: 1.51 seconds 
Epoch: 163/200 Train accuracy: 7.37281e-01 Validation accuracy: 7.38667e-01 Loss 1.02184e-02 Time taken: 1.50 seconds 
Epoch: 164/200 Train accuracy: 7.37566e-01 Validation accuracy: 7.38000e-01 Loss 1.02223e-02 Time taken: 1.51 seconds 
Epoch: 165/200 Train accuracy: 7.40772e-01 Validation accuracy: 7.33667e-01 Loss 1.02109e-02 Time taken: 1.51 seconds 
Epoch: 166/200 Train accuracy: 7.40131e-01 Validation accuracy: 7.39333e-01 Loss 1.02171e-02 Time taken: 1.50 seconds 
Epoch: 167/200 Train accuracy: 7.40559e-01 Validation accuracy: 7.40667e-01 Loss 1.02088e-02 Time taken: 1.51 seconds 
Epoch: 168/200 Train accuracy: 7.39846e-01 Validation accuracy: 7.36667e-01 Loss 1.02173e-02 Time taken: 1.51 seconds 
Epoch: 169/200 Train accuracy: 7.39062e-01 Validation accuracy: 7.43667e-01 Loss 1.02138e-02 Time taken: 1.50 seconds 
Epoch: 170/200 Train accuracy: 7.42696e-01 Validation accuracy: 7.47333e-01 Loss 1.01958e-02 Time taken: 1.51 seconds 
Epoch: 171/200 Train accuracy: 7.39205e-01 Validation accuracy: 7.44000e-01 Loss 1.02197e-02 Time taken: 1.50 seconds 
Epoch: 172/200 Train accuracy: 7.35785e-01 Validation accuracy: 7.41333e-01 Loss 1.02304e-02 Time taken: 1.51 seconds 
Epoch: 173/200 Train accuracy: 7.36141e-01 Validation accuracy: 7.34333e-01 Loss 1.02256e-02 Time taken: 1.50 seconds 
Epoch: 174/200 Train accuracy: 7.38563e-01 Validation accuracy: 7.38667e-01 Loss 1.02135e-02 Time taken: 1.50 seconds 
Epoch: 175/200 Train accuracy: 7.38777e-01 Validation accuracy: 7.38333e-01 Loss 1.02110e-02 Time taken: 1.51 seconds 
Epoch: 176/200 Train accuracy: 7.36853e-01 Validation accuracy: 7.36667e-01 Loss 1.02131e-02 Time taken: 1.50 seconds 
Epoch: 177/200 Train accuracy: 7.40274e-01 Validation accuracy: 7.40667e-01 Loss 1.02198e-02 Time taken: 1.51 seconds 
Epoch: 178/200 Train accuracy: 7.40630e-01 Validation accuracy: 7.38667e-01 Loss 1.02053e-02 Time taken: 1.50 seconds 
Epoch: 179/200 Train accuracy: 7.38849e-01 Validation accuracy: 7.40000e-01 Loss 1.02181e-02 Time taken: 1.50 seconds 
Epoch: 180/200 Train accuracy: 7.36355e-01 Validation accuracy: 7.40667e-01 Loss 1.02282e-02 Time taken: 1.50 seconds 
Epoch: 181/200 Train accuracy: 7.40345e-01 Validation accuracy: 7.41000e-01 Loss 1.02038e-02 Time taken: 1.50 seconds 
Epoch: 182/200 Train accuracy: 7.37851e-01 Validation accuracy: 7.34333e-01 Loss 1.02149e-02 Time taken: 1.51 seconds 
Epoch: 183/200 Train accuracy: 7.38278e-01 Validation accuracy: 7.31667e-01 Loss 1.02216e-02 Time taken: 1.50 seconds 
Epoch: 184/200 Train accuracy: 7.40060e-01 Validation accuracy: 7.37333e-01 Loss 1.02010e-02 Time taken: 1.50 seconds 
Epoch: 185/200 Train accuracy: 7.39846e-01 Validation accuracy: 7.42000e-01 Loss 1.02088e-02 Time taken: 1.51 seconds 
Epoch: 186/200 Train accuracy: 7.40416e-01 Validation accuracy: 7.42000e-01 Loss 1.02099e-02 Time taken: 1.50 seconds 
Epoch: 187/200 Train accuracy: 7.38849e-01 Validation accuracy: 7.43667e-01 Loss 1.02113e-02 Time taken: 1.51 seconds 
Epoch: 188/200 Train accuracy: 7.38065e-01 Validation accuracy: 7.41667e-01 Loss 1.02209e-02 Time taken: 1.51 seconds 
Epoch: 189/200 Train accuracy: 7.42910e-01 Validation accuracy: 7.41333e-01 Loss 1.02047e-02 Time taken: 1.50 seconds 
Epoch: 190/200 Train accuracy: 7.40559e-01 Validation accuracy: 7.41333e-01 Loss 1.02023e-02 Time taken: 1.51 seconds 
Epoch: 191/200 Train accuracy: 7.41129e-01 Validation accuracy: 7.39667e-01 Loss 1.02013e-02 Time taken: 1.51 seconds 
Epoch: 192/200 Train accuracy: 7.39205e-01 Validation accuracy: 7.39333e-01 Loss 1.02054e-02 Time taken: 1.51 seconds 
Epoch: 193/200 Train accuracy: 7.35143e-01 Validation accuracy: 7.37667e-01 Loss 1.02321e-02 Time taken: 1.50 seconds 
Epoch: 194/200 Train accuracy: 7.39276e-01 Validation accuracy: 7.41667e-01 Loss 1.02032e-02 Time taken: 1.52 seconds 
Epoch: 195/200 Train accuracy: 7.44121e-01 Validation accuracy: 7.37333e-01 Loss 1.01888e-02 Time taken: 1.51 seconds 
Epoch: 196/200 Train accuracy: 7.44549e-01 Validation accuracy: 7.41667e-01 Loss 1.01887e-02 Time taken: 1.50 seconds 
Epoch: 197/200 Train accuracy: 7.38278e-01 Validation accuracy: 7.40333e-01 Loss 1.02209e-02 Time taken: 1.51 seconds 
Epoch: 198/200 Train accuracy: 7.39704e-01 Validation accuracy: 7.44000e-01 Loss 1.02050e-02 Time taken: 1.50 seconds 
Epoch: 199/200 Train accuracy: 7.39632e-01 Validation accuracy: 7.42333e-01 Loss 1.02146e-02 Time taken: 1.51 seconds 
Epoch: 200/200 Train accuracy: 7.37067e-01 Validation accuracy: 7.37667e-01 Loss 1.02176e-02 Time taken: 1.50 seconds 
Total time taken 0:05:02.846182
Cleaning up intermediate feature (.pt) files
Done


working on file logs_PKT_full/iic-train-PKTwhole-seed43/jepa-iic-PKTwhole-seed43-ep180.pth.tar ...
