Directory classifiers/jepa-iic-PKTwhole-seed43-classifier-pretrained-vitb-normalized-ep200 for saving the classifiers is now present
VisionTransformer(
  (patch_embed): PatchEmbed(
    (proj): Conv2d(3, 768, kernel_size=(15, 15), stride=(15, 15))
  )
  (blocks): ModuleList(
    (0-11): 12 x Block(
      (norm1): LayerNorm((768,), eps=1e-06, elementwise_affine=True)
      (attn): Attention(
        (qkv): Linear(in_features=768, out_features=2304, bias=True)
        (attn_drop): Dropout(p=0.0, inplace=False)
        (proj): Linear(in_features=768, out_features=768, bias=True)
        (proj_drop): Dropout(p=0.0, inplace=False)
      )
      (drop_path): Identity()
      (norm2): LayerNorm((768,), eps=1e-06, elementwise_affine=True)
      (mlp): MLP(
        (fc1): Linear(in_features=768, out_features=3072, bias=True)
        (act): GELU(approximate='none')
        (fc2): Linear(in_features=3072, out_features=768, bias=True)
        (drop): Dropout(p=0.0, inplace=False)
      )
    )
  )
  (norm): LayerNorm((768,), eps=1e-06, elementwise_affine=True)
)
Extracting features and saving them locally..
Epoch: 1/200 Train accuracy: 4.42853e-01 Validation accuracy: 5.40000e-01 Loss 1.25032e-02 Time taken: 1.55 seconds 
Epoch: 2/200 Train accuracy: 5.29571e-01 Validation accuracy: 5.61667e-01 Loss 1.18582e-02 Time taken: 1.54 seconds 
Epoch: 3/200 Train accuracy: 5.56791e-01 Validation accuracy: 5.74333e-01 Loss 1.16508e-02 Time taken: 1.54 seconds 
Epoch: 4/200 Train accuracy: 5.76386e-01 Validation accuracy: 6.61667e-01 Loss 1.15075e-02 Time taken: 1.53 seconds 
Epoch: 5/200 Train accuracy: 6.53769e-01 Validation accuracy: 6.90333e-01 Loss 1.09266e-02 Time taken: 1.52 seconds 
Epoch: 6/200 Train accuracy: 6.64885e-01 Validation accuracy: 6.85333e-01 Loss 1.08192e-02 Time taken: 1.53 seconds 
Epoch: 7/200 Train accuracy: 6.73792e-01 Validation accuracy: 6.87333e-01 Loss 1.07584e-02 Time taken: 1.52 seconds 
Epoch: 8/200 Train accuracy: 6.83127e-01 Validation accuracy: 6.92333e-01 Loss 1.06899e-02 Time taken: 1.53 seconds 
Epoch: 9/200 Train accuracy: 6.84766e-01 Validation accuracy: 6.95000e-01 Loss 1.06766e-02 Time taken: 1.52 seconds 
Epoch: 10/200 Train accuracy: 6.89896e-01 Validation accuracy: 6.92000e-01 Loss 1.06201e-02 Time taken: 1.53 seconds 
Epoch: 11/200 Train accuracy: 6.89041e-01 Validation accuracy: 7.03667e-01 Loss 1.06244e-02 Time taken: 1.53 seconds 
Epoch: 12/200 Train accuracy: 6.95668e-01 Validation accuracy: 7.00000e-01 Loss 1.05934e-02 Time taken: 1.53 seconds 
Epoch: 13/200 Train accuracy: 6.98945e-01 Validation accuracy: 7.00667e-01 Loss 1.05659e-02 Time taken: 1.53 seconds 
Epoch: 14/200 Train accuracy: 6.99159e-01 Validation accuracy: 7.06000e-01 Loss 1.05522e-02 Time taken: 1.58 seconds 
Epoch: 15/200 Train accuracy: 7.00086e-01 Validation accuracy: 7.02000e-01 Loss 1.05499e-02 Time taken: 1.53 seconds 
Epoch: 16/200 Train accuracy: 7.01439e-01 Validation accuracy: 7.04333e-01 Loss 1.05343e-02 Time taken: 1.52 seconds 
Epoch: 17/200 Train accuracy: 7.05216e-01 Validation accuracy: 7.06667e-01 Loss 1.05099e-02 Time taken: 1.54 seconds 
Epoch: 18/200 Train accuracy: 7.05857e-01 Validation accuracy: 7.06667e-01 Loss 1.05000e-02 Time taken: 1.53 seconds 
Epoch: 19/200 Train accuracy: 7.05145e-01 Validation accuracy: 7.03667e-01 Loss 1.04993e-02 Time taken: 1.52 seconds 
Epoch: 20/200 Train accuracy: 7.04503e-01 Validation accuracy: 7.07000e-01 Loss 1.04932e-02 Time taken: 1.52 seconds 
Epoch: 21/200 Train accuracy: 7.07282e-01 Validation accuracy: 7.08333e-01 Loss 1.04900e-02 Time taken: 1.53 seconds 
Epoch: 22/200 Train accuracy: 7.04147e-01 Validation accuracy: 7.15000e-01 Loss 1.04992e-02 Time taken: 1.53 seconds 
Epoch: 23/200 Train accuracy: 7.05715e-01 Validation accuracy: 7.13333e-01 Loss 1.04882e-02 Time taken: 1.52 seconds 
Epoch: 24/200 Train accuracy: 7.11130e-01 Validation accuracy: 7.08000e-01 Loss 1.04508e-02 Time taken: 1.53 seconds 
Epoch: 25/200 Train accuracy: 7.08779e-01 Validation accuracy: 7.11000e-01 Loss 1.04675e-02 Time taken: 1.53 seconds 
Epoch: 26/200 Train accuracy: 7.09064e-01 Validation accuracy: 7.08667e-01 Loss 1.04630e-02 Time taken: 1.53 seconds 
Epoch: 27/200 Train accuracy: 7.12698e-01 Validation accuracy: 7.04667e-01 Loss 1.04507e-02 Time taken: 1.52 seconds 
Epoch: 28/200 Train accuracy: 7.11201e-01 Validation accuracy: 7.15000e-01 Loss 1.04437e-02 Time taken: 1.54 seconds 
Epoch: 29/200 Train accuracy: 7.09562e-01 Validation accuracy: 7.11667e-01 Loss 1.04315e-02 Time taken: 1.53 seconds 
Epoch: 30/200 Train accuracy: 7.14194e-01 Validation accuracy: 7.11667e-01 Loss 1.04245e-02 Time taken: 1.52 seconds 
Epoch: 31/200 Train accuracy: 7.13339e-01 Validation accuracy: 7.13333e-01 Loss 1.04330e-02 Time taken: 1.52 seconds 
Epoch: 32/200 Train accuracy: 7.12555e-01 Validation accuracy: 7.14333e-01 Loss 1.04345e-02 Time taken: 1.53 seconds 
Epoch: 33/200 Train accuracy: 7.14265e-01 Validation accuracy: 7.20000e-01 Loss 1.04131e-02 Time taken: 1.53 seconds 
Epoch: 34/200 Train accuracy: 7.13125e-01 Validation accuracy: 7.16333e-01 Loss 1.04165e-02 Time taken: 1.53 seconds 
Epoch: 35/200 Train accuracy: 7.18683e-01 Validation accuracy: 7.21000e-01 Loss 1.04003e-02 Time taken: 1.53 seconds 
Epoch: 36/200 Train accuracy: 7.15833e-01 Validation accuracy: 7.13000e-01 Loss 1.04016e-02 Time taken: 1.53 seconds 
Epoch: 37/200 Train accuracy: 7.17472e-01 Validation accuracy: 7.19667e-01 Loss 1.03991e-02 Time taken: 1.53 seconds 
Epoch: 38/200 Train accuracy: 7.17329e-01 Validation accuracy: 7.20000e-01 Loss 1.03884e-02 Time taken: 1.53 seconds 
Epoch: 39/200 Train accuracy: 7.17614e-01 Validation accuracy: 7.15667e-01 Loss 1.03906e-02 Time taken: 1.53 seconds 
Epoch: 40/200 Train accuracy: 7.16403e-01 Validation accuracy: 7.22333e-01 Loss 1.04015e-02 Time taken: 1.54 seconds 
Epoch: 41/200 Train accuracy: 7.21320e-01 Validation accuracy: 7.23000e-01 Loss 1.03794e-02 Time taken: 1.53 seconds 
Epoch: 42/200 Train accuracy: 7.17757e-01 Validation accuracy: 7.16667e-01 Loss 1.03950e-02 Time taken: 1.54 seconds 
Epoch: 43/200 Train accuracy: 7.20465e-01 Validation accuracy: 7.18667e-01 Loss 1.03762e-02 Time taken: 1.53 seconds 
Epoch: 44/200 Train accuracy: 7.17543e-01 Validation accuracy: 7.21000e-01 Loss 1.03912e-02 Time taken: 1.54 seconds 
Epoch: 45/200 Train accuracy: 7.18754e-01 Validation accuracy: 7.14000e-01 Loss 1.03923e-02 Time taken: 1.53 seconds 
Epoch: 46/200 Train accuracy: 7.15690e-01 Validation accuracy: 7.18000e-01 Loss 1.04010e-02 Time taken: 1.52 seconds 
Epoch: 47/200 Train accuracy: 7.21747e-01 Validation accuracy: 7.18000e-01 Loss 1.03758e-02 Time taken: 1.53 seconds 
Epoch: 48/200 Train accuracy: 7.19111e-01 Validation accuracy: 7.20000e-01 Loss 1.03782e-02 Time taken: 1.53 seconds 
Epoch: 49/200 Train accuracy: 7.18256e-01 Validation accuracy: 7.21000e-01 Loss 1.03815e-02 Time taken: 1.54 seconds 
Epoch: 50/200 Train accuracy: 7.18826e-01 Validation accuracy: 7.13667e-01 Loss 1.03761e-02 Time taken: 1.53 seconds 
Epoch: 51/200 Train accuracy: 7.20322e-01 Validation accuracy: 7.22333e-01 Loss 1.03712e-02 Time taken: 1.53 seconds 
Epoch: 52/200 Train accuracy: 7.23529e-01 Validation accuracy: 7.26333e-01 Loss 1.03518e-02 Time taken: 1.53 seconds 
Epoch: 53/200 Train accuracy: 7.18469e-01 Validation accuracy: 7.19000e-01 Loss 1.03730e-02 Time taken: 1.53 seconds 
Epoch: 54/200 Train accuracy: 7.23600e-01 Validation accuracy: 7.20000e-01 Loss 1.03498e-02 Time taken: 1.53 seconds 
Epoch: 55/200 Train accuracy: 7.19538e-01 Validation accuracy: 7.22000e-01 Loss 1.03723e-02 Time taken: 1.51 seconds 
Epoch: 56/200 Train accuracy: 7.22887e-01 Validation accuracy: 7.24333e-01 Loss 1.03475e-02 Time taken: 1.54 seconds 
Epoch: 57/200 Train accuracy: 7.22674e-01 Validation accuracy: 7.15667e-01 Loss 1.03507e-02 Time taken: 1.52 seconds 
Epoch: 58/200 Train accuracy: 7.22103e-01 Validation accuracy: 7.21333e-01 Loss 1.03524e-02 Time taken: 1.52 seconds 
Epoch: 59/200 Train accuracy: 7.19538e-01 Validation accuracy: 7.20333e-01 Loss 1.03716e-02 Time taken: 1.53 seconds 
Epoch: 60/200 Train accuracy: 7.21890e-01 Validation accuracy: 7.21333e-01 Loss 1.03539e-02 Time taken: 1.53 seconds 
Epoch: 61/200 Train accuracy: 7.25167e-01 Validation accuracy: 7.16667e-01 Loss 1.03409e-02 Time taken: 1.52 seconds 
Epoch: 62/200 Train accuracy: 7.21035e-01 Validation accuracy: 7.17667e-01 Loss 1.03523e-02 Time taken: 1.53 seconds 
Epoch: 63/200 Train accuracy: 7.22745e-01 Validation accuracy: 7.21667e-01 Loss 1.03544e-02 Time taken: 1.53 seconds 
Epoch: 64/200 Train accuracy: 7.23030e-01 Validation accuracy: 7.25000e-01 Loss 1.03449e-02 Time taken: 1.54 seconds 
Epoch: 65/200 Train accuracy: 7.23885e-01 Validation accuracy: 7.17667e-01 Loss 1.03344e-02 Time taken: 1.53 seconds 
Epoch: 66/200 Train accuracy: 7.22388e-01 Validation accuracy: 7.19000e-01 Loss 1.03504e-02 Time taken: 1.54 seconds 
Epoch: 67/200 Train accuracy: 7.26165e-01 Validation accuracy: 7.24000e-01 Loss 1.03368e-02 Time taken: 1.53 seconds 
Epoch: 68/200 Train accuracy: 7.23814e-01 Validation accuracy: 7.21000e-01 Loss 1.03443e-02 Time taken: 1.52 seconds 
Epoch: 69/200 Train accuracy: 7.21462e-01 Validation accuracy: 7.23000e-01 Loss 1.03561e-02 Time taken: 1.53 seconds 
Epoch: 70/200 Train accuracy: 7.24027e-01 Validation accuracy: 7.25667e-01 Loss 1.03483e-02 Time taken: 1.54 seconds 
Epoch: 71/200 Train accuracy: 7.22175e-01 Validation accuracy: 7.20333e-01 Loss 1.03476e-02 Time taken: 1.53 seconds 
Epoch: 72/200 Train accuracy: 7.24027e-01 Validation accuracy: 7.20667e-01 Loss 1.03369e-02 Time taken: 1.52 seconds 
Epoch: 73/200 Train accuracy: 7.21035e-01 Validation accuracy: 7.22333e-01 Loss 1.03549e-02 Time taken: 1.53 seconds 
Epoch: 74/200 Train accuracy: 7.24954e-01 Validation accuracy: 7.28333e-01 Loss 1.03354e-02 Time taken: 1.53 seconds 
Epoch: 75/200 Train accuracy: 7.25809e-01 Validation accuracy: 7.27667e-01 Loss 1.03277e-02 Time taken: 1.53 seconds 
Epoch: 76/200 Train accuracy: 7.26023e-01 Validation accuracy: 7.28000e-01 Loss 1.03238e-02 Time taken: 1.53 seconds 
Epoch: 77/200 Train accuracy: 7.26023e-01 Validation accuracy: 7.25667e-01 Loss 1.03221e-02 Time taken: 1.53 seconds 
Epoch: 78/200 Train accuracy: 7.24669e-01 Validation accuracy: 7.28000e-01 Loss 1.03354e-02 Time taken: 1.52 seconds 
Epoch: 79/200 Train accuracy: 7.23457e-01 Validation accuracy: 7.28667e-01 Loss 1.03408e-02 Time taken: 1.53 seconds 
Epoch: 80/200 Train accuracy: 7.24027e-01 Validation accuracy: 7.26000e-01 Loss 1.03317e-02 Time taken: 1.53 seconds 
Epoch: 81/200 Train accuracy: 7.25524e-01 Validation accuracy: 7.28667e-01 Loss 1.03066e-02 Time taken: 1.52 seconds 
Epoch: 82/200 Train accuracy: 7.28588e-01 Validation accuracy: 7.26333e-01 Loss 1.03208e-02 Time taken: 1.52 seconds 
Epoch: 83/200 Train accuracy: 7.26878e-01 Validation accuracy: 7.19333e-01 Loss 1.03111e-02 Time taken: 1.53 seconds 
Epoch: 84/200 Train accuracy: 7.26450e-01 Validation accuracy: 7.24667e-01 Loss 1.03189e-02 Time taken: 1.53 seconds 
Epoch: 85/200 Train accuracy: 7.25666e-01 Validation accuracy: 7.29000e-01 Loss 1.03219e-02 Time taken: 1.52 seconds 
Epoch: 86/200 Train accuracy: 7.25452e-01 Validation accuracy: 7.27000e-01 Loss 1.03252e-02 Time taken: 1.52 seconds 
Epoch: 87/200 Train accuracy: 7.27091e-01 Validation accuracy: 7.27000e-01 Loss 1.03165e-02 Time taken: 1.52 seconds 
Epoch: 88/200 Train accuracy: 7.27946e-01 Validation accuracy: 7.26667e-01 Loss 1.03158e-02 Time taken: 1.53 seconds 
Epoch: 89/200 Train accuracy: 7.24455e-01 Validation accuracy: 7.30000e-01 Loss 1.03297e-02 Time taken: 1.53 seconds 
Epoch: 90/200 Train accuracy: 7.27305e-01 Validation accuracy: 7.26667e-01 Loss 1.03092e-02 Time taken: 1.53 seconds 
Epoch: 91/200 Train accuracy: 7.25809e-01 Validation accuracy: 7.25333e-01 Loss 1.03253e-02 Time taken: 1.53 seconds 
Epoch: 92/200 Train accuracy: 7.24740e-01 Validation accuracy: 7.23333e-01 Loss 1.03307e-02 Time taken: 1.52 seconds 
Epoch: 93/200 Train accuracy: 7.25239e-01 Validation accuracy: 7.20667e-01 Loss 1.03171e-02 Time taken: 1.52 seconds 
Epoch: 94/200 Train accuracy: 7.26664e-01 Validation accuracy: 7.29000e-01 Loss 1.03216e-02 Time taken: 1.53 seconds 
Epoch: 95/200 Train accuracy: 7.26236e-01 Validation accuracy: 7.28000e-01 Loss 1.03086e-02 Time taken: 1.52 seconds 
Epoch: 96/200 Train accuracy: 7.26664e-01 Validation accuracy: 7.25667e-01 Loss 1.03277e-02 Time taken: 1.52 seconds 
Epoch: 97/200 Train accuracy: 7.31367e-01 Validation accuracy: 7.28000e-01 Loss 1.02934e-02 Time taken: 1.53 seconds 
Epoch: 98/200 Train accuracy: 7.27875e-01 Validation accuracy: 7.24000e-01 Loss 1.03057e-02 Time taken: 1.53 seconds 
Epoch: 99/200 Train accuracy: 7.27091e-01 Validation accuracy: 7.31333e-01 Loss 1.03197e-02 Time taken: 1.52 seconds 
Epoch: 100/200 Train accuracy: 7.27020e-01 Validation accuracy: 7.25000e-01 Loss 1.03073e-02 Time taken: 1.53 seconds 
Epoch: 101/200 Train accuracy: 7.28089e-01 Validation accuracy: 7.27667e-01 Loss 1.02964e-02 Time taken: 1.53 seconds 
Epoch: 102/200 Train accuracy: 7.28516e-01 Validation accuracy: 7.25333e-01 Loss 1.03075e-02 Time taken: 1.52 seconds 
Epoch: 103/200 Train accuracy: 7.27946e-01 Validation accuracy: 7.22000e-01 Loss 1.03074e-02 Time taken: 1.53 seconds 
Epoch: 104/200 Train accuracy: 7.22602e-01 Validation accuracy: 7.26000e-01 Loss 1.03378e-02 Time taken: 1.52 seconds 
Epoch: 105/200 Train accuracy: 7.27163e-01 Validation accuracy: 7.27333e-01 Loss 1.03112e-02 Time taken: 1.52 seconds 
Epoch: 106/200 Train accuracy: 7.27305e-01 Validation accuracy: 7.25667e-01 Loss 1.03107e-02 Time taken: 1.53 seconds 
Epoch: 107/200 Train accuracy: 7.27590e-01 Validation accuracy: 7.22000e-01 Loss 1.03107e-02 Time taken: 1.52 seconds 
Epoch: 108/200 Train accuracy: 7.25880e-01 Validation accuracy: 7.23000e-01 Loss 1.03217e-02 Time taken: 1.53 seconds 
Epoch: 109/200 Train accuracy: 7.21890e-01 Validation accuracy: 7.28667e-01 Loss 1.03360e-02 Time taken: 1.52 seconds 
Epoch: 110/200 Train accuracy: 7.28873e-01 Validation accuracy: 7.27333e-01 Loss 1.03048e-02 Time taken: 1.53 seconds 
Epoch: 111/200 Train accuracy: 7.27733e-01 Validation accuracy: 7.27667e-01 Loss 1.02982e-02 Time taken: 1.53 seconds 
Epoch: 112/200 Train accuracy: 7.26949e-01 Validation accuracy: 7.26000e-01 Loss 1.03036e-02 Time taken: 1.52 seconds 
Epoch: 113/200 Train accuracy: 7.27448e-01 Validation accuracy: 7.27000e-01 Loss 1.03139e-02 Time taken: 1.53 seconds 
Epoch: 114/200 Train accuracy: 7.27305e-01 Validation accuracy: 7.25333e-01 Loss 1.03012e-02 Time taken: 1.52 seconds 
Epoch: 115/200 Train accuracy: 7.27163e-01 Validation accuracy: 7.26000e-01 Loss 1.03095e-02 Time taken: 1.53 seconds 
Epoch: 116/200 Train accuracy: 7.29300e-01 Validation accuracy: 7.24333e-01 Loss 1.02940e-02 Time taken: 1.52 seconds 
Epoch: 117/200 Train accuracy: 7.28944e-01 Validation accuracy: 7.27000e-01 Loss 1.03052e-02 Time taken: 1.53 seconds 
Epoch: 118/200 Train accuracy: 7.27234e-01 Validation accuracy: 7.23333e-01 Loss 1.03022e-02 Time taken: 1.55 seconds 
Epoch: 119/200 Train accuracy: 7.28160e-01 Validation accuracy: 7.33667e-01 Loss 1.03019e-02 Time taken: 1.53 seconds 
Epoch: 120/200 Train accuracy: 7.29728e-01 Validation accuracy: 7.27333e-01 Loss 1.02991e-02 Time taken: 1.53 seconds 
Epoch: 121/200 Train accuracy: 7.29229e-01 Validation accuracy: 7.30333e-01 Loss 1.02995e-02 Time taken: 1.53 seconds 
Epoch: 122/200 Train accuracy: 7.25167e-01 Validation accuracy: 7.32000e-01 Loss 1.03247e-02 Time taken: 1.54 seconds 
Epoch: 123/200 Train accuracy: 7.29372e-01 Validation accuracy: 7.30667e-01 Loss 1.02973e-02 Time taken: 1.52 seconds 
Epoch: 124/200 Train accuracy: 7.27163e-01 Validation accuracy: 7.22333e-01 Loss 1.03130e-02 Time taken: 1.52 seconds 
Epoch: 125/200 Train accuracy: 7.29087e-01 Validation accuracy: 7.30667e-01 Loss 1.02926e-02 Time taken: 1.52 seconds 
Epoch: 126/200 Train accuracy: 7.26593e-01 Validation accuracy: 7.25667e-01 Loss 1.03184e-02 Time taken: 1.52 seconds 
Epoch: 127/200 Train accuracy: 7.25025e-01 Validation accuracy: 7.28667e-01 Loss 1.03167e-02 Time taken: 1.53 seconds 
Epoch: 128/200 Train accuracy: 7.27163e-01 Validation accuracy: 7.25000e-01 Loss 1.03069e-02 Time taken: 1.53 seconds 
Epoch: 129/200 Train accuracy: 7.25595e-01 Validation accuracy: 7.29333e-01 Loss 1.03057e-02 Time taken: 1.55 seconds 
Epoch: 130/200 Train accuracy: 7.29799e-01 Validation accuracy: 7.27333e-01 Loss 1.02961e-02 Time taken: 1.52 seconds 
Epoch: 131/200 Train accuracy: 7.28374e-01 Validation accuracy: 7.28000e-01 Loss 1.02992e-02 Time taken: 1.52 seconds 
Epoch: 132/200 Train accuracy: 7.28160e-01 Validation accuracy: 7.27333e-01 Loss 1.02947e-02 Time taken: 1.53 seconds 
Epoch: 133/200 Train accuracy: 7.27234e-01 Validation accuracy: 7.26667e-01 Loss 1.02963e-02 Time taken: 1.52 seconds 
Epoch: 134/200 Train accuracy: 7.29942e-01 Validation accuracy: 7.25667e-01 Loss 1.02842e-02 Time taken: 1.52 seconds 
Epoch: 135/200 Train accuracy: 7.26735e-01 Validation accuracy: 7.31667e-01 Loss 1.03044e-02 Time taken: 1.52 seconds 
Epoch: 136/200 Train accuracy: 7.30155e-01 Validation accuracy: 7.31667e-01 Loss 1.02905e-02 Time taken: 1.53 seconds 
Epoch: 137/200 Train accuracy: 7.28801e-01 Validation accuracy: 7.29667e-01 Loss 1.02916e-02 Time taken: 1.53 seconds 
Epoch: 138/200 Train accuracy: 7.29728e-01 Validation accuracy: 7.26000e-01 Loss 1.02931e-02 Time taken: 1.52 seconds 
Epoch: 139/200 Train accuracy: 7.26521e-01 Validation accuracy: 7.29000e-01 Loss 1.02994e-02 Time taken: 1.53 seconds 
Epoch: 140/200 Train accuracy: 7.28516e-01 Validation accuracy: 7.31000e-01 Loss 1.02907e-02 Time taken: 1.51 seconds 
Epoch: 141/200 Train accuracy: 7.30084e-01 Validation accuracy: 7.30667e-01 Loss 1.02831e-02 Time taken: 1.52 seconds 
Epoch: 142/200 Train accuracy: 7.27875e-01 Validation accuracy: 7.34333e-01 Loss 1.03032e-02 Time taken: 1.52 seconds 
Epoch: 143/200 Train accuracy: 7.29657e-01 Validation accuracy: 7.24333e-01 Loss 1.02903e-02 Time taken: 1.51 seconds 
Epoch: 144/200 Train accuracy: 7.27234e-01 Validation accuracy: 7.22667e-01 Loss 1.03030e-02 Time taken: 1.53 seconds 
Epoch: 145/200 Train accuracy: 7.28659e-01 Validation accuracy: 7.32667e-01 Loss 1.02989e-02 Time taken: 1.52 seconds 
Epoch: 146/200 Train accuracy: 7.28944e-01 Validation accuracy: 7.33333e-01 Loss 1.02952e-02 Time taken: 1.53 seconds 
Epoch: 147/200 Train accuracy: 7.27020e-01 Validation accuracy: 7.25000e-01 Loss 1.02893e-02 Time taken: 1.53 seconds 
Epoch: 148/200 Train accuracy: 7.29657e-01 Validation accuracy: 7.33333e-01 Loss 1.02905e-02 Time taken: 1.53 seconds 
Epoch: 149/200 Train accuracy: 7.29728e-01 Validation accuracy: 7.27333e-01 Loss 1.02853e-02 Time taken: 1.53 seconds 
Epoch: 150/200 Train accuracy: 7.26236e-01 Validation accuracy: 7.31667e-01 Loss 1.02966e-02 Time taken: 1.52 seconds 
Epoch: 151/200 Train accuracy: 7.27590e-01 Validation accuracy: 7.27333e-01 Loss 1.02983e-02 Time taken: 1.53 seconds 
Epoch: 152/200 Train accuracy: 7.25951e-01 Validation accuracy: 7.29000e-01 Loss 1.03046e-02 Time taken: 1.53 seconds 
Epoch: 153/200 Train accuracy: 7.30868e-01 Validation accuracy: 7.32000e-01 Loss 1.02809e-02 Time taken: 1.53 seconds 
Epoch: 154/200 Train accuracy: 7.30939e-01 Validation accuracy: 7.34667e-01 Loss 1.02789e-02 Time taken: 1.52 seconds 
Epoch: 155/200 Train accuracy: 7.33077e-01 Validation accuracy: 7.26667e-01 Loss 1.02740e-02 Time taken: 1.53 seconds 
Epoch: 156/200 Train accuracy: 7.31082e-01 Validation accuracy: 7.30000e-01 Loss 1.02898e-02 Time taken: 1.53 seconds 
Epoch: 157/200 Train accuracy: 7.28659e-01 Validation accuracy: 7.29000e-01 Loss 1.02859e-02 Time taken: 1.52 seconds 
Epoch: 158/200 Train accuracy: 7.30084e-01 Validation accuracy: 7.23667e-01 Loss 1.02947e-02 Time taken: 1.54 seconds 
Epoch: 159/200 Train accuracy: 7.26165e-01 Validation accuracy: 7.28000e-01 Loss 1.03173e-02 Time taken: 1.53 seconds 
Epoch: 160/200 Train accuracy: 7.30440e-01 Validation accuracy: 7.26667e-01 Loss 1.02945e-02 Time taken: 1.53 seconds 
Epoch: 161/200 Train accuracy: 7.29443e-01 Validation accuracy: 7.29000e-01 Loss 1.02944e-02 Time taken: 1.53 seconds 
Epoch: 162/200 Train accuracy: 7.28303e-01 Validation accuracy: 7.32000e-01 Loss 1.03059e-02 Time taken: 1.54 seconds 
Epoch: 163/200 Train accuracy: 7.30013e-01 Validation accuracy: 7.31333e-01 Loss 1.02950e-02 Time taken: 1.52 seconds 
Epoch: 164/200 Train accuracy: 7.30654e-01 Validation accuracy: 7.31333e-01 Loss 1.02807e-02 Time taken: 1.53 seconds 
Epoch: 165/200 Train accuracy: 7.29657e-01 Validation accuracy: 7.29333e-01 Loss 1.03004e-02 Time taken: 1.54 seconds 
Epoch: 166/200 Train accuracy: 7.30512e-01 Validation accuracy: 7.30667e-01 Loss 1.02785e-02 Time taken: 1.52 seconds 
Epoch: 167/200 Train accuracy: 7.26308e-01 Validation accuracy: 7.32333e-01 Loss 1.03077e-02 Time taken: 1.53 seconds 
Epoch: 168/200 Train accuracy: 7.28160e-01 Validation accuracy: 7.27333e-01 Loss 1.02919e-02 Time taken: 1.52 seconds 
Epoch: 169/200 Train accuracy: 7.28374e-01 Validation accuracy: 7.33000e-01 Loss 1.02849e-02 Time taken: 1.53 seconds 
Epoch: 170/200 Train accuracy: 7.31438e-01 Validation accuracy: 7.33667e-01 Loss 1.02832e-02 Time taken: 1.54 seconds 
Epoch: 171/200 Train accuracy: 7.27305e-01 Validation accuracy: 7.29667e-01 Loss 1.03114e-02 Time taken: 1.53 seconds 
Epoch: 172/200 Train accuracy: 7.31937e-01 Validation accuracy: 7.26667e-01 Loss 1.02753e-02 Time taken: 1.53 seconds 
Epoch: 173/200 Train accuracy: 7.30512e-01 Validation accuracy: 7.28000e-01 Loss 1.02886e-02 Time taken: 1.53 seconds 
Epoch: 174/200 Train accuracy: 7.27448e-01 Validation accuracy: 7.27667e-01 Loss 1.02998e-02 Time taken: 1.53 seconds 
Epoch: 175/200 Train accuracy: 7.29229e-01 Validation accuracy: 7.26333e-01 Loss 1.02933e-02 Time taken: 1.53 seconds 
Epoch: 176/200 Train accuracy: 7.30725e-01 Validation accuracy: 7.25667e-01 Loss 1.02811e-02 Time taken: 1.54 seconds 
Epoch: 177/200 Train accuracy: 7.31153e-01 Validation accuracy: 7.29667e-01 Loss 1.02755e-02 Time taken: 1.53 seconds 
Epoch: 178/200 Train accuracy: 7.29087e-01 Validation accuracy: 7.31000e-01 Loss 1.02966e-02 Time taken: 1.53 seconds 
Epoch: 179/200 Train accuracy: 7.29087e-01 Validation accuracy: 7.30000e-01 Loss 1.02869e-02 Time taken: 1.54 seconds 
Epoch: 180/200 Train accuracy: 7.30797e-01 Validation accuracy: 7.27333e-01 Loss 1.02759e-02 Time taken: 1.54 seconds 
Epoch: 181/200 Train accuracy: 7.33718e-01 Validation accuracy: 7.30000e-01 Loss 1.02648e-02 Time taken: 1.53 seconds 
Epoch: 182/200 Train accuracy: 7.31580e-01 Validation accuracy: 7.35000e-01 Loss 1.02813e-02 Time taken: 1.52 seconds 
Epoch: 183/200 Train accuracy: 7.28659e-01 Validation accuracy: 7.32667e-01 Loss 1.03005e-02 Time taken: 1.54 seconds 
Epoch: 184/200 Train accuracy: 7.29585e-01 Validation accuracy: 7.29000e-01 Loss 1.02683e-02 Time taken: 1.54 seconds 
Epoch: 185/200 Train accuracy: 7.27234e-01 Validation accuracy: 7.28000e-01 Loss 1.02982e-02 Time taken: 1.52 seconds 
Epoch: 186/200 Train accuracy: 7.33362e-01 Validation accuracy: 7.33667e-01 Loss 1.02626e-02 Time taken: 1.54 seconds 
Epoch: 187/200 Train accuracy: 7.26664e-01 Validation accuracy: 7.32667e-01 Loss 1.02973e-02 Time taken: 1.53 seconds 
Epoch: 188/200 Train accuracy: 7.29942e-01 Validation accuracy: 7.24333e-01 Loss 1.02842e-02 Time taken: 1.52 seconds 
Epoch: 189/200 Train accuracy: 7.28231e-01 Validation accuracy: 7.28000e-01 Loss 1.02952e-02 Time taken: 1.54 seconds 
Epoch: 190/200 Train accuracy: 7.31509e-01 Validation accuracy: 7.26000e-01 Loss 1.02727e-02 Time taken: 1.53 seconds 
Epoch: 191/200 Train accuracy: 7.28231e-01 Validation accuracy: 7.25667e-01 Loss 1.02836e-02 Time taken: 1.53 seconds 
Epoch: 192/200 Train accuracy: 7.33077e-01 Validation accuracy: 7.29333e-01 Loss 1.02715e-02 Time taken: 1.53 seconds 
Epoch: 193/200 Train accuracy: 7.28873e-01 Validation accuracy: 7.29333e-01 Loss 1.02795e-02 Time taken: 1.54 seconds 
Epoch: 194/200 Train accuracy: 7.30155e-01 Validation accuracy: 7.30333e-01 Loss 1.02813e-02 Time taken: 1.53 seconds 
Epoch: 195/200 Train accuracy: 7.27946e-01 Validation accuracy: 7.32667e-01 Loss 1.02892e-02 Time taken: 1.53 seconds 
Epoch: 196/200 Train accuracy: 7.30369e-01 Validation accuracy: 7.29000e-01 Loss 1.02775e-02 Time taken: 1.53 seconds 
Epoch: 197/200 Train accuracy: 7.30725e-01 Validation accuracy: 7.24667e-01 Loss 1.02850e-02 Time taken: 1.53 seconds 
Epoch: 198/200 Train accuracy: 7.30583e-01 Validation accuracy: 7.32000e-01 Loss 1.02719e-02 Time taken: 1.52 seconds 
Epoch: 199/200 Train accuracy: 7.26878e-01 Validation accuracy: 7.31667e-01 Loss 1.02949e-02 Time taken: 1.53 seconds 
Epoch: 200/200 Train accuracy: 7.32507e-01 Validation accuracy: 7.26000e-01 Loss 1.02724e-02 Time taken: 1.53 seconds 
Total time taken 0:05:06.763231
Cleaning up intermediate feature (.pt) files
Done


working on file logs_PKT_full/iic-train-PKTwhole-seed43/jepa-iic-PKTwhole-seed43-ep30.pth.tar ...
