Directory classifiers/jepa-iic-PKTwhole-seed43-classifier-pretrained-vitb-normalized-ep120 for saving the classifiers is now present
VisionTransformer(
  (patch_embed): PatchEmbed(
    (proj): Conv2d(3, 768, kernel_size=(15, 15), stride=(15, 15))
  )
  (blocks): ModuleList(
    (0-11): 12 x Block(
      (norm1): LayerNorm((768,), eps=1e-06, elementwise_affine=True)
      (attn): Attention(
        (qkv): Linear(in_features=768, out_features=2304, bias=True)
        (attn_drop): Dropout(p=0.0, inplace=False)
        (proj): Linear(in_features=768, out_features=768, bias=True)
        (proj_drop): Dropout(p=0.0, inplace=False)
      )
      (drop_path): Identity()
      (norm2): LayerNorm((768,), eps=1e-06, elementwise_affine=True)
      (mlp): MLP(
        (fc1): Linear(in_features=768, out_features=3072, bias=True)
        (act): GELU(approximate='none')
        (fc2): Linear(in_features=3072, out_features=768, bias=True)
        (drop): Dropout(p=0.0, inplace=False)
      )
    )
  )
  (norm): LayerNorm((768,), eps=1e-06, elementwise_affine=True)
)
Extracting features and saving them locally..
Epoch: 1/200 Train accuracy: 4.28246e-01 Validation accuracy: 5.85667e-01 Loss 1.26122e-02 Time taken: 1.54 seconds 
Epoch: 2/200 Train accuracy: 6.50990e-01 Validation accuracy: 6.72333e-01 Loss 1.09336e-02 Time taken: 1.53 seconds 
Epoch: 3/200 Train accuracy: 6.78851e-01 Validation accuracy: 6.94333e-01 Loss 1.07168e-02 Time taken: 1.52 seconds 
Epoch: 4/200 Train accuracy: 6.89255e-01 Validation accuracy: 7.02667e-01 Loss 1.06203e-02 Time taken: 1.53 seconds 
Epoch: 5/200 Train accuracy: 6.96095e-01 Validation accuracy: 7.11333e-01 Loss 1.05609e-02 Time taken: 1.52 seconds 
Epoch: 6/200 Train accuracy: 7.03221e-01 Validation accuracy: 7.15667e-01 Loss 1.05124e-02 Time taken: 1.53 seconds 
Epoch: 7/200 Train accuracy: 7.08992e-01 Validation accuracy: 7.14333e-01 Loss 1.04703e-02 Time taken: 1.52 seconds 
Epoch: 8/200 Train accuracy: 7.10275e-01 Validation accuracy: 7.16667e-01 Loss 1.04490e-02 Time taken: 1.52 seconds 
Epoch: 9/200 Train accuracy: 7.11985e-01 Validation accuracy: 7.09333e-01 Loss 1.04287e-02 Time taken: 1.52 seconds 
Epoch: 10/200 Train accuracy: 7.15904e-01 Validation accuracy: 7.21333e-01 Loss 1.04114e-02 Time taken: 1.52 seconds 
Epoch: 11/200 Train accuracy: 7.18042e-01 Validation accuracy: 7.17333e-01 Loss 1.03943e-02 Time taken: 1.51 seconds 
Epoch: 12/200 Train accuracy: 7.20750e-01 Validation accuracy: 7.17333e-01 Loss 1.03700e-02 Time taken: 1.52 seconds 
Epoch: 13/200 Train accuracy: 7.19039e-01 Validation accuracy: 7.14000e-01 Loss 1.03750e-02 Time taken: 1.52 seconds 
Epoch: 14/200 Train accuracy: 7.27946e-01 Validation accuracy: 7.21333e-01 Loss 1.03294e-02 Time taken: 1.52 seconds 
Epoch: 15/200 Train accuracy: 7.24954e-01 Validation accuracy: 7.24667e-01 Loss 1.03225e-02 Time taken: 1.51 seconds 
Epoch: 16/200 Train accuracy: 7.29514e-01 Validation accuracy: 7.18000e-01 Loss 1.03055e-02 Time taken: 1.51 seconds 
Epoch: 17/200 Train accuracy: 7.30512e-01 Validation accuracy: 7.21333e-01 Loss 1.03028e-02 Time taken: 1.52 seconds 
Epoch: 18/200 Train accuracy: 7.25524e-01 Validation accuracy: 7.26000e-01 Loss 1.03222e-02 Time taken: 1.50 seconds 
Epoch: 19/200 Train accuracy: 7.30512e-01 Validation accuracy: 7.26000e-01 Loss 1.02927e-02 Time taken: 1.52 seconds 
Epoch: 20/200 Train accuracy: 7.29229e-01 Validation accuracy: 7.23667e-01 Loss 1.02981e-02 Time taken: 1.51 seconds 
Epoch: 21/200 Train accuracy: 7.33861e-01 Validation accuracy: 7.25667e-01 Loss 1.02764e-02 Time taken: 1.53 seconds 
Epoch: 22/200 Train accuracy: 7.30155e-01 Validation accuracy: 7.27333e-01 Loss 1.02752e-02 Time taken: 1.51 seconds 
Epoch: 23/200 Train accuracy: 7.33718e-01 Validation accuracy: 7.28333e-01 Loss 1.02649e-02 Time taken: 1.52 seconds 
Epoch: 24/200 Train accuracy: 7.35286e-01 Validation accuracy: 7.29000e-01 Loss 1.02622e-02 Time taken: 1.52 seconds 
Epoch: 25/200 Train accuracy: 7.32792e-01 Validation accuracy: 7.29667e-01 Loss 1.02730e-02 Time taken: 1.51 seconds 
Epoch: 26/200 Train accuracy: 7.36640e-01 Validation accuracy: 7.27000e-01 Loss 1.02463e-02 Time taken: 1.52 seconds 
Epoch: 27/200 Train accuracy: 7.36711e-01 Validation accuracy: 7.28000e-01 Loss 1.02484e-02 Time taken: 1.51 seconds 
Epoch: 28/200 Train accuracy: 7.35571e-01 Validation accuracy: 7.31333e-01 Loss 1.02546e-02 Time taken: 1.52 seconds 
Epoch: 29/200 Train accuracy: 7.37281e-01 Validation accuracy: 7.28333e-01 Loss 1.02427e-02 Time taken: 1.51 seconds 
Epoch: 30/200 Train accuracy: 7.39134e-01 Validation accuracy: 7.34333e-01 Loss 1.02324e-02 Time taken: 1.51 seconds 
Epoch: 31/200 Train accuracy: 7.36640e-01 Validation accuracy: 7.31000e-01 Loss 1.02354e-02 Time taken: 1.52 seconds 
Epoch: 32/200 Train accuracy: 7.41129e-01 Validation accuracy: 7.26333e-01 Loss 1.02210e-02 Time taken: 1.51 seconds 
Epoch: 33/200 Train accuracy: 7.37423e-01 Validation accuracy: 7.34333e-01 Loss 1.02358e-02 Time taken: 1.51 seconds 
Epoch: 34/200 Train accuracy: 7.39632e-01 Validation accuracy: 7.29333e-01 Loss 1.02159e-02 Time taken: 1.51 seconds 
Epoch: 35/200 Train accuracy: 7.41129e-01 Validation accuracy: 7.31333e-01 Loss 1.02140e-02 Time taken: 1.50 seconds 
Epoch: 36/200 Train accuracy: 7.42768e-01 Validation accuracy: 7.31333e-01 Loss 1.02026e-02 Time taken: 1.52 seconds 
Epoch: 37/200 Train accuracy: 7.40345e-01 Validation accuracy: 7.39000e-01 Loss 1.02230e-02 Time taken: 1.51 seconds 
Epoch: 38/200 Train accuracy: 7.42625e-01 Validation accuracy: 7.33333e-01 Loss 1.02038e-02 Time taken: 1.52 seconds 
Epoch: 39/200 Train accuracy: 7.43124e-01 Validation accuracy: 7.35000e-01 Loss 1.01968e-02 Time taken: 1.51 seconds 
Epoch: 40/200 Train accuracy: 7.37708e-01 Validation accuracy: 7.37667e-01 Loss 1.02135e-02 Time taken: 1.51 seconds 
Epoch: 41/200 Train accuracy: 7.43836e-01 Validation accuracy: 7.36667e-01 Loss 1.01953e-02 Time taken: 1.51 seconds 
Epoch: 42/200 Train accuracy: 7.40416e-01 Validation accuracy: 7.38000e-01 Loss 1.02010e-02 Time taken: 1.50 seconds 
Epoch: 43/200 Train accuracy: 7.41912e-01 Validation accuracy: 7.34667e-01 Loss 1.01880e-02 Time taken: 1.51 seconds 
Epoch: 44/200 Train accuracy: 7.41485e-01 Validation accuracy: 7.38000e-01 Loss 1.02085e-02 Time taken: 1.51 seconds 
Epoch: 45/200 Train accuracy: 7.38991e-01 Validation accuracy: 7.37333e-01 Loss 1.02171e-02 Time taken: 1.50 seconds 
Epoch: 46/200 Train accuracy: 7.41556e-01 Validation accuracy: 7.35667e-01 Loss 1.02038e-02 Time taken: 1.51 seconds 
Epoch: 47/200 Train accuracy: 7.41485e-01 Validation accuracy: 7.35333e-01 Loss 1.01922e-02 Time taken: 1.50 seconds 
Epoch: 48/200 Train accuracy: 7.40701e-01 Validation accuracy: 7.35667e-01 Loss 1.02038e-02 Time taken: 1.51 seconds 
Epoch: 49/200 Train accuracy: 7.37637e-01 Validation accuracy: 7.34000e-01 Loss 1.02131e-02 Time taken: 1.50 seconds 
Epoch: 50/200 Train accuracy: 7.43195e-01 Validation accuracy: 7.42000e-01 Loss 1.01847e-02 Time taken: 1.51 seconds 
Epoch: 51/200 Train accuracy: 7.42055e-01 Validation accuracy: 7.40000e-01 Loss 1.01885e-02 Time taken: 1.51 seconds 
Epoch: 52/200 Train accuracy: 7.42910e-01 Validation accuracy: 7.44333e-01 Loss 1.01924e-02 Time taken: 1.50 seconds 
Epoch: 53/200 Train accuracy: 7.42768e-01 Validation accuracy: 7.40667e-01 Loss 1.01839e-02 Time taken: 1.51 seconds 
Epoch: 54/200 Train accuracy: 7.45832e-01 Validation accuracy: 7.36333e-01 Loss 1.01727e-02 Time taken: 1.51 seconds 
Epoch: 55/200 Train accuracy: 7.44976e-01 Validation accuracy: 7.40667e-01 Loss 1.01742e-02 Time taken: 1.51 seconds 
Epoch: 56/200 Train accuracy: 7.43979e-01 Validation accuracy: 7.38667e-01 Loss 1.01789e-02 Time taken: 1.50 seconds 
Epoch: 57/200 Train accuracy: 7.44691e-01 Validation accuracy: 7.30333e-01 Loss 1.01744e-02 Time taken: 1.51 seconds 
Epoch: 58/200 Train accuracy: 7.43480e-01 Validation accuracy: 7.37667e-01 Loss 1.01972e-02 Time taken: 1.51 seconds 
Epoch: 59/200 Train accuracy: 7.46615e-01 Validation accuracy: 7.42000e-01 Loss 1.01700e-02 Time taken: 1.50 seconds 
Epoch: 60/200 Train accuracy: 7.41770e-01 Validation accuracy: 7.39333e-01 Loss 1.01746e-02 Time taken: 1.52 seconds 
Epoch: 61/200 Train accuracy: 7.46473e-01 Validation accuracy: 7.38333e-01 Loss 1.01570e-02 Time taken: 1.51 seconds 
Epoch: 62/200 Train accuracy: 7.47827e-01 Validation accuracy: 7.38667e-01 Loss 1.01614e-02 Time taken: 1.50 seconds 
Epoch: 63/200 Train accuracy: 7.44834e-01 Validation accuracy: 7.35000e-01 Loss 1.01836e-02 Time taken: 1.51 seconds 
Epoch: 64/200 Train accuracy: 7.42910e-01 Validation accuracy: 7.41000e-01 Loss 1.01856e-02 Time taken: 1.52 seconds 
Epoch: 65/200 Train accuracy: 7.45048e-01 Validation accuracy: 7.39000e-01 Loss 1.01708e-02 Time taken: 1.52 seconds 
Epoch: 66/200 Train accuracy: 7.47684e-01 Validation accuracy: 7.40333e-01 Loss 1.01569e-02 Time taken: 1.50 seconds 
Epoch: 67/200 Train accuracy: 7.44193e-01 Validation accuracy: 7.37000e-01 Loss 1.01712e-02 Time taken: 1.51 seconds 
Epoch: 68/200 Train accuracy: 7.44478e-01 Validation accuracy: 7.35667e-01 Loss 1.01752e-02 Time taken: 1.51 seconds 
Epoch: 69/200 Train accuracy: 7.45190e-01 Validation accuracy: 7.35333e-01 Loss 1.01667e-02 Time taken: 1.50 seconds 
Epoch: 70/200 Train accuracy: 7.49537e-01 Validation accuracy: 7.43667e-01 Loss 1.01436e-02 Time taken: 1.51 seconds 
Epoch: 71/200 Train accuracy: 7.47114e-01 Validation accuracy: 7.39000e-01 Loss 1.01602e-02 Time taken: 1.51 seconds 
Epoch: 72/200 Train accuracy: 7.47185e-01 Validation accuracy: 7.41000e-01 Loss 1.01688e-02 Time taken: 1.51 seconds 
Epoch: 73/200 Train accuracy: 7.45475e-01 Validation accuracy: 7.43000e-01 Loss 1.01607e-02 Time taken: 1.52 seconds 
Epoch: 74/200 Train accuracy: 7.45974e-01 Validation accuracy: 7.41333e-01 Loss 1.01578e-02 Time taken: 1.52 seconds 
Epoch: 75/200 Train accuracy: 7.44620e-01 Validation accuracy: 7.42333e-01 Loss 1.01540e-02 Time taken: 1.52 seconds 
Epoch: 76/200 Train accuracy: 7.48183e-01 Validation accuracy: 7.39667e-01 Loss 1.01518e-02 Time taken: 1.51 seconds 
Epoch: 77/200 Train accuracy: 7.47328e-01 Validation accuracy: 7.41333e-01 Loss 1.01596e-02 Time taken: 1.52 seconds 
Epoch: 78/200 Train accuracy: 7.46972e-01 Validation accuracy: 7.47000e-01 Loss 1.01537e-02 Time taken: 1.52 seconds 
Epoch: 79/200 Train accuracy: 7.46188e-01 Validation accuracy: 7.37667e-01 Loss 1.01675e-02 Time taken: 1.52 seconds 
Epoch: 80/200 Train accuracy: 7.47755e-01 Validation accuracy: 7.41000e-01 Loss 1.01597e-02 Time taken: 1.52 seconds 
Epoch: 81/200 Train accuracy: 7.49394e-01 Validation accuracy: 7.41000e-01 Loss 1.01524e-02 Time taken: 1.51 seconds 
Epoch: 82/200 Train accuracy: 7.46188e-01 Validation accuracy: 7.42000e-01 Loss 1.01631e-02 Time taken: 1.51 seconds 
Epoch: 83/200 Train accuracy: 7.48753e-01 Validation accuracy: 7.41667e-01 Loss 1.01441e-02 Time taken: 1.52 seconds 
Epoch: 84/200 Train accuracy: 7.47898e-01 Validation accuracy: 7.51000e-01 Loss 1.01458e-02 Time taken: 1.53 seconds 
Epoch: 85/200 Train accuracy: 7.49751e-01 Validation accuracy: 7.45333e-01 Loss 1.01449e-02 Time taken: 1.51 seconds 
Epoch: 86/200 Train accuracy: 7.49822e-01 Validation accuracy: 7.49667e-01 Loss 1.01455e-02 Time taken: 1.51 seconds 
Epoch: 87/200 Train accuracy: 7.49323e-01 Validation accuracy: 7.36333e-01 Loss 1.01372e-02 Time taken: 1.52 seconds 
Epoch: 88/200 Train accuracy: 7.46615e-01 Validation accuracy: 7.44000e-01 Loss 1.01499e-02 Time taken: 1.51 seconds 
Epoch: 89/200 Train accuracy: 7.49394e-01 Validation accuracy: 7.40667e-01 Loss 1.01424e-02 Time taken: 1.51 seconds 
Epoch: 90/200 Train accuracy: 7.47898e-01 Validation accuracy: 7.48667e-01 Loss 1.01419e-02 Time taken: 1.51 seconds 
Epoch: 91/200 Train accuracy: 7.50463e-01 Validation accuracy: 7.46000e-01 Loss 1.01287e-02 Time taken: 1.52 seconds 
Epoch: 92/200 Train accuracy: 7.48254e-01 Validation accuracy: 7.39333e-01 Loss 1.01322e-02 Time taken: 1.51 seconds 
Epoch: 93/200 Train accuracy: 7.48682e-01 Validation accuracy: 7.41667e-01 Loss 1.01401e-02 Time taken: 1.51 seconds 
Epoch: 94/200 Train accuracy: 7.50178e-01 Validation accuracy: 7.46000e-01 Loss 1.01331e-02 Time taken: 1.51 seconds 
Epoch: 95/200 Train accuracy: 7.50677e-01 Validation accuracy: 7.43667e-01 Loss 1.01436e-02 Time taken: 1.51 seconds 
Epoch: 96/200 Train accuracy: 7.49466e-01 Validation accuracy: 7.40667e-01 Loss 1.01334e-02 Time taken: 1.51 seconds 
Epoch: 97/200 Train accuracy: 7.51461e-01 Validation accuracy: 7.44333e-01 Loss 1.01300e-02 Time taken: 1.51 seconds 
Epoch: 98/200 Train accuracy: 7.47257e-01 Validation accuracy: 7.39667e-01 Loss 1.01426e-02 Time taken: 1.52 seconds 
Epoch: 99/200 Train accuracy: 7.49679e-01 Validation accuracy: 7.47333e-01 Loss 1.01378e-02 Time taken: 1.51 seconds 
Epoch: 100/200 Train accuracy: 7.52102e-01 Validation accuracy: 7.43333e-01 Loss 1.01190e-02 Time taken: 1.51 seconds 
Epoch: 101/200 Train accuracy: 7.48611e-01 Validation accuracy: 7.48000e-01 Loss 1.01382e-02 Time taken: 1.52 seconds 
Epoch: 102/200 Train accuracy: 7.47399e-01 Validation accuracy: 7.49000e-01 Loss 1.01473e-02 Time taken: 1.51 seconds 
Epoch: 103/200 Train accuracy: 7.46473e-01 Validation accuracy: 7.45333e-01 Loss 1.01539e-02 Time taken: 1.51 seconds 
Epoch: 104/200 Train accuracy: 7.50463e-01 Validation accuracy: 7.44000e-01 Loss 1.01244e-02 Time taken: 1.52 seconds 
Epoch: 105/200 Train accuracy: 7.51318e-01 Validation accuracy: 7.37667e-01 Loss 1.01310e-02 Time taken: 1.52 seconds 
Epoch: 106/200 Train accuracy: 7.50891e-01 Validation accuracy: 7.39333e-01 Loss 1.01344e-02 Time taken: 1.52 seconds 
Epoch: 107/200 Train accuracy: 7.45333e-01 Validation accuracy: 7.38667e-01 Loss 1.01501e-02 Time taken: 1.52 seconds 
Epoch: 108/200 Train accuracy: 7.50962e-01 Validation accuracy: 7.43667e-01 Loss 1.01431e-02 Time taken: 1.52 seconds 
Epoch: 109/200 Train accuracy: 7.48967e-01 Validation accuracy: 7.47333e-01 Loss 1.01409e-02 Time taken: 1.51 seconds 
Epoch: 110/200 Train accuracy: 7.50819e-01 Validation accuracy: 7.49000e-01 Loss 1.01277e-02 Time taken: 1.51 seconds 
Epoch: 111/200 Train accuracy: 7.46188e-01 Validation accuracy: 7.44333e-01 Loss 1.01355e-02 Time taken: 1.52 seconds 
Epoch: 112/200 Train accuracy: 7.49181e-01 Validation accuracy: 7.47000e-01 Loss 1.01382e-02 Time taken: 1.52 seconds 
Epoch: 113/200 Train accuracy: 7.50534e-01 Validation accuracy: 7.46667e-01 Loss 1.01339e-02 Time taken: 1.51 seconds 
Epoch: 114/200 Train accuracy: 7.45760e-01 Validation accuracy: 7.42333e-01 Loss 1.01542e-02 Time taken: 1.52 seconds 
Epoch: 115/200 Train accuracy: 7.50463e-01 Validation accuracy: 7.46333e-01 Loss 1.01346e-02 Time taken: 1.51 seconds 
Epoch: 116/200 Train accuracy: 7.52815e-01 Validation accuracy: 7.49000e-01 Loss 1.01146e-02 Time taken: 1.51 seconds 
Epoch: 117/200 Train accuracy: 7.48896e-01 Validation accuracy: 7.51333e-01 Loss 1.01413e-02 Time taken: 1.51 seconds 
Epoch: 118/200 Train accuracy: 7.51817e-01 Validation accuracy: 7.48333e-01 Loss 1.01239e-02 Time taken: 1.52 seconds 
Epoch: 119/200 Train accuracy: 7.49537e-01 Validation accuracy: 7.46667e-01 Loss 1.01315e-02 Time taken: 1.51 seconds 
Epoch: 120/200 Train accuracy: 7.50036e-01 Validation accuracy: 7.47333e-01 Loss 1.01354e-02 Time taken: 1.52 seconds 
Epoch: 121/200 Train accuracy: 7.48539e-01 Validation accuracy: 7.48667e-01 Loss 1.01366e-02 Time taken: 1.51 seconds 
Epoch: 122/200 Train accuracy: 7.51033e-01 Validation accuracy: 7.47000e-01 Loss 1.01210e-02 Time taken: 1.51 seconds 
Epoch: 123/200 Train accuracy: 7.49394e-01 Validation accuracy: 7.46333e-01 Loss 1.01354e-02 Time taken: 1.51 seconds 
Epoch: 124/200 Train accuracy: 7.50321e-01 Validation accuracy: 7.47000e-01 Loss 1.01323e-02 Time taken: 1.52 seconds 
Epoch: 125/200 Train accuracy: 7.46473e-01 Validation accuracy: 7.47333e-01 Loss 1.01498e-02 Time taken: 1.52 seconds 
Epoch: 126/200 Train accuracy: 7.50748e-01 Validation accuracy: 7.46333e-01 Loss 1.01283e-02 Time taken: 1.51 seconds 
Epoch: 127/200 Train accuracy: 7.49038e-01 Validation accuracy: 7.47667e-01 Loss 1.01400e-02 Time taken: 1.51 seconds 
Epoch: 128/200 Train accuracy: 7.49679e-01 Validation accuracy: 7.40333e-01 Loss 1.01336e-02 Time taken: 1.51 seconds 
Epoch: 129/200 Train accuracy: 7.47328e-01 Validation accuracy: 7.46333e-01 Loss 1.01458e-02 Time taken: 1.50 seconds 
Epoch: 130/200 Train accuracy: 7.49394e-01 Validation accuracy: 7.48667e-01 Loss 1.01327e-02 Time taken: 1.52 seconds 
Epoch: 131/200 Train accuracy: 7.51176e-01 Validation accuracy: 7.43333e-01 Loss 1.01128e-02 Time taken: 1.51 seconds 
Epoch: 132/200 Train accuracy: 7.46758e-01 Validation accuracy: 7.47667e-01 Loss 1.01510e-02 Time taken: 1.51 seconds 
Epoch: 133/200 Train accuracy: 7.49537e-01 Validation accuracy: 7.50667e-01 Loss 1.01325e-02 Time taken: 1.50 seconds 
Epoch: 134/200 Train accuracy: 7.47684e-01 Validation accuracy: 7.43667e-01 Loss 1.01431e-02 Time taken: 1.51 seconds 
Epoch: 135/200 Train accuracy: 7.51675e-01 Validation accuracy: 7.51667e-01 Loss 1.01209e-02 Time taken: 1.52 seconds 
Epoch: 136/200 Train accuracy: 7.50178e-01 Validation accuracy: 7.47333e-01 Loss 1.01299e-02 Time taken: 1.51 seconds 
Epoch: 137/200 Train accuracy: 7.52316e-01 Validation accuracy: 7.50000e-01 Loss 1.01074e-02 Time taken: 1.52 seconds 
Epoch: 138/200 Train accuracy: 7.50819e-01 Validation accuracy: 7.48333e-01 Loss 1.01201e-02 Time taken: 1.51 seconds 
Epoch: 139/200 Train accuracy: 7.47613e-01 Validation accuracy: 7.46333e-01 Loss 1.01342e-02 Time taken: 1.51 seconds 
Epoch: 140/200 Train accuracy: 7.52672e-01 Validation accuracy: 7.48000e-01 Loss 1.01222e-02 Time taken: 1.52 seconds 
Epoch: 141/200 Train accuracy: 7.47684e-01 Validation accuracy: 7.48000e-01 Loss 1.01429e-02 Time taken: 1.51 seconds 
Epoch: 142/200 Train accuracy: 7.53100e-01 Validation accuracy: 7.45333e-01 Loss 1.01199e-02 Time taken: 1.52 seconds 
Epoch: 143/200 Train accuracy: 7.50107e-01 Validation accuracy: 7.49333e-01 Loss 1.01234e-02 Time taken: 1.51 seconds 
Epoch: 144/200 Train accuracy: 7.49893e-01 Validation accuracy: 7.39667e-01 Loss 1.01285e-02 Time taken: 1.52 seconds 
Epoch: 145/200 Train accuracy: 7.51888e-01 Validation accuracy: 7.40667e-01 Loss 1.01111e-02 Time taken: 1.52 seconds 
Epoch: 146/200 Train accuracy: 7.53598e-01 Validation accuracy: 7.51333e-01 Loss 1.01040e-02 Time taken: 1.51 seconds 
Epoch: 147/200 Train accuracy: 7.52815e-01 Validation accuracy: 7.51000e-01 Loss 1.01169e-02 Time taken: 1.52 seconds 
Epoch: 148/200 Train accuracy: 7.50321e-01 Validation accuracy: 7.47000e-01 Loss 1.01194e-02 Time taken: 1.52 seconds 
Epoch: 149/200 Train accuracy: 7.49466e-01 Validation accuracy: 7.49333e-01 Loss 1.01281e-02 Time taken: 1.51 seconds 
Epoch: 150/200 Train accuracy: 7.48896e-01 Validation accuracy: 7.49000e-01 Loss 1.01350e-02 Time taken: 1.50 seconds 
Epoch: 151/200 Train accuracy: 7.52173e-01 Validation accuracy: 7.54000e-01 Loss 1.01181e-02 Time taken: 1.51 seconds 
Epoch: 152/200 Train accuracy: 7.52173e-01 Validation accuracy: 7.50000e-01 Loss 1.01196e-02 Time taken: 1.52 seconds 
Epoch: 153/200 Train accuracy: 7.51318e-01 Validation accuracy: 7.52333e-01 Loss 1.01139e-02 Time taken: 1.51 seconds 
Epoch: 154/200 Train accuracy: 7.54026e-01 Validation accuracy: 7.45667e-01 Loss 1.01052e-02 Time taken: 1.52 seconds 
Epoch: 155/200 Train accuracy: 7.50748e-01 Validation accuracy: 7.52000e-01 Loss 1.01163e-02 Time taken: 1.52 seconds 
Epoch: 156/200 Train accuracy: 7.52957e-01 Validation accuracy: 7.47000e-01 Loss 1.01050e-02 Time taken: 1.51 seconds 
Epoch: 157/200 Train accuracy: 7.51104e-01 Validation accuracy: 7.36667e-01 Loss 1.01246e-02 Time taken: 1.52 seconds 
Epoch: 158/200 Train accuracy: 7.50962e-01 Validation accuracy: 7.41000e-01 Loss 1.01179e-02 Time taken: 1.52 seconds 
Epoch: 159/200 Train accuracy: 7.48112e-01 Validation accuracy: 7.49333e-01 Loss 1.01356e-02 Time taken: 1.52 seconds 
Epoch: 160/200 Train accuracy: 7.53456e-01 Validation accuracy: 7.47333e-01 Loss 1.01089e-02 Time taken: 1.50 seconds 
Epoch: 161/200 Train accuracy: 7.50463e-01 Validation accuracy: 7.46667e-01 Loss 1.01253e-02 Time taken: 1.52 seconds 
Epoch: 162/200 Train accuracy: 7.53598e-01 Validation accuracy: 7.54333e-01 Loss 1.01071e-02 Time taken: 1.52 seconds 
Epoch: 163/200 Train accuracy: 7.53741e-01 Validation accuracy: 7.46667e-01 Loss 1.00998e-02 Time taken: 1.51 seconds 
Epoch: 164/200 Train accuracy: 7.53955e-01 Validation accuracy: 7.45667e-01 Loss 1.00979e-02 Time taken: 1.52 seconds 
Epoch: 165/200 Train accuracy: 7.52957e-01 Validation accuracy: 7.52000e-01 Loss 1.01122e-02 Time taken: 1.51 seconds 
Epoch: 166/200 Train accuracy: 7.52601e-01 Validation accuracy: 7.45333e-01 Loss 1.01032e-02 Time taken: 1.51 seconds 
Epoch: 167/200 Train accuracy: 7.49323e-01 Validation accuracy: 7.45667e-01 Loss 1.01228e-02 Time taken: 1.52 seconds 
Epoch: 168/200 Train accuracy: 7.52458e-01 Validation accuracy: 7.49333e-01 Loss 1.01106e-02 Time taken: 1.52 seconds 
Epoch: 169/200 Train accuracy: 7.53171e-01 Validation accuracy: 7.52333e-01 Loss 1.01123e-02 Time taken: 1.52 seconds 
Epoch: 170/200 Train accuracy: 7.54240e-01 Validation accuracy: 7.43667e-01 Loss 1.01038e-02 Time taken: 1.50 seconds 
Epoch: 171/200 Train accuracy: 7.50891e-01 Validation accuracy: 7.47667e-01 Loss 1.01186e-02 Time taken: 1.52 seconds 
Epoch: 172/200 Train accuracy: 7.50321e-01 Validation accuracy: 7.50333e-01 Loss 1.01223e-02 Time taken: 1.52 seconds 
Epoch: 173/200 Train accuracy: 7.52031e-01 Validation accuracy: 7.52000e-01 Loss 1.01164e-02 Time taken: 1.51 seconds 
Epoch: 174/200 Train accuracy: 7.52031e-01 Validation accuracy: 7.50333e-01 Loss 1.01098e-02 Time taken: 1.52 seconds 
Epoch: 175/200 Train accuracy: 7.52031e-01 Validation accuracy: 7.51667e-01 Loss 1.01089e-02 Time taken: 1.51 seconds 
Epoch: 176/200 Train accuracy: 7.50748e-01 Validation accuracy: 7.45333e-01 Loss 1.01247e-02 Time taken: 1.51 seconds 
Epoch: 177/200 Train accuracy: 7.52245e-01 Validation accuracy: 7.51667e-01 Loss 1.01118e-02 Time taken: 1.51 seconds 
Epoch: 178/200 Train accuracy: 7.53171e-01 Validation accuracy: 7.51333e-01 Loss 1.01069e-02 Time taken: 1.51 seconds 
Epoch: 179/200 Train accuracy: 7.51675e-01 Validation accuracy: 7.49333e-01 Loss 1.01142e-02 Time taken: 1.51 seconds 
Epoch: 180/200 Train accuracy: 7.49893e-01 Validation accuracy: 7.46667e-01 Loss 1.01345e-02 Time taken: 1.51 seconds 
Epoch: 181/200 Train accuracy: 7.50606e-01 Validation accuracy: 7.47667e-01 Loss 1.01272e-02 Time taken: 1.51 seconds 
Epoch: 182/200 Train accuracy: 7.53598e-01 Validation accuracy: 7.47000e-01 Loss 1.01042e-02 Time taken: 1.51 seconds 
Epoch: 183/200 Train accuracy: 7.52886e-01 Validation accuracy: 7.49667e-01 Loss 1.01012e-02 Time taken: 1.51 seconds 
Epoch: 184/200 Train accuracy: 7.53955e-01 Validation accuracy: 7.43333e-01 Loss 1.01022e-02 Time taken: 1.51 seconds 
Epoch: 185/200 Train accuracy: 7.52387e-01 Validation accuracy: 7.52333e-01 Loss 1.01026e-02 Time taken: 1.52 seconds 
Epoch: 186/200 Train accuracy: 7.48753e-01 Validation accuracy: 7.48333e-01 Loss 1.01267e-02 Time taken: 1.51 seconds 
Epoch: 187/200 Train accuracy: 7.53028e-01 Validation accuracy: 7.49333e-01 Loss 1.01102e-02 Time taken: 1.51 seconds 
Epoch: 188/200 Train accuracy: 7.53313e-01 Validation accuracy: 7.52000e-01 Loss 1.00971e-02 Time taken: 1.52 seconds 
Epoch: 189/200 Train accuracy: 7.52957e-01 Validation accuracy: 7.51000e-01 Loss 1.01008e-02 Time taken: 1.51 seconds 
Epoch: 190/200 Train accuracy: 7.51603e-01 Validation accuracy: 7.44333e-01 Loss 1.01156e-02 Time taken: 1.51 seconds 
Epoch: 191/200 Train accuracy: 7.54240e-01 Validation accuracy: 7.46667e-01 Loss 1.01030e-02 Time taken: 1.51 seconds 
Epoch: 192/200 Train accuracy: 7.50321e-01 Validation accuracy: 7.53333e-01 Loss 1.01205e-02 Time taken: 1.51 seconds 
Epoch: 193/200 Train accuracy: 7.47898e-01 Validation accuracy: 7.49000e-01 Loss 1.01299e-02 Time taken: 1.51 seconds 
Epoch: 194/200 Train accuracy: 7.54097e-01 Validation accuracy: 7.50667e-01 Loss 1.00999e-02 Time taken: 1.53 seconds 
Epoch: 195/200 Train accuracy: 7.53670e-01 Validation accuracy: 7.56333e-01 Loss 1.01118e-02 Time taken: 1.52 seconds 
Epoch: 196/200 Train accuracy: 7.54240e-01 Validation accuracy: 7.53000e-01 Loss 1.00996e-02 Time taken: 1.51 seconds 
Epoch: 197/200 Train accuracy: 7.53883e-01 Validation accuracy: 7.55000e-01 Loss 1.01049e-02 Time taken: 1.51 seconds 
Epoch: 198/200 Train accuracy: 7.50606e-01 Validation accuracy: 7.50667e-01 Loss 1.01169e-02 Time taken: 1.51 seconds 
Epoch: 199/200 Train accuracy: 7.50891e-01 Validation accuracy: 7.53667e-01 Loss 1.01210e-02 Time taken: 1.51 seconds 
Epoch: 200/200 Train accuracy: 7.47542e-01 Validation accuracy: 7.51000e-01 Loss 1.01365e-02 Time taken: 1.51 seconds 
Total time taken 0:05:03.618421
Cleaning up intermediate feature (.pt) files
Done


working on file logs_PKT_full/iic-train-PKTwhole-seed43/jepa-iic-PKTwhole-seed43-ep130.pth.tar ...
