Directory classifiers/jepa-iic-PKTwhole-seed43-classifier-pretrained-vitb-normalized-ep20 for saving the classifiers is now present
VisionTransformer(
  (patch_embed): PatchEmbed(
    (proj): Conv2d(3, 768, kernel_size=(15, 15), stride=(15, 15))
  )
  (blocks): ModuleList(
    (0-11): 12 x Block(
      (norm1): LayerNorm((768,), eps=1e-06, elementwise_affine=True)
      (attn): Attention(
        (qkv): Linear(in_features=768, out_features=2304, bias=True)
        (attn_drop): Dropout(p=0.0, inplace=False)
        (proj): Linear(in_features=768, out_features=768, bias=True)
        (proj_drop): Dropout(p=0.0, inplace=False)
      )
      (drop_path): Identity()
      (norm2): LayerNorm((768,), eps=1e-06, elementwise_affine=True)
      (mlp): MLP(
        (fc1): Linear(in_features=768, out_features=3072, bias=True)
        (act): GELU(approximate='none')
        (fc2): Linear(in_features=3072, out_features=768, bias=True)
        (drop): Dropout(p=0.0, inplace=False)
      )
    )
  )
  (norm): LayerNorm((768,), eps=1e-06, elementwise_affine=True)
)
Extracting features and saving them locally..
Epoch: 1/200 Train accuracy: 3.97107e-01 Validation accuracy: 5.21000e-01 Loss 1.28266e-02 Time taken: 1.55 seconds 
Epoch: 2/200 Train accuracy: 4.91948e-01 Validation accuracy: 5.35333e-01 Loss 1.20991e-02 Time taken: 1.54 seconds 
Epoch: 3/200 Train accuracy: 5.16246e-01 Validation accuracy: 5.63333e-01 Loss 1.19210e-02 Time taken: 1.56 seconds 
Epoch: 4/200 Train accuracy: 5.45817e-01 Validation accuracy: 5.71667e-01 Loss 1.17068e-02 Time taken: 1.55 seconds 
Epoch: 5/200 Train accuracy: 5.62990e-01 Validation accuracy: 5.83000e-01 Loss 1.15966e-02 Time taken: 1.55 seconds 
Epoch: 6/200 Train accuracy: 5.76600e-01 Validation accuracy: 5.91333e-01 Loss 1.15043e-02 Time taken: 1.55 seconds 
Epoch: 7/200 Train accuracy: 5.78381e-01 Validation accuracy: 5.93000e-01 Loss 1.14736e-02 Time taken: 1.55 seconds 
Epoch: 8/200 Train accuracy: 5.90138e-01 Validation accuracy: 5.90667e-01 Loss 1.14110e-02 Time taken: 1.55 seconds 
Epoch: 9/200 Train accuracy: 5.88998e-01 Validation accuracy: 5.94667e-01 Loss 1.13838e-02 Time taken: 1.55 seconds 
Epoch: 10/200 Train accuracy: 5.88927e-01 Validation accuracy: 6.03000e-01 Loss 1.13805e-02 Time taken: 1.55 seconds 
Epoch: 11/200 Train accuracy: 5.93630e-01 Validation accuracy: 5.96667e-01 Loss 1.13444e-02 Time taken: 1.55 seconds 
Epoch: 12/200 Train accuracy: 6.00328e-01 Validation accuracy: 6.06667e-01 Loss 1.13066e-02 Time taken: 1.55 seconds 
Epoch: 13/200 Train accuracy: 6.02038e-01 Validation accuracy: 6.09333e-01 Loss 1.12900e-02 Time taken: 1.55 seconds 
Epoch: 14/200 Train accuracy: 6.06456e-01 Validation accuracy: 6.14667e-01 Loss 1.12527e-02 Time taken: 1.56 seconds 
Epoch: 15/200 Train accuracy: 6.04532e-01 Validation accuracy: 6.09000e-01 Loss 1.12645e-02 Time taken: 1.56 seconds 
Epoch: 16/200 Train accuracy: 6.07453e-01 Validation accuracy: 6.16000e-01 Loss 1.12514e-02 Time taken: 1.55 seconds 
Epoch: 17/200 Train accuracy: 6.06099e-01 Validation accuracy: 6.11000e-01 Loss 1.12411e-02 Time taken: 1.54 seconds 
Epoch: 18/200 Train accuracy: 6.12512e-01 Validation accuracy: 6.14667e-01 Loss 1.12147e-02 Time taken: 1.55 seconds 
Epoch: 19/200 Train accuracy: 6.11444e-01 Validation accuracy: 6.22000e-01 Loss 1.12122e-02 Time taken: 1.54 seconds 
Epoch: 20/200 Train accuracy: 6.16004e-01 Validation accuracy: 6.19000e-01 Loss 1.11869e-02 Time taken: 1.55 seconds 
Epoch: 21/200 Train accuracy: 6.17500e-01 Validation accuracy: 6.14333e-01 Loss 1.11823e-02 Time taken: 1.55 seconds 
Epoch: 22/200 Train accuracy: 6.15220e-01 Validation accuracy: 6.21333e-01 Loss 1.11830e-02 Time taken: 1.56 seconds 
Epoch: 23/200 Train accuracy: 6.19068e-01 Validation accuracy: 6.24667e-01 Loss 1.11504e-02 Time taken: 1.60 seconds 
Epoch: 24/200 Train accuracy: 6.16574e-01 Validation accuracy: 6.26000e-01 Loss 1.11595e-02 Time taken: 1.55 seconds 
Epoch: 25/200 Train accuracy: 6.20636e-01 Validation accuracy: 6.24333e-01 Loss 1.11461e-02 Time taken: 1.55 seconds 
Epoch: 26/200 Train accuracy: 6.19923e-01 Validation accuracy: 6.26000e-01 Loss 1.11333e-02 Time taken: 1.55 seconds 
Epoch: 27/200 Train accuracy: 6.20849e-01 Validation accuracy: 6.27667e-01 Loss 1.11416e-02 Time taken: 1.56 seconds 
Epoch: 28/200 Train accuracy: 6.25053e-01 Validation accuracy: 6.28000e-01 Loss 1.11059e-02 Time taken: 1.55 seconds 
Epoch: 29/200 Train accuracy: 6.22702e-01 Validation accuracy: 6.26667e-01 Loss 1.11191e-02 Time taken: 1.55 seconds 
Epoch: 30/200 Train accuracy: 6.22773e-01 Validation accuracy: 6.31333e-01 Loss 1.11176e-02 Time taken: 1.55 seconds 
Epoch: 31/200 Train accuracy: 6.22702e-01 Validation accuracy: 6.28333e-01 Loss 1.11143e-02 Time taken: 1.54 seconds 
Epoch: 32/200 Train accuracy: 6.26977e-01 Validation accuracy: 6.29333e-01 Loss 1.11026e-02 Time taken: 1.55 seconds 
Epoch: 33/200 Train accuracy: 6.24697e-01 Validation accuracy: 6.30667e-01 Loss 1.11087e-02 Time taken: 1.55 seconds 
Epoch: 34/200 Train accuracy: 6.25481e-01 Validation accuracy: 6.29333e-01 Loss 1.11022e-02 Time taken: 1.55 seconds 
Epoch: 35/200 Train accuracy: 6.26977e-01 Validation accuracy: 6.26000e-01 Loss 1.10939e-02 Time taken: 1.54 seconds 
Epoch: 36/200 Train accuracy: 6.24270e-01 Validation accuracy: 6.23333e-01 Loss 1.10964e-02 Time taken: 1.55 seconds 
Epoch: 37/200 Train accuracy: 6.28474e-01 Validation accuracy: 6.27000e-01 Loss 1.10890e-02 Time taken: 1.55 seconds 
Epoch: 38/200 Train accuracy: 6.26835e-01 Validation accuracy: 6.32000e-01 Loss 1.10984e-02 Time taken: 1.55 seconds 
Epoch: 39/200 Train accuracy: 6.29115e-01 Validation accuracy: 6.33000e-01 Loss 1.10775e-02 Time taken: 1.54 seconds 
Epoch: 40/200 Train accuracy: 6.30398e-01 Validation accuracy: 6.34333e-01 Loss 1.10684e-02 Time taken: 1.54 seconds 
Epoch: 41/200 Train accuracy: 6.28545e-01 Validation accuracy: 6.36333e-01 Loss 1.10721e-02 Time taken: 1.54 seconds 
Epoch: 42/200 Train accuracy: 6.25552e-01 Validation accuracy: 6.28000e-01 Loss 1.10740e-02 Time taken: 1.54 seconds 
Epoch: 43/200 Train accuracy: 6.32036e-01 Validation accuracy: 6.28667e-01 Loss 1.10620e-02 Time taken: 1.55 seconds 
Epoch: 44/200 Train accuracy: 6.30540e-01 Validation accuracy: 6.33333e-01 Loss 1.10695e-02 Time taken: 1.55 seconds 
Epoch: 45/200 Train accuracy: 6.34317e-01 Validation accuracy: 6.29333e-01 Loss 1.10435e-02 Time taken: 1.54 seconds 
Epoch: 46/200 Train accuracy: 6.35029e-01 Validation accuracy: 6.35667e-01 Loss 1.10397e-02 Time taken: 1.54 seconds 
Epoch: 47/200 Train accuracy: 6.36027e-01 Validation accuracy: 6.33333e-01 Loss 1.10340e-02 Time taken: 1.55 seconds 
Epoch: 48/200 Train accuracy: 6.34673e-01 Validation accuracy: 6.32333e-01 Loss 1.10313e-02 Time taken: 1.54 seconds 
Epoch: 49/200 Train accuracy: 6.34530e-01 Validation accuracy: 6.32667e-01 Loss 1.10351e-02 Time taken: 1.54 seconds 
Epoch: 50/200 Train accuracy: 6.34245e-01 Validation accuracy: 6.36333e-01 Loss 1.10295e-02 Time taken: 1.54 seconds 
Epoch: 51/200 Train accuracy: 6.34673e-01 Validation accuracy: 6.36333e-01 Loss 1.10288e-02 Time taken: 1.55 seconds 
Epoch: 52/200 Train accuracy: 6.33960e-01 Validation accuracy: 6.36667e-01 Loss 1.10337e-02 Time taken: 1.55 seconds 
Epoch: 53/200 Train accuracy: 6.36383e-01 Validation accuracy: 6.36333e-01 Loss 1.10121e-02 Time taken: 1.55 seconds 
Epoch: 54/200 Train accuracy: 6.31466e-01 Validation accuracy: 6.35333e-01 Loss 1.10341e-02 Time taken: 1.55 seconds 
Epoch: 55/200 Train accuracy: 6.38236e-01 Validation accuracy: 6.35000e-01 Loss 1.10194e-02 Time taken: 1.54 seconds 
Epoch: 56/200 Train accuracy: 6.32250e-01 Validation accuracy: 6.38333e-01 Loss 1.10292e-02 Time taken: 1.56 seconds 
Epoch: 57/200 Train accuracy: 6.36882e-01 Validation accuracy: 6.34000e-01 Loss 1.10101e-02 Time taken: 1.55 seconds 
Epoch: 58/200 Train accuracy: 6.33248e-01 Validation accuracy: 6.38667e-01 Loss 1.10284e-02 Time taken: 1.55 seconds 
Epoch: 59/200 Train accuracy: 6.37879e-01 Validation accuracy: 6.35667e-01 Loss 1.10121e-02 Time taken: 1.55 seconds 
Epoch: 60/200 Train accuracy: 6.37737e-01 Validation accuracy: 6.35000e-01 Loss 1.10079e-02 Time taken: 1.55 seconds 
Epoch: 61/200 Train accuracy: 6.37879e-01 Validation accuracy: 6.43333e-01 Loss 1.10079e-02 Time taken: 1.55 seconds 
Epoch: 62/200 Train accuracy: 6.35742e-01 Validation accuracy: 6.36000e-01 Loss 1.10231e-02 Time taken: 1.54 seconds 
Epoch: 63/200 Train accuracy: 6.38093e-01 Validation accuracy: 6.37333e-01 Loss 1.10151e-02 Time taken: 1.55 seconds 
Epoch: 64/200 Train accuracy: 6.35243e-01 Validation accuracy: 6.38000e-01 Loss 1.09985e-02 Time taken: 1.55 seconds 
Epoch: 65/200 Train accuracy: 6.36526e-01 Validation accuracy: 6.37000e-01 Loss 1.10206e-02 Time taken: 1.56 seconds 
Epoch: 66/200 Train accuracy: 6.38521e-01 Validation accuracy: 6.41333e-01 Loss 1.10077e-02 Time taken: 1.55 seconds 
Epoch: 67/200 Train accuracy: 6.37808e-01 Validation accuracy: 6.39000e-01 Loss 1.10001e-02 Time taken: 1.55 seconds 
Epoch: 68/200 Train accuracy: 6.39233e-01 Validation accuracy: 6.37333e-01 Loss 1.09946e-02 Time taken: 1.55 seconds 
Epoch: 69/200 Train accuracy: 6.40302e-01 Validation accuracy: 6.39000e-01 Loss 1.09865e-02 Time taken: 1.55 seconds 
Epoch: 70/200 Train accuracy: 6.39447e-01 Validation accuracy: 6.37667e-01 Loss 1.09965e-02 Time taken: 1.55 seconds 
Epoch: 71/200 Train accuracy: 6.40872e-01 Validation accuracy: 6.34333e-01 Loss 1.09885e-02 Time taken: 1.55 seconds 
Epoch: 72/200 Train accuracy: 6.35100e-01 Validation accuracy: 6.39667e-01 Loss 1.10135e-02 Time taken: 1.55 seconds 
Epoch: 73/200 Train accuracy: 6.41870e-01 Validation accuracy: 6.37333e-01 Loss 1.09795e-02 Time taken: 1.54 seconds 
Epoch: 74/200 Train accuracy: 6.39447e-01 Validation accuracy: 6.40333e-01 Loss 1.09914e-02 Time taken: 1.55 seconds 
Epoch: 75/200 Train accuracy: 6.35599e-01 Validation accuracy: 6.35333e-01 Loss 1.10163e-02 Time taken: 1.55 seconds 
Epoch: 76/200 Train accuracy: 6.41870e-01 Validation accuracy: 6.37000e-01 Loss 1.09811e-02 Time taken: 1.55 seconds 
Epoch: 77/200 Train accuracy: 6.43580e-01 Validation accuracy: 6.32667e-01 Loss 1.09715e-02 Time taken: 1.55 seconds 
Epoch: 78/200 Train accuracy: 6.40801e-01 Validation accuracy: 6.40000e-01 Loss 1.09843e-02 Time taken: 1.54 seconds 
Epoch: 79/200 Train accuracy: 6.38592e-01 Validation accuracy: 6.40000e-01 Loss 1.09918e-02 Time taken: 1.54 seconds 
Epoch: 80/200 Train accuracy: 6.39875e-01 Validation accuracy: 6.43667e-01 Loss 1.09863e-02 Time taken: 1.54 seconds 
Epoch: 81/200 Train accuracy: 6.41442e-01 Validation accuracy: 6.34667e-01 Loss 1.09826e-02 Time taken: 1.55 seconds 
Epoch: 82/200 Train accuracy: 6.41015e-01 Validation accuracy: 6.32000e-01 Loss 1.09784e-02 Time taken: 1.55 seconds 
Epoch: 83/200 Train accuracy: 6.41228e-01 Validation accuracy: 6.39333e-01 Loss 1.09672e-02 Time taken: 1.55 seconds 
Epoch: 84/200 Train accuracy: 6.40730e-01 Validation accuracy: 6.42333e-01 Loss 1.09704e-02 Time taken: 1.54 seconds 
Epoch: 85/200 Train accuracy: 6.40231e-01 Validation accuracy: 6.42333e-01 Loss 1.09807e-02 Time taken: 1.55 seconds 
Epoch: 86/200 Train accuracy: 6.41513e-01 Validation accuracy: 6.45000e-01 Loss 1.09702e-02 Time taken: 1.55 seconds 
Epoch: 87/200 Train accuracy: 6.40730e-01 Validation accuracy: 6.42667e-01 Loss 1.09809e-02 Time taken: 1.54 seconds 
Epoch: 88/200 Train accuracy: 6.45147e-01 Validation accuracy: 6.39667e-01 Loss 1.09560e-02 Time taken: 1.55 seconds 
Epoch: 89/200 Train accuracy: 6.40231e-01 Validation accuracy: 6.46667e-01 Loss 1.09770e-02 Time taken: 1.54 seconds 
Epoch: 90/200 Train accuracy: 6.38663e-01 Validation accuracy: 6.39000e-01 Loss 1.09918e-02 Time taken: 1.55 seconds 
Epoch: 91/200 Train accuracy: 6.37879e-01 Validation accuracy: 6.33333e-01 Loss 1.09897e-02 Time taken: 1.53 seconds 
Epoch: 92/200 Train accuracy: 6.42867e-01 Validation accuracy: 6.43667e-01 Loss 1.09595e-02 Time taken: 1.55 seconds 
Epoch: 93/200 Train accuracy: 6.39590e-01 Validation accuracy: 6.41000e-01 Loss 1.09820e-02 Time taken: 1.55 seconds 
Epoch: 94/200 Train accuracy: 6.48069e-01 Validation accuracy: 6.44000e-01 Loss 1.09428e-02 Time taken: 1.54 seconds 
Epoch: 95/200 Train accuracy: 6.44934e-01 Validation accuracy: 6.37333e-01 Loss 1.09642e-02 Time taken: 1.55 seconds 
Epoch: 96/200 Train accuracy: 6.38806e-01 Validation accuracy: 6.45333e-01 Loss 1.09854e-02 Time taken: 1.54 seconds 
Epoch: 97/200 Train accuracy: 6.47428e-01 Validation accuracy: 6.41000e-01 Loss 1.09367e-02 Time taken: 1.55 seconds 
Epoch: 98/200 Train accuracy: 6.41015e-01 Validation accuracy: 6.45000e-01 Loss 1.09740e-02 Time taken: 1.54 seconds 
Epoch: 99/200 Train accuracy: 6.40231e-01 Validation accuracy: 6.41000e-01 Loss 1.09803e-02 Time taken: 1.57 seconds 
Epoch: 100/200 Train accuracy: 6.38307e-01 Validation accuracy: 6.41333e-01 Loss 1.09771e-02 Time taken: 1.55 seconds 
Epoch: 101/200 Train accuracy: 6.45575e-01 Validation accuracy: 6.36667e-01 Loss 1.09561e-02 Time taken: 1.54 seconds 
Epoch: 102/200 Train accuracy: 6.43224e-01 Validation accuracy: 6.38667e-01 Loss 1.09618e-02 Time taken: 1.55 seconds 
Epoch: 103/200 Train accuracy: 6.44577e-01 Validation accuracy: 6.39000e-01 Loss 1.09595e-02 Time taken: 1.54 seconds 
Epoch: 104/200 Train accuracy: 6.40943e-01 Validation accuracy: 6.39333e-01 Loss 1.09588e-02 Time taken: 1.56 seconds 
Epoch: 105/200 Train accuracy: 6.43794e-01 Validation accuracy: 6.44667e-01 Loss 1.09619e-02 Time taken: 1.54 seconds 
Epoch: 106/200 Train accuracy: 6.45147e-01 Validation accuracy: 6.43333e-01 Loss 1.09409e-02 Time taken: 1.56 seconds 
Epoch: 107/200 Train accuracy: 6.46074e-01 Validation accuracy: 6.43667e-01 Loss 1.09391e-02 Time taken: 1.55 seconds 
Epoch: 108/200 Train accuracy: 6.43152e-01 Validation accuracy: 6.44667e-01 Loss 1.09697e-02 Time taken: 1.55 seconds 
Epoch: 109/200 Train accuracy: 6.43722e-01 Validation accuracy: 6.44333e-01 Loss 1.09563e-02 Time taken: 1.54 seconds 
Epoch: 110/200 Train accuracy: 6.42725e-01 Validation accuracy: 6.47333e-01 Loss 1.09496e-02 Time taken: 1.55 seconds 
Epoch: 111/200 Train accuracy: 6.41300e-01 Validation accuracy: 6.43667e-01 Loss 1.09598e-02 Time taken: 1.55 seconds 
Epoch: 112/200 Train accuracy: 6.46430e-01 Validation accuracy: 6.42667e-01 Loss 1.09478e-02 Time taken: 1.55 seconds 
Epoch: 113/200 Train accuracy: 6.42084e-01 Validation accuracy: 6.47667e-01 Loss 1.09570e-02 Time taken: 1.55 seconds 
Epoch: 114/200 Train accuracy: 6.42012e-01 Validation accuracy: 6.50000e-01 Loss 1.09602e-02 Time taken: 1.55 seconds 
Epoch: 115/200 Train accuracy: 6.47641e-01 Validation accuracy: 6.44333e-01 Loss 1.09321e-02 Time taken: 1.55 seconds 
Epoch: 116/200 Train accuracy: 6.40160e-01 Validation accuracy: 6.46000e-01 Loss 1.09605e-02 Time taken: 1.54 seconds 
Epoch: 117/200 Train accuracy: 6.44506e-01 Validation accuracy: 6.46667e-01 Loss 1.09526e-02 Time taken: 1.54 seconds 
Epoch: 118/200 Train accuracy: 6.45789e-01 Validation accuracy: 6.45333e-01 Loss 1.09419e-02 Time taken: 1.55 seconds 
Epoch: 119/200 Train accuracy: 6.44791e-01 Validation accuracy: 6.42333e-01 Loss 1.09450e-02 Time taken: 1.55 seconds 
Epoch: 120/200 Train accuracy: 6.39946e-01 Validation accuracy: 6.40000e-01 Loss 1.09735e-02 Time taken: 1.55 seconds 
Epoch: 121/200 Train accuracy: 6.43295e-01 Validation accuracy: 6.45667e-01 Loss 1.09509e-02 Time taken: 1.55 seconds 
Epoch: 122/200 Train accuracy: 6.47143e-01 Validation accuracy: 6.46333e-01 Loss 1.09403e-02 Time taken: 1.55 seconds 
Epoch: 123/200 Train accuracy: 6.46858e-01 Validation accuracy: 6.45667e-01 Loss 1.09361e-02 Time taken: 1.54 seconds 
Epoch: 124/200 Train accuracy: 6.48283e-01 Validation accuracy: 6.38000e-01 Loss 1.09264e-02 Time taken: 1.55 seconds 
Epoch: 125/200 Train accuracy: 6.47000e-01 Validation accuracy: 6.40333e-01 Loss 1.09289e-02 Time taken: 1.54 seconds 
Epoch: 126/200 Train accuracy: 6.41941e-01 Validation accuracy: 6.46000e-01 Loss 1.09584e-02 Time taken: 1.54 seconds 
Epoch: 127/200 Train accuracy: 6.46430e-01 Validation accuracy: 6.43333e-01 Loss 1.09417e-02 Time taken: 1.54 seconds 
Epoch: 128/200 Train accuracy: 6.45860e-01 Validation accuracy: 6.44000e-01 Loss 1.09339e-02 Time taken: 1.54 seconds 
Epoch: 129/200 Train accuracy: 6.47356e-01 Validation accuracy: 6.43333e-01 Loss 1.09391e-02 Time taken: 1.55 seconds 
Epoch: 130/200 Train accuracy: 6.47713e-01 Validation accuracy: 6.41000e-01 Loss 1.09312e-02 Time taken: 1.55 seconds 
Epoch: 131/200 Train accuracy: 6.44791e-01 Validation accuracy: 6.46000e-01 Loss 1.09398e-02 Time taken: 1.56 seconds 
Epoch: 132/200 Train accuracy: 6.45433e-01 Validation accuracy: 6.42333e-01 Loss 1.09362e-02 Time taken: 1.55 seconds 
Epoch: 133/200 Train accuracy: 6.43152e-01 Validation accuracy: 6.45000e-01 Loss 1.09476e-02 Time taken: 1.54 seconds 
Epoch: 134/200 Train accuracy: 6.41157e-01 Validation accuracy: 6.45667e-01 Loss 1.09614e-02 Time taken: 1.55 seconds 
Epoch: 135/200 Train accuracy: 6.44292e-01 Validation accuracy: 6.46000e-01 Loss 1.09444e-02 Time taken: 1.55 seconds 
Epoch: 136/200 Train accuracy: 6.46003e-01 Validation accuracy: 6.46333e-01 Loss 1.09336e-02 Time taken: 1.54 seconds 
Epoch: 137/200 Train accuracy: 6.45005e-01 Validation accuracy: 6.50333e-01 Loss 1.09332e-02 Time taken: 1.54 seconds 
Epoch: 138/200 Train accuracy: 6.45646e-01 Validation accuracy: 6.43000e-01 Loss 1.09391e-02 Time taken: 1.56 seconds 
Epoch: 139/200 Train accuracy: 6.44007e-01 Validation accuracy: 6.45333e-01 Loss 1.09388e-02 Time taken: 1.54 seconds 
Epoch: 140/200 Train accuracy: 6.47499e-01 Validation accuracy: 6.45667e-01 Loss 1.09216e-02 Time taken: 1.54 seconds 
Epoch: 141/200 Train accuracy: 6.46501e-01 Validation accuracy: 6.49000e-01 Loss 1.09382e-02 Time taken: 1.54 seconds 
Epoch: 142/200 Train accuracy: 6.44364e-01 Validation accuracy: 6.43000e-01 Loss 1.09562e-02 Time taken: 1.55 seconds 
Epoch: 143/200 Train accuracy: 6.47428e-01 Validation accuracy: 6.49000e-01 Loss 1.09300e-02 Time taken: 1.54 seconds 
Epoch: 144/200 Train accuracy: 6.44791e-01 Validation accuracy: 6.48000e-01 Loss 1.09394e-02 Time taken: 1.55 seconds 
Epoch: 145/200 Train accuracy: 6.42511e-01 Validation accuracy: 6.47333e-01 Loss 1.09493e-02 Time taken: 1.55 seconds 
Epoch: 146/200 Train accuracy: 6.48782e-01 Validation accuracy: 6.46000e-01 Loss 1.09270e-02 Time taken: 1.54 seconds 
Epoch: 147/200 Train accuracy: 6.48568e-01 Validation accuracy: 6.45333e-01 Loss 1.09165e-02 Time taken: 1.55 seconds 
Epoch: 148/200 Train accuracy: 6.47000e-01 Validation accuracy: 6.45667e-01 Loss 1.09400e-02 Time taken: 1.54 seconds 
Epoch: 149/200 Train accuracy: 6.43366e-01 Validation accuracy: 6.44667e-01 Loss 1.09421e-02 Time taken: 1.55 seconds 
Epoch: 150/200 Train accuracy: 6.47214e-01 Validation accuracy: 6.46667e-01 Loss 1.09367e-02 Time taken: 1.56 seconds 
Epoch: 151/200 Train accuracy: 6.46786e-01 Validation accuracy: 6.44000e-01 Loss 1.09307e-02 Time taken: 1.55 seconds 
Epoch: 152/200 Train accuracy: 6.48283e-01 Validation accuracy: 6.46667e-01 Loss 1.09375e-02 Time taken: 1.55 seconds 
Epoch: 153/200 Train accuracy: 6.47285e-01 Validation accuracy: 6.44000e-01 Loss 1.09217e-02 Time taken: 1.56 seconds 
Epoch: 154/200 Train accuracy: 6.46715e-01 Validation accuracy: 6.45333e-01 Loss 1.09357e-02 Time taken: 1.54 seconds 
Epoch: 155/200 Train accuracy: 6.48069e-01 Validation accuracy: 6.43667e-01 Loss 1.09372e-02 Time taken: 1.54 seconds 
Epoch: 156/200 Train accuracy: 6.47214e-01 Validation accuracy: 6.49667e-01 Loss 1.09214e-02 Time taken: 1.55 seconds 
Epoch: 157/200 Train accuracy: 6.43794e-01 Validation accuracy: 6.45667e-01 Loss 1.09483e-02 Time taken: 1.55 seconds 
Epoch: 158/200 Train accuracy: 6.50705e-01 Validation accuracy: 6.46000e-01 Loss 1.09097e-02 Time taken: 1.55 seconds 
Epoch: 159/200 Train accuracy: 6.45504e-01 Validation accuracy: 6.47000e-01 Loss 1.09367e-02 Time taken: 1.54 seconds 
Epoch: 160/200 Train accuracy: 6.48924e-01 Validation accuracy: 6.49000e-01 Loss 1.09282e-02 Time taken: 1.55 seconds 
Epoch: 161/200 Train accuracy: 6.49922e-01 Validation accuracy: 6.40333e-01 Loss 1.09153e-02 Time taken: 1.55 seconds 
Epoch: 162/200 Train accuracy: 6.49993e-01 Validation accuracy: 6.45667e-01 Loss 1.09234e-02 Time taken: 1.55 seconds 
Epoch: 163/200 Train accuracy: 6.45433e-01 Validation accuracy: 6.45667e-01 Loss 1.09398e-02 Time taken: 1.55 seconds 
Epoch: 164/200 Train accuracy: 6.48354e-01 Validation accuracy: 6.49000e-01 Loss 1.09272e-02 Time taken: 1.54 seconds 
Epoch: 165/200 Train accuracy: 6.47143e-01 Validation accuracy: 6.47000e-01 Loss 1.09286e-02 Time taken: 1.55 seconds 
Epoch: 166/200 Train accuracy: 6.45860e-01 Validation accuracy: 6.47667e-01 Loss 1.09420e-02 Time taken: 1.55 seconds 
Epoch: 167/200 Train accuracy: 6.48283e-01 Validation accuracy: 6.51667e-01 Loss 1.09151e-02 Time taken: 1.55 seconds 
Epoch: 168/200 Train accuracy: 6.47855e-01 Validation accuracy: 6.49333e-01 Loss 1.09290e-02 Time taken: 1.55 seconds 
Epoch: 169/200 Train accuracy: 6.45646e-01 Validation accuracy: 6.48000e-01 Loss 1.09320e-02 Time taken: 1.55 seconds 
Epoch: 170/200 Train accuracy: 6.44862e-01 Validation accuracy: 6.48667e-01 Loss 1.09306e-02 Time taken: 1.56 seconds 
Epoch: 171/200 Train accuracy: 6.45504e-01 Validation accuracy: 6.44333e-01 Loss 1.09350e-02 Time taken: 1.55 seconds 
Epoch: 172/200 Train accuracy: 6.48782e-01 Validation accuracy: 6.50000e-01 Loss 1.09119e-02 Time taken: 1.55 seconds 
Epoch: 173/200 Train accuracy: 6.48283e-01 Validation accuracy: 6.50000e-01 Loss 1.09228e-02 Time taken: 1.54 seconds 
Epoch: 174/200 Train accuracy: 6.50135e-01 Validation accuracy: 6.48000e-01 Loss 1.09100e-02 Time taken: 1.55 seconds 
Epoch: 175/200 Train accuracy: 6.51133e-01 Validation accuracy: 6.45000e-01 Loss 1.09091e-02 Time taken: 1.55 seconds 
Epoch: 176/200 Train accuracy: 6.46501e-01 Validation accuracy: 6.47000e-01 Loss 1.09305e-02 Time taken: 1.54 seconds 
Epoch: 177/200 Train accuracy: 6.50634e-01 Validation accuracy: 6.49667e-01 Loss 1.09121e-02 Time taken: 1.55 seconds 
Epoch: 178/200 Train accuracy: 6.44934e-01 Validation accuracy: 6.42667e-01 Loss 1.09313e-02 Time taken: 1.55 seconds 
Epoch: 179/200 Train accuracy: 6.50420e-01 Validation accuracy: 6.45667e-01 Loss 1.09126e-02 Time taken: 1.55 seconds 
Epoch: 180/200 Train accuracy: 6.48140e-01 Validation accuracy: 6.48333e-01 Loss 1.09273e-02 Time taken: 1.54 seconds 
Epoch: 181/200 Train accuracy: 6.46573e-01 Validation accuracy: 6.46333e-01 Loss 1.09336e-02 Time taken: 1.55 seconds 
Epoch: 182/200 Train accuracy: 6.50919e-01 Validation accuracy: 6.49000e-01 Loss 1.08967e-02 Time taken: 1.55 seconds 
Epoch: 183/200 Train accuracy: 6.49209e-01 Validation accuracy: 6.46000e-01 Loss 1.09070e-02 Time taken: 1.55 seconds 
Epoch: 184/200 Train accuracy: 6.48853e-01 Validation accuracy: 6.40000e-01 Loss 1.08996e-02 Time taken: 1.56 seconds 
Epoch: 185/200 Train accuracy: 6.47499e-01 Validation accuracy: 6.44000e-01 Loss 1.09158e-02 Time taken: 1.55 seconds 
Epoch: 186/200 Train accuracy: 6.45860e-01 Validation accuracy: 6.45333e-01 Loss 1.09416e-02 Time taken: 1.55 seconds 
Epoch: 187/200 Train accuracy: 6.46216e-01 Validation accuracy: 6.53333e-01 Loss 1.09234e-02 Time taken: 1.56 seconds 
Epoch: 188/200 Train accuracy: 6.48782e-01 Validation accuracy: 6.51333e-01 Loss 1.09130e-02 Time taken: 1.55 seconds 
Epoch: 189/200 Train accuracy: 6.46715e-01 Validation accuracy: 6.46333e-01 Loss 1.09233e-02 Time taken: 1.54 seconds 
Epoch: 190/200 Train accuracy: 6.47285e-01 Validation accuracy: 6.48000e-01 Loss 1.09187e-02 Time taken: 1.55 seconds 
Epoch: 191/200 Train accuracy: 6.50278e-01 Validation accuracy: 6.46000e-01 Loss 1.09133e-02 Time taken: 1.55 seconds 
Epoch: 192/200 Train accuracy: 6.50848e-01 Validation accuracy: 6.45333e-01 Loss 1.09080e-02 Time taken: 1.55 seconds 
Epoch: 193/200 Train accuracy: 6.46501e-01 Validation accuracy: 6.50000e-01 Loss 1.09212e-02 Time taken: 1.54 seconds 
Epoch: 194/200 Train accuracy: 6.46003e-01 Validation accuracy: 6.48667e-01 Loss 1.09292e-02 Time taken: 1.54 seconds 
Epoch: 195/200 Train accuracy: 6.48497e-01 Validation accuracy: 6.49333e-01 Loss 1.09228e-02 Time taken: 1.54 seconds 
Epoch: 196/200 Train accuracy: 6.49494e-01 Validation accuracy: 6.42000e-01 Loss 1.09214e-02 Time taken: 1.55 seconds 
Epoch: 197/200 Train accuracy: 6.47143e-01 Validation accuracy: 6.45333e-01 Loss 1.09152e-02 Time taken: 1.54 seconds 
Epoch: 198/200 Train accuracy: 6.47713e-01 Validation accuracy: 6.40333e-01 Loss 1.09204e-02 Time taken: 1.55 seconds 
Epoch: 199/200 Train accuracy: 6.49138e-01 Validation accuracy: 6.40000e-01 Loss 1.09184e-02 Time taken: 1.55 seconds 
Epoch: 200/200 Train accuracy: 6.43152e-01 Validation accuracy: 6.45333e-01 Loss 1.09391e-02 Time taken: 1.55 seconds 
Total time taken 0:05:10.326107
Cleaning up intermediate feature (.pt) files
Done


working on file logs_PKT_full/iic-train-PKTwhole-seed43/jepa-iic-PKTwhole-seed43-ep200.pth.tar ...
