Directory classifiers/jepa-iic-PKTwhole-seed43-classifier-pretrained-vitb-normalized-ep30 for saving the classifiers is now present
VisionTransformer(
  (patch_embed): PatchEmbed(
    (proj): Conv2d(3, 768, kernel_size=(15, 15), stride=(15, 15))
  )
  (blocks): ModuleList(
    (0-11): 12 x Block(
      (norm1): LayerNorm((768,), eps=1e-06, elementwise_affine=True)
      (attn): Attention(
        (qkv): Linear(in_features=768, out_features=2304, bias=True)
        (attn_drop): Dropout(p=0.0, inplace=False)
        (proj): Linear(in_features=768, out_features=768, bias=True)
        (proj_drop): Dropout(p=0.0, inplace=False)
      )
      (drop_path): Identity()
      (norm2): LayerNorm((768,), eps=1e-06, elementwise_affine=True)
      (mlp): MLP(
        (fc1): Linear(in_features=768, out_features=3072, bias=True)
        (act): GELU(approximate='none')
        (fc2): Linear(in_features=3072, out_features=768, bias=True)
        (drop): Dropout(p=0.0, inplace=False)
      )
    )
  )
  (norm): LayerNorm((768,), eps=1e-06, elementwise_affine=True)
)
Extracting features and saving them locally..
Epoch: 1/200 Train accuracy: 4.15918e-01 Validation accuracy: 4.88667e-01 Loss 1.26927e-02 Time taken: 1.53 seconds 
Epoch: 2/200 Train accuracy: 4.76486e-01 Validation accuracy: 4.96667e-01 Loss 1.22382e-02 Time taken: 1.54 seconds 
Epoch: 3/200 Train accuracy: 4.87958e-01 Validation accuracy: 5.07000e-01 Loss 1.21613e-02 Time taken: 1.60 seconds 
Epoch: 4/200 Train accuracy: 4.95938e-01 Validation accuracy: 5.11000e-01 Loss 1.20756e-02 Time taken: 1.53 seconds 
Epoch: 5/200 Train accuracy: 5.27077e-01 Validation accuracy: 5.56000e-01 Loss 1.18487e-02 Time taken: 1.54 seconds 
Epoch: 6/200 Train accuracy: 5.37409e-01 Validation accuracy: 5.60333e-01 Loss 1.17579e-02 Time taken: 1.55 seconds 
Epoch: 7/200 Train accuracy: 5.47884e-01 Validation accuracy: 5.59000e-01 Loss 1.16962e-02 Time taken: 1.53 seconds 
Epoch: 8/200 Train accuracy: 5.50021e-01 Validation accuracy: 5.60333e-01 Loss 1.16603e-02 Time taken: 1.53 seconds 
Epoch: 9/200 Train accuracy: 5.53940e-01 Validation accuracy: 5.59333e-01 Loss 1.16508e-02 Time taken: 1.54 seconds 
Epoch: 10/200 Train accuracy: 5.54795e-01 Validation accuracy: 5.64333e-01 Loss 1.16291e-02 Time taken: 1.55 seconds 
Epoch: 11/200 Train accuracy: 5.58643e-01 Validation accuracy: 5.66000e-01 Loss 1.16038e-02 Time taken: 1.54 seconds 
Epoch: 12/200 Train accuracy: 5.64914e-01 Validation accuracy: 5.63000e-01 Loss 1.15721e-02 Time taken: 1.54 seconds 
Epoch: 13/200 Train accuracy: 5.60995e-01 Validation accuracy: 5.61333e-01 Loss 1.15741e-02 Time taken: 1.53 seconds 
Epoch: 14/200 Train accuracy: 5.63631e-01 Validation accuracy: 5.65000e-01 Loss 1.15800e-02 Time taken: 1.54 seconds 
Epoch: 15/200 Train accuracy: 5.67051e-01 Validation accuracy: 5.69667e-01 Loss 1.15520e-02 Time taken: 1.53 seconds 
Epoch: 16/200 Train accuracy: 5.63061e-01 Validation accuracy: 5.64667e-01 Loss 1.15658e-02 Time taken: 1.52 seconds 
Epoch: 17/200 Train accuracy: 5.66054e-01 Validation accuracy: 5.70333e-01 Loss 1.15516e-02 Time taken: 1.54 seconds 
Epoch: 18/200 Train accuracy: 5.68904e-01 Validation accuracy: 5.68000e-01 Loss 1.15300e-02 Time taken: 1.54 seconds 
Epoch: 19/200 Train accuracy: 5.70187e-01 Validation accuracy: 5.61000e-01 Loss 1.15249e-02 Time taken: 1.51 seconds 
Epoch: 20/200 Train accuracy: 5.72752e-01 Validation accuracy: 5.73000e-01 Loss 1.15088e-02 Time taken: 1.52 seconds 
Epoch: 21/200 Train accuracy: 5.68049e-01 Validation accuracy: 5.72333e-01 Loss 1.15251e-02 Time taken: 1.53 seconds 
Epoch: 22/200 Train accuracy: 5.71398e-01 Validation accuracy: 5.72333e-01 Loss 1.14985e-02 Time taken: 1.54 seconds 
Epoch: 23/200 Train accuracy: 5.73179e-01 Validation accuracy: 5.66333e-01 Loss 1.14965e-02 Time taken: 1.52 seconds 
Epoch: 24/200 Train accuracy: 5.72538e-01 Validation accuracy: 5.72667e-01 Loss 1.14904e-02 Time taken: 1.53 seconds 
Epoch: 25/200 Train accuracy: 5.77954e-01 Validation accuracy: 5.71667e-01 Loss 1.14683e-02 Time taken: 1.53 seconds 
Epoch: 26/200 Train accuracy: 5.73464e-01 Validation accuracy: 5.72333e-01 Loss 1.14810e-02 Time taken: 1.53 seconds 
Epoch: 27/200 Train accuracy: 5.75816e-01 Validation accuracy: 5.75000e-01 Loss 1.14731e-02 Time taken: 1.53 seconds 
Epoch: 28/200 Train accuracy: 5.75246e-01 Validation accuracy: 5.74333e-01 Loss 1.14798e-02 Time taken: 1.52 seconds 
Epoch: 29/200 Train accuracy: 5.77027e-01 Validation accuracy: 5.72000e-01 Loss 1.14698e-02 Time taken: 1.52 seconds 
Epoch: 30/200 Train accuracy: 5.76457e-01 Validation accuracy: 5.80000e-01 Loss 1.14674e-02 Time taken: 1.54 seconds 
Epoch: 31/200 Train accuracy: 5.77312e-01 Validation accuracy: 5.76667e-01 Loss 1.14638e-02 Time taken: 1.52 seconds 
Epoch: 32/200 Train accuracy: 5.80376e-01 Validation accuracy: 5.76333e-01 Loss 1.14449e-02 Time taken: 1.52 seconds 
Epoch: 33/200 Train accuracy: 5.77027e-01 Validation accuracy: 5.76667e-01 Loss 1.14531e-02 Time taken: 1.52 seconds 
Epoch: 34/200 Train accuracy: 5.79735e-01 Validation accuracy: 5.76000e-01 Loss 1.14437e-02 Time taken: 1.54 seconds 
Epoch: 35/200 Train accuracy: 5.80946e-01 Validation accuracy: 5.77333e-01 Loss 1.14414e-02 Time taken: 1.52 seconds 
Epoch: 36/200 Train accuracy: 5.79949e-01 Validation accuracy: 5.71333e-01 Loss 1.14513e-02 Time taken: 1.51 seconds 
Epoch: 37/200 Train accuracy: 5.81089e-01 Validation accuracy: 5.77000e-01 Loss 1.14444e-02 Time taken: 1.53 seconds 
Epoch: 38/200 Train accuracy: 5.82300e-01 Validation accuracy: 5.79000e-01 Loss 1.14320e-02 Time taken: 1.53 seconds 
Epoch: 39/200 Train accuracy: 5.84509e-01 Validation accuracy: 5.80000e-01 Loss 1.14197e-02 Time taken: 1.52 seconds 
Epoch: 40/200 Train accuracy: 5.85934e-01 Validation accuracy: 5.77333e-01 Loss 1.14120e-02 Time taken: 1.51 seconds 
Epoch: 41/200 Train accuracy: 5.77241e-01 Validation accuracy: 5.68667e-01 Loss 1.14475e-02 Time taken: 1.53 seconds 
Epoch: 42/200 Train accuracy: 5.82799e-01 Validation accuracy: 5.72333e-01 Loss 1.14240e-02 Time taken: 1.53 seconds 
Epoch: 43/200 Train accuracy: 5.83654e-01 Validation accuracy: 5.83667e-01 Loss 1.14201e-02 Time taken: 1.52 seconds 
Epoch: 44/200 Train accuracy: 5.82229e-01 Validation accuracy: 5.86000e-01 Loss 1.14194e-02 Time taken: 1.53 seconds 
Epoch: 45/200 Train accuracy: 5.83155e-01 Validation accuracy: 5.82333e-01 Loss 1.14154e-02 Time taken: 1.52 seconds 
Epoch: 46/200 Train accuracy: 5.85435e-01 Validation accuracy: 5.80333e-01 Loss 1.14097e-02 Time taken: 1.54 seconds 
Epoch: 47/200 Train accuracy: 5.85792e-01 Validation accuracy: 5.80000e-01 Loss 1.14049e-02 Time taken: 1.51 seconds 
Epoch: 48/200 Train accuracy: 5.81445e-01 Validation accuracy: 5.83333e-01 Loss 1.14252e-02 Time taken: 1.53 seconds 
Epoch: 49/200 Train accuracy: 5.86433e-01 Validation accuracy: 5.73333e-01 Loss 1.14063e-02 Time taken: 1.52 seconds 
Epoch: 50/200 Train accuracy: 5.85863e-01 Validation accuracy: 5.84000e-01 Loss 1.13984e-02 Time taken: 1.52 seconds 
Epoch: 51/200 Train accuracy: 5.87074e-01 Validation accuracy: 5.82667e-01 Loss 1.13929e-02 Time taken: 1.53 seconds 
Epoch: 52/200 Train accuracy: 5.84865e-01 Validation accuracy: 5.79333e-01 Loss 1.13982e-02 Time taken: 1.52 seconds 
Epoch: 53/200 Train accuracy: 5.84153e-01 Validation accuracy: 5.81000e-01 Loss 1.14140e-02 Time taken: 1.53 seconds 
Epoch: 54/200 Train accuracy: 5.83440e-01 Validation accuracy: 5.79667e-01 Loss 1.14146e-02 Time taken: 1.53 seconds 
Epoch: 55/200 Train accuracy: 5.86362e-01 Validation accuracy: 5.80000e-01 Loss 1.13955e-02 Time taken: 1.52 seconds 
Epoch: 56/200 Train accuracy: 5.86932e-01 Validation accuracy: 5.86667e-01 Loss 1.14059e-02 Time taken: 1.52 seconds 
Epoch: 57/200 Train accuracy: 5.88998e-01 Validation accuracy: 5.76000e-01 Loss 1.13890e-02 Time taken: 1.53 seconds 
Epoch: 58/200 Train accuracy: 5.89497e-01 Validation accuracy: 5.78333e-01 Loss 1.13890e-02 Time taken: 1.54 seconds 
Epoch: 59/200 Train accuracy: 5.83583e-01 Validation accuracy: 5.77000e-01 Loss 1.14049e-02 Time taken: 1.52 seconds 
Epoch: 60/200 Train accuracy: 5.87787e-01 Validation accuracy: 5.85333e-01 Loss 1.13956e-02 Time taken: 1.53 seconds 
Epoch: 61/200 Train accuracy: 5.85792e-01 Validation accuracy: 5.82333e-01 Loss 1.13909e-02 Time taken: 1.52 seconds 
Epoch: 62/200 Train accuracy: 5.89782e-01 Validation accuracy: 5.84000e-01 Loss 1.13782e-02 Time taken: 1.53 seconds 
Epoch: 63/200 Train accuracy: 5.87288e-01 Validation accuracy: 5.86000e-01 Loss 1.13849e-02 Time taken: 1.52 seconds 
Epoch: 64/200 Train accuracy: 5.89853e-01 Validation accuracy: 5.84000e-01 Loss 1.13769e-02 Time taken: 1.52 seconds 
Epoch: 65/200 Train accuracy: 5.89711e-01 Validation accuracy: 5.77667e-01 Loss 1.13722e-02 Time taken: 1.53 seconds 
Epoch: 66/200 Train accuracy: 5.87929e-01 Validation accuracy: 5.88000e-01 Loss 1.13873e-02 Time taken: 1.53 seconds 
Epoch: 67/200 Train accuracy: 5.87359e-01 Validation accuracy: 5.88667e-01 Loss 1.13934e-02 Time taken: 1.52 seconds 
Epoch: 68/200 Train accuracy: 5.87858e-01 Validation accuracy: 5.80000e-01 Loss 1.13949e-02 Time taken: 1.52 seconds 
Epoch: 69/200 Train accuracy: 5.87288e-01 Validation accuracy: 5.75667e-01 Loss 1.13928e-02 Time taken: 1.53 seconds 
Epoch: 70/200 Train accuracy: 5.88357e-01 Validation accuracy: 5.83000e-01 Loss 1.13832e-02 Time taken: 1.54 seconds 
Epoch: 71/200 Train accuracy: 5.85934e-01 Validation accuracy: 5.84667e-01 Loss 1.13911e-02 Time taken: 1.53 seconds 
Epoch: 72/200 Train accuracy: 5.87644e-01 Validation accuracy: 5.88333e-01 Loss 1.13895e-02 Time taken: 1.53 seconds 
Epoch: 73/200 Train accuracy: 5.91777e-01 Validation accuracy: 5.90000e-01 Loss 1.13672e-02 Time taken: 1.53 seconds 
Epoch: 74/200 Train accuracy: 5.88713e-01 Validation accuracy: 5.89000e-01 Loss 1.13826e-02 Time taken: 1.53 seconds 
Epoch: 75/200 Train accuracy: 5.91350e-01 Validation accuracy: 5.84000e-01 Loss 1.13662e-02 Time taken: 1.52 seconds 
Epoch: 76/200 Train accuracy: 5.89497e-01 Validation accuracy: 5.81000e-01 Loss 1.13772e-02 Time taken: 1.53 seconds 
Epoch: 77/200 Train accuracy: 5.89141e-01 Validation accuracy: 5.81000e-01 Loss 1.13733e-02 Time taken: 1.52 seconds 
Epoch: 78/200 Train accuracy: 5.88642e-01 Validation accuracy: 5.86333e-01 Loss 1.13725e-02 Time taken: 1.53 seconds 
Epoch: 79/200 Train accuracy: 5.92062e-01 Validation accuracy: 5.86333e-01 Loss 1.13603e-02 Time taken: 1.51 seconds 
Epoch: 80/200 Train accuracy: 5.90138e-01 Validation accuracy: 5.81333e-01 Loss 1.13712e-02 Time taken: 1.51 seconds 
Epoch: 81/200 Train accuracy: 5.90708e-01 Validation accuracy: 5.83667e-01 Loss 1.13627e-02 Time taken: 1.51 seconds 
Epoch: 82/200 Train accuracy: 5.89283e-01 Validation accuracy: 5.86667e-01 Loss 1.13743e-02 Time taken: 1.52 seconds 
Epoch: 83/200 Train accuracy: 5.87787e-01 Validation accuracy: 5.76333e-01 Loss 1.13765e-02 Time taken: 1.52 seconds 
Epoch: 84/200 Train accuracy: 5.88499e-01 Validation accuracy: 5.86000e-01 Loss 1.13836e-02 Time taken: 1.51 seconds 
Epoch: 85/200 Train accuracy: 5.85293e-01 Validation accuracy: 5.86333e-01 Loss 1.13947e-02 Time taken: 1.52 seconds 
Epoch: 86/200 Train accuracy: 5.89568e-01 Validation accuracy: 5.84000e-01 Loss 1.13580e-02 Time taken: 1.53 seconds 
Epoch: 87/200 Train accuracy: 6.39946e-01 Validation accuracy: 6.63667e-01 Loss 1.09634e-02 Time taken: 1.52 seconds 
Epoch: 88/200 Train accuracy: 6.65455e-01 Validation accuracy: 6.71000e-01 Loss 1.07802e-02 Time taken: 1.51 seconds 
Epoch: 89/200 Train accuracy: 6.68662e-01 Validation accuracy: 6.69667e-01 Loss 1.07609e-02 Time taken: 1.53 seconds 
Epoch: 90/200 Train accuracy: 6.70301e-01 Validation accuracy: 6.55667e-01 Loss 1.07500e-02 Time taken: 1.54 seconds 
Epoch: 91/200 Train accuracy: 6.68021e-01 Validation accuracy: 6.64667e-01 Loss 1.07706e-02 Time taken: 1.52 seconds 
Epoch: 92/200 Train accuracy: 6.67593e-01 Validation accuracy: 6.70333e-01 Loss 1.07525e-02 Time taken: 1.52 seconds 
Epoch: 93/200 Train accuracy: 6.73151e-01 Validation accuracy: 6.74000e-01 Loss 1.07326e-02 Time taken: 1.52 seconds 
Epoch: 94/200 Train accuracy: 6.69659e-01 Validation accuracy: 6.69000e-01 Loss 1.07574e-02 Time taken: 1.53 seconds 
Epoch: 95/200 Train accuracy: 6.70443e-01 Validation accuracy: 6.71000e-01 Loss 1.07496e-02 Time taken: 1.51 seconds 
Epoch: 96/200 Train accuracy: 6.75146e-01 Validation accuracy: 6.75333e-01 Loss 1.07168e-02 Time taken: 1.53 seconds 
Epoch: 97/200 Train accuracy: 6.73222e-01 Validation accuracy: 6.74667e-01 Loss 1.07338e-02 Time taken: 1.52 seconds 
Epoch: 98/200 Train accuracy: 6.75146e-01 Validation accuracy: 6.73333e-01 Loss 1.07192e-02 Time taken: 1.54 seconds 
Epoch: 99/200 Train accuracy: 6.75502e-01 Validation accuracy: 6.73333e-01 Loss 1.07045e-02 Time taken: 1.53 seconds 
Epoch: 100/200 Train accuracy: 6.73507e-01 Validation accuracy: 6.65667e-01 Loss 1.07262e-02 Time taken: 1.52 seconds 
Epoch: 101/200 Train accuracy: 6.72153e-01 Validation accuracy: 6.74333e-01 Loss 1.07294e-02 Time taken: 1.54 seconds 
Epoch: 102/200 Train accuracy: 6.73507e-01 Validation accuracy: 6.67333e-01 Loss 1.07211e-02 Time taken: 1.54 seconds 
Epoch: 103/200 Train accuracy: 6.75360e-01 Validation accuracy: 6.76000e-01 Loss 1.07081e-02 Time taken: 1.54 seconds 
Epoch: 104/200 Train accuracy: 6.74790e-01 Validation accuracy: 6.61333e-01 Loss 1.07090e-02 Time taken: 1.52 seconds 
Epoch: 105/200 Train accuracy: 6.78353e-01 Validation accuracy: 6.70667e-01 Loss 1.06982e-02 Time taken: 1.52 seconds 
Epoch: 106/200 Train accuracy: 6.74077e-01 Validation accuracy: 6.78000e-01 Loss 1.07212e-02 Time taken: 1.53 seconds 
Epoch: 107/200 Train accuracy: 6.78353e-01 Validation accuracy: 6.74333e-01 Loss 1.07002e-02 Time taken: 1.52 seconds 
Epoch: 108/200 Train accuracy: 6.76927e-01 Validation accuracy: 6.82667e-01 Loss 1.06994e-02 Time taken: 1.53 seconds 
Epoch: 109/200 Train accuracy: 6.76072e-01 Validation accuracy: 6.78667e-01 Loss 1.06987e-02 Time taken: 1.52 seconds 
Epoch: 110/200 Train accuracy: 6.76785e-01 Validation accuracy: 6.80000e-01 Loss 1.06971e-02 Time taken: 1.54 seconds 
Epoch: 111/200 Train accuracy: 6.72795e-01 Validation accuracy: 6.72000e-01 Loss 1.07391e-02 Time taken: 1.53 seconds 
Epoch: 112/200 Train accuracy: 6.77569e-01 Validation accuracy: 6.71333e-01 Loss 1.07033e-02 Time taken: 1.51 seconds 
Epoch: 113/200 Train accuracy: 6.74505e-01 Validation accuracy: 6.75667e-01 Loss 1.07055e-02 Time taken: 1.54 seconds 
Epoch: 114/200 Train accuracy: 6.75217e-01 Validation accuracy: 6.73000e-01 Loss 1.07033e-02 Time taken: 1.54 seconds 
Epoch: 115/200 Train accuracy: 6.77284e-01 Validation accuracy: 6.79000e-01 Loss 1.06952e-02 Time taken: 1.52 seconds 
Epoch: 116/200 Train accuracy: 6.78851e-01 Validation accuracy: 6.79667e-01 Loss 1.06859e-02 Time taken: 1.53 seconds 
Epoch: 117/200 Train accuracy: 6.77498e-01 Validation accuracy: 6.78333e-01 Loss 1.07054e-02 Time taken: 1.53 seconds 
Epoch: 118/200 Train accuracy: 6.77070e-01 Validation accuracy: 6.79333e-01 Loss 1.07029e-02 Time taken: 1.54 seconds 
Epoch: 119/200 Train accuracy: 6.76785e-01 Validation accuracy: 6.78333e-01 Loss 1.06913e-02 Time taken: 1.51 seconds 
Epoch: 120/200 Train accuracy: 6.75289e-01 Validation accuracy: 6.78667e-01 Loss 1.07053e-02 Time taken: 1.53 seconds 
Epoch: 121/200 Train accuracy: 6.78923e-01 Validation accuracy: 6.76667e-01 Loss 1.06785e-02 Time taken: 1.54 seconds 
Epoch: 122/200 Train accuracy: 6.77640e-01 Validation accuracy: 6.79333e-01 Loss 1.06965e-02 Time taken: 1.53 seconds 
Epoch: 123/200 Train accuracy: 6.80348e-01 Validation accuracy: 6.78333e-01 Loss 1.06762e-02 Time taken: 1.53 seconds 
Epoch: 124/200 Train accuracy: 6.78851e-01 Validation accuracy: 6.76000e-01 Loss 1.06865e-02 Time taken: 1.53 seconds 
Epoch: 125/200 Train accuracy: 6.77854e-01 Validation accuracy: 6.78000e-01 Loss 1.06898e-02 Time taken: 1.52 seconds 
Epoch: 126/200 Train accuracy: 6.77212e-01 Validation accuracy: 6.85333e-01 Loss 1.06854e-02 Time taken: 1.54 seconds 
Epoch: 127/200 Train accuracy: 6.78851e-01 Validation accuracy: 6.80000e-01 Loss 1.06937e-02 Time taken: 1.53 seconds 
Epoch: 128/200 Train accuracy: 6.83198e-01 Validation accuracy: 6.78667e-01 Loss 1.06614e-02 Time taken: 1.52 seconds 
Epoch: 129/200 Train accuracy: 6.80419e-01 Validation accuracy: 6.82667e-01 Loss 1.06759e-02 Time taken: 1.52 seconds 
Epoch: 130/200 Train accuracy: 6.84196e-01 Validation accuracy: 6.81333e-01 Loss 1.06550e-02 Time taken: 1.55 seconds 
Epoch: 131/200 Train accuracy: 6.80134e-01 Validation accuracy: 6.82667e-01 Loss 1.06750e-02 Time taken: 1.54 seconds 
Epoch: 132/200 Train accuracy: 6.84053e-01 Validation accuracy: 6.78000e-01 Loss 1.06548e-02 Time taken: 1.52 seconds 
Epoch: 133/200 Train accuracy: 6.78068e-01 Validation accuracy: 6.76333e-01 Loss 1.06937e-02 Time taken: 1.53 seconds 
Epoch: 134/200 Train accuracy: 6.77996e-01 Validation accuracy: 6.84333e-01 Loss 1.06867e-02 Time taken: 1.54 seconds 
Epoch: 135/200 Train accuracy: 6.79706e-01 Validation accuracy: 6.85667e-01 Loss 1.06808e-02 Time taken: 1.53 seconds 
Epoch: 136/200 Train accuracy: 6.78709e-01 Validation accuracy: 6.81333e-01 Loss 1.06809e-02 Time taken: 1.53 seconds 
Epoch: 137/200 Train accuracy: 6.79421e-01 Validation accuracy: 6.79667e-01 Loss 1.06704e-02 Time taken: 1.52 seconds 
Epoch: 138/200 Train accuracy: 6.79350e-01 Validation accuracy: 6.81333e-01 Loss 1.06807e-02 Time taken: 1.54 seconds 
Epoch: 139/200 Train accuracy: 6.81132e-01 Validation accuracy: 6.82000e-01 Loss 1.06654e-02 Time taken: 1.52 seconds 
Epoch: 140/200 Train accuracy: 6.81203e-01 Validation accuracy: 6.81000e-01 Loss 1.06716e-02 Time taken: 1.52 seconds 
Epoch: 141/200 Train accuracy: 6.82200e-01 Validation accuracy: 6.79333e-01 Loss 1.06620e-02 Time taken: 1.54 seconds 
Epoch: 142/200 Train accuracy: 6.82770e-01 Validation accuracy: 6.81000e-01 Loss 1.06618e-02 Time taken: 1.53 seconds 
Epoch: 143/200 Train accuracy: 6.78923e-01 Validation accuracy: 6.82000e-01 Loss 1.06835e-02 Time taken: 1.52 seconds 
Epoch: 144/200 Train accuracy: 6.79208e-01 Validation accuracy: 6.80333e-01 Loss 1.06715e-02 Time taken: 1.52 seconds 
Epoch: 145/200 Train accuracy: 6.80847e-01 Validation accuracy: 6.85000e-01 Loss 1.06690e-02 Time taken: 1.53 seconds 
Epoch: 146/200 Train accuracy: 6.81203e-01 Validation accuracy: 6.84000e-01 Loss 1.06625e-02 Time taken: 1.52 seconds 
Epoch: 147/200 Train accuracy: 6.77426e-01 Validation accuracy: 6.79667e-01 Loss 1.06804e-02 Time taken: 1.52 seconds 
Epoch: 148/200 Train accuracy: 6.80633e-01 Validation accuracy: 6.80333e-01 Loss 1.06602e-02 Time taken: 1.52 seconds 
Epoch: 149/200 Train accuracy: 6.81844e-01 Validation accuracy: 6.74000e-01 Loss 1.06610e-02 Time taken: 1.52 seconds 
Epoch: 150/200 Train accuracy: 6.74006e-01 Validation accuracy: 6.81667e-01 Loss 1.06979e-02 Time taken: 1.53 seconds 
Epoch: 151/200 Train accuracy: 6.81488e-01 Validation accuracy: 6.86667e-01 Loss 1.06566e-02 Time taken: 1.53 seconds 
Epoch: 152/200 Train accuracy: 6.79279e-01 Validation accuracy: 6.85000e-01 Loss 1.06712e-02 Time taken: 1.53 seconds 
Epoch: 153/200 Train accuracy: 6.80847e-01 Validation accuracy: 6.83000e-01 Loss 1.06708e-02 Time taken: 1.53 seconds 
Epoch: 154/200 Train accuracy: 6.79493e-01 Validation accuracy: 6.84333e-01 Loss 1.06765e-02 Time taken: 1.53 seconds 
Epoch: 155/200 Train accuracy: 6.80419e-01 Validation accuracy: 6.79667e-01 Loss 1.06693e-02 Time taken: 1.53 seconds 
Epoch: 156/200 Train accuracy: 6.83412e-01 Validation accuracy: 6.80667e-01 Loss 1.06457e-02 Time taken: 1.52 seconds 
Epoch: 157/200 Train accuracy: 6.77925e-01 Validation accuracy: 6.84000e-01 Loss 1.06715e-02 Time taken: 1.52 seconds 
Epoch: 158/200 Train accuracy: 6.83911e-01 Validation accuracy: 6.82667e-01 Loss 1.06401e-02 Time taken: 1.53 seconds 
Epoch: 159/200 Train accuracy: 6.78139e-01 Validation accuracy: 6.83333e-01 Loss 1.06787e-02 Time taken: 1.52 seconds 
Epoch: 160/200 Train accuracy: 6.80704e-01 Validation accuracy: 6.80667e-01 Loss 1.06693e-02 Time taken: 1.51 seconds 
Epoch: 161/200 Train accuracy: 6.76785e-01 Validation accuracy: 6.82667e-01 Loss 1.06806e-02 Time taken: 1.53 seconds 
Epoch: 162/200 Train accuracy: 6.82770e-01 Validation accuracy: 6.81333e-01 Loss 1.06612e-02 Time taken: 1.53 seconds 
Epoch: 163/200 Train accuracy: 6.84124e-01 Validation accuracy: 6.83667e-01 Loss 1.06542e-02 Time taken: 1.52 seconds 
Epoch: 164/200 Train accuracy: 6.82984e-01 Validation accuracy: 6.83667e-01 Loss 1.06450e-02 Time taken: 1.53 seconds 
Epoch: 165/200 Train accuracy: 6.78923e-01 Validation accuracy: 6.84333e-01 Loss 1.06796e-02 Time taken: 1.53 seconds 
Epoch: 166/200 Train accuracy: 6.75787e-01 Validation accuracy: 6.78000e-01 Loss 1.06814e-02 Time taken: 1.52 seconds 
Epoch: 167/200 Train accuracy: 6.83340e-01 Validation accuracy: 6.85000e-01 Loss 1.06573e-02 Time taken: 1.52 seconds 
Epoch: 168/200 Train accuracy: 6.79991e-01 Validation accuracy: 6.83667e-01 Loss 1.06697e-02 Time taken: 1.52 seconds 
Epoch: 169/200 Train accuracy: 6.81274e-01 Validation accuracy: 6.85333e-01 Loss 1.06576e-02 Time taken: 1.53 seconds 
Epoch: 170/200 Train accuracy: 6.80633e-01 Validation accuracy: 6.80667e-01 Loss 1.06638e-02 Time taken: 1.52 seconds 
Epoch: 171/200 Train accuracy: 6.82557e-01 Validation accuracy: 6.84333e-01 Loss 1.06550e-02 Time taken: 1.52 seconds 
Epoch: 172/200 Train accuracy: 6.83269e-01 Validation accuracy: 6.83000e-01 Loss 1.06464e-02 Time taken: 1.52 seconds 
Epoch: 173/200 Train accuracy: 6.84481e-01 Validation accuracy: 6.83333e-01 Loss 1.06305e-02 Time taken: 1.52 seconds 
Epoch: 174/200 Train accuracy: 6.82770e-01 Validation accuracy: 6.84000e-01 Loss 1.06510e-02 Time taken: 1.53 seconds 
Epoch: 175/200 Train accuracy: 6.81773e-01 Validation accuracy: 6.81000e-01 Loss 1.06570e-02 Time taken: 1.52 seconds 
Epoch: 176/200 Train accuracy: 6.80775e-01 Validation accuracy: 6.81667e-01 Loss 1.06664e-02 Time taken: 1.52 seconds 
Epoch: 177/200 Train accuracy: 6.82129e-01 Validation accuracy: 6.78667e-01 Loss 1.06559e-02 Time taken: 1.52 seconds 
Epoch: 178/200 Train accuracy: 6.76785e-01 Validation accuracy: 6.85667e-01 Loss 1.06832e-02 Time taken: 1.53 seconds 
Epoch: 179/200 Train accuracy: 6.80775e-01 Validation accuracy: 6.85000e-01 Loss 1.06582e-02 Time taken: 1.52 seconds 
Epoch: 180/200 Train accuracy: 6.80348e-01 Validation accuracy: 6.89333e-01 Loss 1.06664e-02 Time taken: 1.52 seconds 
Epoch: 181/200 Train accuracy: 6.83483e-01 Validation accuracy: 6.83333e-01 Loss 1.06430e-02 Time taken: 1.52 seconds 
Epoch: 182/200 Train accuracy: 6.80348e-01 Validation accuracy: 6.85667e-01 Loss 1.06685e-02 Time taken: 1.53 seconds 
Epoch: 183/200 Train accuracy: 6.83412e-01 Validation accuracy: 6.87333e-01 Loss 1.06380e-02 Time taken: 1.53 seconds 
Epoch: 184/200 Train accuracy: 6.80561e-01 Validation accuracy: 6.85333e-01 Loss 1.06630e-02 Time taken: 1.51 seconds 
Epoch: 185/200 Train accuracy: 6.81274e-01 Validation accuracy: 6.84667e-01 Loss 1.06484e-02 Time taken: 1.53 seconds 
Epoch: 186/200 Train accuracy: 6.84481e-01 Validation accuracy: 6.81667e-01 Loss 1.06460e-02 Time taken: 1.53 seconds 
Epoch: 187/200 Train accuracy: 6.80134e-01 Validation accuracy: 6.85667e-01 Loss 1.06576e-02 Time taken: 1.52 seconds 
Epoch: 188/200 Train accuracy: 6.86618e-01 Validation accuracy: 6.90333e-01 Loss 1.06336e-02 Time taken: 1.52 seconds 
Epoch: 189/200 Train accuracy: 6.78353e-01 Validation accuracy: 6.82667e-01 Loss 1.06824e-02 Time taken: 1.54 seconds 
Epoch: 190/200 Train accuracy: 6.84409e-01 Validation accuracy: 6.85667e-01 Loss 1.06394e-02 Time taken: 1.54 seconds 
Epoch: 191/200 Train accuracy: 6.80561e-01 Validation accuracy: 6.83333e-01 Loss 1.06580e-02 Time taken: 1.51 seconds 
Epoch: 192/200 Train accuracy: 6.83055e-01 Validation accuracy: 6.79000e-01 Loss 1.06406e-02 Time taken: 1.53 seconds 
Epoch: 193/200 Train accuracy: 6.81274e-01 Validation accuracy: 6.77333e-01 Loss 1.06651e-02 Time taken: 1.52 seconds 
Epoch: 194/200 Train accuracy: 6.83911e-01 Validation accuracy: 6.85000e-01 Loss 1.06522e-02 Time taken: 1.52 seconds 
Epoch: 195/200 Train accuracy: 6.81203e-01 Validation accuracy: 6.81000e-01 Loss 1.06538e-02 Time taken: 1.52 seconds 
Epoch: 196/200 Train accuracy: 6.81132e-01 Validation accuracy: 6.83667e-01 Loss 1.06507e-02 Time taken: 1.51 seconds 
Epoch: 197/200 Train accuracy: 6.79564e-01 Validation accuracy: 6.84333e-01 Loss 1.06785e-02 Time taken: 1.52 seconds 
Epoch: 198/200 Train accuracy: 6.82058e-01 Validation accuracy: 6.88333e-01 Loss 1.06584e-02 Time taken: 1.52 seconds 
Epoch: 199/200 Train accuracy: 6.84267e-01 Validation accuracy: 6.70000e-01 Loss 1.06387e-02 Time taken: 1.52 seconds 
Epoch: 200/200 Train accuracy: 6.82200e-01 Validation accuracy: 6.89000e-01 Loss 1.06554e-02 Time taken: 1.52 seconds 
Total time taken 0:05:06.265572
Cleaning up intermediate feature (.pt) files
Done


working on file logs_PKT_full/iic-train-PKTwhole-seed43/jepa-iic-PKTwhole-seed43-ep300.pth.tar ...
