Directory classifiers/jepa-iic-PKTwhole-seed43-classifier-pretrained-vitb-normalized-ep300 for saving the classifiers is now present
VisionTransformer(
  (patch_embed): PatchEmbed(
    (proj): Conv2d(3, 768, kernel_size=(15, 15), stride=(15, 15))
  )
  (blocks): ModuleList(
    (0-11): 12 x Block(
      (norm1): LayerNorm((768,), eps=1e-06, elementwise_affine=True)
      (attn): Attention(
        (qkv): Linear(in_features=768, out_features=2304, bias=True)
        (attn_drop): Dropout(p=0.0, inplace=False)
        (proj): Linear(in_features=768, out_features=768, bias=True)
        (proj_drop): Dropout(p=0.0, inplace=False)
      )
      (drop_path): Identity()
      (norm2): LayerNorm((768,), eps=1e-06, elementwise_affine=True)
      (mlp): MLP(
        (fc1): Linear(in_features=768, out_features=3072, bias=True)
        (act): GELU(approximate='none')
        (fc2): Linear(in_features=3072, out_features=768, bias=True)
        (drop): Dropout(p=0.0, inplace=False)
      )
    )
  )
  (norm): LayerNorm((768,), eps=1e-06, elementwise_affine=True)
)
Extracting features and saving them locally..
Epoch: 1/200 Train accuracy: 3.60767e-01 Validation accuracy: 5.24000e-01 Loss 1.30715e-02 Time taken: 1.55 seconds 
Epoch: 2/200 Train accuracy: 5.02708e-01 Validation accuracy: 5.70667e-01 Loss 1.21111e-02 Time taken: 1.54 seconds 
Epoch: 3/200 Train accuracy: 5.45889e-01 Validation accuracy: 5.85667e-01 Loss 1.17819e-02 Time taken: 1.55 seconds 
Epoch: 4/200 Train accuracy: 5.63631e-01 Validation accuracy: 6.01000e-01 Loss 1.16254e-02 Time taken: 1.54 seconds 
Epoch: 5/200 Train accuracy: 5.76457e-01 Validation accuracy: 6.11333e-01 Loss 1.15277e-02 Time taken: 1.53 seconds 
Epoch: 6/200 Train accuracy: 5.87288e-01 Validation accuracy: 6.15000e-01 Loss 1.14526e-02 Time taken: 1.53 seconds 
Epoch: 7/200 Train accuracy: 5.99829e-01 Validation accuracy: 6.20333e-01 Loss 1.13601e-02 Time taken: 1.54 seconds 
Epoch: 8/200 Train accuracy: 6.02394e-01 Validation accuracy: 6.20667e-01 Loss 1.13317e-02 Time taken: 1.56 seconds 
Epoch: 9/200 Train accuracy: 6.07952e-01 Validation accuracy: 6.18667e-01 Loss 1.12822e-02 Time taken: 1.55 seconds 
Epoch: 10/200 Train accuracy: 6.11657e-01 Validation accuracy: 6.27667e-01 Loss 1.12449e-02 Time taken: 1.55 seconds 
Epoch: 11/200 Train accuracy: 6.19638e-01 Validation accuracy: 6.24667e-01 Loss 1.11997e-02 Time taken: 1.53 seconds 
Epoch: 12/200 Train accuracy: 6.20849e-01 Validation accuracy: 6.41333e-01 Loss 1.11961e-02 Time taken: 1.53 seconds 
Epoch: 13/200 Train accuracy: 6.23771e-01 Validation accuracy: 6.31667e-01 Loss 1.11583e-02 Time taken: 1.51 seconds 
Epoch: 14/200 Train accuracy: 6.30255e-01 Validation accuracy: 6.38667e-01 Loss 1.11196e-02 Time taken: 1.53 seconds 
Epoch: 15/200 Train accuracy: 6.24840e-01 Validation accuracy: 6.38333e-01 Loss 1.11197e-02 Time taken: 1.56 seconds 
Epoch: 16/200 Train accuracy: 6.33034e-01 Validation accuracy: 6.43333e-01 Loss 1.11018e-02 Time taken: 1.54 seconds 
Epoch: 17/200 Train accuracy: 6.37523e-01 Validation accuracy: 6.49667e-01 Loss 1.10674e-02 Time taken: 1.54 seconds 
Epoch: 18/200 Train accuracy: 6.30113e-01 Validation accuracy: 6.51667e-01 Loss 1.11023e-02 Time taken: 1.51 seconds 
Epoch: 19/200 Train accuracy: 6.39447e-01 Validation accuracy: 6.48000e-01 Loss 1.10414e-02 Time taken: 1.53 seconds 
Epoch: 20/200 Train accuracy: 6.37024e-01 Validation accuracy: 6.48333e-01 Loss 1.10446e-02 Time taken: 1.52 seconds 
Epoch: 21/200 Train accuracy: 6.40587e-01 Validation accuracy: 6.43000e-01 Loss 1.10152e-02 Time taken: 1.53 seconds 
Epoch: 22/200 Train accuracy: 6.41371e-01 Validation accuracy: 6.54000e-01 Loss 1.10164e-02 Time taken: 1.55 seconds 
Epoch: 23/200 Train accuracy: 6.39162e-01 Validation accuracy: 6.55000e-01 Loss 1.10249e-02 Time taken: 1.55 seconds 
Epoch: 24/200 Train accuracy: 6.43794e-01 Validation accuracy: 6.57667e-01 Loss 1.09813e-02 Time taken: 1.54 seconds 
Epoch: 25/200 Train accuracy: 6.45219e-01 Validation accuracy: 6.59000e-01 Loss 1.09912e-02 Time taken: 1.53 seconds 
Epoch: 26/200 Train accuracy: 6.43366e-01 Validation accuracy: 6.55333e-01 Loss 1.09890e-02 Time taken: 1.52 seconds 
Epoch: 27/200 Train accuracy: 6.46216e-01 Validation accuracy: 6.57333e-01 Loss 1.09758e-02 Time taken: 1.51 seconds 
Epoch: 28/200 Train accuracy: 6.45076e-01 Validation accuracy: 6.52333e-01 Loss 1.09802e-02 Time taken: 1.52 seconds 
Epoch: 29/200 Train accuracy: 6.53057e-01 Validation accuracy: 6.53000e-01 Loss 1.09311e-02 Time taken: 1.54 seconds 
Epoch: 30/200 Train accuracy: 6.52059e-01 Validation accuracy: 6.62667e-01 Loss 1.09355e-02 Time taken: 1.54 seconds 
Epoch: 31/200 Train accuracy: 6.50777e-01 Validation accuracy: 6.59333e-01 Loss 1.09366e-02 Time taken: 1.53 seconds 
Epoch: 32/200 Train accuracy: 6.52914e-01 Validation accuracy: 6.58333e-01 Loss 1.09252e-02 Time taken: 1.52 seconds 
Epoch: 33/200 Train accuracy: 6.46573e-01 Validation accuracy: 6.54333e-01 Loss 1.09486e-02 Time taken: 1.53 seconds 
Epoch: 34/200 Train accuracy: 6.48568e-01 Validation accuracy: 6.59000e-01 Loss 1.09259e-02 Time taken: 1.51 seconds 
Epoch: 35/200 Train accuracy: 6.48995e-01 Validation accuracy: 6.59000e-01 Loss 1.09381e-02 Time taken: 1.53 seconds 
Epoch: 36/200 Train accuracy: 6.51917e-01 Validation accuracy: 6.62667e-01 Loss 1.09203e-02 Time taken: 1.55 seconds 
Epoch: 37/200 Train accuracy: 6.51418e-01 Validation accuracy: 6.60000e-01 Loss 1.09302e-02 Time taken: 1.55 seconds 
Epoch: 38/200 Train accuracy: 6.55622e-01 Validation accuracy: 6.56333e-01 Loss 1.08902e-02 Time taken: 1.53 seconds 
Epoch: 39/200 Train accuracy: 6.57332e-01 Validation accuracy: 6.63333e-01 Loss 1.08892e-02 Time taken: 1.51 seconds 
Epoch: 40/200 Train accuracy: 6.51204e-01 Validation accuracy: 6.61333e-01 Loss 1.09224e-02 Time taken: 1.52 seconds 
Epoch: 41/200 Train accuracy: 6.54981e-01 Validation accuracy: 6.65667e-01 Loss 1.08961e-02 Time taken: 1.50 seconds 
Epoch: 42/200 Train accuracy: 6.54838e-01 Validation accuracy: 6.61000e-01 Loss 1.08928e-02 Time taken: 1.52 seconds 
Epoch: 43/200 Train accuracy: 6.54624e-01 Validation accuracy: 6.55667e-01 Loss 1.08893e-02 Time taken: 1.54 seconds 
Epoch: 44/200 Train accuracy: 6.58472e-01 Validation accuracy: 6.63000e-01 Loss 1.08818e-02 Time taken: 1.54 seconds 
Epoch: 45/200 Train accuracy: 6.57760e-01 Validation accuracy: 6.66667e-01 Loss 1.08795e-02 Time taken: 1.54 seconds 
Epoch: 46/200 Train accuracy: 6.54910e-01 Validation accuracy: 6.68333e-01 Loss 1.08937e-02 Time taken: 1.52 seconds 
Epoch: 47/200 Train accuracy: 6.55408e-01 Validation accuracy: 6.65000e-01 Loss 1.08685e-02 Time taken: 1.52 seconds 
Epoch: 48/200 Train accuracy: 6.57617e-01 Validation accuracy: 6.51667e-01 Loss 1.08779e-02 Time taken: 1.51 seconds 
Epoch: 49/200 Train accuracy: 6.63603e-01 Validation accuracy: 6.62333e-01 Loss 1.08574e-02 Time taken: 1.53 seconds 
Epoch: 50/200 Train accuracy: 6.57617e-01 Validation accuracy: 6.59667e-01 Loss 1.08722e-02 Time taken: 1.54 seconds 
Epoch: 51/200 Train accuracy: 6.54482e-01 Validation accuracy: 6.61667e-01 Loss 1.08802e-02 Time taken: 1.54 seconds 
Epoch: 52/200 Train accuracy: 6.55978e-01 Validation accuracy: 6.67333e-01 Loss 1.08822e-02 Time taken: 1.54 seconds 
Epoch: 53/200 Train accuracy: 6.60467e-01 Validation accuracy: 6.56667e-01 Loss 1.08541e-02 Time taken: 1.52 seconds 
Epoch: 54/200 Train accuracy: 6.56121e-01 Validation accuracy: 6.68333e-01 Loss 1.08799e-02 Time taken: 1.52 seconds 
Epoch: 55/200 Train accuracy: 6.60895e-01 Validation accuracy: 6.68000e-01 Loss 1.08437e-02 Time taken: 1.51 seconds 
Epoch: 56/200 Train accuracy: 6.58187e-01 Validation accuracy: 6.65333e-01 Loss 1.08577e-02 Time taken: 1.53 seconds 
Epoch: 57/200 Train accuracy: 6.58259e-01 Validation accuracy: 6.66333e-01 Loss 1.08670e-02 Time taken: 1.55 seconds 
Epoch: 58/200 Train accuracy: 6.60467e-01 Validation accuracy: 6.67000e-01 Loss 1.08590e-02 Time taken: 1.55 seconds 
Epoch: 59/200 Train accuracy: 6.62748e-01 Validation accuracy: 6.60333e-01 Loss 1.08364e-02 Time taken: 1.52 seconds 
Epoch: 60/200 Train accuracy: 6.64458e-01 Validation accuracy: 6.69667e-01 Loss 1.08295e-02 Time taken: 1.51 seconds 
Epoch: 61/200 Train accuracy: 6.63175e-01 Validation accuracy: 6.53333e-01 Loss 1.08482e-02 Time taken: 1.53 seconds 
Epoch: 62/200 Train accuracy: 6.62249e-01 Validation accuracy: 6.64000e-01 Loss 1.08433e-02 Time taken: 1.51 seconds 
Epoch: 63/200 Train accuracy: 6.58544e-01 Validation accuracy: 6.56000e-01 Loss 1.08623e-02 Time taken: 1.53 seconds 
Epoch: 64/200 Train accuracy: 6.57332e-01 Validation accuracy: 6.63667e-01 Loss 1.08534e-02 Time taken: 1.55 seconds 
Epoch: 65/200 Train accuracy: 6.63745e-01 Validation accuracy: 6.66333e-01 Loss 1.08266e-02 Time taken: 1.54 seconds 
Epoch: 66/200 Train accuracy: 6.63389e-01 Validation accuracy: 6.57000e-01 Loss 1.08276e-02 Time taken: 1.54 seconds 
Epoch: 67/200 Train accuracy: 6.59969e-01 Validation accuracy: 6.62333e-01 Loss 1.08395e-02 Time taken: 1.51 seconds 
Epoch: 68/200 Train accuracy: 6.63033e-01 Validation accuracy: 6.63000e-01 Loss 1.08230e-02 Time taken: 1.52 seconds 
Epoch: 69/200 Train accuracy: 6.60111e-01 Validation accuracy: 6.65000e-01 Loss 1.08362e-02 Time taken: 1.51 seconds 
Epoch: 70/200 Train accuracy: 6.60182e-01 Validation accuracy: 6.69667e-01 Loss 1.08330e-02 Time taken: 1.53 seconds 
Epoch: 71/200 Train accuracy: 6.60467e-01 Validation accuracy: 6.72000e-01 Loss 1.08327e-02 Time taken: 1.54 seconds 
Epoch: 72/200 Train accuracy: 6.62819e-01 Validation accuracy: 6.62667e-01 Loss 1.08217e-02 Time taken: 1.53 seconds 
Epoch: 73/200 Train accuracy: 6.62106e-01 Validation accuracy: 6.59667e-01 Loss 1.08196e-02 Time taken: 1.53 seconds 
Epoch: 74/200 Train accuracy: 6.59042e-01 Validation accuracy: 6.72333e-01 Loss 1.08456e-02 Time taken: 1.51 seconds 
Epoch: 75/200 Train accuracy: 6.64458e-01 Validation accuracy: 6.63000e-01 Loss 1.08105e-02 Time taken: 1.53 seconds 
Epoch: 76/200 Train accuracy: 6.65669e-01 Validation accuracy: 6.67333e-01 Loss 1.08165e-02 Time taken: 1.52 seconds 
Epoch: 77/200 Train accuracy: 6.65740e-01 Validation accuracy: 6.52333e-01 Loss 1.08094e-02 Time taken: 1.53 seconds 
Epoch: 78/200 Train accuracy: 6.61750e-01 Validation accuracy: 6.71333e-01 Loss 1.08319e-02 Time taken: 1.55 seconds 
Epoch: 79/200 Train accuracy: 6.65669e-01 Validation accuracy: 6.62333e-01 Loss 1.08049e-02 Time taken: 1.54 seconds 
Epoch: 80/200 Train accuracy: 6.60111e-01 Validation accuracy: 6.69667e-01 Loss 1.08324e-02 Time taken: 1.55 seconds 
Epoch: 81/200 Train accuracy: 6.64315e-01 Validation accuracy: 6.63333e-01 Loss 1.08165e-02 Time taken: 1.51 seconds 
Epoch: 82/200 Train accuracy: 6.67094e-01 Validation accuracy: 6.72333e-01 Loss 1.07965e-02 Time taken: 1.52 seconds 
Epoch: 83/200 Train accuracy: 6.59969e-01 Validation accuracy: 6.66000e-01 Loss 1.08308e-02 Time taken: 1.51 seconds 
Epoch: 84/200 Train accuracy: 6.64600e-01 Validation accuracy: 6.66000e-01 Loss 1.08056e-02 Time taken: 1.53 seconds 
Epoch: 85/200 Train accuracy: 6.63531e-01 Validation accuracy: 6.64333e-01 Loss 1.08183e-02 Time taken: 1.54 seconds 
Epoch: 86/200 Train accuracy: 6.67023e-01 Validation accuracy: 6.67667e-01 Loss 1.08035e-02 Time taken: 1.54 seconds 
Epoch: 87/200 Train accuracy: 6.63175e-01 Validation accuracy: 6.62333e-01 Loss 1.08218e-02 Time taken: 1.54 seconds 
Epoch: 88/200 Train accuracy: 6.62391e-01 Validation accuracy: 6.63000e-01 Loss 1.08256e-02 Time taken: 1.52 seconds 
Epoch: 89/200 Train accuracy: 6.63033e-01 Validation accuracy: 6.62667e-01 Loss 1.08068e-02 Time taken: 1.52 seconds 
Epoch: 90/200 Train accuracy: 6.66952e-01 Validation accuracy: 6.68000e-01 Loss 1.07909e-02 Time taken: 1.51 seconds 
Epoch: 91/200 Train accuracy: 6.67237e-01 Validation accuracy: 6.71000e-01 Loss 1.07851e-02 Time taken: 1.53 seconds 
Epoch: 92/200 Train accuracy: 6.67664e-01 Validation accuracy: 6.67333e-01 Loss 1.07901e-02 Time taken: 1.54 seconds 
Epoch: 93/200 Train accuracy: 6.64529e-01 Validation accuracy: 6.62000e-01 Loss 1.08216e-02 Time taken: 1.52 seconds 
Epoch: 94/200 Train accuracy: 6.61037e-01 Validation accuracy: 6.67667e-01 Loss 1.08206e-02 Time taken: 1.54 seconds 
Epoch: 95/200 Train accuracy: 6.66453e-01 Validation accuracy: 6.73000e-01 Loss 1.08008e-02 Time taken: 1.52 seconds 
Epoch: 96/200 Train accuracy: 6.65170e-01 Validation accuracy: 6.58333e-01 Loss 1.08024e-02 Time taken: 1.52 seconds 
Epoch: 97/200 Train accuracy: 6.64957e-01 Validation accuracy: 6.63000e-01 Loss 1.08049e-02 Time taken: 1.51 seconds 
Epoch: 98/200 Train accuracy: 6.63175e-01 Validation accuracy: 6.72333e-01 Loss 1.08039e-02 Time taken: 1.52 seconds 
Epoch: 99/200 Train accuracy: 6.62961e-01 Validation accuracy: 6.66333e-01 Loss 1.08070e-02 Time taken: 1.55 seconds 
Epoch: 100/200 Train accuracy: 6.63745e-01 Validation accuracy: 6.67667e-01 Loss 1.08080e-02 Time taken: 1.53 seconds 
Epoch: 101/200 Train accuracy: 6.66667e-01 Validation accuracy: 6.70000e-01 Loss 1.07991e-02 Time taken: 1.55 seconds 
Epoch: 102/200 Train accuracy: 6.67593e-01 Validation accuracy: 6.65667e-01 Loss 1.07808e-02 Time taken: 1.52 seconds 
Epoch: 103/200 Train accuracy: 6.65527e-01 Validation accuracy: 6.78667e-01 Loss 1.08189e-02 Time taken: 1.52 seconds 
Epoch: 104/200 Train accuracy: 6.68448e-01 Validation accuracy: 6.68333e-01 Loss 1.07841e-02 Time taken: 1.51 seconds 
Epoch: 105/200 Train accuracy: 6.69731e-01 Validation accuracy: 6.66667e-01 Loss 1.07734e-02 Time taken: 1.52 seconds 
Epoch: 106/200 Train accuracy: 6.66952e-01 Validation accuracy: 6.68667e-01 Loss 1.07928e-02 Time taken: 1.55 seconds 
Epoch: 107/200 Train accuracy: 6.69659e-01 Validation accuracy: 6.69000e-01 Loss 1.07758e-02 Time taken: 1.54 seconds 
Epoch: 108/200 Train accuracy: 6.63603e-01 Validation accuracy: 6.77667e-01 Loss 1.08054e-02 Time taken: 1.54 seconds 
Epoch: 109/200 Train accuracy: 6.71655e-01 Validation accuracy: 6.69000e-01 Loss 1.07705e-02 Time taken: 1.52 seconds 
Epoch: 110/200 Train accuracy: 6.69303e-01 Validation accuracy: 6.74000e-01 Loss 1.07792e-02 Time taken: 1.52 seconds 
Epoch: 111/200 Train accuracy: 6.69303e-01 Validation accuracy: 6.64667e-01 Loss 1.07864e-02 Time taken: 1.51 seconds 
Epoch: 112/200 Train accuracy: 6.67807e-01 Validation accuracy: 6.70667e-01 Loss 1.07747e-02 Time taken: 1.52 seconds 
Epoch: 113/200 Train accuracy: 6.65740e-01 Validation accuracy: 6.69667e-01 Loss 1.08017e-02 Time taken: 1.54 seconds 
Epoch: 114/200 Train accuracy: 6.70372e-01 Validation accuracy: 6.65000e-01 Loss 1.07742e-02 Time taken: 1.54 seconds 
Epoch: 115/200 Train accuracy: 6.64386e-01 Validation accuracy: 6.67667e-01 Loss 1.07937e-02 Time taken: 1.55 seconds 
Epoch: 116/200 Train accuracy: 6.65954e-01 Validation accuracy: 6.72667e-01 Loss 1.07805e-02 Time taken: 1.52 seconds 
Epoch: 117/200 Train accuracy: 6.69446e-01 Validation accuracy: 6.69000e-01 Loss 1.07697e-02 Time taken: 1.52 seconds 
Epoch: 118/200 Train accuracy: 6.65384e-01 Validation accuracy: 6.65000e-01 Loss 1.08060e-02 Time taken: 1.51 seconds 
Epoch: 119/200 Train accuracy: 6.65954e-01 Validation accuracy: 6.68667e-01 Loss 1.07905e-02 Time taken: 1.51 seconds 
Epoch: 120/200 Train accuracy: 6.66239e-01 Validation accuracy: 6.63000e-01 Loss 1.07926e-02 Time taken: 1.54 seconds 
Epoch: 121/200 Train accuracy: 6.64244e-01 Validation accuracy: 6.66667e-01 Loss 1.07999e-02 Time taken: 1.53 seconds 
Epoch: 122/200 Train accuracy: 6.64957e-01 Validation accuracy: 6.74000e-01 Loss 1.07993e-02 Time taken: 1.54 seconds 
Epoch: 123/200 Train accuracy: 6.66738e-01 Validation accuracy: 6.75333e-01 Loss 1.07932e-02 Time taken: 1.52 seconds 
Epoch: 124/200 Train accuracy: 6.69731e-01 Validation accuracy: 6.67333e-01 Loss 1.07766e-02 Time taken: 1.52 seconds 
Epoch: 125/200 Train accuracy: 6.66880e-01 Validation accuracy: 6.72667e-01 Loss 1.07812e-02 Time taken: 1.53 seconds 
Epoch: 126/200 Train accuracy: 6.67023e-01 Validation accuracy: 6.74333e-01 Loss 1.07868e-02 Time taken: 1.53 seconds 
Epoch: 127/200 Train accuracy: 6.71868e-01 Validation accuracy: 6.69667e-01 Loss 1.07554e-02 Time taken: 1.55 seconds 
Epoch: 128/200 Train accuracy: 6.69374e-01 Validation accuracy: 6.65000e-01 Loss 1.07634e-02 Time taken: 1.54 seconds 
Epoch: 129/200 Train accuracy: 6.67807e-01 Validation accuracy: 6.67667e-01 Loss 1.07699e-02 Time taken: 1.55 seconds 
Epoch: 130/200 Train accuracy: 6.68306e-01 Validation accuracy: 6.76333e-01 Loss 1.07755e-02 Time taken: 1.52 seconds 
Epoch: 131/200 Train accuracy: 6.70016e-01 Validation accuracy: 6.69667e-01 Loss 1.07748e-02 Time taken: 1.52 seconds 
Epoch: 132/200 Train accuracy: 6.70301e-01 Validation accuracy: 6.74667e-01 Loss 1.07678e-02 Time taken: 1.53 seconds 
Epoch: 133/200 Train accuracy: 6.69517e-01 Validation accuracy: 6.69333e-01 Loss 1.07613e-02 Time taken: 1.52 seconds 
Epoch: 134/200 Train accuracy: 6.66952e-01 Validation accuracy: 6.69000e-01 Loss 1.07804e-02 Time taken: 1.55 seconds 
Epoch: 135/200 Train accuracy: 6.65812e-01 Validation accuracy: 6.72000e-01 Loss 1.07848e-02 Time taken: 1.54 seconds 
Epoch: 136/200 Train accuracy: 6.68876e-01 Validation accuracy: 6.75667e-01 Loss 1.07850e-02 Time taken: 1.54 seconds 
Epoch: 137/200 Train accuracy: 6.72011e-01 Validation accuracy: 6.70667e-01 Loss 1.07526e-02 Time taken: 1.53 seconds 
Epoch: 138/200 Train accuracy: 6.66809e-01 Validation accuracy: 6.72000e-01 Loss 1.07854e-02 Time taken: 1.52 seconds 
Epoch: 139/200 Train accuracy: 6.67878e-01 Validation accuracy: 6.73333e-01 Loss 1.07716e-02 Time taken: 1.52 seconds 
Epoch: 140/200 Train accuracy: 6.69161e-01 Validation accuracy: 6.67333e-01 Loss 1.07645e-02 Time taken: 1.53 seconds 
Epoch: 141/200 Train accuracy: 6.69731e-01 Validation accuracy: 6.76333e-01 Loss 1.07710e-02 Time taken: 1.55 seconds 
Epoch: 142/200 Train accuracy: 6.68448e-01 Validation accuracy: 6.71667e-01 Loss 1.07745e-02 Time taken: 1.54 seconds 
Epoch: 143/200 Train accuracy: 6.63603e-01 Validation accuracy: 6.74000e-01 Loss 1.08013e-02 Time taken: 1.55 seconds 
Epoch: 144/200 Train accuracy: 6.67878e-01 Validation accuracy: 6.69667e-01 Loss 1.07751e-02 Time taken: 1.53 seconds 
Epoch: 145/200 Train accuracy: 6.67807e-01 Validation accuracy: 6.72667e-01 Loss 1.07613e-02 Time taken: 1.51 seconds 
Epoch: 146/200 Train accuracy: 6.64244e-01 Validation accuracy: 6.73333e-01 Loss 1.07969e-02 Time taken: 1.52 seconds 
Epoch: 147/200 Train accuracy: 6.70016e-01 Validation accuracy: 6.77333e-01 Loss 1.07686e-02 Time taken: 1.52 seconds 
Epoch: 148/200 Train accuracy: 6.69731e-01 Validation accuracy: 6.77667e-01 Loss 1.07682e-02 Time taken: 1.54 seconds 
Epoch: 149/200 Train accuracy: 6.68876e-01 Validation accuracy: 6.66000e-01 Loss 1.07761e-02 Time taken: 1.54 seconds 
Epoch: 150/200 Train accuracy: 6.65028e-01 Validation accuracy: 6.75333e-01 Loss 1.07843e-02 Time taken: 1.55 seconds 
Epoch: 151/200 Train accuracy: 6.66453e-01 Validation accuracy: 6.66333e-01 Loss 1.07781e-02 Time taken: 1.52 seconds 
Epoch: 152/200 Train accuracy: 6.63745e-01 Validation accuracy: 6.71667e-01 Loss 1.08001e-02 Time taken: 1.52 seconds 
Epoch: 153/200 Train accuracy: 6.67308e-01 Validation accuracy: 6.77333e-01 Loss 1.07738e-02 Time taken: 1.53 seconds 
Epoch: 154/200 Train accuracy: 6.70087e-01 Validation accuracy: 6.74667e-01 Loss 1.07567e-02 Time taken: 1.53 seconds 
Epoch: 155/200 Train accuracy: 6.66524e-01 Validation accuracy: 6.68667e-01 Loss 1.07820e-02 Time taken: 1.54 seconds 
Epoch: 156/200 Train accuracy: 6.70871e-01 Validation accuracy: 6.73667e-01 Loss 1.07646e-02 Time taken: 1.54 seconds 
Epoch: 157/200 Train accuracy: 6.67878e-01 Validation accuracy: 6.74000e-01 Loss 1.07719e-02 Time taken: 1.55 seconds 
Epoch: 158/200 Train accuracy: 6.72723e-01 Validation accuracy: 6.77000e-01 Loss 1.07533e-02 Time taken: 1.51 seconds 
Epoch: 159/200 Train accuracy: 6.67878e-01 Validation accuracy: 6.76667e-01 Loss 1.07747e-02 Time taken: 1.51 seconds 
Epoch: 160/200 Train accuracy: 6.65954e-01 Validation accuracy: 6.74000e-01 Loss 1.07743e-02 Time taken: 1.52 seconds 
Epoch: 161/200 Train accuracy: 6.68092e-01 Validation accuracy: 6.73667e-01 Loss 1.07647e-02 Time taken: 1.53 seconds 
Epoch: 162/200 Train accuracy: 6.69659e-01 Validation accuracy: 6.70667e-01 Loss 1.07474e-02 Time taken: 1.54 seconds 
Epoch: 163/200 Train accuracy: 6.64814e-01 Validation accuracy: 6.72667e-01 Loss 1.07806e-02 Time taken: 1.54 seconds 
Epoch: 164/200 Train accuracy: 6.65812e-01 Validation accuracy: 6.70333e-01 Loss 1.07684e-02 Time taken: 1.55 seconds 
Epoch: 165/200 Train accuracy: 6.65527e-01 Validation accuracy: 6.73667e-01 Loss 1.07786e-02 Time taken: 1.52 seconds 
Epoch: 166/200 Train accuracy: 6.70087e-01 Validation accuracy: 6.73333e-01 Loss 1.07550e-02 Time taken: 1.53 seconds 
Epoch: 167/200 Train accuracy: 6.70301e-01 Validation accuracy: 6.77667e-01 Loss 1.07542e-02 Time taken: 1.52 seconds 
Epoch: 168/200 Train accuracy: 6.66524e-01 Validation accuracy: 6.59000e-01 Loss 1.07696e-02 Time taken: 1.52 seconds 
Epoch: 169/200 Train accuracy: 6.71085e-01 Validation accuracy: 6.72000e-01 Loss 1.07653e-02 Time taken: 1.57 seconds 
Epoch: 170/200 Train accuracy: 6.66738e-01 Validation accuracy: 6.78333e-01 Loss 1.07697e-02 Time taken: 1.55 seconds 
Epoch: 171/200 Train accuracy: 6.65527e-01 Validation accuracy: 6.75667e-01 Loss 1.07802e-02 Time taken: 1.54 seconds 
Epoch: 172/200 Train accuracy: 6.70301e-01 Validation accuracy: 6.79333e-01 Loss 1.07572e-02 Time taken: 1.51 seconds 
Epoch: 173/200 Train accuracy: 6.72011e-01 Validation accuracy: 6.77000e-01 Loss 1.07417e-02 Time taken: 1.53 seconds 
Epoch: 174/200 Train accuracy: 6.70728e-01 Validation accuracy: 6.69667e-01 Loss 1.07560e-02 Time taken: 1.52 seconds 
Epoch: 175/200 Train accuracy: 6.68448e-01 Validation accuracy: 6.71667e-01 Loss 1.07642e-02 Time taken: 1.53 seconds 
Epoch: 176/200 Train accuracy: 6.69731e-01 Validation accuracy: 6.78333e-01 Loss 1.07606e-02 Time taken: 1.54 seconds 
Epoch: 177/200 Train accuracy: 6.71441e-01 Validation accuracy: 6.71667e-01 Loss 1.07428e-02 Time taken: 1.54 seconds 
Epoch: 178/200 Train accuracy: 6.72510e-01 Validation accuracy: 6.77667e-01 Loss 1.07471e-02 Time taken: 1.55 seconds 
Epoch: 179/200 Train accuracy: 6.68733e-01 Validation accuracy: 6.73000e-01 Loss 1.07605e-02 Time taken: 1.51 seconds 
Epoch: 180/200 Train accuracy: 6.72082e-01 Validation accuracy: 6.77333e-01 Loss 1.07430e-02 Time taken: 1.53 seconds 
Epoch: 181/200 Train accuracy: 6.67664e-01 Validation accuracy: 6.64000e-01 Loss 1.07719e-02 Time taken: 1.52 seconds 
Epoch: 182/200 Train accuracy: 6.67094e-01 Validation accuracy: 6.67000e-01 Loss 1.07597e-02 Time taken: 1.52 seconds 
Epoch: 183/200 Train accuracy: 6.72438e-01 Validation accuracy: 6.78000e-01 Loss 1.07371e-02 Time taken: 1.55 seconds 
Epoch: 184/200 Train accuracy: 6.62890e-01 Validation accuracy: 6.72000e-01 Loss 1.07820e-02 Time taken: 1.54 seconds 
Epoch: 185/200 Train accuracy: 6.68306e-01 Validation accuracy: 6.75333e-01 Loss 1.07627e-02 Time taken: 1.54 seconds 
Epoch: 186/200 Train accuracy: 6.72723e-01 Validation accuracy: 6.72333e-01 Loss 1.07377e-02 Time taken: 1.51 seconds 
Epoch: 187/200 Train accuracy: 6.69944e-01 Validation accuracy: 6.75000e-01 Loss 1.07582e-02 Time taken: 1.52 seconds 
Epoch: 188/200 Train accuracy: 6.65099e-01 Validation accuracy: 6.77000e-01 Loss 1.07791e-02 Time taken: 1.52 seconds 
Epoch: 189/200 Train accuracy: 6.68306e-01 Validation accuracy: 6.77333e-01 Loss 1.07660e-02 Time taken: 1.52 seconds 
Epoch: 190/200 Train accuracy: 6.71583e-01 Validation accuracy: 6.71000e-01 Loss 1.07487e-02 Time taken: 1.53 seconds 
Epoch: 191/200 Train accuracy: 6.72795e-01 Validation accuracy: 6.74333e-01 Loss 1.07381e-02 Time taken: 1.53 seconds 
Epoch: 192/200 Train accuracy: 6.70871e-01 Validation accuracy: 6.74333e-01 Loss 1.07397e-02 Time taken: 1.54 seconds 
Epoch: 193/200 Train accuracy: 6.66667e-01 Validation accuracy: 6.78667e-01 Loss 1.07634e-02 Time taken: 1.51 seconds 
Epoch: 194/200 Train accuracy: 6.68733e-01 Validation accuracy: 6.72333e-01 Loss 1.07568e-02 Time taken: 1.52 seconds 
Epoch: 195/200 Train accuracy: 6.72510e-01 Validation accuracy: 6.73000e-01 Loss 1.07555e-02 Time taken: 1.53 seconds 
Epoch: 196/200 Train accuracy: 6.71370e-01 Validation accuracy: 6.81000e-01 Loss 1.07597e-02 Time taken: 1.52 seconds 
Epoch: 197/200 Train accuracy: 6.68591e-01 Validation accuracy: 6.76667e-01 Loss 1.07650e-02 Time taken: 1.55 seconds 
Epoch: 198/200 Train accuracy: 6.68234e-01 Validation accuracy: 6.75000e-01 Loss 1.07644e-02 Time taken: 1.55 seconds 
Epoch: 199/200 Train accuracy: 6.70016e-01 Validation accuracy: 6.73333e-01 Loss 1.07488e-02 Time taken: 1.55 seconds 
Epoch: 200/200 Train accuracy: 6.70657e-01 Validation accuracy: 6.75667e-01 Loss 1.07419e-02 Time taken: 1.52 seconds 
Total time taken 0:05:07.213058
Cleaning up intermediate feature (.pt) files
Done


working on file logs_PKT_full/iic-train-PKTwhole-seed43/jepa-iic-PKTwhole-seed43-ep40.pth.tar ...
