Directory classifiers/jepa-iic-PKTwhole-seed43-classifier-pretrained-vitb-normalized-ep150 for saving the classifiers is now present
VisionTransformer(
  (patch_embed): PatchEmbed(
    (proj): Conv2d(3, 768, kernel_size=(15, 15), stride=(15, 15))
  )
  (blocks): ModuleList(
    (0-11): 12 x Block(
      (norm1): LayerNorm((768,), eps=1e-06, elementwise_affine=True)
      (attn): Attention(
        (qkv): Linear(in_features=768, out_features=2304, bias=True)
        (attn_drop): Dropout(p=0.0, inplace=False)
        (proj): Linear(in_features=768, out_features=768, bias=True)
        (proj_drop): Dropout(p=0.0, inplace=False)
      )
      (drop_path): Identity()
      (norm2): LayerNorm((768,), eps=1e-06, elementwise_affine=True)
      (mlp): MLP(
        (fc1): Linear(in_features=768, out_features=3072, bias=True)
        (act): GELU(approximate='none')
        (fc2): Linear(in_features=3072, out_features=768, bias=True)
        (drop): Dropout(p=0.0, inplace=False)
      )
    )
  )
  (norm): LayerNorm((768,), eps=1e-06, elementwise_affine=True)
)
Extracting features and saving them locally..
Epoch: 1/200 Train accuracy: 4.96508e-01 Validation accuracy: 6.60000e-01 Loss 1.20772e-02 Time taken: 1.53 seconds 
Epoch: 2/200 Train accuracy: 6.57760e-01 Validation accuracy: 6.87000e-01 Loss 1.08946e-02 Time taken: 1.53 seconds 
Epoch: 3/200 Train accuracy: 6.76144e-01 Validation accuracy: 6.87667e-01 Loss 1.07188e-02 Time taken: 1.51 seconds 
Epoch: 4/200 Train accuracy: 6.86119e-01 Validation accuracy: 7.01333e-01 Loss 1.06530e-02 Time taken: 1.54 seconds 
Epoch: 5/200 Train accuracy: 6.98803e-01 Validation accuracy: 7.07667e-01 Loss 1.05694e-02 Time taken: 1.54 seconds 
Epoch: 6/200 Train accuracy: 6.98518e-01 Validation accuracy: 7.13333e-01 Loss 1.05332e-02 Time taken: 1.54 seconds 
Epoch: 7/200 Train accuracy: 7.08280e-01 Validation accuracy: 7.07000e-01 Loss 1.04794e-02 Time taken: 1.53 seconds 
Epoch: 8/200 Train accuracy: 7.06997e-01 Validation accuracy: 7.16667e-01 Loss 1.04624e-02 Time taken: 1.54 seconds 
Epoch: 9/200 Train accuracy: 7.12270e-01 Validation accuracy: 7.12000e-01 Loss 1.04343e-02 Time taken: 1.54 seconds 
Epoch: 10/200 Train accuracy: 7.14337e-01 Validation accuracy: 7.08333e-01 Loss 1.04233e-02 Time taken: 1.54 seconds 
Epoch: 11/200 Train accuracy: 7.14978e-01 Validation accuracy: 7.19000e-01 Loss 1.04091e-02 Time taken: 1.53 seconds 
Epoch: 12/200 Train accuracy: 7.17899e-01 Validation accuracy: 7.20333e-01 Loss 1.03957e-02 Time taken: 1.53 seconds 
Epoch: 13/200 Train accuracy: 7.17971e-01 Validation accuracy: 7.25000e-01 Loss 1.03855e-02 Time taken: 1.53 seconds 
Epoch: 14/200 Train accuracy: 7.22175e-01 Validation accuracy: 7.17000e-01 Loss 1.03489e-02 Time taken: 1.52 seconds 
Epoch: 15/200 Train accuracy: 7.23742e-01 Validation accuracy: 7.22333e-01 Loss 1.03542e-02 Time taken: 1.53 seconds 
Epoch: 16/200 Train accuracy: 7.21248e-01 Validation accuracy: 7.23667e-01 Loss 1.03595e-02 Time taken: 1.52 seconds 
Epoch: 17/200 Train accuracy: 7.26450e-01 Validation accuracy: 7.22000e-01 Loss 1.03355e-02 Time taken: 1.53 seconds 
Epoch: 18/200 Train accuracy: 7.23671e-01 Validation accuracy: 7.22667e-01 Loss 1.03359e-02 Time taken: 1.53 seconds 
Epoch: 19/200 Train accuracy: 7.26735e-01 Validation accuracy: 7.23667e-01 Loss 1.03220e-02 Time taken: 1.53 seconds 
Epoch: 20/200 Train accuracy: 7.28160e-01 Validation accuracy: 7.25333e-01 Loss 1.03107e-02 Time taken: 1.53 seconds 
Epoch: 21/200 Train accuracy: 7.28873e-01 Validation accuracy: 7.22667e-01 Loss 1.03015e-02 Time taken: 1.51 seconds 
Epoch: 22/200 Train accuracy: 7.32079e-01 Validation accuracy: 7.33000e-01 Loss 1.02840e-02 Time taken: 1.54 seconds 
Epoch: 23/200 Train accuracy: 7.30797e-01 Validation accuracy: 7.25000e-01 Loss 1.02907e-02 Time taken: 1.53 seconds 
Epoch: 24/200 Train accuracy: 7.29942e-01 Validation accuracy: 7.34000e-01 Loss 1.02852e-02 Time taken: 1.54 seconds 
Epoch: 25/200 Train accuracy: 7.33077e-01 Validation accuracy: 7.32000e-01 Loss 1.02808e-02 Time taken: 1.52 seconds 
Epoch: 26/200 Train accuracy: 7.31652e-01 Validation accuracy: 7.31667e-01 Loss 1.02795e-02 Time taken: 1.53 seconds 
Epoch: 27/200 Train accuracy: 7.34787e-01 Validation accuracy: 7.30000e-01 Loss 1.02691e-02 Time taken: 1.53 seconds 
Epoch: 28/200 Train accuracy: 7.33291e-01 Validation accuracy: 7.29000e-01 Loss 1.02680e-02 Time taken: 1.51 seconds 
Epoch: 29/200 Train accuracy: 7.33362e-01 Validation accuracy: 7.32000e-01 Loss 1.02628e-02 Time taken: 1.52 seconds 
Epoch: 30/200 Train accuracy: 7.31580e-01 Validation accuracy: 7.35333e-01 Loss 1.02701e-02 Time taken: 1.52 seconds 
Epoch: 31/200 Train accuracy: 7.34716e-01 Validation accuracy: 7.37000e-01 Loss 1.02578e-02 Time taken: 1.52 seconds 
Epoch: 32/200 Train accuracy: 7.34217e-01 Validation accuracy: 7.32667e-01 Loss 1.02555e-02 Time taken: 1.51 seconds 
Epoch: 33/200 Train accuracy: 7.33077e-01 Validation accuracy: 7.36000e-01 Loss 1.02541e-02 Time taken: 1.51 seconds 
Epoch: 34/200 Train accuracy: 7.37281e-01 Validation accuracy: 7.35333e-01 Loss 1.02432e-02 Time taken: 1.51 seconds 
Epoch: 35/200 Train accuracy: 7.37138e-01 Validation accuracy: 7.32333e-01 Loss 1.02507e-02 Time taken: 1.50 seconds 
Epoch: 36/200 Train accuracy: 7.37851e-01 Validation accuracy: 7.32000e-01 Loss 1.02394e-02 Time taken: 1.51 seconds 
Epoch: 37/200 Train accuracy: 7.35001e-01 Validation accuracy: 7.30000e-01 Loss 1.02457e-02 Time taken: 1.51 seconds 
Epoch: 38/200 Train accuracy: 7.37423e-01 Validation accuracy: 7.32000e-01 Loss 1.02337e-02 Time taken: 1.50 seconds 
Epoch: 39/200 Train accuracy: 7.36711e-01 Validation accuracy: 7.39333e-01 Loss 1.02352e-02 Time taken: 1.52 seconds 
Epoch: 40/200 Train accuracy: 7.40202e-01 Validation accuracy: 7.31000e-01 Loss 1.02337e-02 Time taken: 1.52 seconds 
Epoch: 41/200 Train accuracy: 7.38136e-01 Validation accuracy: 7.34000e-01 Loss 1.02259e-02 Time taken: 1.52 seconds 
Epoch: 42/200 Train accuracy: 7.40274e-01 Validation accuracy: 7.33000e-01 Loss 1.02167e-02 Time taken: 1.50 seconds 
Epoch: 43/200 Train accuracy: 7.38492e-01 Validation accuracy: 7.33000e-01 Loss 1.02285e-02 Time taken: 1.51 seconds 
Epoch: 44/200 Train accuracy: 7.40487e-01 Validation accuracy: 7.27333e-01 Loss 1.02100e-02 Time taken: 1.52 seconds 
Epoch: 45/200 Train accuracy: 7.38492e-01 Validation accuracy: 7.35333e-01 Loss 1.02260e-02 Time taken: 1.50 seconds 
Epoch: 46/200 Train accuracy: 7.38278e-01 Validation accuracy: 7.37667e-01 Loss 1.02347e-02 Time taken: 1.51 seconds 
Epoch: 47/200 Train accuracy: 7.36640e-01 Validation accuracy: 7.34667e-01 Loss 1.02328e-02 Time taken: 1.51 seconds 
Epoch: 48/200 Train accuracy: 7.38706e-01 Validation accuracy: 7.30333e-01 Loss 1.02173e-02 Time taken: 1.51 seconds 
Epoch: 49/200 Train accuracy: 7.37423e-01 Validation accuracy: 7.38333e-01 Loss 1.02248e-02 Time taken: 1.52 seconds 
Epoch: 50/200 Train accuracy: 7.40559e-01 Validation accuracy: 7.38333e-01 Loss 1.02084e-02 Time taken: 1.51 seconds 
Epoch: 51/200 Train accuracy: 7.36925e-01 Validation accuracy: 7.37333e-01 Loss 1.02180e-02 Time taken: 1.51 seconds 
Epoch: 52/200 Train accuracy: 7.39347e-01 Validation accuracy: 7.39000e-01 Loss 1.02174e-02 Time taken: 1.51 seconds 
Epoch: 53/200 Train accuracy: 7.39917e-01 Validation accuracy: 7.39667e-01 Loss 1.02138e-02 Time taken: 1.52 seconds 
Epoch: 54/200 Train accuracy: 7.42839e-01 Validation accuracy: 7.32333e-01 Loss 1.01973e-02 Time taken: 1.51 seconds 
Epoch: 55/200 Train accuracy: 7.40202e-01 Validation accuracy: 7.34000e-01 Loss 1.02168e-02 Time taken: 1.51 seconds 
Epoch: 56/200 Train accuracy: 7.39419e-01 Validation accuracy: 7.36667e-01 Loss 1.02020e-02 Time taken: 1.51 seconds 
Epoch: 57/200 Train accuracy: 7.40772e-01 Validation accuracy: 7.37667e-01 Loss 1.02023e-02 Time taken: 1.51 seconds 
Epoch: 58/200 Train accuracy: 7.43623e-01 Validation accuracy: 7.36667e-01 Loss 1.01919e-02 Time taken: 1.51 seconds 
Epoch: 59/200 Train accuracy: 7.43979e-01 Validation accuracy: 7.40000e-01 Loss 1.01967e-02 Time taken: 1.51 seconds 
Epoch: 60/200 Train accuracy: 7.40844e-01 Validation accuracy: 7.30667e-01 Loss 1.02055e-02 Time taken: 1.52 seconds 
Epoch: 61/200 Train accuracy: 7.40131e-01 Validation accuracy: 7.39667e-01 Loss 1.02137e-02 Time taken: 1.51 seconds 
Epoch: 62/200 Train accuracy: 7.42625e-01 Validation accuracy: 7.39333e-01 Loss 1.01832e-02 Time taken: 1.51 seconds 
Epoch: 63/200 Train accuracy: 7.44406e-01 Validation accuracy: 7.37667e-01 Loss 1.01816e-02 Time taken: 1.52 seconds 
Epoch: 64/200 Train accuracy: 7.42981e-01 Validation accuracy: 7.36000e-01 Loss 1.01945e-02 Time taken: 1.51 seconds 
Epoch: 65/200 Train accuracy: 7.40416e-01 Validation accuracy: 7.41333e-01 Loss 1.02071e-02 Time taken: 1.51 seconds 
Epoch: 66/200 Train accuracy: 7.43338e-01 Validation accuracy: 7.41333e-01 Loss 1.01888e-02 Time taken: 1.52 seconds 
Epoch: 67/200 Train accuracy: 7.43338e-01 Validation accuracy: 7.38333e-01 Loss 1.01903e-02 Time taken: 1.51 seconds 
Epoch: 68/200 Train accuracy: 7.44549e-01 Validation accuracy: 7.37000e-01 Loss 1.01783e-02 Time taken: 1.52 seconds 
Epoch: 69/200 Train accuracy: 7.44976e-01 Validation accuracy: 7.35000e-01 Loss 1.01817e-02 Time taken: 1.50 seconds 
Epoch: 70/200 Train accuracy: 7.41841e-01 Validation accuracy: 7.38333e-01 Loss 1.01885e-02 Time taken: 1.52 seconds 
Epoch: 71/200 Train accuracy: 7.39632e-01 Validation accuracy: 7.40000e-01 Loss 1.01965e-02 Time taken: 1.51 seconds 
Epoch: 72/200 Train accuracy: 7.42411e-01 Validation accuracy: 7.33000e-01 Loss 1.01952e-02 Time taken: 1.51 seconds 
Epoch: 73/200 Train accuracy: 7.44050e-01 Validation accuracy: 7.39667e-01 Loss 1.01761e-02 Time taken: 1.51 seconds 
Epoch: 74/200 Train accuracy: 7.44121e-01 Validation accuracy: 7.41333e-01 Loss 1.01829e-02 Time taken: 1.52 seconds 
Epoch: 75/200 Train accuracy: 7.41627e-01 Validation accuracy: 7.40667e-01 Loss 1.01857e-02 Time taken: 1.51 seconds 
Epoch: 76/200 Train accuracy: 7.49038e-01 Validation accuracy: 7.42000e-01 Loss 1.01522e-02 Time taken: 1.51 seconds 
Epoch: 77/200 Train accuracy: 7.41556e-01 Validation accuracy: 7.39000e-01 Loss 1.01951e-02 Time taken: 1.52 seconds 
Epoch: 78/200 Train accuracy: 7.43836e-01 Validation accuracy: 7.30000e-01 Loss 1.01919e-02 Time taken: 1.52 seconds 
Epoch: 79/200 Train accuracy: 7.43765e-01 Validation accuracy: 7.36333e-01 Loss 1.01797e-02 Time taken: 1.50 seconds 
Epoch: 80/200 Train accuracy: 7.43694e-01 Validation accuracy: 7.43667e-01 Loss 1.01762e-02 Time taken: 1.52 seconds 
Epoch: 81/200 Train accuracy: 7.45262e-01 Validation accuracy: 7.39667e-01 Loss 1.01734e-02 Time taken: 1.51 seconds 
Epoch: 82/200 Train accuracy: 7.38920e-01 Validation accuracy: 7.43667e-01 Loss 1.02046e-02 Time taken: 1.51 seconds 
Epoch: 83/200 Train accuracy: 7.44121e-01 Validation accuracy: 7.43000e-01 Loss 1.01787e-02 Time taken: 1.52 seconds 
Epoch: 84/200 Train accuracy: 7.45119e-01 Validation accuracy: 7.43667e-01 Loss 1.01697e-02 Time taken: 1.52 seconds 
Epoch: 85/200 Train accuracy: 7.46117e-01 Validation accuracy: 7.39333e-01 Loss 1.01726e-02 Time taken: 1.50 seconds 
Epoch: 86/200 Train accuracy: 7.43266e-01 Validation accuracy: 7.40000e-01 Loss 1.01848e-02 Time taken: 1.52 seconds 
Epoch: 87/200 Train accuracy: 7.44406e-01 Validation accuracy: 7.45667e-01 Loss 1.01795e-02 Time taken: 1.52 seconds 
Epoch: 88/200 Train accuracy: 7.45262e-01 Validation accuracy: 7.38667e-01 Loss 1.01737e-02 Time taken: 1.51 seconds 
Epoch: 89/200 Train accuracy: 7.43409e-01 Validation accuracy: 7.42000e-01 Loss 1.01852e-02 Time taken: 1.51 seconds 
Epoch: 90/200 Train accuracy: 7.48896e-01 Validation accuracy: 7.44000e-01 Loss 1.01549e-02 Time taken: 1.52 seconds 
Epoch: 91/200 Train accuracy: 7.45404e-01 Validation accuracy: 7.42333e-01 Loss 1.01657e-02 Time taken: 1.52 seconds 
Epoch: 92/200 Train accuracy: 7.44264e-01 Validation accuracy: 7.41667e-01 Loss 1.01751e-02 Time taken: 1.51 seconds 
Epoch: 93/200 Train accuracy: 7.45333e-01 Validation accuracy: 7.42333e-01 Loss 1.01723e-02 Time taken: 1.52 seconds 
Epoch: 94/200 Train accuracy: 7.47043e-01 Validation accuracy: 7.46000e-01 Loss 1.01572e-02 Time taken: 1.51 seconds 
Epoch: 95/200 Train accuracy: 7.47755e-01 Validation accuracy: 7.40667e-01 Loss 1.01456e-02 Time taken: 1.50 seconds 
Epoch: 96/200 Train accuracy: 7.47185e-01 Validation accuracy: 7.42667e-01 Loss 1.01579e-02 Time taken: 1.51 seconds 
Epoch: 97/200 Train accuracy: 7.44976e-01 Validation accuracy: 7.43667e-01 Loss 1.01666e-02 Time taken: 1.51 seconds 
Epoch: 98/200 Train accuracy: 7.49252e-01 Validation accuracy: 7.44333e-01 Loss 1.01565e-02 Time taken: 1.52 seconds 
Epoch: 99/200 Train accuracy: 7.44549e-01 Validation accuracy: 7.45667e-01 Loss 1.01688e-02 Time taken: 1.51 seconds 
Epoch: 100/200 Train accuracy: 7.44763e-01 Validation accuracy: 7.42000e-01 Loss 1.01685e-02 Time taken: 1.51 seconds 
Epoch: 101/200 Train accuracy: 7.47898e-01 Validation accuracy: 7.39667e-01 Loss 1.01623e-02 Time taken: 1.52 seconds 
Epoch: 102/200 Train accuracy: 7.42554e-01 Validation accuracy: 7.44000e-01 Loss 1.01797e-02 Time taken: 1.50 seconds 
Epoch: 103/200 Train accuracy: 7.45404e-01 Validation accuracy: 7.46000e-01 Loss 1.01718e-02 Time taken: 1.52 seconds 
Epoch: 104/200 Train accuracy: 7.48967e-01 Validation accuracy: 7.45000e-01 Loss 1.01419e-02 Time taken: 1.52 seconds 
Epoch: 105/200 Train accuracy: 7.44549e-01 Validation accuracy: 7.37667e-01 Loss 1.01593e-02 Time taken: 1.50 seconds 
Epoch: 106/200 Train accuracy: 7.44549e-01 Validation accuracy: 7.45333e-01 Loss 1.01675e-02 Time taken: 1.52 seconds 
Epoch: 107/200 Train accuracy: 7.44478e-01 Validation accuracy: 7.46000e-01 Loss 1.01706e-02 Time taken: 1.51 seconds 
Epoch: 108/200 Train accuracy: 7.46473e-01 Validation accuracy: 7.43667e-01 Loss 1.01658e-02 Time taken: 1.52 seconds 
Epoch: 109/200 Train accuracy: 7.48967e-01 Validation accuracy: 7.45000e-01 Loss 1.01489e-02 Time taken: 1.50 seconds 
Epoch: 110/200 Train accuracy: 7.42981e-01 Validation accuracy: 7.40667e-01 Loss 1.01802e-02 Time taken: 1.52 seconds 
Epoch: 111/200 Train accuracy: 7.46758e-01 Validation accuracy: 7.47000e-01 Loss 1.01597e-02 Time taken: 1.53 seconds 
Epoch: 112/200 Train accuracy: 7.50534e-01 Validation accuracy: 7.46667e-01 Loss 1.01386e-02 Time taken: 1.50 seconds 
Epoch: 113/200 Train accuracy: 7.45974e-01 Validation accuracy: 7.47000e-01 Loss 1.01644e-02 Time taken: 1.52 seconds 
Epoch: 114/200 Train accuracy: 7.49893e-01 Validation accuracy: 7.48000e-01 Loss 1.01435e-02 Time taken: 1.52 seconds 
Epoch: 115/200 Train accuracy: 7.47043e-01 Validation accuracy: 7.42000e-01 Loss 1.01579e-02 Time taken: 1.51 seconds 
Epoch: 116/200 Train accuracy: 7.44549e-01 Validation accuracy: 7.45333e-01 Loss 1.01672e-02 Time taken: 1.52 seconds 
Epoch: 117/200 Train accuracy: 7.45119e-01 Validation accuracy: 7.47667e-01 Loss 1.01650e-02 Time taken: 1.51 seconds 
Epoch: 118/200 Train accuracy: 7.47613e-01 Validation accuracy: 7.47000e-01 Loss 1.01493e-02 Time taken: 1.52 seconds 
Epoch: 119/200 Train accuracy: 7.50748e-01 Validation accuracy: 7.50000e-01 Loss 1.01291e-02 Time taken: 1.50 seconds 
Epoch: 120/200 Train accuracy: 7.46972e-01 Validation accuracy: 7.43000e-01 Loss 1.01597e-02 Time taken: 1.51 seconds 
Epoch: 121/200 Train accuracy: 7.48040e-01 Validation accuracy: 7.45000e-01 Loss 1.01461e-02 Time taken: 1.51 seconds 
Epoch: 122/200 Train accuracy: 7.45974e-01 Validation accuracy: 7.41000e-01 Loss 1.01513e-02 Time taken: 1.50 seconds 
Epoch: 123/200 Train accuracy: 7.44264e-01 Validation accuracy: 7.44333e-01 Loss 1.01671e-02 Time taken: 1.51 seconds 
Epoch: 124/200 Train accuracy: 7.45048e-01 Validation accuracy: 7.43333e-01 Loss 1.01629e-02 Time taken: 1.51 seconds 
Epoch: 125/200 Train accuracy: 7.47043e-01 Validation accuracy: 7.44667e-01 Loss 1.01600e-02 Time taken: 1.51 seconds 
Epoch: 126/200 Train accuracy: 7.48753e-01 Validation accuracy: 7.44667e-01 Loss 1.01423e-02 Time taken: 1.51 seconds 
Epoch: 127/200 Train accuracy: 7.45974e-01 Validation accuracy: 7.45000e-01 Loss 1.01584e-02 Time taken: 1.50 seconds 
Epoch: 128/200 Train accuracy: 7.44976e-01 Validation accuracy: 7.47000e-01 Loss 1.01617e-02 Time taken: 1.51 seconds 
Epoch: 129/200 Train accuracy: 7.46972e-01 Validation accuracy: 7.41667e-01 Loss 1.01482e-02 Time taken: 1.50 seconds 
Epoch: 130/200 Train accuracy: 7.45333e-01 Validation accuracy: 7.45333e-01 Loss 1.01587e-02 Time taken: 1.54 seconds 
Epoch: 131/200 Train accuracy: 7.42910e-01 Validation accuracy: 7.48000e-01 Loss 1.01790e-02 Time taken: 1.51 seconds 
Epoch: 132/200 Train accuracy: 7.44834e-01 Validation accuracy: 7.42000e-01 Loss 1.01670e-02 Time taken: 1.51 seconds 
Epoch: 133/200 Train accuracy: 7.44763e-01 Validation accuracy: 7.46667e-01 Loss 1.01608e-02 Time taken: 1.51 seconds 
Epoch: 134/200 Train accuracy: 7.46402e-01 Validation accuracy: 7.42667e-01 Loss 1.01522e-02 Time taken: 1.51 seconds 
Epoch: 135/200 Train accuracy: 7.47684e-01 Validation accuracy: 7.45333e-01 Loss 1.01555e-02 Time taken: 1.51 seconds 
Epoch: 136/200 Train accuracy: 7.54168e-01 Validation accuracy: 7.45667e-01 Loss 1.01152e-02 Time taken: 1.52 seconds 
Epoch: 137/200 Train accuracy: 7.47043e-01 Validation accuracy: 7.47333e-01 Loss 1.01639e-02 Time taken: 1.53 seconds 
Epoch: 138/200 Train accuracy: 7.47969e-01 Validation accuracy: 7.44000e-01 Loss 1.01527e-02 Time taken: 1.52 seconds 
Epoch: 139/200 Train accuracy: 7.45404e-01 Validation accuracy: 7.46333e-01 Loss 1.01544e-02 Time taken: 1.50 seconds 
Epoch: 140/200 Train accuracy: 7.44834e-01 Validation accuracy: 7.49000e-01 Loss 1.01552e-02 Time taken: 1.51 seconds 
Epoch: 141/200 Train accuracy: 7.46117e-01 Validation accuracy: 7.49667e-01 Loss 1.01572e-02 Time taken: 1.51 seconds 
Epoch: 142/200 Train accuracy: 7.46473e-01 Validation accuracy: 7.44667e-01 Loss 1.01508e-02 Time taken: 1.50 seconds 
Epoch: 143/200 Train accuracy: 7.47684e-01 Validation accuracy: 7.45333e-01 Loss 1.01446e-02 Time taken: 1.51 seconds 
Epoch: 144/200 Train accuracy: 7.45832e-01 Validation accuracy: 7.44667e-01 Loss 1.01585e-02 Time taken: 1.51 seconds 
Epoch: 145/200 Train accuracy: 7.44549e-01 Validation accuracy: 7.43333e-01 Loss 1.01655e-02 Time taken: 1.52 seconds 
Epoch: 146/200 Train accuracy: 7.45832e-01 Validation accuracy: 7.48333e-01 Loss 1.01611e-02 Time taken: 1.51 seconds 
Epoch: 147/200 Train accuracy: 7.48896e-01 Validation accuracy: 7.47000e-01 Loss 1.01391e-02 Time taken: 1.52 seconds 
Epoch: 148/200 Train accuracy: 7.50677e-01 Validation accuracy: 7.49333e-01 Loss 1.01226e-02 Time taken: 1.51 seconds 
Epoch: 149/200 Train accuracy: 7.48112e-01 Validation accuracy: 7.48333e-01 Loss 1.01436e-02 Time taken: 1.51 seconds 
Epoch: 150/200 Train accuracy: 7.46544e-01 Validation accuracy: 7.46333e-01 Loss 1.01483e-02 Time taken: 1.51 seconds 
Epoch: 151/200 Train accuracy: 7.45333e-01 Validation accuracy: 7.45333e-01 Loss 1.01540e-02 Time taken: 1.50 seconds 
Epoch: 152/200 Train accuracy: 7.46473e-01 Validation accuracy: 7.49667e-01 Loss 1.01560e-02 Time taken: 1.51 seconds 
Epoch: 153/200 Train accuracy: 7.46829e-01 Validation accuracy: 7.43000e-01 Loss 1.01565e-02 Time taken: 1.51 seconds 
Epoch: 154/200 Train accuracy: 7.44763e-01 Validation accuracy: 7.45667e-01 Loss 1.01641e-02 Time taken: 1.52 seconds 
Epoch: 155/200 Train accuracy: 7.50606e-01 Validation accuracy: 7.48667e-01 Loss 1.01378e-02 Time taken: 1.51 seconds 
Epoch: 156/200 Train accuracy: 7.46045e-01 Validation accuracy: 7.47333e-01 Loss 1.01578e-02 Time taken: 1.50 seconds 
Epoch: 157/200 Train accuracy: 7.46972e-01 Validation accuracy: 7.45333e-01 Loss 1.01503e-02 Time taken: 1.52 seconds 
Epoch: 158/200 Train accuracy: 7.47114e-01 Validation accuracy: 7.48000e-01 Loss 1.01569e-02 Time taken: 1.52 seconds 
Epoch: 159/200 Train accuracy: 7.48611e-01 Validation accuracy: 7.48333e-01 Loss 1.01382e-02 Time taken: 1.51 seconds 
Epoch: 160/200 Train accuracy: 7.46544e-01 Validation accuracy: 7.46667e-01 Loss 1.01549e-02 Time taken: 1.52 seconds 
Epoch: 161/200 Train accuracy: 7.46473e-01 Validation accuracy: 7.47000e-01 Loss 1.01481e-02 Time taken: 1.52 seconds 
Epoch: 162/200 Train accuracy: 7.46544e-01 Validation accuracy: 7.45000e-01 Loss 1.01547e-02 Time taken: 1.51 seconds 
Epoch: 163/200 Train accuracy: 7.47684e-01 Validation accuracy: 7.42333e-01 Loss 1.01388e-02 Time taken: 1.52 seconds 
Epoch: 164/200 Train accuracy: 7.46473e-01 Validation accuracy: 7.47333e-01 Loss 1.01532e-02 Time taken: 1.53 seconds 
Epoch: 165/200 Train accuracy: 7.49964e-01 Validation accuracy: 7.45667e-01 Loss 1.01355e-02 Time taken: 1.52 seconds 
Epoch: 166/200 Train accuracy: 7.47185e-01 Validation accuracy: 7.48000e-01 Loss 1.01426e-02 Time taken: 1.52 seconds 
Epoch: 167/200 Train accuracy: 7.46972e-01 Validation accuracy: 7.45667e-01 Loss 1.01387e-02 Time taken: 1.52 seconds 
Epoch: 168/200 Train accuracy: 7.45618e-01 Validation accuracy: 7.47000e-01 Loss 1.01653e-02 Time taken: 1.52 seconds 
Epoch: 169/200 Train accuracy: 7.50392e-01 Validation accuracy: 7.49667e-01 Loss 1.01321e-02 Time taken: 1.52 seconds 
Epoch: 170/200 Train accuracy: 7.46473e-01 Validation accuracy: 7.45000e-01 Loss 1.01462e-02 Time taken: 1.53 seconds 
Epoch: 171/200 Train accuracy: 7.43124e-01 Validation accuracy: 7.47000e-01 Loss 1.01668e-02 Time taken: 1.53 seconds 
Epoch: 172/200 Train accuracy: 7.52387e-01 Validation accuracy: 7.45333e-01 Loss 1.01175e-02 Time taken: 1.50 seconds 
Epoch: 173/200 Train accuracy: 7.47328e-01 Validation accuracy: 7.43333e-01 Loss 1.01425e-02 Time taken: 1.52 seconds 
Epoch: 174/200 Train accuracy: 7.45262e-01 Validation accuracy: 7.46000e-01 Loss 1.01612e-02 Time taken: 1.52 seconds 
Epoch: 175/200 Train accuracy: 7.47114e-01 Validation accuracy: 7.46667e-01 Loss 1.01470e-02 Time taken: 1.51 seconds 
Epoch: 176/200 Train accuracy: 7.51104e-01 Validation accuracy: 7.44333e-01 Loss 1.01245e-02 Time taken: 1.52 seconds 
Epoch: 177/200 Train accuracy: 7.51104e-01 Validation accuracy: 7.44667e-01 Loss 1.01292e-02 Time taken: 1.51 seconds 
Epoch: 178/200 Train accuracy: 7.51746e-01 Validation accuracy: 7.46333e-01 Loss 1.01161e-02 Time taken: 1.51 seconds 
Epoch: 179/200 Train accuracy: 7.46829e-01 Validation accuracy: 7.48000e-01 Loss 1.01449e-02 Time taken: 1.50 seconds 
Epoch: 180/200 Train accuracy: 7.51817e-01 Validation accuracy: 7.42333e-01 Loss 1.01211e-02 Time taken: 1.51 seconds 
Epoch: 181/200 Train accuracy: 7.44050e-01 Validation accuracy: 7.44667e-01 Loss 1.01552e-02 Time taken: 1.52 seconds 
Epoch: 182/200 Train accuracy: 7.49109e-01 Validation accuracy: 7.46333e-01 Loss 1.01355e-02 Time taken: 1.51 seconds 
Epoch: 183/200 Train accuracy: 7.47755e-01 Validation accuracy: 7.46333e-01 Loss 1.01323e-02 Time taken: 1.52 seconds 
Epoch: 184/200 Train accuracy: 7.48112e-01 Validation accuracy: 7.50667e-01 Loss 1.01365e-02 Time taken: 1.52 seconds 
Epoch: 185/200 Train accuracy: 7.47827e-01 Validation accuracy: 7.49333e-01 Loss 1.01468e-02 Time taken: 1.52 seconds 
Epoch: 186/200 Train accuracy: 7.49109e-01 Validation accuracy: 7.49333e-01 Loss 1.01361e-02 Time taken: 1.52 seconds 
Epoch: 187/200 Train accuracy: 7.49038e-01 Validation accuracy: 7.46333e-01 Loss 1.01319e-02 Time taken: 1.51 seconds 
Epoch: 188/200 Train accuracy: 7.46402e-01 Validation accuracy: 7.46000e-01 Loss 1.01521e-02 Time taken: 1.51 seconds 
Epoch: 189/200 Train accuracy: 7.51960e-01 Validation accuracy: 7.47000e-01 Loss 1.01250e-02 Time taken: 1.51 seconds 
Epoch: 190/200 Train accuracy: 7.49608e-01 Validation accuracy: 7.41667e-01 Loss 1.01328e-02 Time taken: 1.52 seconds 
Epoch: 191/200 Train accuracy: 7.49893e-01 Validation accuracy: 7.39333e-01 Loss 1.01365e-02 Time taken: 1.51 seconds 
Epoch: 192/200 Train accuracy: 7.49109e-01 Validation accuracy: 7.50000e-01 Loss 1.01385e-02 Time taken: 1.51 seconds 
Epoch: 193/200 Train accuracy: 7.46330e-01 Validation accuracy: 7.45667e-01 Loss 1.01431e-02 Time taken: 1.52 seconds 
Epoch: 194/200 Train accuracy: 7.46544e-01 Validation accuracy: 7.48000e-01 Loss 1.01448e-02 Time taken: 1.51 seconds 
Epoch: 195/200 Train accuracy: 7.48539e-01 Validation accuracy: 7.43667e-01 Loss 1.01492e-02 Time taken: 1.51 seconds 
Epoch: 196/200 Train accuracy: 7.46900e-01 Validation accuracy: 7.51667e-01 Loss 1.01457e-02 Time taken: 1.51 seconds 
Epoch: 197/200 Train accuracy: 7.47755e-01 Validation accuracy: 7.47667e-01 Loss 1.01377e-02 Time taken: 1.51 seconds 
Epoch: 198/200 Train accuracy: 7.50178e-01 Validation accuracy: 7.47333e-01 Loss 1.01411e-02 Time taken: 1.51 seconds 
Epoch: 199/200 Train accuracy: 7.48824e-01 Validation accuracy: 7.45000e-01 Loss 1.01363e-02 Time taken: 1.50 seconds 
Epoch: 200/200 Train accuracy: 7.48254e-01 Validation accuracy: 7.45333e-01 Loss 1.01371e-02 Time taken: 1.52 seconds 
Total time taken 0:05:03.900078
Cleaning up intermediate feature (.pt) files
Done


working on file logs_PKT_full/iic-train-PKTwhole-seed43/jepa-iic-PKTwhole-seed43-ep160.pth.tar ...
