Directory classifiers/jepa-iic-PKTwhole-seed43-classifier-pretrained-vitb-normalized-ep160 for saving the classifiers is now present
VisionTransformer(
  (patch_embed): PatchEmbed(
    (proj): Conv2d(3, 768, kernel_size=(15, 15), stride=(15, 15))
  )
  (blocks): ModuleList(
    (0-11): 12 x Block(
      (norm1): LayerNorm((768,), eps=1e-06, elementwise_affine=True)
      (attn): Attention(
        (qkv): Linear(in_features=768, out_features=2304, bias=True)
        (attn_drop): Dropout(p=0.0, inplace=False)
        (proj): Linear(in_features=768, out_features=768, bias=True)
        (proj_drop): Dropout(p=0.0, inplace=False)
      )
      (drop_path): Identity()
      (norm2): LayerNorm((768,), eps=1e-06, elementwise_affine=True)
      (mlp): MLP(
        (fc1): Linear(in_features=768, out_features=3072, bias=True)
        (act): GELU(approximate='none')
        (fc2): Linear(in_features=3072, out_features=768, bias=True)
        (drop): Dropout(p=0.0, inplace=False)
      )
    )
  )
  (norm): LayerNorm((768,), eps=1e-06, elementwise_affine=True)
)
Extracting features and saving them locally..
Epoch: 1/200 Train accuracy: 5.16032e-01 Validation accuracy: 6.64667e-01 Loss 1.19743e-02 Time taken: 1.54 seconds 
Epoch: 2/200 Train accuracy: 6.54197e-01 Validation accuracy: 6.92333e-01 Loss 1.09395e-02 Time taken: 1.54 seconds 
Epoch: 3/200 Train accuracy: 6.81274e-01 Validation accuracy: 6.97333e-01 Loss 1.07333e-02 Time taken: 1.54 seconds 
Epoch: 4/200 Train accuracy: 6.80704e-01 Validation accuracy: 7.01000e-01 Loss 1.06898e-02 Time taken: 1.54 seconds 
Epoch: 5/200 Train accuracy: 6.93102e-01 Validation accuracy: 6.94000e-01 Loss 1.06031e-02 Time taken: 1.53 seconds 
Epoch: 6/200 Train accuracy: 6.94243e-01 Validation accuracy: 7.12667e-01 Loss 1.05787e-02 Time taken: 1.56 seconds 
Epoch: 7/200 Train accuracy: 6.99017e-01 Validation accuracy: 7.07000e-01 Loss 1.05313e-02 Time taken: 1.53 seconds 
Epoch: 8/200 Train accuracy: 7.08707e-01 Validation accuracy: 7.19000e-01 Loss 1.04790e-02 Time taken: 1.54 seconds 
Epoch: 9/200 Train accuracy: 7.03862e-01 Validation accuracy: 7.17333e-01 Loss 1.04959e-02 Time taken: 1.55 seconds 
Epoch: 10/200 Train accuracy: 7.12056e-01 Validation accuracy: 7.17000e-01 Loss 1.04485e-02 Time taken: 1.54 seconds 
Epoch: 11/200 Train accuracy: 7.11843e-01 Validation accuracy: 7.23000e-01 Loss 1.04358e-02 Time taken: 1.55 seconds 
Epoch: 12/200 Train accuracy: 7.17044e-01 Validation accuracy: 7.16000e-01 Loss 1.04131e-02 Time taken: 1.55 seconds 
Epoch: 13/200 Train accuracy: 7.14337e-01 Validation accuracy: 7.21667e-01 Loss 1.04215e-02 Time taken: 1.54 seconds 
Epoch: 14/200 Train accuracy: 7.17116e-01 Validation accuracy: 7.24333e-01 Loss 1.03959e-02 Time taken: 1.53 seconds 
Epoch: 15/200 Train accuracy: 7.21533e-01 Validation accuracy: 7.27000e-01 Loss 1.03795e-02 Time taken: 1.54 seconds 
Epoch: 16/200 Train accuracy: 7.22103e-01 Validation accuracy: 7.23000e-01 Loss 1.03578e-02 Time taken: 1.52 seconds 
Epoch: 17/200 Train accuracy: 7.17329e-01 Validation accuracy: 7.22667e-01 Loss 1.03802e-02 Time taken: 1.54 seconds 
Epoch: 18/200 Train accuracy: 7.21605e-01 Validation accuracy: 7.26667e-01 Loss 1.03649e-02 Time taken: 1.54 seconds 
Epoch: 19/200 Train accuracy: 7.24455e-01 Validation accuracy: 7.28667e-01 Loss 1.03461e-02 Time taken: 1.55 seconds 
Epoch: 20/200 Train accuracy: 7.23956e-01 Validation accuracy: 7.26000e-01 Loss 1.03451e-02 Time taken: 1.53 seconds 
Epoch: 21/200 Train accuracy: 7.24241e-01 Validation accuracy: 7.22333e-01 Loss 1.03380e-02 Time taken: 1.53 seconds 
Epoch: 22/200 Train accuracy: 7.25381e-01 Validation accuracy: 7.28333e-01 Loss 1.03280e-02 Time taken: 1.53 seconds 
Epoch: 23/200 Train accuracy: 7.24811e-01 Validation accuracy: 7.31333e-01 Loss 1.03372e-02 Time taken: 1.56 seconds 
Epoch: 24/200 Train accuracy: 7.27590e-01 Validation accuracy: 7.25667e-01 Loss 1.03119e-02 Time taken: 1.55 seconds 
Epoch: 25/200 Train accuracy: 7.30155e-01 Validation accuracy: 7.28667e-01 Loss 1.03122e-02 Time taken: 1.53 seconds 
Epoch: 26/200 Train accuracy: 7.27590e-01 Validation accuracy: 7.32667e-01 Loss 1.03036e-02 Time taken: 1.54 seconds 
Epoch: 27/200 Train accuracy: 7.29799e-01 Validation accuracy: 7.26333e-01 Loss 1.03016e-02 Time taken: 1.54 seconds 
Epoch: 28/200 Train accuracy: 7.29087e-01 Validation accuracy: 7.30000e-01 Loss 1.03081e-02 Time taken: 1.53 seconds 
Epoch: 29/200 Train accuracy: 7.32222e-01 Validation accuracy: 7.30333e-01 Loss 1.02777e-02 Time taken: 1.53 seconds 
Epoch: 30/200 Train accuracy: 7.34003e-01 Validation accuracy: 7.33333e-01 Loss 1.02706e-02 Time taken: 1.56 seconds 
Epoch: 31/200 Train accuracy: 7.31652e-01 Validation accuracy: 7.33667e-01 Loss 1.02780e-02 Time taken: 1.51 seconds 
Epoch: 32/200 Train accuracy: 7.33932e-01 Validation accuracy: 7.34667e-01 Loss 1.02649e-02 Time taken: 1.54 seconds 
Epoch: 33/200 Train accuracy: 7.35428e-01 Validation accuracy: 7.28000e-01 Loss 1.02571e-02 Time taken: 1.54 seconds 
Epoch: 34/200 Train accuracy: 7.35143e-01 Validation accuracy: 7.26667e-01 Loss 1.02472e-02 Time taken: 1.53 seconds 
Epoch: 35/200 Train accuracy: 7.35001e-01 Validation accuracy: 7.29000e-01 Loss 1.02704e-02 Time taken: 1.53 seconds 
Epoch: 36/200 Train accuracy: 7.37067e-01 Validation accuracy: 7.27333e-01 Loss 1.02520e-02 Time taken: 1.53 seconds 
Epoch: 37/200 Train accuracy: 7.32507e-01 Validation accuracy: 7.28667e-01 Loss 1.02701e-02 Time taken: 1.54 seconds 
Epoch: 38/200 Train accuracy: 7.31794e-01 Validation accuracy: 7.34000e-01 Loss 1.02737e-02 Time taken: 1.52 seconds 
Epoch: 39/200 Train accuracy: 7.38706e-01 Validation accuracy: 7.34000e-01 Loss 1.02385e-02 Time taken: 1.54 seconds 
Epoch: 40/200 Train accuracy: 7.34502e-01 Validation accuracy: 7.27000e-01 Loss 1.02454e-02 Time taken: 1.53 seconds 
Epoch: 41/200 Train accuracy: 7.35357e-01 Validation accuracy: 7.36333e-01 Loss 1.02527e-02 Time taken: 1.52 seconds 
Epoch: 42/200 Train accuracy: 7.37922e-01 Validation accuracy: 7.41000e-01 Loss 1.02483e-02 Time taken: 1.54 seconds 
Epoch: 43/200 Train accuracy: 7.38492e-01 Validation accuracy: 7.36333e-01 Loss 1.02342e-02 Time taken: 1.53 seconds 
Epoch: 44/200 Train accuracy: 7.35357e-01 Validation accuracy: 7.32333e-01 Loss 1.02570e-02 Time taken: 1.54 seconds 
Epoch: 45/200 Train accuracy: 7.37067e-01 Validation accuracy: 7.31333e-01 Loss 1.02341e-02 Time taken: 1.54 seconds 
Epoch: 46/200 Train accuracy: 7.38136e-01 Validation accuracy: 7.38000e-01 Loss 1.02345e-02 Time taken: 1.54 seconds 
Epoch: 47/200 Train accuracy: 7.37423e-01 Validation accuracy: 7.38667e-01 Loss 1.02407e-02 Time taken: 1.53 seconds 
Epoch: 48/200 Train accuracy: 7.38421e-01 Validation accuracy: 7.38667e-01 Loss 1.02328e-02 Time taken: 1.54 seconds 
Epoch: 49/200 Train accuracy: 7.33718e-01 Validation accuracy: 7.35667e-01 Loss 1.02470e-02 Time taken: 1.53 seconds 
Epoch: 50/200 Train accuracy: 7.42625e-01 Validation accuracy: 7.37333e-01 Loss 1.02122e-02 Time taken: 1.53 seconds 
Epoch: 51/200 Train accuracy: 7.35642e-01 Validation accuracy: 7.39667e-01 Loss 1.02420e-02 Time taken: 1.54 seconds 
Epoch: 52/200 Train accuracy: 7.34359e-01 Validation accuracy: 7.41000e-01 Loss 1.02375e-02 Time taken: 1.53 seconds 
Epoch: 53/200 Train accuracy: 7.37210e-01 Validation accuracy: 7.40000e-01 Loss 1.02204e-02 Time taken: 1.54 seconds 
Epoch: 54/200 Train accuracy: 7.38563e-01 Validation accuracy: 7.41667e-01 Loss 1.02357e-02 Time taken: 1.54 seconds 
Epoch: 55/200 Train accuracy: 7.38635e-01 Validation accuracy: 7.38000e-01 Loss 1.02235e-02 Time taken: 1.52 seconds 
Epoch: 56/200 Train accuracy: 7.36283e-01 Validation accuracy: 7.39667e-01 Loss 1.02325e-02 Time taken: 1.53 seconds 
Epoch: 57/200 Train accuracy: 7.40986e-01 Validation accuracy: 7.35667e-01 Loss 1.02127e-02 Time taken: 1.55 seconds 
Epoch: 58/200 Train accuracy: 7.38706e-01 Validation accuracy: 7.38667e-01 Loss 1.02227e-02 Time taken: 1.53 seconds 
Epoch: 59/200 Train accuracy: 7.39632e-01 Validation accuracy: 7.41667e-01 Loss 1.02069e-02 Time taken: 1.53 seconds 
Epoch: 60/200 Train accuracy: 7.39704e-01 Validation accuracy: 7.40000e-01 Loss 1.02192e-02 Time taken: 1.55 seconds 
Epoch: 61/200 Train accuracy: 7.44264e-01 Validation accuracy: 7.38667e-01 Loss 1.01904e-02 Time taken: 1.53 seconds 
Epoch: 62/200 Train accuracy: 7.36497e-01 Validation accuracy: 7.40333e-01 Loss 1.02344e-02 Time taken: 1.53 seconds 
Epoch: 63/200 Train accuracy: 7.41342e-01 Validation accuracy: 7.41000e-01 Loss 1.02105e-02 Time taken: 1.55 seconds 
Epoch: 64/200 Train accuracy: 7.41414e-01 Validation accuracy: 7.41333e-01 Loss 1.02106e-02 Time taken: 1.54 seconds 
Epoch: 65/200 Train accuracy: 7.39846e-01 Validation accuracy: 7.35333e-01 Loss 1.02202e-02 Time taken: 1.54 seconds 
Epoch: 66/200 Train accuracy: 7.39134e-01 Validation accuracy: 7.36000e-01 Loss 1.02233e-02 Time taken: 1.53 seconds 
Epoch: 67/200 Train accuracy: 7.38350e-01 Validation accuracy: 7.37667e-01 Loss 1.02171e-02 Time taken: 1.54 seconds 
Epoch: 68/200 Train accuracy: 7.38350e-01 Validation accuracy: 7.42333e-01 Loss 1.02229e-02 Time taken: 1.54 seconds 
Epoch: 69/200 Train accuracy: 7.39775e-01 Validation accuracy: 7.34000e-01 Loss 1.02081e-02 Time taken: 1.54 seconds 
Epoch: 70/200 Train accuracy: 7.38278e-01 Validation accuracy: 7.42333e-01 Loss 1.02113e-02 Time taken: 1.54 seconds 
Epoch: 71/200 Train accuracy: 7.41841e-01 Validation accuracy: 7.30667e-01 Loss 1.01992e-02 Time taken: 1.54 seconds 
Epoch: 72/200 Train accuracy: 7.41841e-01 Validation accuracy: 7.37333e-01 Loss 1.01994e-02 Time taken: 1.54 seconds 
Epoch: 73/200 Train accuracy: 7.37281e-01 Validation accuracy: 7.34000e-01 Loss 1.02308e-02 Time taken: 1.52 seconds 
Epoch: 74/200 Train accuracy: 7.40915e-01 Validation accuracy: 7.46667e-01 Loss 1.02040e-02 Time taken: 1.54 seconds 
Epoch: 75/200 Train accuracy: 7.41200e-01 Validation accuracy: 7.42667e-01 Loss 1.02062e-02 Time taken: 1.54 seconds 
Epoch: 76/200 Train accuracy: 7.42055e-01 Validation accuracy: 7.42333e-01 Loss 1.02061e-02 Time taken: 1.53 seconds 
Epoch: 77/200 Train accuracy: 7.42483e-01 Validation accuracy: 7.44667e-01 Loss 1.01969e-02 Time taken: 1.54 seconds 
Epoch: 78/200 Train accuracy: 7.41129e-01 Validation accuracy: 7.40333e-01 Loss 1.01936e-02 Time taken: 1.54 seconds 
Epoch: 79/200 Train accuracy: 7.40131e-01 Validation accuracy: 7.41667e-01 Loss 1.01970e-02 Time taken: 1.53 seconds 
Epoch: 80/200 Train accuracy: 7.42696e-01 Validation accuracy: 7.47667e-01 Loss 1.01926e-02 Time taken: 1.54 seconds 
Epoch: 81/200 Train accuracy: 7.40844e-01 Validation accuracy: 7.41667e-01 Loss 1.01913e-02 Time taken: 1.55 seconds 
Epoch: 82/200 Train accuracy: 7.41699e-01 Validation accuracy: 7.39000e-01 Loss 1.02091e-02 Time taken: 1.53 seconds 
Epoch: 83/200 Train accuracy: 7.42269e-01 Validation accuracy: 7.44000e-01 Loss 1.01992e-02 Time taken: 1.54 seconds 
Epoch: 84/200 Train accuracy: 7.43409e-01 Validation accuracy: 7.38333e-01 Loss 1.01919e-02 Time taken: 1.55 seconds 
Epoch: 85/200 Train accuracy: 7.42696e-01 Validation accuracy: 7.41000e-01 Loss 1.01864e-02 Time taken: 1.54 seconds 
Epoch: 86/200 Train accuracy: 7.38849e-01 Validation accuracy: 7.42000e-01 Loss 1.02090e-02 Time taken: 1.53 seconds 
Epoch: 87/200 Train accuracy: 7.42198e-01 Validation accuracy: 7.40333e-01 Loss 1.02092e-02 Time taken: 1.54 seconds 
Epoch: 88/200 Train accuracy: 7.39205e-01 Validation accuracy: 7.38000e-01 Loss 1.02167e-02 Time taken: 1.54 seconds 
Epoch: 89/200 Train accuracy: 7.43338e-01 Validation accuracy: 7.46333e-01 Loss 1.01901e-02 Time taken: 1.54 seconds 
Epoch: 90/200 Train accuracy: 7.42340e-01 Validation accuracy: 7.41667e-01 Loss 1.01926e-02 Time taken: 1.54 seconds 
Epoch: 91/200 Train accuracy: 7.40345e-01 Validation accuracy: 7.38000e-01 Loss 1.02106e-02 Time taken: 1.53 seconds 
Epoch: 92/200 Train accuracy: 7.42981e-01 Validation accuracy: 7.43000e-01 Loss 1.01903e-02 Time taken: 1.54 seconds 
Epoch: 93/200 Train accuracy: 7.43551e-01 Validation accuracy: 7.40333e-01 Loss 1.01833e-02 Time taken: 1.54 seconds 
Epoch: 94/200 Train accuracy: 7.48112e-01 Validation accuracy: 7.44333e-01 Loss 1.01687e-02 Time taken: 1.53 seconds 
Epoch: 95/200 Train accuracy: 7.45262e-01 Validation accuracy: 7.43000e-01 Loss 1.01692e-02 Time taken: 1.54 seconds 
Epoch: 96/200 Train accuracy: 7.41342e-01 Validation accuracy: 7.46333e-01 Loss 1.02005e-02 Time taken: 1.54 seconds 
Epoch: 97/200 Train accuracy: 7.43053e-01 Validation accuracy: 7.43333e-01 Loss 1.01843e-02 Time taken: 1.54 seconds 
Epoch: 98/200 Train accuracy: 7.41057e-01 Validation accuracy: 7.40000e-01 Loss 1.01931e-02 Time taken: 1.53 seconds 
Epoch: 99/200 Train accuracy: 7.46473e-01 Validation accuracy: 7.36000e-01 Loss 1.01729e-02 Time taken: 1.55 seconds 
Epoch: 100/200 Train accuracy: 7.43409e-01 Validation accuracy: 7.44333e-01 Loss 1.01790e-02 Time taken: 1.53 seconds 
Epoch: 101/200 Train accuracy: 7.44834e-01 Validation accuracy: 7.43667e-01 Loss 1.01856e-02 Time taken: 1.54 seconds 
Epoch: 102/200 Train accuracy: 7.42554e-01 Validation accuracy: 7.43000e-01 Loss 1.01743e-02 Time taken: 1.54 seconds 
Epoch: 103/200 Train accuracy: 7.41912e-01 Validation accuracy: 7.40333e-01 Loss 1.01911e-02 Time taken: 1.53 seconds 
Epoch: 104/200 Train accuracy: 7.41414e-01 Validation accuracy: 7.43333e-01 Loss 1.02048e-02 Time taken: 1.52 seconds 
Epoch: 105/200 Train accuracy: 7.44691e-01 Validation accuracy: 7.46667e-01 Loss 1.01835e-02 Time taken: 1.54 seconds 
Epoch: 106/200 Train accuracy: 7.43124e-01 Validation accuracy: 7.43333e-01 Loss 1.01757e-02 Time taken: 1.54 seconds 
Epoch: 107/200 Train accuracy: 7.44050e-01 Validation accuracy: 7.45000e-01 Loss 1.01736e-02 Time taken: 1.53 seconds 
Epoch: 108/200 Train accuracy: 7.47470e-01 Validation accuracy: 7.47333e-01 Loss 1.01618e-02 Time taken: 1.54 seconds 
Epoch: 109/200 Train accuracy: 7.45689e-01 Validation accuracy: 7.46333e-01 Loss 1.01780e-02 Time taken: 1.53 seconds 
Epoch: 110/200 Train accuracy: 7.43480e-01 Validation accuracy: 7.42000e-01 Loss 1.01801e-02 Time taken: 1.53 seconds 
Epoch: 111/200 Train accuracy: 7.39775e-01 Validation accuracy: 7.41333e-01 Loss 1.02005e-02 Time taken: 1.54 seconds 
Epoch: 112/200 Train accuracy: 7.45903e-01 Validation accuracy: 7.46000e-01 Loss 1.01717e-02 Time taken: 1.52 seconds 
Epoch: 113/200 Train accuracy: 7.45689e-01 Validation accuracy: 7.40000e-01 Loss 1.01676e-02 Time taken: 1.52 seconds 
Epoch: 114/200 Train accuracy: 7.43765e-01 Validation accuracy: 7.44667e-01 Loss 1.01789e-02 Time taken: 1.54 seconds 
Epoch: 115/200 Train accuracy: 7.44264e-01 Validation accuracy: 7.43000e-01 Loss 1.01798e-02 Time taken: 1.53 seconds 
Epoch: 116/200 Train accuracy: 7.44406e-01 Validation accuracy: 7.49000e-01 Loss 1.01762e-02 Time taken: 1.53 seconds 
Epoch: 117/200 Train accuracy: 7.43551e-01 Validation accuracy: 7.46000e-01 Loss 1.01860e-02 Time taken: 1.54 seconds 
Epoch: 118/200 Train accuracy: 7.44264e-01 Validation accuracy: 7.44667e-01 Loss 1.01773e-02 Time taken: 1.53 seconds 
Epoch: 119/200 Train accuracy: 7.44976e-01 Validation accuracy: 7.44333e-01 Loss 1.01636e-02 Time taken: 1.52 seconds 
Epoch: 120/200 Train accuracy: 7.43053e-01 Validation accuracy: 7.49667e-01 Loss 1.01826e-02 Time taken: 1.55 seconds 
Epoch: 121/200 Train accuracy: 7.45190e-01 Validation accuracy: 7.43667e-01 Loss 1.01745e-02 Time taken: 1.54 seconds 
Epoch: 122/200 Train accuracy: 7.44976e-01 Validation accuracy: 7.42000e-01 Loss 1.01648e-02 Time taken: 1.53 seconds 
Epoch: 123/200 Train accuracy: 7.43836e-01 Validation accuracy: 7.42333e-01 Loss 1.01841e-02 Time taken: 1.54 seconds 
Epoch: 124/200 Train accuracy: 7.48824e-01 Validation accuracy: 7.46333e-01 Loss 1.01581e-02 Time taken: 1.52 seconds 
Epoch: 125/200 Train accuracy: 7.41984e-01 Validation accuracy: 7.42000e-01 Loss 1.01798e-02 Time taken: 1.53 seconds 
Epoch: 126/200 Train accuracy: 7.44050e-01 Validation accuracy: 7.44000e-01 Loss 1.01721e-02 Time taken: 1.54 seconds 
Epoch: 127/200 Train accuracy: 7.45760e-01 Validation accuracy: 7.46667e-01 Loss 1.01689e-02 Time taken: 1.53 seconds 
Epoch: 128/200 Train accuracy: 7.43908e-01 Validation accuracy: 7.50333e-01 Loss 1.01763e-02 Time taken: 1.53 seconds 
Epoch: 129/200 Train accuracy: 7.36853e-01 Validation accuracy: 7.40000e-01 Loss 1.02001e-02 Time taken: 1.55 seconds 
Epoch: 130/200 Train accuracy: 7.44193e-01 Validation accuracy: 7.45000e-01 Loss 1.01792e-02 Time taken: 1.53 seconds 
Epoch: 131/200 Train accuracy: 7.48040e-01 Validation accuracy: 7.48667e-01 Loss 1.01565e-02 Time taken: 1.54 seconds 
Epoch: 132/200 Train accuracy: 7.44834e-01 Validation accuracy: 7.49000e-01 Loss 1.01741e-02 Time taken: 1.54 seconds 
Epoch: 133/200 Train accuracy: 7.46402e-01 Validation accuracy: 7.43333e-01 Loss 1.01535e-02 Time taken: 1.53 seconds 
Epoch: 134/200 Train accuracy: 7.43338e-01 Validation accuracy: 7.46333e-01 Loss 1.01812e-02 Time taken: 1.53 seconds 
Epoch: 135/200 Train accuracy: 7.46758e-01 Validation accuracy: 7.43667e-01 Loss 1.01538e-02 Time taken: 1.53 seconds 
Epoch: 136/200 Train accuracy: 7.42768e-01 Validation accuracy: 7.48667e-01 Loss 1.01858e-02 Time taken: 1.54 seconds 
Epoch: 137/200 Train accuracy: 7.44121e-01 Validation accuracy: 7.43333e-01 Loss 1.01730e-02 Time taken: 1.53 seconds 
Epoch: 138/200 Train accuracy: 7.42483e-01 Validation accuracy: 7.44667e-01 Loss 1.01852e-02 Time taken: 1.54 seconds 
Epoch: 139/200 Train accuracy: 7.47114e-01 Validation accuracy: 7.44000e-01 Loss 1.01534e-02 Time taken: 1.53 seconds 
Epoch: 140/200 Train accuracy: 7.40701e-01 Validation accuracy: 7.47667e-01 Loss 1.01920e-02 Time taken: 1.53 seconds 
Epoch: 141/200 Train accuracy: 7.44834e-01 Validation accuracy: 7.51333e-01 Loss 1.01820e-02 Time taken: 1.54 seconds 
Epoch: 142/200 Train accuracy: 7.45832e-01 Validation accuracy: 7.44000e-01 Loss 1.01650e-02 Time taken: 1.52 seconds 
Epoch: 143/200 Train accuracy: 7.47542e-01 Validation accuracy: 7.46667e-01 Loss 1.01580e-02 Time taken: 1.54 seconds 
Epoch: 144/200 Train accuracy: 7.45475e-01 Validation accuracy: 7.47333e-01 Loss 1.01600e-02 Time taken: 1.54 seconds 
Epoch: 145/200 Train accuracy: 7.48040e-01 Validation accuracy: 7.44333e-01 Loss 1.01524e-02 Time taken: 1.53 seconds 
Epoch: 146/200 Train accuracy: 7.42839e-01 Validation accuracy: 7.49000e-01 Loss 1.01846e-02 Time taken: 1.54 seconds 
Epoch: 147/200 Train accuracy: 7.47399e-01 Validation accuracy: 7.48000e-01 Loss 1.01485e-02 Time taken: 1.55 seconds 
Epoch: 148/200 Train accuracy: 7.46972e-01 Validation accuracy: 7.39667e-01 Loss 1.01563e-02 Time taken: 1.53 seconds 
Epoch: 149/200 Train accuracy: 7.46117e-01 Validation accuracy: 7.49000e-01 Loss 1.01708e-02 Time taken: 1.53 seconds 
Epoch: 150/200 Train accuracy: 7.45262e-01 Validation accuracy: 7.45000e-01 Loss 1.01653e-02 Time taken: 1.56 seconds 
Epoch: 151/200 Train accuracy: 7.42483e-01 Validation accuracy: 7.44333e-01 Loss 1.01761e-02 Time taken: 1.54 seconds 
Epoch: 152/200 Train accuracy: 7.45974e-01 Validation accuracy: 7.45000e-01 Loss 1.01608e-02 Time taken: 1.54 seconds 
Epoch: 153/200 Train accuracy: 7.44478e-01 Validation accuracy: 7.45000e-01 Loss 1.01735e-02 Time taken: 1.54 seconds 
Epoch: 154/200 Train accuracy: 7.43979e-01 Validation accuracy: 7.46000e-01 Loss 1.01689e-02 Time taken: 1.53 seconds 
Epoch: 155/200 Train accuracy: 7.45262e-01 Validation accuracy: 7.45000e-01 Loss 1.01619e-02 Time taken: 1.53 seconds 
Epoch: 156/200 Train accuracy: 7.44478e-01 Validation accuracy: 7.47667e-01 Loss 1.01679e-02 Time taken: 1.53 seconds 
Epoch: 157/200 Train accuracy: 7.44335e-01 Validation accuracy: 7.42667e-01 Loss 1.01682e-02 Time taken: 1.53 seconds 
Epoch: 158/200 Train accuracy: 7.43338e-01 Validation accuracy: 7.45000e-01 Loss 1.01727e-02 Time taken: 1.53 seconds 
Epoch: 159/200 Train accuracy: 7.46544e-01 Validation accuracy: 7.47667e-01 Loss 1.01525e-02 Time taken: 1.52 seconds 
Epoch: 160/200 Train accuracy: 7.46687e-01 Validation accuracy: 7.46333e-01 Loss 1.01666e-02 Time taken: 1.52 seconds 
Epoch: 161/200 Train accuracy: 7.47185e-01 Validation accuracy: 7.50667e-01 Loss 1.01659e-02 Time taken: 1.54 seconds 
Epoch: 162/200 Train accuracy: 7.46117e-01 Validation accuracy: 7.42667e-01 Loss 1.01639e-02 Time taken: 1.54 seconds 
Epoch: 163/200 Train accuracy: 7.47399e-01 Validation accuracy: 7.48000e-01 Loss 1.01583e-02 Time taken: 1.52 seconds 
Epoch: 164/200 Train accuracy: 7.45903e-01 Validation accuracy: 7.45000e-01 Loss 1.01533e-02 Time taken: 1.55 seconds 
Epoch: 165/200 Train accuracy: 7.46544e-01 Validation accuracy: 7.45667e-01 Loss 1.01532e-02 Time taken: 1.55 seconds 
Epoch: 166/200 Train accuracy: 7.46972e-01 Validation accuracy: 7.50000e-01 Loss 1.01601e-02 Time taken: 1.53 seconds 
Epoch: 167/200 Train accuracy: 7.44406e-01 Validation accuracy: 7.47667e-01 Loss 1.01765e-02 Time taken: 1.53 seconds 
Epoch: 168/200 Train accuracy: 7.46188e-01 Validation accuracy: 7.42333e-01 Loss 1.01481e-02 Time taken: 1.54 seconds 
Epoch: 169/200 Train accuracy: 7.44549e-01 Validation accuracy: 7.41000e-01 Loss 1.01680e-02 Time taken: 1.52 seconds 
Epoch: 170/200 Train accuracy: 7.43053e-01 Validation accuracy: 7.45333e-01 Loss 1.01542e-02 Time taken: 1.53 seconds 
Epoch: 171/200 Train accuracy: 7.44834e-01 Validation accuracy: 7.47333e-01 Loss 1.01749e-02 Time taken: 1.54 seconds 
Epoch: 172/200 Train accuracy: 7.43551e-01 Validation accuracy: 7.50000e-01 Loss 1.01807e-02 Time taken: 1.53 seconds 
Epoch: 173/200 Train accuracy: 7.46473e-01 Validation accuracy: 7.50000e-01 Loss 1.01693e-02 Time taken: 1.54 seconds 
Epoch: 174/200 Train accuracy: 7.48325e-01 Validation accuracy: 7.41667e-01 Loss 1.01509e-02 Time taken: 1.55 seconds 
Epoch: 175/200 Train accuracy: 7.44478e-01 Validation accuracy: 7.47000e-01 Loss 1.01653e-02 Time taken: 1.54 seconds 
Epoch: 176/200 Train accuracy: 7.45547e-01 Validation accuracy: 7.43333e-01 Loss 1.01627e-02 Time taken: 1.53 seconds 
Epoch: 177/200 Train accuracy: 7.46615e-01 Validation accuracy: 7.53000e-01 Loss 1.01589e-02 Time taken: 1.55 seconds 
Epoch: 178/200 Train accuracy: 7.46188e-01 Validation accuracy: 7.42333e-01 Loss 1.01633e-02 Time taken: 1.54 seconds 
Epoch: 179/200 Train accuracy: 7.46188e-01 Validation accuracy: 7.47000e-01 Loss 1.01549e-02 Time taken: 1.54 seconds 
Epoch: 180/200 Train accuracy: 7.44193e-01 Validation accuracy: 7.47000e-01 Loss 1.01663e-02 Time taken: 1.54 seconds 
Epoch: 181/200 Train accuracy: 7.46188e-01 Validation accuracy: 7.48333e-01 Loss 1.01594e-02 Time taken: 1.53 seconds 
Epoch: 182/200 Train accuracy: 7.47399e-01 Validation accuracy: 7.49667e-01 Loss 1.01608e-02 Time taken: 1.54 seconds 
Epoch: 183/200 Train accuracy: 7.51033e-01 Validation accuracy: 7.48000e-01 Loss 1.01223e-02 Time taken: 1.55 seconds 
Epoch: 184/200 Train accuracy: 7.40844e-01 Validation accuracy: 7.46000e-01 Loss 1.01863e-02 Time taken: 1.52 seconds 
Epoch: 185/200 Train accuracy: 7.44264e-01 Validation accuracy: 7.47333e-01 Loss 1.01586e-02 Time taken: 1.53 seconds 
Epoch: 186/200 Train accuracy: 7.45903e-01 Validation accuracy: 7.45667e-01 Loss 1.01592e-02 Time taken: 1.54 seconds 
Epoch: 187/200 Train accuracy: 7.42696e-01 Validation accuracy: 7.45000e-01 Loss 1.01721e-02 Time taken: 1.52 seconds 
Epoch: 188/200 Train accuracy: 7.46544e-01 Validation accuracy: 7.46667e-01 Loss 1.01648e-02 Time taken: 1.53 seconds 
Epoch: 189/200 Train accuracy: 7.43338e-01 Validation accuracy: 7.49667e-01 Loss 1.01680e-02 Time taken: 1.55 seconds 
Epoch: 190/200 Train accuracy: 7.46687e-01 Validation accuracy: 7.45000e-01 Loss 1.01405e-02 Time taken: 1.53 seconds 
Epoch: 191/200 Train accuracy: 7.44478e-01 Validation accuracy: 7.45667e-01 Loss 1.01668e-02 Time taken: 1.54 seconds 
Epoch: 192/200 Train accuracy: 7.46900e-01 Validation accuracy: 7.48667e-01 Loss 1.01431e-02 Time taken: 1.53 seconds 
Epoch: 193/200 Train accuracy: 7.45404e-01 Validation accuracy: 7.46000e-01 Loss 1.01558e-02 Time taken: 1.54 seconds 
Epoch: 194/200 Train accuracy: 7.46117e-01 Validation accuracy: 7.46000e-01 Loss 1.01527e-02 Time taken: 1.52 seconds 
Epoch: 195/200 Train accuracy: 7.46188e-01 Validation accuracy: 7.44000e-01 Loss 1.01511e-02 Time taken: 1.54 seconds 
Epoch: 196/200 Train accuracy: 7.46045e-01 Validation accuracy: 7.43333e-01 Loss 1.01539e-02 Time taken: 1.53 seconds 
Epoch: 197/200 Train accuracy: 7.44050e-01 Validation accuracy: 7.47333e-01 Loss 1.01725e-02 Time taken: 1.54 seconds 
Epoch: 198/200 Train accuracy: 7.50891e-01 Validation accuracy: 7.52667e-01 Loss 1.01333e-02 Time taken: 1.54 seconds 
Epoch: 199/200 Train accuracy: 7.46687e-01 Validation accuracy: 7.50667e-01 Loss 1.01497e-02 Time taken: 1.52 seconds 
Epoch: 200/200 Train accuracy: 7.47470e-01 Validation accuracy: 7.46333e-01 Loss 1.01570e-02 Time taken: 1.54 seconds 
Total time taken 0:05:08.021823
Cleaning up intermediate feature (.pt) files
Done


working on file logs_PKT_full/iic-train-PKTwhole-seed43/jepa-iic-PKTwhole-seed43-ep170.pth.tar ...
