Directory classifiers/jepa-iic-PKTwhole-seed43-classifier-pretrained-vitb-normalized-ep400 for saving the classifiers is now present
VisionTransformer(
  (patch_embed): PatchEmbed(
    (proj): Conv2d(3, 768, kernel_size=(15, 15), stride=(15, 15))
  )
  (blocks): ModuleList(
    (0-11): 12 x Block(
      (norm1): LayerNorm((768,), eps=1e-06, elementwise_affine=True)
      (attn): Attention(
        (qkv): Linear(in_features=768, out_features=2304, bias=True)
        (attn_drop): Dropout(p=0.0, inplace=False)
        (proj): Linear(in_features=768, out_features=768, bias=True)
        (proj_drop): Dropout(p=0.0, inplace=False)
      )
      (drop_path): Identity()
      (norm2): LayerNorm((768,), eps=1e-06, elementwise_affine=True)
      (mlp): MLP(
        (fc1): Linear(in_features=768, out_features=3072, bias=True)
        (act): GELU(approximate='none')
        (fc2): Linear(in_features=3072, out_features=768, bias=True)
        (drop): Dropout(p=0.0, inplace=False)
      )
    )
  )
  (norm): LayerNorm((768,), eps=1e-06, elementwise_affine=True)
)
Extracting features and saving them locally..
Epoch: 1/200 Train accuracy: 3.23215e-01 Validation accuracy: 4.40000e-01 Loss 1.33297e-02 Time taken: 1.52 seconds 
Epoch: 2/200 Train accuracy: 4.06370e-01 Validation accuracy: 4.58000e-01 Loss 1.27769e-02 Time taken: 1.51 seconds 
Epoch: 3/200 Train accuracy: 4.50834e-01 Validation accuracy: 4.74000e-01 Loss 1.24890e-02 Time taken: 1.53 seconds 
Epoch: 4/200 Train accuracy: 4.64729e-01 Validation accuracy: 4.99000e-01 Loss 1.23578e-02 Time taken: 1.52 seconds 
Epoch: 5/200 Train accuracy: 4.74704e-01 Validation accuracy: 5.05000e-01 Loss 1.22826e-02 Time taken: 1.54 seconds 
Epoch: 6/200 Train accuracy: 4.79122e-01 Validation accuracy: 4.97667e-01 Loss 1.22223e-02 Time taken: 1.52 seconds 
Epoch: 7/200 Train accuracy: 4.95653e-01 Validation accuracy: 5.11667e-01 Loss 1.21245e-02 Time taken: 1.54 seconds 
Epoch: 8/200 Train accuracy: 5.08622e-01 Validation accuracy: 5.35333e-01 Loss 1.20319e-02 Time taken: 1.53 seconds 
Epoch: 9/200 Train accuracy: 5.05772e-01 Validation accuracy: 5.28667e-01 Loss 1.20347e-02 Time taken: 1.53 seconds 
Epoch: 10/200 Train accuracy: 5.15462e-01 Validation accuracy: 5.34000e-01 Loss 1.19781e-02 Time taken: 1.51 seconds 
Epoch: 11/200 Train accuracy: 5.18598e-01 Validation accuracy: 5.42333e-01 Loss 1.19638e-02 Time taken: 1.55 seconds 
Epoch: 12/200 Train accuracy: 5.24512e-01 Validation accuracy: 5.36000e-01 Loss 1.19108e-02 Time taken: 1.55 seconds 
Epoch: 13/200 Train accuracy: 5.25011e-01 Validation accuracy: 5.44000e-01 Loss 1.18931e-02 Time taken: 1.54 seconds 
Epoch: 14/200 Train accuracy: 5.31637e-01 Validation accuracy: 5.40000e-01 Loss 1.18622e-02 Time taken: 1.54 seconds 
Epoch: 15/200 Train accuracy: 5.38193e-01 Validation accuracy: 5.42667e-01 Loss 1.18106e-02 Time taken: 1.53 seconds 
Epoch: 16/200 Train accuracy: 5.47955e-01 Validation accuracy: 5.69333e-01 Loss 1.17489e-02 Time taken: 1.51 seconds 
Epoch: 17/200 Train accuracy: 5.53442e-01 Validation accuracy: 5.79333e-01 Loss 1.17108e-02 Time taken: 1.51 seconds 
Epoch: 18/200 Train accuracy: 5.59356e-01 Validation accuracy: 5.69000e-01 Loss 1.16599e-02 Time taken: 1.52 seconds 
Epoch: 19/200 Train accuracy: 5.64059e-01 Validation accuracy: 5.76000e-01 Loss 1.16292e-02 Time taken: 1.53 seconds 
Epoch: 20/200 Train accuracy: 5.66695e-01 Validation accuracy: 5.80333e-01 Loss 1.16018e-02 Time taken: 1.51 seconds 
Epoch: 21/200 Train accuracy: 5.68334e-01 Validation accuracy: 5.73333e-01 Loss 1.15969e-02 Time taken: 1.52 seconds 
Epoch: 22/200 Train accuracy: 5.71469e-01 Validation accuracy: 5.77667e-01 Loss 1.15823e-02 Time taken: 1.53 seconds 
Epoch: 23/200 Train accuracy: 5.68120e-01 Validation accuracy: 5.84333e-01 Loss 1.15711e-02 Time taken: 1.52 seconds 
Epoch: 24/200 Train accuracy: 5.77526e-01 Validation accuracy: 5.93000e-01 Loss 1.15300e-02 Time taken: 1.51 seconds 
Epoch: 25/200 Train accuracy: 5.78524e-01 Validation accuracy: 5.85667e-01 Loss 1.15115e-02 Time taken: 1.52 seconds 
Epoch: 26/200 Train accuracy: 5.79022e-01 Validation accuracy: 5.83667e-01 Loss 1.15121e-02 Time taken: 1.52 seconds 
Epoch: 27/200 Train accuracy: 5.86005e-01 Validation accuracy: 5.93000e-01 Loss 1.14787e-02 Time taken: 1.52 seconds 
Epoch: 28/200 Train accuracy: 5.84367e-01 Validation accuracy: 5.84667e-01 Loss 1.14646e-02 Time taken: 1.51 seconds 
Epoch: 29/200 Train accuracy: 5.84937e-01 Validation accuracy: 5.90333e-01 Loss 1.14640e-02 Time taken: 1.53 seconds 
Epoch: 30/200 Train accuracy: 5.88143e-01 Validation accuracy: 5.92000e-01 Loss 1.14418e-02 Time taken: 1.52 seconds 
Epoch: 31/200 Train accuracy: 5.86860e-01 Validation accuracy: 5.87667e-01 Loss 1.14393e-02 Time taken: 1.52 seconds 
Epoch: 32/200 Train accuracy: 5.91848e-01 Validation accuracy: 5.85667e-01 Loss 1.14191e-02 Time taken: 1.52 seconds 
Epoch: 33/200 Train accuracy: 5.80733e-01 Validation accuracy: 5.97000e-01 Loss 1.14647e-02 Time taken: 1.52 seconds 
Epoch: 34/200 Train accuracy: 5.86504e-01 Validation accuracy: 6.02333e-01 Loss 1.14490e-02 Time taken: 1.52 seconds 
Epoch: 35/200 Train accuracy: 5.87431e-01 Validation accuracy: 5.93333e-01 Loss 1.14408e-02 Time taken: 1.52 seconds 
Epoch: 36/200 Train accuracy: 5.94414e-01 Validation accuracy: 5.82000e-01 Loss 1.13984e-02 Time taken: 1.51 seconds 
Epoch: 37/200 Train accuracy: 5.97620e-01 Validation accuracy: 5.96000e-01 Loss 1.13868e-02 Time taken: 1.52 seconds 
Epoch: 38/200 Train accuracy: 5.92205e-01 Validation accuracy: 6.06000e-01 Loss 1.13978e-02 Time taken: 1.52 seconds 
Epoch: 39/200 Train accuracy: 5.90637e-01 Validation accuracy: 6.00667e-01 Loss 1.14057e-02 Time taken: 1.53 seconds 
Epoch: 40/200 Train accuracy: 5.97193e-01 Validation accuracy: 6.03333e-01 Loss 1.13773e-02 Time taken: 1.52 seconds 
Epoch: 41/200 Train accuracy: 5.96337e-01 Validation accuracy: 6.08667e-01 Loss 1.13722e-02 Time taken: 1.52 seconds 
Epoch: 42/200 Train accuracy: 6.01753e-01 Validation accuracy: 6.06333e-01 Loss 1.13532e-02 Time taken: 1.53 seconds 
Epoch: 43/200 Train accuracy: 5.96409e-01 Validation accuracy: 5.90333e-01 Loss 1.13584e-02 Time taken: 1.51 seconds 
Epoch: 44/200 Train accuracy: 5.98119e-01 Validation accuracy: 6.03667e-01 Loss 1.13719e-02 Time taken: 1.52 seconds 
Epoch: 45/200 Train accuracy: 5.96765e-01 Validation accuracy: 6.04000e-01 Loss 1.13645e-02 Time taken: 1.51 seconds 
Epoch: 46/200 Train accuracy: 5.96337e-01 Validation accuracy: 5.98667e-01 Loss 1.13666e-02 Time taken: 1.52 seconds 
Epoch: 47/200 Train accuracy: 6.01682e-01 Validation accuracy: 6.00333e-01 Loss 1.13340e-02 Time taken: 1.51 seconds 
Epoch: 48/200 Train accuracy: 5.98903e-01 Validation accuracy: 6.07667e-01 Loss 1.13370e-02 Time taken: 1.52 seconds 
Epoch: 49/200 Train accuracy: 6.01895e-01 Validation accuracy: 6.02667e-01 Loss 1.13410e-02 Time taken: 1.51 seconds 
Epoch: 50/200 Train accuracy: 6.00043e-01 Validation accuracy: 5.99333e-01 Loss 1.13473e-02 Time taken: 1.51 seconds 
Epoch: 51/200 Train accuracy: 5.99900e-01 Validation accuracy: 6.06000e-01 Loss 1.13420e-02 Time taken: 1.51 seconds 
Epoch: 52/200 Train accuracy: 5.99686e-01 Validation accuracy: 5.97000e-01 Loss 1.13387e-02 Time taken: 1.51 seconds 
Epoch: 53/200 Train accuracy: 6.01325e-01 Validation accuracy: 5.90333e-01 Loss 1.13387e-02 Time taken: 1.51 seconds 
Epoch: 54/200 Train accuracy: 5.95340e-01 Validation accuracy: 6.10667e-01 Loss 1.13448e-02 Time taken: 1.51 seconds 
Epoch: 55/200 Train accuracy: 6.03392e-01 Validation accuracy: 6.12667e-01 Loss 1.13131e-02 Time taken: 1.51 seconds 
Epoch: 56/200 Train accuracy: 6.00043e-01 Validation accuracy: 6.05667e-01 Loss 1.13287e-02 Time taken: 1.52 seconds 
Epoch: 57/200 Train accuracy: 6.01967e-01 Validation accuracy: 6.11667e-01 Loss 1.13201e-02 Time taken: 1.50 seconds 
Epoch: 58/200 Train accuracy: 6.03891e-01 Validation accuracy: 6.06000e-01 Loss 1.13039e-02 Time taken: 1.52 seconds 
Epoch: 59/200 Train accuracy: 6.05529e-01 Validation accuracy: 6.12667e-01 Loss 1.13090e-02 Time taken: 1.53 seconds 
Epoch: 60/200 Train accuracy: 6.03249e-01 Validation accuracy: 6.05667e-01 Loss 1.12999e-02 Time taken: 1.51 seconds 
Epoch: 61/200 Train accuracy: 6.08878e-01 Validation accuracy: 6.08333e-01 Loss 1.12841e-02 Time taken: 1.51 seconds 
Epoch: 62/200 Train accuracy: 6.07525e-01 Validation accuracy: 6.08667e-01 Loss 1.12846e-02 Time taken: 1.52 seconds 
Epoch: 63/200 Train accuracy: 6.04603e-01 Validation accuracy: 6.12000e-01 Loss 1.13022e-02 Time taken: 1.52 seconds 
Epoch: 64/200 Train accuracy: 6.05743e-01 Validation accuracy: 6.11333e-01 Loss 1.12936e-02 Time taken: 1.51 seconds 
Epoch: 65/200 Train accuracy: 6.08878e-01 Validation accuracy: 6.07333e-01 Loss 1.12925e-02 Time taken: 1.52 seconds 
Epoch: 66/200 Train accuracy: 6.07881e-01 Validation accuracy: 6.02333e-01 Loss 1.12792e-02 Time taken: 1.52 seconds 
Epoch: 67/200 Train accuracy: 6.05102e-01 Validation accuracy: 6.07667e-01 Loss 1.12948e-02 Time taken: 1.52 seconds 
Epoch: 68/200 Train accuracy: 6.08665e-01 Validation accuracy: 6.11000e-01 Loss 1.12821e-02 Time taken: 1.56 seconds 
Epoch: 69/200 Train accuracy: 6.07311e-01 Validation accuracy: 6.08333e-01 Loss 1.12842e-02 Time taken: 1.55 seconds 
Epoch: 70/200 Train accuracy: 6.04603e-01 Validation accuracy: 6.09333e-01 Loss 1.13022e-02 Time taken: 1.55 seconds 
Epoch: 71/200 Train accuracy: 6.06955e-01 Validation accuracy: 6.01000e-01 Loss 1.12835e-02 Time taken: 1.55 seconds 
Epoch: 72/200 Train accuracy: 6.07240e-01 Validation accuracy: 6.02000e-01 Loss 1.12658e-02 Time taken: 1.56 seconds 
Epoch: 73/200 Train accuracy: 6.05743e-01 Validation accuracy: 6.10000e-01 Loss 1.12866e-02 Time taken: 1.55 seconds 
Epoch: 74/200 Train accuracy: 6.10517e-01 Validation accuracy: 6.14000e-01 Loss 1.12656e-02 Time taken: 1.54 seconds 
Epoch: 75/200 Train accuracy: 6.07240e-01 Validation accuracy: 6.14333e-01 Loss 1.12797e-02 Time taken: 1.56 seconds 
Epoch: 76/200 Train accuracy: 6.05173e-01 Validation accuracy: 6.09333e-01 Loss 1.12790e-02 Time taken: 1.55 seconds 
Epoch: 77/200 Train accuracy: 6.08023e-01 Validation accuracy: 6.09333e-01 Loss 1.12718e-02 Time taken: 1.56 seconds 
Epoch: 78/200 Train accuracy: 6.10375e-01 Validation accuracy: 6.12333e-01 Loss 1.12548e-02 Time taken: 1.54 seconds 
Epoch: 79/200 Train accuracy: 6.05316e-01 Validation accuracy: 6.10333e-01 Loss 1.12703e-02 Time taken: 1.55 seconds 
Epoch: 80/200 Train accuracy: 6.09947e-01 Validation accuracy: 6.17333e-01 Loss 1.12495e-02 Time taken: 1.54 seconds 
Epoch: 81/200 Train accuracy: 6.07952e-01 Validation accuracy: 6.13333e-01 Loss 1.12705e-02 Time taken: 1.55 seconds 
Epoch: 82/200 Train accuracy: 6.11657e-01 Validation accuracy: 6.05667e-01 Loss 1.12538e-02 Time taken: 1.55 seconds 
Epoch: 83/200 Train accuracy: 6.08308e-01 Validation accuracy: 6.08000e-01 Loss 1.12580e-02 Time taken: 1.56 seconds 
Epoch: 84/200 Train accuracy: 6.10945e-01 Validation accuracy: 6.14333e-01 Loss 1.12402e-02 Time taken: 1.55 seconds 
Epoch: 85/200 Train accuracy: 6.08095e-01 Validation accuracy: 6.11667e-01 Loss 1.12617e-02 Time taken: 1.55 seconds 
Epoch: 86/200 Train accuracy: 6.10019e-01 Validation accuracy: 6.14333e-01 Loss 1.12549e-02 Time taken: 1.56 seconds 
Epoch: 87/200 Train accuracy: 6.05529e-01 Validation accuracy: 6.12000e-01 Loss 1.12707e-02 Time taken: 1.55 seconds 
Epoch: 88/200 Train accuracy: 6.06384e-01 Validation accuracy: 6.13667e-01 Loss 1.12725e-02 Time taken: 1.55 seconds 
Epoch: 89/200 Train accuracy: 6.10517e-01 Validation accuracy: 6.11000e-01 Loss 1.12456e-02 Time taken: 1.55 seconds 
Epoch: 90/200 Train accuracy: 6.08451e-01 Validation accuracy: 6.13000e-01 Loss 1.12606e-02 Time taken: 1.56 seconds 
Epoch: 91/200 Train accuracy: 6.08807e-01 Validation accuracy: 6.17000e-01 Loss 1.12638e-02 Time taken: 1.55 seconds 
Epoch: 92/200 Train accuracy: 6.14151e-01 Validation accuracy: 6.12333e-01 Loss 1.12363e-02 Time taken: 1.55 seconds 
Epoch: 93/200 Train accuracy: 6.11657e-01 Validation accuracy: 6.16667e-01 Loss 1.12397e-02 Time taken: 1.56 seconds 
Epoch: 94/200 Train accuracy: 6.12441e-01 Validation accuracy: 6.18000e-01 Loss 1.12426e-02 Time taken: 1.55 seconds 
Epoch: 95/200 Train accuracy: 6.13724e-01 Validation accuracy: 6.14000e-01 Loss 1.12295e-02 Time taken: 1.55 seconds 
Epoch: 96/200 Train accuracy: 6.12655e-01 Validation accuracy: 6.09000e-01 Loss 1.12279e-02 Time taken: 1.56 seconds 
Epoch: 97/200 Train accuracy: 6.11586e-01 Validation accuracy: 6.08333e-01 Loss 1.12462e-02 Time taken: 1.56 seconds 
Epoch: 98/200 Train accuracy: 6.10161e-01 Validation accuracy: 6.12333e-01 Loss 1.12435e-02 Time taken: 1.55 seconds 
Epoch: 99/200 Train accuracy: 6.14151e-01 Validation accuracy: 6.18000e-01 Loss 1.12171e-02 Time taken: 1.55 seconds 
Epoch: 100/200 Train accuracy: 6.09876e-01 Validation accuracy: 6.17667e-01 Loss 1.12392e-02 Time taken: 1.56 seconds 
Epoch: 101/200 Train accuracy: 6.12512e-01 Validation accuracy: 6.14000e-01 Loss 1.12271e-02 Time taken: 1.55 seconds 
Epoch: 102/200 Train accuracy: 6.11800e-01 Validation accuracy: 6.17333e-01 Loss 1.12345e-02 Time taken: 1.55 seconds 
Epoch: 103/200 Train accuracy: 6.10802e-01 Validation accuracy: 6.15667e-01 Loss 1.12435e-02 Time taken: 1.55 seconds 
Epoch: 104/200 Train accuracy: 6.13225e-01 Validation accuracy: 6.13667e-01 Loss 1.12184e-02 Time taken: 1.55 seconds 
Epoch: 105/200 Train accuracy: 6.09163e-01 Validation accuracy: 6.09333e-01 Loss 1.12459e-02 Time taken: 1.55 seconds 
Epoch: 106/200 Train accuracy: 6.09876e-01 Validation accuracy: 6.17333e-01 Loss 1.12495e-02 Time taken: 1.55 seconds 
Epoch: 107/200 Train accuracy: 6.10589e-01 Validation accuracy: 6.12000e-01 Loss 1.12476e-02 Time taken: 1.55 seconds 
Epoch: 108/200 Train accuracy: 6.09092e-01 Validation accuracy: 6.15667e-01 Loss 1.12428e-02 Time taken: 1.55 seconds 
Epoch: 109/200 Train accuracy: 6.10375e-01 Validation accuracy: 6.12333e-01 Loss 1.12364e-02 Time taken: 1.55 seconds 
Epoch: 110/200 Train accuracy: 6.14793e-01 Validation accuracy: 6.14000e-01 Loss 1.12200e-02 Time taken: 1.55 seconds 
Epoch: 111/200 Train accuracy: 6.15719e-01 Validation accuracy: 6.10667e-01 Loss 1.12184e-02 Time taken: 1.54 seconds 
Epoch: 112/200 Train accuracy: 6.15861e-01 Validation accuracy: 6.18333e-01 Loss 1.12001e-02 Time taken: 1.55 seconds 
Epoch: 113/200 Train accuracy: 6.12512e-01 Validation accuracy: 5.97667e-01 Loss 1.12278e-02 Time taken: 1.55 seconds 
Epoch: 114/200 Train accuracy: 6.13225e-01 Validation accuracy: 6.15333e-01 Loss 1.12160e-02 Time taken: 1.55 seconds 
Epoch: 115/200 Train accuracy: 6.14294e-01 Validation accuracy: 6.18667e-01 Loss 1.12185e-02 Time taken: 1.55 seconds 
Epoch: 116/200 Train accuracy: 6.11159e-01 Validation accuracy: 6.13667e-01 Loss 1.12367e-02 Time taken: 1.55 seconds 
Epoch: 117/200 Train accuracy: 6.10090e-01 Validation accuracy: 6.17333e-01 Loss 1.12350e-02 Time taken: 1.55 seconds 
Epoch: 118/200 Train accuracy: 6.13083e-01 Validation accuracy: 6.16000e-01 Loss 1.12187e-02 Time taken: 1.55 seconds 
Epoch: 119/200 Train accuracy: 6.15006e-01 Validation accuracy: 6.09333e-01 Loss 1.12218e-02 Time taken: 1.56 seconds 
Epoch: 120/200 Train accuracy: 6.15434e-01 Validation accuracy: 6.18333e-01 Loss 1.12032e-02 Time taken: 1.54 seconds 
Epoch: 121/200 Train accuracy: 6.13653e-01 Validation accuracy: 6.20333e-01 Loss 1.12131e-02 Time taken: 1.55 seconds 
Epoch: 122/200 Train accuracy: 6.16289e-01 Validation accuracy: 6.20667e-01 Loss 1.11966e-02 Time taken: 1.55 seconds 
Epoch: 123/200 Train accuracy: 6.12441e-01 Validation accuracy: 6.11000e-01 Loss 1.12156e-02 Time taken: 1.55 seconds 
Epoch: 124/200 Train accuracy: 6.17144e-01 Validation accuracy: 6.13000e-01 Loss 1.11997e-02 Time taken: 1.55 seconds 
Epoch: 125/200 Train accuracy: 6.14080e-01 Validation accuracy: 6.19667e-01 Loss 1.12070e-02 Time taken: 1.55 seconds 
Epoch: 126/200 Train accuracy: 6.14436e-01 Validation accuracy: 6.10333e-01 Loss 1.12068e-02 Time taken: 1.56 seconds 
Epoch: 127/200 Train accuracy: 6.09591e-01 Validation accuracy: 6.14667e-01 Loss 1.12290e-02 Time taken: 1.55 seconds 
Epoch: 128/200 Train accuracy: 6.18640e-01 Validation accuracy: 6.20000e-01 Loss 1.11812e-02 Time taken: 1.56 seconds 
Epoch: 129/200 Train accuracy: 6.13653e-01 Validation accuracy: 6.19000e-01 Loss 1.12130e-02 Time taken: 1.56 seconds 
Epoch: 130/200 Train accuracy: 6.16788e-01 Validation accuracy: 6.15667e-01 Loss 1.12033e-02 Time taken: 1.56 seconds 
Epoch: 131/200 Train accuracy: 6.18783e-01 Validation accuracy: 6.21667e-01 Loss 1.11829e-02 Time taken: 1.55 seconds 
Epoch: 132/200 Train accuracy: 6.14365e-01 Validation accuracy: 6.10000e-01 Loss 1.12052e-02 Time taken: 1.55 seconds 
Epoch: 133/200 Train accuracy: 6.14223e-01 Validation accuracy: 6.22000e-01 Loss 1.12052e-02 Time taken: 1.55 seconds 
Epoch: 134/200 Train accuracy: 6.13581e-01 Validation accuracy: 6.16667e-01 Loss 1.12187e-02 Time taken: 1.55 seconds 
Epoch: 135/200 Train accuracy: 6.12869e-01 Validation accuracy: 6.21000e-01 Loss 1.12085e-02 Time taken: 1.56 seconds 
Epoch: 136/200 Train accuracy: 6.15220e-01 Validation accuracy: 6.14667e-01 Loss 1.11882e-02 Time taken: 1.55 seconds 
Epoch: 137/200 Train accuracy: 6.14935e-01 Validation accuracy: 6.21333e-01 Loss 1.12105e-02 Time taken: 1.55 seconds 
Epoch: 138/200 Train accuracy: 6.14579e-01 Validation accuracy: 6.18333e-01 Loss 1.12075e-02 Time taken: 1.54 seconds 
Epoch: 139/200 Train accuracy: 6.17714e-01 Validation accuracy: 6.13333e-01 Loss 1.11972e-02 Time taken: 1.55 seconds 
Epoch: 140/200 Train accuracy: 6.17002e-01 Validation accuracy: 6.21000e-01 Loss 1.11991e-02 Time taken: 1.56 seconds 
Epoch: 141/200 Train accuracy: 6.13938e-01 Validation accuracy: 6.19000e-01 Loss 1.11960e-02 Time taken: 1.54 seconds 
Epoch: 142/200 Train accuracy: 6.12512e-01 Validation accuracy: 6.17333e-01 Loss 1.12172e-02 Time taken: 1.55 seconds 
Epoch: 143/200 Train accuracy: 6.17643e-01 Validation accuracy: 6.16667e-01 Loss 1.11924e-02 Time taken: 1.55 seconds 
Epoch: 144/200 Train accuracy: 6.16289e-01 Validation accuracy: 6.17667e-01 Loss 1.11837e-02 Time taken: 1.55 seconds 
Epoch: 145/200 Train accuracy: 6.13938e-01 Validation accuracy: 6.16000e-01 Loss 1.12042e-02 Time taken: 1.54 seconds 
Epoch: 146/200 Train accuracy: 6.18355e-01 Validation accuracy: 6.14333e-01 Loss 1.11765e-02 Time taken: 1.55 seconds 
Epoch: 147/200 Train accuracy: 6.16574e-01 Validation accuracy: 6.18333e-01 Loss 1.12010e-02 Time taken: 1.55 seconds 
Epoch: 148/200 Train accuracy: 6.18712e-01 Validation accuracy: 6.18000e-01 Loss 1.11797e-02 Time taken: 1.55 seconds 
Epoch: 149/200 Train accuracy: 6.19139e-01 Validation accuracy: 6.04333e-01 Loss 1.11948e-02 Time taken: 1.55 seconds 
Epoch: 150/200 Train accuracy: 6.12085e-01 Validation accuracy: 6.18000e-01 Loss 1.12057e-02 Time taken: 1.56 seconds 
Epoch: 151/200 Train accuracy: 6.14223e-01 Validation accuracy: 6.21667e-01 Loss 1.11979e-02 Time taken: 1.55 seconds 
Epoch: 152/200 Train accuracy: 6.15933e-01 Validation accuracy: 6.13667e-01 Loss 1.12013e-02 Time taken: 1.55 seconds 
Epoch: 153/200 Train accuracy: 6.17643e-01 Validation accuracy: 6.21000e-01 Loss 1.11788e-02 Time taken: 1.56 seconds 
Epoch: 154/200 Train accuracy: 6.15861e-01 Validation accuracy: 6.11333e-01 Loss 1.12012e-02 Time taken: 1.55 seconds 
Epoch: 155/200 Train accuracy: 6.15719e-01 Validation accuracy: 6.18667e-01 Loss 1.11935e-02 Time taken: 1.55 seconds 
Epoch: 156/200 Train accuracy: 6.15291e-01 Validation accuracy: 6.15333e-01 Loss 1.12020e-02 Time taken: 1.55 seconds 
Epoch: 157/200 Train accuracy: 6.15790e-01 Validation accuracy: 6.19333e-01 Loss 1.11770e-02 Time taken: 1.55 seconds 
Epoch: 158/200 Train accuracy: 6.15291e-01 Validation accuracy: 6.11667e-01 Loss 1.11911e-02 Time taken: 1.55 seconds 
Epoch: 159/200 Train accuracy: 6.15861e-01 Validation accuracy: 6.18667e-01 Loss 1.11797e-02 Time taken: 1.55 seconds 
Epoch: 160/200 Train accuracy: 6.19139e-01 Validation accuracy: 6.16000e-01 Loss 1.11842e-02 Time taken: 1.56 seconds 
Epoch: 161/200 Train accuracy: 6.17857e-01 Validation accuracy: 6.20667e-01 Loss 1.11800e-02 Time taken: 1.56 seconds 
Epoch: 162/200 Train accuracy: 6.15291e-01 Validation accuracy: 6.17000e-01 Loss 1.11971e-02 Time taken: 1.55 seconds 
Epoch: 163/200 Train accuracy: 6.12014e-01 Validation accuracy: 6.16333e-01 Loss 1.12077e-02 Time taken: 1.55 seconds 
Epoch: 164/200 Train accuracy: 6.14721e-01 Validation accuracy: 6.15667e-01 Loss 1.12002e-02 Time taken: 1.56 seconds 
Epoch: 165/200 Train accuracy: 6.17500e-01 Validation accuracy: 6.18667e-01 Loss 1.11891e-02 Time taken: 1.55 seconds 
Epoch: 166/200 Train accuracy: 6.17572e-01 Validation accuracy: 6.20667e-01 Loss 1.11743e-02 Time taken: 1.56 seconds 
Epoch: 167/200 Train accuracy: 6.19781e-01 Validation accuracy: 6.21333e-01 Loss 1.11759e-02 Time taken: 1.55 seconds 
Epoch: 168/200 Train accuracy: 6.16645e-01 Validation accuracy: 6.23000e-01 Loss 1.11857e-02 Time taken: 1.56 seconds 
Epoch: 169/200 Train accuracy: 6.18569e-01 Validation accuracy: 6.19667e-01 Loss 1.11831e-02 Time taken: 1.55 seconds 
Epoch: 170/200 Train accuracy: 6.13296e-01 Validation accuracy: 6.22667e-01 Loss 1.12034e-02 Time taken: 1.56 seconds 
Epoch: 171/200 Train accuracy: 6.14721e-01 Validation accuracy: 6.22333e-01 Loss 1.11867e-02 Time taken: 1.55 seconds 
Epoch: 172/200 Train accuracy: 6.17928e-01 Validation accuracy: 6.21000e-01 Loss 1.11735e-02 Time taken: 1.55 seconds 
Epoch: 173/200 Train accuracy: 6.18783e-01 Validation accuracy: 6.16000e-01 Loss 1.11816e-02 Time taken: 1.56 seconds 
Epoch: 174/200 Train accuracy: 6.18284e-01 Validation accuracy: 6.26000e-01 Loss 1.11842e-02 Time taken: 1.54 seconds 
Epoch: 175/200 Train accuracy: 6.17928e-01 Validation accuracy: 6.16000e-01 Loss 1.11691e-02 Time taken: 1.55 seconds 
Epoch: 176/200 Train accuracy: 6.16218e-01 Validation accuracy: 6.16000e-01 Loss 1.11798e-02 Time taken: 1.55 seconds 
Epoch: 177/200 Train accuracy: 6.16645e-01 Validation accuracy: 6.13667e-01 Loss 1.11996e-02 Time taken: 1.55 seconds 
Epoch: 178/200 Train accuracy: 6.11087e-01 Validation accuracy: 6.19333e-01 Loss 1.12057e-02 Time taken: 1.55 seconds 
Epoch: 179/200 Train accuracy: 6.15220e-01 Validation accuracy: 6.20333e-01 Loss 1.11909e-02 Time taken: 1.56 seconds 
Epoch: 180/200 Train accuracy: 6.13011e-01 Validation accuracy: 6.21000e-01 Loss 1.11874e-02 Time taken: 1.55 seconds 
Epoch: 181/200 Train accuracy: 6.18569e-01 Validation accuracy: 6.20667e-01 Loss 1.11716e-02 Time taken: 1.55 seconds 
Epoch: 182/200 Train accuracy: 6.18783e-01 Validation accuracy: 6.12667e-01 Loss 1.11795e-02 Time taken: 1.56 seconds 
Epoch: 183/200 Train accuracy: 6.18854e-01 Validation accuracy: 6.19000e-01 Loss 1.11686e-02 Time taken: 1.56 seconds 
Epoch: 184/200 Train accuracy: 6.15505e-01 Validation accuracy: 6.21333e-01 Loss 1.11907e-02 Time taken: 1.55 seconds 
Epoch: 185/200 Train accuracy: 6.18284e-01 Validation accuracy: 6.19000e-01 Loss 1.11726e-02 Time taken: 1.55 seconds 
Epoch: 186/200 Train accuracy: 6.17002e-01 Validation accuracy: 6.25000e-01 Loss 1.11879e-02 Time taken: 1.55 seconds 
Epoch: 187/200 Train accuracy: 6.21206e-01 Validation accuracy: 6.08667e-01 Loss 1.11690e-02 Time taken: 1.55 seconds 
Epoch: 188/200 Train accuracy: 6.15291e-01 Validation accuracy: 6.21333e-01 Loss 1.11901e-02 Time taken: 1.55 seconds 
Epoch: 189/200 Train accuracy: 6.16574e-01 Validation accuracy: 6.18667e-01 Loss 1.11752e-02 Time taken: 1.55 seconds 
Epoch: 190/200 Train accuracy: 6.14436e-01 Validation accuracy: 6.18667e-01 Loss 1.11938e-02 Time taken: 1.55 seconds 
Epoch: 191/200 Train accuracy: 6.16717e-01 Validation accuracy: 6.18667e-01 Loss 1.11718e-02 Time taken: 1.52 seconds 
Epoch: 192/200 Train accuracy: 6.18569e-01 Validation accuracy: 6.21333e-01 Loss 1.11702e-02 Time taken: 1.53 seconds 
Epoch: 193/200 Train accuracy: 6.17429e-01 Validation accuracy: 6.19000e-01 Loss 1.11781e-02 Time taken: 1.53 seconds 
Epoch: 194/200 Train accuracy: 6.19709e-01 Validation accuracy: 6.19333e-01 Loss 1.11702e-02 Time taken: 1.51 seconds 
Epoch: 195/200 Train accuracy: 6.18997e-01 Validation accuracy: 6.22667e-01 Loss 1.11737e-02 Time taken: 1.52 seconds 
Epoch: 196/200 Train accuracy: 6.15719e-01 Validation accuracy: 6.19667e-01 Loss 1.11910e-02 Time taken: 1.51 seconds 
Epoch: 197/200 Train accuracy: 6.16075e-01 Validation accuracy: 6.23000e-01 Loss 1.11681e-02 Time taken: 1.52 seconds 
Epoch: 198/200 Train accuracy: 6.15719e-01 Validation accuracy: 6.21333e-01 Loss 1.11970e-02 Time taken: 1.51 seconds 
Epoch: 199/200 Train accuracy: 6.20564e-01 Validation accuracy: 6.22000e-01 Loss 1.11629e-02 Time taken: 1.52 seconds 
Epoch: 200/200 Train accuracy: 6.16289e-01 Validation accuracy: 6.19667e-01 Loss 1.11819e-02 Time taken: 1.52 seconds 
Total time taken 0:05:08.829342
Cleaning up intermediate feature (.pt) files
Done


working on file logs_PKT_full/iic-train-PKTwhole-seed43/jepa-iic-PKTwhole-seed43-ep50.pth.tar ...
