Directory classifiers/jepa-iic-L2-seed-10-classifier-pretrained-vitb-normalized-ep400 for saving the classifiers is now present
VisionTransformer(
  (patch_embed): PatchEmbed(
    (proj): Conv2d(3, 768, kernel_size=(15, 15), stride=(15, 15))
  )
  (blocks): ModuleList(
    (0-11): 12 x Block(
      (norm1): LayerNorm((768,), eps=1e-06, elementwise_affine=True)
      (attn): Attention(
        (qkv): Linear(in_features=768, out_features=2304, bias=True)
        (attn_drop): Dropout(p=0.0, inplace=False)
        (proj): Linear(in_features=768, out_features=768, bias=True)
        (proj_drop): Dropout(p=0.0, inplace=False)
      )
      (drop_path): Identity()
      (norm2): LayerNorm((768,), eps=1e-06, elementwise_affine=True)
      (mlp): MLP(
        (fc1): Linear(in_features=768, out_features=3072, bias=True)
        (act): GELU(approximate='none')
        (fc2): Linear(in_features=3072, out_features=768, bias=True)
        (drop): Dropout(p=0.0, inplace=False)
      )
    )
  )
  (norm): LayerNorm((768,), eps=1e-06, elementwise_affine=True)
)
Extracting features and saving them locally..
Epoch: 1/200 Train accuracy: 3.89126e-01 Validation accuracy: 6.09000e-01 Loss 1.29213e-02 Time taken: 1.58 seconds 
Epoch: 2/200 Train accuracy: 5.81303e-01 Validation accuracy: 6.49667e-01 Loss 1.16603e-02 Time taken: 1.55 seconds 
Epoch: 3/200 Train accuracy: 6.25125e-01 Validation accuracy: 6.66333e-01 Loss 1.12789e-02 Time taken: 1.62 seconds 
Epoch: 4/200 Train accuracy: 6.48782e-01 Validation accuracy: 6.77000e-01 Loss 1.10920e-02 Time taken: 1.55 seconds 
Epoch: 5/200 Train accuracy: 6.59185e-01 Validation accuracy: 6.85000e-01 Loss 1.09822e-02 Time taken: 1.56 seconds 
Epoch: 6/200 Train accuracy: 6.72510e-01 Validation accuracy: 6.86333e-01 Loss 1.08852e-02 Time taken: 1.55 seconds 
Epoch: 7/200 Train accuracy: 6.75645e-01 Validation accuracy: 6.97333e-01 Loss 1.08336e-02 Time taken: 1.56 seconds 
Epoch: 8/200 Train accuracy: 6.83839e-01 Validation accuracy: 7.01667e-01 Loss 1.07782e-02 Time taken: 1.57 seconds 
Epoch: 9/200 Train accuracy: 6.89397e-01 Validation accuracy: 7.00333e-01 Loss 1.07295e-02 Time taken: 1.56 seconds 
Epoch: 10/200 Train accuracy: 6.92532e-01 Validation accuracy: 7.08000e-01 Loss 1.07042e-02 Time taken: 1.56 seconds 
Epoch: 11/200 Train accuracy: 6.98233e-01 Validation accuracy: 7.11000e-01 Loss 1.06630e-02 Time taken: 1.56 seconds 
Epoch: 12/200 Train accuracy: 6.98304e-01 Validation accuracy: 7.11667e-01 Loss 1.06392e-02 Time taken: 1.56 seconds 
Epoch: 13/200 Train accuracy: 7.03791e-01 Validation accuracy: 7.08333e-01 Loss 1.06121e-02 Time taken: 1.56 seconds 
Epoch: 14/200 Train accuracy: 7.07852e-01 Validation accuracy: 7.05000e-01 Loss 1.05822e-02 Time taken: 1.61 seconds 
Epoch: 15/200 Train accuracy: 7.06641e-01 Validation accuracy: 7.14667e-01 Loss 1.05845e-02 Time taken: 1.69 seconds 
Epoch: 16/200 Train accuracy: 7.06712e-01 Validation accuracy: 7.15667e-01 Loss 1.05680e-02 Time taken: 1.72 seconds 
Epoch: 17/200 Train accuracy: 7.12698e-01 Validation accuracy: 7.17333e-01 Loss 1.05344e-02 Time taken: 1.68 seconds 
Epoch: 18/200 Train accuracy: 7.11985e-01 Validation accuracy: 7.23000e-01 Loss 1.05339e-02 Time taken: 1.61 seconds 
Epoch: 19/200 Train accuracy: 7.09848e-01 Validation accuracy: 7.22667e-01 Loss 1.05301e-02 Time taken: 1.55 seconds 
Epoch: 20/200 Train accuracy: 7.13695e-01 Validation accuracy: 7.23667e-01 Loss 1.05021e-02 Time taken: 1.56 seconds 
Epoch: 21/200 Train accuracy: 7.17044e-01 Validation accuracy: 7.21333e-01 Loss 1.05037e-02 Time taken: 1.59 seconds 
Epoch: 22/200 Train accuracy: 7.18754e-01 Validation accuracy: 7.25667e-01 Loss 1.04853e-02 Time taken: 1.55 seconds 
Epoch: 23/200 Train accuracy: 7.15904e-01 Validation accuracy: 7.28000e-01 Loss 1.04769e-02 Time taken: 1.55 seconds 
Epoch: 24/200 Train accuracy: 7.16902e-01 Validation accuracy: 7.26333e-01 Loss 1.04798e-02 Time taken: 1.57 seconds 
Epoch: 25/200 Train accuracy: 7.20322e-01 Validation accuracy: 7.31000e-01 Loss 1.04644e-02 Time taken: 1.57 seconds 
Epoch: 26/200 Train accuracy: 7.20963e-01 Validation accuracy: 7.24333e-01 Loss 1.04511e-02 Time taken: 1.54 seconds 
Epoch: 27/200 Train accuracy: 7.22175e-01 Validation accuracy: 7.30333e-01 Loss 1.04439e-02 Time taken: 1.55 seconds 
Epoch: 28/200 Train accuracy: 7.19396e-01 Validation accuracy: 7.33667e-01 Loss 1.04504e-02 Time taken: 1.55 seconds 
Epoch: 29/200 Train accuracy: 7.24241e-01 Validation accuracy: 7.32667e-01 Loss 1.04261e-02 Time taken: 1.55 seconds 
Epoch: 30/200 Train accuracy: 7.21533e-01 Validation accuracy: 7.33667e-01 Loss 1.04286e-02 Time taken: 1.55 seconds 
Epoch: 31/200 Train accuracy: 7.23529e-01 Validation accuracy: 7.32667e-01 Loss 1.04212e-02 Time taken: 1.55 seconds 
Epoch: 32/200 Train accuracy: 7.23671e-01 Validation accuracy: 7.28333e-01 Loss 1.04182e-02 Time taken: 1.55 seconds 
Epoch: 33/200 Train accuracy: 7.23457e-01 Validation accuracy: 7.22667e-01 Loss 1.04086e-02 Time taken: 1.54 seconds 
Epoch: 34/200 Train accuracy: 7.26806e-01 Validation accuracy: 7.35667e-01 Loss 1.04045e-02 Time taken: 1.55 seconds 
Epoch: 35/200 Train accuracy: 7.26023e-01 Validation accuracy: 7.30667e-01 Loss 1.03982e-02 Time taken: 1.56 seconds 
Epoch: 36/200 Train accuracy: 7.25025e-01 Validation accuracy: 7.36000e-01 Loss 1.04003e-02 Time taken: 1.55 seconds 
Epoch: 37/200 Train accuracy: 7.23457e-01 Validation accuracy: 7.34333e-01 Loss 1.04031e-02 Time taken: 1.54 seconds 
Epoch: 38/200 Train accuracy: 7.25096e-01 Validation accuracy: 7.36000e-01 Loss 1.03952e-02 Time taken: 1.55 seconds 
Epoch: 39/200 Train accuracy: 7.29514e-01 Validation accuracy: 7.36333e-01 Loss 1.03773e-02 Time taken: 1.56 seconds 
Epoch: 40/200 Train accuracy: 7.25310e-01 Validation accuracy: 7.40000e-01 Loss 1.03912e-02 Time taken: 1.55 seconds 
Epoch: 41/200 Train accuracy: 7.26308e-01 Validation accuracy: 7.39333e-01 Loss 1.03750e-02 Time taken: 1.56 seconds 
Epoch: 42/200 Train accuracy: 7.27376e-01 Validation accuracy: 7.40667e-01 Loss 1.03711e-02 Time taken: 1.55 seconds 
Epoch: 43/200 Train accuracy: 7.28659e-01 Validation accuracy: 7.34333e-01 Loss 1.03569e-02 Time taken: 1.56 seconds 
Epoch: 44/200 Train accuracy: 7.30084e-01 Validation accuracy: 7.42667e-01 Loss 1.03591e-02 Time taken: 1.56 seconds 
Epoch: 45/200 Train accuracy: 7.31723e-01 Validation accuracy: 7.38333e-01 Loss 1.03445e-02 Time taken: 1.56 seconds 
Epoch: 46/200 Train accuracy: 7.30369e-01 Validation accuracy: 7.39000e-01 Loss 1.03470e-02 Time taken: 1.55 seconds 
Epoch: 47/200 Train accuracy: 7.33576e-01 Validation accuracy: 7.34000e-01 Loss 1.03310e-02 Time taken: 1.55 seconds 
Epoch: 48/200 Train accuracy: 7.28160e-01 Validation accuracy: 7.40333e-01 Loss 1.03686e-02 Time taken: 1.55 seconds 
Epoch: 49/200 Train accuracy: 7.29514e-01 Validation accuracy: 7.41000e-01 Loss 1.03501e-02 Time taken: 1.55 seconds 
Epoch: 50/200 Train accuracy: 7.28659e-01 Validation accuracy: 7.35333e-01 Loss 1.03446e-02 Time taken: 1.55 seconds 
Epoch: 51/200 Train accuracy: 7.29229e-01 Validation accuracy: 7.40000e-01 Loss 1.03388e-02 Time taken: 1.55 seconds 
Epoch: 52/200 Train accuracy: 7.29728e-01 Validation accuracy: 7.36667e-01 Loss 1.03468e-02 Time taken: 1.56 seconds 
Epoch: 53/200 Train accuracy: 7.33148e-01 Validation accuracy: 7.40667e-01 Loss 1.03410e-02 Time taken: 1.55 seconds 
Epoch: 54/200 Train accuracy: 7.31295e-01 Validation accuracy: 7.37333e-01 Loss 1.03345e-02 Time taken: 1.55 seconds 
Epoch: 55/200 Train accuracy: 7.31652e-01 Validation accuracy: 7.43000e-01 Loss 1.03415e-02 Time taken: 1.55 seconds 
Epoch: 56/200 Train accuracy: 7.29585e-01 Validation accuracy: 7.38333e-01 Loss 1.03380e-02 Time taken: 1.56 seconds 
Epoch: 57/200 Train accuracy: 7.29300e-01 Validation accuracy: 7.42333e-01 Loss 1.03350e-02 Time taken: 1.56 seconds 
Epoch: 58/200 Train accuracy: 7.32507e-01 Validation accuracy: 7.41667e-01 Loss 1.03264e-02 Time taken: 1.55 seconds 
Epoch: 59/200 Train accuracy: 7.32934e-01 Validation accuracy: 7.41333e-01 Loss 1.03262e-02 Time taken: 1.55 seconds 
Epoch: 60/200 Train accuracy: 7.32649e-01 Validation accuracy: 7.44333e-01 Loss 1.03195e-02 Time taken: 1.54 seconds 
Epoch: 61/200 Train accuracy: 7.32008e-01 Validation accuracy: 7.44333e-01 Loss 1.03214e-02 Time taken: 1.55 seconds 
Epoch: 62/200 Train accuracy: 7.31865e-01 Validation accuracy: 7.46333e-01 Loss 1.03147e-02 Time taken: 1.54 seconds 
Epoch: 63/200 Train accuracy: 7.33932e-01 Validation accuracy: 7.44333e-01 Loss 1.03184e-02 Time taken: 1.55 seconds 
Epoch: 64/200 Train accuracy: 7.33789e-01 Validation accuracy: 7.44000e-01 Loss 1.03120e-02 Time taken: 1.55 seconds 
Epoch: 65/200 Train accuracy: 7.33932e-01 Validation accuracy: 7.37333e-01 Loss 1.03197e-02 Time taken: 1.54 seconds 
Epoch: 66/200 Train accuracy: 7.32079e-01 Validation accuracy: 7.44333e-01 Loss 1.03151e-02 Time taken: 1.55 seconds 
Epoch: 67/200 Train accuracy: 7.35214e-01 Validation accuracy: 7.41000e-01 Loss 1.03049e-02 Time taken: 1.55 seconds 
Epoch: 68/200 Train accuracy: 7.34359e-01 Validation accuracy: 7.47000e-01 Loss 1.03103e-02 Time taken: 1.55 seconds 
Epoch: 69/200 Train accuracy: 7.36355e-01 Validation accuracy: 7.43333e-01 Loss 1.02954e-02 Time taken: 1.55 seconds 
Epoch: 70/200 Train accuracy: 7.33647e-01 Validation accuracy: 7.46333e-01 Loss 1.03121e-02 Time taken: 1.56 seconds 
Epoch: 71/200 Train accuracy: 7.34431e-01 Validation accuracy: 7.39000e-01 Loss 1.03000e-02 Time taken: 1.55 seconds 
Epoch: 72/200 Train accuracy: 7.34146e-01 Validation accuracy: 7.43333e-01 Loss 1.03049e-02 Time taken: 1.55 seconds 
Epoch: 73/200 Train accuracy: 7.38706e-01 Validation accuracy: 7.43333e-01 Loss 1.02845e-02 Time taken: 1.55 seconds 
Epoch: 74/200 Train accuracy: 7.38563e-01 Validation accuracy: 7.42000e-01 Loss 1.02962e-02 Time taken: 1.55 seconds 
Epoch: 75/200 Train accuracy: 7.36212e-01 Validation accuracy: 7.44000e-01 Loss 1.02924e-02 Time taken: 1.55 seconds 
Epoch: 76/200 Train accuracy: 7.32792e-01 Validation accuracy: 7.41667e-01 Loss 1.03015e-02 Time taken: 1.54 seconds 
Epoch: 77/200 Train accuracy: 7.37138e-01 Validation accuracy: 7.48667e-01 Loss 1.02903e-02 Time taken: 1.55 seconds 
Epoch: 78/200 Train accuracy: 7.37423e-01 Validation accuracy: 7.43000e-01 Loss 1.02720e-02 Time taken: 1.54 seconds 
Epoch: 79/200 Train accuracy: 7.36355e-01 Validation accuracy: 7.40000e-01 Loss 1.02864e-02 Time taken: 1.55 seconds 
Epoch: 80/200 Train accuracy: 7.36212e-01 Validation accuracy: 7.42333e-01 Loss 1.02793e-02 Time taken: 1.54 seconds 
Epoch: 81/200 Train accuracy: 7.37566e-01 Validation accuracy: 7.39667e-01 Loss 1.02853e-02 Time taken: 1.55 seconds 
Epoch: 82/200 Train accuracy: 7.36925e-01 Validation accuracy: 7.40667e-01 Loss 1.02809e-02 Time taken: 1.55 seconds 
Epoch: 83/200 Train accuracy: 7.33718e-01 Validation accuracy: 7.48333e-01 Loss 1.02926e-02 Time taken: 1.55 seconds 
Epoch: 84/200 Train accuracy: 7.35214e-01 Validation accuracy: 7.38667e-01 Loss 1.02903e-02 Time taken: 1.55 seconds 
Epoch: 85/200 Train accuracy: 7.33861e-01 Validation accuracy: 7.46667e-01 Loss 1.02867e-02 Time taken: 1.55 seconds 
Epoch: 86/200 Train accuracy: 7.37067e-01 Validation accuracy: 7.44667e-01 Loss 1.02769e-02 Time taken: 1.54 seconds 
Epoch: 87/200 Train accuracy: 7.35713e-01 Validation accuracy: 7.39333e-01 Loss 1.02912e-02 Time taken: 1.54 seconds 
Epoch: 88/200 Train accuracy: 7.38278e-01 Validation accuracy: 7.44000e-01 Loss 1.02654e-02 Time taken: 1.55 seconds 
Epoch: 89/200 Train accuracy: 7.38920e-01 Validation accuracy: 7.50667e-01 Loss 1.02810e-02 Time taken: 1.55 seconds 
Epoch: 90/200 Train accuracy: 7.36497e-01 Validation accuracy: 7.48667e-01 Loss 1.02668e-02 Time taken: 1.55 seconds 
Epoch: 91/200 Train accuracy: 7.36853e-01 Validation accuracy: 7.47333e-01 Loss 1.02811e-02 Time taken: 1.54 seconds 
Epoch: 92/200 Train accuracy: 7.34502e-01 Validation accuracy: 7.43667e-01 Loss 1.02818e-02 Time taken: 1.55 seconds 
Epoch: 93/200 Train accuracy: 7.37352e-01 Validation accuracy: 7.49667e-01 Loss 1.02747e-02 Time taken: 1.55 seconds 
Epoch: 94/200 Train accuracy: 7.38350e-01 Validation accuracy: 7.46000e-01 Loss 1.02737e-02 Time taken: 1.55 seconds 
Epoch: 95/200 Train accuracy: 7.38136e-01 Validation accuracy: 7.44000e-01 Loss 1.02631e-02 Time taken: 1.55 seconds 
Epoch: 96/200 Train accuracy: 7.36141e-01 Validation accuracy: 7.50000e-01 Loss 1.02807e-02 Time taken: 1.55 seconds 
Epoch: 97/200 Train accuracy: 7.39775e-01 Validation accuracy: 7.45000e-01 Loss 1.02644e-02 Time taken: 1.55 seconds 
Epoch: 98/200 Train accuracy: 7.38849e-01 Validation accuracy: 7.47667e-01 Loss 1.02649e-02 Time taken: 1.54 seconds 
Epoch: 99/200 Train accuracy: 7.38278e-01 Validation accuracy: 7.46667e-01 Loss 1.02785e-02 Time taken: 1.55 seconds 
Epoch: 100/200 Train accuracy: 7.37423e-01 Validation accuracy: 7.44000e-01 Loss 1.02617e-02 Time taken: 1.55 seconds 
Epoch: 101/200 Train accuracy: 7.35214e-01 Validation accuracy: 7.46333e-01 Loss 1.02617e-02 Time taken: 1.55 seconds 
Epoch: 102/200 Train accuracy: 7.40559e-01 Validation accuracy: 7.46667e-01 Loss 1.02582e-02 Time taken: 1.55 seconds 
Epoch: 103/200 Train accuracy: 7.38421e-01 Validation accuracy: 7.49000e-01 Loss 1.02732e-02 Time taken: 1.55 seconds 
Epoch: 104/200 Train accuracy: 7.36355e-01 Validation accuracy: 7.42667e-01 Loss 1.02738e-02 Time taken: 1.54 seconds 
Epoch: 105/200 Train accuracy: 7.38065e-01 Validation accuracy: 7.42000e-01 Loss 1.02625e-02 Time taken: 1.54 seconds 
Epoch: 106/200 Train accuracy: 7.35856e-01 Validation accuracy: 7.41667e-01 Loss 1.02635e-02 Time taken: 1.55 seconds 
Epoch: 107/200 Train accuracy: 7.40060e-01 Validation accuracy: 7.49333e-01 Loss 1.02487e-02 Time taken: 1.55 seconds 
Epoch: 108/200 Train accuracy: 7.41200e-01 Validation accuracy: 7.46667e-01 Loss 1.02459e-02 Time taken: 1.55 seconds 
Epoch: 109/200 Train accuracy: 7.38136e-01 Validation accuracy: 7.52333e-01 Loss 1.02628e-02 Time taken: 1.54 seconds 
Epoch: 110/200 Train accuracy: 7.39419e-01 Validation accuracy: 7.50333e-01 Loss 1.02633e-02 Time taken: 1.56 seconds 
Epoch: 111/200 Train accuracy: 7.40986e-01 Validation accuracy: 7.42667e-01 Loss 1.02459e-02 Time taken: 1.55 seconds 
Epoch: 112/200 Train accuracy: 7.41271e-01 Validation accuracy: 7.43333e-01 Loss 1.02499e-02 Time taken: 1.55 seconds 
Epoch: 113/200 Train accuracy: 7.38065e-01 Validation accuracy: 7.47333e-01 Loss 1.02580e-02 Time taken: 1.55 seconds 
Epoch: 114/200 Train accuracy: 7.41627e-01 Validation accuracy: 7.50000e-01 Loss 1.02469e-02 Time taken: 1.55 seconds 
Epoch: 115/200 Train accuracy: 7.37993e-01 Validation accuracy: 7.45667e-01 Loss 1.02600e-02 Time taken: 1.55 seconds 
Epoch: 116/200 Train accuracy: 7.39276e-01 Validation accuracy: 7.48000e-01 Loss 1.02481e-02 Time taken: 1.55 seconds 
Epoch: 117/200 Train accuracy: 7.37566e-01 Validation accuracy: 7.43667e-01 Loss 1.02528e-02 Time taken: 1.56 seconds 
Epoch: 118/200 Train accuracy: 7.38278e-01 Validation accuracy: 7.46667e-01 Loss 1.02568e-02 Time taken: 1.55 seconds 
Epoch: 119/200 Train accuracy: 7.39134e-01 Validation accuracy: 7.48333e-01 Loss 1.02691e-02 Time taken: 1.55 seconds 
Epoch: 120/200 Train accuracy: 7.42269e-01 Validation accuracy: 7.47333e-01 Loss 1.02465e-02 Time taken: 1.55 seconds 
Epoch: 121/200 Train accuracy: 7.44834e-01 Validation accuracy: 7.43333e-01 Loss 1.02285e-02 Time taken: 1.55 seconds 
Epoch: 122/200 Train accuracy: 7.40131e-01 Validation accuracy: 7.46333e-01 Loss 1.02533e-02 Time taken: 1.55 seconds 
Epoch: 123/200 Train accuracy: 7.39419e-01 Validation accuracy: 7.43667e-01 Loss 1.02507e-02 Time taken: 1.56 seconds 
Epoch: 124/200 Train accuracy: 7.38207e-01 Validation accuracy: 7.48667e-01 Loss 1.02451e-02 Time taken: 1.55 seconds 
Epoch: 125/200 Train accuracy: 7.40202e-01 Validation accuracy: 7.49333e-01 Loss 1.02500e-02 Time taken: 1.55 seconds 
Epoch: 126/200 Train accuracy: 7.42768e-01 Validation accuracy: 7.51333e-01 Loss 1.02439e-02 Time taken: 1.55 seconds 
Epoch: 127/200 Train accuracy: 7.40416e-01 Validation accuracy: 7.54667e-01 Loss 1.02442e-02 Time taken: 1.57 seconds 
Epoch: 128/200 Train accuracy: 7.42839e-01 Validation accuracy: 7.46667e-01 Loss 1.02312e-02 Time taken: 1.55 seconds 
Epoch: 129/200 Train accuracy: 7.38706e-01 Validation accuracy: 7.46000e-01 Loss 1.02468e-02 Time taken: 1.55 seconds 
Epoch: 130/200 Train accuracy: 7.39846e-01 Validation accuracy: 7.45000e-01 Loss 1.02481e-02 Time taken: 1.55 seconds 
Epoch: 131/200 Train accuracy: 7.41912e-01 Validation accuracy: 7.49667e-01 Loss 1.02352e-02 Time taken: 1.55 seconds 
Epoch: 132/200 Train accuracy: 7.41342e-01 Validation accuracy: 7.50000e-01 Loss 1.02412e-02 Time taken: 1.55 seconds 
Epoch: 133/200 Train accuracy: 7.41485e-01 Validation accuracy: 7.49000e-01 Loss 1.02371e-02 Time taken: 1.55 seconds 
Epoch: 134/200 Train accuracy: 7.38350e-01 Validation accuracy: 7.49667e-01 Loss 1.02437e-02 Time taken: 1.55 seconds 
Epoch: 135/200 Train accuracy: 7.41912e-01 Validation accuracy: 7.45000e-01 Loss 1.02387e-02 Time taken: 1.56 seconds 
Epoch: 136/200 Train accuracy: 7.43480e-01 Validation accuracy: 7.49000e-01 Loss 1.02314e-02 Time taken: 1.55 seconds 
Epoch: 137/200 Train accuracy: 7.41627e-01 Validation accuracy: 7.54333e-01 Loss 1.02373e-02 Time taken: 1.54 seconds 
Epoch: 138/200 Train accuracy: 7.41271e-01 Validation accuracy: 7.51333e-01 Loss 1.02302e-02 Time taken: 1.54 seconds 
Epoch: 139/200 Train accuracy: 7.42126e-01 Validation accuracy: 7.46333e-01 Loss 1.02295e-02 Time taken: 1.56 seconds 
Epoch: 140/200 Train accuracy: 7.41699e-01 Validation accuracy: 7.48667e-01 Loss 1.02337e-02 Time taken: 1.54 seconds 
Epoch: 141/200 Train accuracy: 7.40701e-01 Validation accuracy: 7.49667e-01 Loss 1.02200e-02 Time taken: 1.55 seconds 
Epoch: 142/200 Train accuracy: 7.38849e-01 Validation accuracy: 7.54333e-01 Loss 1.02376e-02 Time taken: 1.55 seconds 
Epoch: 143/200 Train accuracy: 7.42981e-01 Validation accuracy: 7.51333e-01 Loss 1.02258e-02 Time taken: 1.55 seconds 
Epoch: 144/200 Train accuracy: 7.38991e-01 Validation accuracy: 7.49000e-01 Loss 1.02401e-02 Time taken: 1.56 seconds 
Epoch: 145/200 Train accuracy: 7.41414e-01 Validation accuracy: 7.50000e-01 Loss 1.02333e-02 Time taken: 1.55 seconds 
Epoch: 146/200 Train accuracy: 7.42126e-01 Validation accuracy: 7.47667e-01 Loss 1.02296e-02 Time taken: 1.56 seconds 
Epoch: 147/200 Train accuracy: 7.38849e-01 Validation accuracy: 7.49333e-01 Loss 1.02468e-02 Time taken: 1.55 seconds 
Epoch: 148/200 Train accuracy: 7.42269e-01 Validation accuracy: 7.50000e-01 Loss 1.02265e-02 Time taken: 1.58 seconds 
Epoch: 149/200 Train accuracy: 7.42554e-01 Validation accuracy: 7.45667e-01 Loss 1.02219e-02 Time taken: 1.55 seconds 
Epoch: 150/200 Train accuracy: 7.40844e-01 Validation accuracy: 7.54333e-01 Loss 1.02294e-02 Time taken: 1.55 seconds 
Epoch: 151/200 Train accuracy: 7.38635e-01 Validation accuracy: 7.51000e-01 Loss 1.02349e-02 Time taken: 1.54 seconds 
Epoch: 152/200 Train accuracy: 7.42269e-01 Validation accuracy: 7.49333e-01 Loss 1.02344e-02 Time taken: 1.55 seconds 
Epoch: 153/200 Train accuracy: 7.37993e-01 Validation accuracy: 7.52333e-01 Loss 1.02461e-02 Time taken: 1.55 seconds 
Epoch: 154/200 Train accuracy: 7.42981e-01 Validation accuracy: 7.47333e-01 Loss 1.02301e-02 Time taken: 1.54 seconds 
Epoch: 155/200 Train accuracy: 7.40559e-01 Validation accuracy: 7.48000e-01 Loss 1.02368e-02 Time taken: 1.55 seconds 
Epoch: 156/200 Train accuracy: 7.41984e-01 Validation accuracy: 7.48000e-01 Loss 1.02252e-02 Time taken: 1.55 seconds 
Epoch: 157/200 Train accuracy: 7.40060e-01 Validation accuracy: 7.51333e-01 Loss 1.02377e-02 Time taken: 1.55 seconds 
Epoch: 158/200 Train accuracy: 7.39205e-01 Validation accuracy: 7.50333e-01 Loss 1.02395e-02 Time taken: 1.54 seconds 
Epoch: 159/200 Train accuracy: 7.45618e-01 Validation accuracy: 7.53333e-01 Loss 1.02046e-02 Time taken: 1.56 seconds 
Epoch: 160/200 Train accuracy: 7.44478e-01 Validation accuracy: 7.49333e-01 Loss 1.02164e-02 Time taken: 1.55 seconds 
Epoch: 161/200 Train accuracy: 7.41841e-01 Validation accuracy: 7.51667e-01 Loss 1.02212e-02 Time taken: 1.55 seconds 
Epoch: 162/200 Train accuracy: 7.41129e-01 Validation accuracy: 7.52667e-01 Loss 1.02339e-02 Time taken: 1.54 seconds 
Epoch: 163/200 Train accuracy: 7.44834e-01 Validation accuracy: 7.52333e-01 Loss 1.02205e-02 Time taken: 1.55 seconds 
Epoch: 164/200 Train accuracy: 7.41627e-01 Validation accuracy: 7.49000e-01 Loss 1.02281e-02 Time taken: 1.55 seconds 
Epoch: 165/200 Train accuracy: 7.40772e-01 Validation accuracy: 7.50667e-01 Loss 1.02263e-02 Time taken: 1.54 seconds 
Epoch: 166/200 Train accuracy: 7.42198e-01 Validation accuracy: 7.54333e-01 Loss 1.02255e-02 Time taken: 1.55 seconds 
Epoch: 167/200 Train accuracy: 7.42198e-01 Validation accuracy: 7.48333e-01 Loss 1.02194e-02 Time taken: 1.55 seconds 
Epoch: 168/200 Train accuracy: 7.41200e-01 Validation accuracy: 7.44667e-01 Loss 1.02312e-02 Time taken: 1.55 seconds 
Epoch: 169/200 Train accuracy: 7.43694e-01 Validation accuracy: 7.52000e-01 Loss 1.02148e-02 Time taken: 1.54 seconds 
Epoch: 170/200 Train accuracy: 7.41200e-01 Validation accuracy: 7.48667e-01 Loss 1.02280e-02 Time taken: 1.55 seconds 
Epoch: 171/200 Train accuracy: 7.42768e-01 Validation accuracy: 7.46667e-01 Loss 1.02208e-02 Time taken: 1.55 seconds 
Epoch: 172/200 Train accuracy: 7.39846e-01 Validation accuracy: 7.47667e-01 Loss 1.02195e-02 Time taken: 1.54 seconds 
Epoch: 173/200 Train accuracy: 7.37851e-01 Validation accuracy: 7.49667e-01 Loss 1.02256e-02 Time taken: 1.55 seconds 
Epoch: 174/200 Train accuracy: 7.42554e-01 Validation accuracy: 7.52667e-01 Loss 1.02225e-02 Time taken: 1.55 seconds 
Epoch: 175/200 Train accuracy: 7.40844e-01 Validation accuracy: 7.53000e-01 Loss 1.02320e-02 Time taken: 1.55 seconds 
Epoch: 176/200 Train accuracy: 7.43195e-01 Validation accuracy: 7.55000e-01 Loss 1.02222e-02 Time taken: 1.54 seconds 
Epoch: 177/200 Train accuracy: 7.43979e-01 Validation accuracy: 7.53667e-01 Loss 1.02120e-02 Time taken: 1.55 seconds 
Epoch: 178/200 Train accuracy: 7.41912e-01 Validation accuracy: 7.57333e-01 Loss 1.02259e-02 Time taken: 1.56 seconds 
Epoch: 179/200 Train accuracy: 7.41200e-01 Validation accuracy: 7.59667e-01 Loss 1.02236e-02 Time taken: 1.54 seconds 
Epoch: 180/200 Train accuracy: 7.40131e-01 Validation accuracy: 7.53333e-01 Loss 1.02304e-02 Time taken: 1.55 seconds 
Epoch: 181/200 Train accuracy: 7.41770e-01 Validation accuracy: 7.52000e-01 Loss 1.02169e-02 Time taken: 1.55 seconds 
Epoch: 182/200 Train accuracy: 7.44335e-01 Validation accuracy: 7.53333e-01 Loss 1.02116e-02 Time taken: 1.55 seconds 
Epoch: 183/200 Train accuracy: 7.44335e-01 Validation accuracy: 7.52333e-01 Loss 1.02157e-02 Time taken: 1.54 seconds 
Epoch: 184/200 Train accuracy: 7.40986e-01 Validation accuracy: 7.51667e-01 Loss 1.02221e-02 Time taken: 1.55 seconds 
Epoch: 185/200 Train accuracy: 7.46687e-01 Validation accuracy: 7.51667e-01 Loss 1.02022e-02 Time taken: 1.55 seconds 
Epoch: 186/200 Train accuracy: 7.45333e-01 Validation accuracy: 7.52667e-01 Loss 1.02073e-02 Time taken: 1.54 seconds 
Epoch: 187/200 Train accuracy: 7.44264e-01 Validation accuracy: 7.59333e-01 Loss 1.02051e-02 Time taken: 1.56 seconds 
Epoch: 188/200 Train accuracy: 7.42198e-01 Validation accuracy: 7.51000e-01 Loss 1.02260e-02 Time taken: 1.55 seconds 
Epoch: 189/200 Train accuracy: 7.45333e-01 Validation accuracy: 7.58333e-01 Loss 1.02024e-02 Time taken: 1.56 seconds 
Epoch: 190/200 Train accuracy: 7.43908e-01 Validation accuracy: 7.53333e-01 Loss 1.02144e-02 Time taken: 1.54 seconds 
Epoch: 191/200 Train accuracy: 7.43694e-01 Validation accuracy: 7.56667e-01 Loss 1.02124e-02 Time taken: 1.56 seconds 
Epoch: 192/200 Train accuracy: 7.41912e-01 Validation accuracy: 7.51333e-01 Loss 1.02194e-02 Time taken: 1.55 seconds 
Epoch: 193/200 Train accuracy: 7.41556e-01 Validation accuracy: 7.51333e-01 Loss 1.02191e-02 Time taken: 1.54 seconds 
Epoch: 194/200 Train accuracy: 7.42839e-01 Validation accuracy: 7.54667e-01 Loss 1.02102e-02 Time taken: 1.55 seconds 
Epoch: 195/200 Train accuracy: 7.43053e-01 Validation accuracy: 7.52667e-01 Loss 1.02034e-02 Time taken: 1.55 seconds 
Epoch: 196/200 Train accuracy: 7.46330e-01 Validation accuracy: 7.54667e-01 Loss 1.02020e-02 Time taken: 1.55 seconds 
Epoch: 197/200 Train accuracy: 7.43979e-01 Validation accuracy: 7.53000e-01 Loss 1.02090e-02 Time taken: 1.55 seconds 
Epoch: 198/200 Train accuracy: 7.43908e-01 Validation accuracy: 7.48333e-01 Loss 1.02016e-02 Time taken: 1.55 seconds 
Epoch: 199/200 Train accuracy: 7.44763e-01 Validation accuracy: 7.56333e-01 Loss 1.02105e-02 Time taken: 1.54 seconds 
Epoch: 200/200 Train accuracy: 7.45618e-01 Validation accuracy: 7.50333e-01 Loss 1.02091e-02 Time taken: 1.55 seconds 
Total time taken 0:05:11.675117
Cleaning up intermediate feature (.pt) files
Done


working on file logs_PKT_chunks/iic-train-L2_PKT_chunks-seed43/jepa-iic-L2-PKT-chunks-ep500.pth.tar ...
