Directory classifiers/jepa-iic-L2-seed-10-classifier-pretrained-vitb-normalized-ep300 for saving the classifiers is now present
VisionTransformer(
  (patch_embed): PatchEmbed(
    (proj): Conv2d(3, 768, kernel_size=(15, 15), stride=(15, 15))
  )
  (blocks): ModuleList(
    (0-11): 12 x Block(
      (norm1): LayerNorm((768,), eps=1e-06, elementwise_affine=True)
      (attn): Attention(
        (qkv): Linear(in_features=768, out_features=2304, bias=True)
        (attn_drop): Dropout(p=0.0, inplace=False)
        (proj): Linear(in_features=768, out_features=768, bias=True)
        (proj_drop): Dropout(p=0.0, inplace=False)
      )
      (drop_path): Identity()
      (norm2): LayerNorm((768,), eps=1e-06, elementwise_affine=True)
      (mlp): MLP(
        (fc1): Linear(in_features=768, out_features=3072, bias=True)
        (act): GELU(approximate='none')
        (fc2): Linear(in_features=3072, out_features=768, bias=True)
        (drop): Dropout(p=0.0, inplace=False)
      )
    )
  )
  (norm): LayerNorm((768,), eps=1e-06, elementwise_affine=True)
)
Extracting features and saving them locally..
Epoch: 1/200 Train accuracy: 3.93259e-01 Validation accuracy: 5.81000e-01 Loss 1.29159e-02 Time taken: 1.55 seconds 
Epoch: 2/200 Train accuracy: 5.61707e-01 Validation accuracy: 6.19333e-01 Loss 1.17805e-02 Time taken: 1.61 seconds 
Epoch: 3/200 Train accuracy: 6.05957e-01 Validation accuracy: 6.46667e-01 Loss 1.14141e-02 Time taken: 1.56 seconds 
Epoch: 4/200 Train accuracy: 6.32749e-01 Validation accuracy: 6.47667e-01 Loss 1.12076e-02 Time taken: 1.55 seconds 
Epoch: 5/200 Train accuracy: 6.43366e-01 Validation accuracy: 6.53000e-01 Loss 1.11041e-02 Time taken: 1.55 seconds 
Epoch: 6/200 Train accuracy: 6.49494e-01 Validation accuracy: 6.61000e-01 Loss 1.10283e-02 Time taken: 1.55 seconds 
Epoch: 7/200 Train accuracy: 6.59969e-01 Validation accuracy: 6.68000e-01 Loss 1.09744e-02 Time taken: 1.55 seconds 
Epoch: 8/200 Train accuracy: 6.65527e-01 Validation accuracy: 6.65667e-01 Loss 1.09216e-02 Time taken: 1.56 seconds 
Epoch: 9/200 Train accuracy: 6.63389e-01 Validation accuracy: 6.75667e-01 Loss 1.08828e-02 Time taken: 1.55 seconds 
Epoch: 10/200 Train accuracy: 6.73365e-01 Validation accuracy: 6.74000e-01 Loss 1.08425e-02 Time taken: 1.56 seconds 
Epoch: 11/200 Train accuracy: 6.76357e-01 Validation accuracy: 6.79333e-01 Loss 1.08118e-02 Time taken: 1.55 seconds 
Epoch: 12/200 Train accuracy: 6.78638e-01 Validation accuracy: 6.79333e-01 Loss 1.07922e-02 Time taken: 1.55 seconds 
Epoch: 13/200 Train accuracy: 6.78424e-01 Validation accuracy: 6.81000e-01 Loss 1.07850e-02 Time taken: 1.55 seconds 
Epoch: 14/200 Train accuracy: 6.81915e-01 Validation accuracy: 6.83000e-01 Loss 1.07465e-02 Time taken: 1.54 seconds 
Epoch: 15/200 Train accuracy: 6.78923e-01 Validation accuracy: 6.84667e-01 Loss 1.07508e-02 Time taken: 1.55 seconds 
Epoch: 16/200 Train accuracy: 6.86262e-01 Validation accuracy: 6.83667e-01 Loss 1.07149e-02 Time taken: 1.55 seconds 
Epoch: 17/200 Train accuracy: 6.86689e-01 Validation accuracy: 6.86333e-01 Loss 1.07143e-02 Time taken: 1.54 seconds 
Epoch: 18/200 Train accuracy: 6.88400e-01 Validation accuracy: 6.85333e-01 Loss 1.06932e-02 Time taken: 1.54 seconds 
Epoch: 19/200 Train accuracy: 6.92461e-01 Validation accuracy: 6.85667e-01 Loss 1.06825e-02 Time taken: 1.57 seconds 
Epoch: 20/200 Train accuracy: 6.89753e-01 Validation accuracy: 6.91667e-01 Loss 1.06849e-02 Time taken: 1.57 seconds 
Epoch: 21/200 Train accuracy: 6.90038e-01 Validation accuracy: 6.89333e-01 Loss 1.06708e-02 Time taken: 1.56 seconds 
Epoch: 22/200 Train accuracy: 6.91677e-01 Validation accuracy: 6.92000e-01 Loss 1.06598e-02 Time taken: 1.56 seconds 
Epoch: 23/200 Train accuracy: 6.90324e-01 Validation accuracy: 6.89333e-01 Loss 1.06603e-02 Time taken: 1.56 seconds 
Epoch: 24/200 Train accuracy: 6.95739e-01 Validation accuracy: 6.90333e-01 Loss 1.06353e-02 Time taken: 1.55 seconds 
Epoch: 25/200 Train accuracy: 6.91820e-01 Validation accuracy: 6.93667e-01 Loss 1.06402e-02 Time taken: 1.55 seconds 
Epoch: 26/200 Train accuracy: 6.94029e-01 Validation accuracy: 6.90000e-01 Loss 1.06375e-02 Time taken: 1.56 seconds 
Epoch: 27/200 Train accuracy: 6.95311e-01 Validation accuracy: 6.91333e-01 Loss 1.06141e-02 Time taken: 1.56 seconds 
Epoch: 28/200 Train accuracy: 6.99230e-01 Validation accuracy: 6.93667e-01 Loss 1.06081e-02 Time taken: 1.55 seconds 
Epoch: 29/200 Train accuracy: 6.96736e-01 Validation accuracy: 6.92667e-01 Loss 1.06103e-02 Time taken: 1.57 seconds 
Epoch: 30/200 Train accuracy: 6.96024e-01 Validation accuracy: 6.95000e-01 Loss 1.06133e-02 Time taken: 1.55 seconds 
Epoch: 31/200 Train accuracy: 6.99800e-01 Validation accuracy: 6.96667e-01 Loss 1.05772e-02 Time taken: 1.55 seconds 
Epoch: 32/200 Train accuracy: 7.01012e-01 Validation accuracy: 6.95000e-01 Loss 1.05809e-02 Time taken: 1.55 seconds 
Epoch: 33/200 Train accuracy: 7.01083e-01 Validation accuracy: 6.98333e-01 Loss 1.05769e-02 Time taken: 1.55 seconds 
Epoch: 34/200 Train accuracy: 7.02936e-01 Validation accuracy: 6.96333e-01 Loss 1.05772e-02 Time taken: 1.55 seconds 
Epoch: 35/200 Train accuracy: 7.00442e-01 Validation accuracy: 6.99000e-01 Loss 1.05682e-02 Time taken: 1.54 seconds 
Epoch: 36/200 Train accuracy: 6.99159e-01 Validation accuracy: 6.96333e-01 Loss 1.05732e-02 Time taken: 1.55 seconds 
Epoch: 37/200 Train accuracy: 7.03435e-01 Validation accuracy: 6.98000e-01 Loss 1.05665e-02 Time taken: 1.55 seconds 
Epoch: 38/200 Train accuracy: 7.04503e-01 Validation accuracy: 6.97333e-01 Loss 1.05450e-02 Time taken: 1.55 seconds 
Epoch: 39/200 Train accuracy: 7.01439e-01 Validation accuracy: 6.96000e-01 Loss 1.05547e-02 Time taken: 1.54 seconds 
Epoch: 40/200 Train accuracy: 7.04503e-01 Validation accuracy: 6.96333e-01 Loss 1.05564e-02 Time taken: 1.54 seconds 
Epoch: 41/200 Train accuracy: 7.02508e-01 Validation accuracy: 6.99333e-01 Loss 1.05505e-02 Time taken: 1.55 seconds 
Epoch: 42/200 Train accuracy: 7.05287e-01 Validation accuracy: 6.99667e-01 Loss 1.05536e-02 Time taken: 1.55 seconds 
Epoch: 43/200 Train accuracy: 7.06427e-01 Validation accuracy: 6.99000e-01 Loss 1.05379e-02 Time taken: 1.55 seconds 
Epoch: 44/200 Train accuracy: 7.02722e-01 Validation accuracy: 7.01667e-01 Loss 1.05355e-02 Time taken: 1.55 seconds 
Epoch: 45/200 Train accuracy: 7.06570e-01 Validation accuracy: 7.03333e-01 Loss 1.05313e-02 Time taken: 1.56 seconds 
Epoch: 46/200 Train accuracy: 7.02579e-01 Validation accuracy: 7.02667e-01 Loss 1.05375e-02 Time taken: 1.54 seconds 
Epoch: 47/200 Train accuracy: 7.04432e-01 Validation accuracy: 6.99667e-01 Loss 1.05321e-02 Time taken: 1.55 seconds 
Epoch: 48/200 Train accuracy: 7.09776e-01 Validation accuracy: 7.01000e-01 Loss 1.05119e-02 Time taken: 1.55 seconds 
Epoch: 49/200 Train accuracy: 7.07354e-01 Validation accuracy: 7.03667e-01 Loss 1.05137e-02 Time taken: 1.55 seconds 
Epoch: 50/200 Train accuracy: 7.07710e-01 Validation accuracy: 6.98333e-01 Loss 1.05182e-02 Time taken: 1.55 seconds 
Epoch: 51/200 Train accuracy: 7.08992e-01 Validation accuracy: 7.04333e-01 Loss 1.05031e-02 Time taken: 1.55 seconds 
Epoch: 52/200 Train accuracy: 7.09562e-01 Validation accuracy: 7.02000e-01 Loss 1.05044e-02 Time taken: 1.55 seconds 
Epoch: 53/200 Train accuracy: 7.07710e-01 Validation accuracy: 7.02333e-01 Loss 1.05102e-02 Time taken: 1.54 seconds 
Epoch: 54/200 Train accuracy: 7.07069e-01 Validation accuracy: 7.04000e-01 Loss 1.05172e-02 Time taken: 1.54 seconds 
Epoch: 55/200 Train accuracy: 7.11415e-01 Validation accuracy: 7.06667e-01 Loss 1.04967e-02 Time taken: 1.54 seconds 
Epoch: 56/200 Train accuracy: 7.11486e-01 Validation accuracy: 7.06667e-01 Loss 1.04884e-02 Time taken: 1.55 seconds 
Epoch: 57/200 Train accuracy: 7.08137e-01 Validation accuracy: 7.08333e-01 Loss 1.04965e-02 Time taken: 1.54 seconds 
Epoch: 58/200 Train accuracy: 7.12983e-01 Validation accuracy: 7.03667e-01 Loss 1.04863e-02 Time taken: 1.54 seconds 
Epoch: 59/200 Train accuracy: 7.06071e-01 Validation accuracy: 7.03000e-01 Loss 1.05100e-02 Time taken: 1.55 seconds 
Epoch: 60/200 Train accuracy: 7.11130e-01 Validation accuracy: 7.05000e-01 Loss 1.04951e-02 Time taken: 1.55 seconds 
Epoch: 61/200 Train accuracy: 7.09848e-01 Validation accuracy: 7.05000e-01 Loss 1.04848e-02 Time taken: 1.55 seconds 
Epoch: 62/200 Train accuracy: 7.09349e-01 Validation accuracy: 7.06667e-01 Loss 1.04955e-02 Time taken: 1.55 seconds 
Epoch: 63/200 Train accuracy: 7.11486e-01 Validation accuracy: 7.03333e-01 Loss 1.04827e-02 Time taken: 1.56 seconds 
Epoch: 64/200 Train accuracy: 7.10988e-01 Validation accuracy: 7.04667e-01 Loss 1.04743e-02 Time taken: 1.55 seconds 
Epoch: 65/200 Train accuracy: 7.10489e-01 Validation accuracy: 7.06667e-01 Loss 1.04868e-02 Time taken: 1.56 seconds 
Epoch: 66/200 Train accuracy: 7.12840e-01 Validation accuracy: 7.04667e-01 Loss 1.04724e-02 Time taken: 1.55 seconds 
Epoch: 67/200 Train accuracy: 7.12199e-01 Validation accuracy: 7.05667e-01 Loss 1.04799e-02 Time taken: 1.55 seconds 
Epoch: 68/200 Train accuracy: 7.12128e-01 Validation accuracy: 7.12000e-01 Loss 1.04644e-02 Time taken: 1.55 seconds 
Epoch: 69/200 Train accuracy: 7.12270e-01 Validation accuracy: 7.07000e-01 Loss 1.04724e-02 Time taken: 1.55 seconds 
Epoch: 70/200 Train accuracy: 7.11415e-01 Validation accuracy: 7.09000e-01 Loss 1.04731e-02 Time taken: 1.55 seconds 
Epoch: 71/200 Train accuracy: 7.10489e-01 Validation accuracy: 7.11667e-01 Loss 1.04695e-02 Time taken: 1.54 seconds 
Epoch: 72/200 Train accuracy: 7.12270e-01 Validation accuracy: 7.09333e-01 Loss 1.04688e-02 Time taken: 1.55 seconds 
Epoch: 73/200 Train accuracy: 7.09776e-01 Validation accuracy: 7.09000e-01 Loss 1.04839e-02 Time taken: 1.55 seconds 
Epoch: 74/200 Train accuracy: 7.11130e-01 Validation accuracy: 7.09667e-01 Loss 1.04711e-02 Time taken: 1.56 seconds 
Epoch: 75/200 Train accuracy: 7.13624e-01 Validation accuracy: 7.09000e-01 Loss 1.04589e-02 Time taken: 1.55 seconds 
Epoch: 76/200 Train accuracy: 7.12698e-01 Validation accuracy: 7.10333e-01 Loss 1.04615e-02 Time taken: 1.55 seconds 
Epoch: 77/200 Train accuracy: 7.14693e-01 Validation accuracy: 7.07333e-01 Loss 1.04667e-02 Time taken: 1.56 seconds 
Epoch: 78/200 Train accuracy: 7.13268e-01 Validation accuracy: 7.07333e-01 Loss 1.04547e-02 Time taken: 1.55 seconds 
Epoch: 79/200 Train accuracy: 7.15904e-01 Validation accuracy: 7.09333e-01 Loss 1.04471e-02 Time taken: 1.55 seconds 
Epoch: 80/200 Train accuracy: 7.15904e-01 Validation accuracy: 7.08000e-01 Loss 1.04499e-02 Time taken: 1.54 seconds 
Epoch: 81/200 Train accuracy: 7.13624e-01 Validation accuracy: 7.12667e-01 Loss 1.04500e-02 Time taken: 1.55 seconds 
Epoch: 82/200 Train accuracy: 7.12769e-01 Validation accuracy: 7.10333e-01 Loss 1.04526e-02 Time taken: 1.54 seconds 
Epoch: 83/200 Train accuracy: 7.16261e-01 Validation accuracy: 7.11000e-01 Loss 1.04387e-02 Time taken: 1.55 seconds 
Epoch: 84/200 Train accuracy: 7.17258e-01 Validation accuracy: 7.10333e-01 Loss 1.04493e-02 Time taken: 1.55 seconds 
Epoch: 85/200 Train accuracy: 7.12413e-01 Validation accuracy: 7.14000e-01 Loss 1.04529e-02 Time taken: 1.55 seconds 
Epoch: 86/200 Train accuracy: 7.11914e-01 Validation accuracy: 7.15333e-01 Loss 1.04507e-02 Time taken: 1.55 seconds 
Epoch: 87/200 Train accuracy: 7.17543e-01 Validation accuracy: 7.09000e-01 Loss 1.04338e-02 Time taken: 1.55 seconds 
Epoch: 88/200 Train accuracy: 7.18327e-01 Validation accuracy: 7.05333e-01 Loss 1.04436e-02 Time taken: 1.55 seconds 
Epoch: 89/200 Train accuracy: 7.14693e-01 Validation accuracy: 7.14333e-01 Loss 1.04477e-02 Time taken: 1.55 seconds 
Epoch: 90/200 Train accuracy: 7.16118e-01 Validation accuracy: 7.11667e-01 Loss 1.04406e-02 Time taken: 1.55 seconds 
Epoch: 91/200 Train accuracy: 7.18826e-01 Validation accuracy: 7.13667e-01 Loss 1.04305e-02 Time taken: 1.54 seconds 
Epoch: 92/200 Train accuracy: 7.18968e-01 Validation accuracy: 7.10333e-01 Loss 1.04291e-02 Time taken: 1.54 seconds 
Epoch: 93/200 Train accuracy: 7.20465e-01 Validation accuracy: 7.15667e-01 Loss 1.04280e-02 Time taken: 1.54 seconds 
Epoch: 94/200 Train accuracy: 7.15548e-01 Validation accuracy: 7.14333e-01 Loss 1.04419e-02 Time taken: 1.54 seconds 
Epoch: 95/200 Train accuracy: 7.18256e-01 Validation accuracy: 7.15667e-01 Loss 1.04275e-02 Time taken: 1.55 seconds 
Epoch: 96/200 Train accuracy: 7.15975e-01 Validation accuracy: 7.15667e-01 Loss 1.04293e-02 Time taken: 1.54 seconds 
Epoch: 97/200 Train accuracy: 7.14622e-01 Validation accuracy: 7.11667e-01 Loss 1.04527e-02 Time taken: 1.55 seconds 
Epoch: 98/200 Train accuracy: 7.17828e-01 Validation accuracy: 7.09000e-01 Loss 1.04326e-02 Time taken: 1.54 seconds 
Epoch: 99/200 Train accuracy: 7.16261e-01 Validation accuracy: 7.14000e-01 Loss 1.04244e-02 Time taken: 1.55 seconds 
Epoch: 100/200 Train accuracy: 7.17614e-01 Validation accuracy: 7.08667e-01 Loss 1.04276e-02 Time taken: 1.55 seconds 
Epoch: 101/200 Train accuracy: 7.13482e-01 Validation accuracy: 7.09000e-01 Loss 1.04301e-02 Time taken: 1.55 seconds 
Epoch: 102/200 Train accuracy: 7.18327e-01 Validation accuracy: 7.16333e-01 Loss 1.04275e-02 Time taken: 1.55 seconds 
Epoch: 103/200 Train accuracy: 7.20251e-01 Validation accuracy: 7.12667e-01 Loss 1.04198e-02 Time taken: 1.54 seconds 
Epoch: 104/200 Train accuracy: 7.17899e-01 Validation accuracy: 7.18333e-01 Loss 1.04203e-02 Time taken: 1.54 seconds 
Epoch: 105/200 Train accuracy: 7.17258e-01 Validation accuracy: 7.14000e-01 Loss 1.04190e-02 Time taken: 1.55 seconds 
Epoch: 106/200 Train accuracy: 7.20251e-01 Validation accuracy: 7.16333e-01 Loss 1.04085e-02 Time taken: 1.55 seconds 
Epoch: 107/200 Train accuracy: 7.13125e-01 Validation accuracy: 7.10333e-01 Loss 1.04453e-02 Time taken: 1.55 seconds 
Epoch: 108/200 Train accuracy: 7.17044e-01 Validation accuracy: 7.13667e-01 Loss 1.04307e-02 Time taken: 1.55 seconds 
Epoch: 109/200 Train accuracy: 7.19752e-01 Validation accuracy: 7.18000e-01 Loss 1.04190e-02 Time taken: 1.55 seconds 
Epoch: 110/200 Train accuracy: 7.17828e-01 Validation accuracy: 7.15000e-01 Loss 1.04143e-02 Time taken: 1.55 seconds 
Epoch: 111/200 Train accuracy: 7.17472e-01 Validation accuracy: 7.15333e-01 Loss 1.04231e-02 Time taken: 1.55 seconds 
Epoch: 112/200 Train accuracy: 7.16474e-01 Validation accuracy: 7.12333e-01 Loss 1.04180e-02 Time taken: 1.55 seconds 
Epoch: 113/200 Train accuracy: 7.17258e-01 Validation accuracy: 7.17667e-01 Loss 1.04197e-02 Time taken: 1.55 seconds 
Epoch: 114/200 Train accuracy: 7.19895e-01 Validation accuracy: 7.11000e-01 Loss 1.04178e-02 Time taken: 1.54 seconds 
Epoch: 115/200 Train accuracy: 7.16474e-01 Validation accuracy: 7.10667e-01 Loss 1.04078e-02 Time taken: 1.55 seconds 
Epoch: 116/200 Train accuracy: 7.16474e-01 Validation accuracy: 7.16667e-01 Loss 1.04199e-02 Time taken: 1.55 seconds 
Epoch: 117/200 Train accuracy: 7.17472e-01 Validation accuracy: 7.15000e-01 Loss 1.04175e-02 Time taken: 1.55 seconds 
Epoch: 118/200 Train accuracy: 7.20180e-01 Validation accuracy: 7.13000e-01 Loss 1.04094e-02 Time taken: 1.55 seconds 
Epoch: 119/200 Train accuracy: 7.14693e-01 Validation accuracy: 7.16000e-01 Loss 1.04284e-02 Time taken: 1.55 seconds 
Epoch: 120/200 Train accuracy: 7.21035e-01 Validation accuracy: 7.04333e-01 Loss 1.03959e-02 Time taken: 1.55 seconds 
Epoch: 121/200 Train accuracy: 7.14907e-01 Validation accuracy: 7.16000e-01 Loss 1.04208e-02 Time taken: 1.54 seconds 
Epoch: 122/200 Train accuracy: 7.18184e-01 Validation accuracy: 7.15333e-01 Loss 1.04077e-02 Time taken: 1.55 seconds 
Epoch: 123/200 Train accuracy: 7.20037e-01 Validation accuracy: 7.17333e-01 Loss 1.04013e-02 Time taken: 1.55 seconds 
Epoch: 124/200 Train accuracy: 7.21462e-01 Validation accuracy: 7.16667e-01 Loss 1.03940e-02 Time taken: 1.55 seconds 
Epoch: 125/200 Train accuracy: 7.17614e-01 Validation accuracy: 7.13667e-01 Loss 1.04104e-02 Time taken: 1.54 seconds 
Epoch: 126/200 Train accuracy: 7.19966e-01 Validation accuracy: 7.17667e-01 Loss 1.04131e-02 Time taken: 1.55 seconds 
Epoch: 127/200 Train accuracy: 7.19253e-01 Validation accuracy: 7.15000e-01 Loss 1.04134e-02 Time taken: 1.54 seconds 
Epoch: 128/200 Train accuracy: 7.21035e-01 Validation accuracy: 7.12333e-01 Loss 1.03975e-02 Time taken: 1.54 seconds 
Epoch: 129/200 Train accuracy: 7.16902e-01 Validation accuracy: 7.10333e-01 Loss 1.04165e-02 Time taken: 1.55 seconds 
Epoch: 130/200 Train accuracy: 7.15548e-01 Validation accuracy: 7.18667e-01 Loss 1.04230e-02 Time taken: 1.55 seconds 
Epoch: 131/200 Train accuracy: 7.17044e-01 Validation accuracy: 7.20000e-01 Loss 1.04182e-02 Time taken: 1.54 seconds 
Epoch: 132/200 Train accuracy: 7.17971e-01 Validation accuracy: 7.18000e-01 Loss 1.04105e-02 Time taken: 1.54 seconds 
Epoch: 133/200 Train accuracy: 7.22175e-01 Validation accuracy: 7.12000e-01 Loss 1.04008e-02 Time taken: 1.55 seconds 
Epoch: 134/200 Train accuracy: 7.21035e-01 Validation accuracy: 7.19000e-01 Loss 1.03960e-02 Time taken: 1.55 seconds 
Epoch: 135/200 Train accuracy: 7.20322e-01 Validation accuracy: 7.18333e-01 Loss 1.03983e-02 Time taken: 1.54 seconds 
Epoch: 136/200 Train accuracy: 7.20037e-01 Validation accuracy: 7.20333e-01 Loss 1.04089e-02 Time taken: 1.54 seconds 
Epoch: 137/200 Train accuracy: 7.20037e-01 Validation accuracy: 7.19333e-01 Loss 1.03969e-02 Time taken: 1.54 seconds 
Epoch: 138/200 Train accuracy: 7.17329e-01 Validation accuracy: 7.16333e-01 Loss 1.04027e-02 Time taken: 1.55 seconds 
Epoch: 139/200 Train accuracy: 7.20892e-01 Validation accuracy: 7.17667e-01 Loss 1.03936e-02 Time taken: 1.54 seconds 
Epoch: 140/200 Train accuracy: 7.22175e-01 Validation accuracy: 7.17333e-01 Loss 1.03879e-02 Time taken: 1.55 seconds 
Epoch: 141/200 Train accuracy: 7.18398e-01 Validation accuracy: 7.17667e-01 Loss 1.04002e-02 Time taken: 1.54 seconds 
Epoch: 142/200 Train accuracy: 7.22745e-01 Validation accuracy: 7.19333e-01 Loss 1.03943e-02 Time taken: 1.54 seconds 
Epoch: 143/200 Train accuracy: 7.20892e-01 Validation accuracy: 7.18667e-01 Loss 1.03879e-02 Time taken: 1.54 seconds 
Epoch: 144/200 Train accuracy: 7.22175e-01 Validation accuracy: 7.16000e-01 Loss 1.03906e-02 Time taken: 1.56 seconds 
Epoch: 145/200 Train accuracy: 7.23030e-01 Validation accuracy: 7.19667e-01 Loss 1.03807e-02 Time taken: 1.55 seconds 
Epoch: 146/200 Train accuracy: 7.21106e-01 Validation accuracy: 7.18667e-01 Loss 1.03920e-02 Time taken: 1.55 seconds 
Epoch: 147/200 Train accuracy: 7.22745e-01 Validation accuracy: 7.14333e-01 Loss 1.03884e-02 Time taken: 1.55 seconds 
Epoch: 148/200 Train accuracy: 7.19752e-01 Validation accuracy: 7.12000e-01 Loss 1.03972e-02 Time taken: 1.54 seconds 
Epoch: 149/200 Train accuracy: 7.22246e-01 Validation accuracy: 7.15667e-01 Loss 1.03803e-02 Time taken: 1.55 seconds 
Epoch: 150/200 Train accuracy: 7.20607e-01 Validation accuracy: 7.18000e-01 Loss 1.03993e-02 Time taken: 1.54 seconds 
Epoch: 151/200 Train accuracy: 7.19396e-01 Validation accuracy: 7.19000e-01 Loss 1.03992e-02 Time taken: 1.55 seconds 
Epoch: 152/200 Train accuracy: 7.22460e-01 Validation accuracy: 7.20333e-01 Loss 1.03899e-02 Time taken: 1.55 seconds 
Epoch: 153/200 Train accuracy: 7.22032e-01 Validation accuracy: 7.14333e-01 Loss 1.03918e-02 Time taken: 1.54 seconds 
Epoch: 154/200 Train accuracy: 7.22531e-01 Validation accuracy: 7.15667e-01 Loss 1.03831e-02 Time taken: 1.55 seconds 
Epoch: 155/200 Train accuracy: 7.18897e-01 Validation accuracy: 7.18000e-01 Loss 1.03983e-02 Time taken: 1.55 seconds 
Epoch: 156/200 Train accuracy: 7.22175e-01 Validation accuracy: 7.19667e-01 Loss 1.03866e-02 Time taken: 1.55 seconds 
Epoch: 157/200 Train accuracy: 7.22959e-01 Validation accuracy: 7.22333e-01 Loss 1.03807e-02 Time taken: 1.54 seconds 
Epoch: 158/200 Train accuracy: 7.21890e-01 Validation accuracy: 7.18333e-01 Loss 1.03829e-02 Time taken: 1.55 seconds 
Epoch: 159/200 Train accuracy: 7.23101e-01 Validation accuracy: 7.21333e-01 Loss 1.03769e-02 Time taken: 1.54 seconds 
Epoch: 160/200 Train accuracy: 7.21533e-01 Validation accuracy: 7.19000e-01 Loss 1.03800e-02 Time taken: 1.55 seconds 
Epoch: 161/200 Train accuracy: 7.24597e-01 Validation accuracy: 7.11333e-01 Loss 1.03632e-02 Time taken: 1.56 seconds 
Epoch: 162/200 Train accuracy: 7.23030e-01 Validation accuracy: 7.13667e-01 Loss 1.03681e-02 Time taken: 1.56 seconds 
Epoch: 163/200 Train accuracy: 7.19039e-01 Validation accuracy: 7.25000e-01 Loss 1.03901e-02 Time taken: 1.54 seconds 
Epoch: 164/200 Train accuracy: 7.23030e-01 Validation accuracy: 7.19000e-01 Loss 1.03756e-02 Time taken: 1.54 seconds 
Epoch: 165/200 Train accuracy: 7.22887e-01 Validation accuracy: 7.10333e-01 Loss 1.03794e-02 Time taken: 1.54 seconds 
Epoch: 166/200 Train accuracy: 7.22816e-01 Validation accuracy: 7.21333e-01 Loss 1.03766e-02 Time taken: 1.54 seconds 
Epoch: 167/200 Train accuracy: 7.19752e-01 Validation accuracy: 7.21333e-01 Loss 1.03916e-02 Time taken: 1.55 seconds 
Epoch: 168/200 Train accuracy: 7.20251e-01 Validation accuracy: 7.21333e-01 Loss 1.03883e-02 Time taken: 1.56 seconds 
Epoch: 169/200 Train accuracy: 7.21106e-01 Validation accuracy: 7.21000e-01 Loss 1.03776e-02 Time taken: 1.55 seconds 
Epoch: 170/200 Train accuracy: 7.26664e-01 Validation accuracy: 7.19333e-01 Loss 1.03550e-02 Time taken: 1.55 seconds 
Epoch: 171/200 Train accuracy: 7.21818e-01 Validation accuracy: 7.21000e-01 Loss 1.03677e-02 Time taken: 1.55 seconds 
Epoch: 172/200 Train accuracy: 7.20607e-01 Validation accuracy: 7.23000e-01 Loss 1.03801e-02 Time taken: 1.54 seconds 
Epoch: 173/200 Train accuracy: 7.23457e-01 Validation accuracy: 7.22000e-01 Loss 1.03798e-02 Time taken: 1.55 seconds 
Epoch: 174/200 Train accuracy: 7.24811e-01 Validation accuracy: 7.20000e-01 Loss 1.03760e-02 Time taken: 1.54 seconds 
Epoch: 175/200 Train accuracy: 7.24241e-01 Validation accuracy: 7.20000e-01 Loss 1.03669e-02 Time taken: 1.55 seconds 
Epoch: 176/200 Train accuracy: 7.20821e-01 Validation accuracy: 7.21667e-01 Loss 1.03764e-02 Time taken: 1.55 seconds 
Epoch: 177/200 Train accuracy: 7.21320e-01 Validation accuracy: 7.07333e-01 Loss 1.03769e-02 Time taken: 1.54 seconds 
Epoch: 178/200 Train accuracy: 7.22816e-01 Validation accuracy: 7.20667e-01 Loss 1.03661e-02 Time taken: 1.56 seconds 
Epoch: 179/200 Train accuracy: 7.22388e-01 Validation accuracy: 7.21667e-01 Loss 1.03787e-02 Time taken: 1.56 seconds 
Epoch: 180/200 Train accuracy: 7.21605e-01 Validation accuracy: 7.19000e-01 Loss 1.03776e-02 Time taken: 1.55 seconds 
Epoch: 181/200 Train accuracy: 7.17472e-01 Validation accuracy: 7.23333e-01 Loss 1.03936e-02 Time taken: 1.55 seconds 
Epoch: 182/200 Train accuracy: 7.23244e-01 Validation accuracy: 7.18333e-01 Loss 1.03640e-02 Time taken: 1.55 seconds 
Epoch: 183/200 Train accuracy: 7.22103e-01 Validation accuracy: 7.21667e-01 Loss 1.03750e-02 Time taken: 1.55 seconds 
Epoch: 184/200 Train accuracy: 7.19966e-01 Validation accuracy: 7.24000e-01 Loss 1.03754e-02 Time taken: 1.55 seconds 
Epoch: 185/200 Train accuracy: 7.24027e-01 Validation accuracy: 7.22333e-01 Loss 1.03680e-02 Time taken: 1.55 seconds 
Epoch: 186/200 Train accuracy: 7.24241e-01 Validation accuracy: 7.21333e-01 Loss 1.03719e-02 Time taken: 1.55 seconds 
Epoch: 187/200 Train accuracy: 7.25951e-01 Validation accuracy: 7.19000e-01 Loss 1.03635e-02 Time taken: 1.56 seconds 
Epoch: 188/200 Train accuracy: 7.22531e-01 Validation accuracy: 7.16333e-01 Loss 1.03750e-02 Time taken: 1.54 seconds 
Epoch: 189/200 Train accuracy: 7.21248e-01 Validation accuracy: 7.17667e-01 Loss 1.03698e-02 Time taken: 1.55 seconds 
Epoch: 190/200 Train accuracy: 7.20465e-01 Validation accuracy: 7.20000e-01 Loss 1.03762e-02 Time taken: 1.55 seconds 
Epoch: 191/200 Train accuracy: 7.26878e-01 Validation accuracy: 7.23333e-01 Loss 1.03610e-02 Time taken: 1.54 seconds 
Epoch: 192/200 Train accuracy: 7.23315e-01 Validation accuracy: 7.21333e-01 Loss 1.03647e-02 Time taken: 1.54 seconds 
Epoch: 193/200 Train accuracy: 7.21747e-01 Validation accuracy: 7.21000e-01 Loss 1.03713e-02 Time taken: 1.55 seconds 
Epoch: 194/200 Train accuracy: 7.22388e-01 Validation accuracy: 7.20333e-01 Loss 1.03804e-02 Time taken: 1.55 seconds 
Epoch: 195/200 Train accuracy: 7.21320e-01 Validation accuracy: 7.24333e-01 Loss 1.03776e-02 Time taken: 1.54 seconds 
Epoch: 196/200 Train accuracy: 7.22175e-01 Validation accuracy: 7.20667e-01 Loss 1.03594e-02 Time taken: 1.55 seconds 
Epoch: 197/200 Train accuracy: 7.24099e-01 Validation accuracy: 7.22000e-01 Loss 1.03688e-02 Time taken: 1.55 seconds 
Epoch: 198/200 Train accuracy: 7.22317e-01 Validation accuracy: 7.18667e-01 Loss 1.03684e-02 Time taken: 1.55 seconds 
Epoch: 199/200 Train accuracy: 7.22032e-01 Validation accuracy: 7.20667e-01 Loss 1.03614e-02 Time taken: 1.54 seconds 
Epoch: 200/200 Train accuracy: 7.25809e-01 Validation accuracy: 7.21333e-01 Loss 1.03585e-02 Time taken: 1.55 seconds 
Total time taken 0:05:10.679346
Cleaning up intermediate feature (.pt) files
Done


working on file logs_PKT_chunks/iic-train-L2_PKT_chunks-seed43/jepa-iic-L2-PKT-chunks-ep400.pth.tar ...
