nohup: ignoring input
INFO:root:called-params cls_configs/clsstl.yaml
INFO:root:loaded params....
{   'data': {   'batch_size': 128,
                'crop_size': 150,
                'model_name': 'vit_base',
                'num_classes': 10,
                'patch_size': 15,
                'probe_checkpoints': True,
                'probe_prefix': 'jepa-stl-l2-seed1',
                'train_dataset_path': 'datasets/stl10/train_images',
                'val_dataset_path': 'datasets/stl10/val_images'},
    'logging': {   'checkpoint_freq': 1000,
                   'eval_output': 'ocls-jepa-stl-l2-seed1-ep75.out',
                   'log_dir': 'logs_STL/stl-l2-seed1/',
                   'log_file': 'stl-stats-l2-seed1-ep75.csv',
                   'save_path': 'classifiers/jepa-stl-l2-seed2-classifier-pretrained-vitb'},
    'message': 'ViT-B backbone pretrained on L2 seed1',
    'meta': {'device': 'cuda:0'},
    'optimization': {   'epochs': 200,
                        'lr': 0.001,
                        'use_last_n_blocks': 1,
                        'use_normalization': False}}
INFO:root:working on file logs_STL/stl-l2-seed1/jepa-stl-l2-seed1-ep75.pth.tar ...
Directory classifiers/jepa-stl-l2-seed2-classifier-pretrained-vitb-ep75 for saving the classifiers is now present
VisionTransformer(
  (patch_embed): PatchEmbed(
    (proj): Conv2d(3, 768, kernel_size=(15, 15), stride=(15, 15))
  )
  (blocks): ModuleList(
    (0-11): 12 x Block(
      (norm1): LayerNorm((768,), eps=1e-06, elementwise_affine=True)
      (attn): Attention(
        (qkv): Linear(in_features=768, out_features=2304, bias=True)
        (attn_drop): Dropout(p=0.0, inplace=False)
        (proj): Linear(in_features=768, out_features=768, bias=True)
        (proj_drop): Dropout(p=0.0, inplace=False)
      )
      (drop_path): Identity()
      (norm2): LayerNorm((768,), eps=1e-06, elementwise_affine=True)
      (mlp): MLP(
        (fc1): Linear(in_features=768, out_features=3072, bias=True)
        (act): GELU(approximate='none')
        (fc2): Linear(in_features=3072, out_features=768, bias=True)
        (drop): Dropout(p=0.0, inplace=False)
      )
    )
  )
  (norm): LayerNorm((768,), eps=1e-06, elementwise_affine=True)
)
Extracting features and saving them locally..
Epoch: 1/200 Train accuracy: 2.12400e-01 Validation accuracy: 2.77250e-01 Loss 1.82206e-02 Time taken: 0.56 seconds 
Epoch: 2/200 Train accuracy: 3.09600e-01 Validation accuracy: 3.21750e-01 Loss 1.77820e-02 Time taken: 0.54 seconds 
Epoch: 3/200 Train accuracy: 3.30000e-01 Validation accuracy: 3.81375e-01 Loss 1.74186e-02 Time taken: 0.54 seconds 
Epoch: 4/200 Train accuracy: 3.83600e-01 Validation accuracy: 3.88125e-01 Loss 1.71737e-02 Time taken: 0.55 seconds 
Epoch: 5/200 Train accuracy: 4.10400e-01 Validation accuracy: 4.12375e-01 Loss 1.70024e-02 Time taken: 0.54 seconds 
Epoch: 6/200 Train accuracy: 4.41000e-01 Validation accuracy: 4.19375e-01 Loss 1.68254e-02 Time taken: 0.54 seconds 
Epoch: 7/200 Train accuracy: 4.45600e-01 Validation accuracy: 4.28625e-01 Loss 1.67142e-02 Time taken: 0.54 seconds 
Epoch: 8/200 Train accuracy: 4.54000e-01 Validation accuracy: 4.36000e-01 Loss 1.66120e-02 Time taken: 0.55 seconds 
Epoch: 9/200 Train accuracy: 4.59000e-01 Validation accuracy: 4.40875e-01 Loss 1.65852e-02 Time taken: 0.54 seconds 
Epoch: 10/200 Train accuracy: 4.65000e-01 Validation accuracy: 4.43125e-01 Loss 1.65067e-02 Time taken: 0.54 seconds 
Epoch: 11/200 Train accuracy: 4.69600e-01 Validation accuracy: 4.44625e-01 Loss 1.64529e-02 Time taken: 0.54 seconds 
Epoch: 12/200 Train accuracy: 4.73000e-01 Validation accuracy: 4.45500e-01 Loss 1.64299e-02 Time taken: 0.54 seconds 
Epoch: 13/200 Train accuracy: 4.74400e-01 Validation accuracy: 4.50000e-01 Loss 1.63582e-02 Time taken: 0.54 seconds 
Epoch: 14/200 Train accuracy: 4.72800e-01 Validation accuracy: 4.52375e-01 Loss 1.63422e-02 Time taken: 0.54 seconds 
Epoch: 15/200 Train accuracy: 4.77800e-01 Validation accuracy: 4.53125e-01 Loss 1.62754e-02 Time taken: 0.54 seconds 
Epoch: 16/200 Train accuracy: 4.78200e-01 Validation accuracy: 4.56000e-01 Loss 1.62432e-02 Time taken: 0.54 seconds 
Epoch: 17/200 Train accuracy: 4.78000e-01 Validation accuracy: 4.58625e-01 Loss 1.62246e-02 Time taken: 0.54 seconds 
Epoch: 18/200 Train accuracy: 4.80800e-01 Validation accuracy: 4.57000e-01 Loss 1.62356e-02 Time taken: 0.54 seconds 
Epoch: 19/200 Train accuracy: 4.81800e-01 Validation accuracy: 4.60500e-01 Loss 1.62132e-02 Time taken: 0.55 seconds 
Epoch: 20/200 Train accuracy: 4.82600e-01 Validation accuracy: 4.60125e-01 Loss 1.62194e-02 Time taken: 0.55 seconds 
Epoch: 21/200 Train accuracy: 4.84000e-01 Validation accuracy: 4.64250e-01 Loss 1.61700e-02 Time taken: 0.73 seconds 
Epoch: 22/200 Train accuracy: 4.86400e-01 Validation accuracy: 4.61625e-01 Loss 1.61265e-02 Time taken: 0.80 seconds 
Epoch: 23/200 Train accuracy: 4.88800e-01 Validation accuracy: 4.67125e-01 Loss 1.60547e-02 Time taken: 0.81 seconds 
Epoch: 24/200 Train accuracy: 4.89600e-01 Validation accuracy: 4.65625e-01 Loss 1.60948e-02 Time taken: 0.82 seconds 
Epoch: 25/200 Train accuracy: 4.90800e-01 Validation accuracy: 4.67250e-01 Loss 1.61264e-02 Time taken: 0.82 seconds 
Epoch: 26/200 Train accuracy: 4.91400e-01 Validation accuracy: 4.68500e-01 Loss 1.60890e-02 Time taken: 0.81 seconds 
Epoch: 27/200 Train accuracy: 4.92200e-01 Validation accuracy: 4.69375e-01 Loss 1.60655e-02 Time taken: 0.82 seconds 
Epoch: 28/200 Train accuracy: 4.96200e-01 Validation accuracy: 4.67750e-01 Loss 1.60074e-02 Time taken: 0.82 seconds 
Epoch: 29/200 Train accuracy: 4.95800e-01 Validation accuracy: 4.70000e-01 Loss 1.60394e-02 Time taken: 0.82 seconds 
Epoch: 30/200 Train accuracy: 4.93000e-01 Validation accuracy: 4.69625e-01 Loss 1.60100e-02 Time taken: 0.82 seconds 
Epoch: 31/200 Train accuracy: 4.95800e-01 Validation accuracy: 4.70250e-01 Loss 1.60130e-02 Time taken: 0.81 seconds 
Epoch: 32/200 Train accuracy: 4.92600e-01 Validation accuracy: 4.72125e-01 Loss 1.60089e-02 Time taken: 0.81 seconds 
Epoch: 33/200 Train accuracy: 4.96400e-01 Validation accuracy: 4.71500e-01 Loss 1.60418e-02 Time taken: 0.70 seconds 
Epoch: 34/200 Train accuracy: 5.02800e-01 Validation accuracy: 4.71000e-01 Loss 1.59577e-02 Time taken: 0.82 seconds 
Epoch: 35/200 Train accuracy: 4.97800e-01 Validation accuracy: 4.73250e-01 Loss 1.59689e-02 Time taken: 0.81 seconds 
Epoch: 36/200 Train accuracy: 5.01200e-01 Validation accuracy: 4.74250e-01 Loss 1.59414e-02 Time taken: 0.82 seconds 
Epoch: 37/200 Train accuracy: 4.99600e-01 Validation accuracy: 4.73125e-01 Loss 1.59288e-02 Time taken: 0.81 seconds 
Epoch: 38/200 Train accuracy: 5.06000e-01 Validation accuracy: 4.72625e-01 Loss 1.59488e-02 Time taken: 0.80 seconds 
Epoch: 39/200 Train accuracy: 5.04400e-01 Validation accuracy: 4.75375e-01 Loss 1.59122e-02 Time taken: 0.83 seconds 
Epoch: 40/200 Train accuracy: 4.99200e-01 Validation accuracy: 4.75500e-01 Loss 1.59734e-02 Time taken: 0.81 seconds 
Epoch: 41/200 Train accuracy: 5.03600e-01 Validation accuracy: 4.76500e-01 Loss 1.59268e-02 Time taken: 0.82 seconds 
Epoch: 42/200 Train accuracy: 5.01600e-01 Validation accuracy: 4.78500e-01 Loss 1.58759e-02 Time taken: 0.82 seconds 
Epoch: 43/200 Train accuracy: 5.08200e-01 Validation accuracy: 4.76625e-01 Loss 1.59296e-02 Time taken: 0.80 seconds 
Epoch: 44/200 Train accuracy: 5.05600e-01 Validation accuracy: 4.76375e-01 Loss 1.59061e-02 Time taken: 0.81 seconds 
Epoch: 45/200 Train accuracy: 5.07600e-01 Validation accuracy: 4.78250e-01 Loss 1.58828e-02 Time taken: 0.81 seconds 
Epoch: 46/200 Train accuracy: 5.10400e-01 Validation accuracy: 4.78125e-01 Loss 1.58757e-02 Time taken: 0.68 seconds 
Epoch: 47/200 Train accuracy: 5.07800e-01 Validation accuracy: 4.79125e-01 Loss 1.58467e-02 Time taken: 0.74 seconds 
Epoch: 48/200 Train accuracy: 5.07800e-01 Validation accuracy: 4.79125e-01 Loss 1.58770e-02 Time taken: 0.75 seconds 
Epoch: 49/200 Train accuracy: 5.09600e-01 Validation accuracy: 4.81625e-01 Loss 1.58604e-02 Time taken: 0.74 seconds 
Epoch: 50/200 Train accuracy: 5.12200e-01 Validation accuracy: 4.79750e-01 Loss 1.58480e-02 Time taken: 0.74 seconds 
Epoch: 51/200 Train accuracy: 5.12800e-01 Validation accuracy: 4.80375e-01 Loss 1.58562e-02 Time taken: 0.74 seconds 
Epoch: 52/200 Train accuracy: 5.10400e-01 Validation accuracy: 4.79875e-01 Loss 1.58039e-02 Time taken: 0.74 seconds 
Epoch: 53/200 Train accuracy: 5.13600e-01 Validation accuracy: 4.79625e-01 Loss 1.57520e-02 Time taken: 0.72 seconds 
Epoch: 54/200 Train accuracy: 5.15200e-01 Validation accuracy: 4.81875e-01 Loss 1.57798e-02 Time taken: 0.80 seconds 
Epoch: 55/200 Train accuracy: 5.15600e-01 Validation accuracy: 4.82000e-01 Loss 1.58489e-02 Time taken: 0.82 seconds 
Epoch: 56/200 Train accuracy: 5.13200e-01 Validation accuracy: 4.82500e-01 Loss 1.57571e-02 Time taken: 0.82 seconds 
Epoch: 57/200 Train accuracy: 5.14800e-01 Validation accuracy: 4.83375e-01 Loss 1.58088e-02 Time taken: 0.79 seconds 
Epoch: 58/200 Train accuracy: 5.15000e-01 Validation accuracy: 4.82750e-01 Loss 1.58351e-02 Time taken: 0.81 seconds 
Epoch: 59/200 Train accuracy: 5.17800e-01 Validation accuracy: 4.82750e-01 Loss 1.58214e-02 Time taken: 0.81 seconds 
Epoch: 60/200 Train accuracy: 5.13400e-01 Validation accuracy: 4.87375e-01 Loss 1.58102e-02 Time taken: 0.81 seconds 
Epoch: 61/200 Train accuracy: 5.18800e-01 Validation accuracy: 4.92875e-01 Loss 1.57656e-02 Time taken: 0.82 seconds 
Epoch: 62/200 Train accuracy: 5.26600e-01 Validation accuracy: 5.03125e-01 Loss 1.57289e-02 Time taken: 0.81 seconds 
Epoch: 63/200 Train accuracy: 5.36400e-01 Validation accuracy: 5.05500e-01 Loss 1.56315e-02 Time taken: 0.81 seconds 
Epoch: 64/200 Train accuracy: 5.38800e-01 Validation accuracy: 5.09375e-01 Loss 1.56459e-02 Time taken: 0.81 seconds 
Epoch: 65/200 Train accuracy: 5.41600e-01 Validation accuracy: 5.13250e-01 Loss 1.55777e-02 Time taken: 0.81 seconds 
Epoch: 66/200 Train accuracy: 5.44600e-01 Validation accuracy: 5.11625e-01 Loss 1.55466e-02 Time taken: 0.75 seconds 
Epoch: 67/200 Train accuracy: 5.43000e-01 Validation accuracy: 5.15375e-01 Loss 1.55680e-02 Time taken: 0.74 seconds 
Epoch: 68/200 Train accuracy: 5.47400e-01 Validation accuracy: 5.16500e-01 Loss 1.55236e-02 Time taken: 0.74 seconds 
Epoch: 69/200 Train accuracy: 5.46200e-01 Validation accuracy: 5.16125e-01 Loss 1.55515e-02 Time taken: 0.56 seconds 
Epoch: 70/200 Train accuracy: 5.47400e-01 Validation accuracy: 5.18000e-01 Loss 1.55416e-02 Time taken: 0.54 seconds 
Epoch: 71/200 Train accuracy: 5.49600e-01 Validation accuracy: 5.14750e-01 Loss 1.55466e-02 Time taken: 0.54 seconds 
Epoch: 72/200 Train accuracy: 5.51400e-01 Validation accuracy: 5.18875e-01 Loss 1.55625e-02 Time taken: 0.54 seconds 
Epoch: 73/200 Train accuracy: 5.52200e-01 Validation accuracy: 5.21375e-01 Loss 1.55643e-02 Time taken: 0.54 seconds 
Epoch: 74/200 Train accuracy: 5.51600e-01 Validation accuracy: 5.21750e-01 Loss 1.55211e-02 Time taken: 0.54 seconds 
Epoch: 75/200 Train accuracy: 5.53000e-01 Validation accuracy: 5.22000e-01 Loss 1.55020e-02 Time taken: 0.54 seconds 
Epoch: 76/200 Train accuracy: 5.48600e-01 Validation accuracy: 5.20500e-01 Loss 1.55641e-02 Time taken: 0.54 seconds 
Epoch: 77/200 Train accuracy: 5.53000e-01 Validation accuracy: 5.22750e-01 Loss 1.54643e-02 Time taken: 0.54 seconds 
Epoch: 78/200 Train accuracy: 5.51800e-01 Validation accuracy: 5.22750e-01 Loss 1.54896e-02 Time taken: 0.54 seconds 
Epoch: 79/200 Train accuracy: 5.56000e-01 Validation accuracy: 5.25750e-01 Loss 1.54998e-02 Time taken: 0.54 seconds 
Epoch: 80/200 Train accuracy: 5.55200e-01 Validation accuracy: 5.24125e-01 Loss 1.54840e-02 Time taken: 0.54 seconds 
Epoch: 81/200 Train accuracy: 5.54600e-01 Validation accuracy: 5.24625e-01 Loss 1.54316e-02 Time taken: 0.54 seconds 
Epoch: 82/200 Train accuracy: 5.56800e-01 Validation accuracy: 5.25500e-01 Loss 1.54871e-02 Time taken: 0.54 seconds 
Epoch: 83/200 Train accuracy: 5.57800e-01 Validation accuracy: 5.26875e-01 Loss 1.54705e-02 Time taken: 0.54 seconds 
Epoch: 84/200 Train accuracy: 5.54800e-01 Validation accuracy: 5.26625e-01 Loss 1.54948e-02 Time taken: 0.54 seconds 
Epoch: 85/200 Train accuracy: 5.60000e-01 Validation accuracy: 5.27250e-01 Loss 1.54117e-02 Time taken: 0.54 seconds 
Epoch: 86/200 Train accuracy: 5.60200e-01 Validation accuracy: 5.28125e-01 Loss 1.54543e-02 Time taken: 0.70 seconds 
Epoch: 87/200 Train accuracy: 5.60200e-01 Validation accuracy: 5.28625e-01 Loss 1.54058e-02 Time taken: 0.75 seconds 
Epoch: 88/200 Train accuracy: 5.61200e-01 Validation accuracy: 5.28625e-01 Loss 1.54315e-02 Time taken: 0.74 seconds 
Epoch: 89/200 Train accuracy: 5.62600e-01 Validation accuracy: 5.28250e-01 Loss 1.54553e-02 Time taken: 0.59 seconds 
Epoch: 90/200 Train accuracy: 5.61600e-01 Validation accuracy: 5.30250e-01 Loss 1.54410e-02 Time taken: 0.79 seconds 
Epoch: 91/200 Train accuracy: 5.63600e-01 Validation accuracy: 5.31375e-01 Loss 1.53858e-02 Time taken: 0.81 seconds 
Epoch: 92/200 Train accuracy: 5.64800e-01 Validation accuracy: 5.31750e-01 Loss 1.54250e-02 Time taken: 0.75 seconds 
Epoch: 93/200 Train accuracy: 5.67400e-01 Validation accuracy: 5.33375e-01 Loss 1.53688e-02 Time taken: 0.75 seconds 
Epoch: 94/200 Train accuracy: 5.66800e-01 Validation accuracy: 5.30250e-01 Loss 1.54207e-02 Time taken: 0.75 seconds 
Epoch: 95/200 Train accuracy: 5.65600e-01 Validation accuracy: 5.31750e-01 Loss 1.53938e-02 Time taken: 0.75 seconds 
Epoch: 96/200 Train accuracy: 5.67200e-01 Validation accuracy: 5.33750e-01 Loss 1.53919e-02 Time taken: 0.75 seconds 
Epoch: 97/200 Train accuracy: 5.69200e-01 Validation accuracy: 5.32875e-01 Loss 1.53634e-02 Time taken: 0.75 seconds 
Epoch: 98/200 Train accuracy: 5.68800e-01 Validation accuracy: 5.33250e-01 Loss 1.53640e-02 Time taken: 0.59 seconds 
Epoch: 99/200 Train accuracy: 5.67600e-01 Validation accuracy: 5.32000e-01 Loss 1.54285e-02 Time taken: 0.66 seconds 
Epoch: 100/200 Train accuracy: 5.68200e-01 Validation accuracy: 5.34000e-01 Loss 1.54056e-02 Time taken: 0.75 seconds 
Epoch: 101/200 Train accuracy: 5.69600e-01 Validation accuracy: 5.35000e-01 Loss 1.54249e-02 Time taken: 0.75 seconds 
Epoch: 102/200 Train accuracy: 5.68200e-01 Validation accuracy: 5.34000e-01 Loss 1.53565e-02 Time taken: 0.75 seconds 
Epoch: 103/200 Train accuracy: 5.70000e-01 Validation accuracy: 5.33250e-01 Loss 1.54137e-02 Time taken: 0.75 seconds 
Epoch: 104/200 Train accuracy: 5.68800e-01 Validation accuracy: 5.33375e-01 Loss 1.53588e-02 Time taken: 0.75 seconds 
Epoch: 105/200 Train accuracy: 5.72200e-01 Validation accuracy: 5.34875e-01 Loss 1.53308e-02 Time taken: 0.58 seconds 
Epoch: 106/200 Train accuracy: 5.71600e-01 Validation accuracy: 5.34250e-01 Loss 1.53705e-02 Time taken: 0.54 seconds 
Epoch: 107/200 Train accuracy: 5.70800e-01 Validation accuracy: 5.33375e-01 Loss 1.53436e-02 Time taken: 0.54 seconds 
Epoch: 108/200 Train accuracy: 5.69800e-01 Validation accuracy: 5.34250e-01 Loss 1.53550e-02 Time taken: 0.54 seconds 
Epoch: 109/200 Train accuracy: 5.73800e-01 Validation accuracy: 5.34250e-01 Loss 1.53521e-02 Time taken: 0.54 seconds 
Epoch: 110/200 Train accuracy: 5.71200e-01 Validation accuracy: 5.36250e-01 Loss 1.53683e-02 Time taken: 0.54 seconds 
Epoch: 111/200 Train accuracy: 5.71600e-01 Validation accuracy: 5.35625e-01 Loss 1.53650e-02 Time taken: 0.53 seconds 
Epoch: 112/200 Train accuracy: 5.73400e-01 Validation accuracy: 5.34500e-01 Loss 1.53407e-02 Time taken: 0.53 seconds 
Epoch: 113/200 Train accuracy: 5.72800e-01 Validation accuracy: 5.35875e-01 Loss 1.54077e-02 Time taken: 0.53 seconds 
Epoch: 114/200 Train accuracy: 5.73200e-01 Validation accuracy: 5.36250e-01 Loss 1.53321e-02 Time taken: 0.54 seconds 
Epoch: 115/200 Train accuracy: 5.74400e-01 Validation accuracy: 5.35000e-01 Loss 1.53343e-02 Time taken: 0.53 seconds 
Epoch: 116/200 Train accuracy: 5.75400e-01 Validation accuracy: 5.38125e-01 Loss 1.53607e-02 Time taken: 0.53 seconds 
Epoch: 117/200 Train accuracy: 5.73600e-01 Validation accuracy: 5.37250e-01 Loss 1.53573e-02 Time taken: 0.54 seconds 
Epoch: 118/200 Train accuracy: 5.70800e-01 Validation accuracy: 5.36125e-01 Loss 1.53822e-02 Time taken: 0.53 seconds 
Epoch: 119/200 Train accuracy: 5.76800e-01 Validation accuracy: 5.37625e-01 Loss 1.53644e-02 Time taken: 0.53 seconds 
Epoch: 120/200 Train accuracy: 5.74000e-01 Validation accuracy: 5.36875e-01 Loss 1.52729e-02 Time taken: 0.54 seconds 
Epoch: 121/200 Train accuracy: 5.75600e-01 Validation accuracy: 5.38125e-01 Loss 1.53262e-02 Time taken: 0.54 seconds 
Epoch: 122/200 Train accuracy: 5.75000e-01 Validation accuracy: 5.36750e-01 Loss 1.53246e-02 Time taken: 0.54 seconds 
Epoch: 123/200 Train accuracy: 5.77400e-01 Validation accuracy: 5.37500e-01 Loss 1.53165e-02 Time taken: 0.53 seconds 
Epoch: 124/200 Train accuracy: 5.74200e-01 Validation accuracy: 5.37500e-01 Loss 1.53414e-02 Time taken: 0.53 seconds 
Epoch: 125/200 Train accuracy: 5.74400e-01 Validation accuracy: 5.36875e-01 Loss 1.53293e-02 Time taken: 0.53 seconds 
Epoch: 126/200 Train accuracy: 5.74400e-01 Validation accuracy: 5.38375e-01 Loss 1.53008e-02 Time taken: 0.54 seconds 
Epoch: 127/200 Train accuracy: 5.72800e-01 Validation accuracy: 5.37000e-01 Loss 1.53044e-02 Time taken: 0.53 seconds 
Epoch: 128/200 Train accuracy: 5.76000e-01 Validation accuracy: 5.37750e-01 Loss 1.52849e-02 Time taken: 0.53 seconds 
Epoch: 129/200 Train accuracy: 5.76600e-01 Validation accuracy: 5.38625e-01 Loss 1.53286e-02 Time taken: 0.54 seconds 
Epoch: 130/200 Train accuracy: 5.74600e-01 Validation accuracy: 5.37625e-01 Loss 1.52916e-02 Time taken: 0.54 seconds 
Epoch: 131/200 Train accuracy: 5.79400e-01 Validation accuracy: 5.39875e-01 Loss 1.53254e-02 Time taken: 0.53 seconds 
Epoch: 132/200 Train accuracy: 5.75600e-01 Validation accuracy: 5.37875e-01 Loss 1.53075e-02 Time taken: 0.54 seconds 
Epoch: 133/200 Train accuracy: 5.79400e-01 Validation accuracy: 5.38250e-01 Loss 1.53093e-02 Time taken: 0.54 seconds 
Epoch: 134/200 Train accuracy: 5.79400e-01 Validation accuracy: 5.39750e-01 Loss 1.52631e-02 Time taken: 0.53 seconds 
Epoch: 135/200 Train accuracy: 5.77800e-01 Validation accuracy: 5.39125e-01 Loss 1.53005e-02 Time taken: 0.54 seconds 
Epoch: 136/200 Train accuracy: 5.81600e-01 Validation accuracy: 5.40125e-01 Loss 1.52746e-02 Time taken: 0.53 seconds 
Epoch: 137/200 Train accuracy: 5.77400e-01 Validation accuracy: 5.38750e-01 Loss 1.52687e-02 Time taken: 0.54 seconds 
Epoch: 138/200 Train accuracy: 5.78800e-01 Validation accuracy: 5.38000e-01 Loss 1.52550e-02 Time taken: 0.54 seconds 
Epoch: 139/200 Train accuracy: 5.78000e-01 Validation accuracy: 5.38750e-01 Loss 1.52692e-02 Time taken: 0.54 seconds 
Epoch: 140/200 Train accuracy: 5.78400e-01 Validation accuracy: 5.37875e-01 Loss 1.52550e-02 Time taken: 0.53 seconds 
Epoch: 141/200 Train accuracy: 5.80000e-01 Validation accuracy: 5.39125e-01 Loss 1.53269e-02 Time taken: 0.54 seconds 
Epoch: 142/200 Train accuracy: 5.81600e-01 Validation accuracy: 5.38500e-01 Loss 1.52426e-02 Time taken: 0.53 seconds 
Epoch: 143/200 Train accuracy: 5.80400e-01 Validation accuracy: 5.38375e-01 Loss 1.52240e-02 Time taken: 0.54 seconds 
Epoch: 144/200 Train accuracy: 5.79400e-01 Validation accuracy: 5.40500e-01 Loss 1.52759e-02 Time taken: 0.53 seconds 
Epoch: 145/200 Train accuracy: 5.78200e-01 Validation accuracy: 5.39625e-01 Loss 1.52734e-02 Time taken: 0.54 seconds 
Epoch: 146/200 Train accuracy: 5.79000e-01 Validation accuracy: 5.39000e-01 Loss 1.52692e-02 Time taken: 0.54 seconds 
Epoch: 147/200 Train accuracy: 5.80800e-01 Validation accuracy: 5.38250e-01 Loss 1.52526e-02 Time taken: 0.54 seconds 
Epoch: 148/200 Train accuracy: 5.78400e-01 Validation accuracy: 5.40000e-01 Loss 1.53169e-02 Time taken: 0.54 seconds 
Epoch: 149/200 Train accuracy: 5.79800e-01 Validation accuracy: 5.40250e-01 Loss 1.52764e-02 Time taken: 0.54 seconds 
Epoch: 150/200 Train accuracy: 5.80200e-01 Validation accuracy: 5.41125e-01 Loss 1.52584e-02 Time taken: 0.53 seconds 
Epoch: 151/200 Train accuracy: 5.83400e-01 Validation accuracy: 5.39750e-01 Loss 1.52440e-02 Time taken: 0.54 seconds 
Epoch: 152/200 Train accuracy: 5.79600e-01 Validation accuracy: 5.39500e-01 Loss 1.52611e-02 Time taken: 0.56 seconds 
Epoch: 153/200 Train accuracy: 5.82000e-01 Validation accuracy: 5.38250e-01 Loss 1.52365e-02 Time taken: 0.54 seconds 
Epoch: 154/200 Train accuracy: 5.83400e-01 Validation accuracy: 5.39125e-01 Loss 1.52092e-02 Time taken: 0.54 seconds 
Epoch: 155/200 Train accuracy: 5.83000e-01 Validation accuracy: 5.39625e-01 Loss 1.51883e-02 Time taken: 0.70 seconds 
Epoch: 156/200 Train accuracy: 5.82200e-01 Validation accuracy: 5.37750e-01 Loss 1.52787e-02 Time taken: 0.58 seconds 
Epoch: 157/200 Train accuracy: 5.82400e-01 Validation accuracy: 5.40500e-01 Loss 1.52695e-02 Time taken: 0.54 seconds 
Epoch: 158/200 Train accuracy: 5.82400e-01 Validation accuracy: 5.38625e-01 Loss 1.52659e-02 Time taken: 0.73 seconds 
Epoch: 159/200 Train accuracy: 5.82000e-01 Validation accuracy: 5.41500e-01 Loss 1.52979e-02 Time taken: 0.75 seconds 
Epoch: 160/200 Train accuracy: 5.82000e-01 Validation accuracy: 5.38875e-01 Loss 1.52191e-02 Time taken: 0.75 seconds 
Epoch: 161/200 Train accuracy: 5.82200e-01 Validation accuracy: 5.40000e-01 Loss 1.52454e-02 Time taken: 0.75 seconds 
Epoch: 162/200 Train accuracy: 5.84200e-01 Validation accuracy: 5.39750e-01 Loss 1.52403e-02 Time taken: 0.78 seconds 
Epoch: 163/200 Train accuracy: 5.82000e-01 Validation accuracy: 5.42000e-01 Loss 1.52169e-02 Time taken: 0.79 seconds 
Epoch: 164/200 Train accuracy: 5.83800e-01 Validation accuracy: 5.40625e-01 Loss 1.52269e-02 Time taken: 0.60 seconds 
Epoch: 165/200 Train accuracy: 5.81600e-01 Validation accuracy: 5.39750e-01 Loss 1.52481e-02 Time taken: 0.54 seconds 
Epoch: 166/200 Train accuracy: 5.84600e-01 Validation accuracy: 5.37750e-01 Loss 1.52473e-02 Time taken: 0.67 seconds 
Epoch: 167/200 Train accuracy: 5.82800e-01 Validation accuracy: 5.40125e-01 Loss 1.51936e-02 Time taken: 0.74 seconds 
Epoch: 168/200 Train accuracy: 5.85600e-01 Validation accuracy: 5.40750e-01 Loss 1.52232e-02 Time taken: 0.76 seconds 
Epoch: 169/200 Train accuracy: 5.85200e-01 Validation accuracy: 5.41875e-01 Loss 1.52450e-02 Time taken: 0.80 seconds 
Epoch: 170/200 Train accuracy: 5.86000e-01 Validation accuracy: 5.41625e-01 Loss 1.52507e-02 Time taken: 0.79 seconds 
Epoch: 171/200 Train accuracy: 5.86400e-01 Validation accuracy: 5.40500e-01 Loss 1.52113e-02 Time taken: 0.75 seconds 
Epoch: 172/200 Train accuracy: 5.84600e-01 Validation accuracy: 5.41500e-01 Loss 1.52040e-02 Time taken: 0.72 seconds 
Epoch: 173/200 Train accuracy: 5.83000e-01 Validation accuracy: 5.40500e-01 Loss 1.51875e-02 Time taken: 0.74 seconds 
Epoch: 174/200 Train accuracy: 5.85200e-01 Validation accuracy: 5.41375e-01 Loss 1.51792e-02 Time taken: 0.74 seconds 
Epoch: 175/200 Train accuracy: 5.84400e-01 Validation accuracy: 5.41875e-01 Loss 1.52330e-02 Time taken: 0.49 seconds 
Epoch: 176/200 Train accuracy: 5.88400e-01 Validation accuracy: 5.41750e-01 Loss 1.51815e-02 Time taken: 0.44 seconds 
Epoch: 177/200 Train accuracy: 5.83200e-01 Validation accuracy: 5.41500e-01 Loss 1.52682e-02 Time taken: 0.44 seconds 
Epoch: 178/200 Train accuracy: 5.87400e-01 Validation accuracy: 5.42625e-01 Loss 1.52132e-02 Time taken: 0.44 seconds 
Epoch: 179/200 Train accuracy: 5.85400e-01 Validation accuracy: 5.40750e-01 Loss 1.51704e-02 Time taken: 0.44 seconds 
Epoch: 180/200 Train accuracy: 5.85800e-01 Validation accuracy: 5.41125e-01 Loss 1.51926e-02 Time taken: 0.44 seconds 
Epoch: 181/200 Train accuracy: 5.84400e-01 Validation accuracy: 5.42375e-01 Loss 1.51798e-02 Time taken: 0.44 seconds 
Epoch: 182/200 Train accuracy: 5.83600e-01 Validation accuracy: 5.41500e-01 Loss 1.51999e-02 Time taken: 0.44 seconds 
Epoch: 183/200 Train accuracy: 5.86000e-01 Validation accuracy: 5.41625e-01 Loss 1.51728e-02 Time taken: 0.51 seconds 
Epoch: 184/200 Train accuracy: 5.84600e-01 Validation accuracy: 5.42125e-01 Loss 1.51579e-02 Time taken: 0.54 seconds 
Epoch: 185/200 Train accuracy: 5.87400e-01 Validation accuracy: 5.42875e-01 Loss 1.51406e-02 Time taken: 0.48 seconds 
Epoch: 186/200 Train accuracy: 5.87400e-01 Validation accuracy: 5.42625e-01 Loss 1.51916e-02 Time taken: 0.44 seconds 
Epoch: 187/200 Train accuracy: 5.87000e-01 Validation accuracy: 5.42500e-01 Loss 1.51523e-02 Time taken: 0.45 seconds 
Epoch: 188/200 Train accuracy: 5.87600e-01 Validation accuracy: 5.42375e-01 Loss 1.51779e-02 Time taken: 0.44 seconds 
Epoch: 189/200 Train accuracy: 5.86600e-01 Validation accuracy: 5.42500e-01 Loss 1.51661e-02 Time taken: 0.68 seconds 
Epoch: 190/200 Train accuracy: 5.87600e-01 Validation accuracy: 5.42625e-01 Loss 1.51978e-02 Time taken: 0.71 seconds 
Epoch: 191/200 Train accuracy: 5.89600e-01 Validation accuracy: 5.42500e-01 Loss 1.52217e-02 Time taken: 0.71 seconds 
Epoch: 192/200 Train accuracy: 5.87200e-01 Validation accuracy: 5.43125e-01 Loss 1.51848e-02 Time taken: 0.72 seconds 
Epoch: 193/200 Train accuracy: 5.89200e-01 Validation accuracy: 5.43125e-01 Loss 1.51880e-02 Time taken: 0.70 seconds 
Epoch: 194/200 Train accuracy: 5.88400e-01 Validation accuracy: 5.41750e-01 Loss 1.51906e-02 Time taken: 0.68 seconds 
Epoch: 195/200 Train accuracy: 5.88600e-01 Validation accuracy: 5.43375e-01 Loss 1.51831e-02 Time taken: 0.52 seconds 
Epoch: 196/200 Train accuracy: 5.89200e-01 Validation accuracy: 5.43875e-01 Loss 1.51581e-02 Time taken: 0.44 seconds 
Epoch: 197/200 Train accuracy: 5.88000e-01 Validation accuracy: 5.43125e-01 Loss 1.51996e-02 Time taken: 0.44 seconds 
Epoch: 198/200 Train accuracy: 5.88000e-01 Validation accuracy: 5.43750e-01 Loss 1.51950e-02 Time taken: 0.44 seconds 
Epoch: 199/200 Train accuracy: 5.91000e-01 Validation accuracy: 5.44000e-01 Loss 1.51970e-02 Time taken: 0.44 seconds 
Epoch: 200/200 Train accuracy: 5.91200e-01 Validation accuracy: 5.42875e-01 Loss 1.52138e-02 Time taken: 0.44 seconds 
Total time taken 0:02:06.538913
Cleaning up intermediate feature (.pt) files
Done


