Directory logs_IN100/in100-vitb16-l2-ep300-bs384-w80/classifiers for saving the classifiers is now present
VisionTransformer(
  (patch_embed): PatchEmbed(
    (proj): Conv2d(3, 768, kernel_size=(16, 16), stride=(16, 16))
  )
  (blocks): ModuleList(
    (0-11): 12 x Block(
      (norm1): LayerNorm((768,), eps=1e-06, elementwise_affine=True)
      (attn): Attention(
        (qkv): Linear(in_features=768, out_features=2304, bias=True)
        (attn_drop): Dropout(p=0.0, inplace=False)
        (proj): Linear(in_features=768, out_features=768, bias=True)
        (proj_drop): Dropout(p=0.0, inplace=False)
      )
      (drop_path): Identity()
      (norm2): LayerNorm((768,), eps=1e-06, elementwise_affine=True)
      (mlp): MLP(
        (fc1): Linear(in_features=768, out_features=3072, bias=True)
        (act): GELU(approximate='none')
        (fc2): Linear(in_features=3072, out_features=768, bias=True)
        (drop): Dropout(p=0.0, inplace=False)
      )
    )
  )
  (norm): LayerNorm((768,), eps=1e-06, elementwise_affine=True)
)
Extracting features and saving them in memory..
Extracting features...
Epoch: 1/200 Train accuracy: 4.31162e-01 Validation accuracy: 4.79200e-01 Training loss 1.85016e-02 Validation loss 1.63852e-02 Time taken: 2.10 seconds 
Epoch: 2/200 Train accuracy: 5.50400e-01 Validation accuracy: 5.08000e-01 Training loss 1.34267e-02 Validation loss 1.52891e-02 Time taken: 1.70 seconds 
Epoch: 3/200 Train accuracy: 5.76408e-01 Validation accuracy: 5.19600e-01 Training loss 1.24684e-02 Validation loss 1.46986e-02 Time taken: 1.70 seconds 
Epoch: 4/200 Train accuracy: 5.90777e-01 Validation accuracy: 5.27000e-01 Training loss 1.19598e-02 Validation loss 1.43876e-02 Time taken: 1.88 seconds 
Epoch: 5/200 Train accuracy: 6.01223e-01 Validation accuracy: 5.38400e-01 Training loss 1.16114e-02 Validation loss 1.41747e-02 Time taken: 1.69 seconds 
Epoch: 6/200 Train accuracy: 6.09092e-01 Validation accuracy: 5.36600e-01 Training loss 1.13515e-02 Validation loss 1.41060e-02 Time taken: 2.09 seconds 
Epoch: 7/200 Train accuracy: 6.14985e-01 Validation accuracy: 5.41800e-01 Training loss 1.11518e-02 Validation loss 1.39457e-02 Time taken: 1.85 seconds 
Epoch: 8/200 Train accuracy: 6.19338e-01 Validation accuracy: 5.41800e-01 Training loss 1.09871e-02 Validation loss 1.39659e-02 Time taken: 1.72 seconds 
Epoch: 9/200 Train accuracy: 6.24169e-01 Validation accuracy: 5.48400e-01 Training loss 1.08474e-02 Validation loss 1.37909e-02 Time taken: 1.70 seconds 
Epoch: 10/200 Train accuracy: 6.26492e-01 Validation accuracy: 5.45200e-01 Training loss 1.07333e-02 Validation loss 1.37161e-02 Time taken: 1.69 seconds 
Epoch: 11/200 Train accuracy: 6.30115e-01 Validation accuracy: 5.47200e-01 Training loss 1.06243e-02 Validation loss 1.38005e-02 Time taken: 1.69 seconds 
Epoch: 12/200 Train accuracy: 6.32846e-01 Validation accuracy: 5.49600e-01 Training loss 1.05361e-02 Validation loss 1.36717e-02 Time taken: 1.70 seconds 
Epoch: 13/200 Train accuracy: 6.35777e-01 Validation accuracy: 5.51000e-01 Training loss 1.04601e-02 Validation loss 1.36330e-02 Time taken: 1.72 seconds 
Epoch: 14/200 Train accuracy: 6.38223e-01 Validation accuracy: 5.56800e-01 Training loss 1.03830e-02 Validation loss 1.35879e-02 Time taken: 1.71 seconds 
Epoch: 15/200 Train accuracy: 6.39854e-01 Validation accuracy: 5.56000e-01 Training loss 1.03207e-02 Validation loss 1.36229e-02 Time taken: 1.71 seconds 
Epoch: 16/200 Train accuracy: 6.42077e-01 Validation accuracy: 5.54200e-01 Training loss 1.02553e-02 Validation loss 1.35152e-02 Time taken: 1.71 seconds 
Epoch: 17/200 Train accuracy: 6.42638e-01 Validation accuracy: 5.61800e-01 Training loss 1.02013e-02 Validation loss 1.34632e-02 Time taken: 1.71 seconds 
Epoch: 18/200 Train accuracy: 6.46046e-01 Validation accuracy: 5.57000e-01 Training loss 1.01430e-02 Validation loss 1.34949e-02 Time taken: 1.72 seconds 
Epoch: 19/200 Train accuracy: 6.46092e-01 Validation accuracy: 5.59400e-01 Training loss 1.00973e-02 Validation loss 1.34517e-02 Time taken: 1.72 seconds 
Epoch: 20/200 Train accuracy: 6.48046e-01 Validation accuracy: 5.63800e-01 Training loss 1.00573e-02 Validation loss 1.34614e-02 Time taken: 1.75 seconds 
Epoch: 21/200 Train accuracy: 6.49000e-01 Validation accuracy: 5.62000e-01 Training loss 1.00117e-02 Validation loss 1.34012e-02 Time taken: 1.74 seconds 
Epoch: 22/200 Train accuracy: 6.50154e-01 Validation accuracy: 5.54000e-01 Training loss 9.97096e-03 Validation loss 1.33985e-02 Time taken: 1.72 seconds 
Epoch: 23/200 Train accuracy: 6.51085e-01 Validation accuracy: 5.58600e-01 Training loss 9.92767e-03 Validation loss 1.33519e-02 Time taken: 1.71 seconds 
Epoch: 24/200 Train accuracy: 6.53215e-01 Validation accuracy: 5.55400e-01 Training loss 9.89817e-03 Validation loss 1.33975e-02 Time taken: 1.71 seconds 
Epoch: 25/200 Train accuracy: 6.53985e-01 Validation accuracy: 5.60400e-01 Training loss 9.86282e-03 Validation loss 1.34120e-02 Time taken: 1.76 seconds 
Epoch: 26/200 Train accuracy: 6.54715e-01 Validation accuracy: 5.61400e-01 Training loss 9.83628e-03 Validation loss 1.33449e-02 Time taken: 1.72 seconds 
Epoch: 27/200 Train accuracy: 6.56162e-01 Validation accuracy: 5.61800e-01 Training loss 9.80413e-03 Validation loss 1.33439e-02 Time taken: 1.71 seconds 
Epoch: 28/200 Train accuracy: 6.56269e-01 Validation accuracy: 5.59800e-01 Training loss 9.77061e-03 Validation loss 1.33621e-02 Time taken: 1.71 seconds 
Epoch: 29/200 Train accuracy: 6.57100e-01 Validation accuracy: 5.63000e-01 Training loss 9.75333e-03 Validation loss 1.33431e-02 Time taken: 1.71 seconds 
Epoch: 30/200 Train accuracy: 6.57692e-01 Validation accuracy: 5.61400e-01 Training loss 9.72417e-03 Validation loss 1.32757e-02 Time taken: 1.71 seconds 
Epoch: 31/200 Train accuracy: 6.59000e-01 Validation accuracy: 5.59200e-01 Training loss 9.69505e-03 Validation loss 1.33219e-02 Time taken: 1.72 seconds 
Epoch: 32/200 Train accuracy: 6.59223e-01 Validation accuracy: 5.69000e-01 Training loss 9.67514e-03 Validation loss 1.32756e-02 Time taken: 1.72 seconds 
Epoch: 33/200 Train accuracy: 6.59492e-01 Validation accuracy: 5.63800e-01 Training loss 9.65591e-03 Validation loss 1.33077e-02 Time taken: 1.71 seconds 
Epoch: 34/200 Train accuracy: 6.60131e-01 Validation accuracy: 5.60600e-01 Training loss 9.63823e-03 Validation loss 1.33435e-02 Time taken: 1.71 seconds 
Epoch: 35/200 Train accuracy: 6.61585e-01 Validation accuracy: 5.68200e-01 Training loss 9.61222e-03 Validation loss 1.32587e-02 Time taken: 1.80 seconds 
Epoch: 36/200 Train accuracy: 6.61946e-01 Validation accuracy: 5.66800e-01 Training loss 9.59078e-03 Validation loss 1.32872e-02 Time taken: 1.79 seconds 
Epoch: 37/200 Train accuracy: 6.63277e-01 Validation accuracy: 5.68200e-01 Training loss 9.57139e-03 Validation loss 1.32461e-02 Time taken: 1.72 seconds 
Epoch: 38/200 Train accuracy: 6.63792e-01 Validation accuracy: 5.63600e-01 Training loss 9.55499e-03 Validation loss 1.32887e-02 Time taken: 1.72 seconds 
Epoch: 39/200 Train accuracy: 6.62977e-01 Validation accuracy: 5.63200e-01 Training loss 9.53145e-03 Validation loss 1.32726e-02 Time taken: 2.27 seconds 
Epoch: 40/200 Train accuracy: 6.64754e-01 Validation accuracy: 5.61200e-01 Training loss 9.51920e-03 Validation loss 1.32709e-02 Time taken: 2.12 seconds 
Epoch: 41/200 Train accuracy: 6.64900e-01 Validation accuracy: 5.64800e-01 Training loss 9.50510e-03 Validation loss 1.32683e-02 Time taken: 1.69 seconds 
Epoch: 42/200 Train accuracy: 6.65423e-01 Validation accuracy: 5.60400e-01 Training loss 9.48912e-03 Validation loss 1.32541e-02 Time taken: 1.74 seconds 
Epoch: 43/200 Train accuracy: 6.66092e-01 Validation accuracy: 5.59200e-01 Training loss 9.47550e-03 Validation loss 1.32826e-02 Time taken: 1.76 seconds 
Epoch: 44/200 Train accuracy: 6.66331e-01 Validation accuracy: 5.67400e-01 Training loss 9.45899e-03 Validation loss 1.32053e-02 Time taken: 1.69 seconds 
Epoch: 45/200 Train accuracy: 6.66815e-01 Validation accuracy: 5.64600e-01 Training loss 9.44382e-03 Validation loss 1.32454e-02 Time taken: 1.70 seconds 
Epoch: 46/200 Train accuracy: 6.67223e-01 Validation accuracy: 5.67600e-01 Training loss 9.43085e-03 Validation loss 1.32333e-02 Time taken: 1.70 seconds 
Epoch: 47/200 Train accuracy: 6.67031e-01 Validation accuracy: 5.67200e-01 Training loss 9.41807e-03 Validation loss 1.31783e-02 Time taken: 1.69 seconds 
Epoch: 48/200 Train accuracy: 6.68131e-01 Validation accuracy: 5.66000e-01 Training loss 9.40526e-03 Validation loss 1.32591e-02 Time taken: 1.69 seconds 
Epoch: 49/200 Train accuracy: 6.68154e-01 Validation accuracy: 5.66600e-01 Training loss 9.39500e-03 Validation loss 1.32339e-02 Time taken: 1.71 seconds 
Epoch: 50/200 Train accuracy: 6.69477e-01 Validation accuracy: 5.67400e-01 Training loss 9.38022e-03 Validation loss 1.31986e-02 Time taken: 1.82 seconds 
Epoch: 51/200 Train accuracy: 6.68823e-01 Validation accuracy: 5.66000e-01 Training loss 9.37306e-03 Validation loss 1.32339e-02 Time taken: 1.71 seconds 
Epoch: 52/200 Train accuracy: 6.69215e-01 Validation accuracy: 5.72000e-01 Training loss 9.35877e-03 Validation loss 1.32090e-02 Time taken: 1.71 seconds 
Epoch: 53/200 Train accuracy: 6.69562e-01 Validation accuracy: 5.71000e-01 Training loss 9.35281e-03 Validation loss 1.31965e-02 Time taken: 1.71 seconds 
Epoch: 54/200 Train accuracy: 6.71715e-01 Validation accuracy: 5.64400e-01 Training loss 9.33231e-03 Validation loss 1.31599e-02 Time taken: 1.70 seconds 
Epoch: 55/200 Train accuracy: 6.69708e-01 Validation accuracy: 5.68400e-01 Training loss 9.32545e-03 Validation loss 1.31303e-02 Time taken: 1.70 seconds 
Epoch: 56/200 Train accuracy: 6.70446e-01 Validation accuracy: 5.66600e-01 Training loss 9.31532e-03 Validation loss 1.31714e-02 Time taken: 1.71 seconds 
Epoch: 57/200 Train accuracy: 6.70946e-01 Validation accuracy: 5.64000e-01 Training loss 9.30969e-03 Validation loss 1.30931e-02 Time taken: 1.71 seconds 
Epoch: 58/200 Train accuracy: 6.71677e-01 Validation accuracy: 5.65400e-01 Training loss 9.29306e-03 Validation loss 1.32004e-02 Time taken: 1.70 seconds 
Epoch: 59/200 Train accuracy: 6.71769e-01 Validation accuracy: 5.65400e-01 Training loss 9.28586e-03 Validation loss 1.31417e-02 Time taken: 1.72 seconds 
Epoch: 60/200 Train accuracy: 6.73192e-01 Validation accuracy: 5.66600e-01 Training loss 9.27006e-03 Validation loss 1.31175e-02 Time taken: 1.71 seconds 
Epoch: 61/200 Train accuracy: 6.72638e-01 Validation accuracy: 5.64800e-01 Training loss 9.26472e-03 Validation loss 1.32196e-02 Time taken: 1.71 seconds 
Epoch: 62/200 Train accuracy: 6.72438e-01 Validation accuracy: 5.68200e-01 Training loss 9.26009e-03 Validation loss 1.31541e-02 Time taken: 1.70 seconds 
Epoch: 63/200 Train accuracy: 6.73985e-01 Validation accuracy: 5.63800e-01 Training loss 9.25050e-03 Validation loss 1.31982e-02 Time taken: 1.82 seconds 
Epoch: 64/200 Train accuracy: 6.73454e-01 Validation accuracy: 5.71200e-01 Training loss 9.24192e-03 Validation loss 1.31216e-02 Time taken: 1.71 seconds 
Epoch: 65/200 Train accuracy: 6.73638e-01 Validation accuracy: 5.68800e-01 Training loss 9.23337e-03 Validation loss 1.31717e-02 Time taken: 1.71 seconds 
Epoch: 66/200 Train accuracy: 6.74554e-01 Validation accuracy: 5.68600e-01 Training loss 9.22761e-03 Validation loss 1.31424e-02 Time taken: 1.71 seconds 
Epoch: 67/200 Train accuracy: 6.73762e-01 Validation accuracy: 5.72400e-01 Training loss 9.22309e-03 Validation loss 1.31471e-02 Time taken: 1.71 seconds 
Epoch: 68/200 Train accuracy: 6.74208e-01 Validation accuracy: 5.70000e-01 Training loss 9.21155e-03 Validation loss 1.32076e-02 Time taken: 1.71 seconds 
Epoch: 69/200 Train accuracy: 6.74392e-01 Validation accuracy: 5.68400e-01 Training loss 9.20863e-03 Validation loss 1.31388e-02 Time taken: 1.71 seconds 
Epoch: 70/200 Train accuracy: 6.75346e-01 Validation accuracy: 5.63000e-01 Training loss 9.19643e-03 Validation loss 1.31880e-02 Time taken: 1.70 seconds 
Epoch: 71/200 Train accuracy: 6.74477e-01 Validation accuracy: 5.63200e-01 Training loss 9.19546e-03 Validation loss 1.31737e-02 Time taken: 1.71 seconds 
Epoch: 72/200 Train accuracy: 6.75738e-01 Validation accuracy: 5.63600e-01 Training loss 9.18547e-03 Validation loss 1.31702e-02 Time taken: 1.71 seconds 
Epoch: 73/200 Train accuracy: 6.74846e-01 Validation accuracy: 5.69800e-01 Training loss 9.17880e-03 Validation loss 1.31225e-02 Time taken: 1.82 seconds 
Epoch: 74/200 Train accuracy: 6.76346e-01 Validation accuracy: 5.67400e-01 Training loss 9.16872e-03 Validation loss 1.31032e-02 Time taken: 1.74 seconds 
Epoch: 75/200 Train accuracy: 6.75062e-01 Validation accuracy: 5.65800e-01 Training loss 9.16382e-03 Validation loss 1.31100e-02 Time taken: 1.70 seconds 
Epoch: 76/200 Train accuracy: 6.75377e-01 Validation accuracy: 5.74000e-01 Training loss 9.16419e-03 Validation loss 1.31300e-02 Time taken: 1.70 seconds 
Epoch: 77/200 Train accuracy: 6.76169e-01 Validation accuracy: 5.60000e-01 Training loss 9.15232e-03 Validation loss 1.31714e-02 Time taken: 1.70 seconds 
Epoch: 78/200 Train accuracy: 6.76462e-01 Validation accuracy: 5.67800e-01 Training loss 9.14824e-03 Validation loss 1.31948e-02 Time taken: 1.71 seconds 
Epoch: 79/200 Train accuracy: 6.76900e-01 Validation accuracy: 5.72000e-01 Training loss 9.14408e-03 Validation loss 1.31325e-02 Time taken: 1.70 seconds 
Epoch: 80/200 Train accuracy: 6.76562e-01 Validation accuracy: 5.70200e-01 Training loss 9.13717e-03 Validation loss 1.30879e-02 Time taken: 1.72 seconds 
Epoch: 81/200 Train accuracy: 6.76692e-01 Validation accuracy: 5.68600e-01 Training loss 9.13029e-03 Validation loss 1.30940e-02 Time taken: 2.48 seconds 
Epoch: 82/200 Train accuracy: 6.77438e-01 Validation accuracy: 5.72800e-01 Training loss 9.12319e-03 Validation loss 1.32132e-02 Time taken: 3.03 seconds 
Epoch: 83/200 Train accuracy: 6.77377e-01 Validation accuracy: 5.68200e-01 Training loss 9.12317e-03 Validation loss 1.31419e-02 Time taken: 1.69 seconds 
Epoch: 84/200 Train accuracy: 6.76392e-01 Validation accuracy: 5.67400e-01 Training loss 9.11588e-03 Validation loss 1.31100e-02 Time taken: 1.81 seconds 
Epoch: 85/200 Train accuracy: 6.77277e-01 Validation accuracy: 5.66800e-01 Training loss 9.10511e-03 Validation loss 1.31552e-02 Time taken: 1.71 seconds 
Epoch: 86/200 Train accuracy: 6.78100e-01 Validation accuracy: 5.71800e-01 Training loss 9.11123e-03 Validation loss 1.31477e-02 Time taken: 1.69 seconds 
Epoch: 87/200 Train accuracy: 6.77685e-01 Validation accuracy: 5.68000e-01 Training loss 9.09994e-03 Validation loss 1.31375e-02 Time taken: 1.70 seconds 
Epoch: 88/200 Train accuracy: 6.77785e-01 Validation accuracy: 5.69200e-01 Training loss 9.09764e-03 Validation loss 1.31099e-02 Time taken: 1.70 seconds 
Epoch: 89/200 Train accuracy: 6.79038e-01 Validation accuracy: 5.69800e-01 Training loss 9.09039e-03 Validation loss 1.31790e-02 Time taken: 1.74 seconds 
Epoch: 90/200 Train accuracy: 6.77838e-01 Validation accuracy: 5.69200e-01 Training loss 9.08608e-03 Validation loss 1.31695e-02 Time taken: 1.69 seconds 
Epoch: 91/200 Train accuracy: 6.77654e-01 Validation accuracy: 5.66800e-01 Training loss 9.08584e-03 Validation loss 1.30907e-02 Time taken: 1.69 seconds 
Epoch: 92/200 Train accuracy: 6.78900e-01 Validation accuracy: 5.67200e-01 Training loss 9.07991e-03 Validation loss 1.31106e-02 Time taken: 1.70 seconds 
Epoch: 93/200 Train accuracy: 6.78731e-01 Validation accuracy: 5.68800e-01 Training loss 9.06822e-03 Validation loss 1.31246e-02 Time taken: 1.70 seconds 
Epoch: 94/200 Train accuracy: 6.78769e-01 Validation accuracy: 5.68000e-01 Training loss 9.06985e-03 Validation loss 1.31423e-02 Time taken: 1.82 seconds 
Epoch: 95/200 Train accuracy: 6.78846e-01 Validation accuracy: 5.69200e-01 Training loss 9.07572e-03 Validation loss 1.31306e-02 Time taken: 1.82 seconds 
Epoch: 96/200 Train accuracy: 6.79138e-01 Validation accuracy: 5.67000e-01 Training loss 9.06572e-03 Validation loss 1.31324e-02 Time taken: 1.72 seconds 
Epoch: 97/200 Train accuracy: 6.79931e-01 Validation accuracy: 5.65000e-01 Training loss 9.05516e-03 Validation loss 1.31765e-02 Time taken: 1.71 seconds 
Epoch: 98/200 Train accuracy: 6.79346e-01 Validation accuracy: 5.65400e-01 Training loss 9.06245e-03 Validation loss 1.31273e-02 Time taken: 1.72 seconds 
Epoch: 99/200 Train accuracy: 6.78938e-01 Validation accuracy: 5.68600e-01 Training loss 9.05076e-03 Validation loss 1.30566e-02 Time taken: 1.71 seconds 
Epoch: 100/200 Train accuracy: 6.80700e-01 Validation accuracy: 5.75200e-01 Training loss 9.04990e-03 Validation loss 1.31087e-02 Time taken: 1.82 seconds 
Epoch: 101/200 Train accuracy: 6.79900e-01 Validation accuracy: 5.71400e-01 Training loss 9.04132e-03 Validation loss 1.30776e-02 Time taken: 1.69 seconds 
Epoch: 102/200 Train accuracy: 6.79246e-01 Validation accuracy: 5.64800e-01 Training loss 9.04333e-03 Validation loss 1.31832e-02 Time taken: 1.70 seconds 
Epoch: 103/200 Train accuracy: 6.79669e-01 Validation accuracy: 5.71200e-01 Training loss 9.04023e-03 Validation loss 1.31165e-02 Time taken: 2.34 seconds 
Epoch: 104/200 Train accuracy: 6.79562e-01 Validation accuracy: 5.70400e-01 Training loss 9.03435e-03 Validation loss 1.30757e-02 Time taken: 1.70 seconds 
Epoch: 105/200 Train accuracy: 6.79923e-01 Validation accuracy: 5.72000e-01 Training loss 9.02973e-03 Validation loss 1.31497e-02 Time taken: 2.50 seconds 
Epoch: 106/200 Train accuracy: 6.81185e-01 Validation accuracy: 5.67400e-01 Training loss 9.03125e-03 Validation loss 1.31766e-02 Time taken: 1.70 seconds 
Epoch: 107/200 Train accuracy: 6.79915e-01 Validation accuracy: 5.71200e-01 Training loss 9.02317e-03 Validation loss 1.31593e-02 Time taken: 1.70 seconds 
Epoch: 108/200 Train accuracy: 6.81054e-01 Validation accuracy: 5.68200e-01 Training loss 9.02521e-03 Validation loss 1.31056e-02 Time taken: 1.70 seconds 
Epoch: 109/200 Train accuracy: 6.79954e-01 Validation accuracy: 5.69400e-01 Training loss 9.02045e-03 Validation loss 1.31780e-02 Time taken: 1.71 seconds 
Epoch: 110/200 Train accuracy: 6.80708e-01 Validation accuracy: 5.67800e-01 Training loss 9.01571e-03 Validation loss 1.30564e-02 Time taken: 1.84 seconds 
Epoch: 111/200 Train accuracy: 6.79908e-01 Validation accuracy: 5.71400e-01 Training loss 9.01319e-03 Validation loss 1.31638e-02 Time taken: 1.71 seconds 
Epoch: 112/200 Train accuracy: 6.81046e-01 Validation accuracy: 5.74400e-01 Training loss 9.01131e-03 Validation loss 1.30767e-02 Time taken: 1.71 seconds 
Epoch: 113/200 Train accuracy: 6.80554e-01 Validation accuracy: 5.67000e-01 Training loss 9.01241e-03 Validation loss 1.31249e-02 Time taken: 1.71 seconds 
Epoch: 114/200 Train accuracy: 6.81369e-01 Validation accuracy: 5.74400e-01 Training loss 9.00649e-03 Validation loss 1.31358e-02 Time taken: 1.77 seconds 
Epoch: 115/200 Train accuracy: 6.80969e-01 Validation accuracy: 5.66800e-01 Training loss 8.99994e-03 Validation loss 1.31457e-02 Time taken: 1.70 seconds 
Epoch: 116/200 Train accuracy: 6.80846e-01 Validation accuracy: 5.69000e-01 Training loss 9.00318e-03 Validation loss 1.30907e-02 Time taken: 1.70 seconds 
Epoch: 117/200 Train accuracy: 6.81369e-01 Validation accuracy: 5.69800e-01 Training loss 8.99508e-03 Validation loss 1.31374e-02 Time taken: 1.71 seconds 
Epoch: 118/200 Train accuracy: 6.81446e-01 Validation accuracy: 5.66400e-01 Training loss 8.99244e-03 Validation loss 1.31608e-02 Time taken: 1.70 seconds 
Epoch: 119/200 Train accuracy: 6.80508e-01 Validation accuracy: 5.64200e-01 Training loss 8.99493e-03 Validation loss 1.31013e-02 Time taken: 1.81 seconds 
Epoch: 120/200 Train accuracy: 6.81800e-01 Validation accuracy: 5.70600e-01 Training loss 8.99148e-03 Validation loss 1.31463e-02 Time taken: 1.71 seconds 
Epoch: 121/200 Train accuracy: 6.82446e-01 Validation accuracy: 5.72200e-01 Training loss 8.98265e-03 Validation loss 1.31413e-02 Time taken: 1.70 seconds 
Epoch: 122/200 Train accuracy: 6.81600e-01 Validation accuracy: 5.68400e-01 Training loss 8.98542e-03 Validation loss 1.31025e-02 Time taken: 1.70 seconds 
Epoch: 123/200 Train accuracy: 6.81915e-01 Validation accuracy: 5.73400e-01 Training loss 8.98336e-03 Validation loss 1.30858e-02 Time taken: 1.70 seconds 
Epoch: 124/200 Train accuracy: 6.81700e-01 Validation accuracy: 5.67800e-01 Training loss 8.97942e-03 Validation loss 1.31132e-02 Time taken: 1.70 seconds 
Epoch: 125/200 Train accuracy: 6.82108e-01 Validation accuracy: 5.69400e-01 Training loss 8.97710e-03 Validation loss 1.30996e-02 Time taken: 1.72 seconds 
Epoch: 126/200 Train accuracy: 6.81808e-01 Validation accuracy: 5.67400e-01 Training loss 8.98007e-03 Validation loss 1.31333e-02 Time taken: 1.72 seconds 
Epoch: 127/200 Train accuracy: 6.82777e-01 Validation accuracy: 5.71200e-01 Training loss 8.97773e-03 Validation loss 1.30682e-02 Time taken: 2.06 seconds 
Epoch: 128/200 Train accuracy: 6.83185e-01 Validation accuracy: 5.64000e-01 Training loss 8.97005e-03 Validation loss 1.30974e-02 Time taken: 1.80 seconds 
Epoch: 129/200 Train accuracy: 6.83223e-01 Validation accuracy: 5.70800e-01 Training loss 8.96954e-03 Validation loss 1.30465e-02 Time taken: 1.72 seconds 
Epoch: 130/200 Train accuracy: 6.82515e-01 Validation accuracy: 5.73600e-01 Training loss 8.96603e-03 Validation loss 1.30888e-02 Time taken: 1.72 seconds 
Epoch: 131/200 Train accuracy: 6.81923e-01 Validation accuracy: 5.66400e-01 Training loss 8.96714e-03 Validation loss 1.31645e-02 Time taken: 1.72 seconds 
Epoch: 132/200 Train accuracy: 6.82869e-01 Validation accuracy: 5.70600e-01 Training loss 8.96642e-03 Validation loss 1.29918e-02 Time taken: 1.72 seconds 
Epoch: 133/200 Train accuracy: 6.82508e-01 Validation accuracy: 5.68400e-01 Training loss 8.95997e-03 Validation loss 1.31636e-02 Time taken: 1.72 seconds 
Epoch: 134/200 Train accuracy: 6.83085e-01 Validation accuracy: 5.67400e-01 Training loss 8.96024e-03 Validation loss 1.30988e-02 Time taken: 1.71 seconds 
Epoch: 135/200 Train accuracy: 6.82654e-01 Validation accuracy: 5.69400e-01 Training loss 8.95674e-03 Validation loss 1.30873e-02 Time taken: 1.71 seconds 
Epoch: 136/200 Train accuracy: 6.82492e-01 Validation accuracy: 5.69000e-01 Training loss 8.95645e-03 Validation loss 1.31041e-02 Time taken: 1.70 seconds 
Epoch: 137/200 Train accuracy: 6.81800e-01 Validation accuracy: 5.68400e-01 Training loss 8.95881e-03 Validation loss 1.30975e-02 Time taken: 1.70 seconds 
Epoch: 138/200 Train accuracy: 6.82562e-01 Validation accuracy: 5.68400e-01 Training loss 8.95401e-03 Validation loss 1.30952e-02 Time taken: 1.71 seconds 
Epoch: 139/200 Train accuracy: 6.82877e-01 Validation accuracy: 5.71000e-01 Training loss 8.95378e-03 Validation loss 1.30537e-02 Time taken: 1.78 seconds 
Epoch: 140/200 Train accuracy: 6.83638e-01 Validation accuracy: 5.71600e-01 Training loss 8.95049e-03 Validation loss 1.31190e-02 Time taken: 1.72 seconds 
Epoch: 141/200 Train accuracy: 6.82815e-01 Validation accuracy: 5.69800e-01 Training loss 8.94624e-03 Validation loss 1.31476e-02 Time taken: 1.71 seconds 
Epoch: 142/200 Train accuracy: 6.83254e-01 Validation accuracy: 5.63600e-01 Training loss 8.94337e-03 Validation loss 1.30949e-02 Time taken: 1.75 seconds 
Epoch: 143/200 Train accuracy: 6.83162e-01 Validation accuracy: 5.66000e-01 Training loss 8.94417e-03 Validation loss 1.31110e-02 Time taken: 1.72 seconds 
Epoch: 144/200 Train accuracy: 6.84015e-01 Validation accuracy: 5.69400e-01 Training loss 8.94143e-03 Validation loss 1.31822e-02 Time taken: 1.71 seconds 
Epoch: 145/200 Train accuracy: 6.83308e-01 Validation accuracy: 5.64400e-01 Training loss 8.94376e-03 Validation loss 1.31427e-02 Time taken: 1.71 seconds 
Epoch: 146/200 Train accuracy: 6.83146e-01 Validation accuracy: 5.70400e-01 Training loss 8.94479e-03 Validation loss 1.31095e-02 Time taken: 1.72 seconds 
Epoch: 147/200 Train accuracy: 6.83954e-01 Validation accuracy: 5.66000e-01 Training loss 8.94030e-03 Validation loss 1.31090e-02 Time taken: 1.72 seconds 
Epoch: 148/200 Train accuracy: 6.83677e-01 Validation accuracy: 5.70800e-01 Training loss 8.93219e-03 Validation loss 1.30649e-02 Time taken: 1.73 seconds 
Epoch: 149/200 Train accuracy: 6.83392e-01 Validation accuracy: 5.69200e-01 Training loss 8.93940e-03 Validation loss 1.30620e-02 Time taken: 1.72 seconds 
Epoch: 150/200 Train accuracy: 6.84308e-01 Validation accuracy: 5.74200e-01 Training loss 8.93373e-03 Validation loss 1.30181e-02 Time taken: 1.71 seconds 
Epoch: 151/200 Train accuracy: 6.83269e-01 Validation accuracy: 5.71000e-01 Training loss 8.93809e-03 Validation loss 1.31130e-02 Time taken: 1.72 seconds 
Epoch: 152/200 Train accuracy: 6.83162e-01 Validation accuracy: 5.70600e-01 Training loss 8.93487e-03 Validation loss 1.31034e-02 Time taken: 1.73 seconds 
Epoch: 153/200 Train accuracy: 6.83785e-01 Validation accuracy: 5.73400e-01 Training loss 8.92736e-03 Validation loss 1.30466e-02 Time taken: 1.72 seconds 
Epoch: 154/200 Train accuracy: 6.83185e-01 Validation accuracy: 5.68800e-01 Training loss 8.93208e-03 Validation loss 1.30990e-02 Time taken: 1.73 seconds 
Epoch: 155/200 Train accuracy: 6.84169e-01 Validation accuracy: 5.71800e-01 Training loss 8.93179e-03 Validation loss 1.30820e-02 Time taken: 2.44 seconds 
Epoch: 156/200 Train accuracy: 6.84277e-01 Validation accuracy: 5.71000e-01 Training loss 8.92496e-03 Validation loss 1.30320e-02 Time taken: 2.18 seconds 
Epoch: 157/200 Train accuracy: 6.82438e-01 Validation accuracy: 5.68800e-01 Training loss 8.93010e-03 Validation loss 1.31017e-02 Time taken: 1.75 seconds 
Epoch: 158/200 Train accuracy: 6.84508e-01 Validation accuracy: 5.69000e-01 Training loss 8.92263e-03 Validation loss 1.31288e-02 Time taken: 1.74 seconds 
Epoch: 159/200 Train accuracy: 6.83992e-01 Validation accuracy: 5.67400e-01 Training loss 8.92148e-03 Validation loss 1.30488e-02 Time taken: 1.74 seconds 
Epoch: 160/200 Train accuracy: 6.83938e-01 Validation accuracy: 5.67600e-01 Training loss 8.92014e-03 Validation loss 1.31030e-02 Time taken: 1.72 seconds 
Epoch: 161/200 Train accuracy: 6.84554e-01 Validation accuracy: 5.72000e-01 Training loss 8.91994e-03 Validation loss 1.30278e-02 Time taken: 1.74 seconds 
Epoch: 162/200 Train accuracy: 6.84246e-01 Validation accuracy: 5.70400e-01 Training loss 8.92070e-03 Validation loss 1.31177e-02 Time taken: 1.83 seconds 
Epoch: 163/200 Train accuracy: 6.84323e-01 Validation accuracy: 5.71400e-01 Training loss 8.91245e-03 Validation loss 1.30905e-02 Time taken: 1.79 seconds 
Epoch: 164/200 Train accuracy: 6.84138e-01 Validation accuracy: 5.68000e-01 Training loss 8.91665e-03 Validation loss 1.30931e-02 Time taken: 1.72 seconds 
Epoch: 165/200 Train accuracy: 6.82854e-01 Validation accuracy: 5.71000e-01 Training loss 8.91425e-03 Validation loss 1.30999e-02 Time taken: 1.74 seconds 
Epoch: 166/200 Train accuracy: 6.84508e-01 Validation accuracy: 5.69400e-01 Training loss 8.90729e-03 Validation loss 1.31319e-02 Time taken: 1.89 seconds 
Epoch: 167/200 Train accuracy: 6.84523e-01 Validation accuracy: 5.70600e-01 Training loss 8.90871e-03 Validation loss 1.30434e-02 Time taken: 1.79 seconds 
Epoch: 168/200 Train accuracy: 6.83677e-01 Validation accuracy: 5.69400e-01 Training loss 8.91328e-03 Validation loss 1.31398e-02 Time taken: 1.74 seconds 
Epoch: 169/200 Train accuracy: 6.83469e-01 Validation accuracy: 5.71400e-01 Training loss 8.90809e-03 Validation loss 1.30194e-02 Time taken: 1.74 seconds 
Epoch: 170/200 Train accuracy: 6.84046e-01 Validation accuracy: 5.72600e-01 Training loss 8.90858e-03 Validation loss 1.30741e-02 Time taken: 1.75 seconds 
Epoch: 171/200 Train accuracy: 6.83738e-01 Validation accuracy: 5.67800e-01 Training loss 8.91043e-03 Validation loss 1.31029e-02 Time taken: 1.73 seconds 
Epoch: 172/200 Train accuracy: 6.83923e-01 Validation accuracy: 5.68000e-01 Training loss 8.90951e-03 Validation loss 1.30564e-02 Time taken: 1.73 seconds 
Epoch: 173/200 Train accuracy: 6.84731e-01 Validation accuracy: 5.68400e-01 Training loss 8.90958e-03 Validation loss 1.31016e-02 Time taken: 1.73 seconds 
Epoch: 174/200 Train accuracy: 6.84438e-01 Validation accuracy: 5.70000e-01 Training loss 8.90568e-03 Validation loss 1.31343e-02 Time taken: 1.74 seconds 
Epoch: 175/200 Train accuracy: 6.84046e-01 Validation accuracy: 5.68200e-01 Training loss 8.90283e-03 Validation loss 1.31063e-02 Time taken: 1.73 seconds 
Epoch: 176/200 Train accuracy: 6.84954e-01 Validation accuracy: 5.68400e-01 Training loss 8.90361e-03 Validation loss 1.30843e-02 Time taken: 1.74 seconds 
Epoch: 177/200 Train accuracy: 6.84246e-01 Validation accuracy: 5.65400e-01 Training loss 8.90398e-03 Validation loss 1.31286e-02 Time taken: 1.86 seconds 
Epoch: 178/200 Train accuracy: 6.84046e-01 Validation accuracy: 5.68800e-01 Training loss 8.90222e-03 Validation loss 1.30177e-02 Time taken: 1.75 seconds 
Epoch: 179/200 Train accuracy: 6.85169e-01 Validation accuracy: 5.72800e-01 Training loss 8.89671e-03 Validation loss 1.30601e-02 Time taken: 1.74 seconds 
Epoch: 180/200 Train accuracy: 6.84538e-01 Validation accuracy: 5.67400e-01 Training loss 8.89993e-03 Validation loss 1.30507e-02 Time taken: 1.74 seconds 
Epoch: 181/200 Train accuracy: 6.83923e-01 Validation accuracy: 5.72000e-01 Training loss 8.89740e-03 Validation loss 1.30471e-02 Time taken: 1.74 seconds 
Epoch: 182/200 Train accuracy: 6.84954e-01 Validation accuracy: 5.74400e-01 Training loss 8.89896e-03 Validation loss 1.30540e-02 Time taken: 1.76 seconds 
Epoch: 183/200 Train accuracy: 6.84023e-01 Validation accuracy: 5.67800e-01 Training loss 8.89843e-03 Validation loss 1.31168e-02 Time taken: 1.74 seconds 
Epoch: 184/200 Train accuracy: 6.84331e-01 Validation accuracy: 5.69000e-01 Training loss 8.89943e-03 Validation loss 1.30518e-02 Time taken: 1.73 seconds 
Epoch: 185/200 Train accuracy: 6.84538e-01 Validation accuracy: 5.69800e-01 Training loss 8.89874e-03 Validation loss 1.30564e-02 Time taken: 1.84 seconds 
Epoch: 186/200 Train accuracy: 6.85177e-01 Validation accuracy: 5.64600e-01 Training loss 8.89596e-03 Validation loss 1.30755e-02 Time taken: 1.79 seconds 
Epoch: 187/200 Train accuracy: 6.84415e-01 Validation accuracy: 5.66600e-01 Training loss 8.89495e-03 Validation loss 1.31072e-02 Time taken: 1.74 seconds 
Epoch: 188/200 Train accuracy: 6.84531e-01 Validation accuracy: 5.73400e-01 Training loss 8.90267e-03 Validation loss 1.30650e-02 Time taken: 1.74 seconds 
Epoch: 189/200 Train accuracy: 6.84492e-01 Validation accuracy: 5.67200e-01 Training loss 8.89590e-03 Validation loss 1.30863e-02 Time taken: 1.75 seconds 
Epoch: 190/200 Train accuracy: 6.84054e-01 Validation accuracy: 5.72200e-01 Training loss 8.89111e-03 Validation loss 1.30262e-02 Time taken: 1.74 seconds 
Epoch: 191/200 Train accuracy: 6.84908e-01 Validation accuracy: 5.74200e-01 Training loss 8.88622e-03 Validation loss 1.31063e-02 Time taken: 1.74 seconds 
Epoch: 192/200 Train accuracy: 6.84792e-01 Validation accuracy: 5.73000e-01 Training loss 8.89372e-03 Validation loss 1.30791e-02 Time taken: 1.74 seconds 
Epoch: 193/200 Train accuracy: 6.85154e-01 Validation accuracy: 5.71600e-01 Training loss 8.88474e-03 Validation loss 1.31744e-02 Time taken: 1.86 seconds 
Epoch: 194/200 Train accuracy: 6.84231e-01 Validation accuracy: 5.73600e-01 Training loss 8.88923e-03 Validation loss 1.30626e-02 Time taken: 1.74 seconds 
Epoch: 195/200 Train accuracy: 6.84677e-01 Validation accuracy: 5.68600e-01 Training loss 8.88856e-03 Validation loss 1.30255e-02 Time taken: 1.73 seconds 
Epoch: 196/200 Train accuracy: 6.85069e-01 Validation accuracy: 5.69800e-01 Training loss 8.88583e-03 Validation loss 1.30995e-02 Time taken: 1.73 seconds 
Epoch: 197/200 Train accuracy: 6.84869e-01 Validation accuracy: 5.73600e-01 Training loss 8.88304e-03 Validation loss 1.30824e-02 Time taken: 1.93 seconds 
Epoch: 198/200 Train accuracy: 6.85123e-01 Validation accuracy: 5.69200e-01 Training loss 8.89368e-03 Validation loss 1.30747e-02 Time taken: 1.84 seconds 
Epoch: 199/200 Train accuracy: 6.86046e-01 Validation accuracy: 5.72000e-01 Training loss 8.88421e-03 Validation loss 1.30321e-02 Time taken: 1.74 seconds 
Epoch: 200/200 Train accuracy: 6.85154e-01 Validation accuracy: 5.65400e-01 Training loss 8.88373e-03 Validation loss 1.30850e-02 Time taken: 1.74 seconds 
Total time taken 0:05:55.731036
Cleaning up intermediate feature (.pt) files
Done


working on file logs_IN100/in100-vitb16-l2-ep300-bs384-w80/jepa-in100-ep300.pth.tar ...
Directory logs_IN100/in100-vitb16-l2-ep300-bs384-w80/classifiers for saving the classifiers is now present
VisionTransformer(
  (patch_embed): PatchEmbed(
    (proj): Conv2d(3, 768, kernel_size=(16, 16), stride=(16, 16))
  )
  (blocks): ModuleList(
    (0-11): 12 x Block(
      (norm1): LayerNorm((768,), eps=1e-06, elementwise_affine=True)
      (attn): Attention(
        (qkv): Linear(in_features=768, out_features=2304, bias=True)
        (attn_drop): Dropout(p=0.0, inplace=False)
        (proj): Linear(in_features=768, out_features=768, bias=True)
        (proj_drop): Dropout(p=0.0, inplace=False)
      )
      (drop_path): Identity()
      (norm2): LayerNorm((768,), eps=1e-06, elementwise_affine=True)
      (mlp): MLP(
        (fc1): Linear(in_features=768, out_features=3072, bias=True)
        (act): GELU(approximate='none')
        (fc2): Linear(in_features=3072, out_features=768, bias=True)
        (drop): Dropout(p=0.0, inplace=False)
      )
    )
  )
  (norm): LayerNorm((768,), eps=1e-06, elementwise_affine=True)
)
Extracting features and saving them in memory..
Extracting features...
Epoch: 1/200 Train accuracy: 4.25777e-01 Validation accuracy: 4.61200e-01 Training loss 1.84961e-02 Validation loss 1.67314e-02 Time taken: 2.02 seconds 
Epoch: 2/200 Train accuracy: 5.59915e-01 Validation accuracy: 5.07000e-01 Training loss 1.31495e-02 Validation loss 1.53717e-02 Time taken: 1.72 seconds 
Epoch: 3/200 Train accuracy: 5.91569e-01 Validation accuracy: 5.12600e-01 Training loss 1.20315e-02 Validation loss 1.47784e-02 Time taken: 1.68 seconds 
Epoch: 4/200 Train accuracy: 6.09300e-01 Validation accuracy: 5.27000e-01 Training loss 1.14218e-02 Validation loss 1.44959e-02 Time taken: 1.68 seconds 
Epoch: 5/200 Train accuracy: 6.21531e-01 Validation accuracy: 5.41400e-01 Training loss 1.10136e-02 Validation loss 1.42463e-02 Time taken: 1.68 seconds 
Epoch: 6/200 Train accuracy: 6.29962e-01 Validation accuracy: 5.36400e-01 Training loss 1.06996e-02 Validation loss 1.40864e-02 Time taken: 1.68 seconds 
Epoch: 7/200 Train accuracy: 6.37054e-01 Validation accuracy: 5.45000e-01 Training loss 1.04575e-02 Validation loss 1.40262e-02 Time taken: 1.68 seconds 
Epoch: 8/200 Train accuracy: 6.42646e-01 Validation accuracy: 5.39200e-01 Training loss 1.02699e-02 Validation loss 1.40543e-02 Time taken: 1.73 seconds 
Epoch: 9/200 Train accuracy: 6.48877e-01 Validation accuracy: 5.43000e-01 Training loss 1.01015e-02 Validation loss 1.39376e-02 Time taken: 1.72 seconds 
Epoch: 10/200 Train accuracy: 6.52262e-01 Validation accuracy: 5.39800e-01 Training loss 9.97076e-03 Validation loss 1.38945e-02 Time taken: 1.74 seconds 
Epoch: 11/200 Train accuracy: 6.56046e-01 Validation accuracy: 5.49000e-01 Training loss 9.84400e-03 Validation loss 1.37759e-02 Time taken: 1.82 seconds 
Epoch: 12/200 Train accuracy: 6.59285e-01 Validation accuracy: 5.48200e-01 Training loss 9.74132e-03 Validation loss 1.38177e-02 Time taken: 1.70 seconds 
Epoch: 13/200 Train accuracy: 6.62377e-01 Validation accuracy: 5.48400e-01 Training loss 9.65404e-03 Validation loss 1.37072e-02 Time taken: 1.70 seconds 
Epoch: 14/200 Train accuracy: 6.64608e-01 Validation accuracy: 5.49800e-01 Training loss 9.56816e-03 Validation loss 1.37513e-02 Time taken: 1.73 seconds 
Epoch: 15/200 Train accuracy: 6.67469e-01 Validation accuracy: 5.49600e-01 Training loss 9.48986e-03 Validation loss 1.36734e-02 Time taken: 1.70 seconds 
Epoch: 16/200 Train accuracy: 6.69285e-01 Validation accuracy: 5.48800e-01 Training loss 9.42684e-03 Validation loss 1.35905e-02 Time taken: 1.74 seconds 
Epoch: 17/200 Train accuracy: 6.70315e-01 Validation accuracy: 5.50000e-01 Training loss 9.35230e-03 Validation loss 1.37202e-02 Time taken: 1.71 seconds 
Epoch: 18/200 Train accuracy: 6.71754e-01 Validation accuracy: 5.56800e-01 Training loss 9.29569e-03 Validation loss 1.36062e-02 Time taken: 1.73 seconds 
Epoch: 19/200 Train accuracy: 6.74700e-01 Validation accuracy: 5.55600e-01 Training loss 9.24181e-03 Validation loss 1.35993e-02 Time taken: 1.74 seconds 
Epoch: 20/200 Train accuracy: 6.75815e-01 Validation accuracy: 5.55200e-01 Training loss 9.19329e-03 Validation loss 1.36651e-02 Time taken: 1.74 seconds 
Epoch: 21/200 Train accuracy: 6.77269e-01 Validation accuracy: 5.48000e-01 Training loss 9.15094e-03 Validation loss 1.35390e-02 Time taken: 1.71 seconds 
Epoch: 22/200 Train accuracy: 6.78869e-01 Validation accuracy: 5.48200e-01 Training loss 9.10602e-03 Validation loss 1.36202e-02 Time taken: 1.74 seconds 
Epoch: 23/200 Train accuracy: 6.79462e-01 Validation accuracy: 5.52800e-01 Training loss 9.07194e-03 Validation loss 1.36012e-02 Time taken: 1.71 seconds 
Epoch: 24/200 Train accuracy: 6.80362e-01 Validation accuracy: 5.57800e-01 Training loss 9.03210e-03 Validation loss 1.35437e-02 Time taken: 1.72 seconds 
Epoch: 25/200 Train accuracy: 6.81854e-01 Validation accuracy: 5.54600e-01 Training loss 8.99669e-03 Validation loss 1.36520e-02 Time taken: 1.70 seconds 
Epoch: 26/200 Train accuracy: 6.83069e-01 Validation accuracy: 5.50800e-01 Training loss 8.96860e-03 Validation loss 1.35760e-02 Time taken: 1.69 seconds 
Epoch: 27/200 Train accuracy: 6.84131e-01 Validation accuracy: 5.55800e-01 Training loss 8.93190e-03 Validation loss 1.35775e-02 Time taken: 1.72 seconds 
Epoch: 28/200 Train accuracy: 6.83831e-01 Validation accuracy: 5.51800e-01 Training loss 8.89600e-03 Validation loss 1.35459e-02 Time taken: 1.77 seconds 
Epoch: 29/200 Train accuracy: 6.85569e-01 Validation accuracy: 5.55400e-01 Training loss 8.87545e-03 Validation loss 1.35641e-02 Time taken: 2.03 seconds 
Epoch: 30/200 Train accuracy: 6.85985e-01 Validation accuracy: 5.50400e-01 Training loss 8.84474e-03 Validation loss 1.36143e-02 Time taken: 1.72 seconds 
Epoch: 31/200 Train accuracy: 6.87177e-01 Validation accuracy: 5.49000e-01 Training loss 8.82177e-03 Validation loss 1.35824e-02 Time taken: 1.70 seconds 
Epoch: 32/200 Train accuracy: 6.87892e-01 Validation accuracy: 5.52000e-01 Training loss 8.79876e-03 Validation loss 1.35749e-02 Time taken: 1.75 seconds 
Epoch: 33/200 Train accuracy: 6.88608e-01 Validation accuracy: 5.56600e-01 Training loss 8.77942e-03 Validation loss 1.34994e-02 Time taken: 1.72 seconds 
Epoch: 34/200 Train accuracy: 6.89654e-01 Validation accuracy: 5.51000e-01 Training loss 8.75390e-03 Validation loss 1.35665e-02 Time taken: 1.74 seconds 
Epoch: 35/200 Train accuracy: 6.90246e-01 Validation accuracy: 5.51000e-01 Training loss 8.73744e-03 Validation loss 1.36230e-02 Time taken: 1.80 seconds 
Epoch: 36/200 Train accuracy: 6.90546e-01 Validation accuracy: 5.53000e-01 Training loss 8.70960e-03 Validation loss 1.35963e-02 Time taken: 1.71 seconds 
Epoch: 37/200 Train accuracy: 6.90415e-01 Validation accuracy: 5.54800e-01 Training loss 8.70021e-03 Validation loss 1.34755e-02 Time taken: 1.72 seconds 
Epoch: 38/200 Train accuracy: 6.91808e-01 Validation accuracy: 5.48400e-01 Training loss 8.67389e-03 Validation loss 1.36114e-02 Time taken: 1.72 seconds 
Epoch: 39/200 Train accuracy: 6.92500e-01 Validation accuracy: 5.51600e-01 Training loss 8.66024e-03 Validation loss 1.36213e-02 Time taken: 1.80 seconds 
Epoch: 40/200 Train accuracy: 6.92338e-01 Validation accuracy: 5.56800e-01 Training loss 8.64493e-03 Validation loss 1.35516e-02 Time taken: 1.69 seconds 
Epoch: 41/200 Train accuracy: 6.92608e-01 Validation accuracy: 5.59600e-01 Training loss 8.62779e-03 Validation loss 1.34813e-02 Time taken: 1.68 seconds 
Epoch: 42/200 Train accuracy: 6.93377e-01 Validation accuracy: 5.52800e-01 Training loss 8.61031e-03 Validation loss 1.36480e-02 Time taken: 1.69 seconds 
Epoch: 43/200 Train accuracy: 6.93792e-01 Validation accuracy: 5.51000e-01 Training loss 8.60136e-03 Validation loss 1.36352e-02 Time taken: 1.69 seconds 
Epoch: 44/200 Train accuracy: 6.94600e-01 Validation accuracy: 5.57800e-01 Training loss 8.58720e-03 Validation loss 1.35208e-02 Time taken: 1.70 seconds 
Epoch: 45/200 Train accuracy: 6.94785e-01 Validation accuracy: 5.53400e-01 Training loss 8.57321e-03 Validation loss 1.36274e-02 Time taken: 1.69 seconds 
Epoch: 46/200 Train accuracy: 6.94685e-01 Validation accuracy: 5.47400e-01 Training loss 8.55782e-03 Validation loss 1.35870e-02 Time taken: 1.69 seconds 
Epoch: 47/200 Train accuracy: 6.96138e-01 Validation accuracy: 5.57000e-01 Training loss 8.54380e-03 Validation loss 1.35393e-02 Time taken: 1.69 seconds 
Epoch: 48/200 Train accuracy: 6.96438e-01 Validation accuracy: 5.60800e-01 Training loss 8.53440e-03 Validation loss 1.35493e-02 Time taken: 1.71 seconds 
Epoch: 49/200 Train accuracy: 6.97154e-01 Validation accuracy: 5.54000e-01 Training loss 8.52317e-03 Validation loss 1.35694e-02 Time taken: 2.09 seconds 
Epoch: 50/200 Train accuracy: 6.97146e-01 Validation accuracy: 5.51400e-01 Training loss 8.50379e-03 Validation loss 1.36377e-02 Time taken: 1.75 seconds 
Epoch: 51/200 Train accuracy: 6.97277e-01 Validation accuracy: 5.57200e-01 Training loss 8.49969e-03 Validation loss 1.34994e-02 Time taken: 1.68 seconds 
Epoch: 52/200 Train accuracy: 6.97438e-01 Validation accuracy: 5.58800e-01 Training loss 8.48521e-03 Validation loss 1.35357e-02 Time taken: 1.69 seconds 
Epoch: 53/200 Train accuracy: 6.98077e-01 Validation accuracy: 5.52000e-01 Training loss 8.47464e-03 Validation loss 1.36579e-02 Time taken: 1.70 seconds 
Epoch: 54/200 Train accuracy: 6.98377e-01 Validation accuracy: 5.49400e-01 Training loss 8.46606e-03 Validation loss 1.37167e-02 Time taken: 1.73 seconds 
Epoch: 55/200 Train accuracy: 6.98023e-01 Validation accuracy: 5.55600e-01 Training loss 8.46307e-03 Validation loss 1.37022e-02 Time taken: 1.68 seconds 
Epoch: 56/200 Train accuracy: 6.98500e-01 Validation accuracy: 5.54400e-01 Training loss 8.44465e-03 Validation loss 1.35517e-02 Time taken: 1.69 seconds 
Epoch: 57/200 Train accuracy: 6.98831e-01 Validation accuracy: 5.57600e-01 Training loss 8.43549e-03 Validation loss 1.35980e-02 Time taken: 1.96 seconds 
Epoch: 58/200 Train accuracy: 6.98969e-01 Validation accuracy: 5.57400e-01 Training loss 8.43011e-03 Validation loss 1.35749e-02 Time taken: 1.69 seconds 
Epoch: 59/200 Train accuracy: 7.00069e-01 Validation accuracy: 5.56400e-01 Training loss 8.41455e-03 Validation loss 1.36119e-02 Time taken: 1.69 seconds 
Epoch: 60/200 Train accuracy: 7.00246e-01 Validation accuracy: 5.57800e-01 Training loss 8.41625e-03 Validation loss 1.36474e-02 Time taken: 1.70 seconds 
Epoch: 61/200 Train accuracy: 6.99469e-01 Validation accuracy: 5.55200e-01 Training loss 8.41025e-03 Validation loss 1.36569e-02 Time taken: 1.69 seconds 
Epoch: 62/200 Train accuracy: 6.99346e-01 Validation accuracy: 5.58800e-01 Training loss 8.40265e-03 Validation loss 1.35500e-02 Time taken: 1.69 seconds 
Epoch: 63/200 Train accuracy: 7.00800e-01 Validation accuracy: 5.56800e-01 Training loss 8.38868e-03 Validation loss 1.35953e-02 Time taken: 1.69 seconds 
Epoch: 64/200 Train accuracy: 7.01538e-01 Validation accuracy: 5.55600e-01 Training loss 8.38474e-03 Validation loss 1.36440e-02 Time taken: 1.78 seconds 
Epoch: 65/200 Train accuracy: 7.01877e-01 Validation accuracy: 5.58400e-01 Training loss 8.37455e-03 Validation loss 1.35710e-02 Time taken: 1.70 seconds 
Epoch: 66/200 Train accuracy: 7.01108e-01 Validation accuracy: 5.58000e-01 Training loss 8.36923e-03 Validation loss 1.35802e-02 Time taken: 1.69 seconds 
Epoch: 67/200 Train accuracy: 7.01677e-01 Validation accuracy: 5.56200e-01 Training loss 8.35600e-03 Validation loss 1.35969e-02 Time taken: 1.69 seconds 
Epoch: 68/200 Train accuracy: 7.01723e-01 Validation accuracy: 5.56600e-01 Training loss 8.35480e-03 Validation loss 1.36175e-02 Time taken: 1.69 seconds 
Epoch: 69/200 Train accuracy: 7.01785e-01 Validation accuracy: 5.56400e-01 Training loss 8.35193e-03 Validation loss 1.36182e-02 Time taken: 1.70 seconds 
Epoch: 70/200 Train accuracy: 7.01908e-01 Validation accuracy: 5.54200e-01 Training loss 8.34290e-03 Validation loss 1.36257e-02 Time taken: 1.71 seconds 
Epoch: 71/200 Train accuracy: 7.02269e-01 Validation accuracy: 5.58600e-01 Training loss 8.33833e-03 Validation loss 1.35742e-02 Time taken: 1.70 seconds 
Epoch: 72/200 Train accuracy: 7.03138e-01 Validation accuracy: 5.54000e-01 Training loss 8.32998e-03 Validation loss 1.35212e-02 Time taken: 1.69 seconds 
Epoch: 73/200 Train accuracy: 7.02546e-01 Validation accuracy: 5.57200e-01 Training loss 8.32679e-03 Validation loss 1.35801e-02 Time taken: 1.70 seconds 
Epoch: 74/200 Train accuracy: 7.02546e-01 Validation accuracy: 5.56200e-01 Training loss 8.32435e-03 Validation loss 1.35490e-02 Time taken: 2.22 seconds 
Epoch: 75/200 Train accuracy: 7.03254e-01 Validation accuracy: 5.58200e-01 Training loss 8.31153e-03 Validation loss 1.35674e-02 Time taken: 1.69 seconds 
Epoch: 76/200 Train accuracy: 7.03046e-01 Validation accuracy: 5.55200e-01 Training loss 8.31163e-03 Validation loss 1.36268e-02 Time taken: 1.69 seconds 
Epoch: 77/200 Train accuracy: 7.02685e-01 Validation accuracy: 5.58200e-01 Training loss 8.30487e-03 Validation loss 1.35607e-02 Time taken: 1.68 seconds 
Epoch: 78/200 Train accuracy: 7.02854e-01 Validation accuracy: 5.54800e-01 Training loss 8.30197e-03 Validation loss 1.35555e-02 Time taken: 1.70 seconds 
Epoch: 79/200 Train accuracy: 7.02885e-01 Validation accuracy: 5.55400e-01 Training loss 8.29897e-03 Validation loss 1.35567e-02 Time taken: 1.79 seconds 
Epoch: 80/200 Train accuracy: 7.04200e-01 Validation accuracy: 5.56600e-01 Training loss 8.28376e-03 Validation loss 1.36400e-02 Time taken: 1.70 seconds 
Epoch: 81/200 Train accuracy: 7.03715e-01 Validation accuracy: 5.57000e-01 Training loss 8.28783e-03 Validation loss 1.36341e-02 Time taken: 1.69 seconds 
Epoch: 82/200 Train accuracy: 7.03346e-01 Validation accuracy: 5.57400e-01 Training loss 8.28436e-03 Validation loss 1.35753e-02 Time taken: 1.71 seconds 
Epoch: 83/200 Train accuracy: 7.04531e-01 Validation accuracy: 5.57000e-01 Training loss 8.27912e-03 Validation loss 1.36058e-02 Time taken: 1.69 seconds 
Epoch: 84/200 Train accuracy: 7.04562e-01 Validation accuracy: 5.56400e-01 Training loss 8.27270e-03 Validation loss 1.35294e-02 Time taken: 1.70 seconds 
Epoch: 85/200 Train accuracy: 7.05623e-01 Validation accuracy: 5.58400e-01 Training loss 8.26807e-03 Validation loss 1.36882e-02 Time taken: 1.69 seconds 
Epoch: 86/200 Train accuracy: 7.04115e-01 Validation accuracy: 5.60000e-01 Training loss 8.26925e-03 Validation loss 1.36913e-02 Time taken: 1.79 seconds 
Epoch: 87/200 Train accuracy: 7.04385e-01 Validation accuracy: 5.56800e-01 Training loss 8.26116e-03 Validation loss 1.35677e-02 Time taken: 1.71 seconds 
Epoch: 88/200 Train accuracy: 7.04769e-01 Validation accuracy: 5.56200e-01 Training loss 8.25936e-03 Validation loss 1.35815e-02 Time taken: 1.69 seconds 
Epoch: 89/200 Train accuracy: 7.04731e-01 Validation accuracy: 5.54400e-01 Training loss 8.24705e-03 Validation loss 1.36221e-02 Time taken: 1.69 seconds 
Epoch: 90/200 Train accuracy: 7.04323e-01 Validation accuracy: 5.60200e-01 Training loss 8.24954e-03 Validation loss 1.35421e-02 Time taken: 1.70 seconds 
Epoch: 91/200 Train accuracy: 7.04269e-01 Validation accuracy: 5.57000e-01 Training loss 8.24708e-03 Validation loss 1.36590e-02 Time taken: 1.70 seconds 
Epoch: 92/200 Train accuracy: 7.05146e-01 Validation accuracy: 5.53800e-01 Training loss 8.24080e-03 Validation loss 1.36377e-02 Time taken: 1.70 seconds 
Epoch: 93/200 Train accuracy: 7.05169e-01 Validation accuracy: 5.54800e-01 Training loss 8.24728e-03 Validation loss 1.36584e-02 Time taken: 1.71 seconds 
Epoch: 94/200 Train accuracy: 7.06054e-01 Validation accuracy: 5.55600e-01 Training loss 8.23653e-03 Validation loss 1.36124e-02 Time taken: 1.69 seconds 
Epoch: 95/200 Train accuracy: 7.05292e-01 Validation accuracy: 5.55000e-01 Training loss 8.23994e-03 Validation loss 1.37276e-02 Time taken: 2.78 seconds 
Epoch: 96/200 Train accuracy: 7.04792e-01 Validation accuracy: 5.60600e-01 Training loss 8.23121e-03 Validation loss 1.35592e-02 Time taken: 3.66 seconds 
Epoch: 97/200 Train accuracy: 7.05154e-01 Validation accuracy: 5.58800e-01 Training loss 8.22951e-03 Validation loss 1.36199e-02 Time taken: 3.34 seconds 
Epoch: 98/200 Train accuracy: 7.05723e-01 Validation accuracy: 5.57200e-01 Training loss 8.22265e-03 Validation loss 1.35768e-02 Time taken: 1.88 seconds 
Epoch: 99/200 Train accuracy: 7.05308e-01 Validation accuracy: 5.56400e-01 Training loss 8.22485e-03 Validation loss 1.35713e-02 Time taken: 2.23 seconds 
Epoch: 100/200 Train accuracy: 7.06108e-01 Validation accuracy: 5.59000e-01 Training loss 8.22308e-03 Validation loss 1.35770e-02 Time taken: 1.75 seconds 
Epoch: 101/200 Train accuracy: 7.05677e-01 Validation accuracy: 5.60200e-01 Training loss 8.21345e-03 Validation loss 1.35700e-02 Time taken: 1.77 seconds 
Epoch: 102/200 Train accuracy: 7.05515e-01 Validation accuracy: 5.58400e-01 Training loss 8.21737e-03 Validation loss 1.36109e-02 Time taken: 1.77 seconds 
Epoch: 103/200 Train accuracy: 7.06015e-01 Validation accuracy: 5.54800e-01 Training loss 8.21011e-03 Validation loss 1.36723e-02 Time taken: 1.76 seconds 
Epoch: 104/200 Train accuracy: 7.06885e-01 Validation accuracy: 5.55800e-01 Training loss 8.20742e-03 Validation loss 1.35976e-02 Time taken: 1.77 seconds 
Epoch: 105/200 Train accuracy: 7.07192e-01 Validation accuracy: 5.56200e-01 Training loss 8.20200e-03 Validation loss 1.36580e-02 Time taken: 1.74 seconds 
Epoch: 106/200 Train accuracy: 7.05985e-01 Validation accuracy: 5.55800e-01 Training loss 8.20641e-03 Validation loss 1.36150e-02 Time taken: 1.74 seconds 
Epoch: 107/200 Train accuracy: 7.07069e-01 Validation accuracy: 5.59400e-01 Training loss 8.20256e-03 Validation loss 1.36769e-02 Time taken: 1.77 seconds 
Epoch: 108/200 Train accuracy: 7.06754e-01 Validation accuracy: 5.60600e-01 Training loss 8.20214e-03 Validation loss 1.37628e-02 Time taken: 1.75 seconds 
Epoch: 109/200 Train accuracy: 7.07000e-01 Validation accuracy: 5.55400e-01 Training loss 8.19841e-03 Validation loss 1.36188e-02 Time taken: 1.75 seconds 
Epoch: 110/200 Train accuracy: 7.06938e-01 Validation accuracy: 5.56800e-01 Training loss 8.19259e-03 Validation loss 1.36340e-02 Time taken: 2.53 seconds 
Epoch: 111/200 Train accuracy: 7.07377e-01 Validation accuracy: 5.56600e-01 Training loss 8.19328e-03 Validation loss 1.36410e-02 Time taken: 2.77 seconds 
Epoch: 112/200 Train accuracy: 7.06654e-01 Validation accuracy: 5.52400e-01 Training loss 8.19222e-03 Validation loss 1.36601e-02 Time taken: 1.74 seconds 
Epoch: 113/200 Train accuracy: 7.06408e-01 Validation accuracy: 5.55800e-01 Training loss 8.19047e-03 Validation loss 1.36282e-02 Time taken: 1.74 seconds 
Epoch: 114/200 Train accuracy: 7.06485e-01 Validation accuracy: 5.60000e-01 Training loss 8.18142e-03 Validation loss 1.36400e-02 Time taken: 1.74 seconds 
Epoch: 115/200 Train accuracy: 7.07731e-01 Validation accuracy: 5.56400e-01 Training loss 8.17758e-03 Validation loss 1.36064e-02 Time taken: 1.80 seconds 
Epoch: 116/200 Train accuracy: 7.06585e-01 Validation accuracy: 5.59600e-01 Training loss 8.18240e-03 Validation loss 1.35637e-02 Time taken: 1.77 seconds 
Epoch: 117/200 Train accuracy: 7.07369e-01 Validation accuracy: 5.54600e-01 Training loss 8.18003e-03 Validation loss 1.35340e-02 Time taken: 1.74 seconds 
Epoch: 118/200 Train accuracy: 7.06700e-01 Validation accuracy: 5.60400e-01 Training loss 8.17595e-03 Validation loss 1.36397e-02 Time taken: 1.76 seconds 
Epoch: 119/200 Train accuracy: 7.06800e-01 Validation accuracy: 5.58400e-01 Training loss 8.18062e-03 Validation loss 1.36270e-02 Time taken: 1.75 seconds 
Epoch: 120/200 Train accuracy: 7.07038e-01 Validation accuracy: 5.53800e-01 Training loss 8.17510e-03 Validation loss 1.36712e-02 Time taken: 1.73 seconds 
Epoch: 121/200 Train accuracy: 7.07100e-01 Validation accuracy: 5.55800e-01 Training loss 8.16857e-03 Validation loss 1.35881e-02 Time taken: 1.74 seconds 
Epoch: 122/200 Train accuracy: 7.06600e-01 Validation accuracy: 5.58200e-01 Training loss 8.17534e-03 Validation loss 1.36603e-02 Time taken: 1.73 seconds 
Epoch: 123/200 Train accuracy: 7.07492e-01 Validation accuracy: 5.59800e-01 Training loss 8.16663e-03 Validation loss 1.37100e-02 Time taken: 1.73 seconds 
Epoch: 124/200 Train accuracy: 7.07369e-01 Validation accuracy: 5.59800e-01 Training loss 8.17040e-03 Validation loss 1.35773e-02 Time taken: 1.78 seconds 
Epoch: 125/200 Train accuracy: 7.07531e-01 Validation accuracy: 5.52800e-01 Training loss 8.16763e-03 Validation loss 1.36736e-02 Time taken: 1.81 seconds 
Epoch: 126/200 Train accuracy: 7.06046e-01 Validation accuracy: 5.55800e-01 Training loss 8.16097e-03 Validation loss 1.36067e-02 Time taken: 1.72 seconds 
Epoch: 127/200 Train accuracy: 7.07123e-01 Validation accuracy: 5.58000e-01 Training loss 8.16367e-03 Validation loss 1.35775e-02 Time taken: 1.73 seconds 
Epoch: 128/200 Train accuracy: 7.07562e-01 Validation accuracy: 5.58400e-01 Training loss 8.16373e-03 Validation loss 1.36770e-02 Time taken: 1.73 seconds 
Epoch: 129/200 Train accuracy: 7.07515e-01 Validation accuracy: 5.58600e-01 Training loss 8.15438e-03 Validation loss 1.36420e-02 Time taken: 1.74 seconds 
Epoch: 130/200 Train accuracy: 7.08138e-01 Validation accuracy: 5.62000e-01 Training loss 8.15662e-03 Validation loss 1.35946e-02 Time taken: 1.75 seconds 
Epoch: 131/200 Train accuracy: 7.07185e-01 Validation accuracy: 5.54800e-01 Training loss 8.15929e-03 Validation loss 1.36427e-02 Time taken: 1.74 seconds 
Epoch: 132/200 Train accuracy: 7.07446e-01 Validation accuracy: 5.58600e-01 Training loss 8.15686e-03 Validation loss 1.35412e-02 Time taken: 1.74 seconds 
Epoch: 133/200 Train accuracy: 7.07931e-01 Validation accuracy: 5.62000e-01 Training loss 8.15289e-03 Validation loss 1.35811e-02 Time taken: 1.73 seconds 
Epoch: 134/200 Train accuracy: 7.07554e-01 Validation accuracy: 5.56600e-01 Training loss 8.15324e-03 Validation loss 1.36107e-02 Time taken: 1.74 seconds 
Epoch: 135/200 Train accuracy: 7.08785e-01 Validation accuracy: 5.57200e-01 Training loss 8.14846e-03 Validation loss 1.36460e-02 Time taken: 1.73 seconds 
Epoch: 136/200 Train accuracy: 7.07900e-01 Validation accuracy: 5.58200e-01 Training loss 8.15137e-03 Validation loss 1.37240e-02 Time taken: 1.74 seconds 
Epoch: 137/200 Train accuracy: 7.08046e-01 Validation accuracy: 5.60200e-01 Training loss 8.14601e-03 Validation loss 1.36075e-02 Time taken: 1.75 seconds 
Epoch: 138/200 Train accuracy: 7.07854e-01 Validation accuracy: 5.56400e-01 Training loss 8.14495e-03 Validation loss 1.35939e-02 Time taken: 1.74 seconds 
Epoch: 139/200 Train accuracy: 7.08392e-01 Validation accuracy: 5.53000e-01 Training loss 8.14469e-03 Validation loss 1.36902e-02 Time taken: 1.73 seconds 
Epoch: 140/200 Train accuracy: 7.07923e-01 Validation accuracy: 5.53400e-01 Training loss 8.14788e-03 Validation loss 1.36635e-02 Time taken: 1.82 seconds 
Epoch: 141/200 Train accuracy: 7.07931e-01 Validation accuracy: 5.56200e-01 Training loss 8.14773e-03 Validation loss 1.36005e-02 Time taken: 1.73 seconds 
Epoch: 142/200 Train accuracy: 7.07915e-01 Validation accuracy: 5.54200e-01 Training loss 8.14299e-03 Validation loss 1.36149e-02 Time taken: 1.74 seconds 
Epoch: 143/200 Train accuracy: 7.07946e-01 Validation accuracy: 5.55400e-01 Training loss 8.13794e-03 Validation loss 1.36943e-02 Time taken: 1.77 seconds 
Epoch: 144/200 Train accuracy: 7.08162e-01 Validation accuracy: 5.56200e-01 Training loss 8.13763e-03 Validation loss 1.35758e-02 Time taken: 1.73 seconds 
Epoch: 145/200 Train accuracy: 7.08915e-01 Validation accuracy: 5.55800e-01 Training loss 8.13821e-03 Validation loss 1.36419e-02 Time taken: 1.84 seconds 
Epoch: 146/200 Train accuracy: 7.08408e-01 Validation accuracy: 5.56000e-01 Training loss 8.13876e-03 Validation loss 1.37020e-02 Time taken: 1.74 seconds 
Epoch: 147/200 Train accuracy: 7.07531e-01 Validation accuracy: 5.61600e-01 Training loss 8.14419e-03 Validation loss 1.35600e-02 Time taken: 1.74 seconds 
Epoch: 148/200 Train accuracy: 7.08592e-01 Validation accuracy: 5.51600e-01 Training loss 8.13039e-03 Validation loss 1.35932e-02 Time taken: 1.75 seconds 
Epoch: 149/200 Train accuracy: 7.08100e-01 Validation accuracy: 5.56400e-01 Training loss 8.13435e-03 Validation loss 1.37351e-02 Time taken: 1.74 seconds 
Epoch: 150/200 Train accuracy: 7.08915e-01 Validation accuracy: 5.57200e-01 Training loss 8.13460e-03 Validation loss 1.35681e-02 Time taken: 1.73 seconds 
Epoch: 151/200 Train accuracy: 7.07277e-01 Validation accuracy: 5.56000e-01 Training loss 8.14095e-03 Validation loss 1.35747e-02 Time taken: 1.76 seconds 
Epoch: 152/200 Train accuracy: 7.07831e-01 Validation accuracy: 5.57400e-01 Training loss 8.13200e-03 Validation loss 1.37655e-02 Time taken: 1.74 seconds 
Epoch: 153/200 Train accuracy: 7.08538e-01 Validation accuracy: 5.57800e-01 Training loss 8.13369e-03 Validation loss 1.36218e-02 Time taken: 1.73 seconds 
Epoch: 154/200 Train accuracy: 7.08108e-01 Validation accuracy: 5.53800e-01 Training loss 8.13034e-03 Validation loss 1.36882e-02 Time taken: 1.75 seconds 
Epoch: 155/200 Train accuracy: 7.09077e-01 Validation accuracy: 5.58400e-01 Training loss 8.12191e-03 Validation loss 1.36131e-02 Time taken: 1.82 seconds 
Epoch: 156/200 Train accuracy: 7.08646e-01 Validation accuracy: 5.59600e-01 Training loss 8.13250e-03 Validation loss 1.36488e-02 Time taken: 1.74 seconds 
Epoch: 157/200 Train accuracy: 7.08915e-01 Validation accuracy: 5.56000e-01 Training loss 8.12737e-03 Validation loss 1.37180e-02 Time taken: 1.72 seconds 
Epoch: 158/200 Train accuracy: 7.09515e-01 Validation accuracy: 5.56800e-01 Training loss 8.12473e-03 Validation loss 1.35797e-02 Time taken: 1.74 seconds 
Epoch: 159/200 Train accuracy: 7.08308e-01 Validation accuracy: 5.60800e-01 Training loss 8.12390e-03 Validation loss 1.36425e-02 Time taken: 1.74 seconds 
Epoch: 160/200 Train accuracy: 7.09231e-01 Validation accuracy: 5.57200e-01 Training loss 8.12691e-03 Validation loss 1.35847e-02 Time taken: 1.73 seconds 
Epoch: 161/200 Train accuracy: 7.08692e-01 Validation accuracy: 5.60600e-01 Training loss 8.12539e-03 Validation loss 1.36033e-02 Time taken: 1.74 seconds 
Epoch: 162/200 Train accuracy: 7.08746e-01 Validation accuracy: 5.58400e-01 Training loss 8.12523e-03 Validation loss 1.35990e-02 Time taken: 1.74 seconds 
Epoch: 163/200 Train accuracy: 7.08338e-01 Validation accuracy: 5.55400e-01 Training loss 8.12087e-03 Validation loss 1.36618e-02 Time taken: 1.73 seconds 
Epoch: 164/200 Train accuracy: 7.08092e-01 Validation accuracy: 5.60800e-01 Training loss 8.11881e-03 Validation loss 1.35923e-02 Time taken: 1.74 seconds 
Epoch: 165/200 Train accuracy: 7.09623e-01 Validation accuracy: 5.58200e-01 Training loss 8.12531e-03 Validation loss 1.37314e-02 Time taken: 1.73 seconds 
Epoch: 166/200 Train accuracy: 7.08400e-01 Validation accuracy: 5.57600e-01 Training loss 8.12236e-03 Validation loss 1.36206e-02 Time taken: 1.73 seconds 
Epoch: 167/200 Train accuracy: 7.09000e-01 Validation accuracy: 5.63600e-01 Training loss 8.11927e-03 Validation loss 1.36792e-02 Time taken: 1.74 seconds 
Epoch: 168/200 Train accuracy: 7.08577e-01 Validation accuracy: 5.60800e-01 Training loss 8.11719e-03 Validation loss 1.36412e-02 Time taken: 1.75 seconds 
Epoch: 169/200 Train accuracy: 7.09369e-01 Validation accuracy: 5.54600e-01 Training loss 8.11626e-03 Validation loss 1.36404e-02 Time taken: 1.82 seconds 
Epoch: 170/200 Train accuracy: 7.08600e-01 Validation accuracy: 5.57600e-01 Training loss 8.11997e-03 Validation loss 1.36324e-02 Time taken: 1.75 seconds 
Epoch: 171/200 Train accuracy: 7.09238e-01 Validation accuracy: 5.56200e-01 Training loss 8.11538e-03 Validation loss 1.36139e-02 Time taken: 1.73 seconds 
Epoch: 172/200 Train accuracy: 7.08500e-01 Validation accuracy: 5.59200e-01 Training loss 8.11232e-03 Validation loss 1.35683e-02 Time taken: 1.74 seconds 
Epoch: 173/200 Train accuracy: 7.09554e-01 Validation accuracy: 5.62000e-01 Training loss 8.11602e-03 Validation loss 1.35912e-02 Time taken: 1.73 seconds 
Epoch: 174/200 Train accuracy: 7.09346e-01 Validation accuracy: 5.58200e-01 Training loss 8.10883e-03 Validation loss 1.36082e-02 Time taken: 1.75 seconds 
Epoch: 175/200 Train accuracy: 7.09631e-01 Validation accuracy: 5.52400e-01 Training loss 8.10864e-03 Validation loss 1.36299e-02 Time taken: 1.74 seconds 
Epoch: 176/200 Train accuracy: 7.08962e-01 Validation accuracy: 5.55000e-01 Training loss 8.11636e-03 Validation loss 1.36369e-02 Time taken: 1.74 seconds 
Epoch: 177/200 Train accuracy: 7.08469e-01 Validation accuracy: 5.59200e-01 Training loss 8.11418e-03 Validation loss 1.36282e-02 Time taken: 1.76 seconds 
Epoch: 178/200 Train accuracy: 7.08400e-01 Validation accuracy: 5.61400e-01 Training loss 8.11683e-03 Validation loss 1.35892e-02 Time taken: 1.83 seconds 
Epoch: 179/200 Train accuracy: 7.08623e-01 Validation accuracy: 5.56600e-01 Training loss 8.11259e-03 Validation loss 1.35869e-02 Time taken: 1.77 seconds 
Epoch: 180/200 Train accuracy: 7.08923e-01 Validation accuracy: 5.58400e-01 Training loss 8.11285e-03 Validation loss 1.36630e-02 Time taken: 1.74 seconds 
Epoch: 181/200 Train accuracy: 7.07715e-01 Validation accuracy: 5.54600e-01 Training loss 8.11865e-03 Validation loss 1.35553e-02 Time taken: 1.74 seconds 
Epoch: 182/200 Train accuracy: 7.09500e-01 Validation accuracy: 5.55000e-01 Training loss 8.11192e-03 Validation loss 1.36607e-02 Time taken: 1.74 seconds 
Epoch: 183/200 Train accuracy: 7.09054e-01 Validation accuracy: 5.60400e-01 Training loss 8.10787e-03 Validation loss 1.36200e-02 Time taken: 1.74 seconds 
Epoch: 184/200 Train accuracy: 7.09338e-01 Validation accuracy: 5.60200e-01 Training loss 8.11742e-03 Validation loss 1.36025e-02 Time taken: 1.75 seconds 
Epoch: 185/200 Train accuracy: 7.10100e-01 Validation accuracy: 5.58000e-01 Training loss 8.10750e-03 Validation loss 1.36224e-02 Time taken: 1.74 seconds 
Epoch: 186/200 Train accuracy: 7.09946e-01 Validation accuracy: 5.60000e-01 Training loss 8.10806e-03 Validation loss 1.36308e-02 Time taken: 1.74 seconds 
Epoch: 187/200 Train accuracy: 7.09700e-01 Validation accuracy: 5.56800e-01 Training loss 8.10351e-03 Validation loss 1.36522e-02 Time taken: 1.75 seconds 
Epoch: 188/200 Train accuracy: 7.09208e-01 Validation accuracy: 5.62800e-01 Training loss 8.10894e-03 Validation loss 1.35363e-02 Time taken: 1.74 seconds 
Epoch: 189/200 Train accuracy: 7.09085e-01 Validation accuracy: 5.56200e-01 Training loss 8.11131e-03 Validation loss 1.37399e-02 Time taken: 1.73 seconds 
Epoch: 190/200 Train accuracy: 7.09323e-01 Validation accuracy: 5.52000e-01 Training loss 8.10733e-03 Validation loss 1.35922e-02 Time taken: 1.74 seconds 
Epoch: 191/200 Train accuracy: 7.08908e-01 Validation accuracy: 5.54600e-01 Training loss 8.11016e-03 Validation loss 1.36438e-02 Time taken: 1.74 seconds 
Epoch: 192/200 Train accuracy: 7.10246e-01 Validation accuracy: 5.55800e-01 Training loss 8.10101e-03 Validation loss 1.36245e-02 Time taken: 1.74 seconds 
Epoch: 193/200 Train accuracy: 7.09915e-01 Validation accuracy: 5.59400e-01 Training loss 8.10970e-03 Validation loss 1.36008e-02 Time taken: 1.81 seconds 
Epoch: 194/200 Train accuracy: 7.09508e-01 Validation accuracy: 5.57600e-01 Training loss 8.10296e-03 Validation loss 1.36815e-02 Time taken: 1.77 seconds 
Epoch: 195/200 Train accuracy: 7.09792e-01 Validation accuracy: 5.58600e-01 Training loss 8.10416e-03 Validation loss 1.35603e-02 Time taken: 1.73 seconds 
Epoch: 196/200 Train accuracy: 7.10315e-01 Validation accuracy: 5.55400e-01 Training loss 8.10596e-03 Validation loss 1.36013e-02 Time taken: 1.77 seconds 
Epoch: 197/200 Train accuracy: 7.09362e-01 Validation accuracy: 5.56200e-01 Training loss 8.10318e-03 Validation loss 1.36600e-02 Time taken: 1.75 seconds 
Epoch: 198/200 Train accuracy: 7.09423e-01 Validation accuracy: 5.55600e-01 Training loss 8.10272e-03 Validation loss 1.36297e-02 Time taken: 1.74 seconds 
Epoch: 199/200 Train accuracy: 7.08315e-01 Validation accuracy: 5.56000e-01 Training loss 8.10858e-03 Validation loss 1.36517e-02 Time taken: 1.74 seconds 
Epoch: 200/200 Train accuracy: 7.10031e-01 Validation accuracy: 5.59200e-01 Training loss 8.10295e-03 Validation loss 1.36823e-02 Time taken: 1.73 seconds 
Total time taken 0:05:57.686070
Cleaning up intermediate feature (.pt) files
Done


