Directory classifiers/jepa-iic-L2_PKT-seed-10-classifier-pretrained-vitb-ep100 is now present
VisionTransformer(
  (patch_embed): PatchEmbed(
    (proj): Conv2d(3, 768, kernel_size=(15, 15), stride=(15, 15))
  )
  (blocks): ModuleList(
    (0-11): 12 x Block(
      (norm1): LayerNorm((768,), eps=1e-06, elementwise_affine=True)
      (attn): Attention(
        (qkv): Linear(in_features=768, out_features=2304, bias=True)
        (attn_drop): Dropout(p=0.0, inplace=False)
        (proj): Linear(in_features=768, out_features=768, bias=True)
        (proj_drop): Dropout(p=0.0, inplace=False)
      )
      (drop_path): Identity()
      (norm2): LayerNorm((768,), eps=1e-06, elementwise_affine=True)
      (mlp): MLP(
        (fc1): Linear(in_features=768, out_features=3072, bias=True)
        (act): GELU(approximate='none')
        (fc2): Linear(in_features=3072, out_features=768, bias=True)
        (drop): Dropout(p=0.0, inplace=False)
      )
    )
  )
  (norm): LayerNorm((768,), eps=1e-06, elementwise_affine=True)
)
Extracting features and saving them locally..
Epoch: 1/200 Train accuracy: 4.05871e-01 Validation accuracy: 4.94667e-01 Loss 1.31537e-02 Time taken: 1 seconds
Epoch: 2/200 Train accuracy: 5.24583e-01 Validation accuracy: 5.29000e-01 Loss 1.22756e-02 Time taken: 1 seconds
Epoch: 3/200 Train accuracy: 5.40687e-01 Validation accuracy: 5.45000e-01 Loss 1.20397e-02 Time taken: 1 seconds
Epoch: 4/200 Train accuracy: 5.49594e-01 Validation accuracy: 5.43667e-01 Loss 1.19128e-02 Time taken: 1 seconds
Epoch: 5/200 Train accuracy: 5.76885e-01 Validation accuracy: 5.69333e-01 Loss 1.17438e-02 Time taken: 1 seconds
Epoch: 6/200 Train accuracy: 5.87929e-01 Validation accuracy: 5.78333e-01 Loss 1.16475e-02 Time taken: 1 seconds
Epoch: 7/200 Train accuracy: 5.92632e-01 Validation accuracy: 5.85333e-01 Loss 1.15760e-02 Time taken: 1 seconds
Epoch: 8/200 Train accuracy: 5.98475e-01 Validation accuracy: 5.77333e-01 Loss 1.15261e-02 Time taken: 1 seconds
Epoch: 9/200 Train accuracy: 6.06812e-01 Validation accuracy: 5.75333e-01 Loss 1.14749e-02 Time taken: 1 seconds
Epoch: 10/200 Train accuracy: 6.09805e-01 Validation accuracy: 5.88333e-01 Loss 1.14351e-02 Time taken: 1 seconds
Epoch: 11/200 Train accuracy: 6.13581e-01 Validation accuracy: 5.97333e-01 Loss 1.13987e-02 Time taken: 1 seconds
Epoch: 12/200 Train accuracy: 6.18783e-01 Validation accuracy: 6.03000e-01 Loss 1.13678e-02 Time taken: 1 seconds
Epoch: 13/200 Train accuracy: 6.21989e-01 Validation accuracy: 6.01667e-01 Loss 1.13342e-02 Time taken: 1 seconds
Epoch: 14/200 Train accuracy: 6.28331e-01 Validation accuracy: 6.13667e-01 Loss 1.12979e-02 Time taken: 1 seconds
Epoch: 15/200 Train accuracy: 6.28972e-01 Validation accuracy: 6.13333e-01 Loss 1.12760e-02 Time taken: 1 seconds
Epoch: 16/200 Train accuracy: 6.33747e-01 Validation accuracy: 6.10000e-01 Loss 1.12564e-02 Time taken: 1 seconds
Epoch: 17/200 Train accuracy: 6.36882e-01 Validation accuracy: 6.13667e-01 Loss 1.12254e-02 Time taken: 1 seconds
Epoch: 18/200 Train accuracy: 6.37024e-01 Validation accuracy: 6.16000e-01 Loss 1.12095e-02 Time taken: 1 seconds
Epoch: 19/200 Train accuracy: 6.39946e-01 Validation accuracy: 6.19333e-01 Loss 1.11915e-02 Time taken: 1 seconds
Epoch: 20/200 Train accuracy: 6.42939e-01 Validation accuracy: 6.18000e-01 Loss 1.11783e-02 Time taken: 1 seconds
Epoch: 21/200 Train accuracy: 6.42369e-01 Validation accuracy: 6.23000e-01 Loss 1.11571e-02 Time taken: 1 seconds
Epoch: 22/200 Train accuracy: 6.43081e-01 Validation accuracy: 6.23667e-01 Loss 1.11501e-02 Time taken: 1 seconds
Epoch: 23/200 Train accuracy: 6.46359e-01 Validation accuracy: 6.26000e-01 Loss 1.11315e-02 Time taken: 1 seconds
Epoch: 24/200 Train accuracy: 6.46858e-01 Validation accuracy: 6.24333e-01 Loss 1.11171e-02 Time taken: 1 seconds
Epoch: 25/200 Train accuracy: 6.48853e-01 Validation accuracy: 6.26667e-01 Loss 1.11063e-02 Time taken: 1 seconds
Epoch: 26/200 Train accuracy: 6.50207e-01 Validation accuracy: 6.26667e-01 Loss 1.10956e-02 Time taken: 1 seconds
Epoch: 27/200 Train accuracy: 6.50705e-01 Validation accuracy: 6.25667e-01 Loss 1.10913e-02 Time taken: 1 seconds
Epoch: 28/200 Train accuracy: 6.51917e-01 Validation accuracy: 6.26667e-01 Loss 1.10733e-02 Time taken: 1 seconds
Epoch: 29/200 Train accuracy: 6.53912e-01 Validation accuracy: 6.29667e-01 Loss 1.10626e-02 Time taken: 1 seconds
Epoch: 30/200 Train accuracy: 6.54339e-01 Validation accuracy: 6.24667e-01 Loss 1.10602e-02 Time taken: 1 seconds
Epoch: 31/200 Train accuracy: 6.54126e-01 Validation accuracy: 6.29667e-01 Loss 1.10488e-02 Time taken: 1 seconds
Epoch: 32/200 Train accuracy: 6.55693e-01 Validation accuracy: 6.29667e-01 Loss 1.10393e-02 Time taken: 1 seconds
Epoch: 33/200 Train accuracy: 6.55480e-01 Validation accuracy: 6.27667e-01 Loss 1.10341e-02 Time taken: 1 seconds
Epoch: 34/200 Train accuracy: 6.56050e-01 Validation accuracy: 6.31333e-01 Loss 1.10261e-02 Time taken: 1 seconds
Epoch: 35/200 Train accuracy: 6.56905e-01 Validation accuracy: 6.32000e-01 Loss 1.10187e-02 Time taken: 1 seconds
Epoch: 36/200 Train accuracy: 6.60040e-01 Validation accuracy: 6.33667e-01 Loss 1.10094e-02 Time taken: 1 seconds
Epoch: 37/200 Train accuracy: 6.60111e-01 Validation accuracy: 6.33000e-01 Loss 1.10050e-02 Time taken: 1 seconds
Epoch: 38/200 Train accuracy: 6.59256e-01 Validation accuracy: 6.30333e-01 Loss 1.09972e-02 Time taken: 1 seconds
Epoch: 39/200 Train accuracy: 6.57973e-01 Validation accuracy: 6.36000e-01 Loss 1.09930e-02 Time taken: 1 seconds
Epoch: 40/200 Train accuracy: 6.60966e-01 Validation accuracy: 6.33667e-01 Loss 1.09874e-02 Time taken: 1 seconds
Epoch: 41/200 Train accuracy: 6.59042e-01 Validation accuracy: 6.33667e-01 Loss 1.09899e-02 Time taken: 1 seconds
Epoch: 42/200 Train accuracy: 6.61893e-01 Validation accuracy: 6.35667e-01 Loss 1.09763e-02 Time taken: 1 seconds
Epoch: 43/200 Train accuracy: 6.59969e-01 Validation accuracy: 6.39000e-01 Loss 1.09711e-02 Time taken: 1 seconds
Epoch: 44/200 Train accuracy: 6.60681e-01 Validation accuracy: 6.33333e-01 Loss 1.09672e-02 Time taken: 1 seconds
Epoch: 45/200 Train accuracy: 6.63674e-01 Validation accuracy: 6.38667e-01 Loss 1.09618e-02 Time taken: 1 seconds
Epoch: 46/200 Train accuracy: 6.62819e-01 Validation accuracy: 6.37667e-01 Loss 1.09532e-02 Time taken: 1 seconds
Epoch: 47/200 Train accuracy: 6.63531e-01 Validation accuracy: 6.35667e-01 Loss 1.09547e-02 Time taken: 1 seconds
Epoch: 48/200 Train accuracy: 6.63318e-01 Validation accuracy: 6.37333e-01 Loss 1.09435e-02 Time taken: 1 seconds
Epoch: 49/200 Train accuracy: 6.64743e-01 Validation accuracy: 6.40667e-01 Loss 1.09420e-02 Time taken: 1 seconds
Epoch: 50/200 Train accuracy: 6.61964e-01 Validation accuracy: 6.36000e-01 Loss 1.09411e-02 Time taken: 1 seconds
Epoch: 51/200 Train accuracy: 6.63246e-01 Validation accuracy: 6.41000e-01 Loss 1.09367e-02 Time taken: 1 seconds
Epoch: 52/200 Train accuracy: 6.65598e-01 Validation accuracy: 6.38000e-01 Loss 1.09286e-02 Time taken: 1 seconds
Epoch: 53/200 Train accuracy: 6.65598e-01 Validation accuracy: 6.43667e-01 Loss 1.09284e-02 Time taken: 1 seconds
Epoch: 54/200 Train accuracy: 6.65669e-01 Validation accuracy: 6.40000e-01 Loss 1.09208e-02 Time taken: 1 seconds
Epoch: 55/200 Train accuracy: 6.66952e-01 Validation accuracy: 6.42667e-01 Loss 1.09158e-02 Time taken: 1 seconds
Epoch: 56/200 Train accuracy: 6.65099e-01 Validation accuracy: 6.43333e-01 Loss 1.09170e-02 Time taken: 1 seconds
Epoch: 57/200 Train accuracy: 6.64672e-01 Validation accuracy: 6.42000e-01 Loss 1.09083e-02 Time taken: 1 seconds
Epoch: 58/200 Train accuracy: 6.67308e-01 Validation accuracy: 6.43000e-01 Loss 1.09081e-02 Time taken: 1 seconds
Epoch: 59/200 Train accuracy: 6.67450e-01 Validation accuracy: 6.42000e-01 Loss 1.09057e-02 Time taken: 1 seconds
Epoch: 60/200 Train accuracy: 6.66880e-01 Validation accuracy: 6.42667e-01 Loss 1.09009e-02 Time taken: 1 seconds
Epoch: 61/200 Train accuracy: 6.67237e-01 Validation accuracy: 6.47000e-01 Loss 1.08977e-02 Time taken: 1 seconds
Epoch: 62/200 Train accuracy: 6.69303e-01 Validation accuracy: 6.43667e-01 Loss 1.08980e-02 Time taken: 1 seconds
Epoch: 63/200 Train accuracy: 6.67237e-01 Validation accuracy: 6.47333e-01 Loss 1.08936e-02 Time taken: 1 seconds
Epoch: 64/200 Train accuracy: 6.65812e-01 Validation accuracy: 6.46667e-01 Loss 1.08913e-02 Time taken: 1 seconds
Epoch: 65/200 Train accuracy: 6.67522e-01 Validation accuracy: 6.42667e-01 Loss 1.08889e-02 Time taken: 1 seconds
Epoch: 66/200 Train accuracy: 6.68163e-01 Validation accuracy: 6.44667e-01 Loss 1.08899e-02 Time taken: 1 seconds
Epoch: 67/200 Train accuracy: 6.67308e-01 Validation accuracy: 6.50000e-01 Loss 1.08788e-02 Time taken: 1 seconds
Epoch: 68/200 Train accuracy: 6.68876e-01 Validation accuracy: 6.45667e-01 Loss 1.08826e-02 Time taken: 1 seconds
Epoch: 69/200 Train accuracy: 6.68591e-01 Validation accuracy: 6.41667e-01 Loss 1.08735e-02 Time taken: 1 seconds
Epoch: 70/200 Train accuracy: 6.70087e-01 Validation accuracy: 6.50333e-01 Loss 1.08739e-02 Time taken: 1 seconds
Epoch: 71/200 Train accuracy: 6.70657e-01 Validation accuracy: 6.50333e-01 Loss 1.08701e-02 Time taken: 1 seconds
Epoch: 72/200 Train accuracy: 6.68306e-01 Validation accuracy: 6.47000e-01 Loss 1.08718e-02 Time taken: 1 seconds
Epoch: 73/200 Train accuracy: 6.69446e-01 Validation accuracy: 6.49667e-01 Loss 1.08670e-02 Time taken: 1 seconds
Epoch: 74/200 Train accuracy: 6.70016e-01 Validation accuracy: 6.40000e-01 Loss 1.08639e-02 Time taken: 1 seconds
Epoch: 75/200 Train accuracy: 6.70229e-01 Validation accuracy: 6.46667e-01 Loss 1.08636e-02 Time taken: 1 seconds
Epoch: 76/200 Train accuracy: 6.68876e-01 Validation accuracy: 6.48667e-01 Loss 1.08580e-02 Time taken: 1 seconds
Epoch: 77/200 Train accuracy: 6.69731e-01 Validation accuracy: 6.48333e-01 Loss 1.08648e-02 Time taken: 1 seconds
Epoch: 78/200 Train accuracy: 6.69659e-01 Validation accuracy: 6.49667e-01 Loss 1.08609e-02 Time taken: 1 seconds
Epoch: 79/200 Train accuracy: 6.68876e-01 Validation accuracy: 6.53000e-01 Loss 1.08589e-02 Time taken: 1 seconds
Epoch: 80/200 Train accuracy: 6.68662e-01 Validation accuracy: 6.52000e-01 Loss 1.08562e-02 Time taken: 1 seconds
Epoch: 81/200 Train accuracy: 6.70728e-01 Validation accuracy: 6.49333e-01 Loss 1.08504e-02 Time taken: 1 seconds
Epoch: 82/200 Train accuracy: 6.71370e-01 Validation accuracy: 6.51667e-01 Loss 1.08445e-02 Time taken: 1 seconds
Epoch: 83/200 Train accuracy: 6.68876e-01 Validation accuracy: 6.49667e-01 Loss 1.08461e-02 Time taken: 1 seconds
Epoch: 84/200 Train accuracy: 6.70372e-01 Validation accuracy: 6.49000e-01 Loss 1.08424e-02 Time taken: 1 seconds
Epoch: 85/200 Train accuracy: 6.72011e-01 Validation accuracy: 6.46000e-01 Loss 1.08405e-02 Time taken: 1 seconds
Epoch: 86/200 Train accuracy: 6.72581e-01 Validation accuracy: 6.51000e-01 Loss 1.08395e-02 Time taken: 1 seconds
Epoch: 87/200 Train accuracy: 6.70372e-01 Validation accuracy: 6.52333e-01 Loss 1.08393e-02 Time taken: 1 seconds
Epoch: 88/200 Train accuracy: 6.72510e-01 Validation accuracy: 6.52000e-01 Loss 1.08378e-02 Time taken: 1 seconds
Epoch: 89/200 Train accuracy: 6.70799e-01 Validation accuracy: 6.54333e-01 Loss 1.08335e-02 Time taken: 1 seconds
Epoch: 90/200 Train accuracy: 6.74006e-01 Validation accuracy: 6.51667e-01 Loss 1.08357e-02 Time taken: 1 seconds
Epoch: 91/200 Train accuracy: 6.71512e-01 Validation accuracy: 6.54667e-01 Loss 1.08338e-02 Time taken: 1 seconds
Epoch: 92/200 Train accuracy: 6.72367e-01 Validation accuracy: 6.54667e-01 Loss 1.08224e-02 Time taken: 1 seconds
Epoch: 93/200 Train accuracy: 6.71583e-01 Validation accuracy: 6.52333e-01 Loss 1.08288e-02 Time taken: 1 seconds
Epoch: 94/200 Train accuracy: 6.70942e-01 Validation accuracy: 6.49333e-01 Loss 1.08319e-02 Time taken: 1 seconds
Epoch: 95/200 Train accuracy: 6.73365e-01 Validation accuracy: 6.53333e-01 Loss 1.08219e-02 Time taken: 1 seconds
Epoch: 96/200 Train accuracy: 6.73293e-01 Validation accuracy: 6.50000e-01 Loss 1.08178e-02 Time taken: 1 seconds
Epoch: 97/200 Train accuracy: 6.73507e-01 Validation accuracy: 6.52333e-01 Loss 1.08230e-02 Time taken: 1 seconds
Epoch: 98/200 Train accuracy: 6.72438e-01 Validation accuracy: 6.56333e-01 Loss 1.08224e-02 Time taken: 1 seconds
Epoch: 99/200 Train accuracy: 6.73151e-01 Validation accuracy: 6.56667e-01 Loss 1.08181e-02 Time taken: 1 seconds
Epoch: 100/200 Train accuracy: 6.74077e-01 Validation accuracy: 6.57000e-01 Loss 1.08157e-02 Time taken: 1 seconds
Epoch: 101/200 Train accuracy: 6.73151e-01 Validation accuracy: 6.55333e-01 Loss 1.08193e-02 Time taken: 1 seconds
Epoch: 102/200 Train accuracy: 6.74932e-01 Validation accuracy: 6.56000e-01 Loss 1.08181e-02 Time taken: 1 seconds
Epoch: 103/200 Train accuracy: 6.74719e-01 Validation accuracy: 6.55000e-01 Loss 1.08154e-02 Time taken: 1 seconds
Epoch: 104/200 Train accuracy: 6.74362e-01 Validation accuracy: 6.53333e-01 Loss 1.08088e-02 Time taken: 1 seconds
Epoch: 105/200 Train accuracy: 6.74220e-01 Validation accuracy: 6.53667e-01 Loss 1.08096e-02 Time taken: 1 seconds
Epoch: 106/200 Train accuracy: 6.74861e-01 Validation accuracy: 6.58333e-01 Loss 1.08074e-02 Time taken: 1 seconds
Epoch: 107/200 Train accuracy: 6.73792e-01 Validation accuracy: 6.57667e-01 Loss 1.08099e-02 Time taken: 1 seconds
Epoch: 108/200 Train accuracy: 6.74861e-01 Validation accuracy: 6.52333e-01 Loss 1.08024e-02 Time taken: 1 seconds
Epoch: 109/200 Train accuracy: 6.75859e-01 Validation accuracy: 6.51667e-01 Loss 1.07997e-02 Time taken: 1 seconds
Epoch: 110/200 Train accuracy: 6.75787e-01 Validation accuracy: 6.55667e-01 Loss 1.08010e-02 Time taken: 1 seconds
Epoch: 111/200 Train accuracy: 6.75289e-01 Validation accuracy: 6.57000e-01 Loss 1.08045e-02 Time taken: 1 seconds
Epoch: 112/200 Train accuracy: 6.76714e-01 Validation accuracy: 6.53333e-01 Loss 1.07997e-02 Time taken: 1 seconds
Epoch: 113/200 Train accuracy: 6.74220e-01 Validation accuracy: 6.57333e-01 Loss 1.08007e-02 Time taken: 1 seconds
Epoch: 114/200 Train accuracy: 6.73507e-01 Validation accuracy: 6.55333e-01 Loss 1.08049e-02 Time taken: 1 seconds
Epoch: 115/200 Train accuracy: 6.76785e-01 Validation accuracy: 6.55333e-01 Loss 1.07951e-02 Time taken: 1 seconds
Epoch: 116/200 Train accuracy: 6.76571e-01 Validation accuracy: 6.55667e-01 Loss 1.07969e-02 Time taken: 1 seconds
Epoch: 117/200 Train accuracy: 6.74861e-01 Validation accuracy: 6.57000e-01 Loss 1.07958e-02 Time taken: 1 seconds
Epoch: 118/200 Train accuracy: 6.76144e-01 Validation accuracy: 6.55333e-01 Loss 1.07892e-02 Time taken: 1 seconds
Epoch: 119/200 Train accuracy: 6.76927e-01 Validation accuracy: 6.57667e-01 Loss 1.07903e-02 Time taken: 1 seconds
Epoch: 120/200 Train accuracy: 6.76144e-01 Validation accuracy: 6.57667e-01 Loss 1.07914e-02 Time taken: 1 seconds
Epoch: 121/200 Train accuracy: 6.78281e-01 Validation accuracy: 6.54333e-01 Loss 1.07835e-02 Time taken: 1 seconds
Epoch: 122/200 Train accuracy: 6.76856e-01 Validation accuracy: 6.55000e-01 Loss 1.07873e-02 Time taken: 1 seconds
Epoch: 123/200 Train accuracy: 6.76072e-01 Validation accuracy: 6.56000e-01 Loss 1.07858e-02 Time taken: 1 seconds
Epoch: 124/200 Train accuracy: 6.77569e-01 Validation accuracy: 6.56333e-01 Loss 1.07832e-02 Time taken: 1 seconds
Epoch: 125/200 Train accuracy: 6.77854e-01 Validation accuracy: 6.56000e-01 Loss 1.07816e-02 Time taken: 1 seconds
Epoch: 126/200 Train accuracy: 6.76144e-01 Validation accuracy: 6.56667e-01 Loss 1.07863e-02 Time taken: 1 seconds
Epoch: 127/200 Train accuracy: 6.79849e-01 Validation accuracy: 6.56667e-01 Loss 1.07833e-02 Time taken: 1 seconds
Epoch: 128/200 Train accuracy: 6.77498e-01 Validation accuracy: 6.55333e-01 Loss 1.07809e-02 Time taken: 1 seconds
Epoch: 129/200 Train accuracy: 6.78281e-01 Validation accuracy: 6.57667e-01 Loss 1.07820e-02 Time taken: 1 seconds
Epoch: 130/200 Train accuracy: 6.75859e-01 Validation accuracy: 6.55667e-01 Loss 1.07808e-02 Time taken: 1 seconds
Epoch: 131/200 Train accuracy: 6.77783e-01 Validation accuracy: 6.57333e-01 Loss 1.07775e-02 Time taken: 1 seconds
Epoch: 132/200 Train accuracy: 6.77141e-01 Validation accuracy: 6.56667e-01 Loss 1.07790e-02 Time taken: 1 seconds
Epoch: 133/200 Train accuracy: 6.76286e-01 Validation accuracy: 6.54333e-01 Loss 1.07778e-02 Time taken: 1 seconds
Epoch: 134/200 Train accuracy: 6.78210e-01 Validation accuracy: 6.60000e-01 Loss 1.07750e-02 Time taken: 1 seconds
Epoch: 135/200 Train accuracy: 6.77711e-01 Validation accuracy: 6.58333e-01 Loss 1.07754e-02 Time taken: 1 seconds
Epoch: 136/200 Train accuracy: 6.78068e-01 Validation accuracy: 6.56000e-01 Loss 1.07735e-02 Time taken: 1 seconds
Epoch: 137/200 Train accuracy: 6.77783e-01 Validation accuracy: 6.55667e-01 Loss 1.07761e-02 Time taken: 1 seconds
Epoch: 138/200 Train accuracy: 6.76144e-01 Validation accuracy: 6.57000e-01 Loss 1.07733e-02 Time taken: 1 seconds
Epoch: 139/200 Train accuracy: 6.78638e-01 Validation accuracy: 6.54333e-01 Loss 1.07702e-02 Time taken: 1 seconds
Epoch: 140/200 Train accuracy: 6.78851e-01 Validation accuracy: 6.58333e-01 Loss 1.07762e-02 Time taken: 1 seconds
Epoch: 141/200 Train accuracy: 6.78638e-01 Validation accuracy: 6.57333e-01 Loss 1.07691e-02 Time taken: 1 seconds
Epoch: 142/200 Train accuracy: 6.80276e-01 Validation accuracy: 6.57667e-01 Loss 1.07635e-02 Time taken: 1 seconds
Epoch: 143/200 Train accuracy: 6.79350e-01 Validation accuracy: 6.58333e-01 Loss 1.07681e-02 Time taken: 1 seconds
Epoch: 144/200 Train accuracy: 6.77569e-01 Validation accuracy: 6.58000e-01 Loss 1.07658e-02 Time taken: 1 seconds
Epoch: 145/200 Train accuracy: 6.78709e-01 Validation accuracy: 6.56667e-01 Loss 1.07674e-02 Time taken: 1 seconds
Epoch: 146/200 Train accuracy: 6.78780e-01 Validation accuracy: 6.56000e-01 Loss 1.07648e-02 Time taken: 1 seconds
Epoch: 147/200 Train accuracy: 6.80633e-01 Validation accuracy: 6.54667e-01 Loss 1.07632e-02 Time taken: 1 seconds
Epoch: 148/200 Train accuracy: 6.79136e-01 Validation accuracy: 6.60667e-01 Loss 1.07621e-02 Time taken: 1 seconds
Epoch: 149/200 Train accuracy: 6.78210e-01 Validation accuracy: 6.59000e-01 Loss 1.07618e-02 Time taken: 1 seconds
Epoch: 150/200 Train accuracy: 6.78495e-01 Validation accuracy: 6.59667e-01 Loss 1.07580e-02 Time taken: 1 seconds
Epoch: 151/200 Train accuracy: 6.81274e-01 Validation accuracy: 6.55667e-01 Loss 1.07599e-02 Time taken: 1 seconds
Epoch: 152/200 Train accuracy: 6.79208e-01 Validation accuracy: 6.58333e-01 Loss 1.07600e-02 Time taken: 1 seconds
Epoch: 153/200 Train accuracy: 6.78923e-01 Validation accuracy: 6.58667e-01 Loss 1.07578e-02 Time taken: 1 seconds
Epoch: 154/200 Train accuracy: 6.78424e-01 Validation accuracy: 6.60000e-01 Loss 1.07547e-02 Time taken: 1 seconds
Epoch: 155/200 Train accuracy: 6.77925e-01 Validation accuracy: 6.60667e-01 Loss 1.07578e-02 Time taken: 1 seconds
Epoch: 156/200 Train accuracy: 6.78923e-01 Validation accuracy: 6.57667e-01 Loss 1.07573e-02 Time taken: 1 seconds
Epoch: 157/200 Train accuracy: 6.80704e-01 Validation accuracy: 6.57333e-01 Loss 1.07540e-02 Time taken: 1 seconds
Epoch: 158/200 Train accuracy: 6.80419e-01 Validation accuracy: 6.57667e-01 Loss 1.07527e-02 Time taken: 1 seconds
Epoch: 159/200 Train accuracy: 6.79136e-01 Validation accuracy: 6.59000e-01 Loss 1.07534e-02 Time taken: 1 seconds
Epoch: 160/200 Train accuracy: 6.80419e-01 Validation accuracy: 6.57000e-01 Loss 1.07532e-02 Time taken: 1 seconds
Epoch: 161/200 Train accuracy: 6.79778e-01 Validation accuracy: 6.59000e-01 Loss 1.07518e-02 Time taken: 1 seconds
Epoch: 162/200 Train accuracy: 6.81132e-01 Validation accuracy: 6.62000e-01 Loss 1.07479e-02 Time taken: 1 seconds
Epoch: 163/200 Train accuracy: 6.78281e-01 Validation accuracy: 6.59000e-01 Loss 1.07553e-02 Time taken: 1 seconds
Epoch: 164/200 Train accuracy: 6.81203e-01 Validation accuracy: 6.56333e-01 Loss 1.07472e-02 Time taken: 1 seconds
Epoch: 165/200 Train accuracy: 6.81630e-01 Validation accuracy: 6.58667e-01 Loss 1.07500e-02 Time taken: 1 seconds
Epoch: 166/200 Train accuracy: 6.78923e-01 Validation accuracy: 6.57333e-01 Loss 1.07445e-02 Time taken: 1 seconds
Epoch: 167/200 Train accuracy: 6.80205e-01 Validation accuracy: 6.60667e-01 Loss 1.07470e-02 Time taken: 1 seconds
Epoch: 168/200 Train accuracy: 6.81702e-01 Validation accuracy: 6.58333e-01 Loss 1.07432e-02 Time taken: 1 seconds
Epoch: 169/200 Train accuracy: 6.79208e-01 Validation accuracy: 6.59333e-01 Loss 1.07466e-02 Time taken: 1 seconds
Epoch: 170/200 Train accuracy: 6.80205e-01 Validation accuracy: 6.59333e-01 Loss 1.07481e-02 Time taken: 1 seconds
Epoch: 171/200 Train accuracy: 6.81417e-01 Validation accuracy: 6.60000e-01 Loss 1.07439e-02 Time taken: 1 seconds
Epoch: 172/200 Train accuracy: 6.80989e-01 Validation accuracy: 6.60667e-01 Loss 1.07454e-02 Time taken: 2 seconds
Epoch: 173/200 Train accuracy: 6.80561e-01 Validation accuracy: 6.59000e-01 Loss 1.07421e-02 Time taken: 1 seconds
Epoch: 174/200 Train accuracy: 6.78851e-01 Validation accuracy: 6.62667e-01 Loss 1.07512e-02 Time taken: 1 seconds
Epoch: 175/200 Train accuracy: 6.79208e-01 Validation accuracy: 6.57667e-01 Loss 1.07453e-02 Time taken: 1 seconds
Epoch: 176/200 Train accuracy: 6.79350e-01 Validation accuracy: 6.62667e-01 Loss 1.07448e-02 Time taken: 1 seconds
Epoch: 177/200 Train accuracy: 6.80348e-01 Validation accuracy: 6.59667e-01 Loss 1.07407e-02 Time taken: 1 seconds
Epoch: 178/200 Train accuracy: 6.80989e-01 Validation accuracy: 6.60333e-01 Loss 1.07389e-02 Time taken: 1 seconds
Epoch: 179/200 Train accuracy: 6.81844e-01 Validation accuracy: 6.57667e-01 Loss 1.07404e-02 Time taken: 1 seconds
Epoch: 180/200 Train accuracy: 6.82984e-01 Validation accuracy: 6.61667e-01 Loss 1.07353e-02 Time taken: 1 seconds
Epoch: 181/200 Train accuracy: 6.81915e-01 Validation accuracy: 6.60000e-01 Loss 1.07360e-02 Time taken: 1 seconds
Epoch: 182/200 Train accuracy: 6.79991e-01 Validation accuracy: 6.58667e-01 Loss 1.07383e-02 Time taken: 2 seconds
Epoch: 183/200 Train accuracy: 6.80063e-01 Validation accuracy: 6.63333e-01 Loss 1.07401e-02 Time taken: 2 seconds
Epoch: 184/200 Train accuracy: 6.82272e-01 Validation accuracy: 6.61333e-01 Loss 1.07372e-02 Time taken: 2 seconds
Epoch: 185/200 Train accuracy: 6.82557e-01 Validation accuracy: 6.61000e-01 Loss 1.07344e-02 Time taken: 2 seconds
Epoch: 186/200 Train accuracy: 6.80704e-01 Validation accuracy: 6.59333e-01 Loss 1.07381e-02 Time taken: 2 seconds
Epoch: 187/200 Train accuracy: 6.81987e-01 Validation accuracy: 6.64667e-01 Loss 1.07350e-02 Time taken: 2 seconds
Epoch: 188/200 Train accuracy: 6.82770e-01 Validation accuracy: 6.63000e-01 Loss 1.07310e-02 Time taken: 2 seconds
Epoch: 189/200 Train accuracy: 6.82343e-01 Validation accuracy: 6.63000e-01 Loss 1.07317e-02 Time taken: 2 seconds
Epoch: 190/200 Train accuracy: 6.82343e-01 Validation accuracy: 6.60000e-01 Loss 1.07299e-02 Time taken: 2 seconds
Epoch: 191/200 Train accuracy: 6.82842e-01 Validation accuracy: 6.60000e-01 Loss 1.07321e-02 Time taken: 2 seconds
Epoch: 192/200 Train accuracy: 6.82842e-01 Validation accuracy: 6.58667e-01 Loss 1.07323e-02 Time taken: 2 seconds
Epoch: 193/200 Train accuracy: 6.81987e-01 Validation accuracy: 6.62667e-01 Loss 1.07266e-02 Time taken: 2 seconds
Epoch: 194/200 Train accuracy: 6.83839e-01 Validation accuracy: 6.62000e-01 Loss 1.07261e-02 Time taken: 2 seconds
Epoch: 195/200 Train accuracy: 6.81559e-01 Validation accuracy: 6.61333e-01 Loss 1.07316e-02 Time taken: 2 seconds
Epoch: 196/200 Train accuracy: 6.83982e-01 Validation accuracy: 6.60333e-01 Loss 1.07291e-02 Time taken: 2 seconds
Epoch: 197/200 Train accuracy: 6.83412e-01 Validation accuracy: 6.61667e-01 Loss 1.07237e-02 Time taken: 2 seconds
Epoch: 198/200 Train accuracy: 6.81559e-01 Validation accuracy: 6.63000e-01 Loss 1.07312e-02 Time taken: 2 seconds
Epoch: 199/200 Train accuracy: 6.84409e-01 Validation accuracy: 6.59333e-01 Loss 1.07287e-02 Time taken: 2 seconds
Epoch: 200/200 Train accuracy: 6.84338e-01 Validation accuracy: 6.63667e-01 Loss 1.07232e-02 Time taken: 2 seconds
Total time taken 0:05:26.601760
Cleaning up intermediate feature (.pt) files
Done


working on file logs_PKT/iic-train-L2_PKT-seed-10/jepa_iic_L2_PKT_seed-10-ep200.pth.tar ...
