Directory classifiers/jepa-iic-L2_PKT-seed-10-classifier-pretrained-vitb-ep200 is now present
VisionTransformer(
  (patch_embed): PatchEmbed(
    (proj): Conv2d(3, 768, kernel_size=(15, 15), stride=(15, 15))
  )
  (blocks): ModuleList(
    (0-11): 12 x Block(
      (norm1): LayerNorm((768,), eps=1e-06, elementwise_affine=True)
      (attn): Attention(
        (qkv): Linear(in_features=768, out_features=2304, bias=True)
        (attn_drop): Dropout(p=0.0, inplace=False)
        (proj): Linear(in_features=768, out_features=768, bias=True)
        (proj_drop): Dropout(p=0.0, inplace=False)
      )
      (drop_path): Identity()
      (norm2): LayerNorm((768,), eps=1e-06, elementwise_affine=True)
      (mlp): MLP(
        (fc1): Linear(in_features=768, out_features=3072, bias=True)
        (act): GELU(approximate='none')
        (fc2): Linear(in_features=3072, out_features=768, bias=True)
        (drop): Dropout(p=0.0, inplace=False)
      )
    )
  )
  (norm): LayerNorm((768,), eps=1e-06, elementwise_affine=True)
)
Extracting features and saving them locally..
Epoch: 1/200 Train accuracy: 4.12997e-01 Validation accuracy: 5.08333e-01 Loss 1.31764e-02 Time taken: 2 seconds
Epoch: 2/200 Train accuracy: 5.49166e-01 Validation accuracy: 5.82000e-01 Loss 1.22692e-02 Time taken: 2 seconds
Epoch: 3/200 Train accuracy: 5.94200e-01 Validation accuracy: 6.02667e-01 Loss 1.18496e-02 Time taken: 2 seconds
Epoch: 4/200 Train accuracy: 6.14721e-01 Validation accuracy: 6.19000e-01 Loss 1.16323e-02 Time taken: 2 seconds
Epoch: 5/200 Train accuracy: 6.32393e-01 Validation accuracy: 6.31667e-01 Loss 1.14788e-02 Time taken: 2 seconds
Epoch: 6/200 Train accuracy: 6.37594e-01 Validation accuracy: 6.43333e-01 Loss 1.13687e-02 Time taken: 2 seconds
Epoch: 7/200 Train accuracy: 6.44577e-01 Validation accuracy: 6.40000e-01 Loss 1.12875e-02 Time taken: 2 seconds
Epoch: 8/200 Train accuracy: 6.52059e-01 Validation accuracy: 6.41000e-01 Loss 1.12225e-02 Time taken: 2 seconds
Epoch: 9/200 Train accuracy: 6.56762e-01 Validation accuracy: 6.49000e-01 Loss 1.11710e-02 Time taken: 2 seconds
Epoch: 10/200 Train accuracy: 6.58829e-01 Validation accuracy: 6.49000e-01 Loss 1.11250e-02 Time taken: 2 seconds
Epoch: 11/200 Train accuracy: 6.60895e-01 Validation accuracy: 6.49667e-01 Loss 1.10895e-02 Time taken: 1 seconds
Epoch: 12/200 Train accuracy: 6.65028e-01 Validation accuracy: 6.54667e-01 Loss 1.10524e-02 Time taken: 2 seconds
Epoch: 13/200 Train accuracy: 6.66667e-01 Validation accuracy: 6.53333e-01 Loss 1.10232e-02 Time taken: 2 seconds
Epoch: 14/200 Train accuracy: 6.69161e-01 Validation accuracy: 6.57333e-01 Loss 1.09970e-02 Time taken: 2 seconds
Epoch: 15/200 Train accuracy: 6.72438e-01 Validation accuracy: 6.55667e-01 Loss 1.09703e-02 Time taken: 2 seconds
Epoch: 16/200 Train accuracy: 6.73008e-01 Validation accuracy: 6.63000e-01 Loss 1.09501e-02 Time taken: 2 seconds
Epoch: 17/200 Train accuracy: 6.75146e-01 Validation accuracy: 6.56333e-01 Loss 1.09312e-02 Time taken: 2 seconds
Epoch: 18/200 Train accuracy: 6.76144e-01 Validation accuracy: 6.54000e-01 Loss 1.09139e-02 Time taken: 2 seconds
Epoch: 19/200 Train accuracy: 6.76856e-01 Validation accuracy: 6.61000e-01 Loss 1.08961e-02 Time taken: 2 seconds
Epoch: 20/200 Train accuracy: 6.79778e-01 Validation accuracy: 6.68000e-01 Loss 1.08779e-02 Time taken: 2 seconds
Epoch: 21/200 Train accuracy: 6.79350e-01 Validation accuracy: 6.65000e-01 Loss 1.08666e-02 Time taken: 2 seconds
Epoch: 22/200 Train accuracy: 6.80419e-01 Validation accuracy: 6.66667e-01 Loss 1.08522e-02 Time taken: 2 seconds
Epoch: 23/200 Train accuracy: 6.82770e-01 Validation accuracy: 6.64667e-01 Loss 1.08385e-02 Time taken: 2 seconds
Epoch: 24/200 Train accuracy: 6.83127e-01 Validation accuracy: 6.65667e-01 Loss 1.08274e-02 Time taken: 2 seconds
Epoch: 25/200 Train accuracy: 6.83483e-01 Validation accuracy: 6.71000e-01 Loss 1.08185e-02 Time taken: 2 seconds
Epoch: 26/200 Train accuracy: 6.83839e-01 Validation accuracy: 6.65333e-01 Loss 1.08057e-02 Time taken: 2 seconds
Epoch: 27/200 Train accuracy: 6.84979e-01 Validation accuracy: 6.74333e-01 Loss 1.07986e-02 Time taken: 2 seconds
Epoch: 28/200 Train accuracy: 6.86903e-01 Validation accuracy: 6.73333e-01 Loss 1.07821e-02 Time taken: 2 seconds
Epoch: 29/200 Train accuracy: 6.88970e-01 Validation accuracy: 6.68333e-01 Loss 1.07758e-02 Time taken: 2 seconds
Epoch: 30/200 Train accuracy: 6.88970e-01 Validation accuracy: 6.66333e-01 Loss 1.07647e-02 Time taken: 2 seconds
Epoch: 31/200 Train accuracy: 6.90894e-01 Validation accuracy: 6.74667e-01 Loss 1.07594e-02 Time taken: 2 seconds
Epoch: 32/200 Train accuracy: 6.88685e-01 Validation accuracy: 6.72667e-01 Loss 1.07504e-02 Time taken: 2 seconds
Epoch: 33/200 Train accuracy: 6.90324e-01 Validation accuracy: 6.67333e-01 Loss 1.07429e-02 Time taken: 2 seconds
Epoch: 34/200 Train accuracy: 6.92746e-01 Validation accuracy: 6.78000e-01 Loss 1.07341e-02 Time taken: 2 seconds
Epoch: 35/200 Train accuracy: 6.92319e-01 Validation accuracy: 6.72333e-01 Loss 1.07298e-02 Time taken: 2 seconds
Epoch: 36/200 Train accuracy: 6.91891e-01 Validation accuracy: 6.75667e-01 Loss 1.07232e-02 Time taken: 2 seconds
Epoch: 37/200 Train accuracy: 6.92960e-01 Validation accuracy: 6.75333e-01 Loss 1.07147e-02 Time taken: 2 seconds
Epoch: 38/200 Train accuracy: 6.91820e-01 Validation accuracy: 6.74000e-01 Loss 1.07076e-02 Time taken: 2 seconds
Epoch: 39/200 Train accuracy: 6.94029e-01 Validation accuracy: 6.78000e-01 Loss 1.07048e-02 Time taken: 2 seconds
Epoch: 40/200 Train accuracy: 6.95454e-01 Validation accuracy: 6.80000e-01 Loss 1.06983e-02 Time taken: 2 seconds
Epoch: 41/200 Train accuracy: 6.96166e-01 Validation accuracy: 6.78000e-01 Loss 1.06895e-02 Time taken: 2 seconds
Epoch: 42/200 Train accuracy: 6.96451e-01 Validation accuracy: 6.81333e-01 Loss 1.06844e-02 Time taken: 2 seconds
Epoch: 43/200 Train accuracy: 6.96879e-01 Validation accuracy: 6.79000e-01 Loss 1.06835e-02 Time taken: 2 seconds
Epoch: 44/200 Train accuracy: 6.97378e-01 Validation accuracy: 6.81333e-01 Loss 1.06740e-02 Time taken: 2 seconds
Epoch: 45/200 Train accuracy: 6.97307e-01 Validation accuracy: 6.82000e-01 Loss 1.06718e-02 Time taken: 2 seconds
Epoch: 46/200 Train accuracy: 7.00086e-01 Validation accuracy: 6.75667e-01 Loss 1.06638e-02 Time taken: 2 seconds
Epoch: 47/200 Train accuracy: 6.98162e-01 Validation accuracy: 6.77000e-01 Loss 1.06626e-02 Time taken: 2 seconds
Epoch: 48/200 Train accuracy: 6.99729e-01 Validation accuracy: 6.77667e-01 Loss 1.06588e-02 Time taken: 2 seconds
Epoch: 49/200 Train accuracy: 6.98803e-01 Validation accuracy: 6.75667e-01 Loss 1.06534e-02 Time taken: 2 seconds
Epoch: 50/200 Train accuracy: 6.98304e-01 Validation accuracy: 6.77333e-01 Loss 1.06514e-02 Time taken: 1 seconds
Epoch: 51/200 Train accuracy: 6.99515e-01 Validation accuracy: 6.78333e-01 Loss 1.06446e-02 Time taken: 2 seconds
Epoch: 52/200 Train accuracy: 7.00869e-01 Validation accuracy: 6.77000e-01 Loss 1.06408e-02 Time taken: 2 seconds
Epoch: 53/200 Train accuracy: 7.00727e-01 Validation accuracy: 6.77000e-01 Loss 1.06373e-02 Time taken: 2 seconds
Epoch: 54/200 Train accuracy: 7.01154e-01 Validation accuracy: 6.83667e-01 Loss 1.06337e-02 Time taken: 2 seconds
Epoch: 55/200 Train accuracy: 7.01653e-01 Validation accuracy: 6.80667e-01 Loss 1.06291e-02 Time taken: 2 seconds
Epoch: 56/200 Train accuracy: 7.00941e-01 Validation accuracy: 6.83000e-01 Loss 1.06246e-02 Time taken: 2 seconds
Epoch: 57/200 Train accuracy: 7.02294e-01 Validation accuracy: 6.83333e-01 Loss 1.06246e-02 Time taken: 2 seconds
Epoch: 58/200 Train accuracy: 7.02081e-01 Validation accuracy: 6.80667e-01 Loss 1.06194e-02 Time taken: 2 seconds
Epoch: 59/200 Train accuracy: 7.01012e-01 Validation accuracy: 6.81333e-01 Loss 1.06199e-02 Time taken: 2 seconds
Epoch: 60/200 Train accuracy: 7.04860e-01 Validation accuracy: 6.80000e-01 Loss 1.06122e-02 Time taken: 2 seconds
Epoch: 61/200 Train accuracy: 7.03078e-01 Validation accuracy: 6.82000e-01 Loss 1.06168e-02 Time taken: 2 seconds
Epoch: 62/200 Train accuracy: 7.02651e-01 Validation accuracy: 6.81333e-01 Loss 1.06071e-02 Time taken: 2 seconds
Epoch: 63/200 Train accuracy: 7.04646e-01 Validation accuracy: 6.86333e-01 Loss 1.06056e-02 Time taken: 2 seconds
Epoch: 64/200 Train accuracy: 7.04788e-01 Validation accuracy: 6.87000e-01 Loss 1.06018e-02 Time taken: 2 seconds
Epoch: 65/200 Train accuracy: 7.04646e-01 Validation accuracy: 6.85667e-01 Loss 1.05982e-02 Time taken: 2 seconds
Epoch: 66/200 Train accuracy: 7.03862e-01 Validation accuracy: 6.85000e-01 Loss 1.05944e-02 Time taken: 2 seconds
Epoch: 67/200 Train accuracy: 7.06712e-01 Validation accuracy: 6.79333e-01 Loss 1.05915e-02 Time taken: 2 seconds
Epoch: 68/200 Train accuracy: 7.05928e-01 Validation accuracy: 6.82000e-01 Loss 1.05902e-02 Time taken: 2 seconds
Epoch: 69/200 Train accuracy: 7.06997e-01 Validation accuracy: 6.84667e-01 Loss 1.05879e-02 Time taken: 2 seconds
Epoch: 70/200 Train accuracy: 7.05145e-01 Validation accuracy: 6.85000e-01 Loss 1.05862e-02 Time taken: 2 seconds
Epoch: 71/200 Train accuracy: 7.06855e-01 Validation accuracy: 6.86000e-01 Loss 1.05804e-02 Time taken: 2 seconds
Epoch: 72/200 Train accuracy: 7.05857e-01 Validation accuracy: 6.87333e-01 Loss 1.05808e-02 Time taken: 2 seconds
Epoch: 73/200 Train accuracy: 7.08209e-01 Validation accuracy: 6.85667e-01 Loss 1.05746e-02 Time taken: 2 seconds
Epoch: 74/200 Train accuracy: 7.07852e-01 Validation accuracy: 6.85667e-01 Loss 1.05760e-02 Time taken: 2 seconds
Epoch: 75/200 Train accuracy: 7.08921e-01 Validation accuracy: 6.87667e-01 Loss 1.05721e-02 Time taken: 2 seconds
Epoch: 76/200 Train accuracy: 7.10346e-01 Validation accuracy: 6.84667e-01 Loss 1.05709e-02 Time taken: 2 seconds
Epoch: 77/200 Train accuracy: 7.08850e-01 Validation accuracy: 6.89667e-01 Loss 1.05680e-02 Time taken: 2 seconds
Epoch: 78/200 Train accuracy: 7.09064e-01 Validation accuracy: 6.88000e-01 Loss 1.05641e-02 Time taken: 2 seconds
Epoch: 79/200 Train accuracy: 7.07282e-01 Validation accuracy: 6.86667e-01 Loss 1.05655e-02 Time taken: 2 seconds
Epoch: 80/200 Train accuracy: 7.09990e-01 Validation accuracy: 6.87000e-01 Loss 1.05626e-02 Time taken: 2 seconds
Epoch: 81/200 Train accuracy: 7.08850e-01 Validation accuracy: 6.86333e-01 Loss 1.05608e-02 Time taken: 2 seconds
Epoch: 82/200 Train accuracy: 7.07639e-01 Validation accuracy: 6.88333e-01 Loss 1.05587e-02 Time taken: 2 seconds
Epoch: 83/200 Train accuracy: 7.08565e-01 Validation accuracy: 6.85333e-01 Loss 1.05551e-02 Time taken: 2 seconds
Epoch: 84/200 Train accuracy: 7.09064e-01 Validation accuracy: 6.84667e-01 Loss 1.05551e-02 Time taken: 2 seconds
Epoch: 85/200 Train accuracy: 7.08565e-01 Validation accuracy: 6.86333e-01 Loss 1.05545e-02 Time taken: 2 seconds
Epoch: 86/200 Train accuracy: 7.09562e-01 Validation accuracy: 6.90333e-01 Loss 1.05497e-02 Time taken: 2 seconds
Epoch: 87/200 Train accuracy: 7.10133e-01 Validation accuracy: 6.87000e-01 Loss 1.05483e-02 Time taken: 2 seconds
Epoch: 88/200 Train accuracy: 7.08707e-01 Validation accuracy: 6.88667e-01 Loss 1.05478e-02 Time taken: 2 seconds
Epoch: 89/200 Train accuracy: 7.10275e-01 Validation accuracy: 6.88667e-01 Loss 1.05457e-02 Time taken: 2 seconds
Epoch: 90/200 Train accuracy: 7.10204e-01 Validation accuracy: 6.87667e-01 Loss 1.05409e-02 Time taken: 2 seconds
Epoch: 91/200 Train accuracy: 7.11843e-01 Validation accuracy: 6.88333e-01 Loss 1.05415e-02 Time taken: 2 seconds
Epoch: 92/200 Train accuracy: 7.09990e-01 Validation accuracy: 6.88667e-01 Loss 1.05401e-02 Time taken: 2 seconds
Epoch: 93/200 Train accuracy: 7.10560e-01 Validation accuracy: 6.84000e-01 Loss 1.05374e-02 Time taken: 2 seconds
Epoch: 94/200 Train accuracy: 7.11415e-01 Validation accuracy: 6.88000e-01 Loss 1.05352e-02 Time taken: 2 seconds
Epoch: 95/200 Train accuracy: 7.11914e-01 Validation accuracy: 6.86333e-01 Loss 1.05317e-02 Time taken: 2 seconds
Epoch: 96/200 Train accuracy: 7.09634e-01 Validation accuracy: 6.88667e-01 Loss 1.05365e-02 Time taken: 2 seconds
Epoch: 97/200 Train accuracy: 7.13197e-01 Validation accuracy: 6.85333e-01 Loss 1.05315e-02 Time taken: 2 seconds
Epoch: 98/200 Train accuracy: 7.12413e-01 Validation accuracy: 6.92333e-01 Loss 1.05320e-02 Time taken: 2 seconds
Epoch: 99/200 Train accuracy: 7.12056e-01 Validation accuracy: 6.90333e-01 Loss 1.05273e-02 Time taken: 2 seconds
Epoch: 100/200 Train accuracy: 7.11273e-01 Validation accuracy: 6.87000e-01 Loss 1.05265e-02 Time taken: 2 seconds
Epoch: 101/200 Train accuracy: 7.13339e-01 Validation accuracy: 6.87667e-01 Loss 1.05213e-02 Time taken: 2 seconds
Epoch: 102/200 Train accuracy: 7.11486e-01 Validation accuracy: 6.89333e-01 Loss 1.05229e-02 Time taken: 2 seconds
Epoch: 103/200 Train accuracy: 7.13980e-01 Validation accuracy: 6.88000e-01 Loss 1.05207e-02 Time taken: 2 seconds
Epoch: 104/200 Train accuracy: 7.13410e-01 Validation accuracy: 6.96000e-01 Loss 1.05183e-02 Time taken: 2 seconds
Epoch: 105/200 Train accuracy: 7.14265e-01 Validation accuracy: 6.86000e-01 Loss 1.05179e-02 Time taken: 2 seconds
Epoch: 106/200 Train accuracy: 7.11914e-01 Validation accuracy: 6.88000e-01 Loss 1.05159e-02 Time taken: 2 seconds
Epoch: 107/200 Train accuracy: 7.12128e-01 Validation accuracy: 6.92333e-01 Loss 1.05194e-02 Time taken: 2 seconds
Epoch: 108/200 Train accuracy: 7.14194e-01 Validation accuracy: 6.86333e-01 Loss 1.05146e-02 Time taken: 2 seconds
Epoch: 109/200 Train accuracy: 7.14408e-01 Validation accuracy: 6.90667e-01 Loss 1.05127e-02 Time taken: 2 seconds
Epoch: 110/200 Train accuracy: 7.12769e-01 Validation accuracy: 6.90667e-01 Loss 1.05109e-02 Time taken: 2 seconds
Epoch: 111/200 Train accuracy: 7.13838e-01 Validation accuracy: 6.88667e-01 Loss 1.05082e-02 Time taken: 2 seconds
Epoch: 112/200 Train accuracy: 7.14052e-01 Validation accuracy: 6.90667e-01 Loss 1.05092e-02 Time taken: 2 seconds
Epoch: 113/200 Train accuracy: 7.14978e-01 Validation accuracy: 6.90667e-01 Loss 1.05111e-02 Time taken: 2 seconds
Epoch: 114/200 Train accuracy: 7.15334e-01 Validation accuracy: 6.91333e-01 Loss 1.05100e-02 Time taken: 2 seconds
Epoch: 115/200 Train accuracy: 7.14337e-01 Validation accuracy: 6.93000e-01 Loss 1.05075e-02 Time taken: 2 seconds
Epoch: 116/200 Train accuracy: 7.13980e-01 Validation accuracy: 6.95333e-01 Loss 1.05051e-02 Time taken: 2 seconds
Epoch: 117/200 Train accuracy: 7.13695e-01 Validation accuracy: 6.92000e-01 Loss 1.05029e-02 Time taken: 2 seconds
Epoch: 118/200 Train accuracy: 7.14052e-01 Validation accuracy: 6.91667e-01 Loss 1.05024e-02 Time taken: 2 seconds
Epoch: 119/200 Train accuracy: 7.15975e-01 Validation accuracy: 6.90333e-01 Loss 1.05025e-02 Time taken: 2 seconds
Epoch: 120/200 Train accuracy: 7.15833e-01 Validation accuracy: 6.89000e-01 Loss 1.05004e-02 Time taken: 2 seconds
Epoch: 121/200 Train accuracy: 7.14622e-01 Validation accuracy: 6.90667e-01 Loss 1.04986e-02 Time taken: 2 seconds
Epoch: 122/200 Train accuracy: 7.13482e-01 Validation accuracy: 6.91000e-01 Loss 1.04987e-02 Time taken: 2 seconds
Epoch: 123/200 Train accuracy: 7.14052e-01 Validation accuracy: 6.91667e-01 Loss 1.04935e-02 Time taken: 2 seconds
Epoch: 124/200 Train accuracy: 7.14123e-01 Validation accuracy: 6.92667e-01 Loss 1.04984e-02 Time taken: 2 seconds
Epoch: 125/200 Train accuracy: 7.13624e-01 Validation accuracy: 6.93000e-01 Loss 1.04940e-02 Time taken: 2 seconds
Epoch: 126/200 Train accuracy: 7.16831e-01 Validation accuracy: 6.90333e-01 Loss 1.04897e-02 Time taken: 2 seconds
Epoch: 127/200 Train accuracy: 7.17044e-01 Validation accuracy: 6.92667e-01 Loss 1.04932e-02 Time taken: 2 seconds
Epoch: 128/200 Train accuracy: 7.14408e-01 Validation accuracy: 6.94667e-01 Loss 1.04903e-02 Time taken: 2 seconds
Epoch: 129/200 Train accuracy: 7.16617e-01 Validation accuracy: 6.90667e-01 Loss 1.04899e-02 Time taken: 2 seconds
Epoch: 130/200 Train accuracy: 7.17401e-01 Validation accuracy: 6.92333e-01 Loss 1.04877e-02 Time taken: 2 seconds
Epoch: 131/200 Train accuracy: 7.16688e-01 Validation accuracy: 6.92667e-01 Loss 1.04876e-02 Time taken: 2 seconds
Epoch: 132/200 Train accuracy: 7.15477e-01 Validation accuracy: 6.93333e-01 Loss 1.04871e-02 Time taken: 2 seconds
Epoch: 133/200 Train accuracy: 7.14764e-01 Validation accuracy: 6.94333e-01 Loss 1.04867e-02 Time taken: 2 seconds
Epoch: 134/200 Train accuracy: 7.15619e-01 Validation accuracy: 6.94000e-01 Loss 1.04881e-02 Time taken: 2 seconds
Epoch: 135/200 Train accuracy: 7.16474e-01 Validation accuracy: 6.92333e-01 Loss 1.04843e-02 Time taken: 2 seconds
Epoch: 136/200 Train accuracy: 7.16902e-01 Validation accuracy: 6.91333e-01 Loss 1.04836e-02 Time taken: 2 seconds
Epoch: 137/200 Train accuracy: 7.17044e-01 Validation accuracy: 6.94333e-01 Loss 1.04819e-02 Time taken: 2 seconds
Epoch: 138/200 Train accuracy: 7.16261e-01 Validation accuracy: 6.93000e-01 Loss 1.04827e-02 Time taken: 1 seconds
Epoch: 139/200 Train accuracy: 7.16332e-01 Validation accuracy: 6.90667e-01 Loss 1.04825e-02 Time taken: 1 seconds
Epoch: 140/200 Train accuracy: 7.16403e-01 Validation accuracy: 6.93333e-01 Loss 1.04790e-02 Time taken: 1 seconds
Epoch: 141/200 Train accuracy: 7.16902e-01 Validation accuracy: 6.95000e-01 Loss 1.04801e-02 Time taken: 1 seconds
Epoch: 142/200 Train accuracy: 7.17044e-01 Validation accuracy: 6.95333e-01 Loss 1.04804e-02 Time taken: 1 seconds
Epoch: 143/200 Train accuracy: 7.16973e-01 Validation accuracy: 6.96000e-01 Loss 1.04734e-02 Time taken: 1 seconds
Epoch: 144/200 Train accuracy: 7.16831e-01 Validation accuracy: 6.94333e-01 Loss 1.04732e-02 Time taken: 1 seconds
Epoch: 145/200 Train accuracy: 7.17971e-01 Validation accuracy: 6.94333e-01 Loss 1.04757e-02 Time taken: 1 seconds
Epoch: 146/200 Train accuracy: 7.16902e-01 Validation accuracy: 6.94333e-01 Loss 1.04783e-02 Time taken: 1 seconds
Epoch: 147/200 Train accuracy: 7.17044e-01 Validation accuracy: 6.93667e-01 Loss 1.04737e-02 Time taken: 1 seconds
Epoch: 148/200 Train accuracy: 7.16261e-01 Validation accuracy: 6.94667e-01 Loss 1.04728e-02 Time taken: 1 seconds
Epoch: 149/200 Train accuracy: 7.18256e-01 Validation accuracy: 6.95000e-01 Loss 1.04752e-02 Time taken: 1 seconds
Epoch: 150/200 Train accuracy: 7.18469e-01 Validation accuracy: 6.92333e-01 Loss 1.04737e-02 Time taken: 1 seconds
Epoch: 151/200 Train accuracy: 7.16617e-01 Validation accuracy: 6.94333e-01 Loss 1.04681e-02 Time taken: 1 seconds
Epoch: 152/200 Train accuracy: 7.18683e-01 Validation accuracy: 6.96333e-01 Loss 1.04692e-02 Time taken: 1 seconds
Epoch: 153/200 Train accuracy: 7.16902e-01 Validation accuracy: 6.97000e-01 Loss 1.04729e-02 Time taken: 1 seconds
Epoch: 154/200 Train accuracy: 7.17472e-01 Validation accuracy: 6.96333e-01 Loss 1.04683e-02 Time taken: 1 seconds
Epoch: 155/200 Train accuracy: 7.17187e-01 Validation accuracy: 6.95333e-01 Loss 1.04663e-02 Time taken: 1 seconds
Epoch: 156/200 Train accuracy: 7.18113e-01 Validation accuracy: 6.95667e-01 Loss 1.04635e-02 Time taken: 1 seconds
Epoch: 157/200 Train accuracy: 7.18897e-01 Validation accuracy: 6.96333e-01 Loss 1.04671e-02 Time taken: 1 seconds
Epoch: 158/200 Train accuracy: 7.18754e-01 Validation accuracy: 6.95667e-01 Loss 1.04621e-02 Time taken: 1 seconds
Epoch: 159/200 Train accuracy: 7.18541e-01 Validation accuracy: 6.96333e-01 Loss 1.04654e-02 Time taken: 1 seconds
Epoch: 160/200 Train accuracy: 7.18541e-01 Validation accuracy: 6.95000e-01 Loss 1.04604e-02 Time taken: 1 seconds
Epoch: 161/200 Train accuracy: 7.19111e-01 Validation accuracy: 6.95000e-01 Loss 1.04658e-02 Time taken: 1 seconds
Epoch: 162/200 Train accuracy: 7.18042e-01 Validation accuracy: 6.98000e-01 Loss 1.04658e-02 Time taken: 1 seconds
Epoch: 163/200 Train accuracy: 7.19182e-01 Validation accuracy: 6.95667e-01 Loss 1.04627e-02 Time taken: 1 seconds
Epoch: 164/200 Train accuracy: 7.18327e-01 Validation accuracy: 6.97667e-01 Loss 1.04592e-02 Time taken: 1 seconds
Epoch: 165/200 Train accuracy: 7.19538e-01 Validation accuracy: 6.96667e-01 Loss 1.04580e-02 Time taken: 1 seconds
Epoch: 166/200 Train accuracy: 7.18398e-01 Validation accuracy: 6.94667e-01 Loss 1.04579e-02 Time taken: 1 seconds
Epoch: 167/200 Train accuracy: 7.18612e-01 Validation accuracy: 6.95667e-01 Loss 1.04573e-02 Time taken: 1 seconds
Epoch: 168/200 Train accuracy: 7.19467e-01 Validation accuracy: 6.95667e-01 Loss 1.04557e-02 Time taken: 1 seconds
Epoch: 169/200 Train accuracy: 7.19966e-01 Validation accuracy: 6.94000e-01 Loss 1.04580e-02 Time taken: 1 seconds
Epoch: 170/200 Train accuracy: 7.18826e-01 Validation accuracy: 6.97333e-01 Loss 1.04613e-02 Time taken: 1 seconds
Epoch: 171/200 Train accuracy: 7.18327e-01 Validation accuracy: 6.99333e-01 Loss 1.04579e-02 Time taken: 1 seconds
Epoch: 172/200 Train accuracy: 7.19467e-01 Validation accuracy: 6.96000e-01 Loss 1.04545e-02 Time taken: 1 seconds
Epoch: 173/200 Train accuracy: 7.20393e-01 Validation accuracy: 6.94333e-01 Loss 1.04524e-02 Time taken: 1 seconds
Epoch: 174/200 Train accuracy: 7.21462e-01 Validation accuracy: 6.95667e-01 Loss 1.04529e-02 Time taken: 1 seconds
Epoch: 175/200 Train accuracy: 7.19253e-01 Validation accuracy: 7.00000e-01 Loss 1.04542e-02 Time taken: 1 seconds
Epoch: 176/200 Train accuracy: 7.20037e-01 Validation accuracy: 6.98333e-01 Loss 1.04525e-02 Time taken: 1 seconds
Epoch: 177/200 Train accuracy: 7.20892e-01 Validation accuracy: 6.95667e-01 Loss 1.04519e-02 Time taken: 1 seconds
Epoch: 178/200 Train accuracy: 7.21605e-01 Validation accuracy: 6.94667e-01 Loss 1.04486e-02 Time taken: 1 seconds
Epoch: 179/200 Train accuracy: 7.19039e-01 Validation accuracy: 6.97667e-01 Loss 1.04516e-02 Time taken: 1 seconds
Epoch: 180/200 Train accuracy: 7.20536e-01 Validation accuracy: 6.95000e-01 Loss 1.04502e-02 Time taken: 1 seconds
Epoch: 181/200 Train accuracy: 7.19895e-01 Validation accuracy: 6.97333e-01 Loss 1.04508e-02 Time taken: 1 seconds
Epoch: 182/200 Train accuracy: 7.20037e-01 Validation accuracy: 6.95667e-01 Loss 1.04461e-02 Time taken: 1 seconds
Epoch: 183/200 Train accuracy: 7.18042e-01 Validation accuracy: 6.97333e-01 Loss 1.04502e-02 Time taken: 2 seconds
Epoch: 184/200 Train accuracy: 7.20251e-01 Validation accuracy: 6.98000e-01 Loss 1.04459e-02 Time taken: 2 seconds
Epoch: 185/200 Train accuracy: 7.18541e-01 Validation accuracy: 6.97667e-01 Loss 1.04461e-02 Time taken: 2 seconds
Epoch: 186/200 Train accuracy: 7.20251e-01 Validation accuracy: 6.95667e-01 Loss 1.04497e-02 Time taken: 2 seconds
Epoch: 187/200 Train accuracy: 7.20322e-01 Validation accuracy: 6.97667e-01 Loss 1.04438e-02 Time taken: 2 seconds
Epoch: 188/200 Train accuracy: 7.20750e-01 Validation accuracy: 6.97667e-01 Loss 1.04445e-02 Time taken: 2 seconds
Epoch: 189/200 Train accuracy: 7.20892e-01 Validation accuracy: 6.95000e-01 Loss 1.04438e-02 Time taken: 2 seconds
Epoch: 190/200 Train accuracy: 7.20180e-01 Validation accuracy: 6.95667e-01 Loss 1.04443e-02 Time taken: 2 seconds
Epoch: 191/200 Train accuracy: 7.18469e-01 Validation accuracy: 7.00000e-01 Loss 1.04418e-02 Time taken: 2 seconds
Epoch: 192/200 Train accuracy: 7.21035e-01 Validation accuracy: 7.00333e-01 Loss 1.04405e-02 Time taken: 2 seconds
Epoch: 193/200 Train accuracy: 7.20963e-01 Validation accuracy: 6.96000e-01 Loss 1.04420e-02 Time taken: 2 seconds
Epoch: 194/200 Train accuracy: 7.20180e-01 Validation accuracy: 6.98333e-01 Loss 1.04439e-02 Time taken: 2 seconds
Epoch: 195/200 Train accuracy: 7.20180e-01 Validation accuracy: 6.98000e-01 Loss 1.04407e-02 Time taken: 2 seconds
Epoch: 196/200 Train accuracy: 7.20393e-01 Validation accuracy: 7.00000e-01 Loss 1.04415e-02 Time taken: 2 seconds
Epoch: 197/200 Train accuracy: 7.23315e-01 Validation accuracy: 6.98667e-01 Loss 1.04398e-02 Time taken: 2 seconds
Epoch: 198/200 Train accuracy: 7.20607e-01 Validation accuracy: 6.96000e-01 Loss 1.04375e-02 Time taken: 2 seconds
Epoch: 199/200 Train accuracy: 7.20037e-01 Validation accuracy: 6.95667e-01 Loss 1.04381e-02 Time taken: 2 seconds
Epoch: 200/200 Train accuracy: 7.20037e-01 Validation accuracy: 7.00000e-01 Loss 1.04415e-02 Time taken: 2 seconds
Total time taken 0:06:56.221887
Cleaning up intermediate feature (.pt) files
Done


working on file logs_PKT/iic-train-L2_PKT-seed-10/jepa_iic_L2_PKT_seed-10-ep300.pth.tar ...
