Directory classifiers/jepa-iic-L2_PKT-seed-10-classifier-pretrained-vitb-normalized-ep200 for saving the classifiers is now present
VisionTransformer(
  (patch_embed): PatchEmbed(
    (proj): Conv2d(3, 768, kernel_size=(15, 15), stride=(15, 15))
  )
  (blocks): ModuleList(
    (0-11): 12 x Block(
      (norm1): LayerNorm((768,), eps=1e-06, elementwise_affine=True)
      (attn): Attention(
        (qkv): Linear(in_features=768, out_features=2304, bias=True)
        (attn_drop): Dropout(p=0.0, inplace=False)
        (proj): Linear(in_features=768, out_features=768, bias=True)
        (proj_drop): Dropout(p=0.0, inplace=False)
      )
      (drop_path): Identity()
      (norm2): LayerNorm((768,), eps=1e-06, elementwise_affine=True)
      (mlp): MLP(
        (fc1): Linear(in_features=768, out_features=3072, bias=True)
        (act): GELU(approximate='none')
        (fc2): Linear(in_features=3072, out_features=768, bias=True)
        (drop): Dropout(p=0.0, inplace=False)
      )
    )
  )
  (norm): LayerNorm((768,), eps=1e-06, elementwise_affine=True)
)
Extracting features and saving them locally..
Epoch: 1/200 Train accuracy: 3.67750e-01 Validation accuracy: 5.15000e-01 Loss 1.30423e-02 Time taken: 2.32 seconds 
Epoch: 2/200 Train accuracy: 5.11116e-01 Validation accuracy: 5.70000e-01 Loss 1.21065e-02 Time taken: 2.34 seconds 
Epoch: 3/200 Train accuracy: 5.70115e-01 Validation accuracy: 6.08667e-01 Loss 1.16901e-02 Time taken: 2.36 seconds 
Epoch: 4/200 Train accuracy: 6.03463e-01 Validation accuracy: 6.32333e-01 Loss 1.14629e-02 Time taken: 2.31 seconds 
Epoch: 5/200 Train accuracy: 6.22346e-01 Validation accuracy: 6.36667e-01 Loss 1.13096e-02 Time taken: 2.18 seconds 
Epoch: 6/200 Train accuracy: 6.23343e-01 Validation accuracy: 6.38333e-01 Loss 1.12430e-02 Time taken: 2.35 seconds 
Epoch: 7/200 Train accuracy: 6.35528e-01 Validation accuracy: 6.44667e-01 Loss 1.11600e-02 Time taken: 2.35 seconds 
Epoch: 8/200 Train accuracy: 6.40160e-01 Validation accuracy: 6.48333e-01 Loss 1.11059e-02 Time taken: 2.05 seconds 
Epoch: 9/200 Train accuracy: 6.48639e-01 Validation accuracy: 6.47333e-01 Loss 1.10611e-02 Time taken: 2.11 seconds 
Epoch: 10/200 Train accuracy: 6.49565e-01 Validation accuracy: 6.45667e-01 Loss 1.10220e-02 Time taken: 2.25 seconds 
Epoch: 11/200 Train accuracy: 6.53128e-01 Validation accuracy: 6.59333e-01 Loss 1.10058e-02 Time taken: 2.27 seconds 
Epoch: 12/200 Train accuracy: 6.54624e-01 Validation accuracy: 6.56333e-01 Loss 1.09730e-02 Time taken: 2.08 seconds 
Epoch: 13/200 Train accuracy: 6.59684e-01 Validation accuracy: 6.56667e-01 Loss 1.09456e-02 Time taken: 2.14 seconds 
Epoch: 14/200 Train accuracy: 6.59755e-01 Validation accuracy: 6.58333e-01 Loss 1.09279e-02 Time taken: 2.35 seconds 
Epoch: 15/200 Train accuracy: 6.61109e-01 Validation accuracy: 6.63667e-01 Loss 1.09093e-02 Time taken: 2.10 seconds 
Epoch: 16/200 Train accuracy: 6.66310e-01 Validation accuracy: 6.57000e-01 Loss 1.08895e-02 Time taken: 2.28 seconds 
Epoch: 17/200 Train accuracy: 6.66952e-01 Validation accuracy: 6.60333e-01 Loss 1.08704e-02 Time taken: 2.38 seconds 
Epoch: 18/200 Train accuracy: 6.69802e-01 Validation accuracy: 6.72333e-01 Loss 1.08585e-02 Time taken: 2.52 seconds 
Epoch: 19/200 Train accuracy: 6.68448e-01 Validation accuracy: 6.61000e-01 Loss 1.08592e-02 Time taken: 2.16 seconds 
Epoch: 20/200 Train accuracy: 6.69018e-01 Validation accuracy: 6.70667e-01 Loss 1.08378e-02 Time taken: 2.24 seconds 
Epoch: 21/200 Train accuracy: 6.74932e-01 Validation accuracy: 6.68667e-01 Loss 1.08270e-02 Time taken: 2.33 seconds 
Epoch: 22/200 Train accuracy: 6.76927e-01 Validation accuracy: 6.66667e-01 Loss 1.08031e-02 Time taken: 2.17 seconds 
Epoch: 23/200 Train accuracy: 6.70586e-01 Validation accuracy: 6.60333e-01 Loss 1.08314e-02 Time taken: 2.38 seconds 
Epoch: 24/200 Train accuracy: 6.76001e-01 Validation accuracy: 6.71000e-01 Loss 1.07924e-02 Time taken: 2.24 seconds 
Epoch: 25/200 Train accuracy: 6.74220e-01 Validation accuracy: 6.74667e-01 Loss 1.07913e-02 Time taken: 2.27 seconds 
Epoch: 26/200 Train accuracy: 6.76072e-01 Validation accuracy: 6.70333e-01 Loss 1.07929e-02 Time taken: 2.29 seconds 
Epoch: 27/200 Train accuracy: 6.79564e-01 Validation accuracy: 6.74000e-01 Loss 1.07725e-02 Time taken: 2.09 seconds 
Epoch: 28/200 Train accuracy: 6.81488e-01 Validation accuracy: 6.74333e-01 Loss 1.07589e-02 Time taken: 2.21 seconds 
Epoch: 29/200 Train accuracy: 6.79564e-01 Validation accuracy: 6.73667e-01 Loss 1.07660e-02 Time taken: 2.42 seconds 
Epoch: 30/200 Train accuracy: 6.81630e-01 Validation accuracy: 6.77000e-01 Loss 1.07448e-02 Time taken: 2.26 seconds 
Epoch: 31/200 Train accuracy: 6.78068e-01 Validation accuracy: 6.69333e-01 Loss 1.07501e-02 Time taken: 2.25 seconds 
Epoch: 32/200 Train accuracy: 6.84837e-01 Validation accuracy: 6.76000e-01 Loss 1.07330e-02 Time taken: 2.09 seconds 
Epoch: 33/200 Train accuracy: 6.80490e-01 Validation accuracy: 6.80000e-01 Loss 1.07246e-02 Time taken: 2.06 seconds 
Epoch: 34/200 Train accuracy: 6.87830e-01 Validation accuracy: 6.77333e-01 Loss 1.07097e-02 Time taken: 2.00 seconds 
Epoch: 35/200 Train accuracy: 6.81915e-01 Validation accuracy: 6.82667e-01 Loss 1.07345e-02 Time taken: 2.13 seconds 
Epoch: 36/200 Train accuracy: 6.87260e-01 Validation accuracy: 6.76000e-01 Loss 1.07133e-02 Time taken: 2.29 seconds 
Epoch: 37/200 Train accuracy: 6.85051e-01 Validation accuracy: 6.83000e-01 Loss 1.07104e-02 Time taken: 2.30 seconds 
Epoch: 38/200 Train accuracy: 6.87830e-01 Validation accuracy: 6.79000e-01 Loss 1.07056e-02 Time taken: 2.05 seconds 
Epoch: 39/200 Train accuracy: 6.86974e-01 Validation accuracy: 6.76667e-01 Loss 1.06941e-02 Time taken: 2.07 seconds 
Epoch: 40/200 Train accuracy: 6.88542e-01 Validation accuracy: 6.79667e-01 Loss 1.06858e-02 Time taken: 2.39 seconds 
Epoch: 41/200 Train accuracy: 6.84196e-01 Validation accuracy: 6.81000e-01 Loss 1.06987e-02 Time taken: 2.17 seconds 
Epoch: 42/200 Train accuracy: 6.90894e-01 Validation accuracy: 6.75333e-01 Loss 1.06814e-02 Time taken: 2.12 seconds 
Epoch: 43/200 Train accuracy: 6.89753e-01 Validation accuracy: 6.85000e-01 Loss 1.06704e-02 Time taken: 2.13 seconds 
Epoch: 44/200 Train accuracy: 6.88043e-01 Validation accuracy: 6.75667e-01 Loss 1.06753e-02 Time taken: 2.12 seconds 
Epoch: 45/200 Train accuracy: 6.84267e-01 Validation accuracy: 6.80000e-01 Loss 1.06892e-02 Time taken: 2.39 seconds 
Epoch: 46/200 Train accuracy: 6.88970e-01 Validation accuracy: 6.79667e-01 Loss 1.06774e-02 Time taken: 2.15 seconds 
Epoch: 47/200 Train accuracy: 6.89397e-01 Validation accuracy: 6.74667e-01 Loss 1.06777e-02 Time taken: 2.40 seconds 
Epoch: 48/200 Train accuracy: 6.88970e-01 Validation accuracy: 6.80667e-01 Loss 1.06733e-02 Time taken: 2.29 seconds 
Epoch: 49/200 Train accuracy: 6.88756e-01 Validation accuracy: 6.86000e-01 Loss 1.06755e-02 Time taken: 2.23 seconds 
Epoch: 50/200 Train accuracy: 6.88970e-01 Validation accuracy: 6.86000e-01 Loss 1.06560e-02 Time taken: 2.12 seconds 
Epoch: 51/200 Train accuracy: 6.90324e-01 Validation accuracy: 6.84000e-01 Loss 1.06583e-02 Time taken: 2.54 seconds 
Epoch: 52/200 Train accuracy: 6.92319e-01 Validation accuracy: 6.84667e-01 Loss 1.06482e-02 Time taken: 2.33 seconds 
Epoch: 53/200 Train accuracy: 6.92034e-01 Validation accuracy: 6.86333e-01 Loss 1.06608e-02 Time taken: 2.12 seconds 
Epoch: 54/200 Train accuracy: 6.89397e-01 Validation accuracy: 6.83667e-01 Loss 1.06481e-02 Time taken: 2.36 seconds 
Epoch: 55/200 Train accuracy: 6.92461e-01 Validation accuracy: 6.83000e-01 Loss 1.06428e-02 Time taken: 2.30 seconds 
Epoch: 56/200 Train accuracy: 6.89326e-01 Validation accuracy: 6.86667e-01 Loss 1.06484e-02 Time taken: 2.13 seconds 
Epoch: 57/200 Train accuracy: 6.88328e-01 Validation accuracy: 6.88667e-01 Loss 1.06588e-02 Time taken: 2.34 seconds 
Epoch: 58/200 Train accuracy: 6.92461e-01 Validation accuracy: 6.87667e-01 Loss 1.06458e-02 Time taken: 2.30 seconds 
Epoch: 59/200 Train accuracy: 6.93886e-01 Validation accuracy: 6.87000e-01 Loss 1.06292e-02 Time taken: 2.23 seconds 
Epoch: 60/200 Train accuracy: 6.91535e-01 Validation accuracy: 6.84667e-01 Loss 1.06410e-02 Time taken: 2.16 seconds 
Epoch: 61/200 Train accuracy: 6.93673e-01 Validation accuracy: 6.84333e-01 Loss 1.06332e-02 Time taken: 2.11 seconds 
Epoch: 62/200 Train accuracy: 6.89753e-01 Validation accuracy: 6.83667e-01 Loss 1.06455e-02 Time taken: 2.21 seconds 
Epoch: 63/200 Train accuracy: 6.96095e-01 Validation accuracy: 6.89333e-01 Loss 1.06166e-02 Time taken: 2.16 seconds 
Epoch: 64/200 Train accuracy: 6.91321e-01 Validation accuracy: 6.87000e-01 Loss 1.06449e-02 Time taken: 2.28 seconds 
Epoch: 65/200 Train accuracy: 6.93601e-01 Validation accuracy: 6.89000e-01 Loss 1.06211e-02 Time taken: 2.40 seconds 
Epoch: 66/200 Train accuracy: 6.92319e-01 Validation accuracy: 6.90000e-01 Loss 1.06265e-02 Time taken: 2.38 seconds 
Epoch: 67/200 Train accuracy: 6.94741e-01 Validation accuracy: 6.83000e-01 Loss 1.06310e-02 Time taken: 2.37 seconds 
Epoch: 68/200 Train accuracy: 6.91321e-01 Validation accuracy: 6.88000e-01 Loss 1.06354e-02 Time taken: 2.24 seconds 
Epoch: 69/200 Train accuracy: 6.94813e-01 Validation accuracy: 6.87000e-01 Loss 1.06165e-02 Time taken: 2.16 seconds 
Epoch: 70/200 Train accuracy: 6.90894e-01 Validation accuracy: 6.88000e-01 Loss 1.06385e-02 Time taken: 2.18 seconds 
Epoch: 71/200 Train accuracy: 6.95881e-01 Validation accuracy: 6.88000e-01 Loss 1.06054e-02 Time taken: 2.23 seconds 
Epoch: 72/200 Train accuracy: 6.95454e-01 Validation accuracy: 6.88000e-01 Loss 1.06248e-02 Time taken: 2.45 seconds 
Epoch: 73/200 Train accuracy: 6.94029e-01 Validation accuracy: 6.87333e-01 Loss 1.06201e-02 Time taken: 2.26 seconds 
Epoch: 74/200 Train accuracy: 6.90751e-01 Validation accuracy: 6.87000e-01 Loss 1.06113e-02 Time taken: 2.18 seconds 
Epoch: 75/200 Train accuracy: 6.95810e-01 Validation accuracy: 6.89000e-01 Loss 1.06123e-02 Time taken: 2.11 seconds 
Epoch: 76/200 Train accuracy: 6.94955e-01 Validation accuracy: 6.88000e-01 Loss 1.06061e-02 Time taken: 2.17 seconds 
Epoch: 77/200 Train accuracy: 6.95596e-01 Validation accuracy: 6.89000e-01 Loss 1.06127e-02 Time taken: 2.08 seconds 
Epoch: 78/200 Train accuracy: 6.97164e-01 Validation accuracy: 6.86667e-01 Loss 1.06023e-02 Time taken: 2.21 seconds 
Epoch: 79/200 Train accuracy: 6.96095e-01 Validation accuracy: 6.86333e-01 Loss 1.05951e-02 Time taken: 2.39 seconds 
Epoch: 80/200 Train accuracy: 6.98447e-01 Validation accuracy: 6.84000e-01 Loss 1.05963e-02 Time taken: 2.14 seconds 
Epoch: 81/200 Train accuracy: 6.97022e-01 Validation accuracy: 6.89333e-01 Loss 1.05917e-02 Time taken: 2.10 seconds 
Epoch: 82/200 Train accuracy: 6.94741e-01 Validation accuracy: 6.88667e-01 Loss 1.05979e-02 Time taken: 2.21 seconds 
Epoch: 83/200 Train accuracy: 6.98803e-01 Validation accuracy: 6.80667e-01 Loss 1.05834e-02 Time taken: 2.23 seconds 
Epoch: 84/200 Train accuracy: 6.94955e-01 Validation accuracy: 6.91667e-01 Loss 1.06001e-02 Time taken: 2.10 seconds 
Epoch: 85/200 Train accuracy: 6.95026e-01 Validation accuracy: 6.90000e-01 Loss 1.06022e-02 Time taken: 2.04 seconds 
Epoch: 86/200 Train accuracy: 6.99515e-01 Validation accuracy: 6.91000e-01 Loss 1.05862e-02 Time taken: 2.28 seconds 
Epoch: 87/200 Train accuracy: 6.98518e-01 Validation accuracy: 6.88667e-01 Loss 1.05815e-02 Time taken: 2.28 seconds 
Epoch: 88/200 Train accuracy: 6.98233e-01 Validation accuracy: 6.91000e-01 Loss 1.05835e-02 Time taken: 2.06 seconds 
Epoch: 89/200 Train accuracy: 6.98518e-01 Validation accuracy: 6.90667e-01 Loss 1.05820e-02 Time taken: 2.28 seconds 
Epoch: 90/200 Train accuracy: 6.96808e-01 Validation accuracy: 6.90667e-01 Loss 1.05833e-02 Time taken: 2.20 seconds 
Epoch: 91/200 Train accuracy: 6.97307e-01 Validation accuracy: 6.89667e-01 Loss 1.05847e-02 Time taken: 2.21 seconds 
Epoch: 92/200 Train accuracy: 6.95953e-01 Validation accuracy: 6.92667e-01 Loss 1.05946e-02 Time taken: 2.33 seconds 
Epoch: 93/200 Train accuracy: 6.96523e-01 Validation accuracy: 6.90667e-01 Loss 1.05931e-02 Time taken: 2.22 seconds 
Epoch: 94/200 Train accuracy: 6.97805e-01 Validation accuracy: 6.91667e-01 Loss 1.05832e-02 Time taken: 2.05 seconds 
Epoch: 95/200 Train accuracy: 6.98019e-01 Validation accuracy: 6.90333e-01 Loss 1.05840e-02 Time taken: 2.04 seconds 
Epoch: 96/200 Train accuracy: 7.01368e-01 Validation accuracy: 6.87667e-01 Loss 1.05696e-02 Time taken: 2.11 seconds 
Epoch: 97/200 Train accuracy: 6.98019e-01 Validation accuracy: 6.85667e-01 Loss 1.05836e-02 Time taken: 2.16 seconds 
Epoch: 98/200 Train accuracy: 7.05002e-01 Validation accuracy: 6.91333e-01 Loss 1.05566e-02 Time taken: 2.22 seconds 
Epoch: 99/200 Train accuracy: 6.98589e-01 Validation accuracy: 6.92667e-01 Loss 1.05773e-02 Time taken: 2.30 seconds 
Epoch: 100/200 Train accuracy: 6.99230e-01 Validation accuracy: 6.91667e-01 Loss 1.05811e-02 Time taken: 2.09 seconds 
Epoch: 101/200 Train accuracy: 6.94670e-01 Validation accuracy: 6.95667e-01 Loss 1.05864e-02 Time taken: 2.01 seconds 
Epoch: 102/200 Train accuracy: 7.00798e-01 Validation accuracy: 6.91333e-01 Loss 1.05671e-02 Time taken: 2.03 seconds 
Epoch: 103/200 Train accuracy: 7.01012e-01 Validation accuracy: 6.91667e-01 Loss 1.05610e-02 Time taken: 2.20 seconds 
Epoch: 104/200 Train accuracy: 6.99729e-01 Validation accuracy: 6.92000e-01 Loss 1.05756e-02 Time taken: 2.38 seconds 
Epoch: 105/200 Train accuracy: 6.97307e-01 Validation accuracy: 6.89333e-01 Loss 1.05783e-02 Time taken: 2.13 seconds 
Epoch: 106/200 Train accuracy: 7.01439e-01 Validation accuracy: 6.92333e-01 Loss 1.05554e-02 Time taken: 2.32 seconds 
Epoch: 107/200 Train accuracy: 7.04147e-01 Validation accuracy: 6.90000e-01 Loss 1.05522e-02 Time taken: 1.84 seconds 
Epoch: 108/200 Train accuracy: 7.00798e-01 Validation accuracy: 6.91000e-01 Loss 1.05642e-02 Time taken: 1.70 seconds 
Epoch: 109/200 Train accuracy: 7.00656e-01 Validation accuracy: 6.92000e-01 Loss 1.05620e-02 Time taken: 1.58 seconds 
Epoch: 110/200 Train accuracy: 6.99017e-01 Validation accuracy: 6.93000e-01 Loss 1.05693e-02 Time taken: 1.58 seconds 
Epoch: 111/200 Train accuracy: 6.97663e-01 Validation accuracy: 6.91667e-01 Loss 1.05615e-02 Time taken: 1.59 seconds 
Epoch: 112/200 Train accuracy: 6.98304e-01 Validation accuracy: 6.96333e-01 Loss 1.05729e-02 Time taken: 1.59 seconds 
Epoch: 113/200 Train accuracy: 7.03292e-01 Validation accuracy: 6.91333e-01 Loss 1.05558e-02 Time taken: 1.58 seconds 
Epoch: 114/200 Train accuracy: 7.02081e-01 Validation accuracy: 6.91667e-01 Loss 1.05469e-02 Time taken: 1.61 seconds 
Epoch: 115/200 Train accuracy: 7.00798e-01 Validation accuracy: 6.93000e-01 Loss 1.05519e-02 Time taken: 1.63 seconds 
Epoch: 116/200 Train accuracy: 7.00869e-01 Validation accuracy: 6.91667e-01 Loss 1.05508e-02 Time taken: 1.68 seconds 
Epoch: 117/200 Train accuracy: 7.02579e-01 Validation accuracy: 6.89667e-01 Loss 1.05557e-02 Time taken: 1.63 seconds 
Epoch: 118/200 Train accuracy: 6.98447e-01 Validation accuracy: 6.92000e-01 Loss 1.05653e-02 Time taken: 1.60 seconds 
Epoch: 119/200 Train accuracy: 7.01511e-01 Validation accuracy: 6.97667e-01 Loss 1.05549e-02 Time taken: 1.61 seconds 
Epoch: 120/200 Train accuracy: 7.00014e-01 Validation accuracy: 6.98000e-01 Loss 1.05632e-02 Time taken: 1.61 seconds 
Epoch: 121/200 Train accuracy: 7.00299e-01 Validation accuracy: 6.97000e-01 Loss 1.05537e-02 Time taken: 1.60 seconds 
Epoch: 122/200 Train accuracy: 6.99017e-01 Validation accuracy: 6.95000e-01 Loss 1.05643e-02 Time taken: 1.61 seconds 
Epoch: 123/200 Train accuracy: 7.01368e-01 Validation accuracy: 6.95667e-01 Loss 1.05498e-02 Time taken: 1.68 seconds 
Epoch: 124/200 Train accuracy: 7.04788e-01 Validation accuracy: 6.94333e-01 Loss 1.05541e-02 Time taken: 1.61 seconds 
Epoch: 125/200 Train accuracy: 6.99017e-01 Validation accuracy: 6.94333e-01 Loss 1.05669e-02 Time taken: 1.61 seconds 
Epoch: 126/200 Train accuracy: 7.00869e-01 Validation accuracy: 6.94667e-01 Loss 1.05607e-02 Time taken: 1.63 seconds 
Epoch: 127/200 Train accuracy: 7.00086e-01 Validation accuracy: 6.91000e-01 Loss 1.05538e-02 Time taken: 1.64 seconds 
Epoch: 128/200 Train accuracy: 7.00941e-01 Validation accuracy: 6.96667e-01 Loss 1.05610e-02 Time taken: 1.65 seconds 
Epoch: 129/200 Train accuracy: 6.99800e-01 Validation accuracy: 6.93000e-01 Loss 1.05545e-02 Time taken: 1.64 seconds 
Epoch: 130/200 Train accuracy: 6.98589e-01 Validation accuracy: 6.90000e-01 Loss 1.05628e-02 Time taken: 1.63 seconds 
Epoch: 131/200 Train accuracy: 7.02864e-01 Validation accuracy: 6.94333e-01 Loss 1.05539e-02 Time taken: 1.64 seconds 
Epoch: 132/200 Train accuracy: 7.05643e-01 Validation accuracy: 6.92000e-01 Loss 1.05341e-02 Time taken: 1.69 seconds 
Epoch: 133/200 Train accuracy: 6.99088e-01 Validation accuracy: 6.90667e-01 Loss 1.05537e-02 Time taken: 1.64 seconds 
Epoch: 134/200 Train accuracy: 7.03149e-01 Validation accuracy: 6.96000e-01 Loss 1.05420e-02 Time taken: 1.62 seconds 
Epoch: 135/200 Train accuracy: 6.99729e-01 Validation accuracy: 6.97333e-01 Loss 1.05507e-02 Time taken: 1.62 seconds 
Epoch: 136/200 Train accuracy: 7.04646e-01 Validation accuracy: 6.96667e-01 Loss 1.05419e-02 Time taken: 1.63 seconds 
Epoch: 137/200 Train accuracy: 7.00727e-01 Validation accuracy: 6.96333e-01 Loss 1.05454e-02 Time taken: 1.63 seconds 
Epoch: 138/200 Train accuracy: 7.01511e-01 Validation accuracy: 6.96667e-01 Loss 1.05553e-02 Time taken: 1.61 seconds 
Epoch: 139/200 Train accuracy: 7.03577e-01 Validation accuracy: 6.93667e-01 Loss 1.05424e-02 Time taken: 1.64 seconds 
Epoch: 140/200 Train accuracy: 7.02722e-01 Validation accuracy: 6.94000e-01 Loss 1.05498e-02 Time taken: 1.67 seconds 
Epoch: 141/200 Train accuracy: 6.98660e-01 Validation accuracy: 6.95333e-01 Loss 1.05518e-02 Time taken: 1.91 seconds 
Epoch: 142/200 Train accuracy: 7.01012e-01 Validation accuracy: 6.94000e-01 Loss 1.05461e-02 Time taken: 1.60 seconds 
Epoch: 143/200 Train accuracy: 7.02579e-01 Validation accuracy: 6.94333e-01 Loss 1.05449e-02 Time taken: 1.68 seconds 
Epoch: 144/200 Train accuracy: 7.01083e-01 Validation accuracy: 6.95667e-01 Loss 1.05499e-02 Time taken: 1.68 seconds 
Epoch: 145/200 Train accuracy: 7.00513e-01 Validation accuracy: 6.96667e-01 Loss 1.05458e-02 Time taken: 1.64 seconds 
Epoch: 146/200 Train accuracy: 7.00798e-01 Validation accuracy: 6.90000e-01 Loss 1.05398e-02 Time taken: 1.66 seconds 
Epoch: 147/200 Train accuracy: 7.02009e-01 Validation accuracy: 6.98667e-01 Loss 1.05476e-02 Time taken: 1.64 seconds 
Epoch: 148/200 Train accuracy: 7.01368e-01 Validation accuracy: 6.95000e-01 Loss 1.05470e-02 Time taken: 1.68 seconds 
Epoch: 149/200 Train accuracy: 7.05358e-01 Validation accuracy: 6.96000e-01 Loss 1.05400e-02 Time taken: 1.70 seconds 
Epoch: 150/200 Train accuracy: 7.01867e-01 Validation accuracy: 6.95667e-01 Loss 1.05355e-02 Time taken: 1.78 seconds 
Epoch: 151/200 Train accuracy: 7.04931e-01 Validation accuracy: 6.94000e-01 Loss 1.05371e-02 Time taken: 2.10 seconds 
Epoch: 152/200 Train accuracy: 7.03007e-01 Validation accuracy: 6.96667e-01 Loss 1.05367e-02 Time taken: 2.29 seconds 
Epoch: 153/200 Train accuracy: 7.02366e-01 Validation accuracy: 6.98000e-01 Loss 1.05322e-02 Time taken: 2.21 seconds 
Epoch: 154/200 Train accuracy: 7.03078e-01 Validation accuracy: 6.91667e-01 Loss 1.05312e-02 Time taken: 2.05 seconds 
Epoch: 155/200 Train accuracy: 7.02508e-01 Validation accuracy: 6.98000e-01 Loss 1.05392e-02 Time taken: 2.07 seconds 
Epoch: 156/200 Train accuracy: 7.05358e-01 Validation accuracy: 6.96000e-01 Loss 1.05172e-02 Time taken: 2.24 seconds 
Epoch: 157/200 Train accuracy: 7.01724e-01 Validation accuracy: 6.96667e-01 Loss 1.05422e-02 Time taken: 2.30 seconds 
Epoch: 158/200 Train accuracy: 7.02009e-01 Validation accuracy: 6.97000e-01 Loss 1.05413e-02 Time taken: 2.44 seconds 
Epoch: 159/200 Train accuracy: 7.04717e-01 Validation accuracy: 6.91333e-01 Loss 1.05147e-02 Time taken: 2.22 seconds 
Epoch: 160/200 Train accuracy: 7.04717e-01 Validation accuracy: 6.94333e-01 Loss 1.05222e-02 Time taken: 2.19 seconds 
Epoch: 161/200 Train accuracy: 7.05287e-01 Validation accuracy: 6.90333e-01 Loss 1.05230e-02 Time taken: 2.13 seconds 
Epoch: 162/200 Train accuracy: 7.07781e-01 Validation accuracy: 6.98667e-01 Loss 1.05195e-02 Time taken: 2.29 seconds 
Epoch: 163/200 Train accuracy: 7.04290e-01 Validation accuracy: 6.98667e-01 Loss 1.05263e-02 Time taken: 2.24 seconds 
Epoch: 164/200 Train accuracy: 7.05715e-01 Validation accuracy: 7.00333e-01 Loss 1.05271e-02 Time taken: 2.45 seconds 
Epoch: 165/200 Train accuracy: 7.03078e-01 Validation accuracy: 6.96000e-01 Loss 1.05273e-02 Time taken: 2.08 seconds 
Epoch: 166/200 Train accuracy: 7.00513e-01 Validation accuracy: 7.01000e-01 Loss 1.05323e-02 Time taken: 2.22 seconds 
Epoch: 167/200 Train accuracy: 7.03506e-01 Validation accuracy: 6.97667e-01 Loss 1.05335e-02 Time taken: 2.28 seconds 
Epoch: 168/200 Train accuracy: 7.03078e-01 Validation accuracy: 6.98000e-01 Loss 1.05403e-02 Time taken: 2.04 seconds 
Epoch: 169/200 Train accuracy: 7.00798e-01 Validation accuracy: 7.00333e-01 Loss 1.05422e-02 Time taken: 2.29 seconds 
Epoch: 170/200 Train accuracy: 7.02508e-01 Validation accuracy: 6.99333e-01 Loss 1.05274e-02 Time taken: 2.38 seconds 
Epoch: 171/200 Train accuracy: 7.03078e-01 Validation accuracy: 6.96000e-01 Loss 1.05306e-02 Time taken: 2.20 seconds 
Epoch: 172/200 Train accuracy: 7.02793e-01 Validation accuracy: 7.00333e-01 Loss 1.05262e-02 Time taken: 2.30 seconds 
Epoch: 173/200 Train accuracy: 7.06000e-01 Validation accuracy: 6.97333e-01 Loss 1.05154e-02 Time taken: 2.29 seconds 
Epoch: 174/200 Train accuracy: 7.06427e-01 Validation accuracy: 6.98333e-01 Loss 1.05201e-02 Time taken: 2.20 seconds 
Epoch: 175/200 Train accuracy: 7.05928e-01 Validation accuracy: 6.94333e-01 Loss 1.05259e-02 Time taken: 2.14 seconds 
Epoch: 176/200 Train accuracy: 7.03363e-01 Validation accuracy: 6.96000e-01 Loss 1.05273e-02 Time taken: 2.20 seconds 
Epoch: 177/200 Train accuracy: 7.02009e-01 Validation accuracy: 6.99667e-01 Loss 1.05358e-02 Time taken: 2.11 seconds 
Epoch: 178/200 Train accuracy: 7.04788e-01 Validation accuracy: 6.97000e-01 Loss 1.05176e-02 Time taken: 2.11 seconds 
Epoch: 179/200 Train accuracy: 7.04860e-01 Validation accuracy: 6.99333e-01 Loss 1.05188e-02 Time taken: 2.19 seconds 
Epoch: 180/200 Train accuracy: 7.01297e-01 Validation accuracy: 6.98667e-01 Loss 1.05246e-02 Time taken: 2.28 seconds 
Epoch: 181/200 Train accuracy: 7.03791e-01 Validation accuracy: 6.97667e-01 Loss 1.05252e-02 Time taken: 2.14 seconds 
Epoch: 182/200 Train accuracy: 7.03933e-01 Validation accuracy: 6.99000e-01 Loss 1.05227e-02 Time taken: 2.16 seconds 
Epoch: 183/200 Train accuracy: 7.03292e-01 Validation accuracy: 6.92333e-01 Loss 1.05184e-02 Time taken: 2.22 seconds 
Epoch: 184/200 Train accuracy: 7.05501e-01 Validation accuracy: 7.01000e-01 Loss 1.05206e-02 Time taken: 2.16 seconds 
Epoch: 185/200 Train accuracy: 7.03791e-01 Validation accuracy: 6.93667e-01 Loss 1.05214e-02 Time taken: 2.18 seconds 
Epoch: 186/200 Train accuracy: 7.05430e-01 Validation accuracy: 7.00000e-01 Loss 1.05116e-02 Time taken: 2.30 seconds 
Epoch: 187/200 Train accuracy: 7.06641e-01 Validation accuracy: 6.93333e-01 Loss 1.05107e-02 Time taken: 2.39 seconds 
Epoch: 188/200 Train accuracy: 7.03078e-01 Validation accuracy: 6.98000e-01 Loss 1.05216e-02 Time taken: 2.32 seconds 
Epoch: 189/200 Train accuracy: 7.02508e-01 Validation accuracy: 6.94333e-01 Loss 1.05208e-02 Time taken: 2.42 seconds 
Epoch: 190/200 Train accuracy: 7.03221e-01 Validation accuracy: 7.01333e-01 Loss 1.05230e-02 Time taken: 2.33 seconds 
Epoch: 191/200 Train accuracy: 7.04575e-01 Validation accuracy: 7.00000e-01 Loss 1.05141e-02 Time taken: 2.46 seconds 
Epoch: 192/200 Train accuracy: 7.03363e-01 Validation accuracy: 7.03333e-01 Loss 1.05201e-02 Time taken: 2.20 seconds 
Epoch: 193/200 Train accuracy: 7.03506e-01 Validation accuracy: 6.93667e-01 Loss 1.05227e-02 Time taken: 2.27 seconds 
Epoch: 194/200 Train accuracy: 7.04005e-01 Validation accuracy: 6.99333e-01 Loss 1.05237e-02 Time taken: 2.42 seconds 
Epoch: 195/200 Train accuracy: 7.04218e-01 Validation accuracy: 6.99333e-01 Loss 1.05247e-02 Time taken: 2.26 seconds 
Epoch: 196/200 Train accuracy: 7.06356e-01 Validation accuracy: 6.97000e-01 Loss 1.05152e-02 Time taken: 2.27 seconds 
Epoch: 197/200 Train accuracy: 7.05073e-01 Validation accuracy: 6.98667e-01 Loss 1.05185e-02 Time taken: 2.28 seconds 
Epoch: 198/200 Train accuracy: 7.03791e-01 Validation accuracy: 6.97000e-01 Loss 1.05100e-02 Time taken: 2.26 seconds 
Epoch: 199/200 Train accuracy: 7.03435e-01 Validation accuracy: 6.97000e-01 Loss 1.05243e-02 Time taken: 2.12 seconds 
Epoch: 200/200 Train accuracy: 7.06071e-01 Validation accuracy: 7.00333e-01 Loss 1.05099e-02 Time taken: 2.16 seconds 
Total time taken 0:07:01.279685
Cleaning up intermediate feature (.pt) files
Done


working on file logs_PKT/iic-train-L2_PKT-seed-10/jepa_iic_L2_PKT_seed-10-ep300.pth.tar ...
