Directory classifiers/jepa-iic-L2_PKT-seed-10-classifier-pretrained-vitb-ep400 is now present
VisionTransformer(
  (patch_embed): PatchEmbed(
    (proj): Conv2d(3, 768, kernel_size=(15, 15), stride=(15, 15))
  )
  (blocks): ModuleList(
    (0-11): 12 x Block(
      (norm1): LayerNorm((768,), eps=1e-06, elementwise_affine=True)
      (attn): Attention(
        (qkv): Linear(in_features=768, out_features=2304, bias=True)
        (attn_drop): Dropout(p=0.0, inplace=False)
        (proj): Linear(in_features=768, out_features=768, bias=True)
        (proj_drop): Dropout(p=0.0, inplace=False)
      )
      (drop_path): Identity()
      (norm2): LayerNorm((768,), eps=1e-06, elementwise_affine=True)
      (mlp): MLP(
        (fc1): Linear(in_features=768, out_features=3072, bias=True)
        (act): GELU(approximate='none')
        (fc2): Linear(in_features=3072, out_features=768, bias=True)
        (drop): Dropout(p=0.0, inplace=False)
      )
    )
  )
  (norm): LayerNorm((768,), eps=1e-06, elementwise_affine=True)
)
Extracting features and saving them locally..
Epoch: 1/200 Train accuracy: 4.51190e-01 Validation accuracy: 6.04333e-01 Loss 1.29421e-02 Time taken: 2 seconds
Epoch: 2/200 Train accuracy: 6.39020e-01 Validation accuracy: 6.48333e-01 Loss 1.17960e-02 Time taken: 2 seconds
Epoch: 3/200 Train accuracy: 6.70728e-01 Validation accuracy: 6.60333e-01 Loss 1.13824e-02 Time taken: 2 seconds
Epoch: 4/200 Train accuracy: 6.84837e-01 Validation accuracy: 6.70667e-01 Loss 1.11652e-02 Time taken: 2 seconds
Epoch: 5/200 Train accuracy: 6.94884e-01 Validation accuracy: 6.82000e-01 Loss 1.10201e-02 Time taken: 2 seconds
Epoch: 6/200 Train accuracy: 6.98090e-01 Validation accuracy: 6.84000e-01 Loss 1.09220e-02 Time taken: 2 seconds
Epoch: 7/200 Train accuracy: 7.03435e-01 Validation accuracy: 6.93000e-01 Loss 1.08413e-02 Time taken: 2 seconds
Epoch: 8/200 Train accuracy: 7.08422e-01 Validation accuracy: 7.00667e-01 Loss 1.07780e-02 Time taken: 2 seconds
Epoch: 9/200 Train accuracy: 7.13197e-01 Validation accuracy: 7.07000e-01 Loss 1.07252e-02 Time taken: 2 seconds
Epoch: 10/200 Train accuracy: 7.15904e-01 Validation accuracy: 7.07000e-01 Loss 1.06802e-02 Time taken: 2 seconds
Epoch: 11/200 Train accuracy: 7.18184e-01 Validation accuracy: 7.10000e-01 Loss 1.06415e-02 Time taken: 2 seconds
Epoch: 12/200 Train accuracy: 7.23315e-01 Validation accuracy: 7.12333e-01 Loss 1.06063e-02 Time taken: 2 seconds
Epoch: 13/200 Train accuracy: 7.23671e-01 Validation accuracy: 7.20333e-01 Loss 1.05771e-02 Time taken: 2 seconds
Epoch: 14/200 Train accuracy: 7.25737e-01 Validation accuracy: 7.19000e-01 Loss 1.05529e-02 Time taken: 2 seconds
Epoch: 15/200 Train accuracy: 7.29087e-01 Validation accuracy: 7.19000e-01 Loss 1.05270e-02 Time taken: 2 seconds
Epoch: 16/200 Train accuracy: 7.30440e-01 Validation accuracy: 7.23000e-01 Loss 1.05046e-02 Time taken: 2 seconds
Epoch: 17/200 Train accuracy: 7.31723e-01 Validation accuracy: 7.25333e-01 Loss 1.04881e-02 Time taken: 2 seconds
Epoch: 18/200 Train accuracy: 7.32863e-01 Validation accuracy: 7.27333e-01 Loss 1.04683e-02 Time taken: 2 seconds
Epoch: 19/200 Train accuracy: 7.33504e-01 Validation accuracy: 7.30333e-01 Loss 1.04519e-02 Time taken: 1 seconds
Epoch: 20/200 Train accuracy: 7.36070e-01 Validation accuracy: 7.27333e-01 Loss 1.04353e-02 Time taken: 2 seconds
Epoch: 21/200 Train accuracy: 7.36426e-01 Validation accuracy: 7.34333e-01 Loss 1.04210e-02 Time taken: 2 seconds
Epoch: 22/200 Train accuracy: 7.36996e-01 Validation accuracy: 7.29667e-01 Loss 1.04094e-02 Time taken: 2 seconds
Epoch: 23/200 Train accuracy: 7.37495e-01 Validation accuracy: 7.30000e-01 Loss 1.03975e-02 Time taken: 2 seconds
Epoch: 24/200 Train accuracy: 7.39704e-01 Validation accuracy: 7.32333e-01 Loss 1.03842e-02 Time taken: 2 seconds
Epoch: 25/200 Train accuracy: 7.38065e-01 Validation accuracy: 7.36667e-01 Loss 1.03715e-02 Time taken: 2 seconds
Epoch: 26/200 Train accuracy: 7.41485e-01 Validation accuracy: 7.35000e-01 Loss 1.03659e-02 Time taken: 2 seconds
Epoch: 27/200 Train accuracy: 7.41414e-01 Validation accuracy: 7.32667e-01 Loss 1.03585e-02 Time taken: 2 seconds
Epoch: 28/200 Train accuracy: 7.42340e-01 Validation accuracy: 7.33333e-01 Loss 1.03482e-02 Time taken: 2 seconds
Epoch: 29/200 Train accuracy: 7.42625e-01 Validation accuracy: 7.34667e-01 Loss 1.03351e-02 Time taken: 2 seconds
Epoch: 30/200 Train accuracy: 7.41841e-01 Validation accuracy: 7.37000e-01 Loss 1.03278e-02 Time taken: 2 seconds
Epoch: 31/200 Train accuracy: 7.45760e-01 Validation accuracy: 7.37667e-01 Loss 1.03221e-02 Time taken: 2 seconds
Epoch: 32/200 Train accuracy: 7.45475e-01 Validation accuracy: 7.40667e-01 Loss 1.03106e-02 Time taken: 2 seconds
Epoch: 33/200 Train accuracy: 7.45618e-01 Validation accuracy: 7.40667e-01 Loss 1.03077e-02 Time taken: 2 seconds
Epoch: 34/200 Train accuracy: 7.45048e-01 Validation accuracy: 7.38667e-01 Loss 1.02996e-02 Time taken: 2 seconds
Epoch: 35/200 Train accuracy: 7.45262e-01 Validation accuracy: 7.41000e-01 Loss 1.02918e-02 Time taken: 2 seconds
Epoch: 36/200 Train accuracy: 7.47185e-01 Validation accuracy: 7.41000e-01 Loss 1.02864e-02 Time taken: 2 seconds
Epoch: 37/200 Train accuracy: 7.47114e-01 Validation accuracy: 7.41000e-01 Loss 1.02810e-02 Time taken: 2 seconds
Epoch: 38/200 Train accuracy: 7.47043e-01 Validation accuracy: 7.42000e-01 Loss 1.02743e-02 Time taken: 2 seconds
Epoch: 39/200 Train accuracy: 7.47898e-01 Validation accuracy: 7.42000e-01 Loss 1.02686e-02 Time taken: 2 seconds
Epoch: 40/200 Train accuracy: 7.47969e-01 Validation accuracy: 7.42000e-01 Loss 1.02629e-02 Time taken: 2 seconds
Epoch: 41/200 Train accuracy: 7.50606e-01 Validation accuracy: 7.43333e-01 Loss 1.02594e-02 Time taken: 2 seconds
Epoch: 42/200 Train accuracy: 7.49822e-01 Validation accuracy: 7.45000e-01 Loss 1.02544e-02 Time taken: 2 seconds
Epoch: 43/200 Train accuracy: 7.51176e-01 Validation accuracy: 7.44333e-01 Loss 1.02500e-02 Time taken: 2 seconds
Epoch: 44/200 Train accuracy: 7.50178e-01 Validation accuracy: 7.45000e-01 Loss 1.02458e-02 Time taken: 2 seconds
Epoch: 45/200 Train accuracy: 7.52102e-01 Validation accuracy: 7.46000e-01 Loss 1.02387e-02 Time taken: 2 seconds
Epoch: 46/200 Train accuracy: 7.50534e-01 Validation accuracy: 7.45667e-01 Loss 1.02340e-02 Time taken: 2 seconds
Epoch: 47/200 Train accuracy: 7.51247e-01 Validation accuracy: 7.47000e-01 Loss 1.02342e-02 Time taken: 2 seconds
Epoch: 48/200 Train accuracy: 7.52672e-01 Validation accuracy: 7.49333e-01 Loss 1.02273e-02 Time taken: 2 seconds
Epoch: 49/200 Train accuracy: 7.52886e-01 Validation accuracy: 7.46667e-01 Loss 1.02234e-02 Time taken: 2 seconds
Epoch: 50/200 Train accuracy: 7.53741e-01 Validation accuracy: 7.47667e-01 Loss 1.02207e-02 Time taken: 2 seconds
Epoch: 51/200 Train accuracy: 7.53171e-01 Validation accuracy: 7.50333e-01 Loss 1.02143e-02 Time taken: 2 seconds
Epoch: 52/200 Train accuracy: 7.52458e-01 Validation accuracy: 7.47333e-01 Loss 1.02092e-02 Time taken: 2 seconds
Epoch: 53/200 Train accuracy: 7.52530e-01 Validation accuracy: 7.48333e-01 Loss 1.02080e-02 Time taken: 2 seconds
Epoch: 54/200 Train accuracy: 7.54453e-01 Validation accuracy: 7.48000e-01 Loss 1.02053e-02 Time taken: 2 seconds
Epoch: 55/200 Train accuracy: 7.54382e-01 Validation accuracy: 7.47333e-01 Loss 1.02016e-02 Time taken: 2 seconds
Epoch: 56/200 Train accuracy: 7.54667e-01 Validation accuracy: 7.49333e-01 Loss 1.02015e-02 Time taken: 2 seconds
Epoch: 57/200 Train accuracy: 7.55594e-01 Validation accuracy: 7.48333e-01 Loss 1.01955e-02 Time taken: 2 seconds
Epoch: 58/200 Train accuracy: 7.55380e-01 Validation accuracy: 7.49000e-01 Loss 1.01964e-02 Time taken: 2 seconds
Epoch: 59/200 Train accuracy: 7.54810e-01 Validation accuracy: 7.48333e-01 Loss 1.01913e-02 Time taken: 2 seconds
Epoch: 60/200 Train accuracy: 7.56164e-01 Validation accuracy: 7.47333e-01 Loss 1.01860e-02 Time taken: 1 seconds
Epoch: 61/200 Train accuracy: 7.54382e-01 Validation accuracy: 7.47333e-01 Loss 1.01842e-02 Time taken: 2 seconds
Epoch: 62/200 Train accuracy: 7.56947e-01 Validation accuracy: 7.50333e-01 Loss 1.01795e-02 Time taken: 2 seconds
Epoch: 63/200 Train accuracy: 7.57874e-01 Validation accuracy: 7.51667e-01 Loss 1.01760e-02 Time taken: 2 seconds
Epoch: 64/200 Train accuracy: 7.56235e-01 Validation accuracy: 7.49333e-01 Loss 1.01756e-02 Time taken: 2 seconds
Epoch: 65/200 Train accuracy: 7.55166e-01 Validation accuracy: 7.53000e-01 Loss 1.01716e-02 Time taken: 2 seconds
Epoch: 66/200 Train accuracy: 7.56876e-01 Validation accuracy: 7.49333e-01 Loss 1.01691e-02 Time taken: 2 seconds
Epoch: 67/200 Train accuracy: 7.57660e-01 Validation accuracy: 7.51000e-01 Loss 1.01694e-02 Time taken: 2 seconds
Epoch: 68/200 Train accuracy: 7.56734e-01 Validation accuracy: 7.50667e-01 Loss 1.01665e-02 Time taken: 2 seconds
Epoch: 69/200 Train accuracy: 7.58729e-01 Validation accuracy: 7.54333e-01 Loss 1.01599e-02 Time taken: 2 seconds
Epoch: 70/200 Train accuracy: 7.58088e-01 Validation accuracy: 7.53333e-01 Loss 1.01592e-02 Time taken: 2 seconds
Epoch: 71/200 Train accuracy: 7.59299e-01 Validation accuracy: 7.49000e-01 Loss 1.01562e-02 Time taken: 2 seconds
Epoch: 72/200 Train accuracy: 7.58230e-01 Validation accuracy: 7.47667e-01 Loss 1.01554e-02 Time taken: 2 seconds
Epoch: 73/200 Train accuracy: 7.59299e-01 Validation accuracy: 7.48333e-01 Loss 1.01583e-02 Time taken: 2 seconds
Epoch: 74/200 Train accuracy: 7.59299e-01 Validation accuracy: 7.52333e-01 Loss 1.01550e-02 Time taken: 2 seconds
Epoch: 75/200 Train accuracy: 7.59085e-01 Validation accuracy: 7.56333e-01 Loss 1.01486e-02 Time taken: 2 seconds
Epoch: 76/200 Train accuracy: 7.59299e-01 Validation accuracy: 7.54667e-01 Loss 1.01449e-02 Time taken: 2 seconds
Epoch: 77/200 Train accuracy: 7.60154e-01 Validation accuracy: 7.51000e-01 Loss 1.01465e-02 Time taken: 2 seconds
Epoch: 78/200 Train accuracy: 7.60439e-01 Validation accuracy: 7.53667e-01 Loss 1.01444e-02 Time taken: 2 seconds
Epoch: 79/200 Train accuracy: 7.60724e-01 Validation accuracy: 7.50333e-01 Loss 1.01401e-02 Time taken: 2 seconds
Epoch: 80/200 Train accuracy: 7.60011e-01 Validation accuracy: 7.57667e-01 Loss 1.01401e-02 Time taken: 2 seconds
Epoch: 81/200 Train accuracy: 7.59869e-01 Validation accuracy: 7.58000e-01 Loss 1.01398e-02 Time taken: 1 seconds
Epoch: 82/200 Train accuracy: 7.61437e-01 Validation accuracy: 7.54333e-01 Loss 1.01340e-02 Time taken: 2 seconds
Epoch: 83/200 Train accuracy: 7.62363e-01 Validation accuracy: 7.55667e-01 Loss 1.01314e-02 Time taken: 2 seconds
Epoch: 84/200 Train accuracy: 7.61650e-01 Validation accuracy: 7.59333e-01 Loss 1.01300e-02 Time taken: 2 seconds
Epoch: 85/200 Train accuracy: 7.62078e-01 Validation accuracy: 7.54333e-01 Loss 1.01298e-02 Time taken: 2 seconds
Epoch: 86/200 Train accuracy: 7.61151e-01 Validation accuracy: 7.56333e-01 Loss 1.01252e-02 Time taken: 2 seconds
Epoch: 87/200 Train accuracy: 7.62363e-01 Validation accuracy: 7.58333e-01 Loss 1.01250e-02 Time taken: 2 seconds
Epoch: 88/200 Train accuracy: 7.62363e-01 Validation accuracy: 7.60667e-01 Loss 1.01214e-02 Time taken: 2 seconds
Epoch: 89/200 Train accuracy: 7.62933e-01 Validation accuracy: 7.55000e-01 Loss 1.01221e-02 Time taken: 2 seconds
Epoch: 90/200 Train accuracy: 7.62648e-01 Validation accuracy: 7.59000e-01 Loss 1.01207e-02 Time taken: 2 seconds
Epoch: 91/200 Train accuracy: 7.62933e-01 Validation accuracy: 7.47000e-01 Loss 1.01203e-02 Time taken: 2 seconds
Epoch: 92/200 Train accuracy: 7.63859e-01 Validation accuracy: 7.57333e-01 Loss 1.01168e-02 Time taken: 2 seconds
Epoch: 93/200 Train accuracy: 7.63289e-01 Validation accuracy: 7.59000e-01 Loss 1.01161e-02 Time taken: 2 seconds
Epoch: 94/200 Train accuracy: 7.64572e-01 Validation accuracy: 7.47333e-01 Loss 1.01124e-02 Time taken: 2 seconds
Epoch: 95/200 Train accuracy: 7.64144e-01 Validation accuracy: 7.56000e-01 Loss 1.01105e-02 Time taken: 2 seconds
Epoch: 96/200 Train accuracy: 7.63574e-01 Validation accuracy: 7.53000e-01 Loss 1.01104e-02 Time taken: 2 seconds
Epoch: 97/200 Train accuracy: 7.63360e-01 Validation accuracy: 7.58333e-01 Loss 1.01082e-02 Time taken: 2 seconds
Epoch: 98/200 Train accuracy: 7.64073e-01 Validation accuracy: 7.54667e-01 Loss 1.01081e-02 Time taken: 2 seconds
Epoch: 99/200 Train accuracy: 7.65356e-01 Validation accuracy: 7.54000e-01 Loss 1.01077e-02 Time taken: 2 seconds
Epoch: 100/200 Train accuracy: 7.64073e-01 Validation accuracy: 7.58333e-01 Loss 1.01059e-02 Time taken: 2 seconds
Epoch: 101/200 Train accuracy: 7.64429e-01 Validation accuracy: 7.63000e-01 Loss 1.01046e-02 Time taken: 2 seconds
Epoch: 102/200 Train accuracy: 7.65213e-01 Validation accuracy: 7.59333e-01 Loss 1.01038e-02 Time taken: 2 seconds
Epoch: 103/200 Train accuracy: 7.64287e-01 Validation accuracy: 7.58000e-01 Loss 1.01003e-02 Time taken: 2 seconds
Epoch: 104/200 Train accuracy: 7.65427e-01 Validation accuracy: 7.56667e-01 Loss 1.01023e-02 Time taken: 2 seconds
Epoch: 105/200 Train accuracy: 7.64429e-01 Validation accuracy: 7.58667e-01 Loss 1.00967e-02 Time taken: 2 seconds
Epoch: 106/200 Train accuracy: 7.65356e-01 Validation accuracy: 7.61000e-01 Loss 1.00969e-02 Time taken: 2 seconds
Epoch: 107/200 Train accuracy: 7.65142e-01 Validation accuracy: 7.60333e-01 Loss 1.00942e-02 Time taken: 2 seconds
Epoch: 108/200 Train accuracy: 7.67636e-01 Validation accuracy: 7.53000e-01 Loss 1.00921e-02 Time taken: 2 seconds
Epoch: 109/200 Train accuracy: 7.66923e-01 Validation accuracy: 7.58333e-01 Loss 1.00941e-02 Time taken: 2 seconds
Epoch: 110/200 Train accuracy: 7.67493e-01 Validation accuracy: 7.55333e-01 Loss 1.00933e-02 Time taken: 2 seconds
Epoch: 111/200 Train accuracy: 7.66496e-01 Validation accuracy: 7.50667e-01 Loss 1.00895e-02 Time taken: 2 seconds
Epoch: 112/200 Train accuracy: 7.66139e-01 Validation accuracy: 7.57000e-01 Loss 1.00943e-02 Time taken: 2 seconds
Epoch: 113/200 Train accuracy: 7.66496e-01 Validation accuracy: 7.59333e-01 Loss 1.00886e-02 Time taken: 2 seconds
Epoch: 114/200 Train accuracy: 7.66852e-01 Validation accuracy: 7.64667e-01 Loss 1.00861e-02 Time taken: 2 seconds
Epoch: 115/200 Train accuracy: 7.67493e-01 Validation accuracy: 7.59333e-01 Loss 1.00856e-02 Time taken: 2 seconds
Epoch: 116/200 Train accuracy: 7.66211e-01 Validation accuracy: 7.59333e-01 Loss 1.00845e-02 Time taken: 2 seconds
Epoch: 117/200 Train accuracy: 7.66496e-01 Validation accuracy: 7.58333e-01 Loss 1.00857e-02 Time taken: 2 seconds
Epoch: 118/200 Train accuracy: 7.68206e-01 Validation accuracy: 7.54333e-01 Loss 1.00815e-02 Time taken: 2 seconds
Epoch: 119/200 Train accuracy: 7.67992e-01 Validation accuracy: 7.60333e-01 Loss 1.00791e-02 Time taken: 2 seconds
Epoch: 120/200 Train accuracy: 7.67422e-01 Validation accuracy: 7.56000e-01 Loss 1.00804e-02 Time taken: 2 seconds
Epoch: 121/200 Train accuracy: 7.68562e-01 Validation accuracy: 7.60000e-01 Loss 1.00796e-02 Time taken: 2 seconds
Epoch: 122/200 Train accuracy: 7.68063e-01 Validation accuracy: 7.54667e-01 Loss 1.00757e-02 Time taken: 2 seconds
Epoch: 123/200 Train accuracy: 7.68420e-01 Validation accuracy: 7.61333e-01 Loss 1.00766e-02 Time taken: 2 seconds
Epoch: 124/200 Train accuracy: 7.68277e-01 Validation accuracy: 7.62000e-01 Loss 1.00764e-02 Time taken: 2 seconds
Epoch: 125/200 Train accuracy: 7.67066e-01 Validation accuracy: 7.60667e-01 Loss 1.00768e-02 Time taken: 2 seconds
Epoch: 126/200 Train accuracy: 7.68918e-01 Validation accuracy: 7.60667e-01 Loss 1.00723e-02 Time taken: 2 seconds
Epoch: 127/200 Train accuracy: 7.69702e-01 Validation accuracy: 7.57333e-01 Loss 1.00712e-02 Time taken: 2 seconds
Epoch: 128/200 Train accuracy: 7.69631e-01 Validation accuracy: 7.60000e-01 Loss 1.00713e-02 Time taken: 2 seconds
Epoch: 129/200 Train accuracy: 7.68776e-01 Validation accuracy: 7.58333e-01 Loss 1.00699e-02 Time taken: 2 seconds
Epoch: 130/200 Train accuracy: 7.68847e-01 Validation accuracy: 7.56333e-01 Loss 1.00709e-02 Time taken: 2 seconds
Epoch: 131/200 Train accuracy: 7.68206e-01 Validation accuracy: 7.59000e-01 Loss 1.00697e-02 Time taken: 2 seconds
Epoch: 132/200 Train accuracy: 7.69488e-01 Validation accuracy: 7.57000e-01 Loss 1.00665e-02 Time taken: 2 seconds
Epoch: 133/200 Train accuracy: 7.69061e-01 Validation accuracy: 7.59333e-01 Loss 1.00665e-02 Time taken: 2 seconds
Epoch: 134/200 Train accuracy: 7.70486e-01 Validation accuracy: 7.61000e-01 Loss 1.00648e-02 Time taken: 2 seconds
Epoch: 135/200 Train accuracy: 7.67778e-01 Validation accuracy: 7.61667e-01 Loss 1.00657e-02 Time taken: 2 seconds
Epoch: 136/200 Train accuracy: 7.69061e-01 Validation accuracy: 7.55000e-01 Loss 1.00625e-02 Time taken: 2 seconds
Epoch: 137/200 Train accuracy: 7.69631e-01 Validation accuracy: 7.62333e-01 Loss 1.00593e-02 Time taken: 1 seconds
Epoch: 138/200 Train accuracy: 7.69488e-01 Validation accuracy: 7.58667e-01 Loss 1.00598e-02 Time taken: 1 seconds
Epoch: 139/200 Train accuracy: 7.70343e-01 Validation accuracy: 7.61000e-01 Loss 1.00631e-02 Time taken: 1 seconds
Epoch: 140/200 Train accuracy: 7.69203e-01 Validation accuracy: 7.64667e-01 Loss 1.00605e-02 Time taken: 1 seconds
Epoch: 141/200 Train accuracy: 7.68491e-01 Validation accuracy: 7.59333e-01 Loss 1.00588e-02 Time taken: 1 seconds
Epoch: 142/200 Train accuracy: 7.70771e-01 Validation accuracy: 7.54333e-01 Loss 1.00572e-02 Time taken: 1 seconds
Epoch: 143/200 Train accuracy: 7.69631e-01 Validation accuracy: 7.61333e-01 Loss 1.00577e-02 Time taken: 1 seconds
Epoch: 144/200 Train accuracy: 7.69773e-01 Validation accuracy: 7.58333e-01 Loss 1.00538e-02 Time taken: 1 seconds
Epoch: 145/200 Train accuracy: 7.69702e-01 Validation accuracy: 7.57000e-01 Loss 1.00545e-02 Time taken: 1 seconds
Epoch: 146/200 Train accuracy: 7.70272e-01 Validation accuracy: 7.64333e-01 Loss 1.00511e-02 Time taken: 1 seconds
Epoch: 147/200 Train accuracy: 7.71341e-01 Validation accuracy: 7.64333e-01 Loss 1.00554e-02 Time taken: 1 seconds
Epoch: 148/200 Train accuracy: 7.70557e-01 Validation accuracy: 7.63333e-01 Loss 1.00506e-02 Time taken: 1 seconds
Epoch: 149/200 Train accuracy: 7.72339e-01 Validation accuracy: 7.61333e-01 Loss 1.00484e-02 Time taken: 1 seconds
Epoch: 150/200 Train accuracy: 7.70486e-01 Validation accuracy: 7.62667e-01 Loss 1.00490e-02 Time taken: 1 seconds
Epoch: 151/200 Train accuracy: 7.70985e-01 Validation accuracy: 7.64333e-01 Loss 1.00469e-02 Time taken: 1 seconds
Epoch: 152/200 Train accuracy: 7.71982e-01 Validation accuracy: 7.61000e-01 Loss 1.00484e-02 Time taken: 1 seconds
Epoch: 153/200 Train accuracy: 7.72766e-01 Validation accuracy: 7.61000e-01 Loss 1.00476e-02 Time taken: 1 seconds
Epoch: 154/200 Train accuracy: 7.71626e-01 Validation accuracy: 7.61000e-01 Loss 1.00475e-02 Time taken: 1 seconds
Epoch: 155/200 Train accuracy: 7.71270e-01 Validation accuracy: 7.61333e-01 Loss 1.00483e-02 Time taken: 1 seconds
Epoch: 156/200 Train accuracy: 7.70272e-01 Validation accuracy: 7.61333e-01 Loss 1.00466e-02 Time taken: 1 seconds
Epoch: 157/200 Train accuracy: 7.72766e-01 Validation accuracy: 7.62000e-01 Loss 1.00461e-02 Time taken: 1 seconds
Epoch: 158/200 Train accuracy: 7.71127e-01 Validation accuracy: 7.60000e-01 Loss 1.00430e-02 Time taken: 1 seconds
Epoch: 159/200 Train accuracy: 7.70628e-01 Validation accuracy: 7.61667e-01 Loss 1.00483e-02 Time taken: 1 seconds
Epoch: 160/200 Train accuracy: 7.71270e-01 Validation accuracy: 7.61000e-01 Loss 1.00440e-02 Time taken: 1 seconds
Epoch: 161/200 Train accuracy: 7.73621e-01 Validation accuracy: 7.61333e-01 Loss 1.00389e-02 Time taken: 1 seconds
Epoch: 162/200 Train accuracy: 7.71697e-01 Validation accuracy: 7.55333e-01 Loss 1.00434e-02 Time taken: 1 seconds
Epoch: 163/200 Train accuracy: 7.71769e-01 Validation accuracy: 7.59333e-01 Loss 1.00408e-02 Time taken: 1 seconds
Epoch: 164/200 Train accuracy: 7.71412e-01 Validation accuracy: 7.59000e-01 Loss 1.00398e-02 Time taken: 1 seconds
Epoch: 165/200 Train accuracy: 7.72339e-01 Validation accuracy: 7.57000e-01 Loss 1.00408e-02 Time taken: 1 seconds
Epoch: 166/200 Train accuracy: 7.73051e-01 Validation accuracy: 7.62333e-01 Loss 1.00414e-02 Time taken: 1 seconds
Epoch: 167/200 Train accuracy: 7.71341e-01 Validation accuracy: 7.62667e-01 Loss 1.00348e-02 Time taken: 1 seconds
Epoch: 168/200 Train accuracy: 7.73194e-01 Validation accuracy: 7.58667e-01 Loss 1.00358e-02 Time taken: 1 seconds
Epoch: 169/200 Train accuracy: 7.72267e-01 Validation accuracy: 7.59000e-01 Loss 1.00359e-02 Time taken: 1 seconds
Epoch: 170/200 Train accuracy: 7.72624e-01 Validation accuracy: 7.60667e-01 Loss 1.00356e-02 Time taken: 1 seconds
Epoch: 171/200 Train accuracy: 7.73051e-01 Validation accuracy: 7.57667e-01 Loss 1.00340e-02 Time taken: 1 seconds
Epoch: 172/200 Train accuracy: 7.73479e-01 Validation accuracy: 7.64000e-01 Loss 1.00327e-02 Time taken: 1 seconds
Epoch: 173/200 Train accuracy: 7.71769e-01 Validation accuracy: 7.58333e-01 Loss 1.00307e-02 Time taken: 1 seconds
Epoch: 174/200 Train accuracy: 7.72695e-01 Validation accuracy: 7.62000e-01 Loss 1.00312e-02 Time taken: 1 seconds
Epoch: 175/200 Train accuracy: 7.72837e-01 Validation accuracy: 7.60000e-01 Loss 1.00303e-02 Time taken: 1 seconds
Epoch: 176/200 Train accuracy: 7.73550e-01 Validation accuracy: 7.56333e-01 Loss 1.00306e-02 Time taken: 1 seconds
Epoch: 177/200 Train accuracy: 7.73906e-01 Validation accuracy: 7.60667e-01 Loss 1.00303e-02 Time taken: 1 seconds
Epoch: 178/200 Train accuracy: 7.73051e-01 Validation accuracy: 7.63667e-01 Loss 1.00284e-02 Time taken: 1 seconds
Epoch: 179/200 Train accuracy: 7.73479e-01 Validation accuracy: 7.63333e-01 Loss 1.00298e-02 Time taken: 1 seconds
Epoch: 180/200 Train accuracy: 7.73977e-01 Validation accuracy: 7.60667e-01 Loss 1.00286e-02 Time taken: 1 seconds
Epoch: 181/200 Train accuracy: 7.73692e-01 Validation accuracy: 7.60667e-01 Loss 1.00281e-02 Time taken: 1 seconds
Epoch: 182/200 Train accuracy: 7.73336e-01 Validation accuracy: 7.63667e-01 Loss 1.00263e-02 Time taken: 1 seconds
Epoch: 183/200 Train accuracy: 7.73977e-01 Validation accuracy: 7.61333e-01 Loss 1.00253e-02 Time taken: 2 seconds
Epoch: 184/200 Train accuracy: 7.74476e-01 Validation accuracy: 7.65667e-01 Loss 1.00257e-02 Time taken: 2 seconds
Epoch: 185/200 Train accuracy: 7.74049e-01 Validation accuracy: 7.64333e-01 Loss 1.00229e-02 Time taken: 2 seconds
Epoch: 186/200 Train accuracy: 7.75260e-01 Validation accuracy: 7.60333e-01 Loss 1.00225e-02 Time taken: 2 seconds
Epoch: 187/200 Train accuracy: 7.73835e-01 Validation accuracy: 7.63333e-01 Loss 1.00224e-02 Time taken: 2 seconds
Epoch: 188/200 Train accuracy: 7.74619e-01 Validation accuracy: 7.58000e-01 Loss 1.00225e-02 Time taken: 2 seconds
Epoch: 189/200 Train accuracy: 7.73479e-01 Validation accuracy: 7.60000e-01 Loss 1.00252e-02 Time taken: 2 seconds
Epoch: 190/200 Train accuracy: 7.74975e-01 Validation accuracy: 7.65333e-01 Loss 1.00211e-02 Time taken: 2 seconds
Epoch: 191/200 Train accuracy: 7.74476e-01 Validation accuracy: 7.60000e-01 Loss 1.00216e-02 Time taken: 2 seconds
Epoch: 192/200 Train accuracy: 7.74120e-01 Validation accuracy: 7.63667e-01 Loss 1.00199e-02 Time taken: 2 seconds
Epoch: 193/200 Train accuracy: 7.73407e-01 Validation accuracy: 7.61667e-01 Loss 1.00211e-02 Time taken: 2 seconds
Epoch: 194/200 Train accuracy: 7.74405e-01 Validation accuracy: 7.61667e-01 Loss 1.00201e-02 Time taken: 2 seconds
Epoch: 195/200 Train accuracy: 7.74049e-01 Validation accuracy: 7.66000e-01 Loss 1.00199e-02 Time taken: 2 seconds
Epoch: 196/200 Train accuracy: 7.74761e-01 Validation accuracy: 7.65000e-01 Loss 1.00162e-02 Time taken: 2 seconds
Epoch: 197/200 Train accuracy: 7.75474e-01 Validation accuracy: 7.64333e-01 Loss 1.00187e-02 Time taken: 2 seconds
Epoch: 198/200 Train accuracy: 7.75046e-01 Validation accuracy: 7.64333e-01 Loss 1.00156e-02 Time taken: 2 seconds
Epoch: 199/200 Train accuracy: 7.73906e-01 Validation accuracy: 7.65000e-01 Loss 1.00166e-02 Time taken: 2 seconds
Epoch: 200/200 Train accuracy: 7.75331e-01 Validation accuracy: 7.61667e-01 Loss 1.00167e-02 Time taken: 2 seconds
Total time taken 0:06:57.592277
Cleaning up intermediate feature (.pt) files
Done


working on file logs_PKT/iic-train-L2_PKT-seed-10/jepa_iic_L2_PKT_seed-10-ep500.pth.tar ...
