Directory classifiers/jepa-iic-PKT-seed-10-classifier-pretrained-vitb-normalized-ep150 for saving the classifiers is now present
VisionTransformer(
  (patch_embed): PatchEmbed(
    (proj): Conv2d(3, 768, kernel_size=(15, 15), stride=(15, 15))
  )
  (blocks): ModuleList(
    (0-11): 12 x Block(
      (norm1): LayerNorm((768,), eps=1e-06, elementwise_affine=True)
      (attn): Attention(
        (qkv): Linear(in_features=768, out_features=2304, bias=True)
        (attn_drop): Dropout(p=0.0, inplace=False)
        (proj): Linear(in_features=768, out_features=768, bias=True)
        (proj_drop): Dropout(p=0.0, inplace=False)
      )
      (drop_path): Identity()
      (norm2): LayerNorm((768,), eps=1e-06, elementwise_affine=True)
      (mlp): MLP(
        (fc1): Linear(in_features=768, out_features=3072, bias=True)
        (act): GELU(approximate='none')
        (fc2): Linear(in_features=3072, out_features=768, bias=True)
        (drop): Dropout(p=0.0, inplace=False)
      )
    )
  )
  (norm): LayerNorm((768,), eps=1e-06, elementwise_affine=True)
)
Extracting features and saving them locally..
Epoch: 1/200 Train accuracy: 3.69317e-01 Validation accuracy: 5.18333e-01 Loss 1.31068e-02 Time taken: 2.12 seconds 
Epoch: 2/200 Train accuracy: 5.23586e-01 Validation accuracy: 5.56667e-01 Loss 1.20922e-02 Time taken: 2.35 seconds 
Epoch: 3/200 Train accuracy: 5.66054e-01 Validation accuracy: 6.20333e-01 Loss 1.17486e-02 Time taken: 2.31 seconds 
Epoch: 4/200 Train accuracy: 6.06242e-01 Validation accuracy: 6.26667e-01 Loss 1.14795e-02 Time taken: 2.41 seconds 
Epoch: 5/200 Train accuracy: 6.16717e-01 Validation accuracy: 6.16333e-01 Loss 1.13380e-02 Time taken: 2.31 seconds 
Epoch: 6/200 Train accuracy: 6.27262e-01 Validation accuracy: 6.28000e-01 Loss 1.12616e-02 Time taken: 2.31 seconds 
Epoch: 7/200 Train accuracy: 6.30683e-01 Validation accuracy: 6.31667e-01 Loss 1.11998e-02 Time taken: 2.33 seconds 
Epoch: 8/200 Train accuracy: 6.35528e-01 Validation accuracy: 6.34667e-01 Loss 1.11646e-02 Time taken: 2.14 seconds 
Epoch: 9/200 Train accuracy: 6.42369e-01 Validation accuracy: 6.40000e-01 Loss 1.11069e-02 Time taken: 2.39 seconds 
Epoch: 10/200 Train accuracy: 6.47356e-01 Validation accuracy: 6.42333e-01 Loss 1.10780e-02 Time taken: 2.31 seconds 
Epoch: 11/200 Train accuracy: 6.48782e-01 Validation accuracy: 6.51000e-01 Loss 1.10415e-02 Time taken: 2.22 seconds 
Epoch: 12/200 Train accuracy: 6.49779e-01 Validation accuracy: 6.45000e-01 Loss 1.10165e-02 Time taken: 2.15 seconds 
Epoch: 13/200 Train accuracy: 6.51204e-01 Validation accuracy: 6.44667e-01 Loss 1.09976e-02 Time taken: 2.05 seconds 
Epoch: 14/200 Train accuracy: 6.57190e-01 Validation accuracy: 6.53667e-01 Loss 1.09772e-02 Time taken: 2.18 seconds 
Epoch: 15/200 Train accuracy: 6.56762e-01 Validation accuracy: 6.53333e-01 Loss 1.09593e-02 Time taken: 2.10 seconds 
Epoch: 16/200 Train accuracy: 6.58259e-01 Validation accuracy: 6.51000e-01 Loss 1.09430e-02 Time taken: 2.14 seconds 
Epoch: 17/200 Train accuracy: 6.61893e-01 Validation accuracy: 6.51333e-01 Loss 1.09213e-02 Time taken: 2.34 seconds 
Epoch: 18/200 Train accuracy: 6.61821e-01 Validation accuracy: 6.51333e-01 Loss 1.09131e-02 Time taken: 2.29 seconds 
Epoch: 19/200 Train accuracy: 6.64885e-01 Validation accuracy: 6.55000e-01 Loss 1.09029e-02 Time taken: 2.17 seconds 
Epoch: 20/200 Train accuracy: 6.61180e-01 Validation accuracy: 6.50667e-01 Loss 1.08936e-02 Time taken: 2.13 seconds 
Epoch: 21/200 Train accuracy: 6.69659e-01 Validation accuracy: 6.61667e-01 Loss 1.08633e-02 Time taken: 2.38 seconds 
Epoch: 22/200 Train accuracy: 6.66809e-01 Validation accuracy: 6.57667e-01 Loss 1.08644e-02 Time taken: 2.03 seconds 
Epoch: 23/200 Train accuracy: 6.68163e-01 Validation accuracy: 6.61000e-01 Loss 1.08593e-02 Time taken: 1.68 seconds 
Epoch: 24/200 Train accuracy: 6.71868e-01 Validation accuracy: 6.58000e-01 Loss 1.08483e-02 Time taken: 1.60 seconds 
Epoch: 25/200 Train accuracy: 6.68591e-01 Validation accuracy: 6.69667e-01 Loss 1.08391e-02 Time taken: 1.56 seconds 
Epoch: 26/200 Train accuracy: 6.69731e-01 Validation accuracy: 6.62667e-01 Loss 1.08421e-02 Time taken: 1.56 seconds 
Epoch: 27/200 Train accuracy: 6.70158e-01 Validation accuracy: 6.65667e-01 Loss 1.08276e-02 Time taken: 1.57 seconds 
Epoch: 28/200 Train accuracy: 6.74006e-01 Validation accuracy: 6.61667e-01 Loss 1.08109e-02 Time taken: 1.55 seconds 
Epoch: 29/200 Train accuracy: 6.68733e-01 Validation accuracy: 6.63667e-01 Loss 1.08187e-02 Time taken: 1.57 seconds 
Epoch: 30/200 Train accuracy: 6.72723e-01 Validation accuracy: 6.61667e-01 Loss 1.08039e-02 Time taken: 1.55 seconds 
Epoch: 31/200 Train accuracy: 6.72652e-01 Validation accuracy: 6.66000e-01 Loss 1.07950e-02 Time taken: 1.63 seconds 
Epoch: 32/200 Train accuracy: 6.72225e-01 Validation accuracy: 6.61667e-01 Loss 1.07999e-02 Time taken: 1.64 seconds 
Epoch: 33/200 Train accuracy: 6.73650e-01 Validation accuracy: 6.66333e-01 Loss 1.07925e-02 Time taken: 1.63 seconds 
Epoch: 34/200 Train accuracy: 6.74505e-01 Validation accuracy: 6.69333e-01 Loss 1.07812e-02 Time taken: 1.67 seconds 
Epoch: 35/200 Train accuracy: 6.75075e-01 Validation accuracy: 6.69333e-01 Loss 1.07750e-02 Time taken: 1.61 seconds 
Epoch: 36/200 Train accuracy: 6.75360e-01 Validation accuracy: 6.67000e-01 Loss 1.07746e-02 Time taken: 1.58 seconds 
Epoch: 37/200 Train accuracy: 6.76642e-01 Validation accuracy: 6.70667e-01 Loss 1.07670e-02 Time taken: 1.70 seconds 
Epoch: 38/200 Train accuracy: 6.79706e-01 Validation accuracy: 6.69333e-01 Loss 1.07569e-02 Time taken: 1.59 seconds 
Epoch: 39/200 Train accuracy: 6.77212e-01 Validation accuracy: 6.71000e-01 Loss 1.07632e-02 Time taken: 1.64 seconds 
Epoch: 40/200 Train accuracy: 6.73365e-01 Validation accuracy: 6.74667e-01 Loss 1.07653e-02 Time taken: 1.59 seconds 
Epoch: 41/200 Train accuracy: 6.75574e-01 Validation accuracy: 6.74000e-01 Loss 1.07595e-02 Time taken: 1.62 seconds 
Epoch: 42/200 Train accuracy: 6.78994e-01 Validation accuracy: 6.75333e-01 Loss 1.07588e-02 Time taken: 1.60 seconds 
Epoch: 43/200 Train accuracy: 6.81417e-01 Validation accuracy: 6.74667e-01 Loss 1.07407e-02 Time taken: 1.62 seconds 
Epoch: 44/200 Train accuracy: 6.78495e-01 Validation accuracy: 6.74000e-01 Loss 1.07442e-02 Time taken: 1.63 seconds 
Epoch: 45/200 Train accuracy: 6.78709e-01 Validation accuracy: 6.73667e-01 Loss 1.07424e-02 Time taken: 1.63 seconds 
Epoch: 46/200 Train accuracy: 6.76500e-01 Validation accuracy: 6.72000e-01 Loss 1.07436e-02 Time taken: 1.61 seconds 
Epoch: 47/200 Train accuracy: 6.80633e-01 Validation accuracy: 6.75000e-01 Loss 1.07340e-02 Time taken: 1.60 seconds 
Epoch: 48/200 Train accuracy: 6.78495e-01 Validation accuracy: 6.79667e-01 Loss 1.07442e-02 Time taken: 1.58 seconds 
Epoch: 49/200 Train accuracy: 6.80490e-01 Validation accuracy: 6.73333e-01 Loss 1.07361e-02 Time taken: 1.60 seconds 
Epoch: 50/200 Train accuracy: 6.80348e-01 Validation accuracy: 6.74667e-01 Loss 1.07301e-02 Time taken: 1.62 seconds 
Epoch: 51/200 Train accuracy: 6.78994e-01 Validation accuracy: 6.75333e-01 Loss 1.07295e-02 Time taken: 1.63 seconds 
Epoch: 52/200 Train accuracy: 6.82984e-01 Validation accuracy: 6.76333e-01 Loss 1.07196e-02 Time taken: 1.60 seconds 
Epoch: 53/200 Train accuracy: 6.81345e-01 Validation accuracy: 6.78333e-01 Loss 1.07151e-02 Time taken: 1.61 seconds 
Epoch: 54/200 Train accuracy: 6.80063e-01 Validation accuracy: 6.77667e-01 Loss 1.07249e-02 Time taken: 1.56 seconds 
Epoch: 55/200 Train accuracy: 6.82129e-01 Validation accuracy: 6.77333e-01 Loss 1.07077e-02 Time taken: 1.68 seconds 
Epoch: 56/200 Train accuracy: 6.80633e-01 Validation accuracy: 6.76333e-01 Loss 1.07204e-02 Time taken: 1.57 seconds 
Epoch: 57/200 Train accuracy: 6.83198e-01 Validation accuracy: 6.79667e-01 Loss 1.07102e-02 Time taken: 1.91 seconds 
Epoch: 58/200 Train accuracy: 6.83625e-01 Validation accuracy: 6.80333e-01 Loss 1.07027e-02 Time taken: 1.59 seconds 
Epoch: 59/200 Train accuracy: 6.83768e-01 Validation accuracy: 6.70667e-01 Loss 1.06982e-02 Time taken: 1.70 seconds 
Epoch: 60/200 Train accuracy: 6.80704e-01 Validation accuracy: 6.80667e-01 Loss 1.07185e-02 Time taken: 1.61 seconds 
Epoch: 61/200 Train accuracy: 6.82628e-01 Validation accuracy: 6.77000e-01 Loss 1.07066e-02 Time taken: 1.65 seconds 
Epoch: 62/200 Train accuracy: 6.84979e-01 Validation accuracy: 6.77667e-01 Loss 1.06848e-02 Time taken: 1.61 seconds 
Epoch: 63/200 Train accuracy: 6.83340e-01 Validation accuracy: 6.83333e-01 Loss 1.07060e-02 Time taken: 1.60 seconds 
Epoch: 64/200 Train accuracy: 6.81203e-01 Validation accuracy: 6.82667e-01 Loss 1.06999e-02 Time taken: 1.58 seconds 
Epoch: 65/200 Train accuracy: 6.83412e-01 Validation accuracy: 6.72667e-01 Loss 1.06970e-02 Time taken: 1.64 seconds 
Epoch: 66/200 Train accuracy: 6.87046e-01 Validation accuracy: 6.80000e-01 Loss 1.06880e-02 Time taken: 1.73 seconds 
Epoch: 67/200 Train accuracy: 6.79493e-01 Validation accuracy: 6.80333e-01 Loss 1.07122e-02 Time taken: 1.80 seconds 
Epoch: 68/200 Train accuracy: 6.84481e-01 Validation accuracy: 6.81667e-01 Loss 1.06854e-02 Time taken: 2.41 seconds 
Epoch: 69/200 Train accuracy: 6.83982e-01 Validation accuracy: 6.78333e-01 Loss 1.06890e-02 Time taken: 2.16 seconds 
Epoch: 70/200 Train accuracy: 6.82699e-01 Validation accuracy: 6.73333e-01 Loss 1.06935e-02 Time taken: 2.06 seconds 
Epoch: 71/200 Train accuracy: 6.82699e-01 Validation accuracy: 6.83000e-01 Loss 1.06814e-02 Time taken: 2.23 seconds 
Epoch: 72/200 Train accuracy: 6.88613e-01 Validation accuracy: 6.75667e-01 Loss 1.06843e-02 Time taken: 2.41 seconds 
Epoch: 73/200 Train accuracy: 6.85051e-01 Validation accuracy: 6.79333e-01 Loss 1.06855e-02 Time taken: 2.16 seconds 
Epoch: 74/200 Train accuracy: 6.85051e-01 Validation accuracy: 6.78333e-01 Loss 1.06765e-02 Time taken: 2.29 seconds 
Epoch: 75/200 Train accuracy: 6.83911e-01 Validation accuracy: 6.81667e-01 Loss 1.06799e-02 Time taken: 2.15 seconds 
Epoch: 76/200 Train accuracy: 6.85763e-01 Validation accuracy: 6.81667e-01 Loss 1.06723e-02 Time taken: 2.19 seconds 
Epoch: 77/200 Train accuracy: 6.84338e-01 Validation accuracy: 6.79667e-01 Loss 1.06719e-02 Time taken: 2.20 seconds 
Epoch: 78/200 Train accuracy: 6.84481e-01 Validation accuracy: 6.80333e-01 Loss 1.06863e-02 Time taken: 2.07 seconds 
Epoch: 79/200 Train accuracy: 6.84338e-01 Validation accuracy: 6.84667e-01 Loss 1.06853e-02 Time taken: 2.34 seconds 
Epoch: 80/200 Train accuracy: 6.84124e-01 Validation accuracy: 6.81333e-01 Loss 1.06801e-02 Time taken: 2.26 seconds 
Epoch: 81/200 Train accuracy: 6.86262e-01 Validation accuracy: 6.85333e-01 Loss 1.06642e-02 Time taken: 2.37 seconds 
Epoch: 82/200 Train accuracy: 6.85264e-01 Validation accuracy: 6.83000e-01 Loss 1.06707e-02 Time taken: 2.36 seconds 
Epoch: 83/200 Train accuracy: 6.84837e-01 Validation accuracy: 6.83667e-01 Loss 1.06772e-02 Time taken: 2.22 seconds 
Epoch: 84/200 Train accuracy: 6.85549e-01 Validation accuracy: 6.82000e-01 Loss 1.06641e-02 Time taken: 2.05 seconds 
Epoch: 85/200 Train accuracy: 6.88328e-01 Validation accuracy: 6.82667e-01 Loss 1.06711e-02 Time taken: 2.31 seconds 
Epoch: 86/200 Train accuracy: 6.85478e-01 Validation accuracy: 6.85000e-01 Loss 1.06713e-02 Time taken: 2.34 seconds 
Epoch: 87/200 Train accuracy: 6.85478e-01 Validation accuracy: 6.81333e-01 Loss 1.06611e-02 Time taken: 2.13 seconds 
Epoch: 88/200 Train accuracy: 6.82913e-01 Validation accuracy: 6.80000e-01 Loss 1.06706e-02 Time taken: 2.29 seconds 
Epoch: 89/200 Train accuracy: 6.84979e-01 Validation accuracy: 6.82333e-01 Loss 1.06695e-02 Time taken: 2.38 seconds 
Epoch: 90/200 Train accuracy: 6.84623e-01 Validation accuracy: 6.82333e-01 Loss 1.06725e-02 Time taken: 2.32 seconds 
Epoch: 91/200 Train accuracy: 6.87972e-01 Validation accuracy: 6.80667e-01 Loss 1.06475e-02 Time taken: 2.34 seconds 
Epoch: 92/200 Train accuracy: 6.85621e-01 Validation accuracy: 6.83667e-01 Loss 1.06624e-02 Time taken: 2.07 seconds 
Epoch: 93/200 Train accuracy: 6.88043e-01 Validation accuracy: 6.80333e-01 Loss 1.06566e-02 Time taken: 2.29 seconds 
Epoch: 94/200 Train accuracy: 6.85051e-01 Validation accuracy: 6.87333e-01 Loss 1.06751e-02 Time taken: 2.18 seconds 
Epoch: 95/200 Train accuracy: 6.89967e-01 Validation accuracy: 6.83000e-01 Loss 1.06506e-02 Time taken: 2.30 seconds 
Epoch: 96/200 Train accuracy: 6.87188e-01 Validation accuracy: 6.84000e-01 Loss 1.06484e-02 Time taken: 2.12 seconds 
Epoch: 97/200 Train accuracy: 6.83982e-01 Validation accuracy: 6.84667e-01 Loss 1.06628e-02 Time taken: 2.03 seconds 
Epoch: 98/200 Train accuracy: 6.86048e-01 Validation accuracy: 6.83333e-01 Loss 1.06587e-02 Time taken: 2.26 seconds 
Epoch: 99/200 Train accuracy: 6.86689e-01 Validation accuracy: 6.78000e-01 Loss 1.06505e-02 Time taken: 2.30 seconds 
Epoch: 100/200 Train accuracy: 6.84552e-01 Validation accuracy: 6.82000e-01 Loss 1.06634e-02 Time taken: 2.42 seconds 
Epoch: 101/200 Train accuracy: 6.88186e-01 Validation accuracy: 6.85667e-01 Loss 1.06357e-02 Time taken: 2.12 seconds 
Epoch: 102/200 Train accuracy: 6.86404e-01 Validation accuracy: 6.84333e-01 Loss 1.06560e-02 Time taken: 2.17 seconds 
Epoch: 103/200 Train accuracy: 6.87473e-01 Validation accuracy: 6.85000e-01 Loss 1.06499e-02 Time taken: 2.14 seconds 
Epoch: 104/200 Train accuracy: 6.87117e-01 Validation accuracy: 6.81667e-01 Loss 1.06495e-02 Time taken: 2.10 seconds 
Epoch: 105/200 Train accuracy: 6.84552e-01 Validation accuracy: 6.81000e-01 Loss 1.06641e-02 Time taken: 2.28 seconds 
Epoch: 106/200 Train accuracy: 6.86048e-01 Validation accuracy: 6.82333e-01 Loss 1.06570e-02 Time taken: 2.10 seconds 
Epoch: 107/200 Train accuracy: 6.88257e-01 Validation accuracy: 6.85667e-01 Loss 1.06396e-02 Time taken: 2.25 seconds 
Epoch: 108/200 Train accuracy: 6.85478e-01 Validation accuracy: 6.78333e-01 Loss 1.06563e-02 Time taken: 2.26 seconds 
Epoch: 109/200 Train accuracy: 6.88756e-01 Validation accuracy: 6.87667e-01 Loss 1.06340e-02 Time taken: 2.31 seconds 
Epoch: 110/200 Train accuracy: 6.87616e-01 Validation accuracy: 6.83667e-01 Loss 1.06501e-02 Time taken: 2.13 seconds 
Epoch: 111/200 Train accuracy: 6.90324e-01 Validation accuracy: 6.86333e-01 Loss 1.06388e-02 Time taken: 2.11 seconds 
Epoch: 112/200 Train accuracy: 6.89183e-01 Validation accuracy: 6.84667e-01 Loss 1.06371e-02 Time taken: 2.13 seconds 
Epoch: 113/200 Train accuracy: 6.87260e-01 Validation accuracy: 6.82333e-01 Loss 1.06429e-02 Time taken: 2.24 seconds 
Epoch: 114/200 Train accuracy: 6.89611e-01 Validation accuracy: 6.84667e-01 Loss 1.06398e-02 Time taken: 2.14 seconds 
Epoch: 115/200 Train accuracy: 6.88542e-01 Validation accuracy: 6.82000e-01 Loss 1.06438e-02 Time taken: 2.13 seconds 
Epoch: 116/200 Train accuracy: 6.89397e-01 Validation accuracy: 6.80000e-01 Loss 1.06176e-02 Time taken: 2.01 seconds 
Epoch: 117/200 Train accuracy: 6.88471e-01 Validation accuracy: 6.86333e-01 Loss 1.06375e-02 Time taken: 1.98 seconds 
Epoch: 118/200 Train accuracy: 6.89041e-01 Validation accuracy: 6.82000e-01 Loss 1.06302e-02 Time taken: 2.09 seconds 
Epoch: 119/200 Train accuracy: 6.90609e-01 Validation accuracy: 6.84667e-01 Loss 1.06386e-02 Time taken: 2.21 seconds 
Epoch: 120/200 Train accuracy: 6.90680e-01 Validation accuracy: 6.87000e-01 Loss 1.06307e-02 Time taken: 2.40 seconds 
Epoch: 121/200 Train accuracy: 6.90822e-01 Validation accuracy: 6.81000e-01 Loss 1.06421e-02 Time taken: 2.16 seconds 
Epoch: 122/200 Train accuracy: 6.91321e-01 Validation accuracy: 6.81667e-01 Loss 1.06351e-02 Time taken: 2.23 seconds 
Epoch: 123/200 Train accuracy: 6.87188e-01 Validation accuracy: 6.82667e-01 Loss 1.06371e-02 Time taken: 2.35 seconds 
Epoch: 124/200 Train accuracy: 6.90965e-01 Validation accuracy: 6.82667e-01 Loss 1.06330e-02 Time taken: 2.36 seconds 
Epoch: 125/200 Train accuracy: 6.86903e-01 Validation accuracy: 6.83000e-01 Loss 1.06321e-02 Time taken: 2.37 seconds 
Epoch: 126/200 Train accuracy: 6.88115e-01 Validation accuracy: 6.88333e-01 Loss 1.06311e-02 Time taken: 2.20 seconds 
Epoch: 127/200 Train accuracy: 6.92604e-01 Validation accuracy: 6.86667e-01 Loss 1.06190e-02 Time taken: 2.15 seconds 
Epoch: 128/200 Train accuracy: 6.89611e-01 Validation accuracy: 6.85000e-01 Loss 1.06346e-02 Time taken: 2.23 seconds 
Epoch: 129/200 Train accuracy: 6.89041e-01 Validation accuracy: 6.85333e-01 Loss 1.06339e-02 Time taken: 2.28 seconds 
Epoch: 130/200 Train accuracy: 6.87046e-01 Validation accuracy: 6.80667e-01 Loss 1.06321e-02 Time taken: 2.31 seconds 
Epoch: 131/200 Train accuracy: 6.91392e-01 Validation accuracy: 6.81000e-01 Loss 1.06230e-02 Time taken: 2.24 seconds 
Epoch: 132/200 Train accuracy: 6.89967e-01 Validation accuracy: 6.85333e-01 Loss 1.06278e-02 Time taken: 2.38 seconds 
Epoch: 133/200 Train accuracy: 6.91250e-01 Validation accuracy: 6.77333e-01 Loss 1.06253e-02 Time taken: 2.28 seconds 
Epoch: 134/200 Train accuracy: 6.87758e-01 Validation accuracy: 6.86000e-01 Loss 1.06322e-02 Time taken: 2.30 seconds 
Epoch: 135/200 Train accuracy: 6.88115e-01 Validation accuracy: 6.86333e-01 Loss 1.06388e-02 Time taken: 2.31 seconds 
Epoch: 136/200 Train accuracy: 6.86974e-01 Validation accuracy: 6.85000e-01 Loss 1.06442e-02 Time taken: 2.09 seconds 
Epoch: 137/200 Train accuracy: 6.88827e-01 Validation accuracy: 6.83333e-01 Loss 1.06302e-02 Time taken: 2.08 seconds 
Epoch: 138/200 Train accuracy: 6.91321e-01 Validation accuracy: 6.86667e-01 Loss 1.06131e-02 Time taken: 2.27 seconds 
Epoch: 139/200 Train accuracy: 6.90537e-01 Validation accuracy: 6.84000e-01 Loss 1.06259e-02 Time taken: 2.30 seconds 
Epoch: 140/200 Train accuracy: 6.86832e-01 Validation accuracy: 6.87333e-01 Loss 1.06397e-02 Time taken: 2.32 seconds 
Epoch: 141/200 Train accuracy: 6.89825e-01 Validation accuracy: 6.85667e-01 Loss 1.06240e-02 Time taken: 2.32 seconds 
Epoch: 142/200 Train accuracy: 6.87046e-01 Validation accuracy: 6.83000e-01 Loss 1.06390e-02 Time taken: 2.36 seconds 
Epoch: 143/200 Train accuracy: 6.87402e-01 Validation accuracy: 6.83333e-01 Loss 1.06305e-02 Time taken: 2.13 seconds 
Epoch: 144/200 Train accuracy: 6.90965e-01 Validation accuracy: 6.83000e-01 Loss 1.06139e-02 Time taken: 2.44 seconds 
Epoch: 145/200 Train accuracy: 6.90751e-01 Validation accuracy: 6.85000e-01 Loss 1.06185e-02 Time taken: 2.38 seconds 
Epoch: 146/200 Train accuracy: 6.91464e-01 Validation accuracy: 6.83333e-01 Loss 1.06213e-02 Time taken: 2.06 seconds 
Epoch: 147/200 Train accuracy: 6.90038e-01 Validation accuracy: 6.85000e-01 Loss 1.06168e-02 Time taken: 2.15 seconds 
Epoch: 148/200 Train accuracy: 6.92176e-01 Validation accuracy: 6.83000e-01 Loss 1.06168e-02 Time taken: 2.06 seconds 
Epoch: 149/200 Train accuracy: 6.90751e-01 Validation accuracy: 6.87667e-01 Loss 1.06145e-02 Time taken: 2.28 seconds 
Epoch: 150/200 Train accuracy: 6.89112e-01 Validation accuracy: 6.85000e-01 Loss 1.06312e-02 Time taken: 2.32 seconds 
Epoch: 151/200 Train accuracy: 6.93886e-01 Validation accuracy: 6.86000e-01 Loss 1.06098e-02 Time taken: 2.35 seconds 
Epoch: 152/200 Train accuracy: 6.90038e-01 Validation accuracy: 6.87333e-01 Loss 1.06263e-02 Time taken: 2.38 seconds 
Epoch: 153/200 Train accuracy: 6.88400e-01 Validation accuracy: 6.80333e-01 Loss 1.06327e-02 Time taken: 2.17 seconds 
Epoch: 154/200 Train accuracy: 6.90751e-01 Validation accuracy: 6.84667e-01 Loss 1.06187e-02 Time taken: 2.13 seconds 
Epoch: 155/200 Train accuracy: 6.92176e-01 Validation accuracy: 6.83333e-01 Loss 1.06143e-02 Time taken: 2.52 seconds 
Epoch: 156/200 Train accuracy: 6.91891e-01 Validation accuracy: 6.85333e-01 Loss 1.06118e-02 Time taken: 2.19 seconds 
Epoch: 157/200 Train accuracy: 6.92247e-01 Validation accuracy: 6.87333e-01 Loss 1.06179e-02 Time taken: 2.24 seconds 
Epoch: 158/200 Train accuracy: 6.93459e-01 Validation accuracy: 6.89000e-01 Loss 1.06050e-02 Time taken: 2.19 seconds 
Epoch: 159/200 Train accuracy: 6.92105e-01 Validation accuracy: 6.87333e-01 Loss 1.06196e-02 Time taken: 2.22 seconds 
Epoch: 160/200 Train accuracy: 6.90395e-01 Validation accuracy: 6.84667e-01 Loss 1.06113e-02 Time taken: 2.15 seconds 
Epoch: 161/200 Train accuracy: 6.93245e-01 Validation accuracy: 6.84000e-01 Loss 1.06125e-02 Time taken: 2.37 seconds 
Epoch: 162/200 Train accuracy: 6.89468e-01 Validation accuracy: 6.87333e-01 Loss 1.06112e-02 Time taken: 2.08 seconds 
Epoch: 163/200 Train accuracy: 6.92532e-01 Validation accuracy: 6.86333e-01 Loss 1.06041e-02 Time taken: 2.32 seconds 
Epoch: 164/200 Train accuracy: 6.93245e-01 Validation accuracy: 6.89333e-01 Loss 1.06113e-02 Time taken: 2.05 seconds 
Epoch: 165/200 Train accuracy: 6.92176e-01 Validation accuracy: 6.85333e-01 Loss 1.06077e-02 Time taken: 2.15 seconds 
Epoch: 166/200 Train accuracy: 6.90965e-01 Validation accuracy: 6.87667e-01 Loss 1.06173e-02 Time taken: 2.11 seconds 
Epoch: 167/200 Train accuracy: 6.92960e-01 Validation accuracy: 6.88667e-01 Loss 1.06033e-02 Time taken: 2.33 seconds 
Epoch: 168/200 Train accuracy: 6.92034e-01 Validation accuracy: 6.84333e-01 Loss 1.06142e-02 Time taken: 2.18 seconds 
Epoch: 169/200 Train accuracy: 6.92247e-01 Validation accuracy: 6.85333e-01 Loss 1.06066e-02 Time taken: 2.29 seconds 
Epoch: 170/200 Train accuracy: 6.88471e-01 Validation accuracy: 6.84667e-01 Loss 1.06301e-02 Time taken: 2.10 seconds 
Epoch: 171/200 Train accuracy: 6.89183e-01 Validation accuracy: 6.87333e-01 Loss 1.06149e-02 Time taken: 2.15 seconds 
Epoch: 172/200 Train accuracy: 6.93387e-01 Validation accuracy: 6.88667e-01 Loss 1.06045e-02 Time taken: 2.05 seconds 
Epoch: 173/200 Train accuracy: 6.90466e-01 Validation accuracy: 6.88333e-01 Loss 1.06068e-02 Time taken: 2.40 seconds 
Epoch: 174/200 Train accuracy: 6.92817e-01 Validation accuracy: 6.86000e-01 Loss 1.06116e-02 Time taken: 2.24 seconds 
Epoch: 175/200 Train accuracy: 6.89397e-01 Validation accuracy: 6.85667e-01 Loss 1.06186e-02 Time taken: 2.21 seconds 
Epoch: 176/200 Train accuracy: 6.90751e-01 Validation accuracy: 6.88667e-01 Loss 1.06133e-02 Time taken: 2.41 seconds 
Epoch: 177/200 Train accuracy: 6.90965e-01 Validation accuracy: 6.85667e-01 Loss 1.06147e-02 Time taken: 2.36 seconds 
Epoch: 178/200 Train accuracy: 6.91606e-01 Validation accuracy: 6.88667e-01 Loss 1.06130e-02 Time taken: 2.42 seconds 
Epoch: 179/200 Train accuracy: 6.94171e-01 Validation accuracy: 6.87000e-01 Loss 1.06044e-02 Time taken: 2.05 seconds 
Epoch: 180/200 Train accuracy: 6.91321e-01 Validation accuracy: 6.87000e-01 Loss 1.06105e-02 Time taken: 2.19 seconds 
Epoch: 181/200 Train accuracy: 6.91677e-01 Validation accuracy: 6.86667e-01 Loss 1.06073e-02 Time taken: 2.25 seconds 
Epoch: 182/200 Train accuracy: 6.91677e-01 Validation accuracy: 6.88667e-01 Loss 1.05992e-02 Time taken: 2.42 seconds 
Epoch: 183/200 Train accuracy: 6.92675e-01 Validation accuracy: 6.89333e-01 Loss 1.06030e-02 Time taken: 2.28 seconds 
Epoch: 184/200 Train accuracy: 6.91107e-01 Validation accuracy: 6.86000e-01 Loss 1.06086e-02 Time taken: 2.34 seconds 
Epoch: 185/200 Train accuracy: 6.90822e-01 Validation accuracy: 6.86667e-01 Loss 1.06084e-02 Time taken: 2.17 seconds 
Epoch: 186/200 Train accuracy: 6.86903e-01 Validation accuracy: 6.88667e-01 Loss 1.06184e-02 Time taken: 2.26 seconds 
Epoch: 187/200 Train accuracy: 6.92817e-01 Validation accuracy: 6.86667e-01 Loss 1.06171e-02 Time taken: 2.21 seconds 
Epoch: 188/200 Train accuracy: 6.92675e-01 Validation accuracy: 6.87667e-01 Loss 1.05972e-02 Time taken: 2.08 seconds 
Epoch: 189/200 Train accuracy: 6.91891e-01 Validation accuracy: 6.87667e-01 Loss 1.06022e-02 Time taken: 2.43 seconds 
Epoch: 190/200 Train accuracy: 6.92746e-01 Validation accuracy: 6.84667e-01 Loss 1.05980e-02 Time taken: 2.14 seconds 
Epoch: 191/200 Train accuracy: 6.92034e-01 Validation accuracy: 6.86333e-01 Loss 1.05983e-02 Time taken: 2.09 seconds 
Epoch: 192/200 Train accuracy: 6.90324e-01 Validation accuracy: 6.89000e-01 Loss 1.06084e-02 Time taken: 2.15 seconds 
Epoch: 193/200 Train accuracy: 6.94029e-01 Validation accuracy: 6.88000e-01 Loss 1.05880e-02 Time taken: 2.28 seconds 
Epoch: 194/200 Train accuracy: 6.91677e-01 Validation accuracy: 6.84667e-01 Loss 1.06025e-02 Time taken: 2.25 seconds 
Epoch: 195/200 Train accuracy: 6.94314e-01 Validation accuracy: 6.90000e-01 Loss 1.05970e-02 Time taken: 2.20 seconds 
Epoch: 196/200 Train accuracy: 6.94385e-01 Validation accuracy: 6.88000e-01 Loss 1.05994e-02 Time taken: 2.23 seconds 
Epoch: 197/200 Train accuracy: 6.95739e-01 Validation accuracy: 6.89000e-01 Loss 1.05960e-02 Time taken: 2.31 seconds 
Epoch: 198/200 Train accuracy: 6.92105e-01 Validation accuracy: 6.83333e-01 Loss 1.06175e-02 Time taken: 2.10 seconds 
Epoch: 199/200 Train accuracy: 6.93673e-01 Validation accuracy: 6.86000e-01 Loss 1.05931e-02 Time taken: 2.36 seconds 
Epoch: 200/200 Train accuracy: 6.92319e-01 Validation accuracy: 6.85333e-01 Loss 1.05999e-02 Time taken: 2.28 seconds 
Total time taken 0:07:00.423836
Cleaning up intermediate feature (.pt) files
Done


working on file logs/iic-train-double/jepa_iic_first-ep200.pth.tar ...
