Directory classifiers/jepa-iic-PKT-seed-10-classifier-pretrained-vitb-normalized-ep300 for saving the classifiers is now present
VisionTransformer(
  (patch_embed): PatchEmbed(
    (proj): Conv2d(3, 768, kernel_size=(15, 15), stride=(15, 15))
  )
  (blocks): ModuleList(
    (0-11): 12 x Block(
      (norm1): LayerNorm((768,), eps=1e-06, elementwise_affine=True)
      (attn): Attention(
        (qkv): Linear(in_features=768, out_features=2304, bias=True)
        (attn_drop): Dropout(p=0.0, inplace=False)
        (proj): Linear(in_features=768, out_features=768, bias=True)
        (proj_drop): Dropout(p=0.0, inplace=False)
      )
      (drop_path): Identity()
      (norm2): LayerNorm((768,), eps=1e-06, elementwise_affine=True)
      (mlp): MLP(
        (fc1): Linear(in_features=768, out_features=3072, bias=True)
        (act): GELU(approximate='none')
        (fc2): Linear(in_features=3072, out_features=768, bias=True)
        (drop): Dropout(p=0.0, inplace=False)
      )
    )
  )
  (norm): LayerNorm((768,), eps=1e-06, elementwise_affine=True)
)
Extracting features and saving them locally..
Epoch: 1/200 Train accuracy: 3.41813e-01 Validation accuracy: 4.93000e-01 Loss 1.32350e-02 Time taken: 2.17 seconds 
Epoch: 2/200 Train accuracy: 4.78410e-01 Validation accuracy: 5.55333e-01 Loss 1.23019e-02 Time taken: 2.28 seconds 
Epoch: 3/200 Train accuracy: 5.44748e-01 Validation accuracy: 5.59333e-01 Loss 1.18423e-02 Time taken: 2.19 seconds 
Epoch: 4/200 Train accuracy: 5.61066e-01 Validation accuracy: 5.71000e-01 Loss 1.16993e-02 Time taken: 2.31 seconds 
Epoch: 5/200 Train accuracy: 5.71327e-01 Validation accuracy: 5.79333e-01 Loss 1.16033e-02 Time taken: 2.28 seconds 
Epoch: 6/200 Train accuracy: 5.78096e-01 Validation accuracy: 5.75333e-01 Loss 1.15402e-02 Time taken: 2.10 seconds 
Epoch: 7/200 Train accuracy: 5.84652e-01 Validation accuracy: 5.81000e-01 Loss 1.14883e-02 Time taken: 2.27 seconds 
Epoch: 8/200 Train accuracy: 5.87644e-01 Validation accuracy: 5.94000e-01 Loss 1.14598e-02 Time taken: 2.33 seconds 
Epoch: 9/200 Train accuracy: 5.93487e-01 Validation accuracy: 5.92333e-01 Loss 1.14107e-02 Time taken: 2.06 seconds 
Epoch: 10/200 Train accuracy: 5.99686e-01 Validation accuracy: 5.96667e-01 Loss 1.13836e-02 Time taken: 2.16 seconds 
Epoch: 11/200 Train accuracy: 5.99971e-01 Validation accuracy: 5.98333e-01 Loss 1.13708e-02 Time taken: 2.12 seconds 
Epoch: 12/200 Train accuracy: 6.06171e-01 Validation accuracy: 6.05667e-01 Loss 1.13388e-02 Time taken: 2.32 seconds 
Epoch: 13/200 Train accuracy: 6.05601e-01 Validation accuracy: 6.01667e-01 Loss 1.13249e-02 Time taken: 1.62 seconds 
Epoch: 14/200 Train accuracy: 6.07810e-01 Validation accuracy: 5.96333e-01 Loss 1.13166e-02 Time taken: 1.54 seconds 
Epoch: 15/200 Train accuracy: 6.09021e-01 Validation accuracy: 6.04667e-01 Loss 1.12987e-02 Time taken: 1.54 seconds 
Epoch: 16/200 Train accuracy: 6.09377e-01 Validation accuracy: 6.09667e-01 Loss 1.12802e-02 Time taken: 1.55 seconds 
Epoch: 17/200 Train accuracy: 6.22702e-01 Validation accuracy: 6.82333e-01 Loss 1.11863e-02 Time taken: 1.58 seconds 
Epoch: 18/200 Train accuracy: 6.88898e-01 Validation accuracy: 6.95000e-01 Loss 1.07250e-02 Time taken: 1.54 seconds 
Epoch: 19/200 Train accuracy: 6.92461e-01 Validation accuracy: 6.96667e-01 Loss 1.06583e-02 Time taken: 1.54 seconds 
Epoch: 20/200 Train accuracy: 6.97663e-01 Validation accuracy: 7.01000e-01 Loss 1.06239e-02 Time taken: 1.54 seconds 
Epoch: 21/200 Train accuracy: 7.03221e-01 Validation accuracy: 7.02000e-01 Loss 1.05974e-02 Time taken: 1.54 seconds 
Epoch: 22/200 Train accuracy: 7.04931e-01 Validation accuracy: 7.01000e-01 Loss 1.05664e-02 Time taken: 1.53 seconds 
Epoch: 23/200 Train accuracy: 7.05857e-01 Validation accuracy: 7.09667e-01 Loss 1.05644e-02 Time taken: 1.54 seconds 
Epoch: 24/200 Train accuracy: 7.05501e-01 Validation accuracy: 7.13000e-01 Loss 1.05474e-02 Time taken: 1.54 seconds 
Epoch: 25/200 Train accuracy: 7.07639e-01 Validation accuracy: 7.13333e-01 Loss 1.05402e-02 Time taken: 1.54 seconds 
Epoch: 26/200 Train accuracy: 7.10418e-01 Validation accuracy: 7.14333e-01 Loss 1.05228e-02 Time taken: 1.53 seconds 
Epoch: 27/200 Train accuracy: 7.10916e-01 Validation accuracy: 7.12333e-01 Loss 1.05210e-02 Time taken: 1.55 seconds 
Epoch: 28/200 Train accuracy: 7.13482e-01 Validation accuracy: 7.09333e-01 Loss 1.05064e-02 Time taken: 1.54 seconds 
Epoch: 29/200 Train accuracy: 7.12056e-01 Validation accuracy: 7.11333e-01 Loss 1.05031e-02 Time taken: 1.54 seconds 
Epoch: 30/200 Train accuracy: 7.13695e-01 Validation accuracy: 7.16667e-01 Loss 1.05058e-02 Time taken: 1.56 seconds 
Epoch: 31/200 Train accuracy: 7.11985e-01 Validation accuracy: 7.21333e-01 Loss 1.04965e-02 Time taken: 1.54 seconds 
Epoch: 32/200 Train accuracy: 7.14907e-01 Validation accuracy: 7.15333e-01 Loss 1.04756e-02 Time taken: 1.54 seconds 
Epoch: 33/200 Train accuracy: 7.14835e-01 Validation accuracy: 7.10667e-01 Loss 1.04759e-02 Time taken: 1.54 seconds 
Epoch: 34/200 Train accuracy: 7.14123e-01 Validation accuracy: 7.17000e-01 Loss 1.04846e-02 Time taken: 1.54 seconds 
Epoch: 35/200 Train accuracy: 7.19823e-01 Validation accuracy: 7.21667e-01 Loss 1.04595e-02 Time taken: 1.54 seconds 
Epoch: 36/200 Train accuracy: 7.17258e-01 Validation accuracy: 7.21333e-01 Loss 1.04539e-02 Time taken: 1.54 seconds 
Epoch: 37/200 Train accuracy: 7.17187e-01 Validation accuracy: 7.22667e-01 Loss 1.04537e-02 Time taken: 1.54 seconds 
Epoch: 38/200 Train accuracy: 7.17971e-01 Validation accuracy: 7.22000e-01 Loss 1.04374e-02 Time taken: 1.54 seconds 
Epoch: 39/200 Train accuracy: 7.19396e-01 Validation accuracy: 7.18667e-01 Loss 1.04392e-02 Time taken: 1.54 seconds 
Epoch: 40/200 Train accuracy: 7.16189e-01 Validation accuracy: 7.24333e-01 Loss 1.04497e-02 Time taken: 1.53 seconds 
Epoch: 41/200 Train accuracy: 7.21462e-01 Validation accuracy: 7.26667e-01 Loss 1.04272e-02 Time taken: 1.55 seconds 
Epoch: 42/200 Train accuracy: 7.19396e-01 Validation accuracy: 7.23667e-01 Loss 1.04414e-02 Time taken: 1.54 seconds 
Epoch: 43/200 Train accuracy: 7.24312e-01 Validation accuracy: 7.24333e-01 Loss 1.04148e-02 Time taken: 1.55 seconds 
Epoch: 44/200 Train accuracy: 7.21533e-01 Validation accuracy: 7.25333e-01 Loss 1.04215e-02 Time taken: 1.55 seconds 
Epoch: 45/200 Train accuracy: 7.20037e-01 Validation accuracy: 7.20333e-01 Loss 1.04222e-02 Time taken: 1.54 seconds 
Epoch: 46/200 Train accuracy: 7.19538e-01 Validation accuracy: 7.21333e-01 Loss 1.04222e-02 Time taken: 1.54 seconds 
Epoch: 47/200 Train accuracy: 7.23742e-01 Validation accuracy: 7.25000e-01 Loss 1.04030e-02 Time taken: 1.54 seconds 
Epoch: 48/200 Train accuracy: 7.24455e-01 Validation accuracy: 7.23333e-01 Loss 1.04091e-02 Time taken: 1.54 seconds 
Epoch: 49/200 Train accuracy: 7.23030e-01 Validation accuracy: 7.26000e-01 Loss 1.04051e-02 Time taken: 1.55 seconds 
Epoch: 50/200 Train accuracy: 7.22317e-01 Validation accuracy: 7.27333e-01 Loss 1.04068e-02 Time taken: 1.55 seconds 
Epoch: 51/200 Train accuracy: 7.24241e-01 Validation accuracy: 7.21667e-01 Loss 1.04012e-02 Time taken: 1.55 seconds 
Epoch: 52/200 Train accuracy: 7.24384e-01 Validation accuracy: 7.24667e-01 Loss 1.03915e-02 Time taken: 1.55 seconds 
Epoch: 53/200 Train accuracy: 7.28445e-01 Validation accuracy: 7.26667e-01 Loss 1.03791e-02 Time taken: 1.54 seconds 
Epoch: 54/200 Train accuracy: 7.27376e-01 Validation accuracy: 7.17667e-01 Loss 1.03832e-02 Time taken: 1.54 seconds 
Epoch: 55/200 Train accuracy: 7.25025e-01 Validation accuracy: 7.27000e-01 Loss 1.03882e-02 Time taken: 1.55 seconds 
Epoch: 56/200 Train accuracy: 7.27234e-01 Validation accuracy: 7.28000e-01 Loss 1.03786e-02 Time taken: 1.54 seconds 
Epoch: 57/200 Train accuracy: 7.30013e-01 Validation accuracy: 7.27000e-01 Loss 1.03631e-02 Time taken: 1.53 seconds 
Epoch: 58/200 Train accuracy: 7.27875e-01 Validation accuracy: 7.24333e-01 Loss 1.03711e-02 Time taken: 1.54 seconds 
Epoch: 59/200 Train accuracy: 7.24811e-01 Validation accuracy: 7.27000e-01 Loss 1.03791e-02 Time taken: 1.54 seconds 
Epoch: 60/200 Train accuracy: 7.28516e-01 Validation accuracy: 7.30333e-01 Loss 1.03700e-02 Time taken: 1.54 seconds 
Epoch: 61/200 Train accuracy: 7.24526e-01 Validation accuracy: 7.32333e-01 Loss 1.03801e-02 Time taken: 1.55 seconds 
Epoch: 62/200 Train accuracy: 7.23172e-01 Validation accuracy: 7.32000e-01 Loss 1.03865e-02 Time taken: 1.55 seconds 
Epoch: 63/200 Train accuracy: 7.26735e-01 Validation accuracy: 7.32667e-01 Loss 1.03714e-02 Time taken: 1.55 seconds 
Epoch: 64/200 Train accuracy: 7.27946e-01 Validation accuracy: 7.29333e-01 Loss 1.03641e-02 Time taken: 1.54 seconds 
Epoch: 65/200 Train accuracy: 7.25239e-01 Validation accuracy: 7.24667e-01 Loss 1.03747e-02 Time taken: 1.55 seconds 
Epoch: 66/200 Train accuracy: 7.25524e-01 Validation accuracy: 7.26000e-01 Loss 1.03651e-02 Time taken: 1.54 seconds 
Epoch: 67/200 Train accuracy: 7.27163e-01 Validation accuracy: 7.30000e-01 Loss 1.03625e-02 Time taken: 1.54 seconds 
Epoch: 68/200 Train accuracy: 7.25809e-01 Validation accuracy: 7.29000e-01 Loss 1.03650e-02 Time taken: 1.54 seconds 
Epoch: 69/200 Train accuracy: 7.31865e-01 Validation accuracy: 7.33333e-01 Loss 1.03504e-02 Time taken: 1.54 seconds 
Epoch: 70/200 Train accuracy: 7.28231e-01 Validation accuracy: 7.30333e-01 Loss 1.03534e-02 Time taken: 1.54 seconds 
Epoch: 71/200 Train accuracy: 7.30013e-01 Validation accuracy: 7.36667e-01 Loss 1.03548e-02 Time taken: 1.54 seconds 
Epoch: 72/200 Train accuracy: 7.29087e-01 Validation accuracy: 7.32333e-01 Loss 1.03578e-02 Time taken: 1.54 seconds 
Epoch: 73/200 Train accuracy: 7.27519e-01 Validation accuracy: 7.34000e-01 Loss 1.03594e-02 Time taken: 1.55 seconds 
Epoch: 74/200 Train accuracy: 7.32507e-01 Validation accuracy: 7.36333e-01 Loss 1.03364e-02 Time taken: 1.54 seconds 
Epoch: 75/200 Train accuracy: 7.30155e-01 Validation accuracy: 7.33667e-01 Loss 1.03342e-02 Time taken: 1.54 seconds 
Epoch: 76/200 Train accuracy: 7.31509e-01 Validation accuracy: 7.33333e-01 Loss 1.03406e-02 Time taken: 1.54 seconds 
Epoch: 77/200 Train accuracy: 7.29229e-01 Validation accuracy: 7.33333e-01 Loss 1.03398e-02 Time taken: 1.54 seconds 
Epoch: 78/200 Train accuracy: 7.30654e-01 Validation accuracy: 7.36000e-01 Loss 1.03292e-02 Time taken: 1.54 seconds 
Epoch: 79/200 Train accuracy: 7.27376e-01 Validation accuracy: 7.34333e-01 Loss 1.03602e-02 Time taken: 1.54 seconds 
Epoch: 80/200 Train accuracy: 7.29657e-01 Validation accuracy: 7.34667e-01 Loss 1.03465e-02 Time taken: 1.54 seconds 
Epoch: 81/200 Train accuracy: 7.33504e-01 Validation accuracy: 7.30000e-01 Loss 1.03375e-02 Time taken: 1.54 seconds 
Epoch: 82/200 Train accuracy: 7.28231e-01 Validation accuracy: 7.33667e-01 Loss 1.03468e-02 Time taken: 1.54 seconds 
Epoch: 83/200 Train accuracy: 7.27804e-01 Validation accuracy: 7.32333e-01 Loss 1.03480e-02 Time taken: 1.54 seconds 
Epoch: 84/200 Train accuracy: 7.31865e-01 Validation accuracy: 7.34667e-01 Loss 1.03319e-02 Time taken: 1.54 seconds 
Epoch: 85/200 Train accuracy: 7.31153e-01 Validation accuracy: 7.34000e-01 Loss 1.03301e-02 Time taken: 1.54 seconds 
Epoch: 86/200 Train accuracy: 7.32150e-01 Validation accuracy: 7.33333e-01 Loss 1.03197e-02 Time taken: 1.54 seconds 
Epoch: 87/200 Train accuracy: 7.33576e-01 Validation accuracy: 7.37000e-01 Loss 1.03253e-02 Time taken: 1.53 seconds 
Epoch: 88/200 Train accuracy: 7.29728e-01 Validation accuracy: 7.28667e-01 Loss 1.03352e-02 Time taken: 1.54 seconds 
Epoch: 89/200 Train accuracy: 7.30155e-01 Validation accuracy: 7.33333e-01 Loss 1.03345e-02 Time taken: 1.54 seconds 
Epoch: 90/200 Train accuracy: 7.33077e-01 Validation accuracy: 7.35000e-01 Loss 1.03201e-02 Time taken: 1.54 seconds 
Epoch: 91/200 Train accuracy: 7.31794e-01 Validation accuracy: 7.35000e-01 Loss 1.03191e-02 Time taken: 1.54 seconds 
Epoch: 92/200 Train accuracy: 7.31509e-01 Validation accuracy: 7.37333e-01 Loss 1.03295e-02 Time taken: 1.54 seconds 
Epoch: 93/200 Train accuracy: 7.32649e-01 Validation accuracy: 7.35000e-01 Loss 1.03214e-02 Time taken: 1.54 seconds 
Epoch: 94/200 Train accuracy: 7.32364e-01 Validation accuracy: 7.28667e-01 Loss 1.03232e-02 Time taken: 1.54 seconds 
Epoch: 95/200 Train accuracy: 7.31509e-01 Validation accuracy: 7.36000e-01 Loss 1.03117e-02 Time taken: 1.54 seconds 
Epoch: 96/200 Train accuracy: 7.31367e-01 Validation accuracy: 7.38333e-01 Loss 1.03218e-02 Time taken: 1.53 seconds 
Epoch: 97/200 Train accuracy: 7.33647e-01 Validation accuracy: 7.38667e-01 Loss 1.03243e-02 Time taken: 1.54 seconds 
Epoch: 98/200 Train accuracy: 7.34858e-01 Validation accuracy: 7.32667e-01 Loss 1.03105e-02 Time taken: 1.54 seconds 
Epoch: 99/200 Train accuracy: 7.32578e-01 Validation accuracy: 7.40333e-01 Loss 1.03076e-02 Time taken: 1.54 seconds 
Epoch: 100/200 Train accuracy: 7.33718e-01 Validation accuracy: 7.35333e-01 Loss 1.03065e-02 Time taken: 1.54 seconds 
Epoch: 101/200 Train accuracy: 7.32792e-01 Validation accuracy: 7.37000e-01 Loss 1.03177e-02 Time taken: 1.54 seconds 
Epoch: 102/200 Train accuracy: 7.30440e-01 Validation accuracy: 7.35667e-01 Loss 1.03218e-02 Time taken: 1.54 seconds 
Epoch: 103/200 Train accuracy: 7.31723e-01 Validation accuracy: 7.33000e-01 Loss 1.03109e-02 Time taken: 1.53 seconds 
Epoch: 104/200 Train accuracy: 7.34431e-01 Validation accuracy: 7.32667e-01 Loss 1.03036e-02 Time taken: 1.54 seconds 
Epoch: 105/200 Train accuracy: 7.32507e-01 Validation accuracy: 7.33667e-01 Loss 1.03130e-02 Time taken: 1.54 seconds 
Epoch: 106/200 Train accuracy: 7.33148e-01 Validation accuracy: 7.32000e-01 Loss 1.03166e-02 Time taken: 1.54 seconds 
Epoch: 107/200 Train accuracy: 7.33504e-01 Validation accuracy: 7.35333e-01 Loss 1.03071e-02 Time taken: 1.54 seconds 
Epoch: 108/200 Train accuracy: 7.36355e-01 Validation accuracy: 7.35667e-01 Loss 1.03030e-02 Time taken: 1.54 seconds 
Epoch: 109/200 Train accuracy: 7.32008e-01 Validation accuracy: 7.35667e-01 Loss 1.03045e-02 Time taken: 1.54 seconds 
Epoch: 110/200 Train accuracy: 7.33291e-01 Validation accuracy: 7.36000e-01 Loss 1.03035e-02 Time taken: 1.54 seconds 
Epoch: 111/200 Train accuracy: 7.31652e-01 Validation accuracy: 7.40667e-01 Loss 1.02986e-02 Time taken: 1.54 seconds 
Epoch: 112/200 Train accuracy: 7.36640e-01 Validation accuracy: 7.38000e-01 Loss 1.02882e-02 Time taken: 1.54 seconds 
Epoch: 113/200 Train accuracy: 7.35571e-01 Validation accuracy: 7.36667e-01 Loss 1.03020e-02 Time taken: 1.54 seconds 
Epoch: 114/200 Train accuracy: 7.34146e-01 Validation accuracy: 7.31000e-01 Loss 1.02947e-02 Time taken: 1.54 seconds 
Epoch: 115/200 Train accuracy: 7.36283e-01 Validation accuracy: 7.33667e-01 Loss 1.02814e-02 Time taken: 1.54 seconds 
Epoch: 116/200 Train accuracy: 7.33006e-01 Validation accuracy: 7.34667e-01 Loss 1.03012e-02 Time taken: 1.54 seconds 
Epoch: 117/200 Train accuracy: 7.35998e-01 Validation accuracy: 7.36000e-01 Loss 1.02839e-02 Time taken: 1.54 seconds 
Epoch: 118/200 Train accuracy: 7.34502e-01 Validation accuracy: 7.37000e-01 Loss 1.02942e-02 Time taken: 1.54 seconds 
Epoch: 119/200 Train accuracy: 7.33006e-01 Validation accuracy: 7.33667e-01 Loss 1.02998e-02 Time taken: 1.54 seconds 
Epoch: 120/200 Train accuracy: 7.34644e-01 Validation accuracy: 7.36333e-01 Loss 1.02985e-02 Time taken: 1.54 seconds 
Epoch: 121/200 Train accuracy: 7.33504e-01 Validation accuracy: 7.34333e-01 Loss 1.02914e-02 Time taken: 1.54 seconds 
Epoch: 122/200 Train accuracy: 7.37993e-01 Validation accuracy: 7.35333e-01 Loss 1.02856e-02 Time taken: 1.54 seconds 
Epoch: 123/200 Train accuracy: 7.35713e-01 Validation accuracy: 7.39000e-01 Loss 1.02885e-02 Time taken: 1.53 seconds 
Epoch: 124/200 Train accuracy: 7.36212e-01 Validation accuracy: 7.36000e-01 Loss 1.02825e-02 Time taken: 1.53 seconds 
Epoch: 125/200 Train accuracy: 7.33219e-01 Validation accuracy: 7.37667e-01 Loss 1.02957e-02 Time taken: 1.53 seconds 
Epoch: 126/200 Train accuracy: 7.35571e-01 Validation accuracy: 7.34333e-01 Loss 1.02840e-02 Time taken: 1.53 seconds 
Epoch: 127/200 Train accuracy: 7.33077e-01 Validation accuracy: 7.39000e-01 Loss 1.02916e-02 Time taken: 1.53 seconds 
Epoch: 128/200 Train accuracy: 7.35998e-01 Validation accuracy: 7.37667e-01 Loss 1.02896e-02 Time taken: 1.53 seconds 
Epoch: 129/200 Train accuracy: 7.34573e-01 Validation accuracy: 7.38333e-01 Loss 1.02828e-02 Time taken: 1.53 seconds 
Epoch: 130/200 Train accuracy: 7.33718e-01 Validation accuracy: 7.38333e-01 Loss 1.02957e-02 Time taken: 1.53 seconds 
Epoch: 131/200 Train accuracy: 7.31723e-01 Validation accuracy: 7.36333e-01 Loss 1.02909e-02 Time taken: 1.53 seconds 
Epoch: 132/200 Train accuracy: 7.38635e-01 Validation accuracy: 7.39333e-01 Loss 1.02776e-02 Time taken: 1.53 seconds 
Epoch: 133/200 Train accuracy: 7.37352e-01 Validation accuracy: 7.38333e-01 Loss 1.02824e-02 Time taken: 1.53 seconds 
Epoch: 134/200 Train accuracy: 7.33932e-01 Validation accuracy: 7.39667e-01 Loss 1.03013e-02 Time taken: 1.53 seconds 
Epoch: 135/200 Train accuracy: 7.33006e-01 Validation accuracy: 7.37000e-01 Loss 1.02934e-02 Time taken: 1.53 seconds 
Epoch: 136/200 Train accuracy: 7.37067e-01 Validation accuracy: 7.39000e-01 Loss 1.02681e-02 Time taken: 1.54 seconds 
Epoch: 137/200 Train accuracy: 7.34359e-01 Validation accuracy: 7.37667e-01 Loss 1.02850e-02 Time taken: 1.54 seconds 
Epoch: 138/200 Train accuracy: 7.35642e-01 Validation accuracy: 7.38333e-01 Loss 1.02900e-02 Time taken: 1.53 seconds 
Epoch: 139/200 Train accuracy: 7.34217e-01 Validation accuracy: 7.39000e-01 Loss 1.02884e-02 Time taken: 1.55 seconds 
Epoch: 140/200 Train accuracy: 7.35428e-01 Validation accuracy: 7.38333e-01 Loss 1.02734e-02 Time taken: 1.55 seconds 
Epoch: 141/200 Train accuracy: 7.34502e-01 Validation accuracy: 7.39667e-01 Loss 1.02817e-02 Time taken: 1.54 seconds 
Epoch: 142/200 Train accuracy: 7.36497e-01 Validation accuracy: 7.38667e-01 Loss 1.02846e-02 Time taken: 1.55 seconds 
Epoch: 143/200 Train accuracy: 7.37067e-01 Validation accuracy: 7.37000e-01 Loss 1.02765e-02 Time taken: 1.55 seconds 
Epoch: 144/200 Train accuracy: 7.35072e-01 Validation accuracy: 7.34000e-01 Loss 1.02824e-02 Time taken: 1.54 seconds 
Epoch: 145/200 Train accuracy: 7.34288e-01 Validation accuracy: 7.39667e-01 Loss 1.02846e-02 Time taken: 1.53 seconds 
Epoch: 146/200 Train accuracy: 7.35286e-01 Validation accuracy: 7.38000e-01 Loss 1.02709e-02 Time taken: 1.54 seconds 
Epoch: 147/200 Train accuracy: 7.36568e-01 Validation accuracy: 7.39000e-01 Loss 1.02801e-02 Time taken: 1.53 seconds 
Epoch: 148/200 Train accuracy: 7.36711e-01 Validation accuracy: 7.35333e-01 Loss 1.02710e-02 Time taken: 1.53 seconds 
Epoch: 149/200 Train accuracy: 7.38278e-01 Validation accuracy: 7.33000e-01 Loss 1.02705e-02 Time taken: 1.54 seconds 
Epoch: 150/200 Train accuracy: 7.36497e-01 Validation accuracy: 7.40000e-01 Loss 1.02721e-02 Time taken: 1.54 seconds 
Epoch: 151/200 Train accuracy: 7.38849e-01 Validation accuracy: 7.37000e-01 Loss 1.02641e-02 Time taken: 1.54 seconds 
Epoch: 152/200 Train accuracy: 7.41414e-01 Validation accuracy: 7.41333e-01 Loss 1.02617e-02 Time taken: 1.55 seconds 
Epoch: 153/200 Train accuracy: 7.38065e-01 Validation accuracy: 7.35000e-01 Loss 1.02730e-02 Time taken: 1.54 seconds 
Epoch: 154/200 Train accuracy: 7.37210e-01 Validation accuracy: 7.39333e-01 Loss 1.02694e-02 Time taken: 1.54 seconds 
Epoch: 155/200 Train accuracy: 7.36141e-01 Validation accuracy: 7.39333e-01 Loss 1.02743e-02 Time taken: 1.54 seconds 
Epoch: 156/200 Train accuracy: 7.35927e-01 Validation accuracy: 7.40000e-01 Loss 1.02703e-02 Time taken: 1.54 seconds 
Epoch: 157/200 Train accuracy: 7.35001e-01 Validation accuracy: 7.35000e-01 Loss 1.02729e-02 Time taken: 1.54 seconds 
Epoch: 158/200 Train accuracy: 7.37495e-01 Validation accuracy: 7.35667e-01 Loss 1.02632e-02 Time taken: 1.54 seconds 
Epoch: 159/200 Train accuracy: 7.40487e-01 Validation accuracy: 7.35667e-01 Loss 1.02521e-02 Time taken: 1.55 seconds 
Epoch: 160/200 Train accuracy: 7.36640e-01 Validation accuracy: 7.40000e-01 Loss 1.02711e-02 Time taken: 1.54 seconds 
Epoch: 161/200 Train accuracy: 7.37637e-01 Validation accuracy: 7.34667e-01 Loss 1.02620e-02 Time taken: 1.55 seconds 
Epoch: 162/200 Train accuracy: 7.38706e-01 Validation accuracy: 7.38333e-01 Loss 1.02625e-02 Time taken: 1.54 seconds 
Epoch: 163/200 Train accuracy: 7.37780e-01 Validation accuracy: 7.30000e-01 Loss 1.02755e-02 Time taken: 1.54 seconds 
Epoch: 164/200 Train accuracy: 7.37851e-01 Validation accuracy: 7.38667e-01 Loss 1.02614e-02 Time taken: 1.54 seconds 
Epoch: 165/200 Train accuracy: 7.35571e-01 Validation accuracy: 7.39000e-01 Loss 1.02761e-02 Time taken: 1.54 seconds 
Epoch: 166/200 Train accuracy: 7.40131e-01 Validation accuracy: 7.37000e-01 Loss 1.02541e-02 Time taken: 1.54 seconds 
Epoch: 167/200 Train accuracy: 7.37922e-01 Validation accuracy: 7.38333e-01 Loss 1.02573e-02 Time taken: 1.54 seconds 
Epoch: 168/200 Train accuracy: 7.37210e-01 Validation accuracy: 7.38000e-01 Loss 1.02662e-02 Time taken: 1.54 seconds 
Epoch: 169/200 Train accuracy: 7.37495e-01 Validation accuracy: 7.39667e-01 Loss 1.02734e-02 Time taken: 1.53 seconds 
Epoch: 170/200 Train accuracy: 7.39632e-01 Validation accuracy: 7.38333e-01 Loss 1.02641e-02 Time taken: 1.54 seconds 
Epoch: 171/200 Train accuracy: 7.35785e-01 Validation accuracy: 7.41000e-01 Loss 1.02730e-02 Time taken: 1.54 seconds 
Epoch: 172/200 Train accuracy: 7.36426e-01 Validation accuracy: 7.40000e-01 Loss 1.02710e-02 Time taken: 1.54 seconds 
Epoch: 173/200 Train accuracy: 7.37138e-01 Validation accuracy: 7.39000e-01 Loss 1.02688e-02 Time taken: 1.53 seconds 
Epoch: 174/200 Train accuracy: 7.39989e-01 Validation accuracy: 7.36333e-01 Loss 1.02544e-02 Time taken: 1.55 seconds 
Epoch: 175/200 Train accuracy: 7.33504e-01 Validation accuracy: 7.36667e-01 Loss 1.02801e-02 Time taken: 1.54 seconds 
Epoch: 176/200 Train accuracy: 7.38563e-01 Validation accuracy: 7.39333e-01 Loss 1.02604e-02 Time taken: 1.54 seconds 
Epoch: 177/200 Train accuracy: 7.36711e-01 Validation accuracy: 7.40000e-01 Loss 1.02635e-02 Time taken: 1.54 seconds 
Epoch: 178/200 Train accuracy: 7.39632e-01 Validation accuracy: 7.41000e-01 Loss 1.02545e-02 Time taken: 1.54 seconds 
Epoch: 179/200 Train accuracy: 7.35001e-01 Validation accuracy: 7.36667e-01 Loss 1.02714e-02 Time taken: 1.54 seconds 
Epoch: 180/200 Train accuracy: 7.34716e-01 Validation accuracy: 7.38000e-01 Loss 1.02579e-02 Time taken: 1.54 seconds 
Epoch: 181/200 Train accuracy: 7.40630e-01 Validation accuracy: 7.33667e-01 Loss 1.02513e-02 Time taken: 1.55 seconds 
Epoch: 182/200 Train accuracy: 7.41129e-01 Validation accuracy: 7.40000e-01 Loss 1.02533e-02 Time taken: 1.55 seconds 
Epoch: 183/200 Train accuracy: 7.37566e-01 Validation accuracy: 7.37333e-01 Loss 1.02467e-02 Time taken: 1.54 seconds 
Epoch: 184/200 Train accuracy: 7.37637e-01 Validation accuracy: 7.34333e-01 Loss 1.02507e-02 Time taken: 1.55 seconds 
Epoch: 185/200 Train accuracy: 7.40202e-01 Validation accuracy: 7.37333e-01 Loss 1.02517e-02 Time taken: 1.54 seconds 
Epoch: 186/200 Train accuracy: 7.37495e-01 Validation accuracy: 7.39333e-01 Loss 1.02629e-02 Time taken: 1.54 seconds 
Epoch: 187/200 Train accuracy: 7.37495e-01 Validation accuracy: 7.42000e-01 Loss 1.02585e-02 Time taken: 1.54 seconds 
Epoch: 188/200 Train accuracy: 7.37067e-01 Validation accuracy: 7.39667e-01 Loss 1.02565e-02 Time taken: 1.55 seconds 
Epoch: 189/200 Train accuracy: 7.38492e-01 Validation accuracy: 7.37667e-01 Loss 1.02532e-02 Time taken: 1.54 seconds 
Epoch: 190/200 Train accuracy: 7.41770e-01 Validation accuracy: 7.38667e-01 Loss 1.02529e-02 Time taken: 1.54 seconds 
Epoch: 191/200 Train accuracy: 7.39632e-01 Validation accuracy: 7.29667e-01 Loss 1.02422e-02 Time taken: 1.54 seconds 
Epoch: 192/200 Train accuracy: 7.38563e-01 Validation accuracy: 7.39000e-01 Loss 1.02454e-02 Time taken: 1.54 seconds 
Epoch: 193/200 Train accuracy: 7.38065e-01 Validation accuracy: 7.39000e-01 Loss 1.02542e-02 Time taken: 1.53 seconds 
Epoch: 194/200 Train accuracy: 7.41271e-01 Validation accuracy: 7.42000e-01 Loss 1.02448e-02 Time taken: 1.54 seconds 
Epoch: 195/200 Train accuracy: 7.38207e-01 Validation accuracy: 7.37000e-01 Loss 1.02608e-02 Time taken: 1.54 seconds 
Epoch: 196/200 Train accuracy: 7.38278e-01 Validation accuracy: 7.37667e-01 Loss 1.02535e-02 Time taken: 1.54 seconds 
Epoch: 197/200 Train accuracy: 7.41912e-01 Validation accuracy: 7.34667e-01 Loss 1.02423e-02 Time taken: 1.54 seconds 
Epoch: 198/200 Train accuracy: 7.38278e-01 Validation accuracy: 7.36333e-01 Loss 1.02592e-02 Time taken: 1.54 seconds 
Epoch: 199/200 Train accuracy: 7.41200e-01 Validation accuracy: 7.41333e-01 Loss 1.02386e-02 Time taken: 1.54 seconds 
Epoch: 200/200 Train accuracy: 7.39062e-01 Validation accuracy: 7.43000e-01 Loss 1.02500e-02 Time taken: 1.53 seconds 
Total time taken 0:05:16.735976
Cleaning up intermediate feature (.pt) files
Done


working on file logs/iic-train-double/jepa_iic_first-ep350.pth.tar ...
