Directory classifiers/jepa-iic-PKT-seed-10-classifier-pretrained-vitb-normalized-ep500 for saving the classifiers is now present
VisionTransformer(
  (patch_embed): PatchEmbed(
    (proj): Conv2d(3, 768, kernel_size=(15, 15), stride=(15, 15))
  )
  (blocks): ModuleList(
    (0-11): 12 x Block(
      (norm1): LayerNorm((768,), eps=1e-06, elementwise_affine=True)
      (attn): Attention(
        (qkv): Linear(in_features=768, out_features=2304, bias=True)
        (attn_drop): Dropout(p=0.0, inplace=False)
        (proj): Linear(in_features=768, out_features=768, bias=True)
        (proj_drop): Dropout(p=0.0, inplace=False)
      )
      (drop_path): Identity()
      (norm2): LayerNorm((768,), eps=1e-06, elementwise_affine=True)
      (mlp): MLP(
        (fc1): Linear(in_features=768, out_features=3072, bias=True)
        (act): GELU(approximate='none')
        (fc2): Linear(in_features=3072, out_features=768, bias=True)
        (drop): Dropout(p=0.0, inplace=False)
      )
    )
  )
  (norm): LayerNorm((768,), eps=1e-06, elementwise_affine=True)
)
Extracting features and saving them locally..
Epoch: 1/200 Train accuracy: 4.03734e-01 Validation accuracy: 6.16333e-01 Loss 1.28644e-02 Time taken: 1.51 seconds 
Epoch: 2/200 Train accuracy: 6.18569e-01 Validation accuracy: 6.81000e-01 Loss 1.13907e-02 Time taken: 1.50 seconds 
Epoch: 3/200 Train accuracy: 6.71512e-01 Validation accuracy: 7.02000e-01 Loss 1.09549e-02 Time taken: 1.51 seconds 
Epoch: 4/200 Train accuracy: 6.92247e-01 Validation accuracy: 7.06333e-01 Loss 1.07746e-02 Time taken: 1.50 seconds 
Epoch: 5/200 Train accuracy: 7.05572e-01 Validation accuracy: 7.21000e-01 Loss 1.06521e-02 Time taken: 1.55 seconds 
Epoch: 6/200 Train accuracy: 7.20607e-01 Validation accuracy: 7.29000e-01 Loss 1.05440e-02 Time taken: 1.50 seconds 
Epoch: 7/200 Train accuracy: 7.18754e-01 Validation accuracy: 7.31333e-01 Loss 1.05075e-02 Time taken: 1.51 seconds 
Epoch: 8/200 Train accuracy: 7.24954e-01 Validation accuracy: 7.39000e-01 Loss 1.04533e-02 Time taken: 1.50 seconds 
Epoch: 9/200 Train accuracy: 7.31937e-01 Validation accuracy: 7.38333e-01 Loss 1.04115e-02 Time taken: 1.50 seconds 
Epoch: 10/200 Train accuracy: 7.36283e-01 Validation accuracy: 7.42667e-01 Loss 1.03675e-02 Time taken: 1.50 seconds 
Epoch: 11/200 Train accuracy: 7.38136e-01 Validation accuracy: 7.48667e-01 Loss 1.03487e-02 Time taken: 1.51 seconds 
Epoch: 12/200 Train accuracy: 7.43124e-01 Validation accuracy: 7.50000e-01 Loss 1.03246e-02 Time taken: 1.51 seconds 
Epoch: 13/200 Train accuracy: 7.44620e-01 Validation accuracy: 7.52000e-01 Loss 1.02973e-02 Time taken: 1.50 seconds 
Epoch: 14/200 Train accuracy: 7.44620e-01 Validation accuracy: 7.56000e-01 Loss 1.02774e-02 Time taken: 1.50 seconds 
Epoch: 15/200 Train accuracy: 7.46473e-01 Validation accuracy: 7.50667e-01 Loss 1.02743e-02 Time taken: 1.49 seconds 
Epoch: 16/200 Train accuracy: 7.48967e-01 Validation accuracy: 7.52667e-01 Loss 1.02481e-02 Time taken: 1.49 seconds 
Epoch: 17/200 Train accuracy: 7.49537e-01 Validation accuracy: 7.58000e-01 Loss 1.02375e-02 Time taken: 1.49 seconds 
Epoch: 18/200 Train accuracy: 7.49893e-01 Validation accuracy: 7.60000e-01 Loss 1.02229e-02 Time taken: 1.49 seconds 
Epoch: 19/200 Train accuracy: 7.52245e-01 Validation accuracy: 7.62667e-01 Loss 1.02186e-02 Time taken: 1.48 seconds 
Epoch: 20/200 Train accuracy: 7.54810e-01 Validation accuracy: 7.62667e-01 Loss 1.01962e-02 Time taken: 1.49 seconds 
Epoch: 21/200 Train accuracy: 7.52743e-01 Validation accuracy: 7.58000e-01 Loss 1.01958e-02 Time taken: 1.49 seconds 
Epoch: 22/200 Train accuracy: 7.56947e-01 Validation accuracy: 7.62333e-01 Loss 1.01817e-02 Time taken: 1.50 seconds 
Epoch: 23/200 Train accuracy: 7.60653e-01 Validation accuracy: 7.61667e-01 Loss 1.01650e-02 Time taken: 1.49 seconds 
Epoch: 24/200 Train accuracy: 7.58301e-01 Validation accuracy: 7.59000e-01 Loss 1.01564e-02 Time taken: 1.50 seconds 
Epoch: 25/200 Train accuracy: 7.57446e-01 Validation accuracy: 7.59333e-01 Loss 1.01542e-02 Time taken: 1.49 seconds 
Epoch: 26/200 Train accuracy: 7.60083e-01 Validation accuracy: 7.66667e-01 Loss 1.01425e-02 Time taken: 1.48 seconds 
Epoch: 27/200 Train accuracy: 7.60795e-01 Validation accuracy: 7.63333e-01 Loss 1.01390e-02 Time taken: 1.49 seconds 
Epoch: 28/200 Train accuracy: 7.63574e-01 Validation accuracy: 7.63667e-01 Loss 1.01279e-02 Time taken: 1.49 seconds 
Epoch: 29/200 Train accuracy: 7.60653e-01 Validation accuracy: 7.68333e-01 Loss 1.01362e-02 Time taken: 1.48 seconds 
Epoch: 30/200 Train accuracy: 7.60368e-01 Validation accuracy: 7.68000e-01 Loss 1.01252e-02 Time taken: 1.49 seconds 
Epoch: 31/200 Train accuracy: 7.60439e-01 Validation accuracy: 7.65333e-01 Loss 1.01152e-02 Time taken: 1.49 seconds 
Epoch: 32/200 Train accuracy: 7.61223e-01 Validation accuracy: 7.67667e-01 Loss 1.01205e-02 Time taken: 1.49 seconds 
Epoch: 33/200 Train accuracy: 7.62862e-01 Validation accuracy: 7.67667e-01 Loss 1.01152e-02 Time taken: 1.49 seconds 
Epoch: 34/200 Train accuracy: 7.65569e-01 Validation accuracy: 7.68333e-01 Loss 1.00916e-02 Time taken: 1.49 seconds 
Epoch: 35/200 Train accuracy: 7.63218e-01 Validation accuracy: 7.72333e-01 Loss 1.00941e-02 Time taken: 1.49 seconds 
Epoch: 36/200 Train accuracy: 7.66282e-01 Validation accuracy: 7.72667e-01 Loss 1.00864e-02 Time taken: 1.48 seconds 
Epoch: 37/200 Train accuracy: 7.66852e-01 Validation accuracy: 7.68333e-01 Loss 1.00816e-02 Time taken: 1.49 seconds 
Epoch: 38/200 Train accuracy: 7.67636e-01 Validation accuracy: 7.72000e-01 Loss 1.00746e-02 Time taken: 1.49 seconds 
Epoch: 39/200 Train accuracy: 7.65284e-01 Validation accuracy: 7.68667e-01 Loss 1.00706e-02 Time taken: 1.48 seconds 
Epoch: 40/200 Train accuracy: 7.65284e-01 Validation accuracy: 7.70667e-01 Loss 1.00827e-02 Time taken: 1.49 seconds 
Epoch: 41/200 Train accuracy: 7.67636e-01 Validation accuracy: 7.69000e-01 Loss 1.00693e-02 Time taken: 1.49 seconds 
Epoch: 42/200 Train accuracy: 7.68420e-01 Validation accuracy: 7.70000e-01 Loss 1.00648e-02 Time taken: 1.48 seconds 
Epoch: 43/200 Train accuracy: 7.67422e-01 Validation accuracy: 7.76000e-01 Loss 1.00657e-02 Time taken: 1.49 seconds 
Epoch: 44/200 Train accuracy: 7.68063e-01 Validation accuracy: 7.73333e-01 Loss 1.00647e-02 Time taken: 1.49 seconds 
Epoch: 45/200 Train accuracy: 7.70058e-01 Validation accuracy: 7.70333e-01 Loss 1.00459e-02 Time taken: 1.49 seconds 
Epoch: 46/200 Train accuracy: 7.71484e-01 Validation accuracy: 7.72667e-01 Loss 1.00509e-02 Time taken: 1.49 seconds 
Epoch: 47/200 Train accuracy: 7.67636e-01 Validation accuracy: 7.71333e-01 Loss 1.00603e-02 Time taken: 1.49 seconds 
Epoch: 48/200 Train accuracy: 7.69488e-01 Validation accuracy: 7.75333e-01 Loss 1.00503e-02 Time taken: 1.49 seconds 
Epoch: 49/200 Train accuracy: 7.71840e-01 Validation accuracy: 7.71000e-01 Loss 1.00379e-02 Time taken: 1.48 seconds 
Epoch: 50/200 Train accuracy: 7.70415e-01 Validation accuracy: 7.70667e-01 Loss 1.00373e-02 Time taken: 1.49 seconds 
Epoch: 51/200 Train accuracy: 7.70130e-01 Validation accuracy: 7.74000e-01 Loss 1.00496e-02 Time taken: 1.49 seconds 
Epoch: 52/200 Train accuracy: 7.71697e-01 Validation accuracy: 7.74333e-01 Loss 1.00326e-02 Time taken: 1.48 seconds 
Epoch: 53/200 Train accuracy: 7.70201e-01 Validation accuracy: 7.73333e-01 Loss 1.00388e-02 Time taken: 1.49 seconds 
Epoch: 54/200 Train accuracy: 7.73550e-01 Validation accuracy: 7.75000e-01 Loss 1.00252e-02 Time taken: 1.49 seconds 
Epoch: 55/200 Train accuracy: 7.70842e-01 Validation accuracy: 7.75667e-01 Loss 1.00263e-02 Time taken: 1.48 seconds 
Epoch: 56/200 Train accuracy: 7.69987e-01 Validation accuracy: 7.76667e-01 Loss 1.00342e-02 Time taken: 1.49 seconds 
Epoch: 57/200 Train accuracy: 7.70771e-01 Validation accuracy: 7.73667e-01 Loss 1.00336e-02 Time taken: 1.49 seconds 
Epoch: 58/200 Train accuracy: 7.72766e-01 Validation accuracy: 7.74667e-01 Loss 1.00270e-02 Time taken: 1.48 seconds 
Epoch: 59/200 Train accuracy: 7.72552e-01 Validation accuracy: 7.72333e-01 Loss 1.00220e-02 Time taken: 1.49 seconds 
Epoch: 60/200 Train accuracy: 7.70058e-01 Validation accuracy: 7.74667e-01 Loss 1.00287e-02 Time taken: 1.49 seconds 
Epoch: 61/200 Train accuracy: 7.73122e-01 Validation accuracy: 7.77333e-01 Loss 1.00081e-02 Time taken: 1.49 seconds 
Epoch: 62/200 Train accuracy: 7.73479e-01 Validation accuracy: 7.74000e-01 Loss 1.00194e-02 Time taken: 1.48 seconds 
Epoch: 63/200 Train accuracy: 7.71697e-01 Validation accuracy: 7.77333e-01 Loss 1.00253e-02 Time taken: 1.49 seconds 
Epoch: 64/200 Train accuracy: 7.69560e-01 Validation accuracy: 7.74000e-01 Loss 1.00252e-02 Time taken: 1.49 seconds 
Epoch: 65/200 Train accuracy: 7.71484e-01 Validation accuracy: 7.75000e-01 Loss 1.00209e-02 Time taken: 1.48 seconds 
Epoch: 66/200 Train accuracy: 7.73336e-01 Validation accuracy: 7.72333e-01 Loss 1.00086e-02 Time taken: 1.49 seconds 
Epoch: 67/200 Train accuracy: 7.71127e-01 Validation accuracy: 7.75000e-01 Loss 1.00094e-02 Time taken: 1.49 seconds 
Epoch: 68/200 Train accuracy: 7.73764e-01 Validation accuracy: 7.75333e-01 Loss 1.00036e-02 Time taken: 1.48 seconds 
Epoch: 69/200 Train accuracy: 7.73194e-01 Validation accuracy: 7.75000e-01 Loss 1.00016e-02 Time taken: 1.49 seconds 
Epoch: 70/200 Train accuracy: 7.74904e-01 Validation accuracy: 7.75000e-01 Loss 1.00020e-02 Time taken: 1.49 seconds 
Epoch: 71/200 Train accuracy: 7.75403e-01 Validation accuracy: 7.75667e-01 Loss 9.99971e-03 Time taken: 1.48 seconds 
Epoch: 72/200 Train accuracy: 7.74263e-01 Validation accuracy: 7.75333e-01 Loss 1.00005e-02 Time taken: 1.49 seconds 
Epoch: 73/200 Train accuracy: 7.75616e-01 Validation accuracy: 7.78333e-01 Loss 9.99729e-03 Time taken: 1.49 seconds 
Epoch: 74/200 Train accuracy: 7.77683e-01 Validation accuracy: 7.77333e-01 Loss 9.98289e-03 Time taken: 1.49 seconds 
Epoch: 75/200 Train accuracy: 7.78395e-01 Validation accuracy: 7.76000e-01 Loss 9.98731e-03 Time taken: 1.48 seconds 
Epoch: 76/200 Train accuracy: 7.76400e-01 Validation accuracy: 7.72333e-01 Loss 9.99900e-03 Time taken: 1.49 seconds 
Epoch: 77/200 Train accuracy: 7.72481e-01 Validation accuracy: 7.78000e-01 Loss 1.00013e-02 Time taken: 1.49 seconds 
Epoch: 78/200 Train accuracy: 7.73621e-01 Validation accuracy: 7.75667e-01 Loss 9.99637e-03 Time taken: 1.49 seconds 
Epoch: 79/200 Train accuracy: 7.75331e-01 Validation accuracy: 7.77000e-01 Loss 9.97774e-03 Time taken: 1.49 seconds 
Epoch: 80/200 Train accuracy: 7.75260e-01 Validation accuracy: 7.76333e-01 Loss 9.98385e-03 Time taken: 1.49 seconds 
Epoch: 81/200 Train accuracy: 7.73906e-01 Validation accuracy: 7.76333e-01 Loss 9.99476e-03 Time taken: 1.48 seconds 
Epoch: 82/200 Train accuracy: 7.75759e-01 Validation accuracy: 7.75667e-01 Loss 9.99109e-03 Time taken: 1.49 seconds 
Epoch: 83/200 Train accuracy: 7.78752e-01 Validation accuracy: 7.78000e-01 Loss 9.97829e-03 Time taken: 1.49 seconds 
Epoch: 84/200 Train accuracy: 7.78395e-01 Validation accuracy: 7.77000e-01 Loss 9.97547e-03 Time taken: 1.48 seconds 
Epoch: 85/200 Train accuracy: 7.76400e-01 Validation accuracy: 7.77333e-01 Loss 9.98106e-03 Time taken: 1.49 seconds 
Epoch: 86/200 Train accuracy: 7.77326e-01 Validation accuracy: 7.80000e-01 Loss 9.97383e-03 Time taken: 1.49 seconds 
Epoch: 87/200 Train accuracy: 7.77754e-01 Validation accuracy: 7.76667e-01 Loss 9.98003e-03 Time taken: 1.49 seconds 
Epoch: 88/200 Train accuracy: 7.74619e-01 Validation accuracy: 7.80000e-01 Loss 9.97422e-03 Time taken: 1.49 seconds 
Epoch: 89/200 Train accuracy: 7.76400e-01 Validation accuracy: 7.78333e-01 Loss 9.97657e-03 Time taken: 1.49 seconds 
Epoch: 90/200 Train accuracy: 7.77897e-01 Validation accuracy: 7.77000e-01 Loss 9.96049e-03 Time taken: 1.49 seconds 
Epoch: 91/200 Train accuracy: 7.78324e-01 Validation accuracy: 7.76667e-01 Loss 9.97245e-03 Time taken: 1.48 seconds 
Epoch: 92/200 Train accuracy: 7.78752e-01 Validation accuracy: 7.79000e-01 Loss 9.97673e-03 Time taken: 1.49 seconds 
Epoch: 93/200 Train accuracy: 7.77184e-01 Validation accuracy: 7.77333e-01 Loss 9.97137e-03 Time taken: 1.49 seconds 
Epoch: 94/200 Train accuracy: 7.76186e-01 Validation accuracy: 7.74667e-01 Loss 9.97019e-03 Time taken: 1.49 seconds 
Epoch: 95/200 Train accuracy: 7.76115e-01 Validation accuracy: 7.78667e-01 Loss 9.97336e-03 Time taken: 1.49 seconds 
Epoch: 96/200 Train accuracy: 7.76614e-01 Validation accuracy: 7.80000e-01 Loss 9.96425e-03 Time taken: 1.50 seconds 
Epoch: 97/200 Train accuracy: 7.78039e-01 Validation accuracy: 7.80667e-01 Loss 9.96503e-03 Time taken: 1.49 seconds 
Epoch: 98/200 Train accuracy: 7.76044e-01 Validation accuracy: 7.79667e-01 Loss 9.97081e-03 Time taken: 1.49 seconds 
Epoch: 99/200 Train accuracy: 7.77041e-01 Validation accuracy: 7.74000e-01 Loss 9.96944e-03 Time taken: 1.50 seconds 
Epoch: 100/200 Train accuracy: 7.77113e-01 Validation accuracy: 7.79000e-01 Loss 9.96556e-03 Time taken: 1.49 seconds 
Epoch: 101/200 Train accuracy: 7.77469e-01 Validation accuracy: 7.79667e-01 Loss 9.96015e-03 Time taken: 1.49 seconds 
Epoch: 102/200 Train accuracy: 7.79037e-01 Validation accuracy: 7.79667e-01 Loss 9.96699e-03 Time taken: 1.50 seconds 
Epoch: 103/200 Train accuracy: 7.80319e-01 Validation accuracy: 7.79667e-01 Loss 9.96293e-03 Time taken: 1.50 seconds 
Epoch: 104/200 Train accuracy: 7.79108e-01 Validation accuracy: 7.79000e-01 Loss 9.96010e-03 Time taken: 1.49 seconds 
Epoch: 105/200 Train accuracy: 7.77683e-01 Validation accuracy: 7.79333e-01 Loss 9.97277e-03 Time taken: 1.50 seconds 
Epoch: 106/200 Train accuracy: 7.77968e-01 Validation accuracy: 7.79333e-01 Loss 9.95355e-03 Time taken: 1.50 seconds 
Epoch: 107/200 Train accuracy: 7.77255e-01 Validation accuracy: 7.77000e-01 Loss 9.96221e-03 Time taken: 1.49 seconds 
Epoch: 108/200 Train accuracy: 7.80889e-01 Validation accuracy: 7.78667e-01 Loss 9.95723e-03 Time taken: 1.49 seconds 
Epoch: 109/200 Train accuracy: 7.76186e-01 Validation accuracy: 7.80667e-01 Loss 9.97057e-03 Time taken: 1.50 seconds 
Epoch: 110/200 Train accuracy: 7.75545e-01 Validation accuracy: 7.80333e-01 Loss 9.97197e-03 Time taken: 1.49 seconds 
Epoch: 111/200 Train accuracy: 7.80676e-01 Validation accuracy: 7.79333e-01 Loss 9.95203e-03 Time taken: 1.50 seconds 
Epoch: 112/200 Train accuracy: 7.77897e-01 Validation accuracy: 7.78000e-01 Loss 9.95970e-03 Time taken: 1.50 seconds 
Epoch: 113/200 Train accuracy: 7.82386e-01 Validation accuracy: 7.78000e-01 Loss 9.94207e-03 Time taken: 1.49 seconds 
Epoch: 114/200 Train accuracy: 7.78823e-01 Validation accuracy: 7.81333e-01 Loss 9.94911e-03 Time taken: 1.49 seconds 
Epoch: 115/200 Train accuracy: 7.79108e-01 Validation accuracy: 7.81667e-01 Loss 9.94804e-03 Time taken: 1.50 seconds 
Epoch: 116/200 Train accuracy: 7.76329e-01 Validation accuracy: 7.78667e-01 Loss 9.96687e-03 Time taken: 1.50 seconds 
Epoch: 117/200 Train accuracy: 7.81816e-01 Validation accuracy: 7.80667e-01 Loss 9.94573e-03 Time taken: 1.49 seconds 
Epoch: 118/200 Train accuracy: 7.80390e-01 Validation accuracy: 7.72333e-01 Loss 9.95044e-03 Time taken: 1.50 seconds 
Epoch: 119/200 Train accuracy: 7.76044e-01 Validation accuracy: 7.78667e-01 Loss 9.96178e-03 Time taken: 1.50 seconds 
Epoch: 120/200 Train accuracy: 7.74334e-01 Validation accuracy: 7.77667e-01 Loss 9.96335e-03 Time taken: 1.49 seconds 
Epoch: 121/200 Train accuracy: 7.81388e-01 Validation accuracy: 7.78333e-01 Loss 9.94799e-03 Time taken: 1.50 seconds 
Epoch: 122/200 Train accuracy: 7.79108e-01 Validation accuracy: 7.81667e-01 Loss 9.95229e-03 Time taken: 1.50 seconds 
Epoch: 123/200 Train accuracy: 7.79464e-01 Validation accuracy: 7.74000e-01 Loss 9.94981e-03 Time taken: 1.49 seconds 
Epoch: 124/200 Train accuracy: 7.80177e-01 Validation accuracy: 7.82667e-01 Loss 9.94285e-03 Time taken: 1.50 seconds 
Epoch: 125/200 Train accuracy: 7.77540e-01 Validation accuracy: 7.74000e-01 Loss 9.95873e-03 Time taken: 1.51 seconds 
Epoch: 126/200 Train accuracy: 7.78965e-01 Validation accuracy: 7.82333e-01 Loss 9.94963e-03 Time taken: 1.50 seconds 
Epoch: 127/200 Train accuracy: 7.79179e-01 Validation accuracy: 7.79667e-01 Loss 9.94902e-03 Time taken: 1.49 seconds 
Epoch: 128/200 Train accuracy: 7.78965e-01 Validation accuracy: 7.81000e-01 Loss 9.94754e-03 Time taken: 1.50 seconds 
Epoch: 129/200 Train accuracy: 7.81958e-01 Validation accuracy: 7.77000e-01 Loss 9.93242e-03 Time taken: 1.50 seconds 
Epoch: 130/200 Train accuracy: 7.79037e-01 Validation accuracy: 7.74667e-01 Loss 9.94973e-03 Time taken: 1.49 seconds 
Epoch: 131/200 Train accuracy: 7.77255e-01 Validation accuracy: 7.79667e-01 Loss 9.95515e-03 Time taken: 1.50 seconds 
Epoch: 132/200 Train accuracy: 7.82528e-01 Validation accuracy: 7.82000e-01 Loss 9.92681e-03 Time taken: 1.51 seconds 
Epoch: 133/200 Train accuracy: 7.82029e-01 Validation accuracy: 7.82333e-01 Loss 9.93129e-03 Time taken: 1.50 seconds 
Epoch: 134/200 Train accuracy: 7.81174e-01 Validation accuracy: 7.84667e-01 Loss 9.93684e-03 Time taken: 1.50 seconds 
Epoch: 135/200 Train accuracy: 7.80177e-01 Validation accuracy: 7.80333e-01 Loss 9.94277e-03 Time taken: 1.50 seconds 
Epoch: 136/200 Train accuracy: 7.83027e-01 Validation accuracy: 7.84000e-01 Loss 9.92908e-03 Time taken: 1.50 seconds 
Epoch: 137/200 Train accuracy: 7.77184e-01 Validation accuracy: 7.81333e-01 Loss 9.94810e-03 Time taken: 1.49 seconds 
Epoch: 138/200 Train accuracy: 7.77968e-01 Validation accuracy: 7.83000e-01 Loss 9.94675e-03 Time taken: 1.50 seconds 
Epoch: 139/200 Train accuracy: 7.79322e-01 Validation accuracy: 7.82667e-01 Loss 9.94124e-03 Time taken: 1.50 seconds 
Epoch: 140/200 Train accuracy: 7.76543e-01 Validation accuracy: 7.83333e-01 Loss 9.94775e-03 Time taken: 1.49 seconds 
Epoch: 141/200 Train accuracy: 7.80961e-01 Validation accuracy: 7.80000e-01 Loss 9.94128e-03 Time taken: 1.50 seconds 
Epoch: 142/200 Train accuracy: 7.82386e-01 Validation accuracy: 7.81333e-01 Loss 9.92937e-03 Time taken: 1.50 seconds 
Epoch: 143/200 Train accuracy: 7.82884e-01 Validation accuracy: 7.81667e-01 Loss 9.91983e-03 Time taken: 1.49 seconds 
Epoch: 144/200 Train accuracy: 7.81673e-01 Validation accuracy: 7.77333e-01 Loss 9.93403e-03 Time taken: 1.50 seconds 
Epoch: 145/200 Train accuracy: 7.78965e-01 Validation accuracy: 7.81667e-01 Loss 9.94652e-03 Time taken: 1.50 seconds 
Epoch: 146/200 Train accuracy: 7.78823e-01 Validation accuracy: 7.83000e-01 Loss 9.94045e-03 Time taken: 1.50 seconds 
Epoch: 147/200 Train accuracy: 7.78110e-01 Validation accuracy: 7.83000e-01 Loss 9.93960e-03 Time taken: 1.50 seconds 
Epoch: 148/200 Train accuracy: 7.81459e-01 Validation accuracy: 7.81000e-01 Loss 9.92561e-03 Time taken: 1.50 seconds 
Epoch: 149/200 Train accuracy: 7.79250e-01 Validation accuracy: 7.83000e-01 Loss 9.93199e-03 Time taken: 1.50 seconds 
Epoch: 150/200 Train accuracy: 7.78894e-01 Validation accuracy: 7.84333e-01 Loss 9.94207e-03 Time taken: 1.49 seconds 
Epoch: 151/200 Train accuracy: 7.83098e-01 Validation accuracy: 7.85333e-01 Loss 9.91249e-03 Time taken: 1.50 seconds 
Epoch: 152/200 Train accuracy: 7.81174e-01 Validation accuracy: 7.86000e-01 Loss 9.92779e-03 Time taken: 1.50 seconds 
Epoch: 153/200 Train accuracy: 7.82314e-01 Validation accuracy: 7.82667e-01 Loss 9.92348e-03 Time taken: 1.49 seconds 
Epoch: 154/200 Train accuracy: 7.80105e-01 Validation accuracy: 7.82667e-01 Loss 9.94000e-03 Time taken: 1.50 seconds 
Epoch: 155/200 Train accuracy: 7.79322e-01 Validation accuracy: 7.79667e-01 Loss 9.93399e-03 Time taken: 1.50 seconds 
Epoch: 156/200 Train accuracy: 7.79322e-01 Validation accuracy: 7.82333e-01 Loss 9.93120e-03 Time taken: 1.49 seconds 
Epoch: 157/200 Train accuracy: 7.81673e-01 Validation accuracy: 7.80667e-01 Loss 9.92280e-03 Time taken: 1.50 seconds 
Epoch: 158/200 Train accuracy: 7.81174e-01 Validation accuracy: 7.81000e-01 Loss 9.93316e-03 Time taken: 1.50 seconds 
Epoch: 159/200 Train accuracy: 7.85022e-01 Validation accuracy: 7.80333e-01 Loss 9.91788e-03 Time taken: 1.50 seconds 
Epoch: 160/200 Train accuracy: 7.80177e-01 Validation accuracy: 7.82333e-01 Loss 9.93240e-03 Time taken: 1.49 seconds 
Epoch: 161/200 Train accuracy: 7.83739e-01 Validation accuracy: 7.81667e-01 Loss 9.92396e-03 Time taken: 1.50 seconds 
Epoch: 162/200 Train accuracy: 7.79820e-01 Validation accuracy: 7.77333e-01 Loss 9.92705e-03 Time taken: 1.50 seconds 
Epoch: 163/200 Train accuracy: 7.83169e-01 Validation accuracy: 7.83333e-01 Loss 9.92290e-03 Time taken: 1.49 seconds 
Epoch: 164/200 Train accuracy: 7.83739e-01 Validation accuracy: 7.82667e-01 Loss 9.91860e-03 Time taken: 1.50 seconds 
Epoch: 165/200 Train accuracy: 7.83668e-01 Validation accuracy: 7.80000e-01 Loss 9.92439e-03 Time taken: 1.50 seconds 
Epoch: 166/200 Train accuracy: 7.83526e-01 Validation accuracy: 7.83333e-01 Loss 9.92303e-03 Time taken: 1.49 seconds 
Epoch: 167/200 Train accuracy: 7.80462e-01 Validation accuracy: 7.84667e-01 Loss 9.92419e-03 Time taken: 1.50 seconds 
Epoch: 168/200 Train accuracy: 7.83169e-01 Validation accuracy: 7.80000e-01 Loss 9.92207e-03 Time taken: 1.50 seconds 
Epoch: 169/200 Train accuracy: 7.82101e-01 Validation accuracy: 7.85333e-01 Loss 9.92548e-03 Time taken: 1.49 seconds 
Epoch: 170/200 Train accuracy: 7.84951e-01 Validation accuracy: 7.81333e-01 Loss 9.91184e-03 Time taken: 1.50 seconds 
Epoch: 171/200 Train accuracy: 7.84737e-01 Validation accuracy: 7.80000e-01 Loss 9.90694e-03 Time taken: 1.50 seconds 
Epoch: 172/200 Train accuracy: 7.84808e-01 Validation accuracy: 7.83000e-01 Loss 9.91872e-03 Time taken: 1.50 seconds 
Epoch: 173/200 Train accuracy: 7.84381e-01 Validation accuracy: 7.82333e-01 Loss 9.91321e-03 Time taken: 1.50 seconds 
Epoch: 174/200 Train accuracy: 7.81531e-01 Validation accuracy: 7.83333e-01 Loss 9.92798e-03 Time taken: 1.50 seconds 
Epoch: 175/200 Train accuracy: 7.85592e-01 Validation accuracy: 7.79333e-01 Loss 9.90873e-03 Time taken: 1.50 seconds 
Epoch: 176/200 Train accuracy: 7.83953e-01 Validation accuracy: 7.83000e-01 Loss 9.90976e-03 Time taken: 1.49 seconds 
Epoch: 177/200 Train accuracy: 7.82101e-01 Validation accuracy: 7.82000e-01 Loss 9.91604e-03 Time taken: 1.50 seconds 
Epoch: 178/200 Train accuracy: 7.83739e-01 Validation accuracy: 7.84000e-01 Loss 9.91041e-03 Time taken: 1.50 seconds 
Epoch: 179/200 Train accuracy: 7.80747e-01 Validation accuracy: 7.83667e-01 Loss 9.92894e-03 Time taken: 1.49 seconds 
Epoch: 180/200 Train accuracy: 7.81032e-01 Validation accuracy: 7.80333e-01 Loss 9.93069e-03 Time taken: 1.51 seconds 
Epoch: 181/200 Train accuracy: 7.79464e-01 Validation accuracy: 7.80667e-01 Loss 9.93174e-03 Time taken: 1.50 seconds 
Epoch: 182/200 Train accuracy: 7.85022e-01 Validation accuracy: 7.80000e-01 Loss 9.91018e-03 Time taken: 1.49 seconds 
Epoch: 183/200 Train accuracy: 7.81103e-01 Validation accuracy: 7.80000e-01 Loss 9.91478e-03 Time taken: 1.50 seconds 
Epoch: 184/200 Train accuracy: 7.82671e-01 Validation accuracy: 7.83333e-01 Loss 9.92364e-03 Time taken: 1.50 seconds 
Epoch: 185/200 Train accuracy: 7.85521e-01 Validation accuracy: 7.80333e-01 Loss 9.90125e-03 Time taken: 1.50 seconds 
Epoch: 186/200 Train accuracy: 7.79393e-01 Validation accuracy: 7.81000e-01 Loss 9.92662e-03 Time taken: 1.50 seconds 
Epoch: 187/200 Train accuracy: 7.83383e-01 Validation accuracy: 7.82333e-01 Loss 9.90733e-03 Time taken: 1.50 seconds 
Epoch: 188/200 Train accuracy: 7.82599e-01 Validation accuracy: 7.76333e-01 Loss 9.91453e-03 Time taken: 1.50 seconds 
Epoch: 189/200 Train accuracy: 7.81816e-01 Validation accuracy: 7.84000e-01 Loss 9.92035e-03 Time taken: 1.50 seconds 
Epoch: 190/200 Train accuracy: 7.83526e-01 Validation accuracy: 7.85333e-01 Loss 9.91794e-03 Time taken: 1.51 seconds 
Epoch: 191/200 Train accuracy: 7.81816e-01 Validation accuracy: 7.80667e-01 Loss 9.91238e-03 Time taken: 1.51 seconds 
Epoch: 192/200 Train accuracy: 7.85735e-01 Validation accuracy: 7.82333e-01 Loss 9.90909e-03 Time taken: 1.49 seconds 
Epoch: 193/200 Train accuracy: 7.85735e-01 Validation accuracy: 7.85333e-01 Loss 9.91453e-03 Time taken: 1.51 seconds 
Epoch: 194/200 Train accuracy: 7.83597e-01 Validation accuracy: 7.82667e-01 Loss 9.92085e-03 Time taken: 1.51 seconds 
Epoch: 195/200 Train accuracy: 7.81103e-01 Validation accuracy: 7.78000e-01 Loss 9.92664e-03 Time taken: 1.50 seconds 
Epoch: 196/200 Train accuracy: 7.83953e-01 Validation accuracy: 7.84000e-01 Loss 9.90805e-03 Time taken: 1.51 seconds 
Epoch: 197/200 Train accuracy: 7.85663e-01 Validation accuracy: 7.81333e-01 Loss 9.90183e-03 Time taken: 1.51 seconds 
Epoch: 198/200 Train accuracy: 7.80747e-01 Validation accuracy: 7.83000e-01 Loss 9.93141e-03 Time taken: 1.50 seconds 
Epoch: 199/200 Train accuracy: 7.79963e-01 Validation accuracy: 7.83667e-01 Loss 9.91967e-03 Time taken: 1.51 seconds 
Epoch: 200/200 Train accuracy: 7.85022e-01 Validation accuracy: 7.80667e-01 Loss 9.90449e-03 Time taken: 1.50 seconds 
Total time taken 0:05:00.054234
Cleaning up intermediate feature (.pt) files
Done


