Directory classifiers/jepa-iic-PKT-seed-10-classifier-pretrained-vitb-normalized-ep50 for saving the classifiers is now present
VisionTransformer(
  (patch_embed): PatchEmbed(
    (proj): Conv2d(3, 768, kernel_size=(15, 15), stride=(15, 15))
  )
  (blocks): ModuleList(
    (0-11): 12 x Block(
      (norm1): LayerNorm((768,), eps=1e-06, elementwise_affine=True)
      (attn): Attention(
        (qkv): Linear(in_features=768, out_features=2304, bias=True)
        (attn_drop): Dropout(p=0.0, inplace=False)
        (proj): Linear(in_features=768, out_features=768, bias=True)
        (proj_drop): Dropout(p=0.0, inplace=False)
      )
      (drop_path): Identity()
      (norm2): LayerNorm((768,), eps=1e-06, elementwise_affine=True)
      (mlp): MLP(
        (fc1): Linear(in_features=768, out_features=3072, bias=True)
        (act): GELU(approximate='none')
        (fc2): Linear(in_features=3072, out_features=768, bias=True)
        (drop): Dropout(p=0.0, inplace=False)
      )
    )
  )
  (norm): LayerNorm((768,), eps=1e-06, elementwise_affine=True)
)
Extracting features and saving them locally..
Epoch: 1/200 Train accuracy: 4.18056e-01 Validation accuracy: 5.24000e-01 Loss 1.27064e-02 Time taken: 1.53 seconds 
Epoch: 2/200 Train accuracy: 5.14180e-01 Validation accuracy: 5.59667e-01 Loss 1.19834e-02 Time taken: 1.51 seconds 
Epoch: 3/200 Train accuracy: 5.50449e-01 Validation accuracy: 5.76333e-01 Loss 1.17085e-02 Time taken: 1.51 seconds 
Epoch: 4/200 Train accuracy: 5.71897e-01 Validation accuracy: 5.91000e-01 Loss 1.15471e-02 Time taken: 1.50 seconds 
Epoch: 5/200 Train accuracy: 5.81089e-01 Validation accuracy: 5.99667e-01 Loss 1.14826e-02 Time taken: 1.51 seconds 
Epoch: 6/200 Train accuracy: 5.89141e-01 Validation accuracy: 6.03667e-01 Loss 1.14300e-02 Time taken: 1.51 seconds 
Epoch: 7/200 Train accuracy: 5.99259e-01 Validation accuracy: 6.13000e-01 Loss 1.13485e-02 Time taken: 1.49 seconds 
Epoch: 8/200 Train accuracy: 6.06171e-01 Validation accuracy: 6.10000e-01 Loss 1.13106e-02 Time taken: 1.51 seconds 
Epoch: 9/200 Train accuracy: 6.06741e-01 Validation accuracy: 6.21000e-01 Loss 1.12779e-02 Time taken: 1.51 seconds 
Epoch: 10/200 Train accuracy: 6.10945e-01 Validation accuracy: 6.22333e-01 Loss 1.12451e-02 Time taken: 1.57 seconds 
Epoch: 11/200 Train accuracy: 6.17857e-01 Validation accuracy: 6.24000e-01 Loss 1.12135e-02 Time taken: 1.50 seconds 
Epoch: 12/200 Train accuracy: 6.17429e-01 Validation accuracy: 6.26333e-01 Loss 1.11945e-02 Time taken: 1.52 seconds 
Epoch: 13/200 Train accuracy: 6.20208e-01 Validation accuracy: 6.28333e-01 Loss 1.11680e-02 Time taken: 1.50 seconds 
Epoch: 14/200 Train accuracy: 6.21348e-01 Validation accuracy: 6.30667e-01 Loss 1.11440e-02 Time taken: 1.49 seconds 
Epoch: 15/200 Train accuracy: 6.25338e-01 Validation accuracy: 6.32333e-01 Loss 1.11419e-02 Time taken: 1.49 seconds 
Epoch: 16/200 Train accuracy: 6.31609e-01 Validation accuracy: 6.40000e-01 Loss 1.10989e-02 Time taken: 1.50 seconds 
Epoch: 17/200 Train accuracy: 6.31609e-01 Validation accuracy: 6.44667e-01 Loss 1.10923e-02 Time taken: 1.49 seconds 
Epoch: 18/200 Train accuracy: 6.33248e-01 Validation accuracy: 6.35667e-01 Loss 1.10885e-02 Time taken: 1.49 seconds 
Epoch: 19/200 Train accuracy: 6.30683e-01 Validation accuracy: 6.34667e-01 Loss 1.10862e-02 Time taken: 1.50 seconds 
Epoch: 20/200 Train accuracy: 6.35243e-01 Validation accuracy: 6.34667e-01 Loss 1.10671e-02 Time taken: 1.50 seconds 
Epoch: 21/200 Train accuracy: 6.33177e-01 Validation accuracy: 6.41000e-01 Loss 1.10611e-02 Time taken: 1.49 seconds 
Epoch: 22/200 Train accuracy: 6.34602e-01 Validation accuracy: 6.46333e-01 Loss 1.10440e-02 Time taken: 1.50 seconds 
Epoch: 23/200 Train accuracy: 6.38236e-01 Validation accuracy: 6.41333e-01 Loss 1.10403e-02 Time taken: 1.50 seconds 
Epoch: 24/200 Train accuracy: 6.38307e-01 Validation accuracy: 6.38667e-01 Loss 1.10312e-02 Time taken: 1.50 seconds 
Epoch: 25/200 Train accuracy: 6.36597e-01 Validation accuracy: 6.49333e-01 Loss 1.10210e-02 Time taken: 1.50 seconds 
Epoch: 26/200 Train accuracy: 6.41798e-01 Validation accuracy: 6.47000e-01 Loss 1.10101e-02 Time taken: 1.50 seconds 
Epoch: 27/200 Train accuracy: 6.43152e-01 Validation accuracy: 6.40000e-01 Loss 1.09987e-02 Time taken: 1.49 seconds 
Epoch: 28/200 Train accuracy: 6.40872e-01 Validation accuracy: 6.48333e-01 Loss 1.10114e-02 Time taken: 1.49 seconds 
Epoch: 29/200 Train accuracy: 6.39162e-01 Validation accuracy: 6.41333e-01 Loss 1.10103e-02 Time taken: 1.49 seconds 
Epoch: 30/200 Train accuracy: 6.45646e-01 Validation accuracy: 6.39667e-01 Loss 1.09921e-02 Time taken: 1.49 seconds 
Epoch: 31/200 Train accuracy: 6.42440e-01 Validation accuracy: 6.44333e-01 Loss 1.10042e-02 Time taken: 1.49 seconds 
Epoch: 32/200 Train accuracy: 6.44577e-01 Validation accuracy: 6.45667e-01 Loss 1.09769e-02 Time taken: 1.49 seconds 
Epoch: 33/200 Train accuracy: 6.42867e-01 Validation accuracy: 6.44333e-01 Loss 1.09799e-02 Time taken: 1.49 seconds 
Epoch: 34/200 Train accuracy: 6.45575e-01 Validation accuracy: 6.46000e-01 Loss 1.09776e-02 Time taken: 1.49 seconds 
Epoch: 35/200 Train accuracy: 6.44862e-01 Validation accuracy: 6.47667e-01 Loss 1.09810e-02 Time taken: 1.49 seconds 
Epoch: 36/200 Train accuracy: 6.45290e-01 Validation accuracy: 6.48333e-01 Loss 1.09750e-02 Time taken: 1.50 seconds 
Epoch: 37/200 Train accuracy: 6.47214e-01 Validation accuracy: 6.45667e-01 Loss 1.09584e-02 Time taken: 1.49 seconds 
Epoch: 38/200 Train accuracy: 6.47285e-01 Validation accuracy: 6.52333e-01 Loss 1.09641e-02 Time taken: 1.49 seconds 
Epoch: 39/200 Train accuracy: 6.49494e-01 Validation accuracy: 6.52000e-01 Loss 1.09512e-02 Time taken: 1.49 seconds 
Epoch: 40/200 Train accuracy: 6.43509e-01 Validation accuracy: 6.53667e-01 Loss 1.09614e-02 Time taken: 1.49 seconds 
Epoch: 41/200 Train accuracy: 6.45219e-01 Validation accuracy: 6.51333e-01 Loss 1.09559e-02 Time taken: 1.49 seconds 
Epoch: 42/200 Train accuracy: 6.46074e-01 Validation accuracy: 6.50000e-01 Loss 1.09580e-02 Time taken: 1.50 seconds 
Epoch: 43/200 Train accuracy: 6.45290e-01 Validation accuracy: 6.50667e-01 Loss 1.09660e-02 Time taken: 1.49 seconds 
Epoch: 44/200 Train accuracy: 6.50349e-01 Validation accuracy: 6.55333e-01 Loss 1.09357e-02 Time taken: 1.49 seconds 
Epoch: 45/200 Train accuracy: 6.50349e-01 Validation accuracy: 6.51667e-01 Loss 1.09369e-02 Time taken: 1.49 seconds 
Epoch: 46/200 Train accuracy: 6.49138e-01 Validation accuracy: 6.52000e-01 Loss 1.09370e-02 Time taken: 1.49 seconds 
Epoch: 47/200 Train accuracy: 6.49067e-01 Validation accuracy: 6.52667e-01 Loss 1.09324e-02 Time taken: 1.49 seconds 
Epoch: 48/200 Train accuracy: 6.47428e-01 Validation accuracy: 6.51000e-01 Loss 1.09361e-02 Time taken: 1.50 seconds 
Epoch: 49/200 Train accuracy: 6.49779e-01 Validation accuracy: 6.55667e-01 Loss 1.09281e-02 Time taken: 1.49 seconds 
Epoch: 50/200 Train accuracy: 6.50135e-01 Validation accuracy: 6.48000e-01 Loss 1.09369e-02 Time taken: 1.49 seconds 
Epoch: 51/200 Train accuracy: 6.49138e-01 Validation accuracy: 6.49000e-01 Loss 1.09263e-02 Time taken: 1.49 seconds 
Epoch: 52/200 Train accuracy: 6.46858e-01 Validation accuracy: 6.49000e-01 Loss 1.09345e-02 Time taken: 1.49 seconds 
Epoch: 53/200 Train accuracy: 6.51347e-01 Validation accuracy: 6.52333e-01 Loss 1.09194e-02 Time taken: 1.49 seconds 
Epoch: 54/200 Train accuracy: 6.50563e-01 Validation accuracy: 6.50667e-01 Loss 1.09173e-02 Time taken: 1.49 seconds 
Epoch: 55/200 Train accuracy: 6.55195e-01 Validation accuracy: 6.58000e-01 Loss 1.09083e-02 Time taken: 1.49 seconds 
Epoch: 56/200 Train accuracy: 6.53199e-01 Validation accuracy: 6.42667e-01 Loss 1.09049e-02 Time taken: 1.49 seconds 
Epoch: 57/200 Train accuracy: 6.51703e-01 Validation accuracy: 6.58667e-01 Loss 1.09144e-02 Time taken: 1.49 seconds 
Epoch: 58/200 Train accuracy: 6.49138e-01 Validation accuracy: 6.55667e-01 Loss 1.09183e-02 Time taken: 1.50 seconds 
Epoch: 59/200 Train accuracy: 6.53627e-01 Validation accuracy: 6.55667e-01 Loss 1.08985e-02 Time taken: 1.50 seconds 
Epoch: 60/200 Train accuracy: 6.51917e-01 Validation accuracy: 6.58000e-01 Loss 1.09122e-02 Time taken: 1.49 seconds 
Epoch: 61/200 Train accuracy: 6.51988e-01 Validation accuracy: 6.59667e-01 Loss 1.08985e-02 Time taken: 1.49 seconds 
Epoch: 62/200 Train accuracy: 6.52914e-01 Validation accuracy: 6.53000e-01 Loss 1.09076e-02 Time taken: 1.49 seconds 
Epoch: 63/200 Train accuracy: 6.51774e-01 Validation accuracy: 6.49333e-01 Loss 1.09177e-02 Time taken: 1.50 seconds 
Epoch: 64/200 Train accuracy: 6.53627e-01 Validation accuracy: 6.58667e-01 Loss 1.09002e-02 Time taken: 1.49 seconds 
Epoch: 65/200 Train accuracy: 6.57047e-01 Validation accuracy: 6.55667e-01 Loss 1.08861e-02 Time taken: 1.50 seconds 
Epoch: 66/200 Train accuracy: 6.51632e-01 Validation accuracy: 6.54000e-01 Loss 1.09013e-02 Time taken: 1.50 seconds 
Epoch: 67/200 Train accuracy: 6.49708e-01 Validation accuracy: 6.49000e-01 Loss 1.09137e-02 Time taken: 1.49 seconds 
Epoch: 68/200 Train accuracy: 6.53271e-01 Validation accuracy: 6.58333e-01 Loss 1.09027e-02 Time taken: 1.50 seconds 
Epoch: 69/200 Train accuracy: 6.51846e-01 Validation accuracy: 6.52000e-01 Loss 1.09130e-02 Time taken: 1.50 seconds 
Epoch: 70/200 Train accuracy: 6.50919e-01 Validation accuracy: 6.56667e-01 Loss 1.08953e-02 Time taken: 1.48 seconds 
Epoch: 71/200 Train accuracy: 6.49637e-01 Validation accuracy: 6.54000e-01 Loss 1.09119e-02 Time taken: 1.49 seconds 
Epoch: 72/200 Train accuracy: 6.53484e-01 Validation accuracy: 6.50667e-01 Loss 1.08868e-02 Time taken: 1.49 seconds 
Epoch: 73/200 Train accuracy: 6.54411e-01 Validation accuracy: 6.56667e-01 Loss 1.09006e-02 Time taken: 1.49 seconds 
Epoch: 74/200 Train accuracy: 6.51988e-01 Validation accuracy: 6.53000e-01 Loss 1.08969e-02 Time taken: 1.49 seconds 
Epoch: 75/200 Train accuracy: 6.53128e-01 Validation accuracy: 6.50333e-01 Loss 1.08906e-02 Time taken: 1.49 seconds 
Epoch: 76/200 Train accuracy: 6.53912e-01 Validation accuracy: 6.52667e-01 Loss 1.08911e-02 Time taken: 1.49 seconds 
Epoch: 77/200 Train accuracy: 6.53128e-01 Validation accuracy: 6.55000e-01 Loss 1.08922e-02 Time taken: 1.48 seconds 
Epoch: 78/200 Train accuracy: 6.56121e-01 Validation accuracy: 6.53333e-01 Loss 1.08643e-02 Time taken: 1.49 seconds 
Epoch: 79/200 Train accuracy: 6.56263e-01 Validation accuracy: 6.57000e-01 Loss 1.08723e-02 Time taken: 1.49 seconds 
Epoch: 80/200 Train accuracy: 6.55408e-01 Validation accuracy: 6.54000e-01 Loss 1.08845e-02 Time taken: 1.48 seconds 
Epoch: 81/200 Train accuracy: 6.51275e-01 Validation accuracy: 6.56667e-01 Loss 1.09019e-02 Time taken: 1.49 seconds 
Epoch: 82/200 Train accuracy: 6.51133e-01 Validation accuracy: 6.57333e-01 Loss 1.09017e-02 Time taken: 1.49 seconds 
Epoch: 83/200 Train accuracy: 6.55408e-01 Validation accuracy: 6.55333e-01 Loss 1.08887e-02 Time taken: 1.48 seconds 
Epoch: 84/200 Train accuracy: 6.53057e-01 Validation accuracy: 6.55000e-01 Loss 1.08849e-02 Time taken: 1.49 seconds 
Epoch: 85/200 Train accuracy: 6.57617e-01 Validation accuracy: 6.53667e-01 Loss 1.08773e-02 Time taken: 1.49 seconds 
Epoch: 86/200 Train accuracy: 6.54767e-01 Validation accuracy: 6.56667e-01 Loss 1.08844e-02 Time taken: 1.49 seconds 
Epoch: 87/200 Train accuracy: 6.54054e-01 Validation accuracy: 6.57000e-01 Loss 1.08779e-02 Time taken: 1.48 seconds 
Epoch: 88/200 Train accuracy: 6.58544e-01 Validation accuracy: 6.54000e-01 Loss 1.08588e-02 Time taken: 1.49 seconds 
Epoch: 89/200 Train accuracy: 6.53912e-01 Validation accuracy: 6.62333e-01 Loss 1.08753e-02 Time taken: 1.49 seconds 
Epoch: 90/200 Train accuracy: 6.52273e-01 Validation accuracy: 6.54333e-01 Loss 1.08865e-02 Time taken: 1.49 seconds 
Epoch: 91/200 Train accuracy: 6.60681e-01 Validation accuracy: 6.61333e-01 Loss 1.08553e-02 Time taken: 1.49 seconds 
Epoch: 92/200 Train accuracy: 6.57403e-01 Validation accuracy: 6.56667e-01 Loss 1.08682e-02 Time taken: 1.49 seconds 
Epoch: 93/200 Train accuracy: 6.52059e-01 Validation accuracy: 6.63667e-01 Loss 1.08809e-02 Time taken: 1.48 seconds 
Epoch: 94/200 Train accuracy: 6.59897e-01 Validation accuracy: 6.56333e-01 Loss 1.08626e-02 Time taken: 1.49 seconds 
Epoch: 95/200 Train accuracy: 6.56548e-01 Validation accuracy: 6.59000e-01 Loss 1.08672e-02 Time taken: 1.50 seconds 
Epoch: 96/200 Train accuracy: 6.55907e-01 Validation accuracy: 6.57000e-01 Loss 1.08665e-02 Time taken: 1.49 seconds 
Epoch: 97/200 Train accuracy: 6.56691e-01 Validation accuracy: 6.59667e-01 Loss 1.08610e-02 Time taken: 1.49 seconds 
Epoch: 98/200 Train accuracy: 6.50634e-01 Validation accuracy: 6.46000e-01 Loss 1.08997e-02 Time taken: 1.49 seconds 
Epoch: 99/200 Train accuracy: 6.57475e-01 Validation accuracy: 6.54333e-01 Loss 1.08688e-02 Time taken: 1.49 seconds 
Epoch: 100/200 Train accuracy: 6.57546e-01 Validation accuracy: 6.61000e-01 Loss 1.08525e-02 Time taken: 1.49 seconds 
Epoch: 101/200 Train accuracy: 6.57261e-01 Validation accuracy: 6.51667e-01 Loss 1.08585e-02 Time taken: 1.50 seconds 
Epoch: 102/200 Train accuracy: 6.56548e-01 Validation accuracy: 6.58333e-01 Loss 1.08713e-02 Time taken: 1.50 seconds 
Epoch: 103/200 Train accuracy: 6.58971e-01 Validation accuracy: 6.59000e-01 Loss 1.08575e-02 Time taken: 1.49 seconds 
Epoch: 104/200 Train accuracy: 6.57973e-01 Validation accuracy: 6.57000e-01 Loss 1.08601e-02 Time taken: 1.50 seconds 
Epoch: 105/200 Train accuracy: 6.57831e-01 Validation accuracy: 6.57333e-01 Loss 1.08594e-02 Time taken: 1.50 seconds 
Epoch: 106/200 Train accuracy: 6.58401e-01 Validation accuracy: 6.57667e-01 Loss 1.08517e-02 Time taken: 1.49 seconds 
Epoch: 107/200 Train accuracy: 6.56192e-01 Validation accuracy: 6.58333e-01 Loss 1.08665e-02 Time taken: 1.50 seconds 
Epoch: 108/200 Train accuracy: 6.56976e-01 Validation accuracy: 6.59000e-01 Loss 1.08626e-02 Time taken: 1.49 seconds 
Epoch: 109/200 Train accuracy: 6.57760e-01 Validation accuracy: 6.57667e-01 Loss 1.08546e-02 Time taken: 1.49 seconds 
Epoch: 110/200 Train accuracy: 6.56762e-01 Validation accuracy: 6.54667e-01 Loss 1.08498e-02 Time taken: 1.49 seconds 
Epoch: 111/200 Train accuracy: 6.60111e-01 Validation accuracy: 6.66000e-01 Loss 1.08508e-02 Time taken: 1.50 seconds 
Epoch: 112/200 Train accuracy: 6.59612e-01 Validation accuracy: 6.52667e-01 Loss 1.08440e-02 Time taken: 1.49 seconds 
Epoch: 113/200 Train accuracy: 6.58829e-01 Validation accuracy: 6.64333e-01 Loss 1.08478e-02 Time taken: 1.49 seconds 
Epoch: 114/200 Train accuracy: 6.55622e-01 Validation accuracy: 6.54333e-01 Loss 1.08652e-02 Time taken: 1.50 seconds 
Epoch: 115/200 Train accuracy: 6.59684e-01 Validation accuracy: 6.56333e-01 Loss 1.08504e-02 Time taken: 1.50 seconds 
Epoch: 116/200 Train accuracy: 6.58686e-01 Validation accuracy: 6.62667e-01 Loss 1.08546e-02 Time taken: 1.49 seconds 
Epoch: 117/200 Train accuracy: 6.58472e-01 Validation accuracy: 6.59667e-01 Loss 1.08569e-02 Time taken: 1.49 seconds 
Epoch: 118/200 Train accuracy: 6.57047e-01 Validation accuracy: 6.61000e-01 Loss 1.08418e-02 Time taken: 1.49 seconds 
Epoch: 119/200 Train accuracy: 6.55195e-01 Validation accuracy: 6.63333e-01 Loss 1.08692e-02 Time taken: 1.49 seconds 
Epoch: 120/200 Train accuracy: 6.54411e-01 Validation accuracy: 6.53667e-01 Loss 1.08573e-02 Time taken: 1.49 seconds 
Epoch: 121/200 Train accuracy: 6.57118e-01 Validation accuracy: 6.63333e-01 Loss 1.08584e-02 Time taken: 1.49 seconds 
Epoch: 122/200 Train accuracy: 6.61750e-01 Validation accuracy: 6.65000e-01 Loss 1.08369e-02 Time taken: 1.50 seconds 
Epoch: 123/200 Train accuracy: 6.54339e-01 Validation accuracy: 6.61333e-01 Loss 1.08570e-02 Time taken: 1.49 seconds 
Epoch: 124/200 Train accuracy: 6.60752e-01 Validation accuracy: 6.56333e-01 Loss 1.08364e-02 Time taken: 1.50 seconds 
Epoch: 125/200 Train accuracy: 6.60325e-01 Validation accuracy: 6.59667e-01 Loss 1.08404e-02 Time taken: 1.49 seconds 
Epoch: 126/200 Train accuracy: 6.57760e-01 Validation accuracy: 6.65667e-01 Loss 1.08522e-02 Time taken: 1.49 seconds 
Epoch: 127/200 Train accuracy: 6.56263e-01 Validation accuracy: 6.64333e-01 Loss 1.08579e-02 Time taken: 1.49 seconds 
Epoch: 128/200 Train accuracy: 6.58401e-01 Validation accuracy: 6.58333e-01 Loss 1.08609e-02 Time taken: 1.49 seconds 
Epoch: 129/200 Train accuracy: 6.56691e-01 Validation accuracy: 6.63667e-01 Loss 1.08620e-02 Time taken: 1.49 seconds 
Epoch: 130/200 Train accuracy: 6.54411e-01 Validation accuracy: 6.62667e-01 Loss 1.08621e-02 Time taken: 1.49 seconds 
Epoch: 131/200 Train accuracy: 6.58615e-01 Validation accuracy: 6.67667e-01 Loss 1.08452e-02 Time taken: 1.50 seconds 
Epoch: 132/200 Train accuracy: 6.59755e-01 Validation accuracy: 6.63667e-01 Loss 1.08453e-02 Time taken: 1.50 seconds 
Epoch: 133/200 Train accuracy: 6.59327e-01 Validation accuracy: 6.59667e-01 Loss 1.08400e-02 Time taken: 1.49 seconds 
Epoch: 134/200 Train accuracy: 6.58116e-01 Validation accuracy: 6.57667e-01 Loss 1.08465e-02 Time taken: 1.49 seconds 
Epoch: 135/200 Train accuracy: 6.56548e-01 Validation accuracy: 6.51000e-01 Loss 1.08416e-02 Time taken: 1.50 seconds 
Epoch: 136/200 Train accuracy: 6.56548e-01 Validation accuracy: 6.61000e-01 Loss 1.08494e-02 Time taken: 1.49 seconds 
Epoch: 137/200 Train accuracy: 6.60254e-01 Validation accuracy: 6.60333e-01 Loss 1.08395e-02 Time taken: 1.49 seconds 
Epoch: 138/200 Train accuracy: 6.57047e-01 Validation accuracy: 6.65333e-01 Loss 1.08374e-02 Time taken: 1.49 seconds 
Epoch: 139/200 Train accuracy: 6.58971e-01 Validation accuracy: 6.63333e-01 Loss 1.08304e-02 Time taken: 1.49 seconds 
Epoch: 140/200 Train accuracy: 6.61679e-01 Validation accuracy: 6.63667e-01 Loss 1.08397e-02 Time taken: 1.50 seconds 
Epoch: 141/200 Train accuracy: 6.63175e-01 Validation accuracy: 6.59667e-01 Loss 1.08214e-02 Time taken: 1.49 seconds 
Epoch: 142/200 Train accuracy: 6.57902e-01 Validation accuracy: 6.61333e-01 Loss 1.08464e-02 Time taken: 1.49 seconds 
Epoch: 143/200 Train accuracy: 6.60681e-01 Validation accuracy: 6.60667e-01 Loss 1.08344e-02 Time taken: 1.49 seconds 
Epoch: 144/200 Train accuracy: 6.60325e-01 Validation accuracy: 6.62667e-01 Loss 1.08405e-02 Time taken: 1.50 seconds 
Epoch: 145/200 Train accuracy: 6.57190e-01 Validation accuracy: 6.61000e-01 Loss 1.08499e-02 Time taken: 1.49 seconds 
Epoch: 146/200 Train accuracy: 6.60111e-01 Validation accuracy: 6.63333e-01 Loss 1.08313e-02 Time taken: 1.49 seconds 
Epoch: 147/200 Train accuracy: 6.57831e-01 Validation accuracy: 6.59333e-01 Loss 1.08469e-02 Time taken: 1.49 seconds 
Epoch: 148/200 Train accuracy: 6.58757e-01 Validation accuracy: 6.56000e-01 Loss 1.08315e-02 Time taken: 1.50 seconds 
Epoch: 149/200 Train accuracy: 6.58045e-01 Validation accuracy: 6.57000e-01 Loss 1.08374e-02 Time taken: 1.49 seconds 
Epoch: 150/200 Train accuracy: 6.61109e-01 Validation accuracy: 6.60000e-01 Loss 1.08261e-02 Time taken: 1.50 seconds 
Epoch: 151/200 Train accuracy: 6.58900e-01 Validation accuracy: 6.57000e-01 Loss 1.08377e-02 Time taken: 1.50 seconds 
Epoch: 152/200 Train accuracy: 6.57902e-01 Validation accuracy: 6.63667e-01 Loss 1.08388e-02 Time taken: 1.49 seconds 
Epoch: 153/200 Train accuracy: 6.59256e-01 Validation accuracy: 6.64667e-01 Loss 1.08396e-02 Time taken: 1.49 seconds 
Epoch: 154/200 Train accuracy: 6.60539e-01 Validation accuracy: 6.67333e-01 Loss 1.08408e-02 Time taken: 1.49 seconds 
Epoch: 155/200 Train accuracy: 6.59612e-01 Validation accuracy: 6.51333e-01 Loss 1.08442e-02 Time taken: 1.49 seconds 
Epoch: 156/200 Train accuracy: 6.57190e-01 Validation accuracy: 6.58333e-01 Loss 1.08487e-02 Time taken: 1.49 seconds 
Epoch: 157/200 Train accuracy: 6.59470e-01 Validation accuracy: 6.65333e-01 Loss 1.08234e-02 Time taken: 1.49 seconds 
Epoch: 158/200 Train accuracy: 6.60182e-01 Validation accuracy: 6.60667e-01 Loss 1.08264e-02 Time taken: 1.49 seconds 
Epoch: 159/200 Train accuracy: 6.61180e-01 Validation accuracy: 6.61667e-01 Loss 1.08264e-02 Time taken: 1.49 seconds 
Epoch: 160/200 Train accuracy: 6.60539e-01 Validation accuracy: 6.65000e-01 Loss 1.08211e-02 Time taken: 1.49 seconds 
Epoch: 161/200 Train accuracy: 6.58045e-01 Validation accuracy: 6.57667e-01 Loss 1.08367e-02 Time taken: 1.49 seconds 
Epoch: 162/200 Train accuracy: 6.55978e-01 Validation accuracy: 6.60667e-01 Loss 1.08537e-02 Time taken: 1.48 seconds 
Epoch: 163/200 Train accuracy: 6.58116e-01 Validation accuracy: 6.62667e-01 Loss 1.08367e-02 Time taken: 1.49 seconds 
Epoch: 164/200 Train accuracy: 6.60254e-01 Validation accuracy: 6.60667e-01 Loss 1.08280e-02 Time taken: 1.49 seconds 
Epoch: 165/200 Train accuracy: 6.59612e-01 Validation accuracy: 6.56667e-01 Loss 1.08433e-02 Time taken: 1.49 seconds 
Epoch: 166/200 Train accuracy: 6.60966e-01 Validation accuracy: 6.66000e-01 Loss 1.08333e-02 Time taken: 1.49 seconds 
Epoch: 167/200 Train accuracy: 6.61893e-01 Validation accuracy: 6.63667e-01 Loss 1.08222e-02 Time taken: 1.50 seconds 
Epoch: 168/200 Train accuracy: 6.59612e-01 Validation accuracy: 6.58667e-01 Loss 1.08477e-02 Time taken: 1.50 seconds 
Epoch: 169/200 Train accuracy: 6.60325e-01 Validation accuracy: 6.58333e-01 Loss 1.08278e-02 Time taken: 1.49 seconds 
Epoch: 170/200 Train accuracy: 6.55836e-01 Validation accuracy: 6.60333e-01 Loss 1.08554e-02 Time taken: 1.50 seconds 
Epoch: 171/200 Train accuracy: 6.61109e-01 Validation accuracy: 6.67000e-01 Loss 1.08174e-02 Time taken: 1.50 seconds 
Epoch: 172/200 Train accuracy: 6.59327e-01 Validation accuracy: 6.65000e-01 Loss 1.08282e-02 Time taken: 1.49 seconds 
Epoch: 173/200 Train accuracy: 6.58615e-01 Validation accuracy: 6.54333e-01 Loss 1.08317e-02 Time taken: 1.49 seconds 
Epoch: 174/200 Train accuracy: 6.62320e-01 Validation accuracy: 6.65667e-01 Loss 1.08131e-02 Time taken: 1.50 seconds 
Epoch: 175/200 Train accuracy: 6.60182e-01 Validation accuracy: 6.55333e-01 Loss 1.08392e-02 Time taken: 1.49 seconds 
Epoch: 176/200 Train accuracy: 6.56548e-01 Validation accuracy: 6.60333e-01 Loss 1.08539e-02 Time taken: 1.50 seconds 
Epoch: 177/200 Train accuracy: 6.58971e-01 Validation accuracy: 6.64333e-01 Loss 1.08313e-02 Time taken: 1.50 seconds 
Epoch: 178/200 Train accuracy: 6.61679e-01 Validation accuracy: 6.58333e-01 Loss 1.08266e-02 Time taken: 1.49 seconds 
Epoch: 179/200 Train accuracy: 6.60254e-01 Validation accuracy: 6.59667e-01 Loss 1.08321e-02 Time taken: 1.50 seconds 
Epoch: 180/200 Train accuracy: 6.60752e-01 Validation accuracy: 6.61000e-01 Loss 1.08323e-02 Time taken: 1.50 seconds 
Epoch: 181/200 Train accuracy: 6.59684e-01 Validation accuracy: 6.59667e-01 Loss 1.08448e-02 Time taken: 1.50 seconds 
Epoch: 182/200 Train accuracy: 6.57831e-01 Validation accuracy: 6.65333e-01 Loss 1.08372e-02 Time taken: 1.49 seconds 
Epoch: 183/200 Train accuracy: 6.60610e-01 Validation accuracy: 6.67667e-01 Loss 1.08308e-02 Time taken: 1.49 seconds 
Epoch: 184/200 Train accuracy: 6.60111e-01 Validation accuracy: 6.64000e-01 Loss 1.08197e-02 Time taken: 1.49 seconds 
Epoch: 185/200 Train accuracy: 6.62676e-01 Validation accuracy: 6.64667e-01 Loss 1.08251e-02 Time taken: 1.49 seconds 
Epoch: 186/200 Train accuracy: 6.62748e-01 Validation accuracy: 6.61333e-01 Loss 1.08219e-02 Time taken: 1.49 seconds 
Epoch: 187/200 Train accuracy: 6.62890e-01 Validation accuracy: 6.59333e-01 Loss 1.08081e-02 Time taken: 1.49 seconds 
Epoch: 188/200 Train accuracy: 6.61180e-01 Validation accuracy: 6.63333e-01 Loss 1.08317e-02 Time taken: 1.48 seconds 
Epoch: 189/200 Train accuracy: 6.58116e-01 Validation accuracy: 6.70000e-01 Loss 1.08416e-02 Time taken: 1.50 seconds 
Epoch: 190/200 Train accuracy: 6.60966e-01 Validation accuracy: 6.57667e-01 Loss 1.08171e-02 Time taken: 1.50 seconds 
Epoch: 191/200 Train accuracy: 6.57831e-01 Validation accuracy: 6.64000e-01 Loss 1.08404e-02 Time taken: 1.49 seconds 
Epoch: 192/200 Train accuracy: 6.63318e-01 Validation accuracy: 6.59333e-01 Loss 1.08035e-02 Time taken: 1.49 seconds 
Epoch: 193/200 Train accuracy: 6.62534e-01 Validation accuracy: 6.62333e-01 Loss 1.08274e-02 Time taken: 1.49 seconds 
Epoch: 194/200 Train accuracy: 6.60111e-01 Validation accuracy: 6.61000e-01 Loss 1.08324e-02 Time taken: 1.49 seconds 
Epoch: 195/200 Train accuracy: 6.60610e-01 Validation accuracy: 6.65000e-01 Loss 1.08137e-02 Time taken: 1.48 seconds 
Epoch: 196/200 Train accuracy: 6.60254e-01 Validation accuracy: 6.57333e-01 Loss 1.08357e-02 Time taken: 1.49 seconds 
Epoch: 197/200 Train accuracy: 6.57403e-01 Validation accuracy: 6.59333e-01 Loss 1.08423e-02 Time taken: 1.49 seconds 
Epoch: 198/200 Train accuracy: 6.61893e-01 Validation accuracy: 6.67333e-01 Loss 1.08171e-02 Time taken: 1.48 seconds 
Epoch: 199/200 Train accuracy: 6.60467e-01 Validation accuracy: 6.64000e-01 Loss 1.08170e-02 Time taken: 1.49 seconds 
Epoch: 200/200 Train accuracy: 6.58757e-01 Validation accuracy: 6.70333e-01 Loss 1.08279e-02 Time taken: 1.49 seconds 
Total time taken 0:04:59.543691
Cleaning up intermediate feature (.pt) files
Done


working on file logs/iic-train-double/jepa_iic_first-ep500.pth.tar ...
