Directory classifiers/jepa-iic-PKT-seed-10-classifier-pretrained-vitb-normalized-ep500 for saving the classifiers is now present
VisionTransformer(
  (patch_embed): PatchEmbed(
    (proj): Conv2d(3, 768, kernel_size=(15, 15), stride=(15, 15))
  )
  (blocks): ModuleList(
    (0-11): 12 x Block(
      (norm1): LayerNorm((768,), eps=1e-06, elementwise_affine=True)
      (attn): Attention(
        (qkv): Linear(in_features=768, out_features=2304, bias=True)
        (attn_drop): Dropout(p=0.0, inplace=False)
        (proj): Linear(in_features=768, out_features=768, bias=True)
        (proj_drop): Dropout(p=0.0, inplace=False)
      )
      (drop_path): Identity()
      (norm2): LayerNorm((768,), eps=1e-06, elementwise_affine=True)
      (mlp): MLP(
        (fc1): Linear(in_features=768, out_features=3072, bias=True)
        (act): GELU(approximate='none')
        (fc2): Linear(in_features=3072, out_features=768, bias=True)
        (drop): Dropout(p=0.0, inplace=False)
      )
    )
  )
  (norm): LayerNorm((768,), eps=1e-06, elementwise_affine=True)
)
Extracting features and saving them locally..
Epoch: 1/200 Train accuracy: 3.23144e-01 Validation accuracy: 4.61000e-01 Loss 1.33010e-02 Time taken: 1.69 seconds 
Epoch: 2/200 Train accuracy: 4.26393e-01 Validation accuracy: 4.70667e-01 Loss 1.26208e-02 Time taken: 1.62 seconds 
Epoch: 3/200 Train accuracy: 4.61451e-01 Validation accuracy: 5.25333e-01 Loss 1.23756e-02 Time taken: 1.60 seconds 
Epoch: 4/200 Train accuracy: 4.83112e-01 Validation accuracy: 5.19333e-01 Loss 1.22263e-02 Time taken: 1.59 seconds 
Epoch: 5/200 Train accuracy: 4.98219e-01 Validation accuracy: 5.25667e-01 Loss 1.21110e-02 Time taken: 1.60 seconds 
Epoch: 6/200 Train accuracy: 5.06627e-01 Validation accuracy: 5.29000e-01 Loss 1.20398e-02 Time taken: 1.62 seconds 
Epoch: 7/200 Train accuracy: 5.20379e-01 Validation accuracy: 5.44333e-01 Loss 1.19619e-02 Time taken: 1.59 seconds 
Epoch: 8/200 Train accuracy: 5.26008e-01 Validation accuracy: 5.48000e-01 Loss 1.19141e-02 Time taken: 1.60 seconds 
Epoch: 9/200 Train accuracy: 5.31210e-01 Validation accuracy: 5.46000e-01 Loss 1.18789e-02 Time taken: 1.58 seconds 
Epoch: 10/200 Train accuracy: 5.36839e-01 Validation accuracy: 5.50333e-01 Loss 1.18297e-02 Time taken: 1.65 seconds 
Epoch: 11/200 Train accuracy: 5.37195e-01 Validation accuracy: 5.37667e-01 Loss 1.18113e-02 Time taken: 1.78 seconds 
Epoch: 12/200 Train accuracy: 5.37124e-01 Validation accuracy: 5.49333e-01 Loss 1.18023e-02 Time taken: 1.85 seconds 
Epoch: 13/200 Train accuracy: 5.39974e-01 Validation accuracy: 5.62000e-01 Loss 1.17614e-02 Time taken: 2.08 seconds 
Epoch: 14/200 Train accuracy: 5.48739e-01 Validation accuracy: 5.52667e-01 Loss 1.17409e-02 Time taken: 2.23 seconds 
Epoch: 15/200 Train accuracy: 5.48668e-01 Validation accuracy: 5.57333e-01 Loss 1.17267e-02 Time taken: 2.51 seconds 
Epoch: 16/200 Train accuracy: 5.50306e-01 Validation accuracy: 5.70333e-01 Loss 1.16994e-02 Time taken: 2.31 seconds 
Epoch: 17/200 Train accuracy: 5.60140e-01 Validation accuracy: 5.92000e-01 Loss 1.16331e-02 Time taken: 2.07 seconds 
Epoch: 18/200 Train accuracy: 5.81801e-01 Validation accuracy: 5.96667e-01 Loss 1.15042e-02 Time taken: 2.28 seconds 
Epoch: 19/200 Train accuracy: 5.88713e-01 Validation accuracy: 6.01000e-01 Loss 1.14529e-02 Time taken: 2.23 seconds 
Epoch: 20/200 Train accuracy: 5.88784e-01 Validation accuracy: 6.00000e-01 Loss 1.14484e-02 Time taken: 2.60 seconds 
Epoch: 21/200 Train accuracy: 5.91421e-01 Validation accuracy: 6.07333e-01 Loss 1.14022e-02 Time taken: 2.31 seconds 
Epoch: 22/200 Train accuracy: 5.91136e-01 Validation accuracy: 6.12333e-01 Loss 1.14067e-02 Time taken: 2.25 seconds 
Epoch: 23/200 Train accuracy: 5.98333e-01 Validation accuracy: 6.03000e-01 Loss 1.13510e-02 Time taken: 2.14 seconds 
Epoch: 24/200 Train accuracy: 6.00755e-01 Validation accuracy: 6.04667e-01 Loss 1.13482e-02 Time taken: 2.11 seconds 
Epoch: 25/200 Train accuracy: 6.03321e-01 Validation accuracy: 6.14667e-01 Loss 1.13325e-02 Time taken: 3.07 seconds 
Epoch: 26/200 Train accuracy: 6.04247e-01 Validation accuracy: 6.14000e-01 Loss 1.13174e-02 Time taken: 2.93 seconds 
Epoch: 27/200 Train accuracy: 6.03321e-01 Validation accuracy: 6.11667e-01 Loss 1.13050e-02 Time taken: 3.77 seconds 
Epoch: 28/200 Train accuracy: 6.09092e-01 Validation accuracy: 6.14667e-01 Loss 1.12874e-02 Time taken: 3.35 seconds 
Epoch: 29/200 Train accuracy: 6.11800e-01 Validation accuracy: 6.13667e-01 Loss 1.12814e-02 Time taken: 2.17 seconds 
Epoch: 30/200 Train accuracy: 6.07738e-01 Validation accuracy: 6.12000e-01 Loss 1.12763e-02 Time taken: 2.61 seconds 
Epoch: 31/200 Train accuracy: 6.11372e-01 Validation accuracy: 6.14667e-01 Loss 1.12582e-02 Time taken: 3.23 seconds 
Epoch: 32/200 Train accuracy: 6.08950e-01 Validation accuracy: 6.15333e-01 Loss 1.12664e-02 Time taken: 2.35 seconds 
Epoch: 33/200 Train accuracy: 6.10446e-01 Validation accuracy: 6.03667e-01 Loss 1.12513e-02 Time taken: 2.34 seconds 
Epoch: 34/200 Train accuracy: 6.11942e-01 Validation accuracy: 6.21333e-01 Loss 1.12445e-02 Time taken: 2.23 seconds 
Epoch: 35/200 Train accuracy: 6.16289e-01 Validation accuracy: 6.19667e-01 Loss 1.12329e-02 Time taken: 2.33 seconds 
Epoch: 36/200 Train accuracy: 6.15078e-01 Validation accuracy: 6.22667e-01 Loss 1.12287e-02 Time taken: 2.30 seconds 
Epoch: 37/200 Train accuracy: 6.17500e-01 Validation accuracy: 6.23333e-01 Loss 1.12211e-02 Time taken: 2.28 seconds 
Epoch: 38/200 Train accuracy: 6.17215e-01 Validation accuracy: 6.27667e-01 Loss 1.12114e-02 Time taken: 2.24 seconds 
Epoch: 39/200 Train accuracy: 6.17002e-01 Validation accuracy: 6.23667e-01 Loss 1.12088e-02 Time taken: 2.18 seconds 
Epoch: 40/200 Train accuracy: 6.19567e-01 Validation accuracy: 6.16333e-01 Loss 1.12015e-02 Time taken: 2.15 seconds 
Epoch: 41/200 Train accuracy: 6.20636e-01 Validation accuracy: 6.19000e-01 Loss 1.11984e-02 Time taken: 2.19 seconds 
Epoch: 42/200 Train accuracy: 6.18569e-01 Validation accuracy: 6.17000e-01 Loss 1.11948e-02 Time taken: 2.01 seconds 
Epoch: 43/200 Train accuracy: 6.24697e-01 Validation accuracy: 6.22667e-01 Loss 1.11672e-02 Time taken: 2.09 seconds 
Epoch: 44/200 Train accuracy: 6.18925e-01 Validation accuracy: 6.29000e-01 Loss 1.11778e-02 Time taken: 2.28 seconds 
Epoch: 45/200 Train accuracy: 6.25837e-01 Validation accuracy: 6.28000e-01 Loss 1.11568e-02 Time taken: 2.19 seconds 
Epoch: 46/200 Train accuracy: 6.23985e-01 Validation accuracy: 6.29333e-01 Loss 1.11668e-02 Time taken: 2.11 seconds 
Epoch: 47/200 Train accuracy: 6.22346e-01 Validation accuracy: 6.28333e-01 Loss 1.11606e-02 Time taken: 2.11 seconds 
Epoch: 48/200 Train accuracy: 6.29400e-01 Validation accuracy: 6.27667e-01 Loss 1.11390e-02 Time taken: 2.22 seconds 
Epoch: 49/200 Train accuracy: 6.26265e-01 Validation accuracy: 6.32333e-01 Loss 1.11403e-02 Time taken: 2.39 seconds 
Epoch: 50/200 Train accuracy: 6.24198e-01 Validation accuracy: 6.25333e-01 Loss 1.11506e-02 Time taken: 2.45 seconds 
Epoch: 51/200 Train accuracy: 6.26906e-01 Validation accuracy: 6.27000e-01 Loss 1.11391e-02 Time taken: 2.30 seconds 
Epoch: 52/200 Train accuracy: 6.25623e-01 Validation accuracy: 6.34667e-01 Loss 1.11493e-02 Time taken: 2.26 seconds 
Epoch: 53/200 Train accuracy: 6.29614e-01 Validation accuracy: 6.29000e-01 Loss 1.11356e-02 Time taken: 2.18 seconds 
Epoch: 54/200 Train accuracy: 6.26764e-01 Validation accuracy: 6.34333e-01 Loss 1.11346e-02 Time taken: 2.19 seconds 
Epoch: 55/200 Train accuracy: 6.26194e-01 Validation accuracy: 6.24000e-01 Loss 1.11280e-02 Time taken: 2.43 seconds 
Epoch: 56/200 Train accuracy: 6.23343e-01 Validation accuracy: 6.28667e-01 Loss 1.11417e-02 Time taken: 2.22 seconds 
Epoch: 57/200 Train accuracy: 6.25338e-01 Validation accuracy: 6.20000e-01 Loss 1.11376e-02 Time taken: 2.09 seconds 
Epoch: 58/200 Train accuracy: 6.25481e-01 Validation accuracy: 6.25667e-01 Loss 1.11247e-02 Time taken: 2.27 seconds 
Epoch: 59/200 Train accuracy: 6.27904e-01 Validation accuracy: 6.31333e-01 Loss 1.11125e-02 Time taken: 2.26 seconds 
Epoch: 60/200 Train accuracy: 6.32464e-01 Validation accuracy: 6.40333e-01 Loss 1.10960e-02 Time taken: 2.05 seconds 
Epoch: 61/200 Train accuracy: 6.22773e-01 Validation accuracy: 6.35667e-01 Loss 1.11454e-02 Time taken: 2.07 seconds 
Epoch: 62/200 Train accuracy: 6.30825e-01 Validation accuracy: 6.32667e-01 Loss 1.11046e-02 Time taken: 2.12 seconds 
Epoch: 63/200 Train accuracy: 6.31395e-01 Validation accuracy: 6.31000e-01 Loss 1.11120e-02 Time taken: 2.35 seconds 
Epoch: 64/200 Train accuracy: 6.28616e-01 Validation accuracy: 6.25000e-01 Loss 1.11118e-02 Time taken: 3.75 seconds 
Epoch: 65/200 Train accuracy: 6.29329e-01 Validation accuracy: 6.31333e-01 Loss 1.11083e-02 Time taken: 3.33 seconds 
Epoch: 66/200 Train accuracy: 6.31823e-01 Validation accuracy: 6.34667e-01 Loss 1.10990e-02 Time taken: 2.07 seconds 
Epoch: 67/200 Train accuracy: 6.28901e-01 Validation accuracy: 6.32000e-01 Loss 1.11073e-02 Time taken: 2.35 seconds 
Epoch: 68/200 Train accuracy: 6.32322e-01 Validation accuracy: 6.30667e-01 Loss 1.10900e-02 Time taken: 2.21 seconds 
Epoch: 69/200 Train accuracy: 6.31110e-01 Validation accuracy: 6.24000e-01 Loss 1.10896e-02 Time taken: 2.22 seconds 
Epoch: 70/200 Train accuracy: 6.34958e-01 Validation accuracy: 6.32333e-01 Loss 1.10670e-02 Time taken: 2.83 seconds 
Epoch: 71/200 Train accuracy: 6.31609e-01 Validation accuracy: 6.35333e-01 Loss 1.10920e-02 Time taken: 2.26 seconds 
Epoch: 72/200 Train accuracy: 6.31609e-01 Validation accuracy: 6.37333e-01 Loss 1.10938e-02 Time taken: 2.18 seconds 
Epoch: 73/200 Train accuracy: 6.32820e-01 Validation accuracy: 6.26333e-01 Loss 1.10820e-02 Time taken: 2.19 seconds 
Epoch: 74/200 Train accuracy: 6.33105e-01 Validation accuracy: 6.19000e-01 Loss 1.10835e-02 Time taken: 2.14 seconds 
Epoch: 75/200 Train accuracy: 6.30611e-01 Validation accuracy: 6.33333e-01 Loss 1.10853e-02 Time taken: 2.39 seconds 
Epoch: 76/200 Train accuracy: 6.33462e-01 Validation accuracy: 6.35667e-01 Loss 1.10776e-02 Time taken: 2.24 seconds 
Epoch: 77/200 Train accuracy: 6.36526e-01 Validation accuracy: 6.40667e-01 Loss 1.10645e-02 Time taken: 2.33 seconds 
Epoch: 78/200 Train accuracy: 6.30326e-01 Validation accuracy: 6.35000e-01 Loss 1.10782e-02 Time taken: 2.25 seconds 
Epoch: 79/200 Train accuracy: 6.34317e-01 Validation accuracy: 6.28000e-01 Loss 1.10760e-02 Time taken: 2.03 seconds 
Epoch: 80/200 Train accuracy: 6.32108e-01 Validation accuracy: 6.34667e-01 Loss 1.10765e-02 Time taken: 2.11 seconds 
Epoch: 81/200 Train accuracy: 6.35599e-01 Validation accuracy: 6.25000e-01 Loss 1.10667e-02 Time taken: 2.10 seconds 
Epoch: 82/200 Train accuracy: 6.32108e-01 Validation accuracy: 6.33000e-01 Loss 1.10784e-02 Time taken: 2.95 seconds 
Epoch: 83/200 Train accuracy: 6.35385e-01 Validation accuracy: 6.35667e-01 Loss 1.10625e-02 Time taken: 2.39 seconds 
Epoch: 84/200 Train accuracy: 6.35742e-01 Validation accuracy: 6.39667e-01 Loss 1.10574e-02 Time taken: 2.02 seconds 
Epoch: 85/200 Train accuracy: 6.31395e-01 Validation accuracy: 6.37000e-01 Loss 1.10694e-02 Time taken: 2.15 seconds 
Epoch: 86/200 Train accuracy: 6.34032e-01 Validation accuracy: 6.32667e-01 Loss 1.10654e-02 Time taken: 2.13 seconds 
Epoch: 87/200 Train accuracy: 6.33462e-01 Validation accuracy: 6.23667e-01 Loss 1.10783e-02 Time taken: 2.16 seconds 
Epoch: 88/200 Train accuracy: 6.37951e-01 Validation accuracy: 6.39667e-01 Loss 1.10457e-02 Time taken: 2.31 seconds 
Epoch: 89/200 Train accuracy: 6.35029e-01 Validation accuracy: 6.35667e-01 Loss 1.10585e-02 Time taken: 2.59 seconds 
Epoch: 90/200 Train accuracy: 6.32963e-01 Validation accuracy: 6.24000e-01 Loss 1.10791e-02 Time taken: 2.18 seconds 
Epoch: 91/200 Train accuracy: 6.34887e-01 Validation accuracy: 6.37667e-01 Loss 1.10545e-02 Time taken: 2.20 seconds 
Epoch: 92/200 Train accuracy: 6.33604e-01 Validation accuracy: 6.34000e-01 Loss 1.10534e-02 Time taken: 2.25 seconds 
Epoch: 93/200 Train accuracy: 6.34103e-01 Validation accuracy: 6.36333e-01 Loss 1.10546e-02 Time taken: 2.27 seconds 
Epoch: 94/200 Train accuracy: 6.31324e-01 Validation accuracy: 6.32000e-01 Loss 1.10893e-02 Time taken: 2.09 seconds 
Epoch: 95/200 Train accuracy: 6.34815e-01 Validation accuracy: 6.33333e-01 Loss 1.10643e-02 Time taken: 2.07 seconds 
Epoch: 96/200 Train accuracy: 6.34958e-01 Validation accuracy: 6.33333e-01 Loss 1.10522e-02 Time taken: 2.29 seconds 
Epoch: 97/200 Train accuracy: 6.36953e-01 Validation accuracy: 6.41333e-01 Loss 1.10535e-02 Time taken: 2.13 seconds 
Epoch: 98/200 Train accuracy: 6.36739e-01 Validation accuracy: 6.45000e-01 Loss 1.10383e-02 Time taken: 2.46 seconds 
Epoch: 99/200 Train accuracy: 6.33177e-01 Validation accuracy: 6.32333e-01 Loss 1.10681e-02 Time taken: 2.29 seconds 
Epoch: 100/200 Train accuracy: 6.36454e-01 Validation accuracy: 6.39667e-01 Loss 1.10511e-02 Time taken: 2.10 seconds 
Epoch: 101/200 Train accuracy: 6.34032e-01 Validation accuracy: 6.34333e-01 Loss 1.10723e-02 Time taken: 2.15 seconds 
Epoch: 102/200 Train accuracy: 6.35742e-01 Validation accuracy: 6.42333e-01 Loss 1.10445e-02 Time taken: 2.35 seconds 
Epoch: 103/200 Train accuracy: 6.37309e-01 Validation accuracy: 6.26000e-01 Loss 1.10395e-02 Time taken: 2.14 seconds 
Epoch: 104/200 Train accuracy: 6.37096e-01 Validation accuracy: 6.40333e-01 Loss 1.10460e-02 Time taken: 2.26 seconds 
Epoch: 105/200 Train accuracy: 6.34174e-01 Validation accuracy: 6.37667e-01 Loss 1.10528e-02 Time taken: 2.30 seconds 
Epoch: 106/200 Train accuracy: 6.37808e-01 Validation accuracy: 6.42333e-01 Loss 1.10248e-02 Time taken: 2.12 seconds 
Epoch: 107/200 Train accuracy: 6.34459e-01 Validation accuracy: 6.38667e-01 Loss 1.10525e-02 Time taken: 2.99 seconds 
Epoch: 108/200 Train accuracy: 6.30896e-01 Validation accuracy: 6.34667e-01 Loss 1.10619e-02 Time taken: 2.57 seconds 
Epoch: 109/200 Train accuracy: 6.34103e-01 Validation accuracy: 6.40667e-01 Loss 1.10532e-02 Time taken: 2.13 seconds 
Epoch: 110/200 Train accuracy: 6.37951e-01 Validation accuracy: 6.36667e-01 Loss 1.10285e-02 Time taken: 2.19 seconds 
Epoch: 111/200 Train accuracy: 6.37594e-01 Validation accuracy: 6.32000e-01 Loss 1.10403e-02 Time taken: 2.15 seconds 
Epoch: 112/200 Train accuracy: 6.33034e-01 Validation accuracy: 6.41667e-01 Loss 1.10455e-02 Time taken: 2.20 seconds 
Epoch: 113/200 Train accuracy: 6.36739e-01 Validation accuracy: 6.35333e-01 Loss 1.10391e-02 Time taken: 2.27 seconds 
Epoch: 114/200 Train accuracy: 6.37024e-01 Validation accuracy: 6.36000e-01 Loss 1.10239e-02 Time taken: 2.29 seconds 
Epoch: 115/200 Train accuracy: 6.39875e-01 Validation accuracy: 6.39333e-01 Loss 1.10260e-02 Time taken: 2.03 seconds 
Epoch: 116/200 Train accuracy: 6.37808e-01 Validation accuracy: 6.38333e-01 Loss 1.10287e-02 Time taken: 2.05 seconds 
Epoch: 117/200 Train accuracy: 6.40231e-01 Validation accuracy: 6.39667e-01 Loss 1.10244e-02 Time taken: 2.09 seconds 
Epoch: 118/200 Train accuracy: 6.39732e-01 Validation accuracy: 6.43667e-01 Loss 1.10304e-02 Time taken: 2.13 seconds 
Epoch: 119/200 Train accuracy: 6.33177e-01 Validation accuracy: 6.35333e-01 Loss 1.10605e-02 Time taken: 2.22 seconds 
Epoch: 120/200 Train accuracy: 6.35599e-01 Validation accuracy: 6.33667e-01 Loss 1.10408e-02 Time taken: 2.15 seconds 
Epoch: 121/200 Train accuracy: 6.36454e-01 Validation accuracy: 6.42333e-01 Loss 1.10332e-02 Time taken: 2.15 seconds 
Epoch: 122/200 Train accuracy: 6.37452e-01 Validation accuracy: 6.31667e-01 Loss 1.10319e-02 Time taken: 1.99 seconds 
Epoch: 123/200 Train accuracy: 6.37096e-01 Validation accuracy: 6.34333e-01 Loss 1.10325e-02 Time taken: 2.16 seconds 
Epoch: 124/200 Train accuracy: 6.39305e-01 Validation accuracy: 6.40333e-01 Loss 1.10212e-02 Time taken: 2.08 seconds 
Epoch: 125/200 Train accuracy: 6.39091e-01 Validation accuracy: 6.43667e-01 Loss 1.10225e-02 Time taken: 2.11 seconds 
Epoch: 126/200 Train accuracy: 6.38592e-01 Validation accuracy: 6.38333e-01 Loss 1.10206e-02 Time taken: 2.39 seconds 
Epoch: 127/200 Train accuracy: 6.38592e-01 Validation accuracy: 6.40333e-01 Loss 1.10363e-02 Time taken: 2.16 seconds 
Epoch: 128/200 Train accuracy: 6.35385e-01 Validation accuracy: 6.44000e-01 Loss 1.10290e-02 Time taken: 2.28 seconds 
Epoch: 129/200 Train accuracy: 6.40088e-01 Validation accuracy: 6.36000e-01 Loss 1.10163e-02 Time taken: 2.15 seconds 
Epoch: 130/200 Train accuracy: 6.36668e-01 Validation accuracy: 6.42000e-01 Loss 1.10276e-02 Time taken: 3.10 seconds 
Epoch: 131/200 Train accuracy: 6.43010e-01 Validation accuracy: 6.41333e-01 Loss 1.10068e-02 Time taken: 2.12 seconds 
Epoch: 132/200 Train accuracy: 6.37951e-01 Validation accuracy: 6.24000e-01 Loss 1.10123e-02 Time taken: 2.47 seconds 
Epoch: 133/200 Train accuracy: 6.39875e-01 Validation accuracy: 6.41333e-01 Loss 1.10265e-02 Time taken: 2.41 seconds 
Epoch: 134/200 Train accuracy: 6.34744e-01 Validation accuracy: 6.36667e-01 Loss 1.10356e-02 Time taken: 2.26 seconds 
Epoch: 135/200 Train accuracy: 6.37167e-01 Validation accuracy: 6.44000e-01 Loss 1.10178e-02 Time taken: 2.26 seconds 
Epoch: 136/200 Train accuracy: 6.41086e-01 Validation accuracy: 6.45333e-01 Loss 1.10128e-02 Time taken: 2.12 seconds 
Epoch: 137/200 Train accuracy: 6.38948e-01 Validation accuracy: 6.35000e-01 Loss 1.10171e-02 Time taken: 2.20 seconds 
Epoch: 138/200 Train accuracy: 6.41015e-01 Validation accuracy: 6.38667e-01 Loss 1.10040e-02 Time taken: 2.41 seconds 
Epoch: 139/200 Train accuracy: 6.39875e-01 Validation accuracy: 6.41333e-01 Loss 1.10146e-02 Time taken: 2.52 seconds 
Epoch: 140/200 Train accuracy: 6.40872e-01 Validation accuracy: 6.33000e-01 Loss 1.10074e-02 Time taken: 2.52 seconds 
Epoch: 141/200 Train accuracy: 6.39091e-01 Validation accuracy: 6.36000e-01 Loss 1.10154e-02 Time taken: 2.22 seconds 
Epoch: 142/200 Train accuracy: 6.39946e-01 Validation accuracy: 6.39000e-01 Loss 1.10101e-02 Time taken: 2.19 seconds 
Epoch: 143/200 Train accuracy: 6.37808e-01 Validation accuracy: 6.45000e-01 Loss 1.10258e-02 Time taken: 2.21 seconds 
Epoch: 144/200 Train accuracy: 6.39447e-01 Validation accuracy: 6.42000e-01 Loss 1.10177e-02 Time taken: 2.30 seconds 
Epoch: 145/200 Train accuracy: 6.41300e-01 Validation accuracy: 6.41667e-01 Loss 1.09983e-02 Time taken: 2.27 seconds 
Epoch: 146/200 Train accuracy: 6.36882e-01 Validation accuracy: 6.39000e-01 Loss 1.10299e-02 Time taken: 2.30 seconds 
Epoch: 147/200 Train accuracy: 6.41015e-01 Validation accuracy: 6.40333e-01 Loss 1.10003e-02 Time taken: 2.48 seconds 
Epoch: 148/200 Train accuracy: 6.38022e-01 Validation accuracy: 6.39333e-01 Loss 1.10145e-02 Time taken: 2.08 seconds 
Epoch: 149/200 Train accuracy: 6.39803e-01 Validation accuracy: 6.38667e-01 Loss 1.10055e-02 Time taken: 2.39 seconds 
Epoch: 150/200 Train accuracy: 6.43224e-01 Validation accuracy: 6.45000e-01 Loss 1.09891e-02 Time taken: 2.23 seconds 
Epoch: 151/200 Train accuracy: 6.41157e-01 Validation accuracy: 6.38667e-01 Loss 1.10005e-02 Time taken: 2.09 seconds 
Epoch: 152/200 Train accuracy: 6.39732e-01 Validation accuracy: 6.45667e-01 Loss 1.09995e-02 Time taken: 3.18 seconds 
Epoch: 153/200 Train accuracy: 6.38449e-01 Validation accuracy: 6.41333e-01 Loss 1.10142e-02 Time taken: 2.28 seconds 
Epoch: 154/200 Train accuracy: 6.41371e-01 Validation accuracy: 6.31667e-01 Loss 1.09865e-02 Time taken: 2.28 seconds 
Epoch: 155/200 Train accuracy: 6.39518e-01 Validation accuracy: 6.44667e-01 Loss 1.09979e-02 Time taken: 2.19 seconds 
Epoch: 156/200 Train accuracy: 6.42226e-01 Validation accuracy: 6.38333e-01 Loss 1.09872e-02 Time taken: 2.65 seconds 
Epoch: 157/200 Train accuracy: 6.36383e-01 Validation accuracy: 6.43333e-01 Loss 1.10118e-02 Time taken: 2.15 seconds 
Epoch: 158/200 Train accuracy: 6.42867e-01 Validation accuracy: 6.44333e-01 Loss 1.09961e-02 Time taken: 2.37 seconds 
Epoch: 159/200 Train accuracy: 6.37737e-01 Validation accuracy: 6.37000e-01 Loss 1.10085e-02 Time taken: 2.10 seconds 
Epoch: 160/200 Train accuracy: 6.39162e-01 Validation accuracy: 6.39667e-01 Loss 1.10209e-02 Time taken: 2.35 seconds 
Epoch: 161/200 Train accuracy: 6.42369e-01 Validation accuracy: 6.43000e-01 Loss 1.09996e-02 Time taken: 2.35 seconds 
Epoch: 162/200 Train accuracy: 6.36526e-01 Validation accuracy: 6.34000e-01 Loss 1.10217e-02 Time taken: 2.21 seconds 
Epoch: 163/200 Train accuracy: 6.43936e-01 Validation accuracy: 6.41000e-01 Loss 1.09871e-02 Time taken: 2.11 seconds 
Epoch: 164/200 Train accuracy: 6.41442e-01 Validation accuracy: 6.41667e-01 Loss 1.09966e-02 Time taken: 2.28 seconds 
Epoch: 165/200 Train accuracy: 6.39732e-01 Validation accuracy: 6.39000e-01 Loss 1.10129e-02 Time taken: 2.06 seconds 
Epoch: 166/200 Train accuracy: 6.44435e-01 Validation accuracy: 6.41000e-01 Loss 1.09838e-02 Time taken: 2.02 seconds 
Epoch: 167/200 Train accuracy: 6.42084e-01 Validation accuracy: 6.38667e-01 Loss 1.09933e-02 Time taken: 2.28 seconds 
Epoch: 168/200 Train accuracy: 6.36597e-01 Validation accuracy: 6.40667e-01 Loss 1.10108e-02 Time taken: 2.23 seconds 
Epoch: 169/200 Train accuracy: 6.42582e-01 Validation accuracy: 6.40667e-01 Loss 1.09773e-02 Time taken: 2.07 seconds 
Epoch: 170/200 Train accuracy: 6.37309e-01 Validation accuracy: 6.41000e-01 Loss 1.10107e-02 Time taken: 2.11 seconds 
Epoch: 171/200 Train accuracy: 6.40730e-01 Validation accuracy: 6.41333e-01 Loss 1.09976e-02 Time taken: 2.14 seconds 
Epoch: 172/200 Train accuracy: 6.40231e-01 Validation accuracy: 6.41333e-01 Loss 1.10043e-02 Time taken: 2.39 seconds 
Epoch: 173/200 Train accuracy: 6.45646e-01 Validation accuracy: 6.35667e-01 Loss 1.09885e-02 Time taken: 2.15 seconds 
Epoch: 174/200 Train accuracy: 6.41015e-01 Validation accuracy: 6.44000e-01 Loss 1.09982e-02 Time taken: 2.35 seconds 
Epoch: 175/200 Train accuracy: 6.40587e-01 Validation accuracy: 6.42333e-01 Loss 1.09987e-02 Time taken: 2.70 seconds 
Epoch: 176/200 Train accuracy: 6.42084e-01 Validation accuracy: 6.48000e-01 Loss 1.09915e-02 Time taken: 2.52 seconds 
Epoch: 177/200 Train accuracy: 6.42440e-01 Validation accuracy: 6.42333e-01 Loss 1.09888e-02 Time taken: 2.39 seconds 
Epoch: 178/200 Train accuracy: 6.47071e-01 Validation accuracy: 6.44667e-01 Loss 1.09827e-02 Time taken: 2.15 seconds 
Epoch: 179/200 Train accuracy: 6.42297e-01 Validation accuracy: 6.39667e-01 Loss 1.09894e-02 Time taken: 2.23 seconds 
Epoch: 180/200 Train accuracy: 6.41941e-01 Validation accuracy: 6.34667e-01 Loss 1.10011e-02 Time taken: 2.20 seconds 
Epoch: 181/200 Train accuracy: 6.41870e-01 Validation accuracy: 6.39333e-01 Loss 1.09847e-02 Time taken: 2.20 seconds 
Epoch: 182/200 Train accuracy: 6.41228e-01 Validation accuracy: 6.37000e-01 Loss 1.10000e-02 Time taken: 2.08 seconds 
Epoch: 183/200 Train accuracy: 6.43295e-01 Validation accuracy: 6.45000e-01 Loss 1.09889e-02 Time taken: 1.99 seconds 
Epoch: 184/200 Train accuracy: 6.41656e-01 Validation accuracy: 6.40333e-01 Loss 1.09877e-02 Time taken: 2.07 seconds 
Epoch: 185/200 Train accuracy: 6.44720e-01 Validation accuracy: 6.46000e-01 Loss 1.09740e-02 Time taken: 2.46 seconds 
Epoch: 186/200 Train accuracy: 6.43651e-01 Validation accuracy: 6.45333e-01 Loss 1.09921e-02 Time taken: 2.33 seconds 
Epoch: 187/200 Train accuracy: 6.43010e-01 Validation accuracy: 6.38667e-01 Loss 1.09899e-02 Time taken: 3.24 seconds 
Epoch: 188/200 Train accuracy: 6.39305e-01 Validation accuracy: 6.39333e-01 Loss 1.10033e-02 Time taken: 2.67 seconds 
Epoch: 189/200 Train accuracy: 6.40160e-01 Validation accuracy: 6.46000e-01 Loss 1.09907e-02 Time taken: 2.35 seconds 
Epoch: 190/200 Train accuracy: 6.41157e-01 Validation accuracy: 6.45667e-01 Loss 1.09944e-02 Time taken: 2.33 seconds 
Epoch: 191/200 Train accuracy: 6.43936e-01 Validation accuracy: 6.43333e-01 Loss 1.09915e-02 Time taken: 2.40 seconds 
Epoch: 192/200 Train accuracy: 6.41727e-01 Validation accuracy: 6.37000e-01 Loss 1.09860e-02 Time taken: 2.40 seconds 
Epoch: 193/200 Train accuracy: 6.40017e-01 Validation accuracy: 6.44667e-01 Loss 1.09936e-02 Time taken: 2.43 seconds 
Epoch: 194/200 Train accuracy: 6.40730e-01 Validation accuracy: 6.40667e-01 Loss 1.09941e-02 Time taken: 2.34 seconds 
Epoch: 195/200 Train accuracy: 6.43437e-01 Validation accuracy: 6.45000e-01 Loss 1.09804e-02 Time taken: 2.34 seconds 
Epoch: 196/200 Train accuracy: 6.43295e-01 Validation accuracy: 6.44667e-01 Loss 1.09964e-02 Time taken: 2.87 seconds 
Epoch: 197/200 Train accuracy: 6.41870e-01 Validation accuracy: 6.40667e-01 Loss 1.09867e-02 Time taken: 2.05 seconds 
Epoch: 198/200 Train accuracy: 6.46644e-01 Validation accuracy: 6.38000e-01 Loss 1.09711e-02 Time taken: 2.96 seconds 
Epoch: 199/200 Train accuracy: 6.40160e-01 Validation accuracy: 6.38333e-01 Loss 1.09912e-02 Time taken: 2.20 seconds 
Epoch: 200/200 Train accuracy: 6.43794e-01 Validation accuracy: 6.35000e-01 Loss 1.09707e-02 Time taken: 2.32 seconds 
Total time taken 0:07:36.970472
Cleaning up intermediate feature (.pt) files
Done


