Directory classifiers/jepa-iic-PKT-seed-10-classifier-pretrained-vitb-normalized-ep100 for saving the classifiers is now present
VisionTransformer(
  (patch_embed): PatchEmbed(
    (proj): Conv2d(3, 768, kernel_size=(15, 15), stride=(15, 15))
  )
  (blocks): ModuleList(
    (0-11): 12 x Block(
      (norm1): LayerNorm((768,), eps=1e-06, elementwise_affine=True)
      (attn): Attention(
        (qkv): Linear(in_features=768, out_features=2304, bias=True)
        (attn_drop): Dropout(p=0.0, inplace=False)
        (proj): Linear(in_features=768, out_features=768, bias=True)
        (proj_drop): Dropout(p=0.0, inplace=False)
      )
      (drop_path): Identity()
      (norm2): LayerNorm((768,), eps=1e-06, elementwise_affine=True)
      (mlp): MLP(
        (fc1): Linear(in_features=768, out_features=3072, bias=True)
        (act): GELU(approximate='none')
        (fc2): Linear(in_features=3072, out_features=768, bias=True)
        (drop): Dropout(p=0.0, inplace=False)
      )
    )
  )
  (norm): LayerNorm((768,), eps=1e-06, elementwise_affine=True)
)
Extracting features and saving them locally..
Epoch: 1/200 Train accuracy: 5.30996e-01 Validation accuracy: 6.55000e-01 Loss 1.18469e-02 Time taken: 2.33 seconds 
Epoch: 2/200 Train accuracy: 6.53769e-01 Validation accuracy: 6.76667e-01 Loss 1.09319e-02 Time taken: 2.32 seconds 
Epoch: 3/200 Train accuracy: 6.74576e-01 Validation accuracy: 6.85667e-01 Loss 1.07466e-02 Time taken: 2.40 seconds 
Epoch: 4/200 Train accuracy: 6.84409e-01 Validation accuracy: 6.92667e-01 Loss 1.06643e-02 Time taken: 2.37 seconds 
Epoch: 5/200 Train accuracy: 6.89041e-01 Validation accuracy: 6.91667e-01 Loss 1.06204e-02 Time taken: 2.30 seconds 
Epoch: 6/200 Train accuracy: 6.96309e-01 Validation accuracy: 6.99667e-01 Loss 1.05809e-02 Time taken: 2.11 seconds 
Epoch: 7/200 Train accuracy: 6.98945e-01 Validation accuracy: 7.01000e-01 Loss 1.05333e-02 Time taken: 2.23 seconds 
Epoch: 8/200 Train accuracy: 6.97663e-01 Validation accuracy: 7.05333e-01 Loss 1.05362e-02 Time taken: 2.20 seconds 
Epoch: 9/200 Train accuracy: 7.04005e-01 Validation accuracy: 7.07000e-01 Loss 1.04899e-02 Time taken: 2.27 seconds 
Epoch: 10/200 Train accuracy: 7.05430e-01 Validation accuracy: 7.09333e-01 Loss 1.04856e-02 Time taken: 2.00 seconds 
Epoch: 11/200 Train accuracy: 7.08921e-01 Validation accuracy: 7.05333e-01 Loss 1.04602e-02 Time taken: 2.13 seconds 
Epoch: 12/200 Train accuracy: 7.12056e-01 Validation accuracy: 7.09000e-01 Loss 1.04306e-02 Time taken: 2.39 seconds 
Epoch: 13/200 Train accuracy: 7.10703e-01 Validation accuracy: 7.14333e-01 Loss 1.04403e-02 Time taken: 2.23 seconds 
Epoch: 14/200 Train accuracy: 7.13695e-01 Validation accuracy: 7.10333e-01 Loss 1.04126e-02 Time taken: 2.20 seconds 
Epoch: 15/200 Train accuracy: 7.16759e-01 Validation accuracy: 7.14667e-01 Loss 1.04094e-02 Time taken: 2.27 seconds 
Epoch: 16/200 Train accuracy: 7.20607e-01 Validation accuracy: 7.14333e-01 Loss 1.03800e-02 Time taken: 2.10 seconds 
Epoch: 17/200 Train accuracy: 7.15975e-01 Validation accuracy: 7.14333e-01 Loss 1.03947e-02 Time taken: 2.30 seconds 
Epoch: 18/200 Train accuracy: 7.19253e-01 Validation accuracy: 7.15000e-01 Loss 1.03674e-02 Time taken: 2.10 seconds 
Epoch: 19/200 Train accuracy: 7.21391e-01 Validation accuracy: 7.10000e-01 Loss 1.03578e-02 Time taken: 2.17 seconds 
Epoch: 20/200 Train accuracy: 7.19111e-01 Validation accuracy: 7.15667e-01 Loss 1.03714e-02 Time taken: 2.04 seconds 
Epoch: 21/200 Train accuracy: 7.23386e-01 Validation accuracy: 7.15667e-01 Loss 1.03484e-02 Time taken: 2.05 seconds 
Epoch: 22/200 Train accuracy: 7.22175e-01 Validation accuracy: 7.22333e-01 Loss 1.03462e-02 Time taken: 2.09 seconds 
Epoch: 23/200 Train accuracy: 7.20322e-01 Validation accuracy: 7.19000e-01 Loss 1.03646e-02 Time taken: 2.30 seconds 
Epoch: 24/200 Train accuracy: 7.22246e-01 Validation accuracy: 7.26000e-01 Loss 1.03602e-02 Time taken: 2.23 seconds 
Epoch: 25/200 Train accuracy: 7.25310e-01 Validation accuracy: 7.24333e-01 Loss 1.03411e-02 Time taken: 2.26 seconds 
Epoch: 26/200 Train accuracy: 7.26094e-01 Validation accuracy: 7.29333e-01 Loss 1.03175e-02 Time taken: 2.37 seconds 
Epoch: 27/200 Train accuracy: 7.24811e-01 Validation accuracy: 7.29667e-01 Loss 1.03353e-02 Time taken: 2.34 seconds 
Epoch: 28/200 Train accuracy: 7.26023e-01 Validation accuracy: 7.26333e-01 Loss 1.03268e-02 Time taken: 2.11 seconds 
Epoch: 29/200 Train accuracy: 7.28089e-01 Validation accuracy: 7.26000e-01 Loss 1.03172e-02 Time taken: 2.40 seconds 
Epoch: 30/200 Train accuracy: 7.24241e-01 Validation accuracy: 7.28667e-01 Loss 1.03296e-02 Time taken: 2.26 seconds 
Epoch: 31/200 Train accuracy: 7.28944e-01 Validation accuracy: 7.28000e-01 Loss 1.03037e-02 Time taken: 2.05 seconds 
Epoch: 32/200 Train accuracy: 7.26593e-01 Validation accuracy: 7.31667e-01 Loss 1.03133e-02 Time taken: 2.17 seconds 
Epoch: 33/200 Train accuracy: 7.27661e-01 Validation accuracy: 7.25667e-01 Loss 1.03024e-02 Time taken: 2.09 seconds 
Epoch: 34/200 Train accuracy: 7.29799e-01 Validation accuracy: 7.24333e-01 Loss 1.02971e-02 Time taken: 2.13 seconds 
Epoch: 35/200 Train accuracy: 7.28659e-01 Validation accuracy: 7.21000e-01 Loss 1.02981e-02 Time taken: 2.14 seconds 
Epoch: 36/200 Train accuracy: 7.29229e-01 Validation accuracy: 7.28000e-01 Loss 1.02968e-02 Time taken: 2.32 seconds 
Epoch: 37/200 Train accuracy: 7.32150e-01 Validation accuracy: 7.29333e-01 Loss 1.02781e-02 Time taken: 2.33 seconds 
Epoch: 38/200 Train accuracy: 7.30512e-01 Validation accuracy: 7.28333e-01 Loss 1.02889e-02 Time taken: 2.14 seconds 
Epoch: 39/200 Train accuracy: 7.30298e-01 Validation accuracy: 7.30000e-01 Loss 1.02882e-02 Time taken: 2.14 seconds 
Epoch: 40/200 Train accuracy: 7.34502e-01 Validation accuracy: 7.30667e-01 Loss 1.02649e-02 Time taken: 2.28 seconds 
Epoch: 41/200 Train accuracy: 7.30013e-01 Validation accuracy: 7.24333e-01 Loss 1.02903e-02 Time taken: 2.32 seconds 
Epoch: 42/200 Train accuracy: 7.33219e-01 Validation accuracy: 7.34000e-01 Loss 1.02711e-02 Time taken: 2.03 seconds 
Epoch: 43/200 Train accuracy: 7.37637e-01 Validation accuracy: 7.31333e-01 Loss 1.02473e-02 Time taken: 2.03 seconds 
Epoch: 44/200 Train accuracy: 7.32507e-01 Validation accuracy: 7.27333e-01 Loss 1.02752e-02 Time taken: 2.26 seconds 
Epoch: 45/200 Train accuracy: 7.31937e-01 Validation accuracy: 7.32333e-01 Loss 1.02802e-02 Time taken: 2.41 seconds 
Epoch: 46/200 Train accuracy: 7.35286e-01 Validation accuracy: 7.32667e-01 Loss 1.02621e-02 Time taken: 2.40 seconds 
Epoch: 47/200 Train accuracy: 7.35713e-01 Validation accuracy: 7.37333e-01 Loss 1.02471e-02 Time taken: 2.26 seconds 
Epoch: 48/200 Train accuracy: 7.33148e-01 Validation accuracy: 7.33333e-01 Loss 1.02627e-02 Time taken: 2.08 seconds 
Epoch: 49/200 Train accuracy: 7.35214e-01 Validation accuracy: 7.36667e-01 Loss 1.02596e-02 Time taken: 2.24 seconds 
Epoch: 50/200 Train accuracy: 7.34858e-01 Validation accuracy: 7.33333e-01 Loss 1.02583e-02 Time taken: 2.15 seconds 
Epoch: 51/200 Train accuracy: 7.36212e-01 Validation accuracy: 7.34000e-01 Loss 1.02408e-02 Time taken: 2.24 seconds 
Epoch: 52/200 Train accuracy: 7.37352e-01 Validation accuracy: 7.27000e-01 Loss 1.02430e-02 Time taken: 2.15 seconds 
Epoch: 53/200 Train accuracy: 7.35214e-01 Validation accuracy: 7.32333e-01 Loss 1.02613e-02 Time taken: 2.10 seconds 
Epoch: 54/200 Train accuracy: 7.35072e-01 Validation accuracy: 7.34667e-01 Loss 1.02570e-02 Time taken: 2.09 seconds 
Epoch: 55/200 Train accuracy: 7.35571e-01 Validation accuracy: 7.31667e-01 Loss 1.02593e-02 Time taken: 2.31 seconds 
Epoch: 56/200 Train accuracy: 7.35713e-01 Validation accuracy: 7.34000e-01 Loss 1.02407e-02 Time taken: 2.22 seconds 
Epoch: 57/200 Train accuracy: 7.38706e-01 Validation accuracy: 7.33667e-01 Loss 1.02229e-02 Time taken: 2.44 seconds 
Epoch: 58/200 Train accuracy: 7.37566e-01 Validation accuracy: 7.38333e-01 Loss 1.02405e-02 Time taken: 2.28 seconds 
Epoch: 59/200 Train accuracy: 7.36212e-01 Validation accuracy: 7.35000e-01 Loss 1.02397e-02 Time taken: 2.30 seconds 
Epoch: 60/200 Train accuracy: 7.36568e-01 Validation accuracy: 7.25000e-01 Loss 1.02357e-02 Time taken: 2.27 seconds 
Epoch: 61/200 Train accuracy: 7.33932e-01 Validation accuracy: 7.36333e-01 Loss 1.02560e-02 Time taken: 2.13 seconds 
Epoch: 62/200 Train accuracy: 7.34858e-01 Validation accuracy: 7.32333e-01 Loss 1.02366e-02 Time taken: 2.14 seconds 
Epoch: 63/200 Train accuracy: 7.38563e-01 Validation accuracy: 7.36667e-01 Loss 1.02320e-02 Time taken: 2.06 seconds 
Epoch: 64/200 Train accuracy: 7.38350e-01 Validation accuracy: 7.35000e-01 Loss 1.02283e-02 Time taken: 2.19 seconds 
Epoch: 65/200 Train accuracy: 7.37922e-01 Validation accuracy: 7.32667e-01 Loss 1.02336e-02 Time taken: 2.18 seconds 
Epoch: 66/200 Train accuracy: 7.34573e-01 Validation accuracy: 7.30667e-01 Loss 1.02448e-02 Time taken: 2.23 seconds 
Epoch: 67/200 Train accuracy: 7.38207e-01 Validation accuracy: 7.37667e-01 Loss 1.02266e-02 Time taken: 2.21 seconds 
Epoch: 68/200 Train accuracy: 7.44406e-01 Validation accuracy: 7.35333e-01 Loss 1.01932e-02 Time taken: 2.27 seconds 
Epoch: 69/200 Train accuracy: 7.36497e-01 Validation accuracy: 7.31333e-01 Loss 1.02355e-02 Time taken: 2.33 seconds 
Epoch: 70/200 Train accuracy: 7.37780e-01 Validation accuracy: 7.33333e-01 Loss 1.02260e-02 Time taken: 2.49 seconds 
Epoch: 71/200 Train accuracy: 7.40844e-01 Validation accuracy: 7.39333e-01 Loss 1.02084e-02 Time taken: 2.41 seconds 
Epoch: 72/200 Train accuracy: 7.39490e-01 Validation accuracy: 7.38667e-01 Loss 1.02214e-02 Time taken: 2.35 seconds 
Epoch: 73/200 Train accuracy: 7.40844e-01 Validation accuracy: 7.35667e-01 Loss 1.02229e-02 Time taken: 2.17 seconds 
Epoch: 74/200 Train accuracy: 7.37993e-01 Validation accuracy: 7.33000e-01 Loss 1.02325e-02 Time taken: 2.34 seconds 
Epoch: 75/200 Train accuracy: 7.40915e-01 Validation accuracy: 7.35667e-01 Loss 1.01977e-02 Time taken: 2.12 seconds 
Epoch: 76/200 Train accuracy: 7.40559e-01 Validation accuracy: 7.38333e-01 Loss 1.02197e-02 Time taken: 2.06 seconds 
Epoch: 77/200 Train accuracy: 7.41485e-01 Validation accuracy: 7.36667e-01 Loss 1.02088e-02 Time taken: 2.00 seconds 
Epoch: 78/200 Train accuracy: 7.37637e-01 Validation accuracy: 7.35000e-01 Loss 1.02242e-02 Time taken: 1.99 seconds 
Epoch: 79/200 Train accuracy: 7.35998e-01 Validation accuracy: 7.38333e-01 Loss 1.02365e-02 Time taken: 2.16 seconds 
Epoch: 80/200 Train accuracy: 7.38563e-01 Validation accuracy: 7.41667e-01 Loss 1.02181e-02 Time taken: 2.16 seconds 
Epoch: 81/200 Train accuracy: 7.38706e-01 Validation accuracy: 7.36000e-01 Loss 1.02150e-02 Time taken: 2.19 seconds 
Epoch: 82/200 Train accuracy: 7.41342e-01 Validation accuracy: 7.37000e-01 Loss 1.02025e-02 Time taken: 2.20 seconds 
Epoch: 83/200 Train accuracy: 7.40060e-01 Validation accuracy: 7.37000e-01 Loss 1.02071e-02 Time taken: 2.01 seconds 
Epoch: 84/200 Train accuracy: 7.38136e-01 Validation accuracy: 7.33667e-01 Loss 1.02193e-02 Time taken: 1.99 seconds 
Epoch: 85/200 Train accuracy: 7.41485e-01 Validation accuracy: 7.26000e-01 Loss 1.02044e-02 Time taken: 2.33 seconds 
Epoch: 86/200 Train accuracy: 7.40772e-01 Validation accuracy: 7.40333e-01 Loss 1.02101e-02 Time taken: 2.31 seconds 
Epoch: 87/200 Train accuracy: 7.39347e-01 Validation accuracy: 7.33000e-01 Loss 1.02134e-02 Time taken: 2.22 seconds 
Epoch: 88/200 Train accuracy: 7.42483e-01 Validation accuracy: 7.37667e-01 Loss 1.02051e-02 Time taken: 2.31 seconds 
Epoch: 89/200 Train accuracy: 7.40060e-01 Validation accuracy: 7.33000e-01 Loss 1.02016e-02 Time taken: 2.27 seconds 
Epoch: 90/200 Train accuracy: 7.40844e-01 Validation accuracy: 7.39667e-01 Loss 1.02096e-02 Time taken: 2.16 seconds 
Epoch: 91/200 Train accuracy: 7.41271e-01 Validation accuracy: 7.39000e-01 Loss 1.01929e-02 Time taken: 2.14 seconds 
Epoch: 92/200 Train accuracy: 7.42126e-01 Validation accuracy: 7.24000e-01 Loss 1.01990e-02 Time taken: 2.11 seconds 
Epoch: 93/200 Train accuracy: 7.41485e-01 Validation accuracy: 7.36667e-01 Loss 1.01966e-02 Time taken: 2.08 seconds 
Epoch: 94/200 Train accuracy: 7.43836e-01 Validation accuracy: 7.36333e-01 Loss 1.01915e-02 Time taken: 2.05 seconds 
Epoch: 95/200 Train accuracy: 7.40772e-01 Validation accuracy: 7.37333e-01 Loss 1.02075e-02 Time taken: 2.00 seconds 
Epoch: 96/200 Train accuracy: 7.43694e-01 Validation accuracy: 7.41333e-01 Loss 1.01915e-02 Time taken: 2.02 seconds 
Epoch: 97/200 Train accuracy: 7.40772e-01 Validation accuracy: 7.41000e-01 Loss 1.02041e-02 Time taken: 2.12 seconds 
Epoch: 98/200 Train accuracy: 7.40986e-01 Validation accuracy: 7.39000e-01 Loss 1.02081e-02 Time taken: 2.13 seconds 
Epoch: 99/200 Train accuracy: 7.44478e-01 Validation accuracy: 7.38000e-01 Loss 1.01823e-02 Time taken: 2.27 seconds 
Epoch: 100/200 Train accuracy: 7.43409e-01 Validation accuracy: 7.35000e-01 Loss 1.01918e-02 Time taken: 2.32 seconds 
Epoch: 101/200 Train accuracy: 7.41699e-01 Validation accuracy: 7.39000e-01 Loss 1.01988e-02 Time taken: 2.13 seconds 
Epoch: 102/200 Train accuracy: 7.37281e-01 Validation accuracy: 7.42000e-01 Loss 1.02265e-02 Time taken: 2.31 seconds 
Epoch: 103/200 Train accuracy: 7.43195e-01 Validation accuracy: 7.36667e-01 Loss 1.01875e-02 Time taken: 2.22 seconds 
Epoch: 104/200 Train accuracy: 7.43765e-01 Validation accuracy: 7.39000e-01 Loss 1.01888e-02 Time taken: 2.30 seconds 
Epoch: 105/200 Train accuracy: 7.40416e-01 Validation accuracy: 7.38000e-01 Loss 1.02042e-02 Time taken: 2.10 seconds 
Epoch: 106/200 Train accuracy: 7.40416e-01 Validation accuracy: 7.39667e-01 Loss 1.02018e-02 Time taken: 2.14 seconds 
Epoch: 107/200 Train accuracy: 7.43480e-01 Validation accuracy: 7.39667e-01 Loss 1.01864e-02 Time taken: 2.10 seconds 
Epoch: 108/200 Train accuracy: 7.39561e-01 Validation accuracy: 7.37000e-01 Loss 1.02014e-02 Time taken: 2.12 seconds 
Epoch: 109/200 Train accuracy: 7.44121e-01 Validation accuracy: 7.42667e-01 Loss 1.01802e-02 Time taken: 2.21 seconds 
Epoch: 110/200 Train accuracy: 7.44763e-01 Validation accuracy: 7.40000e-01 Loss 1.01752e-02 Time taken: 2.15 seconds 
Epoch: 111/200 Train accuracy: 7.44905e-01 Validation accuracy: 7.36667e-01 Loss 1.01842e-02 Time taken: 2.01 seconds 
Epoch: 112/200 Train accuracy: 7.46687e-01 Validation accuracy: 7.39667e-01 Loss 1.01743e-02 Time taken: 2.14 seconds 
Epoch: 113/200 Train accuracy: 7.42411e-01 Validation accuracy: 7.36667e-01 Loss 1.01942e-02 Time taken: 2.23 seconds 
Epoch: 114/200 Train accuracy: 7.41057e-01 Validation accuracy: 7.36667e-01 Loss 1.02063e-02 Time taken: 2.11 seconds 
Epoch: 115/200 Train accuracy: 7.39632e-01 Validation accuracy: 7.44333e-01 Loss 1.02086e-02 Time taken: 2.24 seconds 
Epoch: 116/200 Train accuracy: 7.43551e-01 Validation accuracy: 7.42333e-01 Loss 1.01799e-02 Time taken: 2.12 seconds 
Epoch: 117/200 Train accuracy: 7.43409e-01 Validation accuracy: 7.36667e-01 Loss 1.01892e-02 Time taken: 2.32 seconds 
Epoch: 118/200 Train accuracy: 7.42554e-01 Validation accuracy: 7.45000e-01 Loss 1.01893e-02 Time taken: 2.11 seconds 
Epoch: 119/200 Train accuracy: 7.44976e-01 Validation accuracy: 7.39333e-01 Loss 1.01781e-02 Time taken: 2.12 seconds 
Epoch: 120/200 Train accuracy: 7.41414e-01 Validation accuracy: 7.38667e-01 Loss 1.02046e-02 Time taken: 2.19 seconds 
Epoch: 121/200 Train accuracy: 7.40844e-01 Validation accuracy: 7.41667e-01 Loss 1.01930e-02 Time taken: 2.16 seconds 
Epoch: 122/200 Train accuracy: 7.43765e-01 Validation accuracy: 7.40333e-01 Loss 1.01799e-02 Time taken: 2.32 seconds 
Epoch: 123/200 Train accuracy: 7.43836e-01 Validation accuracy: 7.38333e-01 Loss 1.01793e-02 Time taken: 2.29 seconds 
Epoch: 124/200 Train accuracy: 7.45903e-01 Validation accuracy: 7.40000e-01 Loss 1.01856e-02 Time taken: 2.11 seconds 
Epoch: 125/200 Train accuracy: 7.46045e-01 Validation accuracy: 7.40667e-01 Loss 1.01676e-02 Time taken: 2.34 seconds 
Epoch: 126/200 Train accuracy: 7.44976e-01 Validation accuracy: 7.43333e-01 Loss 1.01764e-02 Time taken: 2.37 seconds 
Epoch: 127/200 Train accuracy: 7.43266e-01 Validation accuracy: 7.42333e-01 Loss 1.01859e-02 Time taken: 2.34 seconds 
Epoch: 128/200 Train accuracy: 7.44976e-01 Validation accuracy: 7.39000e-01 Loss 1.01760e-02 Time taken: 2.48 seconds 
Epoch: 129/200 Train accuracy: 7.45974e-01 Validation accuracy: 7.44000e-01 Loss 1.01715e-02 Time taken: 2.36 seconds 
Epoch: 130/200 Train accuracy: 7.41271e-01 Validation accuracy: 7.39000e-01 Loss 1.01946e-02 Time taken: 2.35 seconds 
Epoch: 131/200 Train accuracy: 7.42625e-01 Validation accuracy: 7.35000e-01 Loss 1.01925e-02 Time taken: 2.24 seconds 
Epoch: 132/200 Train accuracy: 7.45404e-01 Validation accuracy: 7.34000e-01 Loss 1.01767e-02 Time taken: 2.19 seconds 
Epoch: 133/200 Train accuracy: 7.41627e-01 Validation accuracy: 7.40667e-01 Loss 1.01776e-02 Time taken: 2.00 seconds 
Epoch: 134/200 Train accuracy: 7.40416e-01 Validation accuracy: 7.40667e-01 Loss 1.01948e-02 Time taken: 2.31 seconds 
Epoch: 135/200 Train accuracy: 7.46972e-01 Validation accuracy: 7.43333e-01 Loss 1.01691e-02 Time taken: 2.39 seconds 
Epoch: 136/200 Train accuracy: 7.46972e-01 Validation accuracy: 7.38667e-01 Loss 1.01691e-02 Time taken: 2.32 seconds 
Epoch: 137/200 Train accuracy: 7.46259e-01 Validation accuracy: 7.39000e-01 Loss 1.01615e-02 Time taken: 2.10 seconds 
Epoch: 138/200 Train accuracy: 7.44406e-01 Validation accuracy: 7.41667e-01 Loss 1.01829e-02 Time taken: 2.20 seconds 
Epoch: 139/200 Train accuracy: 7.47399e-01 Validation accuracy: 7.39333e-01 Loss 1.01600e-02 Time taken: 2.30 seconds 
Epoch: 140/200 Train accuracy: 7.43836e-01 Validation accuracy: 7.42000e-01 Loss 1.01754e-02 Time taken: 2.30 seconds 
Epoch: 141/200 Train accuracy: 7.41414e-01 Validation accuracy: 7.43667e-01 Loss 1.01858e-02 Time taken: 2.34 seconds 
Epoch: 142/200 Train accuracy: 7.42910e-01 Validation accuracy: 7.44667e-01 Loss 1.01814e-02 Time taken: 2.33 seconds 
Epoch: 143/200 Train accuracy: 7.42839e-01 Validation accuracy: 7.40333e-01 Loss 1.01780e-02 Time taken: 2.33 seconds 
Epoch: 144/200 Train accuracy: 7.42126e-01 Validation accuracy: 7.41000e-01 Loss 1.01811e-02 Time taken: 2.52 seconds 
Epoch: 145/200 Train accuracy: 7.47257e-01 Validation accuracy: 7.44333e-01 Loss 1.01553e-02 Time taken: 2.29 seconds 
Epoch: 146/200 Train accuracy: 7.44691e-01 Validation accuracy: 7.41667e-01 Loss 1.01759e-02 Time taken: 2.29 seconds 
Epoch: 147/200 Train accuracy: 7.44121e-01 Validation accuracy: 7.41667e-01 Loss 1.01811e-02 Time taken: 2.14 seconds 
Epoch: 148/200 Train accuracy: 7.45119e-01 Validation accuracy: 7.44667e-01 Loss 1.01777e-02 Time taken: 2.08 seconds 
Epoch: 149/200 Train accuracy: 7.46259e-01 Validation accuracy: 7.42667e-01 Loss 1.01698e-02 Time taken: 2.10 seconds 
Epoch: 150/200 Train accuracy: 7.44335e-01 Validation accuracy: 7.38333e-01 Loss 1.01777e-02 Time taken: 2.07 seconds 
Epoch: 151/200 Train accuracy: 7.44691e-01 Validation accuracy: 7.42000e-01 Loss 1.01756e-02 Time taken: 2.13 seconds 
Epoch: 152/200 Train accuracy: 7.48397e-01 Validation accuracy: 7.42000e-01 Loss 1.01642e-02 Time taken: 2.11 seconds 
Epoch: 153/200 Train accuracy: 7.42340e-01 Validation accuracy: 7.42333e-01 Loss 1.01865e-02 Time taken: 2.13 seconds 
Epoch: 154/200 Train accuracy: 7.41627e-01 Validation accuracy: 7.36333e-01 Loss 1.01919e-02 Time taken: 2.21 seconds 
Epoch: 155/200 Train accuracy: 7.42625e-01 Validation accuracy: 7.38333e-01 Loss 1.01819e-02 Time taken: 2.00 seconds 
Epoch: 156/200 Train accuracy: 7.47257e-01 Validation accuracy: 7.41000e-01 Loss 1.01618e-02 Time taken: 2.31 seconds 
Epoch: 157/200 Train accuracy: 7.45404e-01 Validation accuracy: 7.41333e-01 Loss 1.01647e-02 Time taken: 2.31 seconds 
Epoch: 158/200 Train accuracy: 7.44620e-01 Validation accuracy: 7.40667e-01 Loss 1.01639e-02 Time taken: 2.14 seconds 
Epoch: 159/200 Train accuracy: 7.44406e-01 Validation accuracy: 7.41333e-01 Loss 1.01774e-02 Time taken: 2.13 seconds 
Epoch: 160/200 Train accuracy: 7.44121e-01 Validation accuracy: 7.43667e-01 Loss 1.01715e-02 Time taken: 2.33 seconds 
Epoch: 161/200 Train accuracy: 7.46045e-01 Validation accuracy: 7.40000e-01 Loss 1.01681e-02 Time taken: 2.43 seconds 
Epoch: 162/200 Train accuracy: 7.45333e-01 Validation accuracy: 7.40000e-01 Loss 1.01582e-02 Time taken: 2.23 seconds 
Epoch: 163/200 Train accuracy: 7.42839e-01 Validation accuracy: 7.40333e-01 Loss 1.01817e-02 Time taken: 2.24 seconds 
Epoch: 164/200 Train accuracy: 7.41770e-01 Validation accuracy: 7.40333e-01 Loss 1.01926e-02 Time taken: 2.21 seconds 
Epoch: 165/200 Train accuracy: 7.44121e-01 Validation accuracy: 7.42000e-01 Loss 1.01702e-02 Time taken: 2.45 seconds 
Epoch: 166/200 Train accuracy: 7.43836e-01 Validation accuracy: 7.43000e-01 Loss 1.01814e-02 Time taken: 2.32 seconds 
Epoch: 167/200 Train accuracy: 7.41912e-01 Validation accuracy: 7.41000e-01 Loss 1.01912e-02 Time taken: 2.41 seconds 
Epoch: 168/200 Train accuracy: 7.47043e-01 Validation accuracy: 7.43000e-01 Loss 1.01547e-02 Time taken: 2.18 seconds 
Epoch: 169/200 Train accuracy: 7.43623e-01 Validation accuracy: 7.39333e-01 Loss 1.01727e-02 Time taken: 2.46 seconds 
Epoch: 170/200 Train accuracy: 7.44549e-01 Validation accuracy: 7.45333e-01 Loss 1.01772e-02 Time taken: 2.31 seconds 
Epoch: 171/200 Train accuracy: 7.44335e-01 Validation accuracy: 7.38000e-01 Loss 1.01751e-02 Time taken: 2.21 seconds 
Epoch: 172/200 Train accuracy: 7.43053e-01 Validation accuracy: 7.46000e-01 Loss 1.01812e-02 Time taken: 2.30 seconds 
Epoch: 173/200 Train accuracy: 7.44905e-01 Validation accuracy: 7.45000e-01 Loss 1.01722e-02 Time taken: 2.11 seconds 
Epoch: 174/200 Train accuracy: 7.42340e-01 Validation accuracy: 7.38667e-01 Loss 1.01784e-02 Time taken: 2.29 seconds 
Epoch: 175/200 Train accuracy: 7.45903e-01 Validation accuracy: 7.39667e-01 Loss 1.01700e-02 Time taken: 2.30 seconds 
Epoch: 176/200 Train accuracy: 7.44905e-01 Validation accuracy: 7.42333e-01 Loss 1.01721e-02 Time taken: 3.15 seconds 
Epoch: 177/200 Train accuracy: 7.42981e-01 Validation accuracy: 7.39667e-01 Loss 1.01772e-02 Time taken: 2.98 seconds 
Epoch: 178/200 Train accuracy: 7.43694e-01 Validation accuracy: 7.37667e-01 Loss 1.01821e-02 Time taken: 2.37 seconds 
Epoch: 179/200 Train accuracy: 7.47613e-01 Validation accuracy: 7.45000e-01 Loss 1.01507e-02 Time taken: 2.34 seconds 
Epoch: 180/200 Train accuracy: 7.46330e-01 Validation accuracy: 7.41333e-01 Loss 1.01587e-02 Time taken: 2.70 seconds 
Epoch: 181/200 Train accuracy: 7.44121e-01 Validation accuracy: 7.41333e-01 Loss 1.01765e-02 Time taken: 2.36 seconds 
Epoch: 182/200 Train accuracy: 7.45689e-01 Validation accuracy: 7.40000e-01 Loss 1.01645e-02 Time taken: 2.07 seconds 
Epoch: 183/200 Train accuracy: 7.50606e-01 Validation accuracy: 7.45000e-01 Loss 1.01395e-02 Time taken: 2.09 seconds 
Epoch: 184/200 Train accuracy: 7.46330e-01 Validation accuracy: 7.41000e-01 Loss 1.01619e-02 Time taken: 2.14 seconds 
Epoch: 185/200 Train accuracy: 7.45475e-01 Validation accuracy: 7.36000e-01 Loss 1.01680e-02 Time taken: 2.19 seconds 
Epoch: 186/200 Train accuracy: 7.40345e-01 Validation accuracy: 7.38333e-01 Loss 1.01867e-02 Time taken: 2.28 seconds 
Epoch: 187/200 Train accuracy: 7.44763e-01 Validation accuracy: 7.38000e-01 Loss 1.01565e-02 Time taken: 2.28 seconds 
Epoch: 188/200 Train accuracy: 7.46900e-01 Validation accuracy: 7.37667e-01 Loss 1.01552e-02 Time taken: 2.33 seconds 
Epoch: 189/200 Train accuracy: 7.45974e-01 Validation accuracy: 7.44667e-01 Loss 1.01557e-02 Time taken: 2.35 seconds 
Epoch: 190/200 Train accuracy: 7.48112e-01 Validation accuracy: 7.43333e-01 Loss 1.01497e-02 Time taken: 2.47 seconds 
Epoch: 191/200 Train accuracy: 7.46758e-01 Validation accuracy: 7.39333e-01 Loss 1.01644e-02 Time taken: 2.18 seconds 
Epoch: 192/200 Train accuracy: 7.45190e-01 Validation accuracy: 7.45000e-01 Loss 1.01622e-02 Time taken: 2.11 seconds 
Epoch: 193/200 Train accuracy: 7.45618e-01 Validation accuracy: 7.41333e-01 Loss 1.01660e-02 Time taken: 2.20 seconds 
Epoch: 194/200 Train accuracy: 7.43623e-01 Validation accuracy: 7.41333e-01 Loss 1.01697e-02 Time taken: 1.66 seconds 
Epoch: 195/200 Train accuracy: 7.47613e-01 Validation accuracy: 7.42333e-01 Loss 1.01636e-02 Time taken: 1.61 seconds 
Epoch: 196/200 Train accuracy: 7.43765e-01 Validation accuracy: 7.45667e-01 Loss 1.01745e-02 Time taken: 1.57 seconds 
Epoch: 197/200 Train accuracy: 7.43409e-01 Validation accuracy: 7.40000e-01 Loss 1.01742e-02 Time taken: 1.57 seconds 
Epoch: 198/200 Train accuracy: 7.44834e-01 Validation accuracy: 7.43667e-01 Loss 1.01738e-02 Time taken: 1.56 seconds 
Epoch: 199/200 Train accuracy: 7.42055e-01 Validation accuracy: 7.45000e-01 Loss 1.01749e-02 Time taken: 1.58 seconds 
Epoch: 200/200 Train accuracy: 7.46473e-01 Validation accuracy: 7.42000e-01 Loss 1.01668e-02 Time taken: 1.57 seconds 
Total time taken 0:07:22.962135
Cleaning up intermediate feature (.pt) files
Done


working on file logs_PKT_full/iic-train-PKT-seed15/jepa-iic-PKT-ep200.pth.tar ...
