Directory classifiers/jepa-iic-PKT-seed-10-classifier-pretrained-vitb-normalized-ep400 for saving the classifiers is now present
VisionTransformer(
  (patch_embed): PatchEmbed(
    (proj): Conv2d(3, 768, kernel_size=(15, 15), stride=(15, 15))
  )
  (blocks): ModuleList(
    (0-11): 12 x Block(
      (norm1): LayerNorm((768,), eps=1e-06, elementwise_affine=True)
      (attn): Attention(
        (qkv): Linear(in_features=768, out_features=2304, bias=True)
        (attn_drop): Dropout(p=0.0, inplace=False)
        (proj): Linear(in_features=768, out_features=768, bias=True)
        (proj_drop): Dropout(p=0.0, inplace=False)
      )
      (drop_path): Identity()
      (norm2): LayerNorm((768,), eps=1e-06, elementwise_affine=True)
      (mlp): MLP(
        (fc1): Linear(in_features=768, out_features=3072, bias=True)
        (act): GELU(approximate='none')
        (fc2): Linear(in_features=3072, out_features=768, bias=True)
        (drop): Dropout(p=0.0, inplace=False)
      )
    )
  )
  (norm): LayerNorm((768,), eps=1e-06, elementwise_affine=True)
)
Extracting features and saving them locally..
Epoch: 1/200 Train accuracy: 3.24498e-01 Validation accuracy: 4.32000e-01 Loss 1.32920e-02 Time taken: 1.60 seconds 
Epoch: 2/200 Train accuracy: 4.55750e-01 Validation accuracy: 5.06667e-01 Loss 1.24202e-02 Time taken: 1.60 seconds 
Epoch: 3/200 Train accuracy: 4.95440e-01 Validation accuracy: 5.33667e-01 Loss 1.21273e-02 Time taken: 1.67 seconds 
Epoch: 4/200 Train accuracy: 5.29927e-01 Validation accuracy: 5.77667e-01 Loss 1.18953e-02 Time taken: 1.75 seconds 
Epoch: 5/200 Train accuracy: 5.53727e-01 Validation accuracy: 5.80333e-01 Loss 1.17426e-02 Time taken: 1.69 seconds 
Epoch: 6/200 Train accuracy: 5.62634e-01 Validation accuracy: 5.74000e-01 Loss 1.16521e-02 Time taken: 1.72 seconds 
Epoch: 7/200 Train accuracy: 5.76956e-01 Validation accuracy: 5.95333e-01 Loss 1.15647e-02 Time taken: 1.59 seconds 
Epoch: 8/200 Train accuracy: 5.84153e-01 Validation accuracy: 6.02667e-01 Loss 1.14911e-02 Time taken: 1.60 seconds 
Epoch: 9/200 Train accuracy: 5.90637e-01 Validation accuracy: 5.97667e-01 Loss 1.14415e-02 Time taken: 1.62 seconds 
Epoch: 10/200 Train accuracy: 5.91278e-01 Validation accuracy: 6.15333e-01 Loss 1.14248e-02 Time taken: 1.60 seconds 
Epoch: 11/200 Train accuracy: 5.97691e-01 Validation accuracy: 6.15000e-01 Loss 1.13597e-02 Time taken: 1.60 seconds 
Epoch: 12/200 Train accuracy: 5.96480e-01 Validation accuracy: 6.17667e-01 Loss 1.13628e-02 Time taken: 1.61 seconds 
Epoch: 13/200 Train accuracy: 6.07810e-01 Validation accuracy: 6.16000e-01 Loss 1.13033e-02 Time taken: 1.74 seconds 
Epoch: 14/200 Train accuracy: 6.10802e-01 Validation accuracy: 6.23667e-01 Loss 1.12826e-02 Time taken: 1.75 seconds 
Epoch: 15/200 Train accuracy: 6.05601e-01 Validation accuracy: 6.19667e-01 Loss 1.12933e-02 Time taken: 2.23 seconds 
Epoch: 16/200 Train accuracy: 6.12014e-01 Validation accuracy: 6.30000e-01 Loss 1.12537e-02 Time taken: 2.18 seconds 
Epoch: 17/200 Train accuracy: 6.18854e-01 Validation accuracy: 6.22000e-01 Loss 1.12293e-02 Time taken: 2.01 seconds 
Epoch: 18/200 Train accuracy: 6.13439e-01 Validation accuracy: 6.32667e-01 Loss 1.12178e-02 Time taken: 2.17 seconds 
Epoch: 19/200 Train accuracy: 6.14650e-01 Validation accuracy: 6.26000e-01 Loss 1.12114e-02 Time taken: 2.17 seconds 
Epoch: 20/200 Train accuracy: 6.22631e-01 Validation accuracy: 6.30000e-01 Loss 1.11658e-02 Time taken: 2.38 seconds 
Epoch: 21/200 Train accuracy: 6.23700e-01 Validation accuracy: 6.28333e-01 Loss 1.11589e-02 Time taken: 2.14 seconds 
Epoch: 22/200 Train accuracy: 6.26906e-01 Validation accuracy: 6.33333e-01 Loss 1.11465e-02 Time taken: 2.21 seconds 
Epoch: 23/200 Train accuracy: 6.23415e-01 Validation accuracy: 6.38667e-01 Loss 1.11529e-02 Time taken: 2.10 seconds 
Epoch: 24/200 Train accuracy: 6.25267e-01 Validation accuracy: 6.28333e-01 Loss 1.11519e-02 Time taken: 2.03 seconds 
Epoch: 25/200 Train accuracy: 6.34958e-01 Validation accuracy: 6.29000e-01 Loss 1.10925e-02 Time taken: 2.18 seconds 
Epoch: 26/200 Train accuracy: 6.30825e-01 Validation accuracy: 6.31333e-01 Loss 1.11155e-02 Time taken: 2.31 seconds 
Epoch: 27/200 Train accuracy: 6.30041e-01 Validation accuracy: 6.26667e-01 Loss 1.11024e-02 Time taken: 2.24 seconds 
Epoch: 28/200 Train accuracy: 6.30326e-01 Validation accuracy: 6.39000e-01 Loss 1.10971e-02 Time taken: 2.32 seconds 
Epoch: 29/200 Train accuracy: 6.31110e-01 Validation accuracy: 6.33000e-01 Loss 1.11011e-02 Time taken: 2.23 seconds 
Epoch: 30/200 Train accuracy: 6.28687e-01 Validation accuracy: 6.40000e-01 Loss 1.11008e-02 Time taken: 2.33 seconds 
Epoch: 31/200 Train accuracy: 6.34530e-01 Validation accuracy: 6.41667e-01 Loss 1.10716e-02 Time taken: 2.17 seconds 
Epoch: 32/200 Train accuracy: 6.35813e-01 Validation accuracy: 6.39000e-01 Loss 1.10705e-02 Time taken: 2.32 seconds 
Epoch: 33/200 Train accuracy: 6.33390e-01 Validation accuracy: 6.42333e-01 Loss 1.10638e-02 Time taken: 2.14 seconds 
Epoch: 34/200 Train accuracy: 6.33533e-01 Validation accuracy: 6.38333e-01 Loss 1.10677e-02 Time taken: 2.35 seconds 
Epoch: 35/200 Train accuracy: 6.35314e-01 Validation accuracy: 6.34000e-01 Loss 1.10575e-02 Time taken: 2.12 seconds 
Epoch: 36/200 Train accuracy: 6.37879e-01 Validation accuracy: 6.38000e-01 Loss 1.10582e-02 Time taken: 2.25 seconds 
Epoch: 37/200 Train accuracy: 6.37594e-01 Validation accuracy: 6.40333e-01 Loss 1.10439e-02 Time taken: 2.13 seconds 
Epoch: 38/200 Train accuracy: 6.37737e-01 Validation accuracy: 6.44333e-01 Loss 1.10481e-02 Time taken: 2.21 seconds 
Epoch: 39/200 Train accuracy: 6.42511e-01 Validation accuracy: 6.42333e-01 Loss 1.10275e-02 Time taken: 2.26 seconds 
Epoch: 40/200 Train accuracy: 6.44791e-01 Validation accuracy: 6.46000e-01 Loss 1.10047e-02 Time taken: 2.13 seconds 
Epoch: 41/200 Train accuracy: 6.38735e-01 Validation accuracy: 6.46667e-01 Loss 1.10328e-02 Time taken: 2.08 seconds 
Epoch: 42/200 Train accuracy: 6.44791e-01 Validation accuracy: 6.43000e-01 Loss 1.10119e-02 Time taken: 2.27 seconds 
Epoch: 43/200 Train accuracy: 6.38735e-01 Validation accuracy: 6.45000e-01 Loss 1.10303e-02 Time taken: 2.19 seconds 
Epoch: 44/200 Train accuracy: 6.41585e-01 Validation accuracy: 6.42333e-01 Loss 1.10173e-02 Time taken: 2.25 seconds 
Epoch: 45/200 Train accuracy: 6.45860e-01 Validation accuracy: 6.29000e-01 Loss 1.09811e-02 Time taken: 2.11 seconds 
Epoch: 46/200 Train accuracy: 6.42226e-01 Validation accuracy: 6.46333e-01 Loss 1.10092e-02 Time taken: 2.06 seconds 
Epoch: 47/200 Train accuracy: 6.45219e-01 Validation accuracy: 6.42333e-01 Loss 1.09962e-02 Time taken: 2.30 seconds 
Epoch: 48/200 Train accuracy: 6.42582e-01 Validation accuracy: 6.45333e-01 Loss 1.10009e-02 Time taken: 2.18 seconds 
Epoch: 49/200 Train accuracy: 6.42582e-01 Validation accuracy: 6.45333e-01 Loss 1.10099e-02 Time taken: 2.21 seconds 
Epoch: 50/200 Train accuracy: 6.45361e-01 Validation accuracy: 6.40667e-01 Loss 1.09858e-02 Time taken: 2.28 seconds 
Epoch: 51/200 Train accuracy: 6.39020e-01 Validation accuracy: 6.33000e-01 Loss 1.10073e-02 Time taken: 2.11 seconds 
Epoch: 52/200 Train accuracy: 6.41157e-01 Validation accuracy: 6.40000e-01 Loss 1.09993e-02 Time taken: 2.23 seconds 
Epoch: 53/200 Train accuracy: 6.42725e-01 Validation accuracy: 6.36333e-01 Loss 1.09793e-02 Time taken: 2.17 seconds 
Epoch: 54/200 Train accuracy: 6.41798e-01 Validation accuracy: 6.43667e-01 Loss 1.09831e-02 Time taken: 2.17 seconds 
Epoch: 55/200 Train accuracy: 6.47641e-01 Validation accuracy: 6.45000e-01 Loss 1.09683e-02 Time taken: 2.03 seconds 
Epoch: 56/200 Train accuracy: 6.48069e-01 Validation accuracy: 6.44000e-01 Loss 1.09687e-02 Time taken: 2.25 seconds 
Epoch: 57/200 Train accuracy: 6.48140e-01 Validation accuracy: 6.44667e-01 Loss 1.09703e-02 Time taken: 2.32 seconds 
Epoch: 58/200 Train accuracy: 6.43437e-01 Validation accuracy: 6.45667e-01 Loss 1.09894e-02 Time taken: 2.42 seconds 
Epoch: 59/200 Train accuracy: 6.48211e-01 Validation accuracy: 6.47333e-01 Loss 1.09654e-02 Time taken: 2.33 seconds 
Epoch: 60/200 Train accuracy: 6.47855e-01 Validation accuracy: 6.46333e-01 Loss 1.09589e-02 Time taken: 2.13 seconds 
Epoch: 61/200 Train accuracy: 6.47641e-01 Validation accuracy: 6.45667e-01 Loss 1.09641e-02 Time taken: 2.26 seconds 
Epoch: 62/200 Train accuracy: 6.44934e-01 Validation accuracy: 6.44333e-01 Loss 1.09682e-02 Time taken: 2.30 seconds 
Epoch: 63/200 Train accuracy: 6.47143e-01 Validation accuracy: 6.48667e-01 Loss 1.09650e-02 Time taken: 2.28 seconds 
Epoch: 64/200 Train accuracy: 6.49922e-01 Validation accuracy: 6.47333e-01 Loss 1.09416e-02 Time taken: 2.39 seconds 
Epoch: 65/200 Train accuracy: 6.50990e-01 Validation accuracy: 6.49667e-01 Loss 1.09354e-02 Time taken: 2.28 seconds 
Epoch: 66/200 Train accuracy: 6.47071e-01 Validation accuracy: 6.42333e-01 Loss 1.09562e-02 Time taken: 2.24 seconds 
Epoch: 67/200 Train accuracy: 6.48069e-01 Validation accuracy: 6.44333e-01 Loss 1.09475e-02 Time taken: 2.39 seconds 
Epoch: 68/200 Train accuracy: 6.51988e-01 Validation accuracy: 6.43667e-01 Loss 1.09376e-02 Time taken: 2.39 seconds 
Epoch: 69/200 Train accuracy: 6.50420e-01 Validation accuracy: 6.42000e-01 Loss 1.09399e-02 Time taken: 2.24 seconds 
Epoch: 70/200 Train accuracy: 6.49494e-01 Validation accuracy: 6.49667e-01 Loss 1.09526e-02 Time taken: 2.43 seconds 
Epoch: 71/200 Train accuracy: 6.45646e-01 Validation accuracy: 6.48667e-01 Loss 1.09593e-02 Time taken: 2.23 seconds 
Epoch: 72/200 Train accuracy: 6.49779e-01 Validation accuracy: 6.46333e-01 Loss 1.09436e-02 Time taken: 2.21 seconds 
Epoch: 73/200 Train accuracy: 6.51917e-01 Validation accuracy: 6.46667e-01 Loss 1.09321e-02 Time taken: 2.34 seconds 
Epoch: 74/200 Train accuracy: 6.50135e-01 Validation accuracy: 6.41667e-01 Loss 1.09278e-02 Time taken: 2.36 seconds 
Epoch: 75/200 Train accuracy: 6.49067e-01 Validation accuracy: 6.48333e-01 Loss 1.09447e-02 Time taken: 2.61 seconds 
Epoch: 76/200 Train accuracy: 6.50278e-01 Validation accuracy: 6.38000e-01 Loss 1.09351e-02 Time taken: 2.54 seconds 
Epoch: 77/200 Train accuracy: 6.51347e-01 Validation accuracy: 6.48000e-01 Loss 1.09431e-02 Time taken: 2.09 seconds 
Epoch: 78/200 Train accuracy: 6.46288e-01 Validation accuracy: 6.43000e-01 Loss 1.09518e-02 Time taken: 2.23 seconds 
Epoch: 79/200 Train accuracy: 6.51846e-01 Validation accuracy: 6.45333e-01 Loss 1.09242e-02 Time taken: 2.37 seconds 
Epoch: 80/200 Train accuracy: 6.47641e-01 Validation accuracy: 6.47000e-01 Loss 1.09419e-02 Time taken: 2.16 seconds 
Epoch: 81/200 Train accuracy: 6.49352e-01 Validation accuracy: 6.45000e-01 Loss 1.09343e-02 Time taken: 2.29 seconds 
Epoch: 82/200 Train accuracy: 6.50634e-01 Validation accuracy: 6.46000e-01 Loss 1.09299e-02 Time taken: 2.27 seconds 
Epoch: 83/200 Train accuracy: 6.52986e-01 Validation accuracy: 6.48000e-01 Loss 1.09193e-02 Time taken: 2.26 seconds 
Epoch: 84/200 Train accuracy: 6.48924e-01 Validation accuracy: 6.48667e-01 Loss 1.09361e-02 Time taken: 2.22 seconds 
Epoch: 85/200 Train accuracy: 6.50705e-01 Validation accuracy: 6.55000e-01 Loss 1.09291e-02 Time taken: 2.12 seconds 
Epoch: 86/200 Train accuracy: 6.50135e-01 Validation accuracy: 6.54667e-01 Loss 1.09249e-02 Time taken: 2.03 seconds 
Epoch: 87/200 Train accuracy: 6.52772e-01 Validation accuracy: 6.53000e-01 Loss 1.09158e-02 Time taken: 2.35 seconds 
Epoch: 88/200 Train accuracy: 6.48354e-01 Validation accuracy: 6.52000e-01 Loss 1.09302e-02 Time taken: 2.19 seconds 
Epoch: 89/200 Train accuracy: 6.53484e-01 Validation accuracy: 6.41333e-01 Loss 1.09191e-02 Time taken: 2.49 seconds 
Epoch: 90/200 Train accuracy: 6.54553e-01 Validation accuracy: 6.49333e-01 Loss 1.09032e-02 Time taken: 2.24 seconds 
Epoch: 91/200 Train accuracy: 6.47428e-01 Validation accuracy: 6.52667e-01 Loss 1.09341e-02 Time taken: 2.20 seconds 
Epoch: 92/200 Train accuracy: 6.48710e-01 Validation accuracy: 6.46667e-01 Loss 1.09326e-02 Time taken: 2.21 seconds 
Epoch: 93/200 Train accuracy: 6.54981e-01 Validation accuracy: 6.49333e-01 Loss 1.09089e-02 Time taken: 2.46 seconds 
Epoch: 94/200 Train accuracy: 6.53769e-01 Validation accuracy: 6.46333e-01 Loss 1.09201e-02 Time taken: 2.33 seconds 
Epoch: 95/200 Train accuracy: 6.51988e-01 Validation accuracy: 6.48667e-01 Loss 1.09223e-02 Time taken: 2.56 seconds 
Epoch: 96/200 Train accuracy: 6.51062e-01 Validation accuracy: 6.47000e-01 Loss 1.09249e-02 Time taken: 2.07 seconds 
Epoch: 97/200 Train accuracy: 6.50563e-01 Validation accuracy: 6.46667e-01 Loss 1.09115e-02 Time taken: 2.10 seconds 
Epoch: 98/200 Train accuracy: 6.48995e-01 Validation accuracy: 6.48333e-01 Loss 1.09268e-02 Time taken: 2.07 seconds 
Epoch: 99/200 Train accuracy: 6.52986e-01 Validation accuracy: 6.51000e-01 Loss 1.09060e-02 Time taken: 2.29 seconds 
Epoch: 100/200 Train accuracy: 6.54411e-01 Validation accuracy: 6.51000e-01 Loss 1.08987e-02 Time taken: 2.27 seconds 
Epoch: 101/200 Train accuracy: 6.54339e-01 Validation accuracy: 6.46667e-01 Loss 1.08965e-02 Time taken: 2.28 seconds 
Epoch: 102/200 Train accuracy: 6.52558e-01 Validation accuracy: 6.48333e-01 Loss 1.09095e-02 Time taken: 2.16 seconds 
Epoch: 103/200 Train accuracy: 6.52487e-01 Validation accuracy: 6.43333e-01 Loss 1.08937e-02 Time taken: 1.99 seconds 
Epoch: 104/200 Train accuracy: 6.54482e-01 Validation accuracy: 6.53667e-01 Loss 1.09086e-02 Time taken: 2.13 seconds 
Epoch: 105/200 Train accuracy: 6.53841e-01 Validation accuracy: 6.57000e-01 Loss 1.09020e-02 Time taken: 2.15 seconds 
Epoch: 106/200 Train accuracy: 6.54624e-01 Validation accuracy: 6.49667e-01 Loss 1.08936e-02 Time taken: 2.17 seconds 
Epoch: 107/200 Train accuracy: 6.50135e-01 Validation accuracy: 6.50667e-01 Loss 1.09167e-02 Time taken: 2.22 seconds 
Epoch: 108/200 Train accuracy: 6.49352e-01 Validation accuracy: 6.47333e-01 Loss 1.09219e-02 Time taken: 2.65 seconds 
Epoch: 109/200 Train accuracy: 6.49779e-01 Validation accuracy: 6.49000e-01 Loss 1.09133e-02 Time taken: 2.31 seconds 
Epoch: 110/200 Train accuracy: 6.53128e-01 Validation accuracy: 6.52667e-01 Loss 1.09013e-02 Time taken: 2.27 seconds 
Epoch: 111/200 Train accuracy: 6.54339e-01 Validation accuracy: 6.51333e-01 Loss 1.08898e-02 Time taken: 2.42 seconds 
Epoch: 112/200 Train accuracy: 6.51917e-01 Validation accuracy: 6.48000e-01 Loss 1.09140e-02 Time taken: 2.23 seconds 
Epoch: 113/200 Train accuracy: 6.52558e-01 Validation accuracy: 6.51000e-01 Loss 1.09025e-02 Time taken: 2.39 seconds 
Epoch: 114/200 Train accuracy: 6.55408e-01 Validation accuracy: 6.52000e-01 Loss 1.08947e-02 Time taken: 2.20 seconds 
Epoch: 115/200 Train accuracy: 6.55195e-01 Validation accuracy: 6.46000e-01 Loss 1.08861e-02 Time taken: 2.41 seconds 
Epoch: 116/200 Train accuracy: 6.54411e-01 Validation accuracy: 6.33333e-01 Loss 1.08890e-02 Time taken: 2.45 seconds 
Epoch: 117/200 Train accuracy: 6.53342e-01 Validation accuracy: 6.49333e-01 Loss 1.08944e-02 Time taken: 2.15 seconds 
Epoch: 118/200 Train accuracy: 6.53627e-01 Validation accuracy: 6.49000e-01 Loss 1.09003e-02 Time taken: 2.39 seconds 
Epoch: 119/200 Train accuracy: 6.55195e-01 Validation accuracy: 6.46000e-01 Loss 1.08877e-02 Time taken: 2.33 seconds 
Epoch: 120/200 Train accuracy: 6.52914e-01 Validation accuracy: 6.49667e-01 Loss 1.09037e-02 Time taken: 2.17 seconds 
Epoch: 121/200 Train accuracy: 6.54696e-01 Validation accuracy: 6.54000e-01 Loss 1.08976e-02 Time taken: 2.15 seconds 
Epoch: 122/200 Train accuracy: 6.54411e-01 Validation accuracy: 6.52000e-01 Loss 1.08904e-02 Time taken: 2.40 seconds 
Epoch: 123/200 Train accuracy: 6.54838e-01 Validation accuracy: 6.54667e-01 Loss 1.08874e-02 Time taken: 2.15 seconds 
Epoch: 124/200 Train accuracy: 6.54553e-01 Validation accuracy: 6.52667e-01 Loss 1.08927e-02 Time taken: 2.38 seconds 
Epoch: 125/200 Train accuracy: 6.56192e-01 Validation accuracy: 6.52667e-01 Loss 1.08891e-02 Time taken: 2.08 seconds 
Epoch: 126/200 Train accuracy: 6.56050e-01 Validation accuracy: 6.52000e-01 Loss 1.08813e-02 Time taken: 2.50 seconds 
Epoch: 127/200 Train accuracy: 6.53912e-01 Validation accuracy: 6.49333e-01 Loss 1.08813e-02 Time taken: 2.32 seconds 
Epoch: 128/200 Train accuracy: 6.59897e-01 Validation accuracy: 6.48000e-01 Loss 1.08684e-02 Time taken: 2.09 seconds 
Epoch: 129/200 Train accuracy: 6.55622e-01 Validation accuracy: 6.50333e-01 Loss 1.08861e-02 Time taken: 2.51 seconds 
Epoch: 130/200 Train accuracy: 6.52202e-01 Validation accuracy: 6.57333e-01 Loss 1.08999e-02 Time taken: 2.08 seconds 
Epoch: 131/200 Train accuracy: 6.60254e-01 Validation accuracy: 6.52333e-01 Loss 1.08609e-02 Time taken: 2.70 seconds 
Epoch: 132/200 Train accuracy: 6.53271e-01 Validation accuracy: 6.52667e-01 Loss 1.09083e-02 Time taken: 2.40 seconds 
Epoch: 133/200 Train accuracy: 6.53983e-01 Validation accuracy: 6.47000e-01 Loss 1.08933e-02 Time taken: 2.12 seconds 
Epoch: 134/200 Train accuracy: 6.57047e-01 Validation accuracy: 6.51667e-01 Loss 1.08699e-02 Time taken: 2.24 seconds 
Epoch: 135/200 Train accuracy: 6.55337e-01 Validation accuracy: 6.53333e-01 Loss 1.08832e-02 Time taken: 2.34 seconds 
Epoch: 136/200 Train accuracy: 6.55337e-01 Validation accuracy: 6.51000e-01 Loss 1.08863e-02 Time taken: 2.25 seconds 
Epoch: 137/200 Train accuracy: 6.55693e-01 Validation accuracy: 6.53000e-01 Loss 1.08824e-02 Time taken: 2.47 seconds 
Epoch: 138/200 Train accuracy: 6.51846e-01 Validation accuracy: 6.52667e-01 Loss 1.08832e-02 Time taken: 2.58 seconds 
Epoch: 139/200 Train accuracy: 6.58686e-01 Validation accuracy: 6.48333e-01 Loss 1.08682e-02 Time taken: 2.96 seconds 
Epoch: 140/200 Train accuracy: 6.58544e-01 Validation accuracy: 6.45000e-01 Loss 1.08648e-02 Time taken: 2.50 seconds 
Epoch: 141/200 Train accuracy: 6.51703e-01 Validation accuracy: 6.56000e-01 Loss 1.08974e-02 Time taken: 2.35 seconds 
Epoch: 142/200 Train accuracy: 6.52772e-01 Validation accuracy: 6.57667e-01 Loss 1.08879e-02 Time taken: 2.11 seconds 
Epoch: 143/200 Train accuracy: 6.57475e-01 Validation accuracy: 6.47333e-01 Loss 1.08705e-02 Time taken: 2.10 seconds 
Epoch: 144/200 Train accuracy: 6.56406e-01 Validation accuracy: 6.49667e-01 Loss 1.08861e-02 Time taken: 2.17 seconds 
Epoch: 145/200 Train accuracy: 6.53484e-01 Validation accuracy: 6.54333e-01 Loss 1.08968e-02 Time taken: 2.31 seconds 
Epoch: 146/200 Train accuracy: 6.56762e-01 Validation accuracy: 6.47667e-01 Loss 1.08802e-02 Time taken: 2.36 seconds 
Epoch: 147/200 Train accuracy: 6.55978e-01 Validation accuracy: 6.56667e-01 Loss 1.08731e-02 Time taken: 2.20 seconds 
Epoch: 148/200 Train accuracy: 6.53413e-01 Validation accuracy: 6.55333e-01 Loss 1.08930e-02 Time taken: 2.42 seconds 
Epoch: 149/200 Train accuracy: 6.60111e-01 Validation accuracy: 6.53000e-01 Loss 1.08678e-02 Time taken: 2.36 seconds 
Epoch: 150/200 Train accuracy: 6.57902e-01 Validation accuracy: 6.53000e-01 Loss 1.08670e-02 Time taken: 2.15 seconds 
Epoch: 151/200 Train accuracy: 6.56335e-01 Validation accuracy: 6.46667e-01 Loss 1.08708e-02 Time taken: 2.28 seconds 
Epoch: 152/200 Train accuracy: 6.55195e-01 Validation accuracy: 6.49000e-01 Loss 1.08804e-02 Time taken: 2.10 seconds 
Epoch: 153/200 Train accuracy: 6.55693e-01 Validation accuracy: 6.47333e-01 Loss 1.08686e-02 Time taken: 2.30 seconds 
Epoch: 154/200 Train accuracy: 6.55123e-01 Validation accuracy: 6.51667e-01 Loss 1.08757e-02 Time taken: 2.27 seconds 
Epoch: 155/200 Train accuracy: 6.54197e-01 Validation accuracy: 6.45667e-01 Loss 1.08897e-02 Time taken: 2.28 seconds 
Epoch: 156/200 Train accuracy: 6.55978e-01 Validation accuracy: 6.51333e-01 Loss 1.08653e-02 Time taken: 2.15 seconds 
Epoch: 157/200 Train accuracy: 6.56762e-01 Validation accuracy: 6.51333e-01 Loss 1.08726e-02 Time taken: 2.44 seconds 
Epoch: 158/200 Train accuracy: 6.57118e-01 Validation accuracy: 6.55667e-01 Loss 1.08803e-02 Time taken: 2.31 seconds 
Epoch: 159/200 Train accuracy: 6.52914e-01 Validation accuracy: 6.52333e-01 Loss 1.08963e-02 Time taken: 2.23 seconds 
Epoch: 160/200 Train accuracy: 6.58116e-01 Validation accuracy: 6.44667e-01 Loss 1.08501e-02 Time taken: 2.40 seconds 
Epoch: 161/200 Train accuracy: 6.54767e-01 Validation accuracy: 6.55000e-01 Loss 1.08849e-02 Time taken: 2.47 seconds 
Epoch: 162/200 Train accuracy: 6.52344e-01 Validation accuracy: 6.54000e-01 Loss 1.08777e-02 Time taken: 2.08 seconds 
Epoch: 163/200 Train accuracy: 6.53413e-01 Validation accuracy: 6.48000e-01 Loss 1.08841e-02 Time taken: 2.13 seconds 
Epoch: 164/200 Train accuracy: 6.55907e-01 Validation accuracy: 6.53000e-01 Loss 1.08693e-02 Time taken: 2.10 seconds 
Epoch: 165/200 Train accuracy: 6.55551e-01 Validation accuracy: 6.58333e-01 Loss 1.08781e-02 Time taken: 2.08 seconds 
Epoch: 166/200 Train accuracy: 6.57261e-01 Validation accuracy: 6.58333e-01 Loss 1.08749e-02 Time taken: 2.20 seconds 
Epoch: 167/200 Train accuracy: 6.53342e-01 Validation accuracy: 6.48667e-01 Loss 1.08847e-02 Time taken: 2.13 seconds 
Epoch: 168/200 Train accuracy: 6.55480e-01 Validation accuracy: 6.48667e-01 Loss 1.08752e-02 Time taken: 2.08 seconds 
Epoch: 169/200 Train accuracy: 6.55978e-01 Validation accuracy: 6.54000e-01 Loss 1.08817e-02 Time taken: 2.07 seconds 
Epoch: 170/200 Train accuracy: 6.59897e-01 Validation accuracy: 6.50000e-01 Loss 1.08532e-02 Time taken: 2.22 seconds 
Epoch: 171/200 Train accuracy: 6.54910e-01 Validation accuracy: 6.52667e-01 Loss 1.08651e-02 Time taken: 2.19 seconds 
Epoch: 172/200 Train accuracy: 6.58544e-01 Validation accuracy: 6.56667e-01 Loss 1.08693e-02 Time taken: 2.47 seconds 
Epoch: 173/200 Train accuracy: 6.50278e-01 Validation accuracy: 6.54333e-01 Loss 1.08910e-02 Time taken: 2.21 seconds 
Epoch: 174/200 Train accuracy: 6.57831e-01 Validation accuracy: 6.48333e-01 Loss 1.08540e-02 Time taken: 2.28 seconds 
Epoch: 175/200 Train accuracy: 6.55123e-01 Validation accuracy: 6.56667e-01 Loss 1.08834e-02 Time taken: 2.13 seconds 
Epoch: 176/200 Train accuracy: 6.56121e-01 Validation accuracy: 6.51000e-01 Loss 1.08793e-02 Time taken: 2.37 seconds 
Epoch: 177/200 Train accuracy: 6.53271e-01 Validation accuracy: 6.57667e-01 Loss 1.08690e-02 Time taken: 2.24 seconds 
Epoch: 178/200 Train accuracy: 6.56620e-01 Validation accuracy: 6.50667e-01 Loss 1.08632e-02 Time taken: 2.38 seconds 
Epoch: 179/200 Train accuracy: 6.60610e-01 Validation accuracy: 6.57000e-01 Loss 1.08527e-02 Time taken: 2.22 seconds 
Epoch: 180/200 Train accuracy: 6.54268e-01 Validation accuracy: 6.46667e-01 Loss 1.08775e-02 Time taken: 2.21 seconds 
Epoch: 181/200 Train accuracy: 6.56762e-01 Validation accuracy: 6.57667e-01 Loss 1.08682e-02 Time taken: 2.22 seconds 
Epoch: 182/200 Train accuracy: 6.53128e-01 Validation accuracy: 6.54667e-01 Loss 1.08759e-02 Time taken: 2.20 seconds 
Epoch: 183/200 Train accuracy: 6.54411e-01 Validation accuracy: 6.58667e-01 Loss 1.08773e-02 Time taken: 2.34 seconds 
Epoch: 184/200 Train accuracy: 6.60111e-01 Validation accuracy: 6.54000e-01 Loss 1.08463e-02 Time taken: 2.46 seconds 
Epoch: 185/200 Train accuracy: 6.54838e-01 Validation accuracy: 6.56667e-01 Loss 1.08771e-02 Time taken: 2.30 seconds 
Epoch: 186/200 Train accuracy: 6.54624e-01 Validation accuracy: 6.52000e-01 Loss 1.08820e-02 Time taken: 2.23 seconds 
Epoch: 187/200 Train accuracy: 6.53271e-01 Validation accuracy: 6.58000e-01 Loss 1.08640e-02 Time taken: 2.28 seconds 
Epoch: 188/200 Train accuracy: 6.57546e-01 Validation accuracy: 6.53333e-01 Loss 1.08640e-02 Time taken: 2.32 seconds 
Epoch: 189/200 Train accuracy: 6.61037e-01 Validation accuracy: 6.50667e-01 Loss 1.08482e-02 Time taken: 2.14 seconds 
Epoch: 190/200 Train accuracy: 6.53841e-01 Validation accuracy: 6.58667e-01 Loss 1.08696e-02 Time taken: 2.31 seconds 
Epoch: 191/200 Train accuracy: 6.56905e-01 Validation accuracy: 6.50000e-01 Loss 1.08597e-02 Time taken: 2.07 seconds 
Epoch: 192/200 Train accuracy: 6.57688e-01 Validation accuracy: 6.51667e-01 Loss 1.08611e-02 Time taken: 2.10 seconds 
Epoch: 193/200 Train accuracy: 6.56335e-01 Validation accuracy: 6.60333e-01 Loss 1.08692e-02 Time taken: 2.11 seconds 
Epoch: 194/200 Train accuracy: 6.58544e-01 Validation accuracy: 6.51333e-01 Loss 1.08553e-02 Time taken: 2.08 seconds 
Epoch: 195/200 Train accuracy: 6.56192e-01 Validation accuracy: 6.51667e-01 Loss 1.08636e-02 Time taken: 1.99 seconds 
Epoch: 196/200 Train accuracy: 6.58615e-01 Validation accuracy: 6.52333e-01 Loss 1.08498e-02 Time taken: 2.00 seconds 
Epoch: 197/200 Train accuracy: 6.58829e-01 Validation accuracy: 6.55667e-01 Loss 1.08380e-02 Time taken: 1.97 seconds 
Epoch: 198/200 Train accuracy: 6.55551e-01 Validation accuracy: 6.49000e-01 Loss 1.08691e-02 Time taken: 2.19 seconds 
Epoch: 199/200 Train accuracy: 6.57617e-01 Validation accuracy: 6.43333e-01 Loss 1.08581e-02 Time taken: 2.15 seconds 
Epoch: 200/200 Train accuracy: 6.59399e-01 Validation accuracy: 6.52667e-01 Loss 1.08575e-02 Time taken: 2.17 seconds 
Total time taken 0:07:23.274167
Cleaning up intermediate feature (.pt) files
Done


working on file logs_PKT_full/iic-train-PKT-seed15/jepa-iic-PKT-ep500.pth.tar ...
