nohup: ignoring input
INFO:root:called-params configs/iic-eval.yaml
INFO:root:loaded params...
{   'data': {   'batch_size': 64,
                'color_jitter_strength': 0.0,
                'crop_scale': [0.3, 1.0],
                'crop_size': 150,
                'image_folder': 'intel-image-classification/',
                'num_workers': 0,
                'pin_mem': True,
                'root_path': 'datasets',
                'use_color_distortion': False,
                'use_gaussian_blur': False,
                'use_horizontal_flip': False},
    'logging': {   'checkpoint_freq': 100,
                   'folder': 'logs_PKT/iic-train-PKT-seed-10',
                   'logging_frequency': 1,
                   'output_file': 'oiic-evaluate-PKT-maxvar100-matrices.out',
                   'plot_matrices': False,
                   'tensorboard_dir': 'eval_tb/',
                   'use_tensorboard': True,
                   'write_tag': 'jepa_iic_PKT_seed-0-ep____.pth.tar'},
    'mask': {   'allow_overlap': False,
                'aspect_ratio': [0.75, 1.5],
                'enc_mask_scale': [0.85, 1.0],
                'min_keep': 1,
                'num_enc_masks': 1,
                'num_pred_masks': 4,
                'patch_size': 15,
                'pred_mask_scale': [0.15, 0.2]},
    'meta': {   'copy_data': False,
                'load_checkpoint': True,
                'model_name': 'vit_base',
                'pred_depth': 12,
                'pred_emb_dim': 384,
                'read_checkpoint': 'jepa_iic_PKT',
                'use_bfloat16': False},
    'optimization': {   'ema': [0.996, 1.0],
                        'epochs': 500,
                        'evaluate': True,
                        'final_lr': 1e-06,
                        'final_weight_decay': 0.4,
                        'ipe_scale': 1.0,
                        'loss_function': 'PKT',
                        'lr': 0.001,
                        'start_lr': 0.0002,
                        'warmup': 40,
                        'weight_decay': 0.04}}
INFO:root:Running... (rank: 0/1)
CRITICAL:root:EVALUATING
INFO:root:tarfiles: ['logs_PKT/iic-train-PKT-seed-10/jepa_iic_PKT-ep400.pth.tar', 'logs_PKT/iic-train-PKT-seed-10/jepa_iic_PKT-ep300.pth.tar', 'logs_PKT/iic-train-PKT-seed-10/jepa_iic_PKT-ep100.pth.tar', 'logs_PKT/iic-train-PKT-seed-10/jepa_iic_PKT-ep200.pth.tar', 'logs_PKT/iic-train-PKT-seed-10/jepa_iic_PKT-ep500.pth.tar']
INFO:root:working on file logs_PKT/iic-train-PKT-seed-10/jepa_iic_PKT-ep100.pth.tar out of ['logs_PKT/iic-train-PKT-seed-10/jepa_iic_PKT-ep400.pth.tar', 'logs_PKT/iic-train-PKT-seed-10/jepa_iic_PKT-ep300.pth.tar', 'logs_PKT/iic-train-PKT-seed-10/jepa_iic_PKT-ep100.pth.tar', 'logs_PKT/iic-train-PKT-seed-10/jepa_iic_PKT-ep200.pth.tar', 'logs_PKT/iic-train-PKT-seed-10/jepa_iic_PKT-ep500.pth.tar']...
INFO:root:Initialized (rank/world-size) 0/1
INFO:root:train.py: _GLOBAL_SEED=0
INFO:root:VisionTransformer(
  (patch_embed): PatchEmbed(
    (proj): Conv2d(3, 768, kernel_size=(15, 15), stride=(15, 15))
  )
  (blocks): ModuleList(
    (0-11): 12 x Block(
      (norm1): LayerNorm((768,), eps=1e-06, elementwise_affine=True)
      (attn): Attention(
        (qkv): Linear(in_features=768, out_features=2304, bias=True)
        (attn_drop): Dropout(p=0.0, inplace=False)
        (proj): Linear(in_features=768, out_features=768, bias=True)
        (proj_drop): Dropout(p=0.0, inplace=False)
      )
      (drop_path): Identity()
      (norm2): LayerNorm((768,), eps=1e-06, elementwise_affine=True)
      (mlp): MLP(
        (fc1): Linear(in_features=768, out_features=3072, bias=True)
        (act): GELU(approximate='none')
        (fc2): Linear(in_features=3072, out_features=768, bias=True)
        (drop): Dropout(p=0.0, inplace=False)
      )
    )
  )
  (norm): LayerNorm((768,), eps=1e-06, elementwise_affine=True)
)
INFO:root:making imagenet data transforms
INFO:root:data-path datasets/intel-image-classification/train/
INFO:root:Initialized ImageNet
INFO:root:ImageNet dataset created
INFO:root:ImageNet unsupervised data loader created
INFO:root:Using AdamW
INFO:root:loaded pretrained encoder from epoch 99 with msg: <All keys matched successfully>
INFO:root:loaded pretrained encoder from epoch 99 with msg: <All keys matched successfully>
['encoder', 'predictor', 'target_encoder', 'opt', 'scaler', 'epoch', 'loss', 'batch_size', 'world_size', 'lr']
INFO:root:loaded pretrained encoder from epoch 99 with msg: <All keys matched successfully>
INFO:root:loaded optimizers from epoch 99
INFO:root:read-path: logs_PKT/iic-train-PKT-seed-10/jepa_iic_PKT-ep100.pth.tar
INFO:root:Starting
INFO:root:Iteration: 0
CRITICAL:root:x, in ViT has shape: torch.Size([64, 100, 768])
CRITICAL:root:x, in ViT has shape: torch.Size([64, 100, 768])
CRITICAL:root:x, in ViT has shape: torch.Size([64, 100, 768])
CRITICAL:root:x, in ViT has shape: torch.Size([64, 100, 768])
CRITICAL:root:x, in ViT has shape: torch.Size([64, 100, 768])
CRITICAL:root:x, in ViT has shape: torch.Size([64, 100, 768])
CRITICAL:root:x, in ViT has shape: torch.Size([64, 100, 768])
CRITICAL:root:x, in ViT has shape: torch.Size([64, 100, 768])
CRITICAL:root:x, in ViT has shape: torch.Size([64, 100, 768])
CRITICAL:root:x, in ViT has shape: torch.Size([64, 100, 768])
CRITICAL:root:x, in ViT has shape: torch.Size([64, 100, 768])
CRITICAL:root:x, in ViT has shape: torch.Size([64, 100, 768])
CRITICAL:root:x, in ViT has shape: torch.Size([64, 23, 768])
CRITICAL:root:x, in ViT has shape: torch.Size([64, 23, 768])
CRITICAL:root:x, in ViT has shape: torch.Size([64, 23, 768])
CRITICAL:root:x, in ViT has shape: torch.Size([64, 23, 768])
CRITICAL:root:x, in ViT has shape: torch.Size([64, 23, 768])
CRITICAL:root:x, in ViT has shape: torch.Size([64, 23, 768])
CRITICAL:root:x, in ViT has shape: torch.Size([64, 23, 768])
CRITICAL:root:x, in ViT has shape: torch.Size([64, 23, 768])
CRITICAL:root:x, in ViT has shape: torch.Size([64, 23, 768])
CRITICAL:root:x, in ViT has shape: torch.Size([64, 23, 768])
CRITICAL:root:x, in ViT has shape: torch.Size([64, 23, 768])
CRITICAL:root:x, in ViT has shape: torch.Size([64, 23, 768])
INFO:root:torch.Size([64, 4, 16, 768])
INFO:root:torch.Size([4, 16, 768])
INFO:root:Iteration: 1
INFO:root:time taken for epoch 0:01:37.062122
INFO:root:Total pretraining time 0:01:37.062232
INFO:root:working on file logs_PKT/iic-train-PKT-seed-10/jepa_iic_PKT-ep200.pth.tar out of ['logs_PKT/iic-train-PKT-seed-10/jepa_iic_PKT-ep400.pth.tar', 'logs_PKT/iic-train-PKT-seed-10/jepa_iic_PKT-ep300.pth.tar', 'logs_PKT/iic-train-PKT-seed-10/jepa_iic_PKT-ep100.pth.tar', 'logs_PKT/iic-train-PKT-seed-10/jepa_iic_PKT-ep200.pth.tar', 'logs_PKT/iic-train-PKT-seed-10/jepa_iic_PKT-ep500.pth.tar']...
INFO:root:Initialized (rank/world-size) 0/1
INFO:root:train.py: _GLOBAL_SEED=0
INFO:root:VisionTransformer(
  (patch_embed): PatchEmbed(
    (proj): Conv2d(3, 768, kernel_size=(15, 15), stride=(15, 15))
  )
  (blocks): ModuleList(
    (0-11): 12 x Block(
      (norm1): LayerNorm((768,), eps=1e-06, elementwise_affine=True)
      (attn): Attention(
        (qkv): Linear(in_features=768, out_features=2304, bias=True)
        (attn_drop): Dropout(p=0.0, inplace=False)
        (proj): Linear(in_features=768, out_features=768, bias=True)
        (proj_drop): Dropout(p=0.0, inplace=False)
      )
      (drop_path): Identity()
      (norm2): LayerNorm((768,), eps=1e-06, elementwise_affine=True)
      (mlp): MLP(
        (fc1): Linear(in_features=768, out_features=3072, bias=True)
        (act): GELU(approximate='none')
        (fc2): Linear(in_features=3072, out_features=768, bias=True)
        (drop): Dropout(p=0.0, inplace=False)
      )
    )
  )
  (norm): LayerNorm((768,), eps=1e-06, elementwise_affine=True)
)
INFO:root:making imagenet data transforms
INFO:root:data-path datasets/intel-image-classification/train/
INFO:root:Initialized ImageNet
INFO:root:ImageNet dataset created
INFO:root:ImageNet unsupervised data loader created
INFO:root:Using AdamW
INFO:root:loaded pretrained encoder from epoch 199 with msg: <All keys matched successfully>
INFO:root:loaded pretrained encoder from epoch 199 with msg: <All keys matched successfully>
['encoder', 'predictor', 'target_encoder', 'opt', 'scaler', 'epoch', 'loss', 'batch_size', 'world_size', 'lr']
INFO:root:loaded pretrained encoder from epoch 199 with msg: <All keys matched successfully>
INFO:root:loaded optimizers from epoch 199
INFO:root:read-path: logs_PKT/iic-train-PKT-seed-10/jepa_iic_PKT-ep200.pth.tar
INFO:root:Starting
INFO:root:Iteration: 0
CRITICAL:root:x, in ViT has shape: torch.Size([64, 100, 768])
CRITICAL:root:x, in ViT has shape: torch.Size([64, 100, 768])
CRITICAL:root:x, in ViT has shape: torch.Size([64, 100, 768])
CRITICAL:root:x, in ViT has shape: torch.Size([64, 100, 768])
CRITICAL:root:x, in ViT has shape: torch.Size([64, 100, 768])
CRITICAL:root:x, in ViT has shape: torch.Size([64, 100, 768])
CRITICAL:root:x, in ViT has shape: torch.Size([64, 100, 768])
CRITICAL:root:x, in ViT has shape: torch.Size([64, 100, 768])
CRITICAL:root:x, in ViT has shape: torch.Size([64, 100, 768])
CRITICAL:root:x, in ViT has shape: torch.Size([64, 100, 768])
CRITICAL:root:x, in ViT has shape: torch.Size([64, 100, 768])
CRITICAL:root:x, in ViT has shape: torch.Size([64, 100, 768])
CRITICAL:root:x, in ViT has shape: torch.Size([64, 18, 768])
CRITICAL:root:x, in ViT has shape: torch.Size([64, 18, 768])
CRITICAL:root:x, in ViT has shape: torch.Size([64, 18, 768])
CRITICAL:root:x, in ViT has shape: torch.Size([64, 18, 768])
CRITICAL:root:x, in ViT has shape: torch.Size([64, 18, 768])
CRITICAL:root:x, in ViT has shape: torch.Size([64, 18, 768])
CRITICAL:root:x, in ViT has shape: torch.Size([64, 18, 768])
CRITICAL:root:x, in ViT has shape: torch.Size([64, 18, 768])
CRITICAL:root:x, in ViT has shape: torch.Size([64, 18, 768])
CRITICAL:root:x, in ViT has shape: torch.Size([64, 18, 768])
CRITICAL:root:x, in ViT has shape: torch.Size([64, 18, 768])
CRITICAL:root:x, in ViT has shape: torch.Size([64, 18, 768])
INFO:root:torch.Size([64, 4, 20, 768])
INFO:root:torch.Size([4, 20, 768])
INFO:root:Iteration: 1
INFO:root:time taken for epoch 0:01:35.663670
INFO:root:Total pretraining time 0:01:35.663786
INFO:root:working on file logs_PKT/iic-train-PKT-seed-10/jepa_iic_PKT-ep300.pth.tar out of ['logs_PKT/iic-train-PKT-seed-10/jepa_iic_PKT-ep400.pth.tar', 'logs_PKT/iic-train-PKT-seed-10/jepa_iic_PKT-ep300.pth.tar', 'logs_PKT/iic-train-PKT-seed-10/jepa_iic_PKT-ep100.pth.tar', 'logs_PKT/iic-train-PKT-seed-10/jepa_iic_PKT-ep200.pth.tar', 'logs_PKT/iic-train-PKT-seed-10/jepa_iic_PKT-ep500.pth.tar']...
INFO:root:Initialized (rank/world-size) 0/1
INFO:root:train.py: _GLOBAL_SEED=0
INFO:root:VisionTransformer(
  (patch_embed): PatchEmbed(
    (proj): Conv2d(3, 768, kernel_size=(15, 15), stride=(15, 15))
  )
  (blocks): ModuleList(
    (0-11): 12 x Block(
      (norm1): LayerNorm((768,), eps=1e-06, elementwise_affine=True)
      (attn): Attention(
        (qkv): Linear(in_features=768, out_features=2304, bias=True)
        (attn_drop): Dropout(p=0.0, inplace=False)
        (proj): Linear(in_features=768, out_features=768, bias=True)
        (proj_drop): Dropout(p=0.0, inplace=False)
      )
      (drop_path): Identity()
      (norm2): LayerNorm((768,), eps=1e-06, elementwise_affine=True)
      (mlp): MLP(
        (fc1): Linear(in_features=768, out_features=3072, bias=True)
        (act): GELU(approximate='none')
        (fc2): Linear(in_features=3072, out_features=768, bias=True)
        (drop): Dropout(p=0.0, inplace=False)
      )
    )
  )
  (norm): LayerNorm((768,), eps=1e-06, elementwise_affine=True)
)
INFO:root:making imagenet data transforms
INFO:root:data-path datasets/intel-image-classification/train/
INFO:root:Initialized ImageNet
INFO:root:ImageNet dataset created
INFO:root:ImageNet unsupervised data loader created
INFO:root:Using AdamW
INFO:root:loaded pretrained encoder from epoch 299 with msg: <All keys matched successfully>
INFO:root:loaded pretrained encoder from epoch 299 with msg: <All keys matched successfully>
['encoder', 'predictor', 'target_encoder', 'opt', 'scaler', 'epoch', 'loss', 'batch_size', 'world_size', 'lr']
INFO:root:loaded pretrained encoder from epoch 299 with msg: <All keys matched successfully>
INFO:root:loaded optimizers from epoch 299
INFO:root:read-path: logs_PKT/iic-train-PKT-seed-10/jepa_iic_PKT-ep300.pth.tar
INFO:root:Starting
INFO:root:Iteration: 0
CRITICAL:root:x, in ViT has shape: torch.Size([64, 100, 768])
CRITICAL:root:x, in ViT has shape: torch.Size([64, 100, 768])
CRITICAL:root:x, in ViT has shape: torch.Size([64, 100, 768])
CRITICAL:root:x, in ViT has shape: torch.Size([64, 100, 768])
CRITICAL:root:x, in ViT has shape: torch.Size([64, 100, 768])
CRITICAL:root:x, in ViT has shape: torch.Size([64, 100, 768])
CRITICAL:root:x, in ViT has shape: torch.Size([64, 100, 768])
CRITICAL:root:x, in ViT has shape: torch.Size([64, 100, 768])
CRITICAL:root:x, in ViT has shape: torch.Size([64, 100, 768])
CRITICAL:root:x, in ViT has shape: torch.Size([64, 100, 768])
CRITICAL:root:x, in ViT has shape: torch.Size([64, 100, 768])
CRITICAL:root:x, in ViT has shape: torch.Size([64, 100, 768])
CRITICAL:root:x, in ViT has shape: torch.Size([64, 23, 768])
CRITICAL:root:x, in ViT has shape: torch.Size([64, 23, 768])
CRITICAL:root:x, in ViT has shape: torch.Size([64, 23, 768])
CRITICAL:root:x, in ViT has shape: torch.Size([64, 23, 768])
CRITICAL:root:x, in ViT has shape: torch.Size([64, 23, 768])
CRITICAL:root:x, in ViT has shape: torch.Size([64, 23, 768])
CRITICAL:root:x, in ViT has shape: torch.Size([64, 23, 768])
CRITICAL:root:x, in ViT has shape: torch.Size([64, 23, 768])
CRITICAL:root:x, in ViT has shape: torch.Size([64, 23, 768])
CRITICAL:root:x, in ViT has shape: torch.Size([64, 23, 768])
CRITICAL:root:x, in ViT has shape: torch.Size([64, 23, 768])
CRITICAL:root:x, in ViT has shape: torch.Size([64, 23, 768])
INFO:root:torch.Size([64, 4, 16, 768])
INFO:root:torch.Size([4, 16, 768])
INFO:root:Iteration: 1
INFO:root:time taken for epoch 0:01:37.069510
INFO:root:Total pretraining time 0:01:37.069627
INFO:root:working on file logs_PKT/iic-train-PKT-seed-10/jepa_iic_PKT-ep400.pth.tar out of ['logs_PKT/iic-train-PKT-seed-10/jepa_iic_PKT-ep400.pth.tar', 'logs_PKT/iic-train-PKT-seed-10/jepa_iic_PKT-ep300.pth.tar', 'logs_PKT/iic-train-PKT-seed-10/jepa_iic_PKT-ep100.pth.tar', 'logs_PKT/iic-train-PKT-seed-10/jepa_iic_PKT-ep200.pth.tar', 'logs_PKT/iic-train-PKT-seed-10/jepa_iic_PKT-ep500.pth.tar']...
INFO:root:Initialized (rank/world-size) 0/1
INFO:root:train.py: _GLOBAL_SEED=0
INFO:root:VisionTransformer(
  (patch_embed): PatchEmbed(
    (proj): Conv2d(3, 768, kernel_size=(15, 15), stride=(15, 15))
  )
  (blocks): ModuleList(
    (0-11): 12 x Block(
      (norm1): LayerNorm((768,), eps=1e-06, elementwise_affine=True)
      (attn): Attention(
        (qkv): Linear(in_features=768, out_features=2304, bias=True)
        (attn_drop): Dropout(p=0.0, inplace=False)
        (proj): Linear(in_features=768, out_features=768, bias=True)
        (proj_drop): Dropout(p=0.0, inplace=False)
      )
      (drop_path): Identity()
      (norm2): LayerNorm((768,), eps=1e-06, elementwise_affine=True)
      (mlp): MLP(
        (fc1): Linear(in_features=768, out_features=3072, bias=True)
        (act): GELU(approximate='none')
        (fc2): Linear(in_features=3072, out_features=768, bias=True)
        (drop): Dropout(p=0.0, inplace=False)
      )
    )
  )
  (norm): LayerNorm((768,), eps=1e-06, elementwise_affine=True)
)
INFO:root:making imagenet data transforms
INFO:root:data-path datasets/intel-image-classification/train/
INFO:root:Initialized ImageNet
INFO:root:ImageNet dataset created
INFO:root:ImageNet unsupervised data loader created
INFO:root:Using AdamW
INFO:root:loaded pretrained encoder from epoch 399 with msg: <All keys matched successfully>
INFO:root:loaded pretrained encoder from epoch 399 with msg: <All keys matched successfully>
['encoder', 'predictor', 'target_encoder', 'opt', 'scaler', 'epoch', 'loss', 'batch_size', 'world_size', 'lr']
INFO:root:loaded pretrained encoder from epoch 399 with msg: <All keys matched successfully>
INFO:root:loaded optimizers from epoch 399
INFO:root:read-path: logs_PKT/iic-train-PKT-seed-10/jepa_iic_PKT-ep400.pth.tar
INFO:root:Starting
INFO:root:Iteration: 0
CRITICAL:root:x, in ViT has shape: torch.Size([64, 100, 768])
CRITICAL:root:x, in ViT has shape: torch.Size([64, 100, 768])
CRITICAL:root:x, in ViT has shape: torch.Size([64, 100, 768])
CRITICAL:root:x, in ViT has shape: torch.Size([64, 100, 768])
CRITICAL:root:x, in ViT has shape: torch.Size([64, 100, 768])
CRITICAL:root:x, in ViT has shape: torch.Size([64, 100, 768])
CRITICAL:root:x, in ViT has shape: torch.Size([64, 100, 768])
CRITICAL:root:x, in ViT has shape: torch.Size([64, 100, 768])
CRITICAL:root:x, in ViT has shape: torch.Size([64, 100, 768])
CRITICAL:root:x, in ViT has shape: torch.Size([64, 100, 768])
CRITICAL:root:x, in ViT has shape: torch.Size([64, 100, 768])
CRITICAL:root:x, in ViT has shape: torch.Size([64, 100, 768])
CRITICAL:root:x, in ViT has shape: torch.Size([64, 25, 768])
CRITICAL:root:x, in ViT has shape: torch.Size([64, 25, 768])
CRITICAL:root:x, in ViT has shape: torch.Size([64, 25, 768])
CRITICAL:root:x, in ViT has shape: torch.Size([64, 25, 768])
CRITICAL:root:x, in ViT has shape: torch.Size([64, 25, 768])
CRITICAL:root:x, in ViT has shape: torch.Size([64, 25, 768])
CRITICAL:root:x, in ViT has shape: torch.Size([64, 25, 768])
CRITICAL:root:x, in ViT has shape: torch.Size([64, 25, 768])
CRITICAL:root:x, in ViT has shape: torch.Size([64, 25, 768])
CRITICAL:root:x, in ViT has shape: torch.Size([64, 25, 768])
CRITICAL:root:x, in ViT has shape: torch.Size([64, 25, 768])
CRITICAL:root:x, in ViT has shape: torch.Size([64, 25, 768])
INFO:root:torch.Size([64, 4, 16, 768])
INFO:root:torch.Size([4, 16, 768])
INFO:root:Iteration: 1
INFO:root:time taken for epoch 0:01:35.996405
INFO:root:Total pretraining time 0:01:35.996522
INFO:root:working on file logs_PKT/iic-train-PKT-seed-10/jepa_iic_PKT-ep500.pth.tar out of ['logs_PKT/iic-train-PKT-seed-10/jepa_iic_PKT-ep400.pth.tar', 'logs_PKT/iic-train-PKT-seed-10/jepa_iic_PKT-ep300.pth.tar', 'logs_PKT/iic-train-PKT-seed-10/jepa_iic_PKT-ep100.pth.tar', 'logs_PKT/iic-train-PKT-seed-10/jepa_iic_PKT-ep200.pth.tar', 'logs_PKT/iic-train-PKT-seed-10/jepa_iic_PKT-ep500.pth.tar']...
INFO:root:Initialized (rank/world-size) 0/1
INFO:root:train.py: _GLOBAL_SEED=0
INFO:root:VisionTransformer(
  (patch_embed): PatchEmbed(
    (proj): Conv2d(3, 768, kernel_size=(15, 15), stride=(15, 15))
  )
  (blocks): ModuleList(
    (0-11): 12 x Block(
      (norm1): LayerNorm((768,), eps=1e-06, elementwise_affine=True)
      (attn): Attention(
        (qkv): Linear(in_features=768, out_features=2304, bias=True)
        (attn_drop): Dropout(p=0.0, inplace=False)
        (proj): Linear(in_features=768, out_features=768, bias=True)
        (proj_drop): Dropout(p=0.0, inplace=False)
      )
      (drop_path): Identity()
      (norm2): LayerNorm((768,), eps=1e-06, elementwise_affine=True)
      (mlp): MLP(
        (fc1): Linear(in_features=768, out_features=3072, bias=True)
        (act): GELU(approximate='none')
        (fc2): Linear(in_features=3072, out_features=768, bias=True)
        (drop): Dropout(p=0.0, inplace=False)
      )
    )
  )
  (norm): LayerNorm((768,), eps=1e-06, elementwise_affine=True)
)
INFO:root:making imagenet data transforms
INFO:root:data-path datasets/intel-image-classification/train/
INFO:root:Initialized ImageNet
INFO:root:ImageNet dataset created
INFO:root:ImageNet unsupervised data loader created
INFO:root:Using AdamW
INFO:root:loaded pretrained encoder from epoch 499 with msg: <All keys matched successfully>
INFO:root:loaded pretrained encoder from epoch 499 with msg: <All keys matched successfully>
['encoder', 'predictor', 'target_encoder', 'opt', 'scaler', 'epoch', 'loss', 'batch_size', 'world_size', 'lr']
INFO:root:loaded pretrained encoder from epoch 499 with msg: <All keys matched successfully>
INFO:root:loaded optimizers from epoch 499
INFO:root:read-path: logs_PKT/iic-train-PKT-seed-10/jepa_iic_PKT-ep500.pth.tar
INFO:root:Starting
INFO:root:Iteration: 0
CRITICAL:root:x, in ViT has shape: torch.Size([64, 100, 768])
CRITICAL:root:x, in ViT has shape: torch.Size([64, 100, 768])
CRITICAL:root:x, in ViT has shape: torch.Size([64, 100, 768])
CRITICAL:root:x, in ViT has shape: torch.Size([64, 100, 768])
CRITICAL:root:x, in ViT has shape: torch.Size([64, 100, 768])
CRITICAL:root:x, in ViT has shape: torch.Size([64, 100, 768])
CRITICAL:root:x, in ViT has shape: torch.Size([64, 100, 768])
CRITICAL:root:x, in ViT has shape: torch.Size([64, 100, 768])
CRITICAL:root:x, in ViT has shape: torch.Size([64, 100, 768])
CRITICAL:root:x, in ViT has shape: torch.Size([64, 100, 768])
CRITICAL:root:x, in ViT has shape: torch.Size([64, 100, 768])
CRITICAL:root:x, in ViT has shape: torch.Size([64, 100, 768])
CRITICAL:root:x, in ViT has shape: torch.Size([64, 19, 768])
CRITICAL:root:x, in ViT has shape: torch.Size([64, 19, 768])
CRITICAL:root:x, in ViT has shape: torch.Size([64, 19, 768])
CRITICAL:root:x, in ViT has shape: torch.Size([64, 19, 768])
CRITICAL:root:x, in ViT has shape: torch.Size([64, 19, 768])
CRITICAL:root:x, in ViT has shape: torch.Size([64, 19, 768])
CRITICAL:root:x, in ViT has shape: torch.Size([64, 19, 768])
CRITICAL:root:x, in ViT has shape: torch.Size([64, 19, 768])
CRITICAL:root:x, in ViT has shape: torch.Size([64, 19, 768])
CRITICAL:root:x, in ViT has shape: torch.Size([64, 19, 768])
CRITICAL:root:x, in ViT has shape: torch.Size([64, 19, 768])
CRITICAL:root:x, in ViT has shape: torch.Size([64, 19, 768])
INFO:root:torch.Size([64, 4, 20, 768])
INFO:root:torch.Size([4, 20, 768])
INFO:root:Iteration: 1
INFO:root:time taken for epoch 0:01:36.462844
INFO:root:Total pretraining time 0:01:36.462973
