Directory logs_IN100/in100-vitb-l2-pkt-chunks-ep600-seed0/classifiers for saving the classifiers is now present
VisionTransformer(
  (patch_embed): PatchEmbed(
    (proj): Conv2d(3, 768, kernel_size=(14, 14), stride=(14, 14))
  )
  (blocks): ModuleList(
    (0-11): 12 x Block(
      (norm1): LayerNorm((768,), eps=1e-06, elementwise_affine=True)
      (attn): Attention(
        (qkv): Linear(in_features=768, out_features=2304, bias=True)
        (attn_drop): Dropout(p=0.0, inplace=False)
        (proj): Linear(in_features=768, out_features=768, bias=True)
        (proj_drop): Dropout(p=0.0, inplace=False)
      )
      (drop_path): Identity()
      (norm2): LayerNorm((768,), eps=1e-06, elementwise_affine=True)
      (mlp): MLP(
        (fc1): Linear(in_features=768, out_features=3072, bias=True)
        (act): GELU(approximate='none')
        (fc2): Linear(in_features=3072, out_features=768, bias=True)
        (drop): Dropout(p=0.0, inplace=False)
      )
    )
  )
  (norm): LayerNorm((768,), eps=1e-06, elementwise_affine=True)
)
Extracting features and saving them locally..
Extracting features...
Epoch: 1/200 Train accuracy: 4.07469e-01 Validation accuracy: 4.51400e-01 Training loss 3.31280e-02 Validation loss 3.36507e-02 Time taken: 61.72 seconds 
Epoch: 2/200 Train accuracy: 5.34477e-01 Validation accuracy: 4.88600e-01 Training loss 3.21110e-02 Validation loss 3.33392e-02 Time taken: 46.32 seconds 
Epoch: 3/200 Train accuracy: 5.65954e-01 Validation accuracy: 4.96600e-01 Training loss 3.18613e-02 Validation loss 3.32267e-02 Time taken: 43.72 seconds 
Epoch: 4/200 Train accuracy: 5.82062e-01 Validation accuracy: 5.03200e-01 Training loss 3.17276e-02 Validation loss 3.31532e-02 Time taken: 44.21 seconds 
Epoch: 5/200 Train accuracy: 5.96631e-01 Validation accuracy: 5.08200e-01 Training loss 3.16198e-02 Validation loss 3.31135e-02 Time taken: 43.05 seconds 
Epoch: 6/200 Train accuracy: 6.09608e-01 Validation accuracy: 5.19400e-01 Training loss 3.15147e-02 Validation loss 3.29292e-02 Time taken: 44.58 seconds 
Epoch: 7/200 Train accuracy: 6.19392e-01 Validation accuracy: 5.27400e-01 Training loss 3.14382e-02 Validation loss 3.28800e-02 Time taken: 42.11 seconds 
Epoch: 8/200 Train accuracy: 6.27131e-01 Validation accuracy: 5.26400e-01 Training loss 3.13790e-02 Validation loss 3.28429e-02 Time taken: 42.63 seconds 
Epoch: 9/200 Train accuracy: 6.36385e-01 Validation accuracy: 5.33400e-01 Training loss 3.13095e-02 Validation loss 3.27990e-02 Time taken: 44.27 seconds 
Epoch: 10/200 Train accuracy: 6.43523e-01 Validation accuracy: 5.36400e-01 Training loss 3.12552e-02 Validation loss 3.27639e-02 Time taken: 42.61 seconds 
Epoch: 11/200 Train accuracy: 6.48646e-01 Validation accuracy: 5.34400e-01 Training loss 3.12183e-02 Validation loss 3.27575e-02 Time taken: 44.57 seconds 
Epoch: 12/200 Train accuracy: 6.53238e-01 Validation accuracy: 5.40800e-01 Training loss 3.11818e-02 Validation loss 3.27315e-02 Time taken: 43.55 seconds 
Epoch: 13/200 Train accuracy: 6.61592e-01 Validation accuracy: 5.42400e-01 Training loss 3.11213e-02 Validation loss 3.27061e-02 Time taken: 43.93 seconds 
Epoch: 14/200 Train accuracy: 6.65931e-01 Validation accuracy: 5.45600e-01 Training loss 3.10860e-02 Validation loss 3.26966e-02 Time taken: 43.20 seconds 
Epoch: 15/200 Train accuracy: 6.68977e-01 Validation accuracy: 5.47600e-01 Training loss 3.10592e-02 Validation loss 3.26826e-02 Time taken: 44.09 seconds 
Epoch: 16/200 Train accuracy: 6.72046e-01 Validation accuracy: 5.46800e-01 Training loss 3.10350e-02 Validation loss 3.26748e-02 Time taken: 41.69 seconds 
Epoch: 17/200 Train accuracy: 6.74385e-01 Validation accuracy: 5.49200e-01 Training loss 3.10136e-02 Validation loss 3.26760e-02 Time taken: 43.56 seconds 
Epoch: 18/200 Train accuracy: 6.77385e-01 Validation accuracy: 5.48800e-01 Training loss 3.09925e-02 Validation loss 3.26606e-02 Time taken: 51.07 seconds 
Epoch: 19/200 Train accuracy: 6.79569e-01 Validation accuracy: 5.46000e-01 Training loss 3.09745e-02 Validation loss 3.26663e-02 Time taken: 56.20 seconds 
Epoch: 20/200 Train accuracy: 6.82238e-01 Validation accuracy: 5.47800e-01 Training loss 3.09565e-02 Validation loss 3.26576e-02 Time taken: 45.28 seconds 
Epoch: 21/200 Train accuracy: 6.83908e-01 Validation accuracy: 5.46400e-01 Training loss 3.09405e-02 Validation loss 3.26674e-02 Time taken: 44.70 seconds 
Epoch: 22/200 Train accuracy: 6.85662e-01 Validation accuracy: 5.46600e-01 Training loss 3.09248e-02 Validation loss 3.26698e-02 Time taken: 44.66 seconds 
Epoch: 23/200 Train accuracy: 6.87992e-01 Validation accuracy: 5.49400e-01 Training loss 3.09092e-02 Validation loss 3.26455e-02 Time taken: 43.01 seconds 
Epoch: 24/200 Train accuracy: 6.89200e-01 Validation accuracy: 5.51200e-01 Training loss 3.08951e-02 Validation loss 3.26472e-02 Time taken: 43.11 seconds 
Epoch: 25/200 Train accuracy: 6.91031e-01 Validation accuracy: 5.52600e-01 Training loss 3.08816e-02 Validation loss 3.26320e-02 Time taken: 44.31 seconds 
Epoch: 26/200 Train accuracy: 6.94046e-01 Validation accuracy: 5.55000e-01 Training loss 3.08608e-02 Validation loss 3.26376e-02 Time taken: 45.66 seconds 
Epoch: 27/200 Train accuracy: 6.95931e-01 Validation accuracy: 5.54000e-01 Training loss 3.08426e-02 Validation loss 3.26243e-02 Time taken: 44.42 seconds 
Epoch: 28/200 Train accuracy: 6.98369e-01 Validation accuracy: 5.52400e-01 Training loss 3.08286e-02 Validation loss 3.26202e-02 Time taken: 47.44 seconds 
Epoch: 29/200 Train accuracy: 7.00038e-01 Validation accuracy: 5.50800e-01 Training loss 3.08127e-02 Validation loss 3.26186e-02 Time taken: 45.40 seconds 
Epoch: 30/200 Train accuracy: 7.01800e-01 Validation accuracy: 5.53400e-01 Training loss 3.07985e-02 Validation loss 3.26224e-02 Time taken: 44.79 seconds 
Epoch: 31/200 Train accuracy: 7.03500e-01 Validation accuracy: 5.50800e-01 Training loss 3.07858e-02 Validation loss 3.26157e-02 Time taken: 47.98 seconds 
Epoch: 32/200 Train accuracy: 7.05154e-01 Validation accuracy: 5.54800e-01 Training loss 3.07737e-02 Validation loss 3.26078e-02 Time taken: 44.71 seconds 
Epoch: 33/200 Train accuracy: 7.06546e-01 Validation accuracy: 5.55600e-01 Training loss 3.07621e-02 Validation loss 3.26032e-02 Time taken: 46.05 seconds 
Epoch: 34/200 Train accuracy: 7.08062e-01 Validation accuracy: 5.51600e-01 Training loss 3.07501e-02 Validation loss 3.25996e-02 Time taken: 44.95 seconds 
Epoch: 35/200 Train accuracy: 7.09292e-01 Validation accuracy: 5.50800e-01 Training loss 3.07409e-02 Validation loss 3.26077e-02 Time taken: 46.23 seconds 
Epoch: 36/200 Train accuracy: 7.10569e-01 Validation accuracy: 5.56600e-01 Training loss 3.07306e-02 Validation loss 3.25938e-02 Time taken: 46.31 seconds 
Epoch: 37/200 Train accuracy: 7.12308e-01 Validation accuracy: 5.54600e-01 Training loss 3.07200e-02 Validation loss 3.26001e-02 Time taken: 45.96 seconds 
Epoch: 38/200 Train accuracy: 7.13023e-01 Validation accuracy: 5.54400e-01 Training loss 3.07112e-02 Validation loss 3.26010e-02 Time taken: 46.03 seconds 
Epoch: 39/200 Train accuracy: 7.13862e-01 Validation accuracy: 5.56800e-01 Training loss 3.07036e-02 Validation loss 3.25917e-02 Time taken: 46.40 seconds 
Epoch: 40/200 Train accuracy: 7.14862e-01 Validation accuracy: 5.55000e-01 Training loss 3.06949e-02 Validation loss 3.25930e-02 Time taken: 45.08 seconds 
Epoch: 41/200 Train accuracy: 7.15600e-01 Validation accuracy: 5.59600e-01 Training loss 3.06880e-02 Validation loss 3.25731e-02 Time taken: 45.30 seconds 
Epoch: 42/200 Train accuracy: 7.17031e-01 Validation accuracy: 5.55000e-01 Training loss 3.06797e-02 Validation loss 3.25876e-02 Time taken: 47.58 seconds 
Epoch: 43/200 Train accuracy: 7.17885e-01 Validation accuracy: 5.58000e-01 Training loss 3.06711e-02 Validation loss 3.25807e-02 Time taken: 46.86 seconds 
Epoch: 44/200 Train accuracy: 7.19108e-01 Validation accuracy: 5.60400e-01 Training loss 3.06644e-02 Validation loss 3.25707e-02 Time taken: 47.03 seconds 
Epoch: 45/200 Train accuracy: 7.19500e-01 Validation accuracy: 5.58000e-01 Training loss 3.06563e-02 Validation loss 3.25821e-02 Time taken: 44.86 seconds 
Epoch: 46/200 Train accuracy: 7.20562e-01 Validation accuracy: 5.56800e-01 Training loss 3.06505e-02 Validation loss 3.25805e-02 Time taken: 47.34 seconds 
Epoch: 47/200 Train accuracy: 7.21646e-01 Validation accuracy: 5.58800e-01 Training loss 3.06425e-02 Validation loss 3.25701e-02 Time taken: 45.38 seconds 
Epoch: 48/200 Train accuracy: 7.22292e-01 Validation accuracy: 5.62000e-01 Training loss 3.06372e-02 Validation loss 3.25677e-02 Time taken: 46.50 seconds 
Epoch: 49/200 Train accuracy: 7.22877e-01 Validation accuracy: 5.60400e-01 Training loss 3.06315e-02 Validation loss 3.25694e-02 Time taken: 47.11 seconds 
Epoch: 50/200 Train accuracy: 7.23446e-01 Validation accuracy: 5.58000e-01 Training loss 3.06263e-02 Validation loss 3.25715e-02 Time taken: 46.97 seconds 
Epoch: 51/200 Train accuracy: 7.24238e-01 Validation accuracy: 5.58800e-01 Training loss 3.06201e-02 Validation loss 3.25686e-02 Time taken: 47.09 seconds 
Epoch: 52/200 Train accuracy: 7.25731e-01 Validation accuracy: 5.62000e-01 Training loss 3.06098e-02 Validation loss 3.25637e-02 Time taken: 45.75 seconds 
Epoch: 53/200 Train accuracy: 7.26923e-01 Validation accuracy: 5.56000e-01 Training loss 3.06004e-02 Validation loss 3.25777e-02 Time taken: 47.98 seconds 
Epoch: 54/200 Train accuracy: 7.27962e-01 Validation accuracy: 5.60800e-01 Training loss 3.05929e-02 Validation loss 3.25582e-02 Time taken: 47.44 seconds 
Epoch: 55/200 Train accuracy: 7.28477e-01 Validation accuracy: 5.56800e-01 Training loss 3.05884e-02 Validation loss 3.25753e-02 Time taken: 44.58 seconds 
Epoch: 56/200 Train accuracy: 7.29362e-01 Validation accuracy: 5.61200e-01 Training loss 3.05801e-02 Validation loss 3.25610e-02 Time taken: 46.49 seconds 
Epoch: 57/200 Train accuracy: 7.30277e-01 Validation accuracy: 5.60600e-01 Training loss 3.05744e-02 Validation loss 3.25570e-02 Time taken: 45.12 seconds 
Epoch: 58/200 Train accuracy: 7.30638e-01 Validation accuracy: 5.58000e-01 Training loss 3.05702e-02 Validation loss 3.25680e-02 Time taken: 43.47 seconds 
Epoch: 59/200 Train accuracy: 7.31231e-01 Validation accuracy: 5.58600e-01 Training loss 3.05645e-02 Validation loss 3.25671e-02 Time taken: 45.05 seconds 
Epoch: 60/200 Train accuracy: 7.32446e-01 Validation accuracy: 5.58000e-01 Training loss 3.05581e-02 Validation loss 3.25697e-02 Time taken: 48.15 seconds 
Epoch: 61/200 Train accuracy: 7.32554e-01 Validation accuracy: 5.60000e-01 Training loss 3.05544e-02 Validation loss 3.25653e-02 Time taken: 48.41 seconds 
Epoch: 62/200 Train accuracy: 7.33238e-01 Validation accuracy: 5.60200e-01 Training loss 3.05485e-02 Validation loss 3.25580e-02 Time taken: 46.03 seconds 
Epoch: 63/200 Train accuracy: 7.33408e-01 Validation accuracy: 5.58000e-01 Training loss 3.05461e-02 Validation loss 3.25506e-02 Time taken: 47.46 seconds 
Epoch: 64/200 Train accuracy: 7.34323e-01 Validation accuracy: 5.60000e-01 Training loss 3.05409e-02 Validation loss 3.25633e-02 Time taken: 51.31 seconds 
Epoch: 65/200 Train accuracy: 7.34754e-01 Validation accuracy: 5.58200e-01 Training loss 3.05371e-02 Validation loss 3.25582e-02 Time taken: 60.78 seconds 
Epoch: 66/200 Train accuracy: 7.34985e-01 Validation accuracy: 5.57800e-01 Training loss 3.05345e-02 Validation loss 3.25651e-02 Time taken: 48.95 seconds 
Epoch: 67/200 Train accuracy: 7.35315e-01 Validation accuracy: 5.59200e-01 Training loss 3.05282e-02 Validation loss 3.25594e-02 Time taken: 46.51 seconds 
Epoch: 68/200 Train accuracy: 7.36000e-01 Validation accuracy: 5.64800e-01 Training loss 3.05259e-02 Validation loss 3.25432e-02 Time taken: 44.63 seconds 
Epoch: 69/200 Train accuracy: 7.36631e-01 Validation accuracy: 5.58200e-01 Training loss 3.05211e-02 Validation loss 3.25568e-02 Time taken: 43.72 seconds 
Epoch: 70/200 Train accuracy: 7.36962e-01 Validation accuracy: 5.64000e-01 Training loss 3.05176e-02 Validation loss 3.25502e-02 Time taken: 43.21 seconds 
Epoch: 71/200 Train accuracy: 7.37377e-01 Validation accuracy: 5.59400e-01 Training loss 3.05147e-02 Validation loss 3.25563e-02 Time taken: 42.69 seconds 
Epoch: 72/200 Train accuracy: 7.37931e-01 Validation accuracy: 5.59200e-01 Training loss 3.05106e-02 Validation loss 3.25517e-02 Time taken: 46.58 seconds 
Epoch: 73/200 Train accuracy: 7.38238e-01 Validation accuracy: 5.60200e-01 Training loss 3.05073e-02 Validation loss 3.25569e-02 Time taken: 44.17 seconds 
Epoch: 74/200 Train accuracy: 7.38408e-01 Validation accuracy: 5.58800e-01 Training loss 3.05040e-02 Validation loss 3.25634e-02 Time taken: 46.48 seconds 
Epoch: 75/200 Train accuracy: 7.39108e-01 Validation accuracy: 5.61600e-01 Training loss 3.05022e-02 Validation loss 3.25414e-02 Time taken: 43.62 seconds 
Epoch: 76/200 Train accuracy: 7.39131e-01 Validation accuracy: 5.62200e-01 Training loss 3.04981e-02 Validation loss 3.25471e-02 Time taken: 45.35 seconds 
Epoch: 77/200 Train accuracy: 7.39669e-01 Validation accuracy: 5.58000e-01 Training loss 3.04950e-02 Validation loss 3.25638e-02 Time taken: 45.51 seconds 
Epoch: 78/200 Train accuracy: 7.40115e-01 Validation accuracy: 5.60800e-01 Training loss 3.04915e-02 Validation loss 3.25493e-02 Time taken: 55.53 seconds 
Epoch: 79/200 Train accuracy: 7.40408e-01 Validation accuracy: 5.56800e-01 Training loss 3.04890e-02 Validation loss 3.25618e-02 Time taken: 47.18 seconds 
Epoch: 80/200 Train accuracy: 7.40431e-01 Validation accuracy: 5.58000e-01 Training loss 3.04870e-02 Validation loss 3.25583e-02 Time taken: 44.67 seconds 
Epoch: 81/200 Train accuracy: 7.41031e-01 Validation accuracy: 5.55000e-01 Training loss 3.04840e-02 Validation loss 3.25641e-02 Time taken: 48.60 seconds 
Epoch: 82/200 Train accuracy: 7.41400e-01 Validation accuracy: 5.61000e-01 Training loss 3.04804e-02 Validation loss 3.25472e-02 Time taken: 45.63 seconds 
Epoch: 83/200 Train accuracy: 7.41938e-01 Validation accuracy: 5.62600e-01 Training loss 3.04776e-02 Validation loss 3.25515e-02 Time taken: 45.58 seconds 
Epoch: 84/200 Train accuracy: 7.41931e-01 Validation accuracy: 5.58800e-01 Training loss 3.04757e-02 Validation loss 3.25509e-02 Time taken: 43.08 seconds 
Epoch: 85/200 Train accuracy: 7.42254e-01 Validation accuracy: 5.60800e-01 Training loss 3.04729e-02 Validation loss 3.25423e-02 Time taken: 45.12 seconds 
Epoch: 86/200 Train accuracy: 7.42269e-01 Validation accuracy: 5.59200e-01 Training loss 3.04711e-02 Validation loss 3.25427e-02 Time taken: 46.03 seconds 
Epoch: 87/200 Train accuracy: 7.42946e-01 Validation accuracy: 5.60400e-01 Training loss 3.04670e-02 Validation loss 3.25529e-02 Time taken: 46.28 seconds 
Epoch: 88/200 Train accuracy: 7.43231e-01 Validation accuracy: 5.61200e-01 Training loss 3.04658e-02 Validation loss 3.25527e-02 Time taken: 44.05 seconds 
Epoch: 89/200 Train accuracy: 7.43338e-01 Validation accuracy: 5.57000e-01 Training loss 3.04625e-02 Validation loss 3.25618e-02 Time taken: 43.60 seconds 
Epoch: 90/200 Train accuracy: 7.43785e-01 Validation accuracy: 5.59800e-01 Training loss 3.04618e-02 Validation loss 3.25621e-02 Time taken: 44.83 seconds 
Epoch: 91/200 Train accuracy: 7.44008e-01 Validation accuracy: 5.56600e-01 Training loss 3.04592e-02 Validation loss 3.25605e-02 Time taken: 43.01 seconds 
Epoch: 92/200 Train accuracy: 7.44169e-01 Validation accuracy: 5.58000e-01 Training loss 3.04566e-02 Validation loss 3.25604e-02 Time taken: 48.96 seconds 
Epoch: 93/200 Train accuracy: 7.44669e-01 Validation accuracy: 5.63400e-01 Training loss 3.04537e-02 Validation loss 3.25406e-02 Time taken: 46.02 seconds 
Epoch: 94/200 Train accuracy: 7.44446e-01 Validation accuracy: 5.55600e-01 Training loss 3.04529e-02 Validation loss 3.25595e-02 Time taken: 44.66 seconds 
Epoch: 95/200 Train accuracy: 7.44831e-01 Validation accuracy: 5.60800e-01 Training loss 3.04502e-02 Validation loss 3.25559e-02 Time taken: 44.68 seconds 
Epoch: 96/200 Train accuracy: 7.45192e-01 Validation accuracy: 5.62000e-01 Training loss 3.04482e-02 Validation loss 3.25453e-02 Time taken: 43.03 seconds 
Epoch: 97/200 Train accuracy: 7.45285e-01 Validation accuracy: 5.62600e-01 Training loss 3.04462e-02 Validation loss 3.25403e-02 Time taken: 43.96 seconds 
Epoch: 98/200 Train accuracy: 7.45508e-01 Validation accuracy: 5.62800e-01 Training loss 3.04451e-02 Validation loss 3.25451e-02 Time taken: 43.79 seconds 
Epoch: 99/200 Train accuracy: 7.46031e-01 Validation accuracy: 5.60200e-01 Training loss 3.04420e-02 Validation loss 3.25474e-02 Time taken: 44.85 seconds 
Epoch: 100/200 Train accuracy: 7.45962e-01 Validation accuracy: 5.60400e-01 Training loss 3.04410e-02 Validation loss 3.25468e-02 Time taken: 46.44 seconds 
Epoch: 101/200 Train accuracy: 7.46269e-01 Validation accuracy: 5.62600e-01 Training loss 3.04385e-02 Validation loss 3.25484e-02 Time taken: 43.67 seconds 
Epoch: 102/200 Train accuracy: 7.46508e-01 Validation accuracy: 5.59400e-01 Training loss 3.04372e-02 Validation loss 3.25477e-02 Time taken: 43.42 seconds 
Epoch: 103/200 Train accuracy: 7.46577e-01 Validation accuracy: 5.62000e-01 Training loss 3.04348e-02 Validation loss 3.25481e-02 Time taken: 42.88 seconds 
Epoch: 104/200 Train accuracy: 7.46708e-01 Validation accuracy: 5.59200e-01 Training loss 3.04343e-02 Validation loss 3.25477e-02 Time taken: 46.13 seconds 
Epoch: 105/200 Train accuracy: 7.47008e-01 Validation accuracy: 5.58200e-01 Training loss 3.04325e-02 Validation loss 3.25500e-02 Time taken: 44.21 seconds 
Epoch: 106/200 Train accuracy: 7.47169e-01 Validation accuracy: 5.60400e-01 Training loss 3.04304e-02 Validation loss 3.25480e-02 Time taken: 46.10 seconds 
Epoch: 107/200 Train accuracy: 7.47392e-01 Validation accuracy: 5.60600e-01 Training loss 3.04278e-02 Validation loss 3.25526e-02 Time taken: 45.20 seconds 
Epoch: 108/200 Train accuracy: 7.47615e-01 Validation accuracy: 5.59200e-01 Training loss 3.04270e-02 Validation loss 3.25548e-02 Time taken: 46.61 seconds 
Epoch: 109/200 Train accuracy: 7.47962e-01 Validation accuracy: 5.61600e-01 Training loss 3.04246e-02 Validation loss 3.25415e-02 Time taken: 43.21 seconds 
Epoch: 110/200 Train accuracy: 7.48100e-01 Validation accuracy: 5.57600e-01 Training loss 3.04233e-02 Validation loss 3.25595e-02 Time taken: 43.52 seconds 
Epoch: 111/200 Train accuracy: 7.48331e-01 Validation accuracy: 5.58800e-01 Training loss 3.04220e-02 Validation loss 3.25546e-02 Time taken: 44.12 seconds 
Epoch: 112/200 Train accuracy: 7.48492e-01 Validation accuracy: 5.60600e-01 Training loss 3.04194e-02 Validation loss 3.25407e-02 Time taken: 46.86 seconds 
Epoch: 113/200 Train accuracy: 7.48585e-01 Validation accuracy: 5.63000e-01 Training loss 3.04190e-02 Validation loss 3.25436e-02 Time taken: 49.74 seconds 
Epoch: 114/200 Train accuracy: 7.48792e-01 Validation accuracy: 5.58400e-01 Training loss 3.04177e-02 Validation loss 3.25581e-02 Time taken: 56.52 seconds 
Epoch: 115/200 Train accuracy: 7.49015e-01 Validation accuracy: 5.61400e-01 Training loss 3.04156e-02 Validation loss 3.25483e-02 Time taken: 52.42 seconds 
Epoch: 116/200 Train accuracy: 7.49323e-01 Validation accuracy: 5.59000e-01 Training loss 3.04130e-02 Validation loss 3.25557e-02 Time taken: 46.92 seconds 
Epoch: 117/200 Train accuracy: 7.49315e-01 Validation accuracy: 5.64200e-01 Training loss 3.04126e-02 Validation loss 3.25432e-02 Time taken: 45.58 seconds 
Epoch: 118/200 Train accuracy: 7.49554e-01 Validation accuracy: 5.60200e-01 Training loss 3.04114e-02 Validation loss 3.25510e-02 Time taken: 44.62 seconds 
Epoch: 119/200 Train accuracy: 7.49946e-01 Validation accuracy: 5.61000e-01 Training loss 3.04101e-02 Validation loss 3.25368e-02 Time taken: 44.65 seconds 
Epoch: 120/200 Train accuracy: 7.49985e-01 Validation accuracy: 5.60000e-01 Training loss 3.04084e-02 Validation loss 3.25513e-02 Time taken: 46.29 seconds 
Epoch: 121/200 Train accuracy: 7.50046e-01 Validation accuracy: 5.60400e-01 Training loss 3.04072e-02 Validation loss 3.25558e-02 Time taken: 46.88 seconds 
Epoch: 122/200 Train accuracy: 7.50262e-01 Validation accuracy: 5.60000e-01 Training loss 3.04060e-02 Validation loss 3.25411e-02 Time taken: 45.86 seconds 
Epoch: 123/200 Train accuracy: 7.50308e-01 Validation accuracy: 5.59600e-01 Training loss 3.04052e-02 Validation loss 3.25497e-02 Time taken: 44.38 seconds 
Epoch: 124/200 Train accuracy: 7.50600e-01 Validation accuracy: 5.61800e-01 Training loss 3.04028e-02 Validation loss 3.25456e-02 Time taken: 43.99 seconds 
Epoch: 125/200 Train accuracy: 7.50600e-01 Validation accuracy: 5.64000e-01 Training loss 3.04030e-02 Validation loss 3.25327e-02 Time taken: 42.34 seconds 
Epoch: 126/200 Train accuracy: 7.50477e-01 Validation accuracy: 5.59400e-01 Training loss 3.04015e-02 Validation loss 3.25415e-02 Time taken: 45.12 seconds 
Epoch: 127/200 Train accuracy: 7.50977e-01 Validation accuracy: 5.59800e-01 Training loss 3.03987e-02 Validation loss 3.25473e-02 Time taken: 44.03 seconds 
Epoch: 128/200 Train accuracy: 7.51323e-01 Validation accuracy: 5.60200e-01 Training loss 3.03984e-02 Validation loss 3.25495e-02 Time taken: 44.71 seconds 
Epoch: 129/200 Train accuracy: 7.51223e-01 Validation accuracy: 5.58200e-01 Training loss 3.03969e-02 Validation loss 3.25478e-02 Time taken: 44.36 seconds 
Epoch: 130/200 Train accuracy: 7.51408e-01 Validation accuracy: 5.62800e-01 Training loss 3.03965e-02 Validation loss 3.25340e-02 Time taken: 44.20 seconds 
Epoch: 131/200 Train accuracy: 7.51500e-01 Validation accuracy: 5.62200e-01 Training loss 3.03952e-02 Validation loss 3.25513e-02 Time taken: 44.20 seconds 
Epoch: 132/200 Train accuracy: 7.51685e-01 Validation accuracy: 5.60200e-01 Training loss 3.03938e-02 Validation loss 3.25549e-02 Time taken: 48.66 seconds 
Epoch: 133/200 Train accuracy: 7.51854e-01 Validation accuracy: 5.60600e-01 Training loss 3.03934e-02 Validation loss 3.25409e-02 Time taken: 46.83 seconds 
Epoch: 134/200 Train accuracy: 7.51877e-01 Validation accuracy: 5.58600e-01 Training loss 3.03916e-02 Validation loss 3.25528e-02 Time taken: 51.05 seconds 
Epoch: 135/200 Train accuracy: 7.51715e-01 Validation accuracy: 5.61800e-01 Training loss 3.03908e-02 Validation loss 3.25472e-02 Time taken: 59.94 seconds 
Epoch: 136/200 Train accuracy: 7.52015e-01 Validation accuracy: 5.57400e-01 Training loss 3.03900e-02 Validation loss 3.25596e-02 Time taken: 69.80 seconds 
Epoch: 137/200 Train accuracy: 7.52331e-01 Validation accuracy: 5.57600e-01 Training loss 3.03887e-02 Validation loss 3.25434e-02 Time taken: 57.43 seconds 
Epoch: 138/200 Train accuracy: 7.52746e-01 Validation accuracy: 5.59000e-01 Training loss 3.03845e-02 Validation loss 3.25444e-02 Time taken: 54.57 seconds 
Epoch: 139/200 Train accuracy: 7.53862e-01 Validation accuracy: 5.63600e-01 Training loss 3.03763e-02 Validation loss 3.25229e-02 Time taken: 50.14 seconds 
Epoch: 140/200 Train accuracy: 7.54985e-01 Validation accuracy: 5.61000e-01 Training loss 3.03683e-02 Validation loss 3.25347e-02 Time taken: 45.41 seconds 
Epoch: 141/200 Train accuracy: 7.55777e-01 Validation accuracy: 5.64000e-01 Training loss 3.03633e-02 Validation loss 3.25200e-02 Time taken: 45.80 seconds 
Epoch: 142/200 Train accuracy: 7.56300e-01 Validation accuracy: 5.61200e-01 Training loss 3.03588e-02 Validation loss 3.25224e-02 Time taken: 45.98 seconds 
Epoch: 143/200 Train accuracy: 7.57377e-01 Validation accuracy: 5.63200e-01 Training loss 3.03520e-02 Validation loss 3.24979e-02 Time taken: 44.44 seconds 
Epoch: 144/200 Train accuracy: 7.59408e-01 Validation accuracy: 5.68000e-01 Training loss 3.03355e-02 Validation loss 3.24994e-02 Time taken: 46.01 seconds 
Epoch: 145/200 Train accuracy: 7.60654e-01 Validation accuracy: 5.66400e-01 Training loss 3.03267e-02 Validation loss 3.24928e-02 Time taken: 48.76 seconds 
Epoch: 146/200 Train accuracy: 7.61485e-01 Validation accuracy: 5.64600e-01 Training loss 3.03215e-02 Validation loss 3.24883e-02 Time taken: 47.13 seconds 
Epoch: 147/200 Train accuracy: 7.61854e-01 Validation accuracy: 5.68200e-01 Training loss 3.03185e-02 Validation loss 3.24850e-02 Time taken: 44.51 seconds 
Epoch: 148/200 Train accuracy: 7.62515e-01 Validation accuracy: 5.66000e-01 Training loss 3.03151e-02 Validation loss 3.24826e-02 Time taken: 48.65 seconds 
Epoch: 149/200 Train accuracy: 7.62838e-01 Validation accuracy: 5.71200e-01 Training loss 3.03127e-02 Validation loss 3.24850e-02 Time taken: 45.53 seconds 
Epoch: 150/200 Train accuracy: 7.63277e-01 Validation accuracy: 5.67400e-01 Training loss 3.03103e-02 Validation loss 3.24767e-02 Time taken: 44.68 seconds 
Epoch: 151/200 Train accuracy: 7.63723e-01 Validation accuracy: 5.68600e-01 Training loss 3.03076e-02 Validation loss 3.24984e-02 Time taken: 46.18 seconds 
Epoch: 152/200 Train accuracy: 7.63962e-01 Validation accuracy: 5.68600e-01 Training loss 3.03053e-02 Validation loss 3.24795e-02 Time taken: 47.32 seconds 
Epoch: 153/200 Train accuracy: 7.64092e-01 Validation accuracy: 5.70600e-01 Training loss 3.03036e-02 Validation loss 3.24687e-02 Time taken: 46.00 seconds 
Epoch: 154/200 Train accuracy: 7.64438e-01 Validation accuracy: 5.64200e-01 Training loss 3.03018e-02 Validation loss 3.24911e-02 Time taken: 46.08 seconds 
Epoch: 155/200 Train accuracy: 7.64631e-01 Validation accuracy: 5.68600e-01 Training loss 3.03007e-02 Validation loss 3.24845e-02 Time taken: 45.10 seconds 
Epoch: 156/200 Train accuracy: 7.64792e-01 Validation accuracy: 5.68600e-01 Training loss 3.02972e-02 Validation loss 3.24850e-02 Time taken: 46.31 seconds 
Epoch: 157/200 Train accuracy: 7.64869e-01 Validation accuracy: 5.73000e-01 Training loss 3.02977e-02 Validation loss 3.24689e-02 Time taken: 47.50 seconds 
Epoch: 158/200 Train accuracy: 7.65177e-01 Validation accuracy: 5.68600e-01 Training loss 3.02961e-02 Validation loss 3.24773e-02 Time taken: 48.45 seconds 
Epoch: 159/200 Train accuracy: 7.65408e-01 Validation accuracy: 5.68000e-01 Training loss 3.02947e-02 Validation loss 3.24809e-02 Time taken: 45.91 seconds 
Epoch: 160/200 Train accuracy: 7.65723e-01 Validation accuracy: 5.70000e-01 Training loss 3.02919e-02 Validation loss 3.24815e-02 Time taken: 45.06 seconds 
Epoch: 161/200 Train accuracy: 7.66038e-01 Validation accuracy: 5.66000e-01 Training loss 3.02912e-02 Validation loss 3.24858e-02 Time taken: 46.44 seconds 
Epoch: 162/200 Train accuracy: 7.66177e-01 Validation accuracy: 5.69600e-01 Training loss 3.02905e-02 Validation loss 3.24852e-02 Time taken: 49.10 seconds 
Epoch: 163/200 Train accuracy: 7.66023e-01 Validation accuracy: 5.66600e-01 Training loss 3.02883e-02 Validation loss 3.24864e-02 Time taken: 53.29 seconds 
Epoch: 164/200 Train accuracy: 7.66354e-01 Validation accuracy: 5.64600e-01 Training loss 3.02869e-02 Validation loss 3.24918e-02 Time taken: 59.67 seconds 
Epoch: 165/200 Train accuracy: 7.66377e-01 Validation accuracy: 5.66200e-01 Training loss 3.02863e-02 Validation loss 3.25034e-02 Time taken: 48.45 seconds 
Epoch: 166/200 Train accuracy: 7.66523e-01 Validation accuracy: 5.68200e-01 Training loss 3.02857e-02 Validation loss 3.24795e-02 Time taken: 44.55 seconds 
Epoch: 167/200 Train accuracy: 7.66854e-01 Validation accuracy: 5.69600e-01 Training loss 3.02840e-02 Validation loss 3.24729e-02 Time taken: 49.74 seconds 
Epoch: 168/200 Train accuracy: 7.66677e-01 Validation accuracy: 5.65400e-01 Training loss 3.02848e-02 Validation loss 3.24845e-02 Time taken: 43.16 seconds 
Epoch: 169/200 Train accuracy: 7.67062e-01 Validation accuracy: 5.67600e-01 Training loss 3.02826e-02 Validation loss 3.24765e-02 Time taken: 45.33 seconds 
Epoch: 170/200 Train accuracy: 7.67223e-01 Validation accuracy: 5.64600e-01 Training loss 3.02812e-02 Validation loss 3.24976e-02 Time taken: 45.34 seconds 
Epoch: 171/200 Train accuracy: 7.67192e-01 Validation accuracy: 5.68000e-01 Training loss 3.02813e-02 Validation loss 3.24830e-02 Time taken: 42.09 seconds 
Epoch: 172/200 Train accuracy: 7.67115e-01 Validation accuracy: 5.70000e-01 Training loss 3.02808e-02 Validation loss 3.24752e-02 Time taken: 45.13 seconds 
Epoch: 173/200 Train accuracy: 7.67369e-01 Validation accuracy: 5.68200e-01 Training loss 3.02793e-02 Validation loss 3.24769e-02 Time taken: 45.33 seconds 
Epoch: 174/200 Train accuracy: 7.67631e-01 Validation accuracy: 5.69800e-01 Training loss 3.02780e-02 Validation loss 3.24783e-02 Time taken: 45.41 seconds 
Epoch: 175/200 Train accuracy: 7.67585e-01 Validation accuracy: 5.66600e-01 Training loss 3.02767e-02 Validation loss 3.24897e-02 Time taken: 44.53 seconds 
Epoch: 176/200 Train accuracy: 7.67731e-01 Validation accuracy: 5.68600e-01 Training loss 3.02760e-02 Validation loss 3.24857e-02 Time taken: 45.13 seconds 
Epoch: 177/200 Train accuracy: 7.67815e-01 Validation accuracy: 5.65200e-01 Training loss 3.02751e-02 Validation loss 3.24891e-02 Time taken: 41.61 seconds 
Epoch: 178/200 Train accuracy: 7.67923e-01 Validation accuracy: 5.67000e-01 Training loss 3.02738e-02 Validation loss 3.24881e-02 Time taken: 41.32 seconds 
Epoch: 179/200 Train accuracy: 7.68200e-01 Validation accuracy: 5.66800e-01 Training loss 3.02734e-02 Validation loss 3.24910e-02 Time taken: 46.30 seconds 
Epoch: 180/200 Train accuracy: 7.68108e-01 Validation accuracy: 5.62600e-01 Training loss 3.02736e-02 Validation loss 3.25019e-02 Time taken: 43.93 seconds 
Epoch: 181/200 Train accuracy: 7.68346e-01 Validation accuracy: 5.66600e-01 Training loss 3.02719e-02 Validation loss 3.24886e-02 Time taken: 43.23 seconds 
Epoch: 182/200 Train accuracy: 7.68254e-01 Validation accuracy: 5.65600e-01 Training loss 3.02711e-02 Validation loss 3.24986e-02 Time taken: 41.87 seconds 
Epoch: 183/200 Train accuracy: 7.68608e-01 Validation accuracy: 5.67200e-01 Training loss 3.02705e-02 Validation loss 3.24872e-02 Time taken: 44.12 seconds 
Epoch: 184/200 Train accuracy: 7.68600e-01 Validation accuracy: 5.66000e-01 Training loss 3.02692e-02 Validation loss 3.24849e-02 Time taken: 41.72 seconds 
Epoch: 185/200 Train accuracy: 7.68700e-01 Validation accuracy: 5.68600e-01 Training loss 3.02694e-02 Validation loss 3.24905e-02 Time taken: 42.80 seconds 
Epoch: 186/200 Train accuracy: 7.68600e-01 Validation accuracy: 5.66000e-01 Training loss 3.02687e-02 Validation loss 3.24897e-02 Time taken: 42.42 seconds 
Epoch: 187/200 Train accuracy: 7.68846e-01 Validation accuracy: 5.67000e-01 Training loss 3.02679e-02 Validation loss 3.24892e-02 Time taken: 41.96 seconds 
Epoch: 188/200 Train accuracy: 7.68908e-01 Validation accuracy: 5.66200e-01 Training loss 3.02674e-02 Validation loss 3.24910e-02 Time taken: 46.29 seconds 
Epoch: 189/200 Train accuracy: 7.69100e-01 Validation accuracy: 5.63600e-01 Training loss 3.02653e-02 Validation loss 3.24957e-02 Time taken: 43.66 seconds 
Epoch: 190/200 Train accuracy: 7.69369e-01 Validation accuracy: 5.66200e-01 Training loss 3.02658e-02 Validation loss 3.24933e-02 Time taken: 44.57 seconds 
Epoch: 191/200 Train accuracy: 7.69208e-01 Validation accuracy: 5.67600e-01 Training loss 3.02650e-02 Validation loss 3.24875e-02 Time taken: 45.62 seconds 
Epoch: 192/200 Train accuracy: 7.69231e-01 Validation accuracy: 5.65600e-01 Training loss 3.02631e-02 Validation loss 3.24855e-02 Time taken: 46.80 seconds 
Epoch: 193/200 Train accuracy: 7.69269e-01 Validation accuracy: 5.64400e-01 Training loss 3.02637e-02 Validation loss 3.24920e-02 Time taken: 43.79 seconds 
Epoch: 194/200 Train accuracy: 7.69338e-01 Validation accuracy: 5.67000e-01 Training loss 3.02635e-02 Validation loss 3.24878e-02 Time taken: 44.52 seconds 
Epoch: 195/200 Train accuracy: 7.69785e-01 Validation accuracy: 5.65600e-01 Training loss 3.02616e-02 Validation loss 3.24892e-02 Time taken: 42.94 seconds 
Epoch: 196/200 Train accuracy: 7.69769e-01 Validation accuracy: 5.64200e-01 Training loss 3.02612e-02 Validation loss 3.25026e-02 Time taken: 43.86 seconds 
Epoch: 197/200 Train accuracy: 7.69700e-01 Validation accuracy: 5.68400e-01 Training loss 3.02610e-02 Validation loss 3.24821e-02 Time taken: 43.07 seconds 
Epoch: 198/200 Train accuracy: 7.69738e-01 Validation accuracy: 5.64200e-01 Training loss 3.02602e-02 Validation loss 3.24924e-02 Time taken: 42.17 seconds 
Epoch: 199/200 Train accuracy: 7.69792e-01 Validation accuracy: 5.67200e-01 Training loss 3.02594e-02 Validation loss 3.24883e-02 Time taken: 43.29 seconds 
Epoch: 200/200 Train accuracy: 7.69762e-01 Validation accuracy: 5.67200e-01 Training loss 3.02590e-02 Validation loss 3.24819e-02 Time taken: 39.09 seconds 
Total time taken 2:33:29.018165
Cleaning up intermediate feature (.pt) files
Done


working on file logs_IN100/in100-vitb-l2-pkt-chunks-ep600-seed0/jepa_in100-ep600.pth.tar ...
Directory logs_IN100/in100-vitb-l2-pkt-chunks-ep600-seed0/classifiers for saving the classifiers is now present
VisionTransformer(
  (patch_embed): PatchEmbed(
    (proj): Conv2d(3, 768, kernel_size=(14, 14), stride=(14, 14))
  )
  (blocks): ModuleList(
    (0-11): 12 x Block(
      (norm1): LayerNorm((768,), eps=1e-06, elementwise_affine=True)
      (attn): Attention(
        (qkv): Linear(in_features=768, out_features=2304, bias=True)
        (attn_drop): Dropout(p=0.0, inplace=False)
        (proj): Linear(in_features=768, out_features=768, bias=True)
        (proj_drop): Dropout(p=0.0, inplace=False)
      )
      (drop_path): Identity()
      (norm2): LayerNorm((768,), eps=1e-06, elementwise_affine=True)
      (mlp): MLP(
        (fc1): Linear(in_features=768, out_features=3072, bias=True)
        (act): GELU(approximate='none')
        (fc2): Linear(in_features=3072, out_features=768, bias=True)
        (drop): Dropout(p=0.0, inplace=False)
      )
    )
  )
  (norm): LayerNorm((768,), eps=1e-06, elementwise_affine=True)
)
Extracting features and saving them locally..
Extracting features...
Directory logs_IN100/in100-vitb-l2-pkt-chunks-ep600-seed0/classifiers for saving the classifiers is now present
VisionTransformer(
  (patch_embed): PatchEmbed(
    (proj): Conv2d(3, 768, kernel_size=(14, 14), stride=(14, 14))
  )
  (blocks): ModuleList(
    (0-11): 12 x Block(
      (norm1): LayerNorm((768,), eps=1e-06, elementwise_affine=True)
      (attn): Attention(
        (qkv): Linear(in_features=768, out_features=2304, bias=True)
        (attn_drop): Dropout(p=0.0, inplace=False)
        (proj): Linear(in_features=768, out_features=768, bias=True)
        (proj_drop): Dropout(p=0.0, inplace=False)
      )
      (drop_path): Identity()
      (norm2): LayerNorm((768,), eps=1e-06, elementwise_affine=True)
      (mlp): MLP(
        (fc1): Linear(in_features=768, out_features=3072, bias=True)
        (act): GELU(approximate='none')
        (fc2): Linear(in_features=3072, out_features=768, bias=True)
        (drop): Dropout(p=0.0, inplace=False)
      )
    )
  )
  (norm): LayerNorm((768,), eps=1e-06, elementwise_affine=True)
)
Extracting features and saving them locally..
Extracting features...
Epoch: 1/200 Train accuracy: 3.30585e-01 Validation accuracy: 3.60600e-01 Training loss 3.37666e-02 Validation loss 3.42744e-02 Time taken: 39.54 seconds 
Epoch: 2/200 Train accuracy: 4.33138e-01 Validation accuracy: 3.90600e-01 Training loss 3.29298e-02 Validation loss 3.40062e-02 Time taken: 41.41 seconds 
Epoch: 3/200 Train accuracy: 4.58515e-01 Validation accuracy: 4.08600e-01 Training loss 3.27154e-02 Validation loss 3.38696e-02 Time taken: 33.00 seconds 
Epoch: 4/200 Train accuracy: 4.77100e-01 Validation accuracy: 4.11400e-01 Training loss 3.25695e-02 Validation loss 3.38077e-02 Time taken: 36.82 seconds 
Epoch: 5/200 Train accuracy: 4.87923e-01 Validation accuracy: 4.20000e-01 Training loss 3.24775e-02 Validation loss 3.37399e-02 Time taken: 35.07 seconds 
Epoch: 6/200 Train accuracy: 4.98192e-01 Validation accuracy: 4.26400e-01 Training loss 3.23911e-02 Validation loss 3.36834e-02 Time taken: 36.64 seconds 
Epoch: 7/200 Train accuracy: 5.07692e-01 Validation accuracy: 4.32000e-01 Training loss 3.23188e-02 Validation loss 3.36563e-02 Time taken: 38.85 seconds 
Epoch: 8/200 Train accuracy: 5.13900e-01 Validation accuracy: 4.31600e-01 Training loss 3.22655e-02 Validation loss 3.36417e-02 Time taken: 37.41 seconds 
Epoch: 9/200 Train accuracy: 5.19723e-01 Validation accuracy: 4.35800e-01 Training loss 3.22224e-02 Validation loss 3.36131e-02 Time taken: 39.23 seconds 
Epoch: 10/200 Train accuracy: 5.25969e-01 Validation accuracy: 4.40400e-01 Training loss 3.21704e-02 Validation loss 3.35999e-02 Time taken: 42.55 seconds 
Epoch: 11/200 Train accuracy: 5.30769e-01 Validation accuracy: 4.45200e-01 Training loss 3.21342e-02 Validation loss 3.35340e-02 Time taken: 40.32 seconds 
Epoch: 12/200 Train accuracy: 5.37123e-01 Validation accuracy: 4.41400e-01 Training loss 3.20852e-02 Validation loss 3.35327e-02 Time taken: 39.31 seconds 
Epoch: 13/200 Train accuracy: 5.45615e-01 Validation accuracy: 4.49800e-01 Training loss 3.20215e-02 Validation loss 3.34700e-02 Time taken: 38.33 seconds 
Epoch: 14/200 Train accuracy: 5.50615e-01 Validation accuracy: 4.56000e-01 Training loss 3.19847e-02 Validation loss 3.34503e-02 Time taken: 37.39 seconds 
Epoch: 15/200 Train accuracy: 5.53823e-01 Validation accuracy: 4.50000e-01 Training loss 3.19548e-02 Validation loss 3.34898e-02 Time taken: 37.84 seconds 
Epoch: 16/200 Train accuracy: 5.57708e-01 Validation accuracy: 4.55600e-01 Training loss 3.19301e-02 Validation loss 3.34413e-02 Time taken: 39.83 seconds 
Epoch: 17/200 Train accuracy: 5.60969e-01 Validation accuracy: 4.50800e-01 Training loss 3.19054e-02 Validation loss 3.34586e-02 Time taken: 38.48 seconds 
Epoch: 18/200 Train accuracy: 5.63600e-01 Validation accuracy: 4.54600e-01 Training loss 3.18869e-02 Validation loss 3.34107e-02 Time taken: 38.27 seconds 
Epoch: 19/200 Train accuracy: 5.65708e-01 Validation accuracy: 4.56600e-01 Training loss 3.18699e-02 Validation loss 3.34083e-02 Time taken: 37.19 seconds 
Epoch: 20/200 Train accuracy: 5.67808e-01 Validation accuracy: 4.59000e-01 Training loss 3.18523e-02 Validation loss 3.34047e-02 Time taken: 37.79 seconds 
Epoch: 21/200 Train accuracy: 5.69854e-01 Validation accuracy: 4.61200e-01 Training loss 3.18372e-02 Validation loss 3.34031e-02 Time taken: 37.21 seconds 
Epoch: 22/200 Train accuracy: 5.72123e-01 Validation accuracy: 4.58400e-01 Training loss 3.18199e-02 Validation loss 3.33876e-02 Time taken: 40.29 seconds 
Epoch: 23/200 Train accuracy: 5.73831e-01 Validation accuracy: 4.64800e-01 Training loss 3.18047e-02 Validation loss 3.33689e-02 Time taken: 47.57 seconds 
Epoch: 24/200 Train accuracy: 5.75169e-01 Validation accuracy: 4.63800e-01 Training loss 3.17946e-02 Validation loss 3.33554e-02 Time taken: 53.57 seconds 
Epoch: 25/200 Train accuracy: 5.76846e-01 Validation accuracy: 4.65200e-01 Training loss 3.17813e-02 Validation loss 3.33613e-02 Time taken: 47.46 seconds 
Epoch: 26/200 Train accuracy: 5.78169e-01 Validation accuracy: 4.63600e-01 Training loss 3.17709e-02 Validation loss 3.33639e-02 Time taken: 38.00 seconds 
Epoch: 27/200 Train accuracy: 5.80015e-01 Validation accuracy: 4.65400e-01 Training loss 3.17584e-02 Validation loss 3.33443e-02 Time taken: 38.37 seconds 
Epoch: 28/200 Train accuracy: 5.81638e-01 Validation accuracy: 4.65200e-01 Training loss 3.17460e-02 Validation loss 3.33622e-02 Time taken: 37.29 seconds 
Epoch: 29/200 Train accuracy: 5.82654e-01 Validation accuracy: 4.64000e-01 Training loss 3.17368e-02 Validation loss 3.33623e-02 Time taken: 41.22 seconds 
Epoch: 30/200 Train accuracy: 5.83685e-01 Validation accuracy: 4.63400e-01 Training loss 3.17278e-02 Validation loss 3.33795e-02 Time taken: 38.34 seconds 
Epoch: 31/200 Train accuracy: 5.85323e-01 Validation accuracy: 4.65000e-01 Training loss 3.17181e-02 Validation loss 3.33386e-02 Time taken: 38.69 seconds 
Epoch: 32/200 Train accuracy: 5.86323e-01 Validation accuracy: 4.66200e-01 Training loss 3.17101e-02 Validation loss 3.33392e-02 Time taken: 37.95 seconds 
Epoch: 33/200 Train accuracy: 5.87262e-01 Validation accuracy: 4.68600e-01 Training loss 3.17020e-02 Validation loss 3.33636e-02 Time taken: 39.99 seconds 
Epoch: 34/200 Train accuracy: 5.89069e-01 Validation accuracy: 4.64200e-01 Training loss 3.16924e-02 Validation loss 3.33558e-02 Time taken: 42.12 seconds 
Epoch: 35/200 Train accuracy: 5.89477e-01 Validation accuracy: 4.68000e-01 Training loss 3.16834e-02 Validation loss 3.33465e-02 Time taken: 48.69 seconds 
Epoch: 36/200 Train accuracy: 5.92000e-01 Validation accuracy: 4.69800e-01 Training loss 3.16669e-02 Validation loss 3.33330e-02 Time taken: 51.46 seconds 
Epoch: 37/200 Train accuracy: 5.94408e-01 Validation accuracy: 4.68200e-01 Training loss 3.16528e-02 Validation loss 3.33191e-02 Time taken: 40.01 seconds 
Epoch: 38/200 Train accuracy: 5.95169e-01 Validation accuracy: 4.70200e-01 Training loss 3.16424e-02 Validation loss 3.33373e-02 Time taken: 37.83 seconds 
Epoch: 39/200 Train accuracy: 5.96723e-01 Validation accuracy: 4.70400e-01 Training loss 3.16334e-02 Validation loss 3.33172e-02 Time taken: 36.99 seconds 
Epoch: 40/200 Train accuracy: 5.97777e-01 Validation accuracy: 4.72000e-01 Training loss 3.16257e-02 Validation loss 3.33277e-02 Time taken: 39.46 seconds 
Epoch: 41/200 Train accuracy: 6.01215e-01 Validation accuracy: 4.73400e-01 Training loss 3.15987e-02 Validation loss 3.32809e-02 Time taken: 38.42 seconds 
Epoch: 42/200 Train accuracy: 6.03177e-01 Validation accuracy: 4.72600e-01 Training loss 3.15837e-02 Validation loss 3.32718e-02 Time taken: 37.94 seconds 
Epoch: 43/200 Train accuracy: 6.04646e-01 Validation accuracy: 4.76400e-01 Training loss 3.15742e-02 Validation loss 3.33041e-02 Time taken: 38.91 seconds 
Epoch: 44/200 Train accuracy: 6.05538e-01 Validation accuracy: 4.71600e-01 Training loss 3.15648e-02 Validation loss 3.33064e-02 Time taken: 39.93 seconds 
Epoch: 45/200 Train accuracy: 6.06085e-01 Validation accuracy: 4.72800e-01 Training loss 3.15578e-02 Validation loss 3.32860e-02 Time taken: 38.93 seconds 
Epoch: 46/200 Train accuracy: 6.07700e-01 Validation accuracy: 4.71200e-01 Training loss 3.15511e-02 Validation loss 3.33095e-02 Time taken: 38.47 seconds 
Epoch: 47/200 Train accuracy: 6.08315e-01 Validation accuracy: 4.76200e-01 Training loss 3.15454e-02 Validation loss 3.32993e-02 Time taken: 40.66 seconds 
Epoch: 48/200 Train accuracy: 6.09062e-01 Validation accuracy: 4.76000e-01 Training loss 3.15374e-02 Validation loss 3.32877e-02 Time taken: 37.93 seconds 
Epoch: 49/200 Train accuracy: 6.09800e-01 Validation accuracy: 4.74600e-01 Training loss 3.15326e-02 Validation loss 3.32734e-02 Time taken: 39.17 seconds 
Epoch: 50/200 Train accuracy: 6.10369e-01 Validation accuracy: 4.75600e-01 Training loss 3.15268e-02 Validation loss 3.32746e-02 Time taken: 38.63 seconds 
Epoch: 51/200 Train accuracy: 6.11838e-01 Validation accuracy: 4.76200e-01 Training loss 3.15215e-02 Validation loss 3.32649e-02 Time taken: 37.30 seconds 
Epoch: 52/200 Train accuracy: 6.12538e-01 Validation accuracy: 4.73800e-01 Training loss 3.15150e-02 Validation loss 3.32788e-02 Time taken: 39.87 seconds 
Epoch: 53/200 Train accuracy: 6.12638e-01 Validation accuracy: 4.78200e-01 Training loss 3.15114e-02 Validation loss 3.32772e-02 Time taken: 37.92 seconds 
Epoch: 54/200 Train accuracy: 6.13038e-01 Validation accuracy: 4.75000e-01 Training loss 3.15062e-02 Validation loss 3.32714e-02 Time taken: 37.90 seconds 
Epoch: 55/200 Train accuracy: 6.14069e-01 Validation accuracy: 4.76200e-01 Training loss 3.15007e-02 Validation loss 3.32684e-02 Time taken: 36.91 seconds 
Epoch: 56/200 Train accuracy: 6.14785e-01 Validation accuracy: 4.79600e-01 Training loss 3.14975e-02 Validation loss 3.32781e-02 Time taken: 38.00 seconds 
Epoch: 57/200 Train accuracy: 6.15192e-01 Validation accuracy: 4.74600e-01 Training loss 3.14925e-02 Validation loss 3.32691e-02 Time taken: 36.24 seconds 
Epoch: 58/200 Train accuracy: 6.15777e-01 Validation accuracy: 4.75600e-01 Training loss 3.14879e-02 Validation loss 3.32731e-02 Time taken: 38.62 seconds 
Epoch: 59/200 Train accuracy: 6.16338e-01 Validation accuracy: 4.73600e-01 Training loss 3.14846e-02 Validation loss 3.32457e-02 Time taken: 37.54 seconds 
Epoch: 60/200 Train accuracy: 6.16708e-01 Validation accuracy: 4.76200e-01 Training loss 3.14801e-02 Validation loss 3.32515e-02 Time taken: 38.30 seconds 
Epoch: 61/200 Train accuracy: 6.16923e-01 Validation accuracy: 4.79400e-01 Training loss 3.14755e-02 Validation loss 3.32398e-02 Time taken: 37.94 seconds 
Epoch: 62/200 Train accuracy: 6.17969e-01 Validation accuracy: 4.77200e-01 Training loss 3.14716e-02 Validation loss 3.32518e-02 Time taken: 39.53 seconds 
Epoch: 63/200 Train accuracy: 6.18423e-01 Validation accuracy: 4.78800e-01 Training loss 3.14676e-02 Validation loss 3.32671e-02 Time taken: 38.31 seconds 
Epoch: 64/200 Train accuracy: 6.18938e-01 Validation accuracy: 4.76800e-01 Training loss 3.14638e-02 Validation loss 3.32525e-02 Time taken: 41.26 seconds 
Epoch: 65/200 Train accuracy: 6.19254e-01 Validation accuracy: 4.77600e-01 Training loss 3.14614e-02 Validation loss 3.32537e-02 Time taken: 37.76 seconds 
Epoch: 66/200 Train accuracy: 6.19600e-01 Validation accuracy: 4.77600e-01 Training loss 3.14574e-02 Validation loss 3.32382e-02 Time taken: 37.74 seconds 
Epoch: 67/200 Train accuracy: 6.20254e-01 Validation accuracy: 4.78600e-01 Training loss 3.14533e-02 Validation loss 3.32441e-02 Time taken: 38.11 seconds 
Epoch: 68/200 Train accuracy: 6.21069e-01 Validation accuracy: 4.78000e-01 Training loss 3.14508e-02 Validation loss 3.32507e-02 Time taken: 38.40 seconds 
Epoch: 69/200 Train accuracy: 6.21092e-01 Validation accuracy: 4.76800e-01 Training loss 3.14477e-02 Validation loss 3.32378e-02 Time taken: 39.71 seconds 
Epoch: 70/200 Train accuracy: 6.21846e-01 Validation accuracy: 4.79200e-01 Training loss 3.14438e-02 Validation loss 3.32524e-02 Time taken: 38.12 seconds 
Epoch: 71/200 Train accuracy: 6.21969e-01 Validation accuracy: 4.75400e-01 Training loss 3.14416e-02 Validation loss 3.32697e-02 Time taken: 38.24 seconds 
Epoch: 72/200 Train accuracy: 6.22454e-01 Validation accuracy: 4.76400e-01 Training loss 3.14372e-02 Validation loss 3.32582e-02 Time taken: 38.16 seconds 
Epoch: 73/200 Train accuracy: 6.22769e-01 Validation accuracy: 4.80400e-01 Training loss 3.14350e-02 Validation loss 3.32403e-02 Time taken: 38.27 seconds 
Epoch: 74/200 Train accuracy: 6.23277e-01 Validation accuracy: 4.79600e-01 Training loss 3.14323e-02 Validation loss 3.32667e-02 Time taken: 39.13 seconds 
Epoch: 75/200 Train accuracy: 6.23200e-01 Validation accuracy: 4.78800e-01 Training loss 3.14301e-02 Validation loss 3.32478e-02 Time taken: 38.06 seconds 
Epoch: 76/200 Train accuracy: 6.24085e-01 Validation accuracy: 4.77000e-01 Training loss 3.14247e-02 Validation loss 3.32329e-02 Time taken: 38.72 seconds 
Epoch: 77/200 Train accuracy: 6.24346e-01 Validation accuracy: 4.76600e-01 Training loss 3.14248e-02 Validation loss 3.32628e-02 Time taken: 38.34 seconds 
Epoch: 78/200 Train accuracy: 6.24754e-01 Validation accuracy: 4.78000e-01 Training loss 3.14212e-02 Validation loss 3.32388e-02 Time taken: 37.13 seconds 
Epoch: 79/200 Train accuracy: 6.24985e-01 Validation accuracy: 4.78400e-01 Training loss 3.14178e-02 Validation loss 3.32495e-02 Time taken: 39.12 seconds 
Epoch: 80/200 Train accuracy: 6.25038e-01 Validation accuracy: 4.79200e-01 Training loss 3.14166e-02 Validation loss 3.32395e-02 Time taken: 36.93 seconds 
Epoch: 81/200 Train accuracy: 6.25477e-01 Validation accuracy: 4.78600e-01 Training loss 3.14149e-02 Validation loss 3.32333e-02 Time taken: 37.71 seconds 
Epoch: 82/200 Train accuracy: 6.26277e-01 Validation accuracy: 4.80200e-01 Training loss 3.14104e-02 Validation loss 3.32501e-02 Time taken: 40.72 seconds 
Epoch: 83/200 Train accuracy: 6.26346e-01 Validation accuracy: 4.81200e-01 Training loss 3.14085e-02 Validation loss 3.32294e-02 Time taken: 39.67 seconds 
Epoch: 84/200 Train accuracy: 6.26215e-01 Validation accuracy: 4.80200e-01 Training loss 3.14061e-02 Validation loss 3.32395e-02 Time taken: 42.12 seconds 
Epoch: 85/200 Train accuracy: 6.26777e-01 Validation accuracy: 4.79600e-01 Training loss 3.14046e-02 Validation loss 3.32333e-02 Time taken: 40.27 seconds 
Epoch: 86/200 Train accuracy: 6.27192e-01 Validation accuracy: 4.78200e-01 Training loss 3.14026e-02 Validation loss 3.32541e-02 Time taken: 37.88 seconds 
Epoch: 87/200 Train accuracy: 6.27631e-01 Validation accuracy: 4.80400e-01 Training loss 3.13993e-02 Validation loss 3.32245e-02 Time taken: 36.94 seconds 
Epoch: 88/200 Train accuracy: 6.27823e-01 Validation accuracy: 4.79800e-01 Training loss 3.13960e-02 Validation loss 3.32286e-02 Time taken: 37.53 seconds 
Epoch: 89/200 Train accuracy: 6.28162e-01 Validation accuracy: 4.77000e-01 Training loss 3.13959e-02 Validation loss 3.32437e-02 Time taken: 40.20 seconds 
Epoch: 90/200 Train accuracy: 6.28338e-01 Validation accuracy: 4.76400e-01 Training loss 3.13921e-02 Validation loss 3.32556e-02 Time taken: 41.03 seconds 
Epoch: 91/200 Train accuracy: 6.28754e-01 Validation accuracy: 4.78600e-01 Training loss 3.13927e-02 Validation loss 3.32587e-02 Time taken: 40.05 seconds 
Epoch: 92/200 Train accuracy: 6.29023e-01 Validation accuracy: 4.77400e-01 Training loss 3.13877e-02 Validation loss 3.32372e-02 Time taken: 39.71 seconds 
Epoch: 93/200 Train accuracy: 6.29223e-01 Validation accuracy: 4.80000e-01 Training loss 3.13875e-02 Validation loss 3.32502e-02 Time taken: 41.11 seconds 
Epoch: 94/200 Train accuracy: 6.29562e-01 Validation accuracy: 4.80400e-01 Training loss 3.13855e-02 Validation loss 3.32366e-02 Time taken: 42.40 seconds 
Epoch: 95/200 Train accuracy: 6.29831e-01 Validation accuracy: 4.78600e-01 Training loss 3.13831e-02 Validation loss 3.32164e-02 Time taken: 51.68 seconds 
Epoch: 96/200 Train accuracy: 6.29792e-01 Validation accuracy: 4.77800e-01 Training loss 3.13814e-02 Validation loss 3.32672e-02 Time taken: 46.54 seconds 
Epoch: 97/200 Train accuracy: 6.30138e-01 Validation accuracy: 4.76600e-01 Training loss 3.13796e-02 Validation loss 3.32366e-02 Time taken: 41.33 seconds 
Epoch: 98/200 Train accuracy: 6.30438e-01 Validation accuracy: 4.79600e-01 Training loss 3.13782e-02 Validation loss 3.32465e-02 Time taken: 37.77 seconds 
Epoch: 99/200 Train accuracy: 6.30831e-01 Validation accuracy: 4.79000e-01 Training loss 3.13756e-02 Validation loss 3.32321e-02 Time taken: 37.28 seconds 
Epoch: 100/200 Train accuracy: 6.30831e-01 Validation accuracy: 4.79600e-01 Training loss 3.13747e-02 Validation loss 3.32475e-02 Time taken: 41.75 seconds 
Epoch: 101/200 Train accuracy: 6.30992e-01 Validation accuracy: 4.75400e-01 Training loss 3.13724e-02 Validation loss 3.32579e-02 Time taken: 37.80 seconds 
Epoch: 102/200 Train accuracy: 6.31015e-01 Validation accuracy: 4.74800e-01 Training loss 3.13720e-02 Validation loss 3.32628e-02 Time taken: 40.43 seconds 
Epoch: 103/200 Train accuracy: 6.31454e-01 Validation accuracy: 4.78800e-01 Training loss 3.13691e-02 Validation loss 3.32370e-02 Time taken: 41.62 seconds 
Epoch: 104/200 Train accuracy: 6.31723e-01 Validation accuracy: 4.76200e-01 Training loss 3.13674e-02 Validation loss 3.32321e-02 Time taken: 39.27 seconds 
Epoch: 105/200 Train accuracy: 6.31715e-01 Validation accuracy: 4.79400e-01 Training loss 3.13671e-02 Validation loss 3.32350e-02 Time taken: 38.84 seconds 
Epoch: 106/200 Train accuracy: 6.31815e-01 Validation accuracy: 4.77400e-01 Training loss 3.13643e-02 Validation loss 3.32397e-02 Time taken: 40.30 seconds 
Epoch: 107/200 Train accuracy: 6.32323e-01 Validation accuracy: 4.79000e-01 Training loss 3.13642e-02 Validation loss 3.32471e-02 Time taken: 40.81 seconds 
Epoch: 108/200 Train accuracy: 6.32523e-01 Validation accuracy: 4.80000e-01 Training loss 3.13614e-02 Validation loss 3.32284e-02 Time taken: 38.40 seconds 
Epoch: 109/200 Train accuracy: 6.32338e-01 Validation accuracy: 4.79000e-01 Training loss 3.13617e-02 Validation loss 3.32449e-02 Time taken: 41.58 seconds 
Epoch: 110/200 Train accuracy: 6.33054e-01 Validation accuracy: 4.80800e-01 Training loss 3.13592e-02 Validation loss 3.32469e-02 Time taken: 43.42 seconds 
Epoch: 111/200 Train accuracy: 6.33177e-01 Validation accuracy: 4.80200e-01 Training loss 3.13580e-02 Validation loss 3.32225e-02 Time taken: 39.62 seconds 
Epoch: 112/200 Train accuracy: 6.33315e-01 Validation accuracy: 4.78200e-01 Training loss 3.13560e-02 Validation loss 3.32339e-02 Time taken: 37.91 seconds 
Epoch: 113/200 Train accuracy: 6.34300e-01 Validation accuracy: 4.79400e-01 Training loss 3.13487e-02 Validation loss 3.32109e-02 Time taken: 39.22 seconds 
Epoch: 114/200 Train accuracy: 6.38592e-01 Validation accuracy: 4.85200e-01 Training loss 3.13167e-02 Validation loss 3.32033e-02 Time taken: 46.76 seconds 
Epoch: 115/200 Train accuracy: 6.39538e-01 Validation accuracy: 4.82200e-01 Training loss 3.13113e-02 Validation loss 3.32079e-02 Time taken: 41.38 seconds 
Epoch: 116/200 Train accuracy: 6.39454e-01 Validation accuracy: 4.82600e-01 Training loss 3.13090e-02 Validation loss 3.32073e-02 Time taken: 52.05 seconds 
Epoch: 117/200 Train accuracy: 6.40123e-01 Validation accuracy: 4.82000e-01 Training loss 3.13069e-02 Validation loss 3.32257e-02 Time taken: 46.60 seconds 
Epoch: 118/200 Train accuracy: 6.40462e-01 Validation accuracy: 4.84800e-01 Training loss 3.13034e-02 Validation loss 3.31897e-02 Time taken: 39.13 seconds 
Epoch: 119/200 Train accuracy: 6.40715e-01 Validation accuracy: 4.87600e-01 Training loss 3.13017e-02 Validation loss 3.31863e-02 Time taken: 44.02 seconds 
Epoch: 120/200 Train accuracy: 6.40785e-01 Validation accuracy: 4.84000e-01 Training loss 3.13009e-02 Validation loss 3.31874e-02 Time taken: 54.35 seconds 
Epoch: 121/200 Train accuracy: 6.41223e-01 Validation accuracy: 4.83000e-01 Training loss 3.12985e-02 Validation loss 3.31916e-02 Time taken: 46.67 seconds 
Epoch: 122/200 Train accuracy: 6.41646e-01 Validation accuracy: 4.82000e-01 Training loss 3.12953e-02 Validation loss 3.32069e-02 Time taken: 38.46 seconds 
Epoch: 123/200 Train accuracy: 6.41585e-01 Validation accuracy: 4.81000e-01 Training loss 3.12940e-02 Validation loss 3.32049e-02 Time taken: 38.18 seconds 
Epoch: 124/200 Train accuracy: 6.41785e-01 Validation accuracy: 4.85200e-01 Training loss 3.12930e-02 Validation loss 3.32084e-02 Time taken: 38.06 seconds 
Epoch: 125/200 Train accuracy: 6.42200e-01 Validation accuracy: 4.83200e-01 Training loss 3.12925e-02 Validation loss 3.32020e-02 Time taken: 41.55 seconds 
Epoch: 126/200 Train accuracy: 6.42023e-01 Validation accuracy: 4.85000e-01 Training loss 3.12906e-02 Validation loss 3.32146e-02 Time taken: 40.23 seconds 
Epoch: 127/200 Train accuracy: 6.42592e-01 Validation accuracy: 4.86400e-01 Training loss 3.12890e-02 Validation loss 3.31691e-02 Time taken: 36.75 seconds 
Epoch: 128/200 Train accuracy: 6.42569e-01 Validation accuracy: 4.87600e-01 Training loss 3.12870e-02 Validation loss 3.31853e-02 Time taken: 41.34 seconds 
Epoch: 129/200 Train accuracy: 6.42931e-01 Validation accuracy: 4.80800e-01 Training loss 3.12865e-02 Validation loss 3.32130e-02 Time taken: 39.21 seconds 
Epoch: 130/200 Train accuracy: 6.42815e-01 Validation accuracy: 4.87600e-01 Training loss 3.12847e-02 Validation loss 3.31822e-02 Time taken: 40.92 seconds 
Epoch: 131/200 Train accuracy: 6.43215e-01 Validation accuracy: 4.85000e-01 Training loss 3.12822e-02 Validation loss 3.31883e-02 Time taken: 39.11 seconds 
Epoch: 132/200 Train accuracy: 6.42946e-01 Validation accuracy: 4.87800e-01 Training loss 3.12829e-02 Validation loss 3.32030e-02 Time taken: 38.41 seconds 
Epoch: 133/200 Train accuracy: 6.43354e-01 Validation accuracy: 4.85200e-01 Training loss 3.12824e-02 Validation loss 3.32019e-02 Time taken: 38.87 seconds 
Epoch: 134/200 Train accuracy: 6.43708e-01 Validation accuracy: 4.83600e-01 Training loss 3.12799e-02 Validation loss 3.31954e-02 Time taken: 39.73 seconds 
Epoch: 135/200 Train accuracy: 6.43669e-01 Validation accuracy: 4.84400e-01 Training loss 3.12789e-02 Validation loss 3.31794e-02 Time taken: 38.78 seconds 
Epoch: 136/200 Train accuracy: 6.43954e-01 Validation accuracy: 4.85000e-01 Training loss 3.12779e-02 Validation loss 3.31795e-02 Time taken: 44.80 seconds 
Epoch: 137/200 Train accuracy: 6.43885e-01 Validation accuracy: 4.83400e-01 Training loss 3.12769e-02 Validation loss 3.31907e-02 Time taken: 46.62 seconds 
Epoch: 138/200 Train accuracy: 6.44069e-01 Validation accuracy: 4.84800e-01 Training loss 3.12755e-02 Validation loss 3.31783e-02 Time taken: 45.22 seconds 
Epoch: 139/200 Train accuracy: 6.44415e-01 Validation accuracy: 4.85000e-01 Training loss 3.12747e-02 Validation loss 3.31923e-02 Time taken: 40.38 seconds 
Epoch: 140/200 Train accuracy: 6.44423e-01 Validation accuracy: 4.86000e-01 Training loss 3.12736e-02 Validation loss 3.31942e-02 Time taken: 42.89 seconds 
Epoch: 141/200 Train accuracy: 6.44854e-01 Validation accuracy: 4.83600e-01 Training loss 3.12712e-02 Validation loss 3.31869e-02 Time taken: 49.47 seconds 
Epoch: 142/200 Train accuracy: 6.44500e-01 Validation accuracy: 4.83400e-01 Training loss 3.12710e-02 Validation loss 3.32054e-02 Time taken: 51.40 seconds 
Epoch: 143/200 Train accuracy: 6.44477e-01 Validation accuracy: 4.83800e-01 Training loss 3.12716e-02 Validation loss 3.32141e-02 Time taken: 42.90 seconds 
Epoch: 144/200 Train accuracy: 6.45031e-01 Validation accuracy: 4.81600e-01 Training loss 3.12695e-02 Validation loss 3.31925e-02 Time taken: 38.48 seconds 
Epoch: 145/200 Train accuracy: 6.45123e-01 Validation accuracy: 4.82400e-01 Training loss 3.12681e-02 Validation loss 3.32025e-02 Time taken: 39.97 seconds 
Epoch: 146/200 Train accuracy: 6.45046e-01 Validation accuracy: 4.84200e-01 Training loss 3.12685e-02 Validation loss 3.31926e-02 Time taken: 40.24 seconds 
Epoch: 147/200 Train accuracy: 6.45331e-01 Validation accuracy: 4.85800e-01 Training loss 3.12659e-02 Validation loss 3.31887e-02 Time taken: 37.07 seconds 
Epoch: 148/200 Train accuracy: 6.45446e-01 Validation accuracy: 4.83600e-01 Training loss 3.12666e-02 Validation loss 3.31962e-02 Time taken: 44.30 seconds 
Epoch: 149/200 Train accuracy: 6.45623e-01 Validation accuracy: 4.84400e-01 Training loss 3.12651e-02 Validation loss 3.31915e-02 Time taken: 43.92 seconds 
Epoch: 150/200 Train accuracy: 6.45685e-01 Validation accuracy: 4.84800e-01 Training loss 3.12639e-02 Validation loss 3.32023e-02 Time taken: 42.81 seconds 
Epoch: 151/200 Train accuracy: 6.45962e-01 Validation accuracy: 4.86600e-01 Training loss 3.12630e-02 Validation loss 3.31743e-02 Time taken: 40.59 seconds 
Epoch: 152/200 Train accuracy: 6.45869e-01 Validation accuracy: 4.84400e-01 Training loss 3.12622e-02 Validation loss 3.31953e-02 Time taken: 42.74 seconds 
Epoch: 153/200 Train accuracy: 6.46162e-01 Validation accuracy: 4.83800e-01 Training loss 3.12615e-02 Validation loss 3.32024e-02 Time taken: 47.88 seconds 
Epoch: 154/200 Train accuracy: 6.46262e-01 Validation accuracy: 4.84000e-01 Training loss 3.12613e-02 Validation loss 3.31954e-02 Time taken: 46.63 seconds 
Epoch: 155/200 Train accuracy: 6.46115e-01 Validation accuracy: 4.87000e-01 Training loss 3.12599e-02 Validation loss 3.31752e-02 Time taken: 39.79 seconds 
Epoch: 156/200 Train accuracy: 6.46262e-01 Validation accuracy: 4.84600e-01 Training loss 3.12591e-02 Validation loss 3.31931e-02 Time taken: 37.51 seconds 
Epoch: 157/200 Train accuracy: 6.46369e-01 Validation accuracy: 4.86000e-01 Training loss 3.12586e-02 Validation loss 3.31865e-02 Time taken: 38.48 seconds 
Epoch: 158/200 Train accuracy: 6.46446e-01 Validation accuracy: 4.84800e-01 Training loss 3.12579e-02 Validation loss 3.31981e-02 Time taken: 39.80 seconds 
Epoch: 159/200 Train accuracy: 6.46577e-01 Validation accuracy: 4.84600e-01 Training loss 3.12586e-02 Validation loss 3.31850e-02 Time taken: 39.40 seconds 
Epoch: 160/200 Train accuracy: 6.46815e-01 Validation accuracy: 4.87800e-01 Training loss 3.12565e-02 Validation loss 3.31795e-02 Time taken: 45.33 seconds 
Epoch: 161/200 Train accuracy: 6.46862e-01 Validation accuracy: 4.85200e-01 Training loss 3.12554e-02 Validation loss 3.31982e-02 Time taken: 45.65 seconds 
Epoch: 162/200 Train accuracy: 6.46792e-01 Validation accuracy: 4.86200e-01 Training loss 3.12558e-02 Validation loss 3.31737e-02 Time taken: 38.64 seconds 
Epoch: 163/200 Train accuracy: 6.46962e-01 Validation accuracy: 4.84800e-01 Training loss 3.12552e-02 Validation loss 3.31918e-02 Time taken: 35.92 seconds 
Epoch: 164/200 Train accuracy: 6.47277e-01 Validation accuracy: 4.84200e-01 Training loss 3.12532e-02 Validation loss 3.31862e-02 Time taken: 37.04 seconds 
Epoch: 165/200 Train accuracy: 6.47492e-01 Validation accuracy: 4.85200e-01 Training loss 3.12523e-02 Validation loss 3.31918e-02 Time taken: 39.09 seconds 
Epoch: 166/200 Train accuracy: 6.47523e-01 Validation accuracy: 4.85400e-01 Training loss 3.12514e-02 Validation loss 3.31703e-02 Time taken: 38.04 seconds 
Epoch: 167/200 Train accuracy: 6.47423e-01 Validation accuracy: 4.87600e-01 Training loss 3.12522e-02 Validation loss 3.31854e-02 Time taken: 36.54 seconds 
Epoch: 168/200 Train accuracy: 6.47669e-01 Validation accuracy: 4.87200e-01 Training loss 3.12511e-02 Validation loss 3.31738e-02 Time taken: 37.80 seconds 
Epoch: 169/200 Train accuracy: 6.47485e-01 Validation accuracy: 4.85200e-01 Training loss 3.12505e-02 Validation loss 3.31930e-02 Time taken: 39.19 seconds 
Epoch: 170/200 Train accuracy: 6.47608e-01 Validation accuracy: 4.85200e-01 Training loss 3.12491e-02 Validation loss 3.31951e-02 Time taken: 36.79 seconds 
Epoch: 171/200 Train accuracy: 6.48023e-01 Validation accuracy: 4.85200e-01 Training loss 3.12481e-02 Validation loss 3.31930e-02 Time taken: 36.53 seconds 
Epoch: 172/200 Train accuracy: 6.47692e-01 Validation accuracy: 4.86400e-01 Training loss 3.12490e-02 Validation loss 3.31849e-02 Time taken: 38.46 seconds 
Epoch: 173/200 Train accuracy: 6.47900e-01 Validation accuracy: 4.82600e-01 Training loss 3.12486e-02 Validation loss 3.31888e-02 Time taken: 37.44 seconds 
Epoch: 174/200 Train accuracy: 6.48285e-01 Validation accuracy: 4.84600e-01 Training loss 3.12469e-02 Validation loss 3.31907e-02 Time taken: 36.68 seconds 
Epoch: 175/200 Train accuracy: 6.48377e-01 Validation accuracy: 4.84800e-01 Training loss 3.12459e-02 Validation loss 3.31955e-02 Time taken: 36.78 seconds 
Epoch: 176/200 Train accuracy: 6.48292e-01 Validation accuracy: 4.86800e-01 Training loss 3.12462e-02 Validation loss 3.31888e-02 Time taken: 39.11 seconds 
Epoch: 177/200 Train accuracy: 6.48208e-01 Validation accuracy: 4.85800e-01 Training loss 3.12455e-02 Validation loss 3.31783e-02 Time taken: 38.18 seconds 
Epoch: 178/200 Train accuracy: 6.48708e-01 Validation accuracy: 4.86000e-01 Training loss 3.12445e-02 Validation loss 3.31703e-02 Time taken: 35.91 seconds 
Epoch: 179/200 Train accuracy: 6.48477e-01 Validation accuracy: 4.89000e-01 Training loss 3.12451e-02 Validation loss 3.31703e-02 Time taken: 38.19 seconds 
Epoch: 180/200 Train accuracy: 6.48823e-01 Validation accuracy: 4.89000e-01 Training loss 3.12438e-02 Validation loss 3.31821e-02 Time taken: 36.67 seconds 
Epoch: 181/200 Train accuracy: 6.48762e-01 Validation accuracy: 4.85000e-01 Training loss 3.12437e-02 Validation loss 3.31847e-02 Time taken: 37.97 seconds 
Epoch: 182/200 Train accuracy: 6.48785e-01 Validation accuracy: 4.86800e-01 Training loss 3.12435e-02 Validation loss 3.32016e-02 Time taken: 37.43 seconds 
Epoch: 183/200 Train accuracy: 6.48946e-01 Validation accuracy: 4.87200e-01 Training loss 3.12420e-02 Validation loss 3.31766e-02 Time taken: 38.39 seconds 
Epoch: 184/200 Train accuracy: 6.48915e-01 Validation accuracy: 4.87000e-01 Training loss 3.12417e-02 Validation loss 3.31862e-02 Time taken: 37.14 seconds 
Epoch: 185/200 Train accuracy: 6.48754e-01 Validation accuracy: 4.86600e-01 Training loss 3.12418e-02 Validation loss 3.31737e-02 Time taken: 39.49 seconds 
Epoch: 186/200 Train accuracy: 6.49246e-01 Validation accuracy: 4.85000e-01 Training loss 3.12403e-02 Validation loss 3.31903e-02 Time taken: 38.27 seconds 
Epoch: 187/200 Train accuracy: 6.49315e-01 Validation accuracy: 4.89000e-01 Training loss 3.12403e-02 Validation loss 3.31840e-02 Time taken: 38.93 seconds 
Epoch: 188/200 Train accuracy: 6.49300e-01 Validation accuracy: 4.87000e-01 Training loss 3.12392e-02 Validation loss 3.31860e-02 Time taken: 38.81 seconds 
Epoch: 189/200 Train accuracy: 6.49346e-01 Validation accuracy: 4.86800e-01 Training loss 3.12390e-02 Validation loss 3.31668e-02 Time taken: 38.21 seconds 
Epoch: 190/200 Train accuracy: 6.49485e-01 Validation accuracy: 4.88600e-01 Training loss 3.12383e-02 Validation loss 3.31753e-02 Time taken: 37.81 seconds 
Epoch: 191/200 Train accuracy: 6.49631e-01 Validation accuracy: 4.86400e-01 Training loss 3.12383e-02 Validation loss 3.31627e-02 Time taken: 39.33 seconds 
Epoch: 192/200 Train accuracy: 6.49385e-01 Validation accuracy: 4.84600e-01 Training loss 3.12376e-02 Validation loss 3.31921e-02 Time taken: 39.03 seconds 
Epoch: 193/200 Train accuracy: 6.49631e-01 Validation accuracy: 4.84200e-01 Training loss 3.12378e-02 Validation loss 3.31862e-02 Time taken: 37.46 seconds 
Epoch: 194/200 Train accuracy: 6.49915e-01 Validation accuracy: 4.84600e-01 Training loss 3.12364e-02 Validation loss 3.31897e-02 Time taken: 39.36 seconds 
Epoch: 195/200 Train accuracy: 6.49962e-01 Validation accuracy: 4.83000e-01 Training loss 3.12346e-02 Validation loss 3.31725e-02 Time taken: 42.66 seconds 
Epoch: 196/200 Train accuracy: 6.50023e-01 Validation accuracy: 4.84200e-01 Training loss 3.12358e-02 Validation loss 3.32046e-02 Time taken: 56.72 seconds 
Epoch: 197/200 Train accuracy: 6.50215e-01 Validation accuracy: 4.87600e-01 Training loss 3.12347e-02 Validation loss 3.31783e-02 Time taken: 52.29 seconds 
Epoch: 198/200 Train accuracy: 6.50215e-01 Validation accuracy: 4.84600e-01 Training loss 3.12350e-02 Validation loss 3.31785e-02 Time taken: 46.81 seconds 
Epoch: 199/200 Train accuracy: 6.50077e-01 Validation accuracy: 4.85400e-01 Training loss 3.12333e-02 Validation loss 3.31947e-02 Time taken: 43.05 seconds 
Epoch: 200/200 Train accuracy: 6.49985e-01 Validation accuracy: 4.85600e-01 Training loss 3.12338e-02 Validation loss 3.31738e-02 Time taken: 52.04 seconds 
Total time taken 2:14:09.907221
Cleaning up intermediate feature (.pt) files
Done


