Directory classifiers/jepa-iic-L2-seed43-classifier-pretrained-vitb-normalized-ep500 for saving the classifiers is now present
VisionTransformer(
  (patch_embed): PatchEmbed(
    (proj): Conv2d(3, 768, kernel_size=(15, 15), stride=(15, 15))
  )
  (blocks): ModuleList(
    (0-11): 12 x Block(
      (norm1): LayerNorm((768,), eps=1e-06, elementwise_affine=True)
      (attn): Attention(
        (qkv): Linear(in_features=768, out_features=2304, bias=True)
        (attn_drop): Dropout(p=0.0, inplace=False)
        (proj): Linear(in_features=768, out_features=768, bias=True)
        (proj_drop): Dropout(p=0.0, inplace=False)
      )
      (drop_path): Identity()
      (norm2): LayerNorm((768,), eps=1e-06, elementwise_affine=True)
      (mlp): MLP(
        (fc1): Linear(in_features=768, out_features=3072, bias=True)
        (act): GELU(approximate='none')
        (fc2): Linear(in_features=3072, out_features=768, bias=True)
        (drop): Dropout(p=0.0, inplace=False)
      )
    )
  )
  (norm): LayerNorm((768,), eps=1e-06, elementwise_affine=True)
)
Extracting features and saving them locally..
Epoch: 1/200 Train accuracy: 4.29956e-01 Validation accuracy: 6.29333e-01 Loss 1.27055e-02 Time taken: 1.61 seconds 
Epoch: 2/200 Train accuracy: 6.11729e-01 Validation accuracy: 6.55333e-01 Loss 1.14883e-02 Time taken: 1.63 seconds 
Epoch: 3/200 Train accuracy: 6.39803e-01 Validation accuracy: 6.63000e-01 Loss 1.12085e-02 Time taken: 1.65 seconds 
Epoch: 4/200 Train accuracy: 6.49209e-01 Validation accuracy: 6.72000e-01 Loss 1.10933e-02 Time taken: 1.64 seconds 
Epoch: 5/200 Train accuracy: 6.58971e-01 Validation accuracy: 6.72667e-01 Loss 1.10011e-02 Time taken: 1.65 seconds 
Epoch: 6/200 Train accuracy: 6.60895e-01 Validation accuracy: 6.76333e-01 Loss 1.09584e-02 Time taken: 1.64 seconds 
Epoch: 7/200 Train accuracy: 6.67094e-01 Validation accuracy: 6.75667e-01 Loss 1.09243e-02 Time taken: 1.62 seconds 
Epoch: 8/200 Train accuracy: 6.66809e-01 Validation accuracy: 6.81000e-01 Loss 1.08820e-02 Time taken: 1.73 seconds 
Epoch: 9/200 Train accuracy: 6.70657e-01 Validation accuracy: 6.79667e-01 Loss 1.08533e-02 Time taken: 1.60 seconds 
Epoch: 10/200 Train accuracy: 6.69659e-01 Validation accuracy: 6.81333e-01 Loss 1.08456e-02 Time taken: 1.62 seconds 
Epoch: 11/200 Train accuracy: 6.71512e-01 Validation accuracy: 6.86000e-01 Loss 1.08359e-02 Time taken: 1.62 seconds 
Epoch: 12/200 Train accuracy: 6.73507e-01 Validation accuracy: 6.84000e-01 Loss 1.08069e-02 Time taken: 1.73 seconds 
Epoch: 13/200 Train accuracy: 6.73507e-01 Validation accuracy: 6.88333e-01 Loss 1.08069e-02 Time taken: 1.61 seconds 
Epoch: 14/200 Train accuracy: 6.76001e-01 Validation accuracy: 6.83333e-01 Loss 1.07904e-02 Time taken: 1.62 seconds 
Epoch: 15/200 Train accuracy: 6.76072e-01 Validation accuracy: 6.85667e-01 Loss 1.07795e-02 Time taken: 1.61 seconds 
Epoch: 16/200 Train accuracy: 6.75360e-01 Validation accuracy: 6.89000e-01 Loss 1.07781e-02 Time taken: 1.91 seconds 
Epoch: 17/200 Train accuracy: 6.77640e-01 Validation accuracy: 6.88333e-01 Loss 1.07546e-02 Time taken: 1.72 seconds 
Epoch: 18/200 Train accuracy: 6.79350e-01 Validation accuracy: 6.88667e-01 Loss 1.07572e-02 Time taken: 1.68 seconds 
Epoch: 19/200 Train accuracy: 6.77498e-01 Validation accuracy: 6.91000e-01 Loss 1.07545e-02 Time taken: 1.63 seconds 
Epoch: 20/200 Train accuracy: 6.79208e-01 Validation accuracy: 6.92000e-01 Loss 1.07422e-02 Time taken: 1.62 seconds 
Epoch: 21/200 Train accuracy: 6.81203e-01 Validation accuracy: 6.94000e-01 Loss 1.07290e-02 Time taken: 1.61 seconds 
Epoch: 22/200 Train accuracy: 6.81844e-01 Validation accuracy: 6.91667e-01 Loss 1.07231e-02 Time taken: 1.65 seconds 
Epoch: 23/200 Train accuracy: 6.79706e-01 Validation accuracy: 6.92333e-01 Loss 1.07197e-02 Time taken: 1.61 seconds 
Epoch: 24/200 Train accuracy: 6.80561e-01 Validation accuracy: 6.91667e-01 Loss 1.07286e-02 Time taken: 1.77 seconds 
Epoch: 25/200 Train accuracy: 6.81987e-01 Validation accuracy: 6.91000e-01 Loss 1.07095e-02 Time taken: 1.74 seconds 
Epoch: 26/200 Train accuracy: 6.78566e-01 Validation accuracy: 6.91000e-01 Loss 1.07265e-02 Time taken: 2.08 seconds 
Epoch: 27/200 Train accuracy: 6.82842e-01 Validation accuracy: 6.95000e-01 Loss 1.07009e-02 Time taken: 2.15 seconds 
Epoch: 28/200 Train accuracy: 6.82058e-01 Validation accuracy: 6.95000e-01 Loss 1.07014e-02 Time taken: 2.52 seconds 
Epoch: 29/200 Train accuracy: 6.81987e-01 Validation accuracy: 6.93333e-01 Loss 1.06980e-02 Time taken: 2.34 seconds 
Epoch: 30/200 Train accuracy: 6.84338e-01 Validation accuracy: 6.94333e-01 Loss 1.06959e-02 Time taken: 2.40 seconds 
Epoch: 31/200 Train accuracy: 6.83697e-01 Validation accuracy: 6.96000e-01 Loss 1.06908e-02 Time taken: 2.47 seconds 
Epoch: 32/200 Train accuracy: 6.84837e-01 Validation accuracy: 6.94667e-01 Loss 1.06890e-02 Time taken: 2.25 seconds 
Epoch: 33/200 Train accuracy: 6.81417e-01 Validation accuracy: 6.95000e-01 Loss 1.06963e-02 Time taken: 2.13 seconds 
Epoch: 34/200 Train accuracy: 6.82628e-01 Validation accuracy: 6.97333e-01 Loss 1.06887e-02 Time taken: 2.12 seconds 
Epoch: 35/200 Train accuracy: 6.82557e-01 Validation accuracy: 6.95333e-01 Loss 1.06909e-02 Time taken: 2.36 seconds 
Epoch: 36/200 Train accuracy: 6.85478e-01 Validation accuracy: 6.94667e-01 Loss 1.06793e-02 Time taken: 2.24 seconds 
Epoch: 37/200 Train accuracy: 6.85549e-01 Validation accuracy: 6.96000e-01 Loss 1.06694e-02 Time taken: 2.34 seconds 
Epoch: 38/200 Train accuracy: 6.84124e-01 Validation accuracy: 6.91000e-01 Loss 1.06747e-02 Time taken: 2.34 seconds 
Epoch: 39/200 Train accuracy: 6.85193e-01 Validation accuracy: 6.97333e-01 Loss 1.06697e-02 Time taken: 2.16 seconds 
Epoch: 40/200 Train accuracy: 6.86191e-01 Validation accuracy: 6.93667e-01 Loss 1.06638e-02 Time taken: 2.40 seconds 
Epoch: 41/200 Train accuracy: 6.86903e-01 Validation accuracy: 6.94000e-01 Loss 1.06693e-02 Time taken: 2.12 seconds 
Epoch: 42/200 Train accuracy: 6.87830e-01 Validation accuracy: 6.97667e-01 Loss 1.06628e-02 Time taken: 2.13 seconds 
Epoch: 43/200 Train accuracy: 6.88471e-01 Validation accuracy: 6.95667e-01 Loss 1.06524e-02 Time taken: 2.25 seconds 
Epoch: 44/200 Train accuracy: 6.86404e-01 Validation accuracy: 6.97333e-01 Loss 1.06659e-02 Time taken: 2.24 seconds 
Epoch: 45/200 Train accuracy: 6.84481e-01 Validation accuracy: 6.94333e-01 Loss 1.06672e-02 Time taken: 2.16 seconds 
Epoch: 46/200 Train accuracy: 6.86832e-01 Validation accuracy: 6.96000e-01 Loss 1.06632e-02 Time taken: 2.04 seconds 
Epoch: 47/200 Train accuracy: 6.87331e-01 Validation accuracy: 6.97667e-01 Loss 1.06581e-02 Time taken: 2.21 seconds 
Epoch: 48/200 Train accuracy: 6.86191e-01 Validation accuracy: 6.98000e-01 Loss 1.06592e-02 Time taken: 2.23 seconds 
Epoch: 49/200 Train accuracy: 6.88970e-01 Validation accuracy: 6.92333e-01 Loss 1.06438e-02 Time taken: 2.02 seconds 
Epoch: 50/200 Train accuracy: 6.86689e-01 Validation accuracy: 6.98667e-01 Loss 1.06511e-02 Time taken: 2.38 seconds 
Epoch: 51/200 Train accuracy: 6.87473e-01 Validation accuracy: 6.96667e-01 Loss 1.06485e-02 Time taken: 2.41 seconds 
Epoch: 52/200 Train accuracy: 6.87545e-01 Validation accuracy: 6.98667e-01 Loss 1.06520e-02 Time taken: 2.33 seconds 
Epoch: 53/200 Train accuracy: 6.86048e-01 Validation accuracy: 6.98000e-01 Loss 1.06492e-02 Time taken: 2.32 seconds 
Epoch: 54/200 Train accuracy: 6.90110e-01 Validation accuracy: 6.98000e-01 Loss 1.06430e-02 Time taken: 2.28 seconds 
Epoch: 55/200 Train accuracy: 6.89112e-01 Validation accuracy: 6.92667e-01 Loss 1.06394e-02 Time taken: 2.23 seconds 
Epoch: 56/200 Train accuracy: 6.87188e-01 Validation accuracy: 6.96333e-01 Loss 1.06381e-02 Time taken: 2.20 seconds 
Epoch: 57/200 Train accuracy: 6.89255e-01 Validation accuracy: 6.96000e-01 Loss 1.06394e-02 Time taken: 2.01 seconds 
Epoch: 58/200 Train accuracy: 6.87545e-01 Validation accuracy: 6.98000e-01 Loss 1.06452e-02 Time taken: 2.13 seconds 
Epoch: 59/200 Train accuracy: 6.92319e-01 Validation accuracy: 6.96000e-01 Loss 1.06299e-02 Time taken: 2.25 seconds 
Epoch: 60/200 Train accuracy: 6.84979e-01 Validation accuracy: 6.96000e-01 Loss 1.06597e-02 Time taken: 2.26 seconds 
Epoch: 61/200 Train accuracy: 6.89682e-01 Validation accuracy: 6.96333e-01 Loss 1.06366e-02 Time taken: 2.44 seconds 
Epoch: 62/200 Train accuracy: 6.89540e-01 Validation accuracy: 6.95667e-01 Loss 1.06271e-02 Time taken: 2.30 seconds 
Epoch: 63/200 Train accuracy: 6.91179e-01 Validation accuracy: 6.93667e-01 Loss 1.06260e-02 Time taken: 2.14 seconds 
Epoch: 64/200 Train accuracy: 6.89682e-01 Validation accuracy: 6.96667e-01 Loss 1.06298e-02 Time taken: 2.17 seconds 
Epoch: 65/200 Train accuracy: 6.89183e-01 Validation accuracy: 6.97333e-01 Loss 1.06329e-02 Time taken: 2.18 seconds 
Epoch: 66/200 Train accuracy: 6.91036e-01 Validation accuracy: 6.95667e-01 Loss 1.06255e-02 Time taken: 2.44 seconds 
Epoch: 67/200 Train accuracy: 6.93316e-01 Validation accuracy: 6.97667e-01 Loss 1.06202e-02 Time taken: 2.34 seconds 
Epoch: 68/200 Train accuracy: 6.91891e-01 Validation accuracy: 6.96333e-01 Loss 1.06240e-02 Time taken: 2.17 seconds 
Epoch: 69/200 Train accuracy: 6.92034e-01 Validation accuracy: 6.97333e-01 Loss 1.06146e-02 Time taken: 2.12 seconds 
Epoch: 70/200 Train accuracy: 6.88257e-01 Validation accuracy: 6.95000e-01 Loss 1.06359e-02 Time taken: 2.13 seconds 
Epoch: 71/200 Train accuracy: 6.88685e-01 Validation accuracy: 6.96667e-01 Loss 1.06300e-02 Time taken: 2.19 seconds 
Epoch: 72/200 Train accuracy: 6.90680e-01 Validation accuracy: 6.99000e-01 Loss 1.06248e-02 Time taken: 2.67 seconds 
Epoch: 73/200 Train accuracy: 6.90609e-01 Validation accuracy: 7.00667e-01 Loss 1.06220e-02 Time taken: 2.14 seconds 
Epoch: 74/200 Train accuracy: 6.89112e-01 Validation accuracy: 6.98667e-01 Loss 1.06261e-02 Time taken: 2.12 seconds 
Epoch: 75/200 Train accuracy: 6.91535e-01 Validation accuracy: 6.96667e-01 Loss 1.06228e-02 Time taken: 2.37 seconds 
Epoch: 76/200 Train accuracy: 6.91179e-01 Validation accuracy: 6.95333e-01 Loss 1.06125e-02 Time taken: 2.00 seconds 
Epoch: 77/200 Train accuracy: 6.91179e-01 Validation accuracy: 6.97000e-01 Loss 1.06221e-02 Time taken: 2.31 seconds 
Epoch: 78/200 Train accuracy: 6.89540e-01 Validation accuracy: 6.95667e-01 Loss 1.06224e-02 Time taken: 2.38 seconds 
Epoch: 79/200 Train accuracy: 6.88257e-01 Validation accuracy: 6.99667e-01 Loss 1.06288e-02 Time taken: 2.37 seconds 
Epoch: 80/200 Train accuracy: 6.90252e-01 Validation accuracy: 7.00667e-01 Loss 1.06212e-02 Time taken: 2.19 seconds 
Epoch: 81/200 Train accuracy: 6.89468e-01 Validation accuracy: 6.95667e-01 Loss 1.06223e-02 Time taken: 2.26 seconds 
Epoch: 82/200 Train accuracy: 6.91107e-01 Validation accuracy: 6.95667e-01 Loss 1.06186e-02 Time taken: 2.10 seconds 
Epoch: 83/200 Train accuracy: 6.91464e-01 Validation accuracy: 6.98000e-01 Loss 1.06165e-02 Time taken: 2.40 seconds 
Epoch: 84/200 Train accuracy: 6.91392e-01 Validation accuracy: 6.98667e-01 Loss 1.06159e-02 Time taken: 2.39 seconds 
Epoch: 85/200 Train accuracy: 6.90680e-01 Validation accuracy: 7.01333e-01 Loss 1.06120e-02 Time taken: 2.23 seconds 
Epoch: 86/200 Train accuracy: 6.92034e-01 Validation accuracy: 6.97667e-01 Loss 1.06051e-02 Time taken: 2.45 seconds 
Epoch: 87/200 Train accuracy: 6.89967e-01 Validation accuracy: 7.00000e-01 Loss 1.06216e-02 Time taken: 2.27 seconds 
Epoch: 88/200 Train accuracy: 6.92817e-01 Validation accuracy: 6.97667e-01 Loss 1.06037e-02 Time taken: 2.45 seconds 
Epoch: 89/200 Train accuracy: 6.91606e-01 Validation accuracy: 7.00000e-01 Loss 1.06051e-02 Time taken: 2.14 seconds 
Epoch: 90/200 Train accuracy: 6.90324e-01 Validation accuracy: 6.98000e-01 Loss 1.06150e-02 Time taken: 2.35 seconds 
Epoch: 91/200 Train accuracy: 6.92889e-01 Validation accuracy: 6.99667e-01 Loss 1.05979e-02 Time taken: 2.40 seconds 
Epoch: 92/200 Train accuracy: 6.91606e-01 Validation accuracy: 6.99000e-01 Loss 1.06045e-02 Time taken: 2.11 seconds 
Epoch: 93/200 Train accuracy: 6.91321e-01 Validation accuracy: 6.94333e-01 Loss 1.06080e-02 Time taken: 2.33 seconds 
Epoch: 94/200 Train accuracy: 6.95810e-01 Validation accuracy: 7.00333e-01 Loss 1.05910e-02 Time taken: 2.22 seconds 
Epoch: 95/200 Train accuracy: 7.27091e-01 Validation accuracy: 7.62667e-01 Loss 1.03400e-02 Time taken: 2.38 seconds 
Epoch: 96/200 Train accuracy: 7.65071e-01 Validation accuracy: 7.76333e-01 Loss 1.00625e-02 Time taken: 2.31 seconds 
Epoch: 97/200 Train accuracy: 7.72624e-01 Validation accuracy: 7.76333e-01 Loss 1.00094e-02 Time taken: 2.35 seconds 
Epoch: 98/200 Train accuracy: 7.75046e-01 Validation accuracy: 7.80000e-01 Loss 9.98840e-03 Time taken: 2.14 seconds 
Epoch: 99/200 Train accuracy: 7.77540e-01 Validation accuracy: 7.81333e-01 Loss 9.98168e-03 Time taken: 2.29 seconds 
Epoch: 100/200 Train accuracy: 7.74263e-01 Validation accuracy: 7.85000e-01 Loss 9.98566e-03 Time taken: 2.28 seconds 
Epoch: 101/200 Train accuracy: 7.80105e-01 Validation accuracy: 7.82667e-01 Loss 9.96618e-03 Time taken: 2.34 seconds 
Epoch: 102/200 Train accuracy: 7.80105e-01 Validation accuracy: 7.84333e-01 Loss 9.94740e-03 Time taken: 2.40 seconds 
Epoch: 103/200 Train accuracy: 7.80961e-01 Validation accuracy: 7.84000e-01 Loss 9.95613e-03 Time taken: 2.49 seconds 
Epoch: 104/200 Train accuracy: 7.82314e-01 Validation accuracy: 7.85667e-01 Loss 9.94908e-03 Time taken: 2.22 seconds 
Epoch: 105/200 Train accuracy: 7.81032e-01 Validation accuracy: 7.89333e-01 Loss 9.93913e-03 Time taken: 2.33 seconds 
Epoch: 106/200 Train accuracy: 7.84595e-01 Validation accuracy: 7.87667e-01 Loss 9.92464e-03 Time taken: 2.37 seconds 
Epoch: 107/200 Train accuracy: 7.83169e-01 Validation accuracy: 7.88667e-01 Loss 9.92355e-03 Time taken: 2.19 seconds 
Epoch: 108/200 Train accuracy: 7.88941e-01 Validation accuracy: 7.91667e-01 Loss 9.90495e-03 Time taken: 2.20 seconds 
Epoch: 109/200 Train accuracy: 7.86803e-01 Validation accuracy: 7.87333e-01 Loss 9.90874e-03 Time taken: 2.29 seconds 
Epoch: 110/200 Train accuracy: 7.86233e-01 Validation accuracy: 7.90333e-01 Loss 9.91527e-03 Time taken: 2.22 seconds 
Epoch: 111/200 Train accuracy: 7.82884e-01 Validation accuracy: 7.91333e-01 Loss 9.92054e-03 Time taken: 2.17 seconds 
Epoch: 112/200 Train accuracy: 7.86661e-01 Validation accuracy: 7.91333e-01 Loss 9.90846e-03 Time taken: 2.45 seconds 
Epoch: 113/200 Train accuracy: 7.86020e-01 Validation accuracy: 7.91000e-01 Loss 9.90518e-03 Time taken: 2.27 seconds 
Epoch: 114/200 Train accuracy: 7.89939e-01 Validation accuracy: 7.94000e-01 Loss 9.89356e-03 Time taken: 2.26 seconds 
Epoch: 115/200 Train accuracy: 7.87659e-01 Validation accuracy: 7.92667e-01 Loss 9.90267e-03 Time taken: 2.34 seconds 
Epoch: 116/200 Train accuracy: 7.85521e-01 Validation accuracy: 7.94000e-01 Loss 9.91121e-03 Time taken: 2.33 seconds 
Epoch: 117/200 Train accuracy: 7.87730e-01 Validation accuracy: 7.89667e-01 Loss 9.89505e-03 Time taken: 2.40 seconds 
Epoch: 118/200 Train accuracy: 7.87374e-01 Validation accuracy: 7.89000e-01 Loss 9.89368e-03 Time taken: 2.09 seconds 
Epoch: 119/200 Train accuracy: 7.89012e-01 Validation accuracy: 7.92000e-01 Loss 9.88658e-03 Time taken: 2.24 seconds 
Epoch: 120/200 Train accuracy: 7.90366e-01 Validation accuracy: 7.88000e-01 Loss 9.88164e-03 Time taken: 2.31 seconds 
Epoch: 121/200 Train accuracy: 7.89155e-01 Validation accuracy: 7.91000e-01 Loss 9.88275e-03 Time taken: 2.22 seconds 
Epoch: 122/200 Train accuracy: 7.89654e-01 Validation accuracy: 7.94333e-01 Loss 9.87628e-03 Time taken: 2.20 seconds 
Epoch: 123/200 Train accuracy: 7.91079e-01 Validation accuracy: 7.92333e-01 Loss 9.88296e-03 Time taken: 2.24 seconds 
Epoch: 124/200 Train accuracy: 7.89725e-01 Validation accuracy: 7.92667e-01 Loss 9.88406e-03 Time taken: 2.31 seconds 
Epoch: 125/200 Train accuracy: 7.86376e-01 Validation accuracy: 7.92000e-01 Loss 9.89107e-03 Time taken: 2.11 seconds 
Epoch: 126/200 Train accuracy: 7.89440e-01 Validation accuracy: 7.91667e-01 Loss 9.88945e-03 Time taken: 2.14 seconds 
Epoch: 127/200 Train accuracy: 7.93074e-01 Validation accuracy: 7.95667e-01 Loss 9.85971e-03 Time taken: 2.20 seconds 
Epoch: 128/200 Train accuracy: 7.87445e-01 Validation accuracy: 7.94333e-01 Loss 9.89070e-03 Time taken: 2.21 seconds 
Epoch: 129/200 Train accuracy: 7.93644e-01 Validation accuracy: 7.94000e-01 Loss 9.86159e-03 Time taken: 2.25 seconds 
Epoch: 130/200 Train accuracy: 7.91435e-01 Validation accuracy: 7.95333e-01 Loss 9.86779e-03 Time taken: 2.26 seconds 
Epoch: 131/200 Train accuracy: 7.91293e-01 Validation accuracy: 7.93333e-01 Loss 9.87167e-03 Time taken: 2.15 seconds 
Epoch: 132/200 Train accuracy: 7.88941e-01 Validation accuracy: 7.93667e-01 Loss 9.88457e-03 Time taken: 2.18 seconds 
Epoch: 133/200 Train accuracy: 7.92718e-01 Validation accuracy: 7.96667e-01 Loss 9.86600e-03 Time taken: 2.40 seconds 
Epoch: 134/200 Train accuracy: 7.87659e-01 Validation accuracy: 7.95667e-01 Loss 9.88522e-03 Time taken: 2.33 seconds 
Epoch: 135/200 Train accuracy: 7.89939e-01 Validation accuracy: 7.92667e-01 Loss 9.86229e-03 Time taken: 2.34 seconds 
Epoch: 136/200 Train accuracy: 7.93359e-01 Validation accuracy: 7.91667e-01 Loss 9.86038e-03 Time taken: 2.40 seconds 
Epoch: 137/200 Train accuracy: 7.90366e-01 Validation accuracy: 7.97000e-01 Loss 9.87031e-03 Time taken: 2.31 seconds 
Epoch: 138/200 Train accuracy: 7.89796e-01 Validation accuracy: 7.94000e-01 Loss 9.87124e-03 Time taken: 2.33 seconds 
Epoch: 139/200 Train accuracy: 7.92076e-01 Validation accuracy: 7.94000e-01 Loss 9.86517e-03 Time taken: 2.43 seconds 
Epoch: 140/200 Train accuracy: 7.90081e-01 Validation accuracy: 7.98333e-01 Loss 9.86761e-03 Time taken: 2.23 seconds 
Epoch: 141/200 Train accuracy: 7.91720e-01 Validation accuracy: 7.89667e-01 Loss 9.86577e-03 Time taken: 2.35 seconds 
Epoch: 142/200 Train accuracy: 7.89297e-01 Validation accuracy: 7.93667e-01 Loss 9.86612e-03 Time taken: 2.29 seconds 
Epoch: 143/200 Train accuracy: 7.93858e-01 Validation accuracy: 7.94667e-01 Loss 9.84765e-03 Time taken: 2.21 seconds 
Epoch: 144/200 Train accuracy: 7.92718e-01 Validation accuracy: 7.96333e-01 Loss 9.85950e-03 Time taken: 2.25 seconds 
Epoch: 145/200 Train accuracy: 7.90865e-01 Validation accuracy: 7.95667e-01 Loss 9.86418e-03 Time taken: 2.14 seconds 
Epoch: 146/200 Train accuracy: 7.91649e-01 Validation accuracy: 7.96000e-01 Loss 9.85992e-03 Time taken: 2.42 seconds 
Epoch: 147/200 Train accuracy: 7.92433e-01 Validation accuracy: 7.95667e-01 Loss 9.85369e-03 Time taken: 2.40 seconds 
Epoch: 148/200 Train accuracy: 7.89511e-01 Validation accuracy: 7.94000e-01 Loss 9.86793e-03 Time taken: 2.24 seconds 
Epoch: 149/200 Train accuracy: 7.90651e-01 Validation accuracy: 7.94333e-01 Loss 9.86288e-03 Time taken: 2.16 seconds 
Epoch: 150/200 Train accuracy: 7.93715e-01 Validation accuracy: 7.93667e-01 Loss 9.85109e-03 Time taken: 2.24 seconds 
Epoch: 151/200 Train accuracy: 7.92575e-01 Validation accuracy: 7.99000e-01 Loss 9.84910e-03 Time taken: 2.42 seconds 
Epoch: 152/200 Train accuracy: 7.94357e-01 Validation accuracy: 7.94000e-01 Loss 9.84076e-03 Time taken: 2.40 seconds 
Epoch: 153/200 Train accuracy: 7.93003e-01 Validation accuracy: 7.94667e-01 Loss 9.84684e-03 Time taken: 2.21 seconds 
Epoch: 154/200 Train accuracy: 7.92646e-01 Validation accuracy: 7.95000e-01 Loss 9.85169e-03 Time taken: 2.24 seconds 
Epoch: 155/200 Train accuracy: 7.92148e-01 Validation accuracy: 7.95667e-01 Loss 9.84818e-03 Time taken: 2.32 seconds 
Epoch: 156/200 Train accuracy: 7.92789e-01 Validation accuracy: 7.92000e-01 Loss 9.84477e-03 Time taken: 2.24 seconds 
Epoch: 157/200 Train accuracy: 7.96708e-01 Validation accuracy: 7.95333e-01 Loss 9.81996e-03 Time taken: 2.28 seconds 
Epoch: 158/200 Train accuracy: 7.92433e-01 Validation accuracy: 7.91667e-01 Loss 9.84853e-03 Time taken: 2.33 seconds 
Epoch: 159/200 Train accuracy: 7.93858e-01 Validation accuracy: 7.93333e-01 Loss 9.84944e-03 Time taken: 2.29 seconds 
Epoch: 160/200 Train accuracy: 7.95568e-01 Validation accuracy: 7.95333e-01 Loss 9.83642e-03 Time taken: 2.23 seconds 
Epoch: 161/200 Train accuracy: 7.97064e-01 Validation accuracy: 7.92667e-01 Loss 9.82967e-03 Time taken: 2.13 seconds 
Epoch: 162/200 Train accuracy: 7.93216e-01 Validation accuracy: 7.96333e-01 Loss 9.84506e-03 Time taken: 2.18 seconds 
Epoch: 163/200 Train accuracy: 7.94072e-01 Validation accuracy: 7.94667e-01 Loss 9.83447e-03 Time taken: 2.29 seconds 
Epoch: 164/200 Train accuracy: 7.94357e-01 Validation accuracy: 7.95000e-01 Loss 9.83863e-03 Time taken: 2.20 seconds 
Epoch: 165/200 Train accuracy: 7.94428e-01 Validation accuracy: 7.95333e-01 Loss 9.84228e-03 Time taken: 2.27 seconds 
Epoch: 166/200 Train accuracy: 7.93573e-01 Validation accuracy: 7.97000e-01 Loss 9.84078e-03 Time taken: 2.34 seconds 
Epoch: 167/200 Train accuracy: 7.93145e-01 Validation accuracy: 7.95667e-01 Loss 9.83500e-03 Time taken: 2.47 seconds 
Epoch: 168/200 Train accuracy: 7.96423e-01 Validation accuracy: 7.89667e-01 Loss 9.83151e-03 Time taken: 2.42 seconds 
Epoch: 169/200 Train accuracy: 7.93715e-01 Validation accuracy: 7.96667e-01 Loss 9.83828e-03 Time taken: 2.38 seconds 
Epoch: 170/200 Train accuracy: 7.93573e-01 Validation accuracy: 7.96667e-01 Loss 9.84479e-03 Time taken: 2.27 seconds 
Epoch: 171/200 Train accuracy: 7.93644e-01 Validation accuracy: 7.96667e-01 Loss 9.82911e-03 Time taken: 2.05 seconds 
Epoch: 172/200 Train accuracy: 7.94499e-01 Validation accuracy: 7.95333e-01 Loss 9.83303e-03 Time taken: 2.26 seconds 
Epoch: 173/200 Train accuracy: 7.97634e-01 Validation accuracy: 7.93667e-01 Loss 9.82406e-03 Time taken: 2.33 seconds 
Epoch: 174/200 Train accuracy: 7.92575e-01 Validation accuracy: 7.98333e-01 Loss 9.83867e-03 Time taken: 2.35 seconds 
Epoch: 175/200 Train accuracy: 7.93787e-01 Validation accuracy: 7.96667e-01 Loss 9.83474e-03 Time taken: 2.18 seconds 
Epoch: 176/200 Train accuracy: 7.95639e-01 Validation accuracy: 7.99333e-01 Loss 9.83516e-03 Time taken: 2.28 seconds 
Epoch: 177/200 Train accuracy: 7.95283e-01 Validation accuracy: 7.96667e-01 Loss 9.82656e-03 Time taken: 2.36 seconds 
Epoch: 178/200 Train accuracy: 7.93003e-01 Validation accuracy: 7.93667e-01 Loss 9.82758e-03 Time taken: 2.23 seconds 
Epoch: 179/200 Train accuracy: 7.94499e-01 Validation accuracy: 7.96667e-01 Loss 9.83482e-03 Time taken: 2.34 seconds 
Epoch: 180/200 Train accuracy: 7.94000e-01 Validation accuracy: 7.94667e-01 Loss 9.83446e-03 Time taken: 2.13 seconds 
Epoch: 181/200 Train accuracy: 7.90723e-01 Validation accuracy: 7.94333e-01 Loss 9.85181e-03 Time taken: 2.14 seconds 
Epoch: 182/200 Train accuracy: 7.91435e-01 Validation accuracy: 7.95000e-01 Loss 9.83456e-03 Time taken: 2.25 seconds 
Epoch: 183/200 Train accuracy: 7.94214e-01 Validation accuracy: 7.97000e-01 Loss 9.83587e-03 Time taken: 2.12 seconds 
Epoch: 184/200 Train accuracy: 7.93430e-01 Validation accuracy: 7.97000e-01 Loss 9.84533e-03 Time taken: 2.32 seconds 
Epoch: 185/200 Train accuracy: 7.93644e-01 Validation accuracy: 7.97667e-01 Loss 9.82808e-03 Time taken: 2.15 seconds 
Epoch: 186/200 Train accuracy: 7.92718e-01 Validation accuracy: 7.96333e-01 Loss 9.83404e-03 Time taken: 2.27 seconds 
Epoch: 187/200 Train accuracy: 7.96352e-01 Validation accuracy: 7.94000e-01 Loss 9.82337e-03 Time taken: 2.16 seconds 
Epoch: 188/200 Train accuracy: 7.92860e-01 Validation accuracy: 7.94333e-01 Loss 9.82815e-03 Time taken: 2.34 seconds 
Epoch: 189/200 Train accuracy: 7.95639e-01 Validation accuracy: 7.95667e-01 Loss 9.81484e-03 Time taken: 2.21 seconds 
Epoch: 190/200 Train accuracy: 7.93074e-01 Validation accuracy: 7.96333e-01 Loss 9.82857e-03 Time taken: 2.09 seconds 
Epoch: 191/200 Train accuracy: 7.96138e-01 Validation accuracy: 7.94667e-01 Loss 9.82450e-03 Time taken: 2.44 seconds 
Epoch: 192/200 Train accuracy: 7.92931e-01 Validation accuracy: 7.98667e-01 Loss 9.82713e-03 Time taken: 2.35 seconds 
Epoch: 193/200 Train accuracy: 7.93430e-01 Validation accuracy: 7.98000e-01 Loss 9.83278e-03 Time taken: 2.18 seconds 
Epoch: 194/200 Train accuracy: 7.91578e-01 Validation accuracy: 7.99667e-01 Loss 9.84524e-03 Time taken: 2.17 seconds 
Epoch: 195/200 Train accuracy: 7.96067e-01 Validation accuracy: 7.92333e-01 Loss 9.81664e-03 Time taken: 2.18 seconds 
Epoch: 196/200 Train accuracy: 7.95354e-01 Validation accuracy: 7.99000e-01 Loss 9.81727e-03 Time taken: 2.12 seconds 
Epoch: 197/200 Train accuracy: 7.92504e-01 Validation accuracy: 7.93667e-01 Loss 9.83952e-03 Time taken: 2.30 seconds 
Epoch: 198/200 Train accuracy: 7.93074e-01 Validation accuracy: 7.98333e-01 Loss 9.82477e-03 Time taken: 2.23 seconds 
Epoch: 199/200 Train accuracy: 7.95639e-01 Validation accuracy: 7.95000e-01 Loss 9.83211e-03 Time taken: 2.25 seconds 
Epoch: 200/200 Train accuracy: 7.93573e-01 Validation accuracy: 7.93333e-01 Loss 9.83787e-03 Time taken: 2.24 seconds 
Total time taken 0:07:19.544185
Cleaning up intermediate feature (.pt) files
Done


