Directory classifiers/jepa-iic-L2-seed43-classifier-pretrained-vitb-normalized-ep400 for saving the classifiers is now present
VisionTransformer(
  (patch_embed): PatchEmbed(
    (proj): Conv2d(3, 768, kernel_size=(15, 15), stride=(15, 15))
  )
  (blocks): ModuleList(
    (0-11): 12 x Block(
      (norm1): LayerNorm((768,), eps=1e-06, elementwise_affine=True)
      (attn): Attention(
        (qkv): Linear(in_features=768, out_features=2304, bias=True)
        (attn_drop): Dropout(p=0.0, inplace=False)
        (proj): Linear(in_features=768, out_features=768, bias=True)
        (proj_drop): Dropout(p=0.0, inplace=False)
      )
      (drop_path): Identity()
      (norm2): LayerNorm((768,), eps=1e-06, elementwise_affine=True)
      (mlp): MLP(
        (fc1): Linear(in_features=768, out_features=3072, bias=True)
        (act): GELU(approximate='none')
        (fc2): Linear(in_features=3072, out_features=768, bias=True)
        (drop): Dropout(p=0.0, inplace=False)
      )
    )
  )
  (norm): LayerNorm((768,), eps=1e-06, elementwise_affine=True)
)
Extracting features and saving them locally..
Epoch: 1/200 Train accuracy: 3.11387e-01 Validation accuracy: 5.35667e-01 Loss 1.34483e-02 Time taken: 1.80 seconds 
Epoch: 2/200 Train accuracy: 5.57076e-01 Validation accuracy: 6.27667e-01 Loss 1.18140e-02 Time taken: 1.60 seconds 
Epoch: 3/200 Train accuracy: 6.19567e-01 Validation accuracy: 6.51333e-01 Loss 1.13282e-02 Time taken: 1.62 seconds 
Epoch: 4/200 Train accuracy: 6.35813e-01 Validation accuracy: 6.59333e-01 Loss 1.11736e-02 Time taken: 1.59 seconds 
Epoch: 5/200 Train accuracy: 6.41513e-01 Validation accuracy: 6.57000e-01 Loss 1.11005e-02 Time taken: 1.57 seconds 
Epoch: 6/200 Train accuracy: 6.51917e-01 Validation accuracy: 6.63333e-01 Loss 1.10213e-02 Time taken: 1.63 seconds 
Epoch: 7/200 Train accuracy: 6.52843e-01 Validation accuracy: 6.65333e-01 Loss 1.09885e-02 Time taken: 1.62 seconds 
Epoch: 8/200 Train accuracy: 6.61323e-01 Validation accuracy: 6.65333e-01 Loss 1.09541e-02 Time taken: 1.64 seconds 
Epoch: 9/200 Train accuracy: 6.71512e-01 Validation accuracy: 7.24333e-01 Loss 1.08362e-02 Time taken: 1.59 seconds 
Epoch: 10/200 Train accuracy: 7.19823e-01 Validation accuracy: 7.34000e-01 Loss 1.05027e-02 Time taken: 1.62 seconds 
Epoch: 11/200 Train accuracy: 7.28944e-01 Validation accuracy: 7.40333e-01 Loss 1.04243e-02 Time taken: 1.63 seconds 
Epoch: 12/200 Train accuracy: 7.37922e-01 Validation accuracy: 7.46333e-01 Loss 1.03707e-02 Time taken: 1.61 seconds 
Epoch: 13/200 Train accuracy: 7.41912e-01 Validation accuracy: 7.47000e-01 Loss 1.03421e-02 Time taken: 1.60 seconds 
Epoch: 14/200 Train accuracy: 7.42198e-01 Validation accuracy: 7.47667e-01 Loss 1.03124e-02 Time taken: 1.88 seconds 
Epoch: 15/200 Train accuracy: 7.41485e-01 Validation accuracy: 7.55333e-01 Loss 1.03035e-02 Time taken: 1.71 seconds 
Epoch: 16/200 Train accuracy: 7.47470e-01 Validation accuracy: 7.55000e-01 Loss 1.02766e-02 Time taken: 1.70 seconds 
Epoch: 17/200 Train accuracy: 7.47470e-01 Validation accuracy: 7.52667e-01 Loss 1.02752e-02 Time taken: 1.59 seconds 
Epoch: 18/200 Train accuracy: 7.45262e-01 Validation accuracy: 7.48000e-01 Loss 1.02599e-02 Time taken: 1.61 seconds 
Epoch: 19/200 Train accuracy: 7.51888e-01 Validation accuracy: 7.60000e-01 Loss 1.02329e-02 Time taken: 1.61 seconds 
Epoch: 20/200 Train accuracy: 7.50748e-01 Validation accuracy: 7.61333e-01 Loss 1.02321e-02 Time taken: 1.60 seconds 
Epoch: 21/200 Train accuracy: 7.53313e-01 Validation accuracy: 7.52667e-01 Loss 1.02216e-02 Time taken: 1.60 seconds 
Epoch: 22/200 Train accuracy: 7.52458e-01 Validation accuracy: 7.58000e-01 Loss 1.02136e-02 Time taken: 1.71 seconds 
Epoch: 23/200 Train accuracy: 7.52815e-01 Validation accuracy: 7.57667e-01 Loss 1.02036e-02 Time taken: 1.75 seconds 
Epoch: 24/200 Train accuracy: 7.52815e-01 Validation accuracy: 7.59667e-01 Loss 1.02003e-02 Time taken: 2.22 seconds 
Epoch: 25/200 Train accuracy: 7.57874e-01 Validation accuracy: 7.62000e-01 Loss 1.01735e-02 Time taken: 2.15 seconds 
Epoch: 26/200 Train accuracy: 7.56235e-01 Validation accuracy: 7.59667e-01 Loss 1.01690e-02 Time taken: 2.07 seconds 
Epoch: 27/200 Train accuracy: 7.57019e-01 Validation accuracy: 7.61000e-01 Loss 1.01769e-02 Time taken: 2.02 seconds 
Epoch: 28/200 Train accuracy: 7.55950e-01 Validation accuracy: 7.62000e-01 Loss 1.01668e-02 Time taken: 2.12 seconds 
Epoch: 29/200 Train accuracy: 7.58586e-01 Validation accuracy: 7.62667e-01 Loss 1.01489e-02 Time taken: 2.25 seconds 
Epoch: 30/200 Train accuracy: 7.59798e-01 Validation accuracy: 7.64667e-01 Loss 1.01521e-02 Time taken: 2.03 seconds 
Epoch: 31/200 Train accuracy: 7.57731e-01 Validation accuracy: 7.65333e-01 Loss 1.01449e-02 Time taken: 2.21 seconds 
Epoch: 32/200 Train accuracy: 7.60581e-01 Validation accuracy: 7.66333e-01 Loss 1.01277e-02 Time taken: 2.05 seconds 
Epoch: 33/200 Train accuracy: 7.65142e-01 Validation accuracy: 7.67000e-01 Loss 1.01153e-02 Time taken: 2.23 seconds 
Epoch: 34/200 Train accuracy: 7.61009e-01 Validation accuracy: 7.64333e-01 Loss 1.01318e-02 Time taken: 2.25 seconds 
Epoch: 35/200 Train accuracy: 7.59940e-01 Validation accuracy: 7.71333e-01 Loss 1.01318e-02 Time taken: 2.23 seconds 
Epoch: 36/200 Train accuracy: 7.61223e-01 Validation accuracy: 7.66667e-01 Loss 1.01135e-02 Time taken: 2.26 seconds 
Epoch: 37/200 Train accuracy: 7.62149e-01 Validation accuracy: 7.66667e-01 Loss 1.01219e-02 Time taken: 2.25 seconds 
Epoch: 38/200 Train accuracy: 7.61080e-01 Validation accuracy: 7.66000e-01 Loss 1.01184e-02 Time taken: 2.19 seconds 
Epoch: 39/200 Train accuracy: 7.62363e-01 Validation accuracy: 7.68000e-01 Loss 1.01082e-02 Time taken: 2.02 seconds 
Epoch: 40/200 Train accuracy: 7.64073e-01 Validation accuracy: 7.68667e-01 Loss 1.01012e-02 Time taken: 2.09 seconds 
Epoch: 41/200 Train accuracy: 7.62862e-01 Validation accuracy: 7.65000e-01 Loss 1.01011e-02 Time taken: 2.15 seconds 
Epoch: 42/200 Train accuracy: 7.62149e-01 Validation accuracy: 7.68333e-01 Loss 1.01025e-02 Time taken: 2.25 seconds 
Epoch: 43/200 Train accuracy: 7.67850e-01 Validation accuracy: 7.66667e-01 Loss 1.00813e-02 Time taken: 2.10 seconds 
Epoch: 44/200 Train accuracy: 7.65284e-01 Validation accuracy: 7.74333e-01 Loss 1.00888e-02 Time taken: 2.36 seconds 
Epoch: 45/200 Train accuracy: 7.66424e-01 Validation accuracy: 7.70333e-01 Loss 1.00701e-02 Time taken: 2.18 seconds 
Epoch: 46/200 Train accuracy: 7.64002e-01 Validation accuracy: 7.69000e-01 Loss 1.00950e-02 Time taken: 2.21 seconds 
Epoch: 47/200 Train accuracy: 7.66282e-01 Validation accuracy: 7.74000e-01 Loss 1.00839e-02 Time taken: 2.16 seconds 
Epoch: 48/200 Train accuracy: 7.67422e-01 Validation accuracy: 7.70333e-01 Loss 1.00654e-02 Time taken: 2.10 seconds 
Epoch: 49/200 Train accuracy: 7.64928e-01 Validation accuracy: 7.77000e-01 Loss 1.00675e-02 Time taken: 2.32 seconds 
Epoch: 50/200 Train accuracy: 7.71127e-01 Validation accuracy: 7.70000e-01 Loss 1.00568e-02 Time taken: 2.07 seconds 
Epoch: 51/200 Train accuracy: 7.67564e-01 Validation accuracy: 7.77333e-01 Loss 1.00576e-02 Time taken: 2.28 seconds 
Epoch: 52/200 Train accuracy: 7.66923e-01 Validation accuracy: 7.70333e-01 Loss 1.00690e-02 Time taken: 2.12 seconds 
Epoch: 53/200 Train accuracy: 7.65641e-01 Validation accuracy: 7.70333e-01 Loss 1.00735e-02 Time taken: 2.28 seconds 
Epoch: 54/200 Train accuracy: 7.67137e-01 Validation accuracy: 7.74000e-01 Loss 1.00624e-02 Time taken: 2.34 seconds 
Epoch: 55/200 Train accuracy: 7.67279e-01 Validation accuracy: 7.71333e-01 Loss 1.00685e-02 Time taken: 2.36 seconds 
Epoch: 56/200 Train accuracy: 7.68277e-01 Validation accuracy: 7.69000e-01 Loss 1.00510e-02 Time taken: 2.01 seconds 
Epoch: 57/200 Train accuracy: 7.68633e-01 Validation accuracy: 7.76000e-01 Loss 1.00585e-02 Time taken: 2.14 seconds 
Epoch: 58/200 Train accuracy: 7.67850e-01 Validation accuracy: 7.77000e-01 Loss 1.00557e-02 Time taken: 2.02 seconds 
Epoch: 59/200 Train accuracy: 7.69702e-01 Validation accuracy: 7.74667e-01 Loss 1.00414e-02 Time taken: 2.24 seconds 
Epoch: 60/200 Train accuracy: 7.68776e-01 Validation accuracy: 7.74667e-01 Loss 1.00456e-02 Time taken: 2.27 seconds 
Epoch: 61/200 Train accuracy: 7.69631e-01 Validation accuracy: 7.74667e-01 Loss 1.00375e-02 Time taken: 2.25 seconds 
Epoch: 62/200 Train accuracy: 7.70058e-01 Validation accuracy: 7.76000e-01 Loss 1.00358e-02 Time taken: 2.05 seconds 
Epoch: 63/200 Train accuracy: 7.71769e-01 Validation accuracy: 7.72333e-01 Loss 1.00215e-02 Time taken: 2.29 seconds 
Epoch: 64/200 Train accuracy: 7.69702e-01 Validation accuracy: 7.73000e-01 Loss 1.00403e-02 Time taken: 2.33 seconds 
Epoch: 65/200 Train accuracy: 7.71199e-01 Validation accuracy: 7.76667e-01 Loss 1.00389e-02 Time taken: 2.28 seconds 
Epoch: 66/200 Train accuracy: 7.70842e-01 Validation accuracy: 7.77333e-01 Loss 1.00349e-02 Time taken: 2.27 seconds 
Epoch: 67/200 Train accuracy: 7.73479e-01 Validation accuracy: 7.73333e-01 Loss 1.00220e-02 Time taken: 2.14 seconds 
Epoch: 68/200 Train accuracy: 7.72054e-01 Validation accuracy: 7.72333e-01 Loss 1.00276e-02 Time taken: 2.13 seconds 
Epoch: 69/200 Train accuracy: 7.69702e-01 Validation accuracy: 7.69667e-01 Loss 1.00349e-02 Time taken: 2.05 seconds 
Epoch: 70/200 Train accuracy: 7.75403e-01 Validation accuracy: 7.76000e-01 Loss 1.00062e-02 Time taken: 2.09 seconds 
Epoch: 71/200 Train accuracy: 7.71697e-01 Validation accuracy: 7.74333e-01 Loss 1.00280e-02 Time taken: 2.38 seconds 
Epoch: 72/200 Train accuracy: 7.71982e-01 Validation accuracy: 7.72000e-01 Loss 1.00154e-02 Time taken: 2.09 seconds 
Epoch: 73/200 Train accuracy: 7.72196e-01 Validation accuracy: 7.71333e-01 Loss 1.00176e-02 Time taken: 2.12 seconds 
Epoch: 74/200 Train accuracy: 7.75545e-01 Validation accuracy: 7.74000e-01 Loss 1.00008e-02 Time taken: 2.13 seconds 
Epoch: 75/200 Train accuracy: 7.73692e-01 Validation accuracy: 7.74000e-01 Loss 1.00118e-02 Time taken: 2.33 seconds 
Epoch: 76/200 Train accuracy: 7.73550e-01 Validation accuracy: 7.75667e-01 Loss 1.00079e-02 Time taken: 2.36 seconds 
Epoch: 77/200 Train accuracy: 7.76400e-01 Validation accuracy: 7.74667e-01 Loss 9.99182e-03 Time taken: 2.26 seconds 
Epoch: 78/200 Train accuracy: 7.70842e-01 Validation accuracy: 7.73667e-01 Loss 1.00135e-02 Time taken: 2.09 seconds 
Epoch: 79/200 Train accuracy: 7.73550e-01 Validation accuracy: 7.79000e-01 Loss 1.00094e-02 Time taken: 2.16 seconds 
Epoch: 80/200 Train accuracy: 7.74191e-01 Validation accuracy: 7.79000e-01 Loss 1.00007e-02 Time taken: 2.20 seconds 
Epoch: 81/200 Train accuracy: 7.73336e-01 Validation accuracy: 7.72667e-01 Loss 1.00006e-02 Time taken: 2.13 seconds 
Epoch: 82/200 Train accuracy: 7.73764e-01 Validation accuracy: 7.78000e-01 Loss 1.00006e-02 Time taken: 2.36 seconds 
Epoch: 83/200 Train accuracy: 7.74833e-01 Validation accuracy: 7.77667e-01 Loss 9.99868e-03 Time taken: 2.31 seconds 
Epoch: 84/200 Train accuracy: 7.73550e-01 Validation accuracy: 7.76667e-01 Loss 1.00093e-02 Time taken: 2.40 seconds 
Epoch: 85/200 Train accuracy: 7.76970e-01 Validation accuracy: 7.80667e-01 Loss 1.00005e-02 Time taken: 2.31 seconds 
Epoch: 86/200 Train accuracy: 7.71911e-01 Validation accuracy: 7.76333e-01 Loss 1.00089e-02 Time taken: 2.28 seconds 
Epoch: 87/200 Train accuracy: 7.74120e-01 Validation accuracy: 7.77333e-01 Loss 9.99586e-03 Time taken: 2.16 seconds 
Epoch: 88/200 Train accuracy: 7.75046e-01 Validation accuracy: 7.78000e-01 Loss 9.99171e-03 Time taken: 2.34 seconds 
Epoch: 89/200 Train accuracy: 7.73621e-01 Validation accuracy: 7.76000e-01 Loss 9.99708e-03 Time taken: 2.04 seconds 
Epoch: 90/200 Train accuracy: 7.72125e-01 Validation accuracy: 7.80000e-01 Loss 9.99757e-03 Time taken: 2.10 seconds 
Epoch: 91/200 Train accuracy: 7.78894e-01 Validation accuracy: 7.77000e-01 Loss 9.98334e-03 Time taken: 2.23 seconds 
Epoch: 92/200 Train accuracy: 7.76471e-01 Validation accuracy: 7.79000e-01 Loss 9.99443e-03 Time taken: 2.37 seconds 
Epoch: 93/200 Train accuracy: 7.75545e-01 Validation accuracy: 7.80000e-01 Loss 9.98775e-03 Time taken: 2.45 seconds 
Epoch: 94/200 Train accuracy: 7.75474e-01 Validation accuracy: 7.82000e-01 Loss 9.98874e-03 Time taken: 2.20 seconds 
Epoch: 95/200 Train accuracy: 7.77612e-01 Validation accuracy: 7.78333e-01 Loss 9.98616e-03 Time taken: 2.57 seconds 
Epoch: 96/200 Train accuracy: 7.74904e-01 Validation accuracy: 7.77333e-01 Loss 9.98571e-03 Time taken: 2.16 seconds 
Epoch: 97/200 Train accuracy: 7.71982e-01 Validation accuracy: 7.79667e-01 Loss 1.00021e-02 Time taken: 2.10 seconds 
Epoch: 98/200 Train accuracy: 7.73692e-01 Validation accuracy: 7.80333e-01 Loss 9.99735e-03 Time taken: 2.34 seconds 
Epoch: 99/200 Train accuracy: 7.77326e-01 Validation accuracy: 7.80667e-01 Loss 9.98017e-03 Time taken: 2.34 seconds 
Epoch: 100/200 Train accuracy: 7.75189e-01 Validation accuracy: 7.80333e-01 Loss 9.99244e-03 Time taken: 2.31 seconds 
Epoch: 101/200 Train accuracy: 7.75403e-01 Validation accuracy: 7.75333e-01 Loss 9.98639e-03 Time taken: 2.17 seconds 
Epoch: 102/200 Train accuracy: 7.75189e-01 Validation accuracy: 7.79333e-01 Loss 9.98400e-03 Time taken: 2.12 seconds 
Epoch: 103/200 Train accuracy: 7.73835e-01 Validation accuracy: 7.83000e-01 Loss 1.00008e-02 Time taken: 2.15 seconds 
Epoch: 104/200 Train accuracy: 7.80248e-01 Validation accuracy: 7.78333e-01 Loss 9.97309e-03 Time taken: 2.37 seconds 
Epoch: 105/200 Train accuracy: 7.72054e-01 Validation accuracy: 7.80000e-01 Loss 9.99098e-03 Time taken: 2.29 seconds 
Epoch: 106/200 Train accuracy: 7.75260e-01 Validation accuracy: 7.82000e-01 Loss 9.97575e-03 Time taken: 2.12 seconds 
Epoch: 107/200 Train accuracy: 7.75403e-01 Validation accuracy: 7.79667e-01 Loss 9.98685e-03 Time taken: 2.36 seconds 
Epoch: 108/200 Train accuracy: 7.76828e-01 Validation accuracy: 7.79667e-01 Loss 9.97959e-03 Time taken: 2.11 seconds 
Epoch: 109/200 Train accuracy: 7.73906e-01 Validation accuracy: 7.78333e-01 Loss 9.97790e-03 Time taken: 2.12 seconds 
Epoch: 110/200 Train accuracy: 7.72980e-01 Validation accuracy: 7.79667e-01 Loss 9.98935e-03 Time taken: 2.21 seconds 
Epoch: 111/200 Train accuracy: 7.75688e-01 Validation accuracy: 7.80667e-01 Loss 9.97916e-03 Time taken: 2.08 seconds 
Epoch: 112/200 Train accuracy: 7.76685e-01 Validation accuracy: 7.77333e-01 Loss 9.97883e-03 Time taken: 2.08 seconds 
Epoch: 113/200 Train accuracy: 7.75688e-01 Validation accuracy: 7.80667e-01 Loss 9.96799e-03 Time taken: 2.13 seconds 
Epoch: 114/200 Train accuracy: 7.80177e-01 Validation accuracy: 7.80333e-01 Loss 9.95820e-03 Time taken: 2.28 seconds 
Epoch: 115/200 Train accuracy: 7.79108e-01 Validation accuracy: 7.79667e-01 Loss 9.97432e-03 Time taken: 2.17 seconds 
Epoch: 116/200 Train accuracy: 7.74191e-01 Validation accuracy: 7.82000e-01 Loss 9.97792e-03 Time taken: 2.16 seconds 
Epoch: 117/200 Train accuracy: 7.76899e-01 Validation accuracy: 7.78000e-01 Loss 9.98103e-03 Time taken: 2.19 seconds 
Epoch: 118/200 Train accuracy: 7.77469e-01 Validation accuracy: 7.78667e-01 Loss 9.96287e-03 Time taken: 2.24 seconds 
Epoch: 119/200 Train accuracy: 7.75830e-01 Validation accuracy: 7.81667e-01 Loss 9.97605e-03 Time taken: 2.20 seconds 
Epoch: 120/200 Train accuracy: 7.76115e-01 Validation accuracy: 7.80333e-01 Loss 9.96989e-03 Time taken: 2.34 seconds 
Epoch: 121/200 Train accuracy: 7.74833e-01 Validation accuracy: 7.82000e-01 Loss 9.97697e-03 Time taken: 2.29 seconds 
Epoch: 122/200 Train accuracy: 7.77612e-01 Validation accuracy: 7.80333e-01 Loss 9.97003e-03 Time taken: 2.21 seconds 
Epoch: 123/200 Train accuracy: 7.77683e-01 Validation accuracy: 7.81667e-01 Loss 9.96460e-03 Time taken: 2.05 seconds 
Epoch: 124/200 Train accuracy: 7.79535e-01 Validation accuracy: 7.82667e-01 Loss 9.95871e-03 Time taken: 2.25 seconds 
Epoch: 125/200 Train accuracy: 7.77754e-01 Validation accuracy: 7.81667e-01 Loss 9.96920e-03 Time taken: 2.11 seconds 
Epoch: 126/200 Train accuracy: 7.77968e-01 Validation accuracy: 7.80333e-01 Loss 9.97288e-03 Time taken: 2.27 seconds 
Epoch: 127/200 Train accuracy: 7.76970e-01 Validation accuracy: 7.81333e-01 Loss 9.96767e-03 Time taken: 2.01 seconds 
Epoch: 128/200 Train accuracy: 7.77184e-01 Validation accuracy: 7.80667e-01 Loss 9.95342e-03 Time taken: 2.01 seconds 
Epoch: 129/200 Train accuracy: 7.76614e-01 Validation accuracy: 7.84333e-01 Loss 9.97827e-03 Time taken: 2.21 seconds 
Epoch: 130/200 Train accuracy: 7.75901e-01 Validation accuracy: 7.81000e-01 Loss 9.96844e-03 Time taken: 2.12 seconds 
Epoch: 131/200 Train accuracy: 7.76756e-01 Validation accuracy: 7.81000e-01 Loss 9.96618e-03 Time taken: 2.22 seconds 
Epoch: 132/200 Train accuracy: 7.76685e-01 Validation accuracy: 7.81667e-01 Loss 9.96237e-03 Time taken: 2.20 seconds 
Epoch: 133/200 Train accuracy: 7.79393e-01 Validation accuracy: 7.84000e-01 Loss 9.95366e-03 Time taken: 2.12 seconds 
Epoch: 134/200 Train accuracy: 7.77326e-01 Validation accuracy: 7.81333e-01 Loss 9.96941e-03 Time taken: 1.99 seconds 
Epoch: 135/200 Train accuracy: 7.80034e-01 Validation accuracy: 7.82667e-01 Loss 9.94097e-03 Time taken: 2.21 seconds 
Epoch: 136/200 Train accuracy: 7.76400e-01 Validation accuracy: 7.80333e-01 Loss 9.96721e-03 Time taken: 2.14 seconds 
Epoch: 137/200 Train accuracy: 7.78965e-01 Validation accuracy: 7.79333e-01 Loss 9.96525e-03 Time taken: 2.33 seconds 
Epoch: 138/200 Train accuracy: 7.78965e-01 Validation accuracy: 7.82000e-01 Loss 9.96060e-03 Time taken: 2.26 seconds 
Epoch: 139/200 Train accuracy: 7.82172e-01 Validation accuracy: 7.85333e-01 Loss 9.94584e-03 Time taken: 2.30 seconds 
Epoch: 140/200 Train accuracy: 7.78324e-01 Validation accuracy: 7.82000e-01 Loss 9.96087e-03 Time taken: 2.08 seconds 
Epoch: 141/200 Train accuracy: 7.81744e-01 Validation accuracy: 7.78000e-01 Loss 9.93224e-03 Time taken: 2.18 seconds 
Epoch: 142/200 Train accuracy: 7.77041e-01 Validation accuracy: 7.81000e-01 Loss 9.96983e-03 Time taken: 2.19 seconds 
Epoch: 143/200 Train accuracy: 7.78182e-01 Validation accuracy: 7.83000e-01 Loss 9.96214e-03 Time taken: 2.21 seconds 
Epoch: 144/200 Train accuracy: 7.79607e-01 Validation accuracy: 7.82333e-01 Loss 9.96170e-03 Time taken: 2.09 seconds 
Epoch: 145/200 Train accuracy: 7.78182e-01 Validation accuracy: 7.82667e-01 Loss 9.94854e-03 Time taken: 1.99 seconds 
Epoch: 146/200 Train accuracy: 7.80889e-01 Validation accuracy: 7.82000e-01 Loss 9.94034e-03 Time taken: 2.16 seconds 
Epoch: 147/200 Train accuracy: 7.76828e-01 Validation accuracy: 7.83333e-01 Loss 9.95706e-03 Time taken: 2.36 seconds 
Epoch: 148/200 Train accuracy: 7.79393e-01 Validation accuracy: 7.79667e-01 Loss 9.95356e-03 Time taken: 2.28 seconds 
Epoch: 149/200 Train accuracy: 7.80961e-01 Validation accuracy: 7.85000e-01 Loss 9.94775e-03 Time taken: 2.04 seconds 
Epoch: 150/200 Train accuracy: 7.83169e-01 Validation accuracy: 7.85667e-01 Loss 9.92784e-03 Time taken: 2.23 seconds 
Epoch: 151/200 Train accuracy: 7.77683e-01 Validation accuracy: 7.80667e-01 Loss 9.95835e-03 Time taken: 2.11 seconds 
Epoch: 152/200 Train accuracy: 7.80604e-01 Validation accuracy: 7.81000e-01 Loss 9.95004e-03 Time taken: 2.12 seconds 
Epoch: 153/200 Train accuracy: 7.82314e-01 Validation accuracy: 7.81667e-01 Loss 9.93955e-03 Time taken: 2.24 seconds 
Epoch: 154/200 Train accuracy: 7.78965e-01 Validation accuracy: 7.83000e-01 Loss 9.94403e-03 Time taken: 2.16 seconds 
Epoch: 155/200 Train accuracy: 7.78467e-01 Validation accuracy: 7.81667e-01 Loss 9.94730e-03 Time taken: 2.16 seconds 
Epoch: 156/200 Train accuracy: 7.79820e-01 Validation accuracy: 7.82333e-01 Loss 9.95230e-03 Time taken: 2.04 seconds 
Epoch: 157/200 Train accuracy: 7.78680e-01 Validation accuracy: 7.83333e-01 Loss 9.94278e-03 Time taken: 2.11 seconds 
Epoch: 158/200 Train accuracy: 7.79607e-01 Validation accuracy: 7.83667e-01 Loss 9.94645e-03 Time taken: 2.21 seconds 
Epoch: 159/200 Train accuracy: 7.77683e-01 Validation accuracy: 7.83333e-01 Loss 9.94325e-03 Time taken: 2.20 seconds 
Epoch: 160/200 Train accuracy: 7.75260e-01 Validation accuracy: 7.81000e-01 Loss 9.95745e-03 Time taken: 2.44 seconds 
Epoch: 161/200 Train accuracy: 7.79749e-01 Validation accuracy: 7.81333e-01 Loss 9.94738e-03 Time taken: 2.25 seconds 
Epoch: 162/200 Train accuracy: 7.77326e-01 Validation accuracy: 7.81667e-01 Loss 9.95059e-03 Time taken: 2.24 seconds 
Epoch: 163/200 Train accuracy: 7.80533e-01 Validation accuracy: 7.82000e-01 Loss 9.94125e-03 Time taken: 2.16 seconds 
Epoch: 164/200 Train accuracy: 7.81531e-01 Validation accuracy: 7.82667e-01 Loss 9.93894e-03 Time taken: 2.14 seconds 
Epoch: 165/200 Train accuracy: 7.77540e-01 Validation accuracy: 7.82000e-01 Loss 9.94910e-03 Time taken: 2.14 seconds 
Epoch: 166/200 Train accuracy: 7.80105e-01 Validation accuracy: 7.85000e-01 Loss 9.93660e-03 Time taken: 2.30 seconds 
Epoch: 167/200 Train accuracy: 7.78110e-01 Validation accuracy: 7.84667e-01 Loss 9.95197e-03 Time taken: 2.34 seconds 
Epoch: 168/200 Train accuracy: 7.78894e-01 Validation accuracy: 7.82667e-01 Loss 9.94284e-03 Time taken: 2.32 seconds 
Epoch: 169/200 Train accuracy: 7.78609e-01 Validation accuracy: 7.81667e-01 Loss 9.93703e-03 Time taken: 2.35 seconds 
Epoch: 170/200 Train accuracy: 7.77968e-01 Validation accuracy: 7.83000e-01 Loss 9.94975e-03 Time taken: 2.21 seconds 
Epoch: 171/200 Train accuracy: 7.81531e-01 Validation accuracy: 7.84000e-01 Loss 9.93743e-03 Time taken: 2.20 seconds 
Epoch: 172/200 Train accuracy: 7.79108e-01 Validation accuracy: 7.83333e-01 Loss 9.93349e-03 Time taken: 2.18 seconds 
Epoch: 173/200 Train accuracy: 7.78467e-01 Validation accuracy: 7.80333e-01 Loss 9.94792e-03 Time taken: 2.04 seconds 
Epoch: 174/200 Train accuracy: 7.84310e-01 Validation accuracy: 7.84000e-01 Loss 9.92758e-03 Time taken: 2.07 seconds 
Epoch: 175/200 Train accuracy: 7.80961e-01 Validation accuracy: 7.81667e-01 Loss 9.94194e-03 Time taken: 2.15 seconds 
Epoch: 176/200 Train accuracy: 7.76614e-01 Validation accuracy: 7.83000e-01 Loss 9.94951e-03 Time taken: 2.16 seconds 
Epoch: 177/200 Train accuracy: 7.81816e-01 Validation accuracy: 7.81333e-01 Loss 9.93447e-03 Time taken: 2.38 seconds 
Epoch: 178/200 Train accuracy: 7.80961e-01 Validation accuracy: 7.82667e-01 Loss 9.92549e-03 Time taken: 2.33 seconds 
Epoch: 179/200 Train accuracy: 7.79322e-01 Validation accuracy: 7.82667e-01 Loss 9.94012e-03 Time taken: 2.20 seconds 
Epoch: 180/200 Train accuracy: 7.80319e-01 Validation accuracy: 7.84333e-01 Loss 9.92819e-03 Time taken: 2.30 seconds 
Epoch: 181/200 Train accuracy: 7.81246e-01 Validation accuracy: 7.86333e-01 Loss 9.92805e-03 Time taken: 2.30 seconds 
Epoch: 182/200 Train accuracy: 7.76400e-01 Validation accuracy: 7.82000e-01 Loss 9.95475e-03 Time taken: 2.25 seconds 
Epoch: 183/200 Train accuracy: 7.82528e-01 Validation accuracy: 7.84333e-01 Loss 9.93103e-03 Time taken: 2.38 seconds 
Epoch: 184/200 Train accuracy: 7.85378e-01 Validation accuracy: 7.82000e-01 Loss 9.91262e-03 Time taken: 2.42 seconds 
Epoch: 185/200 Train accuracy: 7.79108e-01 Validation accuracy: 7.83333e-01 Loss 9.94085e-03 Time taken: 2.20 seconds 
Epoch: 186/200 Train accuracy: 7.79678e-01 Validation accuracy: 7.84667e-01 Loss 9.93576e-03 Time taken: 2.33 seconds 
Epoch: 187/200 Train accuracy: 7.76400e-01 Validation accuracy: 7.82333e-01 Loss 9.95139e-03 Time taken: 2.01 seconds 
Epoch: 188/200 Train accuracy: 7.83811e-01 Validation accuracy: 7.83000e-01 Loss 9.91687e-03 Time taken: 2.25 seconds 
Epoch: 189/200 Train accuracy: 7.83169e-01 Validation accuracy: 7.84000e-01 Loss 9.92590e-03 Time taken: 2.21 seconds 
Epoch: 190/200 Train accuracy: 7.78110e-01 Validation accuracy: 7.84000e-01 Loss 9.94588e-03 Time taken: 2.24 seconds 
Epoch: 191/200 Train accuracy: 7.82029e-01 Validation accuracy: 7.82333e-01 Loss 9.93267e-03 Time taken: 2.36 seconds 
Epoch: 192/200 Train accuracy: 7.78538e-01 Validation accuracy: 7.82000e-01 Loss 9.93633e-03 Time taken: 2.31 seconds 
Epoch: 193/200 Train accuracy: 7.81388e-01 Validation accuracy: 7.84667e-01 Loss 9.92357e-03 Time taken: 2.25 seconds 
Epoch: 194/200 Train accuracy: 7.79393e-01 Validation accuracy: 7.83667e-01 Loss 9.94376e-03 Time taken: 2.19 seconds 
Epoch: 195/200 Train accuracy: 7.80248e-01 Validation accuracy: 7.84667e-01 Loss 9.93277e-03 Time taken: 2.39 seconds 
Epoch: 196/200 Train accuracy: 7.80390e-01 Validation accuracy: 7.86000e-01 Loss 9.93254e-03 Time taken: 2.18 seconds 
Epoch: 197/200 Train accuracy: 7.80604e-01 Validation accuracy: 7.86000e-01 Loss 9.93677e-03 Time taken: 2.33 seconds 
Epoch: 198/200 Train accuracy: 7.81103e-01 Validation accuracy: 7.83667e-01 Loss 9.92473e-03 Time taken: 2.40 seconds 
Epoch: 199/200 Train accuracy: 7.83882e-01 Validation accuracy: 7.84000e-01 Loss 9.92260e-03 Time taken: 2.27 seconds 
Epoch: 200/200 Train accuracy: 7.82101e-01 Validation accuracy: 7.85333e-01 Loss 9.92380e-03 Time taken: 2.27 seconds 
Total time taken 0:07:10.823125
Cleaning up intermediate feature (.pt) files
Done


working on file logs_PKT_scheduled/iic-train-L2-PKT-whole-seed43/jepa-iic-L2-PKT-whole-scheduled-seed43-ep500.pth.tar ...
