Directory classifiers/jepa-iic-L2-seed43-classifier-pretrained-vitb-normalized-ep100 for saving the classifiers is now present
VisionTransformer(
  (patch_embed): PatchEmbed(
    (proj): Conv2d(3, 768, kernel_size=(15, 15), stride=(15, 15))
  )
  (blocks): ModuleList(
    (0-11): 12 x Block(
      (norm1): LayerNorm((768,), eps=1e-06, elementwise_affine=True)
      (attn): Attention(
        (qkv): Linear(in_features=768, out_features=2304, bias=True)
        (attn_drop): Dropout(p=0.0, inplace=False)
        (proj): Linear(in_features=768, out_features=768, bias=True)
        (proj_drop): Dropout(p=0.0, inplace=False)
      )
      (drop_path): Identity()
      (norm2): LayerNorm((768,), eps=1e-06, elementwise_affine=True)
      (mlp): MLP(
        (fc1): Linear(in_features=768, out_features=3072, bias=True)
        (act): GELU(approximate='none')
        (fc2): Linear(in_features=3072, out_features=768, bias=True)
        (drop): Dropout(p=0.0, inplace=False)
      )
    )
  )
  (norm): LayerNorm((768,), eps=1e-06, elementwise_affine=True)
)
Extracting features and saving them locally..
Epoch: 1/200 Train accuracy: 4.48411e-01 Validation accuracy: 5.67000e-01 Loss 1.24240e-02 Time taken: 1.69 seconds 
Epoch: 2/200 Train accuracy: 5.61066e-01 Validation accuracy: 5.78000e-01 Loss 1.15798e-02 Time taken: 1.55 seconds 
Epoch: 3/200 Train accuracy: 5.80091e-01 Validation accuracy: 5.86000e-01 Loss 1.14449e-02 Time taken: 1.55 seconds 
Epoch: 4/200 Train accuracy: 5.89639e-01 Validation accuracy: 5.93000e-01 Loss 1.13831e-02 Time taken: 1.55 seconds 
Epoch: 5/200 Train accuracy: 5.93986e-01 Validation accuracy: 5.94333e-01 Loss 1.13451e-02 Time taken: 1.54 seconds 
Epoch: 6/200 Train accuracy: 5.95411e-01 Validation accuracy: 5.86000e-01 Loss 1.13119e-02 Time taken: 1.54 seconds 
Epoch: 7/200 Train accuracy: 6.05316e-01 Validation accuracy: 5.99000e-01 Loss 1.12596e-02 Time taken: 1.58 seconds 
Epoch: 8/200 Train accuracy: 6.05886e-01 Validation accuracy: 5.93667e-01 Loss 1.12447e-02 Time taken: 1.55 seconds 
Epoch: 9/200 Train accuracy: 6.09092e-01 Validation accuracy: 6.03000e-01 Loss 1.12345e-02 Time taken: 1.54 seconds 
Epoch: 10/200 Train accuracy: 6.08166e-01 Validation accuracy: 6.06333e-01 Loss 1.12146e-02 Time taken: 1.56 seconds 
Epoch: 11/200 Train accuracy: 6.12940e-01 Validation accuracy: 6.05667e-01 Loss 1.11871e-02 Time taken: 1.55 seconds 
Epoch: 12/200 Train accuracy: 6.15861e-01 Validation accuracy: 6.11667e-01 Loss 1.11734e-02 Time taken: 1.55 seconds 
Epoch: 13/200 Train accuracy: 6.18569e-01 Validation accuracy: 6.11667e-01 Loss 1.11522e-02 Time taken: 1.55 seconds 
Epoch: 14/200 Train accuracy: 6.15149e-01 Validation accuracy: 6.08333e-01 Loss 1.11605e-02 Time taken: 1.55 seconds 
Epoch: 15/200 Train accuracy: 6.18854e-01 Validation accuracy: 6.12333e-01 Loss 1.11401e-02 Time taken: 1.55 seconds 
Epoch: 16/200 Train accuracy: 6.19353e-01 Validation accuracy: 6.08333e-01 Loss 1.11385e-02 Time taken: 1.54 seconds 
Epoch: 17/200 Train accuracy: 6.20921e-01 Validation accuracy: 6.17000e-01 Loss 1.11283e-02 Time taken: 1.54 seconds 
Epoch: 18/200 Train accuracy: 6.25267e-01 Validation accuracy: 6.17667e-01 Loss 1.11024e-02 Time taken: 1.55 seconds 
Epoch: 19/200 Train accuracy: 6.21989e-01 Validation accuracy: 6.16667e-01 Loss 1.11137e-02 Time taken: 1.54 seconds 
Epoch: 20/200 Train accuracy: 6.22845e-01 Validation accuracy: 6.20000e-01 Loss 1.11033e-02 Time taken: 1.54 seconds 
Epoch: 21/200 Train accuracy: 6.25196e-01 Validation accuracy: 6.21333e-01 Loss 1.10942e-02 Time taken: 1.55 seconds 
Epoch: 22/200 Train accuracy: 6.26407e-01 Validation accuracy: 6.17333e-01 Loss 1.10865e-02 Time taken: 1.56 seconds 
Epoch: 23/200 Train accuracy: 6.27761e-01 Validation accuracy: 6.16333e-01 Loss 1.10770e-02 Time taken: 1.55 seconds 
Epoch: 24/200 Train accuracy: 6.26977e-01 Validation accuracy: 6.13000e-01 Loss 1.10792e-02 Time taken: 1.54 seconds 
Epoch: 25/200 Train accuracy: 6.30469e-01 Validation accuracy: 6.22333e-01 Loss 1.10610e-02 Time taken: 1.55 seconds 
Epoch: 26/200 Train accuracy: 6.28545e-01 Validation accuracy: 6.26000e-01 Loss 1.10683e-02 Time taken: 1.56 seconds 
Epoch: 27/200 Train accuracy: 6.30469e-01 Validation accuracy: 6.24667e-01 Loss 1.10636e-02 Time taken: 1.54 seconds 
Epoch: 28/200 Train accuracy: 6.34673e-01 Validation accuracy: 6.20333e-01 Loss 1.10438e-02 Time taken: 1.55 seconds 
Epoch: 29/200 Train accuracy: 6.31181e-01 Validation accuracy: 6.24000e-01 Loss 1.10453e-02 Time taken: 1.54 seconds 
Epoch: 30/200 Train accuracy: 6.31680e-01 Validation accuracy: 6.22000e-01 Loss 1.10559e-02 Time taken: 1.54 seconds 
Epoch: 31/200 Train accuracy: 6.28687e-01 Validation accuracy: 6.25333e-01 Loss 1.10565e-02 Time taken: 1.54 seconds 
Epoch: 32/200 Train accuracy: 6.33034e-01 Validation accuracy: 6.23000e-01 Loss 1.10306e-02 Time taken: 1.54 seconds 
Epoch: 33/200 Train accuracy: 6.32179e-01 Validation accuracy: 6.29333e-01 Loss 1.10401e-02 Time taken: 1.54 seconds 
Epoch: 34/200 Train accuracy: 6.31751e-01 Validation accuracy: 6.27667e-01 Loss 1.10501e-02 Time taken: 1.54 seconds 
Epoch: 35/200 Train accuracy: 6.31538e-01 Validation accuracy: 6.20000e-01 Loss 1.10469e-02 Time taken: 1.54 seconds 
Epoch: 36/200 Train accuracy: 6.34887e-01 Validation accuracy: 6.23667e-01 Loss 1.10366e-02 Time taken: 1.54 seconds 
Epoch: 37/200 Train accuracy: 6.33248e-01 Validation accuracy: 6.27333e-01 Loss 1.10394e-02 Time taken: 1.55 seconds 
Epoch: 38/200 Train accuracy: 6.30255e-01 Validation accuracy: 6.28667e-01 Loss 1.10453e-02 Time taken: 1.55 seconds 
Epoch: 39/200 Train accuracy: 6.35243e-01 Validation accuracy: 6.20333e-01 Loss 1.10179e-02 Time taken: 1.54 seconds 
Epoch: 40/200 Train accuracy: 6.33319e-01 Validation accuracy: 6.24000e-01 Loss 1.10258e-02 Time taken: 1.56 seconds 
Epoch: 41/200 Train accuracy: 6.34602e-01 Validation accuracy: 6.23333e-01 Loss 1.10284e-02 Time taken: 1.55 seconds 
Epoch: 42/200 Train accuracy: 6.34032e-01 Validation accuracy: 6.23333e-01 Loss 1.10216e-02 Time taken: 1.54 seconds 
Epoch: 43/200 Train accuracy: 6.35599e-01 Validation accuracy: 6.26667e-01 Loss 1.10092e-02 Time taken: 1.54 seconds 
Epoch: 44/200 Train accuracy: 6.98803e-01 Validation accuracy: 7.22333e-01 Loss 1.05274e-02 Time taken: 1.55 seconds 
Epoch: 45/200 Train accuracy: 7.30227e-01 Validation accuracy: 7.24333e-01 Loss 1.03009e-02 Time taken: 1.54 seconds 
Epoch: 46/200 Train accuracy: 7.28801e-01 Validation accuracy: 7.30333e-01 Loss 1.03115e-02 Time taken: 1.54 seconds 
Epoch: 47/200 Train accuracy: 7.28303e-01 Validation accuracy: 7.32667e-01 Loss 1.02949e-02 Time taken: 1.54 seconds 
Epoch: 48/200 Train accuracy: 7.30227e-01 Validation accuracy: 7.30333e-01 Loss 1.02841e-02 Time taken: 1.55 seconds 
Epoch: 49/200 Train accuracy: 7.35214e-01 Validation accuracy: 7.30000e-01 Loss 1.02578e-02 Time taken: 1.54 seconds 
Epoch: 50/200 Train accuracy: 7.32222e-01 Validation accuracy: 7.27333e-01 Loss 1.02693e-02 Time taken: 1.54 seconds 
Epoch: 51/200 Train accuracy: 7.32150e-01 Validation accuracy: 7.28333e-01 Loss 1.02667e-02 Time taken: 1.58 seconds 
Epoch: 52/200 Train accuracy: 7.34288e-01 Validation accuracy: 7.20333e-01 Loss 1.02548e-02 Time taken: 1.55 seconds 
Epoch: 53/200 Train accuracy: 7.34003e-01 Validation accuracy: 7.23667e-01 Loss 1.02570e-02 Time taken: 1.56 seconds 
Epoch: 54/200 Train accuracy: 7.36426e-01 Validation accuracy: 7.26333e-01 Loss 1.02458e-02 Time taken: 1.54 seconds 
Epoch: 55/200 Train accuracy: 7.41057e-01 Validation accuracy: 7.33667e-01 Loss 1.02237e-02 Time taken: 1.54 seconds 
Epoch: 56/200 Train accuracy: 7.36853e-01 Validation accuracy: 7.36333e-01 Loss 1.02376e-02 Time taken: 1.54 seconds 
Epoch: 57/200 Train accuracy: 7.36497e-01 Validation accuracy: 7.34667e-01 Loss 1.02368e-02 Time taken: 1.54 seconds 
Epoch: 58/200 Train accuracy: 7.36711e-01 Validation accuracy: 7.32667e-01 Loss 1.02386e-02 Time taken: 1.54 seconds 
Epoch: 59/200 Train accuracy: 7.40772e-01 Validation accuracy: 7.34000e-01 Loss 1.02125e-02 Time taken: 1.54 seconds 
Epoch: 60/200 Train accuracy: 7.35500e-01 Validation accuracy: 7.32667e-01 Loss 1.02380e-02 Time taken: 1.54 seconds 
Epoch: 61/200 Train accuracy: 7.37851e-01 Validation accuracy: 7.36333e-01 Loss 1.02186e-02 Time taken: 1.55 seconds 
Epoch: 62/200 Train accuracy: 7.38920e-01 Validation accuracy: 7.33667e-01 Loss 1.02168e-02 Time taken: 1.55 seconds 
Epoch: 63/200 Train accuracy: 7.36355e-01 Validation accuracy: 7.36667e-01 Loss 1.02346e-02 Time taken: 1.54 seconds 
Epoch: 64/200 Train accuracy: 7.39846e-01 Validation accuracy: 7.34667e-01 Loss 1.02223e-02 Time taken: 1.54 seconds 
Epoch: 65/200 Train accuracy: 7.42269e-01 Validation accuracy: 7.28333e-01 Loss 1.01990e-02 Time taken: 1.54 seconds 
Epoch: 66/200 Train accuracy: 7.39490e-01 Validation accuracy: 7.27667e-01 Loss 1.02253e-02 Time taken: 1.54 seconds 
Epoch: 67/200 Train accuracy: 7.39276e-01 Validation accuracy: 7.38667e-01 Loss 1.02173e-02 Time taken: 1.55 seconds 
Epoch: 68/200 Train accuracy: 7.40487e-01 Validation accuracy: 7.34333e-01 Loss 1.02089e-02 Time taken: 1.54 seconds 
Epoch: 69/200 Train accuracy: 7.38635e-01 Validation accuracy: 7.41333e-01 Loss 1.02138e-02 Time taken: 1.55 seconds 
Epoch: 70/200 Train accuracy: 7.44121e-01 Validation accuracy: 7.38667e-01 Loss 1.01986e-02 Time taken: 1.54 seconds 
Epoch: 71/200 Train accuracy: 7.39134e-01 Validation accuracy: 7.26333e-01 Loss 1.02088e-02 Time taken: 1.54 seconds 
Epoch: 72/200 Train accuracy: 7.39989e-01 Validation accuracy: 7.38333e-01 Loss 1.02071e-02 Time taken: 1.54 seconds 
Epoch: 73/200 Train accuracy: 7.42340e-01 Validation accuracy: 7.32667e-01 Loss 1.01917e-02 Time taken: 1.54 seconds 
Epoch: 74/200 Train accuracy: 7.38635e-01 Validation accuracy: 7.34667e-01 Loss 1.02136e-02 Time taken: 1.55 seconds 
Epoch: 75/200 Train accuracy: 7.41770e-01 Validation accuracy: 7.36333e-01 Loss 1.01933e-02 Time taken: 1.54 seconds 
Epoch: 76/200 Train accuracy: 7.42340e-01 Validation accuracy: 7.34667e-01 Loss 1.01919e-02 Time taken: 1.54 seconds 
Epoch: 77/200 Train accuracy: 7.42483e-01 Validation accuracy: 7.33333e-01 Loss 1.01882e-02 Time taken: 1.53 seconds 
Epoch: 78/200 Train accuracy: 7.40274e-01 Validation accuracy: 7.36000e-01 Loss 1.01983e-02 Time taken: 1.54 seconds 
Epoch: 79/200 Train accuracy: 7.41271e-01 Validation accuracy: 7.39667e-01 Loss 1.02003e-02 Time taken: 1.55 seconds 
Epoch: 80/200 Train accuracy: 7.43765e-01 Validation accuracy: 7.41333e-01 Loss 1.01829e-02 Time taken: 1.55 seconds 
Epoch: 81/200 Train accuracy: 7.41841e-01 Validation accuracy: 7.36667e-01 Loss 1.01951e-02 Time taken: 1.54 seconds 
Epoch: 82/200 Train accuracy: 7.40844e-01 Validation accuracy: 7.38000e-01 Loss 1.02063e-02 Time taken: 1.54 seconds 
Epoch: 83/200 Train accuracy: 7.43836e-01 Validation accuracy: 7.32667e-01 Loss 1.01859e-02 Time taken: 1.54 seconds 
Epoch: 84/200 Train accuracy: 7.35428e-01 Validation accuracy: 7.38667e-01 Loss 1.02170e-02 Time taken: 1.54 seconds 
Epoch: 85/200 Train accuracy: 7.40274e-01 Validation accuracy: 7.35333e-01 Loss 1.02057e-02 Time taken: 1.55 seconds 
Epoch: 86/200 Train accuracy: 7.41699e-01 Validation accuracy: 7.38333e-01 Loss 1.01920e-02 Time taken: 1.54 seconds 
Epoch: 87/200 Train accuracy: 7.45618e-01 Validation accuracy: 7.42333e-01 Loss 1.01841e-02 Time taken: 1.56 seconds 
Epoch: 88/200 Train accuracy: 7.39775e-01 Validation accuracy: 7.42333e-01 Loss 1.01949e-02 Time taken: 1.55 seconds 
Epoch: 89/200 Train accuracy: 7.42411e-01 Validation accuracy: 7.41667e-01 Loss 1.01820e-02 Time taken: 1.55 seconds 
Epoch: 90/200 Train accuracy: 7.41841e-01 Validation accuracy: 7.39667e-01 Loss 1.01857e-02 Time taken: 1.55 seconds 
Epoch: 91/200 Train accuracy: 7.43266e-01 Validation accuracy: 7.34667e-01 Loss 1.01861e-02 Time taken: 1.55 seconds 
Epoch: 92/200 Train accuracy: 7.40630e-01 Validation accuracy: 7.39667e-01 Loss 1.02002e-02 Time taken: 1.54 seconds 
Epoch: 93/200 Train accuracy: 7.43979e-01 Validation accuracy: 7.42667e-01 Loss 1.01772e-02 Time taken: 1.54 seconds 
Epoch: 94/200 Train accuracy: 7.43623e-01 Validation accuracy: 7.36333e-01 Loss 1.01799e-02 Time taken: 1.54 seconds 
Epoch: 95/200 Train accuracy: 7.44478e-01 Validation accuracy: 7.33667e-01 Loss 1.01793e-02 Time taken: 1.56 seconds 
Epoch: 96/200 Train accuracy: 7.45547e-01 Validation accuracy: 7.29667e-01 Loss 1.01783e-02 Time taken: 1.55 seconds 
Epoch: 97/200 Train accuracy: 7.46117e-01 Validation accuracy: 7.47000e-01 Loss 1.01712e-02 Time taken: 1.55 seconds 
Epoch: 98/200 Train accuracy: 7.44121e-01 Validation accuracy: 7.44000e-01 Loss 1.01842e-02 Time taken: 1.56 seconds 
Epoch: 99/200 Train accuracy: 7.45547e-01 Validation accuracy: 7.40667e-01 Loss 1.01775e-02 Time taken: 1.55 seconds 
Epoch: 100/200 Train accuracy: 7.47043e-01 Validation accuracy: 7.47000e-01 Loss 1.01672e-02 Time taken: 1.55 seconds 
Epoch: 101/200 Train accuracy: 7.44406e-01 Validation accuracy: 7.34667e-01 Loss 1.01760e-02 Time taken: 1.56 seconds 
Epoch: 102/200 Train accuracy: 7.42483e-01 Validation accuracy: 7.42667e-01 Loss 1.01834e-02 Time taken: 1.55 seconds 
Epoch: 103/200 Train accuracy: 7.45547e-01 Validation accuracy: 7.41000e-01 Loss 1.01685e-02 Time taken: 1.55 seconds 
Epoch: 104/200 Train accuracy: 7.43124e-01 Validation accuracy: 7.45667e-01 Loss 1.01824e-02 Time taken: 1.55 seconds 
Epoch: 105/200 Train accuracy: 7.44691e-01 Validation accuracy: 7.44667e-01 Loss 1.01737e-02 Time taken: 1.56 seconds 
Epoch: 106/200 Train accuracy: 7.44406e-01 Validation accuracy: 7.41000e-01 Loss 1.01884e-02 Time taken: 1.54 seconds 
Epoch: 107/200 Train accuracy: 7.44549e-01 Validation accuracy: 7.45667e-01 Loss 1.01715e-02 Time taken: 1.55 seconds 
Epoch: 108/200 Train accuracy: 7.42625e-01 Validation accuracy: 7.43333e-01 Loss 1.01842e-02 Time taken: 1.56 seconds 
Epoch: 109/200 Train accuracy: 7.47114e-01 Validation accuracy: 7.45667e-01 Loss 1.01553e-02 Time taken: 1.55 seconds 
Epoch: 110/200 Train accuracy: 7.46829e-01 Validation accuracy: 7.40333e-01 Loss 1.01634e-02 Time taken: 1.54 seconds 
Epoch: 111/200 Train accuracy: 7.46900e-01 Validation accuracy: 7.41667e-01 Loss 1.01671e-02 Time taken: 1.55 seconds 
Epoch: 112/200 Train accuracy: 7.45618e-01 Validation accuracy: 7.35333e-01 Loss 1.01660e-02 Time taken: 1.55 seconds 
Epoch: 113/200 Train accuracy: 7.45903e-01 Validation accuracy: 7.44667e-01 Loss 1.01691e-02 Time taken: 1.54 seconds 
Epoch: 114/200 Train accuracy: 7.43266e-01 Validation accuracy: 7.44667e-01 Loss 1.01752e-02 Time taken: 1.55 seconds 
Epoch: 115/200 Train accuracy: 7.44050e-01 Validation accuracy: 7.42667e-01 Loss 1.01716e-02 Time taken: 1.55 seconds 
Epoch: 116/200 Train accuracy: 7.46758e-01 Validation accuracy: 7.41333e-01 Loss 1.01706e-02 Time taken: 1.55 seconds 
Epoch: 117/200 Train accuracy: 7.48753e-01 Validation accuracy: 7.48667e-01 Loss 1.01617e-02 Time taken: 1.55 seconds 
Epoch: 118/200 Train accuracy: 7.45404e-01 Validation accuracy: 7.43000e-01 Loss 1.01680e-02 Time taken: 1.55 seconds 
Epoch: 119/200 Train accuracy: 7.45618e-01 Validation accuracy: 7.47667e-01 Loss 1.01693e-02 Time taken: 1.55 seconds 
Epoch: 120/200 Train accuracy: 7.47827e-01 Validation accuracy: 7.43333e-01 Loss 1.01564e-02 Time taken: 1.54 seconds 
Epoch: 121/200 Train accuracy: 7.47898e-01 Validation accuracy: 7.41000e-01 Loss 1.01622e-02 Time taken: 1.56 seconds 
Epoch: 122/200 Train accuracy: 7.47257e-01 Validation accuracy: 7.42333e-01 Loss 1.01616e-02 Time taken: 1.55 seconds 
Epoch: 123/200 Train accuracy: 7.45760e-01 Validation accuracy: 7.40333e-01 Loss 1.01667e-02 Time taken: 1.55 seconds 
Epoch: 124/200 Train accuracy: 7.44834e-01 Validation accuracy: 7.40333e-01 Loss 1.01669e-02 Time taken: 1.54 seconds 
Epoch: 125/200 Train accuracy: 7.45262e-01 Validation accuracy: 7.44667e-01 Loss 1.01686e-02 Time taken: 1.54 seconds 
Epoch: 126/200 Train accuracy: 7.43053e-01 Validation accuracy: 7.39333e-01 Loss 1.01781e-02 Time taken: 1.55 seconds 
Epoch: 127/200 Train accuracy: 7.46473e-01 Validation accuracy: 7.39333e-01 Loss 1.01557e-02 Time taken: 1.54 seconds 
Epoch: 128/200 Train accuracy: 7.50036e-01 Validation accuracy: 7.35000e-01 Loss 1.01329e-02 Time taken: 1.55 seconds 
Epoch: 129/200 Train accuracy: 7.44976e-01 Validation accuracy: 7.45000e-01 Loss 1.01647e-02 Time taken: 1.54 seconds 
Epoch: 130/200 Train accuracy: 7.45333e-01 Validation accuracy: 7.37667e-01 Loss 1.01629e-02 Time taken: 1.54 seconds 
Epoch: 131/200 Train accuracy: 7.43908e-01 Validation accuracy: 7.31667e-01 Loss 1.01732e-02 Time taken: 1.54 seconds 
Epoch: 132/200 Train accuracy: 7.47827e-01 Validation accuracy: 7.38000e-01 Loss 1.01430e-02 Time taken: 1.55 seconds 
Epoch: 133/200 Train accuracy: 7.44478e-01 Validation accuracy: 7.40333e-01 Loss 1.01706e-02 Time taken: 1.55 seconds 
Epoch: 134/200 Train accuracy: 7.44406e-01 Validation accuracy: 7.44333e-01 Loss 1.01679e-02 Time taken: 1.54 seconds 
Epoch: 135/200 Train accuracy: 7.49252e-01 Validation accuracy: 7.40333e-01 Loss 1.01518e-02 Time taken: 1.55 seconds 
Epoch: 136/200 Train accuracy: 7.46900e-01 Validation accuracy: 7.40000e-01 Loss 1.01579e-02 Time taken: 1.55 seconds 
Epoch: 137/200 Train accuracy: 7.49181e-01 Validation accuracy: 7.44000e-01 Loss 1.01369e-02 Time taken: 1.55 seconds 
Epoch: 138/200 Train accuracy: 7.44549e-01 Validation accuracy: 7.41333e-01 Loss 1.01733e-02 Time taken: 1.54 seconds 
Epoch: 139/200 Train accuracy: 7.46758e-01 Validation accuracy: 7.44333e-01 Loss 1.01541e-02 Time taken: 1.56 seconds 
Epoch: 140/200 Train accuracy: 7.43053e-01 Validation accuracy: 7.40333e-01 Loss 1.01815e-02 Time taken: 1.55 seconds 
Epoch: 141/200 Train accuracy: 7.45760e-01 Validation accuracy: 7.41333e-01 Loss 1.01634e-02 Time taken: 1.54 seconds 
Epoch: 142/200 Train accuracy: 7.46330e-01 Validation accuracy: 7.41000e-01 Loss 1.01625e-02 Time taken: 1.55 seconds 
Epoch: 143/200 Train accuracy: 7.45689e-01 Validation accuracy: 7.47667e-01 Loss 1.01680e-02 Time taken: 1.55 seconds 
Epoch: 144/200 Train accuracy: 7.44763e-01 Validation accuracy: 7.40333e-01 Loss 1.01692e-02 Time taken: 1.55 seconds 
Epoch: 145/200 Train accuracy: 7.45760e-01 Validation accuracy: 7.45000e-01 Loss 1.01660e-02 Time taken: 1.54 seconds 
Epoch: 146/200 Train accuracy: 7.46615e-01 Validation accuracy: 7.40000e-01 Loss 1.01661e-02 Time taken: 1.55 seconds 
Epoch: 147/200 Train accuracy: 7.45760e-01 Validation accuracy: 7.43333e-01 Loss 1.01591e-02 Time taken: 1.54 seconds 
Epoch: 148/200 Train accuracy: 7.47755e-01 Validation accuracy: 7.49333e-01 Loss 1.01568e-02 Time taken: 1.54 seconds 
Epoch: 149/200 Train accuracy: 7.47185e-01 Validation accuracy: 7.44333e-01 Loss 1.01555e-02 Time taken: 1.54 seconds 
Epoch: 150/200 Train accuracy: 7.46117e-01 Validation accuracy: 7.45667e-01 Loss 1.01521e-02 Time taken: 1.54 seconds 
Epoch: 151/200 Train accuracy: 7.48753e-01 Validation accuracy: 7.46333e-01 Loss 1.01421e-02 Time taken: 1.56 seconds 
Epoch: 152/200 Train accuracy: 7.48753e-01 Validation accuracy: 7.38000e-01 Loss 1.01500e-02 Time taken: 1.54 seconds 
Epoch: 153/200 Train accuracy: 7.46045e-01 Validation accuracy: 7.45333e-01 Loss 1.01528e-02 Time taken: 1.56 seconds 
Epoch: 154/200 Train accuracy: 7.45048e-01 Validation accuracy: 7.45000e-01 Loss 1.01571e-02 Time taken: 1.55 seconds 
Epoch: 155/200 Train accuracy: 7.49394e-01 Validation accuracy: 7.41667e-01 Loss 1.01457e-02 Time taken: 1.55 seconds 
Epoch: 156/200 Train accuracy: 7.45333e-01 Validation accuracy: 7.48667e-01 Loss 1.01652e-02 Time taken: 1.54 seconds 
Epoch: 157/200 Train accuracy: 7.45333e-01 Validation accuracy: 7.43000e-01 Loss 1.01760e-02 Time taken: 1.55 seconds 
Epoch: 158/200 Train accuracy: 7.51960e-01 Validation accuracy: 7.50333e-01 Loss 1.01191e-02 Time taken: 1.55 seconds 
Epoch: 159/200 Train accuracy: 7.47755e-01 Validation accuracy: 7.46667e-01 Loss 1.01485e-02 Time taken: 1.54 seconds 
Epoch: 160/200 Train accuracy: 7.46045e-01 Validation accuracy: 7.41000e-01 Loss 1.01633e-02 Time taken: 1.55 seconds 
Epoch: 161/200 Train accuracy: 7.46117e-01 Validation accuracy: 7.45000e-01 Loss 1.01574e-02 Time taken: 1.54 seconds 
Epoch: 162/200 Train accuracy: 7.47684e-01 Validation accuracy: 7.48000e-01 Loss 1.01457e-02 Time taken: 1.55 seconds 
Epoch: 163/200 Train accuracy: 7.50392e-01 Validation accuracy: 7.51333e-01 Loss 1.01382e-02 Time taken: 1.54 seconds 
Epoch: 164/200 Train accuracy: 7.49608e-01 Validation accuracy: 7.47667e-01 Loss 1.01290e-02 Time taken: 1.54 seconds 
Epoch: 165/200 Train accuracy: 7.48611e-01 Validation accuracy: 7.51000e-01 Loss 1.01478e-02 Time taken: 1.54 seconds 
Epoch: 166/200 Train accuracy: 7.49822e-01 Validation accuracy: 7.36667e-01 Loss 1.01413e-02 Time taken: 1.54 seconds 
Epoch: 167/200 Train accuracy: 7.49181e-01 Validation accuracy: 7.45667e-01 Loss 1.01408e-02 Time taken: 1.55 seconds 
Epoch: 168/200 Train accuracy: 7.49466e-01 Validation accuracy: 7.44333e-01 Loss 1.01405e-02 Time taken: 1.54 seconds 
Epoch: 169/200 Train accuracy: 7.48183e-01 Validation accuracy: 7.45333e-01 Loss 1.01374e-02 Time taken: 1.54 seconds 
Epoch: 170/200 Train accuracy: 7.48112e-01 Validation accuracy: 7.42667e-01 Loss 1.01534e-02 Time taken: 1.54 seconds 
Epoch: 171/200 Train accuracy: 7.45048e-01 Validation accuracy: 7.45667e-01 Loss 1.01577e-02 Time taken: 1.54 seconds 
Epoch: 172/200 Train accuracy: 7.44620e-01 Validation accuracy: 7.52667e-01 Loss 1.01723e-02 Time taken: 1.53 seconds 
Epoch: 173/200 Train accuracy: 7.48040e-01 Validation accuracy: 7.43333e-01 Loss 1.01433e-02 Time taken: 1.54 seconds 
Epoch: 174/200 Train accuracy: 7.46473e-01 Validation accuracy: 7.50667e-01 Loss 1.01534e-02 Time taken: 1.54 seconds 
Epoch: 175/200 Train accuracy: 7.49608e-01 Validation accuracy: 7.49000e-01 Loss 1.01422e-02 Time taken: 1.54 seconds 
Epoch: 176/200 Train accuracy: 7.45903e-01 Validation accuracy: 7.50000e-01 Loss 1.01495e-02 Time taken: 1.54 seconds 
Epoch: 177/200 Train accuracy: 7.48967e-01 Validation accuracy: 7.50333e-01 Loss 1.01485e-02 Time taken: 1.53 seconds 
Epoch: 178/200 Train accuracy: 7.47328e-01 Validation accuracy: 7.43000e-01 Loss 1.01479e-02 Time taken: 1.54 seconds 
Epoch: 179/200 Train accuracy: 7.47328e-01 Validation accuracy: 7.53333e-01 Loss 1.01507e-02 Time taken: 1.54 seconds 
Epoch: 180/200 Train accuracy: 7.48753e-01 Validation accuracy: 7.48333e-01 Loss 1.01321e-02 Time taken: 1.54 seconds 
Epoch: 181/200 Train accuracy: 7.49822e-01 Validation accuracy: 7.46333e-01 Loss 1.01333e-02 Time taken: 1.54 seconds 
Epoch: 182/200 Train accuracy: 7.47755e-01 Validation accuracy: 7.48000e-01 Loss 1.01456e-02 Time taken: 1.54 seconds 
Epoch: 183/200 Train accuracy: 7.46259e-01 Validation accuracy: 7.45333e-01 Loss 1.01485e-02 Time taken: 1.55 seconds 
Epoch: 184/200 Train accuracy: 7.48682e-01 Validation accuracy: 7.47667e-01 Loss 1.01258e-02 Time taken: 1.54 seconds 
Epoch: 185/200 Train accuracy: 7.47328e-01 Validation accuracy: 7.44333e-01 Loss 1.01452e-02 Time taken: 1.55 seconds 
Epoch: 186/200 Train accuracy: 7.51176e-01 Validation accuracy: 7.50667e-01 Loss 1.01259e-02 Time taken: 1.54 seconds 
Epoch: 187/200 Train accuracy: 7.47043e-01 Validation accuracy: 7.43000e-01 Loss 1.01465e-02 Time taken: 1.54 seconds 
Epoch: 188/200 Train accuracy: 7.49181e-01 Validation accuracy: 7.44667e-01 Loss 1.01474e-02 Time taken: 1.54 seconds 
Epoch: 189/200 Train accuracy: 7.48397e-01 Validation accuracy: 7.45000e-01 Loss 1.01399e-02 Time taken: 1.55 seconds 
Epoch: 190/200 Train accuracy: 7.49038e-01 Validation accuracy: 7.45333e-01 Loss 1.01384e-02 Time taken: 1.55 seconds 
Epoch: 191/200 Train accuracy: 7.45689e-01 Validation accuracy: 7.44333e-01 Loss 1.01632e-02 Time taken: 1.55 seconds 
Epoch: 192/200 Train accuracy: 7.47043e-01 Validation accuracy: 7.48000e-01 Loss 1.01434e-02 Time taken: 1.56 seconds 
Epoch: 193/200 Train accuracy: 7.49323e-01 Validation accuracy: 7.47333e-01 Loss 1.01359e-02 Time taken: 1.54 seconds 
Epoch: 194/200 Train accuracy: 7.48896e-01 Validation accuracy: 7.49000e-01 Loss 1.01385e-02 Time taken: 1.56 seconds 
Epoch: 195/200 Train accuracy: 7.47185e-01 Validation accuracy: 7.41667e-01 Loss 1.01459e-02 Time taken: 1.54 seconds 
Epoch: 196/200 Train accuracy: 7.49323e-01 Validation accuracy: 7.50000e-01 Loss 1.01318e-02 Time taken: 1.55 seconds 
Epoch: 197/200 Train accuracy: 7.45974e-01 Validation accuracy: 7.40667e-01 Loss 1.01588e-02 Time taken: 1.54 seconds 
Epoch: 198/200 Train accuracy: 7.47684e-01 Validation accuracy: 7.44667e-01 Loss 1.01481e-02 Time taken: 1.54 seconds 
Epoch: 199/200 Train accuracy: 7.47328e-01 Validation accuracy: 7.45333e-01 Loss 1.01346e-02 Time taken: 1.54 seconds 
Epoch: 200/200 Train accuracy: 7.48539e-01 Validation accuracy: 7.43333e-01 Loss 1.01340e-02 Time taken: 1.54 seconds 
Total time taken 0:05:10.114118
Cleaning up intermediate feature (.pt) files
Done


working on file logs_PKT_scheduled/iic-train-L2-PKT-whole-seed43/jepa-iic-L2-PKT-whole-scheduled-seed43-ep200.pth.tar ...
