Directory classifiers/jepa-iic-L2-seed43-classifier-pretrained-vitb-normalized-ep400 for saving the classifiers is now present
VisionTransformer(
  (patch_embed): PatchEmbed(
    (proj): Conv2d(3, 768, kernel_size=(15, 15), stride=(15, 15))
  )
  (blocks): ModuleList(
    (0-11): 12 x Block(
      (norm1): LayerNorm((768,), eps=1e-06, elementwise_affine=True)
      (attn): Attention(
        (qkv): Linear(in_features=768, out_features=2304, bias=True)
        (attn_drop): Dropout(p=0.0, inplace=False)
        (proj): Linear(in_features=768, out_features=768, bias=True)
        (proj_drop): Dropout(p=0.0, inplace=False)
      )
      (drop_path): Identity()
      (norm2): LayerNorm((768,), eps=1e-06, elementwise_affine=True)
      (mlp): MLP(
        (fc1): Linear(in_features=768, out_features=3072, bias=True)
        (act): GELU(approximate='none')
        (fc2): Linear(in_features=3072, out_features=768, bias=True)
        (drop): Dropout(p=0.0, inplace=False)
      )
    )
  )
  (norm): LayerNorm((768,), eps=1e-06, elementwise_affine=True)
)
Extracting features and saving them locally..
Epoch: 1/200 Train accuracy: 3.13667e-01 Validation accuracy: 4.16000e-01 Loss 1.34277e-02 Time taken: 2.09 seconds 
Epoch: 2/200 Train accuracy: 4.70429e-01 Validation accuracy: 5.62333e-01 Loss 1.24497e-02 Time taken: 2.20 seconds 
Epoch: 3/200 Train accuracy: 5.40331e-01 Validation accuracy: 6.03000e-01 Loss 1.19435e-02 Time taken: 2.14 seconds 
Epoch: 4/200 Train accuracy: 5.73037e-01 Validation accuracy: 5.98667e-01 Loss 1.17241e-02 Time taken: 2.17 seconds 
Epoch: 5/200 Train accuracy: 5.94129e-01 Validation accuracy: 6.17000e-01 Loss 1.15798e-02 Time taken: 2.36 seconds 
Epoch: 6/200 Train accuracy: 6.02537e-01 Validation accuracy: 6.24667e-01 Loss 1.14797e-02 Time taken: 2.19 seconds 
Epoch: 7/200 Train accuracy: 6.13795e-01 Validation accuracy: 6.28000e-01 Loss 1.14048e-02 Time taken: 2.14 seconds 
Epoch: 8/200 Train accuracy: 6.15006e-01 Validation accuracy: 6.33000e-01 Loss 1.13525e-02 Time taken: 2.37 seconds 
Epoch: 9/200 Train accuracy: 6.18640e-01 Validation accuracy: 6.30667e-01 Loss 1.13061e-02 Time taken: 2.16 seconds 
Epoch: 10/200 Train accuracy: 6.26336e-01 Validation accuracy: 6.33667e-01 Loss 1.12511e-02 Time taken: 2.21 seconds 
Epoch: 11/200 Train accuracy: 6.24341e-01 Validation accuracy: 6.39333e-01 Loss 1.12500e-02 Time taken: 2.28 seconds 
Epoch: 12/200 Train accuracy: 6.24483e-01 Validation accuracy: 6.33000e-01 Loss 1.12146e-02 Time taken: 2.19 seconds 
Epoch: 13/200 Train accuracy: 6.30540e-01 Validation accuracy: 6.39333e-01 Loss 1.11960e-02 Time taken: 2.30 seconds 
Epoch: 14/200 Train accuracy: 6.34815e-01 Validation accuracy: 6.37000e-01 Loss 1.11561e-02 Time taken: 2.11 seconds 
Epoch: 15/200 Train accuracy: 6.35385e-01 Validation accuracy: 6.34667e-01 Loss 1.11494e-02 Time taken: 2.23 seconds 
Epoch: 16/200 Train accuracy: 6.37523e-01 Validation accuracy: 6.43000e-01 Loss 1.11192e-02 Time taken: 2.08 seconds 
Epoch: 17/200 Train accuracy: 6.38735e-01 Validation accuracy: 6.39000e-01 Loss 1.11151e-02 Time taken: 2.21 seconds 
Epoch: 18/200 Train accuracy: 6.33960e-01 Validation accuracy: 6.38333e-01 Loss 1.11085e-02 Time taken: 2.26 seconds 
Epoch: 19/200 Train accuracy: 6.39661e-01 Validation accuracy: 6.41000e-01 Loss 1.10848e-02 Time taken: 2.24 seconds 
Epoch: 20/200 Train accuracy: 6.39946e-01 Validation accuracy: 6.38333e-01 Loss 1.10773e-02 Time taken: 2.43 seconds 
Epoch: 21/200 Train accuracy: 6.45076e-01 Validation accuracy: 6.44000e-01 Loss 1.10572e-02 Time taken: 2.43 seconds 
Epoch: 22/200 Train accuracy: 6.44791e-01 Validation accuracy: 6.44000e-01 Loss 1.10555e-02 Time taken: 2.19 seconds 
Epoch: 23/200 Train accuracy: 6.42369e-01 Validation accuracy: 6.43000e-01 Loss 1.10513e-02 Time taken: 2.24 seconds 
Epoch: 24/200 Train accuracy: 6.43081e-01 Validation accuracy: 6.41667e-01 Loss 1.10421e-02 Time taken: 2.16 seconds 
Epoch: 25/200 Train accuracy: 6.44007e-01 Validation accuracy: 6.43000e-01 Loss 1.10369e-02 Time taken: 2.23 seconds 
Epoch: 26/200 Train accuracy: 6.45789e-01 Validation accuracy: 6.45333e-01 Loss 1.10239e-02 Time taken: 2.18 seconds 
Epoch: 27/200 Train accuracy: 6.44720e-01 Validation accuracy: 6.45667e-01 Loss 1.10233e-02 Time taken: 2.33 seconds 
Epoch: 28/200 Train accuracy: 6.50349e-01 Validation accuracy: 6.44333e-01 Loss 1.10060e-02 Time taken: 2.25 seconds 
Epoch: 29/200 Train accuracy: 6.45290e-01 Validation accuracy: 6.45667e-01 Loss 1.10236e-02 Time taken: 2.33 seconds 
Epoch: 30/200 Train accuracy: 6.49708e-01 Validation accuracy: 6.50000e-01 Loss 1.10008e-02 Time taken: 2.37 seconds 
Epoch: 31/200 Train accuracy: 6.50492e-01 Validation accuracy: 6.39333e-01 Loss 1.09802e-02 Time taken: 2.31 seconds 
Epoch: 32/200 Train accuracy: 6.48639e-01 Validation accuracy: 6.47000e-01 Loss 1.09778e-02 Time taken: 2.28 seconds 
Epoch: 33/200 Train accuracy: 6.52843e-01 Validation accuracy: 6.51000e-01 Loss 1.09725e-02 Time taken: 2.10 seconds 
Epoch: 34/200 Train accuracy: 6.46786e-01 Validation accuracy: 6.47333e-01 Loss 1.09751e-02 Time taken: 2.18 seconds 
Epoch: 35/200 Train accuracy: 6.50064e-01 Validation accuracy: 6.50000e-01 Loss 1.09700e-02 Time taken: 2.11 seconds 
Epoch: 36/200 Train accuracy: 6.49209e-01 Validation accuracy: 6.49000e-01 Loss 1.09634e-02 Time taken: 2.09 seconds 
Epoch: 37/200 Train accuracy: 6.50064e-01 Validation accuracy: 6.48667e-01 Loss 1.09709e-02 Time taken: 2.36 seconds 
Epoch: 38/200 Train accuracy: 6.54339e-01 Validation accuracy: 6.50333e-01 Loss 1.09516e-02 Time taken: 2.21 seconds 
Epoch: 39/200 Train accuracy: 6.53342e-01 Validation accuracy: 6.52333e-01 Loss 1.09503e-02 Time taken: 2.20 seconds 
Epoch: 40/200 Train accuracy: 6.52986e-01 Validation accuracy: 6.52333e-01 Loss 1.09370e-02 Time taken: 2.23 seconds 
Epoch: 41/200 Train accuracy: 6.50990e-01 Validation accuracy: 6.55000e-01 Loss 1.09417e-02 Time taken: 2.17 seconds 
Epoch: 42/200 Train accuracy: 6.53983e-01 Validation accuracy: 6.54000e-01 Loss 1.09444e-02 Time taken: 2.35 seconds 
Epoch: 43/200 Train accuracy: 6.53128e-01 Validation accuracy: 6.47333e-01 Loss 1.09401e-02 Time taken: 2.21 seconds 
Epoch: 44/200 Train accuracy: 6.52772e-01 Validation accuracy: 6.55333e-01 Loss 1.09383e-02 Time taken: 2.33 seconds 
Epoch: 45/200 Train accuracy: 6.58900e-01 Validation accuracy: 6.55333e-01 Loss 1.09177e-02 Time taken: 2.19 seconds 
Epoch: 46/200 Train accuracy: 6.52558e-01 Validation accuracy: 6.57667e-01 Loss 1.09292e-02 Time taken: 2.41 seconds 
Epoch: 47/200 Train accuracy: 6.55480e-01 Validation accuracy: 6.54000e-01 Loss 1.09169e-02 Time taken: 2.36 seconds 
Epoch: 48/200 Train accuracy: 6.56050e-01 Validation accuracy: 6.50667e-01 Loss 1.09185e-02 Time taken: 2.23 seconds 
Epoch: 49/200 Train accuracy: 6.55337e-01 Validation accuracy: 6.47667e-01 Loss 1.09235e-02 Time taken: 2.39 seconds 
Epoch: 50/200 Train accuracy: 6.57475e-01 Validation accuracy: 6.58333e-01 Loss 1.09142e-02 Time taken: 2.17 seconds 
Epoch: 51/200 Train accuracy: 6.59541e-01 Validation accuracy: 6.52000e-01 Loss 1.09061e-02 Time taken: 2.08 seconds 
Epoch: 52/200 Train accuracy: 6.55551e-01 Validation accuracy: 6.56000e-01 Loss 1.09029e-02 Time taken: 2.30 seconds 
Epoch: 53/200 Train accuracy: 6.55907e-01 Validation accuracy: 6.57000e-01 Loss 1.09040e-02 Time taken: 2.25 seconds 
Epoch: 54/200 Train accuracy: 6.55693e-01 Validation accuracy: 6.58333e-01 Loss 1.09001e-02 Time taken: 2.27 seconds 
Epoch: 55/200 Train accuracy: 6.59755e-01 Validation accuracy: 6.59667e-01 Loss 1.08853e-02 Time taken: 2.48 seconds 
Epoch: 56/200 Train accuracy: 6.60111e-01 Validation accuracy: 6.59333e-01 Loss 1.08920e-02 Time taken: 2.14 seconds 
Epoch: 57/200 Train accuracy: 6.59826e-01 Validation accuracy: 6.59667e-01 Loss 1.08825e-02 Time taken: 2.15 seconds 
Epoch: 58/200 Train accuracy: 6.59399e-01 Validation accuracy: 6.55000e-01 Loss 1.08907e-02 Time taken: 2.48 seconds 
Epoch: 59/200 Train accuracy: 6.60752e-01 Validation accuracy: 6.54333e-01 Loss 1.08845e-02 Time taken: 2.23 seconds 
Epoch: 60/200 Train accuracy: 6.61394e-01 Validation accuracy: 6.60000e-01 Loss 1.08805e-02 Time taken: 2.04 seconds 
Epoch: 61/200 Train accuracy: 6.60325e-01 Validation accuracy: 6.57000e-01 Loss 1.08758e-02 Time taken: 2.01 seconds 
Epoch: 62/200 Train accuracy: 6.59684e-01 Validation accuracy: 6.55333e-01 Loss 1.08717e-02 Time taken: 2.05 seconds 
Epoch: 63/200 Train accuracy: 6.60966e-01 Validation accuracy: 6.59000e-01 Loss 1.08851e-02 Time taken: 2.21 seconds 
Epoch: 64/200 Train accuracy: 6.59897e-01 Validation accuracy: 6.62000e-01 Loss 1.08741e-02 Time taken: 2.13 seconds 
Epoch: 65/200 Train accuracy: 6.61465e-01 Validation accuracy: 6.57333e-01 Loss 1.08552e-02 Time taken: 2.46 seconds 
Epoch: 66/200 Train accuracy: 6.64030e-01 Validation accuracy: 6.59333e-01 Loss 1.08479e-02 Time taken: 2.16 seconds 
Epoch: 67/200 Train accuracy: 6.62391e-01 Validation accuracy: 6.61333e-01 Loss 1.08577e-02 Time taken: 2.39 seconds 
Epoch: 68/200 Train accuracy: 6.61394e-01 Validation accuracy: 6.60333e-01 Loss 1.08567e-02 Time taken: 2.12 seconds 
Epoch: 69/200 Train accuracy: 6.63246e-01 Validation accuracy: 6.65000e-01 Loss 1.08519e-02 Time taken: 2.20 seconds 
Epoch: 70/200 Train accuracy: 6.63959e-01 Validation accuracy: 6.59333e-01 Loss 1.08612e-02 Time taken: 2.35 seconds 
Epoch: 71/200 Train accuracy: 6.61037e-01 Validation accuracy: 6.61667e-01 Loss 1.08624e-02 Time taken: 2.24 seconds 
Epoch: 72/200 Train accuracy: 6.65527e-01 Validation accuracy: 6.63000e-01 Loss 1.08572e-02 Time taken: 2.18 seconds 
Epoch: 73/200 Train accuracy: 6.60467e-01 Validation accuracy: 6.61667e-01 Loss 1.08691e-02 Time taken: 2.23 seconds 
Epoch: 74/200 Train accuracy: 6.66880e-01 Validation accuracy: 6.62333e-01 Loss 1.08445e-02 Time taken: 1.96 seconds 
Epoch: 75/200 Train accuracy: 6.63389e-01 Validation accuracy: 6.61000e-01 Loss 1.08562e-02 Time taken: 1.78 seconds 
Epoch: 76/200 Train accuracy: 6.65242e-01 Validation accuracy: 6.62000e-01 Loss 1.08440e-02 Time taken: 1.64 seconds 
Epoch: 77/200 Train accuracy: 6.64386e-01 Validation accuracy: 6.63000e-01 Loss 1.08505e-02 Time taken: 1.63 seconds 
Epoch: 78/200 Train accuracy: 6.67450e-01 Validation accuracy: 6.61333e-01 Loss 1.08321e-02 Time taken: 1.61 seconds 
Epoch: 79/200 Train accuracy: 6.69374e-01 Validation accuracy: 6.67000e-01 Loss 1.08314e-02 Time taken: 1.61 seconds 
Epoch: 80/200 Train accuracy: 6.67165e-01 Validation accuracy: 6.56333e-01 Loss 1.08328e-02 Time taken: 1.60 seconds 
Epoch: 81/200 Train accuracy: 6.68733e-01 Validation accuracy: 6.61667e-01 Loss 1.08248e-02 Time taken: 1.62 seconds 
Epoch: 82/200 Train accuracy: 6.62748e-01 Validation accuracy: 6.67333e-01 Loss 1.08319e-02 Time taken: 1.67 seconds 
Epoch: 83/200 Train accuracy: 6.65384e-01 Validation accuracy: 6.62333e-01 Loss 1.08328e-02 Time taken: 1.62 seconds 
Epoch: 84/200 Train accuracy: 6.65242e-01 Validation accuracy: 6.60333e-01 Loss 1.08432e-02 Time taken: 1.62 seconds 
Epoch: 85/200 Train accuracy: 6.66382e-01 Validation accuracy: 6.68333e-01 Loss 1.08249e-02 Time taken: 1.66 seconds 
Epoch: 86/200 Train accuracy: 6.63033e-01 Validation accuracy: 6.67333e-01 Loss 1.08363e-02 Time taken: 1.65 seconds 
Epoch: 87/200 Train accuracy: 6.64814e-01 Validation accuracy: 6.64000e-01 Loss 1.08424e-02 Time taken: 1.70 seconds 
Epoch: 88/200 Train accuracy: 6.68377e-01 Validation accuracy: 6.65333e-01 Loss 1.08235e-02 Time taken: 1.62 seconds 
Epoch: 89/200 Train accuracy: 6.71797e-01 Validation accuracy: 6.67667e-01 Loss 1.08011e-02 Time taken: 1.63 seconds 
Epoch: 90/200 Train accuracy: 6.69517e-01 Validation accuracy: 6.66000e-01 Loss 1.08226e-02 Time taken: 1.64 seconds 
Epoch: 91/200 Train accuracy: 6.68876e-01 Validation accuracy: 6.66333e-01 Loss 1.08199e-02 Time taken: 1.62 seconds 
Epoch: 92/200 Train accuracy: 6.69018e-01 Validation accuracy: 6.67667e-01 Loss 1.08197e-02 Time taken: 1.61 seconds 
Epoch: 93/200 Train accuracy: 6.66097e-01 Validation accuracy: 6.59667e-01 Loss 1.08226e-02 Time taken: 1.62 seconds 
Epoch: 94/200 Train accuracy: 6.68876e-01 Validation accuracy: 6.70000e-01 Loss 1.08145e-02 Time taken: 1.62 seconds 
Epoch: 95/200 Train accuracy: 6.64600e-01 Validation accuracy: 6.65667e-01 Loss 1.08235e-02 Time taken: 1.62 seconds 
Epoch: 96/200 Train accuracy: 6.65740e-01 Validation accuracy: 6.68000e-01 Loss 1.08260e-02 Time taken: 1.62 seconds 
Epoch: 97/200 Train accuracy: 6.70728e-01 Validation accuracy: 6.68333e-01 Loss 1.08053e-02 Time taken: 1.61 seconds 
Epoch: 98/200 Train accuracy: 6.68519e-01 Validation accuracy: 6.66000e-01 Loss 1.08133e-02 Time taken: 1.61 seconds 
Epoch: 99/200 Train accuracy: 6.70158e-01 Validation accuracy: 6.64667e-01 Loss 1.08140e-02 Time taken: 1.64 seconds 
Epoch: 100/200 Train accuracy: 6.69303e-01 Validation accuracy: 6.67333e-01 Loss 1.08060e-02 Time taken: 1.62 seconds 
Epoch: 101/200 Train accuracy: 6.73293e-01 Validation accuracy: 6.62333e-01 Loss 1.07945e-02 Time taken: 1.62 seconds 
Epoch: 102/200 Train accuracy: 6.68163e-01 Validation accuracy: 6.67667e-01 Loss 1.08116e-02 Time taken: 1.91 seconds 
Epoch: 103/200 Train accuracy: 6.67450e-01 Validation accuracy: 6.66333e-01 Loss 1.08201e-02 Time taken: 1.66 seconds 
Epoch: 104/200 Train accuracy: 6.65954e-01 Validation accuracy: 6.70000e-01 Loss 1.08132e-02 Time taken: 1.69 seconds 
Epoch: 105/200 Train accuracy: 6.71013e-01 Validation accuracy: 6.68333e-01 Loss 1.07958e-02 Time taken: 1.61 seconds 
Epoch: 106/200 Train accuracy: 6.69018e-01 Validation accuracy: 6.71333e-01 Loss 1.08072e-02 Time taken: 1.60 seconds 
Epoch: 107/200 Train accuracy: 6.70657e-01 Validation accuracy: 6.67000e-01 Loss 1.08027e-02 Time taken: 1.62 seconds 
Epoch: 108/200 Train accuracy: 6.65740e-01 Validation accuracy: 6.66000e-01 Loss 1.08106e-02 Time taken: 1.64 seconds 
Epoch: 109/200 Train accuracy: 6.71726e-01 Validation accuracy: 6.70000e-01 Loss 1.07916e-02 Time taken: 1.63 seconds 
Epoch: 110/200 Train accuracy: 6.73578e-01 Validation accuracy: 6.66333e-01 Loss 1.07750e-02 Time taken: 1.70 seconds 
Epoch: 111/200 Train accuracy: 6.70586e-01 Validation accuracy: 6.70667e-01 Loss 1.07963e-02 Time taken: 1.75 seconds 
Epoch: 112/200 Train accuracy: 6.71583e-01 Validation accuracy: 6.67667e-01 Loss 1.07992e-02 Time taken: 2.21 seconds 
Epoch: 113/200 Train accuracy: 6.71085e-01 Validation accuracy: 6.67667e-01 Loss 1.07862e-02 Time taken: 2.56 seconds 
Epoch: 114/200 Train accuracy: 6.72581e-01 Validation accuracy: 6.66000e-01 Loss 1.07805e-02 Time taken: 2.12 seconds 
Epoch: 115/200 Train accuracy: 6.70087e-01 Validation accuracy: 6.67667e-01 Loss 1.07904e-02 Time taken: 2.10 seconds 
Epoch: 116/200 Train accuracy: 6.71013e-01 Validation accuracy: 6.70333e-01 Loss 1.07878e-02 Time taken: 2.16 seconds 
Epoch: 117/200 Train accuracy: 6.69161e-01 Validation accuracy: 6.72333e-01 Loss 1.07980e-02 Time taken: 2.08 seconds 
Epoch: 118/200 Train accuracy: 6.73151e-01 Validation accuracy: 6.71333e-01 Loss 1.07739e-02 Time taken: 2.36 seconds 
Epoch: 119/200 Train accuracy: 6.71156e-01 Validation accuracy: 6.66667e-01 Loss 1.07828e-02 Time taken: 2.38 seconds 
Epoch: 120/200 Train accuracy: 6.72866e-01 Validation accuracy: 6.72333e-01 Loss 1.07826e-02 Time taken: 2.26 seconds 
Epoch: 121/200 Train accuracy: 6.69374e-01 Validation accuracy: 6.66667e-01 Loss 1.07980e-02 Time taken: 2.28 seconds 
Epoch: 122/200 Train accuracy: 6.71370e-01 Validation accuracy: 6.68667e-01 Loss 1.07862e-02 Time taken: 2.38 seconds 
Epoch: 123/200 Train accuracy: 6.70799e-01 Validation accuracy: 6.70000e-01 Loss 1.07832e-02 Time taken: 2.22 seconds 
Epoch: 124/200 Train accuracy: 6.74576e-01 Validation accuracy: 6.70000e-01 Loss 1.07759e-02 Time taken: 2.16 seconds 
Epoch: 125/200 Train accuracy: 6.71227e-01 Validation accuracy: 6.74000e-01 Loss 1.07805e-02 Time taken: 2.15 seconds 
Epoch: 126/200 Train accuracy: 6.73935e-01 Validation accuracy: 6.68667e-01 Loss 1.07668e-02 Time taken: 1.99 seconds 
Epoch: 127/200 Train accuracy: 6.74576e-01 Validation accuracy: 6.71333e-01 Loss 1.07643e-02 Time taken: 2.15 seconds 
Epoch: 128/200 Train accuracy: 6.74291e-01 Validation accuracy: 6.70333e-01 Loss 1.07732e-02 Time taken: 2.22 seconds 
Epoch: 129/200 Train accuracy: 6.74932e-01 Validation accuracy: 6.71667e-01 Loss 1.07596e-02 Time taken: 2.18 seconds 
Epoch: 130/200 Train accuracy: 6.75289e-01 Validation accuracy: 6.70000e-01 Loss 1.07742e-02 Time taken: 2.19 seconds 
Epoch: 131/200 Train accuracy: 6.72225e-01 Validation accuracy: 6.72333e-01 Loss 1.07812e-02 Time taken: 2.20 seconds 
Epoch: 132/200 Train accuracy: 6.72866e-01 Validation accuracy: 6.74333e-01 Loss 1.07653e-02 Time taken: 2.11 seconds 
Epoch: 133/200 Train accuracy: 6.71797e-01 Validation accuracy: 6.74333e-01 Loss 1.07708e-02 Time taken: 2.30 seconds 
Epoch: 134/200 Train accuracy: 6.73792e-01 Validation accuracy: 6.71333e-01 Loss 1.07675e-02 Time taken: 2.55 seconds 
Epoch: 135/200 Train accuracy: 6.73650e-01 Validation accuracy: 6.67333e-01 Loss 1.07711e-02 Time taken: 2.27 seconds 
Epoch: 136/200 Train accuracy: 6.71370e-01 Validation accuracy: 6.69333e-01 Loss 1.07689e-02 Time taken: 2.34 seconds 
Epoch: 137/200 Train accuracy: 6.71227e-01 Validation accuracy: 6.73667e-01 Loss 1.07803e-02 Time taken: 2.14 seconds 
Epoch: 138/200 Train accuracy: 6.72438e-01 Validation accuracy: 6.71667e-01 Loss 1.07714e-02 Time taken: 2.05 seconds 
Epoch: 139/200 Train accuracy: 6.70229e-01 Validation accuracy: 6.72333e-01 Loss 1.07765e-02 Time taken: 2.30 seconds 
Epoch: 140/200 Train accuracy: 6.74148e-01 Validation accuracy: 6.70667e-01 Loss 1.07573e-02 Time taken: 2.25 seconds 
Epoch: 141/200 Train accuracy: 6.74220e-01 Validation accuracy: 6.68000e-01 Loss 1.07779e-02 Time taken: 2.19 seconds 
Epoch: 142/200 Train accuracy: 6.72866e-01 Validation accuracy: 6.70667e-01 Loss 1.07666e-02 Time taken: 2.08 seconds 
Epoch: 143/200 Train accuracy: 6.68733e-01 Validation accuracy: 6.69667e-01 Loss 1.08006e-02 Time taken: 2.20 seconds 
Epoch: 144/200 Train accuracy: 6.76500e-01 Validation accuracy: 6.67333e-01 Loss 1.07570e-02 Time taken: 2.40 seconds 
Epoch: 145/200 Train accuracy: 6.75502e-01 Validation accuracy: 6.76667e-01 Loss 1.07593e-02 Time taken: 2.19 seconds 
Epoch: 146/200 Train accuracy: 6.77996e-01 Validation accuracy: 6.72000e-01 Loss 1.07440e-02 Time taken: 2.18 seconds 
Epoch: 147/200 Train accuracy: 6.73293e-01 Validation accuracy: 6.76333e-01 Loss 1.07660e-02 Time taken: 2.30 seconds 
Epoch: 148/200 Train accuracy: 6.76856e-01 Validation accuracy: 6.70667e-01 Loss 1.07497e-02 Time taken: 2.37 seconds 
Epoch: 149/200 Train accuracy: 6.73650e-01 Validation accuracy: 6.70000e-01 Loss 1.07514e-02 Time taken: 2.19 seconds 
Epoch: 150/200 Train accuracy: 6.73721e-01 Validation accuracy: 6.75667e-01 Loss 1.07633e-02 Time taken: 2.19 seconds 
Epoch: 151/200 Train accuracy: 6.73863e-01 Validation accuracy: 6.68000e-01 Loss 1.07591e-02 Time taken: 2.35 seconds 
Epoch: 152/200 Train accuracy: 6.77070e-01 Validation accuracy: 6.72333e-01 Loss 1.07470e-02 Time taken: 2.20 seconds 
Epoch: 153/200 Train accuracy: 6.78923e-01 Validation accuracy: 6.72667e-01 Loss 1.07441e-02 Time taken: 2.24 seconds 
Epoch: 154/200 Train accuracy: 6.74148e-01 Validation accuracy: 6.74667e-01 Loss 1.07545e-02 Time taken: 2.34 seconds 
Epoch: 155/200 Train accuracy: 6.76785e-01 Validation accuracy: 6.74333e-01 Loss 1.07504e-02 Time taken: 2.47 seconds 
Epoch: 156/200 Train accuracy: 6.74505e-01 Validation accuracy: 6.74667e-01 Loss 1.07556e-02 Time taken: 2.24 seconds 
Epoch: 157/200 Train accuracy: 6.78139e-01 Validation accuracy: 6.70333e-01 Loss 1.07455e-02 Time taken: 2.21 seconds 
Epoch: 158/200 Train accuracy: 6.76571e-01 Validation accuracy: 6.73000e-01 Loss 1.07444e-02 Time taken: 2.46 seconds 
Epoch: 159/200 Train accuracy: 6.78923e-01 Validation accuracy: 6.69000e-01 Loss 1.07450e-02 Time taken: 2.28 seconds 
Epoch: 160/200 Train accuracy: 6.80561e-01 Validation accuracy: 6.77000e-01 Loss 1.07270e-02 Time taken: 2.04 seconds 
Epoch: 161/200 Train accuracy: 6.72510e-01 Validation accuracy: 6.74333e-01 Loss 1.07603e-02 Time taken: 2.11 seconds 
Epoch: 162/200 Train accuracy: 6.77640e-01 Validation accuracy: 6.75000e-01 Loss 1.07409e-02 Time taken: 2.24 seconds 
Epoch: 163/200 Train accuracy: 6.75360e-01 Validation accuracy: 6.74000e-01 Loss 1.07599e-02 Time taken: 2.32 seconds 
Epoch: 164/200 Train accuracy: 6.76714e-01 Validation accuracy: 6.74000e-01 Loss 1.07541e-02 Time taken: 2.25 seconds 
Epoch: 165/200 Train accuracy: 6.74077e-01 Validation accuracy: 6.66667e-01 Loss 1.07574e-02 Time taken: 2.26 seconds 
Epoch: 166/200 Train accuracy: 6.76357e-01 Validation accuracy: 6.73333e-01 Loss 1.07413e-02 Time taken: 2.36 seconds 
Epoch: 167/200 Train accuracy: 6.77925e-01 Validation accuracy: 6.71333e-01 Loss 1.07388e-02 Time taken: 2.31 seconds 
Epoch: 168/200 Train accuracy: 6.81844e-01 Validation accuracy: 6.73000e-01 Loss 1.07253e-02 Time taken: 2.32 seconds 
Epoch: 169/200 Train accuracy: 6.75930e-01 Validation accuracy: 6.78000e-01 Loss 1.07387e-02 Time taken: 2.23 seconds 
Epoch: 170/200 Train accuracy: 6.74077e-01 Validation accuracy: 6.74667e-01 Loss 1.07527e-02 Time taken: 2.29 seconds 
Epoch: 171/200 Train accuracy: 6.78281e-01 Validation accuracy: 6.75333e-01 Loss 1.07337e-02 Time taken: 2.11 seconds 
Epoch: 172/200 Train accuracy: 6.77498e-01 Validation accuracy: 6.76000e-01 Loss 1.07509e-02 Time taken: 2.27 seconds 
Epoch: 173/200 Train accuracy: 6.75431e-01 Validation accuracy: 6.72000e-01 Loss 1.07384e-02 Time taken: 2.23 seconds 
Epoch: 174/200 Train accuracy: 6.74220e-01 Validation accuracy: 6.74667e-01 Loss 1.07428e-02 Time taken: 2.22 seconds 
Epoch: 175/200 Train accuracy: 6.73863e-01 Validation accuracy: 6.78333e-01 Loss 1.07520e-02 Time taken: 2.16 seconds 
Epoch: 176/200 Train accuracy: 6.74647e-01 Validation accuracy: 6.76000e-01 Loss 1.07556e-02 Time taken: 2.30 seconds 
Epoch: 177/200 Train accuracy: 6.78353e-01 Validation accuracy: 6.74333e-01 Loss 1.07373e-02 Time taken: 2.26 seconds 
Epoch: 178/200 Train accuracy: 6.77212e-01 Validation accuracy: 6.73667e-01 Loss 1.07512e-02 Time taken: 2.30 seconds 
Epoch: 179/200 Train accuracy: 6.75787e-01 Validation accuracy: 6.80667e-01 Loss 1.07510e-02 Time taken: 2.28 seconds 
Epoch: 180/200 Train accuracy: 6.76144e-01 Validation accuracy: 6.74333e-01 Loss 1.07412e-02 Time taken: 2.20 seconds 
Epoch: 181/200 Train accuracy: 6.78210e-01 Validation accuracy: 6.76000e-01 Loss 1.07360e-02 Time taken: 2.32 seconds 
Epoch: 182/200 Train accuracy: 6.75859e-01 Validation accuracy: 6.69667e-01 Loss 1.07394e-02 Time taken: 2.10 seconds 
Epoch: 183/200 Train accuracy: 6.76999e-01 Validation accuracy: 6.69667e-01 Loss 1.07303e-02 Time taken: 2.03 seconds 
Epoch: 184/200 Train accuracy: 6.77212e-01 Validation accuracy: 6.71667e-01 Loss 1.07432e-02 Time taken: 2.15 seconds 
Epoch: 185/200 Train accuracy: 6.75574e-01 Validation accuracy: 6.74667e-01 Loss 1.07494e-02 Time taken: 2.19 seconds 
Epoch: 186/200 Train accuracy: 6.79564e-01 Validation accuracy: 6.70333e-01 Loss 1.07357e-02 Time taken: 2.14 seconds 
Epoch: 187/200 Train accuracy: 6.76642e-01 Validation accuracy: 6.74333e-01 Loss 1.07373e-02 Time taken: 2.14 seconds 
Epoch: 188/200 Train accuracy: 6.77783e-01 Validation accuracy: 6.77333e-01 Loss 1.07313e-02 Time taken: 2.42 seconds 
Epoch: 189/200 Train accuracy: 6.77569e-01 Validation accuracy: 6.79333e-01 Loss 1.07302e-02 Time taken: 2.21 seconds 
Epoch: 190/200 Train accuracy: 6.80134e-01 Validation accuracy: 6.75333e-01 Loss 1.07219e-02 Time taken: 2.24 seconds 
Epoch: 191/200 Train accuracy: 6.79991e-01 Validation accuracy: 6.77000e-01 Loss 1.07321e-02 Time taken: 2.26 seconds 
Epoch: 192/200 Train accuracy: 6.80419e-01 Validation accuracy: 6.77667e-01 Loss 1.07167e-02 Time taken: 2.26 seconds 
Epoch: 193/200 Train accuracy: 6.75930e-01 Validation accuracy: 6.79333e-01 Loss 1.07344e-02 Time taken: 2.11 seconds 
Epoch: 194/200 Train accuracy: 6.79849e-01 Validation accuracy: 6.70333e-01 Loss 1.07164e-02 Time taken: 2.21 seconds 
Epoch: 195/200 Train accuracy: 6.77426e-01 Validation accuracy: 6.75000e-01 Loss 1.07359e-02 Time taken: 2.20 seconds 
Epoch: 196/200 Train accuracy: 6.79350e-01 Validation accuracy: 6.78333e-01 Loss 1.07298e-02 Time taken: 2.17 seconds 
Epoch: 197/200 Train accuracy: 6.80134e-01 Validation accuracy: 6.81333e-01 Loss 1.07274e-02 Time taken: 2.27 seconds 
Epoch: 198/200 Train accuracy: 6.78923e-01 Validation accuracy: 6.73000e-01 Loss 1.07241e-02 Time taken: 2.31 seconds 
Epoch: 199/200 Train accuracy: 6.74505e-01 Validation accuracy: 6.82000e-01 Loss 1.07514e-02 Time taken: 2.10 seconds 
Epoch: 200/200 Train accuracy: 6.79493e-01 Validation accuracy: 6.76000e-01 Loss 1.07199e-02 Time taken: 2.17 seconds 
Total time taken 0:07:09.252978
Cleaning up intermediate feature (.pt) files
Done


working on file logs_PKT_chunks/iic-train-L2-PKT-chunks-scale10e3-seed43/jepa-iic-L2-PKT-chunks-scale10e3-seed43-ep500.pth.tar ...
