Directory classifiers/jepa-iic-L2-seed43-classifier-pretrained-vitb-normalized-ep300 for saving the classifiers is now present
VisionTransformer(
  (patch_embed): PatchEmbed(
    (proj): Conv2d(3, 768, kernel_size=(15, 15), stride=(15, 15))
  )
  (blocks): ModuleList(
    (0-11): 12 x Block(
      (norm1): LayerNorm((768,), eps=1e-06, elementwise_affine=True)
      (attn): Attention(
        (qkv): Linear(in_features=768, out_features=2304, bias=True)
        (attn_drop): Dropout(p=0.0, inplace=False)
        (proj): Linear(in_features=768, out_features=768, bias=True)
        (proj_drop): Dropout(p=0.0, inplace=False)
      )
      (drop_path): Identity()
      (norm2): LayerNorm((768,), eps=1e-06, elementwise_affine=True)
      (mlp): MLP(
        (fc1): Linear(in_features=768, out_features=3072, bias=True)
        (act): GELU(approximate='none')
        (fc2): Linear(in_features=3072, out_features=768, bias=True)
        (drop): Dropout(p=0.0, inplace=False)
      )
    )
  )
  (norm): LayerNorm((768,), eps=1e-06, elementwise_affine=True)
)
Extracting features and saving them locally..
Epoch: 1/200 Train accuracy: 3.32478e-01 Validation accuracy: 5.03333e-01 Loss 1.33265e-02 Time taken: 2.11 seconds 
Epoch: 2/200 Train accuracy: 4.64230e-01 Validation accuracy: 5.12000e-01 Loss 1.24660e-02 Time taken: 2.26 seconds 
Epoch: 3/200 Train accuracy: 4.93872e-01 Validation accuracy: 5.29333e-01 Loss 1.22164e-02 Time taken: 2.31 seconds 
Epoch: 4/200 Train accuracy: 5.11543e-01 Validation accuracy: 5.30333e-01 Loss 1.20711e-02 Time taken: 2.16 seconds 
Epoch: 5/200 Train accuracy: 5.25082e-01 Validation accuracy: 5.42000e-01 Loss 1.19650e-02 Time taken: 2.21 seconds 
Epoch: 6/200 Train accuracy: 5.34345e-01 Validation accuracy: 5.43667e-01 Loss 1.18861e-02 Time taken: 2.11 seconds 
Epoch: 7/200 Train accuracy: 5.44820e-01 Validation accuracy: 5.56667e-01 Loss 1.18187e-02 Time taken: 2.29 seconds 
Epoch: 8/200 Train accuracy: 5.62135e-01 Validation accuracy: 5.77000e-01 Loss 1.17096e-02 Time taken: 2.21 seconds 
Epoch: 9/200 Train accuracy: 5.67907e-01 Validation accuracy: 5.92333e-01 Loss 1.16414e-02 Time taken: 2.14 seconds 
Epoch: 10/200 Train accuracy: 5.73393e-01 Validation accuracy: 5.86667e-01 Loss 1.16153e-02 Time taken: 2.26 seconds 
Epoch: 11/200 Train accuracy: 5.75531e-01 Validation accuracy: 5.96333e-01 Loss 1.15580e-02 Time taken: 2.27 seconds 
Epoch: 12/200 Train accuracy: 5.84509e-01 Validation accuracy: 5.90000e-01 Loss 1.15288e-02 Time taken: 2.33 seconds 
Epoch: 13/200 Train accuracy: 5.86718e-01 Validation accuracy: 6.04667e-01 Loss 1.14862e-02 Time taken: 2.23 seconds 
Epoch: 14/200 Train accuracy: 5.93915e-01 Validation accuracy: 6.04333e-01 Loss 1.14586e-02 Time taken: 2.22 seconds 
Epoch: 15/200 Train accuracy: 5.95197e-01 Validation accuracy: 6.08000e-01 Loss 1.14350e-02 Time taken: 2.32 seconds 
Epoch: 16/200 Train accuracy: 6.05957e-01 Validation accuracy: 6.08333e-01 Loss 1.13859e-02 Time taken: 2.23 seconds 
Epoch: 17/200 Train accuracy: 5.99758e-01 Validation accuracy: 6.17333e-01 Loss 1.13843e-02 Time taken: 2.32 seconds 
Epoch: 18/200 Train accuracy: 6.07810e-01 Validation accuracy: 6.07333e-01 Loss 1.13675e-02 Time taken: 2.31 seconds 
Epoch: 19/200 Train accuracy: 6.11729e-01 Validation accuracy: 6.19000e-01 Loss 1.13259e-02 Time taken: 2.40 seconds 
Epoch: 20/200 Train accuracy: 6.14223e-01 Validation accuracy: 6.18333e-01 Loss 1.13278e-02 Time taken: 2.29 seconds 
Epoch: 21/200 Train accuracy: 6.14436e-01 Validation accuracy: 6.15333e-01 Loss 1.13056e-02 Time taken: 2.44 seconds 
Epoch: 22/200 Train accuracy: 6.17215e-01 Validation accuracy: 6.25000e-01 Loss 1.12813e-02 Time taken: 2.34 seconds 
Epoch: 23/200 Train accuracy: 6.19709e-01 Validation accuracy: 6.25667e-01 Loss 1.12885e-02 Time taken: 2.10 seconds 
Epoch: 24/200 Train accuracy: 6.15861e-01 Validation accuracy: 6.18667e-01 Loss 1.12770e-02 Time taken: 1.99 seconds 
Epoch: 25/200 Train accuracy: 6.20422e-01 Validation accuracy: 6.29000e-01 Loss 1.12600e-02 Time taken: 2.05 seconds 
Epoch: 26/200 Train accuracy: 6.18498e-01 Validation accuracy: 6.18667e-01 Loss 1.12554e-02 Time taken: 2.26 seconds 
Epoch: 27/200 Train accuracy: 6.20564e-01 Validation accuracy: 6.26667e-01 Loss 1.12381e-02 Time taken: 2.30 seconds 
Epoch: 28/200 Train accuracy: 6.24483e-01 Validation accuracy: 6.20667e-01 Loss 1.12242e-02 Time taken: 2.08 seconds 
Epoch: 29/200 Train accuracy: 6.19282e-01 Validation accuracy: 6.12667e-01 Loss 1.12243e-02 Time taken: 2.26 seconds 
Epoch: 30/200 Train accuracy: 6.22987e-01 Validation accuracy: 6.26667e-01 Loss 1.12185e-02 Time taken: 2.04 seconds 
Epoch: 31/200 Train accuracy: 6.25909e-01 Validation accuracy: 6.19333e-01 Loss 1.12014e-02 Time taken: 2.19 seconds 
Epoch: 32/200 Train accuracy: 6.25695e-01 Validation accuracy: 6.26000e-01 Loss 1.12088e-02 Time taken: 2.23 seconds 
Epoch: 33/200 Train accuracy: 6.28972e-01 Validation accuracy: 6.26667e-01 Loss 1.11679e-02 Time taken: 2.11 seconds 
Epoch: 34/200 Train accuracy: 6.27334e-01 Validation accuracy: 6.23333e-01 Loss 1.11779e-02 Time taken: 2.12 seconds 
Epoch: 35/200 Train accuracy: 6.27619e-01 Validation accuracy: 6.29000e-01 Loss 1.11666e-02 Time taken: 2.12 seconds 
Epoch: 36/200 Train accuracy: 6.27049e-01 Validation accuracy: 6.25333e-01 Loss 1.11769e-02 Time taken: 2.21 seconds 
Epoch: 37/200 Train accuracy: 6.28046e-01 Validation accuracy: 6.31333e-01 Loss 1.11641e-02 Time taken: 2.25 seconds 
Epoch: 38/200 Train accuracy: 6.28901e-01 Validation accuracy: 6.34333e-01 Loss 1.11695e-02 Time taken: 2.28 seconds 
Epoch: 39/200 Train accuracy: 6.31538e-01 Validation accuracy: 6.21000e-01 Loss 1.11509e-02 Time taken: 2.47 seconds 
Epoch: 40/200 Train accuracy: 6.29614e-01 Validation accuracy: 6.25667e-01 Loss 1.11376e-02 Time taken: 2.23 seconds 
Epoch: 41/200 Train accuracy: 6.27405e-01 Validation accuracy: 6.27000e-01 Loss 1.11547e-02 Time taken: 2.46 seconds 
Epoch: 42/200 Train accuracy: 6.34032e-01 Validation accuracy: 6.36667e-01 Loss 1.11257e-02 Time taken: 2.63 seconds 
Epoch: 43/200 Train accuracy: 6.33248e-01 Validation accuracy: 6.28667e-01 Loss 1.11304e-02 Time taken: 2.25 seconds 
Epoch: 44/200 Train accuracy: 6.29756e-01 Validation accuracy: 6.31333e-01 Loss 1.11356e-02 Time taken: 2.31 seconds 
Epoch: 45/200 Train accuracy: 6.34032e-01 Validation accuracy: 6.33333e-01 Loss 1.11325e-02 Time taken: 2.34 seconds 
Epoch: 46/200 Train accuracy: 6.33675e-01 Validation accuracy: 6.26667e-01 Loss 1.11202e-02 Time taken: 2.36 seconds 
Epoch: 47/200 Train accuracy: 6.35029e-01 Validation accuracy: 6.34000e-01 Loss 1.11191e-02 Time taken: 2.26 seconds 
Epoch: 48/200 Train accuracy: 6.33747e-01 Validation accuracy: 6.35333e-01 Loss 1.11065e-02 Time taken: 2.42 seconds 
Epoch: 49/200 Train accuracy: 6.33747e-01 Validation accuracy: 6.38333e-01 Loss 1.11101e-02 Time taken: 2.39 seconds 
Epoch: 50/200 Train accuracy: 6.34815e-01 Validation accuracy: 6.28667e-01 Loss 1.11083e-02 Time taken: 2.44 seconds 
Epoch: 51/200 Train accuracy: 6.31538e-01 Validation accuracy: 6.35000e-01 Loss 1.11201e-02 Time taken: 2.18 seconds 
Epoch: 52/200 Train accuracy: 6.35172e-01 Validation accuracy: 6.37333e-01 Loss 1.10997e-02 Time taken: 2.38 seconds 
Epoch: 53/200 Train accuracy: 6.34032e-01 Validation accuracy: 6.32667e-01 Loss 1.10973e-02 Time taken: 2.33 seconds 
Epoch: 54/200 Train accuracy: 6.34815e-01 Validation accuracy: 6.30667e-01 Loss 1.11096e-02 Time taken: 2.40 seconds 
Epoch: 55/200 Train accuracy: 6.31680e-01 Validation accuracy: 6.31333e-01 Loss 1.11079e-02 Time taken: 2.28 seconds 
Epoch: 56/200 Train accuracy: 6.34459e-01 Validation accuracy: 6.32667e-01 Loss 1.10809e-02 Time taken: 2.18 seconds 
Epoch: 57/200 Train accuracy: 6.35314e-01 Validation accuracy: 6.34000e-01 Loss 1.10943e-02 Time taken: 2.43 seconds 
Epoch: 58/200 Train accuracy: 6.35813e-01 Validation accuracy: 6.35333e-01 Loss 1.10867e-02 Time taken: 2.20 seconds 
Epoch: 59/200 Train accuracy: 6.32535e-01 Validation accuracy: 6.37333e-01 Loss 1.10953e-02 Time taken: 2.44 seconds 
Epoch: 60/200 Train accuracy: 6.29685e-01 Validation accuracy: 6.37333e-01 Loss 1.10976e-02 Time taken: 2.30 seconds 
Epoch: 61/200 Train accuracy: 6.39803e-01 Validation accuracy: 6.37333e-01 Loss 1.10687e-02 Time taken: 2.15 seconds 
Epoch: 62/200 Train accuracy: 6.38164e-01 Validation accuracy: 6.31667e-01 Loss 1.10737e-02 Time taken: 2.25 seconds 
Epoch: 63/200 Train accuracy: 6.36454e-01 Validation accuracy: 6.38000e-01 Loss 1.10733e-02 Time taken: 2.19 seconds 
Epoch: 64/200 Train accuracy: 6.39875e-01 Validation accuracy: 6.40000e-01 Loss 1.10601e-02 Time taken: 2.31 seconds 
Epoch: 65/200 Train accuracy: 6.34673e-01 Validation accuracy: 6.35333e-01 Loss 1.10850e-02 Time taken: 2.20 seconds 
Epoch: 66/200 Train accuracy: 6.37309e-01 Validation accuracy: 6.39667e-01 Loss 1.10613e-02 Time taken: 2.29 seconds 
Epoch: 67/200 Train accuracy: 6.38948e-01 Validation accuracy: 6.35667e-01 Loss 1.10545e-02 Time taken: 2.17 seconds 
Epoch: 68/200 Train accuracy: 6.37666e-01 Validation accuracy: 6.41000e-01 Loss 1.10629e-02 Time taken: 2.28 seconds 
Epoch: 69/200 Train accuracy: 6.35884e-01 Validation accuracy: 6.41333e-01 Loss 1.10537e-02 Time taken: 2.47 seconds 
Epoch: 70/200 Train accuracy: 6.40943e-01 Validation accuracy: 6.41333e-01 Loss 1.10456e-02 Time taken: 2.35 seconds 
Epoch: 71/200 Train accuracy: 6.44079e-01 Validation accuracy: 6.38333e-01 Loss 1.10323e-02 Time taken: 2.45 seconds 
Epoch: 72/200 Train accuracy: 6.40231e-01 Validation accuracy: 6.44667e-01 Loss 1.10468e-02 Time taken: 2.14 seconds 
Epoch: 73/200 Train accuracy: 6.36811e-01 Validation accuracy: 6.43333e-01 Loss 1.10599e-02 Time taken: 2.23 seconds 
Epoch: 74/200 Train accuracy: 6.42867e-01 Validation accuracy: 6.41333e-01 Loss 1.10369e-02 Time taken: 2.17 seconds 
Epoch: 75/200 Train accuracy: 6.41015e-01 Validation accuracy: 6.40667e-01 Loss 1.10361e-02 Time taken: 2.50 seconds 
Epoch: 76/200 Train accuracy: 6.38449e-01 Validation accuracy: 6.40333e-01 Loss 1.10534e-02 Time taken: 2.20 seconds 
Epoch: 77/200 Train accuracy: 6.44221e-01 Validation accuracy: 6.40000e-01 Loss 1.10260e-02 Time taken: 2.27 seconds 
Epoch: 78/200 Train accuracy: 6.38948e-01 Validation accuracy: 6.39333e-01 Loss 1.10477e-02 Time taken: 1.63 seconds 
Epoch: 79/200 Train accuracy: 6.41941e-01 Validation accuracy: 6.41333e-01 Loss 1.10419e-02 Time taken: 1.77 seconds 
Epoch: 80/200 Train accuracy: 6.42939e-01 Validation accuracy: 6.35667e-01 Loss 1.10215e-02 Time taken: 1.61 seconds 
Epoch: 81/200 Train accuracy: 6.44221e-01 Validation accuracy: 6.42667e-01 Loss 1.10218e-02 Time taken: 1.69 seconds 
Epoch: 82/200 Train accuracy: 6.42511e-01 Validation accuracy: 6.41333e-01 Loss 1.10193e-02 Time taken: 1.61 seconds 
Epoch: 83/200 Train accuracy: 6.42725e-01 Validation accuracy: 6.42333e-01 Loss 1.10270e-02 Time taken: 1.69 seconds 
Epoch: 84/200 Train accuracy: 6.38521e-01 Validation accuracy: 6.42000e-01 Loss 1.10424e-02 Time taken: 1.60 seconds 
Epoch: 85/200 Train accuracy: 6.40658e-01 Validation accuracy: 6.44667e-01 Loss 1.10262e-02 Time taken: 1.59 seconds 
Epoch: 86/200 Train accuracy: 6.43651e-01 Validation accuracy: 6.42000e-01 Loss 1.10196e-02 Time taken: 1.59 seconds 
Epoch: 87/200 Train accuracy: 6.42725e-01 Validation accuracy: 6.42333e-01 Loss 1.10184e-02 Time taken: 1.70 seconds 
Epoch: 88/200 Train accuracy: 6.45433e-01 Validation accuracy: 6.43333e-01 Loss 1.10136e-02 Time taken: 1.62 seconds 
Epoch: 89/200 Train accuracy: 6.42369e-01 Validation accuracy: 6.39333e-01 Loss 1.10203e-02 Time taken: 1.63 seconds 
Epoch: 90/200 Train accuracy: 6.46288e-01 Validation accuracy: 6.44000e-01 Loss 1.10114e-02 Time taken: 1.63 seconds 
Epoch: 91/200 Train accuracy: 6.43152e-01 Validation accuracy: 6.44333e-01 Loss 1.10191e-02 Time taken: 1.67 seconds 
Epoch: 92/200 Train accuracy: 6.42867e-01 Validation accuracy: 6.45667e-01 Loss 1.10227e-02 Time taken: 1.66 seconds 
Epoch: 93/200 Train accuracy: 6.46573e-01 Validation accuracy: 6.44667e-01 Loss 1.10065e-02 Time taken: 1.59 seconds 
Epoch: 94/200 Train accuracy: 6.42654e-01 Validation accuracy: 6.49000e-01 Loss 1.10264e-02 Time taken: 1.73 seconds 
Epoch: 95/200 Train accuracy: 6.44435e-01 Validation accuracy: 6.43333e-01 Loss 1.10071e-02 Time taken: 1.62 seconds 
Epoch: 96/200 Train accuracy: 6.45789e-01 Validation accuracy: 6.40000e-01 Loss 1.10010e-02 Time taken: 1.65 seconds 
Epoch: 97/200 Train accuracy: 6.44862e-01 Validation accuracy: 6.45333e-01 Loss 1.09932e-02 Time taken: 1.63 seconds 
Epoch: 98/200 Train accuracy: 6.44862e-01 Validation accuracy: 6.48333e-01 Loss 1.10133e-02 Time taken: 1.65 seconds 
Epoch: 99/200 Train accuracy: 6.44007e-01 Validation accuracy: 6.44667e-01 Loss 1.09930e-02 Time taken: 1.63 seconds 
Epoch: 100/200 Train accuracy: 6.42867e-01 Validation accuracy: 6.42333e-01 Loss 1.10146e-02 Time taken: 1.70 seconds 
Epoch: 101/200 Train accuracy: 6.45433e-01 Validation accuracy: 6.45000e-01 Loss 1.09975e-02 Time taken: 1.62 seconds 
Epoch: 102/200 Train accuracy: 6.49280e-01 Validation accuracy: 6.46333e-01 Loss 1.09848e-02 Time taken: 1.63 seconds 
Epoch: 103/200 Train accuracy: 6.45718e-01 Validation accuracy: 6.47333e-01 Loss 1.09931e-02 Time taken: 1.64 seconds 
Epoch: 104/200 Train accuracy: 6.50563e-01 Validation accuracy: 6.46667e-01 Loss 1.09814e-02 Time taken: 1.63 seconds 
Epoch: 105/200 Train accuracy: 6.47356e-01 Validation accuracy: 6.43667e-01 Loss 1.09802e-02 Time taken: 1.63 seconds 
Epoch: 106/200 Train accuracy: 6.44221e-01 Validation accuracy: 6.50667e-01 Loss 1.09977e-02 Time taken: 1.88 seconds 
Epoch: 107/200 Train accuracy: 6.45718e-01 Validation accuracy: 6.39333e-01 Loss 1.09982e-02 Time taken: 1.73 seconds 
Epoch: 108/200 Train accuracy: 6.46003e-01 Validation accuracy: 6.42000e-01 Loss 1.09913e-02 Time taken: 1.69 seconds 
Epoch: 109/200 Train accuracy: 6.48140e-01 Validation accuracy: 6.50333e-01 Loss 1.09855e-02 Time taken: 1.67 seconds 
Epoch: 110/200 Train accuracy: 6.46715e-01 Validation accuracy: 6.44667e-01 Loss 1.09861e-02 Time taken: 1.64 seconds 
Epoch: 111/200 Train accuracy: 6.47143e-01 Validation accuracy: 6.47667e-01 Loss 1.09709e-02 Time taken: 1.68 seconds 
Epoch: 112/200 Train accuracy: 6.48853e-01 Validation accuracy: 6.47000e-01 Loss 1.09805e-02 Time taken: 1.61 seconds 
Epoch: 113/200 Train accuracy: 6.46929e-01 Validation accuracy: 6.48000e-01 Loss 1.09834e-02 Time taken: 1.71 seconds 
Epoch: 114/200 Train accuracy: 6.48140e-01 Validation accuracy: 6.41667e-01 Loss 1.09691e-02 Time taken: 1.77 seconds 
Epoch: 115/200 Train accuracy: 6.46074e-01 Validation accuracy: 6.48333e-01 Loss 1.09971e-02 Time taken: 1.73 seconds 
Epoch: 116/200 Train accuracy: 6.46715e-01 Validation accuracy: 6.48333e-01 Loss 1.09891e-02 Time taken: 2.32 seconds 
Epoch: 117/200 Train accuracy: 6.49209e-01 Validation accuracy: 6.48000e-01 Loss 1.09692e-02 Time taken: 2.32 seconds 
Epoch: 118/200 Train accuracy: 6.45290e-01 Validation accuracy: 6.47333e-01 Loss 1.09892e-02 Time taken: 2.25 seconds 
Epoch: 119/200 Train accuracy: 6.51489e-01 Validation accuracy: 6.47333e-01 Loss 1.09738e-02 Time taken: 2.19 seconds 
Epoch: 120/200 Train accuracy: 6.44649e-01 Validation accuracy: 6.46333e-01 Loss 1.09826e-02 Time taken: 2.28 seconds 
Epoch: 121/200 Train accuracy: 6.47000e-01 Validation accuracy: 6.49667e-01 Loss 1.09758e-02 Time taken: 2.27 seconds 
Epoch: 122/200 Train accuracy: 6.49850e-01 Validation accuracy: 6.47000e-01 Loss 1.09671e-02 Time taken: 2.33 seconds 
Epoch: 123/200 Train accuracy: 6.48924e-01 Validation accuracy: 6.44000e-01 Loss 1.09683e-02 Time taken: 2.26 seconds 
Epoch: 124/200 Train accuracy: 6.51703e-01 Validation accuracy: 6.48667e-01 Loss 1.09639e-02 Time taken: 2.26 seconds 
Epoch: 125/200 Train accuracy: 6.47356e-01 Validation accuracy: 6.45667e-01 Loss 1.09815e-02 Time taken: 2.29 seconds 
Epoch: 126/200 Train accuracy: 6.46715e-01 Validation accuracy: 6.47667e-01 Loss 1.09811e-02 Time taken: 2.22 seconds 
Epoch: 127/200 Train accuracy: 6.50705e-01 Validation accuracy: 6.48000e-01 Loss 1.09567e-02 Time taken: 2.19 seconds 
Epoch: 128/200 Train accuracy: 6.47713e-01 Validation accuracy: 6.44333e-01 Loss 1.09610e-02 Time taken: 2.27 seconds 
Epoch: 129/200 Train accuracy: 6.49067e-01 Validation accuracy: 6.43000e-01 Loss 1.09660e-02 Time taken: 2.18 seconds 
Epoch: 130/200 Train accuracy: 6.49565e-01 Validation accuracy: 6.47000e-01 Loss 1.09733e-02 Time taken: 2.12 seconds 
Epoch: 131/200 Train accuracy: 6.48639e-01 Validation accuracy: 6.48000e-01 Loss 1.09700e-02 Time taken: 2.24 seconds 
Epoch: 132/200 Train accuracy: 6.50848e-01 Validation accuracy: 6.47000e-01 Loss 1.09643e-02 Time taken: 2.33 seconds 
Epoch: 133/200 Train accuracy: 6.47570e-01 Validation accuracy: 6.47333e-01 Loss 1.09712e-02 Time taken: 2.34 seconds 
Epoch: 134/200 Train accuracy: 6.53698e-01 Validation accuracy: 6.44333e-01 Loss 1.09522e-02 Time taken: 2.21 seconds 
Epoch: 135/200 Train accuracy: 6.49779e-01 Validation accuracy: 6.51000e-01 Loss 1.09541e-02 Time taken: 2.00 seconds 
Epoch: 136/200 Train accuracy: 6.53271e-01 Validation accuracy: 6.50000e-01 Loss 1.09405e-02 Time taken: 2.23 seconds 
Epoch: 137/200 Train accuracy: 6.51062e-01 Validation accuracy: 6.53000e-01 Loss 1.09488e-02 Time taken: 2.10 seconds 
Epoch: 138/200 Train accuracy: 6.51133e-01 Validation accuracy: 6.46667e-01 Loss 1.09552e-02 Time taken: 2.19 seconds 
Epoch: 139/200 Train accuracy: 6.51418e-01 Validation accuracy: 6.48000e-01 Loss 1.09463e-02 Time taken: 2.27 seconds 
Epoch: 140/200 Train accuracy: 6.50634e-01 Validation accuracy: 6.48333e-01 Loss 1.09612e-02 Time taken: 2.15 seconds 
Epoch: 141/200 Train accuracy: 6.51917e-01 Validation accuracy: 6.50000e-01 Loss 1.09464e-02 Time taken: 2.18 seconds 
Epoch: 142/200 Train accuracy: 6.51418e-01 Validation accuracy: 6.52667e-01 Loss 1.09561e-02 Time taken: 2.19 seconds 
Epoch: 143/200 Train accuracy: 6.47285e-01 Validation accuracy: 6.51000e-01 Loss 1.09632e-02 Time taken: 2.16 seconds 
Epoch: 144/200 Train accuracy: 6.51917e-01 Validation accuracy: 6.51000e-01 Loss 1.09415e-02 Time taken: 2.33 seconds 
Epoch: 145/200 Train accuracy: 6.52487e-01 Validation accuracy: 6.49000e-01 Loss 1.09567e-02 Time taken: 2.32 seconds 
Epoch: 146/200 Train accuracy: 6.50420e-01 Validation accuracy: 6.48333e-01 Loss 1.09526e-02 Time taken: 2.30 seconds 
Epoch: 147/200 Train accuracy: 6.48140e-01 Validation accuracy: 6.45667e-01 Loss 1.09581e-02 Time taken: 2.36 seconds 
Epoch: 148/200 Train accuracy: 6.52059e-01 Validation accuracy: 6.50333e-01 Loss 1.09459e-02 Time taken: 2.25 seconds 
Epoch: 149/200 Train accuracy: 6.49850e-01 Validation accuracy: 6.49667e-01 Loss 1.09508e-02 Time taken: 2.43 seconds 
Epoch: 150/200 Train accuracy: 6.53413e-01 Validation accuracy: 6.48667e-01 Loss 1.09381e-02 Time taken: 2.37 seconds 
Epoch: 151/200 Train accuracy: 6.52558e-01 Validation accuracy: 6.53667e-01 Loss 1.09460e-02 Time taken: 2.33 seconds 
Epoch: 152/200 Train accuracy: 6.53556e-01 Validation accuracy: 6.53000e-01 Loss 1.09299e-02 Time taken: 2.23 seconds 
Epoch: 153/200 Train accuracy: 6.50848e-01 Validation accuracy: 6.54667e-01 Loss 1.09471e-02 Time taken: 2.37 seconds 
Epoch: 154/200 Train accuracy: 6.49922e-01 Validation accuracy: 6.47667e-01 Loss 1.09401e-02 Time taken: 2.12 seconds 
Epoch: 155/200 Train accuracy: 6.45433e-01 Validation accuracy: 6.53333e-01 Loss 1.09607e-02 Time taken: 2.14 seconds 
Epoch: 156/200 Train accuracy: 6.51703e-01 Validation accuracy: 6.51667e-01 Loss 1.09503e-02 Time taken: 2.12 seconds 
Epoch: 157/200 Train accuracy: 6.49494e-01 Validation accuracy: 6.54000e-01 Loss 1.09443e-02 Time taken: 2.08 seconds 
Epoch: 158/200 Train accuracy: 6.57047e-01 Validation accuracy: 6.55333e-01 Loss 1.09225e-02 Time taken: 2.27 seconds 
Epoch: 159/200 Train accuracy: 6.52629e-01 Validation accuracy: 6.52667e-01 Loss 1.09401e-02 Time taken: 2.08 seconds 
Epoch: 160/200 Train accuracy: 6.52843e-01 Validation accuracy: 6.51000e-01 Loss 1.09372e-02 Time taken: 2.08 seconds 
Epoch: 161/200 Train accuracy: 6.54838e-01 Validation accuracy: 6.52667e-01 Loss 1.09378e-02 Time taken: 2.11 seconds 
Epoch: 162/200 Train accuracy: 6.51204e-01 Validation accuracy: 6.49667e-01 Loss 1.09418e-02 Time taken: 2.09 seconds 
Epoch: 163/200 Train accuracy: 6.53983e-01 Validation accuracy: 6.53667e-01 Loss 1.09350e-02 Time taken: 2.35 seconds 
Epoch: 164/200 Train accuracy: 6.53983e-01 Validation accuracy: 6.52667e-01 Loss 1.09337e-02 Time taken: 2.39 seconds 
Epoch: 165/200 Train accuracy: 6.51703e-01 Validation accuracy: 6.52000e-01 Loss 1.09387e-02 Time taken: 2.26 seconds 
Epoch: 166/200 Train accuracy: 6.54767e-01 Validation accuracy: 6.48333e-01 Loss 1.09351e-02 Time taken: 2.05 seconds 
Epoch: 167/200 Train accuracy: 6.51418e-01 Validation accuracy: 6.54333e-01 Loss 1.09262e-02 Time taken: 2.37 seconds 
Epoch: 168/200 Train accuracy: 6.56121e-01 Validation accuracy: 6.51000e-01 Loss 1.09311e-02 Time taken: 2.29 seconds 
Epoch: 169/200 Train accuracy: 6.51846e-01 Validation accuracy: 6.56667e-01 Loss 1.09437e-02 Time taken: 2.16 seconds 
Epoch: 170/200 Train accuracy: 6.51418e-01 Validation accuracy: 6.49333e-01 Loss 1.09376e-02 Time taken: 2.30 seconds 
Epoch: 171/200 Train accuracy: 6.53199e-01 Validation accuracy: 6.53333e-01 Loss 1.09211e-02 Time taken: 2.12 seconds 
Epoch: 172/200 Train accuracy: 6.52629e-01 Validation accuracy: 6.44000e-01 Loss 1.09336e-02 Time taken: 2.15 seconds 
Epoch: 173/200 Train accuracy: 6.51988e-01 Validation accuracy: 6.47333e-01 Loss 1.09382e-02 Time taken: 2.22 seconds 
Epoch: 174/200 Train accuracy: 6.52629e-01 Validation accuracy: 6.55000e-01 Loss 1.09361e-02 Time taken: 2.04 seconds 
Epoch: 175/200 Train accuracy: 6.53057e-01 Validation accuracy: 6.55000e-01 Loss 1.09352e-02 Time taken: 2.23 seconds 
Epoch: 176/200 Train accuracy: 6.54268e-01 Validation accuracy: 6.51667e-01 Loss 1.09247e-02 Time taken: 2.19 seconds 
Epoch: 177/200 Train accuracy: 6.57190e-01 Validation accuracy: 6.52333e-01 Loss 1.09053e-02 Time taken: 2.21 seconds 
Epoch: 178/200 Train accuracy: 6.52629e-01 Validation accuracy: 6.49000e-01 Loss 1.09304e-02 Time taken: 2.14 seconds 
Epoch: 179/200 Train accuracy: 6.54268e-01 Validation accuracy: 6.56667e-01 Loss 1.09208e-02 Time taken: 2.24 seconds 
Epoch: 180/200 Train accuracy: 6.50919e-01 Validation accuracy: 6.57667e-01 Loss 1.09330e-02 Time taken: 2.30 seconds 
Epoch: 181/200 Train accuracy: 6.51347e-01 Validation accuracy: 6.57000e-01 Loss 1.09282e-02 Time taken: 2.36 seconds 
Epoch: 182/200 Train accuracy: 6.55123e-01 Validation accuracy: 6.53333e-01 Loss 1.09134e-02 Time taken: 2.24 seconds 
Epoch: 183/200 Train accuracy: 6.56548e-01 Validation accuracy: 6.56333e-01 Loss 1.09030e-02 Time taken: 2.25 seconds 
Epoch: 184/200 Train accuracy: 6.54696e-01 Validation accuracy: 6.54667e-01 Loss 1.09195e-02 Time taken: 2.26 seconds 
Epoch: 185/200 Train accuracy: 6.54126e-01 Validation accuracy: 6.57667e-01 Loss 1.09197e-02 Time taken: 2.13 seconds 
Epoch: 186/200 Train accuracy: 6.53841e-01 Validation accuracy: 6.53000e-01 Loss 1.09348e-02 Time taken: 2.25 seconds 
Epoch: 187/200 Train accuracy: 6.51846e-01 Validation accuracy: 6.55000e-01 Loss 1.09236e-02 Time taken: 2.05 seconds 
Epoch: 188/200 Train accuracy: 6.50848e-01 Validation accuracy: 6.52000e-01 Loss 1.09232e-02 Time taken: 2.28 seconds 
Epoch: 189/200 Train accuracy: 6.52131e-01 Validation accuracy: 6.58000e-01 Loss 1.09312e-02 Time taken: 2.35 seconds 
Epoch: 190/200 Train accuracy: 6.54126e-01 Validation accuracy: 6.49667e-01 Loss 1.09177e-02 Time taken: 2.13 seconds 
Epoch: 191/200 Train accuracy: 6.52487e-01 Validation accuracy: 6.56333e-01 Loss 1.09218e-02 Time taken: 2.32 seconds 
Epoch: 192/200 Train accuracy: 6.56762e-01 Validation accuracy: 6.58000e-01 Loss 1.09108e-02 Time taken: 2.36 seconds 
Epoch: 193/200 Train accuracy: 6.57403e-01 Validation accuracy: 6.58667e-01 Loss 1.08994e-02 Time taken: 2.09 seconds 
Epoch: 194/200 Train accuracy: 6.52772e-01 Validation accuracy: 6.58000e-01 Loss 1.09400e-02 Time taken: 2.22 seconds 
Epoch: 195/200 Train accuracy: 6.55978e-01 Validation accuracy: 6.54333e-01 Loss 1.09064e-02 Time taken: 2.17 seconds 
Epoch: 196/200 Train accuracy: 6.57190e-01 Validation accuracy: 6.57667e-01 Loss 1.09088e-02 Time taken: 2.20 seconds 
Epoch: 197/200 Train accuracy: 6.55622e-01 Validation accuracy: 6.58000e-01 Loss 1.09212e-02 Time taken: 2.17 seconds 
Epoch: 198/200 Train accuracy: 6.59969e-01 Validation accuracy: 6.48667e-01 Loss 1.08989e-02 Time taken: 2.22 seconds 
Epoch: 199/200 Train accuracy: 6.53199e-01 Validation accuracy: 6.56333e-01 Loss 1.09244e-02 Time taken: 2.33 seconds 
Epoch: 200/200 Train accuracy: 6.58187e-01 Validation accuracy: 6.55667e-01 Loss 1.08956e-02 Time taken: 2.26 seconds 
Total time taken 0:07:11.169536
Cleaning up intermediate feature (.pt) files
Done


working on file logs_PKT_chunks/iic-train-L2-PKT-chunks-scale10e3-seed43/jepa-iic-L2-PKT-chunks-scale10e3-seed43-ep400.pth.tar ...
