Directory classifiers/jepa-iic-L2-seed43-classifier-pretrained-vitb-normalized-ep200 for saving the classifiers is now present
VisionTransformer(
  (patch_embed): PatchEmbed(
    (proj): Conv2d(3, 768, kernel_size=(15, 15), stride=(15, 15))
  )
  (blocks): ModuleList(
    (0-11): 12 x Block(
      (norm1): LayerNorm((768,), eps=1e-06, elementwise_affine=True)
      (attn): Attention(
        (qkv): Linear(in_features=768, out_features=2304, bias=True)
        (attn_drop): Dropout(p=0.0, inplace=False)
        (proj): Linear(in_features=768, out_features=768, bias=True)
        (proj_drop): Dropout(p=0.0, inplace=False)
      )
      (drop_path): Identity()
      (norm2): LayerNorm((768,), eps=1e-06, elementwise_affine=True)
      (mlp): MLP(
        (fc1): Linear(in_features=768, out_features=3072, bias=True)
        (act): GELU(approximate='none')
        (fc2): Linear(in_features=3072, out_features=768, bias=True)
        (drop): Dropout(p=0.0, inplace=False)
      )
    )
  )
  (norm): LayerNorm((768,), eps=1e-06, elementwise_affine=True)
)
Extracting features and saving them locally..
Epoch: 1/200 Train accuracy: 3.60054e-01 Validation accuracy: 4.49667e-01 Loss 1.31124e-02 Time taken: 2.19 seconds 
Epoch: 2/200 Train accuracy: 4.61023e-01 Validation accuracy: 5.15333e-01 Loss 1.24556e-02 Time taken: 2.24 seconds 
Epoch: 3/200 Train accuracy: 4.96081e-01 Validation accuracy: 5.36000e-01 Loss 1.21788e-02 Time taken: 2.13 seconds 
Epoch: 4/200 Train accuracy: 5.20593e-01 Validation accuracy: 5.55333e-01 Loss 1.19933e-02 Time taken: 2.17 seconds 
Epoch: 5/200 Train accuracy: 5.46744e-01 Validation accuracy: 5.57000e-01 Loss 1.18264e-02 Time taken: 2.19 seconds 
Epoch: 6/200 Train accuracy: 5.49451e-01 Validation accuracy: 5.76000e-01 Loss 1.17714e-02 Time taken: 2.25 seconds 
Epoch: 7/200 Train accuracy: 5.57646e-01 Validation accuracy: 5.79333e-01 Loss 1.16952e-02 Time taken: 2.19 seconds 
Epoch: 8/200 Train accuracy: 5.66838e-01 Validation accuracy: 5.84667e-01 Loss 1.16334e-02 Time taken: 2.08 seconds 
Epoch: 9/200 Train accuracy: 5.70472e-01 Validation accuracy: 5.83333e-01 Loss 1.15975e-02 Time taken: 2.23 seconds 
Epoch: 10/200 Train accuracy: 5.80590e-01 Validation accuracy: 5.87667e-01 Loss 1.15497e-02 Time taken: 2.13 seconds 
Epoch: 11/200 Train accuracy: 5.80804e-01 Validation accuracy: 5.90333e-01 Loss 1.15205e-02 Time taken: 2.06 seconds 
Epoch: 12/200 Train accuracy: 5.85649e-01 Validation accuracy: 5.96000e-01 Loss 1.14911e-02 Time taken: 2.07 seconds 
Epoch: 13/200 Train accuracy: 5.88713e-01 Validation accuracy: 5.96000e-01 Loss 1.14596e-02 Time taken: 2.27 seconds 
Epoch: 14/200 Train accuracy: 5.93202e-01 Validation accuracy: 5.86667e-01 Loss 1.14387e-02 Time taken: 2.19 seconds 
Epoch: 15/200 Train accuracy: 5.95554e-01 Validation accuracy: 5.97333e-01 Loss 1.14332e-02 Time taken: 2.19 seconds 
Epoch: 16/200 Train accuracy: 5.98190e-01 Validation accuracy: 5.98333e-01 Loss 1.13959e-02 Time taken: 2.13 seconds 
Epoch: 17/200 Train accuracy: 6.03178e-01 Validation accuracy: 6.01333e-01 Loss 1.13689e-02 Time taken: 2.25 seconds 
Epoch: 18/200 Train accuracy: 6.03962e-01 Validation accuracy: 6.09333e-01 Loss 1.13516e-02 Time taken: 2.11 seconds 
Epoch: 19/200 Train accuracy: 6.09876e-01 Validation accuracy: 6.08333e-01 Loss 1.13308e-02 Time taken: 2.07 seconds 
Epoch: 20/200 Train accuracy: 6.10232e-01 Validation accuracy: 6.08000e-01 Loss 1.13214e-02 Time taken: 2.28 seconds 
Epoch: 21/200 Train accuracy: 6.14793e-01 Validation accuracy: 6.14000e-01 Loss 1.12940e-02 Time taken: 2.24 seconds 
Epoch: 22/200 Train accuracy: 6.13011e-01 Validation accuracy: 6.19000e-01 Loss 1.12937e-02 Time taken: 2.02 seconds 
Epoch: 23/200 Train accuracy: 6.14508e-01 Validation accuracy: 6.22000e-01 Loss 1.12760e-02 Time taken: 2.16 seconds 
Epoch: 24/200 Train accuracy: 6.17073e-01 Validation accuracy: 6.22000e-01 Loss 1.12704e-02 Time taken: 2.26 seconds 
Epoch: 25/200 Train accuracy: 6.19282e-01 Validation accuracy: 6.32000e-01 Loss 1.12395e-02 Time taken: 2.21 seconds 
Epoch: 26/200 Train accuracy: 6.21419e-01 Validation accuracy: 6.25667e-01 Loss 1.12423e-02 Time taken: 2.28 seconds 
Epoch: 27/200 Train accuracy: 6.23913e-01 Validation accuracy: 6.22000e-01 Loss 1.12395e-02 Time taken: 2.10 seconds 
Epoch: 28/200 Train accuracy: 6.24412e-01 Validation accuracy: 6.21000e-01 Loss 1.12160e-02 Time taken: 2.15 seconds 
Epoch: 29/200 Train accuracy: 6.26051e-01 Validation accuracy: 6.29667e-01 Loss 1.12072e-02 Time taken: 2.45 seconds 
Epoch: 30/200 Train accuracy: 6.23985e-01 Validation accuracy: 6.28000e-01 Loss 1.11978e-02 Time taken: 2.46 seconds 
Epoch: 31/200 Train accuracy: 6.26194e-01 Validation accuracy: 6.26667e-01 Loss 1.12013e-02 Time taken: 2.40 seconds 
Epoch: 32/200 Train accuracy: 6.27334e-01 Validation accuracy: 6.26667e-01 Loss 1.11953e-02 Time taken: 2.26 seconds 
Epoch: 33/200 Train accuracy: 6.31538e-01 Validation accuracy: 6.22667e-01 Loss 1.11715e-02 Time taken: 2.07 seconds 
Epoch: 34/200 Train accuracy: 6.27761e-01 Validation accuracy: 6.35667e-01 Loss 1.11789e-02 Time taken: 2.36 seconds 
Epoch: 35/200 Train accuracy: 6.28260e-01 Validation accuracy: 6.35000e-01 Loss 1.11600e-02 Time taken: 2.38 seconds 
Epoch: 36/200 Train accuracy: 6.26479e-01 Validation accuracy: 6.36000e-01 Loss 1.11665e-02 Time taken: 2.21 seconds 
Epoch: 37/200 Train accuracy: 6.30398e-01 Validation accuracy: 6.30333e-01 Loss 1.11553e-02 Time taken: 2.14 seconds 
Epoch: 38/200 Train accuracy: 6.28759e-01 Validation accuracy: 6.31000e-01 Loss 1.11559e-02 Time taken: 2.10 seconds 
Epoch: 39/200 Train accuracy: 6.30255e-01 Validation accuracy: 6.34333e-01 Loss 1.11460e-02 Time taken: 2.16 seconds 
Epoch: 40/200 Train accuracy: 6.34673e-01 Validation accuracy: 6.32000e-01 Loss 1.11203e-02 Time taken: 2.41 seconds 
Epoch: 41/200 Train accuracy: 6.35385e-01 Validation accuracy: 6.39000e-01 Loss 1.11214e-02 Time taken: 2.21 seconds 
Epoch: 42/200 Train accuracy: 6.35742e-01 Validation accuracy: 6.38667e-01 Loss 1.11216e-02 Time taken: 2.15 seconds 
Epoch: 43/200 Train accuracy: 6.36597e-01 Validation accuracy: 6.33667e-01 Loss 1.11130e-02 Time taken: 2.10 seconds 
Epoch: 44/200 Train accuracy: 6.36668e-01 Validation accuracy: 6.34333e-01 Loss 1.11127e-02 Time taken: 2.26 seconds 
Epoch: 45/200 Train accuracy: 6.31466e-01 Validation accuracy: 6.35000e-01 Loss 1.11174e-02 Time taken: 2.06 seconds 
Epoch: 46/200 Train accuracy: 6.36241e-01 Validation accuracy: 6.35667e-01 Loss 1.10947e-02 Time taken: 2.16 seconds 
Epoch: 47/200 Train accuracy: 6.39162e-01 Validation accuracy: 6.38667e-01 Loss 1.10848e-02 Time taken: 2.39 seconds 
Epoch: 48/200 Train accuracy: 6.35956e-01 Validation accuracy: 6.38333e-01 Loss 1.10925e-02 Time taken: 2.16 seconds 
Epoch: 49/200 Train accuracy: 6.35314e-01 Validation accuracy: 6.37667e-01 Loss 1.11009e-02 Time taken: 2.27 seconds 
Epoch: 50/200 Train accuracy: 6.38378e-01 Validation accuracy: 6.39000e-01 Loss 1.10877e-02 Time taken: 2.34 seconds 
Epoch: 51/200 Train accuracy: 6.39661e-01 Validation accuracy: 6.37000e-01 Loss 1.10761e-02 Time taken: 2.43 seconds 
Epoch: 52/200 Train accuracy: 6.43936e-01 Validation accuracy: 6.39000e-01 Loss 1.10598e-02 Time taken: 2.30 seconds 
Epoch: 53/200 Train accuracy: 6.41300e-01 Validation accuracy: 6.38000e-01 Loss 1.10646e-02 Time taken: 2.30 seconds 
Epoch: 54/200 Train accuracy: 6.40017e-01 Validation accuracy: 6.39667e-01 Loss 1.10725e-02 Time taken: 2.16 seconds 
Epoch: 55/200 Train accuracy: 6.40373e-01 Validation accuracy: 6.39667e-01 Loss 1.10680e-02 Time taken: 2.14 seconds 
Epoch: 56/200 Train accuracy: 6.40943e-01 Validation accuracy: 6.38000e-01 Loss 1.10628e-02 Time taken: 2.18 seconds 
Epoch: 57/200 Train accuracy: 6.39875e-01 Validation accuracy: 6.40667e-01 Loss 1.10628e-02 Time taken: 2.29 seconds 
Epoch: 58/200 Train accuracy: 6.41798e-01 Validation accuracy: 6.41333e-01 Loss 1.10487e-02 Time taken: 2.11 seconds 
Epoch: 59/200 Train accuracy: 6.44079e-01 Validation accuracy: 6.42333e-01 Loss 1.10446e-02 Time taken: 2.40 seconds 
Epoch: 60/200 Train accuracy: 6.38948e-01 Validation accuracy: 6.45667e-01 Loss 1.10643e-02 Time taken: 2.22 seconds 
Epoch: 61/200 Train accuracy: 6.42012e-01 Validation accuracy: 6.45333e-01 Loss 1.10563e-02 Time taken: 2.31 seconds 
Epoch: 62/200 Train accuracy: 6.41015e-01 Validation accuracy: 6.42333e-01 Loss 1.10555e-02 Time taken: 2.09 seconds 
Epoch: 63/200 Train accuracy: 6.44577e-01 Validation accuracy: 6.41000e-01 Loss 1.10449e-02 Time taken: 2.11 seconds 
Epoch: 64/200 Train accuracy: 6.43366e-01 Validation accuracy: 6.38333e-01 Loss 1.10375e-02 Time taken: 1.97 seconds 
Epoch: 65/200 Train accuracy: 6.45005e-01 Validation accuracy: 6.45000e-01 Loss 1.10355e-02 Time taken: 2.17 seconds 
Epoch: 66/200 Train accuracy: 6.42725e-01 Validation accuracy: 6.37667e-01 Loss 1.10407e-02 Time taken: 2.17 seconds 
Epoch: 67/200 Train accuracy: 6.43936e-01 Validation accuracy: 6.45333e-01 Loss 1.10270e-02 Time taken: 2.42 seconds 
Epoch: 68/200 Train accuracy: 6.43722e-01 Validation accuracy: 6.38667e-01 Loss 1.10309e-02 Time taken: 2.18 seconds 
Epoch: 69/200 Train accuracy: 6.46145e-01 Validation accuracy: 6.43667e-01 Loss 1.10123e-02 Time taken: 2.30 seconds 
Epoch: 70/200 Train accuracy: 6.42582e-01 Validation accuracy: 6.41667e-01 Loss 1.10302e-02 Time taken: 2.35 seconds 
Epoch: 71/200 Train accuracy: 6.47000e-01 Validation accuracy: 6.44333e-01 Loss 1.10141e-02 Time taken: 2.26 seconds 
Epoch: 72/200 Train accuracy: 6.44649e-01 Validation accuracy: 6.46333e-01 Loss 1.10199e-02 Time taken: 2.14 seconds 
Epoch: 73/200 Train accuracy: 6.46359e-01 Validation accuracy: 6.44333e-01 Loss 1.10156e-02 Time taken: 2.29 seconds 
Epoch: 74/200 Train accuracy: 6.47855e-01 Validation accuracy: 6.41000e-01 Loss 1.10111e-02 Time taken: 2.14 seconds 
Epoch: 75/200 Train accuracy: 6.45646e-01 Validation accuracy: 6.45000e-01 Loss 1.10153e-02 Time taken: 2.15 seconds 
Epoch: 76/200 Train accuracy: 6.43580e-01 Validation accuracy: 6.46333e-01 Loss 1.10179e-02 Time taken: 2.10 seconds 
Epoch: 77/200 Train accuracy: 6.46715e-01 Validation accuracy: 6.44667e-01 Loss 1.10058e-02 Time taken: 2.30 seconds 
Epoch: 78/200 Train accuracy: 6.46359e-01 Validation accuracy: 6.42333e-01 Loss 1.10125e-02 Time taken: 2.30 seconds 
Epoch: 79/200 Train accuracy: 6.45575e-01 Validation accuracy: 6.44000e-01 Loss 1.10020e-02 Time taken: 2.21 seconds 
Epoch: 80/200 Train accuracy: 6.48425e-01 Validation accuracy: 6.48667e-01 Loss 1.09923e-02 Time taken: 2.28 seconds 
Epoch: 81/200 Train accuracy: 6.45361e-01 Validation accuracy: 6.43667e-01 Loss 1.10061e-02 Time taken: 2.45 seconds 
Epoch: 82/200 Train accuracy: 6.45789e-01 Validation accuracy: 6.45000e-01 Loss 1.10058e-02 Time taken: 2.19 seconds 
Epoch: 83/200 Train accuracy: 6.45005e-01 Validation accuracy: 6.45000e-01 Loss 1.10018e-02 Time taken: 2.07 seconds 
Epoch: 84/200 Train accuracy: 6.47428e-01 Validation accuracy: 6.53333e-01 Loss 1.09814e-02 Time taken: 2.14 seconds 
Epoch: 85/200 Train accuracy: 6.46644e-01 Validation accuracy: 6.50667e-01 Loss 1.09870e-02 Time taken: 2.38 seconds 
Epoch: 86/200 Train accuracy: 6.45789e-01 Validation accuracy: 6.46667e-01 Loss 1.10011e-02 Time taken: 2.36 seconds 
Epoch: 87/200 Train accuracy: 6.48639e-01 Validation accuracy: 6.43333e-01 Loss 1.09854e-02 Time taken: 2.31 seconds 
Epoch: 88/200 Train accuracy: 6.47570e-01 Validation accuracy: 6.46333e-01 Loss 1.09767e-02 Time taken: 2.22 seconds 
Epoch: 89/200 Train accuracy: 6.49352e-01 Validation accuracy: 6.47000e-01 Loss 1.09938e-02 Time taken: 1.94 seconds 
Epoch: 90/200 Train accuracy: 6.46216e-01 Validation accuracy: 6.48333e-01 Loss 1.09776e-02 Time taken: 1.76 seconds 
Epoch: 91/200 Train accuracy: 6.47000e-01 Validation accuracy: 6.50667e-01 Loss 1.09884e-02 Time taken: 1.60 seconds 
Epoch: 92/200 Train accuracy: 6.49209e-01 Validation accuracy: 6.52333e-01 Loss 1.09889e-02 Time taken: 1.56 seconds 
Epoch: 93/200 Train accuracy: 6.51204e-01 Validation accuracy: 6.42667e-01 Loss 1.09788e-02 Time taken: 1.59 seconds 
Epoch: 94/200 Train accuracy: 6.48425e-01 Validation accuracy: 6.52000e-01 Loss 1.09753e-02 Time taken: 1.62 seconds 
Epoch: 95/200 Train accuracy: 6.50349e-01 Validation accuracy: 6.49667e-01 Loss 1.09733e-02 Time taken: 1.60 seconds 
Epoch: 96/200 Train accuracy: 6.49850e-01 Validation accuracy: 6.51000e-01 Loss 1.09824e-02 Time taken: 1.56 seconds 
Epoch: 97/200 Train accuracy: 6.50563e-01 Validation accuracy: 6.51333e-01 Loss 1.09705e-02 Time taken: 1.64 seconds 
Epoch: 98/200 Train accuracy: 6.51774e-01 Validation accuracy: 6.47000e-01 Loss 1.09674e-02 Time taken: 1.58 seconds 
Epoch: 99/200 Train accuracy: 6.47143e-01 Validation accuracy: 6.51333e-01 Loss 1.09787e-02 Time taken: 1.58 seconds 
Epoch: 100/200 Train accuracy: 6.53698e-01 Validation accuracy: 6.50667e-01 Loss 1.09521e-02 Time taken: 1.56 seconds 
Epoch: 101/200 Train accuracy: 6.51846e-01 Validation accuracy: 6.51667e-01 Loss 1.09612e-02 Time taken: 1.61 seconds 
Epoch: 102/200 Train accuracy: 6.48497e-01 Validation accuracy: 6.49333e-01 Loss 1.09758e-02 Time taken: 1.58 seconds 
Epoch: 103/200 Train accuracy: 6.50705e-01 Validation accuracy: 6.53333e-01 Loss 1.09615e-02 Time taken: 1.57 seconds 
Epoch: 104/200 Train accuracy: 6.48425e-01 Validation accuracy: 6.47667e-01 Loss 1.09725e-02 Time taken: 1.56 seconds 
Epoch: 105/200 Train accuracy: 6.49209e-01 Validation accuracy: 6.52333e-01 Loss 1.09631e-02 Time taken: 1.57 seconds 
Epoch: 106/200 Train accuracy: 6.49494e-01 Validation accuracy: 6.47000e-01 Loss 1.09686e-02 Time taken: 1.58 seconds 
Epoch: 107/200 Train accuracy: 6.51204e-01 Validation accuracy: 6.49333e-01 Loss 1.09626e-02 Time taken: 1.58 seconds 
Epoch: 108/200 Train accuracy: 6.46216e-01 Validation accuracy: 6.45333e-01 Loss 1.09708e-02 Time taken: 1.57 seconds 
Epoch: 109/200 Train accuracy: 6.47641e-01 Validation accuracy: 6.49667e-01 Loss 1.09658e-02 Time taken: 1.60 seconds 
Epoch: 110/200 Train accuracy: 6.51133e-01 Validation accuracy: 6.49000e-01 Loss 1.09544e-02 Time taken: 1.58 seconds 
Epoch: 111/200 Train accuracy: 6.50634e-01 Validation accuracy: 6.44667e-01 Loss 1.09571e-02 Time taken: 1.59 seconds 
Epoch: 112/200 Train accuracy: 6.51062e-01 Validation accuracy: 6.49000e-01 Loss 1.09515e-02 Time taken: 1.57 seconds 
Epoch: 113/200 Train accuracy: 6.48710e-01 Validation accuracy: 6.39667e-01 Loss 1.09683e-02 Time taken: 1.66 seconds 
Epoch: 114/200 Train accuracy: 6.50349e-01 Validation accuracy: 6.51000e-01 Loss 1.09487e-02 Time taken: 1.68 seconds 
Epoch: 115/200 Train accuracy: 6.51988e-01 Validation accuracy: 6.51333e-01 Loss 1.09494e-02 Time taken: 1.58 seconds 
Epoch: 116/200 Train accuracy: 6.53342e-01 Validation accuracy: 6.54333e-01 Loss 1.09433e-02 Time taken: 1.57 seconds 
Epoch: 117/200 Train accuracy: 6.51133e-01 Validation accuracy: 6.54000e-01 Loss 1.09542e-02 Time taken: 1.61 seconds 
Epoch: 118/200 Train accuracy: 6.51917e-01 Validation accuracy: 6.50333e-01 Loss 1.09422e-02 Time taken: 1.86 seconds 
Epoch: 119/200 Train accuracy: 6.54268e-01 Validation accuracy: 6.55667e-01 Loss 1.09445e-02 Time taken: 1.60 seconds 
Epoch: 120/200 Train accuracy: 6.54339e-01 Validation accuracy: 6.52667e-01 Loss 1.09377e-02 Time taken: 1.67 seconds 
Epoch: 121/200 Train accuracy: 6.51917e-01 Validation accuracy: 6.50000e-01 Loss 1.09508e-02 Time taken: 1.66 seconds 
Epoch: 122/200 Train accuracy: 6.50278e-01 Validation accuracy: 6.55000e-01 Loss 1.09457e-02 Time taken: 1.63 seconds 
Epoch: 123/200 Train accuracy: 6.54910e-01 Validation accuracy: 6.53667e-01 Loss 1.09329e-02 Time taken: 1.61 seconds 
Epoch: 124/200 Train accuracy: 6.52059e-01 Validation accuracy: 6.49667e-01 Loss 1.09423e-02 Time taken: 1.57 seconds 
Epoch: 125/200 Train accuracy: 6.52986e-01 Validation accuracy: 6.53667e-01 Loss 1.09372e-02 Time taken: 1.59 seconds 
Epoch: 126/200 Train accuracy: 6.51489e-01 Validation accuracy: 6.54667e-01 Loss 1.09436e-02 Time taken: 1.58 seconds 
Epoch: 127/200 Train accuracy: 6.51062e-01 Validation accuracy: 6.48000e-01 Loss 1.09432e-02 Time taken: 1.67 seconds 
Epoch: 128/200 Train accuracy: 6.51418e-01 Validation accuracy: 6.49000e-01 Loss 1.09399e-02 Time taken: 1.77 seconds 
Epoch: 129/200 Train accuracy: 6.52131e-01 Validation accuracy: 6.55000e-01 Loss 1.09437e-02 Time taken: 2.06 seconds 
Epoch: 130/200 Train accuracy: 6.57831e-01 Validation accuracy: 6.49000e-01 Loss 1.09136e-02 Time taken: 2.19 seconds 
Epoch: 131/200 Train accuracy: 6.56833e-01 Validation accuracy: 6.49333e-01 Loss 1.09208e-02 Time taken: 2.39 seconds 
Epoch: 132/200 Train accuracy: 6.53342e-01 Validation accuracy: 6.53000e-01 Loss 1.09315e-02 Time taken: 2.20 seconds 
Epoch: 133/200 Train accuracy: 6.53413e-01 Validation accuracy: 6.58000e-01 Loss 1.09421e-02 Time taken: 2.24 seconds 
Epoch: 134/200 Train accuracy: 6.51988e-01 Validation accuracy: 6.55667e-01 Loss 1.09427e-02 Time taken: 2.28 seconds 
Epoch: 135/200 Train accuracy: 6.53627e-01 Validation accuracy: 6.45667e-01 Loss 1.09355e-02 Time taken: 2.26 seconds 
Epoch: 136/200 Train accuracy: 6.50420e-01 Validation accuracy: 6.51000e-01 Loss 1.09333e-02 Time taken: 2.21 seconds 
Epoch: 137/200 Train accuracy: 6.50064e-01 Validation accuracy: 6.50667e-01 Loss 1.09462e-02 Time taken: 2.32 seconds 
Epoch: 138/200 Train accuracy: 6.51204e-01 Validation accuracy: 6.55667e-01 Loss 1.09516e-02 Time taken: 2.13 seconds 
Epoch: 139/200 Train accuracy: 6.54411e-01 Validation accuracy: 6.52000e-01 Loss 1.09238e-02 Time taken: 2.20 seconds 
Epoch: 140/200 Train accuracy: 6.55907e-01 Validation accuracy: 6.53667e-01 Loss 1.09030e-02 Time taken: 2.10 seconds 
Epoch: 141/200 Train accuracy: 6.54339e-01 Validation accuracy: 6.60333e-01 Loss 1.09229e-02 Time taken: 2.12 seconds 
Epoch: 142/200 Train accuracy: 6.49850e-01 Validation accuracy: 6.57333e-01 Loss 1.09406e-02 Time taken: 2.28 seconds 
Epoch: 143/200 Train accuracy: 6.56263e-01 Validation accuracy: 6.54667e-01 Loss 1.09299e-02 Time taken: 2.14 seconds 
Epoch: 144/200 Train accuracy: 6.54482e-01 Validation accuracy: 6.56333e-01 Loss 1.09101e-02 Time taken: 2.21 seconds 
Epoch: 145/200 Train accuracy: 6.52273e-01 Validation accuracy: 6.55667e-01 Loss 1.09266e-02 Time taken: 2.07 seconds 
Epoch: 146/200 Train accuracy: 6.50777e-01 Validation accuracy: 6.56000e-01 Loss 1.09324e-02 Time taken: 2.22 seconds 
Epoch: 147/200 Train accuracy: 6.57617e-01 Validation accuracy: 6.54000e-01 Loss 1.09006e-02 Time taken: 2.15 seconds 
Epoch: 148/200 Train accuracy: 6.51133e-01 Validation accuracy: 6.50000e-01 Loss 1.09399e-02 Time taken: 2.10 seconds 
Epoch: 149/200 Train accuracy: 6.54767e-01 Validation accuracy: 6.53000e-01 Loss 1.09288e-02 Time taken: 2.33 seconds 
Epoch: 150/200 Train accuracy: 6.53841e-01 Validation accuracy: 6.55333e-01 Loss 1.09136e-02 Time taken: 2.14 seconds 
Epoch: 151/200 Train accuracy: 6.54981e-01 Validation accuracy: 6.55667e-01 Loss 1.09223e-02 Time taken: 2.41 seconds 
Epoch: 152/200 Train accuracy: 6.57047e-01 Validation accuracy: 6.53333e-01 Loss 1.09156e-02 Time taken: 2.19 seconds 
Epoch: 153/200 Train accuracy: 6.54339e-01 Validation accuracy: 6.53667e-01 Loss 1.09158e-02 Time taken: 2.15 seconds 
Epoch: 154/200 Train accuracy: 6.56691e-01 Validation accuracy: 6.58000e-01 Loss 1.09218e-02 Time taken: 2.21 seconds 
Epoch: 155/200 Train accuracy: 6.51846e-01 Validation accuracy: 6.52667e-01 Loss 1.09304e-02 Time taken: 2.23 seconds 
Epoch: 156/200 Train accuracy: 6.52131e-01 Validation accuracy: 6.48333e-01 Loss 1.09267e-02 Time taken: 2.10 seconds 
Epoch: 157/200 Train accuracy: 6.52059e-01 Validation accuracy: 6.57333e-01 Loss 1.09278e-02 Time taken: 2.17 seconds 
Epoch: 158/200 Train accuracy: 6.57688e-01 Validation accuracy: 6.54000e-01 Loss 1.08986e-02 Time taken: 2.24 seconds 
Epoch: 159/200 Train accuracy: 6.54339e-01 Validation accuracy: 6.59000e-01 Loss 1.09224e-02 Time taken: 2.08 seconds 
Epoch: 160/200 Train accuracy: 6.56976e-01 Validation accuracy: 6.59000e-01 Loss 1.09143e-02 Time taken: 2.15 seconds 
Epoch: 161/200 Train accuracy: 6.58401e-01 Validation accuracy: 6.56333e-01 Loss 1.09051e-02 Time taken: 2.25 seconds 
Epoch: 162/200 Train accuracy: 6.54482e-01 Validation accuracy: 6.56667e-01 Loss 1.09126e-02 Time taken: 2.26 seconds 
Epoch: 163/200 Train accuracy: 6.55907e-01 Validation accuracy: 6.54333e-01 Loss 1.09107e-02 Time taken: 2.22 seconds 
Epoch: 164/200 Train accuracy: 6.57047e-01 Validation accuracy: 6.56000e-01 Loss 1.09015e-02 Time taken: 2.14 seconds 
Epoch: 165/200 Train accuracy: 6.55052e-01 Validation accuracy: 6.48667e-01 Loss 1.09097e-02 Time taken: 2.13 seconds 
Epoch: 166/200 Train accuracy: 6.58045e-01 Validation accuracy: 6.48333e-01 Loss 1.09035e-02 Time taken: 2.28 seconds 
Epoch: 167/200 Train accuracy: 6.56335e-01 Validation accuracy: 6.51667e-01 Loss 1.09005e-02 Time taken: 2.14 seconds 
Epoch: 168/200 Train accuracy: 6.54126e-01 Validation accuracy: 6.54333e-01 Loss 1.09212e-02 Time taken: 2.45 seconds 
Epoch: 169/200 Train accuracy: 6.53983e-01 Validation accuracy: 6.52333e-01 Loss 1.09166e-02 Time taken: 2.27 seconds 
Epoch: 170/200 Train accuracy: 6.54624e-01 Validation accuracy: 6.56333e-01 Loss 1.09126e-02 Time taken: 2.07 seconds 
Epoch: 171/200 Train accuracy: 6.52629e-01 Validation accuracy: 6.59000e-01 Loss 1.09171e-02 Time taken: 2.17 seconds 
Epoch: 172/200 Train accuracy: 6.53413e-01 Validation accuracy: 6.56000e-01 Loss 1.09074e-02 Time taken: 2.16 seconds 
Epoch: 173/200 Train accuracy: 6.56691e-01 Validation accuracy: 6.56000e-01 Loss 1.08938e-02 Time taken: 2.17 seconds 
Epoch: 174/200 Train accuracy: 6.55551e-01 Validation accuracy: 6.60667e-01 Loss 1.09024e-02 Time taken: 2.12 seconds 
Epoch: 175/200 Train accuracy: 6.54767e-01 Validation accuracy: 6.55667e-01 Loss 1.09051e-02 Time taken: 2.11 seconds 
Epoch: 176/200 Train accuracy: 6.53627e-01 Validation accuracy: 6.56333e-01 Loss 1.09031e-02 Time taken: 2.20 seconds 
Epoch: 177/200 Train accuracy: 6.60610e-01 Validation accuracy: 6.58333e-01 Loss 1.08738e-02 Time taken: 2.40 seconds 
Epoch: 178/200 Train accuracy: 6.55123e-01 Validation accuracy: 6.57667e-01 Loss 1.08914e-02 Time taken: 2.31 seconds 
Epoch: 179/200 Train accuracy: 6.60325e-01 Validation accuracy: 6.57667e-01 Loss 1.08862e-02 Time taken: 2.36 seconds 
Epoch: 180/200 Train accuracy: 6.55836e-01 Validation accuracy: 6.57333e-01 Loss 1.09012e-02 Time taken: 2.40 seconds 
Epoch: 181/200 Train accuracy: 6.56263e-01 Validation accuracy: 6.59667e-01 Loss 1.08954e-02 Time taken: 2.06 seconds 
Epoch: 182/200 Train accuracy: 6.55337e-01 Validation accuracy: 6.59000e-01 Loss 1.09037e-02 Time taken: 2.18 seconds 
Epoch: 183/200 Train accuracy: 6.55622e-01 Validation accuracy: 6.58333e-01 Loss 1.09095e-02 Time taken: 2.17 seconds 
Epoch: 184/200 Train accuracy: 6.57902e-01 Validation accuracy: 6.52333e-01 Loss 1.08972e-02 Time taken: 2.12 seconds 
Epoch: 185/200 Train accuracy: 6.58259e-01 Validation accuracy: 6.58667e-01 Loss 1.08949e-02 Time taken: 2.15 seconds 
Epoch: 186/200 Train accuracy: 6.57403e-01 Validation accuracy: 6.60667e-01 Loss 1.08973e-02 Time taken: 2.40 seconds 
Epoch: 187/200 Train accuracy: 6.57760e-01 Validation accuracy: 6.60000e-01 Loss 1.09030e-02 Time taken: 2.41 seconds 
Epoch: 188/200 Train accuracy: 6.57475e-01 Validation accuracy: 6.53333e-01 Loss 1.08907e-02 Time taken: 2.20 seconds 
Epoch: 189/200 Train accuracy: 6.58615e-01 Validation accuracy: 6.59333e-01 Loss 1.08869e-02 Time taken: 2.30 seconds 
Epoch: 190/200 Train accuracy: 6.58829e-01 Validation accuracy: 6.56333e-01 Loss 1.08885e-02 Time taken: 2.16 seconds 
Epoch: 191/200 Train accuracy: 6.59470e-01 Validation accuracy: 6.60333e-01 Loss 1.08855e-02 Time taken: 2.27 seconds 
Epoch: 192/200 Train accuracy: 6.55836e-01 Validation accuracy: 6.57000e-01 Loss 1.08905e-02 Time taken: 2.00 seconds 
Epoch: 193/200 Train accuracy: 6.58116e-01 Validation accuracy: 6.55000e-01 Loss 1.08855e-02 Time taken: 2.11 seconds 
Epoch: 194/200 Train accuracy: 6.57831e-01 Validation accuracy: 6.60000e-01 Loss 1.08871e-02 Time taken: 2.18 seconds 
Epoch: 195/200 Train accuracy: 6.54411e-01 Validation accuracy: 6.55667e-01 Loss 1.09049e-02 Time taken: 2.41 seconds 
Epoch: 196/200 Train accuracy: 6.57760e-01 Validation accuracy: 6.59000e-01 Loss 1.08900e-02 Time taken: 2.37 seconds 
Epoch: 197/200 Train accuracy: 6.62676e-01 Validation accuracy: 6.56667e-01 Loss 1.08695e-02 Time taken: 2.06 seconds 
Epoch: 198/200 Train accuracy: 6.58971e-01 Validation accuracy: 6.55000e-01 Loss 1.08847e-02 Time taken: 2.23 seconds 
Epoch: 199/200 Train accuracy: 6.62605e-01 Validation accuracy: 6.60667e-01 Loss 1.08753e-02 Time taken: 2.33 seconds 
Epoch: 200/200 Train accuracy: 6.57118e-01 Validation accuracy: 6.55667e-01 Loss 1.09006e-02 Time taken: 2.15 seconds 
Total time taken 0:07:03.202665
Cleaning up intermediate feature (.pt) files
Done


working on file logs_PKT_chunks/iic-train-L2-PKT-chunks-scale10e3-seed43/jepa-iic-L2-PKT-chunks-scale10e3-seed43-ep300.pth.tar ...
