Directory classifiers/jepa-iic-L2-classifier-pretrained-vitb-ep100 is now present
VisionTransformer(
  (patch_embed): PatchEmbed(
    (proj): Conv2d(3, 768, kernel_size=(15, 15), stride=(15, 15))
  )
  (blocks): ModuleList(
    (0-11): 12 x Block(
      (norm1): LayerNorm((768,), eps=1e-06, elementwise_affine=True)
      (attn): Attention(
        (qkv): Linear(in_features=768, out_features=2304, bias=True)
        (attn_drop): Dropout(p=0.0, inplace=False)
        (proj): Linear(in_features=768, out_features=768, bias=True)
        (proj_drop): Dropout(p=0.0, inplace=False)
      )
      (drop_path): Identity()
      (norm2): LayerNorm((768,), eps=1e-06, elementwise_affine=True)
      (mlp): MLP(
        (fc1): Linear(in_features=768, out_features=3072, bias=True)
        (act): GELU(approximate='none')
        (fc2): Linear(in_features=3072, out_features=768, bias=True)
        (drop): Dropout(p=0.0, inplace=False)
      )
    )
  )
  (norm): LayerNorm((768,), eps=1e-06, elementwise_affine=True)
)
Directory classifiers/jepa-iic-L2-classifier-pretrained-vitb-ep100 is now present
VisionTransformer(
  (patch_embed): PatchEmbed(
    (proj): Conv2d(3, 768, kernel_size=(15, 15), stride=(15, 15))
  )
  (blocks): ModuleList(
    (0-11): 12 x Block(
      (norm1): LayerNorm((768,), eps=1e-06, elementwise_affine=True)
      (attn): Attention(
        (qkv): Linear(in_features=768, out_features=2304, bias=True)
        (attn_drop): Dropout(p=0.0, inplace=False)
        (proj): Linear(in_features=768, out_features=768, bias=True)
        (proj_drop): Dropout(p=0.0, inplace=False)
      )
      (drop_path): Identity()
      (norm2): LayerNorm((768,), eps=1e-06, elementwise_affine=True)
      (mlp): MLP(
        (fc1): Linear(in_features=768, out_features=3072, bias=True)
        (act): GELU(approximate='none')
        (fc2): Linear(in_features=3072, out_features=768, bias=True)
        (drop): Dropout(p=0.0, inplace=False)
      )
    )
  )
  (norm): LayerNorm((768,), eps=1e-06, elementwise_affine=True)
)
Extracting features and saving them locally..
Directory classifiers/jepa-iic-L2-classifier-pretrained-vitb-ep100 is now present
VisionTransformer(
  (patch_embed): PatchEmbed(
    (proj): Conv2d(3, 768, kernel_size=(15, 15), stride=(15, 15))
  )
  (blocks): ModuleList(
    (0-11): 12 x Block(
      (norm1): LayerNorm((768,), eps=1e-06, elementwise_affine=True)
      (attn): Attention(
        (qkv): Linear(in_features=768, out_features=2304, bias=True)
        (attn_drop): Dropout(p=0.0, inplace=False)
        (proj): Linear(in_features=768, out_features=768, bias=True)
        (proj_drop): Dropout(p=0.0, inplace=False)
      )
      (drop_path): Identity()
      (norm2): LayerNorm((768,), eps=1e-06, elementwise_affine=True)
      (mlp): MLP(
        (fc1): Linear(in_features=768, out_features=3072, bias=True)
        (act): GELU(approximate='none')
        (fc2): Linear(in_features=3072, out_features=768, bias=True)
        (drop): Dropout(p=0.0, inplace=False)
      )
    )
  )
  (norm): LayerNorm((768,), eps=1e-06, elementwise_affine=True)
)
Extracting features and saving them locally..
Directory classifiers/jepa-iic-L2-classifier-pretrained-vitb-ep100 is now present
VisionTransformer(
  (patch_embed): PatchEmbed(
    (proj): Conv2d(3, 768, kernel_size=(15, 15), stride=(15, 15))
  )
  (blocks): ModuleList(
    (0-11): 12 x Block(
      (norm1): LayerNorm((768,), eps=1e-06, elementwise_affine=True)
      (attn): Attention(
        (qkv): Linear(in_features=768, out_features=2304, bias=True)
        (attn_drop): Dropout(p=0.0, inplace=False)
        (proj): Linear(in_features=768, out_features=768, bias=True)
        (proj_drop): Dropout(p=0.0, inplace=False)
      )
      (drop_path): Identity()
      (norm2): LayerNorm((768,), eps=1e-06, elementwise_affine=True)
      (mlp): MLP(
        (fc1): Linear(in_features=768, out_features=3072, bias=True)
        (act): GELU(approximate='none')
        (fc2): Linear(in_features=3072, out_features=768, bias=True)
        (drop): Dropout(p=0.0, inplace=False)
      )
    )
  )
  (norm): LayerNorm((768,), eps=1e-06, elementwise_affine=True)
)
Extracting features and saving them locally..
Directory classifiers/jepa-iic-L2-classifier-pretrained-vitb-ep100 is now present
VisionTransformer(
  (patch_embed): PatchEmbed(
    (proj): Conv2d(3, 768, kernel_size=(15, 15), stride=(15, 15))
  )
  (blocks): ModuleList(
    (0-11): 12 x Block(
      (norm1): LayerNorm((768,), eps=1e-06, elementwise_affine=True)
      (attn): Attention(
        (qkv): Linear(in_features=768, out_features=2304, bias=True)
        (attn_drop): Dropout(p=0.0, inplace=False)
        (proj): Linear(in_features=768, out_features=768, bias=True)
        (proj_drop): Dropout(p=0.0, inplace=False)
      )
      (drop_path): Identity()
      (norm2): LayerNorm((768,), eps=1e-06, elementwise_affine=True)
      (mlp): MLP(
        (fc1): Linear(in_features=768, out_features=3072, bias=True)
        (act): GELU(approximate='none')
        (fc2): Linear(in_features=3072, out_features=768, bias=True)
        (drop): Dropout(p=0.0, inplace=False)
      )
    )
  )
  (norm): LayerNorm((768,), eps=1e-06, elementwise_affine=True)
)
Extracting features and saving them locally..
Epoch: 1/200 Train accuracy: 4.33732e-01 Validation accuracy: 5.08667e-01 Loss 1.29631e-02 Time taken: 1 seconds
Epoch: 2/200 Train accuracy: 5.35913e-01 Validation accuracy: 5.42333e-01 Loss 1.21611e-02 Time taken: 1 seconds
Epoch: 3/200 Train accuracy: 5.54225e-01 Validation accuracy: 5.54333e-01 Loss 1.19427e-02 Time taken: 1 seconds
Epoch: 4/200 Train accuracy: 5.70614e-01 Validation accuracy: 5.71000e-01 Loss 1.17883e-02 Time taken: 1 seconds
Epoch: 5/200 Train accuracy: 5.79307e-01 Validation accuracy: 5.72333e-01 Loss 1.16925e-02 Time taken: 1 seconds
Epoch: 6/200 Train accuracy: 5.85934e-01 Validation accuracy: 5.79667e-01 Loss 1.16193e-02 Time taken: 1 seconds
Epoch: 7/200 Train accuracy: 5.88357e-01 Validation accuracy: 5.79667e-01 Loss 1.15742e-02 Time taken: 1 seconds
Epoch: 8/200 Train accuracy: 5.92133e-01 Validation accuracy: 5.79000e-01 Loss 1.15276e-02 Time taken: 1 seconds
Epoch: 9/200 Train accuracy: 5.94912e-01 Validation accuracy: 5.91667e-01 Loss 1.14924e-02 Time taken: 1 seconds
Epoch: 10/200 Train accuracy: 5.97620e-01 Validation accuracy: 5.87000e-01 Loss 1.14700e-02 Time taken: 1 seconds
Epoch: 11/200 Train accuracy: 5.97834e-01 Validation accuracy: 5.93333e-01 Loss 1.14424e-02 Time taken: 1 seconds
Epoch: 12/200 Train accuracy: 6.01682e-01 Validation accuracy: 5.94667e-01 Loss 1.14206e-02 Time taken: 1 seconds
Epoch: 13/200 Train accuracy: 6.03677e-01 Validation accuracy: 5.95333e-01 Loss 1.13975e-02 Time taken: 1 seconds
Epoch: 14/200 Train accuracy: 6.06812e-01 Validation accuracy: 6.02667e-01 Loss 1.13710e-02 Time taken: 1 seconds
Epoch: 15/200 Train accuracy: 6.11586e-01 Validation accuracy: 6.10000e-01 Loss 1.13517e-02 Time taken: 1 seconds
Epoch: 16/200 Train accuracy: 6.14151e-01 Validation accuracy: 6.19333e-01 Loss 1.13294e-02 Time taken: 1 seconds
Epoch: 17/200 Train accuracy: 6.19068e-01 Validation accuracy: 6.08000e-01 Loss 1.13025e-02 Time taken: 1 seconds
Epoch: 18/200 Train accuracy: 6.19709e-01 Validation accuracy: 6.21667e-01 Loss 1.12843e-02 Time taken: 1 seconds
Epoch: 19/200 Train accuracy: 6.25837e-01 Validation accuracy: 6.27000e-01 Loss 1.12642e-02 Time taken: 1 seconds
Epoch: 20/200 Train accuracy: 6.29400e-01 Validation accuracy: 6.25667e-01 Loss 1.12414e-02 Time taken: 1 seconds
Epoch: 21/200 Train accuracy: 6.30113e-01 Validation accuracy: 6.32333e-01 Loss 1.12300e-02 Time taken: 1 seconds
Epoch: 22/200 Train accuracy: 6.29899e-01 Validation accuracy: 6.19667e-01 Loss 1.12131e-02 Time taken: 1 seconds
Epoch: 23/200 Train accuracy: 6.30896e-01 Validation accuracy: 6.33667e-01 Loss 1.12024e-02 Time taken: 1 seconds
Epoch: 24/200 Train accuracy: 6.32820e-01 Validation accuracy: 6.32667e-01 Loss 1.11909e-02 Time taken: 1 seconds
Epoch: 25/200 Train accuracy: 6.36739e-01 Validation accuracy: 6.39667e-01 Loss 1.11778e-02 Time taken: 1 seconds
Epoch: 26/200 Train accuracy: 6.33889e-01 Validation accuracy: 6.30000e-01 Loss 1.11662e-02 Time taken: 1 seconds
Epoch: 27/200 Train accuracy: 6.35813e-01 Validation accuracy: 6.35000e-01 Loss 1.11571e-02 Time taken: 1 seconds
Epoch: 28/200 Train accuracy: 6.40872e-01 Validation accuracy: 6.36333e-01 Loss 1.11464e-02 Time taken: 1 seconds
Epoch: 29/200 Train accuracy: 6.40017e-01 Validation accuracy: 6.33667e-01 Loss 1.11403e-02 Time taken: 1 seconds
Epoch: 30/200 Train accuracy: 6.42297e-01 Validation accuracy: 6.20333e-01 Loss 1.11224e-02 Time taken: 1 seconds
Epoch: 31/200 Train accuracy: 6.39091e-01 Validation accuracy: 6.32667e-01 Loss 1.11213e-02 Time taken: 1 seconds
Epoch: 32/200 Train accuracy: 6.43366e-01 Validation accuracy: 6.35000e-01 Loss 1.11082e-02 Time taken: 1 seconds
Epoch: 33/200 Train accuracy: 6.42582e-01 Validation accuracy: 6.36667e-01 Loss 1.11017e-02 Time taken: 1 seconds
Epoch: 34/200 Train accuracy: 6.44292e-01 Validation accuracy: 6.37667e-01 Loss 1.10965e-02 Time taken: 1 seconds
Epoch: 35/200 Train accuracy: 6.42725e-01 Validation accuracy: 6.36667e-01 Loss 1.10900e-02 Time taken: 1 seconds
Epoch: 36/200 Train accuracy: 6.44007e-01 Validation accuracy: 6.37333e-01 Loss 1.10837e-02 Time taken: 1 seconds
Epoch: 37/200 Train accuracy: 6.44007e-01 Validation accuracy: 6.34667e-01 Loss 1.10776e-02 Time taken: 1 seconds
Epoch: 38/200 Train accuracy: 6.45504e-01 Validation accuracy: 6.36667e-01 Loss 1.10679e-02 Time taken: 1 seconds
Epoch: 39/200 Train accuracy: 6.45931e-01 Validation accuracy: 6.39667e-01 Loss 1.10622e-02 Time taken: 1 seconds
Epoch: 40/200 Train accuracy: 6.46858e-01 Validation accuracy: 6.40000e-01 Loss 1.10531e-02 Time taken: 1 seconds
Epoch: 41/200 Train accuracy: 6.46573e-01 Validation accuracy: 6.40000e-01 Loss 1.10558e-02 Time taken: 1 seconds
Epoch: 42/200 Train accuracy: 6.48710e-01 Validation accuracy: 6.38000e-01 Loss 1.10494e-02 Time taken: 1 seconds
Epoch: 43/200 Train accuracy: 6.48069e-01 Validation accuracy: 6.43000e-01 Loss 1.10396e-02 Time taken: 1 seconds
Epoch: 44/200 Train accuracy: 6.48995e-01 Validation accuracy: 6.41667e-01 Loss 1.10345e-02 Time taken: 1 seconds
Epoch: 45/200 Train accuracy: 6.48354e-01 Validation accuracy: 6.37667e-01 Loss 1.10357e-02 Time taken: 1 seconds
Epoch: 46/200 Train accuracy: 6.50848e-01 Validation accuracy: 6.38667e-01 Loss 1.10221e-02 Time taken: 1 seconds
Epoch: 47/200 Train accuracy: 6.51774e-01 Validation accuracy: 6.40000e-01 Loss 1.10242e-02 Time taken: 1 seconds
Epoch: 48/200 Train accuracy: 6.50492e-01 Validation accuracy: 6.40667e-01 Loss 1.10151e-02 Time taken: 1 seconds
Epoch: 49/200 Train accuracy: 6.51062e-01 Validation accuracy: 6.42667e-01 Loss 1.10114e-02 Time taken: 1 seconds
Epoch: 50/200 Train accuracy: 6.50990e-01 Validation accuracy: 6.41667e-01 Loss 1.10083e-02 Time taken: 1 seconds
Epoch: 51/200 Train accuracy: 6.53342e-01 Validation accuracy: 6.44667e-01 Loss 1.10013e-02 Time taken: 1 seconds
Epoch: 52/200 Train accuracy: 6.53271e-01 Validation accuracy: 6.42333e-01 Loss 1.09958e-02 Time taken: 1 seconds
Epoch: 53/200 Train accuracy: 6.51917e-01 Validation accuracy: 6.45333e-01 Loss 1.09979e-02 Time taken: 1 seconds
Epoch: 54/200 Train accuracy: 6.53912e-01 Validation accuracy: 6.42000e-01 Loss 1.09948e-02 Time taken: 1 seconds
Epoch: 55/200 Train accuracy: 6.55266e-01 Validation accuracy: 6.42667e-01 Loss 1.09906e-02 Time taken: 1 seconds
Epoch: 56/200 Train accuracy: 6.54268e-01 Validation accuracy: 6.37000e-01 Loss 1.09814e-02 Time taken: 1 seconds
Epoch: 57/200 Train accuracy: 6.54767e-01 Validation accuracy: 6.46667e-01 Loss 1.09836e-02 Time taken: 1 seconds
Epoch: 58/200 Train accuracy: 6.54910e-01 Validation accuracy: 6.45667e-01 Loss 1.09806e-02 Time taken: 1 seconds
Epoch: 59/200 Train accuracy: 6.56121e-01 Validation accuracy: 6.41000e-01 Loss 1.09719e-02 Time taken: 1 seconds
Epoch: 60/200 Train accuracy: 6.53769e-01 Validation accuracy: 6.46000e-01 Loss 1.09696e-02 Time taken: 1 seconds
Epoch: 61/200 Train accuracy: 6.55052e-01 Validation accuracy: 6.47667e-01 Loss 1.09681e-02 Time taken: 1 seconds
Epoch: 62/200 Train accuracy: 6.56477e-01 Validation accuracy: 6.46333e-01 Loss 1.09663e-02 Time taken: 1 seconds
Epoch: 63/200 Train accuracy: 6.56477e-01 Validation accuracy: 6.48333e-01 Loss 1.09652e-02 Time taken: 1 seconds
Epoch: 64/200 Train accuracy: 6.54910e-01 Validation accuracy: 6.46333e-01 Loss 1.09615e-02 Time taken: 1 seconds
Epoch: 65/200 Train accuracy: 6.56477e-01 Validation accuracy: 6.42333e-01 Loss 1.09587e-02 Time taken: 1 seconds
Epoch: 66/200 Train accuracy: 6.58045e-01 Validation accuracy: 6.48333e-01 Loss 1.09504e-02 Time taken: 1 seconds
Epoch: 67/200 Train accuracy: 6.58401e-01 Validation accuracy: 6.51667e-01 Loss 1.09482e-02 Time taken: 1 seconds
Epoch: 68/200 Train accuracy: 6.57332e-01 Validation accuracy: 6.48667e-01 Loss 1.09428e-02 Time taken: 1 seconds
Epoch: 69/200 Train accuracy: 6.58259e-01 Validation accuracy: 6.49667e-01 Loss 1.09432e-02 Time taken: 1 seconds
Epoch: 70/200 Train accuracy: 6.61893e-01 Validation accuracy: 6.48000e-01 Loss 1.09369e-02 Time taken: 1 seconds
Epoch: 71/200 Train accuracy: 6.60254e-01 Validation accuracy: 6.48000e-01 Loss 1.09343e-02 Time taken: 1 seconds
Epoch: 72/200 Train accuracy: 6.61893e-01 Validation accuracy: 6.42667e-01 Loss 1.09304e-02 Time taken: 1 seconds
Epoch: 73/200 Train accuracy: 6.60040e-01 Validation accuracy: 6.46000e-01 Loss 1.09311e-02 Time taken: 1 seconds
Epoch: 74/200 Train accuracy: 6.59755e-01 Validation accuracy: 6.50000e-01 Loss 1.09342e-02 Time taken: 1 seconds
Epoch: 75/200 Train accuracy: 6.61608e-01 Validation accuracy: 6.52000e-01 Loss 1.09247e-02 Time taken: 1 seconds
Epoch: 76/200 Train accuracy: 6.61964e-01 Validation accuracy: 6.50000e-01 Loss 1.09266e-02 Time taken: 1 seconds
Epoch: 77/200 Train accuracy: 6.61821e-01 Validation accuracy: 6.47000e-01 Loss 1.09223e-02 Time taken: 1 seconds
Epoch: 78/200 Train accuracy: 6.60254e-01 Validation accuracy: 6.47333e-01 Loss 1.09209e-02 Time taken: 1 seconds
Epoch: 79/200 Train accuracy: 6.60182e-01 Validation accuracy: 6.51000e-01 Loss 1.09212e-02 Time taken: 1 seconds
Epoch: 80/200 Train accuracy: 6.60824e-01 Validation accuracy: 6.48333e-01 Loss 1.09125e-02 Time taken: 1 seconds
Epoch: 81/200 Train accuracy: 6.62819e-01 Validation accuracy: 6.54333e-01 Loss 1.09153e-02 Time taken: 1 seconds
Epoch: 82/200 Train accuracy: 6.62605e-01 Validation accuracy: 6.51000e-01 Loss 1.09096e-02 Time taken: 1 seconds
Epoch: 83/200 Train accuracy: 6.61037e-01 Validation accuracy: 6.51000e-01 Loss 1.09086e-02 Time taken: 1 seconds
Epoch: 84/200 Train accuracy: 6.63674e-01 Validation accuracy: 6.45667e-01 Loss 1.09046e-02 Time taken: 1 seconds
Epoch: 85/200 Train accuracy: 6.60254e-01 Validation accuracy: 6.50000e-01 Loss 1.09172e-02 Time taken: 1 seconds
Epoch: 86/200 Train accuracy: 6.62961e-01 Validation accuracy: 6.48333e-01 Loss 1.09036e-02 Time taken: 1 seconds
Epoch: 87/200 Train accuracy: 6.62605e-01 Validation accuracy: 6.49667e-01 Loss 1.09012e-02 Time taken: 1 seconds
Epoch: 88/200 Train accuracy: 6.63959e-01 Validation accuracy: 6.49000e-01 Loss 1.09014e-02 Time taken: 1 seconds
Epoch: 89/200 Train accuracy: 6.65170e-01 Validation accuracy: 6.52000e-01 Loss 1.08962e-02 Time taken: 1 seconds
Epoch: 90/200 Train accuracy: 6.62320e-01 Validation accuracy: 6.52667e-01 Loss 1.08960e-02 Time taken: 1 seconds
Epoch: 91/200 Train accuracy: 6.64315e-01 Validation accuracy: 6.54000e-01 Loss 1.08963e-02 Time taken: 1 seconds
Epoch: 92/200 Train accuracy: 6.64529e-01 Validation accuracy: 6.54000e-01 Loss 1.08924e-02 Time taken: 1 seconds
Epoch: 93/200 Train accuracy: 6.65527e-01 Validation accuracy: 6.51333e-01 Loss 1.08873e-02 Time taken: 1 seconds
Epoch: 94/200 Train accuracy: 6.65099e-01 Validation accuracy: 6.54333e-01 Loss 1.08895e-02 Time taken: 1 seconds
Epoch: 95/200 Train accuracy: 6.64386e-01 Validation accuracy: 6.52333e-01 Loss 1.08878e-02 Time taken: 1 seconds
Epoch: 96/200 Train accuracy: 6.65455e-01 Validation accuracy: 6.57000e-01 Loss 1.08832e-02 Time taken: 1 seconds
Epoch: 97/200 Train accuracy: 6.64244e-01 Validation accuracy: 6.51333e-01 Loss 1.08834e-02 Time taken: 1 seconds
Epoch: 98/200 Train accuracy: 6.64458e-01 Validation accuracy: 6.51000e-01 Loss 1.08830e-02 Time taken: 1 seconds
Epoch: 99/200 Train accuracy: 6.65313e-01 Validation accuracy: 6.52333e-01 Loss 1.08809e-02 Time taken: 1 seconds
Epoch: 100/200 Train accuracy: 6.65313e-01 Validation accuracy: 6.53667e-01 Loss 1.08765e-02 Time taken: 1 seconds
Epoch: 101/200 Train accuracy: 6.65883e-01 Validation accuracy: 6.55333e-01 Loss 1.08760e-02 Time taken: 1 seconds
Epoch: 102/200 Train accuracy: 6.63959e-01 Validation accuracy: 6.50333e-01 Loss 1.08749e-02 Time taken: 1 seconds
Epoch: 103/200 Train accuracy: 6.63816e-01 Validation accuracy: 6.53000e-01 Loss 1.08837e-02 Time taken: 1 seconds
Epoch: 104/200 Train accuracy: 6.67308e-01 Validation accuracy: 6.54333e-01 Loss 1.08726e-02 Time taken: 1 seconds
Epoch: 105/200 Train accuracy: 6.66738e-01 Validation accuracy: 6.55000e-01 Loss 1.08674e-02 Time taken: 1 seconds
Epoch: 106/200 Train accuracy: 6.68733e-01 Validation accuracy: 6.51667e-01 Loss 1.08677e-02 Time taken: 1 seconds
Epoch: 107/200 Train accuracy: 6.67308e-01 Validation accuracy: 6.54667e-01 Loss 1.08663e-02 Time taken: 1 seconds
Epoch: 108/200 Train accuracy: 6.67807e-01 Validation accuracy: 6.56667e-01 Loss 1.08690e-02 Time taken: 1 seconds
Epoch: 109/200 Train accuracy: 6.68092e-01 Validation accuracy: 6.50333e-01 Loss 1.08641e-02 Time taken: 1 seconds
Epoch: 110/200 Train accuracy: 6.67949e-01 Validation accuracy: 6.56333e-01 Loss 1.08624e-02 Time taken: 1 seconds
Epoch: 111/200 Train accuracy: 6.69517e-01 Validation accuracy: 6.52333e-01 Loss 1.08638e-02 Time taken: 1 seconds
Epoch: 112/200 Train accuracy: 6.68234e-01 Validation accuracy: 6.50333e-01 Loss 1.08571e-02 Time taken: 1 seconds
Epoch: 113/200 Train accuracy: 6.70016e-01 Validation accuracy: 6.50667e-01 Loss 1.08625e-02 Time taken: 1 seconds
Epoch: 114/200 Train accuracy: 6.67664e-01 Validation accuracy: 6.56000e-01 Loss 1.08596e-02 Time taken: 1 seconds
Epoch: 115/200 Train accuracy: 6.67878e-01 Validation accuracy: 6.57000e-01 Loss 1.08577e-02 Time taken: 1 seconds
Epoch: 116/200 Train accuracy: 6.68519e-01 Validation accuracy: 6.52667e-01 Loss 1.08589e-02 Time taken: 1 seconds
Epoch: 117/200 Train accuracy: 6.67878e-01 Validation accuracy: 6.57333e-01 Loss 1.08578e-02 Time taken: 1 seconds
Epoch: 118/200 Train accuracy: 6.67522e-01 Validation accuracy: 6.55667e-01 Loss 1.08531e-02 Time taken: 1 seconds
Epoch: 119/200 Train accuracy: 6.67593e-01 Validation accuracy: 6.53333e-01 Loss 1.08490e-02 Time taken: 1 seconds
Epoch: 120/200 Train accuracy: 6.70301e-01 Validation accuracy: 6.55000e-01 Loss 1.08558e-02 Time taken: 1 seconds
Epoch: 121/200 Train accuracy: 6.68591e-01 Validation accuracy: 6.53667e-01 Loss 1.08447e-02 Time taken: 1 seconds
Epoch: 122/200 Train accuracy: 6.70657e-01 Validation accuracy: 6.55333e-01 Loss 1.08518e-02 Time taken: 1 seconds
Epoch: 123/200 Train accuracy: 6.69446e-01 Validation accuracy: 6.56000e-01 Loss 1.08460e-02 Time taken: 1 seconds
Epoch: 124/200 Train accuracy: 6.70728e-01 Validation accuracy: 6.58000e-01 Loss 1.08458e-02 Time taken: 1 seconds
Epoch: 125/200 Train accuracy: 6.71298e-01 Validation accuracy: 6.51667e-01 Loss 1.08426e-02 Time taken: 1 seconds
Epoch: 126/200 Train accuracy: 6.69731e-01 Validation accuracy: 6.58000e-01 Loss 1.08410e-02 Time taken: 1 seconds
Epoch: 127/200 Train accuracy: 6.69873e-01 Validation accuracy: 6.55000e-01 Loss 1.08434e-02 Time taken: 1 seconds
Epoch: 128/200 Train accuracy: 6.70799e-01 Validation accuracy: 6.58000e-01 Loss 1.08400e-02 Time taken: 1 seconds
Epoch: 129/200 Train accuracy: 6.70087e-01 Validation accuracy: 6.56667e-01 Loss 1.08401e-02 Time taken: 1 seconds
Epoch: 130/200 Train accuracy: 6.70016e-01 Validation accuracy: 6.58000e-01 Loss 1.08395e-02 Time taken: 1 seconds
Epoch: 131/200 Train accuracy: 6.71726e-01 Validation accuracy: 6.59000e-01 Loss 1.08381e-02 Time taken: 1 seconds
Epoch: 132/200 Train accuracy: 6.72296e-01 Validation accuracy: 6.60667e-01 Loss 1.08349e-02 Time taken: 1 seconds
Epoch: 133/200 Train accuracy: 6.69517e-01 Validation accuracy: 6.59000e-01 Loss 1.08354e-02 Time taken: 1 seconds
Epoch: 134/200 Train accuracy: 6.69588e-01 Validation accuracy: 6.52667e-01 Loss 1.08425e-02 Time taken: 1 seconds
Epoch: 135/200 Train accuracy: 6.70942e-01 Validation accuracy: 6.57333e-01 Loss 1.08362e-02 Time taken: 1 seconds
Epoch: 136/200 Train accuracy: 6.70586e-01 Validation accuracy: 6.52333e-01 Loss 1.08316e-02 Time taken: 1 seconds
Epoch: 137/200 Train accuracy: 6.70514e-01 Validation accuracy: 6.57000e-01 Loss 1.08335e-02 Time taken: 1 seconds
Epoch: 138/200 Train accuracy: 6.70657e-01 Validation accuracy: 6.60333e-01 Loss 1.08296e-02 Time taken: 1 seconds
Epoch: 139/200 Train accuracy: 6.71797e-01 Validation accuracy: 6.56333e-01 Loss 1.08301e-02 Time taken: 1 seconds
Epoch: 140/200 Train accuracy: 6.71655e-01 Validation accuracy: 6.58333e-01 Loss 1.08293e-02 Time taken: 1 seconds
Epoch: 141/200 Train accuracy: 6.72011e-01 Validation accuracy: 6.58667e-01 Loss 1.08268e-02 Time taken: 1 seconds
Epoch: 142/200 Train accuracy: 6.72652e-01 Validation accuracy: 6.54667e-01 Loss 1.08251e-02 Time taken: 1 seconds
Epoch: 143/200 Train accuracy: 6.71298e-01 Validation accuracy: 6.57667e-01 Loss 1.08270e-02 Time taken: 1 seconds
Epoch: 144/200 Train accuracy: 6.70942e-01 Validation accuracy: 6.54000e-01 Loss 1.08248e-02 Time taken: 1 seconds
Epoch: 145/200 Train accuracy: 6.73721e-01 Validation accuracy: 6.60667e-01 Loss 1.08268e-02 Time taken: 1 seconds
Epoch: 146/200 Train accuracy: 6.72795e-01 Validation accuracy: 6.60000e-01 Loss 1.08217e-02 Time taken: 1 seconds
Epoch: 147/200 Train accuracy: 6.71940e-01 Validation accuracy: 6.59000e-01 Loss 1.08236e-02 Time taken: 1 seconds
Epoch: 148/200 Train accuracy: 6.72367e-01 Validation accuracy: 6.59000e-01 Loss 1.08214e-02 Time taken: 1 seconds
Epoch: 149/200 Train accuracy: 6.71227e-01 Validation accuracy: 6.54667e-01 Loss 1.08196e-02 Time taken: 1 seconds
Epoch: 150/200 Train accuracy: 6.70942e-01 Validation accuracy: 6.56000e-01 Loss 1.08198e-02 Time taken: 1 seconds
Epoch: 151/200 Train accuracy: 6.72937e-01 Validation accuracy: 6.56667e-01 Loss 1.08197e-02 Time taken: 1 seconds
Epoch: 152/200 Train accuracy: 6.71583e-01 Validation accuracy: 6.57333e-01 Loss 1.08198e-02 Time taken: 1 seconds
Epoch: 153/200 Train accuracy: 6.71583e-01 Validation accuracy: 6.58000e-01 Loss 1.08167e-02 Time taken: 1 seconds
Epoch: 154/200 Train accuracy: 6.71013e-01 Validation accuracy: 6.57000e-01 Loss 1.08168e-02 Time taken: 1 seconds
Epoch: 155/200 Train accuracy: 6.74362e-01 Validation accuracy: 6.58000e-01 Loss 1.08127e-02 Time taken: 1 seconds
Epoch: 156/200 Train accuracy: 6.74505e-01 Validation accuracy: 6.56333e-01 Loss 1.08126e-02 Time taken: 1 seconds
Epoch: 157/200 Train accuracy: 6.74505e-01 Validation accuracy: 6.56667e-01 Loss 1.08146e-02 Time taken: 1 seconds
Epoch: 158/200 Train accuracy: 6.73863e-01 Validation accuracy: 6.57333e-01 Loss 1.08117e-02 Time taken: 1 seconds
Epoch: 159/200 Train accuracy: 6.73008e-01 Validation accuracy: 6.61333e-01 Loss 1.08101e-02 Time taken: 1 seconds
Epoch: 160/200 Train accuracy: 6.73507e-01 Validation accuracy: 6.58000e-01 Loss 1.08114e-02 Time taken: 1 seconds
Epoch: 161/200 Train accuracy: 6.72296e-01 Validation accuracy: 6.56000e-01 Loss 1.08116e-02 Time taken: 1 seconds
Epoch: 162/200 Train accuracy: 6.74220e-01 Validation accuracy: 6.58333e-01 Loss 1.08079e-02 Time taken: 1 seconds
Epoch: 163/200 Train accuracy: 6.74861e-01 Validation accuracy: 6.55333e-01 Loss 1.08106e-02 Time taken: 1 seconds
Epoch: 164/200 Train accuracy: 6.75146e-01 Validation accuracy: 6.60000e-01 Loss 1.08089e-02 Time taken: 1 seconds
Epoch: 165/200 Train accuracy: 6.73222e-01 Validation accuracy: 6.58667e-01 Loss 1.08071e-02 Time taken: 1 seconds
Epoch: 166/200 Train accuracy: 6.73507e-01 Validation accuracy: 6.61000e-01 Loss 1.08111e-02 Time taken: 1 seconds
Epoch: 167/200 Train accuracy: 6.74647e-01 Validation accuracy: 6.59667e-01 Loss 1.08039e-02 Time taken: 1 seconds
Epoch: 168/200 Train accuracy: 6.75787e-01 Validation accuracy: 6.59000e-01 Loss 1.08056e-02 Time taken: 1 seconds
Epoch: 169/200 Train accuracy: 6.73578e-01 Validation accuracy: 6.61000e-01 Loss 1.08043e-02 Time taken: 1 seconds
Epoch: 170/200 Train accuracy: 6.74434e-01 Validation accuracy: 6.56000e-01 Loss 1.08075e-02 Time taken: 1 seconds
Epoch: 171/200 Train accuracy: 6.74505e-01 Validation accuracy: 6.58333e-01 Loss 1.08055e-02 Time taken: 1 seconds
Epoch: 172/200 Train accuracy: 6.73792e-01 Validation accuracy: 6.55667e-01 Loss 1.08064e-02 Time taken: 1 seconds
Epoch: 173/200 Train accuracy: 6.74505e-01 Validation accuracy: 6.56333e-01 Loss 1.08003e-02 Time taken: 1 seconds
Epoch: 174/200 Train accuracy: 6.76714e-01 Validation accuracy: 6.56667e-01 Loss 1.07980e-02 Time taken: 1 seconds
Epoch: 175/200 Train accuracy: 6.76927e-01 Validation accuracy: 6.60000e-01 Loss 1.07986e-02 Time taken: 1 seconds
Epoch: 176/200 Train accuracy: 6.74077e-01 Validation accuracy: 6.60000e-01 Loss 1.07999e-02 Time taken: 1 seconds
Epoch: 177/200 Train accuracy: 6.76072e-01 Validation accuracy: 6.58000e-01 Loss 1.07969e-02 Time taken: 1 seconds
Epoch: 178/200 Train accuracy: 6.76286e-01 Validation accuracy: 6.57000e-01 Loss 1.07904e-02 Time taken: 1 seconds
Epoch: 179/200 Train accuracy: 6.74220e-01 Validation accuracy: 6.55000e-01 Loss 1.08027e-02 Time taken: 1 seconds
Epoch: 180/200 Train accuracy: 6.74576e-01 Validation accuracy: 6.58000e-01 Loss 1.07964e-02 Time taken: 1 seconds
Epoch: 181/200 Train accuracy: 6.77640e-01 Validation accuracy: 6.59333e-01 Loss 1.07923e-02 Time taken: 1 seconds
Epoch: 182/200 Train accuracy: 6.75930e-01 Validation accuracy: 6.57667e-01 Loss 1.07920e-02 Time taken: 1 seconds
Epoch: 183/200 Train accuracy: 6.76642e-01 Validation accuracy: 6.61000e-01 Loss 1.07914e-02 Time taken: 1 seconds
Epoch: 184/200 Train accuracy: 6.76286e-01 Validation accuracy: 6.59000e-01 Loss 1.07924e-02 Time taken: 1 seconds
Epoch: 185/200 Train accuracy: 6.76144e-01 Validation accuracy: 6.57667e-01 Loss 1.07968e-02 Time taken: 1 seconds
Epoch: 186/200 Train accuracy: 6.76714e-01 Validation accuracy: 6.57667e-01 Loss 1.07936e-02 Time taken: 1 seconds
Epoch: 187/200 Train accuracy: 6.74719e-01 Validation accuracy: 6.59333e-01 Loss 1.07925e-02 Time taken: 1 seconds
Epoch: 188/200 Train accuracy: 6.77284e-01 Validation accuracy: 6.60333e-01 Loss 1.07868e-02 Time taken: 1 seconds
Epoch: 189/200 Train accuracy: 6.75716e-01 Validation accuracy: 6.60000e-01 Loss 1.07874e-02 Time taken: 1 seconds
Epoch: 190/200 Train accuracy: 6.76072e-01 Validation accuracy: 6.56667e-01 Loss 1.07877e-02 Time taken: 1 seconds
Epoch: 191/200 Train accuracy: 6.75146e-01 Validation accuracy: 6.59333e-01 Loss 1.07879e-02 Time taken: 1 seconds
Epoch: 192/200 Train accuracy: 6.77141e-01 Validation accuracy: 6.56667e-01 Loss 1.07868e-02 Time taken: 1 seconds
Epoch: 193/200 Train accuracy: 6.76072e-01 Validation accuracy: 6.60000e-01 Loss 1.07848e-02 Time taken: 1 seconds
Epoch: 194/200 Train accuracy: 6.77783e-01 Validation accuracy: 6.58000e-01 Loss 1.07841e-02 Time taken: 1 seconds
Epoch: 195/200 Train accuracy: 6.78210e-01 Validation accuracy: 6.62667e-01 Loss 1.07822e-02 Time taken: 1 seconds
Epoch: 196/200 Train accuracy: 6.76785e-01 Validation accuracy: 6.59000e-01 Loss 1.07856e-02 Time taken: 1 seconds
Epoch: 197/200 Train accuracy: 6.78923e-01 Validation accuracy: 6.60000e-01 Loss 1.07838e-02 Time taken: 1 seconds
Epoch: 198/200 Train accuracy: 6.76785e-01 Validation accuracy: 6.63667e-01 Loss 1.07828e-02 Time taken: 1 seconds
Epoch: 199/200 Train accuracy: 6.78353e-01 Validation accuracy: 6.62333e-01 Loss 1.07798e-02 Time taken: 1 seconds
Epoch: 200/200 Train accuracy: 6.77070e-01 Validation accuracy: 6.62333e-01 Loss 1.07853e-02 Time taken: 1 seconds
Total time taken 0:05:06.850179
Done


working on file logs_PKT/iic-train-L2/jepa_iic_L2-ep200.pth.tar ...
