Directory classifiers/jepa-iic-L2-classifier-pretrained-vitb-ep400 is now present
VisionTransformer(
  (patch_embed): PatchEmbed(
    (proj): Conv2d(3, 768, kernel_size=(15, 15), stride=(15, 15))
  )
  (blocks): ModuleList(
    (0-11): 12 x Block(
      (norm1): LayerNorm((768,), eps=1e-06, elementwise_affine=True)
      (attn): Attention(
        (qkv): Linear(in_features=768, out_features=2304, bias=True)
        (attn_drop): Dropout(p=0.0, inplace=False)
        (proj): Linear(in_features=768, out_features=768, bias=True)
        (proj_drop): Dropout(p=0.0, inplace=False)
      )
      (drop_path): Identity()
      (norm2): LayerNorm((768,), eps=1e-06, elementwise_affine=True)
      (mlp): MLP(
        (fc1): Linear(in_features=768, out_features=3072, bias=True)
        (act): GELU(approximate='none')
        (fc2): Linear(in_features=3072, out_features=768, bias=True)
        (drop): Dropout(p=0.0, inplace=False)
      )
    )
  )
  (norm): LayerNorm((768,), eps=1e-06, elementwise_affine=True)
)
Extracting features and saving them locally..
Epoch: 1/200 Train accuracy: 4.28174e-01 Validation accuracy: 5.40667e-01 Loss 1.30001e-02 Time taken: 1 seconds
Epoch: 2/200 Train accuracy: 6.02537e-01 Validation accuracy: 6.27667e-01 Loss 1.19546e-02 Time taken: 1 seconds
Epoch: 3/200 Train accuracy: 6.54767e-01 Validation accuracy: 6.50000e-01 Loss 1.15008e-02 Time taken: 1 seconds
Epoch: 4/200 Train accuracy: 6.69802e-01 Validation accuracy: 6.57667e-01 Loss 1.12618e-02 Time taken: 1 seconds
Epoch: 5/200 Train accuracy: 6.80490e-01 Validation accuracy: 6.68333e-01 Loss 1.11091e-02 Time taken: 1 seconds
Epoch: 6/200 Train accuracy: 6.85977e-01 Validation accuracy: 6.75667e-01 Loss 1.10068e-02 Time taken: 1 seconds
Epoch: 7/200 Train accuracy: 6.90822e-01 Validation accuracy: 6.79000e-01 Loss 1.09289e-02 Time taken: 1 seconds
Epoch: 8/200 Train accuracy: 6.97734e-01 Validation accuracy: 6.82000e-01 Loss 1.08621e-02 Time taken: 1 seconds
Epoch: 9/200 Train accuracy: 7.00727e-01 Validation accuracy: 6.90667e-01 Loss 1.08114e-02 Time taken: 1 seconds
Epoch: 10/200 Train accuracy: 7.04147e-01 Validation accuracy: 6.87333e-01 Loss 1.07690e-02 Time taken: 1 seconds
Epoch: 11/200 Train accuracy: 7.05501e-01 Validation accuracy: 6.97000e-01 Loss 1.07313e-02 Time taken: 1 seconds
Epoch: 12/200 Train accuracy: 7.09705e-01 Validation accuracy: 6.94667e-01 Loss 1.06972e-02 Time taken: 1 seconds
Epoch: 13/200 Train accuracy: 7.10560e-01 Validation accuracy: 6.98667e-01 Loss 1.06680e-02 Time taken: 1 seconds
Epoch: 14/200 Train accuracy: 7.12199e-01 Validation accuracy: 6.99333e-01 Loss 1.06461e-02 Time taken: 1 seconds
Epoch: 15/200 Train accuracy: 7.14194e-01 Validation accuracy: 7.01333e-01 Loss 1.06196e-02 Time taken: 1 seconds
Epoch: 16/200 Train accuracy: 7.16118e-01 Validation accuracy: 7.05000e-01 Loss 1.05976e-02 Time taken: 1 seconds
Epoch: 17/200 Train accuracy: 7.18541e-01 Validation accuracy: 7.07667e-01 Loss 1.05840e-02 Time taken: 1 seconds
Epoch: 18/200 Train accuracy: 7.19823e-01 Validation accuracy: 7.06333e-01 Loss 1.05631e-02 Time taken: 1 seconds
Epoch: 19/200 Train accuracy: 7.19396e-01 Validation accuracy: 7.09000e-01 Loss 1.05476e-02 Time taken: 1 seconds
Epoch: 20/200 Train accuracy: 7.20821e-01 Validation accuracy: 7.12333e-01 Loss 1.05326e-02 Time taken: 1 seconds
Epoch: 21/200 Train accuracy: 7.22674e-01 Validation accuracy: 7.10667e-01 Loss 1.05214e-02 Time taken: 1 seconds
Epoch: 22/200 Train accuracy: 7.22887e-01 Validation accuracy: 7.17000e-01 Loss 1.05043e-02 Time taken: 1 seconds
Epoch: 23/200 Train accuracy: 7.23956e-01 Validation accuracy: 7.13333e-01 Loss 1.04980e-02 Time taken: 1 seconds
Epoch: 24/200 Train accuracy: 7.25381e-01 Validation accuracy: 7.15000e-01 Loss 1.04857e-02 Time taken: 1 seconds
Epoch: 25/200 Train accuracy: 7.25809e-01 Validation accuracy: 7.11333e-01 Loss 1.04722e-02 Time taken: 1 seconds
Epoch: 26/200 Train accuracy: 7.26521e-01 Validation accuracy: 7.17333e-01 Loss 1.04643e-02 Time taken: 1 seconds
Epoch: 27/200 Train accuracy: 7.27946e-01 Validation accuracy: 7.13333e-01 Loss 1.04552e-02 Time taken: 1 seconds
Epoch: 28/200 Train accuracy: 7.26094e-01 Validation accuracy: 7.20000e-01 Loss 1.04446e-02 Time taken: 1 seconds
Epoch: 29/200 Train accuracy: 7.28730e-01 Validation accuracy: 7.17000e-01 Loss 1.04392e-02 Time taken: 1 seconds
Epoch: 30/200 Train accuracy: 7.29514e-01 Validation accuracy: 7.18000e-01 Loss 1.04287e-02 Time taken: 1 seconds
Epoch: 31/200 Train accuracy: 7.29870e-01 Validation accuracy: 7.21667e-01 Loss 1.04216e-02 Time taken: 1 seconds
Epoch: 32/200 Train accuracy: 7.30797e-01 Validation accuracy: 7.20333e-01 Loss 1.04134e-02 Time taken: 1 seconds
Epoch: 33/200 Train accuracy: 7.31652e-01 Validation accuracy: 7.19000e-01 Loss 1.04075e-02 Time taken: 1 seconds
Epoch: 34/200 Train accuracy: 7.32578e-01 Validation accuracy: 7.22333e-01 Loss 1.04016e-02 Time taken: 1 seconds
Epoch: 35/200 Train accuracy: 7.33789e-01 Validation accuracy: 7.25000e-01 Loss 1.03941e-02 Time taken: 1 seconds
Epoch: 36/200 Train accuracy: 7.34359e-01 Validation accuracy: 7.21667e-01 Loss 1.03856e-02 Time taken: 1 seconds
Epoch: 37/200 Train accuracy: 7.33576e-01 Validation accuracy: 7.22667e-01 Loss 1.03828e-02 Time taken: 1 seconds
Epoch: 38/200 Train accuracy: 7.33576e-01 Validation accuracy: 7.21667e-01 Loss 1.03763e-02 Time taken: 1 seconds
Epoch: 39/200 Train accuracy: 7.34644e-01 Validation accuracy: 7.24333e-01 Loss 1.03702e-02 Time taken: 1 seconds
Epoch: 40/200 Train accuracy: 7.35571e-01 Validation accuracy: 7.24333e-01 Loss 1.03663e-02 Time taken: 1 seconds
Epoch: 41/200 Train accuracy: 7.36283e-01 Validation accuracy: 7.28667e-01 Loss 1.03609e-02 Time taken: 1 seconds
Epoch: 42/200 Train accuracy: 7.37566e-01 Validation accuracy: 7.24667e-01 Loss 1.03557e-02 Time taken: 1 seconds
Epoch: 43/200 Train accuracy: 7.37281e-01 Validation accuracy: 7.25000e-01 Loss 1.03529e-02 Time taken: 1 seconds
Epoch: 44/200 Train accuracy: 7.37210e-01 Validation accuracy: 7.25333e-01 Loss 1.03464e-02 Time taken: 1 seconds
Epoch: 45/200 Train accuracy: 7.38207e-01 Validation accuracy: 7.29667e-01 Loss 1.03437e-02 Time taken: 1 seconds
Epoch: 46/200 Train accuracy: 7.37210e-01 Validation accuracy: 7.26333e-01 Loss 1.03376e-02 Time taken: 1 seconds
Epoch: 47/200 Train accuracy: 7.39419e-01 Validation accuracy: 7.24333e-01 Loss 1.03344e-02 Time taken: 1 seconds
Epoch: 48/200 Train accuracy: 7.38492e-01 Validation accuracy: 7.25333e-01 Loss 1.03312e-02 Time taken: 1 seconds
Epoch: 49/200 Train accuracy: 7.38350e-01 Validation accuracy: 7.26333e-01 Loss 1.03263e-02 Time taken: 1 seconds
Epoch: 50/200 Train accuracy: 7.40202e-01 Validation accuracy: 7.30667e-01 Loss 1.03226e-02 Time taken: 1 seconds
Epoch: 51/200 Train accuracy: 7.40701e-01 Validation accuracy: 7.30667e-01 Loss 1.03209e-02 Time taken: 1 seconds
Epoch: 52/200 Train accuracy: 7.40131e-01 Validation accuracy: 7.29000e-01 Loss 1.03146e-02 Time taken: 1 seconds
Epoch: 53/200 Train accuracy: 7.41342e-01 Validation accuracy: 7.28667e-01 Loss 1.03113e-02 Time taken: 1 seconds
Epoch: 54/200 Train accuracy: 7.40487e-01 Validation accuracy: 7.30333e-01 Loss 1.03117e-02 Time taken: 1 seconds
Epoch: 55/200 Train accuracy: 7.42839e-01 Validation accuracy: 7.34000e-01 Loss 1.03066e-02 Time taken: 1 seconds
Epoch: 56/200 Train accuracy: 7.42269e-01 Validation accuracy: 7.28333e-01 Loss 1.03014e-02 Time taken: 1 seconds
Epoch: 57/200 Train accuracy: 7.41984e-01 Validation accuracy: 7.28667e-01 Loss 1.03009e-02 Time taken: 1 seconds
Epoch: 58/200 Train accuracy: 7.42411e-01 Validation accuracy: 7.30333e-01 Loss 1.02959e-02 Time taken: 1 seconds
Epoch: 59/200 Train accuracy: 7.43053e-01 Validation accuracy: 7.31000e-01 Loss 1.02950e-02 Time taken: 1 seconds
Epoch: 60/200 Train accuracy: 7.42910e-01 Validation accuracy: 7.31667e-01 Loss 1.02889e-02 Time taken: 1 seconds
Epoch: 61/200 Train accuracy: 7.43480e-01 Validation accuracy: 7.30667e-01 Loss 1.02901e-02 Time taken: 1 seconds
Epoch: 62/200 Train accuracy: 7.42340e-01 Validation accuracy: 7.26333e-01 Loss 1.02849e-02 Time taken: 1 seconds
Epoch: 63/200 Train accuracy: 7.43266e-01 Validation accuracy: 7.31333e-01 Loss 1.02832e-02 Time taken: 1 seconds
Epoch: 64/200 Train accuracy: 7.43480e-01 Validation accuracy: 7.31667e-01 Loss 1.02795e-02 Time taken: 1 seconds
Epoch: 65/200 Train accuracy: 7.43694e-01 Validation accuracy: 7.33333e-01 Loss 1.02767e-02 Time taken: 1 seconds
Epoch: 66/200 Train accuracy: 7.44121e-01 Validation accuracy: 7.31333e-01 Loss 1.02746e-02 Time taken: 1 seconds
Epoch: 67/200 Train accuracy: 7.43694e-01 Validation accuracy: 7.34000e-01 Loss 1.02719e-02 Time taken: 1 seconds
Epoch: 68/200 Train accuracy: 7.46188e-01 Validation accuracy: 7.30667e-01 Loss 1.02689e-02 Time taken: 1 seconds
Epoch: 69/200 Train accuracy: 7.43053e-01 Validation accuracy: 7.33667e-01 Loss 1.02684e-02 Time taken: 1 seconds
Epoch: 70/200 Train accuracy: 7.43908e-01 Validation accuracy: 7.32667e-01 Loss 1.02665e-02 Time taken: 1 seconds
Epoch: 71/200 Train accuracy: 7.46402e-01 Validation accuracy: 7.32667e-01 Loss 1.02618e-02 Time taken: 1 seconds
Epoch: 72/200 Train accuracy: 7.46045e-01 Validation accuracy: 7.27667e-01 Loss 1.02581e-02 Time taken: 1 seconds
Epoch: 73/200 Train accuracy: 7.45119e-01 Validation accuracy: 7.33333e-01 Loss 1.02586e-02 Time taken: 1 seconds
Epoch: 74/200 Train accuracy: 7.45832e-01 Validation accuracy: 7.32333e-01 Loss 1.02558e-02 Time taken: 1 seconds
Epoch: 75/200 Train accuracy: 7.46687e-01 Validation accuracy: 7.33333e-01 Loss 1.02573e-02 Time taken: 1 seconds
Epoch: 76/200 Train accuracy: 7.45262e-01 Validation accuracy: 7.32333e-01 Loss 1.02534e-02 Time taken: 1 seconds
Epoch: 77/200 Train accuracy: 7.44976e-01 Validation accuracy: 7.33000e-01 Loss 1.02512e-02 Time taken: 1 seconds
Epoch: 78/200 Train accuracy: 7.46473e-01 Validation accuracy: 7.35333e-01 Loss 1.02478e-02 Time taken: 1 seconds
Epoch: 79/200 Train accuracy: 7.46615e-01 Validation accuracy: 7.33667e-01 Loss 1.02490e-02 Time taken: 1 seconds
Epoch: 80/200 Train accuracy: 7.45903e-01 Validation accuracy: 7.34333e-01 Loss 1.02455e-02 Time taken: 1 seconds
Epoch: 81/200 Train accuracy: 7.47257e-01 Validation accuracy: 7.32000e-01 Loss 1.02424e-02 Time taken: 1 seconds
Epoch: 82/200 Train accuracy: 7.46758e-01 Validation accuracy: 7.35000e-01 Loss 1.02387e-02 Time taken: 1 seconds
Epoch: 83/200 Train accuracy: 7.46972e-01 Validation accuracy: 7.36333e-01 Loss 1.02413e-02 Time taken: 1 seconds
Epoch: 84/200 Train accuracy: 7.47898e-01 Validation accuracy: 7.33000e-01 Loss 1.02398e-02 Time taken: 1 seconds
Epoch: 85/200 Train accuracy: 7.47043e-01 Validation accuracy: 7.38333e-01 Loss 1.02370e-02 Time taken: 1 seconds
Epoch: 86/200 Train accuracy: 7.48753e-01 Validation accuracy: 7.36667e-01 Loss 1.02314e-02 Time taken: 1 seconds
Epoch: 87/200 Train accuracy: 7.49822e-01 Validation accuracy: 7.37667e-01 Loss 1.02348e-02 Time taken: 1 seconds
Epoch: 88/200 Train accuracy: 7.48539e-01 Validation accuracy: 7.37333e-01 Loss 1.02302e-02 Time taken: 1 seconds
Epoch: 89/200 Train accuracy: 7.49252e-01 Validation accuracy: 7.39000e-01 Loss 1.02290e-02 Time taken: 1 seconds
Epoch: 90/200 Train accuracy: 7.48682e-01 Validation accuracy: 7.34667e-01 Loss 1.02294e-02 Time taken: 1 seconds
Epoch: 91/200 Train accuracy: 7.49394e-01 Validation accuracy: 7.37000e-01 Loss 1.02269e-02 Time taken: 1 seconds
Epoch: 92/200 Train accuracy: 7.49964e-01 Validation accuracy: 7.32667e-01 Loss 1.02218e-02 Time taken: 1 seconds
Epoch: 93/200 Train accuracy: 7.47613e-01 Validation accuracy: 7.36000e-01 Loss 1.02252e-02 Time taken: 1 seconds
Epoch: 94/200 Train accuracy: 7.48468e-01 Validation accuracy: 7.33000e-01 Loss 1.02192e-02 Time taken: 1 seconds
Epoch: 95/200 Train accuracy: 7.49964e-01 Validation accuracy: 7.36000e-01 Loss 1.02188e-02 Time taken: 1 seconds
Epoch: 96/200 Train accuracy: 7.49608e-01 Validation accuracy: 7.36667e-01 Loss 1.02202e-02 Time taken: 1 seconds
Epoch: 97/200 Train accuracy: 7.50321e-01 Validation accuracy: 7.35667e-01 Loss 1.02189e-02 Time taken: 1 seconds
Epoch: 98/200 Train accuracy: 7.49822e-01 Validation accuracy: 7.37667e-01 Loss 1.02157e-02 Time taken: 1 seconds
Epoch: 99/200 Train accuracy: 7.49608e-01 Validation accuracy: 7.38667e-01 Loss 1.02154e-02 Time taken: 1 seconds
Epoch: 100/200 Train accuracy: 7.51389e-01 Validation accuracy: 7.39333e-01 Loss 1.02148e-02 Time taken: 1 seconds
Epoch: 101/200 Train accuracy: 7.50107e-01 Validation accuracy: 7.41000e-01 Loss 1.02133e-02 Time taken: 1 seconds
Epoch: 102/200 Train accuracy: 7.50036e-01 Validation accuracy: 7.38333e-01 Loss 1.02096e-02 Time taken: 1 seconds
Epoch: 103/200 Train accuracy: 7.51532e-01 Validation accuracy: 7.38000e-01 Loss 1.02084e-02 Time taken: 1 seconds
Epoch: 104/200 Train accuracy: 7.51318e-01 Validation accuracy: 7.37000e-01 Loss 1.02089e-02 Time taken: 1 seconds
Epoch: 105/200 Train accuracy: 7.50891e-01 Validation accuracy: 7.37000e-01 Loss 1.02046e-02 Time taken: 1 seconds
Epoch: 106/200 Train accuracy: 7.52458e-01 Validation accuracy: 7.39000e-01 Loss 1.02036e-02 Time taken: 1 seconds
Epoch: 107/200 Train accuracy: 7.52173e-01 Validation accuracy: 7.34667e-01 Loss 1.02041e-02 Time taken: 1 seconds
Epoch: 108/200 Train accuracy: 7.51532e-01 Validation accuracy: 7.37333e-01 Loss 1.02023e-02 Time taken: 1 seconds
Epoch: 109/200 Train accuracy: 7.51817e-01 Validation accuracy: 7.37667e-01 Loss 1.01994e-02 Time taken: 1 seconds
Epoch: 110/200 Train accuracy: 7.51461e-01 Validation accuracy: 7.35667e-01 Loss 1.01993e-02 Time taken: 1 seconds
Epoch: 111/200 Train accuracy: 7.52743e-01 Validation accuracy: 7.34000e-01 Loss 1.01957e-02 Time taken: 1 seconds
Epoch: 112/200 Train accuracy: 7.50677e-01 Validation accuracy: 7.40000e-01 Loss 1.01978e-02 Time taken: 1 seconds
Epoch: 113/200 Train accuracy: 7.51532e-01 Validation accuracy: 7.35333e-01 Loss 1.01941e-02 Time taken: 1 seconds
Epoch: 114/200 Train accuracy: 7.52387e-01 Validation accuracy: 7.42000e-01 Loss 1.01939e-02 Time taken: 1 seconds
Epoch: 115/200 Train accuracy: 7.52031e-01 Validation accuracy: 7.40333e-01 Loss 1.01931e-02 Time taken: 1 seconds
Epoch: 116/200 Train accuracy: 7.52102e-01 Validation accuracy: 7.39333e-01 Loss 1.01913e-02 Time taken: 1 seconds
Epoch: 117/200 Train accuracy: 7.51532e-01 Validation accuracy: 7.42667e-01 Loss 1.01889e-02 Time taken: 1 seconds
Epoch: 118/200 Train accuracy: 7.52316e-01 Validation accuracy: 7.38667e-01 Loss 1.01906e-02 Time taken: 1 seconds
Epoch: 119/200 Train accuracy: 7.53670e-01 Validation accuracy: 7.41000e-01 Loss 1.01858e-02 Time taken: 1 seconds
Epoch: 120/200 Train accuracy: 7.52458e-01 Validation accuracy: 7.41000e-01 Loss 1.01878e-02 Time taken: 1 seconds
Epoch: 121/200 Train accuracy: 7.53313e-01 Validation accuracy: 7.37000e-01 Loss 1.01849e-02 Time taken: 1 seconds
Epoch: 122/200 Train accuracy: 7.53955e-01 Validation accuracy: 7.38667e-01 Loss 1.01855e-02 Time taken: 1 seconds
Epoch: 123/200 Train accuracy: 7.51888e-01 Validation accuracy: 7.39667e-01 Loss 1.01857e-02 Time taken: 1 seconds
Epoch: 124/200 Train accuracy: 7.52458e-01 Validation accuracy: 7.39667e-01 Loss 1.01826e-02 Time taken: 1 seconds
Epoch: 125/200 Train accuracy: 7.54240e-01 Validation accuracy: 7.35000e-01 Loss 1.01834e-02 Time taken: 1 seconds
Epoch: 126/200 Train accuracy: 7.53242e-01 Validation accuracy: 7.40667e-01 Loss 1.01803e-02 Time taken: 1 seconds
Epoch: 127/200 Train accuracy: 7.53313e-01 Validation accuracy: 7.38000e-01 Loss 1.01805e-02 Time taken: 1 seconds
Epoch: 128/200 Train accuracy: 7.54596e-01 Validation accuracy: 7.35333e-01 Loss 1.01786e-02 Time taken: 1 seconds
Epoch: 129/200 Train accuracy: 7.53100e-01 Validation accuracy: 7.39000e-01 Loss 1.01798e-02 Time taken: 1 seconds
Epoch: 130/200 Train accuracy: 7.54240e-01 Validation accuracy: 7.38667e-01 Loss 1.01762e-02 Time taken: 1 seconds
Epoch: 131/200 Train accuracy: 7.54881e-01 Validation accuracy: 7.35333e-01 Loss 1.01742e-02 Time taken: 1 seconds
Epoch: 132/200 Train accuracy: 7.53598e-01 Validation accuracy: 7.39333e-01 Loss 1.01744e-02 Time taken: 1 seconds
Epoch: 133/200 Train accuracy: 7.54453e-01 Validation accuracy: 7.38333e-01 Loss 1.01742e-02 Time taken: 1 seconds
Epoch: 134/200 Train accuracy: 7.53242e-01 Validation accuracy: 7.37333e-01 Loss 1.01719e-02 Time taken: 1 seconds
Epoch: 135/200 Train accuracy: 7.53812e-01 Validation accuracy: 7.38333e-01 Loss 1.01673e-02 Time taken: 1 seconds
Epoch: 136/200 Train accuracy: 7.54311e-01 Validation accuracy: 7.44000e-01 Loss 1.01733e-02 Time taken: 1 seconds
Epoch: 137/200 Train accuracy: 7.55024e-01 Validation accuracy: 7.39333e-01 Loss 1.01709e-02 Time taken: 1 seconds
Epoch: 138/200 Train accuracy: 7.55451e-01 Validation accuracy: 7.34333e-01 Loss 1.01684e-02 Time taken: 1 seconds
Epoch: 139/200 Train accuracy: 7.54311e-01 Validation accuracy: 7.40667e-01 Loss 1.01672e-02 Time taken: 1 seconds
Epoch: 140/200 Train accuracy: 7.55522e-01 Validation accuracy: 7.38667e-01 Loss 1.01664e-02 Time taken: 1 seconds
Epoch: 141/200 Train accuracy: 7.54952e-01 Validation accuracy: 7.40000e-01 Loss 1.01680e-02 Time taken: 1 seconds
Epoch: 142/200 Train accuracy: 7.55166e-01 Validation accuracy: 7.41000e-01 Loss 1.01633e-02 Time taken: 1 seconds
Epoch: 143/200 Train accuracy: 7.54453e-01 Validation accuracy: 7.41667e-01 Loss 1.01647e-02 Time taken: 1 seconds
Epoch: 144/200 Train accuracy: 7.55522e-01 Validation accuracy: 7.35667e-01 Loss 1.01623e-02 Time taken: 1 seconds
Epoch: 145/200 Train accuracy: 7.56235e-01 Validation accuracy: 7.39667e-01 Loss 1.01613e-02 Time taken: 1 seconds
Epoch: 146/200 Train accuracy: 7.56235e-01 Validation accuracy: 7.40667e-01 Loss 1.01592e-02 Time taken: 1 seconds
Epoch: 147/200 Train accuracy: 7.55522e-01 Validation accuracy: 7.39667e-01 Loss 1.01632e-02 Time taken: 1 seconds
Epoch: 148/200 Train accuracy: 7.56591e-01 Validation accuracy: 7.36667e-01 Loss 1.01615e-02 Time taken: 1 seconds
Epoch: 149/200 Train accuracy: 7.54240e-01 Validation accuracy: 7.42333e-01 Loss 1.01594e-02 Time taken: 1 seconds
Epoch: 150/200 Train accuracy: 7.54738e-01 Validation accuracy: 7.40333e-01 Loss 1.01582e-02 Time taken: 1 seconds
Epoch: 151/200 Train accuracy: 7.56306e-01 Validation accuracy: 7.41667e-01 Loss 1.01559e-02 Time taken: 1 seconds
Epoch: 152/200 Train accuracy: 7.55736e-01 Validation accuracy: 7.41667e-01 Loss 1.01549e-02 Time taken: 1 seconds
Epoch: 153/200 Train accuracy: 7.56021e-01 Validation accuracy: 7.37667e-01 Loss 1.01537e-02 Time taken: 1 seconds
Epoch: 154/200 Train accuracy: 7.56449e-01 Validation accuracy: 7.40667e-01 Loss 1.01540e-02 Time taken: 1 seconds
Epoch: 155/200 Train accuracy: 7.56164e-01 Validation accuracy: 7.42000e-01 Loss 1.01559e-02 Time taken: 1 seconds
Epoch: 156/200 Train accuracy: 7.56520e-01 Validation accuracy: 7.39667e-01 Loss 1.01527e-02 Time taken: 1 seconds
Epoch: 157/200 Train accuracy: 7.55879e-01 Validation accuracy: 7.39000e-01 Loss 1.01537e-02 Time taken: 1 seconds
Epoch: 158/200 Train accuracy: 7.55736e-01 Validation accuracy: 7.40333e-01 Loss 1.01498e-02 Time taken: 1 seconds
Epoch: 159/200 Train accuracy: 7.56947e-01 Validation accuracy: 7.42000e-01 Loss 1.01517e-02 Time taken: 1 seconds
Epoch: 160/200 Train accuracy: 7.55237e-01 Validation accuracy: 7.42667e-01 Loss 1.01517e-02 Time taken: 1 seconds
Epoch: 161/200 Train accuracy: 7.55950e-01 Validation accuracy: 7.42000e-01 Loss 1.01485e-02 Time taken: 1 seconds
Epoch: 162/200 Train accuracy: 7.56021e-01 Validation accuracy: 7.46667e-01 Loss 1.01495e-02 Time taken: 1 seconds
Epoch: 163/200 Train accuracy: 7.56306e-01 Validation accuracy: 7.46333e-01 Loss 1.01485e-02 Time taken: 1 seconds
Epoch: 164/200 Train accuracy: 7.56520e-01 Validation accuracy: 7.43333e-01 Loss 1.01463e-02 Time taken: 1 seconds
Epoch: 165/200 Train accuracy: 7.56306e-01 Validation accuracy: 7.41333e-01 Loss 1.01461e-02 Time taken: 1 seconds
Epoch: 166/200 Train accuracy: 7.56449e-01 Validation accuracy: 7.39000e-01 Loss 1.01477e-02 Time taken: 1 seconds
Epoch: 167/200 Train accuracy: 7.55950e-01 Validation accuracy: 7.44667e-01 Loss 1.01451e-02 Time taken: 1 seconds
Epoch: 168/200 Train accuracy: 7.57161e-01 Validation accuracy: 7.46333e-01 Loss 1.01452e-02 Time taken: 1 seconds
Epoch: 169/200 Train accuracy: 7.56520e-01 Validation accuracy: 7.46000e-01 Loss 1.01418e-02 Time taken: 1 seconds
Epoch: 170/200 Train accuracy: 7.57446e-01 Validation accuracy: 7.42667e-01 Loss 1.01424e-02 Time taken: 1 seconds
Epoch: 171/200 Train accuracy: 7.56947e-01 Validation accuracy: 7.45667e-01 Loss 1.01394e-02 Time taken: 1 seconds
Epoch: 172/200 Train accuracy: 7.58159e-01 Validation accuracy: 7.40000e-01 Loss 1.01398e-02 Time taken: 1 seconds
Epoch: 173/200 Train accuracy: 7.59014e-01 Validation accuracy: 7.40333e-01 Loss 1.01386e-02 Time taken: 1 seconds
Epoch: 174/200 Train accuracy: 7.57161e-01 Validation accuracy: 7.41000e-01 Loss 1.01394e-02 Time taken: 1 seconds
Epoch: 175/200 Train accuracy: 7.58159e-01 Validation accuracy: 7.43667e-01 Loss 1.01371e-02 Time taken: 1 seconds
Epoch: 176/200 Train accuracy: 7.57232e-01 Validation accuracy: 7.38667e-01 Loss 1.01383e-02 Time taken: 1 seconds
Epoch: 177/200 Train accuracy: 7.57161e-01 Validation accuracy: 7.40333e-01 Loss 1.01351e-02 Time taken: 1 seconds
Epoch: 178/200 Train accuracy: 7.58373e-01 Validation accuracy: 7.43333e-01 Loss 1.01376e-02 Time taken: 1 seconds
Epoch: 179/200 Train accuracy: 7.58088e-01 Validation accuracy: 7.43667e-01 Loss 1.01403e-02 Time taken: 1 seconds
Epoch: 180/200 Train accuracy: 7.57945e-01 Validation accuracy: 7.46667e-01 Loss 1.01347e-02 Time taken: 1 seconds
Epoch: 181/200 Train accuracy: 7.59441e-01 Validation accuracy: 7.38000e-01 Loss 1.01351e-02 Time taken: 1 seconds
Epoch: 182/200 Train accuracy: 7.57731e-01 Validation accuracy: 7.38667e-01 Loss 1.01367e-02 Time taken: 1 seconds
Epoch: 183/200 Train accuracy: 7.57660e-01 Validation accuracy: 7.43333e-01 Loss 1.01342e-02 Time taken: 1 seconds
Epoch: 184/200 Train accuracy: 7.58301e-01 Validation accuracy: 7.43333e-01 Loss 1.01372e-02 Time taken: 1 seconds
Epoch: 185/200 Train accuracy: 7.57517e-01 Validation accuracy: 7.43333e-01 Loss 1.01332e-02 Time taken: 1 seconds
Epoch: 186/200 Train accuracy: 7.60011e-01 Validation accuracy: 7.45333e-01 Loss 1.01299e-02 Time taken: 1 seconds
Epoch: 187/200 Train accuracy: 7.58016e-01 Validation accuracy: 7.45000e-01 Loss 1.01340e-02 Time taken: 1 seconds
Epoch: 188/200 Train accuracy: 7.58444e-01 Validation accuracy: 7.42000e-01 Loss 1.01301e-02 Time taken: 1 seconds
Epoch: 189/200 Train accuracy: 7.58943e-01 Validation accuracy: 7.44000e-01 Loss 1.01309e-02 Time taken: 1 seconds
Epoch: 190/200 Train accuracy: 7.58871e-01 Validation accuracy: 7.45667e-01 Loss 1.01305e-02 Time taken: 1 seconds
Epoch: 191/200 Train accuracy: 7.59228e-01 Validation accuracy: 7.47667e-01 Loss 1.01290e-02 Time taken: 1 seconds
Epoch: 192/200 Train accuracy: 7.57446e-01 Validation accuracy: 7.45000e-01 Loss 1.01354e-02 Time taken: 1 seconds
Epoch: 193/200 Train accuracy: 7.59584e-01 Validation accuracy: 7.45667e-01 Loss 1.01264e-02 Time taken: 1 seconds
Epoch: 194/200 Train accuracy: 7.58800e-01 Validation accuracy: 7.44000e-01 Loss 1.01250e-02 Time taken: 1 seconds
Epoch: 195/200 Train accuracy: 7.59228e-01 Validation accuracy: 7.45000e-01 Loss 1.01266e-02 Time taken: 1 seconds
Epoch: 196/200 Train accuracy: 7.60296e-01 Validation accuracy: 7.43667e-01 Loss 1.01243e-02 Time taken: 1 seconds
Epoch: 197/200 Train accuracy: 7.59156e-01 Validation accuracy: 7.44333e-01 Loss 1.01235e-02 Time taken: 1 seconds
Epoch: 198/200 Train accuracy: 7.59370e-01 Validation accuracy: 7.44000e-01 Loss 1.01242e-02 Time taken: 1 seconds
Epoch: 199/200 Train accuracy: 7.59584e-01 Validation accuracy: 7.41333e-01 Loss 1.01228e-02 Time taken: 1 seconds
Epoch: 200/200 Train accuracy: 7.60083e-01 Validation accuracy: 7.45667e-01 Loss 1.01207e-02 Time taken: 1 seconds
Total time taken 0:05:07.199871
Done


working on file logs_PKT/iic-train-L2/jepa_iic_L2-ep500.pth.tar ...
