Directory logs_PKT_chunks/iic-train-l2-seed2/classifiers for saving the classifiers is now present
VisionTransformer(
  (patch_embed): PatchEmbed(
    (proj): Conv2d(3, 768, kernel_size=(15, 15), stride=(15, 15))
  )
  (blocks): ModuleList(
    (0-11): 12 x Block(
      (norm1): LayerNorm((768,), eps=1e-06, elementwise_affine=True)
      (attn): Attention(
        (qkv): Linear(in_features=768, out_features=2304, bias=True)
        (attn_drop): Dropout(p=0.0, inplace=False)
        (proj): Linear(in_features=768, out_features=768, bias=True)
        (proj_drop): Dropout(p=0.0, inplace=False)
      )
      (drop_path): Identity()
      (norm2): LayerNorm((768,), eps=1e-06, elementwise_affine=True)
      (mlp): MLP(
        (fc1): Linear(in_features=768, out_features=3072, bias=True)
        (act): GELU(approximate='none')
        (fc2): Linear(in_features=3072, out_features=768, bias=True)
        (drop): Dropout(p=0.0, inplace=False)
      )
    )
  )
  (norm): LayerNorm((768,), eps=1e-06, elementwise_affine=True)
)
Extracting features and saving them in memory..
Extracting features...
Epoch: 1/200 Train accuracy: 5.08052e-01 Validation accuracy: 6.53667e-01 Training loss 1.12239e-02 Validation loss 8.82351e-03 Time taken: 0.29 seconds 
Epoch: 2/200 Train accuracy: 6.93530e-01 Validation accuracy: 6.92000e-01 Training loss 7.63541e-03 Validation loss 7.33507e-03 Time taken: 0.24 seconds 
Epoch: 3/200 Train accuracy: 7.17614e-01 Validation accuracy: 7.03667e-01 Training loss 6.65694e-03 Validation loss 6.70364e-03 Time taken: 0.25 seconds 
Epoch: 4/200 Train accuracy: 7.28089e-01 Validation accuracy: 7.20000e-01 Training loss 6.18845e-03 Validation loss 6.34389e-03 Time taken: 0.24 seconds 
Epoch: 5/200 Train accuracy: 7.35428e-01 Validation accuracy: 7.39000e-01 Training loss 5.90732e-03 Validation loss 6.07446e-03 Time taken: 0.24 seconds 
Epoch: 6/200 Train accuracy: 7.42055e-01 Validation accuracy: 7.37667e-01 Training loss 5.70762e-03 Validation loss 5.89295e-03 Time taken: 0.24 seconds 
Epoch: 7/200 Train accuracy: 7.44193e-01 Validation accuracy: 7.46000e-01 Training loss 5.56201e-03 Validation loss 5.77189e-03 Time taken: 0.23 seconds 
Epoch: 8/200 Train accuracy: 7.46615e-01 Validation accuracy: 7.51333e-01 Training loss 5.45314e-03 Validation loss 5.68651e-03 Time taken: 0.24 seconds 
Epoch: 9/200 Train accuracy: 7.50677e-01 Validation accuracy: 7.50333e-01 Training loss 5.36229e-03 Validation loss 5.57257e-03 Time taken: 0.25 seconds 
Epoch: 10/200 Train accuracy: 7.54810e-01 Validation accuracy: 7.49667e-01 Training loss 5.29560e-03 Validation loss 5.49535e-03 Time taken: 0.24 seconds 
Epoch: 11/200 Train accuracy: 7.55380e-01 Validation accuracy: 7.59000e-01 Training loss 5.23734e-03 Validation loss 5.47840e-03 Time taken: 0.29 seconds 
Epoch: 12/200 Train accuracy: 7.60225e-01 Validation accuracy: 7.56667e-01 Training loss 5.18757e-03 Validation loss 5.38892e-03 Time taken: 0.22 seconds 
Epoch: 13/200 Train accuracy: 7.58871e-01 Validation accuracy: 7.60000e-01 Training loss 5.14905e-03 Validation loss 5.37472e-03 Time taken: 0.24 seconds 
Epoch: 14/200 Train accuracy: 7.60724e-01 Validation accuracy: 7.61667e-01 Training loss 5.10070e-03 Validation loss 5.31917e-03 Time taken: 0.24 seconds 
Epoch: 15/200 Train accuracy: 7.62007e-01 Validation accuracy: 7.62667e-01 Training loss 5.08014e-03 Validation loss 5.33445e-03 Time taken: 0.23 seconds 
Epoch: 16/200 Train accuracy: 7.62933e-01 Validation accuracy: 7.67333e-01 Training loss 5.04316e-03 Validation loss 5.27201e-03 Time taken: 0.23 seconds 
Epoch: 17/200 Train accuracy: 7.66923e-01 Validation accuracy: 7.67333e-01 Training loss 5.01308e-03 Validation loss 5.26699e-03 Time taken: 0.24 seconds 
Epoch: 18/200 Train accuracy: 7.67778e-01 Validation accuracy: 7.66000e-01 Training loss 4.99043e-03 Validation loss 5.29069e-03 Time taken: 0.23 seconds 
Epoch: 19/200 Train accuracy: 7.68633e-01 Validation accuracy: 7.70333e-01 Training loss 4.96560e-03 Validation loss 5.18523e-03 Time taken: 0.24 seconds 
Epoch: 20/200 Train accuracy: 7.69275e-01 Validation accuracy: 7.70667e-01 Training loss 4.96129e-03 Validation loss 5.16701e-03 Time taken: 0.25 seconds 
Epoch: 21/200 Train accuracy: 7.70913e-01 Validation accuracy: 7.74333e-01 Training loss 4.93096e-03 Validation loss 5.16136e-03 Time taken: 0.23 seconds 
Epoch: 22/200 Train accuracy: 7.69987e-01 Validation accuracy: 7.70667e-01 Training loss 4.91564e-03 Validation loss 5.14916e-03 Time taken: 0.24 seconds 
Epoch: 23/200 Train accuracy: 7.71982e-01 Validation accuracy: 7.74000e-01 Training loss 4.89497e-03 Validation loss 5.12624e-03 Time taken: 0.23 seconds 
Epoch: 24/200 Train accuracy: 7.72339e-01 Validation accuracy: 7.75667e-01 Training loss 4.88201e-03 Validation loss 5.11562e-03 Time taken: 0.23 seconds 
Epoch: 25/200 Train accuracy: 7.70985e-01 Validation accuracy: 7.75333e-01 Training loss 4.87556e-03 Validation loss 5.10019e-03 Time taken: 0.25 seconds 
Epoch: 26/200 Train accuracy: 7.73835e-01 Validation accuracy: 7.75000e-01 Training loss 4.85681e-03 Validation loss 5.08790e-03 Time taken: 0.25 seconds 
Epoch: 27/200 Train accuracy: 7.73265e-01 Validation accuracy: 7.78667e-01 Training loss 4.84620e-03 Validation loss 5.10416e-03 Time taken: 0.26 seconds 
Epoch: 28/200 Train accuracy: 7.74334e-01 Validation accuracy: 7.74333e-01 Training loss 4.82955e-03 Validation loss 5.07709e-03 Time taken: 0.27 seconds 
Epoch: 29/200 Train accuracy: 7.74904e-01 Validation accuracy: 7.74667e-01 Training loss 4.82096e-03 Validation loss 5.07735e-03 Time taken: 0.25 seconds 
Epoch: 30/200 Train accuracy: 7.76186e-01 Validation accuracy: 7.75667e-01 Training loss 4.80683e-03 Validation loss 5.03292e-03 Time taken: 0.26 seconds 
Epoch: 31/200 Train accuracy: 7.74690e-01 Validation accuracy: 7.79000e-01 Training loss 4.79546e-03 Validation loss 5.03488e-03 Time taken: 0.26 seconds 
Epoch: 32/200 Train accuracy: 7.76258e-01 Validation accuracy: 7.80667e-01 Training loss 4.79412e-03 Validation loss 5.04781e-03 Time taken: 0.26 seconds 
Epoch: 33/200 Train accuracy: 7.77041e-01 Validation accuracy: 7.78000e-01 Training loss 4.77954e-03 Validation loss 5.02261e-03 Time taken: 0.27 seconds 
Epoch: 34/200 Train accuracy: 7.75973e-01 Validation accuracy: 7.75667e-01 Training loss 4.77151e-03 Validation loss 5.04406e-03 Time taken: 0.24 seconds 
Epoch: 35/200 Train accuracy: 7.76044e-01 Validation accuracy: 7.78333e-01 Training loss 4.76828e-03 Validation loss 5.02237e-03 Time taken: 0.23 seconds 
Epoch: 36/200 Train accuracy: 7.77469e-01 Validation accuracy: 7.76667e-01 Training loss 4.75138e-03 Validation loss 5.00344e-03 Time taken: 0.24 seconds 
Epoch: 37/200 Train accuracy: 7.77113e-01 Validation accuracy: 7.76333e-01 Training loss 4.74299e-03 Validation loss 4.97608e-03 Time taken: 0.24 seconds 
Epoch: 38/200 Train accuracy: 7.78110e-01 Validation accuracy: 7.84000e-01 Training loss 4.73338e-03 Validation loss 4.99498e-03 Time taken: 0.21 seconds 
Epoch: 39/200 Train accuracy: 7.77683e-01 Validation accuracy: 7.82000e-01 Training loss 4.73389e-03 Validation loss 4.99038e-03 Time taken: 0.25 seconds 
Epoch: 40/200 Train accuracy: 7.77326e-01 Validation accuracy: 7.83000e-01 Training loss 4.72467e-03 Validation loss 4.97579e-03 Time taken: 0.20 seconds 
Epoch: 41/200 Train accuracy: 7.78110e-01 Validation accuracy: 7.81000e-01 Training loss 4.71384e-03 Validation loss 4.97154e-03 Time taken: 0.21 seconds 
Epoch: 42/200 Train accuracy: 7.79250e-01 Validation accuracy: 7.80667e-01 Training loss 4.71700e-03 Validation loss 4.94236e-03 Time taken: 0.21 seconds 
Epoch: 43/200 Train accuracy: 7.79892e-01 Validation accuracy: 7.80333e-01 Training loss 4.70415e-03 Validation loss 4.95979e-03 Time taken: 0.21 seconds 
Epoch: 44/200 Train accuracy: 7.77897e-01 Validation accuracy: 7.80667e-01 Training loss 4.70054e-03 Validation loss 4.94902e-03 Time taken: 0.24 seconds 
Epoch: 45/200 Train accuracy: 7.80462e-01 Validation accuracy: 7.84667e-01 Training loss 4.68804e-03 Validation loss 4.94877e-03 Time taken: 0.24 seconds 
Epoch: 46/200 Train accuracy: 7.79678e-01 Validation accuracy: 7.77333e-01 Training loss 4.68755e-03 Validation loss 4.93578e-03 Time taken: 0.23 seconds 
Epoch: 47/200 Train accuracy: 7.80818e-01 Validation accuracy: 7.81000e-01 Training loss 4.67857e-03 Validation loss 4.93698e-03 Time taken: 0.24 seconds 
Epoch: 48/200 Train accuracy: 7.79322e-01 Validation accuracy: 7.86333e-01 Training loss 4.66486e-03 Validation loss 4.97413e-03 Time taken: 0.28 seconds 
Epoch: 49/200 Train accuracy: 7.79820e-01 Validation accuracy: 7.83333e-01 Training loss 4.67115e-03 Validation loss 4.92902e-03 Time taken: 0.23 seconds 
Epoch: 50/200 Train accuracy: 7.78965e-01 Validation accuracy: 7.78000e-01 Training loss 4.66480e-03 Validation loss 4.90174e-03 Time taken: 0.24 seconds 
Epoch: 51/200 Train accuracy: 7.81246e-01 Validation accuracy: 7.82333e-01 Training loss 4.65425e-03 Validation loss 4.90564e-03 Time taken: 0.23 seconds 
Epoch: 52/200 Train accuracy: 7.80462e-01 Validation accuracy: 7.83000e-01 Training loss 4.65270e-03 Validation loss 4.89781e-03 Time taken: 0.23 seconds 
Epoch: 53/200 Train accuracy: 7.79963e-01 Validation accuracy: 7.83667e-01 Training loss 4.65866e-03 Validation loss 4.88857e-03 Time taken: 0.24 seconds 
Epoch: 54/200 Train accuracy: 7.81103e-01 Validation accuracy: 7.82667e-01 Training loss 4.64443e-03 Validation loss 4.89782e-03 Time taken: 0.23 seconds 
Epoch: 55/200 Train accuracy: 7.82386e-01 Validation accuracy: 7.85000e-01 Training loss 4.63671e-03 Validation loss 4.93096e-03 Time taken: 0.24 seconds 
Epoch: 56/200 Train accuracy: 7.81388e-01 Validation accuracy: 7.80667e-01 Training loss 4.63826e-03 Validation loss 4.90098e-03 Time taken: 0.24 seconds 
Epoch: 57/200 Train accuracy: 7.81887e-01 Validation accuracy: 7.87667e-01 Training loss 4.62524e-03 Validation loss 4.90639e-03 Time taken: 0.24 seconds 
Epoch: 58/200 Train accuracy: 7.84025e-01 Validation accuracy: 7.79667e-01 Training loss 4.62629e-03 Validation loss 4.88440e-03 Time taken: 0.24 seconds 
Epoch: 59/200 Train accuracy: 7.80462e-01 Validation accuracy: 7.83000e-01 Training loss 4.62309e-03 Validation loss 4.87744e-03 Time taken: 0.23 seconds 
Epoch: 60/200 Train accuracy: 7.82172e-01 Validation accuracy: 7.81333e-01 Training loss 4.61866e-03 Validation loss 4.89517e-03 Time taken: 0.24 seconds 
Epoch: 61/200 Train accuracy: 7.84025e-01 Validation accuracy: 7.83667e-01 Training loss 4.60188e-03 Validation loss 4.86360e-03 Time taken: 0.23 seconds 
Epoch: 62/200 Train accuracy: 7.84025e-01 Validation accuracy: 7.87333e-01 Training loss 4.60304e-03 Validation loss 4.88686e-03 Time taken: 0.21 seconds 
Epoch: 63/200 Train accuracy: 7.84238e-01 Validation accuracy: 7.86333e-01 Training loss 4.60657e-03 Validation loss 4.85921e-03 Time taken: 0.22 seconds 
Epoch: 64/200 Train accuracy: 7.83241e-01 Validation accuracy: 7.82000e-01 Training loss 4.59904e-03 Validation loss 4.87320e-03 Time taken: 0.23 seconds 
Epoch: 65/200 Train accuracy: 7.84808e-01 Validation accuracy: 7.84667e-01 Training loss 4.59429e-03 Validation loss 4.89839e-03 Time taken: 0.24 seconds 
Epoch: 66/200 Train accuracy: 7.85165e-01 Validation accuracy: 7.86667e-01 Training loss 4.59345e-03 Validation loss 4.86623e-03 Time taken: 0.24 seconds 
Epoch: 67/200 Train accuracy: 7.84096e-01 Validation accuracy: 7.87333e-01 Training loss 4.58734e-03 Validation loss 4.87088e-03 Time taken: 0.36 seconds 
Epoch: 68/200 Train accuracy: 7.85378e-01 Validation accuracy: 7.84333e-01 Training loss 4.58328e-03 Validation loss 4.87927e-03 Time taken: 0.21 seconds 
Epoch: 69/200 Train accuracy: 7.83597e-01 Validation accuracy: 7.90333e-01 Training loss 4.57418e-03 Validation loss 4.87063e-03 Time taken: 0.23 seconds 
Epoch: 70/200 Train accuracy: 7.83098e-01 Validation accuracy: 7.87000e-01 Training loss 4.57422e-03 Validation loss 4.83503e-03 Time taken: 0.26 seconds 
Epoch: 71/200 Train accuracy: 7.85592e-01 Validation accuracy: 7.83667e-01 Training loss 4.57963e-03 Validation loss 4.89360e-03 Time taken: 0.23 seconds 
Epoch: 72/200 Train accuracy: 7.86162e-01 Validation accuracy: 7.82667e-01 Training loss 4.57146e-03 Validation loss 4.84790e-03 Time taken: 0.23 seconds 
Epoch: 73/200 Train accuracy: 7.85165e-01 Validation accuracy: 7.87000e-01 Training loss 4.55717e-03 Validation loss 4.86160e-03 Time taken: 0.24 seconds 
Epoch: 74/200 Train accuracy: 7.84737e-01 Validation accuracy: 7.84667e-01 Training loss 4.56135e-03 Validation loss 4.82841e-03 Time taken: 0.24 seconds 
Epoch: 75/200 Train accuracy: 7.84880e-01 Validation accuracy: 7.87333e-01 Training loss 4.55918e-03 Validation loss 4.83066e-03 Time taken: 0.23 seconds 
Epoch: 76/200 Train accuracy: 7.84737e-01 Validation accuracy: 7.85333e-01 Training loss 4.55209e-03 Validation loss 4.82572e-03 Time taken: 0.25 seconds 
Epoch: 77/200 Train accuracy: 7.84666e-01 Validation accuracy: 7.88000e-01 Training loss 4.55501e-03 Validation loss 4.83284e-03 Time taken: 0.29 seconds 
Epoch: 78/200 Train accuracy: 7.85735e-01 Validation accuracy: 7.86667e-01 Training loss 4.55743e-03 Validation loss 4.82151e-03 Time taken: 0.23 seconds 
Epoch: 79/200 Train accuracy: 7.85521e-01 Validation accuracy: 7.85000e-01 Training loss 4.54579e-03 Validation loss 4.81204e-03 Time taken: 0.23 seconds 
Epoch: 80/200 Train accuracy: 7.86447e-01 Validation accuracy: 7.85667e-01 Training loss 4.53831e-03 Validation loss 4.80739e-03 Time taken: 0.22 seconds 
Epoch: 81/200 Train accuracy: 7.87801e-01 Validation accuracy: 7.85000e-01 Training loss 4.53412e-03 Validation loss 4.80064e-03 Time taken: 0.20 seconds 
Epoch: 82/200 Train accuracy: 7.87017e-01 Validation accuracy: 7.88000e-01 Training loss 4.52814e-03 Validation loss 4.81307e-03 Time taken: 0.25 seconds 
Epoch: 83/200 Train accuracy: 7.86590e-01 Validation accuracy: 7.90333e-01 Training loss 4.53478e-03 Validation loss 4.82309e-03 Time taken: 0.22 seconds 
Epoch: 84/200 Train accuracy: 7.86091e-01 Validation accuracy: 7.89333e-01 Training loss 4.53557e-03 Validation loss 4.82962e-03 Time taken: 0.26 seconds 
Epoch: 85/200 Train accuracy: 7.86732e-01 Validation accuracy: 7.87667e-01 Training loss 4.52821e-03 Validation loss 4.81996e-03 Time taken: 0.27 seconds 
Epoch: 86/200 Train accuracy: 7.86590e-01 Validation accuracy: 7.84667e-01 Training loss 4.52346e-03 Validation loss 4.79560e-03 Time taken: 0.25 seconds 
Epoch: 87/200 Train accuracy: 7.88371e-01 Validation accuracy: 7.85333e-01 Training loss 4.51985e-03 Validation loss 4.80180e-03 Time taken: 0.27 seconds 
Epoch: 88/200 Train accuracy: 7.89155e-01 Validation accuracy: 7.85000e-01 Training loss 4.52087e-03 Validation loss 4.84482e-03 Time taken: 0.27 seconds 
Epoch: 89/200 Train accuracy: 7.86091e-01 Validation accuracy: 7.89667e-01 Training loss 4.51937e-03 Validation loss 4.81312e-03 Time taken: 0.26 seconds 
Epoch: 90/200 Train accuracy: 7.86020e-01 Validation accuracy: 7.85333e-01 Training loss 4.51285e-03 Validation loss 4.78696e-03 Time taken: 0.27 seconds 
Epoch: 91/200 Train accuracy: 7.87516e-01 Validation accuracy: 7.88000e-01 Training loss 4.51384e-03 Validation loss 4.78092e-03 Time taken: 0.27 seconds 
Epoch: 92/200 Train accuracy: 7.88229e-01 Validation accuracy: 7.90333e-01 Training loss 4.50030e-03 Validation loss 4.81162e-03 Time taken: 0.26 seconds 
Epoch: 93/200 Train accuracy: 7.86946e-01 Validation accuracy: 7.87333e-01 Training loss 4.50504e-03 Validation loss 4.78664e-03 Time taken: 0.27 seconds 
Epoch: 94/200 Train accuracy: 7.86376e-01 Validation accuracy: 7.91667e-01 Training loss 4.49989e-03 Validation loss 4.81043e-03 Time taken: 0.29 seconds 
Epoch: 95/200 Train accuracy: 7.86376e-01 Validation accuracy: 7.85667e-01 Training loss 4.50674e-03 Validation loss 4.77426e-03 Time taken: 0.27 seconds 
Epoch: 96/200 Train accuracy: 7.89440e-01 Validation accuracy: 7.85667e-01 Training loss 4.49216e-03 Validation loss 4.76974e-03 Time taken: 0.24 seconds 
Epoch: 97/200 Train accuracy: 7.86803e-01 Validation accuracy: 7.87667e-01 Training loss 4.49447e-03 Validation loss 4.79247e-03 Time taken: 0.23 seconds 
Epoch: 98/200 Train accuracy: 7.88442e-01 Validation accuracy: 7.90333e-01 Training loss 4.49262e-03 Validation loss 4.78811e-03 Time taken: 0.23 seconds 
Epoch: 99/200 Train accuracy: 7.88727e-01 Validation accuracy: 7.88333e-01 Training loss 4.49562e-03 Validation loss 4.77046e-03 Time taken: 0.24 seconds 
Epoch: 100/200 Train accuracy: 7.88015e-01 Validation accuracy: 7.92667e-01 Training loss 4.49038e-03 Validation loss 4.76682e-03 Time taken: 0.23 seconds 
Epoch: 101/200 Train accuracy: 7.88371e-01 Validation accuracy: 7.87667e-01 Training loss 4.48360e-03 Validation loss 4.77156e-03 Time taken: 0.24 seconds 
Epoch: 102/200 Train accuracy: 7.88870e-01 Validation accuracy: 7.89000e-01 Training loss 4.48088e-03 Validation loss 4.76388e-03 Time taken: 0.24 seconds 
Epoch: 103/200 Train accuracy: 7.87516e-01 Validation accuracy: 7.87667e-01 Training loss 4.47922e-03 Validation loss 4.75170e-03 Time taken: 0.23 seconds 
Epoch: 104/200 Train accuracy: 7.88371e-01 Validation accuracy: 7.88667e-01 Training loss 4.47322e-03 Validation loss 4.75219e-03 Time taken: 0.27 seconds 
Epoch: 105/200 Train accuracy: 7.89226e-01 Validation accuracy: 7.85333e-01 Training loss 4.47224e-03 Validation loss 4.74647e-03 Time taken: 0.22 seconds 
Epoch: 106/200 Train accuracy: 7.88727e-01 Validation accuracy: 7.90000e-01 Training loss 4.47629e-03 Validation loss 4.76384e-03 Time taken: 0.24 seconds 
Epoch: 107/200 Train accuracy: 7.88371e-01 Validation accuracy: 7.84333e-01 Training loss 4.47319e-03 Validation loss 4.74446e-03 Time taken: 0.25 seconds 
Epoch: 108/200 Train accuracy: 7.88870e-01 Validation accuracy: 7.89000e-01 Training loss 4.46558e-03 Validation loss 4.74125e-03 Time taken: 0.24 seconds 
Epoch: 109/200 Train accuracy: 7.90010e-01 Validation accuracy: 7.87667e-01 Training loss 4.46206e-03 Validation loss 4.78043e-03 Time taken: 0.25 seconds 
Epoch: 110/200 Train accuracy: 7.89440e-01 Validation accuracy: 7.88000e-01 Training loss 4.47062e-03 Validation loss 4.75272e-03 Time taken: 0.24 seconds 
Epoch: 111/200 Train accuracy: 7.90010e-01 Validation accuracy: 7.91667e-01 Training loss 4.46155e-03 Validation loss 4.75540e-03 Time taken: 0.23 seconds 
Epoch: 112/200 Train accuracy: 7.90723e-01 Validation accuracy: 7.89333e-01 Training loss 4.46264e-03 Validation loss 4.75136e-03 Time taken: 0.24 seconds 
Epoch: 113/200 Train accuracy: 7.88656e-01 Validation accuracy: 7.91000e-01 Training loss 4.46214e-03 Validation loss 4.74940e-03 Time taken: 0.33 seconds 
Epoch: 114/200 Train accuracy: 7.90723e-01 Validation accuracy: 7.92333e-01 Training loss 4.46435e-03 Validation loss 4.77363e-03 Time taken: 0.26 seconds 
Epoch: 115/200 Train accuracy: 7.90152e-01 Validation accuracy: 7.88667e-01 Training loss 4.45507e-03 Validation loss 4.72955e-03 Time taken: 0.24 seconds 
Epoch: 116/200 Train accuracy: 7.91435e-01 Validation accuracy: 7.90667e-01 Training loss 4.44815e-03 Validation loss 4.77576e-03 Time taken: 0.27 seconds 
Epoch: 117/200 Train accuracy: 7.91221e-01 Validation accuracy: 7.87333e-01 Training loss 4.44826e-03 Validation loss 4.73858e-03 Time taken: 0.27 seconds 
Epoch: 118/200 Train accuracy: 7.92148e-01 Validation accuracy: 7.91667e-01 Training loss 4.44085e-03 Validation loss 4.74991e-03 Time taken: 0.26 seconds 
Epoch: 119/200 Train accuracy: 7.91506e-01 Validation accuracy: 7.88333e-01 Training loss 4.44072e-03 Validation loss 4.73122e-03 Time taken: 0.27 seconds 
Epoch: 120/200 Train accuracy: 7.89939e-01 Validation accuracy: 7.87000e-01 Training loss 4.44325e-03 Validation loss 4.74511e-03 Time taken: 0.28 seconds 
Epoch: 121/200 Train accuracy: 7.89297e-01 Validation accuracy: 7.86000e-01 Training loss 4.44329e-03 Validation loss 4.72241e-03 Time taken: 0.25 seconds 
Epoch: 122/200 Train accuracy: 7.90723e-01 Validation accuracy: 7.91333e-01 Training loss 4.43655e-03 Validation loss 4.76774e-03 Time taken: 0.26 seconds 
Epoch: 123/200 Train accuracy: 7.91506e-01 Validation accuracy: 7.87000e-01 Training loss 4.43646e-03 Validation loss 4.72479e-03 Time taken: 0.24 seconds 
Epoch: 124/200 Train accuracy: 7.90224e-01 Validation accuracy: 7.87667e-01 Training loss 4.44180e-03 Validation loss 4.73057e-03 Time taken: 0.23 seconds 
Epoch: 125/200 Train accuracy: 7.91293e-01 Validation accuracy: 7.93667e-01 Training loss 4.43683e-03 Validation loss 4.75209e-03 Time taken: 0.29 seconds 
Epoch: 126/200 Train accuracy: 7.91435e-01 Validation accuracy: 7.89000e-01 Training loss 4.42762e-03 Validation loss 4.72039e-03 Time taken: 0.19 seconds 
Epoch: 127/200 Train accuracy: 7.91506e-01 Validation accuracy: 7.91667e-01 Training loss 4.43109e-03 Validation loss 4.73220e-03 Time taken: 0.24 seconds 
Epoch: 128/200 Train accuracy: 7.90865e-01 Validation accuracy: 7.85667e-01 Training loss 4.42918e-03 Validation loss 4.71449e-03 Time taken: 0.23 seconds 
Epoch: 129/200 Train accuracy: 7.91293e-01 Validation accuracy: 7.92667e-01 Training loss 4.43402e-03 Validation loss 4.75396e-03 Time taken: 0.28 seconds 
Epoch: 130/200 Train accuracy: 7.91506e-01 Validation accuracy: 7.86667e-01 Training loss 4.42791e-03 Validation loss 4.71990e-03 Time taken: 0.21 seconds 
Epoch: 131/200 Train accuracy: 7.92219e-01 Validation accuracy: 7.88333e-01 Training loss 4.41498e-03 Validation loss 4.72146e-03 Time taken: 0.25 seconds 
Epoch: 132/200 Train accuracy: 7.91578e-01 Validation accuracy: 7.90333e-01 Training loss 4.42796e-03 Validation loss 4.71300e-03 Time taken: 0.20 seconds 
Epoch: 133/200 Train accuracy: 7.90509e-01 Validation accuracy: 7.90333e-01 Training loss 4.41448e-03 Validation loss 4.70303e-03 Time taken: 0.22 seconds 
Epoch: 134/200 Train accuracy: 7.91150e-01 Validation accuracy: 7.90667e-01 Training loss 4.41791e-03 Validation loss 4.70545e-03 Time taken: 0.20 seconds 
Epoch: 135/200 Train accuracy: 7.91364e-01 Validation accuracy: 7.93000e-01 Training loss 4.41661e-03 Validation loss 4.74292e-03 Time taken: 0.23 seconds 
Epoch: 136/200 Train accuracy: 7.93430e-01 Validation accuracy: 7.93667e-01 Training loss 4.41588e-03 Validation loss 4.71849e-03 Time taken: 0.24 seconds 
Epoch: 137/200 Train accuracy: 7.90509e-01 Validation accuracy: 7.89333e-01 Training loss 4.41200e-03 Validation loss 4.69946e-03 Time taken: 0.23 seconds 
Epoch: 138/200 Train accuracy: 7.91079e-01 Validation accuracy: 7.90333e-01 Training loss 4.41770e-03 Validation loss 4.69739e-03 Time taken: 0.24 seconds 
Epoch: 139/200 Train accuracy: 7.93216e-01 Validation accuracy: 7.90667e-01 Training loss 4.40040e-03 Validation loss 4.71051e-03 Time taken: 0.24 seconds 
Epoch: 140/200 Train accuracy: 7.93216e-01 Validation accuracy: 7.89333e-01 Training loss 4.40337e-03 Validation loss 4.73404e-03 Time taken: 0.24 seconds 
Epoch: 141/200 Train accuracy: 7.91150e-01 Validation accuracy: 7.88333e-01 Training loss 4.40666e-03 Validation loss 4.69806e-03 Time taken: 0.31 seconds 
Epoch: 142/200 Train accuracy: 7.92290e-01 Validation accuracy: 7.91667e-01 Training loss 4.40410e-03 Validation loss 4.71683e-03 Time taken: 0.21 seconds 
Epoch: 143/200 Train accuracy: 7.91578e-01 Validation accuracy: 7.95667e-01 Training loss 4.39850e-03 Validation loss 4.71463e-03 Time taken: 0.21 seconds 
Epoch: 144/200 Train accuracy: 7.91435e-01 Validation accuracy: 7.91667e-01 Training loss 4.39851e-03 Validation loss 4.68933e-03 Time taken: 0.23 seconds 
Epoch: 145/200 Train accuracy: 7.94143e-01 Validation accuracy: 7.89333e-01 Training loss 4.40272e-03 Validation loss 4.70917e-03 Time taken: 0.19 seconds 
Epoch: 146/200 Train accuracy: 7.93216e-01 Validation accuracy: 7.92667e-01 Training loss 4.39830e-03 Validation loss 4.69055e-03 Time taken: 0.22 seconds 
Epoch: 147/200 Train accuracy: 7.92219e-01 Validation accuracy: 7.93000e-01 Training loss 4.40341e-03 Validation loss 4.70282e-03 Time taken: 0.21 seconds 
Epoch: 148/200 Train accuracy: 7.91720e-01 Validation accuracy: 7.96333e-01 Training loss 4.38469e-03 Validation loss 4.72952e-03 Time taken: 0.21 seconds 
Epoch: 149/200 Train accuracy: 7.92718e-01 Validation accuracy: 7.92333e-01 Training loss 4.39663e-03 Validation loss 4.68519e-03 Time taken: 0.22 seconds 
Epoch: 150/200 Train accuracy: 7.93858e-01 Validation accuracy: 7.92333e-01 Training loss 4.38887e-03 Validation loss 4.72233e-03 Time taken: 0.20 seconds 
Epoch: 151/200 Train accuracy: 7.93216e-01 Validation accuracy: 7.91667e-01 Training loss 4.39446e-03 Validation loss 4.70332e-03 Time taken: 0.36 seconds 
Epoch: 152/200 Train accuracy: 7.93430e-01 Validation accuracy: 7.92333e-01 Training loss 4.39235e-03 Validation loss 4.69685e-03 Time taken: 0.20 seconds 
Epoch: 153/200 Train accuracy: 7.93644e-01 Validation accuracy: 7.93333e-01 Training loss 4.38397e-03 Validation loss 4.68787e-03 Time taken: 0.23 seconds 
Epoch: 154/200 Train accuracy: 7.93787e-01 Validation accuracy: 7.93667e-01 Training loss 4.38748e-03 Validation loss 4.70768e-03 Time taken: 0.24 seconds 
Epoch: 155/200 Train accuracy: 7.94072e-01 Validation accuracy: 7.87333e-01 Training loss 4.38006e-03 Validation loss 4.68103e-03 Time taken: 0.24 seconds 
Epoch: 156/200 Train accuracy: 7.93216e-01 Validation accuracy: 7.95333e-01 Training loss 4.37994e-03 Validation loss 4.67958e-03 Time taken: 0.24 seconds 
Epoch: 157/200 Train accuracy: 7.94072e-01 Validation accuracy: 7.95000e-01 Training loss 4.38024e-03 Validation loss 4.69635e-03 Time taken: 0.28 seconds 
Epoch: 158/200 Train accuracy: 7.95853e-01 Validation accuracy: 7.90667e-01 Training loss 4.37287e-03 Validation loss 4.68312e-03 Time taken: 0.24 seconds 
Epoch: 159/200 Train accuracy: 7.94927e-01 Validation accuracy: 7.89333e-01 Training loss 4.38033e-03 Validation loss 4.68513e-03 Time taken: 0.24 seconds 
Epoch: 160/200 Train accuracy: 7.94570e-01 Validation accuracy: 7.92667e-01 Training loss 4.37923e-03 Validation loss 4.68533e-03 Time taken: 0.38 seconds 
Epoch: 161/200 Train accuracy: 7.94642e-01 Validation accuracy: 7.93000e-01 Training loss 4.37163e-03 Validation loss 4.66258e-03 Time taken: 0.26 seconds 
Epoch: 162/200 Train accuracy: 7.93501e-01 Validation accuracy: 7.94333e-01 Training loss 4.37360e-03 Validation loss 4.69420e-03 Time taken: 0.24 seconds 
Epoch: 163/200 Train accuracy: 7.93858e-01 Validation accuracy: 7.91000e-01 Training loss 4.36958e-03 Validation loss 4.67913e-03 Time taken: 0.24 seconds 
Epoch: 164/200 Train accuracy: 7.93929e-01 Validation accuracy: 7.93000e-01 Training loss 4.37412e-03 Validation loss 4.66467e-03 Time taken: 0.24 seconds 
Epoch: 165/200 Train accuracy: 7.94784e-01 Validation accuracy: 7.92000e-01 Training loss 4.36699e-03 Validation loss 4.68584e-03 Time taken: 0.24 seconds 
Epoch: 166/200 Train accuracy: 7.94357e-01 Validation accuracy: 7.93667e-01 Training loss 4.36360e-03 Validation loss 4.67228e-03 Time taken: 0.24 seconds 
Epoch: 167/200 Train accuracy: 7.94570e-01 Validation accuracy: 7.89333e-01 Training loss 4.36588e-03 Validation loss 4.66490e-03 Time taken: 0.27 seconds 
Epoch: 168/200 Train accuracy: 7.93216e-01 Validation accuracy: 7.91667e-01 Training loss 4.36585e-03 Validation loss 4.67976e-03 Time taken: 0.40 seconds 
Epoch: 169/200 Train accuracy: 7.94357e-01 Validation accuracy: 7.90333e-01 Training loss 4.36338e-03 Validation loss 4.67229e-03 Time taken: 0.27 seconds 
Epoch: 170/200 Train accuracy: 7.96138e-01 Validation accuracy: 7.86000e-01 Training loss 4.36518e-03 Validation loss 4.67619e-03 Time taken: 0.24 seconds 
Epoch: 171/200 Train accuracy: 7.94214e-01 Validation accuracy: 7.94000e-01 Training loss 4.36350e-03 Validation loss 4.66581e-03 Time taken: 0.24 seconds 
Epoch: 172/200 Train accuracy: 7.94428e-01 Validation accuracy: 7.93333e-01 Training loss 4.35792e-03 Validation loss 4.66294e-03 Time taken: 0.24 seconds 
Epoch: 173/200 Train accuracy: 7.94214e-01 Validation accuracy: 7.90333e-01 Training loss 4.34922e-03 Validation loss 4.65367e-03 Time taken: 0.24 seconds 
Epoch: 174/200 Train accuracy: 7.94072e-01 Validation accuracy: 7.91667e-01 Training loss 4.35563e-03 Validation loss 4.65570e-03 Time taken: 0.24 seconds 
Epoch: 175/200 Train accuracy: 7.94499e-01 Validation accuracy: 7.92333e-01 Training loss 4.35472e-03 Validation loss 4.65633e-03 Time taken: 0.24 seconds 
Epoch: 176/200 Train accuracy: 7.96565e-01 Validation accuracy: 7.94667e-01 Training loss 4.34887e-03 Validation loss 4.64620e-03 Time taken: 0.24 seconds 
Epoch: 177/200 Train accuracy: 7.95568e-01 Validation accuracy: 7.91000e-01 Training loss 4.35415e-03 Validation loss 4.65628e-03 Time taken: 0.33 seconds 
Epoch: 178/200 Train accuracy: 7.96423e-01 Validation accuracy: 7.94667e-01 Training loss 4.35208e-03 Validation loss 4.66746e-03 Time taken: 0.26 seconds 
Epoch: 179/200 Train accuracy: 7.94285e-01 Validation accuracy: 7.96333e-01 Training loss 4.35283e-03 Validation loss 4.68185e-03 Time taken: 0.23 seconds 
Epoch: 180/200 Train accuracy: 7.96138e-01 Validation accuracy: 7.89667e-01 Training loss 4.34921e-03 Validation loss 4.65309e-03 Time taken: 0.24 seconds 
Epoch: 181/200 Train accuracy: 7.94570e-01 Validation accuracy: 7.94333e-01 Training loss 4.34756e-03 Validation loss 4.65469e-03 Time taken: 0.28 seconds 
Epoch: 182/200 Train accuracy: 7.96993e-01 Validation accuracy: 7.89667e-01 Training loss 4.34517e-03 Validation loss 4.68798e-03 Time taken: 0.23 seconds 
Epoch: 183/200 Train accuracy: 7.95710e-01 Validation accuracy: 7.91667e-01 Training loss 4.34404e-03 Validation loss 4.64549e-03 Time taken: 0.23 seconds 
Epoch: 184/200 Train accuracy: 7.96280e-01 Validation accuracy: 7.92333e-01 Training loss 4.34204e-03 Validation loss 4.67205e-03 Time taken: 0.23 seconds 
Epoch: 185/200 Train accuracy: 7.94499e-01 Validation accuracy: 7.88667e-01 Training loss 4.34510e-03 Validation loss 4.64706e-03 Time taken: 0.23 seconds 
Epoch: 186/200 Train accuracy: 7.95782e-01 Validation accuracy: 7.86000e-01 Training loss 4.34103e-03 Validation loss 4.68803e-03 Time taken: 0.27 seconds 
Epoch: 187/200 Train accuracy: 7.95425e-01 Validation accuracy: 7.90667e-01 Training loss 4.34191e-03 Validation loss 4.63915e-03 Time taken: 0.27 seconds 
Epoch: 188/200 Train accuracy: 7.96352e-01 Validation accuracy: 7.93667e-01 Training loss 4.33776e-03 Validation loss 4.65816e-03 Time taken: 0.24 seconds 
Epoch: 189/200 Train accuracy: 7.96708e-01 Validation accuracy: 7.92333e-01 Training loss 4.33672e-03 Validation loss 4.63184e-03 Time taken: 0.24 seconds 
Epoch: 190/200 Train accuracy: 7.95924e-01 Validation accuracy: 7.98333e-01 Training loss 4.33804e-03 Validation loss 4.66017e-03 Time taken: 0.27 seconds 
Epoch: 191/200 Train accuracy: 7.95639e-01 Validation accuracy: 7.92667e-01 Training loss 4.34068e-03 Validation loss 4.63537e-03 Time taken: 0.24 seconds 
Epoch: 192/200 Train accuracy: 7.96138e-01 Validation accuracy: 7.96333e-01 Training loss 4.33262e-03 Validation loss 4.65549e-03 Time taken: 0.26 seconds 
Epoch: 193/200 Train accuracy: 7.94072e-01 Validation accuracy: 7.96000e-01 Training loss 4.32868e-03 Validation loss 4.64400e-03 Time taken: 0.24 seconds 
Epoch: 194/200 Train accuracy: 7.95710e-01 Validation accuracy: 7.98667e-01 Training loss 4.33257e-03 Validation loss 4.63606e-03 Time taken: 0.28 seconds 
Epoch: 195/200 Train accuracy: 7.95924e-01 Validation accuracy: 7.93000e-01 Training loss 4.32852e-03 Validation loss 4.63471e-03 Time taken: 0.30 seconds 
Epoch: 196/200 Train accuracy: 7.96851e-01 Validation accuracy: 7.97667e-01 Training loss 4.32494e-03 Validation loss 4.64670e-03 Time taken: 0.28 seconds 
Epoch: 197/200 Train accuracy: 7.96779e-01 Validation accuracy: 7.93667e-01 Training loss 4.33345e-03 Validation loss 4.65042e-03 Time taken: 0.23 seconds 
Epoch: 198/200 Train accuracy: 7.95924e-01 Validation accuracy: 7.97667e-01 Training loss 4.31742e-03 Validation loss 4.64057e-03 Time taken: 0.23 seconds 
Epoch: 199/200 Train accuracy: 7.96209e-01 Validation accuracy: 7.92333e-01 Training loss 4.32517e-03 Validation loss 4.66821e-03 Time taken: 0.23 seconds 
Epoch: 200/200 Train accuracy: 7.95639e-01 Validation accuracy: 7.94000e-01 Training loss 4.32811e-03 Validation loss 4.65240e-03 Time taken: 0.24 seconds 
Total time taken 0:00:49.501020
Cleaning up intermediate feature (.pt) files
Done


