Directory logs_PKT_chunks/iic-train-l2-seed2/classifiers for saving the classifiers is now present
VisionTransformer(
  (patch_embed): PatchEmbed(
    (proj): Conv2d(3, 768, kernel_size=(15, 15), stride=(15, 15))
  )
  (blocks): ModuleList(
    (0-11): 12 x Block(
      (norm1): LayerNorm((768,), eps=1e-06, elementwise_affine=True)
      (attn): Attention(
        (qkv): Linear(in_features=768, out_features=2304, bias=True)
        (attn_drop): Dropout(p=0.0, inplace=False)
        (proj): Linear(in_features=768, out_features=768, bias=True)
        (proj_drop): Dropout(p=0.0, inplace=False)
      )
      (drop_path): Identity()
      (norm2): LayerNorm((768,), eps=1e-06, elementwise_affine=True)
      (mlp): MLP(
        (fc1): Linear(in_features=768, out_features=3072, bias=True)
        (act): GELU(approximate='none')
        (fc2): Linear(in_features=3072, out_features=768, bias=True)
        (drop): Dropout(p=0.0, inplace=False)
      )
    )
  )
  (norm): LayerNorm((768,), eps=1e-06, elementwise_affine=True)
)
Extracting features and saving them in memory..
Extracting features...
Done extracting features...
 Creating datasets
Created datasets...
 Creating data loaders
Done with data loaders
Commencing training
Epoch: 1/200 Train accuracy: 3.48040e-01 Validation accuracy: 4.24200e-01 Training loss 1.47294e-02 Validation loss 1.31927e-02 Time taken: 0.71 seconds 
Epoch: 2/200 Train accuracy: 4.46660e-01 Validation accuracy: 4.59400e-01 Training loss 1.25595e-02 Validation loss 1.22914e-02 Time taken: 0.73 seconds 
Epoch: 3/200 Train accuracy: 4.69560e-01 Validation accuracy: 4.71300e-01 Training loss 1.19450e-02 Validation loss 1.19093e-02 Time taken: 0.79 seconds 
Epoch: 4/200 Train accuracy: 4.81780e-01 Validation accuracy: 4.76300e-01 Training loss 1.16206e-02 Validation loss 1.16810e-02 Time taken: 0.71 seconds 
Epoch: 5/200 Train accuracy: 4.89340e-01 Validation accuracy: 4.84300e-01 Training loss 1.14173e-02 Validation loss 1.15232e-02 Time taken: 0.87 seconds 
Epoch: 6/200 Train accuracy: 4.96540e-01 Validation accuracy: 4.90400e-01 Training loss 1.12783e-02 Validation loss 1.14073e-02 Time taken: 1.05 seconds 
Epoch: 7/200 Train accuracy: 5.03540e-01 Validation accuracy: 4.93100e-01 Training loss 1.11575e-02 Validation loss 1.13127e-02 Time taken: 0.83 seconds 
Epoch: 8/200 Train accuracy: 5.05360e-01 Validation accuracy: 4.93700e-01 Training loss 1.10678e-02 Validation loss 1.12395e-02 Time taken: 0.86 seconds 
Epoch: 9/200 Train accuracy: 5.06700e-01 Validation accuracy: 5.01400e-01 Training loss 1.10024e-02 Validation loss 1.11774e-02 Time taken: 0.82 seconds 
Epoch: 10/200 Train accuracy: 5.10860e-01 Validation accuracy: 5.04800e-01 Training loss 1.09404e-02 Validation loss 1.11258e-02 Time taken: 0.86 seconds 
Epoch: 11/200 Train accuracy: 5.12740e-01 Validation accuracy: 5.07600e-01 Training loss 1.08838e-02 Validation loss 1.10816e-02 Time taken: 0.88 seconds 
Epoch: 12/200 Train accuracy: 5.13100e-01 Validation accuracy: 5.05400e-01 Training loss 1.08386e-02 Validation loss 1.10427e-02 Time taken: 0.82 seconds 
Epoch: 13/200 Train accuracy: 5.15640e-01 Validation accuracy: 5.08500e-01 Training loss 1.08002e-02 Validation loss 1.10119e-02 Time taken: 0.85 seconds 
Epoch: 14/200 Train accuracy: 5.16900e-01 Validation accuracy: 5.09400e-01 Training loss 1.07596e-02 Validation loss 1.09796e-02 Time taken: 1.11 seconds 
Epoch: 15/200 Train accuracy: 5.18120e-01 Validation accuracy: 5.13500e-01 Training loss 1.07202e-02 Validation loss 1.09379e-02 Time taken: 0.82 seconds 
Epoch: 16/200 Train accuracy: 5.20460e-01 Validation accuracy: 5.05800e-01 Training loss 1.07000e-02 Validation loss 1.09547e-02 Time taken: 0.86 seconds 
Epoch: 17/200 Train accuracy: 5.21100e-01 Validation accuracy: 5.11400e-01 Training loss 1.06733e-02 Validation loss 1.08989e-02 Time taken: 0.82 seconds 
Epoch: 18/200 Train accuracy: 5.22920e-01 Validation accuracy: 5.13600e-01 Training loss 1.06405e-02 Validation loss 1.09123e-02 Time taken: 0.83 seconds 
Epoch: 19/200 Train accuracy: 5.25520e-01 Validation accuracy: 5.14300e-01 Training loss 1.06216e-02 Validation loss 1.08540e-02 Time taken: 1.04 seconds 
Epoch: 20/200 Train accuracy: 5.25700e-01 Validation accuracy: 5.14800e-01 Training loss 1.05957e-02 Validation loss 1.08506e-02 Time taken: 0.82 seconds 
Epoch: 21/200 Train accuracy: 5.26580e-01 Validation accuracy: 5.14400e-01 Training loss 1.05734e-02 Validation loss 1.08428e-02 Time taken: 0.85 seconds 
Epoch: 22/200 Train accuracy: 5.26520e-01 Validation accuracy: 5.18900e-01 Training loss 1.05561e-02 Validation loss 1.08045e-02 Time taken: 0.86 seconds 
Epoch: 23/200 Train accuracy: 5.27120e-01 Validation accuracy: 5.17800e-01 Training loss 1.05415e-02 Validation loss 1.07856e-02 Time taken: 0.84 seconds 
Epoch: 24/200 Train accuracy: 5.28600e-01 Validation accuracy: 5.20500e-01 Training loss 1.05269e-02 Validation loss 1.07649e-02 Time taken: 1.06 seconds 
Epoch: 25/200 Train accuracy: 5.30520e-01 Validation accuracy: 5.17900e-01 Training loss 1.05046e-02 Validation loss 1.07596e-02 Time taken: 0.87 seconds 
Epoch: 26/200 Train accuracy: 5.29180e-01 Validation accuracy: 5.19600e-01 Training loss 1.04962e-02 Validation loss 1.07296e-02 Time taken: 0.84 seconds 
Epoch: 27/200 Train accuracy: 5.29620e-01 Validation accuracy: 5.21200e-01 Training loss 1.04723e-02 Validation loss 1.07335e-02 Time taken: 1.08 seconds 
Epoch: 28/200 Train accuracy: 5.31480e-01 Validation accuracy: 5.23400e-01 Training loss 1.04652e-02 Validation loss 1.07014e-02 Time taken: 1.03 seconds 
Epoch: 29/200 Train accuracy: 5.31860e-01 Validation accuracy: 5.13800e-01 Training loss 1.04484e-02 Validation loss 1.07503e-02 Time taken: 1.10 seconds 
Epoch: 30/200 Train accuracy: 5.32140e-01 Validation accuracy: 5.19200e-01 Training loss 1.04335e-02 Validation loss 1.07082e-02 Time taken: 0.83 seconds 
Epoch: 31/200 Train accuracy: 5.33660e-01 Validation accuracy: 5.24500e-01 Training loss 1.04212e-02 Validation loss 1.06717e-02 Time taken: 1.02 seconds 
Epoch: 32/200 Train accuracy: 5.32560e-01 Validation accuracy: 5.21000e-01 Training loss 1.04110e-02 Validation loss 1.06997e-02 Time taken: 0.85 seconds 
Epoch: 33/200 Train accuracy: 5.34400e-01 Validation accuracy: 5.19700e-01 Training loss 1.03966e-02 Validation loss 1.06652e-02 Time taken: 0.86 seconds 
Epoch: 34/200 Train accuracy: 5.33960e-01 Validation accuracy: 5.22100e-01 Training loss 1.03847e-02 Validation loss 1.06448e-02 Time taken: 0.87 seconds 
Epoch: 35/200 Train accuracy: 5.33960e-01 Validation accuracy: 5.24400e-01 Training loss 1.03808e-02 Validation loss 1.06456e-02 Time taken: 0.86 seconds 
Epoch: 36/200 Train accuracy: 5.35300e-01 Validation accuracy: 5.17900e-01 Training loss 1.03633e-02 Validation loss 1.06792e-02 Time taken: 0.85 seconds 
Epoch: 37/200 Train accuracy: 5.35060e-01 Validation accuracy: 5.25300e-01 Training loss 1.03636e-02 Validation loss 1.06275e-02 Time taken: 0.83 seconds 
Epoch: 38/200 Train accuracy: 5.38580e-01 Validation accuracy: 5.24500e-01 Training loss 1.03488e-02 Validation loss 1.06044e-02 Time taken: 0.86 seconds 
Epoch: 39/200 Train accuracy: 5.37380e-01 Validation accuracy: 5.26600e-01 Training loss 1.03400e-02 Validation loss 1.05906e-02 Time taken: 1.02 seconds 
Epoch: 40/200 Train accuracy: 5.36680e-01 Validation accuracy: 5.25700e-01 Training loss 1.03312e-02 Validation loss 1.05766e-02 Time taken: 1.06 seconds 
Epoch: 41/200 Train accuracy: 5.36340e-01 Validation accuracy: 5.24300e-01 Training loss 1.03207e-02 Validation loss 1.06106e-02 Time taken: 0.94 seconds 
Epoch: 42/200 Train accuracy: 5.38020e-01 Validation accuracy: 5.26400e-01 Training loss 1.03141e-02 Validation loss 1.05984e-02 Time taken: 0.83 seconds 
Epoch: 43/200 Train accuracy: 5.39680e-01 Validation accuracy: 5.27800e-01 Training loss 1.03046e-02 Validation loss 1.05709e-02 Time taken: 0.87 seconds 
Epoch: 44/200 Train accuracy: 5.37380e-01 Validation accuracy: 5.28300e-01 Training loss 1.02969e-02 Validation loss 1.05759e-02 Time taken: 1.10 seconds 
Epoch: 45/200 Train accuracy: 5.39340e-01 Validation accuracy: 5.30900e-01 Training loss 1.02894e-02 Validation loss 1.05477e-02 Time taken: 0.87 seconds 
Epoch: 46/200 Train accuracy: 5.39360e-01 Validation accuracy: 5.29300e-01 Training loss 1.02777e-02 Validation loss 1.05449e-02 Time taken: 1.08 seconds 
Epoch: 47/200 Train accuracy: 5.39040e-01 Validation accuracy: 5.28000e-01 Training loss 1.02761e-02 Validation loss 1.05467e-02 Time taken: 0.87 seconds 
Epoch: 48/200 Train accuracy: 5.40220e-01 Validation accuracy: 5.29300e-01 Training loss 1.02698e-02 Validation loss 1.05428e-02 Time taken: 0.82 seconds 
Epoch: 49/200 Train accuracy: 5.39060e-01 Validation accuracy: 5.29300e-01 Training loss 1.02601e-02 Validation loss 1.05335e-02 Time taken: 1.19 seconds 
Epoch: 50/200 Train accuracy: 5.39480e-01 Validation accuracy: 5.30100e-01 Training loss 1.02513e-02 Validation loss 1.05374e-02 Time taken: 1.02 seconds 
Epoch: 51/200 Train accuracy: 5.40980e-01 Validation accuracy: 5.28400e-01 Training loss 1.02457e-02 Validation loss 1.05248e-02 Time taken: 0.90 seconds 
Epoch: 52/200 Train accuracy: 5.40980e-01 Validation accuracy: 5.33200e-01 Training loss 1.02360e-02 Validation loss 1.05221e-02 Time taken: 0.88 seconds 
Epoch: 53/200 Train accuracy: 5.40900e-01 Validation accuracy: 5.28500e-01 Training loss 1.02372e-02 Validation loss 1.05340e-02 Time taken: 0.98 seconds 
Epoch: 54/200 Train accuracy: 5.41140e-01 Validation accuracy: 5.31300e-01 Training loss 1.02283e-02 Validation loss 1.05190e-02 Time taken: 0.87 seconds 
Epoch: 55/200 Train accuracy: 5.41780e-01 Validation accuracy: 5.31300e-01 Training loss 1.02204e-02 Validation loss 1.04888e-02 Time taken: 0.84 seconds 
Epoch: 56/200 Train accuracy: 5.43460e-01 Validation accuracy: 5.28100e-01 Training loss 1.02147e-02 Validation loss 1.05315e-02 Time taken: 0.91 seconds 
Epoch: 57/200 Train accuracy: 5.42940e-01 Validation accuracy: 5.32400e-01 Training loss 1.02156e-02 Validation loss 1.04844e-02 Time taken: 0.83 seconds 
Epoch: 58/200 Train accuracy: 5.42320e-01 Validation accuracy: 5.33100e-01 Training loss 1.02062e-02 Validation loss 1.04810e-02 Time taken: 1.05 seconds 
Epoch: 59/200 Train accuracy: 5.42980e-01 Validation accuracy: 5.31700e-01 Training loss 1.02000e-02 Validation loss 1.04743e-02 Time taken: 0.83 seconds 
Epoch: 60/200 Train accuracy: 5.42100e-01 Validation accuracy: 5.28100e-01 Training loss 1.01962e-02 Validation loss 1.04854e-02 Time taken: 0.85 seconds 
Epoch: 61/200 Train accuracy: 5.43360e-01 Validation accuracy: 5.29100e-01 Training loss 1.01889e-02 Validation loss 1.04742e-02 Time taken: 0.88 seconds 
Epoch: 62/200 Train accuracy: 5.44060e-01 Validation accuracy: 5.30900e-01 Training loss 1.01795e-02 Validation loss 1.04818e-02 Time taken: 0.82 seconds 
Epoch: 63/200 Train accuracy: 5.43340e-01 Validation accuracy: 5.29600e-01 Training loss 1.01808e-02 Validation loss 1.04735e-02 Time taken: 0.85 seconds 
Epoch: 64/200 Train accuracy: 5.43780e-01 Validation accuracy: 5.29400e-01 Training loss 1.01740e-02 Validation loss 1.04557e-02 Time taken: 1.02 seconds 
Epoch: 65/200 Train accuracy: 5.44580e-01 Validation accuracy: 5.34500e-01 Training loss 1.01737e-02 Validation loss 1.04607e-02 Time taken: 0.82 seconds 
Epoch: 66/200 Train accuracy: 5.44840e-01 Validation accuracy: 5.30000e-01 Training loss 1.01642e-02 Validation loss 1.04776e-02 Time taken: 1.07 seconds 
Epoch: 67/200 Train accuracy: 5.45040e-01 Validation accuracy: 5.33900e-01 Training loss 1.01586e-02 Validation loss 1.04332e-02 Time taken: 0.88 seconds 
Epoch: 68/200 Train accuracy: 5.44580e-01 Validation accuracy: 5.30000e-01 Training loss 1.01568e-02 Validation loss 1.04598e-02 Time taken: 0.81 seconds 
Epoch: 69/200 Train accuracy: 5.44920e-01 Validation accuracy: 5.34700e-01 Training loss 1.01511e-02 Validation loss 1.04439e-02 Time taken: 1.02 seconds 
Epoch: 70/200 Train accuracy: 5.44500e-01 Validation accuracy: 5.30900e-01 Training loss 1.01472e-02 Validation loss 1.04537e-02 Time taken: 0.84 seconds 
Epoch: 71/200 Train accuracy: 5.45580e-01 Validation accuracy: 5.36400e-01 Training loss 1.01414e-02 Validation loss 1.04430e-02 Time taken: 0.88 seconds 
Epoch: 72/200 Train accuracy: 5.45500e-01 Validation accuracy: 5.32200e-01 Training loss 1.01369e-02 Validation loss 1.04502e-02 Time taken: 0.82 seconds 
Epoch: 73/200 Train accuracy: 5.45900e-01 Validation accuracy: 5.32200e-01 Training loss 1.01362e-02 Validation loss 1.04292e-02 Time taken: 0.86 seconds 
Epoch: 74/200 Train accuracy: 5.47060e-01 Validation accuracy: 5.32700e-01 Training loss 1.01284e-02 Validation loss 1.04450e-02 Time taken: 1.07 seconds 
Epoch: 75/200 Train accuracy: 5.46500e-01 Validation accuracy: 5.31700e-01 Training loss 1.01280e-02 Validation loss 1.04172e-02 Time taken: 0.83 seconds 
Epoch: 76/200 Train accuracy: 5.46500e-01 Validation accuracy: 5.34000e-01 Training loss 1.01227e-02 Validation loss 1.04110e-02 Time taken: 0.84 seconds 
Epoch: 77/200 Train accuracy: 5.46580e-01 Validation accuracy: 5.35500e-01 Training loss 1.01210e-02 Validation loss 1.04126e-02 Time taken: 0.87 seconds 
Epoch: 78/200 Train accuracy: 5.47320e-01 Validation accuracy: 5.27900e-01 Training loss 1.01085e-02 Validation loss 1.04423e-02 Time taken: 0.86 seconds 
Epoch: 79/200 Train accuracy: 5.46120e-01 Validation accuracy: 5.31900e-01 Training loss 1.01139e-02 Validation loss 1.03985e-02 Time taken: 0.97 seconds 
Epoch: 80/200 Train accuracy: 5.47100e-01 Validation accuracy: 5.32100e-01 Training loss 1.01098e-02 Validation loss 1.04194e-02 Time taken: 0.82 seconds 
Epoch: 81/200 Train accuracy: 5.47740e-01 Validation accuracy: 5.33600e-01 Training loss 1.01098e-02 Validation loss 1.04195e-02 Time taken: 1.04 seconds 
Epoch: 82/200 Train accuracy: 5.46140e-01 Validation accuracy: 5.36300e-01 Training loss 1.01046e-02 Validation loss 1.03989e-02 Time taken: 0.84 seconds 
Epoch: 83/200 Train accuracy: 5.46320e-01 Validation accuracy: 5.35600e-01 Training loss 1.00994e-02 Validation loss 1.04249e-02 Time taken: 0.82 seconds 
Epoch: 84/200 Train accuracy: 5.47620e-01 Validation accuracy: 5.39200e-01 Training loss 1.00940e-02 Validation loss 1.03843e-02 Time taken: 1.01 seconds 
Epoch: 85/200 Train accuracy: 5.46580e-01 Validation accuracy: 5.32600e-01 Training loss 1.00895e-02 Validation loss 1.04069e-02 Time taken: 0.87 seconds 
Epoch: 86/200 Train accuracy: 5.46740e-01 Validation accuracy: 5.33500e-01 Training loss 1.00843e-02 Validation loss 1.03903e-02 Time taken: 0.83 seconds 
Epoch: 87/200 Train accuracy: 5.48340e-01 Validation accuracy: 5.33500e-01 Training loss 1.00837e-02 Validation loss 1.03709e-02 Time taken: 0.93 seconds 
Epoch: 88/200 Train accuracy: 5.48760e-01 Validation accuracy: 5.33100e-01 Training loss 1.00763e-02 Validation loss 1.03875e-02 Time taken: 0.82 seconds 
Epoch: 89/200 Train accuracy: 5.47560e-01 Validation accuracy: 5.33900e-01 Training loss 1.00756e-02 Validation loss 1.03988e-02 Time taken: 0.87 seconds 
Epoch: 90/200 Train accuracy: 5.49180e-01 Validation accuracy: 5.34200e-01 Training loss 1.00731e-02 Validation loss 1.03988e-02 Time taken: 0.88 seconds 
Epoch: 91/200 Train accuracy: 5.48780e-01 Validation accuracy: 5.33100e-01 Training loss 1.00673e-02 Validation loss 1.03911e-02 Time taken: 0.83 seconds 
Epoch: 92/200 Train accuracy: 5.48600e-01 Validation accuracy: 5.38100e-01 Training loss 1.00675e-02 Validation loss 1.03595e-02 Time taken: 0.95 seconds 
Epoch: 93/200 Train accuracy: 5.49700e-01 Validation accuracy: 5.38000e-01 Training loss 1.00670e-02 Validation loss 1.03506e-02 Time taken: 0.87 seconds 
Epoch: 94/200 Train accuracy: 5.50680e-01 Validation accuracy: 5.38300e-01 Training loss 1.00628e-02 Validation loss 1.03529e-02 Time taken: 0.88 seconds 
Epoch: 95/200 Train accuracy: 5.49420e-01 Validation accuracy: 5.35700e-01 Training loss 1.00561e-02 Validation loss 1.03642e-02 Time taken: 0.90 seconds 
Epoch: 96/200 Train accuracy: 5.50120e-01 Validation accuracy: 5.37900e-01 Training loss 1.00519e-02 Validation loss 1.03453e-02 Time taken: 0.83 seconds 
Epoch: 97/200 Train accuracy: 5.48940e-01 Validation accuracy: 5.37900e-01 Training loss 1.00501e-02 Validation loss 1.03630e-02 Time taken: 0.90 seconds 
Epoch: 98/200 Train accuracy: 5.49860e-01 Validation accuracy: 5.37700e-01 Training loss 1.00500e-02 Validation loss 1.03406e-02 Time taken: 0.84 seconds 
Epoch: 99/200 Train accuracy: 5.50900e-01 Validation accuracy: 5.36300e-01 Training loss 1.00461e-02 Validation loss 1.03681e-02 Time taken: 0.85 seconds 
Epoch: 100/200 Train accuracy: 5.50760e-01 Validation accuracy: 5.40300e-01 Training loss 1.00421e-02 Validation loss 1.03539e-02 Time taken: 1.03 seconds 
Epoch: 101/200 Train accuracy: 5.48880e-01 Validation accuracy: 5.34800e-01 Training loss 1.00421e-02 Validation loss 1.03514e-02 Time taken: 1.06 seconds 
Epoch: 102/200 Train accuracy: 5.49960e-01 Validation accuracy: 5.39000e-01 Training loss 1.00350e-02 Validation loss 1.03494e-02 Time taken: 1.07 seconds 
Epoch: 103/200 Train accuracy: 5.50520e-01 Validation accuracy: 5.42600e-01 Training loss 1.00390e-02 Validation loss 1.03407e-02 Time taken: 0.84 seconds 
Epoch: 104/200 Train accuracy: 5.50120e-01 Validation accuracy: 5.37900e-01 Training loss 1.00304e-02 Validation loss 1.03296e-02 Time taken: 1.06 seconds 
Epoch: 105/200 Train accuracy: 5.49600e-01 Validation accuracy: 5.42800e-01 Training loss 1.00311e-02 Validation loss 1.03414e-02 Time taken: 0.83 seconds 
Epoch: 106/200 Train accuracy: 5.51600e-01 Validation accuracy: 5.39700e-01 Training loss 1.00279e-02 Validation loss 1.03381e-02 Time taken: 1.10 seconds 
Epoch: 107/200 Train accuracy: 5.51100e-01 Validation accuracy: 5.40700e-01 Training loss 1.00273e-02 Validation loss 1.03126e-02 Time taken: 0.81 seconds 
Epoch: 108/200 Train accuracy: 5.51000e-01 Validation accuracy: 5.38800e-01 Training loss 1.00200e-02 Validation loss 1.03558e-02 Time taken: 0.81 seconds 
Epoch: 109/200 Train accuracy: 5.49760e-01 Validation accuracy: 5.36900e-01 Training loss 1.00218e-02 Validation loss 1.03316e-02 Time taken: 0.97 seconds 
Epoch: 110/200 Train accuracy: 5.49700e-01 Validation accuracy: 5.35200e-01 Training loss 1.00167e-02 Validation loss 1.03413e-02 Time taken: 0.85 seconds 
Epoch: 111/200 Train accuracy: 5.51980e-01 Validation accuracy: 5.37700e-01 Training loss 1.00166e-02 Validation loss 1.03198e-02 Time taken: 0.82 seconds 
Epoch: 112/200 Train accuracy: 5.51020e-01 Validation accuracy: 5.38800e-01 Training loss 1.00150e-02 Validation loss 1.03147e-02 Time taken: 1.09 seconds 
Epoch: 113/200 Train accuracy: 5.49200e-01 Validation accuracy: 5.38700e-01 Training loss 1.00090e-02 Validation loss 1.03251e-02 Time taken: 0.86 seconds 
Epoch: 114/200 Train accuracy: 5.51220e-01 Validation accuracy: 5.37300e-01 Training loss 1.00099e-02 Validation loss 1.03135e-02 Time taken: 0.98 seconds 
Epoch: 115/200 Train accuracy: 5.52520e-01 Validation accuracy: 5.35200e-01 Training loss 1.00031e-02 Validation loss 1.03399e-02 Time taken: 0.87 seconds 
Epoch: 116/200 Train accuracy: 5.51560e-01 Validation accuracy: 5.39800e-01 Training loss 1.00040e-02 Validation loss 1.03180e-02 Time taken: 0.87 seconds 
Epoch: 117/200 Train accuracy: 5.51680e-01 Validation accuracy: 5.38700e-01 Training loss 9.99940e-03 Validation loss 1.03218e-02 Time taken: 0.90 seconds 
Epoch: 118/200 Train accuracy: 5.52680e-01 Validation accuracy: 5.42900e-01 Training loss 9.99787e-03 Validation loss 1.03133e-02 Time taken: 0.81 seconds 
Epoch: 119/200 Train accuracy: 5.51560e-01 Validation accuracy: 5.41200e-01 Training loss 9.99990e-03 Validation loss 1.02826e-02 Time taken: 0.91 seconds 
Epoch: 120/200 Train accuracy: 5.53420e-01 Validation accuracy: 5.38000e-01 Training loss 9.99653e-03 Validation loss 1.03023e-02 Time taken: 0.88 seconds 
Epoch: 121/200 Train accuracy: 5.52600e-01 Validation accuracy: 5.37600e-01 Training loss 9.99542e-03 Validation loss 1.02952e-02 Time taken: 0.84 seconds 
Epoch: 122/200 Train accuracy: 5.53260e-01 Validation accuracy: 5.40100e-01 Training loss 9.98624e-03 Validation loss 1.03119e-02 Time taken: 0.94 seconds 
Epoch: 123/200 Train accuracy: 5.51320e-01 Validation accuracy: 5.40000e-01 Training loss 9.99352e-03 Validation loss 1.03009e-02 Time taken: 0.83 seconds 
Epoch: 124/200 Train accuracy: 5.52720e-01 Validation accuracy: 5.38200e-01 Training loss 9.98478e-03 Validation loss 1.02999e-02 Time taken: 0.88 seconds 
Epoch: 125/200 Train accuracy: 5.53400e-01 Validation accuracy: 5.38900e-01 Training loss 9.98343e-03 Validation loss 1.02959e-02 Time taken: 0.97 seconds 
Epoch: 126/200 Train accuracy: 5.52820e-01 Validation accuracy: 5.39200e-01 Training loss 9.98146e-03 Validation loss 1.02975e-02 Time taken: 0.87 seconds 
Epoch: 127/200 Train accuracy: 5.52660e-01 Validation accuracy: 5.38600e-01 Training loss 9.98017e-03 Validation loss 1.02978e-02 Time taken: 0.96 seconds 
Epoch: 128/200 Train accuracy: 5.52300e-01 Validation accuracy: 5.38400e-01 Training loss 9.98007e-03 Validation loss 1.02827e-02 Time taken: 0.84 seconds 
Epoch: 129/200 Train accuracy: 5.53680e-01 Validation accuracy: 5.37100e-01 Training loss 9.97451e-03 Validation loss 1.03191e-02 Time taken: 0.83 seconds 
Epoch: 130/200 Train accuracy: 5.52900e-01 Validation accuracy: 5.39900e-01 Training loss 9.97781e-03 Validation loss 1.02744e-02 Time taken: 0.92 seconds 
Epoch: 131/200 Train accuracy: 5.54660e-01 Validation accuracy: 5.37000e-01 Training loss 9.97067e-03 Validation loss 1.02825e-02 Time taken: 0.87 seconds 
Epoch: 132/200 Train accuracy: 5.53520e-01 Validation accuracy: 5.37900e-01 Training loss 9.96779e-03 Validation loss 1.03039e-02 Time taken: 1.01 seconds 
Epoch: 133/200 Train accuracy: 5.52760e-01 Validation accuracy: 5.39300e-01 Training loss 9.97231e-03 Validation loss 1.02897e-02 Time taken: 0.87 seconds 
Epoch: 134/200 Train accuracy: 5.53540e-01 Validation accuracy: 5.42000e-01 Training loss 9.96738e-03 Validation loss 1.02648e-02 Time taken: 0.83 seconds 
Epoch: 135/200 Train accuracy: 5.53220e-01 Validation accuracy: 5.38600e-01 Training loss 9.96081e-03 Validation loss 1.02790e-02 Time taken: 0.92 seconds 
Epoch: 136/200 Train accuracy: 5.54880e-01 Validation accuracy: 5.39500e-01 Training loss 9.95830e-03 Validation loss 1.02787e-02 Time taken: 0.82 seconds 
Epoch: 137/200 Train accuracy: 5.53640e-01 Validation accuracy: 5.40300e-01 Training loss 9.95848e-03 Validation loss 1.02775e-02 Time taken: 0.83 seconds 
Epoch: 138/200 Train accuracy: 5.53400e-01 Validation accuracy: 5.40700e-01 Training loss 9.95472e-03 Validation loss 1.02547e-02 Time taken: 0.83 seconds 
Epoch: 139/200 Train accuracy: 5.54260e-01 Validation accuracy: 5.42100e-01 Training loss 9.95890e-03 Validation loss 1.02772e-02 Time taken: 0.86 seconds 
Epoch: 140/200 Train accuracy: 5.54060e-01 Validation accuracy: 5.40600e-01 Training loss 9.95710e-03 Validation loss 1.02473e-02 Time taken: 1.01 seconds 
Epoch: 141/200 Train accuracy: 5.55280e-01 Validation accuracy: 5.39700e-01 Training loss 9.94916e-03 Validation loss 1.02576e-02 Time taken: 0.82 seconds 
Epoch: 142/200 Train accuracy: 5.54480e-01 Validation accuracy: 5.34100e-01 Training loss 9.95356e-03 Validation loss 1.02935e-02 Time taken: 0.86 seconds 
Epoch: 143/200 Train accuracy: 5.53420e-01 Validation accuracy: 5.40800e-01 Training loss 9.94779e-03 Validation loss 1.02742e-02 Time taken: 0.89 seconds 
Epoch: 144/200 Train accuracy: 5.54740e-01 Validation accuracy: 5.41300e-01 Training loss 9.95003e-03 Validation loss 1.02549e-02 Time taken: 0.86 seconds 
Epoch: 145/200 Train accuracy: 5.54360e-01 Validation accuracy: 5.40300e-01 Training loss 9.95065e-03 Validation loss 1.02550e-02 Time taken: 0.90 seconds 
Epoch: 146/200 Train accuracy: 5.54020e-01 Validation accuracy: 5.40700e-01 Training loss 9.94296e-03 Validation loss 1.02625e-02 Time taken: 0.86 seconds 
Epoch: 147/200 Train accuracy: 5.54300e-01 Validation accuracy: 5.41900e-01 Training loss 9.94604e-03 Validation loss 1.02492e-02 Time taken: 0.87 seconds 
Epoch: 148/200 Train accuracy: 5.54700e-01 Validation accuracy: 5.43000e-01 Training loss 9.94120e-03 Validation loss 1.02704e-02 Time taken: 0.87 seconds 
Epoch: 149/200 Train accuracy: 5.55200e-01 Validation accuracy: 5.34400e-01 Training loss 9.93993e-03 Validation loss 1.02937e-02 Time taken: 0.84 seconds 
Epoch: 150/200 Train accuracy: 5.54200e-01 Validation accuracy: 5.40800e-01 Training loss 9.93632e-03 Validation loss 1.02539e-02 Time taken: 0.82 seconds 
Epoch: 151/200 Train accuracy: 5.55360e-01 Validation accuracy: 5.35000e-01 Training loss 9.93466e-03 Validation loss 1.03374e-02 Time taken: 0.87 seconds 
Epoch: 152/200 Train accuracy: 5.55320e-01 Validation accuracy: 5.44800e-01 Training loss 9.93474e-03 Validation loss 1.02545e-02 Time taken: 0.82 seconds 
Epoch: 153/200 Train accuracy: 5.54520e-01 Validation accuracy: 5.38100e-01 Training loss 9.93058e-03 Validation loss 1.02601e-02 Time taken: 0.99 seconds 
Epoch: 154/200 Train accuracy: 5.55700e-01 Validation accuracy: 5.40500e-01 Training loss 9.93093e-03 Validation loss 1.02408e-02 Time taken: 0.82 seconds 
Epoch: 155/200 Train accuracy: 5.55480e-01 Validation accuracy: 5.39200e-01 Training loss 9.93330e-03 Validation loss 1.02424e-02 Time taken: 0.84 seconds 
Epoch: 156/200 Train accuracy: 5.54280e-01 Validation accuracy: 5.42500e-01 Training loss 9.92915e-03 Validation loss 1.02556e-02 Time taken: 0.90 seconds 
Epoch: 157/200 Train accuracy: 5.54520e-01 Validation accuracy: 5.43600e-01 Training loss 9.93149e-03 Validation loss 1.02275e-02 Time taken: 0.82 seconds 
Epoch: 158/200 Train accuracy: 5.54240e-01 Validation accuracy: 5.42900e-01 Training loss 9.92318e-03 Validation loss 1.02557e-02 Time taken: 0.82 seconds 
Epoch: 159/200 Train accuracy: 5.56460e-01 Validation accuracy: 5.42200e-01 Training loss 9.92225e-03 Validation loss 1.02322e-02 Time taken: 1.10 seconds 
Epoch: 160/200 Train accuracy: 5.55220e-01 Validation accuracy: 5.41500e-01 Training loss 9.92515e-03 Validation loss 1.02514e-02 Time taken: 0.87 seconds 
Epoch: 161/200 Train accuracy: 5.55940e-01 Validation accuracy: 5.45500e-01 Training loss 9.91924e-03 Validation loss 1.02207e-02 Time taken: 0.87 seconds 
Epoch: 162/200 Train accuracy: 5.55560e-01 Validation accuracy: 5.39600e-01 Training loss 9.91900e-03 Validation loss 1.02543e-02 Time taken: 0.83 seconds 
Epoch: 163/200 Train accuracy: 5.55720e-01 Validation accuracy: 5.41200e-01 Training loss 9.92056e-03 Validation loss 1.02289e-02 Time taken: 0.87 seconds 
Epoch: 164/200 Train accuracy: 5.56720e-01 Validation accuracy: 5.42600e-01 Training loss 9.91551e-03 Validation loss 1.02212e-02 Time taken: 1.03 seconds 
Epoch: 165/200 Train accuracy: 5.55220e-01 Validation accuracy: 5.43500e-01 Training loss 9.91805e-03 Validation loss 1.02294e-02 Time taken: 0.86 seconds 
Epoch: 166/200 Train accuracy: 5.55700e-01 Validation accuracy: 5.43700e-01 Training loss 9.91613e-03 Validation loss 1.02411e-02 Time taken: 1.03 seconds 
Epoch: 167/200 Train accuracy: 5.55920e-01 Validation accuracy: 5.39800e-01 Training loss 9.91367e-03 Validation loss 1.02330e-02 Time taken: 1.04 seconds 
Epoch: 168/200 Train accuracy: 5.57060e-01 Validation accuracy: 5.44600e-01 Training loss 9.91352e-03 Validation loss 1.02310e-02 Time taken: 1.02 seconds 
Epoch: 169/200 Train accuracy: 5.55260e-01 Validation accuracy: 5.41400e-01 Training loss 9.91457e-03 Validation loss 1.02168e-02 Time taken: 0.88 seconds 
Epoch: 170/200 Train accuracy: 5.56960e-01 Validation accuracy: 5.42700e-01 Training loss 9.90679e-03 Validation loss 1.02269e-02 Time taken: 0.84 seconds 
Epoch: 171/200 Train accuracy: 5.56220e-01 Validation accuracy: 5.44300e-01 Training loss 9.90680e-03 Validation loss 1.02183e-02 Time taken: 1.01 seconds 
Epoch: 172/200 Train accuracy: 5.56100e-01 Validation accuracy: 5.46800e-01 Training loss 9.90541e-03 Validation loss 1.02088e-02 Time taken: 0.82 seconds 
Epoch: 173/200 Train accuracy: 5.57120e-01 Validation accuracy: 5.40100e-01 Training loss 9.91063e-03 Validation loss 1.02340e-02 Time taken: 1.04 seconds 
Epoch: 174/200 Train accuracy: 5.56140e-01 Validation accuracy: 5.45000e-01 Training loss 9.90597e-03 Validation loss 1.02388e-02 Time taken: 0.86 seconds 
Epoch: 175/200 Train accuracy: 5.56440e-01 Validation accuracy: 5.45400e-01 Training loss 9.90481e-03 Validation loss 1.02056e-02 Time taken: 0.87 seconds 
Epoch: 176/200 Train accuracy: 5.56360e-01 Validation accuracy: 5.42300e-01 Training loss 9.90195e-03 Validation loss 1.02131e-02 Time taken: 1.12 seconds 
Epoch: 177/200 Train accuracy: 5.57220e-01 Validation accuracy: 5.43500e-01 Training loss 9.89954e-03 Validation loss 1.01964e-02 Time taken: 0.82 seconds 
Epoch: 178/200 Train accuracy: 5.57300e-01 Validation accuracy: 5.42100e-01 Training loss 9.89677e-03 Validation loss 1.02076e-02 Time taken: 1.10 seconds 
Epoch: 179/200 Train accuracy: 5.57100e-01 Validation accuracy: 5.45100e-01 Training loss 9.89992e-03 Validation loss 1.02143e-02 Time taken: 1.00 seconds 
Epoch: 180/200 Train accuracy: 5.56300e-01 Validation accuracy: 5.44700e-01 Training loss 9.89788e-03 Validation loss 1.02081e-02 Time taken: 1.01 seconds 
Epoch: 181/200 Train accuracy: 5.55640e-01 Validation accuracy: 5.44100e-01 Training loss 9.89144e-03 Validation loss 1.02081e-02 Time taken: 0.82 seconds 
Epoch: 182/200 Train accuracy: 5.56520e-01 Validation accuracy: 5.47800e-01 Training loss 9.89428e-03 Validation loss 1.01986e-02 Time taken: 0.85 seconds 
Epoch: 183/200 Train accuracy: 5.58200e-01 Validation accuracy: 5.44700e-01 Training loss 9.89641e-03 Validation loss 1.02137e-02 Time taken: 0.96 seconds 
Epoch: 184/200 Train accuracy: 5.56000e-01 Validation accuracy: 5.44300e-01 Training loss 9.88536e-03 Validation loss 1.02106e-02 Time taken: 0.87 seconds 
Epoch: 185/200 Train accuracy: 5.57240e-01 Validation accuracy: 5.43100e-01 Training loss 9.88810e-03 Validation loss 1.02149e-02 Time taken: 0.89 seconds 
Epoch: 186/200 Train accuracy: 5.56700e-01 Validation accuracy: 5.46200e-01 Training loss 9.89132e-03 Validation loss 1.02113e-02 Time taken: 0.85 seconds 
Epoch: 187/200 Train accuracy: 5.57540e-01 Validation accuracy: 5.45000e-01 Training loss 9.89138e-03 Validation loss 1.01909e-02 Time taken: 0.84 seconds 
Epoch: 188/200 Train accuracy: 5.56940e-01 Validation accuracy: 5.45000e-01 Training loss 9.88155e-03 Validation loss 1.02241e-02 Time taken: 0.98 seconds 
Epoch: 189/200 Train accuracy: 5.58060e-01 Validation accuracy: 5.40800e-01 Training loss 9.88607e-03 Validation loss 1.02270e-02 Time taken: 0.83 seconds 
Epoch: 190/200 Train accuracy: 5.57340e-01 Validation accuracy: 5.43700e-01 Training loss 9.88737e-03 Validation loss 1.02030e-02 Time taken: 0.82 seconds 
Epoch: 191/200 Train accuracy: 5.58280e-01 Validation accuracy: 5.46000e-01 Training loss 9.87938e-03 Validation loss 1.01843e-02 Time taken: 1.09 seconds 
Epoch: 192/200 Train accuracy: 5.58600e-01 Validation accuracy: 5.45600e-01 Training loss 9.88387e-03 Validation loss 1.01854e-02 Time taken: 0.82 seconds 
Epoch: 193/200 Train accuracy: 5.57340e-01 Validation accuracy: 5.45200e-01 Training loss 9.87871e-03 Validation loss 1.01945e-02 Time taken: 0.97 seconds 
Epoch: 194/200 Train accuracy: 5.57280e-01 Validation accuracy: 5.44500e-01 Training loss 9.88480e-03 Validation loss 1.01897e-02 Time taken: 0.85 seconds 
Epoch: 195/200 Train accuracy: 5.58020e-01 Validation accuracy: 5.41500e-01 Training loss 9.87801e-03 Validation loss 1.02162e-02 Time taken: 0.87 seconds 
Epoch: 196/200 Train accuracy: 5.58540e-01 Validation accuracy: 5.46700e-01 Training loss 9.88014e-03 Validation loss 1.02140e-02 Time taken: 0.98 seconds 
Epoch: 197/200 Train accuracy: 5.57480e-01 Validation accuracy: 5.41600e-01 Training loss 9.87821e-03 Validation loss 1.02016e-02 Time taken: 0.82 seconds 
Epoch: 198/200 Train accuracy: 5.58020e-01 Validation accuracy: 5.46600e-01 Training loss 9.87508e-03 Validation loss 1.01979e-02 Time taken: 0.94 seconds 
Epoch: 199/200 Train accuracy: 5.59300e-01 Validation accuracy: 5.46500e-01 Training loss 9.87389e-03 Validation loss 1.01915e-02 Time taken: 0.86 seconds 
Epoch: 200/200 Train accuracy: 5.57940e-01 Validation accuracy: 5.44500e-01 Training loss 9.87480e-03 Validation loss 1.01915e-02 Time taken: 0.85 seconds 
Total time taken 0:03:00.022848
Cleaning up intermediate feature (.pt) files
Done


