Directory logs_STL/stl-l2-pkt-chunks-seed1/classifiers for saving the classifiers is now present
VisionTransformer(
  (patch_embed): PatchEmbed(
    (proj): Conv2d(3, 768, kernel_size=(15, 15), stride=(15, 15))
  )
  (blocks): ModuleList(
    (0-11): 12 x Block(
      (norm1): LayerNorm((768,), eps=1e-06, elementwise_affine=True)
      (attn): Attention(
        (qkv): Linear(in_features=768, out_features=2304, bias=True)
        (attn_drop): Dropout(p=0.0, inplace=False)
        (proj): Linear(in_features=768, out_features=768, bias=True)
        (proj_drop): Dropout(p=0.0, inplace=False)
      )
      (drop_path): Identity()
      (norm2): LayerNorm((768,), eps=1e-06, elementwise_affine=True)
      (mlp): MLP(
        (fc1): Linear(in_features=768, out_features=3072, bias=True)
        (act): GELU(approximate='none')
        (fc2): Linear(in_features=3072, out_features=768, bias=True)
        (drop): Dropout(p=0.0, inplace=False)
      )
    )
  )
  (norm): LayerNorm((768,), eps=1e-06, elementwise_affine=True)
)
Extracting features and saving them in memory..
Extracting features...
Done extracting features...
 Creating datasets
Created datasets...
 Creating data loaders
Done with data loaders
Commencing training
Epoch: 1/200 Train accuracy: 7.59000e-02 Validation accuracy: 1.14700e-01 Loss 3.56605e-02 Validation Loss 3.57724e-02 Time taken: 3.64 seconds 
Epoch: 2/200 Train accuracy: 1.22000e-01 Validation accuracy: 1.31500e-01 Loss 3.53501e-02 Validation Loss 3.56215e-02 Time taken: 3.38 seconds 
Epoch: 3/200 Train accuracy: 1.33320e-01 Validation accuracy: 1.41400e-01 Loss 3.52433e-02 Validation Loss 3.55369e-02 Time taken: 3.42 seconds 
Epoch: 4/200 Train accuracy: 1.46320e-01 Validation accuracy: 1.49200e-01 Loss 3.51545e-02 Validation Loss 3.54691e-02 Time taken: 3.45 seconds 
Epoch: 5/200 Train accuracy: 1.52820e-01 Validation accuracy: 1.57200e-01 Loss 3.51001e-02 Validation Loss 3.54223e-02 Time taken: 3.34 seconds 
Epoch: 6/200 Train accuracy: 1.58760e-01 Validation accuracy: 1.61200e-01 Loss 3.50544e-02 Validation Loss 3.53896e-02 Time taken: 3.36 seconds 
Epoch: 7/200 Train accuracy: 1.64020e-01 Validation accuracy: 1.66300e-01 Loss 3.50161e-02 Validation Loss 3.53524e-02 Time taken: 3.35 seconds 
Epoch: 8/200 Train accuracy: 1.68280e-01 Validation accuracy: 1.68400e-01 Loss 3.49802e-02 Validation Loss 3.53240e-02 Time taken: 3.41 seconds 
Epoch: 9/200 Train accuracy: 1.72040e-01 Validation accuracy: 1.67900e-01 Loss 3.49543e-02 Validation Loss 3.53105e-02 Time taken: 3.31 seconds 
Epoch: 10/200 Train accuracy: 1.73160e-01 Validation accuracy: 1.70400e-01 Loss 3.49332e-02 Validation Loss 3.52882e-02 Time taken: 3.56 seconds 
Epoch: 11/200 Train accuracy: 1.75020e-01 Validation accuracy: 1.71600e-01 Loss 3.49150e-02 Validation Loss 3.52775e-02 Time taken: 3.64 seconds 
Epoch: 12/200 Train accuracy: 1.77360e-01 Validation accuracy: 1.73400e-01 Loss 3.48986e-02 Validation Loss 3.52657e-02 Time taken: 3.41 seconds 
Epoch: 13/200 Train accuracy: 1.78160e-01 Validation accuracy: 1.72900e-01 Loss 3.48835e-02 Validation Loss 3.52517e-02 Time taken: 3.33 seconds 
Epoch: 14/200 Train accuracy: 1.79900e-01 Validation accuracy: 1.74700e-01 Loss 3.48706e-02 Validation Loss 3.52447e-02 Time taken: 3.51 seconds 
Epoch: 15/200 Train accuracy: 1.81380e-01 Validation accuracy: 1.75100e-01 Loss 3.48590e-02 Validation Loss 3.52322e-02 Time taken: 3.51 seconds 
Epoch: 16/200 Train accuracy: 1.82240e-01 Validation accuracy: 1.75800e-01 Loss 3.48478e-02 Validation Loss 3.52221e-02 Time taken: 3.52 seconds 
Epoch: 17/200 Train accuracy: 1.84160e-01 Validation accuracy: 1.75400e-01 Loss 3.48362e-02 Validation Loss 3.52152e-02 Time taken: 3.71 seconds 
Epoch: 18/200 Train accuracy: 1.86400e-01 Validation accuracy: 1.80100e-01 Loss 3.48189e-02 Validation Loss 3.51938e-02 Time taken: 3.43 seconds 
Epoch: 19/200 Train accuracy: 1.89320e-01 Validation accuracy: 1.80800e-01 Loss 3.47996e-02 Validation Loss 3.51809e-02 Time taken: 3.50 seconds 
Epoch: 20/200 Train accuracy: 1.90900e-01 Validation accuracy: 1.85000e-01 Loss 3.47842e-02 Validation Loss 3.51693e-02 Time taken: 3.51 seconds 
Epoch: 21/200 Train accuracy: 1.93260e-01 Validation accuracy: 1.85300e-01 Loss 3.47712e-02 Validation Loss 3.51560e-02 Time taken: 3.39 seconds 
Epoch: 22/200 Train accuracy: 1.93900e-01 Validation accuracy: 1.86100e-01 Loss 3.47611e-02 Validation Loss 3.51496e-02 Time taken: 3.46 seconds 
Epoch: 23/200 Train accuracy: 1.96040e-01 Validation accuracy: 1.87500e-01 Loss 3.47515e-02 Validation Loss 3.51396e-02 Time taken: 3.45 seconds 
Epoch: 24/200 Train accuracy: 1.96080e-01 Validation accuracy: 1.87000e-01 Loss 3.47430e-02 Validation Loss 3.51334e-02 Time taken: 3.59 seconds 
Epoch: 25/200 Train accuracy: 1.97300e-01 Validation accuracy: 1.87700e-01 Loss 3.47353e-02 Validation Loss 3.51310e-02 Time taken: 3.64 seconds 
Epoch: 26/200 Train accuracy: 1.98060e-01 Validation accuracy: 1.86600e-01 Loss 3.47277e-02 Validation Loss 3.51248e-02 Time taken: 3.58 seconds 
Epoch: 27/200 Train accuracy: 1.98980e-01 Validation accuracy: 1.88400e-01 Loss 3.47211e-02 Validation Loss 3.51172e-02 Time taken: 3.48 seconds 
Epoch: 28/200 Train accuracy: 2.00000e-01 Validation accuracy: 1.89900e-01 Loss 3.47128e-02 Validation Loss 3.51091e-02 Time taken: 3.39 seconds 
Epoch: 29/200 Train accuracy: 2.00780e-01 Validation accuracy: 1.89500e-01 Loss 3.47065e-02 Validation Loss 3.51066e-02 Time taken: 3.61 seconds 
Epoch: 30/200 Train accuracy: 2.02720e-01 Validation accuracy: 1.92200e-01 Loss 3.46929e-02 Validation Loss 3.50902e-02 Time taken: 3.65 seconds 
Epoch: 31/200 Train accuracy: 2.04220e-01 Validation accuracy: 1.92700e-01 Loss 3.46757e-02 Validation Loss 3.50793e-02 Time taken: 3.48 seconds 
Epoch: 32/200 Train accuracy: 2.05960e-01 Validation accuracy: 1.95600e-01 Loss 3.46686e-02 Validation Loss 3.50716e-02 Time taken: 3.75 seconds 
Epoch: 33/200 Train accuracy: 2.07160e-01 Validation accuracy: 1.96000e-01 Loss 3.46614e-02 Validation Loss 3.50672e-02 Time taken: 3.60 seconds 
Epoch: 34/200 Train accuracy: 2.06820e-01 Validation accuracy: 1.95400e-01 Loss 3.46541e-02 Validation Loss 3.50631e-02 Time taken: 3.78 seconds 
Epoch: 35/200 Train accuracy: 2.08860e-01 Validation accuracy: 1.97800e-01 Loss 3.46464e-02 Validation Loss 3.50564e-02 Time taken: 3.56 seconds 
Epoch: 36/200 Train accuracy: 2.10320e-01 Validation accuracy: 1.96700e-01 Loss 3.46349e-02 Validation Loss 3.50502e-02 Time taken: 3.50 seconds 
Epoch: 37/200 Train accuracy: 2.11880e-01 Validation accuracy: 1.98500e-01 Loss 3.46264e-02 Validation Loss 3.50388e-02 Time taken: 3.53 seconds 
Epoch: 38/200 Train accuracy: 2.13040e-01 Validation accuracy: 2.00100e-01 Loss 3.46182e-02 Validation Loss 3.50341e-02 Time taken: 3.58 seconds 
Epoch: 39/200 Train accuracy: 2.13440e-01 Validation accuracy: 2.01500e-01 Loss 3.46122e-02 Validation Loss 3.50264e-02 Time taken: 3.36 seconds 
Epoch: 40/200 Train accuracy: 2.14220e-01 Validation accuracy: 2.00700e-01 Loss 3.46065e-02 Validation Loss 3.50236e-02 Time taken: 3.46 seconds 
Epoch: 41/200 Train accuracy: 2.14280e-01 Validation accuracy: 2.00900e-01 Loss 3.46008e-02 Validation Loss 3.50183e-02 Time taken: 3.64 seconds 
Epoch: 42/200 Train accuracy: 2.15400e-01 Validation accuracy: 2.02500e-01 Loss 3.45954e-02 Validation Loss 3.50185e-02 Time taken: 3.53 seconds 
Epoch: 43/200 Train accuracy: 2.16880e-01 Validation accuracy: 2.04300e-01 Loss 3.45905e-02 Validation Loss 3.50101e-02 Time taken: 3.52 seconds 
Epoch: 44/200 Train accuracy: 2.17080e-01 Validation accuracy: 2.03100e-01 Loss 3.45860e-02 Validation Loss 3.50102e-02 Time taken: 3.39 seconds 
Epoch: 45/200 Train accuracy: 2.17620e-01 Validation accuracy: 2.02500e-01 Loss 3.45813e-02 Validation Loss 3.50079e-02 Time taken: 3.40 seconds 
Epoch: 46/200 Train accuracy: 2.17920e-01 Validation accuracy: 2.03200e-01 Loss 3.45764e-02 Validation Loss 3.50037e-02 Time taken: 3.49 seconds 
Epoch: 47/200 Train accuracy: 2.18560e-01 Validation accuracy: 2.03900e-01 Loss 3.45720e-02 Validation Loss 3.49982e-02 Time taken: 3.76 seconds 
Epoch: 48/200 Train accuracy: 2.18680e-01 Validation accuracy: 2.04900e-01 Loss 3.45670e-02 Validation Loss 3.49946e-02 Time taken: 3.41 seconds 
Epoch: 49/200 Train accuracy: 2.19440e-01 Validation accuracy: 2.04200e-01 Loss 3.45635e-02 Validation Loss 3.49913e-02 Time taken: 3.39 seconds 
Epoch: 50/200 Train accuracy: 2.20660e-01 Validation accuracy: 2.04900e-01 Loss 3.45577e-02 Validation Loss 3.49893e-02 Time taken: 3.34 seconds 
Epoch: 51/200 Train accuracy: 2.20880e-01 Validation accuracy: 2.04600e-01 Loss 3.45519e-02 Validation Loss 3.49836e-02 Time taken: 3.60 seconds 
Epoch: 52/200 Train accuracy: 2.21700e-01 Validation accuracy: 2.06000e-01 Loss 3.45468e-02 Validation Loss 3.49789e-02 Time taken: 3.60 seconds 
Epoch: 53/200 Train accuracy: 2.22140e-01 Validation accuracy: 2.05500e-01 Loss 3.45403e-02 Validation Loss 3.49779e-02 Time taken: 3.68 seconds 
Epoch: 54/200 Train accuracy: 2.23340e-01 Validation accuracy: 2.07900e-01 Loss 3.45369e-02 Validation Loss 3.49703e-02 Time taken: 3.52 seconds 
Epoch: 55/200 Train accuracy: 2.23720e-01 Validation accuracy: 2.07800e-01 Loss 3.45314e-02 Validation Loss 3.49710e-02 Time taken: 3.36 seconds 
Epoch: 56/200 Train accuracy: 2.24140e-01 Validation accuracy: 2.06700e-01 Loss 3.45270e-02 Validation Loss 3.49688e-02 Time taken: 3.67 seconds 
Epoch: 57/200 Train accuracy: 2.24600e-01 Validation accuracy: 2.08200e-01 Loss 3.45236e-02 Validation Loss 3.49631e-02 Time taken: 3.76 seconds 
Epoch: 58/200 Train accuracy: 2.25480e-01 Validation accuracy: 2.08400e-01 Loss 3.45195e-02 Validation Loss 3.49616e-02 Time taken: 3.49 seconds 
Epoch: 59/200 Train accuracy: 2.25540e-01 Validation accuracy: 2.07000e-01 Loss 3.45171e-02 Validation Loss 3.49575e-02 Time taken: 3.35 seconds 
Epoch: 60/200 Train accuracy: 2.26320e-01 Validation accuracy: 2.08600e-01 Loss 3.45128e-02 Validation Loss 3.49590e-02 Time taken: 3.34 seconds 
Epoch: 61/200 Train accuracy: 2.26840e-01 Validation accuracy: 2.08700e-01 Loss 3.45097e-02 Validation Loss 3.49561e-02 Time taken: 3.35 seconds 
Epoch: 62/200 Train accuracy: 2.27300e-01 Validation accuracy: 2.09300e-01 Loss 3.45061e-02 Validation Loss 3.49524e-02 Time taken: 3.35 seconds 
Epoch: 63/200 Train accuracy: 2.27640e-01 Validation accuracy: 2.09900e-01 Loss 3.45049e-02 Validation Loss 3.49491e-02 Time taken: 3.73 seconds 
Epoch: 64/200 Train accuracy: 2.27640e-01 Validation accuracy: 2.10100e-01 Loss 3.45006e-02 Validation Loss 3.49440e-02 Time taken: 3.50 seconds 
Epoch: 65/200 Train accuracy: 2.27860e-01 Validation accuracy: 2.10000e-01 Loss 3.44970e-02 Validation Loss 3.49348e-02 Time taken: 3.47 seconds 
Epoch: 66/200 Train accuracy: 2.30680e-01 Validation accuracy: 2.12600e-01 Loss 3.44812e-02 Validation Loss 3.49284e-02 Time taken: 3.71 seconds 
Epoch: 67/200 Train accuracy: 2.31240e-01 Validation accuracy: 2.14700e-01 Loss 3.44729e-02 Validation Loss 3.49191e-02 Time taken: 3.56 seconds 
Epoch: 68/200 Train accuracy: 2.32180e-01 Validation accuracy: 2.15800e-01 Loss 3.44684e-02 Validation Loss 3.49129e-02 Time taken: 3.35 seconds 
Epoch: 69/200 Train accuracy: 2.33260e-01 Validation accuracy: 2.15200e-01 Loss 3.44639e-02 Validation Loss 3.49115e-02 Time taken: 3.66 seconds 
Epoch: 70/200 Train accuracy: 2.33780e-01 Validation accuracy: 2.15700e-01 Loss 3.44603e-02 Validation Loss 3.49071e-02 Time taken: 3.92 seconds 
Epoch: 71/200 Train accuracy: 2.33040e-01 Validation accuracy: 2.14700e-01 Loss 3.44577e-02 Validation Loss 3.49106e-02 Time taken: 3.75 seconds 
Epoch: 72/200 Train accuracy: 2.34660e-01 Validation accuracy: 2.16000e-01 Loss 3.44540e-02 Validation Loss 3.49015e-02 Time taken: 3.47 seconds 
Epoch: 73/200 Train accuracy: 2.34780e-01 Validation accuracy: 2.15600e-01 Loss 3.44496e-02 Validation Loss 3.49074e-02 Time taken: 3.47 seconds 
Epoch: 74/200 Train accuracy: 2.35000e-01 Validation accuracy: 2.16300e-01 Loss 3.44480e-02 Validation Loss 3.48985e-02 Time taken: 3.80 seconds 
Epoch: 75/200 Train accuracy: 2.36160e-01 Validation accuracy: 2.15300e-01 Loss 3.44446e-02 Validation Loss 3.48981e-02 Time taken: 3.72 seconds 
Epoch: 76/200 Train accuracy: 2.35500e-01 Validation accuracy: 2.16900e-01 Loss 3.44420e-02 Validation Loss 3.48969e-02 Time taken: 3.77 seconds 
Epoch: 77/200 Train accuracy: 2.35400e-01 Validation accuracy: 2.15800e-01 Loss 3.44389e-02 Validation Loss 3.48956e-02 Time taken: 3.68 seconds 
Epoch: 78/200 Train accuracy: 2.36260e-01 Validation accuracy: 2.17600e-01 Loss 3.44370e-02 Validation Loss 3.48965e-02 Time taken: 3.41 seconds 
Epoch: 79/200 Train accuracy: 2.36180e-01 Validation accuracy: 2.17300e-01 Loss 3.44341e-02 Validation Loss 3.48925e-02 Time taken: 3.46 seconds 
Epoch: 80/200 Train accuracy: 2.36600e-01 Validation accuracy: 2.17600e-01 Loss 3.44324e-02 Validation Loss 3.48923e-02 Time taken: 3.36 seconds 
