Directory logs_PKT_chunks/iic-train-l2-pkt-chunks-seed1/classifiers for saving the classifiers is now present
VisionTransformer(
  (patch_embed): PatchEmbed(
    (proj): Conv2d(3, 768, kernel_size=(15, 15), stride=(15, 15))
  )
  (blocks): ModuleList(
    (0-11): 12 x Block(
      (norm1): LayerNorm((768,), eps=1e-06, elementwise_affine=True)
      (attn): Attention(
        (qkv): Linear(in_features=768, out_features=2304, bias=True)
        (attn_drop): Dropout(p=0.0, inplace=False)
        (proj): Linear(in_features=768, out_features=768, bias=True)
        (proj_drop): Dropout(p=0.0, inplace=False)
      )
      (drop_path): Identity()
      (norm2): LayerNorm((768,), eps=1e-06, elementwise_affine=True)
      (mlp): MLP(
        (fc1): Linear(in_features=768, out_features=3072, bias=True)
        (act): GELU(approximate='none')
        (fc2): Linear(in_features=3072, out_features=768, bias=True)
        (drop): Dropout(p=0.0, inplace=False)
      )
    )
  )
  (norm): LayerNorm((768,), eps=1e-06, elementwise_affine=True)
)
Extracting features and saving them in memory..
Extracting features...
Epoch: 1/200 Train accuracy: 5.14180e-01 Validation accuracy: 6.64667e-01 Training loss 1.09552e-02 Validation loss 8.62332e-03 Time taken: 0.27 seconds 
Epoch: 2/200 Train accuracy: 6.97378e-01 Validation accuracy: 7.03667e-01 Training loss 7.46555e-03 Validation loss 7.17709e-03 Time taken: 0.22 seconds 
Epoch: 3/200 Train accuracy: 7.24384e-01 Validation accuracy: 7.19667e-01 Training loss 6.50750e-03 Validation loss 6.54283e-03 Time taken: 0.19 seconds 
Epoch: 4/200 Train accuracy: 7.37851e-01 Validation accuracy: 7.31333e-01 Training loss 6.02466e-03 Validation loss 6.18850e-03 Time taken: 0.25 seconds 
Epoch: 5/200 Train accuracy: 7.46259e-01 Validation accuracy: 7.41333e-01 Training loss 5.73531e-03 Validation loss 5.92977e-03 Time taken: 0.27 seconds 
Epoch: 6/200 Train accuracy: 7.52601e-01 Validation accuracy: 7.45333e-01 Training loss 5.53770e-03 Validation loss 5.77394e-03 Time taken: 0.23 seconds 
Epoch: 7/200 Train accuracy: 7.56092e-01 Validation accuracy: 7.53667e-01 Training loss 5.39344e-03 Validation loss 5.64117e-03 Time taken: 0.20 seconds 
Epoch: 8/200 Train accuracy: 7.63004e-01 Validation accuracy: 7.57667e-01 Training loss 5.27144e-03 Validation loss 5.52767e-03 Time taken: 0.23 seconds 
Epoch: 9/200 Train accuracy: 7.65854e-01 Validation accuracy: 7.61333e-01 Training loss 5.18722e-03 Validation loss 5.43784e-03 Time taken: 0.19 seconds 
Epoch: 10/200 Train accuracy: 7.68633e-01 Validation accuracy: 7.61667e-01 Training loss 5.11181e-03 Validation loss 5.40815e-03 Time taken: 0.23 seconds 
Epoch: 11/200 Train accuracy: 7.71341e-01 Validation accuracy: 7.65000e-01 Training loss 5.04349e-03 Validation loss 5.33642e-03 Time taken: 0.22 seconds 
Epoch: 12/200 Train accuracy: 7.74049e-01 Validation accuracy: 7.66000e-01 Training loss 4.99154e-03 Validation loss 5.30937e-03 Time taken: 0.23 seconds 
Epoch: 13/200 Train accuracy: 7.75474e-01 Validation accuracy: 7.70667e-01 Training loss 4.94581e-03 Validation loss 5.23302e-03 Time taken: 0.23 seconds 
Epoch: 14/200 Train accuracy: 7.74904e-01 Validation accuracy: 7.66000e-01 Training loss 4.90670e-03 Validation loss 5.23403e-03 Time taken: 0.23 seconds 
Epoch: 15/200 Train accuracy: 7.79678e-01 Validation accuracy: 7.71333e-01 Training loss 4.86811e-03 Validation loss 5.16827e-03 Time taken: 0.25 seconds 
Epoch: 16/200 Train accuracy: 7.80462e-01 Validation accuracy: 7.70333e-01 Training loss 4.84525e-03 Validation loss 5.12939e-03 Time taken: 0.23 seconds 
Epoch: 17/200 Train accuracy: 7.80533e-01 Validation accuracy: 7.72667e-01 Training loss 4.80607e-03 Validation loss 5.10622e-03 Time taken: 0.23 seconds 
Epoch: 18/200 Train accuracy: 7.80818e-01 Validation accuracy: 7.69333e-01 Training loss 4.79255e-03 Validation loss 5.10398e-03 Time taken: 0.23 seconds 
Epoch: 19/200 Train accuracy: 7.82884e-01 Validation accuracy: 7.72333e-01 Training loss 4.75584e-03 Validation loss 5.09514e-03 Time taken: 0.23 seconds 
Epoch: 20/200 Train accuracy: 7.83454e-01 Validation accuracy: 7.76333e-01 Training loss 4.73004e-03 Validation loss 5.05962e-03 Time taken: 0.23 seconds 
Epoch: 21/200 Train accuracy: 7.87017e-01 Validation accuracy: 7.75667e-01 Training loss 4.71313e-03 Validation loss 5.01785e-03 Time taken: 0.24 seconds 
Epoch: 22/200 Train accuracy: 7.87445e-01 Validation accuracy: 7.76667e-01 Training loss 4.69619e-03 Validation loss 5.00469e-03 Time taken: 0.23 seconds 
Epoch: 23/200 Train accuracy: 7.87231e-01 Validation accuracy: 7.77333e-01 Training loss 4.66817e-03 Validation loss 5.01208e-03 Time taken: 0.23 seconds 
Epoch: 24/200 Train accuracy: 7.86803e-01 Validation accuracy: 7.75000e-01 Training loss 4.65412e-03 Validation loss 5.01662e-03 Time taken: 0.38 seconds 
Epoch: 25/200 Train accuracy: 7.89155e-01 Validation accuracy: 7.77667e-01 Training loss 4.63535e-03 Validation loss 4.97192e-03 Time taken: 0.21 seconds 
Epoch: 26/200 Train accuracy: 7.87944e-01 Validation accuracy: 7.75667e-01 Training loss 4.62269e-03 Validation loss 4.95609e-03 Time taken: 0.22 seconds 
Epoch: 27/200 Train accuracy: 7.88229e-01 Validation accuracy: 7.75333e-01 Training loss 4.61079e-03 Validation loss 4.95401e-03 Time taken: 0.23 seconds 
Epoch: 28/200 Train accuracy: 7.89012e-01 Validation accuracy: 7.78333e-01 Training loss 4.60189e-03 Validation loss 4.93486e-03 Time taken: 0.21 seconds 
Epoch: 29/200 Train accuracy: 7.88300e-01 Validation accuracy: 7.80667e-01 Training loss 4.59349e-03 Validation loss 4.92907e-03 Time taken: 0.20 seconds 
Epoch: 30/200 Train accuracy: 7.91008e-01 Validation accuracy: 7.81333e-01 Training loss 4.57252e-03 Validation loss 4.91127e-03 Time taken: 0.22 seconds 
Epoch: 31/200 Train accuracy: 7.92148e-01 Validation accuracy: 7.82333e-01 Training loss 4.56409e-03 Validation loss 4.92785e-03 Time taken: 0.24 seconds 
Epoch: 32/200 Train accuracy: 7.92575e-01 Validation accuracy: 7.80000e-01 Training loss 4.55776e-03 Validation loss 4.90002e-03 Time taken: 0.23 seconds 
Epoch: 33/200 Train accuracy: 7.92433e-01 Validation accuracy: 7.84000e-01 Training loss 4.54102e-03 Validation loss 4.87816e-03 Time taken: 0.24 seconds 
Epoch: 34/200 Train accuracy: 7.94000e-01 Validation accuracy: 7.82333e-01 Training loss 4.52719e-03 Validation loss 4.87840e-03 Time taken: 0.28 seconds 
Epoch: 35/200 Train accuracy: 7.92504e-01 Validation accuracy: 7.80000e-01 Training loss 4.52698e-03 Validation loss 4.88669e-03 Time taken: 0.23 seconds 
Epoch: 36/200 Train accuracy: 7.93573e-01 Validation accuracy: 7.80667e-01 Training loss 4.51907e-03 Validation loss 4.86112e-03 Time taken: 0.24 seconds 
Epoch: 37/200 Train accuracy: 7.93216e-01 Validation accuracy: 7.82333e-01 Training loss 4.50660e-03 Validation loss 4.85468e-03 Time taken: 0.24 seconds 
Epoch: 38/200 Train accuracy: 7.94499e-01 Validation accuracy: 7.81667e-01 Training loss 4.49314e-03 Validation loss 4.84540e-03 Time taken: 0.21 seconds 
Epoch: 39/200 Train accuracy: 7.94499e-01 Validation accuracy: 7.86333e-01 Training loss 4.48754e-03 Validation loss 4.82824e-03 Time taken: 0.24 seconds 
Epoch: 40/200 Train accuracy: 7.94927e-01 Validation accuracy: 7.83000e-01 Training loss 4.47603e-03 Validation loss 4.86236e-03 Time taken: 0.23 seconds 
Epoch: 41/200 Train accuracy: 7.95283e-01 Validation accuracy: 7.86667e-01 Training loss 4.47643e-03 Validation loss 4.81590e-03 Time taken: 0.23 seconds 
Epoch: 42/200 Train accuracy: 7.95710e-01 Validation accuracy: 7.83333e-01 Training loss 4.47071e-03 Validation loss 4.80922e-03 Time taken: 0.24 seconds 
Epoch: 43/200 Train accuracy: 7.96352e-01 Validation accuracy: 7.85000e-01 Training loss 4.45983e-03 Validation loss 4.80836e-03 Time taken: 0.23 seconds 
Epoch: 44/200 Train accuracy: 7.98418e-01 Validation accuracy: 7.80000e-01 Training loss 4.45050e-03 Validation loss 4.81631e-03 Time taken: 0.23 seconds 
Epoch: 45/200 Train accuracy: 7.95853e-01 Validation accuracy: 7.79333e-01 Training loss 4.44979e-03 Validation loss 4.80887e-03 Time taken: 0.21 seconds 
Epoch: 46/200 Train accuracy: 7.97064e-01 Validation accuracy: 7.87667e-01 Training loss 4.45028e-03 Validation loss 4.79107e-03 Time taken: 0.22 seconds 
Epoch: 47/200 Train accuracy: 7.96209e-01 Validation accuracy: 7.85000e-01 Training loss 4.43564e-03 Validation loss 4.80118e-03 Time taken: 0.20 seconds 
Epoch: 48/200 Train accuracy: 7.96352e-01 Validation accuracy: 7.84000e-01 Training loss 4.42555e-03 Validation loss 4.79038e-03 Time taken: 0.21 seconds 
Epoch: 49/200 Train accuracy: 7.98632e-01 Validation accuracy: 7.85667e-01 Training loss 4.42363e-03 Validation loss 4.78777e-03 Time taken: 0.22 seconds 
Epoch: 50/200 Train accuracy: 7.99629e-01 Validation accuracy: 7.87333e-01 Training loss 4.40925e-03 Validation loss 4.78879e-03 Time taken: 0.23 seconds 
Epoch: 51/200 Train accuracy: 7.98204e-01 Validation accuracy: 7.85667e-01 Training loss 4.40202e-03 Validation loss 4.77403e-03 Time taken: 0.25 seconds 
Epoch: 52/200 Train accuracy: 7.98988e-01 Validation accuracy: 7.86333e-01 Training loss 4.40575e-03 Validation loss 4.76719e-03 Time taken: 0.28 seconds 
Epoch: 53/200 Train accuracy: 7.98204e-01 Validation accuracy: 7.84333e-01 Training loss 4.39755e-03 Validation loss 4.75298e-03 Time taken: 0.29 seconds 
Epoch: 54/200 Train accuracy: 7.99416e-01 Validation accuracy: 7.86000e-01 Training loss 4.39799e-03 Validation loss 4.78576e-03 Time taken: 0.25 seconds 
Epoch: 55/200 Train accuracy: 7.99772e-01 Validation accuracy: 7.87667e-01 Training loss 4.39110e-03 Validation loss 4.75384e-03 Time taken: 0.24 seconds 
Epoch: 56/200 Train accuracy: 7.96922e-01 Validation accuracy: 7.89000e-01 Training loss 4.38507e-03 Validation loss 4.73637e-03 Time taken: 0.23 seconds 
Epoch: 57/200 Train accuracy: 7.99344e-01 Validation accuracy: 7.89667e-01 Training loss 4.37365e-03 Validation loss 4.74201e-03 Time taken: 0.24 seconds 
Epoch: 58/200 Train accuracy: 7.99344e-01 Validation accuracy: 7.82333e-01 Training loss 4.37990e-03 Validation loss 4.75290e-03 Time taken: 0.28 seconds 
Epoch: 59/200 Train accuracy: 7.98917e-01 Validation accuracy: 7.88667e-01 Training loss 4.36959e-03 Validation loss 4.76012e-03 Time taken: 0.23 seconds 
Epoch: 60/200 Train accuracy: 7.99701e-01 Validation accuracy: 7.86000e-01 Training loss 4.36317e-03 Validation loss 4.75744e-03 Time taken: 0.23 seconds 
Epoch: 61/200 Train accuracy: 7.98774e-01 Validation accuracy: 7.88667e-01 Training loss 4.36788e-03 Validation loss 4.73079e-03 Time taken: 0.24 seconds 
Epoch: 62/200 Train accuracy: 8.00556e-01 Validation accuracy: 7.84000e-01 Training loss 4.35808e-03 Validation loss 4.73652e-03 Time taken: 0.23 seconds 
Epoch: 63/200 Train accuracy: 8.00342e-01 Validation accuracy: 7.88333e-01 Training loss 4.35654e-03 Validation loss 4.72783e-03 Time taken: 0.28 seconds 
Epoch: 64/200 Train accuracy: 7.99202e-01 Validation accuracy: 7.87667e-01 Training loss 4.34688e-03 Validation loss 4.73337e-03 Time taken: 0.19 seconds 
Epoch: 65/200 Train accuracy: 8.01197e-01 Validation accuracy: 7.88333e-01 Training loss 4.33706e-03 Validation loss 4.72707e-03 Time taken: 0.23 seconds 
Epoch: 66/200 Train accuracy: 8.01055e-01 Validation accuracy: 7.86667e-01 Training loss 4.34336e-03 Validation loss 4.71942e-03 Time taken: 0.20 seconds 
Epoch: 67/200 Train accuracy: 8.01340e-01 Validation accuracy: 7.91000e-01 Training loss 4.33783e-03 Validation loss 4.70591e-03 Time taken: 0.20 seconds 
Epoch: 68/200 Train accuracy: 8.02551e-01 Validation accuracy: 7.86667e-01 Training loss 4.32870e-03 Validation loss 4.70421e-03 Time taken: 0.23 seconds 
Epoch: 69/200 Train accuracy: 8.02836e-01 Validation accuracy: 7.90000e-01 Training loss 4.32829e-03 Validation loss 4.68989e-03 Time taken: 0.19 seconds 
Epoch: 70/200 Train accuracy: 8.01268e-01 Validation accuracy: 7.89333e-01 Training loss 4.31948e-03 Validation loss 4.71083e-03 Time taken: 0.22 seconds 
Epoch: 71/200 Train accuracy: 8.03192e-01 Validation accuracy: 7.89000e-01 Training loss 4.31757e-03 Validation loss 4.69812e-03 Time taken: 0.21 seconds 
Epoch: 72/200 Train accuracy: 8.04332e-01 Validation accuracy: 7.91333e-01 Training loss 4.31904e-03 Validation loss 4.68701e-03 Time taken: 0.22 seconds 
Epoch: 73/200 Train accuracy: 8.01411e-01 Validation accuracy: 7.90333e-01 Training loss 4.31372e-03 Validation loss 4.68634e-03 Time taken: 0.41 seconds 
Epoch: 74/200 Train accuracy: 8.02123e-01 Validation accuracy: 7.90000e-01 Training loss 4.29899e-03 Validation loss 4.68371e-03 Time taken: 0.22 seconds 
Epoch: 75/200 Train accuracy: 8.03406e-01 Validation accuracy: 7.88667e-01 Training loss 4.29933e-03 Validation loss 4.71821e-03 Time taken: 0.19 seconds 
Epoch: 76/200 Train accuracy: 8.01767e-01 Validation accuracy: 7.91333e-01 Training loss 4.30349e-03 Validation loss 4.67666e-03 Time taken: 0.22 seconds 
Epoch: 77/200 Train accuracy: 8.03192e-01 Validation accuracy: 7.88333e-01 Training loss 4.30828e-03 Validation loss 4.69420e-03 Time taken: 0.21 seconds 
Epoch: 78/200 Train accuracy: 8.03477e-01 Validation accuracy: 7.92333e-01 Training loss 4.30325e-03 Validation loss 4.66109e-03 Time taken: 0.19 seconds 
Epoch: 79/200 Train accuracy: 8.03264e-01 Validation accuracy: 7.92000e-01 Training loss 4.28848e-03 Validation loss 4.68961e-03 Time taken: 0.23 seconds 
Epoch: 80/200 Train accuracy: 8.04974e-01 Validation accuracy: 7.91667e-01 Training loss 4.28101e-03 Validation loss 4.71612e-03 Time taken: 0.23 seconds 
Epoch: 81/200 Train accuracy: 8.04190e-01 Validation accuracy: 7.93667e-01 Training loss 4.28293e-03 Validation loss 4.68376e-03 Time taken: 0.23 seconds 
Epoch: 82/200 Train accuracy: 8.03762e-01 Validation accuracy: 7.89000e-01 Training loss 4.29231e-03 Validation loss 4.68997e-03 Time taken: 0.24 seconds 
Epoch: 83/200 Train accuracy: 8.03691e-01 Validation accuracy: 7.88667e-01 Training loss 4.27884e-03 Validation loss 4.70207e-03 Time taken: 0.24 seconds 
Epoch: 84/200 Train accuracy: 8.06114e-01 Validation accuracy: 7.92000e-01 Training loss 4.27769e-03 Validation loss 4.65888e-03 Time taken: 0.23 seconds 
Epoch: 85/200 Train accuracy: 8.04617e-01 Validation accuracy: 7.88333e-01 Training loss 4.26906e-03 Validation loss 4.68399e-03 Time taken: 0.23 seconds 
Epoch: 86/200 Train accuracy: 8.04332e-01 Validation accuracy: 7.95000e-01 Training loss 4.28296e-03 Validation loss 4.64467e-03 Time taken: 0.23 seconds 
Epoch: 87/200 Train accuracy: 8.03549e-01 Validation accuracy: 7.93667e-01 Training loss 4.26978e-03 Validation loss 4.64685e-03 Time taken: 0.23 seconds 
Epoch: 88/200 Train accuracy: 8.04689e-01 Validation accuracy: 7.88333e-01 Training loss 4.26471e-03 Validation loss 4.67601e-03 Time taken: 0.24 seconds 
Epoch: 89/200 Train accuracy: 8.02978e-01 Validation accuracy: 7.94667e-01 Training loss 4.27654e-03 Validation loss 4.66287e-03 Time taken: 0.23 seconds 
Epoch: 90/200 Train accuracy: 8.05971e-01 Validation accuracy: 7.93333e-01 Training loss 4.25946e-03 Validation loss 4.64211e-03 Time taken: 0.23 seconds 
Epoch: 91/200 Train accuracy: 8.04902e-01 Validation accuracy: 7.92333e-01 Training loss 4.26087e-03 Validation loss 4.68313e-03 Time taken: 0.25 seconds 
Epoch: 92/200 Train accuracy: 8.03477e-01 Validation accuracy: 7.89667e-01 Training loss 4.26036e-03 Validation loss 4.64301e-03 Time taken: 0.24 seconds 
Epoch: 93/200 Train accuracy: 8.05259e-01 Validation accuracy: 7.93667e-01 Training loss 4.25729e-03 Validation loss 4.63393e-03 Time taken: 0.32 seconds 
Epoch: 94/200 Train accuracy: 8.04332e-01 Validation accuracy: 7.93000e-01 Training loss 4.25270e-03 Validation loss 4.64220e-03 Time taken: 0.24 seconds 
Epoch: 95/200 Train accuracy: 8.04902e-01 Validation accuracy: 7.90333e-01 Training loss 4.24787e-03 Validation loss 4.64461e-03 Time taken: 0.23 seconds 
Epoch: 96/200 Train accuracy: 8.06256e-01 Validation accuracy: 7.93333e-01 Training loss 4.24537e-03 Validation loss 4.63262e-03 Time taken: 0.20 seconds 
Epoch: 97/200 Train accuracy: 8.06613e-01 Validation accuracy: 7.94000e-01 Training loss 4.24211e-03 Validation loss 4.63650e-03 Time taken: 0.24 seconds 
Epoch: 98/200 Train accuracy: 8.05971e-01 Validation accuracy: 7.91333e-01 Training loss 4.23956e-03 Validation loss 4.63037e-03 Time taken: 0.20 seconds 
Epoch: 99/200 Train accuracy: 8.05045e-01 Validation accuracy: 7.90333e-01 Training loss 4.23645e-03 Validation loss 4.61952e-03 Time taken: 0.23 seconds 
Epoch: 100/200 Train accuracy: 8.06114e-01 Validation accuracy: 7.95000e-01 Training loss 4.23161e-03 Validation loss 4.61455e-03 Time taken: 0.24 seconds 
Epoch: 101/200 Train accuracy: 8.04617e-01 Validation accuracy: 7.94667e-01 Training loss 4.23964e-03 Validation loss 4.63555e-03 Time taken: 0.23 seconds 
Epoch: 102/200 Train accuracy: 8.04974e-01 Validation accuracy: 7.93667e-01 Training loss 4.23119e-03 Validation loss 4.61658e-03 Time taken: 0.23 seconds 
Epoch: 103/200 Train accuracy: 8.06256e-01 Validation accuracy: 7.94000e-01 Training loss 4.23393e-03 Validation loss 4.60772e-03 Time taken: 0.23 seconds 
Epoch: 104/200 Train accuracy: 8.05757e-01 Validation accuracy: 7.93000e-01 Training loss 4.23192e-03 Validation loss 4.60596e-03 Time taken: 0.24 seconds 
Epoch: 105/200 Train accuracy: 8.05757e-01 Validation accuracy: 7.93333e-01 Training loss 4.22158e-03 Validation loss 4.63115e-03 Time taken: 0.23 seconds 
Epoch: 106/200 Train accuracy: 8.06399e-01 Validation accuracy: 7.94333e-01 Training loss 4.21976e-03 Validation loss 4.62214e-03 Time taken: 0.24 seconds 
Epoch: 107/200 Train accuracy: 8.06256e-01 Validation accuracy: 7.91000e-01 Training loss 4.21905e-03 Validation loss 4.63522e-03 Time taken: 0.23 seconds 
Epoch: 108/200 Train accuracy: 8.05686e-01 Validation accuracy: 7.93667e-01 Training loss 4.21018e-03 Validation loss 4.63628e-03 Time taken: 0.23 seconds 
Epoch: 109/200 Train accuracy: 8.07396e-01 Validation accuracy: 7.92667e-01 Training loss 4.21893e-03 Validation loss 4.62491e-03 Time taken: 0.24 seconds 
Epoch: 110/200 Train accuracy: 8.07111e-01 Validation accuracy: 7.93000e-01 Training loss 4.20999e-03 Validation loss 4.62404e-03 Time taken: 0.24 seconds 
Epoch: 111/200 Train accuracy: 8.08038e-01 Validation accuracy: 7.93000e-01 Training loss 4.20941e-03 Validation loss 4.62898e-03 Time taken: 0.23 seconds 
Epoch: 112/200 Train accuracy: 8.07325e-01 Validation accuracy: 7.95667e-01 Training loss 4.20541e-03 Validation loss 4.60409e-03 Time taken: 0.27 seconds 
Epoch: 113/200 Train accuracy: 8.07040e-01 Validation accuracy: 7.97000e-01 Training loss 4.20941e-03 Validation loss 4.58898e-03 Time taken: 0.23 seconds 
Epoch: 114/200 Train accuracy: 8.07753e-01 Validation accuracy: 7.97667e-01 Training loss 4.20431e-03 Validation loss 4.58879e-03 Time taken: 0.23 seconds 
Epoch: 115/200 Train accuracy: 8.08323e-01 Validation accuracy: 7.96000e-01 Training loss 4.19646e-03 Validation loss 4.61231e-03 Time taken: 0.24 seconds 
Epoch: 116/200 Train accuracy: 8.06755e-01 Validation accuracy: 7.95000e-01 Training loss 4.20423e-03 Validation loss 4.58054e-03 Time taken: 0.23 seconds 
Epoch: 117/200 Train accuracy: 8.07895e-01 Validation accuracy: 7.97000e-01 Training loss 4.20054e-03 Validation loss 4.61470e-03 Time taken: 0.23 seconds 
Epoch: 118/200 Train accuracy: 8.07254e-01 Validation accuracy: 7.98333e-01 Training loss 4.19717e-03 Validation loss 4.57817e-03 Time taken: 0.24 seconds 
Epoch: 119/200 Train accuracy: 8.05472e-01 Validation accuracy: 7.98333e-01 Training loss 4.20014e-03 Validation loss 4.57992e-03 Time taken: 0.23 seconds 
Epoch: 120/200 Train accuracy: 8.08180e-01 Validation accuracy: 7.95333e-01 Training loss 4.19007e-03 Validation loss 4.58365e-03 Time taken: 0.23 seconds 
Epoch: 121/200 Train accuracy: 8.05686e-01 Validation accuracy: 7.96000e-01 Training loss 4.19903e-03 Validation loss 4.57631e-03 Time taken: 0.33 seconds 
Epoch: 122/200 Train accuracy: 8.08893e-01 Validation accuracy: 7.95667e-01 Training loss 4.19841e-03 Validation loss 4.60675e-03 Time taken: 0.22 seconds 
Epoch: 123/200 Train accuracy: 8.08750e-01 Validation accuracy: 7.97000e-01 Training loss 4.19008e-03 Validation loss 4.57671e-03 Time taken: 0.24 seconds 
Epoch: 124/200 Train accuracy: 8.07681e-01 Validation accuracy: 7.94000e-01 Training loss 4.18638e-03 Validation loss 4.59009e-03 Time taken: 0.24 seconds 
Epoch: 125/200 Train accuracy: 8.09748e-01 Validation accuracy: 7.94333e-01 Training loss 4.19017e-03 Validation loss 4.57559e-03 Time taken: 0.23 seconds 
Epoch: 126/200 Train accuracy: 8.07040e-01 Validation accuracy: 7.96667e-01 Training loss 4.19012e-03 Validation loss 4.58900e-03 Time taken: 0.23 seconds 
Epoch: 127/200 Train accuracy: 8.09035e-01 Validation accuracy: 7.90333e-01 Training loss 4.17863e-03 Validation loss 4.56824e-03 Time taken: 0.24 seconds 
Epoch: 128/200 Train accuracy: 8.06969e-01 Validation accuracy: 7.98000e-01 Training loss 4.18620e-03 Validation loss 4.57190e-03 Time taken: 0.25 seconds 
Epoch: 129/200 Train accuracy: 8.07753e-01 Validation accuracy: 7.96000e-01 Training loss 4.17980e-03 Validation loss 4.58591e-03 Time taken: 0.23 seconds 
Epoch: 130/200 Train accuracy: 8.08038e-01 Validation accuracy: 7.89667e-01 Training loss 4.17796e-03 Validation loss 4.57545e-03 Time taken: 0.24 seconds 
Epoch: 131/200 Train accuracy: 8.09748e-01 Validation accuracy: 7.94333e-01 Training loss 4.17836e-03 Validation loss 4.57365e-03 Time taken: 0.24 seconds 
Epoch: 132/200 Train accuracy: 8.09819e-01 Validation accuracy: 7.98333e-01 Training loss 4.17662e-03 Validation loss 4.57344e-03 Time taken: 0.20 seconds 
Epoch: 133/200 Train accuracy: 8.08251e-01 Validation accuracy: 7.98667e-01 Training loss 4.17289e-03 Validation loss 4.55723e-03 Time taken: 0.21 seconds 
Epoch: 134/200 Train accuracy: 8.09534e-01 Validation accuracy: 8.00000e-01 Training loss 4.17066e-03 Validation loss 4.56899e-03 Time taken: 0.23 seconds 
Epoch: 135/200 Train accuracy: 8.08750e-01 Validation accuracy: 7.98000e-01 Training loss 4.16223e-03 Validation loss 4.58926e-03 Time taken: 0.23 seconds 
Epoch: 136/200 Train accuracy: 8.09676e-01 Validation accuracy: 7.96333e-01 Training loss 4.15944e-03 Validation loss 4.55047e-03 Time taken: 0.24 seconds 
Epoch: 137/200 Train accuracy: 8.08536e-01 Validation accuracy: 7.98000e-01 Training loss 4.16982e-03 Validation loss 4.55697e-03 Time taken: 0.23 seconds 
Epoch: 138/200 Train accuracy: 8.08750e-01 Validation accuracy: 7.91333e-01 Training loss 4.16597e-03 Validation loss 4.56616e-03 Time taken: 0.23 seconds 
Epoch: 139/200 Train accuracy: 8.08964e-01 Validation accuracy: 7.94667e-01 Training loss 4.16394e-03 Validation loss 4.55037e-03 Time taken: 0.25 seconds 
Epoch: 140/200 Train accuracy: 8.08821e-01 Validation accuracy: 7.95333e-01 Training loss 4.15749e-03 Validation loss 4.54841e-03 Time taken: 0.30 seconds 
Epoch: 141/200 Train accuracy: 8.09320e-01 Validation accuracy: 7.94333e-01 Training loss 4.16278e-03 Validation loss 4.57093e-03 Time taken: 0.30 seconds 
Epoch: 142/200 Train accuracy: 8.10888e-01 Validation accuracy: 7.90333e-01 Training loss 4.16296e-03 Validation loss 4.56544e-03 Time taken: 0.27 seconds 
Epoch: 143/200 Train accuracy: 8.09534e-01 Validation accuracy: 7.95667e-01 Training loss 4.15466e-03 Validation loss 4.61294e-03 Time taken: 0.22 seconds 
Epoch: 144/200 Train accuracy: 8.09676e-01 Validation accuracy: 7.96667e-01 Training loss 4.15930e-03 Validation loss 4.54158e-03 Time taken: 0.22 seconds 
Epoch: 145/200 Train accuracy: 8.09249e-01 Validation accuracy: 7.97000e-01 Training loss 4.15239e-03 Validation loss 4.55723e-03 Time taken: 0.22 seconds 
Epoch: 146/200 Train accuracy: 8.10033e-01 Validation accuracy: 8.01000e-01 Training loss 4.15613e-03 Validation loss 4.56103e-03 Time taken: 0.19 seconds 
Epoch: 147/200 Train accuracy: 8.07681e-01 Validation accuracy: 7.98333e-01 Training loss 4.15317e-03 Validation loss 4.54167e-03 Time taken: 0.22 seconds 
Epoch: 148/200 Train accuracy: 8.09463e-01 Validation accuracy: 7.98333e-01 Training loss 4.14935e-03 Validation loss 4.55514e-03 Time taken: 0.21 seconds 
Epoch: 149/200 Train accuracy: 8.08608e-01 Validation accuracy: 7.99000e-01 Training loss 4.14704e-03 Validation loss 4.54421e-03 Time taken: 0.22 seconds 
Epoch: 150/200 Train accuracy: 8.09962e-01 Validation accuracy: 7.87000e-01 Training loss 4.14422e-03 Validation loss 4.56205e-03 Time taken: 0.22 seconds 
Epoch: 151/200 Train accuracy: 8.09178e-01 Validation accuracy: 7.94667e-01 Training loss 4.14486e-03 Validation loss 4.52758e-03 Time taken: 0.24 seconds 
Epoch: 152/200 Train accuracy: 8.09962e-01 Validation accuracy: 7.98000e-01 Training loss 4.14421e-03 Validation loss 4.52967e-03 Time taken: 0.24 seconds 
Epoch: 153/200 Train accuracy: 8.10104e-01 Validation accuracy: 8.02000e-01 Training loss 4.14271e-03 Validation loss 4.55369e-03 Time taken: 0.23 seconds 
Epoch: 154/200 Train accuracy: 8.11672e-01 Validation accuracy: 7.97333e-01 Training loss 4.13393e-03 Validation loss 4.54785e-03 Time taken: 0.23 seconds 
Epoch: 155/200 Train accuracy: 8.10888e-01 Validation accuracy: 7.97333e-01 Training loss 4.13802e-03 Validation loss 4.53250e-03 Time taken: 0.24 seconds 
Epoch: 156/200 Train accuracy: 8.09676e-01 Validation accuracy: 7.98000e-01 Training loss 4.13653e-03 Validation loss 4.54451e-03 Time taken: 0.23 seconds 
Epoch: 157/200 Train accuracy: 8.09962e-01 Validation accuracy: 7.98333e-01 Training loss 4.13733e-03 Validation loss 4.51933e-03 Time taken: 0.23 seconds 
Epoch: 158/200 Train accuracy: 8.10674e-01 Validation accuracy: 7.95333e-01 Training loss 4.13556e-03 Validation loss 4.55973e-03 Time taken: 0.24 seconds 
Epoch: 159/200 Train accuracy: 8.09748e-01 Validation accuracy: 7.96667e-01 Training loss 4.14334e-03 Validation loss 4.57197e-03 Time taken: 0.23 seconds 
Epoch: 160/200 Train accuracy: 8.10460e-01 Validation accuracy: 7.95667e-01 Training loss 4.13601e-03 Validation loss 4.54112e-03 Time taken: 0.24 seconds 
Epoch: 161/200 Train accuracy: 8.11672e-01 Validation accuracy: 7.98333e-01 Training loss 4.12912e-03 Validation loss 4.54456e-03 Time taken: 0.23 seconds 
Epoch: 162/200 Train accuracy: 8.11244e-01 Validation accuracy: 7.99333e-01 Training loss 4.12914e-03 Validation loss 4.52690e-03 Time taken: 0.24 seconds 
Epoch: 163/200 Train accuracy: 8.10532e-01 Validation accuracy: 7.98667e-01 Training loss 4.12969e-03 Validation loss 4.53169e-03 Time taken: 0.24 seconds 
Epoch: 164/200 Train accuracy: 8.09676e-01 Validation accuracy: 7.95667e-01 Training loss 4.13094e-03 Validation loss 4.54700e-03 Time taken: 0.23 seconds 
Epoch: 165/200 Train accuracy: 8.09676e-01 Validation accuracy: 7.95000e-01 Training loss 4.13195e-03 Validation loss 4.53965e-03 Time taken: 0.23 seconds 
Epoch: 166/200 Train accuracy: 8.10745e-01 Validation accuracy: 7.97667e-01 Training loss 4.12544e-03 Validation loss 4.54346e-03 Time taken: 0.23 seconds 
Epoch: 167/200 Train accuracy: 8.11743e-01 Validation accuracy: 7.95667e-01 Training loss 4.12745e-03 Validation loss 4.51733e-03 Time taken: 0.28 seconds 
Epoch: 168/200 Train accuracy: 8.12527e-01 Validation accuracy: 7.94333e-01 Training loss 4.12452e-03 Validation loss 4.52125e-03 Time taken: 0.23 seconds 
Epoch: 169/200 Train accuracy: 8.12384e-01 Validation accuracy: 7.98667e-01 Training loss 4.12672e-03 Validation loss 4.53442e-03 Time taken: 0.35 seconds 
Epoch: 170/200 Train accuracy: 8.10389e-01 Validation accuracy: 7.98333e-01 Training loss 4.11803e-03 Validation loss 4.52326e-03 Time taken: 0.23 seconds 
Epoch: 171/200 Train accuracy: 8.09676e-01 Validation accuracy: 7.95667e-01 Training loss 4.12660e-03 Validation loss 4.51543e-03 Time taken: 0.24 seconds 
Epoch: 172/200 Train accuracy: 8.11957e-01 Validation accuracy: 7.99000e-01 Training loss 4.11618e-03 Validation loss 4.52034e-03 Time taken: 0.23 seconds 
Epoch: 173/200 Train accuracy: 8.11030e-01 Validation accuracy: 7.94000e-01 Training loss 4.11618e-03 Validation loss 4.51759e-03 Time taken: 0.23 seconds 
Epoch: 174/200 Train accuracy: 8.11672e-01 Validation accuracy: 7.97333e-01 Training loss 4.12276e-03 Validation loss 4.52225e-03 Time taken: 0.25 seconds 
Epoch: 175/200 Train accuracy: 8.11458e-01 Validation accuracy: 7.93000e-01 Training loss 4.10874e-03 Validation loss 4.51080e-03 Time taken: 0.26 seconds 
Epoch: 176/200 Train accuracy: 8.11529e-01 Validation accuracy: 7.99333e-01 Training loss 4.11131e-03 Validation loss 4.52214e-03 Time taken: 0.23 seconds 
Epoch: 177/200 Train accuracy: 8.12384e-01 Validation accuracy: 7.99333e-01 Training loss 4.11402e-03 Validation loss 4.51026e-03 Time taken: 0.23 seconds 
Epoch: 178/200 Train accuracy: 8.12028e-01 Validation accuracy: 7.99667e-01 Training loss 4.10734e-03 Validation loss 4.50503e-03 Time taken: 0.40 seconds 
Epoch: 179/200 Train accuracy: 8.10674e-01 Validation accuracy: 7.98667e-01 Training loss 4.11127e-03 Validation loss 4.53094e-03 Time taken: 0.28 seconds 
Epoch: 180/200 Train accuracy: 8.11244e-01 Validation accuracy: 8.02333e-01 Training loss 4.11126e-03 Validation loss 4.52537e-03 Time taken: 0.23 seconds 
Epoch: 181/200 Train accuracy: 8.11743e-01 Validation accuracy: 7.97333e-01 Training loss 4.10035e-03 Validation loss 4.54007e-03 Time taken: 0.23 seconds 
Epoch: 182/200 Train accuracy: 8.12669e-01 Validation accuracy: 7.97333e-01 Training loss 4.10840e-03 Validation loss 4.49310e-03 Time taken: 0.23 seconds 
Epoch: 183/200 Train accuracy: 8.12028e-01 Validation accuracy: 7.97667e-01 Training loss 4.10245e-03 Validation loss 4.53211e-03 Time taken: 0.28 seconds 
Epoch: 184/200 Train accuracy: 8.08821e-01 Validation accuracy: 7.98667e-01 Training loss 4.10990e-03 Validation loss 4.50825e-03 Time taken: 0.23 seconds 
Epoch: 185/200 Train accuracy: 8.10959e-01 Validation accuracy: 7.98667e-01 Training loss 4.10462e-03 Validation loss 4.49427e-03 Time taken: 0.23 seconds 
Epoch: 186/200 Train accuracy: 8.12099e-01 Validation accuracy: 7.99333e-01 Training loss 4.09781e-03 Validation loss 4.49975e-03 Time taken: 0.28 seconds 
Epoch: 187/200 Train accuracy: 8.12740e-01 Validation accuracy: 8.00333e-01 Training loss 4.09665e-03 Validation loss 4.49411e-03 Time taken: 0.30 seconds 
Epoch: 188/200 Train accuracy: 8.12028e-01 Validation accuracy: 7.99667e-01 Training loss 4.10449e-03 Validation loss 4.49627e-03 Time taken: 0.23 seconds 
Epoch: 189/200 Train accuracy: 8.12099e-01 Validation accuracy: 8.00667e-01 Training loss 4.09785e-03 Validation loss 4.50867e-03 Time taken: 0.23 seconds 
Epoch: 190/200 Train accuracy: 8.13809e-01 Validation accuracy: 7.98000e-01 Training loss 4.10130e-03 Validation loss 4.51693e-03 Time taken: 0.23 seconds 
Epoch: 191/200 Train accuracy: 8.11030e-01 Validation accuracy: 8.01333e-01 Training loss 4.09911e-03 Validation loss 4.49976e-03 Time taken: 0.23 seconds 
Epoch: 192/200 Train accuracy: 8.13738e-01 Validation accuracy: 7.98000e-01 Training loss 4.09218e-03 Validation loss 4.50062e-03 Time taken: 0.24 seconds 
Epoch: 193/200 Train accuracy: 8.12812e-01 Validation accuracy: 7.97000e-01 Training loss 4.09809e-03 Validation loss 4.52008e-03 Time taken: 0.23 seconds 
Epoch: 194/200 Train accuracy: 8.12954e-01 Validation accuracy: 8.02000e-01 Training loss 4.09323e-03 Validation loss 4.50496e-03 Time taken: 0.23 seconds 
Epoch: 195/200 Train accuracy: 8.10888e-01 Validation accuracy: 8.00667e-01 Training loss 4.09719e-03 Validation loss 4.48784e-03 Time taken: 0.23 seconds 
Epoch: 196/200 Train accuracy: 8.11529e-01 Validation accuracy: 7.98667e-01 Training loss 4.08611e-03 Validation loss 4.53292e-03 Time taken: 0.31 seconds 
Epoch: 197/200 Train accuracy: 8.12242e-01 Validation accuracy: 7.95667e-01 Training loss 4.09293e-03 Validation loss 4.49274e-03 Time taken: 0.23 seconds 
Epoch: 198/200 Train accuracy: 8.12242e-01 Validation accuracy: 7.97000e-01 Training loss 4.08912e-03 Validation loss 4.47948e-03 Time taken: 0.23 seconds 
Epoch: 199/200 Train accuracy: 8.12028e-01 Validation accuracy: 8.01000e-01 Training loss 4.08409e-03 Validation loss 4.51283e-03 Time taken: 0.23 seconds 
Epoch: 200/200 Train accuracy: 8.13311e-01 Validation accuracy: 7.97667e-01 Training loss 4.08891e-03 Validation loss 4.52580e-03 Time taken: 0.23 seconds 
Total time taken 0:00:47.811724
Cleaning up intermediate feature (.pt) files
Done


working on file logs_PKT_chunks/iic-train-l2-seed0/jepa-iic-l2-seed0-ep500.pth.tar ...
