Directory logs_PKT_chunks/iic-train-l2-pkt-chunks-seed2/classifiers for saving the classifiers is now present
VisionTransformer(
  (patch_embed): PatchEmbed(
    (proj): Conv2d(3, 768, kernel_size=(15, 15), stride=(15, 15))
  )
  (blocks): ModuleList(
    (0-11): 12 x Block(
      (norm1): LayerNorm((768,), eps=1e-06, elementwise_affine=True)
      (attn): Attention(
        (qkv): Linear(in_features=768, out_features=2304, bias=True)
        (attn_drop): Dropout(p=0.0, inplace=False)
        (proj): Linear(in_features=768, out_features=768, bias=True)
        (proj_drop): Dropout(p=0.0, inplace=False)
      )
      (drop_path): Identity()
      (norm2): LayerNorm((768,), eps=1e-06, elementwise_affine=True)
      (mlp): MLP(
        (fc1): Linear(in_features=768, out_features=3072, bias=True)
        (act): GELU(approximate='none')
        (fc2): Linear(in_features=3072, out_features=768, bias=True)
        (drop): Dropout(p=0.0, inplace=False)
      )
    )
  )
  (norm): LayerNorm((768,), eps=1e-06, elementwise_affine=True)
)
Extracting features and saving them in memory..
Extracting features...
Epoch: 1/200 Train accuracy: 5.12113e-01 Validation accuracy: 6.55000e-01 Training loss 1.03707e-02 Validation loss 8.34979e-03 Time taken: 0.27 seconds 
Epoch: 2/200 Train accuracy: 7.00442e-01 Validation accuracy: 7.09000e-01 Training loss 7.21859e-03 Validation loss 6.92569e-03 Time taken: 0.38 seconds 
Epoch: 3/200 Train accuracy: 7.24099e-01 Validation accuracy: 7.28667e-01 Training loss 6.31022e-03 Validation loss 6.35389e-03 Time taken: 0.29 seconds 
Epoch: 4/200 Train accuracy: 7.37851e-01 Validation accuracy: 7.38333e-01 Training loss 5.88155e-03 Validation loss 6.02027e-03 Time taken: 0.24 seconds 
Epoch: 5/200 Train accuracy: 7.46615e-01 Validation accuracy: 7.50333e-01 Training loss 5.62736e-03 Validation loss 5.81049e-03 Time taken: 0.26 seconds 
Epoch: 6/200 Train accuracy: 7.52173e-01 Validation accuracy: 7.47667e-01 Training loss 5.45066e-03 Validation loss 5.60306e-03 Time taken: 0.24 seconds 
Epoch: 7/200 Train accuracy: 7.54525e-01 Validation accuracy: 7.51000e-01 Training loss 5.32468e-03 Validation loss 5.49333e-03 Time taken: 0.25 seconds 
Epoch: 8/200 Train accuracy: 7.57517e-01 Validation accuracy: 7.55333e-01 Training loss 5.22598e-03 Validation loss 5.40277e-03 Time taken: 0.24 seconds 
Epoch: 9/200 Train accuracy: 7.60296e-01 Validation accuracy: 7.62667e-01 Training loss 5.14234e-03 Validation loss 5.33700e-03 Time taken: 0.27 seconds 
Epoch: 10/200 Train accuracy: 7.65641e-01 Validation accuracy: 7.64000e-01 Training loss 5.08054e-03 Validation loss 5.26453e-03 Time taken: 0.23 seconds 
Epoch: 11/200 Train accuracy: 7.68348e-01 Validation accuracy: 7.67333e-01 Training loss 5.02465e-03 Validation loss 5.20961e-03 Time taken: 0.24 seconds 
Epoch: 12/200 Train accuracy: 7.67778e-01 Validation accuracy: 7.65667e-01 Training loss 4.98335e-03 Validation loss 5.16302e-03 Time taken: 0.27 seconds 
Epoch: 13/200 Train accuracy: 7.71626e-01 Validation accuracy: 7.70333e-01 Training loss 4.93712e-03 Validation loss 5.18724e-03 Time taken: 0.39 seconds 
Epoch: 14/200 Train accuracy: 7.71982e-01 Validation accuracy: 7.73000e-01 Training loss 4.89945e-03 Validation loss 5.12847e-03 Time taken: 0.30 seconds 
Epoch: 15/200 Train accuracy: 7.73764e-01 Validation accuracy: 7.74000e-01 Training loss 4.86859e-03 Validation loss 5.07860e-03 Time taken: 0.30 seconds 
Epoch: 16/200 Train accuracy: 7.74619e-01 Validation accuracy: 7.71333e-01 Training loss 4.84785e-03 Validation loss 5.03019e-03 Time taken: 0.28 seconds 
Epoch: 17/200 Train accuracy: 7.73906e-01 Validation accuracy: 7.80333e-01 Training loss 4.81894e-03 Validation loss 5.03567e-03 Time taken: 0.24 seconds 
Epoch: 18/200 Train accuracy: 7.77825e-01 Validation accuracy: 7.82000e-01 Training loss 4.79109e-03 Validation loss 5.01123e-03 Time taken: 0.24 seconds 
Epoch: 19/200 Train accuracy: 7.78039e-01 Validation accuracy: 7.73000e-01 Training loss 4.77036e-03 Validation loss 4.98369e-03 Time taken: 0.42 seconds 
Epoch: 20/200 Train accuracy: 7.76970e-01 Validation accuracy: 7.78333e-01 Training loss 4.75246e-03 Validation loss 4.99902e-03 Time taken: 0.25 seconds 
Epoch: 21/200 Train accuracy: 7.79108e-01 Validation accuracy: 7.75000e-01 Training loss 4.73400e-03 Validation loss 4.94972e-03 Time taken: 0.23 seconds 
Epoch: 22/200 Train accuracy: 7.79393e-01 Validation accuracy: 7.75000e-01 Training loss 4.73044e-03 Validation loss 4.91605e-03 Time taken: 0.23 seconds 
Epoch: 23/200 Train accuracy: 7.80034e-01 Validation accuracy: 7.82333e-01 Training loss 4.71082e-03 Validation loss 4.94330e-03 Time taken: 0.23 seconds 
Epoch: 24/200 Train accuracy: 7.80248e-01 Validation accuracy: 7.73000e-01 Training loss 4.69581e-03 Validation loss 4.88205e-03 Time taken: 0.27 seconds 
Epoch: 25/200 Train accuracy: 7.82386e-01 Validation accuracy: 7.74667e-01 Training loss 4.67422e-03 Validation loss 4.88644e-03 Time taken: 0.24 seconds 
Epoch: 26/200 Train accuracy: 7.83027e-01 Validation accuracy: 7.82000e-01 Training loss 4.66489e-03 Validation loss 4.87931e-03 Time taken: 0.23 seconds 
Epoch: 27/200 Train accuracy: 7.81032e-01 Validation accuracy: 7.77333e-01 Training loss 4.65322e-03 Validation loss 4.84828e-03 Time taken: 0.45 seconds 
Epoch: 28/200 Train accuracy: 7.83383e-01 Validation accuracy: 7.77667e-01 Training loss 4.63765e-03 Validation loss 4.84670e-03 Time taken: 0.29 seconds 
Epoch: 29/200 Train accuracy: 7.84238e-01 Validation accuracy: 7.81000e-01 Training loss 4.63060e-03 Validation loss 4.85816e-03 Time taken: 0.23 seconds 
Epoch: 30/200 Train accuracy: 7.84737e-01 Validation accuracy: 7.80333e-01 Training loss 4.62027e-03 Validation loss 4.83416e-03 Time taken: 0.24 seconds 
Epoch: 31/200 Train accuracy: 7.84310e-01 Validation accuracy: 7.77667e-01 Training loss 4.60803e-03 Validation loss 4.81716e-03 Time taken: 0.24 seconds 
Epoch: 32/200 Train accuracy: 7.85663e-01 Validation accuracy: 7.86667e-01 Training loss 4.60809e-03 Validation loss 4.83429e-03 Time taken: 0.28 seconds 
Epoch: 33/200 Train accuracy: 7.85093e-01 Validation accuracy: 7.79667e-01 Training loss 4.59300e-03 Validation loss 4.80195e-03 Time taken: 0.24 seconds 
Epoch: 34/200 Train accuracy: 7.87374e-01 Validation accuracy: 7.86667e-01 Training loss 4.57844e-03 Validation loss 4.81764e-03 Time taken: 0.23 seconds 
Epoch: 35/200 Train accuracy: 7.86020e-01 Validation accuracy: 7.85000e-01 Training loss 4.57816e-03 Validation loss 4.81180e-03 Time taken: 0.26 seconds 
Epoch: 36/200 Train accuracy: 7.88371e-01 Validation accuracy: 7.84000e-01 Training loss 4.56444e-03 Validation loss 4.78179e-03 Time taken: 0.37 seconds 
Epoch: 37/200 Train accuracy: 7.88442e-01 Validation accuracy: 7.82000e-01 Training loss 4.55918e-03 Validation loss 4.76485e-03 Time taken: 0.24 seconds 
Epoch: 38/200 Train accuracy: 7.88015e-01 Validation accuracy: 7.85000e-01 Training loss 4.54600e-03 Validation loss 4.75633e-03 Time taken: 0.24 seconds 
Epoch: 39/200 Train accuracy: 7.88514e-01 Validation accuracy: 7.83000e-01 Training loss 4.54160e-03 Validation loss 4.77130e-03 Time taken: 0.24 seconds 
Epoch: 40/200 Train accuracy: 7.88727e-01 Validation accuracy: 7.79667e-01 Training loss 4.53676e-03 Validation loss 4.76600e-03 Time taken: 0.28 seconds 
Epoch: 41/200 Train accuracy: 7.89939e-01 Validation accuracy: 7.85333e-01 Training loss 4.52210e-03 Validation loss 4.74335e-03 Time taken: 0.22 seconds 
Epoch: 42/200 Train accuracy: 7.89226e-01 Validation accuracy: 7.89667e-01 Training loss 4.51473e-03 Validation loss 4.76265e-03 Time taken: 0.20 seconds 
Epoch: 43/200 Train accuracy: 7.90438e-01 Validation accuracy: 7.87667e-01 Training loss 4.51385e-03 Validation loss 4.72289e-03 Time taken: 0.19 seconds 
Epoch: 44/200 Train accuracy: 7.90580e-01 Validation accuracy: 7.85000e-01 Training loss 4.50259e-03 Validation loss 4.73852e-03 Time taken: 0.26 seconds 
Epoch: 45/200 Train accuracy: 7.90509e-01 Validation accuracy: 7.85667e-01 Training loss 4.49074e-03 Validation loss 4.72430e-03 Time taken: 0.27 seconds 
Epoch: 46/200 Train accuracy: 7.92433e-01 Validation accuracy: 7.87000e-01 Training loss 4.49228e-03 Validation loss 4.72066e-03 Time taken: 0.29 seconds 
Epoch: 47/200 Train accuracy: 7.91008e-01 Validation accuracy: 7.87333e-01 Training loss 4.48051e-03 Validation loss 4.70051e-03 Time taken: 0.24 seconds 
Epoch: 48/200 Train accuracy: 7.91364e-01 Validation accuracy: 7.89667e-01 Training loss 4.48846e-03 Validation loss 4.69250e-03 Time taken: 0.23 seconds 
Epoch: 49/200 Train accuracy: 7.90794e-01 Validation accuracy: 7.85000e-01 Training loss 4.46838e-03 Validation loss 4.68338e-03 Time taken: 0.23 seconds 
Epoch: 50/200 Train accuracy: 7.94143e-01 Validation accuracy: 7.83333e-01 Training loss 4.47031e-03 Validation loss 4.68145e-03 Time taken: 0.21 seconds 
Epoch: 51/200 Train accuracy: 7.92931e-01 Validation accuracy: 7.92000e-01 Training loss 4.45890e-03 Validation loss 4.71467e-03 Time taken: 0.19 seconds 
Epoch: 52/200 Train accuracy: 7.93074e-01 Validation accuracy: 7.91667e-01 Training loss 4.46056e-03 Validation loss 4.68418e-03 Time taken: 0.19 seconds 
Epoch: 53/200 Train accuracy: 7.91435e-01 Validation accuracy: 7.87667e-01 Training loss 4.45065e-03 Validation loss 4.68535e-03 Time taken: 0.19 seconds 
Epoch: 54/200 Train accuracy: 7.92931e-01 Validation accuracy: 7.83667e-01 Training loss 4.44971e-03 Validation loss 4.70980e-03 Time taken: 0.19 seconds 
Epoch: 55/200 Train accuracy: 7.93644e-01 Validation accuracy: 7.88000e-01 Training loss 4.43431e-03 Validation loss 4.66489e-03 Time taken: 0.22 seconds 
Epoch: 56/200 Train accuracy: 7.93074e-01 Validation accuracy: 7.87333e-01 Training loss 4.43347e-03 Validation loss 4.67508e-03 Time taken: 0.24 seconds 
Epoch: 57/200 Train accuracy: 7.93573e-01 Validation accuracy: 7.93000e-01 Training loss 4.42377e-03 Validation loss 4.66307e-03 Time taken: 0.20 seconds 
Epoch: 58/200 Train accuracy: 7.96067e-01 Validation accuracy: 7.91000e-01 Training loss 4.41734e-03 Validation loss 4.66145e-03 Time taken: 0.20 seconds 
Epoch: 59/200 Train accuracy: 7.94927e-01 Validation accuracy: 7.89667e-01 Training loss 4.42177e-03 Validation loss 4.64119e-03 Time taken: 0.21 seconds 
Epoch: 60/200 Train accuracy: 7.95069e-01 Validation accuracy: 7.88667e-01 Training loss 4.40997e-03 Validation loss 4.64245e-03 Time taken: 0.19 seconds 
Epoch: 61/200 Train accuracy: 7.93929e-01 Validation accuracy: 7.86667e-01 Training loss 4.41000e-03 Validation loss 4.64937e-03 Time taken: 0.19 seconds 
Epoch: 62/200 Train accuracy: 7.96067e-01 Validation accuracy: 7.86000e-01 Training loss 4.40273e-03 Validation loss 4.63828e-03 Time taken: 0.19 seconds 
Epoch: 63/200 Train accuracy: 7.95639e-01 Validation accuracy: 7.92000e-01 Training loss 4.40022e-03 Validation loss 4.61921e-03 Time taken: 0.19 seconds 
Epoch: 64/200 Train accuracy: 7.93074e-01 Validation accuracy: 7.90667e-01 Training loss 4.39968e-03 Validation loss 4.61458e-03 Time taken: 0.19 seconds 
Epoch: 65/200 Train accuracy: 7.96494e-01 Validation accuracy: 7.92000e-01 Training loss 4.38856e-03 Validation loss 4.62398e-03 Time taken: 0.19 seconds 
Epoch: 66/200 Train accuracy: 7.95283e-01 Validation accuracy: 7.88667e-01 Training loss 4.39404e-03 Validation loss 4.60823e-03 Time taken: 0.22 seconds 
Epoch: 67/200 Train accuracy: 7.95283e-01 Validation accuracy: 7.91000e-01 Training loss 4.38705e-03 Validation loss 4.62306e-03 Time taken: 0.22 seconds 
Epoch: 68/200 Train accuracy: 7.97706e-01 Validation accuracy: 7.96667e-01 Training loss 4.37786e-03 Validation loss 4.61920e-03 Time taken: 0.19 seconds 
Epoch: 69/200 Train accuracy: 7.97207e-01 Validation accuracy: 7.91667e-01 Training loss 4.37337e-03 Validation loss 4.62309e-03 Time taken: 0.19 seconds 
Epoch: 70/200 Train accuracy: 7.97207e-01 Validation accuracy: 7.89333e-01 Training loss 4.36929e-03 Validation loss 4.58773e-03 Time taken: 0.19 seconds 
Epoch: 71/200 Train accuracy: 7.96280e-01 Validation accuracy: 7.95000e-01 Training loss 4.36391e-03 Validation loss 4.60019e-03 Time taken: 0.19 seconds 
Epoch: 72/200 Train accuracy: 7.97991e-01 Validation accuracy: 7.91000e-01 Training loss 4.36074e-03 Validation loss 4.58257e-03 Time taken: 0.19 seconds 
Epoch: 73/200 Train accuracy: 7.97563e-01 Validation accuracy: 7.94667e-01 Training loss 4.36258e-03 Validation loss 4.61217e-03 Time taken: 0.19 seconds 
Epoch: 74/200 Train accuracy: 7.98703e-01 Validation accuracy: 7.93000e-01 Training loss 4.35751e-03 Validation loss 4.62280e-03 Time taken: 0.19 seconds 
Epoch: 75/200 Train accuracy: 7.99131e-01 Validation accuracy: 7.91333e-01 Training loss 4.35779e-03 Validation loss 4.59031e-03 Time taken: 0.19 seconds 
Epoch: 76/200 Train accuracy: 7.99059e-01 Validation accuracy: 7.89667e-01 Training loss 4.34372e-03 Validation loss 4.59985e-03 Time taken: 0.19 seconds 
Epoch: 77/200 Train accuracy: 7.97634e-01 Validation accuracy: 7.95000e-01 Training loss 4.34547e-03 Validation loss 4.57248e-03 Time taken: 0.20 seconds 
Epoch: 78/200 Train accuracy: 8.00627e-01 Validation accuracy: 7.94667e-01 Training loss 4.33653e-03 Validation loss 4.59841e-03 Time taken: 0.22 seconds 
Epoch: 79/200 Train accuracy: 7.99131e-01 Validation accuracy: 7.91667e-01 Training loss 4.33244e-03 Validation loss 4.59248e-03 Time taken: 0.21 seconds 
Epoch: 80/200 Train accuracy: 7.96851e-01 Validation accuracy: 7.94333e-01 Training loss 4.33206e-03 Validation loss 4.57180e-03 Time taken: 0.19 seconds 
Epoch: 81/200 Train accuracy: 7.98276e-01 Validation accuracy: 7.95333e-01 Training loss 4.33190e-03 Validation loss 4.57175e-03 Time taken: 0.22 seconds 
Epoch: 82/200 Train accuracy: 7.98418e-01 Validation accuracy: 7.94333e-01 Training loss 4.32291e-03 Validation loss 4.56723e-03 Time taken: 0.20 seconds 
Epoch: 83/200 Train accuracy: 7.99701e-01 Validation accuracy: 7.91333e-01 Training loss 4.32240e-03 Validation loss 4.57245e-03 Time taken: 0.20 seconds 
Epoch: 84/200 Train accuracy: 7.99986e-01 Validation accuracy: 7.96667e-01 Training loss 4.32148e-03 Validation loss 4.56116e-03 Time taken: 0.20 seconds 
Epoch: 85/200 Train accuracy: 7.99772e-01 Validation accuracy: 7.93667e-01 Training loss 4.31842e-03 Validation loss 4.55006e-03 Time taken: 0.20 seconds 
Epoch: 86/200 Train accuracy: 8.00556e-01 Validation accuracy: 7.93667e-01 Training loss 4.31482e-03 Validation loss 4.56575e-03 Time taken: 0.20 seconds 
Epoch: 87/200 Train accuracy: 7.99416e-01 Validation accuracy: 7.97000e-01 Training loss 4.31896e-03 Validation loss 4.54944e-03 Time taken: 0.20 seconds 
Epoch: 88/200 Train accuracy: 8.00698e-01 Validation accuracy: 7.87667e-01 Training loss 4.30356e-03 Validation loss 4.55117e-03 Time taken: 0.22 seconds 
Epoch: 89/200 Train accuracy: 8.01910e-01 Validation accuracy: 7.94333e-01 Training loss 4.31439e-03 Validation loss 4.54684e-03 Time taken: 0.24 seconds 
Epoch: 90/200 Train accuracy: 8.00342e-01 Validation accuracy: 7.94333e-01 Training loss 4.29848e-03 Validation loss 4.55278e-03 Time taken: 0.24 seconds 
Epoch: 91/200 Train accuracy: 8.01197e-01 Validation accuracy: 7.95000e-01 Training loss 4.29155e-03 Validation loss 4.52945e-03 Time taken: 0.21 seconds 
Epoch: 92/200 Train accuracy: 8.01838e-01 Validation accuracy: 7.96000e-01 Training loss 4.30458e-03 Validation loss 4.52894e-03 Time taken: 0.20 seconds 
Epoch: 93/200 Train accuracy: 8.01126e-01 Validation accuracy: 7.92000e-01 Training loss 4.29132e-03 Validation loss 4.54103e-03 Time taken: 0.20 seconds 
Epoch: 94/200 Train accuracy: 8.00912e-01 Validation accuracy: 7.97333e-01 Training loss 4.29762e-03 Validation loss 4.53776e-03 Time taken: 0.20 seconds 
Epoch: 95/200 Train accuracy: 8.02195e-01 Validation accuracy: 7.93000e-01 Training loss 4.29619e-03 Validation loss 4.53636e-03 Time taken: 0.20 seconds 
Epoch: 96/200 Train accuracy: 8.01268e-01 Validation accuracy: 7.96000e-01 Training loss 4.29044e-03 Validation loss 4.53958e-03 Time taken: 0.20 seconds 
Epoch: 97/200 Train accuracy: 8.01055e-01 Validation accuracy: 7.98333e-01 Training loss 4.28324e-03 Validation loss 4.55425e-03 Time taken: 0.20 seconds 
Epoch: 98/200 Train accuracy: 8.01910e-01 Validation accuracy: 7.95667e-01 Training loss 4.28991e-03 Validation loss 4.52368e-03 Time taken: 0.20 seconds 
Epoch: 99/200 Train accuracy: 8.02693e-01 Validation accuracy: 7.98000e-01 Training loss 4.27660e-03 Validation loss 4.53218e-03 Time taken: 0.21 seconds 
Epoch: 100/200 Train accuracy: 8.03050e-01 Validation accuracy: 7.99000e-01 Training loss 4.28778e-03 Validation loss 4.53774e-03 Time taken: 0.24 seconds 
Epoch: 101/200 Train accuracy: 8.00912e-01 Validation accuracy: 7.96000e-01 Training loss 4.27952e-03 Validation loss 4.51943e-03 Time taken: 0.21 seconds 
Epoch: 102/200 Train accuracy: 8.02622e-01 Validation accuracy: 7.94333e-01 Training loss 4.27588e-03 Validation loss 4.52129e-03 Time taken: 0.21 seconds 
Epoch: 103/200 Train accuracy: 8.02978e-01 Validation accuracy: 7.94333e-01 Training loss 4.26703e-03 Validation loss 4.51332e-03 Time taken: 0.19 seconds 
Epoch: 104/200 Train accuracy: 8.01553e-01 Validation accuracy: 7.93667e-01 Training loss 4.27211e-03 Validation loss 4.49479e-03 Time taken: 0.19 seconds 
Epoch: 105/200 Train accuracy: 8.02693e-01 Validation accuracy: 7.96000e-01 Training loss 4.26608e-03 Validation loss 4.51148e-03 Time taken: 0.20 seconds 
Epoch: 106/200 Train accuracy: 8.03477e-01 Validation accuracy: 7.98667e-01 Training loss 4.26470e-03 Validation loss 4.51367e-03 Time taken: 0.20 seconds 
Epoch: 107/200 Train accuracy: 8.03620e-01 Validation accuracy: 7.98333e-01 Training loss 4.25383e-03 Validation loss 4.51091e-03 Time taken: 0.20 seconds 
Epoch: 108/200 Train accuracy: 8.01553e-01 Validation accuracy: 7.98667e-01 Training loss 4.25823e-03 Validation loss 4.52734e-03 Time taken: 0.19 seconds 
Epoch: 109/200 Train accuracy: 8.02551e-01 Validation accuracy: 7.97667e-01 Training loss 4.24991e-03 Validation loss 4.52129e-03 Time taken: 0.20 seconds 
Epoch: 110/200 Train accuracy: 8.04760e-01 Validation accuracy: 7.99667e-01 Training loss 4.25133e-03 Validation loss 4.50825e-03 Time taken: 0.20 seconds 
Epoch: 111/200 Train accuracy: 8.02622e-01 Validation accuracy: 7.90667e-01 Training loss 4.25079e-03 Validation loss 4.52384e-03 Time taken: 0.20 seconds 
Epoch: 112/200 Train accuracy: 8.04047e-01 Validation accuracy: 7.94000e-01 Training loss 4.24529e-03 Validation loss 4.49440e-03 Time taken: 0.21 seconds 
Epoch: 113/200 Train accuracy: 8.04261e-01 Validation accuracy: 7.96667e-01 Training loss 4.24352e-03 Validation loss 4.49181e-03 Time taken: 0.19 seconds 
Epoch: 114/200 Train accuracy: 8.02123e-01 Validation accuracy: 7.94333e-01 Training loss 4.24365e-03 Validation loss 4.50037e-03 Time taken: 0.19 seconds 
Epoch: 115/200 Train accuracy: 8.03620e-01 Validation accuracy: 7.95667e-01 Training loss 4.24706e-03 Validation loss 4.48725e-03 Time taken: 0.20 seconds 
Epoch: 116/200 Train accuracy: 8.04475e-01 Validation accuracy: 7.96333e-01 Training loss 4.24412e-03 Validation loss 4.48558e-03 Time taken: 0.24 seconds 
Epoch: 117/200 Train accuracy: 8.04119e-01 Validation accuracy: 7.93667e-01 Training loss 4.23124e-03 Validation loss 4.48059e-03 Time taken: 0.25 seconds 
Epoch: 118/200 Train accuracy: 8.04831e-01 Validation accuracy: 7.96000e-01 Training loss 4.23278e-03 Validation loss 4.48203e-03 Time taken: 0.20 seconds 
Epoch: 119/200 Train accuracy: 8.03549e-01 Validation accuracy: 7.97333e-01 Training loss 4.23650e-03 Validation loss 4.57078e-03 Time taken: 0.23 seconds 
Epoch: 120/200 Train accuracy: 8.04261e-01 Validation accuracy: 7.93667e-01 Training loss 4.23480e-03 Validation loss 4.47658e-03 Time taken: 0.22 seconds 
Epoch: 121/200 Train accuracy: 8.06969e-01 Validation accuracy: 7.99000e-01 Training loss 4.22955e-03 Validation loss 4.46798e-03 Time taken: 0.23 seconds 
Epoch: 122/200 Train accuracy: 8.04047e-01 Validation accuracy: 7.98333e-01 Training loss 4.22386e-03 Validation loss 4.46082e-03 Time taken: 0.32 seconds 
Epoch: 123/200 Train accuracy: 8.04475e-01 Validation accuracy: 7.98000e-01 Training loss 4.22700e-03 Validation loss 4.48959e-03 Time taken: 0.23 seconds 
Epoch: 124/200 Train accuracy: 8.05187e-01 Validation accuracy: 7.96667e-01 Training loss 4.22100e-03 Validation loss 4.48050e-03 Time taken: 0.24 seconds 
Epoch: 125/200 Train accuracy: 8.05757e-01 Validation accuracy: 7.98000e-01 Training loss 4.21600e-03 Validation loss 4.48000e-03 Time taken: 0.24 seconds 
Epoch: 126/200 Train accuracy: 8.03691e-01 Validation accuracy: 7.97667e-01 Training loss 4.21855e-03 Validation loss 4.47114e-03 Time taken: 0.25 seconds 
Epoch: 127/200 Train accuracy: 8.04332e-01 Validation accuracy: 7.95667e-01 Training loss 4.21346e-03 Validation loss 4.46083e-03 Time taken: 0.23 seconds 
Epoch: 128/200 Train accuracy: 8.06114e-01 Validation accuracy: 7.97000e-01 Training loss 4.21315e-03 Validation loss 4.46726e-03 Time taken: 0.24 seconds 
Epoch: 129/200 Train accuracy: 8.06613e-01 Validation accuracy: 7.97667e-01 Training loss 4.21247e-03 Validation loss 4.46139e-03 Time taken: 0.23 seconds 
Epoch: 130/200 Train accuracy: 8.05472e-01 Validation accuracy: 7.99000e-01 Training loss 4.21526e-03 Validation loss 4.45746e-03 Time taken: 0.23 seconds 
Epoch: 131/200 Train accuracy: 8.06755e-01 Validation accuracy: 7.96333e-01 Training loss 4.20454e-03 Validation loss 4.46946e-03 Time taken: 0.34 seconds 
Epoch: 132/200 Train accuracy: 8.07396e-01 Validation accuracy: 7.99333e-01 Training loss 4.20548e-03 Validation loss 4.45884e-03 Time taken: 0.25 seconds 
Epoch: 133/200 Train accuracy: 8.05045e-01 Validation accuracy: 7.96667e-01 Training loss 4.20274e-03 Validation loss 4.46028e-03 Time taken: 0.24 seconds 
Epoch: 134/200 Train accuracy: 8.06755e-01 Validation accuracy: 7.98333e-01 Training loss 4.21776e-03 Validation loss 4.45966e-03 Time taken: 0.25 seconds 
Epoch: 135/200 Train accuracy: 8.04831e-01 Validation accuracy: 7.99667e-01 Training loss 4.20723e-03 Validation loss 4.46143e-03 Time taken: 0.24 seconds 
Epoch: 136/200 Train accuracy: 8.04974e-01 Validation accuracy: 7.96333e-01 Training loss 4.20493e-03 Validation loss 4.44575e-03 Time taken: 0.24 seconds 
Epoch: 137/200 Train accuracy: 8.06256e-01 Validation accuracy: 7.99333e-01 Training loss 4.19660e-03 Validation loss 4.53031e-03 Time taken: 0.24 seconds 
Epoch: 138/200 Train accuracy: 8.05757e-01 Validation accuracy: 7.98333e-01 Training loss 4.20514e-03 Validation loss 4.45609e-03 Time taken: 0.24 seconds 
Epoch: 139/200 Train accuracy: 8.06826e-01 Validation accuracy: 7.98333e-01 Training loss 4.19455e-03 Validation loss 4.46319e-03 Time taken: 0.23 seconds 
Epoch: 140/200 Train accuracy: 8.05401e-01 Validation accuracy: 7.96000e-01 Training loss 4.18932e-03 Validation loss 4.46308e-03 Time taken: 0.33 seconds 
Epoch: 141/200 Train accuracy: 8.07824e-01 Validation accuracy: 8.02000e-01 Training loss 4.18718e-03 Validation loss 4.44404e-03 Time taken: 0.20 seconds 
Epoch: 142/200 Train accuracy: 8.06185e-01 Validation accuracy: 7.96333e-01 Training loss 4.18025e-03 Validation loss 4.45625e-03 Time taken: 0.23 seconds 
Epoch: 143/200 Train accuracy: 8.07254e-01 Validation accuracy: 7.97667e-01 Training loss 4.19032e-03 Validation loss 4.44351e-03 Time taken: 0.23 seconds 
Epoch: 144/200 Train accuracy: 8.05116e-01 Validation accuracy: 8.02667e-01 Training loss 4.18885e-03 Validation loss 4.46330e-03 Time taken: 0.25 seconds 
Epoch: 145/200 Train accuracy: 8.06256e-01 Validation accuracy: 7.98333e-01 Training loss 4.18971e-03 Validation loss 4.45994e-03 Time taken: 0.23 seconds 
Epoch: 146/200 Train accuracy: 8.06114e-01 Validation accuracy: 7.95333e-01 Training loss 4.18883e-03 Validation loss 4.44209e-03 Time taken: 0.20 seconds 
Epoch: 147/200 Train accuracy: 8.06755e-01 Validation accuracy: 7.94667e-01 Training loss 4.18092e-03 Validation loss 4.43366e-03 Time taken: 0.22 seconds 
Epoch: 148/200 Train accuracy: 8.06399e-01 Validation accuracy: 7.98667e-01 Training loss 4.17774e-03 Validation loss 4.42300e-03 Time taken: 0.23 seconds 
Epoch: 149/200 Train accuracy: 8.05900e-01 Validation accuracy: 7.97333e-01 Training loss 4.18282e-03 Validation loss 4.45587e-03 Time taken: 0.24 seconds 
Epoch: 150/200 Train accuracy: 8.08821e-01 Validation accuracy: 7.98333e-01 Training loss 4.17685e-03 Validation loss 4.42549e-03 Time taken: 0.27 seconds 
Epoch: 151/200 Train accuracy: 8.07325e-01 Validation accuracy: 7.99333e-01 Training loss 4.17081e-03 Validation loss 4.44656e-03 Time taken: 0.22 seconds 
Epoch: 152/200 Train accuracy: 8.07539e-01 Validation accuracy: 8.01333e-01 Training loss 4.16929e-03 Validation loss 4.44464e-03 Time taken: 0.24 seconds 
Epoch: 153/200 Train accuracy: 8.07539e-01 Validation accuracy: 7.98333e-01 Training loss 4.17347e-03 Validation loss 4.42491e-03 Time taken: 0.23 seconds 
Epoch: 154/200 Train accuracy: 8.07610e-01 Validation accuracy: 8.01333e-01 Training loss 4.16448e-03 Validation loss 4.45453e-03 Time taken: 0.24 seconds 
Epoch: 155/200 Train accuracy: 8.07111e-01 Validation accuracy: 8.00333e-01 Training loss 4.16956e-03 Validation loss 4.41149e-03 Time taken: 0.25 seconds 
Epoch: 156/200 Train accuracy: 8.08038e-01 Validation accuracy: 8.00667e-01 Training loss 4.16144e-03 Validation loss 4.46001e-03 Time taken: 0.24 seconds 
Epoch: 157/200 Train accuracy: 8.09463e-01 Validation accuracy: 8.01000e-01 Training loss 4.15965e-03 Validation loss 4.42076e-03 Time taken: 0.24 seconds 
Epoch: 158/200 Train accuracy: 8.07111e-01 Validation accuracy: 7.98667e-01 Training loss 4.17082e-03 Validation loss 4.41555e-03 Time taken: 0.24 seconds 
Epoch: 159/200 Train accuracy: 8.10389e-01 Validation accuracy: 8.01333e-01 Training loss 4.16034e-03 Validation loss 4.41577e-03 Time taken: 0.25 seconds 
Epoch: 160/200 Train accuracy: 8.07325e-01 Validation accuracy: 8.01333e-01 Training loss 4.16767e-03 Validation loss 4.42588e-03 Time taken: 0.24 seconds 
Epoch: 161/200 Train accuracy: 8.08109e-01 Validation accuracy: 7.97000e-01 Training loss 4.15308e-03 Validation loss 4.41159e-03 Time taken: 0.24 seconds 
Epoch: 162/200 Train accuracy: 8.08893e-01 Validation accuracy: 8.00333e-01 Training loss 4.16067e-03 Validation loss 4.42024e-03 Time taken: 0.23 seconds 
Epoch: 163/200 Train accuracy: 8.06898e-01 Validation accuracy: 7.99667e-01 Training loss 4.15864e-03 Validation loss 4.42083e-03 Time taken: 0.24 seconds 
Epoch: 164/200 Train accuracy: 8.07895e-01 Validation accuracy: 7.95667e-01 Training loss 4.15392e-03 Validation loss 4.42005e-03 Time taken: 0.23 seconds 
Epoch: 165/200 Train accuracy: 8.08465e-01 Validation accuracy: 7.98667e-01 Training loss 4.15856e-03 Validation loss 4.45401e-03 Time taken: 0.24 seconds 
Epoch: 166/200 Train accuracy: 8.06613e-01 Validation accuracy: 8.01000e-01 Training loss 4.15964e-03 Validation loss 4.44366e-03 Time taken: 0.25 seconds 
Epoch: 167/200 Train accuracy: 8.08536e-01 Validation accuracy: 7.99667e-01 Training loss 4.15707e-03 Validation loss 4.40892e-03 Time taken: 0.22 seconds 
Epoch: 168/200 Train accuracy: 8.08821e-01 Validation accuracy: 8.02000e-01 Training loss 4.15424e-03 Validation loss 4.44411e-03 Time taken: 0.30 seconds 
Epoch: 169/200 Train accuracy: 8.09035e-01 Validation accuracy: 8.00333e-01 Training loss 4.14912e-03 Validation loss 4.40683e-03 Time taken: 0.28 seconds 
Epoch: 170/200 Train accuracy: 8.09962e-01 Validation accuracy: 8.03333e-01 Training loss 4.13850e-03 Validation loss 4.42239e-03 Time taken: 0.26 seconds 
Epoch: 171/200 Train accuracy: 8.08465e-01 Validation accuracy: 8.00667e-01 Training loss 4.14640e-03 Validation loss 4.40202e-03 Time taken: 0.27 seconds 
Epoch: 172/200 Train accuracy: 8.08893e-01 Validation accuracy: 8.02000e-01 Training loss 4.14323e-03 Validation loss 4.44017e-03 Time taken: 0.27 seconds 
Epoch: 173/200 Train accuracy: 8.09819e-01 Validation accuracy: 8.01333e-01 Training loss 4.13869e-03 Validation loss 4.43433e-03 Time taken: 0.26 seconds 
Epoch: 174/200 Train accuracy: 8.09320e-01 Validation accuracy: 8.01667e-01 Training loss 4.14340e-03 Validation loss 4.41145e-03 Time taken: 0.30 seconds 
Epoch: 175/200 Train accuracy: 8.10104e-01 Validation accuracy: 8.04000e-01 Training loss 4.14152e-03 Validation loss 4.42208e-03 Time taken: 0.28 seconds 
Epoch: 176/200 Train accuracy: 8.08109e-01 Validation accuracy: 8.05000e-01 Training loss 4.14328e-03 Validation loss 4.41530e-03 Time taken: 0.24 seconds 
Epoch: 177/200 Train accuracy: 8.10033e-01 Validation accuracy: 8.02333e-01 Training loss 4.14391e-03 Validation loss 4.39387e-03 Time taken: 0.32 seconds 
Epoch: 178/200 Train accuracy: 8.10033e-01 Validation accuracy: 7.99333e-01 Training loss 4.14254e-03 Validation loss 4.40371e-03 Time taken: 0.22 seconds 
Epoch: 179/200 Train accuracy: 8.08964e-01 Validation accuracy: 8.03667e-01 Training loss 4.13976e-03 Validation loss 4.38871e-03 Time taken: 0.19 seconds 
Epoch: 180/200 Train accuracy: 8.09178e-01 Validation accuracy: 7.99667e-01 Training loss 4.13206e-03 Validation loss 4.40257e-03 Time taken: 0.22 seconds 
Epoch: 181/200 Train accuracy: 8.08465e-01 Validation accuracy: 7.96667e-01 Training loss 4.12815e-03 Validation loss 4.44136e-03 Time taken: 0.21 seconds 
Epoch: 182/200 Train accuracy: 8.09463e-01 Validation accuracy: 8.00000e-01 Training loss 4.13189e-03 Validation loss 4.39887e-03 Time taken: 0.21 seconds 
Epoch: 183/200 Train accuracy: 8.11387e-01 Validation accuracy: 8.01667e-01 Training loss 4.12920e-03 Validation loss 4.45702e-03 Time taken: 0.22 seconds 
Epoch: 184/200 Train accuracy: 8.07681e-01 Validation accuracy: 7.99667e-01 Training loss 4.13156e-03 Validation loss 4.40915e-03 Time taken: 0.19 seconds 
Epoch: 185/200 Train accuracy: 8.10603e-01 Validation accuracy: 8.00667e-01 Training loss 4.12157e-03 Validation loss 4.39287e-03 Time taken: 0.22 seconds 
Epoch: 186/200 Train accuracy: 8.10175e-01 Validation accuracy: 8.04667e-01 Training loss 4.12578e-03 Validation loss 4.37839e-03 Time taken: 0.22 seconds 
Epoch: 187/200 Train accuracy: 8.09463e-01 Validation accuracy: 8.03667e-01 Training loss 4.12232e-03 Validation loss 4.39319e-03 Time taken: 0.34 seconds 
Epoch: 188/200 Train accuracy: 8.09676e-01 Validation accuracy: 8.00000e-01 Training loss 4.13338e-03 Validation loss 4.38961e-03 Time taken: 0.22 seconds 
Epoch: 189/200 Train accuracy: 8.08323e-01 Validation accuracy: 8.00000e-01 Training loss 4.12260e-03 Validation loss 4.38256e-03 Time taken: 0.21 seconds 
Epoch: 190/200 Train accuracy: 8.09463e-01 Validation accuracy: 8.00000e-01 Training loss 4.12582e-03 Validation loss 4.39792e-03 Time taken: 0.23 seconds 
Epoch: 191/200 Train accuracy: 8.09676e-01 Validation accuracy: 8.03667e-01 Training loss 4.12337e-03 Validation loss 4.40238e-03 Time taken: 0.20 seconds 
Epoch: 192/200 Train accuracy: 8.09605e-01 Validation accuracy: 8.04667e-01 Training loss 4.11609e-03 Validation loss 4.40226e-03 Time taken: 0.23 seconds 
Epoch: 193/200 Train accuracy: 8.09106e-01 Validation accuracy: 8.02333e-01 Training loss 4.11657e-03 Validation loss 4.37490e-03 Time taken: 0.20 seconds 
Epoch: 194/200 Train accuracy: 8.11102e-01 Validation accuracy: 7.98667e-01 Training loss 4.12099e-03 Validation loss 4.38968e-03 Time taken: 0.21 seconds 
Epoch: 195/200 Train accuracy: 8.10247e-01 Validation accuracy: 8.01000e-01 Training loss 4.12171e-03 Validation loss 4.39670e-03 Time taken: 0.23 seconds 
Epoch: 196/200 Train accuracy: 8.11030e-01 Validation accuracy: 7.99333e-01 Training loss 4.11457e-03 Validation loss 4.38850e-03 Time taken: 0.20 seconds 
Epoch: 197/200 Train accuracy: 8.09391e-01 Validation accuracy: 7.98667e-01 Training loss 4.10997e-03 Validation loss 4.38670e-03 Time taken: 0.35 seconds 
Epoch: 198/200 Train accuracy: 8.10247e-01 Validation accuracy: 8.03667e-01 Training loss 4.11533e-03 Validation loss 4.37770e-03 Time taken: 0.24 seconds 
Epoch: 199/200 Train accuracy: 8.11600e-01 Validation accuracy: 8.03667e-01 Training loss 4.11915e-03 Validation loss 4.37003e-03 Time taken: 0.21 seconds 
Epoch: 200/200 Train accuracy: 8.10674e-01 Validation accuracy: 8.03000e-01 Training loss 4.11264e-03 Validation loss 4.36362e-03 Time taken: 0.23 seconds 
Total time taken 0:00:47.134591
Cleaning up intermediate feature (.pt) files
Done


working on file logs_PKT_chunks/iic-train-l2-seed1/jepa-iic-l2-seed1-ep500.pth.tar ...
