Directory classifiers/jepa-iic-L2-seed-10-classifier-pretrained-vitb-normalized-ep200 for saving the classifiers is now present
VisionTransformer(
  (patch_embed): PatchEmbed(
    (proj): Conv2d(3, 768, kernel_size=(15, 15), stride=(15, 15))
  )
  (blocks): ModuleList(
    (0-11): 12 x Block(
      (norm1): LayerNorm((768,), eps=1e-06, elementwise_affine=True)
      (attn): Attention(
        (qkv): Linear(in_features=768, out_features=2304, bias=True)
        (attn_drop): Dropout(p=0.0, inplace=False)
        (proj): Linear(in_features=768, out_features=768, bias=True)
        (proj_drop): Dropout(p=0.0, inplace=False)
      )
      (drop_path): Identity()
      (norm2): LayerNorm((768,), eps=1e-06, elementwise_affine=True)
      (mlp): MLP(
        (fc1): Linear(in_features=768, out_features=3072, bias=True)
        (act): GELU(approximate='none')
        (fc2): Linear(in_features=3072, out_features=768, bias=True)
        (drop): Dropout(p=0.0, inplace=False)
      )
    )
  )
  (norm): LayerNorm((768,), eps=1e-06, elementwise_affine=True)
)
Extracting features and saving them locally..
Epoch: 1/200 Train accuracy: 3.60482e-01 Validation accuracy: 4.90000e-01 Loss 1.31305e-02 Time taken: 1.57 seconds 
Epoch: 2/200 Train accuracy: 4.97720e-01 Validation accuracy: 5.48333e-01 Loss 1.22487e-02 Time taken: 1.56 seconds 
Epoch: 3/200 Train accuracy: 5.41827e-01 Validation accuracy: 5.87333e-01 Loss 1.18993e-02 Time taken: 1.63 seconds 
Epoch: 4/200 Train accuracy: 5.66196e-01 Validation accuracy: 5.96667e-01 Loss 1.17006e-02 Time taken: 1.55 seconds 
Epoch: 5/200 Train accuracy: 5.81659e-01 Validation accuracy: 6.01000e-01 Loss 1.15795e-02 Time taken: 1.55 seconds 
Epoch: 6/200 Train accuracy: 5.91706e-01 Validation accuracy: 6.01667e-01 Loss 1.14953e-02 Time taken: 1.54 seconds 
Epoch: 7/200 Train accuracy: 5.95839e-01 Validation accuracy: 6.08333e-01 Loss 1.14472e-02 Time taken: 1.56 seconds 
Epoch: 8/200 Train accuracy: 6.00328e-01 Validation accuracy: 6.09333e-01 Loss 1.14013e-02 Time taken: 1.55 seconds 
Epoch: 9/200 Train accuracy: 6.08665e-01 Validation accuracy: 6.08667e-01 Loss 1.13552e-02 Time taken: 1.54 seconds 
Epoch: 10/200 Train accuracy: 6.05814e-01 Validation accuracy: 6.14000e-01 Loss 1.13416e-02 Time taken: 1.55 seconds 
Epoch: 11/200 Train accuracy: 6.09377e-01 Validation accuracy: 6.08667e-01 Loss 1.13129e-02 Time taken: 1.55 seconds 
Epoch: 12/200 Train accuracy: 6.14080e-01 Validation accuracy: 6.17000e-01 Loss 1.12877e-02 Time taken: 1.54 seconds 
Epoch: 13/200 Train accuracy: 6.16930e-01 Validation accuracy: 6.18000e-01 Loss 1.12626e-02 Time taken: 1.55 seconds 
Epoch: 14/200 Train accuracy: 6.15505e-01 Validation accuracy: 6.16333e-01 Loss 1.12687e-02 Time taken: 1.54 seconds 
Epoch: 15/200 Train accuracy: 6.19781e-01 Validation accuracy: 6.16000e-01 Loss 1.12347e-02 Time taken: 1.55 seconds 
Epoch: 16/200 Train accuracy: 6.18997e-01 Validation accuracy: 6.18667e-01 Loss 1.12191e-02 Time taken: 1.54 seconds 
Epoch: 17/200 Train accuracy: 6.21989e-01 Validation accuracy: 6.18000e-01 Loss 1.12123e-02 Time taken: 1.55 seconds 
Epoch: 18/200 Train accuracy: 6.24626e-01 Validation accuracy: 6.19000e-01 Loss 1.11920e-02 Time taken: 1.54 seconds 
Epoch: 19/200 Train accuracy: 6.22274e-01 Validation accuracy: 6.22000e-01 Loss 1.11945e-02 Time taken: 1.55 seconds 
Epoch: 20/200 Train accuracy: 6.22631e-01 Validation accuracy: 6.21667e-01 Loss 1.11869e-02 Time taken: 1.54 seconds 
Epoch: 21/200 Train accuracy: 6.24198e-01 Validation accuracy: 6.25333e-01 Loss 1.11741e-02 Time taken: 1.55 seconds 
Epoch: 22/200 Train accuracy: 6.27334e-01 Validation accuracy: 6.22333e-01 Loss 1.11612e-02 Time taken: 1.55 seconds 
Epoch: 23/200 Train accuracy: 6.26550e-01 Validation accuracy: 6.26667e-01 Loss 1.11644e-02 Time taken: 1.54 seconds 
Epoch: 24/200 Train accuracy: 6.25481e-01 Validation accuracy: 6.27000e-01 Loss 1.11646e-02 Time taken: 1.54 seconds 
Epoch: 25/200 Train accuracy: 6.24840e-01 Validation accuracy: 6.23000e-01 Loss 1.11635e-02 Time taken: 1.55 seconds 
Epoch: 26/200 Train accuracy: 6.26550e-01 Validation accuracy: 6.26333e-01 Loss 1.11495e-02 Time taken: 1.54 seconds 
Epoch: 27/200 Train accuracy: 6.26764e-01 Validation accuracy: 6.22667e-01 Loss 1.11448e-02 Time taken: 1.54 seconds 
Epoch: 28/200 Train accuracy: 6.27761e-01 Validation accuracy: 6.28333e-01 Loss 1.11370e-02 Time taken: 1.54 seconds 
Epoch: 29/200 Train accuracy: 6.26051e-01 Validation accuracy: 6.25000e-01 Loss 1.11375e-02 Time taken: 1.55 seconds 
Epoch: 30/200 Train accuracy: 6.33462e-01 Validation accuracy: 6.27000e-01 Loss 1.11122e-02 Time taken: 1.54 seconds 
Epoch: 31/200 Train accuracy: 6.26122e-01 Validation accuracy: 6.26000e-01 Loss 1.11377e-02 Time taken: 1.54 seconds 
Epoch: 32/200 Train accuracy: 6.28687e-01 Validation accuracy: 6.28333e-01 Loss 1.11244e-02 Time taken: 1.54 seconds 
Epoch: 33/200 Train accuracy: 6.30968e-01 Validation accuracy: 6.25333e-01 Loss 1.11159e-02 Time taken: 1.55 seconds 
Epoch: 34/200 Train accuracy: 6.31395e-01 Validation accuracy: 6.29000e-01 Loss 1.11164e-02 Time taken: 1.54 seconds 
Epoch: 35/200 Train accuracy: 6.32108e-01 Validation accuracy: 6.27667e-01 Loss 1.11004e-02 Time taken: 1.55 seconds 
Epoch: 36/200 Train accuracy: 6.31253e-01 Validation accuracy: 6.23667e-01 Loss 1.11004e-02 Time taken: 1.54 seconds 
Epoch: 37/200 Train accuracy: 6.30398e-01 Validation accuracy: 6.28667e-01 Loss 1.11052e-02 Time taken: 1.54 seconds 
Epoch: 38/200 Train accuracy: 6.28331e-01 Validation accuracy: 6.30333e-01 Loss 1.11136e-02 Time taken: 1.53 seconds 
Epoch: 39/200 Train accuracy: 6.33604e-01 Validation accuracy: 6.28000e-01 Loss 1.10886e-02 Time taken: 1.55 seconds 
Epoch: 40/200 Train accuracy: 6.34388e-01 Validation accuracy: 6.29333e-01 Loss 1.10858e-02 Time taken: 1.54 seconds 
Epoch: 41/200 Train accuracy: 6.31324e-01 Validation accuracy: 6.26000e-01 Loss 1.11009e-02 Time taken: 1.54 seconds 
Epoch: 42/200 Train accuracy: 6.33105e-01 Validation accuracy: 6.28667e-01 Loss 1.10852e-02 Time taken: 1.54 seconds 
Epoch: 43/200 Train accuracy: 6.33462e-01 Validation accuracy: 6.31000e-01 Loss 1.10817e-02 Time taken: 1.54 seconds 
Epoch: 44/200 Train accuracy: 6.31609e-01 Validation accuracy: 6.31000e-01 Loss 1.10921e-02 Time taken: 1.54 seconds 
Epoch: 45/200 Train accuracy: 6.35385e-01 Validation accuracy: 6.30667e-01 Loss 1.10673e-02 Time taken: 1.54 seconds 
Epoch: 46/200 Train accuracy: 6.33034e-01 Validation accuracy: 6.29667e-01 Loss 1.10835e-02 Time taken: 1.54 seconds 
Epoch: 47/200 Train accuracy: 6.34459e-01 Validation accuracy: 6.28333e-01 Loss 1.10737e-02 Time taken: 1.55 seconds 
Epoch: 48/200 Train accuracy: 6.33604e-01 Validation accuracy: 6.31333e-01 Loss 1.10793e-02 Time taken: 1.54 seconds 
Epoch: 49/200 Train accuracy: 6.33818e-01 Validation accuracy: 6.32333e-01 Loss 1.10720e-02 Time taken: 1.54 seconds 
Epoch: 50/200 Train accuracy: 6.34459e-01 Validation accuracy: 6.32667e-01 Loss 1.10687e-02 Time taken: 1.54 seconds 
Epoch: 51/200 Train accuracy: 6.33462e-01 Validation accuracy: 6.31000e-01 Loss 1.10765e-02 Time taken: 1.54 seconds 
Epoch: 52/200 Train accuracy: 6.34388e-01 Validation accuracy: 6.30667e-01 Loss 1.10627e-02 Time taken: 1.54 seconds 
Epoch: 53/200 Train accuracy: 6.35599e-01 Validation accuracy: 6.33000e-01 Loss 1.10603e-02 Time taken: 1.54 seconds 
Epoch: 54/200 Train accuracy: 6.34103e-01 Validation accuracy: 6.30667e-01 Loss 1.10709e-02 Time taken: 1.54 seconds 
Epoch: 55/200 Train accuracy: 6.36169e-01 Validation accuracy: 6.32000e-01 Loss 1.10635e-02 Time taken: 1.54 seconds 
Epoch: 56/200 Train accuracy: 6.33105e-01 Validation accuracy: 6.30333e-01 Loss 1.10628e-02 Time taken: 1.54 seconds 
Epoch: 57/200 Train accuracy: 6.36597e-01 Validation accuracy: 6.34667e-01 Loss 1.10564e-02 Time taken: 1.54 seconds 
Epoch: 58/200 Train accuracy: 6.35956e-01 Validation accuracy: 6.29667e-01 Loss 1.10598e-02 Time taken: 1.54 seconds 
Epoch: 59/200 Train accuracy: 6.36241e-01 Validation accuracy: 6.32333e-01 Loss 1.10552e-02 Time taken: 1.54 seconds 
Epoch: 60/200 Train accuracy: 6.36169e-01 Validation accuracy: 6.31333e-01 Loss 1.10486e-02 Time taken: 1.54 seconds 
Epoch: 61/200 Train accuracy: 6.35599e-01 Validation accuracy: 6.34000e-01 Loss 1.10506e-02 Time taken: 1.56 seconds 
Epoch: 62/200 Train accuracy: 6.36098e-01 Validation accuracy: 6.31667e-01 Loss 1.10479e-02 Time taken: 1.54 seconds 
Epoch: 63/200 Train accuracy: 6.35956e-01 Validation accuracy: 6.33667e-01 Loss 1.10490e-02 Time taken: 1.54 seconds 
Epoch: 64/200 Train accuracy: 6.38093e-01 Validation accuracy: 6.32333e-01 Loss 1.10380e-02 Time taken: 1.54 seconds 
Epoch: 65/200 Train accuracy: 6.36526e-01 Validation accuracy: 6.35000e-01 Loss 1.10538e-02 Time taken: 1.55 seconds 
Epoch: 66/200 Train accuracy: 6.36811e-01 Validation accuracy: 6.35000e-01 Loss 1.10564e-02 Time taken: 1.54 seconds 
Epoch: 67/200 Train accuracy: 6.35172e-01 Validation accuracy: 6.33333e-01 Loss 1.10529e-02 Time taken: 1.55 seconds 
Epoch: 68/200 Train accuracy: 6.36811e-01 Validation accuracy: 6.34333e-01 Loss 1.10340e-02 Time taken: 1.54 seconds 
Epoch: 69/200 Train accuracy: 6.38164e-01 Validation accuracy: 6.29667e-01 Loss 1.10454e-02 Time taken: 1.54 seconds 
Epoch: 70/200 Train accuracy: 6.34530e-01 Validation accuracy: 6.30667e-01 Loss 1.10511e-02 Time taken: 1.54 seconds 
Epoch: 71/200 Train accuracy: 6.38093e-01 Validation accuracy: 6.31333e-01 Loss 1.10418e-02 Time taken: 1.57 seconds 
Epoch: 72/200 Train accuracy: 6.36526e-01 Validation accuracy: 6.33667e-01 Loss 1.10419e-02 Time taken: 1.56 seconds 
Epoch: 73/200 Train accuracy: 6.35457e-01 Validation accuracy: 6.33667e-01 Loss 1.10468e-02 Time taken: 1.56 seconds 
Epoch: 74/200 Train accuracy: 6.45076e-01 Validation accuracy: 6.69333e-01 Loss 1.09522e-02 Time taken: 1.56 seconds 
Epoch: 75/200 Train accuracy: 6.74790e-01 Validation accuracy: 6.80333e-01 Loss 1.07332e-02 Time taken: 1.55 seconds 
Epoch: 76/200 Train accuracy: 6.80775e-01 Validation accuracy: 6.84000e-01 Loss 1.06852e-02 Time taken: 1.54 seconds 
Epoch: 77/200 Train accuracy: 6.87260e-01 Validation accuracy: 6.88667e-01 Loss 1.06513e-02 Time taken: 1.55 seconds 
Epoch: 78/200 Train accuracy: 6.87260e-01 Validation accuracy: 6.96000e-01 Loss 1.06492e-02 Time taken: 1.55 seconds 
Epoch: 79/200 Train accuracy: 6.92889e-01 Validation accuracy: 6.89667e-01 Loss 1.06310e-02 Time taken: 1.55 seconds 
Epoch: 80/200 Train accuracy: 6.94670e-01 Validation accuracy: 6.89000e-01 Loss 1.06150e-02 Time taken: 1.54 seconds 
Epoch: 81/200 Train accuracy: 6.92105e-01 Validation accuracy: 6.92667e-01 Loss 1.06190e-02 Time taken: 1.55 seconds 
Epoch: 82/200 Train accuracy: 6.95240e-01 Validation accuracy: 6.96667e-01 Loss 1.06107e-02 Time taken: 1.55 seconds 
Epoch: 83/200 Train accuracy: 6.95739e-01 Validation accuracy: 6.98333e-01 Loss 1.05962e-02 Time taken: 1.55 seconds 
Epoch: 84/200 Train accuracy: 6.98162e-01 Validation accuracy: 6.85000e-01 Loss 1.05869e-02 Time taken: 1.55 seconds 
Epoch: 85/200 Train accuracy: 6.97093e-01 Validation accuracy: 6.99667e-01 Loss 1.05853e-02 Time taken: 1.57 seconds 
Epoch: 86/200 Train accuracy: 6.96879e-01 Validation accuracy: 6.95333e-01 Loss 1.05828e-02 Time taken: 1.54 seconds 
Epoch: 87/200 Train accuracy: 6.98518e-01 Validation accuracy: 6.95667e-01 Loss 1.05806e-02 Time taken: 1.54 seconds 
Epoch: 88/200 Train accuracy: 6.97520e-01 Validation accuracy: 7.01000e-01 Loss 1.05813e-02 Time taken: 1.54 seconds 
Epoch: 89/200 Train accuracy: 7.01511e-01 Validation accuracy: 7.01667e-01 Loss 1.05689e-02 Time taken: 1.55 seconds 
Epoch: 90/200 Train accuracy: 6.99943e-01 Validation accuracy: 7.00667e-01 Loss 1.05686e-02 Time taken: 1.54 seconds 
Epoch: 91/200 Train accuracy: 7.01511e-01 Validation accuracy: 7.02333e-01 Loss 1.05527e-02 Time taken: 1.54 seconds 
Epoch: 92/200 Train accuracy: 7.00299e-01 Validation accuracy: 6.98000e-01 Loss 1.05529e-02 Time taken: 1.54 seconds 
Epoch: 93/200 Train accuracy: 7.01297e-01 Validation accuracy: 6.96667e-01 Loss 1.05615e-02 Time taken: 1.54 seconds 
Epoch: 94/200 Train accuracy: 7.00798e-01 Validation accuracy: 7.02333e-01 Loss 1.05507e-02 Time taken: 1.54 seconds 
Epoch: 95/200 Train accuracy: 7.01653e-01 Validation accuracy: 7.02667e-01 Loss 1.05606e-02 Time taken: 1.55 seconds 
Epoch: 96/200 Train accuracy: 7.01439e-01 Validation accuracy: 7.00333e-01 Loss 1.05588e-02 Time taken: 1.54 seconds 
Epoch: 97/200 Train accuracy: 7.02152e-01 Validation accuracy: 7.01000e-01 Loss 1.05519e-02 Time taken: 1.55 seconds 
Epoch: 98/200 Train accuracy: 7.03363e-01 Validation accuracy: 7.05667e-01 Loss 1.05507e-02 Time taken: 1.54 seconds 
Epoch: 99/200 Train accuracy: 7.02294e-01 Validation accuracy: 7.06000e-01 Loss 1.05478e-02 Time taken: 1.55 seconds 
Epoch: 100/200 Train accuracy: 7.01938e-01 Validation accuracy: 6.93667e-01 Loss 1.05537e-02 Time taken: 1.55 seconds 
Epoch: 101/200 Train accuracy: 7.00228e-01 Validation accuracy: 6.98333e-01 Loss 1.05466e-02 Time taken: 1.57 seconds 
Epoch: 102/200 Train accuracy: 7.02152e-01 Validation accuracy: 6.99667e-01 Loss 1.05438e-02 Time taken: 1.54 seconds 
Epoch: 103/200 Train accuracy: 7.02294e-01 Validation accuracy: 7.04333e-01 Loss 1.05470e-02 Time taken: 1.55 seconds 
Epoch: 104/200 Train accuracy: 7.04147e-01 Validation accuracy: 7.08000e-01 Loss 1.05323e-02 Time taken: 1.54 seconds 
Epoch: 105/200 Train accuracy: 7.03506e-01 Validation accuracy: 6.92000e-01 Loss 1.05425e-02 Time taken: 1.55 seconds 
Epoch: 106/200 Train accuracy: 7.02651e-01 Validation accuracy: 7.01000e-01 Loss 1.05415e-02 Time taken: 1.54 seconds 
Epoch: 107/200 Train accuracy: 7.01297e-01 Validation accuracy: 7.02000e-01 Loss 1.05450e-02 Time taken: 1.54 seconds 
Epoch: 108/200 Train accuracy: 7.03078e-01 Validation accuracy: 6.97000e-01 Loss 1.05409e-02 Time taken: 1.53 seconds 
Epoch: 109/200 Train accuracy: 7.01012e-01 Validation accuracy: 7.05333e-01 Loss 1.05389e-02 Time taken: 1.54 seconds 
Epoch: 110/200 Train accuracy: 7.04076e-01 Validation accuracy: 7.04667e-01 Loss 1.05300e-02 Time taken: 1.54 seconds 
Epoch: 111/200 Train accuracy: 7.06213e-01 Validation accuracy: 6.98333e-01 Loss 1.05268e-02 Time taken: 1.55 seconds 
Epoch: 112/200 Train accuracy: 7.06285e-01 Validation accuracy: 6.93667e-01 Loss 1.05183e-02 Time taken: 1.54 seconds 
Epoch: 113/200 Train accuracy: 7.05002e-01 Validation accuracy: 7.06333e-01 Loss 1.05136e-02 Time taken: 1.55 seconds 
Epoch: 114/200 Train accuracy: 7.10346e-01 Validation accuracy: 7.00667e-01 Loss 1.05047e-02 Time taken: 1.54 seconds 
Epoch: 115/200 Train accuracy: 7.06641e-01 Validation accuracy: 7.05667e-01 Loss 1.05206e-02 Time taken: 1.55 seconds 
Epoch: 116/200 Train accuracy: 7.07211e-01 Validation accuracy: 7.04667e-01 Loss 1.05167e-02 Time taken: 1.54 seconds 
Epoch: 117/200 Train accuracy: 7.06071e-01 Validation accuracy: 7.06000e-01 Loss 1.05228e-02 Time taken: 1.56 seconds 
Epoch: 118/200 Train accuracy: 7.04860e-01 Validation accuracy: 7.05667e-01 Loss 1.05110e-02 Time taken: 1.55 seconds 
Epoch: 119/200 Train accuracy: 7.03648e-01 Validation accuracy: 7.07333e-01 Loss 1.05287e-02 Time taken: 1.54 seconds 
Epoch: 120/200 Train accuracy: 7.05643e-01 Validation accuracy: 7.03333e-01 Loss 1.05127e-02 Time taken: 1.54 seconds 
Epoch: 121/200 Train accuracy: 7.06427e-01 Validation accuracy: 7.06333e-01 Loss 1.05135e-02 Time taken: 1.55 seconds 
Epoch: 122/200 Train accuracy: 7.04076e-01 Validation accuracy: 7.05667e-01 Loss 1.05251e-02 Time taken: 1.54 seconds 
Epoch: 123/200 Train accuracy: 7.05928e-01 Validation accuracy: 6.99667e-01 Loss 1.05037e-02 Time taken: 1.54 seconds 
Epoch: 124/200 Train accuracy: 7.07069e-01 Validation accuracy: 6.98667e-01 Loss 1.05047e-02 Time taken: 1.55 seconds 
Epoch: 125/200 Train accuracy: 7.06285e-01 Validation accuracy: 7.09333e-01 Loss 1.05046e-02 Time taken: 1.55 seconds 
Epoch: 126/200 Train accuracy: 7.06997e-01 Validation accuracy: 7.03000e-01 Loss 1.05028e-02 Time taken: 1.54 seconds 
Epoch: 127/200 Train accuracy: 7.05216e-01 Validation accuracy: 7.06333e-01 Loss 1.05119e-02 Time taken: 1.55 seconds 
Epoch: 128/200 Train accuracy: 7.07639e-01 Validation accuracy: 7.04667e-01 Loss 1.05069e-02 Time taken: 1.54 seconds 
Epoch: 129/200 Train accuracy: 7.06926e-01 Validation accuracy: 7.09333e-01 Loss 1.05037e-02 Time taken: 1.54 seconds 
Epoch: 130/200 Train accuracy: 7.05287e-01 Validation accuracy: 7.06333e-01 Loss 1.05028e-02 Time taken: 1.54 seconds 
Epoch: 131/200 Train accuracy: 7.09919e-01 Validation accuracy: 7.04000e-01 Loss 1.04876e-02 Time taken: 1.55 seconds 
Epoch: 132/200 Train accuracy: 7.06997e-01 Validation accuracy: 7.09667e-01 Loss 1.04952e-02 Time taken: 1.54 seconds 
Epoch: 133/200 Train accuracy: 7.07852e-01 Validation accuracy: 7.06333e-01 Loss 1.05041e-02 Time taken: 1.55 seconds 
Epoch: 134/200 Train accuracy: 7.07282e-01 Validation accuracy: 7.07333e-01 Loss 1.05016e-02 Time taken: 1.54 seconds 
Epoch: 135/200 Train accuracy: 7.08351e-01 Validation accuracy: 7.07000e-01 Loss 1.04883e-02 Time taken: 1.55 seconds 
Epoch: 136/200 Train accuracy: 7.07639e-01 Validation accuracy: 7.09333e-01 Loss 1.04919e-02 Time taken: 1.54 seconds 
Epoch: 137/200 Train accuracy: 7.09135e-01 Validation accuracy: 7.09667e-01 Loss 1.04932e-02 Time taken: 1.54 seconds 
Epoch: 138/200 Train accuracy: 7.04290e-01 Validation accuracy: 7.10333e-01 Loss 1.05151e-02 Time taken: 1.54 seconds 
Epoch: 139/200 Train accuracy: 7.10916e-01 Validation accuracy: 7.07000e-01 Loss 1.04791e-02 Time taken: 1.55 seconds 
Epoch: 140/200 Train accuracy: 7.05857e-01 Validation accuracy: 6.97000e-01 Loss 1.05045e-02 Time taken: 1.54 seconds 
Epoch: 141/200 Train accuracy: 7.06712e-01 Validation accuracy: 7.08000e-01 Loss 1.05022e-02 Time taken: 1.55 seconds 
Epoch: 142/200 Train accuracy: 7.09919e-01 Validation accuracy: 7.08000e-01 Loss 1.04966e-02 Time taken: 1.54 seconds 
Epoch: 143/200 Train accuracy: 7.08209e-01 Validation accuracy: 7.02000e-01 Loss 1.04982e-02 Time taken: 1.55 seconds 
Epoch: 144/200 Train accuracy: 7.06641e-01 Validation accuracy: 7.07000e-01 Loss 1.04975e-02 Time taken: 1.54 seconds 
Epoch: 145/200 Train accuracy: 7.08779e-01 Validation accuracy: 7.00333e-01 Loss 1.04928e-02 Time taken: 1.54 seconds 
Epoch: 146/200 Train accuracy: 7.07140e-01 Validation accuracy: 7.07667e-01 Loss 1.04986e-02 Time taken: 1.55 seconds 
Epoch: 147/200 Train accuracy: 7.06712e-01 Validation accuracy: 7.04667e-01 Loss 1.04960e-02 Time taken: 1.55 seconds 
Epoch: 148/200 Train accuracy: 7.04575e-01 Validation accuracy: 7.04333e-01 Loss 1.05024e-02 Time taken: 1.55 seconds 
Epoch: 149/200 Train accuracy: 7.06142e-01 Validation accuracy: 7.10000e-01 Loss 1.04988e-02 Time taken: 1.55 seconds 
Epoch: 150/200 Train accuracy: 7.13838e-01 Validation accuracy: 7.05333e-01 Loss 1.04697e-02 Time taken: 1.55 seconds 
Epoch: 151/200 Train accuracy: 7.06926e-01 Validation accuracy: 7.05333e-01 Loss 1.04965e-02 Time taken: 1.54 seconds 
Epoch: 152/200 Train accuracy: 7.08707e-01 Validation accuracy: 7.10667e-01 Loss 1.04795e-02 Time taken: 1.55 seconds 
Epoch: 153/200 Train accuracy: 7.09776e-01 Validation accuracy: 7.07667e-01 Loss 1.04838e-02 Time taken: 1.55 seconds 
Epoch: 154/200 Train accuracy: 7.08209e-01 Validation accuracy: 7.07667e-01 Loss 1.04886e-02 Time taken: 1.54 seconds 
Epoch: 155/200 Train accuracy: 7.06641e-01 Validation accuracy: 7.10000e-01 Loss 1.04883e-02 Time taken: 1.55 seconds 
Epoch: 156/200 Train accuracy: 7.11700e-01 Validation accuracy: 7.06333e-01 Loss 1.04669e-02 Time taken: 1.55 seconds 
Epoch: 157/200 Train accuracy: 7.09491e-01 Validation accuracy: 7.10000e-01 Loss 1.04845e-02 Time taken: 1.55 seconds 
Epoch: 158/200 Train accuracy: 7.08137e-01 Validation accuracy: 7.03667e-01 Loss 1.04881e-02 Time taken: 1.54 seconds 
Epoch: 159/200 Train accuracy: 7.08636e-01 Validation accuracy: 7.11667e-01 Loss 1.04840e-02 Time taken: 1.56 seconds 
Epoch: 160/200 Train accuracy: 7.12912e-01 Validation accuracy: 7.06333e-01 Loss 1.04703e-02 Time taken: 1.55 seconds 
Epoch: 161/200 Train accuracy: 7.09848e-01 Validation accuracy: 7.06333e-01 Loss 1.04842e-02 Time taken: 1.55 seconds 
Epoch: 162/200 Train accuracy: 7.11273e-01 Validation accuracy: 7.09333e-01 Loss 1.04649e-02 Time taken: 1.55 seconds 
Epoch: 163/200 Train accuracy: 7.10845e-01 Validation accuracy: 7.07333e-01 Loss 1.04638e-02 Time taken: 1.56 seconds 
Epoch: 164/200 Train accuracy: 7.10560e-01 Validation accuracy: 7.09333e-01 Loss 1.04728e-02 Time taken: 1.55 seconds 
Epoch: 165/200 Train accuracy: 7.10631e-01 Validation accuracy: 7.06667e-01 Loss 1.04774e-02 Time taken: 1.55 seconds 
Epoch: 166/200 Train accuracy: 7.09206e-01 Validation accuracy: 7.08667e-01 Loss 1.04741e-02 Time taken: 1.54 seconds 
Epoch: 167/200 Train accuracy: 7.11914e-01 Validation accuracy: 7.10333e-01 Loss 1.04657e-02 Time taken: 1.56 seconds 
Epoch: 168/200 Train accuracy: 7.07496e-01 Validation accuracy: 7.13000e-01 Loss 1.04840e-02 Time taken: 1.54 seconds 
Epoch: 169/200 Train accuracy: 7.10061e-01 Validation accuracy: 7.13667e-01 Loss 1.04813e-02 Time taken: 1.55 seconds 
Epoch: 170/200 Train accuracy: 7.09919e-01 Validation accuracy: 7.08667e-01 Loss 1.04759e-02 Time taken: 1.54 seconds 
Epoch: 171/200 Train accuracy: 7.10418e-01 Validation accuracy: 7.11667e-01 Loss 1.04766e-02 Time taken: 1.55 seconds 
Epoch: 172/200 Train accuracy: 7.10631e-01 Validation accuracy: 7.11667e-01 Loss 1.04674e-02 Time taken: 1.54 seconds 
Epoch: 173/200 Train accuracy: 7.12199e-01 Validation accuracy: 7.08333e-01 Loss 1.04681e-02 Time taken: 1.55 seconds 
Epoch: 174/200 Train accuracy: 7.07354e-01 Validation accuracy: 7.05000e-01 Loss 1.04801e-02 Time taken: 1.54 seconds 
Epoch: 175/200 Train accuracy: 7.12413e-01 Validation accuracy: 7.08667e-01 Loss 1.04677e-02 Time taken: 1.54 seconds 
Epoch: 176/200 Train accuracy: 7.12983e-01 Validation accuracy: 7.06333e-01 Loss 1.04594e-02 Time taken: 1.54 seconds 
Epoch: 177/200 Train accuracy: 7.10418e-01 Validation accuracy: 7.10667e-01 Loss 1.04664e-02 Time taken: 1.54 seconds 
Epoch: 178/200 Train accuracy: 7.12341e-01 Validation accuracy: 7.12000e-01 Loss 1.04607e-02 Time taken: 1.54 seconds 
Epoch: 179/200 Train accuracy: 7.13268e-01 Validation accuracy: 7.08667e-01 Loss 1.04597e-02 Time taken: 1.54 seconds 
Epoch: 180/200 Train accuracy: 7.10346e-01 Validation accuracy: 7.07000e-01 Loss 1.04699e-02 Time taken: 1.55 seconds 
Epoch: 181/200 Train accuracy: 7.09919e-01 Validation accuracy: 7.09333e-01 Loss 1.04715e-02 Time taken: 1.56 seconds 
Epoch: 182/200 Train accuracy: 7.10845e-01 Validation accuracy: 7.07667e-01 Loss 1.04669e-02 Time taken: 1.54 seconds 
Epoch: 183/200 Train accuracy: 7.07995e-01 Validation accuracy: 7.07667e-01 Loss 1.04697e-02 Time taken: 1.55 seconds 
Epoch: 184/200 Train accuracy: 7.11415e-01 Validation accuracy: 7.07000e-01 Loss 1.04580e-02 Time taken: 1.55 seconds 
Epoch: 185/200 Train accuracy: 7.11486e-01 Validation accuracy: 7.13333e-01 Loss 1.04651e-02 Time taken: 1.56 seconds 
Epoch: 186/200 Train accuracy: 7.10560e-01 Validation accuracy: 7.08667e-01 Loss 1.04659e-02 Time taken: 1.55 seconds 
Epoch: 187/200 Train accuracy: 7.09420e-01 Validation accuracy: 7.12333e-01 Loss 1.04777e-02 Time taken: 1.54 seconds 
Epoch: 188/200 Train accuracy: 7.13695e-01 Validation accuracy: 7.11667e-01 Loss 1.04559e-02 Time taken: 1.54 seconds 
Epoch: 189/200 Train accuracy: 7.08565e-01 Validation accuracy: 7.04333e-01 Loss 1.04781e-02 Time taken: 1.54 seconds 
Epoch: 190/200 Train accuracy: 7.11344e-01 Validation accuracy: 7.13333e-01 Loss 1.04591e-02 Time taken: 1.54 seconds 
Epoch: 191/200 Train accuracy: 7.12840e-01 Validation accuracy: 7.08000e-01 Loss 1.04643e-02 Time taken: 1.55 seconds 
Epoch: 192/200 Train accuracy: 7.11415e-01 Validation accuracy: 7.11667e-01 Loss 1.04609e-02 Time taken: 1.54 seconds 
Epoch: 193/200 Train accuracy: 7.12056e-01 Validation accuracy: 7.13333e-01 Loss 1.04634e-02 Time taken: 1.55 seconds 
Epoch: 194/200 Train accuracy: 7.10418e-01 Validation accuracy: 7.12000e-01 Loss 1.04652e-02 Time taken: 1.55 seconds 
Epoch: 195/200 Train accuracy: 7.11201e-01 Validation accuracy: 7.06000e-01 Loss 1.04563e-02 Time taken: 1.55 seconds 
Epoch: 196/200 Train accuracy: 7.13197e-01 Validation accuracy: 7.04667e-01 Loss 1.04486e-02 Time taken: 1.54 seconds 
Epoch: 197/200 Train accuracy: 7.12199e-01 Validation accuracy: 7.11333e-01 Loss 1.04488e-02 Time taken: 1.54 seconds 
Epoch: 198/200 Train accuracy: 7.10275e-01 Validation accuracy: 7.12000e-01 Loss 1.04595e-02 Time taken: 1.55 seconds 
Epoch: 199/200 Train accuracy: 7.10845e-01 Validation accuracy: 7.09333e-01 Loss 1.04659e-02 Time taken: 1.55 seconds 
Epoch: 200/200 Train accuracy: 7.11201e-01 Validation accuracy: 7.09333e-01 Loss 1.04573e-02 Time taken: 1.54 seconds 
Total time taken 0:05:10.182347
Cleaning up intermediate feature (.pt) files
Done


working on file logs_PKT_full/iic-train-L2-seed21/jepa-iic-L2-ep300.pth.tar ...
