Directory classifiers/jepa-iic-L2-seed-10-classifier-pretrained-vitb-normalized-ep300 for saving the classifiers is now present
VisionTransformer(
  (patch_embed): PatchEmbed(
    (proj): Conv2d(3, 768, kernel_size=(15, 15), stride=(15, 15))
  )
  (blocks): ModuleList(
    (0-11): 12 x Block(
      (norm1): LayerNorm((768,), eps=1e-06, elementwise_affine=True)
      (attn): Attention(
        (qkv): Linear(in_features=768, out_features=2304, bias=True)
        (attn_drop): Dropout(p=0.0, inplace=False)
        (proj): Linear(in_features=768, out_features=768, bias=True)
        (proj_drop): Dropout(p=0.0, inplace=False)
      )
      (drop_path): Identity()
      (norm2): LayerNorm((768,), eps=1e-06, elementwise_affine=True)
      (mlp): MLP(
        (fc1): Linear(in_features=768, out_features=3072, bias=True)
        (act): GELU(approximate='none')
        (fc2): Linear(in_features=3072, out_features=768, bias=True)
        (drop): Dropout(p=0.0, inplace=False)
      )
    )
  )
  (norm): LayerNorm((768,), eps=1e-06, elementwise_affine=True)
)
Extracting features and saving them locally..
Epoch: 1/200 Train accuracy: 3.77227e-01 Validation accuracy: 5.80000e-01 Loss 1.30388e-02 Time taken: 1.52 seconds 
Epoch: 2/200 Train accuracy: 5.40402e-01 Validation accuracy: 5.97667e-01 Loss 1.18945e-02 Time taken: 1.55 seconds 
Epoch: 3/200 Train accuracy: 5.96908e-01 Validation accuracy: 6.48000e-01 Loss 1.14721e-02 Time taken: 1.51 seconds 
Epoch: 4/200 Train accuracy: 6.35172e-01 Validation accuracy: 6.56000e-01 Loss 1.12000e-02 Time taken: 1.52 seconds 
Epoch: 5/200 Train accuracy: 6.53271e-01 Validation accuracy: 6.63000e-01 Loss 1.10505e-02 Time taken: 1.51 seconds 
Epoch: 6/200 Train accuracy: 6.58615e-01 Validation accuracy: 6.67000e-01 Loss 1.09765e-02 Time taken: 1.51 seconds 
Epoch: 7/200 Train accuracy: 6.63318e-01 Validation accuracy: 6.73000e-01 Loss 1.09176e-02 Time taken: 1.50 seconds 
Epoch: 8/200 Train accuracy: 6.72438e-01 Validation accuracy: 6.78333e-01 Loss 1.08700e-02 Time taken: 1.51 seconds 
Epoch: 9/200 Train accuracy: 6.81060e-01 Validation accuracy: 6.85333e-01 Loss 1.08070e-02 Time taken: 1.51 seconds 
Epoch: 10/200 Train accuracy: 6.82557e-01 Validation accuracy: 6.87667e-01 Loss 1.07883e-02 Time taken: 1.50 seconds 
Epoch: 11/200 Train accuracy: 6.81559e-01 Validation accuracy: 6.91667e-01 Loss 1.07602e-02 Time taken: 1.51 seconds 
Epoch: 12/200 Train accuracy: 6.86404e-01 Validation accuracy: 6.90000e-01 Loss 1.07321e-02 Time taken: 1.51 seconds 
Epoch: 13/200 Train accuracy: 6.90466e-01 Validation accuracy: 6.91333e-01 Loss 1.07054e-02 Time taken: 1.50 seconds 
Epoch: 14/200 Train accuracy: 6.93601e-01 Validation accuracy: 6.99667e-01 Loss 1.06848e-02 Time taken: 1.51 seconds 
Epoch: 15/200 Train accuracy: 6.94100e-01 Validation accuracy: 6.99667e-01 Loss 1.06723e-02 Time taken: 1.50 seconds 
Epoch: 16/200 Train accuracy: 6.95668e-01 Validation accuracy: 6.89667e-01 Loss 1.06565e-02 Time taken: 1.51 seconds 
Epoch: 17/200 Train accuracy: 6.96309e-01 Validation accuracy: 7.01000e-01 Loss 1.06422e-02 Time taken: 1.49 seconds 
Epoch: 18/200 Train accuracy: 6.98090e-01 Validation accuracy: 7.00333e-01 Loss 1.06293e-02 Time taken: 1.51 seconds 
Epoch: 19/200 Train accuracy: 6.99017e-01 Validation accuracy: 6.96333e-01 Loss 1.06202e-02 Time taken: 1.52 seconds 
Epoch: 20/200 Train accuracy: 7.02294e-01 Validation accuracy: 6.98667e-01 Loss 1.06065e-02 Time taken: 1.50 seconds 
Epoch: 21/200 Train accuracy: 6.97235e-01 Validation accuracy: 7.04000e-01 Loss 1.06124e-02 Time taken: 1.52 seconds 
Epoch: 22/200 Train accuracy: 7.02081e-01 Validation accuracy: 7.03667e-01 Loss 1.05910e-02 Time taken: 1.52 seconds 
Epoch: 23/200 Train accuracy: 7.00371e-01 Validation accuracy: 7.06000e-01 Loss 1.05964e-02 Time taken: 1.52 seconds 
Epoch: 24/200 Train accuracy: 7.02366e-01 Validation accuracy: 7.03000e-01 Loss 1.05668e-02 Time taken: 1.51 seconds 
Epoch: 25/200 Train accuracy: 7.04432e-01 Validation accuracy: 7.07333e-01 Loss 1.05638e-02 Time taken: 1.50 seconds 
Epoch: 26/200 Train accuracy: 7.03007e-01 Validation accuracy: 7.02333e-01 Loss 1.05660e-02 Time taken: 1.51 seconds 
Epoch: 27/200 Train accuracy: 7.04575e-01 Validation accuracy: 7.03333e-01 Loss 1.05651e-02 Time taken: 1.50 seconds 
Epoch: 28/200 Train accuracy: 7.09420e-01 Validation accuracy: 7.06333e-01 Loss 1.05381e-02 Time taken: 1.51 seconds 
Epoch: 29/200 Train accuracy: 7.06570e-01 Validation accuracy: 7.12000e-01 Loss 1.05342e-02 Time taken: 1.51 seconds 
Epoch: 30/200 Train accuracy: 7.09634e-01 Validation accuracy: 7.08667e-01 Loss 1.05262e-02 Time taken: 1.49 seconds 
Epoch: 31/200 Train accuracy: 7.08280e-01 Validation accuracy: 7.12667e-01 Loss 1.05314e-02 Time taken: 1.51 seconds 
Epoch: 32/200 Train accuracy: 7.08565e-01 Validation accuracy: 7.12000e-01 Loss 1.05268e-02 Time taken: 1.52 seconds 
Epoch: 33/200 Train accuracy: 7.08707e-01 Validation accuracy: 7.09667e-01 Loss 1.05262e-02 Time taken: 1.50 seconds 
Epoch: 34/200 Train accuracy: 7.12484e-01 Validation accuracy: 7.10333e-01 Loss 1.05054e-02 Time taken: 1.51 seconds 
Epoch: 35/200 Train accuracy: 7.06071e-01 Validation accuracy: 7.13667e-01 Loss 1.05256e-02 Time taken: 1.51 seconds 
Epoch: 36/200 Train accuracy: 7.09064e-01 Validation accuracy: 7.07000e-01 Loss 1.05001e-02 Time taken: 1.51 seconds 
Epoch: 37/200 Train accuracy: 7.12128e-01 Validation accuracy: 7.14667e-01 Loss 1.04940e-02 Time taken: 1.50 seconds 
Epoch: 38/200 Train accuracy: 7.10061e-01 Validation accuracy: 7.14667e-01 Loss 1.05037e-02 Time taken: 1.52 seconds 
Epoch: 39/200 Train accuracy: 7.07710e-01 Validation accuracy: 7.19667e-01 Loss 1.05025e-02 Time taken: 1.51 seconds 
Epoch: 40/200 Train accuracy: 7.11558e-01 Validation accuracy: 7.14000e-01 Loss 1.04978e-02 Time taken: 1.50 seconds 
Epoch: 41/200 Train accuracy: 7.09420e-01 Validation accuracy: 7.16000e-01 Loss 1.04915e-02 Time taken: 1.50 seconds 
Epoch: 42/200 Train accuracy: 7.11700e-01 Validation accuracy: 7.16000e-01 Loss 1.04838e-02 Time taken: 1.51 seconds 
Epoch: 43/200 Train accuracy: 7.09634e-01 Validation accuracy: 7.14000e-01 Loss 1.04877e-02 Time taken: 1.50 seconds 
Epoch: 44/200 Train accuracy: 7.12128e-01 Validation accuracy: 7.14667e-01 Loss 1.04866e-02 Time taken: 1.51 seconds 
Epoch: 45/200 Train accuracy: 7.12413e-01 Validation accuracy: 7.17333e-01 Loss 1.04767e-02 Time taken: 1.51 seconds 
Epoch: 46/200 Train accuracy: 7.12840e-01 Validation accuracy: 7.16000e-01 Loss 1.04705e-02 Time taken: 1.52 seconds 
Epoch: 47/200 Train accuracy: 7.13410e-01 Validation accuracy: 7.15333e-01 Loss 1.04661e-02 Time taken: 1.51 seconds 
Epoch: 48/200 Train accuracy: 7.15762e-01 Validation accuracy: 7.17667e-01 Loss 1.04620e-02 Time taken: 1.51 seconds 
Epoch: 49/200 Train accuracy: 7.18683e-01 Validation accuracy: 7.14000e-01 Loss 1.04453e-02 Time taken: 1.51 seconds 
Epoch: 50/200 Train accuracy: 7.16189e-01 Validation accuracy: 7.16000e-01 Loss 1.04620e-02 Time taken: 1.50 seconds 
Epoch: 51/200 Train accuracy: 7.15049e-01 Validation accuracy: 7.12333e-01 Loss 1.04591e-02 Time taken: 1.50 seconds 
Epoch: 52/200 Train accuracy: 7.13838e-01 Validation accuracy: 7.17000e-01 Loss 1.04739e-02 Time taken: 1.52 seconds 
Epoch: 53/200 Train accuracy: 7.12769e-01 Validation accuracy: 7.21000e-01 Loss 1.04571e-02 Time taken: 1.50 seconds 
Epoch: 54/200 Train accuracy: 7.16189e-01 Validation accuracy: 7.18000e-01 Loss 1.04610e-02 Time taken: 1.51 seconds 
Epoch: 55/200 Train accuracy: 7.12199e-01 Validation accuracy: 7.14000e-01 Loss 1.04619e-02 Time taken: 1.51 seconds 
Epoch: 56/200 Train accuracy: 7.16759e-01 Validation accuracy: 7.20667e-01 Loss 1.04490e-02 Time taken: 1.51 seconds 
Epoch: 57/200 Train accuracy: 7.19324e-01 Validation accuracy: 7.17667e-01 Loss 1.04372e-02 Time taken: 1.49 seconds 
Epoch: 58/200 Train accuracy: 7.15049e-01 Validation accuracy: 7.13000e-01 Loss 1.04485e-02 Time taken: 1.51 seconds 
Epoch: 59/200 Train accuracy: 7.16403e-01 Validation accuracy: 7.16667e-01 Loss 1.04404e-02 Time taken: 1.51 seconds 
Epoch: 60/200 Train accuracy: 7.17899e-01 Validation accuracy: 7.18333e-01 Loss 1.04383e-02 Time taken: 1.50 seconds 
Epoch: 61/200 Train accuracy: 7.15405e-01 Validation accuracy: 7.23333e-01 Loss 1.04386e-02 Time taken: 1.50 seconds 
Epoch: 62/200 Train accuracy: 7.17543e-01 Validation accuracy: 7.22333e-01 Loss 1.04379e-02 Time taken: 1.51 seconds 
Epoch: 63/200 Train accuracy: 7.19467e-01 Validation accuracy: 7.16333e-01 Loss 1.04236e-02 Time taken: 1.49 seconds 
Epoch: 64/200 Train accuracy: 7.20037e-01 Validation accuracy: 7.12000e-01 Loss 1.04301e-02 Time taken: 1.50 seconds 
Epoch: 65/200 Train accuracy: 7.17187e-01 Validation accuracy: 7.18667e-01 Loss 1.04307e-02 Time taken: 1.50 seconds 
Epoch: 66/200 Train accuracy: 7.20536e-01 Validation accuracy: 7.16333e-01 Loss 1.04254e-02 Time taken: 1.50 seconds 
Epoch: 67/200 Train accuracy: 7.19681e-01 Validation accuracy: 7.20333e-01 Loss 1.04228e-02 Time taken: 1.50 seconds 
Epoch: 68/200 Train accuracy: 7.19681e-01 Validation accuracy: 7.21667e-01 Loss 1.04146e-02 Time taken: 1.50 seconds 
Epoch: 69/200 Train accuracy: 7.16759e-01 Validation accuracy: 7.21000e-01 Loss 1.04317e-02 Time taken: 1.50 seconds 
Epoch: 70/200 Train accuracy: 7.17116e-01 Validation accuracy: 7.17667e-01 Loss 1.04288e-02 Time taken: 1.50 seconds 
Epoch: 71/200 Train accuracy: 7.16688e-01 Validation accuracy: 7.20333e-01 Loss 1.04283e-02 Time taken: 1.50 seconds 
Epoch: 72/200 Train accuracy: 7.19324e-01 Validation accuracy: 7.21667e-01 Loss 1.04143e-02 Time taken: 1.51 seconds 
Epoch: 73/200 Train accuracy: 7.17614e-01 Validation accuracy: 7.22667e-01 Loss 1.04144e-02 Time taken: 1.51 seconds 
Epoch: 74/200 Train accuracy: 7.20892e-01 Validation accuracy: 7.19667e-01 Loss 1.04045e-02 Time taken: 1.51 seconds 
Epoch: 75/200 Train accuracy: 7.22816e-01 Validation accuracy: 7.20667e-01 Loss 1.04080e-02 Time taken: 1.50 seconds 
Epoch: 76/200 Train accuracy: 7.15975e-01 Validation accuracy: 7.23333e-01 Loss 1.04275e-02 Time taken: 1.51 seconds 
Epoch: 77/200 Train accuracy: 7.16332e-01 Validation accuracy: 7.19667e-01 Loss 1.04178e-02 Time taken: 1.50 seconds 
Epoch: 78/200 Train accuracy: 7.17472e-01 Validation accuracy: 7.23667e-01 Loss 1.04165e-02 Time taken: 1.50 seconds 
Epoch: 79/200 Train accuracy: 7.21391e-01 Validation accuracy: 7.25000e-01 Loss 1.03948e-02 Time taken: 1.50 seconds 
Epoch: 80/200 Train accuracy: 7.21320e-01 Validation accuracy: 7.22333e-01 Loss 1.03991e-02 Time taken: 1.51 seconds 
Epoch: 81/200 Train accuracy: 7.20322e-01 Validation accuracy: 7.23333e-01 Loss 1.04026e-02 Time taken: 1.51 seconds 
Epoch: 82/200 Train accuracy: 7.17187e-01 Validation accuracy: 7.22333e-01 Loss 1.04216e-02 Time taken: 1.51 seconds 
Epoch: 83/200 Train accuracy: 7.16973e-01 Validation accuracy: 7.23333e-01 Loss 1.04069e-02 Time taken: 1.50 seconds 
Epoch: 84/200 Train accuracy: 7.19538e-01 Validation accuracy: 7.18667e-01 Loss 1.04024e-02 Time taken: 1.51 seconds 
Epoch: 85/200 Train accuracy: 7.20108e-01 Validation accuracy: 7.27000e-01 Loss 1.03939e-02 Time taken: 1.51 seconds 
Epoch: 86/200 Train accuracy: 7.20750e-01 Validation accuracy: 7.24000e-01 Loss 1.03947e-02 Time taken: 1.51 seconds 
Epoch: 87/200 Train accuracy: 7.22246e-01 Validation accuracy: 7.23333e-01 Loss 1.03960e-02 Time taken: 1.49 seconds 
Epoch: 88/200 Train accuracy: 7.17329e-01 Validation accuracy: 7.23333e-01 Loss 1.04197e-02 Time taken: 1.50 seconds 
Epoch: 89/200 Train accuracy: 7.23030e-01 Validation accuracy: 7.23000e-01 Loss 1.03824e-02 Time taken: 1.51 seconds 
Epoch: 90/200 Train accuracy: 7.21747e-01 Validation accuracy: 7.22667e-01 Loss 1.03904e-02 Time taken: 1.49 seconds 
Epoch: 91/200 Train accuracy: 7.20037e-01 Validation accuracy: 7.22667e-01 Loss 1.03973e-02 Time taken: 1.50 seconds 
Epoch: 92/200 Train accuracy: 7.20251e-01 Validation accuracy: 7.26667e-01 Loss 1.03923e-02 Time taken: 1.50 seconds 
Epoch: 93/200 Train accuracy: 7.23101e-01 Validation accuracy: 7.14000e-01 Loss 1.03787e-02 Time taken: 1.50 seconds 
Epoch: 94/200 Train accuracy: 7.20536e-01 Validation accuracy: 7.25333e-01 Loss 1.04010e-02 Time taken: 1.51 seconds 
Epoch: 95/200 Train accuracy: 7.22317e-01 Validation accuracy: 7.25667e-01 Loss 1.03831e-02 Time taken: 1.50 seconds 
Epoch: 96/200 Train accuracy: 7.19681e-01 Validation accuracy: 7.22667e-01 Loss 1.04018e-02 Time taken: 1.50 seconds 
Epoch: 97/200 Train accuracy: 7.19966e-01 Validation accuracy: 7.24333e-01 Loss 1.03979e-02 Time taken: 1.50 seconds 
Epoch: 98/200 Train accuracy: 7.23457e-01 Validation accuracy: 7.24333e-01 Loss 1.03813e-02 Time taken: 1.51 seconds 
Epoch: 99/200 Train accuracy: 7.25452e-01 Validation accuracy: 7.26000e-01 Loss 1.03680e-02 Time taken: 1.51 seconds 
Epoch: 100/200 Train accuracy: 7.23172e-01 Validation accuracy: 7.22667e-01 Loss 1.03701e-02 Time taken: 1.49 seconds 
Epoch: 101/200 Train accuracy: 7.22816e-01 Validation accuracy: 7.25667e-01 Loss 1.03809e-02 Time taken: 1.52 seconds 
Epoch: 102/200 Train accuracy: 7.22032e-01 Validation accuracy: 7.23333e-01 Loss 1.03891e-02 Time taken: 1.50 seconds 
Epoch: 103/200 Train accuracy: 7.19823e-01 Validation accuracy: 7.18667e-01 Loss 1.03900e-02 Time taken: 1.50 seconds 
Epoch: 104/200 Train accuracy: 7.20251e-01 Validation accuracy: 7.25000e-01 Loss 1.03828e-02 Time taken: 1.50 seconds 
Epoch: 105/200 Train accuracy: 7.22816e-01 Validation accuracy: 7.25333e-01 Loss 1.03780e-02 Time taken: 1.50 seconds 
Epoch: 106/200 Train accuracy: 7.24597e-01 Validation accuracy: 7.25333e-01 Loss 1.03703e-02 Time taken: 1.50 seconds 
Epoch: 107/200 Train accuracy: 7.22460e-01 Validation accuracy: 7.21333e-01 Loss 1.03807e-02 Time taken: 1.50 seconds 
Epoch: 108/200 Train accuracy: 7.21177e-01 Validation accuracy: 7.21000e-01 Loss 1.03809e-02 Time taken: 1.50 seconds 
Epoch: 109/200 Train accuracy: 7.24954e-01 Validation accuracy: 7.27333e-01 Loss 1.03757e-02 Time taken: 1.50 seconds 
Epoch: 110/200 Train accuracy: 7.20821e-01 Validation accuracy: 7.20000e-01 Loss 1.03819e-02 Time taken: 1.49 seconds 
Epoch: 111/200 Train accuracy: 7.22460e-01 Validation accuracy: 7.23000e-01 Loss 1.03811e-02 Time taken: 1.50 seconds 
Epoch: 112/200 Train accuracy: 7.20892e-01 Validation accuracy: 7.27333e-01 Loss 1.03702e-02 Time taken: 1.50 seconds 
Epoch: 113/200 Train accuracy: 7.23814e-01 Validation accuracy: 7.22667e-01 Loss 1.03826e-02 Time taken: 1.49 seconds 
Epoch: 114/200 Train accuracy: 7.24811e-01 Validation accuracy: 7.24333e-01 Loss 1.03646e-02 Time taken: 1.50 seconds 
Epoch: 115/200 Train accuracy: 7.23814e-01 Validation accuracy: 7.21667e-01 Loss 1.03768e-02 Time taken: 1.50 seconds 
Epoch: 116/200 Train accuracy: 7.23885e-01 Validation accuracy: 7.22333e-01 Loss 1.03685e-02 Time taken: 1.49 seconds 
Epoch: 117/200 Train accuracy: 7.27804e-01 Validation accuracy: 7.31667e-01 Loss 1.03577e-02 Time taken: 1.51 seconds 
Epoch: 118/200 Train accuracy: 7.23814e-01 Validation accuracy: 7.26000e-01 Loss 1.03694e-02 Time taken: 1.51 seconds 
Epoch: 119/200 Train accuracy: 7.22887e-01 Validation accuracy: 7.27000e-01 Loss 1.03613e-02 Time taken: 1.51 seconds 
Epoch: 120/200 Train accuracy: 7.24669e-01 Validation accuracy: 7.24667e-01 Loss 1.03690e-02 Time taken: 1.49 seconds 
Epoch: 121/200 Train accuracy: 7.27519e-01 Validation accuracy: 7.29000e-01 Loss 1.03508e-02 Time taken: 1.50 seconds 
Epoch: 122/200 Train accuracy: 7.25239e-01 Validation accuracy: 7.29333e-01 Loss 1.03660e-02 Time taken: 1.50 seconds 
Epoch: 123/200 Train accuracy: 7.23529e-01 Validation accuracy: 7.29333e-01 Loss 1.03763e-02 Time taken: 1.50 seconds 
Epoch: 124/200 Train accuracy: 7.24811e-01 Validation accuracy: 7.29333e-01 Loss 1.03685e-02 Time taken: 1.51 seconds 
Epoch: 125/200 Train accuracy: 7.21961e-01 Validation accuracy: 7.27667e-01 Loss 1.03717e-02 Time taken: 1.51 seconds 
Epoch: 126/200 Train accuracy: 7.23386e-01 Validation accuracy: 7.27667e-01 Loss 1.03633e-02 Time taken: 1.50 seconds 
Epoch: 127/200 Train accuracy: 7.26664e-01 Validation accuracy: 7.25667e-01 Loss 1.03509e-02 Time taken: 1.51 seconds 
Epoch: 128/200 Train accuracy: 7.24954e-01 Validation accuracy: 7.23667e-01 Loss 1.03600e-02 Time taken: 1.51 seconds 
Epoch: 129/200 Train accuracy: 7.25809e-01 Validation accuracy: 7.27667e-01 Loss 1.03557e-02 Time taken: 1.50 seconds 
Epoch: 130/200 Train accuracy: 7.23814e-01 Validation accuracy: 7.30333e-01 Loss 1.03603e-02 Time taken: 1.51 seconds 
Epoch: 131/200 Train accuracy: 7.24954e-01 Validation accuracy: 7.26333e-01 Loss 1.03725e-02 Time taken: 1.51 seconds 
Epoch: 132/200 Train accuracy: 7.21248e-01 Validation accuracy: 7.27333e-01 Loss 1.03729e-02 Time taken: 1.51 seconds 
Epoch: 133/200 Train accuracy: 7.25381e-01 Validation accuracy: 7.25333e-01 Loss 1.03601e-02 Time taken: 1.50 seconds 
Epoch: 134/200 Train accuracy: 7.24811e-01 Validation accuracy: 7.26000e-01 Loss 1.03466e-02 Time taken: 1.51 seconds 
Epoch: 135/200 Train accuracy: 7.27946e-01 Validation accuracy: 7.31667e-01 Loss 1.03468e-02 Time taken: 1.51 seconds 
Epoch: 136/200 Train accuracy: 7.24740e-01 Validation accuracy: 7.31667e-01 Loss 1.03484e-02 Time taken: 1.50 seconds 
Epoch: 137/200 Train accuracy: 7.25737e-01 Validation accuracy: 7.30667e-01 Loss 1.03543e-02 Time taken: 1.51 seconds 
Epoch: 138/200 Train accuracy: 7.26165e-01 Validation accuracy: 7.28000e-01 Loss 1.03507e-02 Time taken: 1.51 seconds 
Epoch: 139/200 Train accuracy: 7.22175e-01 Validation accuracy: 7.26667e-01 Loss 1.03703e-02 Time taken: 1.50 seconds 
Epoch: 140/200 Train accuracy: 7.25737e-01 Validation accuracy: 7.29000e-01 Loss 1.03504e-02 Time taken: 1.51 seconds 
Epoch: 141/200 Train accuracy: 7.24669e-01 Validation accuracy: 7.23333e-01 Loss 1.03539e-02 Time taken: 1.52 seconds 
Epoch: 142/200 Train accuracy: 7.26949e-01 Validation accuracy: 7.22000e-01 Loss 1.03485e-02 Time taken: 1.50 seconds 
Epoch: 143/200 Train accuracy: 7.22887e-01 Validation accuracy: 7.28667e-01 Loss 1.03602e-02 Time taken: 1.50 seconds 
Epoch: 144/200 Train accuracy: 7.28944e-01 Validation accuracy: 7.27000e-01 Loss 1.03414e-02 Time taken: 1.51 seconds 
Epoch: 145/200 Train accuracy: 7.25025e-01 Validation accuracy: 7.27000e-01 Loss 1.03517e-02 Time taken: 1.51 seconds 
Epoch: 146/200 Train accuracy: 7.24740e-01 Validation accuracy: 7.31000e-01 Loss 1.03480e-02 Time taken: 1.50 seconds 
Epoch: 147/200 Train accuracy: 7.25809e-01 Validation accuracy: 7.25000e-01 Loss 1.03463e-02 Time taken: 1.51 seconds 
Epoch: 148/200 Train accuracy: 7.26094e-01 Validation accuracy: 7.30333e-01 Loss 1.03505e-02 Time taken: 1.51 seconds 
Epoch: 149/200 Train accuracy: 7.29942e-01 Validation accuracy: 7.27333e-01 Loss 1.03410e-02 Time taken: 1.50 seconds 
Epoch: 150/200 Train accuracy: 7.25452e-01 Validation accuracy: 7.32667e-01 Loss 1.03463e-02 Time taken: 1.51 seconds 
Epoch: 151/200 Train accuracy: 7.25524e-01 Validation accuracy: 7.26333e-01 Loss 1.03569e-02 Time taken: 1.51 seconds 
Epoch: 152/200 Train accuracy: 7.28089e-01 Validation accuracy: 7.29333e-01 Loss 1.03421e-02 Time taken: 1.51 seconds 
Epoch: 153/200 Train accuracy: 7.25381e-01 Validation accuracy: 7.28667e-01 Loss 1.03558e-02 Time taken: 1.50 seconds 
Epoch: 154/200 Train accuracy: 7.28873e-01 Validation accuracy: 7.28000e-01 Loss 1.03404e-02 Time taken: 1.51 seconds 
Epoch: 155/200 Train accuracy: 7.24241e-01 Validation accuracy: 7.31000e-01 Loss 1.03545e-02 Time taken: 1.50 seconds 
Epoch: 156/200 Train accuracy: 7.25167e-01 Validation accuracy: 7.34000e-01 Loss 1.03458e-02 Time taken: 1.50 seconds 
Epoch: 157/200 Train accuracy: 7.27519e-01 Validation accuracy: 7.24000e-01 Loss 1.03510e-02 Time taken: 1.50 seconds 
Epoch: 158/200 Train accuracy: 7.27733e-01 Validation accuracy: 7.25333e-01 Loss 1.03457e-02 Time taken: 1.50 seconds 
Epoch: 159/200 Train accuracy: 7.28801e-01 Validation accuracy: 7.26333e-01 Loss 1.03421e-02 Time taken: 1.50 seconds 
Epoch: 160/200 Train accuracy: 7.27448e-01 Validation accuracy: 7.30333e-01 Loss 1.03352e-02 Time taken: 1.50 seconds 
Epoch: 161/200 Train accuracy: 7.25880e-01 Validation accuracy: 7.28333e-01 Loss 1.03427e-02 Time taken: 1.50 seconds 
Epoch: 162/200 Train accuracy: 7.29514e-01 Validation accuracy: 7.31000e-01 Loss 1.03254e-02 Time taken: 1.49 seconds 
Epoch: 163/200 Train accuracy: 7.30084e-01 Validation accuracy: 7.24333e-01 Loss 1.03268e-02 Time taken: 1.50 seconds 
Epoch: 164/200 Train accuracy: 7.27875e-01 Validation accuracy: 7.23000e-01 Loss 1.03329e-02 Time taken: 1.51 seconds 
Epoch: 165/200 Train accuracy: 7.26379e-01 Validation accuracy: 7.28000e-01 Loss 1.03373e-02 Time taken: 1.51 seconds 
Epoch: 166/200 Train accuracy: 7.25381e-01 Validation accuracy: 7.26000e-01 Loss 1.03440e-02 Time taken: 1.51 seconds 
Epoch: 167/200 Train accuracy: 7.27020e-01 Validation accuracy: 7.27667e-01 Loss 1.03409e-02 Time taken: 1.50 seconds 
Epoch: 168/200 Train accuracy: 7.26878e-01 Validation accuracy: 7.28000e-01 Loss 1.03505e-02 Time taken: 1.50 seconds 
Epoch: 169/200 Train accuracy: 7.28944e-01 Validation accuracy: 7.33000e-01 Loss 1.03379e-02 Time taken: 1.50 seconds 
Epoch: 170/200 Train accuracy: 7.25452e-01 Validation accuracy: 7.30667e-01 Loss 1.03410e-02 Time taken: 1.50 seconds 
Epoch: 171/200 Train accuracy: 7.25737e-01 Validation accuracy: 7.26333e-01 Loss 1.03385e-02 Time taken: 1.51 seconds 
Epoch: 172/200 Train accuracy: 7.24027e-01 Validation accuracy: 7.27333e-01 Loss 1.03323e-02 Time taken: 1.50 seconds 
Epoch: 173/200 Train accuracy: 7.28089e-01 Validation accuracy: 7.32000e-01 Loss 1.03392e-02 Time taken: 1.50 seconds 
Epoch: 174/200 Train accuracy: 7.22460e-01 Validation accuracy: 7.26667e-01 Loss 1.03570e-02 Time taken: 1.50 seconds 
Epoch: 175/200 Train accuracy: 7.29585e-01 Validation accuracy: 7.32667e-01 Loss 1.03334e-02 Time taken: 1.50 seconds 
Epoch: 176/200 Train accuracy: 7.28018e-01 Validation accuracy: 7.29667e-01 Loss 1.03398e-02 Time taken: 1.50 seconds 
Epoch: 177/200 Train accuracy: 7.30725e-01 Validation accuracy: 7.28333e-01 Loss 1.03193e-02 Time taken: 1.50 seconds 
Epoch: 178/200 Train accuracy: 7.27091e-01 Validation accuracy: 7.29000e-01 Loss 1.03353e-02 Time taken: 1.50 seconds 
Epoch: 179/200 Train accuracy: 7.23671e-01 Validation accuracy: 7.30000e-01 Loss 1.03447e-02 Time taken: 1.49 seconds 
Epoch: 180/200 Train accuracy: 7.26308e-01 Validation accuracy: 7.28333e-01 Loss 1.03357e-02 Time taken: 1.50 seconds 
Epoch: 181/200 Train accuracy: 7.26308e-01 Validation accuracy: 7.31333e-01 Loss 1.03385e-02 Time taken: 1.50 seconds 
Epoch: 182/200 Train accuracy: 7.24954e-01 Validation accuracy: 7.30667e-01 Loss 1.03447e-02 Time taken: 1.49 seconds 
Epoch: 183/200 Train accuracy: 7.26735e-01 Validation accuracy: 7.32667e-01 Loss 1.03416e-02 Time taken: 1.50 seconds 
Epoch: 184/200 Train accuracy: 7.31153e-01 Validation accuracy: 7.24000e-01 Loss 1.03119e-02 Time taken: 1.50 seconds 
Epoch: 185/200 Train accuracy: 7.29087e-01 Validation accuracy: 7.28000e-01 Loss 1.03249e-02 Time taken: 1.49 seconds 
Epoch: 186/200 Train accuracy: 7.27020e-01 Validation accuracy: 7.27667e-01 Loss 1.03268e-02 Time taken: 1.49 seconds 
Epoch: 187/200 Train accuracy: 7.27305e-01 Validation accuracy: 7.27667e-01 Loss 1.03377e-02 Time taken: 1.50 seconds 
Epoch: 188/200 Train accuracy: 7.31438e-01 Validation accuracy: 7.29000e-01 Loss 1.03294e-02 Time taken: 1.49 seconds 
Epoch: 189/200 Train accuracy: 7.27020e-01 Validation accuracy: 7.27667e-01 Loss 1.03367e-02 Time taken: 1.49 seconds 
Epoch: 190/200 Train accuracy: 7.28231e-01 Validation accuracy: 7.29333e-01 Loss 1.03351e-02 Time taken: 1.49 seconds 
Epoch: 191/200 Train accuracy: 7.28801e-01 Validation accuracy: 7.23667e-01 Loss 1.03182e-02 Time taken: 1.50 seconds 
Epoch: 192/200 Train accuracy: 7.30583e-01 Validation accuracy: 7.30333e-01 Loss 1.03153e-02 Time taken: 1.49 seconds 
Epoch: 193/200 Train accuracy: 7.28303e-01 Validation accuracy: 7.26333e-01 Loss 1.03263e-02 Time taken: 1.49 seconds 
Epoch: 194/200 Train accuracy: 7.30369e-01 Validation accuracy: 7.31000e-01 Loss 1.03187e-02 Time taken: 1.50 seconds 
Epoch: 195/200 Train accuracy: 7.28588e-01 Validation accuracy: 7.23667e-01 Loss 1.03216e-02 Time taken: 1.49 seconds 
Epoch: 196/200 Train accuracy: 7.29514e-01 Validation accuracy: 7.24000e-01 Loss 1.03277e-02 Time taken: 1.50 seconds 
Epoch: 197/200 Train accuracy: 7.30868e-01 Validation accuracy: 7.28000e-01 Loss 1.03260e-02 Time taken: 1.49 seconds 
Epoch: 198/200 Train accuracy: 7.27733e-01 Validation accuracy: 7.22000e-01 Loss 1.03266e-02 Time taken: 1.49 seconds 
Epoch: 199/200 Train accuracy: 7.28801e-01 Validation accuracy: 7.34000e-01 Loss 1.03238e-02 Time taken: 1.50 seconds 
Epoch: 200/200 Train accuracy: 7.27946e-01 Validation accuracy: 7.29333e-01 Loss 1.03290e-02 Time taken: 1.50 seconds 
Total time taken 0:05:01.460227
Cleaning up intermediate feature (.pt) files
Done


working on file logs_PKT_full/iic-train-L2-seed21/jepa-iic-L2-ep400.pth.tar ...
