Directory classifiers/jepa-iic-L2-seed-10-classifier-pretrained-vitb-normalized-ep100 for saving the classifiers is now present
VisionTransformer(
  (patch_embed): PatchEmbed(
    (proj): Conv2d(3, 768, kernel_size=(15, 15), stride=(15, 15))
  )
  (blocks): ModuleList(
    (0-11): 12 x Block(
      (norm1): LayerNorm((768,), eps=1e-06, elementwise_affine=True)
      (attn): Attention(
        (qkv): Linear(in_features=768, out_features=2304, bias=True)
        (attn_drop): Dropout(p=0.0, inplace=False)
        (proj): Linear(in_features=768, out_features=768, bias=True)
        (proj_drop): Dropout(p=0.0, inplace=False)
      )
      (drop_path): Identity()
      (norm2): LayerNorm((768,), eps=1e-06, elementwise_affine=True)
      (mlp): MLP(
        (fc1): Linear(in_features=768, out_features=3072, bias=True)
        (act): GELU(approximate='none')
        (fc2): Linear(in_features=3072, out_features=768, bias=True)
        (drop): Dropout(p=0.0, inplace=False)
      )
    )
  )
  (norm): LayerNorm((768,), eps=1e-06, elementwise_affine=True)
)
Extracting features and saving them locally..
Epoch: 1/200 Train accuracy: 3.67037e-01 Validation accuracy: 5.22000e-01 Loss 1.31290e-02 Time taken: 1.58 seconds 
Epoch: 2/200 Train accuracy: 4.96865e-01 Validation accuracy: 5.31000e-01 Loss 1.22345e-02 Time taken: 1.63 seconds 
Epoch: 3/200 Train accuracy: 5.28858e-01 Validation accuracy: 5.43000e-01 Loss 1.19686e-02 Time taken: 1.57 seconds 
Epoch: 4/200 Train accuracy: 5.44962e-01 Validation accuracy: 5.45000e-01 Loss 1.18266e-02 Time taken: 1.56 seconds 
Epoch: 5/200 Train accuracy: 5.49309e-01 Validation accuracy: 5.53333e-01 Loss 1.17737e-02 Time taken: 1.54 seconds 
Epoch: 6/200 Train accuracy: 5.55366e-01 Validation accuracy: 5.68000e-01 Loss 1.17154e-02 Time taken: 1.55 seconds 
Epoch: 7/200 Train accuracy: 5.76101e-01 Validation accuracy: 5.81667e-01 Loss 1.15699e-02 Time taken: 1.55 seconds 
Epoch: 8/200 Train accuracy: 5.87573e-01 Validation accuracy: 5.84667e-01 Loss 1.14794e-02 Time taken: 1.55 seconds 
Epoch: 9/200 Train accuracy: 5.94485e-01 Validation accuracy: 5.98333e-01 Loss 1.14242e-02 Time taken: 1.54 seconds 
Epoch: 10/200 Train accuracy: 6.04318e-01 Validation accuracy: 6.06000e-01 Loss 1.13597e-02 Time taken: 1.56 seconds 
Epoch: 11/200 Train accuracy: 6.14009e-01 Validation accuracy: 6.09333e-01 Loss 1.13114e-02 Time taken: 1.54 seconds 
Epoch: 12/200 Train accuracy: 6.19852e-01 Validation accuracy: 6.18667e-01 Loss 1.12769e-02 Time taken: 1.54 seconds 
Epoch: 13/200 Train accuracy: 6.23486e-01 Validation accuracy: 6.21333e-01 Loss 1.12294e-02 Time taken: 1.56 seconds 
Epoch: 14/200 Train accuracy: 6.33462e-01 Validation accuracy: 6.32000e-01 Loss 1.11697e-02 Time taken: 1.55 seconds 
Epoch: 15/200 Train accuracy: 6.30469e-01 Validation accuracy: 6.23000e-01 Loss 1.11597e-02 Time taken: 1.55 seconds 
Epoch: 16/200 Train accuracy: 6.35528e-01 Validation accuracy: 6.28667e-01 Loss 1.11450e-02 Time taken: 1.55 seconds 
Epoch: 17/200 Train accuracy: 6.38877e-01 Validation accuracy: 6.33333e-01 Loss 1.11217e-02 Time taken: 1.56 seconds 
Epoch: 18/200 Train accuracy: 6.40088e-01 Validation accuracy: 6.32667e-01 Loss 1.11047e-02 Time taken: 1.55 seconds 
Epoch: 19/200 Train accuracy: 6.44221e-01 Validation accuracy: 6.42333e-01 Loss 1.10779e-02 Time taken: 1.55 seconds 
Epoch: 20/200 Train accuracy: 6.43509e-01 Validation accuracy: 6.34333e-01 Loss 1.10681e-02 Time taken: 1.54 seconds 
Epoch: 21/200 Train accuracy: 6.42867e-01 Validation accuracy: 6.38333e-01 Loss 1.10776e-02 Time taken: 1.57 seconds 
Epoch: 22/200 Train accuracy: 6.46145e-01 Validation accuracy: 6.43333e-01 Loss 1.10410e-02 Time taken: 1.56 seconds 
Epoch: 23/200 Train accuracy: 6.50705e-01 Validation accuracy: 6.44000e-01 Loss 1.10194e-02 Time taken: 1.54 seconds 
Epoch: 24/200 Train accuracy: 6.49280e-01 Validation accuracy: 6.45000e-01 Loss 1.10219e-02 Time taken: 1.54 seconds 
Epoch: 25/200 Train accuracy: 6.52558e-01 Validation accuracy: 6.49333e-01 Loss 1.10076e-02 Time taken: 1.54 seconds 
Epoch: 26/200 Train accuracy: 6.46929e-01 Validation accuracy: 6.43667e-01 Loss 1.10084e-02 Time taken: 1.55 seconds 
Epoch: 27/200 Train accuracy: 6.52131e-01 Validation accuracy: 6.53333e-01 Loss 1.09814e-02 Time taken: 1.54 seconds 
Epoch: 28/200 Train accuracy: 6.54126e-01 Validation accuracy: 6.48333e-01 Loss 1.09903e-02 Time taken: 1.54 seconds 
Epoch: 29/200 Train accuracy: 6.60254e-01 Validation accuracy: 6.52000e-01 Loss 1.09575e-02 Time taken: 1.54 seconds 
Epoch: 30/200 Train accuracy: 6.52273e-01 Validation accuracy: 6.52000e-01 Loss 1.09746e-02 Time taken: 1.54 seconds 
Epoch: 31/200 Train accuracy: 6.53057e-01 Validation accuracy: 6.45000e-01 Loss 1.09617e-02 Time taken: 1.54 seconds 
Epoch: 32/200 Train accuracy: 6.56620e-01 Validation accuracy: 6.55000e-01 Loss 1.09573e-02 Time taken: 1.54 seconds 
Epoch: 33/200 Train accuracy: 6.57047e-01 Validation accuracy: 6.52333e-01 Loss 1.09574e-02 Time taken: 1.54 seconds 
Epoch: 34/200 Train accuracy: 6.54910e-01 Validation accuracy: 6.56333e-01 Loss 1.09464e-02 Time taken: 1.54 seconds 
Epoch: 35/200 Train accuracy: 6.56192e-01 Validation accuracy: 6.53667e-01 Loss 1.09421e-02 Time taken: 1.55 seconds 
Epoch: 36/200 Train accuracy: 6.60610e-01 Validation accuracy: 6.53667e-01 Loss 1.09176e-02 Time taken: 1.54 seconds 
Epoch: 37/200 Train accuracy: 6.60467e-01 Validation accuracy: 6.55667e-01 Loss 1.09197e-02 Time taken: 1.54 seconds 
Epoch: 38/200 Train accuracy: 6.57332e-01 Validation accuracy: 6.57667e-01 Loss 1.09187e-02 Time taken: 1.54 seconds 
Epoch: 39/200 Train accuracy: 6.59969e-01 Validation accuracy: 6.51000e-01 Loss 1.09269e-02 Time taken: 1.55 seconds 
Epoch: 40/200 Train accuracy: 6.58544e-01 Validation accuracy: 6.55000e-01 Loss 1.09143e-02 Time taken: 1.55 seconds 
Epoch: 41/200 Train accuracy: 6.62391e-01 Validation accuracy: 6.58000e-01 Loss 1.09063e-02 Time taken: 1.54 seconds 
Epoch: 42/200 Train accuracy: 6.59684e-01 Validation accuracy: 6.61667e-01 Loss 1.09016e-02 Time taken: 1.55 seconds 
Epoch: 43/200 Train accuracy: 6.63460e-01 Validation accuracy: 6.54000e-01 Loss 1.08916e-02 Time taken: 1.54 seconds 
Epoch: 44/200 Train accuracy: 6.62890e-01 Validation accuracy: 6.59667e-01 Loss 1.08859e-02 Time taken: 1.54 seconds 
Epoch: 45/200 Train accuracy: 6.65028e-01 Validation accuracy: 6.60000e-01 Loss 1.08817e-02 Time taken: 1.55 seconds 
Epoch: 46/200 Train accuracy: 6.62748e-01 Validation accuracy: 6.55000e-01 Loss 1.08957e-02 Time taken: 1.55 seconds 
Epoch: 47/200 Train accuracy: 6.64101e-01 Validation accuracy: 6.59000e-01 Loss 1.08824e-02 Time taken: 1.55 seconds 
Epoch: 48/200 Train accuracy: 6.65170e-01 Validation accuracy: 6.62000e-01 Loss 1.08688e-02 Time taken: 1.54 seconds 
Epoch: 49/200 Train accuracy: 6.63816e-01 Validation accuracy: 6.62667e-01 Loss 1.08792e-02 Time taken: 1.55 seconds 
Epoch: 50/200 Train accuracy: 6.64814e-01 Validation accuracy: 6.56000e-01 Loss 1.08702e-02 Time taken: 1.55 seconds 
Epoch: 51/200 Train accuracy: 6.64173e-01 Validation accuracy: 6.59000e-01 Loss 1.08798e-02 Time taken: 1.54 seconds 
Epoch: 52/200 Train accuracy: 6.65455e-01 Validation accuracy: 6.51333e-01 Loss 1.08696e-02 Time taken: 1.55 seconds 
Epoch: 53/200 Train accuracy: 6.64814e-01 Validation accuracy: 6.62000e-01 Loss 1.08610e-02 Time taken: 1.55 seconds 
Epoch: 54/200 Train accuracy: 6.64101e-01 Validation accuracy: 6.66000e-01 Loss 1.08583e-02 Time taken: 1.55 seconds 
Epoch: 55/200 Train accuracy: 6.65099e-01 Validation accuracy: 6.57000e-01 Loss 1.08553e-02 Time taken: 1.54 seconds 
Epoch: 56/200 Train accuracy: 6.64743e-01 Validation accuracy: 6.63667e-01 Loss 1.08637e-02 Time taken: 1.55 seconds 
Epoch: 57/200 Train accuracy: 6.63531e-01 Validation accuracy: 6.61333e-01 Loss 1.08562e-02 Time taken: 1.55 seconds 
Epoch: 58/200 Train accuracy: 6.62320e-01 Validation accuracy: 6.63000e-01 Loss 1.08737e-02 Time taken: 1.54 seconds 
Epoch: 59/200 Train accuracy: 6.63745e-01 Validation accuracy: 6.55333e-01 Loss 1.08591e-02 Time taken: 1.55 seconds 
Epoch: 60/200 Train accuracy: 6.65170e-01 Validation accuracy: 6.61667e-01 Loss 1.08346e-02 Time taken: 1.54 seconds 
Epoch: 61/200 Train accuracy: 6.67664e-01 Validation accuracy: 6.66333e-01 Loss 1.08391e-02 Time taken: 1.55 seconds 
Epoch: 62/200 Train accuracy: 6.65384e-01 Validation accuracy: 6.65667e-01 Loss 1.08405e-02 Time taken: 1.54 seconds 
Epoch: 63/200 Train accuracy: 6.67308e-01 Validation accuracy: 6.62667e-01 Loss 1.08331e-02 Time taken: 1.55 seconds 
Epoch: 64/200 Train accuracy: 6.66453e-01 Validation accuracy: 6.62667e-01 Loss 1.08483e-02 Time taken: 1.55 seconds 
Epoch: 65/200 Train accuracy: 6.68519e-01 Validation accuracy: 6.62667e-01 Loss 1.08311e-02 Time taken: 1.54 seconds 
Epoch: 66/200 Train accuracy: 6.66738e-01 Validation accuracy: 6.66000e-01 Loss 1.08293e-02 Time taken: 1.55 seconds 
Epoch: 67/200 Train accuracy: 6.68448e-01 Validation accuracy: 6.66333e-01 Loss 1.08261e-02 Time taken: 1.55 seconds 
Epoch: 68/200 Train accuracy: 6.64101e-01 Validation accuracy: 6.59667e-01 Loss 1.08364e-02 Time taken: 1.54 seconds 
Epoch: 69/200 Train accuracy: 6.72866e-01 Validation accuracy: 6.61000e-01 Loss 1.08083e-02 Time taken: 1.54 seconds 
Epoch: 70/200 Train accuracy: 6.67593e-01 Validation accuracy: 6.65667e-01 Loss 1.08318e-02 Time taken: 1.54 seconds 
Epoch: 71/200 Train accuracy: 6.71512e-01 Validation accuracy: 6.63000e-01 Loss 1.08254e-02 Time taken: 1.54 seconds 
Epoch: 72/200 Train accuracy: 6.66809e-01 Validation accuracy: 6.61667e-01 Loss 1.08215e-02 Time taken: 1.54 seconds 
Epoch: 73/200 Train accuracy: 6.69161e-01 Validation accuracy: 6.59333e-01 Loss 1.08154e-02 Time taken: 1.54 seconds 
Epoch: 74/200 Train accuracy: 6.70158e-01 Validation accuracy: 6.64667e-01 Loss 1.08174e-02 Time taken: 1.54 seconds 
Epoch: 75/200 Train accuracy: 6.69018e-01 Validation accuracy: 6.67000e-01 Loss 1.08088e-02 Time taken: 1.54 seconds 
Epoch: 76/200 Train accuracy: 6.72082e-01 Validation accuracy: 6.64333e-01 Loss 1.08076e-02 Time taken: 1.54 seconds 
Epoch: 77/200 Train accuracy: 6.63389e-01 Validation accuracy: 6.65667e-01 Loss 1.08414e-02 Time taken: 1.54 seconds 
Epoch: 78/200 Train accuracy: 6.71583e-01 Validation accuracy: 6.65000e-01 Loss 1.08081e-02 Time taken: 1.54 seconds 
Epoch: 79/200 Train accuracy: 6.70372e-01 Validation accuracy: 6.60000e-01 Loss 1.08040e-02 Time taken: 1.54 seconds 
Epoch: 80/200 Train accuracy: 6.67664e-01 Validation accuracy: 6.64667e-01 Loss 1.08129e-02 Time taken: 1.54 seconds 
Epoch: 81/200 Train accuracy: 6.70229e-01 Validation accuracy: 6.66333e-01 Loss 1.08061e-02 Time taken: 1.54 seconds 
Epoch: 82/200 Train accuracy: 6.72937e-01 Validation accuracy: 6.65333e-01 Loss 1.07910e-02 Time taken: 1.54 seconds 
Epoch: 83/200 Train accuracy: 6.70158e-01 Validation accuracy: 6.66000e-01 Loss 1.08044e-02 Time taken: 1.54 seconds 
Epoch: 84/200 Train accuracy: 6.69944e-01 Validation accuracy: 6.62667e-01 Loss 1.08076e-02 Time taken: 1.54 seconds 
Epoch: 85/200 Train accuracy: 6.70016e-01 Validation accuracy: 6.64667e-01 Loss 1.08059e-02 Time taken: 1.55 seconds 
Epoch: 86/200 Train accuracy: 6.71726e-01 Validation accuracy: 6.62000e-01 Loss 1.07969e-02 Time taken: 1.54 seconds 
Epoch: 87/200 Train accuracy: 6.71726e-01 Validation accuracy: 6.65667e-01 Loss 1.08011e-02 Time taken: 1.56 seconds 
Epoch: 88/200 Train accuracy: 6.69588e-01 Validation accuracy: 6.67667e-01 Loss 1.08090e-02 Time taken: 1.55 seconds 
Epoch: 89/200 Train accuracy: 6.70087e-01 Validation accuracy: 6.65000e-01 Loss 1.08021e-02 Time taken: 1.54 seconds 
Epoch: 90/200 Train accuracy: 6.71085e-01 Validation accuracy: 6.70000e-01 Loss 1.07989e-02 Time taken: 1.54 seconds 
Epoch: 91/200 Train accuracy: 6.73721e-01 Validation accuracy: 6.56333e-01 Loss 1.07857e-02 Time taken: 1.55 seconds 
Epoch: 92/200 Train accuracy: 6.72723e-01 Validation accuracy: 6.66333e-01 Loss 1.07977e-02 Time taken: 1.54 seconds 
Epoch: 93/200 Train accuracy: 6.68021e-01 Validation accuracy: 6.65000e-01 Loss 1.08055e-02 Time taken: 1.53 seconds 
Epoch: 94/200 Train accuracy: 6.72937e-01 Validation accuracy: 6.66667e-01 Loss 1.07917e-02 Time taken: 1.55 seconds 
Epoch: 95/200 Train accuracy: 6.68733e-01 Validation accuracy: 6.65000e-01 Loss 1.07985e-02 Time taken: 1.54 seconds 
Epoch: 96/200 Train accuracy: 6.73935e-01 Validation accuracy: 6.67000e-01 Loss 1.07903e-02 Time taken: 1.54 seconds 
Epoch: 97/200 Train accuracy: 6.72937e-01 Validation accuracy: 6.72333e-01 Loss 1.07856e-02 Time taken: 1.55 seconds 
Epoch: 98/200 Train accuracy: 6.71512e-01 Validation accuracy: 6.69667e-01 Loss 1.07818e-02 Time taken: 1.55 seconds 
Epoch: 99/200 Train accuracy: 6.74362e-01 Validation accuracy: 6.63000e-01 Loss 1.07821e-02 Time taken: 1.54 seconds 
Epoch: 100/200 Train accuracy: 6.75217e-01 Validation accuracy: 6.66000e-01 Loss 1.07781e-02 Time taken: 1.54 seconds 
Epoch: 101/200 Train accuracy: 6.75431e-01 Validation accuracy: 6.68667e-01 Loss 1.07807e-02 Time taken: 1.55 seconds 
Epoch: 102/200 Train accuracy: 6.77640e-01 Validation accuracy: 6.67000e-01 Loss 1.07686e-02 Time taken: 1.55 seconds 
Epoch: 103/200 Train accuracy: 6.73436e-01 Validation accuracy: 6.65667e-01 Loss 1.07778e-02 Time taken: 1.54 seconds 
Epoch: 104/200 Train accuracy: 6.73080e-01 Validation accuracy: 6.66667e-01 Loss 1.07743e-02 Time taken: 1.55 seconds 
Epoch: 105/200 Train accuracy: 6.75502e-01 Validation accuracy: 6.69000e-01 Loss 1.07684e-02 Time taken: 1.55 seconds 
Epoch: 106/200 Train accuracy: 6.75075e-01 Validation accuracy: 6.67333e-01 Loss 1.07699e-02 Time taken: 1.55 seconds 
Epoch: 107/200 Train accuracy: 6.73578e-01 Validation accuracy: 6.69667e-01 Loss 1.07789e-02 Time taken: 1.54 seconds 
Epoch: 108/200 Train accuracy: 6.74220e-01 Validation accuracy: 6.71333e-01 Loss 1.07732e-02 Time taken: 1.54 seconds 
Epoch: 109/200 Train accuracy: 6.77426e-01 Validation accuracy: 6.68667e-01 Loss 1.07654e-02 Time taken: 1.54 seconds 
Epoch: 110/200 Train accuracy: 6.77284e-01 Validation accuracy: 6.65333e-01 Loss 1.07607e-02 Time taken: 1.54 seconds 
Epoch: 111/200 Train accuracy: 6.73863e-01 Validation accuracy: 6.66667e-01 Loss 1.07741e-02 Time taken: 1.54 seconds 
Epoch: 112/200 Train accuracy: 6.74719e-01 Validation accuracy: 6.65333e-01 Loss 1.07707e-02 Time taken: 1.55 seconds 
Epoch: 113/200 Train accuracy: 6.75787e-01 Validation accuracy: 6.70333e-01 Loss 1.07617e-02 Time taken: 1.54 seconds 
Epoch: 114/200 Train accuracy: 6.72866e-01 Validation accuracy: 6.69333e-01 Loss 1.07696e-02 Time taken: 1.54 seconds 
Epoch: 115/200 Train accuracy: 6.70301e-01 Validation accuracy: 6.64333e-01 Loss 1.07800e-02 Time taken: 1.54 seconds 
Epoch: 116/200 Train accuracy: 6.71441e-01 Validation accuracy: 6.67000e-01 Loss 1.07778e-02 Time taken: 1.54 seconds 
Epoch: 117/200 Train accuracy: 6.73436e-01 Validation accuracy: 6.70667e-01 Loss 1.07794e-02 Time taken: 1.54 seconds 
Epoch: 118/200 Train accuracy: 6.76927e-01 Validation accuracy: 6.65000e-01 Loss 1.07538e-02 Time taken: 1.54 seconds 
Epoch: 119/200 Train accuracy: 6.70229e-01 Validation accuracy: 6.70000e-01 Loss 1.07771e-02 Time taken: 1.54 seconds 
Epoch: 120/200 Train accuracy: 6.74220e-01 Validation accuracy: 6.69667e-01 Loss 1.07705e-02 Time taken: 1.55 seconds 
Epoch: 121/200 Train accuracy: 6.70301e-01 Validation accuracy: 6.71000e-01 Loss 1.07748e-02 Time taken: 1.54 seconds 
Epoch: 122/200 Train accuracy: 6.71370e-01 Validation accuracy: 6.68333e-01 Loss 1.07761e-02 Time taken: 1.55 seconds 
Epoch: 123/200 Train accuracy: 6.75431e-01 Validation accuracy: 6.68667e-01 Loss 1.07611e-02 Time taken: 1.55 seconds 
Epoch: 124/200 Train accuracy: 6.76001e-01 Validation accuracy: 6.68000e-01 Loss 1.07477e-02 Time taken: 1.54 seconds 
Epoch: 125/200 Train accuracy: 6.73222e-01 Validation accuracy: 6.68000e-01 Loss 1.07688e-02 Time taken: 1.54 seconds 
Epoch: 126/200 Train accuracy: 6.71868e-01 Validation accuracy: 6.68333e-01 Loss 1.07730e-02 Time taken: 1.54 seconds 
Epoch: 127/200 Train accuracy: 6.73151e-01 Validation accuracy: 6.64333e-01 Loss 1.07654e-02 Time taken: 1.54 seconds 
Epoch: 128/200 Train accuracy: 6.74148e-01 Validation accuracy: 6.66333e-01 Loss 1.07630e-02 Time taken: 1.53 seconds 
Epoch: 129/200 Train accuracy: 6.74006e-01 Validation accuracy: 6.71333e-01 Loss 1.07560e-02 Time taken: 1.54 seconds 
Epoch: 130/200 Train accuracy: 6.79208e-01 Validation accuracy: 6.64667e-01 Loss 1.07382e-02 Time taken: 1.55 seconds 
Epoch: 131/200 Train accuracy: 6.74576e-01 Validation accuracy: 6.71667e-01 Loss 1.07487e-02 Time taken: 1.54 seconds 
Epoch: 132/200 Train accuracy: 6.74505e-01 Validation accuracy: 6.66667e-01 Loss 1.07672e-02 Time taken: 1.54 seconds 
Epoch: 133/200 Train accuracy: 6.73293e-01 Validation accuracy: 6.66667e-01 Loss 1.07676e-02 Time taken: 1.55 seconds 
Epoch: 134/200 Train accuracy: 6.73507e-01 Validation accuracy: 6.65667e-01 Loss 1.07606e-02 Time taken: 1.54 seconds 
Epoch: 135/200 Train accuracy: 6.76144e-01 Validation accuracy: 6.66667e-01 Loss 1.07498e-02 Time taken: 1.54 seconds 
Epoch: 136/200 Train accuracy: 6.71298e-01 Validation accuracy: 6.68000e-01 Loss 1.07668e-02 Time taken: 1.59 seconds 
Epoch: 137/200 Train accuracy: 6.75645e-01 Validation accuracy: 6.71667e-01 Loss 1.07469e-02 Time taken: 1.54 seconds 
Epoch: 138/200 Train accuracy: 6.74932e-01 Validation accuracy: 6.65667e-01 Loss 1.07543e-02 Time taken: 1.54 seconds 
Epoch: 139/200 Train accuracy: 6.71298e-01 Validation accuracy: 6.66000e-01 Loss 1.07642e-02 Time taken: 1.54 seconds 
Epoch: 140/200 Train accuracy: 6.76999e-01 Validation accuracy: 6.68667e-01 Loss 1.07372e-02 Time taken: 1.54 seconds 
Epoch: 141/200 Train accuracy: 6.76999e-01 Validation accuracy: 6.68333e-01 Loss 1.07393e-02 Time taken: 1.54 seconds 
Epoch: 142/200 Train accuracy: 6.75360e-01 Validation accuracy: 6.71667e-01 Loss 1.07559e-02 Time taken: 1.54 seconds 
Epoch: 143/200 Train accuracy: 6.75360e-01 Validation accuracy: 6.69333e-01 Loss 1.07466e-02 Time taken: 1.54 seconds 
Epoch: 144/200 Train accuracy: 6.75289e-01 Validation accuracy: 6.70333e-01 Loss 1.07539e-02 Time taken: 1.54 seconds 
Epoch: 145/200 Train accuracy: 6.75075e-01 Validation accuracy: 6.69333e-01 Loss 1.07474e-02 Time taken: 1.54 seconds 
Epoch: 146/200 Train accuracy: 6.76429e-01 Validation accuracy: 6.73000e-01 Loss 1.07434e-02 Time taken: 1.54 seconds 
Epoch: 147/200 Train accuracy: 6.74006e-01 Validation accuracy: 6.69667e-01 Loss 1.07564e-02 Time taken: 1.54 seconds 
Epoch: 148/200 Train accuracy: 6.78353e-01 Validation accuracy: 6.71333e-01 Loss 1.07431e-02 Time taken: 1.54 seconds 
Epoch: 149/200 Train accuracy: 6.76144e-01 Validation accuracy: 6.70333e-01 Loss 1.07495e-02 Time taken: 1.54 seconds 
Epoch: 150/200 Train accuracy: 6.74291e-01 Validation accuracy: 6.70333e-01 Loss 1.07524e-02 Time taken: 1.54 seconds 
Epoch: 151/200 Train accuracy: 6.75574e-01 Validation accuracy: 6.72000e-01 Loss 1.07515e-02 Time taken: 1.54 seconds 
Epoch: 152/200 Train accuracy: 6.75075e-01 Validation accuracy: 6.69667e-01 Loss 1.07460e-02 Time taken: 1.54 seconds 
Epoch: 153/200 Train accuracy: 6.77783e-01 Validation accuracy: 6.67333e-01 Loss 1.07392e-02 Time taken: 1.54 seconds 
Epoch: 154/200 Train accuracy: 6.72367e-01 Validation accuracy: 6.67333e-01 Loss 1.07646e-02 Time taken: 1.54 seconds 
Epoch: 155/200 Train accuracy: 6.74576e-01 Validation accuracy: 6.71667e-01 Loss 1.07510e-02 Time taken: 1.55 seconds 
Epoch: 156/200 Train accuracy: 6.77355e-01 Validation accuracy: 6.72000e-01 Loss 1.07354e-02 Time taken: 1.54 seconds 
Epoch: 157/200 Train accuracy: 6.76999e-01 Validation accuracy: 6.70000e-01 Loss 1.07454e-02 Time taken: 1.55 seconds 
Epoch: 158/200 Train accuracy: 6.78851e-01 Validation accuracy: 6.70667e-01 Loss 1.07370e-02 Time taken: 1.54 seconds 
Epoch: 159/200 Train accuracy: 6.76856e-01 Validation accuracy: 6.68000e-01 Loss 1.07394e-02 Time taken: 1.54 seconds 
Epoch: 160/200 Train accuracy: 6.76714e-01 Validation accuracy: 6.64667e-01 Loss 1.07453e-02 Time taken: 1.54 seconds 
Epoch: 161/200 Train accuracy: 6.76286e-01 Validation accuracy: 6.73333e-01 Loss 1.07396e-02 Time taken: 1.54 seconds 
Epoch: 162/200 Train accuracy: 6.77212e-01 Validation accuracy: 6.70000e-01 Loss 1.07288e-02 Time taken: 1.54 seconds 
Epoch: 163/200 Train accuracy: 6.75574e-01 Validation accuracy: 6.64667e-01 Loss 1.07443e-02 Time taken: 1.54 seconds 
Epoch: 164/200 Train accuracy: 6.77996e-01 Validation accuracy: 6.67333e-01 Loss 1.07345e-02 Time taken: 1.54 seconds 
Epoch: 165/200 Train accuracy: 6.76072e-01 Validation accuracy: 6.72333e-01 Loss 1.07325e-02 Time taken: 1.54 seconds 
Epoch: 166/200 Train accuracy: 6.75574e-01 Validation accuracy: 6.73333e-01 Loss 1.07432e-02 Time taken: 1.54 seconds 
Epoch: 167/200 Train accuracy: 6.77854e-01 Validation accuracy: 6.67667e-01 Loss 1.07280e-02 Time taken: 1.54 seconds 
Epoch: 168/200 Train accuracy: 6.77711e-01 Validation accuracy: 6.73667e-01 Loss 1.07313e-02 Time taken: 1.54 seconds 
Epoch: 169/200 Train accuracy: 6.73008e-01 Validation accuracy: 6.71333e-01 Loss 1.07514e-02 Time taken: 1.55 seconds 
Epoch: 170/200 Train accuracy: 6.76144e-01 Validation accuracy: 6.71000e-01 Loss 1.07354e-02 Time taken: 1.54 seconds 
Epoch: 171/200 Train accuracy: 6.76500e-01 Validation accuracy: 6.71333e-01 Loss 1.07352e-02 Time taken: 1.54 seconds 
Epoch: 172/200 Train accuracy: 6.78923e-01 Validation accuracy: 6.65333e-01 Loss 1.07265e-02 Time taken: 1.55 seconds 
Epoch: 173/200 Train accuracy: 6.76714e-01 Validation accuracy: 6.72000e-01 Loss 1.07445e-02 Time taken: 1.54 seconds 
Epoch: 174/200 Train accuracy: 6.74647e-01 Validation accuracy: 6.72667e-01 Loss 1.07387e-02 Time taken: 1.54 seconds 
Epoch: 175/200 Train accuracy: 6.79849e-01 Validation accuracy: 6.70000e-01 Loss 1.07186e-02 Time taken: 1.55 seconds 
Epoch: 176/200 Train accuracy: 6.75146e-01 Validation accuracy: 6.68000e-01 Loss 1.07416e-02 Time taken: 1.54 seconds 
Epoch: 177/200 Train accuracy: 6.77640e-01 Validation accuracy: 6.65333e-01 Loss 1.07322e-02 Time taken: 1.54 seconds 
Epoch: 178/200 Train accuracy: 6.73935e-01 Validation accuracy: 6.69000e-01 Loss 1.07518e-02 Time taken: 1.55 seconds 
Epoch: 179/200 Train accuracy: 6.76429e-01 Validation accuracy: 6.72000e-01 Loss 1.07208e-02 Time taken: 1.55 seconds 
Epoch: 180/200 Train accuracy: 6.73863e-01 Validation accuracy: 6.69000e-01 Loss 1.07457e-02 Time taken: 1.54 seconds 
Epoch: 181/200 Train accuracy: 6.78709e-01 Validation accuracy: 6.71333e-01 Loss 1.07219e-02 Time taken: 1.54 seconds 
Epoch: 182/200 Train accuracy: 6.77355e-01 Validation accuracy: 6.74000e-01 Loss 1.07232e-02 Time taken: 1.55 seconds 
Epoch: 183/200 Train accuracy: 6.77212e-01 Validation accuracy: 6.72333e-01 Loss 1.07340e-02 Time taken: 1.54 seconds 
Epoch: 184/200 Train accuracy: 6.75645e-01 Validation accuracy: 6.72000e-01 Loss 1.07364e-02 Time taken: 1.54 seconds 
Epoch: 185/200 Train accuracy: 6.75075e-01 Validation accuracy: 6.76333e-01 Loss 1.07413e-02 Time taken: 1.54 seconds 
Epoch: 186/200 Train accuracy: 6.78281e-01 Validation accuracy: 6.70333e-01 Loss 1.07248e-02 Time taken: 1.54 seconds 
Epoch: 187/200 Train accuracy: 6.78923e-01 Validation accuracy: 6.71333e-01 Loss 1.07254e-02 Time taken: 1.54 seconds 
Epoch: 188/200 Train accuracy: 6.76144e-01 Validation accuracy: 6.68000e-01 Loss 1.07296e-02 Time taken: 1.54 seconds 
Epoch: 189/200 Train accuracy: 6.83055e-01 Validation accuracy: 6.72000e-01 Loss 1.07120e-02 Time taken: 1.54 seconds 
Epoch: 190/200 Train accuracy: 6.75645e-01 Validation accuracy: 6.70333e-01 Loss 1.07334e-02 Time taken: 1.54 seconds 
Epoch: 191/200 Train accuracy: 6.77426e-01 Validation accuracy: 6.69333e-01 Loss 1.07290e-02 Time taken: 1.54 seconds 
Epoch: 192/200 Train accuracy: 6.76500e-01 Validation accuracy: 6.71333e-01 Loss 1.07429e-02 Time taken: 1.54 seconds 
Epoch: 193/200 Train accuracy: 6.79564e-01 Validation accuracy: 6.68333e-01 Loss 1.07209e-02 Time taken: 1.54 seconds 
Epoch: 194/200 Train accuracy: 6.77569e-01 Validation accuracy: 6.72667e-01 Loss 1.07273e-02 Time taken: 1.54 seconds 
Epoch: 195/200 Train accuracy: 6.77141e-01 Validation accuracy: 6.70000e-01 Loss 1.07320e-02 Time taken: 1.54 seconds 
Epoch: 196/200 Train accuracy: 6.76072e-01 Validation accuracy: 6.70333e-01 Loss 1.07373e-02 Time taken: 1.54 seconds 
Epoch: 197/200 Train accuracy: 6.80205e-01 Validation accuracy: 6.71333e-01 Loss 1.07238e-02 Time taken: 1.54 seconds 
Epoch: 198/200 Train accuracy: 6.81132e-01 Validation accuracy: 6.69667e-01 Loss 1.07110e-02 Time taken: 1.54 seconds 
Epoch: 199/200 Train accuracy: 6.77854e-01 Validation accuracy: 6.72000e-01 Loss 1.07272e-02 Time taken: 1.54 seconds 
Epoch: 200/200 Train accuracy: 6.77925e-01 Validation accuracy: 6.71000e-01 Loss 1.07140e-02 Time taken: 1.54 seconds 
Total time taken 0:05:09.840745
Cleaning up intermediate feature (.pt) files
Done


working on file logs_PKT_full/iic-train-L2-seed21/jepa-iic-L2-ep200.pth.tar ...
