nohup: ignoring input
INFO:root:VisionTransformer(
  (patch_embed): PatchEmbed(
    (proj): Conv2d(3, 768, kernel_size=(15, 15), stride=(15, 15))
  )
  (blocks): ModuleList(
    (0-11): 12 x Block(
      (norm1): LayerNorm((768,), eps=1e-06, elementwise_affine=True)
      (attn): Attention(
        (qkv): Linear(in_features=768, out_features=2304, bias=True)
        (attn_drop): Dropout(p=0.0, inplace=False)
        (proj): Linear(in_features=768, out_features=768, bias=True)
        (proj_drop): Dropout(p=0.0, inplace=False)
      )
      (drop_path): Identity()
      (norm2): LayerNorm((768,), eps=1e-06, elementwise_affine=True)
      (mlp): MLP(
        (fc1): Linear(in_features=768, out_features=3072, bias=True)
        (act): GELU(approximate='none')
        (fc2): Linear(in_features=3072, out_features=768, bias=True)
        (drop): Dropout(p=0.0, inplace=False)
      )
    )
  )
  (norm): LayerNorm((768,), eps=1e-06, elementwise_affine=True)
)
Epoch: 1/100 Train accuracy: 2.672795e-01 Validation accuracy: 4.166667e-01 Loss 1.381907e-02 Time taken: 0:00:49.070711
Epoch: 2/100 Train accuracy: 4.169873e-01 Validation accuracy: 4.383333e-01 Loss 1.333609e-02 Time taken: 0:00:49.437069
Epoch: 3/100 Train accuracy: 4.582443e-01 Validation accuracy: 4.903333e-01 Loss 1.299560e-02 Time taken: 0:00:50.059173
Epoch: 4/100 Train accuracy: 4.912356e-01 Validation accuracy: 5.293333e-01 Loss 1.274867e-02 Time taken: 0:00:50.169120
Epoch: 5/100 Train accuracy: 5.210204e-01 Validation accuracy: 5.403333e-01 Loss 1.255678e-02 Time taken: 0:00:50.335272
Epoch: 6/100 Train accuracy: 5.352715e-01 Validation accuracy: 5.553333e-01 Loss 1.239977e-02 Time taken: 0:00:49.735014
Epoch: 7/100 Train accuracy: 5.520165e-01 Validation accuracy: 5.733333e-01 Loss 1.227257e-02 Time taken: 0:00:50.442375
Epoch: 8/100 Train accuracy: 5.741057e-01 Validation accuracy: 5.893333e-01 Loss 1.215489e-02 Time taken: 0:00:50.266049
Epoch: 9/100 Train accuracy: 5.857204e-01 Validation accuracy: 6.013333e-01 Loss 1.206542e-02 Time taken: 0:00:50.334398
Epoch: 10/100 Train accuracy: 5.948411e-01 Validation accuracy: 6.116667e-01 Loss 1.197251e-02 Time taken: 0:00:50.038751
Epoch: 11/100 Train accuracy: 6.046744e-01 Validation accuracy: 6.176667e-01 Loss 1.188290e-02 Time taken: 0:00:50.311075
Epoch: 12/100 Train accuracy: 6.095197e-01 Validation accuracy: 6.243333e-01 Loss 1.182498e-02 Time taken: 0:00:50.176825
Epoch: 13/100 Train accuracy: 6.099473e-01 Validation accuracy: 6.270000e-01 Loss 1.176517e-02 Time taken: 0:00:50.014117
Epoch: 14/100 Train accuracy: 6.130113e-01 Validation accuracy: 6.313333e-01 Loss 1.170713e-02 Time taken: 0:00:50.239196
Epoch: 15/100 Train accuracy: 6.217757e-01 Validation accuracy: 6.326667e-01 Loss 1.166258e-02 Time taken: 0:00:50.681937
Epoch: 16/100 Train accuracy: 6.239134e-01 Validation accuracy: 6.350000e-01 Loss 1.161758e-02 Time taken: 0:00:50.145248
Epoch: 17/100 Train accuracy: 6.311102e-01 Validation accuracy: 6.410000e-01 Loss 1.156574e-02 Time taken: 0:00:50.214024
Epoch: 18/100 Train accuracy: 6.266211e-01 Validation accuracy: 6.353333e-01 Loss 1.153630e-02 Time taken: 0:00:50.192076
Epoch: 19/100 Train accuracy: 6.332478e-01 Validation accuracy: 6.393333e-01 Loss 1.150360e-02 Time taken: 0:00:50.230976
Epoch: 20/100 Train accuracy: 6.327490e-01 Validation accuracy: 6.406667e-01 Loss 1.147317e-02 Time taken: 0:00:50.102672
Epoch: 21/100 Train accuracy: 6.370956e-01 Validation accuracy: 6.403333e-01 Loss 1.143928e-02 Time taken: 0:00:50.306165
Epoch: 22/100 Train accuracy: 6.383782e-01 Validation accuracy: 6.436667e-01 Loss 1.140774e-02 Time taken: 0:00:50.157499
Epoch: 23/100 Train accuracy: 6.383782e-01 Validation accuracy: 6.453333e-01 Loss 1.139594e-02 Time taken: 0:00:50.787986
Epoch: 24/100 Train accuracy: 6.432236e-01 Validation accuracy: 6.460000e-01 Loss 1.136039e-02 Time taken: 0:00:50.123940
Epoch: 25/100 Train accuracy: 6.411572e-01 Validation accuracy: 6.463333e-01 Loss 1.134690e-02 Time taken: 0:00:50.310034
Epoch: 26/100 Train accuracy: 6.426536e-01 Validation accuracy: 6.483333e-01 Loss 1.132727e-02 Time taken: 0:00:50.255258
Epoch: 27/100 Train accuracy: 6.417985e-01 Validation accuracy: 6.506667e-01 Loss 1.130334e-02 Time taken: 0:00:50.366967
Epoch: 28/100 Train accuracy: 6.407297e-01 Validation accuracy: 6.510000e-01 Loss 1.129002e-02 Time taken: 0:00:50.153077
Epoch: 29/100 Train accuracy: 6.409434e-01 Validation accuracy: 6.510000e-01 Loss 1.128319e-02 Time taken: 0:00:50.216689
Epoch: 30/100 Train accuracy: 6.471427e-01 Validation accuracy: 6.513333e-01 Loss 1.126028e-02 Time taken: 0:00:49.903068
Epoch: 31/100 Train accuracy: 6.482827e-01 Validation accuracy: 6.523333e-01 Loss 1.124034e-02 Time taken: 0:00:50.533481
Epoch: 32/100 Train accuracy: 6.521305e-01 Validation accuracy: 6.543333e-01 Loss 1.121890e-02 Time taken: 0:00:50.113022
Epoch: 33/100 Train accuracy: 6.536269e-01 Validation accuracy: 6.556667e-01 Loss 1.120978e-02 Time taken: 0:00:50.165096
Epoch: 34/100 Train accuracy: 6.518455e-01 Validation accuracy: 6.553333e-01 Loss 1.119481e-02 Time taken: 0:00:49.712092
Epoch: 35/100 Train accuracy: 6.513467e-01 Validation accuracy: 6.560000e-01 Loss 1.118828e-02 Time taken: 0:00:50.060039
Epoch: 36/100 Train accuracy: 6.543395e-01 Validation accuracy: 6.576667e-01 Loss 1.116838e-02 Time taken: 0:00:50.208674
Epoch: 37/100 Train accuracy: 6.589711e-01 Validation accuracy: 6.573333e-01 Loss 1.115692e-02 Time taken: 0:00:50.234294
Epoch: 38/100 Train accuracy: 6.563346e-01 Validation accuracy: 6.603333e-01 Loss 1.114763e-02 Time taken: 0:00:49.921711
Epoch: 39/100 Train accuracy: 6.587573e-01 Validation accuracy: 6.613333e-01 Loss 1.113048e-02 Time taken: 0:00:50.450576
Epoch: 40/100 Train accuracy: 6.559783e-01 Validation accuracy: 6.603333e-01 Loss 1.113440e-02 Time taken: 0:00:49.979416
Epoch: 41/100 Train accuracy: 6.573322e-01 Validation accuracy: 6.606667e-01 Loss 1.111956e-02 Time taken: 0:00:50.239785
Epoch: 42/100 Train accuracy: 6.579022e-01 Validation accuracy: 6.616667e-01 Loss 1.110109e-02 Time taken: 0:00:50.262209
Epoch: 43/100 Train accuracy: 6.612512e-01 Validation accuracy: 6.650000e-01 Loss 1.109621e-02 Time taken: 0:00:50.456549
Epoch: 44/100 Train accuracy: 6.597549e-01 Validation accuracy: 6.620000e-01 Loss 1.108986e-02 Time taken: 0:00:50.162004
Epoch: 45/100 Train accuracy: 6.618213e-01 Validation accuracy: 6.653333e-01 Loss 1.107108e-02 Time taken: 0:00:50.841747
Epoch: 46/100 Train accuracy: 6.599686e-01 Validation accuracy: 6.653333e-01 Loss 1.106657e-02 Time taken: 0:00:50.504225
Epoch: 47/100 Train accuracy: 6.608237e-01 Validation accuracy: 6.683333e-01 Loss 1.105593e-02 Time taken: 0:00:50.593355
Epoch: 48/100 Train accuracy: 6.600399e-01 Validation accuracy: 6.670000e-01 Loss 1.106175e-02 Time taken: 0:00:50.267279
Epoch: 49/100 Train accuracy: 6.650278e-01 Validation accuracy: 6.673333e-01 Loss 1.103971e-02 Time taken: 0:00:50.773660
Epoch: 50/100 Train accuracy: 6.636739e-01 Validation accuracy: 6.676667e-01 Loss 1.103880e-02 Time taken: 0:00:50.515475
Epoch: 51/100 Train accuracy: 6.622488e-01 Validation accuracy: 6.683333e-01 Loss 1.104023e-02 Time taken: 0:00:50.450172
Epoch: 52/100 Train accuracy: 6.651703e-01 Validation accuracy: 6.680000e-01 Loss 1.101548e-02 Time taken: 0:00:50.106863
Epoch: 53/100 Train accuracy: 6.652416e-01 Validation accuracy: 6.713333e-01 Loss 1.100512e-02 Time taken: 0:00:50.011094
Epoch: 54/100 Train accuracy: 6.641015e-01 Validation accuracy: 6.693333e-01 Loss 1.102149e-02 Time taken: 0:00:50.362918
Epoch: 55/100 Train accuracy: 6.682343e-01 Validation accuracy: 6.720000e-01 Loss 1.100172e-02 Time taken: 0:00:50.517143
Epoch: 56/100 Train accuracy: 6.642440e-01 Validation accuracy: 6.726667e-01 Loss 1.100158e-02 Time taken: 0:00:50.100324
Epoch: 57/100 Train accuracy: 6.665954e-01 Validation accuracy: 6.740000e-01 Loss 1.099482e-02 Time taken: 0:00:50.139199
Epoch: 58/100 Train accuracy: 6.690181e-01 Validation accuracy: 6.716667e-01 Loss 1.098897e-02 Time taken: 0:00:50.084683
Epoch: 59/100 Train accuracy: 6.685193e-01 Validation accuracy: 6.726667e-01 Loss 1.098988e-02 Time taken: 0:00:50.195385
Epoch: 60/100 Train accuracy: 6.715833e-01 Validation accuracy: 6.720000e-01 Loss 1.096463e-02 Time taken: 0:00:51.147378
Epoch: 61/100 Train accuracy: 6.698019e-01 Validation accuracy: 6.763333e-01 Loss 1.096753e-02 Time taken: 0:00:49.886182
Epoch: 62/100 Train accuracy: 6.713695e-01 Validation accuracy: 6.733333e-01 Loss 1.096454e-02 Time taken: 0:00:50.316730
Epoch: 63/100 Train accuracy: 6.732934e-01 Validation accuracy: 6.760000e-01 Loss 1.095175e-02 Time taken: 0:00:49.997471
Epoch: 64/100 Train accuracy: 6.708707e-01 Validation accuracy: 6.736667e-01 Loss 1.095710e-02 Time taken: 0:00:50.896706
Epoch: 65/100 Train accuracy: 6.725809e-01 Validation accuracy: 6.743333e-01 Loss 1.094273e-02 Time taken: 0:00:50.883614
Epoch: 66/100 Train accuracy: 6.750036e-01 Validation accuracy: 6.733333e-01 Loss 1.093151e-02 Time taken: 0:00:50.334358
Epoch: 67/100 Train accuracy: 6.731509e-01 Validation accuracy: 6.746667e-01 Loss 1.093808e-02 Time taken: 0:00:50.496132
Epoch: 68/100 Train accuracy: 6.735072e-01 Validation accuracy: 6.780000e-01 Loss 1.092569e-02 Time taken: 0:00:50.008628
Epoch: 69/100 Train accuracy: 6.714408e-01 Validation accuracy: 6.766667e-01 Loss 1.092919e-02 Time taken: 0:00:50.037227
Epoch: 70/100 Train accuracy: 6.764287e-01 Validation accuracy: 6.760000e-01 Loss 1.092359e-02 Time taken: 0:00:50.201493
Epoch: 71/100 Train accuracy: 6.717258e-01 Validation accuracy: 6.763333e-01 Loss 1.091948e-02 Time taken: 0:00:51.161188
Epoch: 72/100 Train accuracy: 6.727946e-01 Validation accuracy: 6.790000e-01 Loss 1.090959e-02 Time taken: 0:00:50.382742
Epoch: 73/100 Train accuracy: 6.796352e-01 Validation accuracy: 6.760000e-01 Loss 1.088720e-02 Time taken: 0:00:50.082820
Epoch: 74/100 Train accuracy: 6.734359e-01 Validation accuracy: 6.760000e-01 Loss 1.090225e-02 Time taken: 0:00:50.532303
Epoch: 75/100 Train accuracy: 6.729372e-01 Validation accuracy: 6.786667e-01 Loss 1.090479e-02 Time taken: 0:00:50.351616
Epoch: 76/100 Train accuracy: 6.772125e-01 Validation accuracy: 6.783333e-01 Loss 1.088892e-02 Time taken: 0:00:50.154195
Epoch: 77/100 Train accuracy: 6.770700e-01 Validation accuracy: 6.770000e-01 Loss 1.088401e-02 Time taken: 0:00:50.069316
Epoch: 78/100 Train accuracy: 6.774975e-01 Validation accuracy: 6.790000e-01 Loss 1.087269e-02 Time taken: 0:00:50.722597
Epoch: 79/100 Train accuracy: 6.772125e-01 Validation accuracy: 6.776667e-01 Loss 1.088908e-02 Time taken: 0:00:50.511721
Epoch: 80/100 Train accuracy: 6.782813e-01 Validation accuracy: 6.766667e-01 Loss 1.087648e-02 Time taken: 0:00:50.521268
Epoch: 81/100 Train accuracy: 6.814878e-01 Validation accuracy: 6.810000e-01 Loss 1.086398e-02 Time taken: 0:00:50.421952
Epoch: 82/100 Train accuracy: 6.811315e-01 Validation accuracy: 6.780000e-01 Loss 1.085629e-02 Time taken: 0:00:50.403270
Epoch: 83/100 Train accuracy: 6.779250e-01 Validation accuracy: 6.813333e-01 Loss 1.087751e-02 Time taken: 0:00:50.092468
Epoch: 84/100 Train accuracy: 6.777113e-01 Validation accuracy: 6.780000e-01 Loss 1.085192e-02 Time taken: 0:00:50.779838
Epoch: 85/100 Train accuracy: 6.818441e-01 Validation accuracy: 6.813333e-01 Loss 1.085062e-02 Time taken: 0:00:50.144212
Epoch: 86/100 Train accuracy: 6.797777e-01 Validation accuracy: 6.800000e-01 Loss 1.086026e-02 Time taken: 0:00:50.161815
Epoch: 87/100 Train accuracy: 6.815591e-01 Validation accuracy: 6.813333e-01 Loss 1.085047e-02 Time taken: 0:00:50.692618
Epoch: 88/100 Train accuracy: 6.796352e-01 Validation accuracy: 6.816667e-01 Loss 1.084153e-02 Time taken: 0:00:50.524838
Epoch: 89/100 Train accuracy: 6.807753e-01 Validation accuracy: 6.786667e-01 Loss 1.083860e-02 Time taken: 0:00:50.515674
Epoch: 90/100 Train accuracy: 6.815591e-01 Validation accuracy: 6.803333e-01 Loss 1.084352e-02 Time taken: 0:00:50.348199
Epoch: 91/100 Train accuracy: 6.762862e-01 Validation accuracy: 6.800000e-01 Loss 1.085054e-02 Time taken: 0:00:50.040712
Epoch: 92/100 Train accuracy: 6.803477e-01 Validation accuracy: 6.820000e-01 Loss 1.083657e-02 Time taken: 0:00:50.229631
Epoch: 93/100 Train accuracy: 6.813453e-01 Validation accuracy: 6.816667e-01 Loss 1.083105e-02 Time taken: 0:00:50.408389
Epoch: 94/100 Train accuracy: 6.811315e-01 Validation accuracy: 6.810000e-01 Loss 1.082949e-02 Time taken: 0:00:50.058109
Epoch: 95/100 Train accuracy: 6.799914e-01 Validation accuracy: 6.820000e-01 Loss 1.082858e-02 Time taken: 0:00:50.116802
Epoch: 96/100 Train accuracy: 6.806327e-01 Validation accuracy: 6.820000e-01 Loss 1.082269e-02 Time taken: 0:00:49.950580
Epoch: 97/100 Train accuracy: 6.812028e-01 Validation accuracy: 6.816667e-01 Loss 1.082396e-02 Time taken: 0:00:49.951524
Epoch: 98/100 Train accuracy: 6.864757e-01 Validation accuracy: 6.813333e-01 Loss 1.080954e-02 Time taken: 0:00:50.440548
Epoch: 99/100 Train accuracy: 6.820579e-01 Validation accuracy: 6.846667e-01 Loss 1.080836e-02 Time taken: 0:00:46.519517
Epoch: 100/100 Train accuracy: 6.846943e-01 Validation accuracy: 6.853333e-01 Loss 1.080668e-02 Time taken: 0:00:46.301690
Total time taken 1:29:30.982523
Done
