Directory classifiers/jepa-iic-PKT-seed-10-classifier-pretrained-vitb-normalized-ep200 for saving the classifiers is now present
VisionTransformer(
  (patch_embed): PatchEmbed(
    (proj): Conv2d(3, 768, kernel_size=(15, 15), stride=(15, 15))
  )
  (blocks): ModuleList(
    (0-11): 12 x Block(
      (norm1): LayerNorm((768,), eps=1e-06, elementwise_affine=True)
      (attn): Attention(
        (qkv): Linear(in_features=768, out_features=2304, bias=True)
        (attn_drop): Dropout(p=0.0, inplace=False)
        (proj): Linear(in_features=768, out_features=768, bias=True)
        (proj_drop): Dropout(p=0.0, inplace=False)
      )
      (drop_path): Identity()
      (norm2): LayerNorm((768,), eps=1e-06, elementwise_affine=True)
      (mlp): MLP(
        (fc1): Linear(in_features=768, out_features=3072, bias=True)
        (act): GELU(approximate='none')
        (fc2): Linear(in_features=3072, out_features=768, bias=True)
        (drop): Dropout(p=0.0, inplace=False)
      )
    )
  )
  (norm): LayerNorm((768,), eps=1e-06, elementwise_affine=True)
)
Extracting features and saving them locally..
Epoch: 1/200 Train accuracy: 2.96280e-01 Validation accuracy: 4.43333e-01 Loss 1.35160e-02 Time taken: 2.13 seconds 
Epoch: 2/200 Train accuracy: 4.34231e-01 Validation accuracy: 4.77667e-01 Loss 1.26547e-02 Time taken: 2.16 seconds 
Epoch: 3/200 Train accuracy: 4.68719e-01 Validation accuracy: 4.95000e-01 Loss 1.23690e-02 Time taken: 2.34 seconds 
Epoch: 4/200 Train accuracy: 4.89098e-01 Validation accuracy: 5.06667e-01 Loss 1.22182e-02 Time taken: 2.54 seconds 
Epoch: 5/200 Train accuracy: 5.04703e-01 Validation accuracy: 5.08667e-01 Loss 1.20908e-02 Time taken: 2.31 seconds 
Epoch: 6/200 Train accuracy: 5.07909e-01 Validation accuracy: 5.24667e-01 Loss 1.20459e-02 Time taken: 2.20 seconds 
Epoch: 7/200 Train accuracy: 5.21733e-01 Validation accuracy: 5.37333e-01 Loss 1.19604e-02 Time taken: 2.09 seconds 
Epoch: 8/200 Train accuracy: 5.24084e-01 Validation accuracy: 5.28667e-01 Loss 1.19245e-02 Time taken: 2.12 seconds 
Epoch: 9/200 Train accuracy: 5.28787e-01 Validation accuracy: 5.46000e-01 Loss 1.18818e-02 Time taken: 2.29 seconds 
Epoch: 10/200 Train accuracy: 5.35913e-01 Validation accuracy: 5.47000e-01 Loss 1.18432e-02 Time taken: 2.32 seconds 
Epoch: 11/200 Train accuracy: 5.40829e-01 Validation accuracy: 5.38667e-01 Loss 1.18010e-02 Time taken: 2.15 seconds 
Epoch: 12/200 Train accuracy: 5.42255e-01 Validation accuracy: 5.47667e-01 Loss 1.17832e-02 Time taken: 2.30 seconds 
Epoch: 13/200 Train accuracy: 5.40259e-01 Validation accuracy: 5.52667e-01 Loss 1.17744e-02 Time taken: 2.05 seconds 
Epoch: 14/200 Train accuracy: 5.51019e-01 Validation accuracy: 5.60333e-01 Loss 1.17397e-02 Time taken: 2.24 seconds 
Epoch: 15/200 Train accuracy: 5.48596e-01 Validation accuracy: 5.50333e-01 Loss 1.17281e-02 Time taken: 2.31 seconds 
Epoch: 16/200 Train accuracy: 5.55508e-01 Validation accuracy: 5.60333e-01 Loss 1.16971e-02 Time taken: 2.26 seconds 
Epoch: 17/200 Train accuracy: 5.54083e-01 Validation accuracy: 5.59000e-01 Loss 1.16970e-02 Time taken: 2.23 seconds 
Epoch: 18/200 Train accuracy: 5.57646e-01 Validation accuracy: 5.56667e-01 Loss 1.16667e-02 Time taken: 2.34 seconds 
Epoch: 19/200 Train accuracy: 5.50948e-01 Validation accuracy: 5.58333e-01 Loss 1.16900e-02 Time taken: 2.26 seconds 
Epoch: 20/200 Train accuracy: 5.59498e-01 Validation accuracy: 5.60667e-01 Loss 1.16513e-02 Time taken: 2.14 seconds 
Epoch: 21/200 Train accuracy: 5.60638e-01 Validation accuracy: 5.65333e-01 Loss 1.16361e-02 Time taken: 2.31 seconds 
Epoch: 22/200 Train accuracy: 5.60282e-01 Validation accuracy: 5.62667e-01 Loss 1.16318e-02 Time taken: 2.14 seconds 
Epoch: 23/200 Train accuracy: 5.60425e-01 Validation accuracy: 5.71333e-01 Loss 1.16225e-02 Time taken: 2.16 seconds 
Epoch: 24/200 Train accuracy: 5.59997e-01 Validation accuracy: 5.56333e-01 Loss 1.16191e-02 Time taken: 2.45 seconds 
Epoch: 25/200 Train accuracy: 5.62919e-01 Validation accuracy: 5.63333e-01 Loss 1.16074e-02 Time taken: 2.27 seconds 
Epoch: 26/200 Train accuracy: 5.63702e-01 Validation accuracy: 5.65667e-01 Loss 1.16014e-02 Time taken: 2.34 seconds 
Epoch: 27/200 Train accuracy: 5.66125e-01 Validation accuracy: 5.68333e-01 Loss 1.15904e-02 Time taken: 2.36 seconds 
Epoch: 28/200 Train accuracy: 5.65911e-01 Validation accuracy: 5.62000e-01 Loss 1.15933e-02 Time taken: 2.37 seconds 
Epoch: 29/200 Train accuracy: 5.63774e-01 Validation accuracy: 5.70333e-01 Loss 1.15953e-02 Time taken: 2.21 seconds 
Epoch: 30/200 Train accuracy: 5.67051e-01 Validation accuracy: 5.66333e-01 Loss 1.15808e-02 Time taken: 2.46 seconds 
Epoch: 31/200 Train accuracy: 5.65128e-01 Validation accuracy: 5.68667e-01 Loss 1.15834e-02 Time taken: 2.28 seconds 
Epoch: 32/200 Train accuracy: 5.68904e-01 Validation accuracy: 5.71000e-01 Loss 1.15610e-02 Time taken: 2.23 seconds 
Epoch: 33/200 Train accuracy: 5.68192e-01 Validation accuracy: 5.60667e-01 Loss 1.15573e-02 Time taken: 2.31 seconds 
Epoch: 34/200 Train accuracy: 5.73179e-01 Validation accuracy: 5.74333e-01 Loss 1.15365e-02 Time taken: 2.26 seconds 
Epoch: 35/200 Train accuracy: 5.71042e-01 Validation accuracy: 5.65333e-01 Loss 1.15470e-02 Time taken: 2.14 seconds 
Epoch: 36/200 Train accuracy: 5.71968e-01 Validation accuracy: 5.75000e-01 Loss 1.15320e-02 Time taken: 2.05 seconds 
Epoch: 37/200 Train accuracy: 5.72894e-01 Validation accuracy: 5.70667e-01 Loss 1.15361e-02 Time taken: 2.15 seconds 
Epoch: 38/200 Train accuracy: 5.74462e-01 Validation accuracy: 5.73667e-01 Loss 1.15321e-02 Time taken: 2.02 seconds 
Epoch: 39/200 Train accuracy: 5.75032e-01 Validation accuracy: 5.72667e-01 Loss 1.15145e-02 Time taken: 2.10 seconds 
Epoch: 40/200 Train accuracy: 5.72681e-01 Validation accuracy: 5.67333e-01 Loss 1.15275e-02 Time taken: 2.17 seconds 
Epoch: 41/200 Train accuracy: 5.75103e-01 Validation accuracy: 5.72000e-01 Loss 1.15156e-02 Time taken: 2.03 seconds 
Epoch: 42/200 Train accuracy: 5.78737e-01 Validation accuracy: 5.77333e-01 Loss 1.15022e-02 Time taken: 2.33 seconds 
Epoch: 43/200 Train accuracy: 5.75887e-01 Validation accuracy: 5.76000e-01 Loss 1.14952e-02 Time taken: 2.20 seconds 
Epoch: 44/200 Train accuracy: 5.73678e-01 Validation accuracy: 5.67333e-01 Loss 1.15119e-02 Time taken: 2.03 seconds 
Epoch: 45/200 Train accuracy: 5.79307e-01 Validation accuracy: 5.75333e-01 Loss 1.14996e-02 Time taken: 2.20 seconds 
Epoch: 46/200 Train accuracy: 5.80091e-01 Validation accuracy: 5.70667e-01 Loss 1.14910e-02 Time taken: 2.17 seconds 
Epoch: 47/200 Train accuracy: 5.77669e-01 Validation accuracy: 5.72000e-01 Loss 1.14980e-02 Time taken: 2.17 seconds 
Epoch: 48/200 Train accuracy: 5.80590e-01 Validation accuracy: 5.78333e-01 Loss 1.14853e-02 Time taken: 2.21 seconds 
Epoch: 49/200 Train accuracy: 5.79450e-01 Validation accuracy: 5.80000e-01 Loss 1.14800e-02 Time taken: 2.34 seconds 
Epoch: 50/200 Train accuracy: 5.78737e-01 Validation accuracy: 5.77667e-01 Loss 1.14828e-02 Time taken: 2.11 seconds 
Epoch: 51/200 Train accuracy: 5.81873e-01 Validation accuracy: 5.76000e-01 Loss 1.14719e-02 Time taken: 1.69 seconds 
Epoch: 52/200 Train accuracy: 5.78239e-01 Validation accuracy: 5.78667e-01 Loss 1.14774e-02 Time taken: 1.59 seconds 
Epoch: 53/200 Train accuracy: 5.81801e-01 Validation accuracy: 5.80333e-01 Loss 1.14630e-02 Time taken: 1.58 seconds 
Epoch: 54/200 Train accuracy: 5.78809e-01 Validation accuracy: 5.80000e-01 Loss 1.14773e-02 Time taken: 1.57 seconds 
Epoch: 55/200 Train accuracy: 5.83013e-01 Validation accuracy: 5.81667e-01 Loss 1.14592e-02 Time taken: 1.58 seconds 
Epoch: 56/200 Train accuracy: 5.80519e-01 Validation accuracy: 5.80667e-01 Loss 1.14601e-02 Time taken: 1.58 seconds 
Epoch: 57/200 Train accuracy: 5.81516e-01 Validation accuracy: 5.76667e-01 Loss 1.14454e-02 Time taken: 1.58 seconds 
Epoch: 58/200 Train accuracy: 5.81303e-01 Validation accuracy: 5.85000e-01 Loss 1.14554e-02 Time taken: 1.61 seconds 
Epoch: 59/200 Train accuracy: 5.83511e-01 Validation accuracy: 5.81000e-01 Loss 1.14561e-02 Time taken: 1.63 seconds 
Epoch: 60/200 Train accuracy: 5.83440e-01 Validation accuracy: 5.83000e-01 Loss 1.14391e-02 Time taken: 1.61 seconds 
Epoch: 61/200 Train accuracy: 5.79877e-01 Validation accuracy: 5.85667e-01 Loss 1.14503e-02 Time taken: 1.60 seconds 
Epoch: 62/200 Train accuracy: 5.84509e-01 Validation accuracy: 5.80667e-01 Loss 1.14424e-02 Time taken: 1.63 seconds 
Epoch: 63/200 Train accuracy: 5.84723e-01 Validation accuracy: 5.81667e-01 Loss 1.14395e-02 Time taken: 1.64 seconds 
Epoch: 64/200 Train accuracy: 5.87431e-01 Validation accuracy: 5.86667e-01 Loss 1.14301e-02 Time taken: 1.65 seconds 
Epoch: 65/200 Train accuracy: 5.85435e-01 Validation accuracy: 5.80000e-01 Loss 1.14439e-02 Time taken: 1.63 seconds 
Epoch: 66/200 Train accuracy: 5.81944e-01 Validation accuracy: 5.70333e-01 Loss 1.14547e-02 Time taken: 1.63 seconds 
Epoch: 67/200 Train accuracy: 5.84937e-01 Validation accuracy: 5.74667e-01 Loss 1.14420e-02 Time taken: 1.64 seconds 
Epoch: 68/200 Train accuracy: 5.85293e-01 Validation accuracy: 5.79000e-01 Loss 1.14261e-02 Time taken: 1.66 seconds 
Epoch: 69/200 Train accuracy: 5.88428e-01 Validation accuracy: 5.78333e-01 Loss 1.14205e-02 Time taken: 1.59 seconds 
Epoch: 70/200 Train accuracy: 5.84580e-01 Validation accuracy: 5.90000e-01 Loss 1.14396e-02 Time taken: 1.59 seconds 
Epoch: 71/200 Train accuracy: 5.83796e-01 Validation accuracy: 5.82333e-01 Loss 1.14260e-02 Time taken: 1.60 seconds 
Epoch: 72/200 Train accuracy: 5.84723e-01 Validation accuracy: 5.82333e-01 Loss 1.14177e-02 Time taken: 1.61 seconds 
Epoch: 73/200 Train accuracy: 5.85792e-01 Validation accuracy: 5.83000e-01 Loss 1.14239e-02 Time taken: 1.62 seconds 
Epoch: 74/200 Train accuracy: 5.87217e-01 Validation accuracy: 5.75333e-01 Loss 1.14239e-02 Time taken: 1.61 seconds 
Epoch: 75/200 Train accuracy: 5.85364e-01 Validation accuracy: 5.86000e-01 Loss 1.14270e-02 Time taken: 1.61 seconds 
Epoch: 76/200 Train accuracy: 5.83226e-01 Validation accuracy: 5.80333e-01 Loss 1.14295e-02 Time taken: 1.62 seconds 
Epoch: 77/200 Train accuracy: 5.90993e-01 Validation accuracy: 5.80667e-01 Loss 1.14024e-02 Time taken: 1.67 seconds 
Epoch: 78/200 Train accuracy: 5.86433e-01 Validation accuracy: 5.81000e-01 Loss 1.14177e-02 Time taken: 1.59 seconds 
Epoch: 79/200 Train accuracy: 5.89639e-01 Validation accuracy: 5.82667e-01 Loss 1.14108e-02 Time taken: 1.60 seconds 
Epoch: 80/200 Train accuracy: 5.86575e-01 Validation accuracy: 5.85667e-01 Loss 1.14178e-02 Time taken: 1.60 seconds 
Epoch: 81/200 Train accuracy: 5.88784e-01 Validation accuracy: 5.84000e-01 Loss 1.14111e-02 Time taken: 1.60 seconds 
Epoch: 82/200 Train accuracy: 5.87787e-01 Validation accuracy: 5.86000e-01 Loss 1.14067e-02 Time taken: 1.66 seconds 
Epoch: 83/200 Train accuracy: 5.87573e-01 Validation accuracy: 5.85667e-01 Loss 1.14056e-02 Time taken: 1.64 seconds 
Epoch: 84/200 Train accuracy: 5.91136e-01 Validation accuracy: 5.86000e-01 Loss 1.13798e-02 Time taken: 1.81 seconds 
Epoch: 85/200 Train accuracy: 5.87929e-01 Validation accuracy: 5.83000e-01 Loss 1.14030e-02 Time taken: 1.72 seconds 
Epoch: 86/200 Train accuracy: 5.83868e-01 Validation accuracy: 5.86667e-01 Loss 1.14190e-02 Time taken: 1.68 seconds 
Epoch: 87/200 Train accuracy: 5.90138e-01 Validation accuracy: 5.85333e-01 Loss 1.14053e-02 Time taken: 1.65 seconds 
Epoch: 88/200 Train accuracy: 5.89711e-01 Validation accuracy: 5.90000e-01 Loss 1.14058e-02 Time taken: 1.65 seconds 
Epoch: 89/200 Train accuracy: 5.90922e-01 Validation accuracy: 5.86000e-01 Loss 1.13923e-02 Time taken: 1.64 seconds 
Epoch: 90/200 Train accuracy: 5.89069e-01 Validation accuracy: 5.90333e-01 Loss 1.14036e-02 Time taken: 1.64 seconds 
Epoch: 91/200 Train accuracy: 5.88998e-01 Validation accuracy: 5.79667e-01 Loss 1.13918e-02 Time taken: 1.71 seconds 
Epoch: 92/200 Train accuracy: 5.91492e-01 Validation accuracy: 5.77333e-01 Loss 1.13937e-02 Time taken: 1.81 seconds 
Epoch: 93/200 Train accuracy: 5.85364e-01 Validation accuracy: 5.85667e-01 Loss 1.14114e-02 Time taken: 2.03 seconds 
Epoch: 94/200 Train accuracy: 5.86219e-01 Validation accuracy: 5.89000e-01 Loss 1.13975e-02 Time taken: 2.34 seconds 
Epoch: 95/200 Train accuracy: 5.87787e-01 Validation accuracy: 5.83333e-01 Loss 1.13898e-02 Time taken: 2.43 seconds 
Epoch: 96/200 Train accuracy: 5.87003e-01 Validation accuracy: 5.87333e-01 Loss 1.14072e-02 Time taken: 2.34 seconds 
Epoch: 97/200 Train accuracy: 5.87217e-01 Validation accuracy: 5.90000e-01 Loss 1.13972e-02 Time taken: 2.36 seconds 
Epoch: 98/200 Train accuracy: 5.89924e-01 Validation accuracy: 5.88333e-01 Loss 1.13950e-02 Time taken: 2.15 seconds 
Epoch: 99/200 Train accuracy: 5.92347e-01 Validation accuracy: 5.88667e-01 Loss 1.13761e-02 Time taken: 2.29 seconds 
Epoch: 100/200 Train accuracy: 5.94414e-01 Validation accuracy: 5.84000e-01 Loss 1.13699e-02 Time taken: 2.30 seconds 
Epoch: 101/200 Train accuracy: 5.89996e-01 Validation accuracy: 5.93667e-01 Loss 1.13873e-02 Time taken: 2.30 seconds 
Epoch: 102/200 Train accuracy: 5.92846e-01 Validation accuracy: 5.86667e-01 Loss 1.13744e-02 Time taken: 2.19 seconds 
Epoch: 103/200 Train accuracy: 5.90281e-01 Validation accuracy: 5.82667e-01 Loss 1.13770e-02 Time taken: 2.27 seconds 
Epoch: 104/200 Train accuracy: 5.93986e-01 Validation accuracy: 5.79000e-01 Loss 1.13757e-02 Time taken: 2.31 seconds 
Epoch: 105/200 Train accuracy: 5.90423e-01 Validation accuracy: 5.90333e-01 Loss 1.13835e-02 Time taken: 2.46 seconds 
Epoch: 106/200 Train accuracy: 5.88001e-01 Validation accuracy: 5.89667e-01 Loss 1.13930e-02 Time taken: 2.13 seconds 
Epoch: 107/200 Train accuracy: 5.92062e-01 Validation accuracy: 5.86333e-01 Loss 1.13791e-02 Time taken: 2.34 seconds 
Epoch: 108/200 Train accuracy: 5.89283e-01 Validation accuracy: 5.86667e-01 Loss 1.13812e-02 Time taken: 2.30 seconds 
Epoch: 109/200 Train accuracy: 5.88571e-01 Validation accuracy: 5.87667e-01 Loss 1.13877e-02 Time taken: 2.23 seconds 
Epoch: 110/200 Train accuracy: 5.90851e-01 Validation accuracy: 5.83333e-01 Loss 1.13801e-02 Time taken: 2.20 seconds 
Epoch: 111/200 Train accuracy: 5.92490e-01 Validation accuracy: 5.87000e-01 Loss 1.13754e-02 Time taken: 1.98 seconds 
Epoch: 112/200 Train accuracy: 5.90780e-01 Validation accuracy: 5.86667e-01 Loss 1.13897e-02 Time taken: 2.03 seconds 
Epoch: 113/200 Train accuracy: 5.90352e-01 Validation accuracy: 5.81667e-01 Loss 1.13712e-02 Time taken: 2.12 seconds 
Epoch: 114/200 Train accuracy: 5.93131e-01 Validation accuracy: 5.93667e-01 Loss 1.13608e-02 Time taken: 2.18 seconds 
Epoch: 115/200 Train accuracy: 5.91278e-01 Validation accuracy: 5.82333e-01 Loss 1.13674e-02 Time taken: 2.22 seconds 
Epoch: 116/200 Train accuracy: 5.93416e-01 Validation accuracy: 5.86667e-01 Loss 1.13561e-02 Time taken: 2.13 seconds 
Epoch: 117/200 Train accuracy: 5.93131e-01 Validation accuracy: 5.87667e-01 Loss 1.13747e-02 Time taken: 2.13 seconds 
Epoch: 118/200 Train accuracy: 5.90352e-01 Validation accuracy: 5.75333e-01 Loss 1.13757e-02 Time taken: 2.05 seconds 
Epoch: 119/200 Train accuracy: 5.94912e-01 Validation accuracy: 5.87333e-01 Loss 1.13588e-02 Time taken: 2.05 seconds 
Epoch: 120/200 Train accuracy: 5.90566e-01 Validation accuracy: 5.90000e-01 Loss 1.13674e-02 Time taken: 2.41 seconds 
Epoch: 121/200 Train accuracy: 5.96979e-01 Validation accuracy: 5.76667e-01 Loss 1.13494e-02 Time taken: 2.23 seconds 
Epoch: 122/200 Train accuracy: 5.93559e-01 Validation accuracy: 5.83000e-01 Loss 1.13590e-02 Time taken: 2.21 seconds 
Epoch: 123/200 Train accuracy: 5.95197e-01 Validation accuracy: 5.94333e-01 Loss 1.13536e-02 Time taken: 2.08 seconds 
Epoch: 124/200 Train accuracy: 5.95482e-01 Validation accuracy: 5.87333e-01 Loss 1.13422e-02 Time taken: 2.39 seconds 
Epoch: 125/200 Train accuracy: 5.93701e-01 Validation accuracy: 5.89667e-01 Loss 1.13604e-02 Time taken: 2.40 seconds 
Epoch: 126/200 Train accuracy: 5.95269e-01 Validation accuracy: 5.85000e-01 Loss 1.13472e-02 Time taken: 2.32 seconds 
Epoch: 127/200 Train accuracy: 5.92846e-01 Validation accuracy: 5.89333e-01 Loss 1.13627e-02 Time taken: 2.28 seconds 
Epoch: 128/200 Train accuracy: 5.91848e-01 Validation accuracy: 5.87333e-01 Loss 1.13609e-02 Time taken: 1.99 seconds 
Epoch: 129/200 Train accuracy: 5.95197e-01 Validation accuracy: 5.88333e-01 Loss 1.13561e-02 Time taken: 2.18 seconds 
Epoch: 130/200 Train accuracy: 5.95625e-01 Validation accuracy: 5.92000e-01 Loss 1.13457e-02 Time taken: 2.12 seconds 
Epoch: 131/200 Train accuracy: 5.94984e-01 Validation accuracy: 5.83667e-01 Loss 1.13485e-02 Time taken: 2.36 seconds 
Epoch: 132/200 Train accuracy: 5.91706e-01 Validation accuracy: 5.82000e-01 Loss 1.13663e-02 Time taken: 2.09 seconds 
Epoch: 133/200 Train accuracy: 5.92490e-01 Validation accuracy: 5.83667e-01 Loss 1.13560e-02 Time taken: 2.28 seconds 
Epoch: 134/200 Train accuracy: 5.93630e-01 Validation accuracy: 5.88000e-01 Loss 1.13550e-02 Time taken: 2.26 seconds 
Epoch: 135/200 Train accuracy: 5.95126e-01 Validation accuracy: 5.90333e-01 Loss 1.13507e-02 Time taken: 2.26 seconds 
Epoch: 136/200 Train accuracy: 5.95340e-01 Validation accuracy: 5.89333e-01 Loss 1.13430e-02 Time taken: 2.39 seconds 
Epoch: 137/200 Train accuracy: 5.93701e-01 Validation accuracy: 5.92000e-01 Loss 1.13526e-02 Time taken: 2.17 seconds 
Epoch: 138/200 Train accuracy: 5.90851e-01 Validation accuracy: 5.88000e-01 Loss 1.13648e-02 Time taken: 2.14 seconds 
Epoch: 139/200 Train accuracy: 5.97121e-01 Validation accuracy: 5.91333e-01 Loss 1.13376e-02 Time taken: 2.23 seconds 
Epoch: 140/200 Train accuracy: 5.92632e-01 Validation accuracy: 5.80333e-01 Loss 1.13537e-02 Time taken: 2.40 seconds 
Epoch: 141/200 Train accuracy: 5.93772e-01 Validation accuracy: 5.86667e-01 Loss 1.13555e-02 Time taken: 2.27 seconds 
Epoch: 142/200 Train accuracy: 5.96409e-01 Validation accuracy: 5.86000e-01 Loss 1.13423e-02 Time taken: 2.36 seconds 
Epoch: 143/200 Train accuracy: 5.95126e-01 Validation accuracy: 5.90667e-01 Loss 1.13465e-02 Time taken: 2.30 seconds 
Epoch: 144/200 Train accuracy: 5.95625e-01 Validation accuracy: 5.84333e-01 Loss 1.13394e-02 Time taken: 2.14 seconds 
Epoch: 145/200 Train accuracy: 5.94984e-01 Validation accuracy: 5.88667e-01 Loss 1.13409e-02 Time taken: 2.36 seconds 
Epoch: 146/200 Train accuracy: 5.92490e-01 Validation accuracy: 5.92000e-01 Loss 1.13552e-02 Time taken: 2.05 seconds 
Epoch: 147/200 Train accuracy: 5.97121e-01 Validation accuracy: 5.95000e-01 Loss 1.13325e-02 Time taken: 2.42 seconds 
Epoch: 148/200 Train accuracy: 5.95411e-01 Validation accuracy: 5.93000e-01 Loss 1.13398e-02 Time taken: 2.34 seconds 
Epoch: 149/200 Train accuracy: 5.96195e-01 Validation accuracy: 5.90667e-01 Loss 1.13475e-02 Time taken: 2.17 seconds 
Epoch: 150/200 Train accuracy: 5.92632e-01 Validation accuracy: 5.92000e-01 Loss 1.13580e-02 Time taken: 2.08 seconds 
Epoch: 151/200 Train accuracy: 5.95126e-01 Validation accuracy: 5.86000e-01 Loss 1.13487e-02 Time taken: 2.16 seconds 
Epoch: 152/200 Train accuracy: 5.96908e-01 Validation accuracy: 5.94667e-01 Loss 1.13399e-02 Time taken: 2.31 seconds 
Epoch: 153/200 Train accuracy: 5.96836e-01 Validation accuracy: 5.99667e-01 Loss 1.13383e-02 Time taken: 2.12 seconds 
Epoch: 154/200 Train accuracy: 5.97193e-01 Validation accuracy: 5.96000e-01 Loss 1.13385e-02 Time taken: 2.09 seconds 
Epoch: 155/200 Train accuracy: 5.96409e-01 Validation accuracy: 5.85667e-01 Loss 1.13317e-02 Time taken: 2.14 seconds 
Epoch: 156/200 Train accuracy: 5.99045e-01 Validation accuracy: 5.91333e-01 Loss 1.13257e-02 Time taken: 2.24 seconds 
Epoch: 157/200 Train accuracy: 5.94770e-01 Validation accuracy: 5.88667e-01 Loss 1.13430e-02 Time taken: 2.09 seconds 
Epoch: 158/200 Train accuracy: 5.96409e-01 Validation accuracy: 5.93000e-01 Loss 1.13284e-02 Time taken: 2.18 seconds 
Epoch: 159/200 Train accuracy: 5.94841e-01 Validation accuracy: 5.90000e-01 Loss 1.13575e-02 Time taken: 2.28 seconds 
Epoch: 160/200 Train accuracy: 5.96409e-01 Validation accuracy: 5.97333e-01 Loss 1.13279e-02 Time taken: 1.99 seconds 
Epoch: 161/200 Train accuracy: 5.95411e-01 Validation accuracy: 5.85667e-01 Loss 1.13382e-02 Time taken: 2.12 seconds 
Epoch: 162/200 Train accuracy: 5.97406e-01 Validation accuracy: 5.90000e-01 Loss 1.13302e-02 Time taken: 2.12 seconds 
Epoch: 163/200 Train accuracy: 5.97406e-01 Validation accuracy: 5.90667e-01 Loss 1.13359e-02 Time taken: 2.42 seconds 
Epoch: 164/200 Train accuracy: 5.93844e-01 Validation accuracy: 5.91333e-01 Loss 1.13346e-02 Time taken: 2.40 seconds 
Epoch: 165/200 Train accuracy: 5.96765e-01 Validation accuracy: 5.96000e-01 Loss 1.13288e-02 Time taken: 2.25 seconds 
Epoch: 166/200 Train accuracy: 5.93202e-01 Validation accuracy: 5.91333e-01 Loss 1.13424e-02 Time taken: 2.30 seconds 
Epoch: 167/200 Train accuracy: 5.95839e-01 Validation accuracy: 5.95000e-01 Loss 1.13364e-02 Time taken: 2.30 seconds 
Epoch: 168/200 Train accuracy: 5.94770e-01 Validation accuracy: 5.95333e-01 Loss 1.13342e-02 Time taken: 2.13 seconds 
Epoch: 169/200 Train accuracy: 5.96622e-01 Validation accuracy: 5.82667e-01 Loss 1.13334e-02 Time taken: 2.32 seconds 
Epoch: 170/200 Train accuracy: 5.97264e-01 Validation accuracy: 5.96000e-01 Loss 1.13274e-02 Time taken: 2.15 seconds 
Epoch: 171/200 Train accuracy: 5.98546e-01 Validation accuracy: 5.95333e-01 Loss 1.13218e-02 Time taken: 2.26 seconds 
Epoch: 172/200 Train accuracy: 5.99473e-01 Validation accuracy: 5.86333e-01 Loss 1.13159e-02 Time taken: 2.37 seconds 
Epoch: 173/200 Train accuracy: 5.99259e-01 Validation accuracy: 5.96667e-01 Loss 1.13126e-02 Time taken: 2.34 seconds 
Epoch: 174/200 Train accuracy: 5.96836e-01 Validation accuracy: 5.92667e-01 Loss 1.13249e-02 Time taken: 2.20 seconds 
Epoch: 175/200 Train accuracy: 5.96622e-01 Validation accuracy: 5.95667e-01 Loss 1.13224e-02 Time taken: 2.40 seconds 
Epoch: 176/200 Train accuracy: 5.98048e-01 Validation accuracy: 5.89333e-01 Loss 1.13271e-02 Time taken: 2.39 seconds 
Epoch: 177/200 Train accuracy: 5.95126e-01 Validation accuracy: 5.97000e-01 Loss 1.13358e-02 Time taken: 2.38 seconds 
Epoch: 178/200 Train accuracy: 6.00399e-01 Validation accuracy: 5.85667e-01 Loss 1.13176e-02 Time taken: 2.31 seconds 
Epoch: 179/200 Train accuracy: 5.99045e-01 Validation accuracy: 5.93000e-01 Loss 1.13100e-02 Time taken: 2.10 seconds 
Epoch: 180/200 Train accuracy: 6.01610e-01 Validation accuracy: 5.95000e-01 Loss 1.13137e-02 Time taken: 2.31 seconds 
Epoch: 181/200 Train accuracy: 5.99045e-01 Validation accuracy: 5.95333e-01 Loss 1.13234e-02 Time taken: 2.14 seconds 
Epoch: 182/200 Train accuracy: 5.97549e-01 Validation accuracy: 5.97333e-01 Loss 1.13241e-02 Time taken: 2.27 seconds 
Epoch: 183/200 Train accuracy: 5.92276e-01 Validation accuracy: 5.91667e-01 Loss 1.13442e-02 Time taken: 2.44 seconds 
Epoch: 184/200 Train accuracy: 5.99330e-01 Validation accuracy: 5.87333e-01 Loss 1.13115e-02 Time taken: 2.40 seconds 
Epoch: 185/200 Train accuracy: 5.94841e-01 Validation accuracy: 5.92667e-01 Loss 1.13353e-02 Time taken: 2.29 seconds 
Epoch: 186/200 Train accuracy: 6.01610e-01 Validation accuracy: 5.95667e-01 Loss 1.13057e-02 Time taken: 2.20 seconds 
Epoch: 187/200 Train accuracy: 5.98546e-01 Validation accuracy: 5.95000e-01 Loss 1.13091e-02 Time taken: 2.25 seconds 
Epoch: 188/200 Train accuracy: 5.99615e-01 Validation accuracy: 5.93667e-01 Loss 1.13315e-02 Time taken: 2.11 seconds 
Epoch: 189/200 Train accuracy: 5.94342e-01 Validation accuracy: 5.92333e-01 Loss 1.13189e-02 Time taken: 2.17 seconds 
Epoch: 190/200 Train accuracy: 5.97406e-01 Validation accuracy: 5.92333e-01 Loss 1.13088e-02 Time taken: 2.38 seconds 
Epoch: 191/200 Train accuracy: 5.98048e-01 Validation accuracy: 5.90000e-01 Loss 1.13173e-02 Time taken: 2.27 seconds 
Epoch: 192/200 Train accuracy: 6.01610e-01 Validation accuracy: 5.93667e-01 Loss 1.13079e-02 Time taken: 2.15 seconds 
Epoch: 193/200 Train accuracy: 6.00827e-01 Validation accuracy: 5.94333e-01 Loss 1.13127e-02 Time taken: 2.39 seconds 
Epoch: 194/200 Train accuracy: 5.99045e-01 Validation accuracy: 6.00000e-01 Loss 1.13081e-02 Time taken: 2.32 seconds 
Epoch: 195/200 Train accuracy: 5.98404e-01 Validation accuracy: 5.91667e-01 Loss 1.13058e-02 Time taken: 2.26 seconds 
Epoch: 196/200 Train accuracy: 6.00257e-01 Validation accuracy: 5.96333e-01 Loss 1.13074e-02 Time taken: 2.07 seconds 
Epoch: 197/200 Train accuracy: 5.97763e-01 Validation accuracy: 5.93667e-01 Loss 1.13245e-02 Time taken: 2.24 seconds 
Epoch: 198/200 Train accuracy: 6.00898e-01 Validation accuracy: 5.94000e-01 Loss 1.13060e-02 Time taken: 2.20 seconds 
Epoch: 199/200 Train accuracy: 5.99401e-01 Validation accuracy: 5.92667e-01 Loss 1.13044e-02 Time taken: 2.14 seconds 
Epoch: 200/200 Train accuracy: 5.96908e-01 Validation accuracy: 5.94000e-01 Loss 1.13268e-02 Time taken: 2.03 seconds 
Total time taken 0:07:02.809437
Cleaning up intermediate feature (.pt) files
Done


working on file logs_PKT/iic-train-PKT-seed-10/jepa_iic_PKT-ep300.pth.tar ...
