Directory classifiers/jepa-iic-PKT-seed-10-classifier-pretrained-vitb-normalized-ep500 for saving the classifiers is now present
VisionTransformer(
  (patch_embed): PatchEmbed(
    (proj): Conv2d(3, 768, kernel_size=(15, 15), stride=(15, 15))
  )
  (blocks): ModuleList(
    (0-11): 12 x Block(
      (norm1): LayerNorm((768,), eps=1e-06, elementwise_affine=True)
      (attn): Attention(
        (qkv): Linear(in_features=768, out_features=2304, bias=True)
        (attn_drop): Dropout(p=0.0, inplace=False)
        (proj): Linear(in_features=768, out_features=768, bias=True)
        (proj_drop): Dropout(p=0.0, inplace=False)
      )
      (drop_path): Identity()
      (norm2): LayerNorm((768,), eps=1e-06, elementwise_affine=True)
      (mlp): MLP(
        (fc1): Linear(in_features=768, out_features=3072, bias=True)
        (act): GELU(approximate='none')
        (fc2): Linear(in_features=3072, out_features=768, bias=True)
        (drop): Dropout(p=0.0, inplace=False)
      )
    )
  )
  (norm): LayerNorm((768,), eps=1e-06, elementwise_affine=True)
)
Extracting features and saving them locally..
Epoch: 1/200 Train accuracy: 4.12997e-01 Validation accuracy: 5.64000e-01 Loss 1.28294e-02 Time taken: 2.23 seconds 
Epoch: 2/200 Train accuracy: 5.76671e-01 Validation accuracy: 5.95667e-01 Loss 1.16886e-02 Time taken: 2.34 seconds 
Epoch: 3/200 Train accuracy: 6.12512e-01 Validation accuracy: 6.25333e-01 Loss 1.13888e-02 Time taken: 2.43 seconds 
Epoch: 4/200 Train accuracy: 6.23842e-01 Validation accuracy: 6.40667e-01 Loss 1.12520e-02 Time taken: 2.20 seconds 
Epoch: 5/200 Train accuracy: 6.33462e-01 Validation accuracy: 6.46667e-01 Loss 1.11703e-02 Time taken: 2.10 seconds 
Epoch: 6/200 Train accuracy: 6.34673e-01 Validation accuracy: 6.46000e-01 Loss 1.11185e-02 Time taken: 2.09 seconds 
Epoch: 7/200 Train accuracy: 6.41015e-01 Validation accuracy: 6.49333e-01 Loss 1.10815e-02 Time taken: 2.08 seconds 
Epoch: 8/200 Train accuracy: 6.45718e-01 Validation accuracy: 6.54000e-01 Loss 1.10326e-02 Time taken: 2.18 seconds 
Epoch: 9/200 Train accuracy: 6.48639e-01 Validation accuracy: 6.56000e-01 Loss 1.10014e-02 Time taken: 2.40 seconds 
Epoch: 10/200 Train accuracy: 6.50349e-01 Validation accuracy: 6.62000e-01 Loss 1.09849e-02 Time taken: 2.27 seconds 
Epoch: 11/200 Train accuracy: 6.48497e-01 Validation accuracy: 6.65333e-01 Loss 1.09703e-02 Time taken: 2.28 seconds 
Epoch: 12/200 Train accuracy: 6.53484e-01 Validation accuracy: 6.65000e-01 Loss 1.09360e-02 Time taken: 2.08 seconds 
Epoch: 13/200 Train accuracy: 6.56477e-01 Validation accuracy: 6.64333e-01 Loss 1.09232e-02 Time taken: 2.33 seconds 
Epoch: 14/200 Train accuracy: 6.57332e-01 Validation accuracy: 6.68000e-01 Loss 1.09076e-02 Time taken: 2.36 seconds 
Epoch: 15/200 Train accuracy: 6.55266e-01 Validation accuracy: 6.70333e-01 Loss 1.09112e-02 Time taken: 2.24 seconds 
Epoch: 16/200 Train accuracy: 6.58259e-01 Validation accuracy: 6.73667e-01 Loss 1.08935e-02 Time taken: 2.21 seconds 
Epoch: 17/200 Train accuracy: 6.59042e-01 Validation accuracy: 6.71333e-01 Loss 1.08801e-02 Time taken: 2.25 seconds 
Epoch: 18/200 Train accuracy: 6.58544e-01 Validation accuracy: 6.71000e-01 Loss 1.08778e-02 Time taken: 1.99 seconds 
Epoch: 19/200 Train accuracy: 6.61536e-01 Validation accuracy: 6.69000e-01 Loss 1.08808e-02 Time taken: 2.10 seconds 
Epoch: 20/200 Train accuracy: 6.65598e-01 Validation accuracy: 6.74667e-01 Loss 1.08481e-02 Time taken: 2.36 seconds 
Epoch: 21/200 Train accuracy: 6.66809e-01 Validation accuracy: 6.73333e-01 Loss 1.08335e-02 Time taken: 2.18 seconds 
Epoch: 22/200 Train accuracy: 6.67165e-01 Validation accuracy: 6.72333e-01 Loss 1.08220e-02 Time taken: 2.12 seconds 
Epoch: 23/200 Train accuracy: 6.67308e-01 Validation accuracy: 6.69667e-01 Loss 1.08185e-02 Time taken: 2.12 seconds 
Epoch: 24/200 Train accuracy: 6.65883e-01 Validation accuracy: 6.73667e-01 Loss 1.08206e-02 Time taken: 2.31 seconds 
Epoch: 25/200 Train accuracy: 6.67522e-01 Validation accuracy: 6.80333e-01 Loss 1.08164e-02 Time taken: 2.27 seconds 
Epoch: 26/200 Train accuracy: 6.69446e-01 Validation accuracy: 6.84000e-01 Loss 1.08029e-02 Time taken: 2.35 seconds 
Epoch: 27/200 Train accuracy: 6.65242e-01 Validation accuracy: 6.73667e-01 Loss 1.08088e-02 Time taken: 2.10 seconds 
Epoch: 28/200 Train accuracy: 6.67379e-01 Validation accuracy: 6.79000e-01 Loss 1.08098e-02 Time taken: 2.16 seconds 
Epoch: 29/200 Train accuracy: 6.71583e-01 Validation accuracy: 6.78667e-01 Loss 1.07877e-02 Time taken: 2.31 seconds 
Epoch: 30/200 Train accuracy: 6.71298e-01 Validation accuracy: 6.75000e-01 Loss 1.07943e-02 Time taken: 2.23 seconds 
Epoch: 31/200 Train accuracy: 6.68662e-01 Validation accuracy: 6.75333e-01 Loss 1.08065e-02 Time taken: 2.34 seconds 
Epoch: 32/200 Train accuracy: 6.69446e-01 Validation accuracy: 6.80667e-01 Loss 1.07918e-02 Time taken: 2.14 seconds 
Epoch: 33/200 Train accuracy: 6.70942e-01 Validation accuracy: 6.81000e-01 Loss 1.07807e-02 Time taken: 2.13 seconds 
Epoch: 34/200 Train accuracy: 6.68519e-01 Validation accuracy: 6.81333e-01 Loss 1.07846e-02 Time taken: 2.15 seconds 
Epoch: 35/200 Train accuracy: 6.71370e-01 Validation accuracy: 6.81333e-01 Loss 1.07704e-02 Time taken: 2.13 seconds 
Epoch: 36/200 Train accuracy: 6.73650e-01 Validation accuracy: 6.76667e-01 Loss 1.07628e-02 Time taken: 2.09 seconds 
Epoch: 37/200 Train accuracy: 6.72082e-01 Validation accuracy: 6.87667e-01 Loss 1.07674e-02 Time taken: 2.17 seconds 
Epoch: 38/200 Train accuracy: 6.71868e-01 Validation accuracy: 6.76000e-01 Loss 1.07653e-02 Time taken: 2.11 seconds 
Epoch: 39/200 Train accuracy: 6.73080e-01 Validation accuracy: 6.80333e-01 Loss 1.07622e-02 Time taken: 1.58 seconds 
Epoch: 40/200 Train accuracy: 6.71085e-01 Validation accuracy: 6.81667e-01 Loss 1.07601e-02 Time taken: 1.53 seconds 
Epoch: 41/200 Train accuracy: 6.73080e-01 Validation accuracy: 6.87333e-01 Loss 1.07526e-02 Time taken: 1.53 seconds 
Epoch: 42/200 Train accuracy: 6.73080e-01 Validation accuracy: 6.83000e-01 Loss 1.07576e-02 Time taken: 1.52 seconds 
Epoch: 43/200 Train accuracy: 6.72510e-01 Validation accuracy: 6.89667e-01 Loss 1.07584e-02 Time taken: 1.54 seconds 
Epoch: 44/200 Train accuracy: 6.73650e-01 Validation accuracy: 6.83667e-01 Loss 1.07541e-02 Time taken: 1.54 seconds 
Epoch: 45/200 Train accuracy: 6.77711e-01 Validation accuracy: 6.84000e-01 Loss 1.07313e-02 Time taken: 1.52 seconds 
Epoch: 46/200 Train accuracy: 6.75859e-01 Validation accuracy: 6.85333e-01 Loss 1.07357e-02 Time taken: 1.53 seconds 
Epoch: 47/200 Train accuracy: 6.78566e-01 Validation accuracy: 6.87667e-01 Loss 1.07324e-02 Time taken: 1.54 seconds 
Epoch: 48/200 Train accuracy: 6.75289e-01 Validation accuracy: 6.83667e-01 Loss 1.07326e-02 Time taken: 1.53 seconds 
Epoch: 49/200 Train accuracy: 6.76571e-01 Validation accuracy: 6.86333e-01 Loss 1.07376e-02 Time taken: 1.54 seconds 
Epoch: 50/200 Train accuracy: 6.79920e-01 Validation accuracy: 6.86333e-01 Loss 1.07169e-02 Time taken: 1.53 seconds 
Epoch: 51/200 Train accuracy: 6.74291e-01 Validation accuracy: 6.88333e-01 Loss 1.07378e-02 Time taken: 1.54 seconds 
Epoch: 52/200 Train accuracy: 6.73008e-01 Validation accuracy: 6.90000e-01 Loss 1.07286e-02 Time taken: 1.52 seconds 
Epoch: 53/200 Train accuracy: 6.79564e-01 Validation accuracy: 6.82667e-01 Loss 1.07134e-02 Time taken: 1.54 seconds 
Epoch: 54/200 Train accuracy: 6.76286e-01 Validation accuracy: 6.86333e-01 Loss 1.07213e-02 Time taken: 1.53 seconds 
Epoch: 55/200 Train accuracy: 6.78068e-01 Validation accuracy: 6.91667e-01 Loss 1.07224e-02 Time taken: 1.53 seconds 
Epoch: 56/200 Train accuracy: 6.76856e-01 Validation accuracy: 6.90667e-01 Loss 1.07281e-02 Time taken: 1.53 seconds 
Epoch: 57/200 Train accuracy: 6.78281e-01 Validation accuracy: 6.86333e-01 Loss 1.07131e-02 Time taken: 1.54 seconds 
Epoch: 58/200 Train accuracy: 6.81345e-01 Validation accuracy: 6.89000e-01 Loss 1.07086e-02 Time taken: 1.52 seconds 
Epoch: 59/200 Train accuracy: 6.79421e-01 Validation accuracy: 6.87667e-01 Loss 1.07077e-02 Time taken: 1.52 seconds 
Epoch: 60/200 Train accuracy: 6.77925e-01 Validation accuracy: 6.89333e-01 Loss 1.07169e-02 Time taken: 1.53 seconds 
Epoch: 61/200 Train accuracy: 6.76429e-01 Validation accuracy: 6.88000e-01 Loss 1.07182e-02 Time taken: 1.54 seconds 
Epoch: 62/200 Train accuracy: 6.80419e-01 Validation accuracy: 6.86333e-01 Loss 1.07107e-02 Time taken: 1.51 seconds 
Epoch: 63/200 Train accuracy: 6.77925e-01 Validation accuracy: 6.89000e-01 Loss 1.07108e-02 Time taken: 1.55 seconds 
Epoch: 64/200 Train accuracy: 6.79136e-01 Validation accuracy: 6.89333e-01 Loss 1.07050e-02 Time taken: 1.53 seconds 
Epoch: 65/200 Train accuracy: 6.79350e-01 Validation accuracy: 6.86000e-01 Loss 1.06966e-02 Time taken: 1.53 seconds 
Epoch: 66/200 Train accuracy: 6.77640e-01 Validation accuracy: 6.87667e-01 Loss 1.07106e-02 Time taken: 1.52 seconds 
Epoch: 67/200 Train accuracy: 6.80063e-01 Validation accuracy: 6.89667e-01 Loss 1.07015e-02 Time taken: 1.54 seconds 
Epoch: 68/200 Train accuracy: 6.77569e-01 Validation accuracy: 6.87000e-01 Loss 1.07066e-02 Time taken: 1.54 seconds 
Epoch: 69/200 Train accuracy: 6.78780e-01 Validation accuracy: 6.87333e-01 Loss 1.07063e-02 Time taken: 1.54 seconds 
Epoch: 70/200 Train accuracy: 6.77284e-01 Validation accuracy: 6.86000e-01 Loss 1.07100e-02 Time taken: 1.54 seconds 
Epoch: 71/200 Train accuracy: 6.77141e-01 Validation accuracy: 6.87333e-01 Loss 1.07110e-02 Time taken: 1.53 seconds 
Epoch: 72/200 Train accuracy: 6.83269e-01 Validation accuracy: 6.89000e-01 Loss 1.06930e-02 Time taken: 1.53 seconds 
Epoch: 73/200 Train accuracy: 6.79849e-01 Validation accuracy: 6.86333e-01 Loss 1.06943e-02 Time taken: 1.53 seconds 
Epoch: 74/200 Train accuracy: 6.83055e-01 Validation accuracy: 6.91000e-01 Loss 1.06957e-02 Time taken: 1.53 seconds 
Epoch: 75/200 Train accuracy: 6.78210e-01 Validation accuracy: 6.85000e-01 Loss 1.06995e-02 Time taken: 1.53 seconds 
Epoch: 76/200 Train accuracy: 6.79279e-01 Validation accuracy: 6.94667e-01 Loss 1.06901e-02 Time taken: 1.52 seconds 
Epoch: 77/200 Train accuracy: 6.78780e-01 Validation accuracy: 6.82333e-01 Loss 1.06944e-02 Time taken: 1.53 seconds 
Epoch: 78/200 Train accuracy: 6.81203e-01 Validation accuracy: 6.87000e-01 Loss 1.06843e-02 Time taken: 1.51 seconds 
Epoch: 79/200 Train accuracy: 6.81844e-01 Validation accuracy: 6.90000e-01 Loss 1.06854e-02 Time taken: 1.52 seconds 
Epoch: 80/200 Train accuracy: 6.84409e-01 Validation accuracy: 6.88333e-01 Loss 1.06721e-02 Time taken: 1.53 seconds 
Epoch: 81/200 Train accuracy: 6.80276e-01 Validation accuracy: 6.89000e-01 Loss 1.06957e-02 Time taken: 1.54 seconds 
Epoch: 82/200 Train accuracy: 6.80561e-01 Validation accuracy: 6.96333e-01 Loss 1.06948e-02 Time taken: 1.52 seconds 
Epoch: 83/200 Train accuracy: 6.79493e-01 Validation accuracy: 6.92667e-01 Loss 1.06860e-02 Time taken: 1.52 seconds 
Epoch: 84/200 Train accuracy: 6.81345e-01 Validation accuracy: 6.93333e-01 Loss 1.06772e-02 Time taken: 1.53 seconds 
Epoch: 85/200 Train accuracy: 6.82842e-01 Validation accuracy: 6.89667e-01 Loss 1.06693e-02 Time taken: 1.53 seconds 
Epoch: 86/200 Train accuracy: 6.82557e-01 Validation accuracy: 6.85667e-01 Loss 1.06802e-02 Time taken: 1.52 seconds 
Epoch: 87/200 Train accuracy: 6.84623e-01 Validation accuracy: 6.91000e-01 Loss 1.06771e-02 Time taken: 1.54 seconds 
Epoch: 88/200 Train accuracy: 6.81844e-01 Validation accuracy: 6.85667e-01 Loss 1.06805e-02 Time taken: 1.54 seconds 
Epoch: 89/200 Train accuracy: 6.78210e-01 Validation accuracy: 6.87333e-01 Loss 1.06850e-02 Time taken: 1.52 seconds 
Epoch: 90/200 Train accuracy: 6.81702e-01 Validation accuracy: 6.89000e-01 Loss 1.06768e-02 Time taken: 1.53 seconds 
Epoch: 91/200 Train accuracy: 6.81060e-01 Validation accuracy: 6.94667e-01 Loss 1.06870e-02 Time taken: 1.53 seconds 
Epoch: 92/200 Train accuracy: 6.84267e-01 Validation accuracy: 6.80667e-01 Loss 1.06672e-02 Time taken: 1.53 seconds 
Epoch: 93/200 Train accuracy: 6.84694e-01 Validation accuracy: 6.88667e-01 Loss 1.06652e-02 Time taken: 1.53 seconds 
Epoch: 94/200 Train accuracy: 6.86119e-01 Validation accuracy: 6.88000e-01 Loss 1.06567e-02 Time taken: 1.52 seconds 
Epoch: 95/200 Train accuracy: 6.86119e-01 Validation accuracy: 6.92333e-01 Loss 1.06619e-02 Time taken: 1.54 seconds 
Epoch: 96/200 Train accuracy: 6.84481e-01 Validation accuracy: 6.87000e-01 Loss 1.06719e-02 Time taken: 1.53 seconds 
Epoch: 97/200 Train accuracy: 6.82557e-01 Validation accuracy: 6.91000e-01 Loss 1.06730e-02 Time taken: 1.53 seconds 
Epoch: 98/200 Train accuracy: 6.83982e-01 Validation accuracy: 6.86333e-01 Loss 1.06674e-02 Time taken: 1.51 seconds 
Epoch: 99/200 Train accuracy: 6.84908e-01 Validation accuracy: 6.88667e-01 Loss 1.06614e-02 Time taken: 1.54 seconds 
Epoch: 100/200 Train accuracy: 6.85692e-01 Validation accuracy: 6.95000e-01 Loss 1.06639e-02 Time taken: 1.52 seconds 
Epoch: 101/200 Train accuracy: 6.84979e-01 Validation accuracy: 6.93000e-01 Loss 1.06609e-02 Time taken: 1.53 seconds 
Epoch: 102/200 Train accuracy: 6.83982e-01 Validation accuracy: 6.90000e-01 Loss 1.06635e-02 Time taken: 1.52 seconds 
Epoch: 103/200 Train accuracy: 6.83768e-01 Validation accuracy: 6.95000e-01 Loss 1.06682e-02 Time taken: 1.53 seconds 
Epoch: 104/200 Train accuracy: 6.83340e-01 Validation accuracy: 6.89333e-01 Loss 1.06576e-02 Time taken: 1.53 seconds 
Epoch: 105/200 Train accuracy: 6.81915e-01 Validation accuracy: 6.91000e-01 Loss 1.06779e-02 Time taken: 1.53 seconds 
Epoch: 106/200 Train accuracy: 6.83340e-01 Validation accuracy: 6.92000e-01 Loss 1.06686e-02 Time taken: 1.53 seconds 
Epoch: 107/200 Train accuracy: 6.84552e-01 Validation accuracy: 6.92667e-01 Loss 1.06593e-02 Time taken: 1.52 seconds 
Epoch: 108/200 Train accuracy: 6.85336e-01 Validation accuracy: 6.91000e-01 Loss 1.06484e-02 Time taken: 1.52 seconds 
Epoch: 109/200 Train accuracy: 6.85834e-01 Validation accuracy: 6.90000e-01 Loss 1.06457e-02 Time taken: 1.53 seconds 
Epoch: 110/200 Train accuracy: 6.83768e-01 Validation accuracy: 6.94333e-01 Loss 1.06653e-02 Time taken: 1.53 seconds 
Epoch: 111/200 Train accuracy: 6.84053e-01 Validation accuracy: 6.95333e-01 Loss 1.06626e-02 Time taken: 1.54 seconds 
Epoch: 112/200 Train accuracy: 6.83839e-01 Validation accuracy: 6.93000e-01 Loss 1.06670e-02 Time taken: 1.54 seconds 
Epoch: 113/200 Train accuracy: 6.84481e-01 Validation accuracy: 6.94000e-01 Loss 1.06568e-02 Time taken: 1.53 seconds 
Epoch: 114/200 Train accuracy: 6.84623e-01 Validation accuracy: 6.93333e-01 Loss 1.06574e-02 Time taken: 1.52 seconds 
Epoch: 115/200 Train accuracy: 6.85977e-01 Validation accuracy: 6.89667e-01 Loss 1.06544e-02 Time taken: 1.53 seconds 
Epoch: 116/200 Train accuracy: 6.85692e-01 Validation accuracy: 6.91667e-01 Loss 1.06487e-02 Time taken: 1.53 seconds 
Epoch: 117/200 Train accuracy: 6.82770e-01 Validation accuracy: 6.95000e-01 Loss 1.06686e-02 Time taken: 1.52 seconds 
Epoch: 118/200 Train accuracy: 6.84979e-01 Validation accuracy: 6.95333e-01 Loss 1.06470e-02 Time taken: 1.53 seconds 
Epoch: 119/200 Train accuracy: 6.86832e-01 Validation accuracy: 6.92000e-01 Loss 1.06475e-02 Time taken: 1.54 seconds 
Epoch: 120/200 Train accuracy: 6.85051e-01 Validation accuracy: 6.89667e-01 Loss 1.06544e-02 Time taken: 1.53 seconds 
Epoch: 121/200 Train accuracy: 6.84267e-01 Validation accuracy: 6.95667e-01 Loss 1.06493e-02 Time taken: 1.53 seconds 
Epoch: 122/200 Train accuracy: 6.87402e-01 Validation accuracy: 6.91667e-01 Loss 1.06481e-02 Time taken: 1.53 seconds 
Epoch: 123/200 Train accuracy: 6.85336e-01 Validation accuracy: 6.93667e-01 Loss 1.06435e-02 Time taken: 1.53 seconds 
Epoch: 124/200 Train accuracy: 6.86618e-01 Validation accuracy: 6.92667e-01 Loss 1.06458e-02 Time taken: 1.51 seconds 
Epoch: 125/200 Train accuracy: 6.84908e-01 Validation accuracy: 6.90667e-01 Loss 1.06478e-02 Time taken: 1.52 seconds 
Epoch: 126/200 Train accuracy: 6.84124e-01 Validation accuracy: 6.88667e-01 Loss 1.06585e-02 Time taken: 1.52 seconds 
Epoch: 127/200 Train accuracy: 6.88898e-01 Validation accuracy: 6.92333e-01 Loss 1.06388e-02 Time taken: 1.53 seconds 
Epoch: 128/200 Train accuracy: 6.85763e-01 Validation accuracy: 6.92333e-01 Loss 1.06533e-02 Time taken: 1.52 seconds 
Epoch: 129/200 Train accuracy: 6.83839e-01 Validation accuracy: 6.91667e-01 Loss 1.06556e-02 Time taken: 1.53 seconds 
Epoch: 130/200 Train accuracy: 6.87117e-01 Validation accuracy: 6.93000e-01 Loss 1.06411e-02 Time taken: 1.52 seconds 
Epoch: 131/200 Train accuracy: 6.90038e-01 Validation accuracy: 6.92667e-01 Loss 1.06349e-02 Time taken: 1.53 seconds 
Epoch: 132/200 Train accuracy: 6.88685e-01 Validation accuracy: 6.89333e-01 Loss 1.06409e-02 Time taken: 1.52 seconds 
Epoch: 133/200 Train accuracy: 6.82557e-01 Validation accuracy: 6.96667e-01 Loss 1.06624e-02 Time taken: 1.54 seconds 
Epoch: 134/200 Train accuracy: 6.83554e-01 Validation accuracy: 6.97333e-01 Loss 1.06504e-02 Time taken: 1.54 seconds 
Epoch: 135/200 Train accuracy: 6.88613e-01 Validation accuracy: 6.89333e-01 Loss 1.06323e-02 Time taken: 1.55 seconds 
Epoch: 136/200 Train accuracy: 6.85906e-01 Validation accuracy: 6.95667e-01 Loss 1.06460e-02 Time taken: 1.54 seconds 
Epoch: 137/200 Train accuracy: 6.85692e-01 Validation accuracy: 6.96667e-01 Loss 1.06503e-02 Time taken: 1.55 seconds 
Epoch: 138/200 Train accuracy: 6.88471e-01 Validation accuracy: 6.88333e-01 Loss 1.06316e-02 Time taken: 1.54 seconds 
Epoch: 139/200 Train accuracy: 6.87402e-01 Validation accuracy: 6.95000e-01 Loss 1.06346e-02 Time taken: 1.54 seconds 
Epoch: 140/200 Train accuracy: 6.89041e-01 Validation accuracy: 6.94000e-01 Loss 1.06216e-02 Time taken: 1.54 seconds 
Epoch: 141/200 Train accuracy: 6.87687e-01 Validation accuracy: 6.95000e-01 Loss 1.06376e-02 Time taken: 1.55 seconds 
Epoch: 142/200 Train accuracy: 6.88186e-01 Validation accuracy: 6.92333e-01 Loss 1.06315e-02 Time taken: 1.55 seconds 
Epoch: 143/200 Train accuracy: 6.85834e-01 Validation accuracy: 6.97333e-01 Loss 1.06489e-02 Time taken: 1.55 seconds 
Epoch: 144/200 Train accuracy: 6.87901e-01 Validation accuracy: 6.94667e-01 Loss 1.06304e-02 Time taken: 1.54 seconds 
Epoch: 145/200 Train accuracy: 6.86333e-01 Validation accuracy: 6.92000e-01 Loss 1.06445e-02 Time taken: 1.54 seconds 
Epoch: 146/200 Train accuracy: 6.84837e-01 Validation accuracy: 6.98000e-01 Loss 1.06549e-02 Time taken: 1.55 seconds 
Epoch: 147/200 Train accuracy: 6.86262e-01 Validation accuracy: 6.93000e-01 Loss 1.06502e-02 Time taken: 1.56 seconds 
Epoch: 148/200 Train accuracy: 6.83839e-01 Validation accuracy: 6.96333e-01 Loss 1.06514e-02 Time taken: 1.54 seconds 
Epoch: 149/200 Train accuracy: 6.88328e-01 Validation accuracy: 6.93333e-01 Loss 1.06359e-02 Time taken: 1.54 seconds 
Epoch: 150/200 Train accuracy: 6.86547e-01 Validation accuracy: 6.96000e-01 Loss 1.06484e-02 Time taken: 1.54 seconds 
Epoch: 151/200 Train accuracy: 6.88257e-01 Validation accuracy: 6.89333e-01 Loss 1.06282e-02 Time taken: 1.55 seconds 
Epoch: 152/200 Train accuracy: 6.87188e-01 Validation accuracy: 6.94333e-01 Loss 1.06316e-02 Time taken: 1.54 seconds 
Epoch: 153/200 Train accuracy: 6.89825e-01 Validation accuracy: 6.89333e-01 Loss 1.06195e-02 Time taken: 1.55 seconds 
Epoch: 154/200 Train accuracy: 6.81773e-01 Validation accuracy: 6.86333e-01 Loss 1.06618e-02 Time taken: 1.55 seconds 
Epoch: 155/200 Train accuracy: 6.85906e-01 Validation accuracy: 6.94000e-01 Loss 1.06409e-02 Time taken: 1.54 seconds 
Epoch: 156/200 Train accuracy: 6.90751e-01 Validation accuracy: 6.95000e-01 Loss 1.06273e-02 Time taken: 1.55 seconds 
Epoch: 157/200 Train accuracy: 6.85621e-01 Validation accuracy: 6.99000e-01 Loss 1.06572e-02 Time taken: 1.55 seconds 
Epoch: 158/200 Train accuracy: 6.88257e-01 Validation accuracy: 6.95333e-01 Loss 1.06269e-02 Time taken: 1.55 seconds 
Epoch: 159/200 Train accuracy: 6.87473e-01 Validation accuracy: 6.93333e-01 Loss 1.06330e-02 Time taken: 1.54 seconds 
Epoch: 160/200 Train accuracy: 6.88328e-01 Validation accuracy: 6.93667e-01 Loss 1.06319e-02 Time taken: 1.54 seconds 
Epoch: 161/200 Train accuracy: 6.86832e-01 Validation accuracy: 6.94667e-01 Loss 1.06311e-02 Time taken: 1.55 seconds 
Epoch: 162/200 Train accuracy: 6.90038e-01 Validation accuracy: 6.94667e-01 Loss 1.06219e-02 Time taken: 1.56 seconds 
Epoch: 163/200 Train accuracy: 6.85834e-01 Validation accuracy: 6.90667e-01 Loss 1.06418e-02 Time taken: 1.54 seconds 
Epoch: 164/200 Train accuracy: 6.83340e-01 Validation accuracy: 6.95333e-01 Loss 1.06588e-02 Time taken: 1.54 seconds 
Epoch: 165/200 Train accuracy: 6.90324e-01 Validation accuracy: 6.91000e-01 Loss 1.06138e-02 Time taken: 1.54 seconds 
Epoch: 166/200 Train accuracy: 6.86547e-01 Validation accuracy: 6.94333e-01 Loss 1.06333e-02 Time taken: 1.54 seconds 
Epoch: 167/200 Train accuracy: 6.88471e-01 Validation accuracy: 6.90000e-01 Loss 1.06235e-02 Time taken: 1.54 seconds 
Epoch: 168/200 Train accuracy: 6.89753e-01 Validation accuracy: 6.96333e-01 Loss 1.06163e-02 Time taken: 1.54 seconds 
Epoch: 169/200 Train accuracy: 6.85621e-01 Validation accuracy: 6.85000e-01 Loss 1.06399e-02 Time taken: 1.55 seconds 
Epoch: 170/200 Train accuracy: 6.89041e-01 Validation accuracy: 6.96667e-01 Loss 1.06329e-02 Time taken: 1.54 seconds 
Epoch: 171/200 Train accuracy: 6.87616e-01 Validation accuracy: 6.92667e-01 Loss 1.06325e-02 Time taken: 1.54 seconds 
Epoch: 172/200 Train accuracy: 6.89967e-01 Validation accuracy: 6.95000e-01 Loss 1.06225e-02 Time taken: 1.54 seconds 
Epoch: 173/200 Train accuracy: 6.88756e-01 Validation accuracy: 6.97333e-01 Loss 1.06260e-02 Time taken: 1.54 seconds 
Epoch: 174/200 Train accuracy: 6.89468e-01 Validation accuracy: 6.90667e-01 Loss 1.06301e-02 Time taken: 1.54 seconds 
Epoch: 175/200 Train accuracy: 6.88043e-01 Validation accuracy: 6.98000e-01 Loss 1.06217e-02 Time taken: 1.54 seconds 
Epoch: 176/200 Train accuracy: 6.88756e-01 Validation accuracy: 6.94000e-01 Loss 1.06141e-02 Time taken: 1.56 seconds 
Epoch: 177/200 Train accuracy: 6.86832e-01 Validation accuracy: 6.92000e-01 Loss 1.06356e-02 Time taken: 1.55 seconds 
Epoch: 178/200 Train accuracy: 6.89896e-01 Validation accuracy: 6.93333e-01 Loss 1.06159e-02 Time taken: 1.55 seconds 
Epoch: 179/200 Train accuracy: 6.88471e-01 Validation accuracy: 6.98333e-01 Loss 1.06177e-02 Time taken: 1.55 seconds 
Epoch: 180/200 Train accuracy: 6.84837e-01 Validation accuracy: 6.98667e-01 Loss 1.06358e-02 Time taken: 1.55 seconds 
Epoch: 181/200 Train accuracy: 6.89041e-01 Validation accuracy: 6.95000e-01 Loss 1.06138e-02 Time taken: 1.54 seconds 
Epoch: 182/200 Train accuracy: 6.87758e-01 Validation accuracy: 6.95000e-01 Loss 1.06362e-02 Time taken: 1.55 seconds 
Epoch: 183/200 Train accuracy: 6.85692e-01 Validation accuracy: 6.96667e-01 Loss 1.06255e-02 Time taken: 1.54 seconds 
Epoch: 184/200 Train accuracy: 6.86119e-01 Validation accuracy: 6.95000e-01 Loss 1.06327e-02 Time taken: 1.54 seconds 
Epoch: 185/200 Train accuracy: 6.89896e-01 Validation accuracy: 6.93333e-01 Loss 1.06150e-02 Time taken: 1.54 seconds 
Epoch: 186/200 Train accuracy: 6.89753e-01 Validation accuracy: 6.94667e-01 Loss 1.06288e-02 Time taken: 1.54 seconds 
Epoch: 187/200 Train accuracy: 6.90038e-01 Validation accuracy: 6.96667e-01 Loss 1.06140e-02 Time taken: 1.54 seconds 
Epoch: 188/200 Train accuracy: 6.88613e-01 Validation accuracy: 6.91333e-01 Loss 1.06172e-02 Time taken: 1.55 seconds 
Epoch: 189/200 Train accuracy: 6.87830e-01 Validation accuracy: 6.92333e-01 Loss 1.06310e-02 Time taken: 1.55 seconds 
Epoch: 190/200 Train accuracy: 6.89041e-01 Validation accuracy: 6.96000e-01 Loss 1.06187e-02 Time taken: 1.55 seconds 
Epoch: 191/200 Train accuracy: 6.86974e-01 Validation accuracy: 6.96667e-01 Loss 1.06384e-02 Time taken: 1.54 seconds 
Epoch: 192/200 Train accuracy: 6.87046e-01 Validation accuracy: 6.94667e-01 Loss 1.06276e-02 Time taken: 1.55 seconds 
Epoch: 193/200 Train accuracy: 6.88115e-01 Validation accuracy: 6.95333e-01 Loss 1.06251e-02 Time taken: 1.55 seconds 
Epoch: 194/200 Train accuracy: 6.88257e-01 Validation accuracy: 6.94000e-01 Loss 1.06246e-02 Time taken: 1.55 seconds 
Epoch: 195/200 Train accuracy: 6.89041e-01 Validation accuracy: 6.94333e-01 Loss 1.06231e-02 Time taken: 1.54 seconds 
Epoch: 196/200 Train accuracy: 6.88756e-01 Validation accuracy: 6.93000e-01 Loss 1.06249e-02 Time taken: 1.55 seconds 
Epoch: 197/200 Train accuracy: 6.87046e-01 Validation accuracy: 6.98667e-01 Loss 1.06279e-02 Time taken: 1.55 seconds 
Epoch: 198/200 Train accuracy: 6.90965e-01 Validation accuracy: 6.94667e-01 Loss 1.06135e-02 Time taken: 1.55 seconds 
Epoch: 199/200 Train accuracy: 6.87545e-01 Validation accuracy: 6.98333e-01 Loss 1.06318e-02 Time taken: 1.54 seconds 
Epoch: 200/200 Train accuracy: 6.87758e-01 Validation accuracy: 6.94000e-01 Loss 1.06238e-02 Time taken: 1.55 seconds 
Total time taken 0:05:33.353992
Cleaning up intermediate feature (.pt) files
Done


