Directory classifiers/jepa-iic-PKT-seed-10-classifier-pretrained-vitb-ep100 is now present
VisionTransformer(
  (patch_embed): PatchEmbed(
    (proj): Conv2d(3, 768, kernel_size=(15, 15), stride=(15, 15))
  )
  (blocks): ModuleList(
    (0-11): 12 x Block(
      (norm1): LayerNorm((768,), eps=1e-06, elementwise_affine=True)
      (attn): Attention(
        (qkv): Linear(in_features=768, out_features=2304, bias=True)
        (attn_drop): Dropout(p=0.0, inplace=False)
        (proj): Linear(in_features=768, out_features=768, bias=True)
        (proj_drop): Dropout(p=0.0, inplace=False)
      )
      (drop_path): Identity()
      (norm2): LayerNorm((768,), eps=1e-06, elementwise_affine=True)
      (mlp): MLP(
        (fc1): Linear(in_features=768, out_features=3072, bias=True)
        (act): GELU(approximate='none')
        (fc2): Linear(in_features=3072, out_features=768, bias=True)
        (drop): Dropout(p=0.0, inplace=False)
      )
    )
  )
  (norm): LayerNorm((768,), eps=1e-06, elementwise_affine=True)
)
Extracting features and saving them locally..
Epoch: 1/200 Train accuracy: 2.72695e-01 Validation accuracy: 3.14667e-01 Loss 1.38257e-02 Time taken: 1 seconds
Epoch: 2/200 Train accuracy: 3.30697e-01 Validation accuracy: 3.81333e-01 Loss 1.34571e-02 Time taken: 1 seconds
Epoch: 3/200 Train accuracy: 3.40744e-01 Validation accuracy: 3.69667e-01 Loss 1.33088e-02 Time taken: 1 seconds
Epoch: 4/200 Train accuracy: 3.73308e-01 Validation accuracy: 3.98000e-01 Loss 1.31698e-02 Time taken: 1 seconds
Epoch: 5/200 Train accuracy: 3.93117e-01 Validation accuracy: 3.78000e-01 Loss 1.30759e-02 Time taken: 1 seconds
Epoch: 6/200 Train accuracy: 3.95682e-01 Validation accuracy: 3.93000e-01 Loss 1.30239e-02 Time taken: 1 seconds
Epoch: 7/200 Train accuracy: 4.03591e-01 Validation accuracy: 3.90667e-01 Loss 1.29483e-02 Time taken: 1 seconds
Epoch: 8/200 Train accuracy: 4.09363e-01 Validation accuracy: 3.76000e-01 Loss 1.29112e-02 Time taken: 1 seconds
Epoch: 9/200 Train accuracy: 4.18555e-01 Validation accuracy: 4.30667e-01 Loss 1.28648e-02 Time taken: 1 seconds
Epoch: 10/200 Train accuracy: 4.22688e-01 Validation accuracy: 4.34667e-01 Loss 1.28301e-02 Time taken: 1 seconds
Epoch: 11/200 Train accuracy: 4.30455e-01 Validation accuracy: 4.25333e-01 Loss 1.27909e-02 Time taken: 1 seconds
Epoch: 12/200 Train accuracy: 4.31025e-01 Validation accuracy: 4.29667e-01 Loss 1.27655e-02 Time taken: 1 seconds
Epoch: 13/200 Train accuracy: 4.34587e-01 Validation accuracy: 4.35000e-01 Loss 1.27407e-02 Time taken: 1 seconds
Epoch: 14/200 Train accuracy: 4.35229e-01 Validation accuracy: 4.12667e-01 Loss 1.27190e-02 Time taken: 1 seconds
Epoch: 15/200 Train accuracy: 4.35799e-01 Validation accuracy: 4.39667e-01 Loss 1.27078e-02 Time taken: 1 seconds
Epoch: 16/200 Train accuracy: 4.42283e-01 Validation accuracy: 4.32667e-01 Loss 1.26773e-02 Time taken: 1 seconds
Epoch: 17/200 Train accuracy: 4.40644e-01 Validation accuracy: 4.05000e-01 Loss 1.26579e-02 Time taken: 1 seconds
Epoch: 18/200 Train accuracy: 4.42426e-01 Validation accuracy: 4.41333e-01 Loss 1.26492e-02 Time taken: 1 seconds
Epoch: 19/200 Train accuracy: 4.41784e-01 Validation accuracy: 4.42000e-01 Loss 1.26454e-02 Time taken: 1 seconds
Epoch: 20/200 Train accuracy: 4.44207e-01 Validation accuracy: 4.28667e-01 Loss 1.26289e-02 Time taken: 1 seconds
Epoch: 21/200 Train accuracy: 4.48554e-01 Validation accuracy: 4.41000e-01 Loss 1.26019e-02 Time taken: 1 seconds
Epoch: 22/200 Train accuracy: 4.45347e-01 Validation accuracy: 4.44000e-01 Loss 1.25961e-02 Time taken: 1 seconds
Epoch: 23/200 Train accuracy: 4.46487e-01 Validation accuracy: 4.40333e-01 Loss 1.25927e-02 Time taken: 1 seconds
Epoch: 24/200 Train accuracy: 4.50905e-01 Validation accuracy: 4.37667e-01 Loss 1.25750e-02 Time taken: 1 seconds
Epoch: 25/200 Train accuracy: 4.53185e-01 Validation accuracy: 4.45667e-01 Loss 1.25533e-02 Time taken: 1 seconds
Epoch: 26/200 Train accuracy: 4.49337e-01 Validation accuracy: 4.42333e-01 Loss 1.25542e-02 Time taken: 1 seconds
Epoch: 27/200 Train accuracy: 4.49836e-01 Validation accuracy: 4.49333e-01 Loss 1.25572e-02 Time taken: 1 seconds
Epoch: 28/200 Train accuracy: 4.46772e-01 Validation accuracy: 4.46667e-01 Loss 1.25625e-02 Time taken: 1 seconds
Epoch: 29/200 Train accuracy: 4.55537e-01 Validation accuracy: 4.49667e-01 Loss 1.25301e-02 Time taken: 1 seconds
Epoch: 30/200 Train accuracy: 4.54967e-01 Validation accuracy: 4.52667e-01 Loss 1.25204e-02 Time taken: 1 seconds
Epoch: 31/200 Train accuracy: 4.57460e-01 Validation accuracy: 4.38333e-01 Loss 1.25105e-02 Time taken: 1 seconds
Epoch: 32/200 Train accuracy: 4.54967e-01 Validation accuracy: 4.55667e-01 Loss 1.25131e-02 Time taken: 1 seconds
Epoch: 33/200 Train accuracy: 4.56819e-01 Validation accuracy: 4.47333e-01 Loss 1.25008e-02 Time taken: 1 seconds
Epoch: 34/200 Train accuracy: 4.57247e-01 Validation accuracy: 4.51333e-01 Loss 1.24878e-02 Time taken: 1 seconds
Epoch: 35/200 Train accuracy: 4.56677e-01 Validation accuracy: 4.50000e-01 Loss 1.24972e-02 Time taken: 1 seconds
Epoch: 36/200 Train accuracy: 4.58886e-01 Validation accuracy: 4.30667e-01 Loss 1.24805e-02 Time taken: 1 seconds
Epoch: 37/200 Train accuracy: 4.56392e-01 Validation accuracy: 4.55333e-01 Loss 1.24891e-02 Time taken: 1 seconds
Epoch: 38/200 Train accuracy: 4.61094e-01 Validation accuracy: 4.51667e-01 Loss 1.24591e-02 Time taken: 1 seconds
Epoch: 39/200 Train accuracy: 4.58601e-01 Validation accuracy: 4.57333e-01 Loss 1.24682e-02 Time taken: 1 seconds
Epoch: 40/200 Train accuracy: 4.60596e-01 Validation accuracy: 4.41333e-01 Loss 1.24606e-02 Time taken: 1 seconds
Epoch: 41/200 Train accuracy: 4.60667e-01 Validation accuracy: 4.54333e-01 Loss 1.24534e-02 Time taken: 1 seconds
Epoch: 42/200 Train accuracy: 4.62377e-01 Validation accuracy: 4.43000e-01 Loss 1.24508e-02 Time taken: 1 seconds
Epoch: 43/200 Train accuracy: 4.62377e-01 Validation accuracy: 4.41000e-01 Loss 1.24401e-02 Time taken: 1 seconds
Epoch: 44/200 Train accuracy: 4.65299e-01 Validation accuracy: 4.56000e-01 Loss 1.24274e-02 Time taken: 1 seconds
Epoch: 45/200 Train accuracy: 4.63588e-01 Validation accuracy: 4.47000e-01 Loss 1.24327e-02 Time taken: 1 seconds
Epoch: 46/200 Train accuracy: 4.65512e-01 Validation accuracy: 4.62000e-01 Loss 1.24178e-02 Time taken: 1 seconds
Epoch: 47/200 Train accuracy: 4.62520e-01 Validation accuracy: 4.55000e-01 Loss 1.24272e-02 Time taken: 1 seconds
Epoch: 48/200 Train accuracy: 4.65370e-01 Validation accuracy: 4.57000e-01 Loss 1.24150e-02 Time taken: 1 seconds
Epoch: 49/200 Train accuracy: 4.66652e-01 Validation accuracy: 4.57667e-01 Loss 1.24109e-02 Time taken: 1 seconds
Epoch: 50/200 Train accuracy: 4.66510e-01 Validation accuracy: 4.61667e-01 Loss 1.24095e-02 Time taken: 1 seconds
Epoch: 51/200 Train accuracy: 4.68933e-01 Validation accuracy: 4.52667e-01 Loss 1.23953e-02 Time taken: 1 seconds
Epoch: 52/200 Train accuracy: 4.63588e-01 Validation accuracy: 4.62000e-01 Loss 1.24113e-02 Time taken: 1 seconds
Epoch: 53/200 Train accuracy: 4.66724e-01 Validation accuracy: 4.56333e-01 Loss 1.23976e-02 Time taken: 1 seconds
Epoch: 54/200 Train accuracy: 4.67579e-01 Validation accuracy: 4.54000e-01 Loss 1.24015e-02 Time taken: 1 seconds
Epoch: 55/200 Train accuracy: 4.67507e-01 Validation accuracy: 4.47000e-01 Loss 1.23861e-02 Time taken: 1 seconds
Epoch: 56/200 Train accuracy: 4.68363e-01 Validation accuracy: 4.56333e-01 Loss 1.23913e-02 Time taken: 1 seconds
Epoch: 57/200 Train accuracy: 4.69574e-01 Validation accuracy: 4.54000e-01 Loss 1.23822e-02 Time taken: 1 seconds
Epoch: 58/200 Train accuracy: 4.68648e-01 Validation accuracy: 4.65333e-01 Loss 1.23823e-02 Time taken: 1 seconds
Epoch: 59/200 Train accuracy: 4.69574e-01 Validation accuracy: 4.52000e-01 Loss 1.23769e-02 Time taken: 1 seconds
Epoch: 60/200 Train accuracy: 4.67436e-01 Validation accuracy: 4.68333e-01 Loss 1.23856e-02 Time taken: 1 seconds
Epoch: 61/200 Train accuracy: 4.71213e-01 Validation accuracy: 4.49667e-01 Loss 1.23692e-02 Time taken: 1 seconds
Epoch: 62/200 Train accuracy: 4.70001e-01 Validation accuracy: 4.46667e-01 Loss 1.23685e-02 Time taken: 1 seconds
Epoch: 63/200 Train accuracy: 4.70215e-01 Validation accuracy: 4.49667e-01 Loss 1.23583e-02 Time taken: 1 seconds
Epoch: 64/200 Train accuracy: 4.75346e-01 Validation accuracy: 4.53667e-01 Loss 1.23574e-02 Time taken: 1 seconds
Epoch: 65/200 Train accuracy: 4.69075e-01 Validation accuracy: 4.65333e-01 Loss 1.23633e-02 Time taken: 1 seconds
Epoch: 66/200 Train accuracy: 4.73778e-01 Validation accuracy: 4.66667e-01 Loss 1.23543e-02 Time taken: 1 seconds
Epoch: 67/200 Train accuracy: 4.71284e-01 Validation accuracy: 4.56000e-01 Loss 1.23536e-02 Time taken: 1 seconds
Epoch: 68/200 Train accuracy: 4.69859e-01 Validation accuracy: 4.68000e-01 Loss 1.23552e-02 Time taken: 1 seconds
Epoch: 69/200 Train accuracy: 4.71783e-01 Validation accuracy: 4.65333e-01 Loss 1.23577e-02 Time taken: 1 seconds
Epoch: 70/200 Train accuracy: 4.72353e-01 Validation accuracy: 4.60333e-01 Loss 1.23364e-02 Time taken: 1 seconds
Epoch: 71/200 Train accuracy: 4.75773e-01 Validation accuracy: 4.53667e-01 Loss 1.23371e-02 Time taken: 1 seconds
Epoch: 72/200 Train accuracy: 4.74063e-01 Validation accuracy: 4.47667e-01 Loss 1.23371e-02 Time taken: 1 seconds
Epoch: 73/200 Train accuracy: 4.72709e-01 Validation accuracy: 4.47333e-01 Loss 1.23383e-02 Time taken: 1 seconds
Epoch: 74/200 Train accuracy: 4.76557e-01 Validation accuracy: 4.67000e-01 Loss 1.23255e-02 Time taken: 1 seconds
Epoch: 75/200 Train accuracy: 4.76343e-01 Validation accuracy: 4.68000e-01 Loss 1.23304e-02 Time taken: 1 seconds
Epoch: 76/200 Train accuracy: 4.76486e-01 Validation accuracy: 4.59667e-01 Loss 1.23368e-02 Time taken: 1 seconds
Epoch: 77/200 Train accuracy: 4.73422e-01 Validation accuracy: 4.60000e-01 Loss 1.23344e-02 Time taken: 1 seconds
Epoch: 78/200 Train accuracy: 4.77697e-01 Validation accuracy: 4.66000e-01 Loss 1.23239e-02 Time taken: 1 seconds
Epoch: 79/200 Train accuracy: 4.75203e-01 Validation accuracy: 4.63333e-01 Loss 1.23308e-02 Time taken: 1 seconds
Epoch: 80/200 Train accuracy: 4.74277e-01 Validation accuracy: 4.63667e-01 Loss 1.23302e-02 Time taken: 1 seconds
Epoch: 81/200 Train accuracy: 4.72709e-01 Validation accuracy: 4.69333e-01 Loss 1.23280e-02 Time taken: 1 seconds
Epoch: 82/200 Train accuracy: 4.75844e-01 Validation accuracy: 4.63333e-01 Loss 1.23201e-02 Time taken: 1 seconds
Epoch: 83/200 Train accuracy: 4.78766e-01 Validation accuracy: 4.62333e-01 Loss 1.23099e-02 Time taken: 1 seconds
Epoch: 84/200 Train accuracy: 4.76557e-01 Validation accuracy: 4.51000e-01 Loss 1.23084e-02 Time taken: 1 seconds
Epoch: 85/200 Train accuracy: 4.75631e-01 Validation accuracy: 4.58000e-01 Loss 1.23087e-02 Time taken: 1 seconds
Epoch: 86/200 Train accuracy: 4.76058e-01 Validation accuracy: 4.62667e-01 Loss 1.23113e-02 Time taken: 1 seconds
Epoch: 87/200 Train accuracy: 4.76842e-01 Validation accuracy: 4.69667e-01 Loss 1.23176e-02 Time taken: 1 seconds
Epoch: 88/200 Train accuracy: 4.79407e-01 Validation accuracy: 4.63667e-01 Loss 1.23022e-02 Time taken: 1 seconds
Epoch: 89/200 Train accuracy: 4.77056e-01 Validation accuracy: 4.59333e-01 Loss 1.23080e-02 Time taken: 1 seconds
Epoch: 90/200 Train accuracy: 4.75702e-01 Validation accuracy: 4.70333e-01 Loss 1.23045e-02 Time taken: 1 seconds
Epoch: 91/200 Train accuracy: 4.74562e-01 Validation accuracy: 4.64667e-01 Loss 1.23163e-02 Time taken: 1 seconds
Epoch: 92/200 Train accuracy: 4.79478e-01 Validation accuracy: 4.52000e-01 Loss 1.22932e-02 Time taken: 1 seconds
Epoch: 93/200 Train accuracy: 4.80262e-01 Validation accuracy: 4.61667e-01 Loss 1.22905e-02 Time taken: 1 seconds
Epoch: 94/200 Train accuracy: 4.81260e-01 Validation accuracy: 4.63333e-01 Loss 1.22852e-02 Time taken: 1 seconds
Epoch: 95/200 Train accuracy: 4.80262e-01 Validation accuracy: 4.68333e-01 Loss 1.22818e-02 Time taken: 1 seconds
Epoch: 96/200 Train accuracy: 4.79407e-01 Validation accuracy: 4.60333e-01 Loss 1.22877e-02 Time taken: 1 seconds
Epoch: 97/200 Train accuracy: 4.76414e-01 Validation accuracy: 4.71000e-01 Loss 1.22986e-02 Time taken: 1 seconds
Epoch: 98/200 Train accuracy: 4.80690e-01 Validation accuracy: 4.68000e-01 Loss 1.22822e-02 Time taken: 1 seconds
Epoch: 99/200 Train accuracy: 4.79122e-01 Validation accuracy: 4.53667e-01 Loss 1.22792e-02 Time taken: 1 seconds
Epoch: 100/200 Train accuracy: 4.80547e-01 Validation accuracy: 4.68667e-01 Loss 1.22818e-02 Time taken: 1 seconds
Epoch: 101/200 Train accuracy: 4.80120e-01 Validation accuracy: 4.75000e-01 Loss 1.22799e-02 Time taken: 1 seconds
Epoch: 102/200 Train accuracy: 4.79478e-01 Validation accuracy: 4.70000e-01 Loss 1.22825e-02 Time taken: 1 seconds
Epoch: 103/200 Train accuracy: 4.81616e-01 Validation accuracy: 4.71667e-01 Loss 1.22713e-02 Time taken: 1 seconds
Epoch: 104/200 Train accuracy: 4.79193e-01 Validation accuracy: 4.67000e-01 Loss 1.22744e-02 Time taken: 1 seconds
Epoch: 105/200 Train accuracy: 4.80191e-01 Validation accuracy: 4.69333e-01 Loss 1.22841e-02 Time taken: 1 seconds
Epoch: 106/200 Train accuracy: 4.78338e-01 Validation accuracy: 4.65000e-01 Loss 1.22812e-02 Time taken: 1 seconds
Epoch: 107/200 Train accuracy: 4.78125e-01 Validation accuracy: 4.56667e-01 Loss 1.22745e-02 Time taken: 1 seconds
Epoch: 108/200 Train accuracy: 4.82329e-01 Validation accuracy: 4.75000e-01 Loss 1.22789e-02 Time taken: 1 seconds
Epoch: 109/200 Train accuracy: 4.79550e-01 Validation accuracy: 4.78333e-01 Loss 1.22708e-02 Time taken: 1 seconds
Epoch: 110/200 Train accuracy: 4.79692e-01 Validation accuracy: 4.70000e-01 Loss 1.22785e-02 Time taken: 1 seconds
Epoch: 111/200 Train accuracy: 4.79977e-01 Validation accuracy: 4.62000e-01 Loss 1.22727e-02 Time taken: 1 seconds
Epoch: 112/200 Train accuracy: 4.78908e-01 Validation accuracy: 4.61000e-01 Loss 1.22748e-02 Time taken: 1 seconds
Epoch: 113/200 Train accuracy: 4.81972e-01 Validation accuracy: 4.67000e-01 Loss 1.22645e-02 Time taken: 1 seconds
Epoch: 114/200 Train accuracy: 4.81830e-01 Validation accuracy: 4.70333e-01 Loss 1.22651e-02 Time taken: 1 seconds
Epoch: 115/200 Train accuracy: 4.82044e-01 Validation accuracy: 4.62000e-01 Loss 1.22558e-02 Time taken: 1 seconds
Epoch: 116/200 Train accuracy: 4.83326e-01 Validation accuracy: 4.63333e-01 Loss 1.22512e-02 Time taken: 1 seconds
Epoch: 117/200 Train accuracy: 4.85321e-01 Validation accuracy: 4.70000e-01 Loss 1.22459e-02 Time taken: 1 seconds
Epoch: 118/200 Train accuracy: 4.81402e-01 Validation accuracy: 4.71667e-01 Loss 1.22571e-02 Time taken: 1 seconds
Epoch: 119/200 Train accuracy: 4.83469e-01 Validation accuracy: 4.63667e-01 Loss 1.22496e-02 Time taken: 1 seconds
Epoch: 120/200 Train accuracy: 4.80975e-01 Validation accuracy: 4.70667e-01 Loss 1.22686e-02 Time taken: 1 seconds
Epoch: 121/200 Train accuracy: 4.82400e-01 Validation accuracy: 4.65667e-01 Loss 1.22590e-02 Time taken: 1 seconds
Epoch: 122/200 Train accuracy: 4.82471e-01 Validation accuracy: 4.78667e-01 Loss 1.22577e-02 Time taken: 1 seconds
Epoch: 123/200 Train accuracy: 4.82329e-01 Validation accuracy: 4.66000e-01 Loss 1.22494e-02 Time taken: 1 seconds
Epoch: 124/200 Train accuracy: 4.83255e-01 Validation accuracy: 4.71667e-01 Loss 1.22489e-02 Time taken: 1 seconds
Epoch: 125/200 Train accuracy: 4.84110e-01 Validation accuracy: 4.63000e-01 Loss 1.22483e-02 Time taken: 1 seconds
Epoch: 126/200 Train accuracy: 4.82044e-01 Validation accuracy: 4.73667e-01 Loss 1.22567e-02 Time taken: 1 seconds
Epoch: 127/200 Train accuracy: 4.82899e-01 Validation accuracy: 4.73333e-01 Loss 1.22513e-02 Time taken: 1 seconds
Epoch: 128/200 Train accuracy: 4.84680e-01 Validation accuracy: 4.70000e-01 Loss 1.22427e-02 Time taken: 1 seconds
Epoch: 129/200 Train accuracy: 4.84466e-01 Validation accuracy: 4.65000e-01 Loss 1.22387e-02 Time taken: 1 seconds
Epoch: 130/200 Train accuracy: 4.84894e-01 Validation accuracy: 4.69333e-01 Loss 1.22351e-02 Time taken: 1 seconds
Epoch: 131/200 Train accuracy: 4.85749e-01 Validation accuracy: 4.78333e-01 Loss 1.22358e-02 Time taken: 1 seconds
Epoch: 132/200 Train accuracy: 4.85678e-01 Validation accuracy: 4.74667e-01 Loss 1.22390e-02 Time taken: 1 seconds
Epoch: 133/200 Train accuracy: 4.85036e-01 Validation accuracy: 4.73333e-01 Loss 1.22384e-02 Time taken: 1 seconds
Epoch: 134/200 Train accuracy: 4.83968e-01 Validation accuracy: 4.75333e-01 Loss 1.22386e-02 Time taken: 1 seconds
Epoch: 135/200 Train accuracy: 4.85606e-01 Validation accuracy: 4.75333e-01 Loss 1.22341e-02 Time taken: 1 seconds
Epoch: 136/200 Train accuracy: 4.84894e-01 Validation accuracy: 4.74000e-01 Loss 1.22376e-02 Time taken: 1 seconds
Epoch: 137/200 Train accuracy: 4.81545e-01 Validation accuracy: 4.76667e-01 Loss 1.22553e-02 Time taken: 1 seconds
Epoch: 138/200 Train accuracy: 4.85179e-01 Validation accuracy: 4.74667e-01 Loss 1.22321e-02 Time taken: 1 seconds
Epoch: 139/200 Train accuracy: 4.83896e-01 Validation accuracy: 4.75000e-01 Loss 1.22405e-02 Time taken: 1 seconds
Epoch: 140/200 Train accuracy: 4.85749e-01 Validation accuracy: 4.65000e-01 Loss 1.22279e-02 Time taken: 1 seconds
Epoch: 141/200 Train accuracy: 4.87031e-01 Validation accuracy: 4.78000e-01 Loss 1.22324e-02 Time taken: 1 seconds
Epoch: 142/200 Train accuracy: 4.85393e-01 Validation accuracy: 4.65667e-01 Loss 1.22273e-02 Time taken: 1 seconds
Epoch: 143/200 Train accuracy: 4.86248e-01 Validation accuracy: 4.66333e-01 Loss 1.22238e-02 Time taken: 1 seconds
Epoch: 144/200 Train accuracy: 4.84965e-01 Validation accuracy: 4.75333e-01 Loss 1.22383e-02 Time taken: 1 seconds
Epoch: 145/200 Train accuracy: 4.87530e-01 Validation accuracy: 4.77667e-01 Loss 1.22241e-02 Time taken: 1 seconds
Epoch: 146/200 Train accuracy: 4.85393e-01 Validation accuracy: 4.70000e-01 Loss 1.22263e-02 Time taken: 1 seconds
Epoch: 147/200 Train accuracy: 4.88029e-01 Validation accuracy: 4.69667e-01 Loss 1.22172e-02 Time taken: 1 seconds
Epoch: 148/200 Train accuracy: 4.88955e-01 Validation accuracy: 4.76667e-01 Loss 1.22167e-02 Time taken: 1 seconds
Epoch: 149/200 Train accuracy: 4.85749e-01 Validation accuracy: 4.80000e-01 Loss 1.22216e-02 Time taken: 1 seconds
Epoch: 150/200 Train accuracy: 4.84894e-01 Validation accuracy: 4.69000e-01 Loss 1.22266e-02 Time taken: 1 seconds
Epoch: 151/200 Train accuracy: 4.84395e-01 Validation accuracy: 4.70333e-01 Loss 1.22256e-02 Time taken: 1 seconds
Epoch: 152/200 Train accuracy: 4.86889e-01 Validation accuracy: 4.80000e-01 Loss 1.22109e-02 Time taken: 1 seconds
Epoch: 153/200 Train accuracy: 4.86960e-01 Validation accuracy: 4.67000e-01 Loss 1.22138e-02 Time taken: 1 seconds
Epoch: 154/200 Train accuracy: 4.86461e-01 Validation accuracy: 4.76000e-01 Loss 1.22196e-02 Time taken: 1 seconds
Epoch: 155/200 Train accuracy: 4.85749e-01 Validation accuracy: 4.74667e-01 Loss 1.22239e-02 Time taken: 1 seconds
Epoch: 156/200 Train accuracy: 4.86818e-01 Validation accuracy: 4.74667e-01 Loss 1.22337e-02 Time taken: 1 seconds
Epoch: 157/200 Train accuracy: 4.87388e-01 Validation accuracy: 4.78333e-01 Loss 1.22159e-02 Time taken: 1 seconds
Epoch: 158/200 Train accuracy: 4.87530e-01 Validation accuracy: 4.72000e-01 Loss 1.22088e-02 Time taken: 1 seconds
Epoch: 159/200 Train accuracy: 4.85250e-01 Validation accuracy: 4.79667e-01 Loss 1.22328e-02 Time taken: 1 seconds
Epoch: 160/200 Train accuracy: 4.87103e-01 Validation accuracy: 4.71667e-01 Loss 1.22145e-02 Time taken: 1 seconds
Epoch: 161/200 Train accuracy: 4.87673e-01 Validation accuracy: 4.70667e-01 Loss 1.22063e-02 Time taken: 1 seconds
Epoch: 162/200 Train accuracy: 4.85891e-01 Validation accuracy: 4.82333e-01 Loss 1.22148e-02 Time taken: 1 seconds
Epoch: 163/200 Train accuracy: 4.88100e-01 Validation accuracy: 4.79667e-01 Loss 1.22077e-02 Time taken: 1 seconds
Epoch: 164/200 Train accuracy: 4.87887e-01 Validation accuracy: 4.65667e-01 Loss 1.22079e-02 Time taken: 1 seconds
Epoch: 165/200 Train accuracy: 4.86960e-01 Validation accuracy: 4.74333e-01 Loss 1.22078e-02 Time taken: 1 seconds
Epoch: 166/200 Train accuracy: 4.88884e-01 Validation accuracy: 4.65000e-01 Loss 1.22057e-02 Time taken: 1 seconds
Epoch: 167/200 Train accuracy: 4.87602e-01 Validation accuracy: 4.78000e-01 Loss 1.22056e-02 Time taken: 1 seconds
Epoch: 168/200 Train accuracy: 4.86461e-01 Validation accuracy: 4.79000e-01 Loss 1.22132e-02 Time taken: 1 seconds
Epoch: 169/200 Train accuracy: 4.87317e-01 Validation accuracy: 4.77667e-01 Loss 1.22149e-02 Time taken: 1 seconds
Epoch: 170/200 Train accuracy: 4.89739e-01 Validation accuracy: 4.82000e-01 Loss 1.22051e-02 Time taken: 1 seconds
Epoch: 171/200 Train accuracy: 4.87103e-01 Validation accuracy: 4.77667e-01 Loss 1.22041e-02 Time taken: 1 seconds
Epoch: 172/200 Train accuracy: 4.88813e-01 Validation accuracy: 4.63333e-01 Loss 1.21993e-02 Time taken: 1 seconds
Epoch: 173/200 Train accuracy: 4.88457e-01 Validation accuracy: 4.77667e-01 Loss 1.22003e-02 Time taken: 1 seconds
Epoch: 174/200 Train accuracy: 4.88670e-01 Validation accuracy: 4.71333e-01 Loss 1.22006e-02 Time taken: 1 seconds
Epoch: 175/200 Train accuracy: 4.86533e-01 Validation accuracy: 4.76333e-01 Loss 1.22160e-02 Time taken: 1 seconds
Epoch: 176/200 Train accuracy: 4.88243e-01 Validation accuracy: 4.78333e-01 Loss 1.22048e-02 Time taken: 1 seconds
Epoch: 177/200 Train accuracy: 4.88385e-01 Validation accuracy: 4.78333e-01 Loss 1.22075e-02 Time taken: 1 seconds
Epoch: 178/200 Train accuracy: 4.89668e-01 Validation accuracy: 4.77000e-01 Loss 1.21993e-02 Time taken: 1 seconds
Epoch: 179/200 Train accuracy: 4.88457e-01 Validation accuracy: 4.82333e-01 Loss 1.22027e-02 Time taken: 1 seconds
Epoch: 180/200 Train accuracy: 4.88385e-01 Validation accuracy: 4.73000e-01 Loss 1.21932e-02 Time taken: 1 seconds
Epoch: 181/200 Train accuracy: 4.91521e-01 Validation accuracy: 4.68667e-01 Loss 1.22002e-02 Time taken: 1 seconds
Epoch: 182/200 Train accuracy: 4.84110e-01 Validation accuracy: 4.69333e-01 Loss 1.22199e-02 Time taken: 1 seconds
Epoch: 183/200 Train accuracy: 4.90951e-01 Validation accuracy: 4.68000e-01 Loss 1.21903e-02 Time taken: 1 seconds
Epoch: 184/200 Train accuracy: 4.89525e-01 Validation accuracy: 4.85667e-01 Loss 1.21858e-02 Time taken: 1 seconds
Epoch: 185/200 Train accuracy: 4.88670e-01 Validation accuracy: 4.66333e-01 Loss 1.21960e-02 Time taken: 1 seconds
Epoch: 186/200 Train accuracy: 4.91948e-01 Validation accuracy: 4.78333e-01 Loss 1.21926e-02 Time taken: 1 seconds
Epoch: 187/200 Train accuracy: 4.87103e-01 Validation accuracy: 4.83667e-01 Loss 1.22064e-02 Time taken: 1 seconds
Epoch: 188/200 Train accuracy: 4.86533e-01 Validation accuracy: 4.74667e-01 Loss 1.21992e-02 Time taken: 1 seconds
Epoch: 189/200 Train accuracy: 4.92304e-01 Validation accuracy: 4.79667e-01 Loss 1.21955e-02 Time taken: 1 seconds
Epoch: 190/200 Train accuracy: 4.87887e-01 Validation accuracy: 4.80333e-01 Loss 1.21965e-02 Time taken: 1 seconds
Epoch: 191/200 Train accuracy: 4.89027e-01 Validation accuracy: 4.76667e-01 Loss 1.21941e-02 Time taken: 1 seconds
Epoch: 192/200 Train accuracy: 4.90381e-01 Validation accuracy: 4.75667e-01 Loss 1.21844e-02 Time taken: 1 seconds
Epoch: 193/200 Train accuracy: 4.91093e-01 Validation accuracy: 4.81000e-01 Loss 1.21925e-02 Time taken: 1 seconds
Epoch: 194/200 Train accuracy: 4.87673e-01 Validation accuracy: 4.66000e-01 Loss 1.21947e-02 Time taken: 1 seconds
Epoch: 195/200 Train accuracy: 4.89597e-01 Validation accuracy: 4.80333e-01 Loss 1.21959e-02 Time taken: 1 seconds
Epoch: 196/200 Train accuracy: 4.91022e-01 Validation accuracy: 4.83667e-01 Loss 1.21818e-02 Time taken: 1 seconds
Epoch: 197/200 Train accuracy: 4.89882e-01 Validation accuracy: 4.75667e-01 Loss 1.21955e-02 Time taken: 1 seconds
Epoch: 198/200 Train accuracy: 4.89882e-01 Validation accuracy: 4.84000e-01 Loss 1.21949e-02 Time taken: 1 seconds
Epoch: 199/200 Train accuracy: 4.90808e-01 Validation accuracy: 4.81667e-01 Loss 1.21886e-02 Time taken: 1 seconds
Epoch: 200/200 Train accuracy: 4.89597e-01 Validation accuracy: 4.85667e-01 Loss 1.21914e-02 Time taken: 1 seconds
Total time taken 0:05:08.703542
Cleaning up intermediate feature (.pt) files
Done


working on file logs_PKT/iic-train-PKT-seed-10/jepa_iic_PKT-ep200.pth.tar ...
