Directory classifiers/jepa-iic-PKT-seed-10-classifier-pretrained-vitb-ep500 is now present
VisionTransformer(
  (patch_embed): PatchEmbed(
    (proj): Conv2d(3, 768, kernel_size=(15, 15), stride=(15, 15))
  )
  (blocks): ModuleList(
    (0-11): 12 x Block(
      (norm1): LayerNorm((768,), eps=1e-06, elementwise_affine=True)
      (attn): Attention(
        (qkv): Linear(in_features=768, out_features=2304, bias=True)
        (attn_drop): Dropout(p=0.0, inplace=False)
        (proj): Linear(in_features=768, out_features=768, bias=True)
        (proj_drop): Dropout(p=0.0, inplace=False)
      )
      (drop_path): Identity()
      (norm2): LayerNorm((768,), eps=1e-06, elementwise_affine=True)
      (mlp): MLP(
        (fc1): Linear(in_features=768, out_features=3072, bias=True)
        (act): GELU(approximate='none')
        (fc2): Linear(in_features=3072, out_features=768, bias=True)
        (drop): Dropout(p=0.0, inplace=False)
      )
    )
  )
  (norm): LayerNorm((768,), eps=1e-06, elementwise_affine=True)
)
Extracting features and saving them locally..
Epoch: 1/200 Train accuracy: 4.83112e-01 Validation accuracy: 5.95333e-01 Loss 1.27782e-02 Time taken: 1 seconds
Epoch: 2/200 Train accuracy: 6.09876e-01 Validation accuracy: 6.12000e-01 Loss 1.17736e-02 Time taken: 1 seconds
Epoch: 3/200 Train accuracy: 6.24555e-01 Validation accuracy: 6.28333e-01 Loss 1.14843e-02 Time taken: 1 seconds
Epoch: 4/200 Train accuracy: 6.34744e-01 Validation accuracy: 6.32000e-01 Loss 1.13366e-02 Time taken: 1 seconds
Epoch: 5/200 Train accuracy: 6.40160e-01 Validation accuracy: 6.34000e-01 Loss 1.12404e-02 Time taken: 1 seconds
Epoch: 6/200 Train accuracy: 6.47071e-01 Validation accuracy: 6.48333e-01 Loss 1.11710e-02 Time taken: 1 seconds
Epoch: 7/200 Train accuracy: 6.51418e-01 Validation accuracy: 6.51333e-01 Loss 1.11138e-02 Time taken: 1 seconds
Epoch: 8/200 Train accuracy: 6.53413e-01 Validation accuracy: 6.55333e-01 Loss 1.10708e-02 Time taken: 1 seconds
Epoch: 9/200 Train accuracy: 6.56263e-01 Validation accuracy: 6.57000e-01 Loss 1.10355e-02 Time taken: 1 seconds
Epoch: 10/200 Train accuracy: 6.57688e-01 Validation accuracy: 6.64333e-01 Loss 1.10049e-02 Time taken: 1 seconds
Epoch: 11/200 Train accuracy: 6.60610e-01 Validation accuracy: 6.62667e-01 Loss 1.09791e-02 Time taken: 1 seconds
Epoch: 12/200 Train accuracy: 6.62463e-01 Validation accuracy: 6.61333e-01 Loss 1.09592e-02 Time taken: 1 seconds
Epoch: 13/200 Train accuracy: 6.66453e-01 Validation accuracy: 6.56333e-01 Loss 1.09351e-02 Time taken: 1 seconds
Epoch: 14/200 Train accuracy: 6.63246e-01 Validation accuracy: 6.64333e-01 Loss 1.09219e-02 Time taken: 1 seconds
Epoch: 15/200 Train accuracy: 6.65669e-01 Validation accuracy: 6.62333e-01 Loss 1.09037e-02 Time taken: 1 seconds
Epoch: 16/200 Train accuracy: 6.67308e-01 Validation accuracy: 6.64333e-01 Loss 1.08912e-02 Time taken: 1 seconds
Epoch: 17/200 Train accuracy: 6.68947e-01 Validation accuracy: 6.70000e-01 Loss 1.08755e-02 Time taken: 1 seconds
Epoch: 18/200 Train accuracy: 6.70586e-01 Validation accuracy: 6.68333e-01 Loss 1.08631e-02 Time taken: 1 seconds
Epoch: 19/200 Train accuracy: 6.71655e-01 Validation accuracy: 6.67333e-01 Loss 1.08532e-02 Time taken: 1 seconds
Epoch: 20/200 Train accuracy: 6.72153e-01 Validation accuracy: 6.70667e-01 Loss 1.08408e-02 Time taken: 1 seconds
Epoch: 21/200 Train accuracy: 6.73436e-01 Validation accuracy: 6.74333e-01 Loss 1.08321e-02 Time taken: 1 seconds
Epoch: 22/200 Train accuracy: 6.75930e-01 Validation accuracy: 6.68667e-01 Loss 1.08193e-02 Time taken: 1 seconds
Epoch: 23/200 Train accuracy: 6.74932e-01 Validation accuracy: 6.72333e-01 Loss 1.08134e-02 Time taken: 1 seconds
Epoch: 24/200 Train accuracy: 6.75217e-01 Validation accuracy: 6.73333e-01 Loss 1.08032e-02 Time taken: 1 seconds
Epoch: 25/200 Train accuracy: 6.76785e-01 Validation accuracy: 6.76667e-01 Loss 1.07948e-02 Time taken: 1 seconds
Epoch: 26/200 Train accuracy: 6.76999e-01 Validation accuracy: 6.82667e-01 Loss 1.07856e-02 Time taken: 1 seconds
Epoch: 27/200 Train accuracy: 6.78495e-01 Validation accuracy: 6.74000e-01 Loss 1.07833e-02 Time taken: 1 seconds
Epoch: 28/200 Train accuracy: 6.80704e-01 Validation accuracy: 6.80000e-01 Loss 1.07806e-02 Time taken: 1 seconds
Epoch: 29/200 Train accuracy: 6.79564e-01 Validation accuracy: 6.73667e-01 Loss 1.07688e-02 Time taken: 1 seconds
Epoch: 30/200 Train accuracy: 6.78780e-01 Validation accuracy: 6.85000e-01 Loss 1.07630e-02 Time taken: 1 seconds
Epoch: 31/200 Train accuracy: 6.81987e-01 Validation accuracy: 6.73333e-01 Loss 1.07541e-02 Time taken: 1 seconds
Epoch: 32/200 Train accuracy: 6.81488e-01 Validation accuracy: 6.73000e-01 Loss 1.07500e-02 Time taken: 1 seconds
Epoch: 33/200 Train accuracy: 6.81203e-01 Validation accuracy: 6.83000e-01 Loss 1.07485e-02 Time taken: 1 seconds
Epoch: 34/200 Train accuracy: 6.81773e-01 Validation accuracy: 6.76000e-01 Loss 1.07438e-02 Time taken: 1 seconds
Epoch: 35/200 Train accuracy: 6.84196e-01 Validation accuracy: 6.83667e-01 Loss 1.07339e-02 Time taken: 1 seconds
Epoch: 36/200 Train accuracy: 6.83697e-01 Validation accuracy: 6.90333e-01 Loss 1.07253e-02 Time taken: 1 seconds
Epoch: 37/200 Train accuracy: 6.84766e-01 Validation accuracy: 6.78667e-01 Loss 1.07273e-02 Time taken: 1 seconds
Epoch: 38/200 Train accuracy: 6.83269e-01 Validation accuracy: 6.86000e-01 Loss 1.07247e-02 Time taken: 1 seconds
Epoch: 39/200 Train accuracy: 6.83269e-01 Validation accuracy: 6.83667e-01 Loss 1.07168e-02 Time taken: 1 seconds
Epoch: 40/200 Train accuracy: 6.85834e-01 Validation accuracy: 6.83667e-01 Loss 1.07122e-02 Time taken: 1 seconds
Epoch: 41/200 Train accuracy: 6.85264e-01 Validation accuracy: 6.91000e-01 Loss 1.07121e-02 Time taken: 1 seconds
Epoch: 42/200 Train accuracy: 6.86191e-01 Validation accuracy: 6.86667e-01 Loss 1.07019e-02 Time taken: 1 seconds
Epoch: 43/200 Train accuracy: 6.84837e-01 Validation accuracy: 6.82333e-01 Loss 1.07034e-02 Time taken: 1 seconds
Epoch: 44/200 Train accuracy: 6.87830e-01 Validation accuracy: 6.88000e-01 Loss 1.06976e-02 Time taken: 1 seconds
Epoch: 45/200 Train accuracy: 6.87830e-01 Validation accuracy: 6.86667e-01 Loss 1.06941e-02 Time taken: 1 seconds
Epoch: 46/200 Train accuracy: 6.87901e-01 Validation accuracy: 6.86667e-01 Loss 1.06891e-02 Time taken: 1 seconds
Epoch: 47/200 Train accuracy: 6.87046e-01 Validation accuracy: 6.91333e-01 Loss 1.06888e-02 Time taken: 1 seconds
Epoch: 48/200 Train accuracy: 6.87188e-01 Validation accuracy: 6.87000e-01 Loss 1.06836e-02 Time taken: 1 seconds
Epoch: 49/200 Train accuracy: 6.88827e-01 Validation accuracy: 6.86667e-01 Loss 1.06814e-02 Time taken: 1 seconds
Epoch: 50/200 Train accuracy: 6.89682e-01 Validation accuracy: 6.86667e-01 Loss 1.06770e-02 Time taken: 1 seconds
Epoch: 51/200 Train accuracy: 6.89468e-01 Validation accuracy: 6.87667e-01 Loss 1.06742e-02 Time taken: 1 seconds
Epoch: 52/200 Train accuracy: 6.86689e-01 Validation accuracy: 6.84667e-01 Loss 1.06724e-02 Time taken: 1 seconds
Epoch: 53/200 Train accuracy: 6.88898e-01 Validation accuracy: 6.90333e-01 Loss 1.06705e-02 Time taken: 1 seconds
Epoch: 54/200 Train accuracy: 6.89967e-01 Validation accuracy: 6.93333e-01 Loss 1.06644e-02 Time taken: 1 seconds
Epoch: 55/200 Train accuracy: 6.88471e-01 Validation accuracy: 6.88000e-01 Loss 1.06651e-02 Time taken: 1 seconds
Epoch: 56/200 Train accuracy: 6.92105e-01 Validation accuracy: 6.88667e-01 Loss 1.06612e-02 Time taken: 1 seconds
Epoch: 57/200 Train accuracy: 6.90395e-01 Validation accuracy: 6.79333e-01 Loss 1.06606e-02 Time taken: 1 seconds
Epoch: 58/200 Train accuracy: 6.91036e-01 Validation accuracy: 6.90333e-01 Loss 1.06566e-02 Time taken: 1 seconds
Epoch: 59/200 Train accuracy: 6.90110e-01 Validation accuracy: 6.91000e-01 Loss 1.06524e-02 Time taken: 1 seconds
Epoch: 60/200 Train accuracy: 6.90965e-01 Validation accuracy: 6.88667e-01 Loss 1.06535e-02 Time taken: 1 seconds
Epoch: 61/200 Train accuracy: 6.90894e-01 Validation accuracy: 6.84667e-01 Loss 1.06493e-02 Time taken: 1 seconds
Epoch: 62/200 Train accuracy: 6.92604e-01 Validation accuracy: 6.82333e-01 Loss 1.06432e-02 Time taken: 1 seconds
Epoch: 63/200 Train accuracy: 6.92604e-01 Validation accuracy: 6.93667e-01 Loss 1.06422e-02 Time taken: 1 seconds
Epoch: 64/200 Train accuracy: 6.92176e-01 Validation accuracy: 6.92333e-01 Loss 1.06420e-02 Time taken: 1 seconds
Epoch: 65/200 Train accuracy: 6.93744e-01 Validation accuracy: 6.89333e-01 Loss 1.06370e-02 Time taken: 1 seconds
Epoch: 66/200 Train accuracy: 6.93958e-01 Validation accuracy: 6.93333e-01 Loss 1.06362e-02 Time taken: 1 seconds
Epoch: 67/200 Train accuracy: 6.92604e-01 Validation accuracy: 6.92333e-01 Loss 1.06378e-02 Time taken: 1 seconds
Epoch: 68/200 Train accuracy: 6.95953e-01 Validation accuracy: 6.91667e-01 Loss 1.06312e-02 Time taken: 1 seconds
Epoch: 69/200 Train accuracy: 6.93673e-01 Validation accuracy: 6.91333e-01 Loss 1.06282e-02 Time taken: 1 seconds
Epoch: 70/200 Train accuracy: 6.94243e-01 Validation accuracy: 6.89667e-01 Loss 1.06305e-02 Time taken: 1 seconds
Epoch: 71/200 Train accuracy: 6.93530e-01 Validation accuracy: 6.88667e-01 Loss 1.06271e-02 Time taken: 1 seconds
Epoch: 72/200 Train accuracy: 6.95525e-01 Validation accuracy: 6.93333e-01 Loss 1.06243e-02 Time taken: 1 seconds
Epoch: 73/200 Train accuracy: 6.93245e-01 Validation accuracy: 6.95667e-01 Loss 1.06247e-02 Time taken: 1 seconds
Epoch: 74/200 Train accuracy: 6.94599e-01 Validation accuracy: 6.91333e-01 Loss 1.06214e-02 Time taken: 1 seconds
Epoch: 75/200 Train accuracy: 6.95810e-01 Validation accuracy: 6.93333e-01 Loss 1.06175e-02 Time taken: 1 seconds
Epoch: 76/200 Train accuracy: 6.96095e-01 Validation accuracy: 6.95333e-01 Loss 1.06164e-02 Time taken: 1 seconds
Epoch: 77/200 Train accuracy: 6.95881e-01 Validation accuracy: 6.91333e-01 Loss 1.06140e-02 Time taken: 1 seconds
Epoch: 78/200 Train accuracy: 6.95668e-01 Validation accuracy: 6.94667e-01 Loss 1.06124e-02 Time taken: 1 seconds
Epoch: 79/200 Train accuracy: 6.93245e-01 Validation accuracy: 6.92667e-01 Loss 1.06102e-02 Time taken: 1 seconds
Epoch: 80/200 Train accuracy: 6.95525e-01 Validation accuracy: 6.95333e-01 Loss 1.06142e-02 Time taken: 1 seconds
Epoch: 81/200 Train accuracy: 6.96451e-01 Validation accuracy: 6.92000e-01 Loss 1.06110e-02 Time taken: 1 seconds
Epoch: 82/200 Train accuracy: 6.96736e-01 Validation accuracy: 6.94667e-01 Loss 1.06076e-02 Time taken: 1 seconds
Epoch: 83/200 Train accuracy: 6.97307e-01 Validation accuracy: 6.95000e-01 Loss 1.06021e-02 Time taken: 1 seconds
Epoch: 84/200 Train accuracy: 6.96166e-01 Validation accuracy: 6.94000e-01 Loss 1.06073e-02 Time taken: 1 seconds
Epoch: 85/200 Train accuracy: 6.96309e-01 Validation accuracy: 6.90333e-01 Loss 1.06052e-02 Time taken: 1 seconds
Epoch: 86/200 Train accuracy: 6.96594e-01 Validation accuracy: 6.93333e-01 Loss 1.06015e-02 Time taken: 1 seconds
Epoch: 87/200 Train accuracy: 6.97022e-01 Validation accuracy: 6.96000e-01 Loss 1.06000e-02 Time taken: 1 seconds
Epoch: 88/200 Train accuracy: 6.96238e-01 Validation accuracy: 6.95333e-01 Loss 1.05993e-02 Time taken: 1 seconds
Epoch: 89/200 Train accuracy: 6.96309e-01 Validation accuracy: 6.92667e-01 Loss 1.05943e-02 Time taken: 1 seconds
Epoch: 90/200 Train accuracy: 6.98874e-01 Validation accuracy: 6.88667e-01 Loss 1.05959e-02 Time taken: 1 seconds
Epoch: 91/200 Train accuracy: 6.96808e-01 Validation accuracy: 6.92333e-01 Loss 1.05941e-02 Time taken: 1 seconds
Epoch: 92/200 Train accuracy: 6.96950e-01 Validation accuracy: 6.95333e-01 Loss 1.05931e-02 Time taken: 1 seconds
Epoch: 93/200 Train accuracy: 6.96665e-01 Validation accuracy: 6.95667e-01 Loss 1.05936e-02 Time taken: 1 seconds
Epoch: 94/200 Train accuracy: 6.97520e-01 Validation accuracy: 6.93333e-01 Loss 1.05923e-02 Time taken: 1 seconds
Epoch: 95/200 Train accuracy: 6.97805e-01 Validation accuracy: 6.97333e-01 Loss 1.05919e-02 Time taken: 1 seconds
Epoch: 96/200 Train accuracy: 6.97734e-01 Validation accuracy: 6.95333e-01 Loss 1.05889e-02 Time taken: 1 seconds
Epoch: 97/200 Train accuracy: 6.98589e-01 Validation accuracy: 6.97000e-01 Loss 1.05861e-02 Time taken: 1 seconds
Epoch: 98/200 Train accuracy: 6.96451e-01 Validation accuracy: 6.92000e-01 Loss 1.05848e-02 Time taken: 1 seconds
Epoch: 99/200 Train accuracy: 6.98162e-01 Validation accuracy: 6.96667e-01 Loss 1.05847e-02 Time taken: 1 seconds
Epoch: 100/200 Train accuracy: 6.99658e-01 Validation accuracy: 6.93000e-01 Loss 1.05847e-02 Time taken: 1 seconds
Epoch: 101/200 Train accuracy: 6.97663e-01 Validation accuracy: 6.98667e-01 Loss 1.05792e-02 Time taken: 1 seconds
Epoch: 102/200 Train accuracy: 7.00513e-01 Validation accuracy: 6.97667e-01 Loss 1.05780e-02 Time taken: 1 seconds
Epoch: 103/200 Train accuracy: 6.98945e-01 Validation accuracy: 6.94667e-01 Loss 1.05810e-02 Time taken: 1 seconds
Epoch: 104/200 Train accuracy: 6.98945e-01 Validation accuracy: 6.94667e-01 Loss 1.05779e-02 Time taken: 1 seconds
Epoch: 105/200 Train accuracy: 7.00371e-01 Validation accuracy: 6.94667e-01 Loss 1.05762e-02 Time taken: 1 seconds
Epoch: 106/200 Train accuracy: 6.99729e-01 Validation accuracy: 6.96667e-01 Loss 1.05735e-02 Time taken: 1 seconds
Epoch: 107/200 Train accuracy: 6.99515e-01 Validation accuracy: 6.97667e-01 Loss 1.05751e-02 Time taken: 1 seconds
Epoch: 108/200 Train accuracy: 6.99658e-01 Validation accuracy: 6.93667e-01 Loss 1.05754e-02 Time taken: 1 seconds
Epoch: 109/200 Train accuracy: 6.99515e-01 Validation accuracy: 6.96667e-01 Loss 1.05708e-02 Time taken: 1 seconds
Epoch: 110/200 Train accuracy: 6.98162e-01 Validation accuracy: 6.97333e-01 Loss 1.05739e-02 Time taken: 1 seconds
Epoch: 111/200 Train accuracy: 7.01653e-01 Validation accuracy: 6.93000e-01 Loss 1.05696e-02 Time taken: 1 seconds
Epoch: 112/200 Train accuracy: 7.00584e-01 Validation accuracy: 6.97667e-01 Loss 1.05732e-02 Time taken: 1 seconds
Epoch: 113/200 Train accuracy: 7.01653e-01 Validation accuracy: 6.94000e-01 Loss 1.05677e-02 Time taken: 1 seconds
Epoch: 114/200 Train accuracy: 7.00086e-01 Validation accuracy: 6.98333e-01 Loss 1.05665e-02 Time taken: 1 seconds
Epoch: 115/200 Train accuracy: 6.99658e-01 Validation accuracy: 6.97667e-01 Loss 1.05660e-02 Time taken: 1 seconds
Epoch: 116/200 Train accuracy: 7.01867e-01 Validation accuracy: 6.98333e-01 Loss 1.05642e-02 Time taken: 1 seconds
Epoch: 117/200 Train accuracy: 7.01938e-01 Validation accuracy: 6.96000e-01 Loss 1.05645e-02 Time taken: 1 seconds
Epoch: 118/200 Train accuracy: 7.00798e-01 Validation accuracy: 6.98667e-01 Loss 1.05653e-02 Time taken: 1 seconds
Epoch: 119/200 Train accuracy: 7.00371e-01 Validation accuracy: 6.93667e-01 Loss 1.05636e-02 Time taken: 1 seconds
Epoch: 120/200 Train accuracy: 7.00869e-01 Validation accuracy: 6.99000e-01 Loss 1.05620e-02 Time taken: 1 seconds
Epoch: 121/200 Train accuracy: 7.00798e-01 Validation accuracy: 6.95333e-01 Loss 1.05581e-02 Time taken: 1 seconds
Epoch: 122/200 Train accuracy: 7.01012e-01 Validation accuracy: 6.99000e-01 Loss 1.05582e-02 Time taken: 1 seconds
Epoch: 123/200 Train accuracy: 7.02081e-01 Validation accuracy: 6.85000e-01 Loss 1.05534e-02 Time taken: 1 seconds
Epoch: 124/200 Train accuracy: 7.00584e-01 Validation accuracy: 6.97333e-01 Loss 1.05600e-02 Time taken: 1 seconds
Epoch: 125/200 Train accuracy: 7.01796e-01 Validation accuracy: 6.95333e-01 Loss 1.05542e-02 Time taken: 1 seconds
Epoch: 126/200 Train accuracy: 7.01582e-01 Validation accuracy: 6.99333e-01 Loss 1.05555e-02 Time taken: 1 seconds
Epoch: 127/200 Train accuracy: 7.01938e-01 Validation accuracy: 6.98667e-01 Loss 1.05551e-02 Time taken: 1 seconds
Epoch: 128/200 Train accuracy: 7.01582e-01 Validation accuracy: 6.99667e-01 Loss 1.05540e-02 Time taken: 1 seconds
Epoch: 129/200 Train accuracy: 7.02864e-01 Validation accuracy: 6.99000e-01 Loss 1.05497e-02 Time taken: 1 seconds
Epoch: 130/200 Train accuracy: 7.02722e-01 Validation accuracy: 6.93333e-01 Loss 1.05500e-02 Time taken: 1 seconds
Epoch: 131/200 Train accuracy: 7.02437e-01 Validation accuracy: 6.98000e-01 Loss 1.05538e-02 Time taken: 1 seconds
Epoch: 132/200 Train accuracy: 7.01368e-01 Validation accuracy: 7.01000e-01 Loss 1.05484e-02 Time taken: 1 seconds
Epoch: 133/200 Train accuracy: 7.00299e-01 Validation accuracy: 6.99333e-01 Loss 1.05487e-02 Time taken: 1 seconds
Epoch: 134/200 Train accuracy: 7.01938e-01 Validation accuracy: 6.98000e-01 Loss 1.05523e-02 Time taken: 1 seconds
Epoch: 135/200 Train accuracy: 7.03435e-01 Validation accuracy: 6.99667e-01 Loss 1.05475e-02 Time taken: 1 seconds
Epoch: 136/200 Train accuracy: 7.02936e-01 Validation accuracy: 6.98333e-01 Loss 1.05467e-02 Time taken: 1 seconds
Epoch: 137/200 Train accuracy: 7.02722e-01 Validation accuracy: 7.01667e-01 Loss 1.05464e-02 Time taken: 1 seconds
Epoch: 138/200 Train accuracy: 7.03149e-01 Validation accuracy: 6.97000e-01 Loss 1.05429e-02 Time taken: 1 seconds
Epoch: 139/200 Train accuracy: 7.01796e-01 Validation accuracy: 6.98000e-01 Loss 1.05484e-02 Time taken: 1 seconds
Epoch: 140/200 Train accuracy: 7.03648e-01 Validation accuracy: 7.00000e-01 Loss 1.05407e-02 Time taken: 1 seconds
Epoch: 141/200 Train accuracy: 7.03007e-01 Validation accuracy: 6.97333e-01 Loss 1.05435e-02 Time taken: 1 seconds
Epoch: 142/200 Train accuracy: 7.01083e-01 Validation accuracy: 6.97333e-01 Loss 1.05448e-02 Time taken: 1 seconds
Epoch: 143/200 Train accuracy: 7.03149e-01 Validation accuracy: 7.02667e-01 Loss 1.05397e-02 Time taken: 1 seconds
Epoch: 144/200 Train accuracy: 7.03149e-01 Validation accuracy: 7.01667e-01 Loss 1.05419e-02 Time taken: 1 seconds
Epoch: 145/200 Train accuracy: 7.03933e-01 Validation accuracy: 7.01000e-01 Loss 1.05381e-02 Time taken: 1 seconds
Epoch: 146/200 Train accuracy: 7.04147e-01 Validation accuracy: 6.99667e-01 Loss 1.05377e-02 Time taken: 1 seconds
Epoch: 147/200 Train accuracy: 7.03862e-01 Validation accuracy: 6.99333e-01 Loss 1.05407e-02 Time taken: 1 seconds
Epoch: 148/200 Train accuracy: 7.03292e-01 Validation accuracy: 7.00667e-01 Loss 1.05385e-02 Time taken: 1 seconds
Epoch: 149/200 Train accuracy: 7.04860e-01 Validation accuracy: 7.00000e-01 Loss 1.05343e-02 Time taken: 1 seconds
Epoch: 150/200 Train accuracy: 7.02936e-01 Validation accuracy: 6.95333e-01 Loss 1.05371e-02 Time taken: 1 seconds
Epoch: 151/200 Train accuracy: 7.02152e-01 Validation accuracy: 7.00667e-01 Loss 1.05361e-02 Time taken: 1 seconds
Epoch: 152/200 Train accuracy: 7.04361e-01 Validation accuracy: 6.96000e-01 Loss 1.05364e-02 Time taken: 1 seconds
Epoch: 153/200 Train accuracy: 7.04432e-01 Validation accuracy: 6.98000e-01 Loss 1.05368e-02 Time taken: 1 seconds
Epoch: 154/200 Train accuracy: 7.04575e-01 Validation accuracy: 6.98000e-01 Loss 1.05332e-02 Time taken: 1 seconds
Epoch: 155/200 Train accuracy: 7.02936e-01 Validation accuracy: 6.99000e-01 Loss 1.05350e-02 Time taken: 1 seconds
Epoch: 156/200 Train accuracy: 7.03149e-01 Validation accuracy: 6.99000e-01 Loss 1.05307e-02 Time taken: 1 seconds
Epoch: 157/200 Train accuracy: 7.03363e-01 Validation accuracy: 7.00000e-01 Loss 1.05332e-02 Time taken: 1 seconds
Epoch: 158/200 Train accuracy: 7.04717e-01 Validation accuracy: 7.02000e-01 Loss 1.05329e-02 Time taken: 1 seconds
Epoch: 159/200 Train accuracy: 7.05002e-01 Validation accuracy: 7.00333e-01 Loss 1.05306e-02 Time taken: 1 seconds
Epoch: 160/200 Train accuracy: 7.02294e-01 Validation accuracy: 7.03000e-01 Loss 1.05296e-02 Time taken: 1 seconds
Epoch: 161/200 Train accuracy: 7.03292e-01 Validation accuracy: 7.01667e-01 Loss 1.05256e-02 Time taken: 1 seconds
Epoch: 162/200 Train accuracy: 7.03933e-01 Validation accuracy: 6.98667e-01 Loss 1.05282e-02 Time taken: 1 seconds
Epoch: 163/200 Train accuracy: 7.04432e-01 Validation accuracy: 7.02000e-01 Loss 1.05296e-02 Time taken: 1 seconds
Epoch: 164/200 Train accuracy: 7.04788e-01 Validation accuracy: 7.00333e-01 Loss 1.05248e-02 Time taken: 1 seconds
Epoch: 165/200 Train accuracy: 7.03363e-01 Validation accuracy: 6.99000e-01 Loss 1.05254e-02 Time taken: 1 seconds
Epoch: 166/200 Train accuracy: 7.04076e-01 Validation accuracy: 7.01667e-01 Loss 1.05266e-02 Time taken: 1 seconds
Epoch: 167/200 Train accuracy: 7.05073e-01 Validation accuracy: 7.00000e-01 Loss 1.05227e-02 Time taken: 1 seconds
Epoch: 168/200 Train accuracy: 7.06000e-01 Validation accuracy: 7.00667e-01 Loss 1.05229e-02 Time taken: 1 seconds
Epoch: 169/200 Train accuracy: 7.05572e-01 Validation accuracy: 6.99667e-01 Loss 1.05237e-02 Time taken: 1 seconds
Epoch: 170/200 Train accuracy: 7.06000e-01 Validation accuracy: 7.01333e-01 Loss 1.05235e-02 Time taken: 1 seconds
Epoch: 171/200 Train accuracy: 7.04931e-01 Validation accuracy: 6.99000e-01 Loss 1.05251e-02 Time taken: 1 seconds
Epoch: 172/200 Train accuracy: 7.05145e-01 Validation accuracy: 7.03000e-01 Loss 1.05200e-02 Time taken: 1 seconds
Epoch: 173/200 Train accuracy: 7.05430e-01 Validation accuracy: 7.00333e-01 Loss 1.05200e-02 Time taken: 1 seconds
Epoch: 174/200 Train accuracy: 7.06071e-01 Validation accuracy: 7.02667e-01 Loss 1.05204e-02 Time taken: 1 seconds
Epoch: 175/200 Train accuracy: 7.04290e-01 Validation accuracy: 7.04000e-01 Loss 1.05248e-02 Time taken: 1 seconds
Epoch: 176/200 Train accuracy: 7.07140e-01 Validation accuracy: 7.00333e-01 Loss 1.05176e-02 Time taken: 1 seconds
Epoch: 177/200 Train accuracy: 7.06071e-01 Validation accuracy: 7.04000e-01 Loss 1.05178e-02 Time taken: 1 seconds
Epoch: 178/200 Train accuracy: 7.04290e-01 Validation accuracy: 6.99333e-01 Loss 1.05189e-02 Time taken: 1 seconds
Epoch: 179/200 Train accuracy: 7.05358e-01 Validation accuracy: 7.04333e-01 Loss 1.05183e-02 Time taken: 1 seconds
Epoch: 180/200 Train accuracy: 7.06285e-01 Validation accuracy: 7.03000e-01 Loss 1.05155e-02 Time taken: 1 seconds
Epoch: 181/200 Train accuracy: 7.06926e-01 Validation accuracy: 7.00333e-01 Loss 1.05189e-02 Time taken: 1 seconds
Epoch: 182/200 Train accuracy: 7.06285e-01 Validation accuracy: 7.03000e-01 Loss 1.05179e-02 Time taken: 1 seconds
Epoch: 183/200 Train accuracy: 7.06499e-01 Validation accuracy: 7.05000e-01 Loss 1.05166e-02 Time taken: 1 seconds
Epoch: 184/200 Train accuracy: 7.06142e-01 Validation accuracy: 7.00667e-01 Loss 1.05166e-02 Time taken: 1 seconds
Epoch: 185/200 Train accuracy: 7.06855e-01 Validation accuracy: 7.04000e-01 Loss 1.05139e-02 Time taken: 1 seconds
Epoch: 186/200 Train accuracy: 7.06071e-01 Validation accuracy: 7.05333e-01 Loss 1.05132e-02 Time taken: 1 seconds
Epoch: 187/200 Train accuracy: 7.08565e-01 Validation accuracy: 7.04333e-01 Loss 1.05133e-02 Time taken: 1 seconds
Epoch: 188/200 Train accuracy: 7.06926e-01 Validation accuracy: 7.00333e-01 Loss 1.05128e-02 Time taken: 1 seconds
Epoch: 189/200 Train accuracy: 7.06213e-01 Validation accuracy: 7.02667e-01 Loss 1.05127e-02 Time taken: 1 seconds
Epoch: 190/200 Train accuracy: 7.07639e-01 Validation accuracy: 7.07000e-01 Loss 1.05107e-02 Time taken: 1 seconds
Epoch: 191/200 Train accuracy: 7.07567e-01 Validation accuracy: 7.03333e-01 Loss 1.05146e-02 Time taken: 1 seconds
Epoch: 192/200 Train accuracy: 7.05572e-01 Validation accuracy: 7.07000e-01 Loss 1.05132e-02 Time taken: 1 seconds
Epoch: 193/200 Train accuracy: 7.05786e-01 Validation accuracy: 7.03667e-01 Loss 1.05152e-02 Time taken: 1 seconds
Epoch: 194/200 Train accuracy: 7.06213e-01 Validation accuracy: 7.05333e-01 Loss 1.05097e-02 Time taken: 1 seconds
Epoch: 195/200 Train accuracy: 7.07069e-01 Validation accuracy: 7.00333e-01 Loss 1.05106e-02 Time taken: 1 seconds
Epoch: 196/200 Train accuracy: 7.05857e-01 Validation accuracy: 7.05000e-01 Loss 1.05125e-02 Time taken: 1 seconds
Epoch: 197/200 Train accuracy: 7.07496e-01 Validation accuracy: 7.00667e-01 Loss 1.05087e-02 Time taken: 1 seconds
Epoch: 198/200 Train accuracy: 7.06000e-01 Validation accuracy: 7.03333e-01 Loss 1.05111e-02 Time taken: 1 seconds
Epoch: 199/200 Train accuracy: 7.06000e-01 Validation accuracy: 7.01333e-01 Loss 1.05093e-02 Time taken: 1 seconds
Epoch: 200/200 Train accuracy: 7.07781e-01 Validation accuracy: 7.03000e-01 Loss 1.05050e-02 Time taken: 1 seconds
Total time taken 0:05:01.752279
Cleaning up intermediate feature (.pt) files
Done


