Directory classifiers/jepa-iic-PKT-seed-10-classifier-pretrained-vitb-normalized-ep400 for saving the classifiers is now present
VisionTransformer(
  (patch_embed): PatchEmbed(
    (proj): Conv2d(3, 768, kernel_size=(15, 15), stride=(15, 15))
  )
  (blocks): ModuleList(
    (0-11): 12 x Block(
      (norm1): LayerNorm((768,), eps=1e-06, elementwise_affine=True)
      (attn): Attention(
        (qkv): Linear(in_features=768, out_features=2304, bias=True)
        (attn_drop): Dropout(p=0.0, inplace=False)
        (proj): Linear(in_features=768, out_features=768, bias=True)
        (proj_drop): Dropout(p=0.0, inplace=False)
      )
      (drop_path): Identity()
      (norm2): LayerNorm((768,), eps=1e-06, elementwise_affine=True)
      (mlp): MLP(
        (fc1): Linear(in_features=768, out_features=3072, bias=True)
        (act): GELU(approximate='none')
        (fc2): Linear(in_features=3072, out_features=768, bias=True)
        (drop): Dropout(p=0.0, inplace=False)
      )
    )
  )
  (norm): LayerNorm((768,), eps=1e-06, elementwise_affine=True)
)
Extracting features and saving them locally..
Epoch: 1/200 Train accuracy: 3.91905e-01 Validation accuracy: 4.92000e-01 Loss 1.29734e-02 Time taken: 2.11 seconds 
Epoch: 2/200 Train accuracy: 5.31067e-01 Validation accuracy: 5.93000e-01 Loss 1.19257e-02 Time taken: 2.04 seconds 
Epoch: 3/200 Train accuracy: 5.97976e-01 Validation accuracy: 6.17000e-01 Loss 1.14622e-02 Time taken: 2.22 seconds 
Epoch: 4/200 Train accuracy: 6.11942e-01 Validation accuracy: 6.23000e-01 Loss 1.13104e-02 Time taken: 2.14 seconds 
Epoch: 5/200 Train accuracy: 6.19994e-01 Validation accuracy: 6.33000e-01 Loss 1.12244e-02 Time taken: 2.21 seconds 
Epoch: 6/200 Train accuracy: 6.30469e-01 Validation accuracy: 6.41667e-01 Loss 1.11489e-02 Time taken: 2.24 seconds 
Epoch: 7/200 Train accuracy: 6.37951e-01 Validation accuracy: 6.48333e-01 Loss 1.10969e-02 Time taken: 2.13 seconds 
Epoch: 8/200 Train accuracy: 6.38877e-01 Validation accuracy: 6.51333e-01 Loss 1.10591e-02 Time taken: 2.26 seconds 
Epoch: 9/200 Train accuracy: 6.45290e-01 Validation accuracy: 6.54000e-01 Loss 1.10232e-02 Time taken: 2.17 seconds 
Epoch: 10/200 Train accuracy: 6.45646e-01 Validation accuracy: 6.58667e-01 Loss 1.10028e-02 Time taken: 2.26 seconds 
Epoch: 11/200 Train accuracy: 6.48283e-01 Validation accuracy: 6.58000e-01 Loss 1.09851e-02 Time taken: 2.40 seconds 
Epoch: 12/200 Train accuracy: 6.52344e-01 Validation accuracy: 6.66667e-01 Loss 1.09612e-02 Time taken: 2.12 seconds 
Epoch: 13/200 Train accuracy: 6.55052e-01 Validation accuracy: 6.64333e-01 Loss 1.09303e-02 Time taken: 2.37 seconds 
Epoch: 14/200 Train accuracy: 6.55622e-01 Validation accuracy: 6.73000e-01 Loss 1.09198e-02 Time taken: 2.35 seconds 
Epoch: 15/200 Train accuracy: 6.56477e-01 Validation accuracy: 6.74000e-01 Loss 1.09116e-02 Time taken: 2.29 seconds 
Epoch: 16/200 Train accuracy: 6.55123e-01 Validation accuracy: 6.71667e-01 Loss 1.09074e-02 Time taken: 2.35 seconds 
Epoch: 17/200 Train accuracy: 6.57332e-01 Validation accuracy: 6.71000e-01 Loss 1.09005e-02 Time taken: 2.36 seconds 
Epoch: 18/200 Train accuracy: 6.57403e-01 Validation accuracy: 6.71333e-01 Loss 1.08951e-02 Time taken: 2.13 seconds 
Epoch: 19/200 Train accuracy: 6.59612e-01 Validation accuracy: 6.70333e-01 Loss 1.08729e-02 Time taken: 2.06 seconds 
Epoch: 20/200 Train accuracy: 6.61037e-01 Validation accuracy: 6.76333e-01 Loss 1.08701e-02 Time taken: 2.14 seconds 
Epoch: 21/200 Train accuracy: 6.62391e-01 Validation accuracy: 6.75667e-01 Loss 1.08640e-02 Time taken: 2.31 seconds 
Epoch: 22/200 Train accuracy: 6.62605e-01 Validation accuracy: 6.73667e-01 Loss 1.08508e-02 Time taken: 2.39 seconds 
Epoch: 23/200 Train accuracy: 6.63246e-01 Validation accuracy: 6.79333e-01 Loss 1.08394e-02 Time taken: 2.36 seconds 
Epoch: 24/200 Train accuracy: 6.63389e-01 Validation accuracy: 6.77333e-01 Loss 1.08446e-02 Time taken: 2.42 seconds 
Epoch: 25/200 Train accuracy: 6.63745e-01 Validation accuracy: 6.78333e-01 Loss 1.08386e-02 Time taken: 2.19 seconds 
Epoch: 26/200 Train accuracy: 6.69232e-01 Validation accuracy: 6.77667e-01 Loss 1.08112e-02 Time taken: 2.14 seconds 
Epoch: 27/200 Train accuracy: 6.66595e-01 Validation accuracy: 6.72667e-01 Loss 1.08169e-02 Time taken: 2.35 seconds 
Epoch: 28/200 Train accuracy: 6.67379e-01 Validation accuracy: 6.71000e-01 Loss 1.08153e-02 Time taken: 2.32 seconds 
Epoch: 29/200 Train accuracy: 6.69659e-01 Validation accuracy: 6.78333e-01 Loss 1.08010e-02 Time taken: 2.08 seconds 
Epoch: 30/200 Train accuracy: 6.68733e-01 Validation accuracy: 6.81667e-01 Loss 1.07975e-02 Time taken: 2.34 seconds 
Epoch: 31/200 Train accuracy: 6.69089e-01 Validation accuracy: 6.84667e-01 Loss 1.07865e-02 Time taken: 2.25 seconds 
Epoch: 32/200 Train accuracy: 6.70443e-01 Validation accuracy: 6.81667e-01 Loss 1.08041e-02 Time taken: 2.19 seconds 
Epoch: 33/200 Train accuracy: 6.68662e-01 Validation accuracy: 6.78333e-01 Loss 1.07992e-02 Time taken: 2.45 seconds 
Epoch: 34/200 Train accuracy: 6.69944e-01 Validation accuracy: 6.88667e-01 Loss 1.07948e-02 Time taken: 2.27 seconds 
Epoch: 35/200 Train accuracy: 6.72652e-01 Validation accuracy: 6.84667e-01 Loss 1.07818e-02 Time taken: 2.07 seconds 
Epoch: 36/200 Train accuracy: 6.71370e-01 Validation accuracy: 6.78667e-01 Loss 1.07765e-02 Time taken: 2.37 seconds 
Epoch: 37/200 Train accuracy: 6.73935e-01 Validation accuracy: 6.79667e-01 Loss 1.07758e-02 Time taken: 1.75 seconds 
Epoch: 38/200 Train accuracy: 6.70586e-01 Validation accuracy: 6.81667e-01 Loss 1.07716e-02 Time taken: 1.68 seconds 
Epoch: 39/200 Train accuracy: 6.72581e-01 Validation accuracy: 6.86333e-01 Loss 1.07641e-02 Time taken: 1.57 seconds 
Epoch: 40/200 Train accuracy: 6.73222e-01 Validation accuracy: 6.82000e-01 Loss 1.07524e-02 Time taken: 1.57 seconds 
Epoch: 41/200 Train accuracy: 6.72510e-01 Validation accuracy: 6.80333e-01 Loss 1.07588e-02 Time taken: 1.56 seconds 
Epoch: 42/200 Train accuracy: 6.71370e-01 Validation accuracy: 6.84000e-01 Loss 1.07678e-02 Time taken: 1.57 seconds 
Epoch: 43/200 Train accuracy: 6.75217e-01 Validation accuracy: 6.87667e-01 Loss 1.07679e-02 Time taken: 1.57 seconds 
Epoch: 44/200 Train accuracy: 6.79991e-01 Validation accuracy: 6.87333e-01 Loss 1.07501e-02 Time taken: 1.60 seconds 
Epoch: 45/200 Train accuracy: 6.73222e-01 Validation accuracy: 6.86333e-01 Loss 1.07600e-02 Time taken: 1.59 seconds 
Epoch: 46/200 Train accuracy: 6.76001e-01 Validation accuracy: 6.86333e-01 Loss 1.07445e-02 Time taken: 1.61 seconds 
Epoch: 47/200 Train accuracy: 6.76500e-01 Validation accuracy: 6.86667e-01 Loss 1.07371e-02 Time taken: 1.59 seconds 
Epoch: 48/200 Train accuracy: 6.75289e-01 Validation accuracy: 6.85000e-01 Loss 1.07387e-02 Time taken: 1.59 seconds 
Epoch: 49/200 Train accuracy: 6.73721e-01 Validation accuracy: 6.86000e-01 Loss 1.07384e-02 Time taken: 1.59 seconds 
Epoch: 50/200 Train accuracy: 6.74647e-01 Validation accuracy: 6.88333e-01 Loss 1.07432e-02 Time taken: 1.67 seconds 
Epoch: 51/200 Train accuracy: 6.76286e-01 Validation accuracy: 6.86667e-01 Loss 1.07317e-02 Time taken: 1.59 seconds 
Epoch: 52/200 Train accuracy: 6.75075e-01 Validation accuracy: 6.85000e-01 Loss 1.07334e-02 Time taken: 1.61 seconds 
Epoch: 53/200 Train accuracy: 6.73863e-01 Validation accuracy: 6.82667e-01 Loss 1.07387e-02 Time taken: 1.58 seconds 
Epoch: 54/200 Train accuracy: 6.76571e-01 Validation accuracy: 6.86333e-01 Loss 1.07416e-02 Time taken: 1.61 seconds 
Epoch: 55/200 Train accuracy: 6.73792e-01 Validation accuracy: 6.90333e-01 Loss 1.07486e-02 Time taken: 1.59 seconds 
Epoch: 56/200 Train accuracy: 6.77996e-01 Validation accuracy: 6.91667e-01 Loss 1.07234e-02 Time taken: 1.68 seconds 
Epoch: 57/200 Train accuracy: 6.79350e-01 Validation accuracy: 6.91333e-01 Loss 1.07283e-02 Time taken: 1.58 seconds 
Epoch: 58/200 Train accuracy: 6.76215e-01 Validation accuracy: 6.90667e-01 Loss 1.07186e-02 Time taken: 1.66 seconds 
Epoch: 59/200 Train accuracy: 6.75360e-01 Validation accuracy: 6.87667e-01 Loss 1.07231e-02 Time taken: 1.64 seconds 
Epoch: 60/200 Train accuracy: 6.79778e-01 Validation accuracy: 6.87333e-01 Loss 1.07189e-02 Time taken: 1.59 seconds 
Epoch: 61/200 Train accuracy: 6.77070e-01 Validation accuracy: 6.90333e-01 Loss 1.07224e-02 Time taken: 1.59 seconds 
Epoch: 62/200 Train accuracy: 6.74148e-01 Validation accuracy: 6.88000e-01 Loss 1.07261e-02 Time taken: 1.62 seconds 
Epoch: 63/200 Train accuracy: 6.71227e-01 Validation accuracy: 6.86000e-01 Loss 1.07414e-02 Time taken: 1.62 seconds 
Epoch: 64/200 Train accuracy: 6.79991e-01 Validation accuracy: 6.90667e-01 Loss 1.07159e-02 Time taken: 1.63 seconds 
Epoch: 65/200 Train accuracy: 6.77498e-01 Validation accuracy: 6.88333e-01 Loss 1.07186e-02 Time taken: 1.62 seconds 
Epoch: 66/200 Train accuracy: 6.77498e-01 Validation accuracy: 6.89333e-01 Loss 1.07140e-02 Time taken: 1.63 seconds 
Epoch: 67/200 Train accuracy: 6.74576e-01 Validation accuracy: 6.86667e-01 Loss 1.07252e-02 Time taken: 1.63 seconds 
Epoch: 68/200 Train accuracy: 6.77783e-01 Validation accuracy: 6.89333e-01 Loss 1.07167e-02 Time taken: 1.60 seconds 
Epoch: 69/200 Train accuracy: 6.79421e-01 Validation accuracy: 6.91667e-01 Loss 1.07055e-02 Time taken: 1.59 seconds 
Epoch: 70/200 Train accuracy: 6.81417e-01 Validation accuracy: 6.87000e-01 Loss 1.06981e-02 Time taken: 1.62 seconds 
Epoch: 71/200 Train accuracy: 6.79136e-01 Validation accuracy: 6.86333e-01 Loss 1.07083e-02 Time taken: 1.84 seconds 
Epoch: 72/200 Train accuracy: 6.79208e-01 Validation accuracy: 6.83333e-01 Loss 1.07078e-02 Time taken: 1.62 seconds 
Epoch: 73/200 Train accuracy: 6.77640e-01 Validation accuracy: 6.86667e-01 Loss 1.07123e-02 Time taken: 1.67 seconds 
Epoch: 74/200 Train accuracy: 6.78709e-01 Validation accuracy: 6.90667e-01 Loss 1.07076e-02 Time taken: 1.60 seconds 
Epoch: 75/200 Train accuracy: 6.79065e-01 Validation accuracy: 6.88333e-01 Loss 1.07075e-02 Time taken: 1.59 seconds 
Epoch: 76/200 Train accuracy: 6.76927e-01 Validation accuracy: 6.93333e-01 Loss 1.06999e-02 Time taken: 1.58 seconds 
Epoch: 77/200 Train accuracy: 6.79279e-01 Validation accuracy: 6.88333e-01 Loss 1.06955e-02 Time taken: 1.59 seconds 
Epoch: 78/200 Train accuracy: 6.79991e-01 Validation accuracy: 6.88667e-01 Loss 1.06948e-02 Time taken: 1.62 seconds 
Epoch: 79/200 Train accuracy: 6.83269e-01 Validation accuracy: 6.85667e-01 Loss 1.06880e-02 Time taken: 1.67 seconds 
Epoch: 80/200 Train accuracy: 6.78495e-01 Validation accuracy: 6.88333e-01 Loss 1.07092e-02 Time taken: 1.72 seconds 
Epoch: 81/200 Train accuracy: 6.77355e-01 Validation accuracy: 6.89667e-01 Loss 1.07066e-02 Time taken: 1.91 seconds 
Epoch: 82/200 Train accuracy: 6.78638e-01 Validation accuracy: 6.92667e-01 Loss 1.06976e-02 Time taken: 2.12 seconds 
Epoch: 83/200 Train accuracy: 6.78709e-01 Validation accuracy: 6.87000e-01 Loss 1.06994e-02 Time taken: 2.14 seconds 
Epoch: 84/200 Train accuracy: 6.80775e-01 Validation accuracy: 6.86667e-01 Loss 1.06876e-02 Time taken: 2.24 seconds 
Epoch: 85/200 Train accuracy: 6.80134e-01 Validation accuracy: 6.90000e-01 Loss 1.06938e-02 Time taken: 2.23 seconds 
Epoch: 86/200 Train accuracy: 6.82485e-01 Validation accuracy: 6.85000e-01 Loss 1.06811e-02 Time taken: 2.29 seconds 
Epoch: 87/200 Train accuracy: 6.78638e-01 Validation accuracy: 6.92667e-01 Loss 1.06980e-02 Time taken: 2.13 seconds 
Epoch: 88/200 Train accuracy: 6.81773e-01 Validation accuracy: 6.89333e-01 Loss 1.06834e-02 Time taken: 2.34 seconds 
Epoch: 89/200 Train accuracy: 6.79778e-01 Validation accuracy: 6.86333e-01 Loss 1.07017e-02 Time taken: 2.14 seconds 
Epoch: 90/200 Train accuracy: 6.83198e-01 Validation accuracy: 6.90667e-01 Loss 1.06741e-02 Time taken: 2.29 seconds 
Epoch: 91/200 Train accuracy: 6.84267e-01 Validation accuracy: 6.89000e-01 Loss 1.06733e-02 Time taken: 2.34 seconds 
Epoch: 92/200 Train accuracy: 6.82842e-01 Validation accuracy: 6.89333e-01 Loss 1.06792e-02 Time taken: 2.40 seconds 
Epoch: 93/200 Train accuracy: 6.80419e-01 Validation accuracy: 6.89667e-01 Loss 1.06896e-02 Time taken: 2.13 seconds 
Epoch: 94/200 Train accuracy: 6.81345e-01 Validation accuracy: 6.94667e-01 Loss 1.06865e-02 Time taken: 2.05 seconds 
Epoch: 95/200 Train accuracy: 6.80633e-01 Validation accuracy: 6.87333e-01 Loss 1.06916e-02 Time taken: 2.19 seconds 
Epoch: 96/200 Train accuracy: 6.83198e-01 Validation accuracy: 6.92333e-01 Loss 1.06734e-02 Time taken: 2.24 seconds 
Epoch: 97/200 Train accuracy: 6.83269e-01 Validation accuracy: 6.92667e-01 Loss 1.06752e-02 Time taken: 2.08 seconds 
Epoch: 98/200 Train accuracy: 6.81915e-01 Validation accuracy: 6.90000e-01 Loss 1.06741e-02 Time taken: 2.22 seconds 
Epoch: 99/200 Train accuracy: 6.86547e-01 Validation accuracy: 6.88000e-01 Loss 1.06673e-02 Time taken: 2.36 seconds 
Epoch: 100/200 Train accuracy: 6.83839e-01 Validation accuracy: 6.89667e-01 Loss 1.06692e-02 Time taken: 2.48 seconds 
Epoch: 101/200 Train accuracy: 6.78851e-01 Validation accuracy: 6.89667e-01 Loss 1.06846e-02 Time taken: 2.28 seconds 
Epoch: 102/200 Train accuracy: 6.80704e-01 Validation accuracy: 6.87667e-01 Loss 1.06891e-02 Time taken: 2.38 seconds 
Epoch: 103/200 Train accuracy: 6.83055e-01 Validation accuracy: 6.86667e-01 Loss 1.06711e-02 Time taken: 2.04 seconds 
Epoch: 104/200 Train accuracy: 6.81274e-01 Validation accuracy: 6.90667e-01 Loss 1.06823e-02 Time taken: 2.22 seconds 
Epoch: 105/200 Train accuracy: 6.80348e-01 Validation accuracy: 6.89333e-01 Loss 1.06915e-02 Time taken: 2.25 seconds 
Epoch: 106/200 Train accuracy: 6.79920e-01 Validation accuracy: 6.89333e-01 Loss 1.06941e-02 Time taken: 2.32 seconds 
Epoch: 107/200 Train accuracy: 6.84694e-01 Validation accuracy: 6.91333e-01 Loss 1.06590e-02 Time taken: 2.23 seconds 
Epoch: 108/200 Train accuracy: 6.82129e-01 Validation accuracy: 6.90333e-01 Loss 1.06737e-02 Time taken: 1.99 seconds 
Epoch: 109/200 Train accuracy: 6.84196e-01 Validation accuracy: 6.91000e-01 Loss 1.06706e-02 Time taken: 2.31 seconds 
Epoch: 110/200 Train accuracy: 6.85336e-01 Validation accuracy: 6.91333e-01 Loss 1.06578e-02 Time taken: 2.17 seconds 
Epoch: 111/200 Train accuracy: 6.81773e-01 Validation accuracy: 6.83333e-01 Loss 1.06755e-02 Time taken: 2.20 seconds 
Epoch: 112/200 Train accuracy: 6.80775e-01 Validation accuracy: 6.92000e-01 Loss 1.06874e-02 Time taken: 2.27 seconds 
Epoch: 113/200 Train accuracy: 6.80775e-01 Validation accuracy: 6.87667e-01 Loss 1.06752e-02 Time taken: 2.10 seconds 
Epoch: 114/200 Train accuracy: 6.82058e-01 Validation accuracy: 6.85333e-01 Loss 1.06618e-02 Time taken: 2.02 seconds 
Epoch: 115/200 Train accuracy: 6.82200e-01 Validation accuracy: 6.88667e-01 Loss 1.06703e-02 Time taken: 2.10 seconds 
Epoch: 116/200 Train accuracy: 6.82770e-01 Validation accuracy: 6.89667e-01 Loss 1.06773e-02 Time taken: 2.34 seconds 
Epoch: 117/200 Train accuracy: 6.84053e-01 Validation accuracy: 6.95000e-01 Loss 1.06537e-02 Time taken: 2.16 seconds 
Epoch: 118/200 Train accuracy: 6.83839e-01 Validation accuracy: 6.94667e-01 Loss 1.06623e-02 Time taken: 2.36 seconds 
Epoch: 119/200 Train accuracy: 6.83483e-01 Validation accuracy: 6.89667e-01 Loss 1.06647e-02 Time taken: 2.12 seconds 
Epoch: 120/200 Train accuracy: 6.83839e-01 Validation accuracy: 6.94000e-01 Loss 1.06531e-02 Time taken: 2.18 seconds 
Epoch: 121/200 Train accuracy: 6.83127e-01 Validation accuracy: 6.87333e-01 Loss 1.06689e-02 Time taken: 2.20 seconds 
Epoch: 122/200 Train accuracy: 6.82842e-01 Validation accuracy: 6.89333e-01 Loss 1.06648e-02 Time taken: 2.14 seconds 
Epoch: 123/200 Train accuracy: 6.83483e-01 Validation accuracy: 6.91667e-01 Loss 1.06671e-02 Time taken: 1.98 seconds 
Epoch: 124/200 Train accuracy: 6.85763e-01 Validation accuracy: 6.86667e-01 Loss 1.06505e-02 Time taken: 2.22 seconds 
Epoch: 125/200 Train accuracy: 6.83198e-01 Validation accuracy: 6.91000e-01 Loss 1.06688e-02 Time taken: 2.23 seconds 
Epoch: 126/200 Train accuracy: 6.84481e-01 Validation accuracy: 6.94000e-01 Loss 1.06598e-02 Time taken: 2.32 seconds 
Epoch: 127/200 Train accuracy: 6.84979e-01 Validation accuracy: 6.94667e-01 Loss 1.06547e-02 Time taken: 2.31 seconds 
Epoch: 128/200 Train accuracy: 6.83839e-01 Validation accuracy: 6.92000e-01 Loss 1.06718e-02 Time taken: 2.15 seconds 
Epoch: 129/200 Train accuracy: 6.83127e-01 Validation accuracy: 6.95667e-01 Loss 1.06662e-02 Time taken: 2.22 seconds 
Epoch: 130/200 Train accuracy: 6.84766e-01 Validation accuracy: 6.90333e-01 Loss 1.06662e-02 Time taken: 2.07 seconds 
Epoch: 131/200 Train accuracy: 6.87331e-01 Validation accuracy: 6.93667e-01 Loss 1.06474e-02 Time taken: 2.09 seconds 
Epoch: 132/200 Train accuracy: 6.84196e-01 Validation accuracy: 6.93667e-01 Loss 1.06503e-02 Time taken: 2.13 seconds 
Epoch: 133/200 Train accuracy: 6.83982e-01 Validation accuracy: 6.91667e-01 Loss 1.06590e-02 Time taken: 2.22 seconds 
Epoch: 134/200 Train accuracy: 6.83554e-01 Validation accuracy: 6.87667e-01 Loss 1.06678e-02 Time taken: 2.17 seconds 
Epoch: 135/200 Train accuracy: 6.80989e-01 Validation accuracy: 6.89333e-01 Loss 1.06752e-02 Time taken: 2.29 seconds 
Epoch: 136/200 Train accuracy: 6.82414e-01 Validation accuracy: 6.88333e-01 Loss 1.06611e-02 Time taken: 2.26 seconds 
Epoch: 137/200 Train accuracy: 6.85336e-01 Validation accuracy: 6.92333e-01 Loss 1.06602e-02 Time taken: 2.19 seconds 
Epoch: 138/200 Train accuracy: 6.84196e-01 Validation accuracy: 6.91333e-01 Loss 1.06633e-02 Time taken: 2.16 seconds 
Epoch: 139/200 Train accuracy: 6.83483e-01 Validation accuracy: 6.91667e-01 Loss 1.06650e-02 Time taken: 2.27 seconds 
Epoch: 140/200 Train accuracy: 6.85692e-01 Validation accuracy: 6.86667e-01 Loss 1.06463e-02 Time taken: 2.35 seconds 
Epoch: 141/200 Train accuracy: 6.81417e-01 Validation accuracy: 6.92000e-01 Loss 1.06813e-02 Time taken: 2.19 seconds 
Epoch: 142/200 Train accuracy: 6.83625e-01 Validation accuracy: 6.94000e-01 Loss 1.06553e-02 Time taken: 2.20 seconds 
Epoch: 143/200 Train accuracy: 6.84196e-01 Validation accuracy: 6.93000e-01 Loss 1.06643e-02 Time taken: 2.19 seconds 
Epoch: 144/200 Train accuracy: 6.81702e-01 Validation accuracy: 6.92000e-01 Loss 1.06669e-02 Time taken: 2.36 seconds 
Epoch: 145/200 Train accuracy: 6.82842e-01 Validation accuracy: 6.92667e-01 Loss 1.06588e-02 Time taken: 2.08 seconds 
Epoch: 146/200 Train accuracy: 6.83625e-01 Validation accuracy: 6.91000e-01 Loss 1.06570e-02 Time taken: 2.03 seconds 
Epoch: 147/200 Train accuracy: 6.82913e-01 Validation accuracy: 6.93000e-01 Loss 1.06564e-02 Time taken: 2.26 seconds 
Epoch: 148/200 Train accuracy: 6.84267e-01 Validation accuracy: 6.91667e-01 Loss 1.06652e-02 Time taken: 1.98 seconds 
Epoch: 149/200 Train accuracy: 6.82842e-01 Validation accuracy: 6.89000e-01 Loss 1.06689e-02 Time taken: 2.04 seconds 
Epoch: 150/200 Train accuracy: 6.82699e-01 Validation accuracy: 6.90333e-01 Loss 1.06595e-02 Time taken: 2.22 seconds 
Epoch: 151/200 Train accuracy: 6.84124e-01 Validation accuracy: 6.87667e-01 Loss 1.06624e-02 Time taken: 2.25 seconds 
Epoch: 152/200 Train accuracy: 6.85193e-01 Validation accuracy: 6.94667e-01 Loss 1.06531e-02 Time taken: 2.17 seconds 
Epoch: 153/200 Train accuracy: 6.83127e-01 Validation accuracy: 6.93000e-01 Loss 1.06490e-02 Time taken: 2.08 seconds 
Epoch: 154/200 Train accuracy: 6.82984e-01 Validation accuracy: 6.88000e-01 Loss 1.06629e-02 Time taken: 2.15 seconds 
Epoch: 155/200 Train accuracy: 6.83911e-01 Validation accuracy: 6.91000e-01 Loss 1.06501e-02 Time taken: 2.24 seconds 
Epoch: 156/200 Train accuracy: 6.81987e-01 Validation accuracy: 6.90667e-01 Loss 1.06657e-02 Time taken: 2.05 seconds 
Epoch: 157/200 Train accuracy: 6.87616e-01 Validation accuracy: 6.90667e-01 Loss 1.06429e-02 Time taken: 2.14 seconds 
Epoch: 158/200 Train accuracy: 6.86476e-01 Validation accuracy: 6.91333e-01 Loss 1.06501e-02 Time taken: 2.21 seconds 
Epoch: 159/200 Train accuracy: 6.85763e-01 Validation accuracy: 6.92000e-01 Loss 1.06553e-02 Time taken: 2.11 seconds 
Epoch: 160/200 Train accuracy: 6.87901e-01 Validation accuracy: 6.88000e-01 Loss 1.06347e-02 Time taken: 2.10 seconds 
Epoch: 161/200 Train accuracy: 6.87545e-01 Validation accuracy: 6.91667e-01 Loss 1.06428e-02 Time taken: 2.31 seconds 
Epoch: 162/200 Train accuracy: 6.82842e-01 Validation accuracy: 6.90333e-01 Loss 1.06658e-02 Time taken: 2.37 seconds 
Epoch: 163/200 Train accuracy: 6.84267e-01 Validation accuracy: 6.91667e-01 Loss 1.06547e-02 Time taken: 2.25 seconds 
Epoch: 164/200 Train accuracy: 6.85549e-01 Validation accuracy: 6.88667e-01 Loss 1.06402e-02 Time taken: 2.17 seconds 
Epoch: 165/200 Train accuracy: 6.82984e-01 Validation accuracy: 6.92667e-01 Loss 1.06495e-02 Time taken: 2.34 seconds 
Epoch: 166/200 Train accuracy: 6.85692e-01 Validation accuracy: 6.91333e-01 Loss 1.06512e-02 Time taken: 2.23 seconds 
Epoch: 167/200 Train accuracy: 6.83982e-01 Validation accuracy: 6.92333e-01 Loss 1.06413e-02 Time taken: 2.05 seconds 
Epoch: 168/200 Train accuracy: 6.84766e-01 Validation accuracy: 6.94000e-01 Loss 1.06505e-02 Time taken: 2.21 seconds 
Epoch: 169/200 Train accuracy: 6.84766e-01 Validation accuracy: 6.91000e-01 Loss 1.06515e-02 Time taken: 2.24 seconds 
Epoch: 170/200 Train accuracy: 6.87117e-01 Validation accuracy: 6.94000e-01 Loss 1.06398e-02 Time taken: 2.34 seconds 
Epoch: 171/200 Train accuracy: 6.84552e-01 Validation accuracy: 6.90000e-01 Loss 1.06449e-02 Time taken: 2.32 seconds 
Epoch: 172/200 Train accuracy: 6.84124e-01 Validation accuracy: 6.94000e-01 Loss 1.06465e-02 Time taken: 2.15 seconds 
Epoch: 173/200 Train accuracy: 6.85977e-01 Validation accuracy: 6.94667e-01 Loss 1.06427e-02 Time taken: 2.14 seconds 
Epoch: 174/200 Train accuracy: 6.86476e-01 Validation accuracy: 6.84667e-01 Loss 1.06369e-02 Time taken: 2.17 seconds 
Epoch: 175/200 Train accuracy: 6.82343e-01 Validation accuracy: 6.90000e-01 Loss 1.06480e-02 Time taken: 2.09 seconds 
Epoch: 176/200 Train accuracy: 6.84694e-01 Validation accuracy: 6.95000e-01 Loss 1.06477e-02 Time taken: 2.37 seconds 
Epoch: 177/200 Train accuracy: 6.85336e-01 Validation accuracy: 6.95000e-01 Loss 1.06433e-02 Time taken: 2.33 seconds 
Epoch: 178/200 Train accuracy: 6.87331e-01 Validation accuracy: 6.95333e-01 Loss 1.06439e-02 Time taken: 2.38 seconds 
Epoch: 179/200 Train accuracy: 6.84837e-01 Validation accuracy: 6.92667e-01 Loss 1.06471e-02 Time taken: 2.14 seconds 
Epoch: 180/200 Train accuracy: 6.89326e-01 Validation accuracy: 6.96333e-01 Loss 1.06232e-02 Time taken: 2.19 seconds 
Epoch: 181/200 Train accuracy: 6.85051e-01 Validation accuracy: 6.93667e-01 Loss 1.06623e-02 Time taken: 2.17 seconds 
Epoch: 182/200 Train accuracy: 6.83055e-01 Validation accuracy: 6.90000e-01 Loss 1.06451e-02 Time taken: 2.31 seconds 
Epoch: 183/200 Train accuracy: 6.85977e-01 Validation accuracy: 6.95667e-01 Loss 1.06464e-02 Time taken: 2.23 seconds 
Epoch: 184/200 Train accuracy: 6.86689e-01 Validation accuracy: 6.92000e-01 Loss 1.06375e-02 Time taken: 2.17 seconds 
Epoch: 185/200 Train accuracy: 6.85407e-01 Validation accuracy: 6.92333e-01 Loss 1.06389e-02 Time taken: 2.29 seconds 
Epoch: 186/200 Train accuracy: 6.85763e-01 Validation accuracy: 6.96667e-01 Loss 1.06381e-02 Time taken: 2.11 seconds 
Epoch: 187/200 Train accuracy: 6.86832e-01 Validation accuracy: 6.95000e-01 Loss 1.06420e-02 Time taken: 2.13 seconds 
Epoch: 188/200 Train accuracy: 6.88186e-01 Validation accuracy: 6.90333e-01 Loss 1.06297e-02 Time taken: 2.19 seconds 
Epoch: 189/200 Train accuracy: 6.87260e-01 Validation accuracy: 6.90333e-01 Loss 1.06409e-02 Time taken: 2.32 seconds 
Epoch: 190/200 Train accuracy: 6.84908e-01 Validation accuracy: 6.91000e-01 Loss 1.06534e-02 Time taken: 2.25 seconds 
Epoch: 191/200 Train accuracy: 6.82913e-01 Validation accuracy: 6.91333e-01 Loss 1.06570e-02 Time taken: 2.24 seconds 
Epoch: 192/200 Train accuracy: 6.83697e-01 Validation accuracy: 6.87333e-01 Loss 1.06473e-02 Time taken: 2.31 seconds 
Epoch: 193/200 Train accuracy: 6.86689e-01 Validation accuracy: 6.89000e-01 Loss 1.06395e-02 Time taken: 2.35 seconds 
Epoch: 194/200 Train accuracy: 6.84837e-01 Validation accuracy: 6.94333e-01 Loss 1.06518e-02 Time taken: 2.36 seconds 
Epoch: 195/200 Train accuracy: 6.86476e-01 Validation accuracy: 6.92667e-01 Loss 1.06354e-02 Time taken: 2.31 seconds 
Epoch: 196/200 Train accuracy: 6.88471e-01 Validation accuracy: 6.94667e-01 Loss 1.06370e-02 Time taken: 2.27 seconds 
Epoch: 197/200 Train accuracy: 6.86476e-01 Validation accuracy: 6.95667e-01 Loss 1.06370e-02 Time taken: 2.38 seconds 
Epoch: 198/200 Train accuracy: 6.84623e-01 Validation accuracy: 6.93000e-01 Loss 1.06419e-02 Time taken: 2.38 seconds 
Epoch: 199/200 Train accuracy: 6.87117e-01 Validation accuracy: 6.93333e-01 Loss 1.06409e-02 Time taken: 2.22 seconds 
Epoch: 200/200 Train accuracy: 6.86404e-01 Validation accuracy: 6.91667e-01 Loss 1.06378e-02 Time taken: 2.47 seconds 
Total time taken 0:06:58.877072
Cleaning up intermediate feature (.pt) files
Done


working on file logs_PKT/iic-train-PKT-seed-10/jepa_iic_PKT-ep500.pth.tar ...
