Directory classifiers/jepa-iic-L2-seed-10-classifier-pretrained-vitb-normalized-ep500 for saving the classifiers is now present
VisionTransformer(
  (patch_embed): PatchEmbed(
    (proj): Conv2d(3, 768, kernel_size=(15, 15), stride=(15, 15))
  )
  (blocks): ModuleList(
    (0-11): 12 x Block(
      (norm1): LayerNorm((768,), eps=1e-06, elementwise_affine=True)
      (attn): Attention(
        (qkv): Linear(in_features=768, out_features=2304, bias=True)
        (attn_drop): Dropout(p=0.0, inplace=False)
        (proj): Linear(in_features=768, out_features=768, bias=True)
        (proj_drop): Dropout(p=0.0, inplace=False)
      )
      (drop_path): Identity()
      (norm2): LayerNorm((768,), eps=1e-06, elementwise_affine=True)
      (mlp): MLP(
        (fc1): Linear(in_features=768, out_features=3072, bias=True)
        (act): GELU(approximate='none')
        (fc2): Linear(in_features=3072, out_features=768, bias=True)
        (drop): Dropout(p=0.0, inplace=False)
      )
    )
  )
  (norm): LayerNorm((768,), eps=1e-06, elementwise_affine=True)
)
Extracting features and saving them locally..
Epoch: 1/200 Train accuracy: 3.61907e-01 Validation accuracy: 5.40333e-01 Loss 1.31388e-02 Time taken: 1.52 seconds 
Epoch: 2/200 Train accuracy: 5.51233e-01 Validation accuracy: 5.97000e-01 Loss 1.18395e-02 Time taken: 1.49 seconds 
Epoch: 3/200 Train accuracy: 6.15790e-01 Validation accuracy: 7.00667e-01 Loss 1.13725e-02 Time taken: 1.51 seconds 
Epoch: 4/200 Train accuracy: 6.91677e-01 Validation accuracy: 7.19000e-01 Loss 1.08031e-02 Time taken: 1.51 seconds 
Epoch: 5/200 Train accuracy: 7.14194e-01 Validation accuracy: 7.24667e-01 Loss 1.06215e-02 Time taken: 1.51 seconds 
Epoch: 6/200 Train accuracy: 7.25096e-01 Validation accuracy: 7.32333e-01 Loss 1.05069e-02 Time taken: 1.50 seconds 
Epoch: 7/200 Train accuracy: 7.33077e-01 Validation accuracy: 7.40667e-01 Loss 1.04407e-02 Time taken: 1.51 seconds 
Epoch: 8/200 Train accuracy: 7.37423e-01 Validation accuracy: 7.39667e-01 Loss 1.03993e-02 Time taken: 1.52 seconds 
Epoch: 9/200 Train accuracy: 7.37637e-01 Validation accuracy: 7.46667e-01 Loss 1.03563e-02 Time taken: 1.51 seconds 
Epoch: 10/200 Train accuracy: 7.42839e-01 Validation accuracy: 7.47667e-01 Loss 1.03264e-02 Time taken: 1.54 seconds 
Epoch: 11/200 Train accuracy: 7.48254e-01 Validation accuracy: 7.48667e-01 Loss 1.02850e-02 Time taken: 1.51 seconds 
Epoch: 12/200 Train accuracy: 7.48611e-01 Validation accuracy: 7.51667e-01 Loss 1.02789e-02 Time taken: 1.51 seconds 
Epoch: 13/200 Train accuracy: 7.50392e-01 Validation accuracy: 7.52333e-01 Loss 1.02566e-02 Time taken: 1.50 seconds 
Epoch: 14/200 Train accuracy: 7.50107e-01 Validation accuracy: 7.53667e-01 Loss 1.02415e-02 Time taken: 1.51 seconds 
Epoch: 15/200 Train accuracy: 7.53883e-01 Validation accuracy: 7.57333e-01 Loss 1.02211e-02 Time taken: 1.50 seconds 
Epoch: 16/200 Train accuracy: 7.57660e-01 Validation accuracy: 7.60333e-01 Loss 1.01951e-02 Time taken: 1.50 seconds 
Epoch: 17/200 Train accuracy: 7.56092e-01 Validation accuracy: 7.61000e-01 Loss 1.01973e-02 Time taken: 1.50 seconds 
Epoch: 18/200 Train accuracy: 7.60154e-01 Validation accuracy: 7.58667e-01 Loss 1.01858e-02 Time taken: 1.50 seconds 
Epoch: 19/200 Train accuracy: 7.60724e-01 Validation accuracy: 7.57333e-01 Loss 1.01645e-02 Time taken: 1.50 seconds 
Epoch: 20/200 Train accuracy: 7.57945e-01 Validation accuracy: 7.61667e-01 Loss 1.01588e-02 Time taken: 1.49 seconds 
Epoch: 21/200 Train accuracy: 7.60866e-01 Validation accuracy: 7.59667e-01 Loss 1.01446e-02 Time taken: 1.49 seconds 
Epoch: 22/200 Train accuracy: 7.60581e-01 Validation accuracy: 7.60667e-01 Loss 1.01372e-02 Time taken: 1.51 seconds 
Epoch: 23/200 Train accuracy: 7.62007e-01 Validation accuracy: 7.62000e-01 Loss 1.01281e-02 Time taken: 1.50 seconds 
Epoch: 24/200 Train accuracy: 7.65569e-01 Validation accuracy: 7.62000e-01 Loss 1.01174e-02 Time taken: 1.51 seconds 
Epoch: 25/200 Train accuracy: 7.65427e-01 Validation accuracy: 7.57333e-01 Loss 1.01172e-02 Time taken: 1.50 seconds 
Epoch: 26/200 Train accuracy: 7.63645e-01 Validation accuracy: 7.63667e-01 Loss 1.01036e-02 Time taken: 1.50 seconds 
Epoch: 27/200 Train accuracy: 7.67992e-01 Validation accuracy: 7.61000e-01 Loss 1.00935e-02 Time taken: 1.50 seconds 
Epoch: 28/200 Train accuracy: 7.66496e-01 Validation accuracy: 7.63000e-01 Loss 1.00952e-02 Time taken: 1.50 seconds 
Epoch: 29/200 Train accuracy: 7.68562e-01 Validation accuracy: 7.62667e-01 Loss 1.00790e-02 Time taken: 1.50 seconds 
Epoch: 30/200 Train accuracy: 7.67279e-01 Validation accuracy: 7.64667e-01 Loss 1.00885e-02 Time taken: 1.49 seconds 
Epoch: 31/200 Train accuracy: 7.66781e-01 Validation accuracy: 7.65333e-01 Loss 1.00795e-02 Time taken: 1.50 seconds 
Epoch: 32/200 Train accuracy: 7.67564e-01 Validation accuracy: 7.62333e-01 Loss 1.00685e-02 Time taken: 1.49 seconds 
Epoch: 33/200 Train accuracy: 7.67493e-01 Validation accuracy: 7.64667e-01 Loss 1.00704e-02 Time taken: 1.50 seconds 
Epoch: 34/200 Train accuracy: 7.68420e-01 Validation accuracy: 7.66333e-01 Loss 1.00630e-02 Time taken: 1.50 seconds 
Epoch: 35/200 Train accuracy: 7.67279e-01 Validation accuracy: 7.68333e-01 Loss 1.00683e-02 Time taken: 1.50 seconds 
Epoch: 36/200 Train accuracy: 7.69488e-01 Validation accuracy: 7.63667e-01 Loss 1.00469e-02 Time taken: 1.49 seconds 
Epoch: 37/200 Train accuracy: 7.68135e-01 Validation accuracy: 7.65333e-01 Loss 1.00571e-02 Time taken: 1.50 seconds 
Epoch: 38/200 Train accuracy: 7.70985e-01 Validation accuracy: 7.66000e-01 Loss 1.00398e-02 Time taken: 1.50 seconds 
Epoch: 39/200 Train accuracy: 7.74263e-01 Validation accuracy: 7.65000e-01 Loss 1.00303e-02 Time taken: 1.50 seconds 
Epoch: 40/200 Train accuracy: 7.72410e-01 Validation accuracy: 7.69333e-01 Loss 1.00377e-02 Time taken: 1.49 seconds 
Epoch: 41/200 Train accuracy: 7.71484e-01 Validation accuracy: 7.70667e-01 Loss 1.00430e-02 Time taken: 1.50 seconds 
Epoch: 42/200 Train accuracy: 7.71697e-01 Validation accuracy: 7.70000e-01 Loss 1.00312e-02 Time taken: 1.50 seconds 
Epoch: 43/200 Train accuracy: 7.74334e-01 Validation accuracy: 7.69000e-01 Loss 1.00300e-02 Time taken: 1.49 seconds 
Epoch: 44/200 Train accuracy: 7.74191e-01 Validation accuracy: 7.73000e-01 Loss 1.00155e-02 Time taken: 1.51 seconds 
Epoch: 45/200 Train accuracy: 7.74690e-01 Validation accuracy: 7.71333e-01 Loss 1.00154e-02 Time taken: 1.50 seconds 
Epoch: 46/200 Train accuracy: 7.74975e-01 Validation accuracy: 7.70333e-01 Loss 1.00137e-02 Time taken: 1.49 seconds 
Epoch: 47/200 Train accuracy: 7.76329e-01 Validation accuracy: 7.70667e-01 Loss 1.00041e-02 Time taken: 1.50 seconds 
Epoch: 48/200 Train accuracy: 7.73764e-01 Validation accuracy: 7.71667e-01 Loss 1.00184e-02 Time taken: 1.50 seconds 
Epoch: 49/200 Train accuracy: 7.73336e-01 Validation accuracy: 7.68000e-01 Loss 1.00157e-02 Time taken: 1.51 seconds 
Epoch: 50/200 Train accuracy: 7.73906e-01 Validation accuracy: 7.73667e-01 Loss 1.00014e-02 Time taken: 1.50 seconds 
Epoch: 51/200 Train accuracy: 7.76543e-01 Validation accuracy: 7.72667e-01 Loss 9.99770e-03 Time taken: 1.49 seconds 
Epoch: 52/200 Train accuracy: 7.75260e-01 Validation accuracy: 7.74667e-01 Loss 9.99619e-03 Time taken: 1.50 seconds 
Epoch: 53/200 Train accuracy: 7.78253e-01 Validation accuracy: 7.76000e-01 Loss 9.99003e-03 Time taken: 1.50 seconds 
Epoch: 54/200 Train accuracy: 7.79607e-01 Validation accuracy: 7.73000e-01 Loss 9.98558e-03 Time taken: 1.50 seconds 
Epoch: 55/200 Train accuracy: 7.75118e-01 Validation accuracy: 7.74000e-01 Loss 9.99875e-03 Time taken: 1.51 seconds 
Epoch: 56/200 Train accuracy: 7.79322e-01 Validation accuracy: 7.75000e-01 Loss 9.97737e-03 Time taken: 1.50 seconds 
Epoch: 57/200 Train accuracy: 7.78467e-01 Validation accuracy: 7.75333e-01 Loss 9.98389e-03 Time taken: 1.51 seconds 
Epoch: 58/200 Train accuracy: 7.79250e-01 Validation accuracy: 7.73333e-01 Loss 9.97167e-03 Time taken: 1.50 seconds 
Epoch: 59/200 Train accuracy: 7.77754e-01 Validation accuracy: 7.71333e-01 Loss 9.97865e-03 Time taken: 1.49 seconds 
Epoch: 60/200 Train accuracy: 7.75331e-01 Validation accuracy: 7.78667e-01 Loss 9.98599e-03 Time taken: 1.49 seconds 
Epoch: 61/200 Train accuracy: 7.76471e-01 Validation accuracy: 7.74333e-01 Loss 9.97221e-03 Time taken: 1.49 seconds 
Epoch: 62/200 Train accuracy: 7.74975e-01 Validation accuracy: 7.72333e-01 Loss 9.98382e-03 Time taken: 1.49 seconds 
Epoch: 63/200 Train accuracy: 7.77754e-01 Validation accuracy: 7.68667e-01 Loss 9.98191e-03 Time taken: 1.49 seconds 
Epoch: 64/200 Train accuracy: 7.79963e-01 Validation accuracy: 7.72333e-01 Loss 9.96374e-03 Time taken: 1.50 seconds 
Epoch: 65/200 Train accuracy: 7.79322e-01 Validation accuracy: 7.73000e-01 Loss 9.96673e-03 Time taken: 1.49 seconds 
Epoch: 66/200 Train accuracy: 7.76756e-01 Validation accuracy: 7.75000e-01 Loss 9.97522e-03 Time taken: 1.50 seconds 
Epoch: 67/200 Train accuracy: 7.76115e-01 Validation accuracy: 7.73333e-01 Loss 9.97124e-03 Time taken: 1.50 seconds 
Epoch: 68/200 Train accuracy: 7.78752e-01 Validation accuracy: 7.76667e-01 Loss 9.97429e-03 Time taken: 1.50 seconds 
Epoch: 69/200 Train accuracy: 7.77540e-01 Validation accuracy: 7.73667e-01 Loss 9.95773e-03 Time taken: 1.49 seconds 
Epoch: 70/200 Train accuracy: 7.77469e-01 Validation accuracy: 7.71000e-01 Loss 9.97271e-03 Time taken: 1.49 seconds 
Epoch: 71/200 Train accuracy: 7.80105e-01 Validation accuracy: 7.71333e-01 Loss 9.95848e-03 Time taken: 1.50 seconds 
Epoch: 72/200 Train accuracy: 7.80889e-01 Validation accuracy: 7.73333e-01 Loss 9.96067e-03 Time taken: 1.49 seconds 
Epoch: 73/200 Train accuracy: 7.79678e-01 Validation accuracy: 7.73333e-01 Loss 9.96446e-03 Time taken: 1.49 seconds 
Epoch: 74/200 Train accuracy: 7.81317e-01 Validation accuracy: 7.74667e-01 Loss 9.95569e-03 Time taken: 1.50 seconds 
Epoch: 75/200 Train accuracy: 7.78538e-01 Validation accuracy: 7.76667e-01 Loss 9.95296e-03 Time taken: 1.50 seconds 
Epoch: 76/200 Train accuracy: 7.77540e-01 Validation accuracy: 7.73667e-01 Loss 9.96058e-03 Time taken: 1.49 seconds 
Epoch: 77/200 Train accuracy: 7.79393e-01 Validation accuracy: 7.72000e-01 Loss 9.95289e-03 Time taken: 1.50 seconds 
Epoch: 78/200 Train accuracy: 7.79250e-01 Validation accuracy: 7.76667e-01 Loss 9.95753e-03 Time taken: 1.50 seconds 
Epoch: 79/200 Train accuracy: 7.80034e-01 Validation accuracy: 7.77667e-01 Loss 9.95293e-03 Time taken: 1.49 seconds 
Epoch: 80/200 Train accuracy: 7.79749e-01 Validation accuracy: 7.76667e-01 Loss 9.94248e-03 Time taken: 1.51 seconds 
Epoch: 81/200 Train accuracy: 7.81531e-01 Validation accuracy: 7.75333e-01 Loss 9.94248e-03 Time taken: 1.50 seconds 
Epoch: 82/200 Train accuracy: 7.83241e-01 Validation accuracy: 7.78667e-01 Loss 9.93767e-03 Time taken: 1.50 seconds 
Epoch: 83/200 Train accuracy: 7.79037e-01 Validation accuracy: 7.76333e-01 Loss 9.95087e-03 Time taken: 1.50 seconds 
Epoch: 84/200 Train accuracy: 7.81673e-01 Validation accuracy: 7.70333e-01 Loss 9.95135e-03 Time taken: 1.50 seconds 
Epoch: 85/200 Train accuracy: 7.80462e-01 Validation accuracy: 7.77000e-01 Loss 9.94107e-03 Time taken: 1.51 seconds 
Epoch: 86/200 Train accuracy: 7.82386e-01 Validation accuracy: 7.75667e-01 Loss 9.93175e-03 Time taken: 1.51 seconds 
Epoch: 87/200 Train accuracy: 7.79250e-01 Validation accuracy: 7.77000e-01 Loss 9.94525e-03 Time taken: 1.50 seconds 
Epoch: 88/200 Train accuracy: 7.77968e-01 Validation accuracy: 7.76000e-01 Loss 9.95188e-03 Time taken: 1.50 seconds 
Epoch: 89/200 Train accuracy: 7.82029e-01 Validation accuracy: 7.73333e-01 Loss 9.93401e-03 Time taken: 1.50 seconds 
Epoch: 90/200 Train accuracy: 7.80248e-01 Validation accuracy: 7.77000e-01 Loss 9.93852e-03 Time taken: 1.50 seconds 
Epoch: 91/200 Train accuracy: 7.82742e-01 Validation accuracy: 7.74333e-01 Loss 9.94274e-03 Time taken: 1.50 seconds 
Epoch: 92/200 Train accuracy: 7.80676e-01 Validation accuracy: 7.75667e-01 Loss 9.94090e-03 Time taken: 1.50 seconds 
Epoch: 93/200 Train accuracy: 7.82029e-01 Validation accuracy: 7.78333e-01 Loss 9.93382e-03 Time taken: 1.50 seconds 
Epoch: 94/200 Train accuracy: 7.81602e-01 Validation accuracy: 7.71333e-01 Loss 9.94001e-03 Time taken: 1.50 seconds 
Epoch: 95/200 Train accuracy: 7.82813e-01 Validation accuracy: 7.75667e-01 Loss 9.93314e-03 Time taken: 1.50 seconds 
Epoch: 96/200 Train accuracy: 7.78894e-01 Validation accuracy: 7.77000e-01 Loss 9.93630e-03 Time taken: 1.50 seconds 
Epoch: 97/200 Train accuracy: 7.84167e-01 Validation accuracy: 7.75333e-01 Loss 9.91946e-03 Time taken: 1.51 seconds 
Epoch: 98/200 Train accuracy: 7.81174e-01 Validation accuracy: 7.79000e-01 Loss 9.92940e-03 Time taken: 1.50 seconds 
Epoch: 99/200 Train accuracy: 7.83526e-01 Validation accuracy: 7.78000e-01 Loss 9.93391e-03 Time taken: 1.50 seconds 
Epoch: 100/200 Train accuracy: 7.79607e-01 Validation accuracy: 7.74667e-01 Loss 9.93669e-03 Time taken: 1.50 seconds 
Epoch: 101/200 Train accuracy: 7.81673e-01 Validation accuracy: 7.77000e-01 Loss 9.92905e-03 Time taken: 1.49 seconds 
Epoch: 102/200 Train accuracy: 7.82884e-01 Validation accuracy: 7.77667e-01 Loss 9.92108e-03 Time taken: 1.50 seconds 
Epoch: 103/200 Train accuracy: 7.80889e-01 Validation accuracy: 7.75333e-01 Loss 9.92604e-03 Time taken: 1.49 seconds 
Epoch: 104/200 Train accuracy: 7.82029e-01 Validation accuracy: 7.76333e-01 Loss 9.92674e-03 Time taken: 1.50 seconds 
Epoch: 105/200 Train accuracy: 7.80034e-01 Validation accuracy: 7.77333e-01 Loss 9.93173e-03 Time taken: 1.50 seconds 
Epoch: 106/200 Train accuracy: 7.80248e-01 Validation accuracy: 7.75000e-01 Loss 9.93447e-03 Time taken: 1.49 seconds 
Epoch: 107/200 Train accuracy: 7.85165e-01 Validation accuracy: 7.75000e-01 Loss 9.90944e-03 Time taken: 1.50 seconds 
Epoch: 108/200 Train accuracy: 7.82813e-01 Validation accuracy: 7.78667e-01 Loss 9.92087e-03 Time taken: 1.50 seconds 
Epoch: 109/200 Train accuracy: 7.82528e-01 Validation accuracy: 7.74000e-01 Loss 9.91810e-03 Time taken: 1.49 seconds 
Epoch: 110/200 Train accuracy: 7.81887e-01 Validation accuracy: 7.78333e-01 Loss 9.92386e-03 Time taken: 1.51 seconds 
Epoch: 111/200 Train accuracy: 7.86803e-01 Validation accuracy: 7.79333e-01 Loss 9.91201e-03 Time taken: 1.51 seconds 
Epoch: 112/200 Train accuracy: 7.82956e-01 Validation accuracy: 7.77000e-01 Loss 9.91109e-03 Time taken: 1.50 seconds 
Epoch: 113/200 Train accuracy: 7.81958e-01 Validation accuracy: 7.77000e-01 Loss 9.92623e-03 Time taken: 1.50 seconds 
Epoch: 114/200 Train accuracy: 7.83098e-01 Validation accuracy: 7.74667e-01 Loss 9.92086e-03 Time taken: 1.51 seconds 
Epoch: 115/200 Train accuracy: 7.84025e-01 Validation accuracy: 7.77000e-01 Loss 9.90920e-03 Time taken: 1.50 seconds 
Epoch: 116/200 Train accuracy: 7.83953e-01 Validation accuracy: 7.78000e-01 Loss 9.90763e-03 Time taken: 1.49 seconds 
Epoch: 117/200 Train accuracy: 7.85236e-01 Validation accuracy: 7.76667e-01 Loss 9.90980e-03 Time taken: 1.51 seconds 
Epoch: 118/200 Train accuracy: 7.84808e-01 Validation accuracy: 7.77667e-01 Loss 9.90659e-03 Time taken: 1.51 seconds 
Epoch: 119/200 Train accuracy: 7.83739e-01 Validation accuracy: 7.77000e-01 Loss 9.91275e-03 Time taken: 1.50 seconds 
Epoch: 120/200 Train accuracy: 7.80462e-01 Validation accuracy: 7.74333e-01 Loss 9.92782e-03 Time taken: 1.50 seconds 
Epoch: 121/200 Train accuracy: 7.81673e-01 Validation accuracy: 7.78667e-01 Loss 9.91143e-03 Time taken: 1.50 seconds 
Epoch: 122/200 Train accuracy: 7.82386e-01 Validation accuracy: 7.75000e-01 Loss 9.91116e-03 Time taken: 1.50 seconds 
Epoch: 123/200 Train accuracy: 7.84025e-01 Validation accuracy: 7.78667e-01 Loss 9.91643e-03 Time taken: 1.50 seconds 
Epoch: 124/200 Train accuracy: 7.82457e-01 Validation accuracy: 7.76000e-01 Loss 9.91345e-03 Time taken: 1.50 seconds 
Epoch: 125/200 Train accuracy: 7.82457e-01 Validation accuracy: 7.77667e-01 Loss 9.92044e-03 Time taken: 1.50 seconds 
Epoch: 126/200 Train accuracy: 7.84880e-01 Validation accuracy: 7.76000e-01 Loss 9.90821e-03 Time taken: 1.50 seconds 
Epoch: 127/200 Train accuracy: 7.86305e-01 Validation accuracy: 7.77000e-01 Loss 9.90922e-03 Time taken: 1.50 seconds 
Epoch: 128/200 Train accuracy: 7.84951e-01 Validation accuracy: 7.77333e-01 Loss 9.91372e-03 Time taken: 1.51 seconds 
Epoch: 129/200 Train accuracy: 7.85735e-01 Validation accuracy: 7.78667e-01 Loss 9.89058e-03 Time taken: 1.50 seconds 
Epoch: 130/200 Train accuracy: 7.84452e-01 Validation accuracy: 7.75333e-01 Loss 9.89791e-03 Time taken: 1.51 seconds 
Epoch: 131/200 Train accuracy: 7.84666e-01 Validation accuracy: 7.78333e-01 Loss 9.90679e-03 Time taken: 1.51 seconds 
Epoch: 132/200 Train accuracy: 7.86091e-01 Validation accuracy: 7.77000e-01 Loss 9.89748e-03 Time taken: 1.50 seconds 
Epoch: 133/200 Train accuracy: 7.85093e-01 Validation accuracy: 7.77667e-01 Loss 9.90140e-03 Time taken: 1.52 seconds 
Epoch: 134/200 Train accuracy: 7.84096e-01 Validation accuracy: 7.75667e-01 Loss 9.90560e-03 Time taken: 1.50 seconds 
Epoch: 135/200 Train accuracy: 7.83882e-01 Validation accuracy: 7.76667e-01 Loss 9.90013e-03 Time taken: 1.50 seconds 
Epoch: 136/200 Train accuracy: 7.86946e-01 Validation accuracy: 7.76333e-01 Loss 9.88245e-03 Time taken: 1.50 seconds 
Epoch: 137/200 Train accuracy: 7.84880e-01 Validation accuracy: 7.77000e-01 Loss 9.90238e-03 Time taken: 1.52 seconds 
Epoch: 138/200 Train accuracy: 7.83668e-01 Validation accuracy: 7.76667e-01 Loss 9.90756e-03 Time taken: 1.51 seconds 
Epoch: 139/200 Train accuracy: 7.85022e-01 Validation accuracy: 7.76000e-01 Loss 9.89733e-03 Time taken: 1.50 seconds 
Epoch: 140/200 Train accuracy: 7.85592e-01 Validation accuracy: 7.77333e-01 Loss 9.89295e-03 Time taken: 1.51 seconds 
Epoch: 141/200 Train accuracy: 7.86020e-01 Validation accuracy: 7.79667e-01 Loss 9.89316e-03 Time taken: 1.50 seconds 
Epoch: 142/200 Train accuracy: 7.85165e-01 Validation accuracy: 7.77000e-01 Loss 9.89630e-03 Time taken: 1.50 seconds 
Epoch: 143/200 Train accuracy: 7.87445e-01 Validation accuracy: 7.78333e-01 Loss 9.88934e-03 Time taken: 1.50 seconds 
Epoch: 144/200 Train accuracy: 7.87160e-01 Validation accuracy: 7.76333e-01 Loss 9.88852e-03 Time taken: 1.50 seconds 
Epoch: 145/200 Train accuracy: 7.86233e-01 Validation accuracy: 7.76333e-01 Loss 9.88949e-03 Time taken: 1.49 seconds 
Epoch: 146/200 Train accuracy: 7.86875e-01 Validation accuracy: 7.75333e-01 Loss 9.88954e-03 Time taken: 1.50 seconds 
Epoch: 147/200 Train accuracy: 7.85378e-01 Validation accuracy: 7.77667e-01 Loss 9.89331e-03 Time taken: 1.51 seconds 
Epoch: 148/200 Train accuracy: 7.84096e-01 Validation accuracy: 7.77667e-01 Loss 9.90151e-03 Time taken: 1.51 seconds 
Epoch: 149/200 Train accuracy: 7.86590e-01 Validation accuracy: 7.75000e-01 Loss 9.89242e-03 Time taken: 1.50 seconds 
Epoch: 150/200 Train accuracy: 7.87088e-01 Validation accuracy: 7.78333e-01 Loss 9.89019e-03 Time taken: 1.51 seconds 
Epoch: 151/200 Train accuracy: 7.86376e-01 Validation accuracy: 7.76000e-01 Loss 9.88579e-03 Time taken: 1.50 seconds 
Epoch: 152/200 Train accuracy: 7.88015e-01 Validation accuracy: 7.76667e-01 Loss 9.88670e-03 Time taken: 1.50 seconds 
Epoch: 153/200 Train accuracy: 7.86305e-01 Validation accuracy: 7.81667e-01 Loss 9.88610e-03 Time taken: 1.51 seconds 
Epoch: 154/200 Train accuracy: 7.84666e-01 Validation accuracy: 7.76333e-01 Loss 9.89919e-03 Time taken: 1.51 seconds 
Epoch: 155/200 Train accuracy: 7.84951e-01 Validation accuracy: 7.77333e-01 Loss 9.89552e-03 Time taken: 1.50 seconds 
Epoch: 156/200 Train accuracy: 7.84167e-01 Validation accuracy: 7.77667e-01 Loss 9.89360e-03 Time taken: 1.50 seconds 
Epoch: 157/200 Train accuracy: 7.84951e-01 Validation accuracy: 7.78333e-01 Loss 9.89558e-03 Time taken: 1.51 seconds 
Epoch: 158/200 Train accuracy: 7.84523e-01 Validation accuracy: 7.78000e-01 Loss 9.89232e-03 Time taken: 1.51 seconds 
Epoch: 159/200 Train accuracy: 7.85948e-01 Validation accuracy: 7.74667e-01 Loss 9.88962e-03 Time taken: 1.50 seconds 
Epoch: 160/200 Train accuracy: 7.90152e-01 Validation accuracy: 7.77333e-01 Loss 9.88483e-03 Time taken: 1.50 seconds 
Epoch: 161/200 Train accuracy: 7.87730e-01 Validation accuracy: 7.81333e-01 Loss 9.87850e-03 Time taken: 1.51 seconds 
Epoch: 162/200 Train accuracy: 7.89369e-01 Validation accuracy: 7.78000e-01 Loss 9.87529e-03 Time taken: 1.50 seconds 
Epoch: 163/200 Train accuracy: 7.85378e-01 Validation accuracy: 7.80000e-01 Loss 9.89380e-03 Time taken: 1.50 seconds 
Epoch: 164/200 Train accuracy: 7.88015e-01 Validation accuracy: 7.77667e-01 Loss 9.88394e-03 Time taken: 1.51 seconds 
Epoch: 165/200 Train accuracy: 7.85236e-01 Validation accuracy: 7.77000e-01 Loss 9.89809e-03 Time taken: 1.50 seconds 
Epoch: 166/200 Train accuracy: 7.87516e-01 Validation accuracy: 7.78667e-01 Loss 9.87875e-03 Time taken: 1.51 seconds 
Epoch: 167/200 Train accuracy: 7.86946e-01 Validation accuracy: 7.79667e-01 Loss 9.88386e-03 Time taken: 1.50 seconds 
Epoch: 168/200 Train accuracy: 7.88371e-01 Validation accuracy: 7.77333e-01 Loss 9.88655e-03 Time taken: 1.51 seconds 
Epoch: 169/200 Train accuracy: 7.87445e-01 Validation accuracy: 7.78667e-01 Loss 9.88722e-03 Time taken: 1.50 seconds 
Epoch: 170/200 Train accuracy: 7.86732e-01 Validation accuracy: 7.75333e-01 Loss 9.88559e-03 Time taken: 1.50 seconds 
Epoch: 171/200 Train accuracy: 7.88941e-01 Validation accuracy: 7.77667e-01 Loss 9.87930e-03 Time taken: 1.50 seconds 
Epoch: 172/200 Train accuracy: 7.86376e-01 Validation accuracy: 7.80000e-01 Loss 9.88658e-03 Time taken: 1.50 seconds 
Epoch: 173/200 Train accuracy: 7.83668e-01 Validation accuracy: 7.79333e-01 Loss 9.89567e-03 Time taken: 1.50 seconds 
Epoch: 174/200 Train accuracy: 7.86233e-01 Validation accuracy: 7.78667e-01 Loss 9.88081e-03 Time taken: 1.50 seconds 
Epoch: 175/200 Train accuracy: 7.88157e-01 Validation accuracy: 7.77333e-01 Loss 9.87431e-03 Time taken: 1.50 seconds 
Epoch: 176/200 Train accuracy: 7.85307e-01 Validation accuracy: 7.77000e-01 Loss 9.88914e-03 Time taken: 1.51 seconds 
Epoch: 177/200 Train accuracy: 7.85022e-01 Validation accuracy: 7.78333e-01 Loss 9.89570e-03 Time taken: 1.51 seconds 
Epoch: 178/200 Train accuracy: 7.85806e-01 Validation accuracy: 7.79333e-01 Loss 9.88445e-03 Time taken: 1.49 seconds 
Epoch: 179/200 Train accuracy: 7.86518e-01 Validation accuracy: 7.77333e-01 Loss 9.88399e-03 Time taken: 1.50 seconds 
Epoch: 180/200 Train accuracy: 7.86020e-01 Validation accuracy: 7.79333e-01 Loss 9.87664e-03 Time taken: 1.51 seconds 
Epoch: 181/200 Train accuracy: 7.90152e-01 Validation accuracy: 7.78000e-01 Loss 9.86807e-03 Time taken: 1.50 seconds 
Epoch: 182/200 Train accuracy: 7.84595e-01 Validation accuracy: 7.79333e-01 Loss 9.88940e-03 Time taken: 1.50 seconds 
Epoch: 183/200 Train accuracy: 7.85165e-01 Validation accuracy: 7.82000e-01 Loss 9.88363e-03 Time taken: 1.50 seconds 
Epoch: 184/200 Train accuracy: 7.85022e-01 Validation accuracy: 7.79667e-01 Loss 9.89127e-03 Time taken: 1.51 seconds 
Epoch: 185/200 Train accuracy: 7.86590e-01 Validation accuracy: 7.79333e-01 Loss 9.88499e-03 Time taken: 1.49 seconds 
Epoch: 186/200 Train accuracy: 7.86020e-01 Validation accuracy: 7.80333e-01 Loss 9.88683e-03 Time taken: 1.51 seconds 
Epoch: 187/200 Train accuracy: 7.88514e-01 Validation accuracy: 7.82000e-01 Loss 9.87514e-03 Time taken: 1.50 seconds 
Epoch: 188/200 Train accuracy: 7.88727e-01 Validation accuracy: 7.78667e-01 Loss 9.87291e-03 Time taken: 1.50 seconds 
Epoch: 189/200 Train accuracy: 7.87659e-01 Validation accuracy: 7.79000e-01 Loss 9.87586e-03 Time taken: 1.50 seconds 
Epoch: 190/200 Train accuracy: 7.88015e-01 Validation accuracy: 7.80000e-01 Loss 9.87407e-03 Time taken: 1.51 seconds 
Epoch: 191/200 Train accuracy: 7.88585e-01 Validation accuracy: 7.82333e-01 Loss 9.87880e-03 Time taken: 1.51 seconds 
Epoch: 192/200 Train accuracy: 7.86946e-01 Validation accuracy: 7.80000e-01 Loss 9.88162e-03 Time taken: 1.49 seconds 
Epoch: 193/200 Train accuracy: 7.87587e-01 Validation accuracy: 7.82000e-01 Loss 9.86336e-03 Time taken: 1.51 seconds 
Epoch: 194/200 Train accuracy: 7.87872e-01 Validation accuracy: 7.81000e-01 Loss 9.86995e-03 Time taken: 1.50 seconds 
Epoch: 195/200 Train accuracy: 7.87017e-01 Validation accuracy: 7.80000e-01 Loss 9.87234e-03 Time taken: 1.49 seconds 
Epoch: 196/200 Train accuracy: 7.89297e-01 Validation accuracy: 7.80000e-01 Loss 9.86922e-03 Time taken: 1.50 seconds 
Epoch: 197/200 Train accuracy: 7.86020e-01 Validation accuracy: 7.79000e-01 Loss 9.88983e-03 Time taken: 1.51 seconds 
Epoch: 198/200 Train accuracy: 7.85877e-01 Validation accuracy: 7.80000e-01 Loss 9.88607e-03 Time taken: 1.50 seconds 
Epoch: 199/200 Train accuracy: 7.86376e-01 Validation accuracy: 7.80333e-01 Loss 9.87497e-03 Time taken: 1.49 seconds 
Epoch: 200/200 Train accuracy: 7.85592e-01 Validation accuracy: 7.80333e-01 Loss 9.87584e-03 Time taken: 1.50 seconds 
Total time taken 0:05:01.173044
Cleaning up intermediate feature (.pt) files
Done


