Directory classifiers/jepa-iic-L2-seed-10-classifier-pretrained-vitb-normalized-ep100 for saving the classifiers is now present
VisionTransformer(
  (patch_embed): PatchEmbed(
    (proj): Conv2d(3, 768, kernel_size=(15, 15), stride=(15, 15))
  )
  (blocks): ModuleList(
    (0-11): 12 x Block(
      (norm1): LayerNorm((768,), eps=1e-06, elementwise_affine=True)
      (attn): Attention(
        (qkv): Linear(in_features=768, out_features=2304, bias=True)
        (attn_drop): Dropout(p=0.0, inplace=False)
        (proj): Linear(in_features=768, out_features=768, bias=True)
        (proj_drop): Dropout(p=0.0, inplace=False)
      )
      (drop_path): Identity()
      (norm2): LayerNorm((768,), eps=1e-06, elementwise_affine=True)
      (mlp): MLP(
        (fc1): Linear(in_features=768, out_features=3072, bias=True)
        (act): GELU(approximate='none')
        (fc2): Linear(in_features=3072, out_features=768, bias=True)
        (drop): Dropout(p=0.0, inplace=False)
      )
    )
  )
  (norm): LayerNorm((768,), eps=1e-06, elementwise_affine=True)
)
Directory classifiers/jepa-iic-L2-seed-10-classifier-pretrained-vitb-normalized-ep100 for saving the classifiers is now present
VisionTransformer(
  (patch_embed): PatchEmbed(
    (proj): Conv2d(3, 768, kernel_size=(15, 15), stride=(15, 15))
  )
  (blocks): ModuleList(
    (0-11): 12 x Block(
      (norm1): LayerNorm((768,), eps=1e-06, elementwise_affine=True)
      (attn): Attention(
        (qkv): Linear(in_features=768, out_features=2304, bias=True)
        (attn_drop): Dropout(p=0.0, inplace=False)
        (proj): Linear(in_features=768, out_features=768, bias=True)
        (proj_drop): Dropout(p=0.0, inplace=False)
      )
      (drop_path): Identity()
      (norm2): LayerNorm((768,), eps=1e-06, elementwise_affine=True)
      (mlp): MLP(
        (fc1): Linear(in_features=768, out_features=3072, bias=True)
        (act): GELU(approximate='none')
        (fc2): Linear(in_features=3072, out_features=768, bias=True)
        (drop): Dropout(p=0.0, inplace=False)
      )
    )
  )
  (norm): LayerNorm((768,), eps=1e-06, elementwise_affine=True)
)
Extracting features and saving them locally..
Epoch: 1/200 Train accuracy: 3.60410e-01 Validation accuracy: 4.71333e-01 Loss 1.31289e-02 Time taken: 1.57 seconds 
Epoch: 2/200 Train accuracy: 5.05415e-01 Validation accuracy: 5.60333e-01 Loss 1.21606e-02 Time taken: 1.55 seconds 
Epoch: 3/200 Train accuracy: 5.53370e-01 Validation accuracy: 5.70333e-01 Loss 1.18116e-02 Time taken: 1.55 seconds 
Epoch: 4/200 Train accuracy: 5.70187e-01 Validation accuracy: 5.91000e-01 Loss 1.16644e-02 Time taken: 1.56 seconds 
Epoch: 5/200 Train accuracy: 5.83583e-01 Validation accuracy: 5.96667e-01 Loss 1.15499e-02 Time taken: 1.55 seconds 
Epoch: 6/200 Train accuracy: 5.94129e-01 Validation accuracy: 6.07667e-01 Loss 1.14755e-02 Time taken: 1.55 seconds 
Epoch: 7/200 Train accuracy: 6.02465e-01 Validation accuracy: 6.07333e-01 Loss 1.14120e-02 Time taken: 1.55 seconds 
Epoch: 8/200 Train accuracy: 6.07810e-01 Validation accuracy: 6.22333e-01 Loss 1.13567e-02 Time taken: 1.56 seconds 
Epoch: 9/200 Train accuracy: 6.09235e-01 Validation accuracy: 6.20333e-01 Loss 1.13160e-02 Time taken: 1.56 seconds 
Epoch: 10/200 Train accuracy: 6.16645e-01 Validation accuracy: 6.21000e-01 Loss 1.12948e-02 Time taken: 1.55 seconds 
Epoch: 11/200 Train accuracy: 6.20849e-01 Validation accuracy: 6.19667e-01 Loss 1.12525e-02 Time taken: 1.55 seconds 
Epoch: 12/200 Train accuracy: 6.19781e-01 Validation accuracy: 6.26333e-01 Loss 1.12321e-02 Time taken: 1.56 seconds 
Epoch: 13/200 Train accuracy: 6.26835e-01 Validation accuracy: 6.32333e-01 Loss 1.11998e-02 Time taken: 1.61 seconds 
Epoch: 14/200 Train accuracy: 6.23985e-01 Validation accuracy: 6.33000e-01 Loss 1.11907e-02 Time taken: 1.55 seconds 
Epoch: 15/200 Train accuracy: 6.26336e-01 Validation accuracy: 6.35667e-01 Loss 1.11679e-02 Time taken: 1.54 seconds 
Epoch: 16/200 Train accuracy: 6.31823e-01 Validation accuracy: 6.33333e-01 Loss 1.11281e-02 Time taken: 1.55 seconds 
Epoch: 17/200 Train accuracy: 6.36098e-01 Validation accuracy: 6.37000e-01 Loss 1.11167e-02 Time taken: 1.55 seconds 
Epoch: 18/200 Train accuracy: 6.34103e-01 Validation accuracy: 6.45000e-01 Loss 1.11125e-02 Time taken: 1.54 seconds 
Epoch: 19/200 Train accuracy: 6.36953e-01 Validation accuracy: 6.41000e-01 Loss 1.10861e-02 Time taken: 1.55 seconds 
Epoch: 20/200 Train accuracy: 6.36312e-01 Validation accuracy: 6.39333e-01 Loss 1.10895e-02 Time taken: 1.55 seconds 
Epoch: 21/200 Train accuracy: 6.38521e-01 Validation accuracy: 6.37667e-01 Loss 1.10737e-02 Time taken: 1.54 seconds 
Epoch: 22/200 Train accuracy: 6.39803e-01 Validation accuracy: 6.43000e-01 Loss 1.10570e-02 Time taken: 1.55 seconds 
Epoch: 23/200 Train accuracy: 6.42725e-01 Validation accuracy: 6.44000e-01 Loss 1.10435e-02 Time taken: 1.55 seconds 
Epoch: 24/200 Train accuracy: 6.39376e-01 Validation accuracy: 6.48333e-01 Loss 1.10498e-02 Time taken: 1.55 seconds 
Epoch: 25/200 Train accuracy: 6.43366e-01 Validation accuracy: 6.44000e-01 Loss 1.10326e-02 Time taken: 1.54 seconds 
Epoch: 26/200 Train accuracy: 6.43580e-01 Validation accuracy: 6.47333e-01 Loss 1.10220e-02 Time taken: 1.55 seconds 
Epoch: 27/200 Train accuracy: 6.44649e-01 Validation accuracy: 6.50667e-01 Loss 1.10148e-02 Time taken: 1.55 seconds 
Epoch: 28/200 Train accuracy: 6.46288e-01 Validation accuracy: 6.52333e-01 Loss 1.10029e-02 Time taken: 1.55 seconds 
Epoch: 29/200 Train accuracy: 6.45219e-01 Validation accuracy: 6.55333e-01 Loss 1.10040e-02 Time taken: 1.54 seconds 
Epoch: 30/200 Train accuracy: 6.49352e-01 Validation accuracy: 6.46333e-01 Loss 1.09981e-02 Time taken: 1.55 seconds 
Epoch: 31/200 Train accuracy: 6.48354e-01 Validation accuracy: 6.53667e-01 Loss 1.09777e-02 Time taken: 1.55 seconds 
Epoch: 32/200 Train accuracy: 6.49280e-01 Validation accuracy: 6.57667e-01 Loss 1.09753e-02 Time taken: 1.54 seconds 
Epoch: 33/200 Train accuracy: 6.49209e-01 Validation accuracy: 6.51000e-01 Loss 1.09683e-02 Time taken: 1.55 seconds 
Epoch: 34/200 Train accuracy: 6.49423e-01 Validation accuracy: 6.56667e-01 Loss 1.09737e-02 Time taken: 1.55 seconds 
Epoch: 35/200 Train accuracy: 6.56620e-01 Validation accuracy: 6.54667e-01 Loss 1.09489e-02 Time taken: 1.55 seconds 
Epoch: 36/200 Train accuracy: 6.51988e-01 Validation accuracy: 6.57333e-01 Loss 1.09527e-02 Time taken: 1.54 seconds 
Epoch: 37/200 Train accuracy: 6.54126e-01 Validation accuracy: 6.51667e-01 Loss 1.09457e-02 Time taken: 1.55 seconds 
Epoch: 38/200 Train accuracy: 6.54054e-01 Validation accuracy: 6.58333e-01 Loss 1.09402e-02 Time taken: 1.55 seconds 
Epoch: 39/200 Train accuracy: 6.54126e-01 Validation accuracy: 6.54000e-01 Loss 1.09378e-02 Time taken: 1.54 seconds 
Epoch: 40/200 Train accuracy: 6.53413e-01 Validation accuracy: 6.58000e-01 Loss 1.09446e-02 Time taken: 1.55 seconds 
Epoch: 41/200 Train accuracy: 6.55836e-01 Validation accuracy: 6.58000e-01 Loss 1.09260e-02 Time taken: 1.55 seconds 
Epoch: 42/200 Train accuracy: 6.52131e-01 Validation accuracy: 6.62333e-01 Loss 1.09337e-02 Time taken: 1.55 seconds 
Epoch: 43/200 Train accuracy: 6.56192e-01 Validation accuracy: 6.60667e-01 Loss 1.09310e-02 Time taken: 1.55 seconds 
Epoch: 44/200 Train accuracy: 6.56691e-01 Validation accuracy: 6.58667e-01 Loss 1.09183e-02 Time taken: 1.55 seconds 
Epoch: 45/200 Train accuracy: 6.56121e-01 Validation accuracy: 6.55667e-01 Loss 1.09216e-02 Time taken: 1.55 seconds 
Epoch: 46/200 Train accuracy: 6.56548e-01 Validation accuracy: 6.58333e-01 Loss 1.09093e-02 Time taken: 1.54 seconds 
Epoch: 47/200 Train accuracy: 6.57047e-01 Validation accuracy: 6.65333e-01 Loss 1.09145e-02 Time taken: 1.55 seconds 
Epoch: 48/200 Train accuracy: 6.58330e-01 Validation accuracy: 6.59333e-01 Loss 1.09184e-02 Time taken: 1.54 seconds 
Epoch: 49/200 Train accuracy: 6.58187e-01 Validation accuracy: 6.62667e-01 Loss 1.09081e-02 Time taken: 1.54 seconds 
Epoch: 50/200 Train accuracy: 6.55622e-01 Validation accuracy: 6.60667e-01 Loss 1.09086e-02 Time taken: 1.55 seconds 
Epoch: 51/200 Train accuracy: 6.59684e-01 Validation accuracy: 6.63667e-01 Loss 1.08920e-02 Time taken: 1.55 seconds 
Epoch: 52/200 Train accuracy: 6.56762e-01 Validation accuracy: 6.62667e-01 Loss 1.09023e-02 Time taken: 1.55 seconds 
Epoch: 53/200 Train accuracy: 6.60396e-01 Validation accuracy: 6.64333e-01 Loss 1.08801e-02 Time taken: 1.54 seconds 
Epoch: 54/200 Train accuracy: 6.59826e-01 Validation accuracy: 6.61000e-01 Loss 1.08983e-02 Time taken: 1.55 seconds 
Epoch: 55/200 Train accuracy: 6.62961e-01 Validation accuracy: 6.64667e-01 Loss 1.08739e-02 Time taken: 1.54 seconds 
Epoch: 56/200 Train accuracy: 6.61536e-01 Validation accuracy: 6.62667e-01 Loss 1.08815e-02 Time taken: 1.54 seconds 
Epoch: 57/200 Train accuracy: 6.60325e-01 Validation accuracy: 6.62000e-01 Loss 1.08748e-02 Time taken: 1.54 seconds 
Epoch: 58/200 Train accuracy: 6.64957e-01 Validation accuracy: 6.59333e-01 Loss 1.08733e-02 Time taken: 1.54 seconds 
Epoch: 59/200 Train accuracy: 6.58757e-01 Validation accuracy: 6.60000e-01 Loss 1.08884e-02 Time taken: 1.55 seconds 
Epoch: 60/200 Train accuracy: 6.63033e-01 Validation accuracy: 6.63667e-01 Loss 1.08648e-02 Time taken: 1.54 seconds 
Epoch: 61/200 Train accuracy: 6.62106e-01 Validation accuracy: 6.60667e-01 Loss 1.08732e-02 Time taken: 1.54 seconds 
Epoch: 62/200 Train accuracy: 6.62534e-01 Validation accuracy: 6.66667e-01 Loss 1.08691e-02 Time taken: 1.54 seconds 
Epoch: 63/200 Train accuracy: 6.61109e-01 Validation accuracy: 6.61333e-01 Loss 1.08694e-02 Time taken: 1.55 seconds 
Epoch: 64/200 Train accuracy: 6.65669e-01 Validation accuracy: 6.61667e-01 Loss 1.08499e-02 Time taken: 1.54 seconds 
Epoch: 65/200 Train accuracy: 6.61893e-01 Validation accuracy: 6.69667e-01 Loss 1.08566e-02 Time taken: 1.54 seconds 
Epoch: 66/200 Train accuracy: 6.61536e-01 Validation accuracy: 6.64667e-01 Loss 1.08623e-02 Time taken: 1.55 seconds 
Epoch: 67/200 Train accuracy: 6.62890e-01 Validation accuracy: 6.63333e-01 Loss 1.08531e-02 Time taken: 1.54 seconds 
Epoch: 68/200 Train accuracy: 6.62534e-01 Validation accuracy: 6.64667e-01 Loss 1.08592e-02 Time taken: 1.54 seconds 
Epoch: 69/200 Train accuracy: 6.64672e-01 Validation accuracy: 6.67333e-01 Loss 1.08466e-02 Time taken: 1.54 seconds 
Epoch: 70/200 Train accuracy: 6.66453e-01 Validation accuracy: 6.65000e-01 Loss 1.08398e-02 Time taken: 1.54 seconds 
Epoch: 71/200 Train accuracy: 6.62961e-01 Validation accuracy: 6.65000e-01 Loss 1.08553e-02 Time taken: 1.54 seconds 
Epoch: 72/200 Train accuracy: 6.59612e-01 Validation accuracy: 6.63333e-01 Loss 1.08685e-02 Time taken: 1.55 seconds 
Epoch: 73/200 Train accuracy: 6.66595e-01 Validation accuracy: 6.65667e-01 Loss 1.08402e-02 Time taken: 1.54 seconds 
Epoch: 74/200 Train accuracy: 6.63888e-01 Validation accuracy: 6.65667e-01 Loss 1.08413e-02 Time taken: 1.54 seconds 
Epoch: 75/200 Train accuracy: 6.63175e-01 Validation accuracy: 6.68000e-01 Loss 1.08454e-02 Time taken: 1.55 seconds 
Epoch: 76/200 Train accuracy: 6.63603e-01 Validation accuracy: 6.65333e-01 Loss 1.08377e-02 Time taken: 1.54 seconds 
Epoch: 77/200 Train accuracy: 6.65099e-01 Validation accuracy: 6.62000e-01 Loss 1.08389e-02 Time taken: 1.54 seconds 
Epoch: 78/200 Train accuracy: 6.66524e-01 Validation accuracy: 6.65333e-01 Loss 1.08319e-02 Time taken: 1.54 seconds 
Epoch: 79/200 Train accuracy: 6.64743e-01 Validation accuracy: 6.70000e-01 Loss 1.08360e-02 Time taken: 1.54 seconds 
Epoch: 80/200 Train accuracy: 6.64814e-01 Validation accuracy: 6.63000e-01 Loss 1.08393e-02 Time taken: 1.54 seconds 
Epoch: 81/200 Train accuracy: 6.65455e-01 Validation accuracy: 6.67667e-01 Loss 1.08480e-02 Time taken: 1.55 seconds 
Epoch: 82/200 Train accuracy: 6.63460e-01 Validation accuracy: 6.68000e-01 Loss 1.08400e-02 Time taken: 1.55 seconds 
Epoch: 83/200 Train accuracy: 6.65384e-01 Validation accuracy: 6.65667e-01 Loss 1.08378e-02 Time taken: 1.55 seconds 
Epoch: 84/200 Train accuracy: 6.65313e-01 Validation accuracy: 6.71667e-01 Loss 1.08345e-02 Time taken: 1.54 seconds 
Epoch: 85/200 Train accuracy: 6.66524e-01 Validation accuracy: 6.66000e-01 Loss 1.08235e-02 Time taken: 1.55 seconds 
Epoch: 86/200 Train accuracy: 6.67094e-01 Validation accuracy: 6.65667e-01 Loss 1.08293e-02 Time taken: 1.55 seconds 
Epoch: 87/200 Train accuracy: 6.67450e-01 Validation accuracy: 6.65000e-01 Loss 1.08176e-02 Time taken: 1.55 seconds 
Epoch: 88/200 Train accuracy: 6.66738e-01 Validation accuracy: 6.70333e-01 Loss 1.08280e-02 Time taken: 1.54 seconds 
Epoch: 89/200 Train accuracy: 6.70871e-01 Validation accuracy: 6.62667e-01 Loss 1.08147e-02 Time taken: 1.55 seconds 
Epoch: 90/200 Train accuracy: 6.67807e-01 Validation accuracy: 6.64333e-01 Loss 1.08192e-02 Time taken: 1.55 seconds 
Epoch: 91/200 Train accuracy: 6.67308e-01 Validation accuracy: 6.67667e-01 Loss 1.08110e-02 Time taken: 1.55 seconds 
Epoch: 92/200 Train accuracy: 6.66097e-01 Validation accuracy: 6.67000e-01 Loss 1.08114e-02 Time taken: 1.53 seconds 
Epoch: 93/200 Train accuracy: 6.67450e-01 Validation accuracy: 6.65333e-01 Loss 1.08147e-02 Time taken: 1.55 seconds 
Epoch: 94/200 Train accuracy: 6.65669e-01 Validation accuracy: 6.74333e-01 Loss 1.08260e-02 Time taken: 1.55 seconds 
Epoch: 95/200 Train accuracy: 6.64600e-01 Validation accuracy: 6.71000e-01 Loss 1.08258e-02 Time taken: 1.54 seconds 
Epoch: 96/200 Train accuracy: 6.67593e-01 Validation accuracy: 6.68667e-01 Loss 1.08142e-02 Time taken: 1.54 seconds 
Epoch: 97/200 Train accuracy: 6.65384e-01 Validation accuracy: 6.68000e-01 Loss 1.08228e-02 Time taken: 1.55 seconds 
Epoch: 98/200 Train accuracy: 6.62961e-01 Validation accuracy: 6.66667e-01 Loss 1.08310e-02 Time taken: 1.55 seconds 
Epoch: 99/200 Train accuracy: 6.66025e-01 Validation accuracy: 6.66333e-01 Loss 1.08175e-02 Time taken: 1.54 seconds 
Epoch: 100/200 Train accuracy: 6.66382e-01 Validation accuracy: 6.67667e-01 Loss 1.08089e-02 Time taken: 1.55 seconds 
Epoch: 101/200 Train accuracy: 6.67450e-01 Validation accuracy: 6.70333e-01 Loss 1.08147e-02 Time taken: 1.55 seconds 
Epoch: 102/200 Train accuracy: 6.66809e-01 Validation accuracy: 6.65333e-01 Loss 1.08080e-02 Time taken: 1.53 seconds 
Epoch: 103/200 Train accuracy: 6.66738e-01 Validation accuracy: 6.64333e-01 Loss 1.08153e-02 Time taken: 1.54 seconds 
Epoch: 104/200 Train accuracy: 6.67878e-01 Validation accuracy: 6.65333e-01 Loss 1.07961e-02 Time taken: 1.54 seconds 
Epoch: 105/200 Train accuracy: 6.72652e-01 Validation accuracy: 6.69667e-01 Loss 1.07829e-02 Time taken: 1.54 seconds 
Epoch: 106/200 Train accuracy: 6.70514e-01 Validation accuracy: 6.65667e-01 Loss 1.08015e-02 Time taken: 1.54 seconds 
Epoch: 107/200 Train accuracy: 6.72438e-01 Validation accuracy: 6.72333e-01 Loss 1.07843e-02 Time taken: 1.54 seconds 
Epoch: 108/200 Train accuracy: 6.65313e-01 Validation accuracy: 6.68667e-01 Loss 1.08092e-02 Time taken: 1.54 seconds 
Epoch: 109/200 Train accuracy: 6.69161e-01 Validation accuracy: 6.66667e-01 Loss 1.08041e-02 Time taken: 1.54 seconds 
Epoch: 110/200 Train accuracy: 6.69517e-01 Validation accuracy: 6.75000e-01 Loss 1.07931e-02 Time taken: 1.54 seconds 
Epoch: 111/200 Train accuracy: 6.73293e-01 Validation accuracy: 6.72333e-01 Loss 1.07880e-02 Time taken: 1.55 seconds 
Epoch: 112/200 Train accuracy: 6.71797e-01 Validation accuracy: 6.69667e-01 Loss 1.07812e-02 Time taken: 1.55 seconds 
Epoch: 113/200 Train accuracy: 6.70087e-01 Validation accuracy: 6.75667e-01 Loss 1.07914e-02 Time taken: 1.54 seconds 
Epoch: 114/200 Train accuracy: 6.66453e-01 Validation accuracy: 6.68667e-01 Loss 1.08057e-02 Time taken: 1.56 seconds 
Epoch: 115/200 Train accuracy: 6.68733e-01 Validation accuracy: 6.69000e-01 Loss 1.07970e-02 Time taken: 1.54 seconds 
Epoch: 116/200 Train accuracy: 6.67094e-01 Validation accuracy: 6.69667e-01 Loss 1.08048e-02 Time taken: 1.54 seconds 
Epoch: 117/200 Train accuracy: 6.68947e-01 Validation accuracy: 6.73000e-01 Loss 1.07988e-02 Time taken: 1.55 seconds 
Epoch: 118/200 Train accuracy: 6.71370e-01 Validation accuracy: 6.71667e-01 Loss 1.07851e-02 Time taken: 1.55 seconds 
Epoch: 119/200 Train accuracy: 6.72438e-01 Validation accuracy: 6.72333e-01 Loss 1.07805e-02 Time taken: 1.54 seconds 
Epoch: 120/200 Train accuracy: 6.66809e-01 Validation accuracy: 6.69667e-01 Loss 1.07990e-02 Time taken: 1.54 seconds 
Epoch: 121/200 Train accuracy: 6.71868e-01 Validation accuracy: 6.71000e-01 Loss 1.07770e-02 Time taken: 1.55 seconds 
Epoch: 122/200 Train accuracy: 6.70016e-01 Validation accuracy: 6.77667e-01 Loss 1.07861e-02 Time taken: 1.55 seconds 
Epoch: 123/200 Train accuracy: 6.69873e-01 Validation accuracy: 6.69333e-01 Loss 1.07852e-02 Time taken: 1.54 seconds 
Epoch: 124/200 Train accuracy: 6.70443e-01 Validation accuracy: 6.73000e-01 Loss 1.07884e-02 Time taken: 1.54 seconds 
Epoch: 125/200 Train accuracy: 6.67165e-01 Validation accuracy: 6.75667e-01 Loss 1.08091e-02 Time taken: 1.54 seconds 
Epoch: 126/200 Train accuracy: 6.68947e-01 Validation accuracy: 6.68333e-01 Loss 1.07852e-02 Time taken: 1.54 seconds 
Epoch: 127/200 Train accuracy: 6.71227e-01 Validation accuracy: 6.70333e-01 Loss 1.07835e-02 Time taken: 1.54 seconds 
Epoch: 128/200 Train accuracy: 6.70087e-01 Validation accuracy: 6.71667e-01 Loss 1.07844e-02 Time taken: 1.54 seconds 
Epoch: 129/200 Train accuracy: 6.69944e-01 Validation accuracy: 6.71333e-01 Loss 1.07880e-02 Time taken: 1.55 seconds 
Epoch: 130/200 Train accuracy: 6.68804e-01 Validation accuracy: 6.77667e-01 Loss 1.07861e-02 Time taken: 1.55 seconds 
Epoch: 131/200 Train accuracy: 6.72937e-01 Validation accuracy: 6.72000e-01 Loss 1.07751e-02 Time taken: 1.54 seconds 
Epoch: 132/200 Train accuracy: 6.74006e-01 Validation accuracy: 6.80667e-01 Loss 1.07760e-02 Time taken: 1.55 seconds 
Epoch: 133/200 Train accuracy: 6.71085e-01 Validation accuracy: 6.77000e-01 Loss 1.07742e-02 Time taken: 1.55 seconds 
Epoch: 134/200 Train accuracy: 6.70586e-01 Validation accuracy: 6.77667e-01 Loss 1.07697e-02 Time taken: 1.54 seconds 
Epoch: 135/200 Train accuracy: 6.71655e-01 Validation accuracy: 6.72000e-01 Loss 1.07772e-02 Time taken: 1.55 seconds 
Epoch: 136/200 Train accuracy: 6.71298e-01 Validation accuracy: 6.75667e-01 Loss 1.07829e-02 Time taken: 1.55 seconds 
Epoch: 137/200 Train accuracy: 6.69873e-01 Validation accuracy: 6.72667e-01 Loss 1.07761e-02 Time taken: 1.55 seconds 
Epoch: 138/200 Train accuracy: 6.69873e-01 Validation accuracy: 6.75667e-01 Loss 1.07882e-02 Time taken: 1.54 seconds 
Epoch: 139/200 Train accuracy: 6.69232e-01 Validation accuracy: 6.77000e-01 Loss 1.07877e-02 Time taken: 1.55 seconds 
Epoch: 140/200 Train accuracy: 6.71583e-01 Validation accuracy: 6.78667e-01 Loss 1.07717e-02 Time taken: 1.55 seconds 
Epoch: 141/200 Train accuracy: 6.72866e-01 Validation accuracy: 6.74000e-01 Loss 1.07732e-02 Time taken: 1.54 seconds 
Epoch: 142/200 Train accuracy: 6.71085e-01 Validation accuracy: 6.71333e-01 Loss 1.07844e-02 Time taken: 1.56 seconds 
Epoch: 143/200 Train accuracy: 6.73863e-01 Validation accuracy: 6.76000e-01 Loss 1.07775e-02 Time taken: 1.55 seconds 
Epoch: 144/200 Train accuracy: 6.71370e-01 Validation accuracy: 6.71333e-01 Loss 1.07828e-02 Time taken: 1.55 seconds 
Epoch: 145/200 Train accuracy: 6.71940e-01 Validation accuracy: 6.73333e-01 Loss 1.07665e-02 Time taken: 1.55 seconds 
Epoch: 146/200 Train accuracy: 6.73151e-01 Validation accuracy: 6.75667e-01 Loss 1.07743e-02 Time taken: 1.55 seconds 
Epoch: 147/200 Train accuracy: 6.73436e-01 Validation accuracy: 6.78667e-01 Loss 1.07652e-02 Time taken: 1.55 seconds 
Epoch: 148/200 Train accuracy: 6.69374e-01 Validation accuracy: 6.76667e-01 Loss 1.07726e-02 Time taken: 1.55 seconds 
Epoch: 149/200 Train accuracy: 6.70586e-01 Validation accuracy: 6.73000e-01 Loss 1.07731e-02 Time taken: 1.55 seconds 
Epoch: 150/200 Train accuracy: 6.73436e-01 Validation accuracy: 6.77667e-01 Loss 1.07679e-02 Time taken: 1.55 seconds 
Epoch: 151/200 Train accuracy: 6.74006e-01 Validation accuracy: 6.72333e-01 Loss 1.07565e-02 Time taken: 1.54 seconds 
Epoch: 152/200 Train accuracy: 6.71156e-01 Validation accuracy: 6.77667e-01 Loss 1.07677e-02 Time taken: 1.54 seconds 
Epoch: 153/200 Train accuracy: 6.73792e-01 Validation accuracy: 6.74000e-01 Loss 1.07593e-02 Time taken: 1.55 seconds 
Epoch: 154/200 Train accuracy: 6.76500e-01 Validation accuracy: 6.77000e-01 Loss 1.07478e-02 Time taken: 1.54 seconds 
Epoch: 155/200 Train accuracy: 6.73863e-01 Validation accuracy: 6.71333e-01 Loss 1.07571e-02 Time taken: 1.54 seconds 
Epoch: 156/200 Train accuracy: 6.71013e-01 Validation accuracy: 6.70667e-01 Loss 1.07750e-02 Time taken: 1.54 seconds 
Epoch: 157/200 Train accuracy: 6.71655e-01 Validation accuracy: 6.71333e-01 Loss 1.07622e-02 Time taken: 1.54 seconds 
Epoch: 158/200 Train accuracy: 6.68591e-01 Validation accuracy: 6.72000e-01 Loss 1.07790e-02 Time taken: 1.54 seconds 
Epoch: 159/200 Train accuracy: 6.71726e-01 Validation accuracy: 6.75000e-01 Loss 1.07675e-02 Time taken: 1.53 seconds 
Epoch: 160/200 Train accuracy: 6.76357e-01 Validation accuracy: 6.80667e-01 Loss 1.07430e-02 Time taken: 1.54 seconds 
Epoch: 161/200 Train accuracy: 6.72225e-01 Validation accuracy: 6.76667e-01 Loss 1.07715e-02 Time taken: 1.55 seconds 
Epoch: 162/200 Train accuracy: 6.71868e-01 Validation accuracy: 6.78667e-01 Loss 1.07660e-02 Time taken: 1.54 seconds 
Epoch: 163/200 Train accuracy: 6.73080e-01 Validation accuracy: 6.74000e-01 Loss 1.07638e-02 Time taken: 1.54 seconds 
Epoch: 164/200 Train accuracy: 6.73365e-01 Validation accuracy: 6.79333e-01 Loss 1.07545e-02 Time taken: 1.54 seconds 
Epoch: 165/200 Train accuracy: 6.73222e-01 Validation accuracy: 6.74333e-01 Loss 1.07568e-02 Time taken: 1.54 seconds 
Epoch: 166/200 Train accuracy: 6.69873e-01 Validation accuracy: 6.76667e-01 Loss 1.07676e-02 Time taken: 1.54 seconds 
Epoch: 167/200 Train accuracy: 6.73365e-01 Validation accuracy: 6.75333e-01 Loss 1.07593e-02 Time taken: 1.54 seconds 
Epoch: 168/200 Train accuracy: 6.73293e-01 Validation accuracy: 6.78333e-01 Loss 1.07642e-02 Time taken: 1.54 seconds 
Epoch: 169/200 Train accuracy: 6.73080e-01 Validation accuracy: 6.71333e-01 Loss 1.07618e-02 Time taken: 1.54 seconds 
Epoch: 170/200 Train accuracy: 6.76642e-01 Validation accuracy: 6.70667e-01 Loss 1.07506e-02 Time taken: 1.54 seconds 
Epoch: 171/200 Train accuracy: 6.72367e-01 Validation accuracy: 6.69667e-01 Loss 1.07666e-02 Time taken: 1.54 seconds 
Epoch: 172/200 Train accuracy: 6.74932e-01 Validation accuracy: 6.77000e-01 Loss 1.07512e-02 Time taken: 1.55 seconds 
Epoch: 173/200 Train accuracy: 6.75859e-01 Validation accuracy: 6.71000e-01 Loss 1.07551e-02 Time taken: 1.54 seconds 
Epoch: 174/200 Train accuracy: 6.71797e-01 Validation accuracy: 6.76333e-01 Loss 1.07628e-02 Time taken: 1.55 seconds 
Epoch: 175/200 Train accuracy: 6.73721e-01 Validation accuracy: 6.76000e-01 Loss 1.07499e-02 Time taken: 1.54 seconds 
Epoch: 176/200 Train accuracy: 6.76999e-01 Validation accuracy: 6.66667e-01 Loss 1.07500e-02 Time taken: 1.54 seconds 
Epoch: 177/200 Train accuracy: 6.76500e-01 Validation accuracy: 6.69667e-01 Loss 1.07479e-02 Time taken: 1.54 seconds 
Epoch: 178/200 Train accuracy: 6.75004e-01 Validation accuracy: 6.78333e-01 Loss 1.07448e-02 Time taken: 1.55 seconds 
Epoch: 179/200 Train accuracy: 6.74932e-01 Validation accuracy: 6.79333e-01 Loss 1.07412e-02 Time taken: 1.55 seconds 
Epoch: 180/200 Train accuracy: 6.77854e-01 Validation accuracy: 6.74333e-01 Loss 1.07404e-02 Time taken: 1.54 seconds 
Epoch: 181/200 Train accuracy: 6.75004e-01 Validation accuracy: 6.78333e-01 Loss 1.07489e-02 Time taken: 1.54 seconds 
Epoch: 182/200 Train accuracy: 6.72581e-01 Validation accuracy: 6.78667e-01 Loss 1.07523e-02 Time taken: 1.54 seconds 
Epoch: 183/200 Train accuracy: 6.68306e-01 Validation accuracy: 6.74667e-01 Loss 1.07645e-02 Time taken: 1.54 seconds 
Epoch: 184/200 Train accuracy: 6.73151e-01 Validation accuracy: 6.73000e-01 Loss 1.07568e-02 Time taken: 1.54 seconds 
Epoch: 185/200 Train accuracy: 6.74077e-01 Validation accuracy: 6.76667e-01 Loss 1.07616e-02 Time taken: 1.55 seconds 
Epoch: 186/200 Train accuracy: 6.71726e-01 Validation accuracy: 6.74333e-01 Loss 1.07602e-02 Time taken: 1.55 seconds 
Epoch: 187/200 Train accuracy: 6.71298e-01 Validation accuracy: 6.81000e-01 Loss 1.07618e-02 Time taken: 1.54 seconds 
Epoch: 188/200 Train accuracy: 6.71868e-01 Validation accuracy: 6.73000e-01 Loss 1.07592e-02 Time taken: 1.55 seconds 
Epoch: 189/200 Train accuracy: 6.75574e-01 Validation accuracy: 6.76000e-01 Loss 1.07424e-02 Time taken: 1.55 seconds 
Epoch: 190/200 Train accuracy: 6.73935e-01 Validation accuracy: 6.76000e-01 Loss 1.07525e-02 Time taken: 1.54 seconds 
Epoch: 191/200 Train accuracy: 6.75859e-01 Validation accuracy: 6.78667e-01 Loss 1.07372e-02 Time taken: 1.54 seconds 
Epoch: 192/200 Train accuracy: 6.74006e-01 Validation accuracy: 6.78667e-01 Loss 1.07380e-02 Time taken: 1.57 seconds 
Epoch: 193/200 Train accuracy: 6.70301e-01 Validation accuracy: 6.76000e-01 Loss 1.07649e-02 Time taken: 1.55 seconds 
Epoch: 194/200 Train accuracy: 6.73222e-01 Validation accuracy: 6.77333e-01 Loss 1.07524e-02 Time taken: 1.54 seconds 
Epoch: 195/200 Train accuracy: 6.73792e-01 Validation accuracy: 6.83333e-01 Loss 1.07503e-02 Time taken: 1.54 seconds 
Epoch: 196/200 Train accuracy: 6.75075e-01 Validation accuracy: 6.78667e-01 Loss 1.07456e-02 Time taken: 1.59 seconds 
Epoch: 197/200 Train accuracy: 6.75146e-01 Validation accuracy: 6.81000e-01 Loss 1.07442e-02 Time taken: 1.54 seconds 
Epoch: 198/200 Train accuracy: 6.75146e-01 Validation accuracy: 6.77000e-01 Loss 1.07529e-02 Time taken: 1.54 seconds 
Epoch: 199/200 Train accuracy: 6.72011e-01 Validation accuracy: 6.77000e-01 Loss 1.07623e-02 Time taken: 1.54 seconds 
Epoch: 200/200 Train accuracy: 6.74434e-01 Validation accuracy: 6.78000e-01 Loss 1.07419e-02 Time taken: 1.54 seconds 
Total time taken 0:05:10.019614
Cleaning up intermediate feature (.pt) files
Done


working on file logs_PKT/iic-train-L2-seed-10/jepa_iic_L2_seed-10-ep200.pth.tar ...
