Directory classifiers/jepa-iic-L2-seed-10-classifier-pretrained-vitb-normalized-ep200 for saving the classifiers is now present
VisionTransformer(
  (patch_embed): PatchEmbed(
    (proj): Conv2d(3, 768, kernel_size=(15, 15), stride=(15, 15))
  )
  (blocks): ModuleList(
    (0-11): 12 x Block(
      (norm1): LayerNorm((768,), eps=1e-06, elementwise_affine=True)
      (attn): Attention(
        (qkv): Linear(in_features=768, out_features=2304, bias=True)
        (attn_drop): Dropout(p=0.0, inplace=False)
        (proj): Linear(in_features=768, out_features=768, bias=True)
        (proj_drop): Dropout(p=0.0, inplace=False)
      )
      (drop_path): Identity()
      (norm2): LayerNorm((768,), eps=1e-06, elementwise_affine=True)
      (mlp): MLP(
        (fc1): Linear(in_features=768, out_features=3072, bias=True)
        (act): GELU(approximate='none')
        (fc2): Linear(in_features=3072, out_features=768, bias=True)
        (drop): Dropout(p=0.0, inplace=False)
      )
    )
  )
  (norm): LayerNorm((768,), eps=1e-06, elementwise_affine=True)
)
Extracting features and saving them locally..
Epoch: 1/200 Train accuracy: 3.99957e-01 Validation accuracy: 5.44333e-01 Loss 1.28696e-02 Time taken: 1.56 seconds 
Epoch: 2/200 Train accuracy: 5.43608e-01 Validation accuracy: 6.13000e-01 Loss 1.19092e-02 Time taken: 1.56 seconds 
Epoch: 3/200 Train accuracy: 5.96195e-01 Validation accuracy: 6.45333e-01 Loss 1.15198e-02 Time taken: 1.55 seconds 
Epoch: 4/200 Train accuracy: 6.18997e-01 Validation accuracy: 6.48667e-01 Loss 1.13210e-02 Time taken: 1.55 seconds 
Epoch: 5/200 Train accuracy: 6.31110e-01 Validation accuracy: 6.51667e-01 Loss 1.12081e-02 Time taken: 1.56 seconds 
Epoch: 6/200 Train accuracy: 6.39946e-01 Validation accuracy: 6.54333e-01 Loss 1.11203e-02 Time taken: 1.55 seconds 
Epoch: 7/200 Train accuracy: 6.44007e-01 Validation accuracy: 6.56000e-01 Loss 1.10683e-02 Time taken: 1.55 seconds 
Epoch: 8/200 Train accuracy: 6.54696e-01 Validation accuracy: 6.60000e-01 Loss 1.09991e-02 Time taken: 1.56 seconds 
Epoch: 9/200 Train accuracy: 6.55266e-01 Validation accuracy: 6.67000e-01 Loss 1.09824e-02 Time taken: 1.55 seconds 
Epoch: 10/200 Train accuracy: 6.60966e-01 Validation accuracy: 6.72667e-01 Loss 1.09249e-02 Time taken: 1.55 seconds 
Epoch: 11/200 Train accuracy: 6.63959e-01 Validation accuracy: 6.72333e-01 Loss 1.08955e-02 Time taken: 1.55 seconds 
Epoch: 12/200 Train accuracy: 6.68591e-01 Validation accuracy: 6.73333e-01 Loss 1.08759e-02 Time taken: 1.54 seconds 
Epoch: 13/200 Train accuracy: 6.69446e-01 Validation accuracy: 6.73000e-01 Loss 1.08603e-02 Time taken: 1.55 seconds 
Epoch: 14/200 Train accuracy: 6.73008e-01 Validation accuracy: 6.69000e-01 Loss 1.08287e-02 Time taken: 1.55 seconds 
Epoch: 15/200 Train accuracy: 6.75787e-01 Validation accuracy: 6.76667e-01 Loss 1.08071e-02 Time taken: 1.54 seconds 
Epoch: 16/200 Train accuracy: 6.76642e-01 Validation accuracy: 6.76000e-01 Loss 1.08064e-02 Time taken: 1.54 seconds 
Epoch: 17/200 Train accuracy: 6.74647e-01 Validation accuracy: 6.79000e-01 Loss 1.07908e-02 Time taken: 1.55 seconds 
Epoch: 18/200 Train accuracy: 6.81702e-01 Validation accuracy: 6.82667e-01 Loss 1.07656e-02 Time taken: 1.54 seconds 
Epoch: 19/200 Train accuracy: 6.81915e-01 Validation accuracy: 6.82000e-01 Loss 1.07532e-02 Time taken: 1.54 seconds 
Epoch: 20/200 Train accuracy: 6.82557e-01 Validation accuracy: 6.77333e-01 Loss 1.07479e-02 Time taken: 1.55 seconds 
Epoch: 21/200 Train accuracy: 6.84338e-01 Validation accuracy: 6.78333e-01 Loss 1.07235e-02 Time taken: 1.55 seconds 
Epoch: 22/200 Train accuracy: 6.86262e-01 Validation accuracy: 6.83667e-01 Loss 1.07221e-02 Time taken: 1.55 seconds 
Epoch: 23/200 Train accuracy: 6.83269e-01 Validation accuracy: 6.86667e-01 Loss 1.07198e-02 Time taken: 1.55 seconds 
Epoch: 24/200 Train accuracy: 6.87260e-01 Validation accuracy: 6.82333e-01 Loss 1.06900e-02 Time taken: 1.54 seconds 
Epoch: 25/200 Train accuracy: 6.90466e-01 Validation accuracy: 6.84333e-01 Loss 1.06808e-02 Time taken: 1.55 seconds 
Epoch: 26/200 Train accuracy: 6.89183e-01 Validation accuracy: 6.86667e-01 Loss 1.06903e-02 Time taken: 1.54 seconds 
Epoch: 27/200 Train accuracy: 6.88542e-01 Validation accuracy: 6.82000e-01 Loss 1.06872e-02 Time taken: 1.55 seconds 
Epoch: 28/200 Train accuracy: 6.91107e-01 Validation accuracy: 6.81667e-01 Loss 1.06684e-02 Time taken: 1.54 seconds 
Epoch: 29/200 Train accuracy: 6.93744e-01 Validation accuracy: 6.87000e-01 Loss 1.06581e-02 Time taken: 1.55 seconds 
Epoch: 30/200 Train accuracy: 6.93316e-01 Validation accuracy: 6.90667e-01 Loss 1.06579e-02 Time taken: 1.54 seconds 
Epoch: 31/200 Train accuracy: 6.92319e-01 Validation accuracy: 6.83333e-01 Loss 1.06551e-02 Time taken: 1.56 seconds 
Epoch: 32/200 Train accuracy: 6.90822e-01 Validation accuracy: 6.91000e-01 Loss 1.06496e-02 Time taken: 1.54 seconds 
Epoch: 33/200 Train accuracy: 6.90609e-01 Validation accuracy: 6.90667e-01 Loss 1.06576e-02 Time taken: 1.55 seconds 
Epoch: 34/200 Train accuracy: 6.95026e-01 Validation accuracy: 6.89667e-01 Loss 1.06300e-02 Time taken: 1.54 seconds 
Epoch: 35/200 Train accuracy: 6.90751e-01 Validation accuracy: 6.92667e-01 Loss 1.06375e-02 Time taken: 1.55 seconds 
Epoch: 36/200 Train accuracy: 6.91962e-01 Validation accuracy: 6.90667e-01 Loss 1.06373e-02 Time taken: 1.54 seconds 
Epoch: 37/200 Train accuracy: 6.95169e-01 Validation accuracy: 6.93333e-01 Loss 1.06277e-02 Time taken: 1.54 seconds 
Epoch: 38/200 Train accuracy: 6.93316e-01 Validation accuracy: 6.92000e-01 Loss 1.06211e-02 Time taken: 1.54 seconds 
Epoch: 39/200 Train accuracy: 6.93601e-01 Validation accuracy: 6.82333e-01 Loss 1.06271e-02 Time taken: 1.55 seconds 
Epoch: 40/200 Train accuracy: 6.99943e-01 Validation accuracy: 6.93333e-01 Loss 1.06134e-02 Time taken: 1.54 seconds 
Epoch: 41/200 Train accuracy: 6.96451e-01 Validation accuracy: 6.92667e-01 Loss 1.05990e-02 Time taken: 1.55 seconds 
Epoch: 42/200 Train accuracy: 6.94385e-01 Validation accuracy: 6.95667e-01 Loss 1.06160e-02 Time taken: 1.54 seconds 
Epoch: 43/200 Train accuracy: 6.96380e-01 Validation accuracy: 6.86667e-01 Loss 1.05965e-02 Time taken: 1.55 seconds 
Epoch: 44/200 Train accuracy: 6.93815e-01 Validation accuracy: 6.98333e-01 Loss 1.06158e-02 Time taken: 1.54 seconds 
Epoch: 45/200 Train accuracy: 6.98304e-01 Validation accuracy: 6.90667e-01 Loss 1.05931e-02 Time taken: 1.55 seconds 
Epoch: 46/200 Train accuracy: 6.97805e-01 Validation accuracy: 6.94333e-01 Loss 1.05888e-02 Time taken: 1.55 seconds 
Epoch: 47/200 Train accuracy: 6.96095e-01 Validation accuracy: 6.96333e-01 Loss 1.05916e-02 Time taken: 1.55 seconds 
Epoch: 48/200 Train accuracy: 6.97805e-01 Validation accuracy: 6.91000e-01 Loss 1.05916e-02 Time taken: 1.55 seconds 
Epoch: 49/200 Train accuracy: 6.95454e-01 Validation accuracy: 6.91667e-01 Loss 1.05834e-02 Time taken: 1.55 seconds 
Epoch: 50/200 Train accuracy: 7.01582e-01 Validation accuracy: 6.98333e-01 Loss 1.05759e-02 Time taken: 1.56 seconds 
Epoch: 51/200 Train accuracy: 7.00014e-01 Validation accuracy: 6.88667e-01 Loss 1.05675e-02 Time taken: 1.55 seconds 
Epoch: 52/200 Train accuracy: 7.00299e-01 Validation accuracy: 6.97333e-01 Loss 1.05752e-02 Time taken: 1.55 seconds 
Epoch: 53/200 Train accuracy: 6.96166e-01 Validation accuracy: 7.01667e-01 Loss 1.05900e-02 Time taken: 1.56 seconds 
Epoch: 54/200 Train accuracy: 6.97948e-01 Validation accuracy: 6.97333e-01 Loss 1.05837e-02 Time taken: 1.55 seconds 
Epoch: 55/200 Train accuracy: 6.99872e-01 Validation accuracy: 6.99000e-01 Loss 1.05598e-02 Time taken: 1.56 seconds 
Epoch: 56/200 Train accuracy: 6.99515e-01 Validation accuracy: 7.00667e-01 Loss 1.05719e-02 Time taken: 1.54 seconds 
Epoch: 57/200 Train accuracy: 6.99658e-01 Validation accuracy: 6.99667e-01 Loss 1.05664e-02 Time taken: 1.55 seconds 
Epoch: 58/200 Train accuracy: 6.98660e-01 Validation accuracy: 6.99667e-01 Loss 1.05712e-02 Time taken: 1.54 seconds 
Epoch: 59/200 Train accuracy: 7.00941e-01 Validation accuracy: 7.00667e-01 Loss 1.05636e-02 Time taken: 1.55 seconds 
Epoch: 60/200 Train accuracy: 7.02793e-01 Validation accuracy: 7.01000e-01 Loss 1.05521e-02 Time taken: 1.54 seconds 
Epoch: 61/200 Train accuracy: 7.02081e-01 Validation accuracy: 6.97000e-01 Loss 1.05542e-02 Time taken: 1.55 seconds 
Epoch: 62/200 Train accuracy: 7.00157e-01 Validation accuracy: 6.98667e-01 Loss 1.05640e-02 Time taken: 1.55 seconds 
Epoch: 63/200 Train accuracy: 7.02508e-01 Validation accuracy: 7.00000e-01 Loss 1.05582e-02 Time taken: 1.55 seconds 
Epoch: 64/200 Train accuracy: 7.09064e-01 Validation accuracy: 6.93333e-01 Loss 1.05261e-02 Time taken: 1.55 seconds 
Epoch: 65/200 Train accuracy: 7.00228e-01 Validation accuracy: 7.01333e-01 Loss 1.05574e-02 Time taken: 1.55 seconds 
Epoch: 66/200 Train accuracy: 7.00442e-01 Validation accuracy: 7.00667e-01 Loss 1.05518e-02 Time taken: 1.55 seconds 
Epoch: 67/200 Train accuracy: 7.02936e-01 Validation accuracy: 7.00000e-01 Loss 1.05425e-02 Time taken: 1.56 seconds 
Epoch: 68/200 Train accuracy: 7.00869e-01 Validation accuracy: 6.99333e-01 Loss 1.05487e-02 Time taken: 1.58 seconds 
Epoch: 69/200 Train accuracy: 7.00371e-01 Validation accuracy: 7.02333e-01 Loss 1.05546e-02 Time taken: 1.60 seconds 
Epoch: 70/200 Train accuracy: 7.05857e-01 Validation accuracy: 7.04667e-01 Loss 1.05299e-02 Time taken: 1.55 seconds 
Epoch: 71/200 Train accuracy: 7.04147e-01 Validation accuracy: 6.94667e-01 Loss 1.05346e-02 Time taken: 1.55 seconds 
Epoch: 72/200 Train accuracy: 7.02152e-01 Validation accuracy: 6.94333e-01 Loss 1.05509e-02 Time taken: 1.54 seconds 
Epoch: 73/200 Train accuracy: 7.04005e-01 Validation accuracy: 7.00667e-01 Loss 1.05243e-02 Time taken: 1.55 seconds 
Epoch: 74/200 Train accuracy: 7.02294e-01 Validation accuracy: 7.00000e-01 Loss 1.05383e-02 Time taken: 1.54 seconds 
Epoch: 75/200 Train accuracy: 7.03078e-01 Validation accuracy: 7.01000e-01 Loss 1.05427e-02 Time taken: 1.55 seconds 
Epoch: 76/200 Train accuracy: 7.04290e-01 Validation accuracy: 6.97667e-01 Loss 1.05323e-02 Time taken: 1.54 seconds 
Epoch: 77/200 Train accuracy: 6.99729e-01 Validation accuracy: 7.03333e-01 Loss 1.05433e-02 Time taken: 1.55 seconds 
Epoch: 78/200 Train accuracy: 7.09349e-01 Validation accuracy: 7.04667e-01 Loss 1.05065e-02 Time taken: 1.55 seconds 
Epoch: 79/200 Train accuracy: 7.06213e-01 Validation accuracy: 6.97667e-01 Loss 1.05181e-02 Time taken: 1.55 seconds 
Epoch: 80/200 Train accuracy: 7.02081e-01 Validation accuracy: 7.00333e-01 Loss 1.05392e-02 Time taken: 1.55 seconds 
Epoch: 81/200 Train accuracy: 7.07425e-01 Validation accuracy: 6.90667e-01 Loss 1.05111e-02 Time taken: 1.56 seconds 
Epoch: 82/200 Train accuracy: 7.04717e-01 Validation accuracy: 7.02333e-01 Loss 1.05203e-02 Time taken: 1.55 seconds 
Epoch: 83/200 Train accuracy: 7.06855e-01 Validation accuracy: 7.00333e-01 Loss 1.05081e-02 Time taken: 1.54 seconds 
Epoch: 84/200 Train accuracy: 7.07140e-01 Validation accuracy: 6.96667e-01 Loss 1.05137e-02 Time taken: 1.55 seconds 
Epoch: 85/200 Train accuracy: 7.03149e-01 Validation accuracy: 7.04667e-01 Loss 1.05288e-02 Time taken: 1.56 seconds 
Epoch: 86/200 Train accuracy: 7.04503e-01 Validation accuracy: 7.05333e-01 Loss 1.05188e-02 Time taken: 1.55 seconds 
Epoch: 87/200 Train accuracy: 7.06071e-01 Validation accuracy: 6.99667e-01 Loss 1.05163e-02 Time taken: 1.55 seconds 
Epoch: 88/200 Train accuracy: 7.02864e-01 Validation accuracy: 7.03000e-01 Loss 1.05254e-02 Time taken: 1.55 seconds 
Epoch: 89/200 Train accuracy: 7.04860e-01 Validation accuracy: 7.04667e-01 Loss 1.05214e-02 Time taken: 1.56 seconds 
Epoch: 90/200 Train accuracy: 7.04290e-01 Validation accuracy: 7.07333e-01 Loss 1.05171e-02 Time taken: 1.55 seconds 
Epoch: 91/200 Train accuracy: 7.06926e-01 Validation accuracy: 7.02000e-01 Loss 1.04991e-02 Time taken: 1.56 seconds 
Epoch: 92/200 Train accuracy: 7.07211e-01 Validation accuracy: 7.08667e-01 Loss 1.04989e-02 Time taken: 1.55 seconds 
Epoch: 93/200 Train accuracy: 7.05216e-01 Validation accuracy: 7.06667e-01 Loss 1.05207e-02 Time taken: 1.55 seconds 
Epoch: 94/200 Train accuracy: 7.04432e-01 Validation accuracy: 7.06000e-01 Loss 1.05038e-02 Time taken: 1.56 seconds 
Epoch: 95/200 Train accuracy: 7.07995e-01 Validation accuracy: 7.04333e-01 Loss 1.04986e-02 Time taken: 1.56 seconds 
Epoch: 96/200 Train accuracy: 7.04076e-01 Validation accuracy: 7.08000e-01 Loss 1.05107e-02 Time taken: 1.55 seconds 
Epoch: 97/200 Train accuracy: 7.07995e-01 Validation accuracy: 7.08000e-01 Loss 1.04943e-02 Time taken: 1.55 seconds 
Epoch: 98/200 Train accuracy: 7.06427e-01 Validation accuracy: 7.05667e-01 Loss 1.05168e-02 Time taken: 1.55 seconds 
Epoch: 99/200 Train accuracy: 7.04646e-01 Validation accuracy: 7.04333e-01 Loss 1.05079e-02 Time taken: 1.56 seconds 
Epoch: 100/200 Train accuracy: 7.07995e-01 Validation accuracy: 7.09333e-01 Loss 1.04987e-02 Time taken: 1.54 seconds 
Epoch: 101/200 Train accuracy: 7.07781e-01 Validation accuracy: 7.03667e-01 Loss 1.04919e-02 Time taken: 1.55 seconds 
Epoch: 102/200 Train accuracy: 7.09135e-01 Validation accuracy: 7.03333e-01 Loss 1.04949e-02 Time taken: 1.55 seconds 
Epoch: 103/200 Train accuracy: 7.06499e-01 Validation accuracy: 7.07667e-01 Loss 1.04952e-02 Time taken: 1.55 seconds 
Epoch: 104/200 Train accuracy: 7.06855e-01 Validation accuracy: 7.06333e-01 Loss 1.04993e-02 Time taken: 1.54 seconds 
Epoch: 105/200 Train accuracy: 7.04432e-01 Validation accuracy: 6.98667e-01 Loss 1.05086e-02 Time taken: 1.56 seconds 
Epoch: 106/200 Train accuracy: 7.07852e-01 Validation accuracy: 7.09333e-01 Loss 1.04888e-02 Time taken: 1.55 seconds 
Epoch: 107/200 Train accuracy: 7.02793e-01 Validation accuracy: 6.97667e-01 Loss 1.05186e-02 Time taken: 1.55 seconds 
Epoch: 108/200 Train accuracy: 7.05073e-01 Validation accuracy: 7.09667e-01 Loss 1.05109e-02 Time taken: 1.53 seconds 
Epoch: 109/200 Train accuracy: 7.07069e-01 Validation accuracy: 7.01000e-01 Loss 1.04968e-02 Time taken: 1.55 seconds 
Epoch: 110/200 Train accuracy: 7.06997e-01 Validation accuracy: 7.00333e-01 Loss 1.05079e-02 Time taken: 1.55 seconds 
Epoch: 111/200 Train accuracy: 7.05643e-01 Validation accuracy: 7.04000e-01 Loss 1.05029e-02 Time taken: 1.55 seconds 
Epoch: 112/200 Train accuracy: 7.06570e-01 Validation accuracy: 7.04000e-01 Loss 1.05011e-02 Time taken: 1.54 seconds 
Epoch: 113/200 Train accuracy: 7.09064e-01 Validation accuracy: 7.07333e-01 Loss 1.04865e-02 Time taken: 1.55 seconds 
Epoch: 114/200 Train accuracy: 7.05358e-01 Validation accuracy: 7.05667e-01 Loss 1.04972e-02 Time taken: 1.55 seconds 
Epoch: 115/200 Train accuracy: 7.07425e-01 Validation accuracy: 7.08667e-01 Loss 1.04887e-02 Time taken: 1.54 seconds 
Epoch: 116/200 Train accuracy: 7.07425e-01 Validation accuracy: 7.08000e-01 Loss 1.04887e-02 Time taken: 1.54 seconds 
Epoch: 117/200 Train accuracy: 7.10988e-01 Validation accuracy: 7.04667e-01 Loss 1.04757e-02 Time taken: 1.55 seconds 
Epoch: 118/200 Train accuracy: 7.04575e-01 Validation accuracy: 7.09000e-01 Loss 1.05011e-02 Time taken: 1.54 seconds 
Epoch: 119/200 Train accuracy: 7.08992e-01 Validation accuracy: 7.07333e-01 Loss 1.04868e-02 Time taken: 1.55 seconds 
Epoch: 120/200 Train accuracy: 7.07211e-01 Validation accuracy: 7.09000e-01 Loss 1.04851e-02 Time taken: 1.54 seconds 
Epoch: 121/200 Train accuracy: 7.07354e-01 Validation accuracy: 7.05333e-01 Loss 1.04824e-02 Time taken: 1.56 seconds 
Epoch: 122/200 Train accuracy: 7.07924e-01 Validation accuracy: 7.05000e-01 Loss 1.04875e-02 Time taken: 1.56 seconds 
Epoch: 123/200 Train accuracy: 7.08565e-01 Validation accuracy: 7.11000e-01 Loss 1.04868e-02 Time taken: 1.55 seconds 
Epoch: 124/200 Train accuracy: 7.06712e-01 Validation accuracy: 7.04333e-01 Loss 1.04933e-02 Time taken: 1.54 seconds 
Epoch: 125/200 Train accuracy: 7.09420e-01 Validation accuracy: 7.09667e-01 Loss 1.04806e-02 Time taken: 1.55 seconds 
Epoch: 126/200 Train accuracy: 7.07852e-01 Validation accuracy: 7.04000e-01 Loss 1.04872e-02 Time taken: 1.54 seconds 
Epoch: 127/200 Train accuracy: 7.08422e-01 Validation accuracy: 7.07667e-01 Loss 1.04739e-02 Time taken: 1.55 seconds 
Epoch: 128/200 Train accuracy: 7.07211e-01 Validation accuracy: 7.10000e-01 Loss 1.04879e-02 Time taken: 1.54 seconds 
Epoch: 129/200 Train accuracy: 7.09420e-01 Validation accuracy: 6.88000e-01 Loss 1.04902e-02 Time taken: 1.55 seconds 
Epoch: 130/200 Train accuracy: 7.08921e-01 Validation accuracy: 7.04000e-01 Loss 1.04808e-02 Time taken: 1.55 seconds 
Epoch: 131/200 Train accuracy: 7.08921e-01 Validation accuracy: 7.08333e-01 Loss 1.04703e-02 Time taken: 1.55 seconds 
Epoch: 132/200 Train accuracy: 7.08209e-01 Validation accuracy: 7.04000e-01 Loss 1.04823e-02 Time taken: 1.54 seconds 
Epoch: 133/200 Train accuracy: 7.10845e-01 Validation accuracy: 7.09333e-01 Loss 1.04705e-02 Time taken: 1.55 seconds 
Epoch: 134/200 Train accuracy: 7.08565e-01 Validation accuracy: 7.07000e-01 Loss 1.04746e-02 Time taken: 1.55 seconds 
Epoch: 135/200 Train accuracy: 7.05287e-01 Validation accuracy: 7.01000e-01 Loss 1.04937e-02 Time taken: 1.55 seconds 
Epoch: 136/200 Train accuracy: 7.09349e-01 Validation accuracy: 7.00667e-01 Loss 1.04778e-02 Time taken: 1.54 seconds 
Epoch: 137/200 Train accuracy: 7.10346e-01 Validation accuracy: 7.00333e-01 Loss 1.04735e-02 Time taken: 1.55 seconds 
Epoch: 138/200 Train accuracy: 7.09705e-01 Validation accuracy: 7.05333e-01 Loss 1.04760e-02 Time taken: 1.55 seconds 
Epoch: 139/200 Train accuracy: 7.10133e-01 Validation accuracy: 7.07000e-01 Loss 1.04762e-02 Time taken: 1.55 seconds 
Epoch: 140/200 Train accuracy: 7.06356e-01 Validation accuracy: 7.08333e-01 Loss 1.04845e-02 Time taken: 1.54 seconds 
Epoch: 141/200 Train accuracy: 7.08921e-01 Validation accuracy: 7.06000e-01 Loss 1.04785e-02 Time taken: 1.55 seconds 
Epoch: 142/200 Train accuracy: 7.09420e-01 Validation accuracy: 7.01000e-01 Loss 1.04676e-02 Time taken: 1.55 seconds 
Epoch: 143/200 Train accuracy: 7.12270e-01 Validation accuracy: 7.11333e-01 Loss 1.04621e-02 Time taken: 1.55 seconds 
Epoch: 144/200 Train accuracy: 7.10418e-01 Validation accuracy: 7.10667e-01 Loss 1.04674e-02 Time taken: 1.55 seconds 
Epoch: 145/200 Train accuracy: 7.11130e-01 Validation accuracy: 7.09000e-01 Loss 1.04615e-02 Time taken: 1.56 seconds 
Epoch: 146/200 Train accuracy: 7.09135e-01 Validation accuracy: 7.08333e-01 Loss 1.04790e-02 Time taken: 1.55 seconds 
Epoch: 147/200 Train accuracy: 7.11558e-01 Validation accuracy: 7.11333e-01 Loss 1.04557e-02 Time taken: 1.55 seconds 
Epoch: 148/200 Train accuracy: 7.04931e-01 Validation accuracy: 7.06667e-01 Loss 1.04832e-02 Time taken: 1.55 seconds 
Epoch: 149/200 Train accuracy: 7.08707e-01 Validation accuracy: 7.07000e-01 Loss 1.04686e-02 Time taken: 1.55 seconds 
Epoch: 150/200 Train accuracy: 7.05715e-01 Validation accuracy: 7.10667e-01 Loss 1.04835e-02 Time taken: 1.55 seconds 
Epoch: 151/200 Train accuracy: 7.07924e-01 Validation accuracy: 7.08000e-01 Loss 1.04840e-02 Time taken: 1.54 seconds 
Epoch: 152/200 Train accuracy: 7.07852e-01 Validation accuracy: 7.06000e-01 Loss 1.04769e-02 Time taken: 1.55 seconds 
Epoch: 153/200 Train accuracy: 7.12555e-01 Validation accuracy: 7.08333e-01 Loss 1.04563e-02 Time taken: 1.55 seconds 
Epoch: 154/200 Train accuracy: 7.13482e-01 Validation accuracy: 7.06667e-01 Loss 1.04534e-02 Time taken: 1.54 seconds 
Epoch: 155/200 Train accuracy: 7.12341e-01 Validation accuracy: 7.13333e-01 Loss 1.04536e-02 Time taken: 1.55 seconds 
Epoch: 156/200 Train accuracy: 7.11130e-01 Validation accuracy: 7.07333e-01 Loss 1.04595e-02 Time taken: 1.55 seconds 
Epoch: 157/200 Train accuracy: 7.11130e-01 Validation accuracy: 7.13000e-01 Loss 1.04614e-02 Time taken: 1.55 seconds 
Epoch: 158/200 Train accuracy: 7.12199e-01 Validation accuracy: 7.09333e-01 Loss 1.04669e-02 Time taken: 1.55 seconds 
Epoch: 159/200 Train accuracy: 7.11558e-01 Validation accuracy: 7.11667e-01 Loss 1.04607e-02 Time taken: 1.55 seconds 
Epoch: 160/200 Train accuracy: 7.09349e-01 Validation accuracy: 7.04667e-01 Loss 1.04732e-02 Time taken: 1.55 seconds 
Epoch: 161/200 Train accuracy: 7.11415e-01 Validation accuracy: 7.01000e-01 Loss 1.04623e-02 Time taken: 1.55 seconds 
Epoch: 162/200 Train accuracy: 7.08565e-01 Validation accuracy: 7.08000e-01 Loss 1.04731e-02 Time taken: 1.55 seconds 
Epoch: 163/200 Train accuracy: 7.10631e-01 Validation accuracy: 7.09333e-01 Loss 1.04631e-02 Time taken: 1.55 seconds 
Epoch: 164/200 Train accuracy: 7.12840e-01 Validation accuracy: 7.13333e-01 Loss 1.04587e-02 Time taken: 1.55 seconds 
Epoch: 165/200 Train accuracy: 7.11985e-01 Validation accuracy: 7.11333e-01 Loss 1.04558e-02 Time taken: 1.55 seconds 
Epoch: 166/200 Train accuracy: 7.11415e-01 Validation accuracy: 7.10333e-01 Loss 1.04619e-02 Time taken: 1.55 seconds 
Epoch: 167/200 Train accuracy: 7.10418e-01 Validation accuracy: 7.05000e-01 Loss 1.04766e-02 Time taken: 1.55 seconds 
Epoch: 168/200 Train accuracy: 7.11415e-01 Validation accuracy: 7.04333e-01 Loss 1.04580e-02 Time taken: 1.55 seconds 
Epoch: 169/200 Train accuracy: 7.12983e-01 Validation accuracy: 7.13000e-01 Loss 1.04456e-02 Time taken: 1.55 seconds 
Epoch: 170/200 Train accuracy: 7.15975e-01 Validation accuracy: 7.00667e-01 Loss 1.04407e-02 Time taken: 1.55 seconds 
Epoch: 171/200 Train accuracy: 7.11273e-01 Validation accuracy: 7.14000e-01 Loss 1.04658e-02 Time taken: 1.55 seconds 
Epoch: 172/200 Train accuracy: 7.12626e-01 Validation accuracy: 7.05667e-01 Loss 1.04625e-02 Time taken: 1.55 seconds 
Epoch: 173/200 Train accuracy: 7.11914e-01 Validation accuracy: 7.11333e-01 Loss 1.04634e-02 Time taken: 1.55 seconds 
Epoch: 174/200 Train accuracy: 7.10061e-01 Validation accuracy: 7.07667e-01 Loss 1.04605e-02 Time taken: 1.55 seconds 
Epoch: 175/200 Train accuracy: 7.10560e-01 Validation accuracy: 7.12333e-01 Loss 1.04581e-02 Time taken: 1.55 seconds 
Epoch: 176/200 Train accuracy: 7.07995e-01 Validation accuracy: 7.10333e-01 Loss 1.04733e-02 Time taken: 1.55 seconds 
Epoch: 177/200 Train accuracy: 7.13268e-01 Validation accuracy: 7.11000e-01 Loss 1.04545e-02 Time taken: 1.55 seconds 
Epoch: 178/200 Train accuracy: 7.11273e-01 Validation accuracy: 7.05333e-01 Loss 1.04521e-02 Time taken: 1.55 seconds 
Epoch: 179/200 Train accuracy: 7.08565e-01 Validation accuracy: 7.14667e-01 Loss 1.04690e-02 Time taken: 1.55 seconds 
Epoch: 180/200 Train accuracy: 7.12484e-01 Validation accuracy: 7.11667e-01 Loss 1.04416e-02 Time taken: 1.55 seconds 
Epoch: 181/200 Train accuracy: 7.14337e-01 Validation accuracy: 7.08667e-01 Loss 1.04378e-02 Time taken: 1.55 seconds 
Epoch: 182/200 Train accuracy: 7.13553e-01 Validation accuracy: 7.12667e-01 Loss 1.04511e-02 Time taken: 1.55 seconds 
Epoch: 183/200 Train accuracy: 7.11486e-01 Validation accuracy: 7.07667e-01 Loss 1.04661e-02 Time taken: 1.55 seconds 
Epoch: 184/200 Train accuracy: 7.12769e-01 Validation accuracy: 7.02667e-01 Loss 1.04498e-02 Time taken: 1.55 seconds 
Epoch: 185/200 Train accuracy: 7.09848e-01 Validation accuracy: 7.14000e-01 Loss 1.04486e-02 Time taken: 1.55 seconds 
Epoch: 186/200 Train accuracy: 7.11629e-01 Validation accuracy: 7.14000e-01 Loss 1.04611e-02 Time taken: 1.56 seconds 
Epoch: 187/200 Train accuracy: 7.13482e-01 Validation accuracy: 7.12667e-01 Loss 1.04488e-02 Time taken: 1.55 seconds 
Epoch: 188/200 Train accuracy: 7.14337e-01 Validation accuracy: 7.11667e-01 Loss 1.04515e-02 Time taken: 1.55 seconds 
Epoch: 189/200 Train accuracy: 7.10489e-01 Validation accuracy: 7.06667e-01 Loss 1.04634e-02 Time taken: 1.56 seconds 
Epoch: 190/200 Train accuracy: 7.12270e-01 Validation accuracy: 7.08667e-01 Loss 1.04451e-02 Time taken: 1.55 seconds 
Epoch: 191/200 Train accuracy: 7.13410e-01 Validation accuracy: 7.14333e-01 Loss 1.04461e-02 Time taken: 1.55 seconds 
Epoch: 192/200 Train accuracy: 7.09990e-01 Validation accuracy: 7.12667e-01 Loss 1.04658e-02 Time taken: 1.55 seconds 
Epoch: 193/200 Train accuracy: 7.11771e-01 Validation accuracy: 7.08333e-01 Loss 1.04450e-02 Time taken: 1.55 seconds 
Epoch: 194/200 Train accuracy: 7.14693e-01 Validation accuracy: 7.08333e-01 Loss 1.04312e-02 Time taken: 1.54 seconds 
Epoch: 195/200 Train accuracy: 7.14265e-01 Validation accuracy: 7.11667e-01 Loss 1.04449e-02 Time taken: 1.54 seconds 
Epoch: 196/200 Train accuracy: 7.12555e-01 Validation accuracy: 7.11667e-01 Loss 1.04476e-02 Time taken: 1.55 seconds 
Epoch: 197/200 Train accuracy: 7.15263e-01 Validation accuracy: 7.09000e-01 Loss 1.04373e-02 Time taken: 1.55 seconds 
Epoch: 198/200 Train accuracy: 7.11629e-01 Validation accuracy: 7.05000e-01 Loss 1.04473e-02 Time taken: 1.55 seconds 
Epoch: 199/200 Train accuracy: 7.08992e-01 Validation accuracy: 7.09667e-01 Loss 1.04566e-02 Time taken: 1.55 seconds 
Epoch: 200/200 Train accuracy: 7.10916e-01 Validation accuracy: 7.05667e-01 Loss 1.04573e-02 Time taken: 1.55 seconds 
Total time taken 0:05:10.673323
Cleaning up intermediate feature (.pt) files
Done


working on file logs_PKT/iic-train-L2-seed-10/jepa_iic_L2_seed-10-ep300.pth.tar ...
