Directory classifiers/jepa-iic-L2-seed-10-classifier-pretrained-vitb-normalized-ep400 for saving the classifiers is now present
VisionTransformer(
  (patch_embed): PatchEmbed(
    (proj): Conv2d(3, 768, kernel_size=(15, 15), stride=(15, 15))
  )
  (blocks): ModuleList(
    (0-11): 12 x Block(
      (norm1): LayerNorm((768,), eps=1e-06, elementwise_affine=True)
      (attn): Attention(
        (qkv): Linear(in_features=768, out_features=2304, bias=True)
        (attn_drop): Dropout(p=0.0, inplace=False)
        (proj): Linear(in_features=768, out_features=768, bias=True)
        (proj_drop): Dropout(p=0.0, inplace=False)
      )
      (drop_path): Identity()
      (norm2): LayerNorm((768,), eps=1e-06, elementwise_affine=True)
      (mlp): MLP(
        (fc1): Linear(in_features=768, out_features=3072, bias=True)
        (act): GELU(approximate='none')
        (fc2): Linear(in_features=3072, out_features=768, bias=True)
        (drop): Dropout(p=0.0, inplace=False)
      )
    )
  )
  (norm): LayerNorm((768,), eps=1e-06, elementwise_affine=True)
)
Extracting features and saving them locally..
Epoch: 1/200 Train accuracy: 4.25182e-01 Validation accuracy: 5.55000e-01 Loss 1.27610e-02 Time taken: 1.56 seconds 
Epoch: 2/200 Train accuracy: 5.68975e-01 Validation accuracy: 5.95667e-01 Loss 1.17247e-02 Time taken: 1.56 seconds 
Epoch: 3/200 Train accuracy: 6.48283e-01 Validation accuracy: 6.98333e-01 Loss 1.11520e-02 Time taken: 1.55 seconds 
Epoch: 4/200 Train accuracy: 6.86547e-01 Validation accuracy: 7.02333e-01 Loss 1.08407e-02 Time taken: 1.55 seconds 
Epoch: 5/200 Train accuracy: 7.00157e-01 Validation accuracy: 7.10667e-01 Loss 1.07026e-02 Time taken: 1.56 seconds 
Epoch: 6/200 Train accuracy: 7.09848e-01 Validation accuracy: 7.09667e-01 Loss 1.06144e-02 Time taken: 1.56 seconds 
Epoch: 7/200 Train accuracy: 7.12128e-01 Validation accuracy: 7.19000e-01 Loss 1.05709e-02 Time taken: 1.56 seconds 
Epoch: 8/200 Train accuracy: 7.16617e-01 Validation accuracy: 7.25000e-01 Loss 1.05113e-02 Time taken: 1.56 seconds 
Epoch: 9/200 Train accuracy: 7.26094e-01 Validation accuracy: 7.30000e-01 Loss 1.04818e-02 Time taken: 1.60 seconds 
Epoch: 10/200 Train accuracy: 7.27020e-01 Validation accuracy: 7.25667e-01 Loss 1.04514e-02 Time taken: 1.55 seconds 
Epoch: 11/200 Train accuracy: 7.30939e-01 Validation accuracy: 7.36000e-01 Loss 1.04107e-02 Time taken: 1.55 seconds 
Epoch: 12/200 Train accuracy: 7.33006e-01 Validation accuracy: 7.36667e-01 Loss 1.03842e-02 Time taken: 1.55 seconds 
Epoch: 13/200 Train accuracy: 7.35357e-01 Validation accuracy: 7.38667e-01 Loss 1.03665e-02 Time taken: 1.55 seconds 
Epoch: 14/200 Train accuracy: 7.37637e-01 Validation accuracy: 7.38667e-01 Loss 1.03457e-02 Time taken: 1.55 seconds 
Epoch: 15/200 Train accuracy: 7.39846e-01 Validation accuracy: 7.41333e-01 Loss 1.03282e-02 Time taken: 1.54 seconds 
Epoch: 16/200 Train accuracy: 7.35642e-01 Validation accuracy: 7.37667e-01 Loss 1.03265e-02 Time taken: 1.55 seconds 
Epoch: 17/200 Train accuracy: 7.40060e-01 Validation accuracy: 7.47333e-01 Loss 1.03124e-02 Time taken: 1.54 seconds 
Epoch: 18/200 Train accuracy: 7.41057e-01 Validation accuracy: 7.42667e-01 Loss 1.02945e-02 Time taken: 1.55 seconds 
Epoch: 19/200 Train accuracy: 7.42981e-01 Validation accuracy: 7.42000e-01 Loss 1.02853e-02 Time taken: 1.54 seconds 
Epoch: 20/200 Train accuracy: 7.47114e-01 Validation accuracy: 7.44000e-01 Loss 1.02617e-02 Time taken: 1.55 seconds 
Epoch: 21/200 Train accuracy: 7.45903e-01 Validation accuracy: 7.37667e-01 Loss 1.02573e-02 Time taken: 1.56 seconds 
Epoch: 22/200 Train accuracy: 7.45404e-01 Validation accuracy: 7.49000e-01 Loss 1.02470e-02 Time taken: 1.56 seconds 
Epoch: 23/200 Train accuracy: 7.45974e-01 Validation accuracy: 7.40667e-01 Loss 1.02502e-02 Time taken: 1.54 seconds 
Epoch: 24/200 Train accuracy: 7.47185e-01 Validation accuracy: 7.47000e-01 Loss 1.02301e-02 Time taken: 1.55 seconds 
Epoch: 25/200 Train accuracy: 7.46259e-01 Validation accuracy: 7.50667e-01 Loss 1.02279e-02 Time taken: 1.55 seconds 
Epoch: 26/200 Train accuracy: 7.51461e-01 Validation accuracy: 7.52000e-01 Loss 1.02231e-02 Time taken: 1.55 seconds 
Epoch: 27/200 Train accuracy: 7.48112e-01 Validation accuracy: 7.51000e-01 Loss 1.02163e-02 Time taken: 1.54 seconds 
Epoch: 28/200 Train accuracy: 7.48753e-01 Validation accuracy: 7.53000e-01 Loss 1.02135e-02 Time taken: 1.55 seconds 
Epoch: 29/200 Train accuracy: 7.53741e-01 Validation accuracy: 7.48667e-01 Loss 1.01973e-02 Time taken: 1.55 seconds 
Epoch: 30/200 Train accuracy: 7.51960e-01 Validation accuracy: 7.49333e-01 Loss 1.01977e-02 Time taken: 1.54 seconds 
Epoch: 31/200 Train accuracy: 7.55807e-01 Validation accuracy: 7.51667e-01 Loss 1.01832e-02 Time taken: 1.55 seconds 
Epoch: 32/200 Train accuracy: 7.53527e-01 Validation accuracy: 7.57667e-01 Loss 1.01869e-02 Time taken: 1.55 seconds 
Epoch: 33/200 Train accuracy: 7.53955e-01 Validation accuracy: 7.47667e-01 Loss 1.01791e-02 Time taken: 1.55 seconds 
Epoch: 34/200 Train accuracy: 7.56235e-01 Validation accuracy: 7.55667e-01 Loss 1.01679e-02 Time taken: 1.55 seconds 
Epoch: 35/200 Train accuracy: 7.58658e-01 Validation accuracy: 7.59667e-01 Loss 1.01516e-02 Time taken: 1.55 seconds 
Epoch: 36/200 Train accuracy: 7.52387e-01 Validation accuracy: 7.60667e-01 Loss 1.01638e-02 Time taken: 1.55 seconds 
Epoch: 37/200 Train accuracy: 7.56164e-01 Validation accuracy: 7.56333e-01 Loss 1.01643e-02 Time taken: 1.54 seconds 
Epoch: 38/200 Train accuracy: 7.57589e-01 Validation accuracy: 7.60000e-01 Loss 1.01610e-02 Time taken: 1.55 seconds 
Epoch: 39/200 Train accuracy: 7.55950e-01 Validation accuracy: 7.56333e-01 Loss 1.01542e-02 Time taken: 1.55 seconds 
Epoch: 40/200 Train accuracy: 7.57090e-01 Validation accuracy: 7.55000e-01 Loss 1.01428e-02 Time taken: 1.54 seconds 
Epoch: 41/200 Train accuracy: 7.61508e-01 Validation accuracy: 7.52000e-01 Loss 1.01412e-02 Time taken: 1.55 seconds 
Epoch: 42/200 Train accuracy: 7.60724e-01 Validation accuracy: 7.56000e-01 Loss 1.01272e-02 Time taken: 1.55 seconds 
Epoch: 43/200 Train accuracy: 7.59584e-01 Validation accuracy: 7.56000e-01 Loss 1.01367e-02 Time taken: 1.54 seconds 
Epoch: 44/200 Train accuracy: 7.57161e-01 Validation accuracy: 7.59000e-01 Loss 1.01363e-02 Time taken: 1.54 seconds 
Epoch: 45/200 Train accuracy: 7.58016e-01 Validation accuracy: 7.62000e-01 Loss 1.01246e-02 Time taken: 1.54 seconds 
Epoch: 46/200 Train accuracy: 7.62648e-01 Validation accuracy: 7.53667e-01 Loss 1.01235e-02 Time taken: 1.54 seconds 
Epoch: 47/200 Train accuracy: 7.60581e-01 Validation accuracy: 7.60333e-01 Loss 1.01133e-02 Time taken: 1.54 seconds 
Epoch: 48/200 Train accuracy: 7.62078e-01 Validation accuracy: 7.53667e-01 Loss 1.01194e-02 Time taken: 1.55 seconds 
Epoch: 49/200 Train accuracy: 7.60225e-01 Validation accuracy: 7.57333e-01 Loss 1.01194e-02 Time taken: 1.55 seconds 
Epoch: 50/200 Train accuracy: 7.61080e-01 Validation accuracy: 7.59000e-01 Loss 1.01126e-02 Time taken: 1.55 seconds 
Epoch: 51/200 Train accuracy: 7.61365e-01 Validation accuracy: 7.58000e-01 Loss 1.01036e-02 Time taken: 1.54 seconds 
Epoch: 52/200 Train accuracy: 7.61935e-01 Validation accuracy: 7.57333e-01 Loss 1.01003e-02 Time taken: 1.56 seconds 
Epoch: 53/200 Train accuracy: 7.63930e-01 Validation accuracy: 7.64333e-01 Loss 1.00895e-02 Time taken: 1.55 seconds 
Epoch: 54/200 Train accuracy: 7.61579e-01 Validation accuracy: 7.61333e-01 Loss 1.01079e-02 Time taken: 1.54 seconds 
Epoch: 55/200 Train accuracy: 7.64358e-01 Validation accuracy: 7.59333e-01 Loss 1.00912e-02 Time taken: 1.55 seconds 
Epoch: 56/200 Train accuracy: 7.64714e-01 Validation accuracy: 7.57333e-01 Loss 1.00858e-02 Time taken: 1.55 seconds 
Epoch: 57/200 Train accuracy: 7.63859e-01 Validation accuracy: 7.60667e-01 Loss 1.00978e-02 Time taken: 1.55 seconds 
Epoch: 58/200 Train accuracy: 7.64999e-01 Validation accuracy: 7.60667e-01 Loss 1.00932e-02 Time taken: 1.54 seconds 
Epoch: 59/200 Train accuracy: 7.62933e-01 Validation accuracy: 7.67333e-01 Loss 1.00943e-02 Time taken: 1.55 seconds 
Epoch: 60/200 Train accuracy: 7.64002e-01 Validation accuracy: 7.62667e-01 Loss 1.00881e-02 Time taken: 1.55 seconds 
Epoch: 61/200 Train accuracy: 7.59869e-01 Validation accuracy: 7.67000e-01 Loss 1.00933e-02 Time taken: 1.54 seconds 
Epoch: 62/200 Train accuracy: 7.62220e-01 Validation accuracy: 7.65667e-01 Loss 1.00911e-02 Time taken: 1.55 seconds 
Epoch: 63/200 Train accuracy: 7.64500e-01 Validation accuracy: 7.64667e-01 Loss 1.00820e-02 Time taken: 1.54 seconds 
Epoch: 64/200 Train accuracy: 7.61935e-01 Validation accuracy: 7.66333e-01 Loss 1.00887e-02 Time taken: 1.55 seconds 
Epoch: 65/200 Train accuracy: 7.66923e-01 Validation accuracy: 7.61000e-01 Loss 1.00732e-02 Time taken: 1.55 seconds 
Epoch: 66/200 Train accuracy: 7.66282e-01 Validation accuracy: 7.62667e-01 Loss 1.00737e-02 Time taken: 1.55 seconds 
Epoch: 67/200 Train accuracy: 7.65712e-01 Validation accuracy: 7.59000e-01 Loss 1.00780e-02 Time taken: 1.55 seconds 
Epoch: 68/200 Train accuracy: 7.67493e-01 Validation accuracy: 7.58000e-01 Loss 1.00733e-02 Time taken: 1.54 seconds 
Epoch: 69/200 Train accuracy: 7.65997e-01 Validation accuracy: 7.63667e-01 Loss 1.00627e-02 Time taken: 1.55 seconds 
Epoch: 70/200 Train accuracy: 7.65783e-01 Validation accuracy: 7.65333e-01 Loss 1.00769e-02 Time taken: 1.55 seconds 
Epoch: 71/200 Train accuracy: 7.65356e-01 Validation accuracy: 7.67333e-01 Loss 1.00672e-02 Time taken: 1.55 seconds 
Epoch: 72/200 Train accuracy: 7.67208e-01 Validation accuracy: 7.66000e-01 Loss 1.00654e-02 Time taken: 1.54 seconds 
Epoch: 73/200 Train accuracy: 7.66496e-01 Validation accuracy: 7.67667e-01 Loss 1.00633e-02 Time taken: 1.56 seconds 
Epoch: 74/200 Train accuracy: 7.65284e-01 Validation accuracy: 7.69333e-01 Loss 1.00632e-02 Time taken: 1.55 seconds 
Epoch: 75/200 Train accuracy: 7.66068e-01 Validation accuracy: 7.66333e-01 Loss 1.00678e-02 Time taken: 1.53 seconds 
Epoch: 76/200 Train accuracy: 7.65284e-01 Validation accuracy: 7.59000e-01 Loss 1.00588e-02 Time taken: 1.55 seconds 
Epoch: 77/200 Train accuracy: 7.68206e-01 Validation accuracy: 7.64000e-01 Loss 1.00518e-02 Time taken: 1.55 seconds 
Epoch: 78/200 Train accuracy: 7.66781e-01 Validation accuracy: 7.65000e-01 Loss 1.00596e-02 Time taken: 1.55 seconds 
Epoch: 79/200 Train accuracy: 7.69203e-01 Validation accuracy: 7.67000e-01 Loss 1.00551e-02 Time taken: 1.54 seconds 
Epoch: 80/200 Train accuracy: 7.66353e-01 Validation accuracy: 7.65333e-01 Loss 1.00496e-02 Time taken: 1.55 seconds 
Epoch: 81/200 Train accuracy: 7.67778e-01 Validation accuracy: 7.66667e-01 Loss 1.00521e-02 Time taken: 1.55 seconds 
Epoch: 82/200 Train accuracy: 7.67279e-01 Validation accuracy: 7.60667e-01 Loss 1.00493e-02 Time taken: 1.54 seconds 
Epoch: 83/200 Train accuracy: 7.69560e-01 Validation accuracy: 7.60333e-01 Loss 1.00411e-02 Time taken: 1.55 seconds 
Epoch: 84/200 Train accuracy: 7.69275e-01 Validation accuracy: 7.64333e-01 Loss 1.00414e-02 Time taken: 1.55 seconds 
Epoch: 85/200 Train accuracy: 7.69346e-01 Validation accuracy: 7.62000e-01 Loss 1.00463e-02 Time taken: 1.54 seconds 
Epoch: 86/200 Train accuracy: 7.67992e-01 Validation accuracy: 7.63000e-01 Loss 1.00441e-02 Time taken: 1.55 seconds 
Epoch: 87/200 Train accuracy: 7.68491e-01 Validation accuracy: 7.63667e-01 Loss 1.00463e-02 Time taken: 1.54 seconds 
Epoch: 88/200 Train accuracy: 7.72481e-01 Validation accuracy: 7.66667e-01 Loss 1.00270e-02 Time taken: 1.54 seconds 
Epoch: 89/200 Train accuracy: 7.67493e-01 Validation accuracy: 7.66333e-01 Loss 1.00452e-02 Time taken: 1.54 seconds 
Epoch: 90/200 Train accuracy: 7.69631e-01 Validation accuracy: 7.70667e-01 Loss 1.00396e-02 Time taken: 1.55 seconds 
Epoch: 91/200 Train accuracy: 7.68491e-01 Validation accuracy: 7.69667e-01 Loss 1.00412e-02 Time taken: 1.54 seconds 
Epoch: 92/200 Train accuracy: 7.68847e-01 Validation accuracy: 7.66667e-01 Loss 1.00426e-02 Time taken: 1.54 seconds 
Epoch: 93/200 Train accuracy: 7.71270e-01 Validation accuracy: 7.70333e-01 Loss 1.00254e-02 Time taken: 1.54 seconds 
Epoch: 94/200 Train accuracy: 7.68348e-01 Validation accuracy: 7.65333e-01 Loss 1.00453e-02 Time taken: 1.55 seconds 
Epoch: 95/200 Train accuracy: 7.69275e-01 Validation accuracy: 7.71000e-01 Loss 1.00275e-02 Time taken: 1.54 seconds 
Epoch: 96/200 Train accuracy: 7.71127e-01 Validation accuracy: 7.67333e-01 Loss 1.00280e-02 Time taken: 1.54 seconds 
Epoch: 97/200 Train accuracy: 7.73336e-01 Validation accuracy: 7.61000e-01 Loss 1.00204e-02 Time taken: 1.55 seconds 
Epoch: 98/200 Train accuracy: 7.71697e-01 Validation accuracy: 7.68000e-01 Loss 1.00177e-02 Time taken: 1.54 seconds 
Epoch: 99/200 Train accuracy: 7.67850e-01 Validation accuracy: 7.71000e-01 Loss 1.00326e-02 Time taken: 1.54 seconds 
Epoch: 100/200 Train accuracy: 7.67850e-01 Validation accuracy: 7.74667e-01 Loss 1.00387e-02 Time taken: 1.55 seconds 
Epoch: 101/200 Train accuracy: 7.67564e-01 Validation accuracy: 7.68333e-01 Loss 1.00331e-02 Time taken: 1.56 seconds 
Epoch: 102/200 Train accuracy: 7.69631e-01 Validation accuracy: 7.67333e-01 Loss 1.00216e-02 Time taken: 1.55 seconds 
Epoch: 103/200 Train accuracy: 7.71982e-01 Validation accuracy: 7.70667e-01 Loss 1.00168e-02 Time taken: 1.54 seconds 
Epoch: 104/200 Train accuracy: 7.71911e-01 Validation accuracy: 7.68333e-01 Loss 1.00191e-02 Time taken: 1.55 seconds 
Epoch: 105/200 Train accuracy: 7.71127e-01 Validation accuracy: 7.70667e-01 Loss 1.00147e-02 Time taken: 1.55 seconds 
Epoch: 106/200 Train accuracy: 7.68562e-01 Validation accuracy: 7.66667e-01 Loss 1.00365e-02 Time taken: 1.55 seconds 
Epoch: 107/200 Train accuracy: 7.70700e-01 Validation accuracy: 7.68000e-01 Loss 1.00194e-02 Time taken: 1.54 seconds 
Epoch: 108/200 Train accuracy: 7.70985e-01 Validation accuracy: 7.73000e-01 Loss 1.00148e-02 Time taken: 1.55 seconds 
Epoch: 109/200 Train accuracy: 7.70700e-01 Validation accuracy: 7.63333e-01 Loss 1.00176e-02 Time taken: 1.55 seconds 
Epoch: 110/200 Train accuracy: 7.70628e-01 Validation accuracy: 7.69667e-01 Loss 1.00238e-02 Time taken: 1.54 seconds 
Epoch: 111/200 Train accuracy: 7.72267e-01 Validation accuracy: 7.73000e-01 Loss 1.00076e-02 Time taken: 1.55 seconds 
Epoch: 112/200 Train accuracy: 7.73692e-01 Validation accuracy: 7.66000e-01 Loss 1.00149e-02 Time taken: 1.55 seconds 
Epoch: 113/200 Train accuracy: 7.70771e-01 Validation accuracy: 7.74000e-01 Loss 1.00134e-02 Time taken: 1.55 seconds 
Epoch: 114/200 Train accuracy: 7.72125e-01 Validation accuracy: 7.70000e-01 Loss 1.00079e-02 Time taken: 1.54 seconds 
Epoch: 115/200 Train accuracy: 7.71484e-01 Validation accuracy: 7.72333e-01 Loss 1.00109e-02 Time taken: 1.55 seconds 
Epoch: 116/200 Train accuracy: 7.71341e-01 Validation accuracy: 7.67000e-01 Loss 1.00076e-02 Time taken: 1.55 seconds 
Epoch: 117/200 Train accuracy: 7.73977e-01 Validation accuracy: 7.72333e-01 Loss 1.00092e-02 Time taken: 1.54 seconds 
Epoch: 118/200 Train accuracy: 7.74761e-01 Validation accuracy: 7.73000e-01 Loss 1.00081e-02 Time taken: 1.54 seconds 
Epoch: 119/200 Train accuracy: 7.73122e-01 Validation accuracy: 7.70000e-01 Loss 1.00065e-02 Time taken: 1.55 seconds 
Epoch: 120/200 Train accuracy: 7.68776e-01 Validation accuracy: 7.68333e-01 Loss 1.00241e-02 Time taken: 1.54 seconds 
Epoch: 121/200 Train accuracy: 7.74405e-01 Validation accuracy: 7.74000e-01 Loss 1.00051e-02 Time taken: 1.55 seconds 
Epoch: 122/200 Train accuracy: 7.69773e-01 Validation accuracy: 7.72000e-01 Loss 1.00090e-02 Time taken: 1.54 seconds 
Epoch: 123/200 Train accuracy: 7.75331e-01 Validation accuracy: 7.66667e-01 Loss 9.99673e-03 Time taken: 1.55 seconds 
Epoch: 124/200 Train accuracy: 7.69061e-01 Validation accuracy: 7.75667e-01 Loss 1.00274e-02 Time taken: 1.54 seconds 
Epoch: 125/200 Train accuracy: 7.73051e-01 Validation accuracy: 7.73000e-01 Loss 1.00058e-02 Time taken: 1.55 seconds 
Epoch: 126/200 Train accuracy: 7.70842e-01 Validation accuracy: 7.74333e-01 Loss 1.00050e-02 Time taken: 1.54 seconds 
Epoch: 127/200 Train accuracy: 7.75616e-01 Validation accuracy: 7.73000e-01 Loss 9.99412e-03 Time taken: 1.55 seconds 
Epoch: 128/200 Train accuracy: 7.74690e-01 Validation accuracy: 7.71333e-01 Loss 9.99411e-03 Time taken: 1.55 seconds 
Epoch: 129/200 Train accuracy: 7.73336e-01 Validation accuracy: 7.73000e-01 Loss 9.99786e-03 Time taken: 1.55 seconds 
Epoch: 130/200 Train accuracy: 7.74120e-01 Validation accuracy: 7.74000e-01 Loss 9.99566e-03 Time taken: 1.55 seconds 
Epoch: 131/200 Train accuracy: 7.74405e-01 Validation accuracy: 7.72000e-01 Loss 9.99404e-03 Time taken: 1.54 seconds 
Epoch: 132/200 Train accuracy: 7.75189e-01 Validation accuracy: 7.60667e-01 Loss 9.99683e-03 Time taken: 1.55 seconds 
Epoch: 133/200 Train accuracy: 7.70700e-01 Validation accuracy: 7.71333e-01 Loss 1.00052e-02 Time taken: 1.55 seconds 
Epoch: 134/200 Train accuracy: 7.70201e-01 Validation accuracy: 7.70000e-01 Loss 1.00061e-02 Time taken: 1.54 seconds 
Epoch: 135/200 Train accuracy: 7.73621e-01 Validation accuracy: 7.69333e-01 Loss 9.98914e-03 Time taken: 1.54 seconds 
Epoch: 136/200 Train accuracy: 7.74833e-01 Validation accuracy: 7.74000e-01 Loss 9.98953e-03 Time taken: 1.55 seconds 
Epoch: 137/200 Train accuracy: 7.72339e-01 Validation accuracy: 7.66667e-01 Loss 9.99326e-03 Time taken: 1.55 seconds 
Epoch: 138/200 Train accuracy: 7.73194e-01 Validation accuracy: 7.64667e-01 Loss 9.99810e-03 Time taken: 1.54 seconds 
Epoch: 139/200 Train accuracy: 7.72766e-01 Validation accuracy: 7.74000e-01 Loss 9.99831e-03 Time taken: 1.55 seconds 
Epoch: 140/200 Train accuracy: 7.72267e-01 Validation accuracy: 7.76667e-01 Loss 1.00066e-02 Time taken: 1.55 seconds 
Epoch: 141/200 Train accuracy: 7.73550e-01 Validation accuracy: 7.66333e-01 Loss 9.98990e-03 Time taken: 1.54 seconds 
Epoch: 142/200 Train accuracy: 7.71270e-01 Validation accuracy: 7.73000e-01 Loss 1.00073e-02 Time taken: 1.55 seconds 
Epoch: 143/200 Train accuracy: 7.73407e-01 Validation accuracy: 7.72333e-01 Loss 9.99540e-03 Time taken: 1.55 seconds 
Epoch: 144/200 Train accuracy: 7.75474e-01 Validation accuracy: 7.75000e-01 Loss 9.98391e-03 Time taken: 1.55 seconds 
Epoch: 145/200 Train accuracy: 7.70628e-01 Validation accuracy: 7.67667e-01 Loss 1.00046e-02 Time taken: 1.54 seconds 
Epoch: 146/200 Train accuracy: 7.75403e-01 Validation accuracy: 7.73667e-01 Loss 9.98635e-03 Time taken: 1.55 seconds 
Epoch: 147/200 Train accuracy: 7.77184e-01 Validation accuracy: 7.72333e-01 Loss 9.98501e-03 Time taken: 1.55 seconds 
Epoch: 148/200 Train accuracy: 7.75260e-01 Validation accuracy: 7.69000e-01 Loss 9.98486e-03 Time taken: 1.54 seconds 
Epoch: 149/200 Train accuracy: 7.73835e-01 Validation accuracy: 7.71333e-01 Loss 9.99832e-03 Time taken: 1.55 seconds 
Epoch: 150/200 Train accuracy: 7.74975e-01 Validation accuracy: 7.72667e-01 Loss 9.98611e-03 Time taken: 1.55 seconds 
Epoch: 151/200 Train accuracy: 7.72054e-01 Validation accuracy: 7.72667e-01 Loss 9.99393e-03 Time taken: 1.55 seconds 
Epoch: 152/200 Train accuracy: 7.74690e-01 Validation accuracy: 7.69667e-01 Loss 9.99701e-03 Time taken: 1.55 seconds 
Epoch: 153/200 Train accuracy: 7.72624e-01 Validation accuracy: 7.71333e-01 Loss 9.99042e-03 Time taken: 1.55 seconds 
Epoch: 154/200 Train accuracy: 7.74975e-01 Validation accuracy: 7.75667e-01 Loss 9.99115e-03 Time taken: 1.54 seconds 
Epoch: 155/200 Train accuracy: 7.74049e-01 Validation accuracy: 7.71333e-01 Loss 9.98642e-03 Time taken: 1.54 seconds 
Epoch: 156/200 Train accuracy: 7.72766e-01 Validation accuracy: 7.73333e-01 Loss 9.99318e-03 Time taken: 1.55 seconds 
Epoch: 157/200 Train accuracy: 7.73835e-01 Validation accuracy: 7.73000e-01 Loss 9.98940e-03 Time taken: 1.55 seconds 
Epoch: 158/200 Train accuracy: 7.73265e-01 Validation accuracy: 7.72667e-01 Loss 9.98666e-03 Time taken: 1.54 seconds 
Epoch: 159/200 Train accuracy: 7.73122e-01 Validation accuracy: 7.68667e-01 Loss 9.98401e-03 Time taken: 1.55 seconds 
Epoch: 160/200 Train accuracy: 7.76828e-01 Validation accuracy: 7.68333e-01 Loss 9.96574e-03 Time taken: 1.55 seconds 
Epoch: 161/200 Train accuracy: 7.73265e-01 Validation accuracy: 7.73333e-01 Loss 9.99250e-03 Time taken: 1.55 seconds 
Epoch: 162/200 Train accuracy: 7.73265e-01 Validation accuracy: 7.65000e-01 Loss 9.99434e-03 Time taken: 1.54 seconds 
Epoch: 163/200 Train accuracy: 7.74476e-01 Validation accuracy: 7.75333e-01 Loss 9.98466e-03 Time taken: 1.55 seconds 
Epoch: 164/200 Train accuracy: 7.74619e-01 Validation accuracy: 7.70000e-01 Loss 9.98369e-03 Time taken: 1.55 seconds 
Epoch: 165/200 Train accuracy: 7.75830e-01 Validation accuracy: 7.73333e-01 Loss 9.98058e-03 Time taken: 1.54 seconds 
Epoch: 166/200 Train accuracy: 7.74120e-01 Validation accuracy: 7.72667e-01 Loss 9.98781e-03 Time taken: 1.54 seconds 
Epoch: 167/200 Train accuracy: 7.74334e-01 Validation accuracy: 7.73000e-01 Loss 9.98293e-03 Time taken: 1.55 seconds 
Epoch: 168/200 Train accuracy: 7.74975e-01 Validation accuracy: 7.72333e-01 Loss 9.98072e-03 Time taken: 1.54 seconds 
Epoch: 169/200 Train accuracy: 7.76329e-01 Validation accuracy: 7.75333e-01 Loss 9.97889e-03 Time taken: 1.55 seconds 
Epoch: 170/200 Train accuracy: 7.74191e-01 Validation accuracy: 7.75667e-01 Loss 9.98658e-03 Time taken: 1.55 seconds 
Epoch: 171/200 Train accuracy: 7.76044e-01 Validation accuracy: 7.65000e-01 Loss 9.98476e-03 Time taken: 1.56 seconds 
Epoch: 172/200 Train accuracy: 7.77683e-01 Validation accuracy: 7.74000e-01 Loss 9.96148e-03 Time taken: 1.55 seconds 
Epoch: 173/200 Train accuracy: 7.75545e-01 Validation accuracy: 7.76667e-01 Loss 9.98129e-03 Time taken: 1.55 seconds 
Epoch: 174/200 Train accuracy: 7.75973e-01 Validation accuracy: 7.72000e-01 Loss 9.96422e-03 Time taken: 1.55 seconds 
Epoch: 175/200 Train accuracy: 7.76685e-01 Validation accuracy: 7.73000e-01 Loss 9.97187e-03 Time taken: 1.56 seconds 
Epoch: 176/200 Train accuracy: 7.73977e-01 Validation accuracy: 7.77000e-01 Loss 9.98142e-03 Time taken: 1.55 seconds 
Epoch: 177/200 Train accuracy: 7.73906e-01 Validation accuracy: 7.76667e-01 Loss 9.99071e-03 Time taken: 1.55 seconds 
Epoch: 178/200 Train accuracy: 7.78110e-01 Validation accuracy: 7.73333e-01 Loss 9.95908e-03 Time taken: 1.55 seconds 
Epoch: 179/200 Train accuracy: 7.76543e-01 Validation accuracy: 7.77667e-01 Loss 9.96493e-03 Time taken: 1.55 seconds 
Epoch: 180/200 Train accuracy: 7.79108e-01 Validation accuracy: 7.75667e-01 Loss 9.95967e-03 Time taken: 1.55 seconds 
Epoch: 181/200 Train accuracy: 7.76614e-01 Validation accuracy: 7.72000e-01 Loss 9.97243e-03 Time taken: 1.55 seconds 
Epoch: 182/200 Train accuracy: 7.74120e-01 Validation accuracy: 7.73667e-01 Loss 9.97370e-03 Time taken: 1.54 seconds 
Epoch: 183/200 Train accuracy: 7.75545e-01 Validation accuracy: 7.67667e-01 Loss 9.96764e-03 Time taken: 1.54 seconds 
Epoch: 184/200 Train accuracy: 7.74548e-01 Validation accuracy: 7.73333e-01 Loss 9.98425e-03 Time taken: 1.56 seconds 
Epoch: 185/200 Train accuracy: 7.77897e-01 Validation accuracy: 7.75333e-01 Loss 9.97649e-03 Time taken: 1.55 seconds 
Epoch: 186/200 Train accuracy: 7.74476e-01 Validation accuracy: 7.73667e-01 Loss 9.98253e-03 Time taken: 1.55 seconds 
Epoch: 187/200 Train accuracy: 7.77754e-01 Validation accuracy: 7.73667e-01 Loss 9.96118e-03 Time taken: 1.55 seconds 
Epoch: 188/200 Train accuracy: 7.77184e-01 Validation accuracy: 7.72667e-01 Loss 9.96796e-03 Time taken: 1.56 seconds 
Epoch: 189/200 Train accuracy: 7.75046e-01 Validation accuracy: 7.74667e-01 Loss 9.97847e-03 Time taken: 1.56 seconds 
Epoch: 190/200 Train accuracy: 7.75046e-01 Validation accuracy: 7.77667e-01 Loss 9.97292e-03 Time taken: 1.54 seconds 
Epoch: 191/200 Train accuracy: 7.75901e-01 Validation accuracy: 7.76333e-01 Loss 9.97254e-03 Time taken: 1.56 seconds 
Epoch: 192/200 Train accuracy: 7.76329e-01 Validation accuracy: 7.75333e-01 Loss 9.97030e-03 Time taken: 1.55 seconds 
Epoch: 193/200 Train accuracy: 7.74975e-01 Validation accuracy: 7.76667e-01 Loss 9.97006e-03 Time taken: 1.54 seconds 
Epoch: 194/200 Train accuracy: 7.75688e-01 Validation accuracy: 7.71000e-01 Loss 9.96124e-03 Time taken: 1.54 seconds 
Epoch: 195/200 Train accuracy: 7.75046e-01 Validation accuracy: 7.74333e-01 Loss 9.97822e-03 Time taken: 1.55 seconds 
Epoch: 196/200 Train accuracy: 7.75046e-01 Validation accuracy: 7.73333e-01 Loss 9.97413e-03 Time taken: 1.55 seconds 
Epoch: 197/200 Train accuracy: 7.78110e-01 Validation accuracy: 7.74667e-01 Loss 9.96505e-03 Time taken: 1.54 seconds 
Epoch: 198/200 Train accuracy: 7.77754e-01 Validation accuracy: 7.73000e-01 Loss 9.96400e-03 Time taken: 1.55 seconds 
Epoch: 199/200 Train accuracy: 7.75688e-01 Validation accuracy: 7.75667e-01 Loss 9.97563e-03 Time taken: 1.55 seconds 
Epoch: 200/200 Train accuracy: 7.77184e-01 Validation accuracy: 7.73667e-01 Loss 9.96441e-03 Time taken: 1.55 seconds 
Total time taken 0:05:10.484132
Cleaning up intermediate feature (.pt) files
Done


working on file logs_PKT/iic-train-L2-seed-10/jepa_iic_L2_seed-10-ep500.pth.tar ...
