Directory classifiers/jepa-iic-L2-seed-10-classifier-pretrained-vitb-ep300 is now present
VisionTransformer(
  (patch_embed): PatchEmbed(
    (proj): Conv2d(3, 768, kernel_size=(15, 15), stride=(15, 15))
  )
  (blocks): ModuleList(
    (0-11): 12 x Block(
      (norm1): LayerNorm((768,), eps=1e-06, elementwise_affine=True)
      (attn): Attention(
        (qkv): Linear(in_features=768, out_features=2304, bias=True)
        (attn_drop): Dropout(p=0.0, inplace=False)
        (proj): Linear(in_features=768, out_features=768, bias=True)
        (proj_drop): Dropout(p=0.0, inplace=False)
      )
      (drop_path): Identity()
      (norm2): LayerNorm((768,), eps=1e-06, elementwise_affine=True)
      (mlp): MLP(
        (fc1): Linear(in_features=768, out_features=3072, bias=True)
        (act): GELU(approximate='none')
        (fc2): Linear(in_features=3072, out_features=768, bias=True)
        (drop): Dropout(p=0.0, inplace=False)
      )
    )
  )
  (norm): LayerNorm((768,), eps=1e-06, elementwise_affine=True)
)
Extracting features and saving them locally..
Epoch: 1/200 Train accuracy: 4.68648e-01 Validation accuracy: 5.65000e-01 Loss 1.28611e-02 Time taken: 2 seconds
Epoch: 2/200 Train accuracy: 6.05458e-01 Validation accuracy: 6.12000e-01 Loss 1.18943e-02 Time taken: 2 seconds
Epoch: 3/200 Train accuracy: 6.48069e-01 Validation accuracy: 6.48333e-01 Loss 1.14740e-02 Time taken: 2 seconds
Epoch: 4/200 Train accuracy: 6.68733e-01 Validation accuracy: 6.49667e-01 Loss 1.12382e-02 Time taken: 2 seconds
Epoch: 5/200 Train accuracy: 6.77569e-01 Validation accuracy: 6.63667e-01 Loss 1.11004e-02 Time taken: 2 seconds
Epoch: 6/200 Train accuracy: 6.82272e-01 Validation accuracy: 6.70333e-01 Loss 1.09991e-02 Time taken: 2 seconds
Epoch: 7/200 Train accuracy: 6.88471e-01 Validation accuracy: 6.74333e-01 Loss 1.09249e-02 Time taken: 2 seconds
Epoch: 8/200 Train accuracy: 6.93387e-01 Validation accuracy: 6.75667e-01 Loss 1.08645e-02 Time taken: 2 seconds
Epoch: 9/200 Train accuracy: 6.96451e-01 Validation accuracy: 6.79333e-01 Loss 1.08178e-02 Time taken: 2 seconds
Epoch: 10/200 Train accuracy: 6.99943e-01 Validation accuracy: 6.82333e-01 Loss 1.07722e-02 Time taken: 2 seconds
Epoch: 11/200 Train accuracy: 7.03506e-01 Validation accuracy: 6.88000e-01 Loss 1.07377e-02 Time taken: 2 seconds
Epoch: 12/200 Train accuracy: 7.04860e-01 Validation accuracy: 6.85667e-01 Loss 1.07075e-02 Time taken: 2 seconds
Epoch: 13/200 Train accuracy: 7.05928e-01 Validation accuracy: 6.90000e-01 Loss 1.06787e-02 Time taken: 2 seconds
Epoch: 14/200 Train accuracy: 7.09349e-01 Validation accuracy: 6.92333e-01 Loss 1.06544e-02 Time taken: 2 seconds
Epoch: 15/200 Train accuracy: 7.09705e-01 Validation accuracy: 6.96333e-01 Loss 1.06359e-02 Time taken: 2 seconds
Epoch: 16/200 Train accuracy: 7.12056e-01 Validation accuracy: 6.96333e-01 Loss 1.06143e-02 Time taken: 2 seconds
Epoch: 17/200 Train accuracy: 7.14052e-01 Validation accuracy: 6.97667e-01 Loss 1.05950e-02 Time taken: 2 seconds
Epoch: 18/200 Train accuracy: 7.15049e-01 Validation accuracy: 7.04000e-01 Loss 1.05784e-02 Time taken: 2 seconds
Epoch: 19/200 Train accuracy: 7.17614e-01 Validation accuracy: 6.96333e-01 Loss 1.05608e-02 Time taken: 1 seconds
Epoch: 20/200 Train accuracy: 7.19324e-01 Validation accuracy: 7.02000e-01 Loss 1.05451e-02 Time taken: 1 seconds
Epoch: 21/200 Train accuracy: 7.17543e-01 Validation accuracy: 7.00667e-01 Loss 1.05364e-02 Time taken: 1 seconds
Epoch: 22/200 Train accuracy: 7.22032e-01 Validation accuracy: 7.05333e-01 Loss 1.05219e-02 Time taken: 1 seconds
Epoch: 23/200 Train accuracy: 7.20963e-01 Validation accuracy: 7.04667e-01 Loss 1.05094e-02 Time taken: 1 seconds
Epoch: 24/200 Train accuracy: 7.22175e-01 Validation accuracy: 7.06000e-01 Loss 1.04972e-02 Time taken: 1 seconds
Epoch: 25/200 Train accuracy: 7.23172e-01 Validation accuracy: 7.10000e-01 Loss 1.04867e-02 Time taken: 1 seconds
Epoch: 26/200 Train accuracy: 7.23885e-01 Validation accuracy: 7.10333e-01 Loss 1.04766e-02 Time taken: 1 seconds
Epoch: 27/200 Train accuracy: 7.24669e-01 Validation accuracy: 7.12667e-01 Loss 1.04650e-02 Time taken: 1 seconds
Epoch: 28/200 Train accuracy: 7.25737e-01 Validation accuracy: 7.14000e-01 Loss 1.04597e-02 Time taken: 1 seconds
Epoch: 29/200 Train accuracy: 7.27163e-01 Validation accuracy: 7.14000e-01 Loss 1.04482e-02 Time taken: 1 seconds
Epoch: 30/200 Train accuracy: 7.27590e-01 Validation accuracy: 7.10667e-01 Loss 1.04423e-02 Time taken: 1 seconds
Epoch: 31/200 Train accuracy: 7.28160e-01 Validation accuracy: 7.14333e-01 Loss 1.04358e-02 Time taken: 1 seconds
Epoch: 32/200 Train accuracy: 7.29015e-01 Validation accuracy: 7.17333e-01 Loss 1.04264e-02 Time taken: 1 seconds
Epoch: 33/200 Train accuracy: 7.29870e-01 Validation accuracy: 7.12000e-01 Loss 1.04180e-02 Time taken: 1 seconds
Epoch: 34/200 Train accuracy: 7.30725e-01 Validation accuracy: 7.14000e-01 Loss 1.04119e-02 Time taken: 1 seconds
Epoch: 35/200 Train accuracy: 7.29799e-01 Validation accuracy: 7.22333e-01 Loss 1.04083e-02 Time taken: 1 seconds
Epoch: 36/200 Train accuracy: 7.33006e-01 Validation accuracy: 7.12000e-01 Loss 1.03997e-02 Time taken: 1 seconds
Epoch: 37/200 Train accuracy: 7.33219e-01 Validation accuracy: 7.24333e-01 Loss 1.03954e-02 Time taken: 1 seconds
Epoch: 38/200 Train accuracy: 7.32578e-01 Validation accuracy: 7.20000e-01 Loss 1.03879e-02 Time taken: 1 seconds
Epoch: 39/200 Train accuracy: 7.31794e-01 Validation accuracy: 7.18667e-01 Loss 1.03814e-02 Time taken: 1 seconds
Epoch: 40/200 Train accuracy: 7.33718e-01 Validation accuracy: 7.23333e-01 Loss 1.03760e-02 Time taken: 1 seconds
Epoch: 41/200 Train accuracy: 7.35072e-01 Validation accuracy: 7.20667e-01 Loss 1.03701e-02 Time taken: 1 seconds
Epoch: 42/200 Train accuracy: 7.34502e-01 Validation accuracy: 7.24333e-01 Loss 1.03683e-02 Time taken: 1 seconds
Epoch: 43/200 Train accuracy: 7.35214e-01 Validation accuracy: 7.21000e-01 Loss 1.03592e-02 Time taken: 1 seconds
Epoch: 44/200 Train accuracy: 7.35500e-01 Validation accuracy: 7.23000e-01 Loss 1.03554e-02 Time taken: 1 seconds
Epoch: 45/200 Train accuracy: 7.36711e-01 Validation accuracy: 7.28000e-01 Loss 1.03500e-02 Time taken: 1 seconds
Epoch: 46/200 Train accuracy: 7.36070e-01 Validation accuracy: 7.20667e-01 Loss 1.03490e-02 Time taken: 1 seconds
Epoch: 47/200 Train accuracy: 7.37708e-01 Validation accuracy: 7.25667e-01 Loss 1.03429e-02 Time taken: 1 seconds
Epoch: 48/200 Train accuracy: 7.37780e-01 Validation accuracy: 7.23667e-01 Loss 1.03382e-02 Time taken: 1 seconds
Epoch: 49/200 Train accuracy: 7.37281e-01 Validation accuracy: 7.27333e-01 Loss 1.03352e-02 Time taken: 1 seconds
Epoch: 50/200 Train accuracy: 7.38350e-01 Validation accuracy: 7.29000e-01 Loss 1.03332e-02 Time taken: 1 seconds
Epoch: 51/200 Train accuracy: 7.39490e-01 Validation accuracy: 7.30333e-01 Loss 1.03295e-02 Time taken: 1 seconds
Epoch: 52/200 Train accuracy: 7.39561e-01 Validation accuracy: 7.27333e-01 Loss 1.03261e-02 Time taken: 1 seconds
Epoch: 53/200 Train accuracy: 7.39917e-01 Validation accuracy: 7.25667e-01 Loss 1.03179e-02 Time taken: 1 seconds
Epoch: 54/200 Train accuracy: 7.40416e-01 Validation accuracy: 7.28000e-01 Loss 1.03180e-02 Time taken: 1 seconds
Epoch: 55/200 Train accuracy: 7.39490e-01 Validation accuracy: 7.26333e-01 Loss 1.03170e-02 Time taken: 1 seconds
Epoch: 56/200 Train accuracy: 7.40701e-01 Validation accuracy: 7.31333e-01 Loss 1.03117e-02 Time taken: 1 seconds
Epoch: 57/200 Train accuracy: 7.40772e-01 Validation accuracy: 7.26333e-01 Loss 1.03116e-02 Time taken: 1 seconds
Epoch: 58/200 Train accuracy: 7.41627e-01 Validation accuracy: 7.27667e-01 Loss 1.03061e-02 Time taken: 1 seconds
Epoch: 59/200 Train accuracy: 7.40772e-01 Validation accuracy: 7.32667e-01 Loss 1.03040e-02 Time taken: 1 seconds
Epoch: 60/200 Train accuracy: 7.42055e-01 Validation accuracy: 7.30667e-01 Loss 1.02993e-02 Time taken: 1 seconds
Epoch: 61/200 Train accuracy: 7.41912e-01 Validation accuracy: 7.31333e-01 Loss 1.02977e-02 Time taken: 1 seconds
Epoch: 62/200 Train accuracy: 7.43195e-01 Validation accuracy: 7.27333e-01 Loss 1.02964e-02 Time taken: 1 seconds
Epoch: 63/200 Train accuracy: 7.43124e-01 Validation accuracy: 7.30000e-01 Loss 1.02900e-02 Time taken: 1 seconds
Epoch: 64/200 Train accuracy: 7.42055e-01 Validation accuracy: 7.30000e-01 Loss 1.02879e-02 Time taken: 2 seconds
Epoch: 65/200 Train accuracy: 7.41200e-01 Validation accuracy: 7.33667e-01 Loss 1.02835e-02 Time taken: 2 seconds
Epoch: 66/200 Train accuracy: 7.41057e-01 Validation accuracy: 7.30333e-01 Loss 1.02831e-02 Time taken: 2 seconds
Epoch: 67/200 Train accuracy: 7.43409e-01 Validation accuracy: 7.32333e-01 Loss 1.02800e-02 Time taken: 2 seconds
Epoch: 68/200 Train accuracy: 7.44264e-01 Validation accuracy: 7.32333e-01 Loss 1.02776e-02 Time taken: 2 seconds
Epoch: 69/200 Train accuracy: 7.44335e-01 Validation accuracy: 7.33667e-01 Loss 1.02746e-02 Time taken: 2 seconds
Epoch: 70/200 Train accuracy: 7.43124e-01 Validation accuracy: 7.33333e-01 Loss 1.02721e-02 Time taken: 2 seconds
Epoch: 71/200 Train accuracy: 7.43551e-01 Validation accuracy: 7.33000e-01 Loss 1.02713e-02 Time taken: 2 seconds
Epoch: 72/200 Train accuracy: 7.44335e-01 Validation accuracy: 7.33333e-01 Loss 1.02686e-02 Time taken: 2 seconds
Epoch: 73/200 Train accuracy: 7.43765e-01 Validation accuracy: 7.33667e-01 Loss 1.02647e-02 Time taken: 2 seconds
Epoch: 74/200 Train accuracy: 7.45760e-01 Validation accuracy: 7.32667e-01 Loss 1.02642e-02 Time taken: 2 seconds
Epoch: 75/200 Train accuracy: 7.45832e-01 Validation accuracy: 7.33000e-01 Loss 1.02605e-02 Time taken: 2 seconds
Epoch: 76/200 Train accuracy: 7.44335e-01 Validation accuracy: 7.32667e-01 Loss 1.02593e-02 Time taken: 2 seconds
Epoch: 77/200 Train accuracy: 7.45190e-01 Validation accuracy: 7.32000e-01 Loss 1.02574e-02 Time taken: 2 seconds
Epoch: 78/200 Train accuracy: 7.45475e-01 Validation accuracy: 7.35000e-01 Loss 1.02582e-02 Time taken: 2 seconds
Epoch: 79/200 Train accuracy: 7.45475e-01 Validation accuracy: 7.33667e-01 Loss 1.02510e-02 Time taken: 2 seconds
Epoch: 80/200 Train accuracy: 7.46900e-01 Validation accuracy: 7.33000e-01 Loss 1.02510e-02 Time taken: 2 seconds
Epoch: 81/200 Train accuracy: 7.46829e-01 Validation accuracy: 7.34333e-01 Loss 1.02473e-02 Time taken: 2 seconds
Epoch: 82/200 Train accuracy: 7.45048e-01 Validation accuracy: 7.33000e-01 Loss 1.02485e-02 Time taken: 2 seconds
Epoch: 83/200 Train accuracy: 7.46045e-01 Validation accuracy: 7.34000e-01 Loss 1.02435e-02 Time taken: 2 seconds
Epoch: 84/200 Train accuracy: 7.45404e-01 Validation accuracy: 7.32333e-01 Loss 1.02460e-02 Time taken: 2 seconds
Epoch: 85/200 Train accuracy: 7.46259e-01 Validation accuracy: 7.33333e-01 Loss 1.02467e-02 Time taken: 2 seconds
Epoch: 86/200 Train accuracy: 7.46544e-01 Validation accuracy: 7.33333e-01 Loss 1.02426e-02 Time taken: 2 seconds
Epoch: 87/200 Train accuracy: 7.47399e-01 Validation accuracy: 7.35333e-01 Loss 1.02382e-02 Time taken: 2 seconds
Epoch: 88/200 Train accuracy: 7.46972e-01 Validation accuracy: 7.35333e-01 Loss 1.02376e-02 Time taken: 2 seconds
Epoch: 89/200 Train accuracy: 7.48112e-01 Validation accuracy: 7.34000e-01 Loss 1.02372e-02 Time taken: 2 seconds
Epoch: 90/200 Train accuracy: 7.45618e-01 Validation accuracy: 7.33333e-01 Loss 1.02388e-02 Time taken: 2 seconds
Epoch: 91/200 Train accuracy: 7.47755e-01 Validation accuracy: 7.33333e-01 Loss 1.02361e-02 Time taken: 2 seconds
Epoch: 92/200 Train accuracy: 7.46045e-01 Validation accuracy: 7.35667e-01 Loss 1.02316e-02 Time taken: 2 seconds
Epoch: 93/200 Train accuracy: 7.47827e-01 Validation accuracy: 7.34667e-01 Loss 1.02325e-02 Time taken: 2 seconds
Epoch: 94/200 Train accuracy: 7.48397e-01 Validation accuracy: 7.33000e-01 Loss 1.02292e-02 Time taken: 2 seconds
Epoch: 95/200 Train accuracy: 7.47114e-01 Validation accuracy: 7.34667e-01 Loss 1.02250e-02 Time taken: 2 seconds
Epoch: 96/200 Train accuracy: 7.48468e-01 Validation accuracy: 7.35000e-01 Loss 1.02255e-02 Time taken: 2 seconds
Epoch: 97/200 Train accuracy: 7.48397e-01 Validation accuracy: 7.34333e-01 Loss 1.02219e-02 Time taken: 2 seconds
Epoch: 98/200 Train accuracy: 7.47613e-01 Validation accuracy: 7.37000e-01 Loss 1.02246e-02 Time taken: 2 seconds
Epoch: 99/200 Train accuracy: 7.48967e-01 Validation accuracy: 7.33667e-01 Loss 1.02203e-02 Time taken: 2 seconds
Epoch: 100/200 Train accuracy: 7.49181e-01 Validation accuracy: 7.33000e-01 Loss 1.02198e-02 Time taken: 2 seconds
Epoch: 101/200 Train accuracy: 7.49751e-01 Validation accuracy: 7.35333e-01 Loss 1.02193e-02 Time taken: 2 seconds
Epoch: 102/200 Train accuracy: 7.48967e-01 Validation accuracy: 7.37333e-01 Loss 1.02166e-02 Time taken: 2 seconds
Epoch: 103/200 Train accuracy: 7.48967e-01 Validation accuracy: 7.35000e-01 Loss 1.02180e-02 Time taken: 2 seconds
Epoch: 104/200 Train accuracy: 7.48325e-01 Validation accuracy: 7.34333e-01 Loss 1.02128e-02 Time taken: 1 seconds
Epoch: 105/200 Train accuracy: 7.50962e-01 Validation accuracy: 7.34333e-01 Loss 1.02120e-02 Time taken: 2 seconds
Epoch: 106/200 Train accuracy: 7.48896e-01 Validation accuracy: 7.34667e-01 Loss 1.02131e-02 Time taken: 2 seconds
Epoch: 107/200 Train accuracy: 7.50677e-01 Validation accuracy: 7.34333e-01 Loss 1.02114e-02 Time taken: 2 seconds
Epoch: 108/200 Train accuracy: 7.50321e-01 Validation accuracy: 7.37000e-01 Loss 1.02105e-02 Time taken: 2 seconds
Epoch: 109/200 Train accuracy: 7.49181e-01 Validation accuracy: 7.33000e-01 Loss 1.02067e-02 Time taken: 2 seconds
Epoch: 110/200 Train accuracy: 7.48254e-01 Validation accuracy: 7.38333e-01 Loss 1.02089e-02 Time taken: 2 seconds
Epoch: 111/200 Train accuracy: 7.48539e-01 Validation accuracy: 7.35667e-01 Loss 1.02086e-02 Time taken: 2 seconds
Epoch: 112/200 Train accuracy: 7.51389e-01 Validation accuracy: 7.37333e-01 Loss 1.02047e-02 Time taken: 2 seconds
Epoch: 113/200 Train accuracy: 7.51104e-01 Validation accuracy: 7.38000e-01 Loss 1.02002e-02 Time taken: 2 seconds
Epoch: 114/200 Train accuracy: 7.50392e-01 Validation accuracy: 7.35667e-01 Loss 1.02045e-02 Time taken: 2 seconds
Epoch: 115/200 Train accuracy: 7.50748e-01 Validation accuracy: 7.31667e-01 Loss 1.02029e-02 Time taken: 2 seconds
Epoch: 116/200 Train accuracy: 7.49537e-01 Validation accuracy: 7.35000e-01 Loss 1.02003e-02 Time taken: 2 seconds
Epoch: 117/200 Train accuracy: 7.50036e-01 Validation accuracy: 7.33333e-01 Loss 1.02010e-02 Time taken: 2 seconds
Epoch: 118/200 Train accuracy: 7.51104e-01 Validation accuracy: 7.35667e-01 Loss 1.01983e-02 Time taken: 2 seconds
Epoch: 119/200 Train accuracy: 7.49751e-01 Validation accuracy: 7.33333e-01 Loss 1.01969e-02 Time taken: 2 seconds
Epoch: 120/200 Train accuracy: 7.50891e-01 Validation accuracy: 7.36667e-01 Loss 1.01931e-02 Time taken: 2 seconds
Epoch: 121/200 Train accuracy: 7.50463e-01 Validation accuracy: 7.33333e-01 Loss 1.01942e-02 Time taken: 1 seconds
Epoch: 122/200 Train accuracy: 7.50891e-01 Validation accuracy: 7.34000e-01 Loss 1.01939e-02 Time taken: 2 seconds
Epoch: 123/200 Train accuracy: 7.50748e-01 Validation accuracy: 7.36000e-01 Loss 1.01934e-02 Time taken: 2 seconds
Epoch: 124/200 Train accuracy: 7.51033e-01 Validation accuracy: 7.34667e-01 Loss 1.01908e-02 Time taken: 2 seconds
Epoch: 125/200 Train accuracy: 7.50606e-01 Validation accuracy: 7.36000e-01 Loss 1.01912e-02 Time taken: 2 seconds
Epoch: 126/200 Train accuracy: 7.52387e-01 Validation accuracy: 7.35667e-01 Loss 1.01889e-02 Time taken: 2 seconds
Epoch: 127/200 Train accuracy: 7.50748e-01 Validation accuracy: 7.34000e-01 Loss 1.01863e-02 Time taken: 2 seconds
Epoch: 128/200 Train accuracy: 7.51532e-01 Validation accuracy: 7.34667e-01 Loss 1.01885e-02 Time taken: 2 seconds
Epoch: 129/200 Train accuracy: 7.51675e-01 Validation accuracy: 7.34667e-01 Loss 1.01886e-02 Time taken: 2 seconds
Epoch: 130/200 Train accuracy: 7.52102e-01 Validation accuracy: 7.35667e-01 Loss 1.01846e-02 Time taken: 2 seconds
Epoch: 131/200 Train accuracy: 7.51746e-01 Validation accuracy: 7.37000e-01 Loss 1.01872e-02 Time taken: 2 seconds
Epoch: 132/200 Train accuracy: 7.51389e-01 Validation accuracy: 7.35000e-01 Loss 1.01852e-02 Time taken: 2 seconds
Epoch: 133/200 Train accuracy: 7.51176e-01 Validation accuracy: 7.35333e-01 Loss 1.01842e-02 Time taken: 2 seconds
Epoch: 134/200 Train accuracy: 7.53670e-01 Validation accuracy: 7.33333e-01 Loss 1.01814e-02 Time taken: 2 seconds
Epoch: 135/200 Train accuracy: 7.51817e-01 Validation accuracy: 7.35000e-01 Loss 1.01834e-02 Time taken: 2 seconds
Epoch: 136/200 Train accuracy: 7.53670e-01 Validation accuracy: 7.34667e-01 Loss 1.01794e-02 Time taken: 2 seconds
Epoch: 137/200 Train accuracy: 7.51318e-01 Validation accuracy: 7.35333e-01 Loss 1.01808e-02 Time taken: 2 seconds
Epoch: 138/200 Train accuracy: 7.51461e-01 Validation accuracy: 7.39667e-01 Loss 1.01776e-02 Time taken: 2 seconds
Epoch: 139/200 Train accuracy: 7.52173e-01 Validation accuracy: 7.34333e-01 Loss 1.01789e-02 Time taken: 2 seconds
Epoch: 140/200 Train accuracy: 7.52031e-01 Validation accuracy: 7.36667e-01 Loss 1.01763e-02 Time taken: 2 seconds
Epoch: 141/200 Train accuracy: 7.52886e-01 Validation accuracy: 7.33000e-01 Loss 1.01737e-02 Time taken: 2 seconds
Epoch: 142/200 Train accuracy: 7.51888e-01 Validation accuracy: 7.37000e-01 Loss 1.01746e-02 Time taken: 2 seconds
Epoch: 143/200 Train accuracy: 7.54311e-01 Validation accuracy: 7.33667e-01 Loss 1.01729e-02 Time taken: 2 seconds
Epoch: 144/200 Train accuracy: 7.52031e-01 Validation accuracy: 7.36333e-01 Loss 1.01734e-02 Time taken: 2 seconds
Epoch: 145/200 Train accuracy: 7.52458e-01 Validation accuracy: 7.36667e-01 Loss 1.01729e-02 Time taken: 2 seconds
Epoch: 146/200 Train accuracy: 7.54596e-01 Validation accuracy: 7.35000e-01 Loss 1.01745e-02 Time taken: 2 seconds
Epoch: 147/200 Train accuracy: 7.53456e-01 Validation accuracy: 7.36667e-01 Loss 1.01720e-02 Time taken: 2 seconds
Epoch: 148/200 Train accuracy: 7.53670e-01 Validation accuracy: 7.34333e-01 Loss 1.01706e-02 Time taken: 2 seconds
Epoch: 149/200 Train accuracy: 7.52530e-01 Validation accuracy: 7.37000e-01 Loss 1.01713e-02 Time taken: 2 seconds
Epoch: 150/200 Train accuracy: 7.54667e-01 Validation accuracy: 7.37000e-01 Loss 1.01682e-02 Time taken: 2 seconds
Epoch: 151/200 Train accuracy: 7.53883e-01 Validation accuracy: 7.37667e-01 Loss 1.01674e-02 Time taken: 2 seconds
Epoch: 152/200 Train accuracy: 7.54453e-01 Validation accuracy: 7.37667e-01 Loss 1.01648e-02 Time taken: 2 seconds
Epoch: 153/200 Train accuracy: 7.54881e-01 Validation accuracy: 7.36667e-01 Loss 1.01640e-02 Time taken: 2 seconds
Epoch: 154/200 Train accuracy: 7.52815e-01 Validation accuracy: 7.37000e-01 Loss 1.01643e-02 Time taken: 2 seconds
Epoch: 155/200 Train accuracy: 7.54026e-01 Validation accuracy: 7.36667e-01 Loss 1.01634e-02 Time taken: 2 seconds
Epoch: 156/200 Train accuracy: 7.54453e-01 Validation accuracy: 7.37667e-01 Loss 1.01624e-02 Time taken: 2 seconds
Epoch: 157/200 Train accuracy: 7.54453e-01 Validation accuracy: 7.37667e-01 Loss 1.01627e-02 Time taken: 2 seconds
Epoch: 158/200 Train accuracy: 7.54026e-01 Validation accuracy: 7.36000e-01 Loss 1.01628e-02 Time taken: 2 seconds
Epoch: 159/200 Train accuracy: 7.53385e-01 Validation accuracy: 7.39333e-01 Loss 1.01636e-02 Time taken: 2 seconds
Epoch: 160/200 Train accuracy: 7.55024e-01 Validation accuracy: 7.34333e-01 Loss 1.01617e-02 Time taken: 2 seconds
Epoch: 161/200 Train accuracy: 7.54453e-01 Validation accuracy: 7.33000e-01 Loss 1.01593e-02 Time taken: 2 seconds
Epoch: 162/200 Train accuracy: 7.53598e-01 Validation accuracy: 7.35667e-01 Loss 1.01626e-02 Time taken: 2 seconds
Epoch: 163/200 Train accuracy: 7.54738e-01 Validation accuracy: 7.37000e-01 Loss 1.01598e-02 Time taken: 2 seconds
Epoch: 164/200 Train accuracy: 7.55665e-01 Validation accuracy: 7.37000e-01 Loss 1.01544e-02 Time taken: 2 seconds
Epoch: 165/200 Train accuracy: 7.54596e-01 Validation accuracy: 7.34000e-01 Loss 1.01576e-02 Time taken: 2 seconds
Epoch: 166/200 Train accuracy: 7.55237e-01 Validation accuracy: 7.39667e-01 Loss 1.01552e-02 Time taken: 2 seconds
Epoch: 167/200 Train accuracy: 7.54240e-01 Validation accuracy: 7.37000e-01 Loss 1.01538e-02 Time taken: 2 seconds
Epoch: 168/200 Train accuracy: 7.54810e-01 Validation accuracy: 7.39333e-01 Loss 1.01531e-02 Time taken: 2 seconds
Epoch: 169/200 Train accuracy: 7.54311e-01 Validation accuracy: 7.35333e-01 Loss 1.01561e-02 Time taken: 2 seconds
Epoch: 170/200 Train accuracy: 7.55237e-01 Validation accuracy: 7.36000e-01 Loss 1.01546e-02 Time taken: 2 seconds
Epoch: 171/200 Train accuracy: 7.55309e-01 Validation accuracy: 7.38333e-01 Loss 1.01523e-02 Time taken: 2 seconds
Epoch: 172/200 Train accuracy: 7.55024e-01 Validation accuracy: 7.39000e-01 Loss 1.01480e-02 Time taken: 2 seconds
Epoch: 173/200 Train accuracy: 7.54240e-01 Validation accuracy: 7.38000e-01 Loss 1.01510e-02 Time taken: 2 seconds
Epoch: 174/200 Train accuracy: 7.54952e-01 Validation accuracy: 7.37333e-01 Loss 1.01518e-02 Time taken: 2 seconds
Epoch: 175/200 Train accuracy: 7.55736e-01 Validation accuracy: 7.41667e-01 Loss 1.01491e-02 Time taken: 2 seconds
Epoch: 176/200 Train accuracy: 7.54881e-01 Validation accuracy: 7.42000e-01 Loss 1.01494e-02 Time taken: 2 seconds
Epoch: 177/200 Train accuracy: 7.56734e-01 Validation accuracy: 7.37667e-01 Loss 1.01460e-02 Time taken: 2 seconds
Epoch: 178/200 Train accuracy: 7.56021e-01 Validation accuracy: 7.38667e-01 Loss 1.01472e-02 Time taken: 2 seconds
Epoch: 179/200 Train accuracy: 7.55665e-01 Validation accuracy: 7.36333e-01 Loss 1.01478e-02 Time taken: 2 seconds
Epoch: 180/200 Train accuracy: 7.54453e-01 Validation accuracy: 7.37667e-01 Loss 1.01513e-02 Time taken: 2 seconds
Epoch: 181/200 Train accuracy: 7.55950e-01 Validation accuracy: 7.37667e-01 Loss 1.01468e-02 Time taken: 2 seconds
Epoch: 182/200 Train accuracy: 7.55807e-01 Validation accuracy: 7.37667e-01 Loss 1.01445e-02 Time taken: 2 seconds
Epoch: 183/200 Train accuracy: 7.56021e-01 Validation accuracy: 7.39667e-01 Loss 1.01476e-02 Time taken: 2 seconds
Epoch: 184/200 Train accuracy: 7.54667e-01 Validation accuracy: 7.41667e-01 Loss 1.01466e-02 Time taken: 2 seconds
Epoch: 185/200 Train accuracy: 7.56520e-01 Validation accuracy: 7.38333e-01 Loss 1.01449e-02 Time taken: 2 seconds
Epoch: 186/200 Train accuracy: 7.55807e-01 Validation accuracy: 7.41333e-01 Loss 1.01435e-02 Time taken: 2 seconds
Epoch: 187/200 Train accuracy: 7.56449e-01 Validation accuracy: 7.39333e-01 Loss 1.01411e-02 Time taken: 2 seconds
Epoch: 188/200 Train accuracy: 7.56021e-01 Validation accuracy: 7.39667e-01 Loss 1.01419e-02 Time taken: 2 seconds
Epoch: 189/200 Train accuracy: 7.56306e-01 Validation accuracy: 7.36000e-01 Loss 1.01431e-02 Time taken: 2 seconds
Epoch: 190/200 Train accuracy: 7.56947e-01 Validation accuracy: 7.37667e-01 Loss 1.01387e-02 Time taken: 2 seconds
Epoch: 191/200 Train accuracy: 7.56092e-01 Validation accuracy: 7.42333e-01 Loss 1.01398e-02 Time taken: 1 seconds
Epoch: 192/200 Train accuracy: 7.54810e-01 Validation accuracy: 7.34667e-01 Loss 1.01401e-02 Time taken: 2 seconds
Epoch: 193/200 Train accuracy: 7.57945e-01 Validation accuracy: 7.41000e-01 Loss 1.01368e-02 Time taken: 2 seconds
Epoch: 194/200 Train accuracy: 7.57802e-01 Validation accuracy: 7.36000e-01 Loss 1.01383e-02 Time taken: 1 seconds
Epoch: 195/200 Train accuracy: 7.56164e-01 Validation accuracy: 7.35667e-01 Loss 1.01366e-02 Time taken: 2 seconds
Epoch: 196/200 Train accuracy: 7.56092e-01 Validation accuracy: 7.43333e-01 Loss 1.01388e-02 Time taken: 1 seconds
Epoch: 197/200 Train accuracy: 7.57232e-01 Validation accuracy: 7.37667e-01 Loss 1.01388e-02 Time taken: 2 seconds
Epoch: 198/200 Train accuracy: 7.58159e-01 Validation accuracy: 7.41333e-01 Loss 1.01349e-02 Time taken: 2 seconds
Epoch: 199/200 Train accuracy: 7.57375e-01 Validation accuracy: 7.38333e-01 Loss 1.01344e-02 Time taken: 2 seconds
Epoch: 200/200 Train accuracy: 7.58230e-01 Validation accuracy: 7.37667e-01 Loss 1.01316e-02 Time taken: 2 seconds
Total time taken 0:06:55.036703
Cleaning up intermediate feature (.pt) files
Done


working on file logs_PKT/iic-train-L2-seed-10/jepa_iic_L2_seed-10-ep400.pth.tar ...
