Directory classifiers/jepa-iic-L2-seed-10-classifier-pretrained-vitb-ep100 is now present
VisionTransformer(
  (patch_embed): PatchEmbed(
    (proj): Conv2d(3, 768, kernel_size=(15, 15), stride=(15, 15))
  )
  (blocks): ModuleList(
    (0-11): 12 x Block(
      (norm1): LayerNorm((768,), eps=1e-06, elementwise_affine=True)
      (attn): Attention(
        (qkv): Linear(in_features=768, out_features=2304, bias=True)
        (attn_drop): Dropout(p=0.0, inplace=False)
        (proj): Linear(in_features=768, out_features=768, bias=True)
        (proj_drop): Dropout(p=0.0, inplace=False)
      )
      (drop_path): Identity()
      (norm2): LayerNorm((768,), eps=1e-06, elementwise_affine=True)
      (mlp): MLP(
        (fc1): Linear(in_features=768, out_features=3072, bias=True)
        (act): GELU(approximate='none')
        (fc2): Linear(in_features=3072, out_features=768, bias=True)
        (drop): Dropout(p=0.0, inplace=False)
      )
    )
  )
  (norm): LayerNorm((768,), eps=1e-06, elementwise_affine=True)
)
Extracting features and saving them locally..
Epoch: 1/200 Train accuracy: 4.19766e-01 Validation accuracy: 5.11000e-01 Loss 1.31013e-02 Time taken: 2 seconds
Epoch: 2/200 Train accuracy: 5.32207e-01 Validation accuracy: 5.39000e-01 Loss 1.21736e-02 Time taken: 2 seconds
Epoch: 3/200 Train accuracy: 5.64130e-01 Validation accuracy: 5.66333e-01 Loss 1.18731e-02 Time taken: 2 seconds
Epoch: 4/200 Train accuracy: 5.83939e-01 Validation accuracy: 5.83000e-01 Loss 1.16975e-02 Time taken: 2 seconds
Epoch: 5/200 Train accuracy: 5.94770e-01 Validation accuracy: 5.89333e-01 Loss 1.15761e-02 Time taken: 2 seconds
Epoch: 6/200 Train accuracy: 6.08665e-01 Validation accuracy: 5.99000e-01 Loss 1.14851e-02 Time taken: 2 seconds
Epoch: 7/200 Train accuracy: 6.15220e-01 Validation accuracy: 6.12000e-01 Loss 1.14171e-02 Time taken: 2 seconds
Epoch: 8/200 Train accuracy: 6.21847e-01 Validation accuracy: 6.18333e-01 Loss 1.13497e-02 Time taken: 2 seconds
Epoch: 9/200 Train accuracy: 6.26265e-01 Validation accuracy: 6.14667e-01 Loss 1.13046e-02 Time taken: 2 seconds
Epoch: 10/200 Train accuracy: 6.30968e-01 Validation accuracy: 6.24667e-01 Loss 1.12646e-02 Time taken: 2 seconds
Epoch: 11/200 Train accuracy: 6.32749e-01 Validation accuracy: 6.22667e-01 Loss 1.12299e-02 Time taken: 2 seconds
Epoch: 12/200 Train accuracy: 6.34317e-01 Validation accuracy: 6.33333e-01 Loss 1.12038e-02 Time taken: 2 seconds
Epoch: 13/200 Train accuracy: 6.36953e-01 Validation accuracy: 6.35000e-01 Loss 1.11714e-02 Time taken: 2 seconds
Epoch: 14/200 Train accuracy: 6.43651e-01 Validation accuracy: 6.33333e-01 Loss 1.11497e-02 Time taken: 2 seconds
Epoch: 15/200 Train accuracy: 6.42725e-01 Validation accuracy: 6.39000e-01 Loss 1.11256e-02 Time taken: 2 seconds
Epoch: 16/200 Train accuracy: 6.44364e-01 Validation accuracy: 6.42667e-01 Loss 1.11050e-02 Time taken: 2 seconds
Epoch: 17/200 Train accuracy: 6.47143e-01 Validation accuracy: 6.39667e-01 Loss 1.10884e-02 Time taken: 2 seconds
Epoch: 18/200 Train accuracy: 6.49494e-01 Validation accuracy: 6.37667e-01 Loss 1.10669e-02 Time taken: 2 seconds
Epoch: 19/200 Train accuracy: 6.50777e-01 Validation accuracy: 6.48000e-01 Loss 1.10567e-02 Time taken: 2 seconds
Epoch: 20/200 Train accuracy: 6.51489e-01 Validation accuracy: 6.45000e-01 Loss 1.10423e-02 Time taken: 1 seconds
Epoch: 21/200 Train accuracy: 6.52273e-01 Validation accuracy: 6.37000e-01 Loss 1.10230e-02 Time taken: 1 seconds
Epoch: 22/200 Train accuracy: 6.53413e-01 Validation accuracy: 6.51667e-01 Loss 1.10176e-02 Time taken: 1 seconds
Epoch: 23/200 Train accuracy: 6.56050e-01 Validation accuracy: 6.48667e-01 Loss 1.10058e-02 Time taken: 1 seconds
Epoch: 24/200 Train accuracy: 6.58187e-01 Validation accuracy: 6.54000e-01 Loss 1.09907e-02 Time taken: 1 seconds
Epoch: 25/200 Train accuracy: 6.58187e-01 Validation accuracy: 6.43333e-01 Loss 1.09794e-02 Time taken: 1 seconds
Epoch: 26/200 Train accuracy: 6.60396e-01 Validation accuracy: 6.49000e-01 Loss 1.09666e-02 Time taken: 1 seconds
Epoch: 27/200 Train accuracy: 6.60895e-01 Validation accuracy: 6.50333e-01 Loss 1.09633e-02 Time taken: 1 seconds
Epoch: 28/200 Train accuracy: 6.62463e-01 Validation accuracy: 6.50667e-01 Loss 1.09492e-02 Time taken: 1 seconds
Epoch: 29/200 Train accuracy: 6.64315e-01 Validation accuracy: 6.57333e-01 Loss 1.09385e-02 Time taken: 1 seconds
Epoch: 30/200 Train accuracy: 6.63460e-01 Validation accuracy: 6.59000e-01 Loss 1.09255e-02 Time taken: 1 seconds
Epoch: 31/200 Train accuracy: 6.64030e-01 Validation accuracy: 6.55333e-01 Loss 1.09256e-02 Time taken: 1 seconds
Epoch: 32/200 Train accuracy: 6.62676e-01 Validation accuracy: 6.57333e-01 Loss 1.09207e-02 Time taken: 1 seconds
Epoch: 33/200 Train accuracy: 6.64386e-01 Validation accuracy: 6.59333e-01 Loss 1.09134e-02 Time taken: 1 seconds
Epoch: 34/200 Train accuracy: 6.67023e-01 Validation accuracy: 6.58333e-01 Loss 1.08984e-02 Time taken: 1 seconds
Epoch: 35/200 Train accuracy: 6.69018e-01 Validation accuracy: 6.55667e-01 Loss 1.08920e-02 Time taken: 1 seconds
Epoch: 36/200 Train accuracy: 6.68733e-01 Validation accuracy: 6.63000e-01 Loss 1.08852e-02 Time taken: 1 seconds
Epoch: 37/200 Train accuracy: 6.72225e-01 Validation accuracy: 6.59667e-01 Loss 1.08829e-02 Time taken: 1 seconds
Epoch: 38/200 Train accuracy: 6.69873e-01 Validation accuracy: 6.61000e-01 Loss 1.08759e-02 Time taken: 1 seconds
Epoch: 39/200 Train accuracy: 6.73863e-01 Validation accuracy: 6.61333e-01 Loss 1.08723e-02 Time taken: 1 seconds
Epoch: 40/200 Train accuracy: 6.71013e-01 Validation accuracy: 6.61333e-01 Loss 1.08658e-02 Time taken: 1 seconds
Epoch: 41/200 Train accuracy: 6.72723e-01 Validation accuracy: 6.63333e-01 Loss 1.08543e-02 Time taken: 1 seconds
Epoch: 42/200 Train accuracy: 6.71583e-01 Validation accuracy: 6.62000e-01 Loss 1.08554e-02 Time taken: 1 seconds
Epoch: 43/200 Train accuracy: 6.70799e-01 Validation accuracy: 6.64667e-01 Loss 1.08548e-02 Time taken: 1 seconds
Epoch: 44/200 Train accuracy: 6.74362e-01 Validation accuracy: 6.60333e-01 Loss 1.08422e-02 Time taken: 1 seconds
Epoch: 45/200 Train accuracy: 6.74576e-01 Validation accuracy: 6.66333e-01 Loss 1.08370e-02 Time taken: 1 seconds
Epoch: 46/200 Train accuracy: 6.73863e-01 Validation accuracy: 6.65667e-01 Loss 1.08356e-02 Time taken: 1 seconds
Epoch: 47/200 Train accuracy: 6.75217e-01 Validation accuracy: 6.62000e-01 Loss 1.08297e-02 Time taken: 1 seconds
Epoch: 48/200 Train accuracy: 6.75004e-01 Validation accuracy: 6.61000e-01 Loss 1.08276e-02 Time taken: 1 seconds
Epoch: 49/200 Train accuracy: 6.77141e-01 Validation accuracy: 6.65667e-01 Loss 1.08207e-02 Time taken: 1 seconds
Epoch: 50/200 Train accuracy: 6.75930e-01 Validation accuracy: 6.66667e-01 Loss 1.08177e-02 Time taken: 1 seconds
Epoch: 51/200 Train accuracy: 6.76927e-01 Validation accuracy: 6.63000e-01 Loss 1.08130e-02 Time taken: 1 seconds
Epoch: 52/200 Train accuracy: 6.77212e-01 Validation accuracy: 6.62667e-01 Loss 1.08075e-02 Time taken: 1 seconds
Epoch: 53/200 Train accuracy: 6.77426e-01 Validation accuracy: 6.67333e-01 Loss 1.08051e-02 Time taken: 1 seconds
Epoch: 54/200 Train accuracy: 6.78353e-01 Validation accuracy: 6.64000e-01 Loss 1.07990e-02 Time taken: 1 seconds
Epoch: 55/200 Train accuracy: 6.78210e-01 Validation accuracy: 6.65000e-01 Loss 1.07989e-02 Time taken: 1 seconds
Epoch: 56/200 Train accuracy: 6.77355e-01 Validation accuracy: 6.68667e-01 Loss 1.07994e-02 Time taken: 1 seconds
Epoch: 57/200 Train accuracy: 6.80276e-01 Validation accuracy: 6.62667e-01 Loss 1.07910e-02 Time taken: 1 seconds
Epoch: 58/200 Train accuracy: 6.78353e-01 Validation accuracy: 6.70667e-01 Loss 1.07864e-02 Time taken: 1 seconds
Epoch: 59/200 Train accuracy: 6.78210e-01 Validation accuracy: 6.68667e-01 Loss 1.07838e-02 Time taken: 1 seconds
Epoch: 60/200 Train accuracy: 6.77925e-01 Validation accuracy: 6.64333e-01 Loss 1.07808e-02 Time taken: 1 seconds
Epoch: 61/200 Train accuracy: 6.80063e-01 Validation accuracy: 6.71333e-01 Loss 1.07747e-02 Time taken: 1 seconds
Epoch: 62/200 Train accuracy: 6.80561e-01 Validation accuracy: 6.69333e-01 Loss 1.07746e-02 Time taken: 1 seconds
Epoch: 63/200 Train accuracy: 6.80348e-01 Validation accuracy: 6.67667e-01 Loss 1.07709e-02 Time taken: 1 seconds
Epoch: 64/200 Train accuracy: 6.80633e-01 Validation accuracy: 6.69667e-01 Loss 1.07664e-02 Time taken: 1 seconds
Epoch: 65/200 Train accuracy: 6.81345e-01 Validation accuracy: 6.66333e-01 Loss 1.07651e-02 Time taken: 1 seconds
Epoch: 66/200 Train accuracy: 6.81773e-01 Validation accuracy: 6.69000e-01 Loss 1.07614e-02 Time taken: 2 seconds
Epoch: 67/200 Train accuracy: 6.80633e-01 Validation accuracy: 6.70333e-01 Loss 1.07616e-02 Time taken: 2 seconds
Epoch: 68/200 Train accuracy: 6.81630e-01 Validation accuracy: 6.69333e-01 Loss 1.07552e-02 Time taken: 2 seconds
Epoch: 69/200 Train accuracy: 6.84196e-01 Validation accuracy: 6.70000e-01 Loss 1.07551e-02 Time taken: 2 seconds
Epoch: 70/200 Train accuracy: 6.84766e-01 Validation accuracy: 6.68667e-01 Loss 1.07520e-02 Time taken: 2 seconds
Epoch: 71/200 Train accuracy: 6.82628e-01 Validation accuracy: 6.70333e-01 Loss 1.07553e-02 Time taken: 2 seconds
Epoch: 72/200 Train accuracy: 6.83839e-01 Validation accuracy: 6.64000e-01 Loss 1.07482e-02 Time taken: 2 seconds
Epoch: 73/200 Train accuracy: 6.82557e-01 Validation accuracy: 6.69000e-01 Loss 1.07488e-02 Time taken: 2 seconds
Epoch: 74/200 Train accuracy: 6.83127e-01 Validation accuracy: 6.69000e-01 Loss 1.07458e-02 Time taken: 2 seconds
Epoch: 75/200 Train accuracy: 6.84338e-01 Validation accuracy: 6.67333e-01 Loss 1.07392e-02 Time taken: 2 seconds
Epoch: 76/200 Train accuracy: 6.84623e-01 Validation accuracy: 6.72333e-01 Loss 1.07402e-02 Time taken: 2 seconds
Epoch: 77/200 Train accuracy: 6.84124e-01 Validation accuracy: 6.71667e-01 Loss 1.07428e-02 Time taken: 2 seconds
Epoch: 78/200 Train accuracy: 6.83055e-01 Validation accuracy: 6.71333e-01 Loss 1.07341e-02 Time taken: 2 seconds
Epoch: 79/200 Train accuracy: 6.86191e-01 Validation accuracy: 6.67333e-01 Loss 1.07342e-02 Time taken: 2 seconds
Epoch: 80/200 Train accuracy: 6.84481e-01 Validation accuracy: 6.70667e-01 Loss 1.07275e-02 Time taken: 2 seconds
Epoch: 81/200 Train accuracy: 6.84766e-01 Validation accuracy: 6.68667e-01 Loss 1.07331e-02 Time taken: 2 seconds
Epoch: 82/200 Train accuracy: 6.87616e-01 Validation accuracy: 6.74333e-01 Loss 1.07312e-02 Time taken: 2 seconds
Epoch: 83/200 Train accuracy: 6.85763e-01 Validation accuracy: 6.73000e-01 Loss 1.07274e-02 Time taken: 2 seconds
Epoch: 84/200 Train accuracy: 6.86903e-01 Validation accuracy: 6.72333e-01 Loss 1.07235e-02 Time taken: 2 seconds
Epoch: 85/200 Train accuracy: 6.85977e-01 Validation accuracy: 6.73333e-01 Loss 1.07240e-02 Time taken: 2 seconds
Epoch: 86/200 Train accuracy: 6.83982e-01 Validation accuracy: 6.70000e-01 Loss 1.07211e-02 Time taken: 2 seconds
Epoch: 87/200 Train accuracy: 6.86547e-01 Validation accuracy: 6.68333e-01 Loss 1.07168e-02 Time taken: 2 seconds
Epoch: 88/200 Train accuracy: 6.84552e-01 Validation accuracy: 6.70667e-01 Loss 1.07203e-02 Time taken: 2 seconds
Epoch: 89/200 Train accuracy: 6.87260e-01 Validation accuracy: 6.73667e-01 Loss 1.07175e-02 Time taken: 2 seconds
Epoch: 90/200 Train accuracy: 6.86832e-01 Validation accuracy: 6.68667e-01 Loss 1.07119e-02 Time taken: 2 seconds
Epoch: 91/200 Train accuracy: 6.86547e-01 Validation accuracy: 6.67000e-01 Loss 1.07137e-02 Time taken: 2 seconds
Epoch: 92/200 Train accuracy: 6.87188e-01 Validation accuracy: 6.73333e-01 Loss 1.07136e-02 Time taken: 2 seconds
Epoch: 93/200 Train accuracy: 6.86119e-01 Validation accuracy: 6.70667e-01 Loss 1.07167e-02 Time taken: 2 seconds
Epoch: 94/200 Train accuracy: 6.85977e-01 Validation accuracy: 6.71333e-01 Loss 1.07097e-02 Time taken: 2 seconds
Epoch: 95/200 Train accuracy: 6.87830e-01 Validation accuracy: 6.70667e-01 Loss 1.07101e-02 Time taken: 2 seconds
Epoch: 96/200 Train accuracy: 6.86618e-01 Validation accuracy: 6.72667e-01 Loss 1.07070e-02 Time taken: 2 seconds
Epoch: 97/200 Train accuracy: 6.84979e-01 Validation accuracy: 6.77000e-01 Loss 1.07075e-02 Time taken: 2 seconds
Epoch: 98/200 Train accuracy: 6.85906e-01 Validation accuracy: 6.72000e-01 Loss 1.07036e-02 Time taken: 2 seconds
Epoch: 99/200 Train accuracy: 6.86832e-01 Validation accuracy: 6.74000e-01 Loss 1.07022e-02 Time taken: 2 seconds
Epoch: 100/200 Train accuracy: 6.88613e-01 Validation accuracy: 6.69333e-01 Loss 1.06956e-02 Time taken: 2 seconds
Epoch: 101/200 Train accuracy: 6.89753e-01 Validation accuracy: 6.73333e-01 Loss 1.06951e-02 Time taken: 2 seconds
Epoch: 102/200 Train accuracy: 6.88685e-01 Validation accuracy: 6.75667e-01 Loss 1.06996e-02 Time taken: 2 seconds
Epoch: 103/200 Train accuracy: 6.87830e-01 Validation accuracy: 6.78333e-01 Loss 1.06961e-02 Time taken: 2 seconds
Epoch: 104/200 Train accuracy: 6.89753e-01 Validation accuracy: 6.76000e-01 Loss 1.06956e-02 Time taken: 2 seconds
Epoch: 105/200 Train accuracy: 6.87616e-01 Validation accuracy: 6.73333e-01 Loss 1.06896e-02 Time taken: 2 seconds
Epoch: 106/200 Train accuracy: 6.88756e-01 Validation accuracy: 6.76000e-01 Loss 1.06884e-02 Time taken: 2 seconds
Epoch: 107/200 Train accuracy: 6.87188e-01 Validation accuracy: 6.79000e-01 Loss 1.06918e-02 Time taken: 2 seconds
Epoch: 108/200 Train accuracy: 6.87687e-01 Validation accuracy: 6.75333e-01 Loss 1.06896e-02 Time taken: 2 seconds
Epoch: 109/200 Train accuracy: 6.90609e-01 Validation accuracy: 6.74000e-01 Loss 1.06927e-02 Time taken: 2 seconds
Epoch: 110/200 Train accuracy: 6.87545e-01 Validation accuracy: 6.76333e-01 Loss 1.06883e-02 Time taken: 2 seconds
Epoch: 111/200 Train accuracy: 6.91464e-01 Validation accuracy: 6.75333e-01 Loss 1.06889e-02 Time taken: 2 seconds
Epoch: 112/200 Train accuracy: 6.88898e-01 Validation accuracy: 6.76667e-01 Loss 1.06862e-02 Time taken: 2 seconds
Epoch: 113/200 Train accuracy: 6.89468e-01 Validation accuracy: 6.72000e-01 Loss 1.06834e-02 Time taken: 2 seconds
Epoch: 114/200 Train accuracy: 6.89540e-01 Validation accuracy: 6.74000e-01 Loss 1.06824e-02 Time taken: 2 seconds
Epoch: 115/200 Train accuracy: 6.87901e-01 Validation accuracy: 6.68000e-01 Loss 1.06830e-02 Time taken: 2 seconds
Epoch: 116/200 Train accuracy: 6.90680e-01 Validation accuracy: 6.78000e-01 Loss 1.06760e-02 Time taken: 2 seconds
Epoch: 117/200 Train accuracy: 6.90110e-01 Validation accuracy: 6.74333e-01 Loss 1.06764e-02 Time taken: 2 seconds
Epoch: 118/200 Train accuracy: 6.89967e-01 Validation accuracy: 6.75000e-01 Loss 1.06754e-02 Time taken: 2 seconds
Epoch: 119/200 Train accuracy: 6.89967e-01 Validation accuracy: 6.75000e-01 Loss 1.06757e-02 Time taken: 2 seconds
Epoch: 120/200 Train accuracy: 6.91250e-01 Validation accuracy: 6.75667e-01 Loss 1.06747e-02 Time taken: 2 seconds
Epoch: 121/200 Train accuracy: 6.89255e-01 Validation accuracy: 6.79000e-01 Loss 1.06750e-02 Time taken: 2 seconds
Epoch: 122/200 Train accuracy: 6.93174e-01 Validation accuracy: 6.82000e-01 Loss 1.06715e-02 Time taken: 2 seconds
Epoch: 123/200 Train accuracy: 6.90324e-01 Validation accuracy: 6.73333e-01 Loss 1.06714e-02 Time taken: 2 seconds
Epoch: 124/200 Train accuracy: 6.89326e-01 Validation accuracy: 6.75667e-01 Loss 1.06745e-02 Time taken: 2 seconds
Epoch: 125/200 Train accuracy: 6.90680e-01 Validation accuracy: 6.73667e-01 Loss 1.06693e-02 Time taken: 2 seconds
Epoch: 126/200 Train accuracy: 6.90965e-01 Validation accuracy: 6.80000e-01 Loss 1.06658e-02 Time taken: 2 seconds
Epoch: 127/200 Train accuracy: 6.91464e-01 Validation accuracy: 6.78333e-01 Loss 1.06698e-02 Time taken: 2 seconds
Epoch: 128/200 Train accuracy: 6.90965e-01 Validation accuracy: 6.78667e-01 Loss 1.06660e-02 Time taken: 2 seconds
Epoch: 129/200 Train accuracy: 6.91250e-01 Validation accuracy: 6.78333e-01 Loss 1.06644e-02 Time taken: 2 seconds
Epoch: 130/200 Train accuracy: 6.90395e-01 Validation accuracy: 6.72667e-01 Loss 1.06659e-02 Time taken: 2 seconds
Epoch: 131/200 Train accuracy: 6.90395e-01 Validation accuracy: 6.74000e-01 Loss 1.06662e-02 Time taken: 2 seconds
Epoch: 132/200 Train accuracy: 6.91392e-01 Validation accuracy: 6.82000e-01 Loss 1.06638e-02 Time taken: 2 seconds
Epoch: 133/200 Train accuracy: 6.91179e-01 Validation accuracy: 6.77667e-01 Loss 1.06617e-02 Time taken: 2 seconds
Epoch: 134/200 Train accuracy: 6.90324e-01 Validation accuracy: 6.81667e-01 Loss 1.06632e-02 Time taken: 2 seconds
Epoch: 135/200 Train accuracy: 6.92960e-01 Validation accuracy: 6.80333e-01 Loss 1.06613e-02 Time taken: 2 seconds
Epoch: 136/200 Train accuracy: 6.89682e-01 Validation accuracy: 6.77000e-01 Loss 1.06614e-02 Time taken: 2 seconds
Epoch: 137/200 Train accuracy: 6.92532e-01 Validation accuracy: 6.76333e-01 Loss 1.06631e-02 Time taken: 2 seconds
Epoch: 138/200 Train accuracy: 6.89611e-01 Validation accuracy: 6.80333e-01 Loss 1.06565e-02 Time taken: 2 seconds
Epoch: 139/200 Train accuracy: 6.92247e-01 Validation accuracy: 6.77667e-01 Loss 1.06564e-02 Time taken: 2 seconds
Epoch: 140/200 Train accuracy: 6.91250e-01 Validation accuracy: 6.78333e-01 Loss 1.06594e-02 Time taken: 2 seconds
Epoch: 141/200 Train accuracy: 6.91392e-01 Validation accuracy: 6.76333e-01 Loss 1.06537e-02 Time taken: 2 seconds
Epoch: 142/200 Train accuracy: 6.91749e-01 Validation accuracy: 6.75333e-01 Loss 1.06574e-02 Time taken: 2 seconds
Epoch: 143/200 Train accuracy: 6.92390e-01 Validation accuracy: 6.78000e-01 Loss 1.06557e-02 Time taken: 2 seconds
Epoch: 144/200 Train accuracy: 6.91677e-01 Validation accuracy: 6.78333e-01 Loss 1.06541e-02 Time taken: 2 seconds
Epoch: 145/200 Train accuracy: 6.92247e-01 Validation accuracy: 6.81333e-01 Loss 1.06560e-02 Time taken: 2 seconds
Epoch: 146/200 Train accuracy: 6.93316e-01 Validation accuracy: 6.80000e-01 Loss 1.06508e-02 Time taken: 2 seconds
Epoch: 147/200 Train accuracy: 6.94100e-01 Validation accuracy: 6.81667e-01 Loss 1.06473e-02 Time taken: 2 seconds
Epoch: 148/200 Train accuracy: 6.93316e-01 Validation accuracy: 6.77667e-01 Loss 1.06480e-02 Time taken: 2 seconds
Epoch: 149/200 Train accuracy: 6.91749e-01 Validation accuracy: 6.82667e-01 Loss 1.06489e-02 Time taken: 2 seconds
Epoch: 150/200 Train accuracy: 6.94599e-01 Validation accuracy: 6.80667e-01 Loss 1.06430e-02 Time taken: 2 seconds
Epoch: 151/200 Train accuracy: 6.92176e-01 Validation accuracy: 6.78333e-01 Loss 1.06453e-02 Time taken: 2 seconds
Epoch: 152/200 Train accuracy: 6.94314e-01 Validation accuracy: 6.80667e-01 Loss 1.06443e-02 Time taken: 2 seconds
Epoch: 153/200 Train accuracy: 6.91820e-01 Validation accuracy: 6.79333e-01 Loss 1.06484e-02 Time taken: 2 seconds
Epoch: 154/200 Train accuracy: 6.93815e-01 Validation accuracy: 6.77667e-01 Loss 1.06416e-02 Time taken: 2 seconds
Epoch: 155/200 Train accuracy: 6.94314e-01 Validation accuracy: 6.76000e-01 Loss 1.06440e-02 Time taken: 2 seconds
Epoch: 156/200 Train accuracy: 6.95311e-01 Validation accuracy: 6.81667e-01 Loss 1.06427e-02 Time taken: 2 seconds
Epoch: 157/200 Train accuracy: 6.92532e-01 Validation accuracy: 6.78333e-01 Loss 1.06476e-02 Time taken: 2 seconds
Epoch: 158/200 Train accuracy: 6.92247e-01 Validation accuracy: 6.77000e-01 Loss 1.06430e-02 Time taken: 2 seconds
Epoch: 159/200 Train accuracy: 6.92889e-01 Validation accuracy: 6.83000e-01 Loss 1.06399e-02 Time taken: 2 seconds
Epoch: 160/200 Train accuracy: 6.94456e-01 Validation accuracy: 6.83667e-01 Loss 1.06380e-02 Time taken: 2 seconds
Epoch: 161/200 Train accuracy: 6.93387e-01 Validation accuracy: 6.78000e-01 Loss 1.06407e-02 Time taken: 2 seconds
Epoch: 162/200 Train accuracy: 6.94813e-01 Validation accuracy: 6.82333e-01 Loss 1.06380e-02 Time taken: 2 seconds
Epoch: 163/200 Train accuracy: 6.92319e-01 Validation accuracy: 6.83000e-01 Loss 1.06408e-02 Time taken: 2 seconds
Epoch: 164/200 Train accuracy: 6.93815e-01 Validation accuracy: 6.82333e-01 Loss 1.06385e-02 Time taken: 2 seconds
Epoch: 165/200 Train accuracy: 6.94029e-01 Validation accuracy: 6.81000e-01 Loss 1.06347e-02 Time taken: 2 seconds
Epoch: 166/200 Train accuracy: 6.93815e-01 Validation accuracy: 6.78333e-01 Loss 1.06374e-02 Time taken: 2 seconds
Epoch: 167/200 Train accuracy: 6.94813e-01 Validation accuracy: 6.81000e-01 Loss 1.06377e-02 Time taken: 2 seconds
Epoch: 168/200 Train accuracy: 6.91820e-01 Validation accuracy: 6.79333e-01 Loss 1.06406e-02 Time taken: 2 seconds
Epoch: 169/200 Train accuracy: 6.93174e-01 Validation accuracy: 6.76333e-01 Loss 1.06315e-02 Time taken: 2 seconds
Epoch: 170/200 Train accuracy: 6.93601e-01 Validation accuracy: 6.80000e-01 Loss 1.06339e-02 Time taken: 2 seconds
Epoch: 171/200 Train accuracy: 6.95596e-01 Validation accuracy: 6.75667e-01 Loss 1.06273e-02 Time taken: 2 seconds
Epoch: 172/200 Train accuracy: 6.94955e-01 Validation accuracy: 6.80000e-01 Loss 1.06308e-02 Time taken: 2 seconds
Epoch: 173/200 Train accuracy: 6.95810e-01 Validation accuracy: 6.81333e-01 Loss 1.06321e-02 Time taken: 2 seconds
Epoch: 174/200 Train accuracy: 6.93744e-01 Validation accuracy: 6.83000e-01 Loss 1.06295e-02 Time taken: 2 seconds
Epoch: 175/200 Train accuracy: 6.94884e-01 Validation accuracy: 6.83000e-01 Loss 1.06276e-02 Time taken: 2 seconds
Epoch: 176/200 Train accuracy: 6.94243e-01 Validation accuracy: 6.83667e-01 Loss 1.06299e-02 Time taken: 2 seconds
Epoch: 177/200 Train accuracy: 6.95311e-01 Validation accuracy: 6.80333e-01 Loss 1.06273e-02 Time taken: 2 seconds
Epoch: 178/200 Train accuracy: 6.94599e-01 Validation accuracy: 6.79333e-01 Loss 1.06324e-02 Time taken: 2 seconds
Epoch: 179/200 Train accuracy: 6.94171e-01 Validation accuracy: 6.80000e-01 Loss 1.06276e-02 Time taken: 2 seconds
Epoch: 180/200 Train accuracy: 6.95383e-01 Validation accuracy: 6.81333e-01 Loss 1.06265e-02 Time taken: 2 seconds
Epoch: 181/200 Train accuracy: 6.95169e-01 Validation accuracy: 6.83667e-01 Loss 1.06289e-02 Time taken: 2 seconds
Epoch: 182/200 Train accuracy: 6.95026e-01 Validation accuracy: 6.77000e-01 Loss 1.06279e-02 Time taken: 2 seconds
Epoch: 183/200 Train accuracy: 6.94243e-01 Validation accuracy: 6.81667e-01 Loss 1.06279e-02 Time taken: 2 seconds
Epoch: 184/200 Train accuracy: 6.96594e-01 Validation accuracy: 6.79667e-01 Loss 1.06261e-02 Time taken: 2 seconds
Epoch: 185/200 Train accuracy: 6.96665e-01 Validation accuracy: 6.79333e-01 Loss 1.06225e-02 Time taken: 2 seconds
Epoch: 186/200 Train accuracy: 6.93815e-01 Validation accuracy: 6.84667e-01 Loss 1.06236e-02 Time taken: 2 seconds
Epoch: 187/200 Train accuracy: 6.95668e-01 Validation accuracy: 6.76000e-01 Loss 1.06209e-02 Time taken: 2 seconds
Epoch: 188/200 Train accuracy: 6.95169e-01 Validation accuracy: 6.83333e-01 Loss 1.06212e-02 Time taken: 2 seconds
Epoch: 189/200 Train accuracy: 6.95668e-01 Validation accuracy: 6.82333e-01 Loss 1.06201e-02 Time taken: 2 seconds
Epoch: 190/200 Train accuracy: 6.94528e-01 Validation accuracy: 6.76000e-01 Loss 1.06239e-02 Time taken: 2 seconds
Epoch: 191/200 Train accuracy: 6.94171e-01 Validation accuracy: 6.78667e-01 Loss 1.06234e-02 Time taken: 2 seconds
Epoch: 192/200 Train accuracy: 6.96523e-01 Validation accuracy: 6.76667e-01 Loss 1.06212e-02 Time taken: 2 seconds
Epoch: 193/200 Train accuracy: 6.96380e-01 Validation accuracy: 6.80000e-01 Loss 1.06224e-02 Time taken: 2 seconds
Epoch: 194/200 Train accuracy: 6.95383e-01 Validation accuracy: 6.78333e-01 Loss 1.06166e-02 Time taken: 2 seconds
Epoch: 195/200 Train accuracy: 6.96380e-01 Validation accuracy: 6.81667e-01 Loss 1.06177e-02 Time taken: 2 seconds
Epoch: 196/200 Train accuracy: 6.96594e-01 Validation accuracy: 6.82333e-01 Loss 1.06127e-02 Time taken: 2 seconds
Epoch: 197/200 Train accuracy: 6.96523e-01 Validation accuracy: 6.82333e-01 Loss 1.06155e-02 Time taken: 2 seconds
Epoch: 198/200 Train accuracy: 6.95240e-01 Validation accuracy: 6.77000e-01 Loss 1.06146e-02 Time taken: 2 seconds
Epoch: 199/200 Train accuracy: 6.96309e-01 Validation accuracy: 6.83667e-01 Loss 1.06168e-02 Time taken: 2 seconds
Epoch: 200/200 Train accuracy: 6.95810e-01 Validation accuracy: 6.80000e-01 Loss 1.06152e-02 Time taken: 2 seconds
Total time taken 0:07:02.024236
Cleaning up intermediate feature (.pt) files
Done


working on file logs_PKT/iic-train-L2-seed-10/jepa_iic_L2_seed-10-ep200.pth.tar ...
