Directory classifiers/jepa-iic-PKT-seed-10-classifier-pretrained-vitb-normalized-ep300 for saving the classifiers is now present
VisionTransformer(
  (patch_embed): PatchEmbed(
    (proj): Conv2d(3, 768, kernel_size=(15, 15), stride=(15, 15))
  )
  (blocks): ModuleList(
    (0-11): 12 x Block(
      (norm1): LayerNorm((768,), eps=1e-06, elementwise_affine=True)
      (attn): Attention(
        (qkv): Linear(in_features=768, out_features=2304, bias=True)
        (attn_drop): Dropout(p=0.0, inplace=False)
        (proj): Linear(in_features=768, out_features=768, bias=True)
        (proj_drop): Dropout(p=0.0, inplace=False)
      )
      (drop_path): Identity()
      (norm2): LayerNorm((768,), eps=1e-06, elementwise_affine=True)
      (mlp): MLP(
        (fc1): Linear(in_features=768, out_features=3072, bias=True)
        (act): GELU(approximate='none')
        (fc2): Linear(in_features=3072, out_features=768, bias=True)
        (drop): Dropout(p=0.0, inplace=False)
      )
    )
  )
  (norm): LayerNorm((768,), eps=1e-06, elementwise_affine=True)
)
Extracting features and saving them locally..
Epoch: 1/200 Train accuracy: 3.34260e-01 Validation accuracy: 4.13333e-01 Loss 1.32387e-02 Time taken: 2.42 seconds 
Epoch: 2/200 Train accuracy: 3.94827e-01 Validation accuracy: 4.41333e-01 Loss 1.28180e-02 Time taken: 2.44 seconds 
Epoch: 3/200 Train accuracy: 4.19766e-01 Validation accuracy: 4.40000e-01 Loss 1.26405e-02 Time taken: 2.36 seconds 
Epoch: 4/200 Train accuracy: 4.35585e-01 Validation accuracy: 4.48667e-01 Loss 1.25466e-02 Time taken: 2.35 seconds 
Epoch: 5/200 Train accuracy: 4.43637e-01 Validation accuracy: 4.61333e-01 Loss 1.24772e-02 Time taken: 2.37 seconds 
Epoch: 6/200 Train accuracy: 4.53898e-01 Validation accuracy: 4.72000e-01 Loss 1.23964e-02 Time taken: 2.28 seconds 
Epoch: 7/200 Train accuracy: 4.58173e-01 Validation accuracy: 4.73333e-01 Loss 1.23684e-02 Time taken: 2.27 seconds 
Epoch: 8/200 Train accuracy: 4.64301e-01 Validation accuracy: 4.82000e-01 Loss 1.23272e-02 Time taken: 2.31 seconds 
Epoch: 9/200 Train accuracy: 4.71783e-01 Validation accuracy: 4.79333e-01 Loss 1.22813e-02 Time taken: 2.22 seconds 
Epoch: 10/200 Train accuracy: 4.72638e-01 Validation accuracy: 4.68000e-01 Loss 1.22725e-02 Time taken: 2.24 seconds 
Epoch: 11/200 Train accuracy: 4.80476e-01 Validation accuracy: 4.84000e-01 Loss 1.22199e-02 Time taken: 2.40 seconds 
Epoch: 12/200 Train accuracy: 4.76913e-01 Validation accuracy: 4.87667e-01 Loss 1.22263e-02 Time taken: 2.39 seconds 
Epoch: 13/200 Train accuracy: 4.81046e-01 Validation accuracy: 4.89667e-01 Loss 1.22032e-02 Time taken: 2.54 seconds 
Epoch: 14/200 Train accuracy: 4.78837e-01 Validation accuracy: 4.86000e-01 Loss 1.22061e-02 Time taken: 2.24 seconds 
Epoch: 15/200 Train accuracy: 4.85606e-01 Validation accuracy: 4.87667e-01 Loss 1.21746e-02 Time taken: 2.31 seconds 
Epoch: 16/200 Train accuracy: 4.87459e-01 Validation accuracy: 4.95333e-01 Loss 1.21606e-02 Time taken: 2.35 seconds 
Epoch: 17/200 Train accuracy: 4.89454e-01 Validation accuracy: 4.92667e-01 Loss 1.21491e-02 Time taken: 2.26 seconds 
Epoch: 18/200 Train accuracy: 4.90309e-01 Validation accuracy: 5.00667e-01 Loss 1.21342e-02 Time taken: 2.43 seconds 
Epoch: 19/200 Train accuracy: 4.90452e-01 Validation accuracy: 4.93333e-01 Loss 1.21255e-02 Time taken: 2.27 seconds 
Epoch: 20/200 Train accuracy: 4.96580e-01 Validation accuracy: 4.89667e-01 Loss 1.20994e-02 Time taken: 2.19 seconds 
Epoch: 21/200 Train accuracy: 4.92946e-01 Validation accuracy: 5.02667e-01 Loss 1.21123e-02 Time taken: 2.41 seconds 
Epoch: 22/200 Train accuracy: 4.96722e-01 Validation accuracy: 5.04667e-01 Loss 1.20909e-02 Time taken: 2.27 seconds 
Epoch: 23/200 Train accuracy: 4.98219e-01 Validation accuracy: 5.02333e-01 Loss 1.20869e-02 Time taken: 2.24 seconds 
Epoch: 24/200 Train accuracy: 4.97221e-01 Validation accuracy: 5.06333e-01 Loss 1.20744e-02 Time taken: 2.41 seconds 
Epoch: 25/200 Train accuracy: 4.98717e-01 Validation accuracy: 5.00000e-01 Loss 1.20662e-02 Time taken: 2.27 seconds 
Epoch: 26/200 Train accuracy: 5.02066e-01 Validation accuracy: 5.10000e-01 Loss 1.20526e-02 Time taken: 2.26 seconds 
Epoch: 27/200 Train accuracy: 5.03563e-01 Validation accuracy: 5.08000e-01 Loss 1.20479e-02 Time taken: 2.41 seconds 
Epoch: 28/200 Train accuracy: 5.01140e-01 Validation accuracy: 5.07000e-01 Loss 1.20310e-02 Time taken: 2.28 seconds 
Epoch: 29/200 Train accuracy: 5.04845e-01 Validation accuracy: 5.09333e-01 Loss 1.20380e-02 Time taken: 2.28 seconds 
Epoch: 30/200 Train accuracy: 5.04632e-01 Validation accuracy: 5.03667e-01 Loss 1.20384e-02 Time taken: 2.23 seconds 
Epoch: 31/200 Train accuracy: 5.06769e-01 Validation accuracy: 5.11000e-01 Loss 1.20170e-02 Time taken: 2.10 seconds 
Epoch: 32/200 Train accuracy: 5.07268e-01 Validation accuracy: 5.14000e-01 Loss 1.20110e-02 Time taken: 2.16 seconds 
Epoch: 33/200 Train accuracy: 5.06270e-01 Validation accuracy: 5.15667e-01 Loss 1.20157e-02 Time taken: 2.26 seconds 
Epoch: 34/200 Train accuracy: 5.05629e-01 Validation accuracy: 5.09667e-01 Loss 1.20196e-02 Time taken: 2.20 seconds 
Epoch: 35/200 Train accuracy: 5.08052e-01 Validation accuracy: 4.99333e-01 Loss 1.19973e-02 Time taken: 2.16 seconds 
Epoch: 36/200 Train accuracy: 5.08194e-01 Validation accuracy: 5.08333e-01 Loss 1.20057e-02 Time taken: 2.19 seconds 
Epoch: 37/200 Train accuracy: 5.09263e-01 Validation accuracy: 5.13000e-01 Loss 1.19987e-02 Time taken: 2.26 seconds 
Epoch: 38/200 Train accuracy: 5.08978e-01 Validation accuracy: 5.10000e-01 Loss 1.19934e-02 Time taken: 2.36 seconds 
Epoch: 39/200 Train accuracy: 5.12327e-01 Validation accuracy: 5.19333e-01 Loss 1.19783e-02 Time taken: 2.19 seconds 
Epoch: 40/200 Train accuracy: 5.06841e-01 Validation accuracy: 5.08667e-01 Loss 1.19882e-02 Time taken: 2.26 seconds 
Epoch: 41/200 Train accuracy: 5.10973e-01 Validation accuracy: 5.15000e-01 Loss 1.19692e-02 Time taken: 2.12 seconds 
Epoch: 42/200 Train accuracy: 5.14465e-01 Validation accuracy: 5.21667e-01 Loss 1.19452e-02 Time taken: 2.42 seconds 
Epoch: 43/200 Train accuracy: 5.13895e-01 Validation accuracy: 5.16667e-01 Loss 1.19540e-02 Time taken: 2.22 seconds 
Epoch: 44/200 Train accuracy: 5.18099e-01 Validation accuracy: 5.23333e-01 Loss 1.19352e-02 Time taken: 2.08 seconds 
Epoch: 45/200 Train accuracy: 5.17244e-01 Validation accuracy: 5.16667e-01 Loss 1.19201e-02 Time taken: 2.02 seconds 
Epoch: 46/200 Train accuracy: 5.21662e-01 Validation accuracy: 5.20333e-01 Loss 1.19032e-02 Time taken: 2.10 seconds 
Epoch: 47/200 Train accuracy: 5.17386e-01 Validation accuracy: 5.19000e-01 Loss 1.19080e-02 Time taken: 2.34 seconds 
Epoch: 48/200 Train accuracy: 5.18241e-01 Validation accuracy: 5.25333e-01 Loss 1.18976e-02 Time taken: 2.31 seconds 
Epoch: 49/200 Train accuracy: 5.19382e-01 Validation accuracy: 5.26333e-01 Loss 1.19088e-02 Time taken: 2.55 seconds 
Epoch: 50/200 Train accuracy: 5.26721e-01 Validation accuracy: 5.29667e-01 Loss 1.18875e-02 Time taken: 2.51 seconds 
Epoch: 51/200 Train accuracy: 5.27433e-01 Validation accuracy: 5.26333e-01 Loss 1.18691e-02 Time taken: 2.27 seconds 
Epoch: 52/200 Train accuracy: 5.22659e-01 Validation accuracy: 5.34667e-01 Loss 1.18900e-02 Time taken: 2.45 seconds 
Epoch: 53/200 Train accuracy: 5.25581e-01 Validation accuracy: 5.36333e-01 Loss 1.18688e-02 Time taken: 2.22 seconds 
Epoch: 54/200 Train accuracy: 5.29642e-01 Validation accuracy: 5.23000e-01 Loss 1.18564e-02 Time taken: 2.19 seconds 
Epoch: 55/200 Train accuracy: 5.29001e-01 Validation accuracy: 5.34333e-01 Loss 1.18522e-02 Time taken: 2.26 seconds 
Epoch: 56/200 Train accuracy: 5.28431e-01 Validation accuracy: 5.24000e-01 Loss 1.18441e-02 Time taken: 2.05 seconds 
Epoch: 57/200 Train accuracy: 5.31851e-01 Validation accuracy: 5.36000e-01 Loss 1.18441e-02 Time taken: 2.40 seconds 
Epoch: 58/200 Train accuracy: 5.33704e-01 Validation accuracy: 5.28000e-01 Loss 1.18263e-02 Time taken: 2.34 seconds 
Epoch: 59/200 Train accuracy: 5.30782e-01 Validation accuracy: 5.37000e-01 Loss 1.18322e-02 Time taken: 2.24 seconds 
Epoch: 60/200 Train accuracy: 5.31067e-01 Validation accuracy: 5.39000e-01 Loss 1.18474e-02 Time taken: 2.46 seconds 
Epoch: 61/200 Train accuracy: 5.29714e-01 Validation accuracy: 5.41333e-01 Loss 1.18366e-02 Time taken: 2.43 seconds 
Epoch: 62/200 Train accuracy: 5.31566e-01 Validation accuracy: 5.41000e-01 Loss 1.18183e-02 Time taken: 2.23 seconds 
Epoch: 63/200 Train accuracy: 5.31067e-01 Validation accuracy: 5.37667e-01 Loss 1.18261e-02 Time taken: 2.53 seconds 
Epoch: 64/200 Train accuracy: 5.33775e-01 Validation accuracy: 5.34333e-01 Loss 1.18162e-02 Time taken: 2.29 seconds 
Epoch: 65/200 Train accuracy: 5.33348e-01 Validation accuracy: 5.42000e-01 Loss 1.18190e-02 Time taken: 2.13 seconds 
Epoch: 66/200 Train accuracy: 5.32920e-01 Validation accuracy: 5.41667e-01 Loss 1.18156e-02 Time taken: 2.07 seconds 
Epoch: 67/200 Train accuracy: 5.33561e-01 Validation accuracy: 5.37667e-01 Loss 1.18152e-02 Time taken: 2.35 seconds 
Epoch: 68/200 Train accuracy: 5.36412e-01 Validation accuracy: 5.37667e-01 Loss 1.17981e-02 Time taken: 2.40 seconds 
Epoch: 69/200 Train accuracy: 5.33419e-01 Validation accuracy: 5.43000e-01 Loss 1.18095e-02 Time taken: 2.40 seconds 
Epoch: 70/200 Train accuracy: 5.33419e-01 Validation accuracy: 5.50000e-01 Loss 1.18096e-02 Time taken: 2.39 seconds 
Epoch: 71/200 Train accuracy: 5.32778e-01 Validation accuracy: 5.47333e-01 Loss 1.17966e-02 Time taken: 2.36 seconds 
Epoch: 72/200 Train accuracy: 5.37195e-01 Validation accuracy: 5.35000e-01 Loss 1.17904e-02 Time taken: 2.29 seconds 
Epoch: 73/200 Train accuracy: 5.41756e-01 Validation accuracy: 5.43667e-01 Loss 1.17595e-02 Time taken: 2.17 seconds 
Epoch: 74/200 Train accuracy: 5.39903e-01 Validation accuracy: 5.42667e-01 Loss 1.17750e-02 Time taken: 2.28 seconds 
Epoch: 75/200 Train accuracy: 5.35557e-01 Validation accuracy: 5.48667e-01 Loss 1.18029e-02 Time taken: 2.30 seconds 
Epoch: 76/200 Train accuracy: 5.35842e-01 Validation accuracy: 5.43667e-01 Loss 1.17821e-02 Time taken: 2.44 seconds 
Epoch: 77/200 Train accuracy: 5.41827e-01 Validation accuracy: 5.45333e-01 Loss 1.17489e-02 Time taken: 2.40 seconds 
Epoch: 78/200 Train accuracy: 5.38692e-01 Validation accuracy: 5.52000e-01 Loss 1.17719e-02 Time taken: 2.27 seconds 
Epoch: 79/200 Train accuracy: 5.36483e-01 Validation accuracy: 5.39667e-01 Loss 1.17827e-02 Time taken: 2.32 seconds 
Epoch: 80/200 Train accuracy: 5.40259e-01 Validation accuracy: 5.50333e-01 Loss 1.17639e-02 Time taken: 2.38 seconds 
Epoch: 81/200 Train accuracy: 5.40758e-01 Validation accuracy: 5.48000e-01 Loss 1.17624e-02 Time taken: 2.17 seconds 
Epoch: 82/200 Train accuracy: 5.40402e-01 Validation accuracy: 5.55000e-01 Loss 1.17540e-02 Time taken: 2.38 seconds 
Epoch: 83/200 Train accuracy: 5.37124e-01 Validation accuracy: 5.43667e-01 Loss 1.17788e-02 Time taken: 2.28 seconds 
Epoch: 84/200 Train accuracy: 5.43252e-01 Validation accuracy: 5.42667e-01 Loss 1.17452e-02 Time taken: 2.20 seconds 
Epoch: 85/200 Train accuracy: 5.36839e-01 Validation accuracy: 5.45333e-01 Loss 1.17761e-02 Time taken: 2.12 seconds 
Epoch: 86/200 Train accuracy: 5.39618e-01 Validation accuracy: 5.51333e-01 Loss 1.17566e-02 Time taken: 2.32 seconds 
Epoch: 87/200 Train accuracy: 5.42540e-01 Validation accuracy: 5.52667e-01 Loss 1.17456e-02 Time taken: 2.13 seconds 
Epoch: 88/200 Train accuracy: 5.43038e-01 Validation accuracy: 5.51000e-01 Loss 1.17475e-02 Time taken: 2.18 seconds 
Epoch: 89/200 Train accuracy: 5.45176e-01 Validation accuracy: 5.53333e-01 Loss 1.17251e-02 Time taken: 2.30 seconds 
Epoch: 90/200 Train accuracy: 5.38549e-01 Validation accuracy: 5.54000e-01 Loss 1.17588e-02 Time taken: 2.37 seconds 
Epoch: 91/200 Train accuracy: 5.44748e-01 Validation accuracy: 5.51667e-01 Loss 1.17415e-02 Time taken: 2.34 seconds 
Epoch: 92/200 Train accuracy: 5.44748e-01 Validation accuracy: 5.46667e-01 Loss 1.17349e-02 Time taken: 2.37 seconds 
Epoch: 93/200 Train accuracy: 5.44535e-01 Validation accuracy: 5.47000e-01 Loss 1.17342e-02 Time taken: 2.44 seconds 
Epoch: 94/200 Train accuracy: 5.43608e-01 Validation accuracy: 5.57000e-01 Loss 1.17287e-02 Time taken: 2.34 seconds 
Epoch: 95/200 Train accuracy: 5.37694e-01 Validation accuracy: 5.59000e-01 Loss 1.17627e-02 Time taken: 2.13 seconds 
Epoch: 96/200 Train accuracy: 5.41684e-01 Validation accuracy: 5.53333e-01 Loss 1.17432e-02 Time taken: 2.30 seconds 
Epoch: 97/200 Train accuracy: 5.46744e-01 Validation accuracy: 5.47667e-01 Loss 1.17377e-02 Time taken: 2.44 seconds 
Epoch: 98/200 Train accuracy: 5.45319e-01 Validation accuracy: 5.57667e-01 Loss 1.17240e-02 Time taken: 2.25 seconds 
Epoch: 99/200 Train accuracy: 5.43893e-01 Validation accuracy: 5.60667e-01 Loss 1.17239e-02 Time taken: 2.14 seconds 
Epoch: 100/200 Train accuracy: 5.45746e-01 Validation accuracy: 5.51667e-01 Loss 1.17363e-02 Time taken: 2.11 seconds 
Epoch: 101/200 Train accuracy: 5.43038e-01 Validation accuracy: 5.57333e-01 Loss 1.17430e-02 Time taken: 2.33 seconds 
Epoch: 102/200 Train accuracy: 5.39974e-01 Validation accuracy: 5.47000e-01 Loss 1.17566e-02 Time taken: 2.37 seconds 
Epoch: 103/200 Train accuracy: 5.40901e-01 Validation accuracy: 5.54000e-01 Loss 1.17336e-02 Time taken: 2.21 seconds 
Epoch: 104/200 Train accuracy: 5.45817e-01 Validation accuracy: 5.58000e-01 Loss 1.17269e-02 Time taken: 2.06 seconds 
Epoch: 105/200 Train accuracy: 5.45746e-01 Validation accuracy: 5.60000e-01 Loss 1.17322e-02 Time taken: 2.33 seconds 
Epoch: 106/200 Train accuracy: 5.49879e-01 Validation accuracy: 5.57667e-01 Loss 1.17180e-02 Time taken: 2.28 seconds 
Epoch: 107/200 Train accuracy: 5.44962e-01 Validation accuracy: 5.55000e-01 Loss 1.17352e-02 Time taken: 2.15 seconds 
Epoch: 108/200 Train accuracy: 5.47029e-01 Validation accuracy: 5.54667e-01 Loss 1.17199e-02 Time taken: 2.17 seconds 
Epoch: 109/200 Train accuracy: 5.45889e-01 Validation accuracy: 5.60333e-01 Loss 1.17193e-02 Time taken: 2.27 seconds 
Epoch: 110/200 Train accuracy: 5.45319e-01 Validation accuracy: 5.57333e-01 Loss 1.17116e-02 Time taken: 2.26 seconds 
Epoch: 111/200 Train accuracy: 5.46174e-01 Validation accuracy: 5.60333e-01 Loss 1.17217e-02 Time taken: 2.18 seconds 
Epoch: 112/200 Train accuracy: 5.47029e-01 Validation accuracy: 5.52000e-01 Loss 1.17055e-02 Time taken: 1.77 seconds 
Epoch: 113/200 Train accuracy: 5.47741e-01 Validation accuracy: 5.59000e-01 Loss 1.17162e-02 Time taken: 1.62 seconds 
Epoch: 114/200 Train accuracy: 5.48097e-01 Validation accuracy: 5.42000e-01 Loss 1.17040e-02 Time taken: 1.61 seconds 
Epoch: 115/200 Train accuracy: 5.41186e-01 Validation accuracy: 5.57333e-01 Loss 1.17403e-02 Time taken: 1.59 seconds 
Epoch: 116/200 Train accuracy: 5.53869e-01 Validation accuracy: 5.57333e-01 Loss 1.16785e-02 Time taken: 1.60 seconds 
Epoch: 117/200 Train accuracy: 5.43608e-01 Validation accuracy: 5.54667e-01 Loss 1.17303e-02 Time taken: 1.58 seconds 
Epoch: 118/200 Train accuracy: 5.48240e-01 Validation accuracy: 5.58667e-01 Loss 1.17098e-02 Time taken: 1.58 seconds 
Epoch: 119/200 Train accuracy: 5.46459e-01 Validation accuracy: 5.62667e-01 Loss 1.17308e-02 Time taken: 1.62 seconds 
Epoch: 120/200 Train accuracy: 5.43965e-01 Validation accuracy: 5.49667e-01 Loss 1.17346e-02 Time taken: 1.60 seconds 
Epoch: 121/200 Train accuracy: 5.44891e-01 Validation accuracy: 5.57667e-01 Loss 1.17077e-02 Time taken: 1.61 seconds 
Epoch: 122/200 Train accuracy: 5.41756e-01 Validation accuracy: 5.48667e-01 Loss 1.17329e-02 Time taken: 1.58 seconds 
Epoch: 123/200 Train accuracy: 5.42468e-01 Validation accuracy: 5.59000e-01 Loss 1.17223e-02 Time taken: 1.62 seconds 
Epoch: 124/200 Train accuracy: 5.47670e-01 Validation accuracy: 5.45000e-01 Loss 1.17060e-02 Time taken: 1.61 seconds 
Epoch: 125/200 Train accuracy: 5.40331e-01 Validation accuracy: 5.59667e-01 Loss 1.17418e-02 Time taken: 1.63 seconds 
Epoch: 126/200 Train accuracy: 5.43751e-01 Validation accuracy: 5.58667e-01 Loss 1.17220e-02 Time taken: 1.63 seconds 
Epoch: 127/200 Train accuracy: 5.48097e-01 Validation accuracy: 5.50333e-01 Loss 1.17048e-02 Time taken: 1.60 seconds 
Epoch: 128/200 Train accuracy: 5.49166e-01 Validation accuracy: 5.52000e-01 Loss 1.16979e-02 Time taken: 1.64 seconds 
Epoch: 129/200 Train accuracy: 5.48454e-01 Validation accuracy: 5.51000e-01 Loss 1.16920e-02 Time taken: 1.62 seconds 
Epoch: 130/200 Train accuracy: 5.44891e-01 Validation accuracy: 5.58667e-01 Loss 1.17083e-02 Time taken: 1.66 seconds 
Epoch: 131/200 Train accuracy: 5.49238e-01 Validation accuracy: 5.51333e-01 Loss 1.16881e-02 Time taken: 1.62 seconds 
Epoch: 132/200 Train accuracy: 5.42611e-01 Validation accuracy: 5.63667e-01 Loss 1.17232e-02 Time taken: 1.58 seconds 
Epoch: 133/200 Train accuracy: 5.48240e-01 Validation accuracy: 5.46000e-01 Loss 1.16961e-02 Time taken: 1.58 seconds 
Epoch: 134/200 Train accuracy: 5.45532e-01 Validation accuracy: 5.53667e-01 Loss 1.17114e-02 Time taken: 1.66 seconds 
Epoch: 135/200 Train accuracy: 5.48169e-01 Validation accuracy: 5.49000e-01 Loss 1.16863e-02 Time taken: 1.59 seconds 
Epoch: 136/200 Train accuracy: 5.48454e-01 Validation accuracy: 5.58333e-01 Loss 1.17026e-02 Time taken: 1.60 seconds 
Epoch: 137/200 Train accuracy: 5.47955e-01 Validation accuracy: 5.53667e-01 Loss 1.17034e-02 Time taken: 1.60 seconds 
Epoch: 138/200 Train accuracy: 5.49451e-01 Validation accuracy: 5.43667e-01 Loss 1.16917e-02 Time taken: 1.65 seconds 
Epoch: 139/200 Train accuracy: 5.50449e-01 Validation accuracy: 5.62667e-01 Loss 1.16875e-02 Time taken: 1.58 seconds 
Epoch: 140/200 Train accuracy: 5.50093e-01 Validation accuracy: 5.53000e-01 Loss 1.16840e-02 Time taken: 1.58 seconds 
Epoch: 141/200 Train accuracy: 5.44677e-01 Validation accuracy: 5.59333e-01 Loss 1.17104e-02 Time taken: 1.65 seconds 
Epoch: 142/200 Train accuracy: 5.48525e-01 Validation accuracy: 5.57333e-01 Loss 1.17017e-02 Time taken: 1.60 seconds 
Epoch: 143/200 Train accuracy: 5.47456e-01 Validation accuracy: 5.48667e-01 Loss 1.17054e-02 Time taken: 1.62 seconds 
Epoch: 144/200 Train accuracy: 5.45675e-01 Validation accuracy: 5.50333e-01 Loss 1.17077e-02 Time taken: 1.67 seconds 
Epoch: 145/200 Train accuracy: 5.46530e-01 Validation accuracy: 5.63667e-01 Loss 1.16922e-02 Time taken: 1.62 seconds 
Epoch: 146/200 Train accuracy: 5.49451e-01 Validation accuracy: 5.52000e-01 Loss 1.16802e-02 Time taken: 1.60 seconds 
Epoch: 147/200 Train accuracy: 5.50021e-01 Validation accuracy: 5.61333e-01 Loss 1.16952e-02 Time taken: 1.62 seconds 
Epoch: 148/200 Train accuracy: 5.47884e-01 Validation accuracy: 5.60333e-01 Loss 1.16884e-02 Time taken: 1.65 seconds 
Epoch: 149/200 Train accuracy: 5.47456e-01 Validation accuracy: 5.61333e-01 Loss 1.16897e-02 Time taken: 1.62 seconds 
Epoch: 150/200 Train accuracy: 5.46672e-01 Validation accuracy: 5.58667e-01 Loss 1.17059e-02 Time taken: 1.60 seconds 
Epoch: 151/200 Train accuracy: 5.49808e-01 Validation accuracy: 5.59333e-01 Loss 1.16766e-02 Time taken: 1.65 seconds 
Epoch: 152/200 Train accuracy: 5.48668e-01 Validation accuracy: 5.45667e-01 Loss 1.16747e-02 Time taken: 1.60 seconds 
Epoch: 153/200 Train accuracy: 5.46102e-01 Validation accuracy: 5.45000e-01 Loss 1.17047e-02 Time taken: 1.64 seconds 
Epoch: 154/200 Train accuracy: 5.50021e-01 Validation accuracy: 5.53667e-01 Loss 1.16891e-02 Time taken: 1.61 seconds 
Epoch: 155/200 Train accuracy: 5.45889e-01 Validation accuracy: 5.62333e-01 Loss 1.17078e-02 Time taken: 1.66 seconds 
Epoch: 156/200 Train accuracy: 5.50663e-01 Validation accuracy: 5.56333e-01 Loss 1.16833e-02 Time taken: 1.64 seconds 
Epoch: 157/200 Train accuracy: 5.47599e-01 Validation accuracy: 5.61333e-01 Loss 1.16888e-02 Time taken: 1.65 seconds 
Epoch: 158/200 Train accuracy: 5.46530e-01 Validation accuracy: 5.66000e-01 Loss 1.17037e-02 Time taken: 1.62 seconds 
Epoch: 159/200 Train accuracy: 5.51874e-01 Validation accuracy: 5.58667e-01 Loss 1.16715e-02 Time taken: 1.68 seconds 
Epoch: 160/200 Train accuracy: 5.50591e-01 Validation accuracy: 5.54667e-01 Loss 1.16777e-02 Time taken: 1.61 seconds 
Epoch: 161/200 Train accuracy: 5.49523e-01 Validation accuracy: 5.43333e-01 Loss 1.16796e-02 Time taken: 1.61 seconds 
Epoch: 162/200 Train accuracy: 5.47884e-01 Validation accuracy: 5.63333e-01 Loss 1.16829e-02 Time taken: 1.67 seconds 
Epoch: 163/200 Train accuracy: 5.50449e-01 Validation accuracy: 5.54667e-01 Loss 1.16702e-02 Time taken: 1.62 seconds 
Epoch: 164/200 Train accuracy: 5.51233e-01 Validation accuracy: 5.61333e-01 Loss 1.16768e-02 Time taken: 1.63 seconds 
Epoch: 165/200 Train accuracy: 5.49950e-01 Validation accuracy: 5.56667e-01 Loss 1.16600e-02 Time taken: 1.65 seconds 
Epoch: 166/200 Train accuracy: 5.46744e-01 Validation accuracy: 5.60333e-01 Loss 1.17081e-02 Time taken: 1.60 seconds 
Epoch: 167/200 Train accuracy: 5.54083e-01 Validation accuracy: 5.63667e-01 Loss 1.16479e-02 Time taken: 1.62 seconds 
Epoch: 168/200 Train accuracy: 5.50520e-01 Validation accuracy: 5.59000e-01 Loss 1.16790e-02 Time taken: 1.60 seconds 
Epoch: 169/200 Train accuracy: 5.50876e-01 Validation accuracy: 5.57667e-01 Loss 1.16792e-02 Time taken: 1.62 seconds 
Epoch: 170/200 Train accuracy: 5.48382e-01 Validation accuracy: 5.57667e-01 Loss 1.16860e-02 Time taken: 1.62 seconds 
Epoch: 171/200 Train accuracy: 5.50235e-01 Validation accuracy: 5.65333e-01 Loss 1.16727e-02 Time taken: 1.65 seconds 
Epoch: 172/200 Train accuracy: 5.52587e-01 Validation accuracy: 5.59000e-01 Loss 1.16673e-02 Time taken: 1.61 seconds 
Epoch: 173/200 Train accuracy: 5.46102e-01 Validation accuracy: 5.56000e-01 Loss 1.16919e-02 Time taken: 1.64 seconds 
Epoch: 174/200 Train accuracy: 5.52943e-01 Validation accuracy: 5.63667e-01 Loss 1.16556e-02 Time taken: 1.63 seconds 
Epoch: 175/200 Train accuracy: 5.46957e-01 Validation accuracy: 5.60000e-01 Loss 1.16828e-02 Time taken: 1.67 seconds 
Epoch: 176/200 Train accuracy: 5.50734e-01 Validation accuracy: 5.60000e-01 Loss 1.16853e-02 Time taken: 1.63 seconds 
Epoch: 177/200 Train accuracy: 5.49024e-01 Validation accuracy: 5.57667e-01 Loss 1.16722e-02 Time taken: 1.61 seconds 
Epoch: 178/200 Train accuracy: 5.50948e-01 Validation accuracy: 5.62667e-01 Loss 1.16647e-02 Time taken: 1.60 seconds 
Epoch: 179/200 Train accuracy: 5.51518e-01 Validation accuracy: 5.60333e-01 Loss 1.16612e-02 Time taken: 1.63 seconds 
Epoch: 180/200 Train accuracy: 5.52729e-01 Validation accuracy: 5.65333e-01 Loss 1.16558e-02 Time taken: 1.63 seconds 
Epoch: 181/200 Train accuracy: 5.49523e-01 Validation accuracy: 5.63333e-01 Loss 1.16867e-02 Time taken: 1.66 seconds 
Epoch: 182/200 Train accuracy: 5.52587e-01 Validation accuracy: 5.59667e-01 Loss 1.16648e-02 Time taken: 1.64 seconds 
Epoch: 183/200 Train accuracy: 5.52658e-01 Validation accuracy: 5.63333e-01 Loss 1.16534e-02 Time taken: 1.62 seconds 
Epoch: 184/200 Train accuracy: 5.55009e-01 Validation accuracy: 5.65000e-01 Loss 1.16538e-02 Time taken: 1.60 seconds 
Epoch: 185/200 Train accuracy: 5.50235e-01 Validation accuracy: 5.49000e-01 Loss 1.16657e-02 Time taken: 1.66 seconds 
Epoch: 186/200 Train accuracy: 5.48668e-01 Validation accuracy: 5.67667e-01 Loss 1.16706e-02 Time taken: 1.61 seconds 
Epoch: 187/200 Train accuracy: 5.51732e-01 Validation accuracy: 5.65000e-01 Loss 1.16749e-02 Time taken: 1.61 seconds 
Epoch: 188/200 Train accuracy: 5.49166e-01 Validation accuracy: 5.62667e-01 Loss 1.16798e-02 Time taken: 1.65 seconds 
Epoch: 189/200 Train accuracy: 5.51375e-01 Validation accuracy: 5.57667e-01 Loss 1.16623e-02 Time taken: 1.62 seconds 
Epoch: 190/200 Train accuracy: 5.52444e-01 Validation accuracy: 5.56667e-01 Loss 1.16728e-02 Time taken: 1.63 seconds 
Epoch: 191/200 Train accuracy: 5.53085e-01 Validation accuracy: 5.69333e-01 Loss 1.16588e-02 Time taken: 1.65 seconds 
Epoch: 192/200 Train accuracy: 5.51446e-01 Validation accuracy: 5.54667e-01 Loss 1.16644e-02 Time taken: 1.71 seconds 
Epoch: 193/200 Train accuracy: 5.48525e-01 Validation accuracy: 5.57667e-01 Loss 1.16720e-02 Time taken: 1.60 seconds 
Epoch: 194/200 Train accuracy: 5.48810e-01 Validation accuracy: 5.63667e-01 Loss 1.16783e-02 Time taken: 1.63 seconds 
Epoch: 195/200 Train accuracy: 5.53727e-01 Validation accuracy: 5.50667e-01 Loss 1.16435e-02 Time taken: 1.59 seconds 
Epoch: 196/200 Train accuracy: 5.50306e-01 Validation accuracy: 5.66333e-01 Loss 1.16759e-02 Time taken: 1.57 seconds 
Epoch: 197/200 Train accuracy: 5.50805e-01 Validation accuracy: 5.51667e-01 Loss 1.16597e-02 Time taken: 1.60 seconds 
Epoch: 198/200 Train accuracy: 5.47884e-01 Validation accuracy: 5.59333e-01 Loss 1.16803e-02 Time taken: 1.59 seconds 
Epoch: 199/200 Train accuracy: 5.53370e-01 Validation accuracy: 5.62000e-01 Loss 1.16520e-02 Time taken: 1.63 seconds 
Epoch: 200/200 Train accuracy: 5.49950e-01 Validation accuracy: 5.63333e-01 Loss 1.16679e-02 Time taken: 1.72 seconds 
Total time taken 0:06:39.132074
Cleaning up intermediate feature (.pt) files
