Directory classifiers/jepa-iic-PKT-seed-10-classifier-pretrained-vitb-normalized-ep200 for saving the classifiers is now present
VisionTransformer(
  (patch_embed): PatchEmbed(
    (proj): Conv2d(3, 768, kernel_size=(15, 15), stride=(15, 15))
  )
  (blocks): ModuleList(
    (0-11): 12 x Block(
      (norm1): LayerNorm((768,), eps=1e-06, elementwise_affine=True)
      (attn): Attention(
        (qkv): Linear(in_features=768, out_features=2304, bias=True)
        (attn_drop): Dropout(p=0.0, inplace=False)
        (proj): Linear(in_features=768, out_features=768, bias=True)
        (proj_drop): Dropout(p=0.0, inplace=False)
      )
      (drop_path): Identity()
      (norm2): LayerNorm((768,), eps=1e-06, elementwise_affine=True)
      (mlp): MLP(
        (fc1): Linear(in_features=768, out_features=3072, bias=True)
        (act): GELU(approximate='none')
        (fc2): Linear(in_features=3072, out_features=768, bias=True)
        (drop): Dropout(p=0.0, inplace=False)
      )
    )
  )
  (norm): LayerNorm((768,), eps=1e-06, elementwise_affine=True)
)
Extracting features and saving them locally..
Epoch: 1/200 Train accuracy: 2.99059e-01 Validation accuracy: 3.51667e-01 Loss 1.34564e-02 Time taken: 1.52 seconds 
Epoch: 2/200 Train accuracy: 3.34830e-01 Validation accuracy: 3.70000e-01 Loss 1.31993e-02 Time taken: 1.50 seconds 
Epoch: 3/200 Train accuracy: 3.46516e-01 Validation accuracy: 3.65000e-01 Loss 1.31153e-02 Time taken: 1.52 seconds 
Epoch: 4/200 Train accuracy: 3.53000e-01 Validation accuracy: 3.67000e-01 Loss 1.30776e-02 Time taken: 1.53 seconds 
Epoch: 5/200 Train accuracy: 3.57061e-01 Validation accuracy: 3.80000e-01 Loss 1.30233e-02 Time taken: 1.51 seconds 
Epoch: 6/200 Train accuracy: 3.63688e-01 Validation accuracy: 3.81000e-01 Loss 1.30131e-02 Time taken: 1.52 seconds 
Epoch: 7/200 Train accuracy: 3.63831e-01 Validation accuracy: 3.81333e-01 Loss 1.29882e-02 Time taken: 1.52 seconds 
Epoch: 8/200 Train accuracy: 3.70742e-01 Validation accuracy: 3.88667e-01 Loss 1.29644e-02 Time taken: 1.51 seconds 
Epoch: 9/200 Train accuracy: 3.73308e-01 Validation accuracy: 3.80667e-01 Loss 1.29335e-02 Time taken: 1.53 seconds 
Epoch: 10/200 Train accuracy: 3.72595e-01 Validation accuracy: 3.78667e-01 Loss 1.29327e-02 Time taken: 1.52 seconds 
Epoch: 11/200 Train accuracy: 3.78367e-01 Validation accuracy: 3.91333e-01 Loss 1.28884e-02 Time taken: 1.51 seconds 
Epoch: 12/200 Train accuracy: 3.85421e-01 Validation accuracy: 3.89667e-01 Loss 1.28588e-02 Time taken: 1.52 seconds 
Epoch: 13/200 Train accuracy: 3.84139e-01 Validation accuracy: 3.87000e-01 Loss 1.28579e-02 Time taken: 1.53 seconds 
Epoch: 14/200 Train accuracy: 3.84780e-01 Validation accuracy: 3.91667e-01 Loss 1.28427e-02 Time taken: 1.52 seconds 
Epoch: 15/200 Train accuracy: 3.83640e-01 Validation accuracy: 3.96333e-01 Loss 1.28569e-02 Time taken: 1.52 seconds 
Epoch: 16/200 Train accuracy: 3.86419e-01 Validation accuracy: 3.97333e-01 Loss 1.28460e-02 Time taken: 1.50 seconds 
Epoch: 17/200 Train accuracy: 3.88699e-01 Validation accuracy: 3.89000e-01 Loss 1.28389e-02 Time taken: 1.52 seconds 
Epoch: 18/200 Train accuracy: 3.88200e-01 Validation accuracy: 3.82333e-01 Loss 1.28237e-02 Time taken: 1.51 seconds 
Epoch: 19/200 Train accuracy: 3.88058e-01 Validation accuracy: 3.97000e-01 Loss 1.28262e-02 Time taken: 1.52 seconds 
Epoch: 20/200 Train accuracy: 3.89483e-01 Validation accuracy: 3.91333e-01 Loss 1.28141e-02 Time taken: 1.52 seconds 
Epoch: 21/200 Train accuracy: 3.87488e-01 Validation accuracy: 4.03333e-01 Loss 1.28268e-02 Time taken: 1.52 seconds 
Epoch: 22/200 Train accuracy: 3.91193e-01 Validation accuracy: 3.85333e-01 Loss 1.28079e-02 Time taken: 1.52 seconds 
Epoch: 23/200 Train accuracy: 3.87060e-01 Validation accuracy: 3.97000e-01 Loss 1.28255e-02 Time taken: 1.52 seconds 
Epoch: 24/200 Train accuracy: 3.89839e-01 Validation accuracy: 4.05667e-01 Loss 1.28049e-02 Time taken: 1.51 seconds 
Epoch: 25/200 Train accuracy: 3.95468e-01 Validation accuracy: 3.98667e-01 Loss 1.27845e-02 Time taken: 1.51 seconds 
Epoch: 26/200 Train accuracy: 3.92903e-01 Validation accuracy: 3.96333e-01 Loss 1.27815e-02 Time taken: 1.50 seconds 
Epoch: 27/200 Train accuracy: 3.92547e-01 Validation accuracy: 3.98667e-01 Loss 1.27932e-02 Time taken: 1.52 seconds 
Epoch: 28/200 Train accuracy: 3.91905e-01 Validation accuracy: 4.03667e-01 Loss 1.27884e-02 Time taken: 1.51 seconds 
Epoch: 29/200 Train accuracy: 3.94969e-01 Validation accuracy: 3.96333e-01 Loss 1.27636e-02 Time taken: 1.51 seconds 
Epoch: 30/200 Train accuracy: 3.93829e-01 Validation accuracy: 3.81333e-01 Loss 1.27838e-02 Time taken: 1.51 seconds 
Epoch: 31/200 Train accuracy: 3.98603e-01 Validation accuracy: 3.97000e-01 Loss 1.27608e-02 Time taken: 1.52 seconds 
Epoch: 32/200 Train accuracy: 3.95397e-01 Validation accuracy: 4.07667e-01 Loss 1.27619e-02 Time taken: 1.50 seconds 
Epoch: 33/200 Train accuracy: 4.00314e-01 Validation accuracy: 4.01000e-01 Loss 1.27465e-02 Time taken: 1.51 seconds 
Epoch: 34/200 Train accuracy: 3.99031e-01 Validation accuracy: 3.89333e-01 Loss 1.27560e-02 Time taken: 1.51 seconds 
Epoch: 35/200 Train accuracy: 3.95397e-01 Validation accuracy: 4.12000e-01 Loss 1.27702e-02 Time taken: 1.52 seconds 
Epoch: 36/200 Train accuracy: 4.01240e-01 Validation accuracy: 4.10000e-01 Loss 1.27416e-02 Time taken: 1.50 seconds 
Epoch: 37/200 Train accuracy: 4.02522e-01 Validation accuracy: 4.03667e-01 Loss 1.27386e-02 Time taken: 1.52 seconds 
Epoch: 38/200 Train accuracy: 3.99173e-01 Validation accuracy: 4.03333e-01 Loss 1.27315e-02 Time taken: 1.51 seconds 
Epoch: 39/200 Train accuracy: 3.96252e-01 Validation accuracy: 4.05000e-01 Loss 1.27553e-02 Time taken: 1.50 seconds 
Epoch: 40/200 Train accuracy: 4.01311e-01 Validation accuracy: 4.09333e-01 Loss 1.27480e-02 Time taken: 1.50 seconds 
Epoch: 41/200 Train accuracy: 4.02807e-01 Validation accuracy: 4.01667e-01 Loss 1.27151e-02 Time taken: 1.51 seconds 
Epoch: 42/200 Train accuracy: 4.02451e-01 Validation accuracy: 4.05667e-01 Loss 1.27261e-02 Time taken: 1.51 seconds 
Epoch: 43/200 Train accuracy: 4.01454e-01 Validation accuracy: 4.07000e-01 Loss 1.27352e-02 Time taken: 1.51 seconds 
Epoch: 44/200 Train accuracy: 4.01169e-01 Validation accuracy: 4.06000e-01 Loss 1.27151e-02 Time taken: 1.51 seconds 
Epoch: 45/200 Train accuracy: 4.06014e-01 Validation accuracy: 4.04333e-01 Loss 1.27114e-02 Time taken: 1.52 seconds 
Epoch: 46/200 Train accuracy: 4.01454e-01 Validation accuracy: 4.05667e-01 Loss 1.27237e-02 Time taken: 1.50 seconds 
Epoch: 47/200 Train accuracy: 4.00029e-01 Validation accuracy: 4.10000e-01 Loss 1.27375e-02 Time taken: 1.52 seconds 
Epoch: 48/200 Train accuracy: 3.99957e-01 Validation accuracy: 4.11333e-01 Loss 1.27203e-02 Time taken: 1.59 seconds 
Epoch: 49/200 Train accuracy: 4.02807e-01 Validation accuracy: 4.07333e-01 Loss 1.27145e-02 Time taken: 1.65 seconds 
Epoch: 50/200 Train accuracy: 4.01525e-01 Validation accuracy: 4.09667e-01 Loss 1.27247e-02 Time taken: 1.71 seconds 
Epoch: 51/200 Train accuracy: 4.01810e-01 Validation accuracy: 4.14333e-01 Loss 1.27138e-02 Time taken: 1.64 seconds 
Epoch: 52/200 Train accuracy: 4.04874e-01 Validation accuracy: 4.03333e-01 Loss 1.27024e-02 Time taken: 1.54 seconds 
Epoch: 53/200 Train accuracy: 4.05871e-01 Validation accuracy: 4.09000e-01 Loss 1.27016e-02 Time taken: 1.52 seconds 
Epoch: 54/200 Train accuracy: 4.04161e-01 Validation accuracy: 4.17000e-01 Loss 1.27087e-02 Time taken: 1.50 seconds 
Epoch: 55/200 Train accuracy: 4.04518e-01 Validation accuracy: 4.16333e-01 Loss 1.27107e-02 Time taken: 1.51 seconds 
Epoch: 56/200 Train accuracy: 4.03092e-01 Validation accuracy: 4.13000e-01 Loss 1.27071e-02 Time taken: 1.51 seconds 
Epoch: 57/200 Train accuracy: 4.05729e-01 Validation accuracy: 4.19000e-01 Loss 1.27024e-02 Time taken: 1.49 seconds 
Epoch: 58/200 Train accuracy: 4.05373e-01 Validation accuracy: 4.14000e-01 Loss 1.27004e-02 Time taken: 1.52 seconds 
Epoch: 59/200 Train accuracy: 4.07297e-01 Validation accuracy: 4.16667e-01 Loss 1.26987e-02 Time taken: 1.52 seconds 
Epoch: 60/200 Train accuracy: 4.05016e-01 Validation accuracy: 4.06667e-01 Loss 1.27053e-02 Time taken: 1.51 seconds 
Epoch: 61/200 Train accuracy: 4.04945e-01 Validation accuracy: 4.11667e-01 Loss 1.27095e-02 Time taken: 1.50 seconds 
Epoch: 62/200 Train accuracy: 4.06085e-01 Validation accuracy: 4.08000e-01 Loss 1.26946e-02 Time taken: 1.50 seconds 
Epoch: 63/200 Train accuracy: 4.07225e-01 Validation accuracy: 4.15667e-01 Loss 1.26871e-02 Time taken: 1.51 seconds 
Epoch: 64/200 Train accuracy: 4.08223e-01 Validation accuracy: 4.13000e-01 Loss 1.26952e-02 Time taken: 1.50 seconds 
Epoch: 65/200 Train accuracy: 4.10289e-01 Validation accuracy: 4.22333e-01 Loss 1.26906e-02 Time taken: 1.51 seconds 
Epoch: 66/200 Train accuracy: 4.06441e-01 Validation accuracy: 4.21333e-01 Loss 1.26853e-02 Time taken: 1.52 seconds 
Epoch: 67/200 Train accuracy: 4.09577e-01 Validation accuracy: 4.12333e-01 Loss 1.26722e-02 Time taken: 1.55 seconds 
Epoch: 68/200 Train accuracy: 4.06798e-01 Validation accuracy: 4.19000e-01 Loss 1.26969e-02 Time taken: 1.51 seconds 
Epoch: 69/200 Train accuracy: 4.09363e-01 Validation accuracy: 4.19333e-01 Loss 1.26768e-02 Time taken: 1.53 seconds 
Epoch: 70/200 Train accuracy: 4.12427e-01 Validation accuracy: 4.13333e-01 Loss 1.26640e-02 Time taken: 1.52 seconds 
Epoch: 71/200 Train accuracy: 4.10289e-01 Validation accuracy: 4.13667e-01 Loss 1.26680e-02 Time taken: 1.54 seconds 
Epoch: 72/200 Train accuracy: 4.07368e-01 Validation accuracy: 4.23333e-01 Loss 1.26869e-02 Time taken: 1.51 seconds 
Epoch: 73/200 Train accuracy: 4.06869e-01 Validation accuracy: 4.20667e-01 Loss 1.26878e-02 Time taken: 1.50 seconds 
Epoch: 74/200 Train accuracy: 4.06655e-01 Validation accuracy: 4.16667e-01 Loss 1.26782e-02 Time taken: 1.49 seconds 
Epoch: 75/200 Train accuracy: 4.10503e-01 Validation accuracy: 3.98667e-01 Loss 1.26651e-02 Time taken: 1.49 seconds 
Epoch: 76/200 Train accuracy: 4.06014e-01 Validation accuracy: 4.16000e-01 Loss 1.27060e-02 Time taken: 1.52 seconds 
Epoch: 77/200 Train accuracy: 4.08793e-01 Validation accuracy: 4.17000e-01 Loss 1.26899e-02 Time taken: 1.50 seconds 
Epoch: 78/200 Train accuracy: 4.10076e-01 Validation accuracy: 4.16000e-01 Loss 1.26676e-02 Time taken: 1.52 seconds 
Epoch: 79/200 Train accuracy: 4.12356e-01 Validation accuracy: 4.06333e-01 Loss 1.26674e-02 Time taken: 1.51 seconds 
Epoch: 80/200 Train accuracy: 4.08223e-01 Validation accuracy: 4.05000e-01 Loss 1.26780e-02 Time taken: 1.50 seconds 
Epoch: 81/200 Train accuracy: 4.11572e-01 Validation accuracy: 4.24333e-01 Loss 1.26723e-02 Time taken: 1.51 seconds 
Epoch: 82/200 Train accuracy: 4.08294e-01 Validation accuracy: 4.23333e-01 Loss 1.26800e-02 Time taken: 1.51 seconds 
Epoch: 83/200 Train accuracy: 4.11429e-01 Validation accuracy: 4.17667e-01 Loss 1.26722e-02 Time taken: 1.54 seconds 
Epoch: 84/200 Train accuracy: 4.10432e-01 Validation accuracy: 4.13333e-01 Loss 1.26659e-02 Time taken: 1.50 seconds 
Epoch: 85/200 Train accuracy: 4.10432e-01 Validation accuracy: 4.24667e-01 Loss 1.26658e-02 Time taken: 1.52 seconds 
Epoch: 86/200 Train accuracy: 4.09933e-01 Validation accuracy: 4.24667e-01 Loss 1.26709e-02 Time taken: 1.52 seconds 
Epoch: 87/200 Train accuracy: 4.10646e-01 Validation accuracy: 4.22333e-01 Loss 1.26559e-02 Time taken: 1.50 seconds 
Epoch: 88/200 Train accuracy: 4.11786e-01 Validation accuracy: 4.11667e-01 Loss 1.26649e-02 Time taken: 1.50 seconds 
Epoch: 89/200 Train accuracy: 4.11786e-01 Validation accuracy: 4.25667e-01 Loss 1.26563e-02 Time taken: 1.51 seconds 
Epoch: 90/200 Train accuracy: 4.11857e-01 Validation accuracy: 4.10667e-01 Loss 1.26608e-02 Time taken: 1.50 seconds 
Epoch: 91/200 Train accuracy: 4.10574e-01 Validation accuracy: 4.18333e-01 Loss 1.26570e-02 Time taken: 1.56 seconds 
Epoch: 92/200 Train accuracy: 4.07368e-01 Validation accuracy: 4.14333e-01 Loss 1.26728e-02 Time taken: 1.52 seconds 
Epoch: 93/200 Train accuracy: 4.07724e-01 Validation accuracy: 4.28667e-01 Loss 1.26675e-02 Time taken: 1.51 seconds 
Epoch: 94/200 Train accuracy: 4.11002e-01 Validation accuracy: 4.24667e-01 Loss 1.26642e-02 Time taken: 1.50 seconds 
Epoch: 95/200 Train accuracy: 4.07867e-01 Validation accuracy: 4.18667e-01 Loss 1.26721e-02 Time taken: 1.51 seconds 
Epoch: 96/200 Train accuracy: 4.11857e-01 Validation accuracy: 4.21667e-01 Loss 1.26515e-02 Time taken: 1.52 seconds 
Epoch: 97/200 Train accuracy: 4.09007e-01 Validation accuracy: 4.14333e-01 Loss 1.26615e-02 Time taken: 1.51 seconds 
Epoch: 98/200 Train accuracy: 4.08579e-01 Validation accuracy: 4.15000e-01 Loss 1.26793e-02 Time taken: 1.50 seconds 
Epoch: 99/200 Train accuracy: 4.10574e-01 Validation accuracy: 4.23667e-01 Loss 1.26764e-02 Time taken: 1.53 seconds 
Epoch: 100/200 Train accuracy: 4.10574e-01 Validation accuracy: 4.02667e-01 Loss 1.26572e-02 Time taken: 1.55 seconds 
Epoch: 101/200 Train accuracy: 4.09862e-01 Validation accuracy: 4.17333e-01 Loss 1.26666e-02 Time taken: 1.50 seconds 
Epoch: 102/200 Train accuracy: 4.15847e-01 Validation accuracy: 4.16667e-01 Loss 1.26372e-02 Time taken: 1.54 seconds 
Epoch: 103/200 Train accuracy: 4.10432e-01 Validation accuracy: 4.17333e-01 Loss 1.26667e-02 Time taken: 1.51 seconds 
Epoch: 104/200 Train accuracy: 4.12356e-01 Validation accuracy: 4.26667e-01 Loss 1.26533e-02 Time taken: 1.50 seconds 
Epoch: 105/200 Train accuracy: 4.10004e-01 Validation accuracy: 4.09333e-01 Loss 1.26626e-02 Time taken: 1.51 seconds 
Epoch: 106/200 Train accuracy: 4.11928e-01 Validation accuracy: 4.14333e-01 Loss 1.26529e-02 Time taken: 1.52 seconds 
Epoch: 107/200 Train accuracy: 4.09719e-01 Validation accuracy: 4.15333e-01 Loss 1.26679e-02 Time taken: 1.50 seconds 
Epoch: 108/200 Train accuracy: 4.13211e-01 Validation accuracy: 4.12000e-01 Loss 1.26482e-02 Time taken: 1.50 seconds 
Epoch: 109/200 Train accuracy: 4.08935e-01 Validation accuracy: 4.23667e-01 Loss 1.26702e-02 Time taken: 1.51 seconds 
Epoch: 110/200 Train accuracy: 4.12783e-01 Validation accuracy: 4.26000e-01 Loss 1.26638e-02 Time taken: 1.49 seconds 
Epoch: 111/200 Train accuracy: 4.14351e-01 Validation accuracy: 4.16667e-01 Loss 1.26371e-02 Time taken: 1.50 seconds 
Epoch: 112/200 Train accuracy: 4.11999e-01 Validation accuracy: 4.23667e-01 Loss 1.26607e-02 Time taken: 1.50 seconds 
Epoch: 113/200 Train accuracy: 4.12142e-01 Validation accuracy: 4.09000e-01 Loss 1.26624e-02 Time taken: 1.51 seconds 
Epoch: 114/200 Train accuracy: 4.11501e-01 Validation accuracy: 4.22333e-01 Loss 1.26498e-02 Time taken: 1.50 seconds 
Epoch: 115/200 Train accuracy: 4.08152e-01 Validation accuracy: 4.24667e-01 Loss 1.26604e-02 Time taken: 1.50 seconds 
Epoch: 116/200 Train accuracy: 4.12641e-01 Validation accuracy: 4.19333e-01 Loss 1.26587e-02 Time taken: 1.51 seconds 
Epoch: 117/200 Train accuracy: 4.06940e-01 Validation accuracy: 4.15333e-01 Loss 1.26659e-02 Time taken: 1.49 seconds 
Epoch: 118/200 Train accuracy: 4.10004e-01 Validation accuracy: 4.25000e-01 Loss 1.26500e-02 Time taken: 1.50 seconds 
Epoch: 119/200 Train accuracy: 4.10076e-01 Validation accuracy: 4.22000e-01 Loss 1.26650e-02 Time taken: 1.51 seconds 
Epoch: 120/200 Train accuracy: 4.14493e-01 Validation accuracy: 4.15333e-01 Loss 1.26519e-02 Time taken: 1.50 seconds 
Epoch: 121/200 Train accuracy: 4.12783e-01 Validation accuracy: 4.17000e-01 Loss 1.26459e-02 Time taken: 1.50 seconds 
Epoch: 122/200 Train accuracy: 4.13567e-01 Validation accuracy: 4.12667e-01 Loss 1.26527e-02 Time taken: 1.51 seconds 
Epoch: 123/200 Train accuracy: 4.14066e-01 Validation accuracy: 4.17667e-01 Loss 1.26491e-02 Time taken: 1.50 seconds 
Epoch: 124/200 Train accuracy: 4.18697e-01 Validation accuracy: 4.07667e-01 Loss 1.26209e-02 Time taken: 1.49 seconds 
Epoch: 125/200 Train accuracy: 4.14565e-01 Validation accuracy: 4.16333e-01 Loss 1.26369e-02 Time taken: 1.50 seconds 
Epoch: 126/200 Train accuracy: 4.12641e-01 Validation accuracy: 4.15667e-01 Loss 1.26392e-02 Time taken: 1.51 seconds 
Epoch: 127/200 Train accuracy: 4.14351e-01 Validation accuracy: 4.21667e-01 Loss 1.26354e-02 Time taken: 1.49 seconds 
Epoch: 128/200 Train accuracy: 4.15135e-01 Validation accuracy: 4.09333e-01 Loss 1.26360e-02 Time taken: 1.50 seconds 
Epoch: 129/200 Train accuracy: 4.14921e-01 Validation accuracy: 4.26667e-01 Loss 1.26413e-02 Time taken: 1.50 seconds 
Epoch: 130/200 Train accuracy: 4.18056e-01 Validation accuracy: 4.22000e-01 Loss 1.26286e-02 Time taken: 1.49 seconds 
Epoch: 131/200 Train accuracy: 4.15063e-01 Validation accuracy: 4.24000e-01 Loss 1.26276e-02 Time taken: 1.49 seconds 
Epoch: 132/200 Train accuracy: 4.15420e-01 Validation accuracy: 4.18000e-01 Loss 1.26341e-02 Time taken: 1.51 seconds 
Epoch: 133/200 Train accuracy: 4.13781e-01 Validation accuracy: 4.20333e-01 Loss 1.26386e-02 Time taken: 1.50 seconds 
Epoch: 134/200 Train accuracy: 4.15348e-01 Validation accuracy: 4.13333e-01 Loss 1.26314e-02 Time taken: 1.50 seconds 
Epoch: 135/200 Train accuracy: 4.10859e-01 Validation accuracy: 4.24000e-01 Loss 1.26413e-02 Time taken: 1.51 seconds 
Epoch: 136/200 Train accuracy: 4.13710e-01 Validation accuracy: 4.28000e-01 Loss 1.26502e-02 Time taken: 1.51 seconds 
Epoch: 137/200 Train accuracy: 4.09149e-01 Validation accuracy: 4.15667e-01 Loss 1.26590e-02 Time taken: 1.49 seconds 
Epoch: 138/200 Train accuracy: 4.17914e-01 Validation accuracy: 4.25000e-01 Loss 1.26329e-02 Time taken: 1.50 seconds 
Epoch: 139/200 Train accuracy: 4.07154e-01 Validation accuracy: 4.23333e-01 Loss 1.26661e-02 Time taken: 1.50 seconds 
Epoch: 140/200 Train accuracy: 4.15705e-01 Validation accuracy: 4.23000e-01 Loss 1.26357e-02 Time taken: 1.50 seconds 
Epoch: 141/200 Train accuracy: 4.11216e-01 Validation accuracy: 4.20333e-01 Loss 1.26539e-02 Time taken: 1.51 seconds 
Epoch: 142/200 Train accuracy: 4.16417e-01 Validation accuracy: 4.28333e-01 Loss 1.26228e-02 Time taken: 1.51 seconds 
Epoch: 143/200 Train accuracy: 4.12641e-01 Validation accuracy: 4.32333e-01 Loss 1.26406e-02 Time taken: 1.50 seconds 
Epoch: 144/200 Train accuracy: 4.18555e-01 Validation accuracy: 4.13333e-01 Loss 1.26154e-02 Time taken: 1.49 seconds 
Epoch: 145/200 Train accuracy: 4.14707e-01 Validation accuracy: 4.26667e-01 Loss 1.26548e-02 Time taken: 1.50 seconds 
Epoch: 146/200 Train accuracy: 4.11928e-01 Validation accuracy: 4.28333e-01 Loss 1.26475e-02 Time taken: 1.51 seconds 
Epoch: 147/200 Train accuracy: 4.12284e-01 Validation accuracy: 4.19667e-01 Loss 1.26385e-02 Time taken: 1.50 seconds 
Epoch: 148/200 Train accuracy: 4.10646e-01 Validation accuracy: 4.15000e-01 Loss 1.26596e-02 Time taken: 1.51 seconds 
Epoch: 149/200 Train accuracy: 4.15277e-01 Validation accuracy: 4.18000e-01 Loss 1.26429e-02 Time taken: 1.51 seconds 
Epoch: 150/200 Train accuracy: 4.13852e-01 Validation accuracy: 4.23333e-01 Loss 1.26351e-02 Time taken: 1.49 seconds 
Epoch: 151/200 Train accuracy: 4.15562e-01 Validation accuracy: 4.21667e-01 Loss 1.26263e-02 Time taken: 1.50 seconds 
Epoch: 152/200 Train accuracy: 4.16489e-01 Validation accuracy: 4.18667e-01 Loss 1.26179e-02 Time taken: 1.51 seconds 
Epoch: 153/200 Train accuracy: 4.11429e-01 Validation accuracy: 4.21667e-01 Loss 1.26506e-02 Time taken: 1.50 seconds 
Epoch: 154/200 Train accuracy: 4.11643e-01 Validation accuracy: 4.09667e-01 Loss 1.26457e-02 Time taken: 1.50 seconds 
Epoch: 155/200 Train accuracy: 4.14921e-01 Validation accuracy: 4.24333e-01 Loss 1.26369e-02 Time taken: 1.50 seconds 
Epoch: 156/200 Train accuracy: 4.17059e-01 Validation accuracy: 4.21000e-01 Loss 1.26352e-02 Time taken: 1.51 seconds 
Epoch: 157/200 Train accuracy: 4.12569e-01 Validation accuracy: 4.26333e-01 Loss 1.26428e-02 Time taken: 1.50 seconds 
Epoch: 158/200 Train accuracy: 4.17700e-01 Validation accuracy: 4.28667e-01 Loss 1.26231e-02 Time taken: 1.50 seconds 
Epoch: 159/200 Train accuracy: 4.14636e-01 Validation accuracy: 4.22000e-01 Loss 1.26329e-02 Time taken: 1.51 seconds 
Epoch: 160/200 Train accuracy: 4.16346e-01 Validation accuracy: 4.26667e-01 Loss 1.26270e-02 Time taken: 1.49 seconds 
Epoch: 161/200 Train accuracy: 4.17842e-01 Validation accuracy: 4.20000e-01 Loss 1.26235e-02 Time taken: 1.50 seconds 
Epoch: 162/200 Train accuracy: 4.15491e-01 Validation accuracy: 4.22333e-01 Loss 1.26257e-02 Time taken: 1.51 seconds 
Epoch: 163/200 Train accuracy: 4.14565e-01 Validation accuracy: 4.25000e-01 Loss 1.26346e-02 Time taken: 1.50 seconds 
Epoch: 164/200 Train accuracy: 4.16346e-01 Validation accuracy: 4.16000e-01 Loss 1.26183e-02 Time taken: 1.49 seconds 
Epoch: 165/200 Train accuracy: 4.17201e-01 Validation accuracy: 4.16667e-01 Loss 1.26171e-02 Time taken: 1.50 seconds 
Epoch: 166/200 Train accuracy: 4.17771e-01 Validation accuracy: 4.21333e-01 Loss 1.26273e-02 Time taken: 1.51 seconds 
Epoch: 167/200 Train accuracy: 4.14280e-01 Validation accuracy: 4.27333e-01 Loss 1.26331e-02 Time taken: 1.52 seconds 
Epoch: 168/200 Train accuracy: 4.16417e-01 Validation accuracy: 4.14000e-01 Loss 1.26156e-02 Time taken: 1.51 seconds 
Epoch: 169/200 Train accuracy: 4.11857e-01 Validation accuracy: 4.18000e-01 Loss 1.26542e-02 Time taken: 1.52 seconds 
Epoch: 170/200 Train accuracy: 4.09791e-01 Validation accuracy: 4.31000e-01 Loss 1.26539e-02 Time taken: 1.50 seconds 
Epoch: 171/200 Train accuracy: 4.12926e-01 Validation accuracy: 4.25000e-01 Loss 1.26355e-02 Time taken: 1.52 seconds 
Epoch: 172/200 Train accuracy: 4.18341e-01 Validation accuracy: 4.16000e-01 Loss 1.26250e-02 Time taken: 1.51 seconds 
Epoch: 173/200 Train accuracy: 4.15847e-01 Validation accuracy: 4.16667e-01 Loss 1.26277e-02 Time taken: 1.51 seconds 
Epoch: 174/200 Train accuracy: 4.14565e-01 Validation accuracy: 4.10667e-01 Loss 1.26306e-02 Time taken: 1.49 seconds 
Epoch: 175/200 Train accuracy: 4.15918e-01 Validation accuracy: 4.29000e-01 Loss 1.26280e-02 Time taken: 1.51 seconds 
Epoch: 176/200 Train accuracy: 4.13068e-01 Validation accuracy: 4.26000e-01 Loss 1.26532e-02 Time taken: 1.51 seconds 
Epoch: 177/200 Train accuracy: 4.14066e-01 Validation accuracy: 4.12667e-01 Loss 1.26410e-02 Time taken: 1.51 seconds 
Epoch: 178/200 Train accuracy: 4.14992e-01 Validation accuracy: 4.25667e-01 Loss 1.26345e-02 Time taken: 1.50 seconds 
Epoch: 179/200 Train accuracy: 4.09078e-01 Validation accuracy: 4.18000e-01 Loss 1.26557e-02 Time taken: 1.52 seconds 
Epoch: 180/200 Train accuracy: 4.14636e-01 Validation accuracy: 4.15000e-01 Loss 1.26264e-02 Time taken: 1.50 seconds 
Epoch: 181/200 Train accuracy: 4.14778e-01 Validation accuracy: 4.27333e-01 Loss 1.26417e-02 Time taken: 1.51 seconds 
Epoch: 182/200 Train accuracy: 4.19909e-01 Validation accuracy: 4.02667e-01 Loss 1.26239e-02 Time taken: 1.51 seconds 
Epoch: 183/200 Train accuracy: 4.11999e-01 Validation accuracy: 4.18333e-01 Loss 1.26396e-02 Time taken: 1.52 seconds 
Epoch: 184/200 Train accuracy: 4.13140e-01 Validation accuracy: 4.20667e-01 Loss 1.26411e-02 Time taken: 1.50 seconds 
Epoch: 185/200 Train accuracy: 4.13710e-01 Validation accuracy: 4.20667e-01 Loss 1.26322e-02 Time taken: 1.52 seconds 
Epoch: 186/200 Train accuracy: 4.12854e-01 Validation accuracy: 4.22667e-01 Loss 1.26322e-02 Time taken: 1.53 seconds 
Epoch: 187/200 Train accuracy: 4.17985e-01 Validation accuracy: 4.28000e-01 Loss 1.26067e-02 Time taken: 1.51 seconds 
Epoch: 188/200 Train accuracy: 4.15562e-01 Validation accuracy: 4.23667e-01 Loss 1.26235e-02 Time taken: 1.51 seconds 
Epoch: 189/200 Train accuracy: 4.14992e-01 Validation accuracy: 4.22000e-01 Loss 1.26246e-02 Time taken: 1.52 seconds 
Epoch: 190/200 Train accuracy: 4.20408e-01 Validation accuracy: 4.23333e-01 Loss 1.26210e-02 Time taken: 1.51 seconds 
Epoch: 191/200 Train accuracy: 4.19410e-01 Validation accuracy: 4.20667e-01 Loss 1.26092e-02 Time taken: 1.51 seconds 
Epoch: 192/200 Train accuracy: 4.13282e-01 Validation accuracy: 4.19333e-01 Loss 1.26414e-02 Time taken: 1.51 seconds 
Epoch: 193/200 Train accuracy: 4.17344e-01 Validation accuracy: 4.24000e-01 Loss 1.26331e-02 Time taken: 1.52 seconds 
Epoch: 194/200 Train accuracy: 4.16774e-01 Validation accuracy: 4.27333e-01 Loss 1.26459e-02 Time taken: 1.50 seconds 
Epoch: 195/200 Train accuracy: 4.15277e-01 Validation accuracy: 4.15667e-01 Loss 1.26175e-02 Time taken: 1.52 seconds 
Epoch: 196/200 Train accuracy: 4.16132e-01 Validation accuracy: 4.31333e-01 Loss 1.26156e-02 Time taken: 1.52 seconds 
Epoch: 197/200 Train accuracy: 4.14280e-01 Validation accuracy: 4.29667e-01 Loss 1.26230e-02 Time taken: 1.52 seconds 
Epoch: 198/200 Train accuracy: 4.14137e-01 Validation accuracy: 4.12333e-01 Loss 1.26404e-02 Time taken: 1.51 seconds 
Epoch: 199/200 Train accuracy: 4.15847e-01 Validation accuracy: 4.24667e-01 Loss 1.26253e-02 Time taken: 1.52 seconds 
Epoch: 200/200 Train accuracy: 4.16489e-01 Validation accuracy: 4.15000e-01 Loss 1.26275e-02 Time taken: 1.51 seconds 
Total time taken 0:05:03.215084
Cleaning up intermediate feature (.pt) files
Done


working on file logs_PKT/iic-train-PKT-seed-0/jepa_iic_PKT_seed-0-ep300.pth.tar ...
