Directory classifiers/jepa-iic-PKT-seed-10-classifier-pretrained-vitb-normalized-ep500 for saving the classifiers is now present
VisionTransformer(
  (patch_embed): PatchEmbed(
    (proj): Conv2d(3, 768, kernel_size=(15, 15), stride=(15, 15))
  )
  (blocks): ModuleList(
    (0-11): 12 x Block(
      (norm1): LayerNorm((768,), eps=1e-06, elementwise_affine=True)
      (attn): Attention(
        (qkv): Linear(in_features=768, out_features=2304, bias=True)
        (attn_drop): Dropout(p=0.0, inplace=False)
        (proj): Linear(in_features=768, out_features=768, bias=True)
        (proj_drop): Dropout(p=0.0, inplace=False)
      )
      (drop_path): Identity()
      (norm2): LayerNorm((768,), eps=1e-06, elementwise_affine=True)
      (mlp): MLP(
        (fc1): Linear(in_features=768, out_features=3072, bias=True)
        (act): GELU(approximate='none')
        (fc2): Linear(in_features=3072, out_features=768, bias=True)
        (drop): Dropout(p=0.0, inplace=False)
      )
    )
  )
  (norm): LayerNorm((768,), eps=1e-06, elementwise_affine=True)
)
Extracting features and saving them locally..
Epoch: 1/200 Train accuracy: 3.18940e-01 Validation accuracy: 4.68333e-01 Loss 1.33628e-02 Time taken: 2.08 seconds 
Epoch: 2/200 Train accuracy: 4.17130e-01 Validation accuracy: 4.44000e-01 Loss 1.27401e-02 Time taken: 2.11 seconds 
Epoch: 3/200 Train accuracy: 4.40074e-01 Validation accuracy: 4.73667e-01 Loss 1.25243e-02 Time taken: 2.18 seconds 
Epoch: 4/200 Train accuracy: 4.53898e-01 Validation accuracy: 5.07000e-01 Loss 1.24062e-02 Time taken: 2.31 seconds 
Epoch: 5/200 Train accuracy: 4.65441e-01 Validation accuracy: 5.03333e-01 Loss 1.23254e-02 Time taken: 2.30 seconds 
Epoch: 6/200 Train accuracy: 4.81830e-01 Validation accuracy: 4.87667e-01 Loss 1.22186e-02 Time taken: 2.27 seconds 
Epoch: 7/200 Train accuracy: 4.86461e-01 Validation accuracy: 5.04667e-01 Loss 1.21656e-02 Time taken: 2.18 seconds 
Epoch: 8/200 Train accuracy: 4.91806e-01 Validation accuracy: 5.26333e-01 Loss 1.21207e-02 Time taken: 2.05 seconds 
Epoch: 9/200 Train accuracy: 4.95725e-01 Validation accuracy: 5.33000e-01 Loss 1.20867e-02 Time taken: 2.19 seconds 
Epoch: 10/200 Train accuracy: 5.01140e-01 Validation accuracy: 5.36000e-01 Loss 1.20346e-02 Time taken: 2.09 seconds 
Epoch: 11/200 Train accuracy: 5.02779e-01 Validation accuracy: 4.97667e-01 Loss 1.20349e-02 Time taken: 2.01 seconds 
Epoch: 12/200 Train accuracy: 5.06841e-01 Validation accuracy: 5.12333e-01 Loss 1.20090e-02 Time taken: 2.25 seconds 
Epoch: 13/200 Train accuracy: 5.08479e-01 Validation accuracy: 5.31000e-01 Loss 1.19862e-02 Time taken: 2.34 seconds 
Epoch: 14/200 Train accuracy: 5.08693e-01 Validation accuracy: 5.26667e-01 Loss 1.19674e-02 Time taken: 2.08 seconds 
Epoch: 15/200 Train accuracy: 5.15106e-01 Validation accuracy: 5.31000e-01 Loss 1.19355e-02 Time taken: 1.99 seconds 
Epoch: 16/200 Train accuracy: 5.16531e-01 Validation accuracy: 5.39667e-01 Loss 1.19191e-02 Time taken: 2.30 seconds 
Epoch: 17/200 Train accuracy: 5.15249e-01 Validation accuracy: 5.21333e-01 Loss 1.19195e-02 Time taken: 2.07 seconds 
Epoch: 18/200 Train accuracy: 5.18669e-01 Validation accuracy: 5.42667e-01 Loss 1.18962e-02 Time taken: 2.18 seconds 
Epoch: 19/200 Train accuracy: 5.22517e-01 Validation accuracy: 5.24333e-01 Loss 1.18750e-02 Time taken: 2.10 seconds 
Epoch: 20/200 Train accuracy: 5.24369e-01 Validation accuracy: 5.28667e-01 Loss 1.18778e-02 Time taken: 2.00 seconds 
Epoch: 21/200 Train accuracy: 5.22588e-01 Validation accuracy: 5.42000e-01 Loss 1.18848e-02 Time taken: 2.11 seconds 
Epoch: 22/200 Train accuracy: 5.27362e-01 Validation accuracy: 5.33333e-01 Loss 1.18363e-02 Time taken: 2.00 seconds 
Epoch: 23/200 Train accuracy: 5.23016e-01 Validation accuracy: 5.33333e-01 Loss 1.18577e-02 Time taken: 2.09 seconds 
Epoch: 24/200 Train accuracy: 5.30711e-01 Validation accuracy: 5.40000e-01 Loss 1.18255e-02 Time taken: 2.29 seconds 
Epoch: 25/200 Train accuracy: 5.25937e-01 Validation accuracy: 5.35333e-01 Loss 1.18410e-02 Time taken: 2.35 seconds 
Epoch: 26/200 Train accuracy: 5.27932e-01 Validation accuracy: 5.45333e-01 Loss 1.18187e-02 Time taken: 2.09 seconds 
Epoch: 27/200 Train accuracy: 5.28146e-01 Validation accuracy: 5.47000e-01 Loss 1.18221e-02 Time taken: 2.21 seconds 
Epoch: 28/200 Train accuracy: 5.25082e-01 Validation accuracy: 5.45333e-01 Loss 1.18301e-02 Time taken: 1.95 seconds 
Epoch: 29/200 Train accuracy: 5.33063e-01 Validation accuracy: 5.41000e-01 Loss 1.17988e-02 Time taken: 1.97 seconds 
Epoch: 30/200 Train accuracy: 5.34915e-01 Validation accuracy: 5.38333e-01 Loss 1.17928e-02 Time taken: 1.99 seconds 
Epoch: 31/200 Train accuracy: 5.33918e-01 Validation accuracy: 5.39667e-01 Loss 1.17967e-02 Time taken: 2.07 seconds 
Epoch: 32/200 Train accuracy: 5.32564e-01 Validation accuracy: 5.31333e-01 Loss 1.17995e-02 Time taken: 1.99 seconds 
Epoch: 33/200 Train accuracy: 5.34274e-01 Validation accuracy: 5.42333e-01 Loss 1.17896e-02 Time taken: 2.17 seconds 
Epoch: 34/200 Train accuracy: 5.36554e-01 Validation accuracy: 5.45000e-01 Loss 1.17692e-02 Time taken: 2.05 seconds 
Epoch: 35/200 Train accuracy: 5.42183e-01 Validation accuracy: 5.43000e-01 Loss 1.17476e-02 Time taken: 1.97 seconds 
Epoch: 36/200 Train accuracy: 5.32279e-01 Validation accuracy: 5.45000e-01 Loss 1.17847e-02 Time taken: 2.02 seconds 
Epoch: 37/200 Train accuracy: 5.37979e-01 Validation accuracy: 5.31333e-01 Loss 1.17664e-02 Time taken: 2.19 seconds 
Epoch: 38/200 Train accuracy: 5.39262e-01 Validation accuracy: 5.31667e-01 Loss 1.17591e-02 Time taken: 2.25 seconds 
Epoch: 39/200 Train accuracy: 5.38763e-01 Validation accuracy: 5.48333e-01 Loss 1.17532e-02 Time taken: 2.21 seconds 
Epoch: 40/200 Train accuracy: 5.38977e-01 Validation accuracy: 5.44667e-01 Loss 1.17481e-02 Time taken: 2.07 seconds 
Epoch: 41/200 Train accuracy: 5.40117e-01 Validation accuracy: 5.48333e-01 Loss 1.17598e-02 Time taken: 2.03 seconds 
Epoch: 42/200 Train accuracy: 5.38692e-01 Validation accuracy: 5.52000e-01 Loss 1.17533e-02 Time taken: 2.00 seconds 
Epoch: 43/200 Train accuracy: 5.41970e-01 Validation accuracy: 5.38000e-01 Loss 1.17416e-02 Time taken: 2.04 seconds 
Epoch: 44/200 Train accuracy: 5.39048e-01 Validation accuracy: 5.52667e-01 Loss 1.17379e-02 Time taken: 1.89 seconds 
Epoch: 45/200 Train accuracy: 5.40259e-01 Validation accuracy: 5.56000e-01 Loss 1.17280e-02 Time taken: 1.71 seconds 
Epoch: 46/200 Train accuracy: 5.38478e-01 Validation accuracy: 5.46000e-01 Loss 1.17520e-02 Time taken: 1.58 seconds 
Epoch: 47/200 Train accuracy: 5.39119e-01 Validation accuracy: 5.47667e-01 Loss 1.17417e-02 Time taken: 1.59 seconds 
Epoch: 48/200 Train accuracy: 5.41186e-01 Validation accuracy: 5.56333e-01 Loss 1.17125e-02 Time taken: 1.58 seconds 
Epoch: 49/200 Train accuracy: 5.37837e-01 Validation accuracy: 5.37000e-01 Loss 1.17380e-02 Time taken: 1.58 seconds 
Epoch: 50/200 Train accuracy: 5.40972e-01 Validation accuracy: 5.55333e-01 Loss 1.17380e-02 Time taken: 1.57 seconds 
Epoch: 51/200 Train accuracy: 5.44962e-01 Validation accuracy: 5.49667e-01 Loss 1.17092e-02 Time taken: 1.66 seconds 
Epoch: 52/200 Train accuracy: 5.38407e-01 Validation accuracy: 5.40333e-01 Loss 1.17332e-02 Time taken: 1.58 seconds 
Epoch: 53/200 Train accuracy: 5.37837e-01 Validation accuracy: 5.52333e-01 Loss 1.17380e-02 Time taken: 1.64 seconds 
Epoch: 54/200 Train accuracy: 5.41970e-01 Validation accuracy: 5.54333e-01 Loss 1.17167e-02 Time taken: 1.58 seconds 
Epoch: 55/200 Train accuracy: 5.41827e-01 Validation accuracy: 5.53000e-01 Loss 1.17076e-02 Time taken: 1.60 seconds 
Epoch: 56/200 Train accuracy: 5.44036e-01 Validation accuracy: 5.42667e-01 Loss 1.16899e-02 Time taken: 1.60 seconds 
Epoch: 57/200 Train accuracy: 5.44250e-01 Validation accuracy: 5.53333e-01 Loss 1.17176e-02 Time taken: 1.62 seconds 
Epoch: 58/200 Train accuracy: 5.43893e-01 Validation accuracy: 5.46667e-01 Loss 1.17019e-02 Time taken: 1.58 seconds 
Epoch: 59/200 Train accuracy: 5.43323e-01 Validation accuracy: 5.52667e-01 Loss 1.16941e-02 Time taken: 1.57 seconds 
Epoch: 60/200 Train accuracy: 5.46316e-01 Validation accuracy: 5.52667e-01 Loss 1.16936e-02 Time taken: 1.58 seconds 
Epoch: 61/200 Train accuracy: 5.46245e-01 Validation accuracy: 5.57000e-01 Loss 1.16846e-02 Time taken: 1.59 seconds 
Epoch: 62/200 Train accuracy: 5.44891e-01 Validation accuracy: 5.46667e-01 Loss 1.17067e-02 Time taken: 1.57 seconds 
Epoch: 63/200 Train accuracy: 5.45247e-01 Validation accuracy: 5.56667e-01 Loss 1.16917e-02 Time taken: 1.58 seconds 
Epoch: 64/200 Train accuracy: 5.50306e-01 Validation accuracy: 5.41667e-01 Loss 1.16730e-02 Time taken: 1.58 seconds 
Epoch: 65/200 Train accuracy: 5.44036e-01 Validation accuracy: 5.47333e-01 Loss 1.16917e-02 Time taken: 1.58 seconds 
Epoch: 66/200 Train accuracy: 5.46387e-01 Validation accuracy: 5.48667e-01 Loss 1.16798e-02 Time taken: 1.57 seconds 
Epoch: 67/200 Train accuracy: 5.44962e-01 Validation accuracy: 5.51333e-01 Loss 1.16852e-02 Time taken: 1.58 seconds 
Epoch: 68/200 Train accuracy: 5.48169e-01 Validation accuracy: 5.53000e-01 Loss 1.16789e-02 Time taken: 1.58 seconds 
Epoch: 69/200 Train accuracy: 5.50734e-01 Validation accuracy: 5.53667e-01 Loss 1.16664e-02 Time taken: 1.58 seconds 
Epoch: 70/200 Train accuracy: 5.49238e-01 Validation accuracy: 5.52000e-01 Loss 1.16707e-02 Time taken: 1.59 seconds 
Epoch: 71/200 Train accuracy: 5.44677e-01 Validation accuracy: 5.43000e-01 Loss 1.16976e-02 Time taken: 1.59 seconds 
Epoch: 72/200 Train accuracy: 5.44392e-01 Validation accuracy: 5.53667e-01 Loss 1.16833e-02 Time taken: 1.83 seconds 
Epoch: 73/200 Train accuracy: 5.46530e-01 Validation accuracy: 5.58333e-01 Loss 1.16849e-02 Time taken: 1.62 seconds 
Epoch: 74/200 Train accuracy: 5.47456e-01 Validation accuracy: 5.58333e-01 Loss 1.16764e-02 Time taken: 1.68 seconds 
Epoch: 75/200 Train accuracy: 5.47599e-01 Validation accuracy: 5.54667e-01 Loss 1.16738e-02 Time taken: 1.62 seconds 
Epoch: 76/200 Train accuracy: 5.47029e-01 Validation accuracy: 5.60333e-01 Loss 1.16759e-02 Time taken: 1.59 seconds 
Epoch: 77/200 Train accuracy: 5.42896e-01 Validation accuracy: 5.51667e-01 Loss 1.17092e-02 Time taken: 1.60 seconds 
Epoch: 78/200 Train accuracy: 5.46601e-01 Validation accuracy: 5.44333e-01 Loss 1.16778e-02 Time taken: 1.60 seconds 
Epoch: 79/200 Train accuracy: 5.45033e-01 Validation accuracy: 5.62333e-01 Loss 1.16810e-02 Time taken: 1.62 seconds 
Epoch: 80/200 Train accuracy: 5.51375e-01 Validation accuracy: 5.38000e-01 Loss 1.16554e-02 Time taken: 1.64 seconds 
Epoch: 81/200 Train accuracy: 5.51660e-01 Validation accuracy: 5.57000e-01 Loss 1.16559e-02 Time taken: 1.71 seconds 
Epoch: 82/200 Train accuracy: 5.50948e-01 Validation accuracy: 5.46333e-01 Loss 1.16582e-02 Time taken: 1.82 seconds 
Epoch: 83/200 Train accuracy: 5.51589e-01 Validation accuracy: 5.60333e-01 Loss 1.16584e-02 Time taken: 1.98 seconds 
Epoch: 84/200 Train accuracy: 5.50948e-01 Validation accuracy: 5.49667e-01 Loss 1.16615e-02 Time taken: 2.09 seconds 
Epoch: 85/200 Train accuracy: 5.49950e-01 Validation accuracy: 5.40000e-01 Loss 1.16725e-02 Time taken: 2.13 seconds 
Epoch: 86/200 Train accuracy: 5.47314e-01 Validation accuracy: 5.47333e-01 Loss 1.16747e-02 Time taken: 2.06 seconds 
Epoch: 87/200 Train accuracy: 5.46387e-01 Validation accuracy: 5.54333e-01 Loss 1.16633e-02 Time taken: 2.00 seconds 
Epoch: 88/200 Train accuracy: 5.50805e-01 Validation accuracy: 5.36000e-01 Loss 1.16544e-02 Time taken: 2.06 seconds 
Epoch: 89/200 Train accuracy: 5.45176e-01 Validation accuracy: 5.47333e-01 Loss 1.16906e-02 Time taken: 2.26 seconds 
Epoch: 90/200 Train accuracy: 5.54439e-01 Validation accuracy: 5.52333e-01 Loss 1.16368e-02 Time taken: 1.99 seconds 
Epoch: 91/200 Train accuracy: 5.52373e-01 Validation accuracy: 5.58333e-01 Loss 1.16436e-02 Time taken: 2.24 seconds 
Epoch: 92/200 Train accuracy: 5.51518e-01 Validation accuracy: 5.59667e-01 Loss 1.16489e-02 Time taken: 2.23 seconds 
Epoch: 93/200 Train accuracy: 5.49166e-01 Validation accuracy: 5.55667e-01 Loss 1.16675e-02 Time taken: 2.03 seconds 
Epoch: 94/200 Train accuracy: 5.52587e-01 Validation accuracy: 5.52667e-01 Loss 1.16460e-02 Time taken: 1.99 seconds 
Epoch: 95/200 Train accuracy: 5.50093e-01 Validation accuracy: 5.59000e-01 Loss 1.16474e-02 Time taken: 2.07 seconds 
Epoch: 96/200 Train accuracy: 5.46957e-01 Validation accuracy: 5.56667e-01 Loss 1.16731e-02 Time taken: 2.11 seconds 
Epoch: 97/200 Train accuracy: 5.52088e-01 Validation accuracy: 5.59333e-01 Loss 1.16412e-02 Time taken: 2.02 seconds 
Epoch: 98/200 Train accuracy: 5.47385e-01 Validation accuracy: 5.57667e-01 Loss 1.16786e-02 Time taken: 2.31 seconds 
Epoch: 99/200 Train accuracy: 5.49309e-01 Validation accuracy: 5.54667e-01 Loss 1.16455e-02 Time taken: 2.11 seconds 
Epoch: 100/200 Train accuracy: 5.48169e-01 Validation accuracy: 5.55000e-01 Loss 1.16626e-02 Time taken: 2.07 seconds 
Epoch: 101/200 Train accuracy: 5.50164e-01 Validation accuracy: 5.61333e-01 Loss 1.16610e-02 Time taken: 2.12 seconds 
Epoch: 102/200 Train accuracy: 5.48953e-01 Validation accuracy: 5.57333e-01 Loss 1.16574e-02 Time taken: 2.05 seconds 
Epoch: 103/200 Train accuracy: 5.52088e-01 Validation accuracy: 5.60667e-01 Loss 1.16503e-02 Time taken: 2.19 seconds 
Epoch: 104/200 Train accuracy: 5.52800e-01 Validation accuracy: 5.50667e-01 Loss 1.16309e-02 Time taken: 2.22 seconds 
Epoch: 105/200 Train accuracy: 5.55223e-01 Validation accuracy: 5.65333e-01 Loss 1.16273e-02 Time taken: 2.03 seconds 
Epoch: 106/200 Train accuracy: 5.55152e-01 Validation accuracy: 5.55333e-01 Loss 1.16294e-02 Time taken: 2.16 seconds 
Epoch: 107/200 Train accuracy: 5.52230e-01 Validation accuracy: 5.58000e-01 Loss 1.16411e-02 Time taken: 2.24 seconds 
Epoch: 108/200 Train accuracy: 5.51233e-01 Validation accuracy: 5.54000e-01 Loss 1.16478e-02 Time taken: 2.01 seconds 
Epoch: 109/200 Train accuracy: 5.53014e-01 Validation accuracy: 5.59000e-01 Loss 1.16388e-02 Time taken: 2.12 seconds 
Epoch: 110/200 Train accuracy: 5.52800e-01 Validation accuracy: 5.51333e-01 Loss 1.16386e-02 Time taken: 2.15 seconds 
Epoch: 111/200 Train accuracy: 5.51660e-01 Validation accuracy: 5.60667e-01 Loss 1.16423e-02 Time taken: 2.12 seconds 
Epoch: 112/200 Train accuracy: 5.53014e-01 Validation accuracy: 5.58000e-01 Loss 1.16229e-02 Time taken: 2.13 seconds 
Epoch: 113/200 Train accuracy: 5.53014e-01 Validation accuracy: 5.46000e-01 Loss 1.16273e-02 Time taken: 2.17 seconds 
Epoch: 114/200 Train accuracy: 5.54012e-01 Validation accuracy: 5.59000e-01 Loss 1.16335e-02 Time taken: 2.13 seconds 
Epoch: 115/200 Train accuracy: 5.56506e-01 Validation accuracy: 5.54000e-01 Loss 1.16147e-02 Time taken: 2.15 seconds 
Epoch: 116/200 Train accuracy: 5.52943e-01 Validation accuracy: 5.55333e-01 Loss 1.16371e-02 Time taken: 2.22 seconds 
Epoch: 117/200 Train accuracy: 5.54795e-01 Validation accuracy: 5.60333e-01 Loss 1.16336e-02 Time taken: 2.27 seconds 
Epoch: 118/200 Train accuracy: 5.51874e-01 Validation accuracy: 5.60000e-01 Loss 1.16361e-02 Time taken: 2.15 seconds 
Epoch: 119/200 Train accuracy: 5.53085e-01 Validation accuracy: 5.58000e-01 Loss 1.16282e-02 Time taken: 2.27 seconds 
Epoch: 120/200 Train accuracy: 5.51732e-01 Validation accuracy: 5.59000e-01 Loss 1.16414e-02 Time taken: 2.27 seconds 
Epoch: 121/200 Train accuracy: 5.53370e-01 Validation accuracy: 5.54000e-01 Loss 1.16283e-02 Time taken: 2.20 seconds 
Epoch: 122/200 Train accuracy: 5.53157e-01 Validation accuracy: 5.49333e-01 Loss 1.16288e-02 Time taken: 2.13 seconds 
Epoch: 123/200 Train accuracy: 5.53513e-01 Validation accuracy: 5.57333e-01 Loss 1.16275e-02 Time taken: 2.12 seconds 
Epoch: 124/200 Train accuracy: 5.55009e-01 Validation accuracy: 5.64000e-01 Loss 1.16122e-02 Time taken: 2.25 seconds 
Epoch: 125/200 Train accuracy: 5.51874e-01 Validation accuracy: 5.43333e-01 Loss 1.16473e-02 Time taken: 2.32 seconds 
Epoch: 126/200 Train accuracy: 5.53442e-01 Validation accuracy: 5.53333e-01 Loss 1.16347e-02 Time taken: 2.08 seconds 
Epoch: 127/200 Train accuracy: 5.57218e-01 Validation accuracy: 5.55667e-01 Loss 1.16212e-02 Time taken: 2.00 seconds 
Epoch: 128/200 Train accuracy: 5.50164e-01 Validation accuracy: 5.63667e-01 Loss 1.16393e-02 Time taken: 2.35 seconds 
Epoch: 129/200 Train accuracy: 5.56078e-01 Validation accuracy: 5.60000e-01 Loss 1.16180e-02 Time taken: 2.40 seconds 
Epoch: 130/200 Train accuracy: 5.52658e-01 Validation accuracy: 5.43333e-01 Loss 1.16442e-02 Time taken: 2.34 seconds 
Epoch: 131/200 Train accuracy: 5.53869e-01 Validation accuracy: 5.58333e-01 Loss 1.16196e-02 Time taken: 2.07 seconds 
Epoch: 132/200 Train accuracy: 5.56078e-01 Validation accuracy: 5.56333e-01 Loss 1.16100e-02 Time taken: 2.14 seconds 
Epoch: 133/200 Train accuracy: 5.53584e-01 Validation accuracy: 5.61667e-01 Loss 1.16335e-02 Time taken: 1.94 seconds 
Epoch: 134/200 Train accuracy: 5.50520e-01 Validation accuracy: 5.62667e-01 Loss 1.16430e-02 Time taken: 2.04 seconds 
Epoch: 135/200 Train accuracy: 5.50805e-01 Validation accuracy: 5.59667e-01 Loss 1.16321e-02 Time taken: 2.09 seconds 
Epoch: 136/200 Train accuracy: 5.56363e-01 Validation accuracy: 5.57333e-01 Loss 1.16150e-02 Time taken: 2.00 seconds 
Epoch: 137/200 Train accuracy: 5.52729e-01 Validation accuracy: 5.63667e-01 Loss 1.16287e-02 Time taken: 2.15 seconds 
Epoch: 138/200 Train accuracy: 5.57004e-01 Validation accuracy: 5.57000e-01 Loss 1.16109e-02 Time taken: 2.13 seconds 
Epoch: 139/200 Train accuracy: 5.54083e-01 Validation accuracy: 5.46000e-01 Loss 1.16293e-02 Time taken: 2.37 seconds 
Epoch: 140/200 Train accuracy: 5.54154e-01 Validation accuracy: 5.56333e-01 Loss 1.16223e-02 Time taken: 2.07 seconds 
Epoch: 141/200 Train accuracy: 5.52800e-01 Validation accuracy: 5.56333e-01 Loss 1.16264e-02 Time taken: 2.36 seconds 
Epoch: 142/200 Train accuracy: 5.60496e-01 Validation accuracy: 5.64333e-01 Loss 1.15902e-02 Time taken: 2.11 seconds 
Epoch: 143/200 Train accuracy: 5.59427e-01 Validation accuracy: 5.61000e-01 Loss 1.16059e-02 Time taken: 2.09 seconds 
Epoch: 144/200 Train accuracy: 5.57503e-01 Validation accuracy: 5.60667e-01 Loss 1.16118e-02 Time taken: 2.25 seconds 
Epoch: 145/200 Train accuracy: 5.54225e-01 Validation accuracy: 5.56333e-01 Loss 1.16179e-02 Time taken: 1.98 seconds 
Epoch: 146/200 Train accuracy: 5.50591e-01 Validation accuracy: 5.58000e-01 Loss 1.16420e-02 Time taken: 2.05 seconds 
Epoch: 147/200 Train accuracy: 5.57218e-01 Validation accuracy: 5.58667e-01 Loss 1.16175e-02 Time taken: 2.06 seconds 
Epoch: 148/200 Train accuracy: 5.53798e-01 Validation accuracy: 5.61667e-01 Loss 1.16209e-02 Time taken: 2.19 seconds 
Epoch: 149/200 Train accuracy: 5.51446e-01 Validation accuracy: 5.56667e-01 Loss 1.16164e-02 Time taken: 2.04 seconds 
Epoch: 150/200 Train accuracy: 5.53798e-01 Validation accuracy: 5.60667e-01 Loss 1.16170e-02 Time taken: 1.99 seconds 
Epoch: 151/200 Train accuracy: 5.58002e-01 Validation accuracy: 5.63667e-01 Loss 1.16082e-02 Time taken: 2.25 seconds 
Epoch: 152/200 Train accuracy: 5.53655e-01 Validation accuracy: 5.58667e-01 Loss 1.16133e-02 Time taken: 2.24 seconds 
Epoch: 153/200 Train accuracy: 5.59285e-01 Validation accuracy: 5.65333e-01 Loss 1.15979e-02 Time taken: 2.27 seconds 
Epoch: 154/200 Train accuracy: 5.57147e-01 Validation accuracy: 5.58667e-01 Loss 1.16079e-02 Time taken: 2.07 seconds 
Epoch: 155/200 Train accuracy: 5.56933e-01 Validation accuracy: 5.66667e-01 Loss 1.16086e-02 Time taken: 2.04 seconds 
Epoch: 156/200 Train accuracy: 5.60638e-01 Validation accuracy: 5.64000e-01 Loss 1.15825e-02 Time taken: 2.06 seconds 
Epoch: 157/200 Train accuracy: 5.58857e-01 Validation accuracy: 5.65333e-01 Loss 1.15928e-02 Time taken: 2.05 seconds 
Epoch: 158/200 Train accuracy: 5.54795e-01 Validation accuracy: 5.60667e-01 Loss 1.16138e-02 Time taken: 2.11 seconds 
Epoch: 159/200 Train accuracy: 5.49166e-01 Validation accuracy: 5.55333e-01 Loss 1.16464e-02 Time taken: 2.19 seconds 
Epoch: 160/200 Train accuracy: 5.57574e-01 Validation accuracy: 5.56333e-01 Loss 1.16039e-02 Time taken: 2.29 seconds 
Epoch: 161/200 Train accuracy: 5.55294e-01 Validation accuracy: 5.64333e-01 Loss 1.16112e-02 Time taken: 2.18 seconds 
Epoch: 162/200 Train accuracy: 5.56078e-01 Validation accuracy: 5.65667e-01 Loss 1.16006e-02 Time taken: 2.16 seconds 
Epoch: 163/200 Train accuracy: 5.54225e-01 Validation accuracy: 5.64667e-01 Loss 1.16295e-02 Time taken: 2.05 seconds 
Epoch: 164/200 Train accuracy: 5.57788e-01 Validation accuracy: 5.50000e-01 Loss 1.16061e-02 Time taken: 2.17 seconds 
Epoch: 165/200 Train accuracy: 5.58073e-01 Validation accuracy: 5.62667e-01 Loss 1.15994e-02 Time taken: 2.08 seconds 
Epoch: 166/200 Train accuracy: 5.57147e-01 Validation accuracy: 5.67667e-01 Loss 1.15943e-02 Time taken: 2.22 seconds 
Epoch: 167/200 Train accuracy: 5.55223e-01 Validation accuracy: 5.47000e-01 Loss 1.16038e-02 Time taken: 2.15 seconds 
Epoch: 168/200 Train accuracy: 5.55366e-01 Validation accuracy: 5.66333e-01 Loss 1.16114e-02 Time taken: 2.05 seconds 
Epoch: 169/200 Train accuracy: 5.56007e-01 Validation accuracy: 5.64000e-01 Loss 1.16121e-02 Time taken: 2.32 seconds 
Epoch: 170/200 Train accuracy: 5.55294e-01 Validation accuracy: 5.55000e-01 Loss 1.16074e-02 Time taken: 2.08 seconds 
Epoch: 171/200 Train accuracy: 5.62562e-01 Validation accuracy: 5.64000e-01 Loss 1.15929e-02 Time taken: 2.14 seconds 
Epoch: 172/200 Train accuracy: 5.63702e-01 Validation accuracy: 5.59000e-01 Loss 1.15760e-02 Time taken: 2.18 seconds 
Epoch: 173/200 Train accuracy: 5.53299e-01 Validation accuracy: 5.67333e-01 Loss 1.16058e-02 Time taken: 2.28 seconds 
Epoch: 174/200 Train accuracy: 5.56149e-01 Validation accuracy: 5.57333e-01 Loss 1.15993e-02 Time taken: 2.09 seconds 
Epoch: 175/200 Train accuracy: 5.55294e-01 Validation accuracy: 5.64333e-01 Loss 1.16228e-02 Time taken: 2.29 seconds 
Epoch: 176/200 Train accuracy: 5.55009e-01 Validation accuracy: 5.64000e-01 Loss 1.16115e-02 Time taken: 2.23 seconds 
Epoch: 177/200 Train accuracy: 5.55864e-01 Validation accuracy: 5.65000e-01 Loss 1.16004e-02 Time taken: 2.15 seconds 
Epoch: 178/200 Train accuracy: 5.57147e-01 Validation accuracy: 5.55667e-01 Loss 1.16022e-02 Time taken: 2.08 seconds 
Epoch: 179/200 Train accuracy: 5.56221e-01 Validation accuracy: 5.64000e-01 Loss 1.16047e-02 Time taken: 2.08 seconds 
Epoch: 180/200 Train accuracy: 5.57432e-01 Validation accuracy: 5.57667e-01 Loss 1.16039e-02 Time taken: 2.07 seconds 
Epoch: 181/200 Train accuracy: 5.58501e-01 Validation accuracy: 5.49000e-01 Loss 1.15880e-02 Time taken: 1.98 seconds 
Epoch: 182/200 Train accuracy: 5.57503e-01 Validation accuracy: 5.65667e-01 Loss 1.15987e-02 Time taken: 2.14 seconds 
Epoch: 183/200 Train accuracy: 5.55722e-01 Validation accuracy: 5.60000e-01 Loss 1.16093e-02 Time taken: 2.20 seconds 
Epoch: 184/200 Train accuracy: 5.57218e-01 Validation accuracy: 5.61333e-01 Loss 1.16039e-02 Time taken: 2.20 seconds 
Epoch: 185/200 Train accuracy: 5.58216e-01 Validation accuracy: 5.55667e-01 Loss 1.15957e-02 Time taken: 2.13 seconds 
Epoch: 186/200 Train accuracy: 5.59000e-01 Validation accuracy: 5.61667e-01 Loss 1.15902e-02 Time taken: 2.04 seconds 
Epoch: 187/200 Train accuracy: 5.55009e-01 Validation accuracy: 5.64667e-01 Loss 1.16096e-02 Time taken: 2.21 seconds 
Epoch: 188/200 Train accuracy: 5.54582e-01 Validation accuracy: 5.64667e-01 Loss 1.16084e-02 Time taken: 2.28 seconds 
Epoch: 189/200 Train accuracy: 5.56292e-01 Validation accuracy: 5.67333e-01 Loss 1.16038e-02 Time taken: 2.31 seconds 
Epoch: 190/200 Train accuracy: 5.56577e-01 Validation accuracy: 5.61333e-01 Loss 1.15997e-02 Time taken: 2.07 seconds 
Epoch: 191/200 Train accuracy: 5.57859e-01 Validation accuracy: 5.67333e-01 Loss 1.15960e-02 Time taken: 2.07 seconds 
Epoch: 192/200 Train accuracy: 5.57646e-01 Validation accuracy: 5.63667e-01 Loss 1.16062e-02 Time taken: 2.21 seconds 
Epoch: 193/200 Train accuracy: 5.57004e-01 Validation accuracy: 5.59667e-01 Loss 1.15975e-02 Time taken: 2.32 seconds 
Epoch: 194/200 Train accuracy: 5.57218e-01 Validation accuracy: 5.62667e-01 Loss 1.15947e-02 Time taken: 2.03 seconds 
Epoch: 195/200 Train accuracy: 5.60211e-01 Validation accuracy: 5.54667e-01 Loss 1.15722e-02 Time taken: 2.12 seconds 
Epoch: 196/200 Train accuracy: 5.57289e-01 Validation accuracy: 5.61000e-01 Loss 1.16007e-02 Time taken: 2.24 seconds 
Epoch: 197/200 Train accuracy: 5.59570e-01 Validation accuracy: 5.57667e-01 Loss 1.15805e-02 Time taken: 2.26 seconds 
Epoch: 198/200 Train accuracy: 5.56719e-01 Validation accuracy: 5.40667e-01 Loss 1.16134e-02 Time taken: 2.12 seconds 
Epoch: 199/200 Train accuracy: 5.55508e-01 Validation accuracy: 5.58000e-01 Loss 1.15972e-02 Time taken: 2.14 seconds 
Epoch: 200/200 Train accuracy: 5.53085e-01 Validation accuracy: 5.62333e-01 Loss 1.16103e-02 Time taken: 2.30 seconds 
Total time taken 0:06:49.219669
Cleaning up intermediate feature (.pt) files
Done


