Directory classifiers/jepa-iic-PKT-seed-5-classifier-pretrained-vitb-ep100 is now present
VisionTransformer(
  (patch_embed): PatchEmbed(
    (proj): Conv2d(3, 768, kernel_size=(15, 15), stride=(15, 15))
  )
  (blocks): ModuleList(
    (0-11): 12 x Block(
      (norm1): LayerNorm((768,), eps=1e-06, elementwise_affine=True)
      (attn): Attention(
        (qkv): Linear(in_features=768, out_features=2304, bias=True)
        (attn_drop): Dropout(p=0.0, inplace=False)
        (proj): Linear(in_features=768, out_features=768, bias=True)
        (proj_drop): Dropout(p=0.0, inplace=False)
      )
      (drop_path): Identity()
      (norm2): LayerNorm((768,), eps=1e-06, elementwise_affine=True)
      (mlp): MLP(
        (fc1): Linear(in_features=768, out_features=3072, bias=True)
        (act): GELU(approximate='none')
        (fc2): Linear(in_features=3072, out_features=768, bias=True)
        (drop): Dropout(p=0.0, inplace=False)
      )
    )
  )
  (norm): LayerNorm((768,), eps=1e-06, elementwise_affine=True)
)
Extracting features and saving them locally..
Epoch: 1/200 Train accuracy: 2.54738e-01 Validation accuracy: 2.69000e-01 Loss 1.37778e-02 Time taken: 1 seconds
Epoch: 2/200 Train accuracy: 2.92148e-01 Validation accuracy: 2.98667e-01 Loss 1.35962e-02 Time taken: 1 seconds
Epoch: 3/200 Train accuracy: 3.13524e-01 Validation accuracy: 2.90667e-01 Loss 1.34969e-02 Time taken: 1 seconds
Epoch: 4/200 Train accuracy: 3.21576e-01 Validation accuracy: 3.29333e-01 Loss 1.34358e-02 Time taken: 1 seconds
Epoch: 5/200 Train accuracy: 3.32051e-01 Validation accuracy: 3.37667e-01 Loss 1.33873e-02 Time taken: 1 seconds
Epoch: 6/200 Train accuracy: 3.38392e-01 Validation accuracy: 3.14000e-01 Loss 1.33376e-02 Time taken: 1 seconds
Epoch: 7/200 Train accuracy: 3.40958e-01 Validation accuracy: 3.14000e-01 Loss 1.33152e-02 Time taken: 1 seconds
Epoch: 8/200 Train accuracy: 3.42027e-01 Validation accuracy: 3.08667e-01 Loss 1.33086e-02 Time taken: 1 seconds
Epoch: 9/200 Train accuracy: 3.42739e-01 Validation accuracy: 3.44667e-01 Loss 1.32801e-02 Time taken: 1 seconds
Epoch: 10/200 Train accuracy: 3.49223e-01 Validation accuracy: 3.22333e-01 Loss 1.32544e-02 Time taken: 1 seconds
Epoch: 11/200 Train accuracy: 3.44877e-01 Validation accuracy: 3.56000e-01 Loss 1.32650e-02 Time taken: 1 seconds
Epoch: 12/200 Train accuracy: 3.38677e-01 Validation accuracy: 3.41667e-01 Loss 1.32773e-02 Time taken: 1 seconds
Epoch: 13/200 Train accuracy: 3.53142e-01 Validation accuracy: 3.50667e-01 Loss 1.32244e-02 Time taken: 1 seconds
Epoch: 14/200 Train accuracy: 3.48867e-01 Validation accuracy: 3.54333e-01 Loss 1.32276e-02 Time taken: 1 seconds
Epoch: 15/200 Train accuracy: 3.45661e-01 Validation accuracy: 3.36333e-01 Loss 1.32316e-02 Time taken: 1 seconds
Epoch: 16/200 Train accuracy: 3.52715e-01 Validation accuracy: 3.39667e-01 Loss 1.32040e-02 Time taken: 1 seconds
Epoch: 17/200 Train accuracy: 3.54496e-01 Validation accuracy: 3.48000e-01 Loss 1.31957e-02 Time taken: 1 seconds
Epoch: 18/200 Train accuracy: 3.54567e-01 Validation accuracy: 3.38333e-01 Loss 1.31930e-02 Time taken: 1 seconds
Epoch: 19/200 Train accuracy: 3.56064e-01 Validation accuracy: 3.41333e-01 Loss 1.31888e-02 Time taken: 1 seconds
Epoch: 20/200 Train accuracy: 3.56064e-01 Validation accuracy: 3.41000e-01 Loss 1.31821e-02 Time taken: 1 seconds
Epoch: 21/200 Train accuracy: 3.55993e-01 Validation accuracy: 3.43667e-01 Loss 1.31759e-02 Time taken: 1 seconds
Epoch: 22/200 Train accuracy: 3.55921e-01 Validation accuracy: 3.35000e-01 Loss 1.31734e-02 Time taken: 1 seconds
Epoch: 23/200 Train accuracy: 3.55423e-01 Validation accuracy: 3.57000e-01 Loss 1.31652e-02 Time taken: 1 seconds
Epoch: 24/200 Train accuracy: 3.56705e-01 Validation accuracy: 3.52000e-01 Loss 1.31618e-02 Time taken: 1 seconds
Epoch: 25/200 Train accuracy: 3.57489e-01 Validation accuracy: 3.40333e-01 Loss 1.31594e-02 Time taken: 1 seconds
Epoch: 26/200 Train accuracy: 3.54924e-01 Validation accuracy: 3.50667e-01 Loss 1.31725e-02 Time taken: 1 seconds
Epoch: 27/200 Train accuracy: 3.57275e-01 Validation accuracy: 3.50667e-01 Loss 1.31647e-02 Time taken: 1 seconds
Epoch: 28/200 Train accuracy: 3.54069e-01 Validation accuracy: 3.55667e-01 Loss 1.31503e-02 Time taken: 1 seconds
Epoch: 29/200 Train accuracy: 3.57560e-01 Validation accuracy: 3.51333e-01 Loss 1.31563e-02 Time taken: 1 seconds
Epoch: 30/200 Train accuracy: 3.56776e-01 Validation accuracy: 3.46333e-01 Loss 1.31583e-02 Time taken: 1 seconds
Epoch: 31/200 Train accuracy: 3.57631e-01 Validation accuracy: 3.54667e-01 Loss 1.31413e-02 Time taken: 1 seconds
Epoch: 32/200 Train accuracy: 3.58914e-01 Validation accuracy: 3.43667e-01 Loss 1.31454e-02 Time taken: 1 seconds
Epoch: 33/200 Train accuracy: 3.60125e-01 Validation accuracy: 3.56000e-01 Loss 1.31422e-02 Time taken: 1 seconds
Epoch: 34/200 Train accuracy: 3.61194e-01 Validation accuracy: 3.47667e-01 Loss 1.31347e-02 Time taken: 1 seconds
Epoch: 35/200 Train accuracy: 3.56278e-01 Validation accuracy: 3.58333e-01 Loss 1.31401e-02 Time taken: 1 seconds
Epoch: 36/200 Train accuracy: 3.60767e-01 Validation accuracy: 3.58333e-01 Loss 1.31296e-02 Time taken: 1 seconds
Epoch: 37/200 Train accuracy: 3.57774e-01 Validation accuracy: 3.50000e-01 Loss 1.31351e-02 Time taken: 1 seconds
Epoch: 38/200 Train accuracy: 3.57346e-01 Validation accuracy: 3.62333e-01 Loss 1.31364e-02 Time taken: 1 seconds
Epoch: 39/200 Train accuracy: 3.61907e-01 Validation accuracy: 3.50667e-01 Loss 1.31120e-02 Time taken: 1 seconds
Epoch: 40/200 Train accuracy: 3.58558e-01 Validation accuracy: 3.56000e-01 Loss 1.31321e-02 Time taken: 1 seconds
Epoch: 41/200 Train accuracy: 3.58772e-01 Validation accuracy: 3.55667e-01 Loss 1.31210e-02 Time taken: 1 seconds
Epoch: 42/200 Train accuracy: 3.61265e-01 Validation accuracy: 3.62667e-01 Loss 1.31139e-02 Time taken: 1 seconds
Epoch: 43/200 Train accuracy: 3.58415e-01 Validation accuracy: 3.57333e-01 Loss 1.31322e-02 Time taken: 1 seconds
Epoch: 44/200 Train accuracy: 3.63047e-01 Validation accuracy: 3.51000e-01 Loss 1.31191e-02 Time taken: 1 seconds
Epoch: 45/200 Train accuracy: 3.61551e-01 Validation accuracy: 3.56667e-01 Loss 1.31204e-02 Time taken: 1 seconds
Epoch: 46/200 Train accuracy: 3.62049e-01 Validation accuracy: 3.65333e-01 Loss 1.31125e-02 Time taken: 1 seconds
Epoch: 47/200 Train accuracy: 3.61907e-01 Validation accuracy: 3.55333e-01 Loss 1.31193e-02 Time taken: 1 seconds
Epoch: 48/200 Train accuracy: 3.61337e-01 Validation accuracy: 3.40667e-01 Loss 1.31116e-02 Time taken: 1 seconds
Epoch: 49/200 Train accuracy: 3.60695e-01 Validation accuracy: 3.58000e-01 Loss 1.31200e-02 Time taken: 1 seconds
Epoch: 50/200 Train accuracy: 3.62691e-01 Validation accuracy: 3.43000e-01 Loss 1.30992e-02 Time taken: 1 seconds
Epoch: 51/200 Train accuracy: 3.61408e-01 Validation accuracy: 3.57667e-01 Loss 1.30953e-02 Time taken: 1 seconds
Epoch: 52/200 Train accuracy: 3.61551e-01 Validation accuracy: 3.55000e-01 Loss 1.31098e-02 Time taken: 1 seconds
Epoch: 53/200 Train accuracy: 3.63973e-01 Validation accuracy: 3.49333e-01 Loss 1.31130e-02 Time taken: 1 seconds
Epoch: 54/200 Train accuracy: 3.64258e-01 Validation accuracy: 3.62000e-01 Loss 1.31050e-02 Time taken: 1 seconds
Epoch: 55/200 Train accuracy: 3.61622e-01 Validation accuracy: 3.57000e-01 Loss 1.31129e-02 Time taken: 1 seconds
Epoch: 56/200 Train accuracy: 3.61551e-01 Validation accuracy: 3.59333e-01 Loss 1.31253e-02 Time taken: 1 seconds
Epoch: 57/200 Train accuracy: 3.62263e-01 Validation accuracy: 3.65000e-01 Loss 1.30975e-02 Time taken: 1 seconds
Epoch: 58/200 Train accuracy: 3.62833e-01 Validation accuracy: 3.60333e-01 Loss 1.31071e-02 Time taken: 1 seconds
Epoch: 59/200 Train accuracy: 3.61337e-01 Validation accuracy: 3.63000e-01 Loss 1.31082e-02 Time taken: 1 seconds
Epoch: 60/200 Train accuracy: 3.60909e-01 Validation accuracy: 3.62000e-01 Loss 1.31057e-02 Time taken: 1 seconds
Epoch: 61/200 Train accuracy: 3.62192e-01 Validation accuracy: 3.51667e-01 Loss 1.31108e-02 Time taken: 1 seconds
Epoch: 62/200 Train accuracy: 3.65327e-01 Validation accuracy: 3.54667e-01 Loss 1.30936e-02 Time taken: 1 seconds
Epoch: 63/200 Train accuracy: 3.61907e-01 Validation accuracy: 3.50333e-01 Loss 1.30991e-02 Time taken: 1 seconds
Epoch: 64/200 Train accuracy: 3.61764e-01 Validation accuracy: 3.63000e-01 Loss 1.30956e-02 Time taken: 1 seconds
Epoch: 65/200 Train accuracy: 3.61551e-01 Validation accuracy: 3.59667e-01 Loss 1.31056e-02 Time taken: 1 seconds
Epoch: 66/200 Train accuracy: 3.62406e-01 Validation accuracy: 3.64000e-01 Loss 1.31035e-02 Time taken: 1 seconds
Epoch: 67/200 Train accuracy: 3.63831e-01 Validation accuracy: 3.64667e-01 Loss 1.30895e-02 Time taken: 1 seconds
Epoch: 68/200 Train accuracy: 3.65042e-01 Validation accuracy: 3.51333e-01 Loss 1.30907e-02 Time taken: 1 seconds
Epoch: 69/200 Train accuracy: 3.63759e-01 Validation accuracy: 3.62000e-01 Loss 1.30937e-02 Time taken: 1 seconds
Epoch: 70/200 Train accuracy: 3.63332e-01 Validation accuracy: 3.63000e-01 Loss 1.30860e-02 Time taken: 1 seconds
Epoch: 71/200 Train accuracy: 3.64757e-01 Validation accuracy: 3.61000e-01 Loss 1.30944e-02 Time taken: 1 seconds
Epoch: 72/200 Train accuracy: 3.66111e-01 Validation accuracy: 3.47000e-01 Loss 1.30873e-02 Time taken: 1 seconds
Epoch: 73/200 Train accuracy: 3.61551e-01 Validation accuracy: 3.39000e-01 Loss 1.30972e-02 Time taken: 1 seconds
Epoch: 74/200 Train accuracy: 3.63902e-01 Validation accuracy: 3.66333e-01 Loss 1.30879e-02 Time taken: 1 seconds
Epoch: 75/200 Train accuracy: 3.63546e-01 Validation accuracy: 3.58667e-01 Loss 1.30922e-02 Time taken: 1 seconds
Epoch: 76/200 Train accuracy: 3.63118e-01 Validation accuracy: 3.56667e-01 Loss 1.30888e-02 Time taken: 1 seconds
Epoch: 77/200 Train accuracy: 3.63617e-01 Validation accuracy: 3.68000e-01 Loss 1.30845e-02 Time taken: 1 seconds
Epoch: 78/200 Train accuracy: 3.64258e-01 Validation accuracy: 3.67667e-01 Loss 1.30827e-02 Time taken: 1 seconds
Epoch: 79/200 Train accuracy: 3.64258e-01 Validation accuracy: 3.65333e-01 Loss 1.30874e-02 Time taken: 1 seconds
Epoch: 80/200 Train accuracy: 3.66396e-01 Validation accuracy: 3.56000e-01 Loss 1.30819e-02 Time taken: 1 seconds
Epoch: 81/200 Train accuracy: 3.62192e-01 Validation accuracy: 3.63000e-01 Loss 1.30947e-02 Time taken: 1 seconds
Epoch: 82/200 Train accuracy: 3.66253e-01 Validation accuracy: 3.63667e-01 Loss 1.30834e-02 Time taken: 1 seconds
Epoch: 83/200 Train accuracy: 3.65612e-01 Validation accuracy: 3.60333e-01 Loss 1.30743e-02 Time taken: 1 seconds
Epoch: 84/200 Train accuracy: 3.63688e-01 Validation accuracy: 3.49667e-01 Loss 1.30903e-02 Time taken: 1 seconds
Epoch: 85/200 Train accuracy: 3.64757e-01 Validation accuracy: 3.61667e-01 Loss 1.30833e-02 Time taken: 1 seconds
Epoch: 86/200 Train accuracy: 3.65113e-01 Validation accuracy: 3.50000e-01 Loss 1.30824e-02 Time taken: 1 seconds
Epoch: 87/200 Train accuracy: 3.64615e-01 Validation accuracy: 3.60667e-01 Loss 1.30808e-02 Time taken: 1 seconds
Epoch: 88/200 Train accuracy: 3.65185e-01 Validation accuracy: 3.54667e-01 Loss 1.30797e-02 Time taken: 1 seconds
Epoch: 89/200 Train accuracy: 3.63261e-01 Validation accuracy: 3.55000e-01 Loss 1.30836e-02 Time taken: 1 seconds
Epoch: 90/200 Train accuracy: 3.65113e-01 Validation accuracy: 3.65667e-01 Loss 1.30801e-02 Time taken: 1 seconds
Epoch: 91/200 Train accuracy: 3.66681e-01 Validation accuracy: 3.65667e-01 Loss 1.30751e-02 Time taken: 1 seconds
Epoch: 92/200 Train accuracy: 3.65897e-01 Validation accuracy: 3.63667e-01 Loss 1.30860e-02 Time taken: 1 seconds
Epoch: 93/200 Train accuracy: 3.67180e-01 Validation accuracy: 3.58333e-01 Loss 1.30679e-02 Time taken: 1 seconds
Epoch: 94/200 Train accuracy: 3.64971e-01 Validation accuracy: 3.42333e-01 Loss 1.30738e-02 Time taken: 1 seconds
Epoch: 95/200 Train accuracy: 3.61194e-01 Validation accuracy: 3.64667e-01 Loss 1.30906e-02 Time taken: 1 seconds
Epoch: 96/200 Train accuracy: 3.64044e-01 Validation accuracy: 3.64333e-01 Loss 1.30863e-02 Time taken: 1 seconds
Epoch: 97/200 Train accuracy: 3.64258e-01 Validation accuracy: 3.68000e-01 Loss 1.30873e-02 Time taken: 1 seconds
Epoch: 98/200 Train accuracy: 3.65683e-01 Validation accuracy: 3.63333e-01 Loss 1.30810e-02 Time taken: 1 seconds
Epoch: 99/200 Train accuracy: 3.67750e-01 Validation accuracy: 3.60333e-01 Loss 1.30697e-02 Time taken: 1 seconds
Epoch: 100/200 Train accuracy: 3.65897e-01 Validation accuracy: 3.50333e-01 Loss 1.30786e-02 Time taken: 1 seconds
Epoch: 101/200 Train accuracy: 3.64116e-01 Validation accuracy: 3.58333e-01 Loss 1.30928e-02 Time taken: 1 seconds
Epoch: 102/200 Train accuracy: 3.66182e-01 Validation accuracy: 3.68667e-01 Loss 1.30733e-02 Time taken: 1 seconds
Epoch: 103/200 Train accuracy: 3.64258e-01 Validation accuracy: 3.64333e-01 Loss 1.30699e-02 Time taken: 1 seconds
Epoch: 104/200 Train accuracy: 3.65185e-01 Validation accuracy: 3.65000e-01 Loss 1.30727e-02 Time taken: 1 seconds
Epoch: 105/200 Train accuracy: 3.64044e-01 Validation accuracy: 3.57000e-01 Loss 1.30738e-02 Time taken: 1 seconds
Epoch: 106/200 Train accuracy: 3.64757e-01 Validation accuracy: 3.66000e-01 Loss 1.30779e-02 Time taken: 1 seconds
Epoch: 107/200 Train accuracy: 3.66895e-01 Validation accuracy: 3.65000e-01 Loss 1.30716e-02 Time taken: 1 seconds
Epoch: 108/200 Train accuracy: 3.61337e-01 Validation accuracy: 3.49000e-01 Loss 1.30887e-02 Time taken: 1 seconds
Epoch: 109/200 Train accuracy: 3.65541e-01 Validation accuracy: 3.45000e-01 Loss 1.30724e-02 Time taken: 1 seconds
Epoch: 110/200 Train accuracy: 3.64828e-01 Validation accuracy: 3.65667e-01 Loss 1.30729e-02 Time taken: 1 seconds
Epoch: 111/200 Train accuracy: 3.67322e-01 Validation accuracy: 3.64000e-01 Loss 1.30670e-02 Time taken: 1 seconds
Epoch: 112/200 Train accuracy: 3.67536e-01 Validation accuracy: 3.58667e-01 Loss 1.30617e-02 Time taken: 1 seconds
Epoch: 113/200 Train accuracy: 3.65897e-01 Validation accuracy: 3.57333e-01 Loss 1.30669e-02 Time taken: 1 seconds
Epoch: 114/200 Train accuracy: 3.64187e-01 Validation accuracy: 3.60000e-01 Loss 1.30791e-02 Time taken: 1 seconds
Epoch: 115/200 Train accuracy: 3.67821e-01 Validation accuracy: 3.64667e-01 Loss 1.30770e-02 Time taken: 1 seconds
Epoch: 116/200 Train accuracy: 3.68462e-01 Validation accuracy: 3.65333e-01 Loss 1.30756e-02 Time taken: 1 seconds
Epoch: 117/200 Train accuracy: 3.70671e-01 Validation accuracy: 3.65333e-01 Loss 1.30558e-02 Time taken: 1 seconds
Epoch: 118/200 Train accuracy: 3.65683e-01 Validation accuracy: 3.62333e-01 Loss 1.30736e-02 Time taken: 1 seconds
Epoch: 119/200 Train accuracy: 3.65612e-01 Validation accuracy: 3.55667e-01 Loss 1.30743e-02 Time taken: 1 seconds
Epoch: 120/200 Train accuracy: 3.67180e-01 Validation accuracy: 3.64333e-01 Loss 1.30676e-02 Time taken: 1 seconds
Epoch: 121/200 Train accuracy: 3.66752e-01 Validation accuracy: 3.62000e-01 Loss 1.30683e-02 Time taken: 1 seconds
Epoch: 122/200 Train accuracy: 3.64900e-01 Validation accuracy: 3.69333e-01 Loss 1.30682e-02 Time taken: 1 seconds
Epoch: 123/200 Train accuracy: 3.68890e-01 Validation accuracy: 3.61000e-01 Loss 1.30569e-02 Time taken: 1 seconds
Epoch: 124/200 Train accuracy: 3.64329e-01 Validation accuracy: 3.57667e-01 Loss 1.30810e-02 Time taken: 1 seconds
Epoch: 125/200 Train accuracy: 3.67037e-01 Validation accuracy: 3.63000e-01 Loss 1.30640e-02 Time taken: 1 seconds
Epoch: 126/200 Train accuracy: 3.63973e-01 Validation accuracy: 3.54667e-01 Loss 1.30704e-02 Time taken: 1 seconds
Epoch: 127/200 Train accuracy: 3.69246e-01 Validation accuracy: 3.70333e-01 Loss 1.30624e-02 Time taken: 1 seconds
Epoch: 128/200 Train accuracy: 3.65185e-01 Validation accuracy: 3.62000e-01 Loss 1.30694e-02 Time taken: 1 seconds
Epoch: 129/200 Train accuracy: 3.66182e-01 Validation accuracy: 3.66333e-01 Loss 1.30573e-02 Time taken: 1 seconds
Epoch: 130/200 Train accuracy: 3.68035e-01 Validation accuracy: 3.64333e-01 Loss 1.30609e-02 Time taken: 1 seconds
Epoch: 131/200 Train accuracy: 3.69175e-01 Validation accuracy: 3.57333e-01 Loss 1.30523e-02 Time taken: 1 seconds
Epoch: 132/200 Train accuracy: 3.69317e-01 Validation accuracy: 3.60333e-01 Loss 1.30571e-02 Time taken: 1 seconds
Epoch: 133/200 Train accuracy: 3.67322e-01 Validation accuracy: 3.63667e-01 Loss 1.30660e-02 Time taken: 1 seconds
Epoch: 134/200 Train accuracy: 3.66681e-01 Validation accuracy: 3.62333e-01 Loss 1.30648e-02 Time taken: 1 seconds
Epoch: 135/200 Train accuracy: 3.66467e-01 Validation accuracy: 3.54000e-01 Loss 1.30652e-02 Time taken: 1 seconds
Epoch: 136/200 Train accuracy: 3.66538e-01 Validation accuracy: 3.64333e-01 Loss 1.30747e-02 Time taken: 1 seconds
Epoch: 137/200 Train accuracy: 3.67180e-01 Validation accuracy: 3.61333e-01 Loss 1.30611e-02 Time taken: 1 seconds
Epoch: 138/200 Train accuracy: 3.66823e-01 Validation accuracy: 3.64000e-01 Loss 1.30657e-02 Time taken: 1 seconds
Epoch: 139/200 Train accuracy: 3.67892e-01 Validation accuracy: 3.63667e-01 Loss 1.30562e-02 Time taken: 1 seconds
Epoch: 140/200 Train accuracy: 3.66396e-01 Validation accuracy: 3.64667e-01 Loss 1.30609e-02 Time taken: 1 seconds
Epoch: 141/200 Train accuracy: 3.68106e-01 Validation accuracy: 3.69667e-01 Loss 1.30545e-02 Time taken: 1 seconds
Epoch: 142/200 Train accuracy: 3.65398e-01 Validation accuracy: 3.64667e-01 Loss 1.30619e-02 Time taken: 1 seconds
Epoch: 143/200 Train accuracy: 3.68249e-01 Validation accuracy: 3.54333e-01 Loss 1.30526e-02 Time taken: 1 seconds
Epoch: 144/200 Train accuracy: 3.70386e-01 Validation accuracy: 3.53333e-01 Loss 1.30559e-02 Time taken: 1 seconds
Epoch: 145/200 Train accuracy: 3.68249e-01 Validation accuracy: 3.63667e-01 Loss 1.30523e-02 Time taken: 1 seconds
Epoch: 146/200 Train accuracy: 3.65683e-01 Validation accuracy: 3.64000e-01 Loss 1.30695e-02 Time taken: 1 seconds
Epoch: 147/200 Train accuracy: 3.67393e-01 Validation accuracy: 3.65000e-01 Loss 1.30731e-02 Time taken: 1 seconds
Epoch: 148/200 Train accuracy: 3.68320e-01 Validation accuracy: 3.59000e-01 Loss 1.30644e-02 Time taken: 1 seconds
Epoch: 149/200 Train accuracy: 3.69531e-01 Validation accuracy: 3.60333e-01 Loss 1.30557e-02 Time taken: 1 seconds
Epoch: 150/200 Train accuracy: 3.65042e-01 Validation accuracy: 3.61667e-01 Loss 1.30679e-02 Time taken: 1 seconds
Epoch: 151/200 Train accuracy: 3.67108e-01 Validation accuracy: 3.67000e-01 Loss 1.30591e-02 Time taken: 1 seconds
Epoch: 152/200 Train accuracy: 3.67607e-01 Validation accuracy: 3.66667e-01 Loss 1.30541e-02 Time taken: 1 seconds
Epoch: 153/200 Train accuracy: 3.69389e-01 Validation accuracy: 3.70333e-01 Loss 1.30616e-02 Time taken: 1 seconds
Epoch: 154/200 Train accuracy: 3.66325e-01 Validation accuracy: 3.65667e-01 Loss 1.30526e-02 Time taken: 1 seconds
Epoch: 155/200 Train accuracy: 3.69032e-01 Validation accuracy: 3.65667e-01 Loss 1.30569e-02 Time taken: 1 seconds
Epoch: 156/200 Train accuracy: 3.68605e-01 Validation accuracy: 3.62000e-01 Loss 1.30562e-02 Time taken: 1 seconds
Epoch: 157/200 Train accuracy: 3.66111e-01 Validation accuracy: 3.63333e-01 Loss 1.30584e-02 Time taken: 1 seconds
Epoch: 158/200 Train accuracy: 3.68106e-01 Validation accuracy: 3.66333e-01 Loss 1.30553e-02 Time taken: 1 seconds
Epoch: 159/200 Train accuracy: 3.66966e-01 Validation accuracy: 3.59000e-01 Loss 1.30586e-02 Time taken: 1 seconds
Epoch: 160/200 Train accuracy: 3.62477e-01 Validation accuracy: 3.69333e-01 Loss 1.30798e-02 Time taken: 1 seconds
Epoch: 161/200 Train accuracy: 3.68605e-01 Validation accuracy: 3.67000e-01 Loss 1.30543e-02 Time taken: 1 seconds
Epoch: 162/200 Train accuracy: 3.65256e-01 Validation accuracy: 3.64333e-01 Loss 1.30608e-02 Time taken: 1 seconds
Epoch: 163/200 Train accuracy: 3.69246e-01 Validation accuracy: 3.62333e-01 Loss 1.30459e-02 Time taken: 1 seconds
Epoch: 164/200 Train accuracy: 3.70600e-01 Validation accuracy: 3.64667e-01 Loss 1.30521e-02 Time taken: 1 seconds
Epoch: 165/200 Train accuracy: 3.70457e-01 Validation accuracy: 3.63667e-01 Loss 1.30416e-02 Time taken: 1 seconds
Epoch: 166/200 Train accuracy: 3.68961e-01 Validation accuracy: 3.66000e-01 Loss 1.30520e-02 Time taken: 1 seconds
Epoch: 167/200 Train accuracy: 3.68605e-01 Validation accuracy: 3.52333e-01 Loss 1.30525e-02 Time taken: 1 seconds
Epoch: 168/200 Train accuracy: 3.66610e-01 Validation accuracy: 3.55667e-01 Loss 1.30630e-02 Time taken: 1 seconds
Epoch: 169/200 Train accuracy: 3.69246e-01 Validation accuracy: 3.67333e-01 Loss 1.30555e-02 Time taken: 1 seconds
Epoch: 170/200 Train accuracy: 3.70814e-01 Validation accuracy: 3.65333e-01 Loss 1.30467e-02 Time taken: 1 seconds
Epoch: 171/200 Train accuracy: 3.67108e-01 Validation accuracy: 3.66333e-01 Loss 1.30484e-02 Time taken: 1 seconds
Epoch: 172/200 Train accuracy: 3.70457e-01 Validation accuracy: 3.71333e-01 Loss 1.30450e-02 Time taken: 1 seconds
Epoch: 173/200 Train accuracy: 3.67037e-01 Validation accuracy: 3.57667e-01 Loss 1.30566e-02 Time taken: 1 seconds
Epoch: 174/200 Train accuracy: 3.69959e-01 Validation accuracy: 3.59333e-01 Loss 1.30485e-02 Time taken: 1 seconds
Epoch: 175/200 Train accuracy: 3.70030e-01 Validation accuracy: 3.65333e-01 Loss 1.30485e-02 Time taken: 1 seconds
Epoch: 176/200 Train accuracy: 3.68890e-01 Validation accuracy: 3.54333e-01 Loss 1.30593e-02 Time taken: 1 seconds
Epoch: 177/200 Train accuracy: 3.67892e-01 Validation accuracy: 3.64000e-01 Loss 1.30575e-02 Time taken: 1 seconds
Epoch: 178/200 Train accuracy: 3.66325e-01 Validation accuracy: 3.67333e-01 Loss 1.30630e-02 Time taken: 1 seconds
Epoch: 179/200 Train accuracy: 3.68961e-01 Validation accuracy: 3.61667e-01 Loss 1.30427e-02 Time taken: 1 seconds
Epoch: 180/200 Train accuracy: 3.66681e-01 Validation accuracy: 3.40667e-01 Loss 1.30592e-02 Time taken: 1 seconds
Epoch: 181/200 Train accuracy: 3.69674e-01 Validation accuracy: 3.72333e-01 Loss 1.30411e-02 Time taken: 1 seconds
Epoch: 182/200 Train accuracy: 3.67678e-01 Validation accuracy: 3.67333e-01 Loss 1.30503e-02 Time taken: 1 seconds
Epoch: 183/200 Train accuracy: 3.67892e-01 Validation accuracy: 3.66667e-01 Loss 1.30565e-02 Time taken: 1 seconds
Epoch: 184/200 Train accuracy: 3.71455e-01 Validation accuracy: 3.52667e-01 Loss 1.30460e-02 Time taken: 1 seconds
Epoch: 185/200 Train accuracy: 3.68462e-01 Validation accuracy: 3.64667e-01 Loss 1.30506e-02 Time taken: 1 seconds
Epoch: 186/200 Train accuracy: 3.69175e-01 Validation accuracy: 3.52333e-01 Loss 1.30551e-02 Time taken: 1 seconds
Epoch: 187/200 Train accuracy: 3.67750e-01 Validation accuracy: 3.71000e-01 Loss 1.30579e-02 Time taken: 1 seconds
Epoch: 188/200 Train accuracy: 3.69246e-01 Validation accuracy: 3.64333e-01 Loss 1.30444e-02 Time taken: 1 seconds
Epoch: 189/200 Train accuracy: 3.68961e-01 Validation accuracy: 3.64667e-01 Loss 1.30508e-02 Time taken: 1 seconds
Epoch: 190/200 Train accuracy: 3.69531e-01 Validation accuracy: 3.69000e-01 Loss 1.30455e-02 Time taken: 1 seconds
Epoch: 191/200 Train accuracy: 3.71954e-01 Validation accuracy: 3.70000e-01 Loss 1.30425e-02 Time taken: 1 seconds
Epoch: 192/200 Train accuracy: 3.68391e-01 Validation accuracy: 3.68333e-01 Loss 1.30494e-02 Time taken: 1 seconds
Epoch: 193/200 Train accuracy: 3.68747e-01 Validation accuracy: 3.62000e-01 Loss 1.30412e-02 Time taken: 1 seconds
Epoch: 194/200 Train accuracy: 3.71384e-01 Validation accuracy: 3.56000e-01 Loss 1.30430e-02 Time taken: 1 seconds
Epoch: 195/200 Train accuracy: 3.68035e-01 Validation accuracy: 3.70333e-01 Loss 1.30450e-02 Time taken: 1 seconds
Epoch: 196/200 Train accuracy: 3.70172e-01 Validation accuracy: 3.62667e-01 Loss 1.30427e-02 Time taken: 1 seconds
Epoch: 197/200 Train accuracy: 3.69959e-01 Validation accuracy: 3.65667e-01 Loss 1.30415e-02 Time taken: 1 seconds
Epoch: 198/200 Train accuracy: 3.70172e-01 Validation accuracy: 3.66000e-01 Loss 1.30365e-02 Time taken: 1 seconds
Epoch: 199/200 Train accuracy: 3.68249e-01 Validation accuracy: 3.65333e-01 Loss 1.30490e-02 Time taken: 1 seconds
Epoch: 200/200 Train accuracy: 3.70172e-01 Validation accuracy: 3.62333e-01 Loss 1.30453e-02 Time taken: 1 seconds
Total time taken 0:05:06.999463
Cleaning up intermediate feature (.pt) files
Done


working on file logs_PKT/iic-train-PKT-seed-5/jepa_iic_PKT_seed-5-ep200.pth.tar ...
