Directory classifiers/jepa-iic-PKT-seed-5-classifier-pretrained-vitb-ep200 is now present
VisionTransformer(
  (patch_embed): PatchEmbed(
    (proj): Conv2d(3, 768, kernel_size=(15, 15), stride=(15, 15))
  )
  (blocks): ModuleList(
    (0-11): 12 x Block(
      (norm1): LayerNorm((768,), eps=1e-06, elementwise_affine=True)
      (attn): Attention(
        (qkv): Linear(in_features=768, out_features=2304, bias=True)
        (attn_drop): Dropout(p=0.0, inplace=False)
        (proj): Linear(in_features=768, out_features=768, bias=True)
        (proj_drop): Dropout(p=0.0, inplace=False)
      )
      (drop_path): Identity()
      (norm2): LayerNorm((768,), eps=1e-06, elementwise_affine=True)
      (mlp): MLP(
        (fc1): Linear(in_features=768, out_features=3072, bias=True)
        (act): GELU(approximate='none')
        (fc2): Linear(in_features=3072, out_features=768, bias=True)
        (drop): Dropout(p=0.0, inplace=False)
      )
    )
  )
  (norm): LayerNorm((768,), eps=1e-06, elementwise_affine=True)
)
Extracting features and saving them locally..
Epoch: 1/200 Train accuracy: 2.58230e-01 Validation accuracy: 3.09667e-01 Loss 1.37729e-02 Time taken: 1 seconds
Epoch: 2/200 Train accuracy: 3.34260e-01 Validation accuracy: 3.85333e-01 Loss 1.33467e-02 Time taken: 1 seconds
Epoch: 3/200 Train accuracy: 3.52857e-01 Validation accuracy: 3.77333e-01 Loss 1.32017e-02 Time taken: 1 seconds
Epoch: 4/200 Train accuracy: 3.55066e-01 Validation accuracy: 3.86667e-01 Loss 1.31631e-02 Time taken: 1 seconds
Epoch: 5/200 Train accuracy: 3.72381e-01 Validation accuracy: 4.03333e-01 Loss 1.30791e-02 Time taken: 1 seconds
Epoch: 6/200 Train accuracy: 3.74733e-01 Validation accuracy: 3.89667e-01 Loss 1.30565e-02 Time taken: 1 seconds
Epoch: 7/200 Train accuracy: 3.70885e-01 Validation accuracy: 3.80000e-01 Loss 1.30442e-02 Time taken: 1 seconds
Epoch: 8/200 Train accuracy: 3.78367e-01 Validation accuracy: 3.97333e-01 Loss 1.29899e-02 Time taken: 1 seconds
Epoch: 9/200 Train accuracy: 3.82001e-01 Validation accuracy: 4.08333e-01 Loss 1.29779e-02 Time taken: 1 seconds
Epoch: 10/200 Train accuracy: 3.82357e-01 Validation accuracy: 4.08000e-01 Loss 1.29640e-02 Time taken: 1 seconds
Epoch: 11/200 Train accuracy: 3.86276e-01 Validation accuracy: 3.82000e-01 Loss 1.29425e-02 Time taken: 1 seconds
Epoch: 12/200 Train accuracy: 3.86632e-01 Validation accuracy: 4.08667e-01 Loss 1.29263e-02 Time taken: 1 seconds
Epoch: 13/200 Train accuracy: 3.92475e-01 Validation accuracy: 3.97667e-01 Loss 1.29115e-02 Time taken: 1 seconds
Epoch: 14/200 Train accuracy: 3.93473e-01 Validation accuracy: 3.82333e-01 Loss 1.29129e-02 Time taken: 1 seconds
Epoch: 15/200 Train accuracy: 3.96893e-01 Validation accuracy: 3.95333e-01 Loss 1.28782e-02 Time taken: 1 seconds
Epoch: 16/200 Train accuracy: 4.00955e-01 Validation accuracy: 4.18000e-01 Loss 1.28692e-02 Time taken: 1 seconds
Epoch: 17/200 Train accuracy: 4.00527e-01 Validation accuracy: 4.08667e-01 Loss 1.28632e-02 Time taken: 1 seconds
Epoch: 18/200 Train accuracy: 3.99886e-01 Validation accuracy: 4.05000e-01 Loss 1.28582e-02 Time taken: 1 seconds
Epoch: 19/200 Train accuracy: 4.06370e-01 Validation accuracy: 3.75000e-01 Loss 1.28399e-02 Time taken: 1 seconds
Epoch: 20/200 Train accuracy: 4.02807e-01 Validation accuracy: 4.20333e-01 Loss 1.28383e-02 Time taken: 1 seconds
Epoch: 21/200 Train accuracy: 3.97820e-01 Validation accuracy: 3.77667e-01 Loss 1.28551e-02 Time taken: 1 seconds
Epoch: 22/200 Train accuracy: 4.05586e-01 Validation accuracy: 4.02333e-01 Loss 1.28345e-02 Time taken: 1 seconds
Epoch: 23/200 Train accuracy: 4.04660e-01 Validation accuracy: 4.13000e-01 Loss 1.28174e-02 Time taken: 1 seconds
Epoch: 24/200 Train accuracy: 4.04803e-01 Validation accuracy: 4.19333e-01 Loss 1.28112e-02 Time taken: 1 seconds
Epoch: 25/200 Train accuracy: 4.05088e-01 Validation accuracy: 4.20000e-01 Loss 1.28065e-02 Time taken: 1 seconds
Epoch: 26/200 Train accuracy: 4.09933e-01 Validation accuracy: 4.00333e-01 Loss 1.27960e-02 Time taken: 1 seconds
Epoch: 27/200 Train accuracy: 4.11002e-01 Validation accuracy: 4.27667e-01 Loss 1.27870e-02 Time taken: 1 seconds
Epoch: 28/200 Train accuracy: 4.06370e-01 Validation accuracy: 4.21000e-01 Loss 1.27872e-02 Time taken: 1 seconds
Epoch: 29/200 Train accuracy: 4.11073e-01 Validation accuracy: 4.25333e-01 Loss 1.27829e-02 Time taken: 1 seconds
Epoch: 30/200 Train accuracy: 4.10289e-01 Validation accuracy: 4.11000e-01 Loss 1.27702e-02 Time taken: 1 seconds
Epoch: 31/200 Train accuracy: 4.07297e-01 Validation accuracy: 4.17667e-01 Loss 1.27809e-02 Time taken: 1 seconds
Epoch: 32/200 Train accuracy: 4.15277e-01 Validation accuracy: 4.24000e-01 Loss 1.27589e-02 Time taken: 1 seconds
Epoch: 33/200 Train accuracy: 4.13068e-01 Validation accuracy: 4.24000e-01 Loss 1.27647e-02 Time taken: 1 seconds
Epoch: 34/200 Train accuracy: 4.07439e-01 Validation accuracy: 4.20667e-01 Loss 1.27854e-02 Time taken: 1 seconds
Epoch: 35/200 Train accuracy: 4.08793e-01 Validation accuracy: 4.28667e-01 Loss 1.27658e-02 Time taken: 1 seconds
Epoch: 36/200 Train accuracy: 4.18412e-01 Validation accuracy: 3.98000e-01 Loss 1.27358e-02 Time taken: 1 seconds
Epoch: 37/200 Train accuracy: 4.13781e-01 Validation accuracy: 4.11667e-01 Loss 1.27542e-02 Time taken: 1 seconds
Epoch: 38/200 Train accuracy: 4.19339e-01 Validation accuracy: 4.21000e-01 Loss 1.27322e-02 Time taken: 1 seconds
Epoch: 39/200 Train accuracy: 4.19054e-01 Validation accuracy: 4.04667e-01 Loss 1.27223e-02 Time taken: 1 seconds
Epoch: 40/200 Train accuracy: 4.17272e-01 Validation accuracy: 4.30000e-01 Loss 1.27279e-02 Time taken: 1 seconds
Epoch: 41/200 Train accuracy: 4.16774e-01 Validation accuracy: 4.30333e-01 Loss 1.27259e-02 Time taken: 1 seconds
Epoch: 42/200 Train accuracy: 4.22189e-01 Validation accuracy: 4.33000e-01 Loss 1.27123e-02 Time taken: 1 seconds
Epoch: 43/200 Train accuracy: 4.21833e-01 Validation accuracy: 4.27000e-01 Loss 1.27096e-02 Time taken: 1 seconds
Epoch: 44/200 Train accuracy: 4.18697e-01 Validation accuracy: 4.34667e-01 Loss 1.27231e-02 Time taken: 1 seconds
Epoch: 45/200 Train accuracy: 4.17629e-01 Validation accuracy: 4.24333e-01 Loss 1.27245e-02 Time taken: 1 seconds
Epoch: 46/200 Train accuracy: 4.22973e-01 Validation accuracy: 4.24000e-01 Loss 1.27049e-02 Time taken: 1 seconds
Epoch: 47/200 Train accuracy: 4.23685e-01 Validation accuracy: 4.26667e-01 Loss 1.26922e-02 Time taken: 1 seconds
Epoch: 48/200 Train accuracy: 4.17985e-01 Validation accuracy: 4.27667e-01 Loss 1.27122e-02 Time taken: 1 seconds
Epoch: 49/200 Train accuracy: 4.20835e-01 Validation accuracy: 4.37000e-01 Loss 1.26910e-02 Time taken: 1 seconds
Epoch: 50/200 Train accuracy: 4.18982e-01 Validation accuracy: 4.12667e-01 Loss 1.27041e-02 Time taken: 1 seconds
Epoch: 51/200 Train accuracy: 4.20479e-01 Validation accuracy: 4.38667e-01 Loss 1.26920e-02 Time taken: 1 seconds
Epoch: 52/200 Train accuracy: 4.24469e-01 Validation accuracy: 4.31667e-01 Loss 1.26808e-02 Time taken: 1 seconds
Epoch: 53/200 Train accuracy: 4.26464e-01 Validation accuracy: 3.99333e-01 Loss 1.26759e-02 Time taken: 1 seconds
Epoch: 54/200 Train accuracy: 4.24897e-01 Validation accuracy: 4.35667e-01 Loss 1.26851e-02 Time taken: 1 seconds
Epoch: 55/200 Train accuracy: 4.25894e-01 Validation accuracy: 4.31333e-01 Loss 1.26659e-02 Time taken: 1 seconds
Epoch: 56/200 Train accuracy: 4.26821e-01 Validation accuracy: 4.29667e-01 Loss 1.26688e-02 Time taken: 1 seconds
Epoch: 57/200 Train accuracy: 4.25680e-01 Validation accuracy: 4.39333e-01 Loss 1.26617e-02 Time taken: 1 seconds
Epoch: 58/200 Train accuracy: 4.26678e-01 Validation accuracy: 4.37333e-01 Loss 1.26687e-02 Time taken: 1 seconds
Epoch: 59/200 Train accuracy: 4.26251e-01 Validation accuracy: 4.17667e-01 Loss 1.26667e-02 Time taken: 1 seconds
Epoch: 60/200 Train accuracy: 4.28032e-01 Validation accuracy: 4.39667e-01 Loss 1.26611e-02 Time taken: 1 seconds
Epoch: 61/200 Train accuracy: 4.29671e-01 Validation accuracy: 4.41000e-01 Loss 1.26533e-02 Time taken: 1 seconds
Epoch: 62/200 Train accuracy: 4.24327e-01 Validation accuracy: 4.19667e-01 Loss 1.26633e-02 Time taken: 1 seconds
Epoch: 63/200 Train accuracy: 4.26963e-01 Validation accuracy: 4.30333e-01 Loss 1.26604e-02 Time taken: 1 seconds
Epoch: 64/200 Train accuracy: 4.29243e-01 Validation accuracy: 4.21000e-01 Loss 1.26483e-02 Time taken: 1 seconds
Epoch: 65/200 Train accuracy: 4.25395e-01 Validation accuracy: 4.31000e-01 Loss 1.26631e-02 Time taken: 1 seconds
Epoch: 66/200 Train accuracy: 4.26607e-01 Validation accuracy: 4.17667e-01 Loss 1.26599e-02 Time taken: 1 seconds
Epoch: 67/200 Train accuracy: 4.28958e-01 Validation accuracy: 4.25000e-01 Loss 1.26362e-02 Time taken: 1 seconds
Epoch: 68/200 Train accuracy: 4.31096e-01 Validation accuracy: 4.38000e-01 Loss 1.26325e-02 Time taken: 1 seconds
Epoch: 69/200 Train accuracy: 4.28246e-01 Validation accuracy: 4.41333e-01 Loss 1.26543e-02 Time taken: 1 seconds
Epoch: 70/200 Train accuracy: 4.30526e-01 Validation accuracy: 4.31000e-01 Loss 1.26361e-02 Time taken: 1 seconds
Epoch: 71/200 Train accuracy: 4.32022e-01 Validation accuracy: 4.31000e-01 Loss 1.26305e-02 Time taken: 1 seconds
Epoch: 72/200 Train accuracy: 4.30170e-01 Validation accuracy: 4.47667e-01 Loss 1.26287e-02 Time taken: 1 seconds
Epoch: 73/200 Train accuracy: 4.31025e-01 Validation accuracy: 4.34000e-01 Loss 1.26344e-02 Time taken: 1 seconds
Epoch: 74/200 Train accuracy: 4.24540e-01 Validation accuracy: 4.43667e-01 Loss 1.26500e-02 Time taken: 1 seconds
Epoch: 75/200 Train accuracy: 4.29386e-01 Validation accuracy: 4.21667e-01 Loss 1.26441e-02 Time taken: 1 seconds
Epoch: 76/200 Train accuracy: 4.28459e-01 Validation accuracy: 4.39000e-01 Loss 1.26333e-02 Time taken: 1 seconds
Epoch: 77/200 Train accuracy: 4.34302e-01 Validation accuracy: 4.36333e-01 Loss 1.26091e-02 Time taken: 1 seconds
Epoch: 78/200 Train accuracy: 4.34160e-01 Validation accuracy: 4.35667e-01 Loss 1.26103e-02 Time taken: 1 seconds
Epoch: 79/200 Train accuracy: 4.33162e-01 Validation accuracy: 4.43000e-01 Loss 1.26223e-02 Time taken: 1 seconds
Epoch: 80/200 Train accuracy: 4.31808e-01 Validation accuracy: 4.38667e-01 Loss 1.26222e-02 Time taken: 1 seconds
Epoch: 81/200 Train accuracy: 4.32592e-01 Validation accuracy: 4.46333e-01 Loss 1.26117e-02 Time taken: 1 seconds
Epoch: 82/200 Train accuracy: 4.32022e-01 Validation accuracy: 4.24000e-01 Loss 1.26115e-02 Time taken: 1 seconds
Epoch: 83/200 Train accuracy: 4.35656e-01 Validation accuracy: 4.49333e-01 Loss 1.26005e-02 Time taken: 1 seconds
Epoch: 84/200 Train accuracy: 4.34801e-01 Validation accuracy: 4.43333e-01 Loss 1.25986e-02 Time taken: 1 seconds
Epoch: 85/200 Train accuracy: 4.34659e-01 Validation accuracy: 4.42000e-01 Loss 1.26019e-02 Time taken: 1 seconds
Epoch: 86/200 Train accuracy: 4.34445e-01 Validation accuracy: 4.39667e-01 Loss 1.26026e-02 Time taken: 1 seconds
Epoch: 87/200 Train accuracy: 4.31096e-01 Validation accuracy: 4.45667e-01 Loss 1.26098e-02 Time taken: 1 seconds
Epoch: 88/200 Train accuracy: 4.36511e-01 Validation accuracy: 4.33667e-01 Loss 1.25886e-02 Time taken: 1 seconds
Epoch: 89/200 Train accuracy: 4.33234e-01 Validation accuracy: 4.25333e-01 Loss 1.26127e-02 Time taken: 1 seconds
Epoch: 90/200 Train accuracy: 4.36440e-01 Validation accuracy: 4.34667e-01 Loss 1.25963e-02 Time taken: 1 seconds
Epoch: 91/200 Train accuracy: 4.32877e-01 Validation accuracy: 4.28333e-01 Loss 1.26020e-02 Time taken: 1 seconds
Epoch: 92/200 Train accuracy: 4.33376e-01 Validation accuracy: 4.43667e-01 Loss 1.25957e-02 Time taken: 1 seconds
Epoch: 93/200 Train accuracy: 4.31951e-01 Validation accuracy: 4.42667e-01 Loss 1.26123e-02 Time taken: 1 seconds
Epoch: 94/200 Train accuracy: 4.31808e-01 Validation accuracy: 4.44667e-01 Loss 1.26015e-02 Time taken: 1 seconds
Epoch: 95/200 Train accuracy: 4.35656e-01 Validation accuracy: 4.49333e-01 Loss 1.25883e-02 Time taken: 1 seconds
Epoch: 96/200 Train accuracy: 4.37936e-01 Validation accuracy: 4.45333e-01 Loss 1.25882e-02 Time taken: 1 seconds
Epoch: 97/200 Train accuracy: 4.38008e-01 Validation accuracy: 4.46000e-01 Loss 1.25772e-02 Time taken: 1 seconds
Epoch: 98/200 Train accuracy: 4.38293e-01 Validation accuracy: 4.29333e-01 Loss 1.25752e-02 Time taken: 1 seconds
Epoch: 99/200 Train accuracy: 4.35157e-01 Validation accuracy: 4.48000e-01 Loss 1.25858e-02 Time taken: 1 seconds
Epoch: 100/200 Train accuracy: 4.35656e-01 Validation accuracy: 4.22667e-01 Loss 1.25869e-02 Time taken: 1 seconds
Epoch: 101/200 Train accuracy: 4.41499e-01 Validation accuracy: 4.47333e-01 Loss 1.25710e-02 Time taken: 1 seconds
Epoch: 102/200 Train accuracy: 4.39932e-01 Validation accuracy: 4.41333e-01 Loss 1.25704e-02 Time taken: 1 seconds
Epoch: 103/200 Train accuracy: 4.36226e-01 Validation accuracy: 4.46000e-01 Loss 1.25920e-02 Time taken: 1 seconds
Epoch: 104/200 Train accuracy: 4.36725e-01 Validation accuracy: 4.41333e-01 Loss 1.25819e-02 Time taken: 1 seconds
Epoch: 105/200 Train accuracy: 4.35514e-01 Validation accuracy: 4.26333e-01 Loss 1.25837e-02 Time taken: 1 seconds
Epoch: 106/200 Train accuracy: 4.38435e-01 Validation accuracy: 4.48667e-01 Loss 1.25716e-02 Time taken: 1 seconds
Epoch: 107/200 Train accuracy: 4.41143e-01 Validation accuracy: 4.44333e-01 Loss 1.25609e-02 Time taken: 1 seconds
Epoch: 108/200 Train accuracy: 4.41072e-01 Validation accuracy: 4.42000e-01 Loss 1.25620e-02 Time taken: 1 seconds
Epoch: 109/200 Train accuracy: 4.37936e-01 Validation accuracy: 4.41333e-01 Loss 1.25640e-02 Time taken: 1 seconds
Epoch: 110/200 Train accuracy: 4.38150e-01 Validation accuracy: 4.16000e-01 Loss 1.25640e-02 Time taken: 1 seconds
Epoch: 111/200 Train accuracy: 4.37651e-01 Validation accuracy: 4.30333e-01 Loss 1.25756e-02 Time taken: 1 seconds
Epoch: 112/200 Train accuracy: 4.36013e-01 Validation accuracy: 4.34667e-01 Loss 1.25716e-02 Time taken: 1 seconds
Epoch: 113/200 Train accuracy: 4.38578e-01 Validation accuracy: 4.53333e-01 Loss 1.25595e-02 Time taken: 1 seconds
Epoch: 114/200 Train accuracy: 4.39077e-01 Validation accuracy: 4.38667e-01 Loss 1.25727e-02 Time taken: 1 seconds
Epoch: 115/200 Train accuracy: 4.38221e-01 Validation accuracy: 4.39667e-01 Loss 1.25691e-02 Time taken: 1 seconds
Epoch: 116/200 Train accuracy: 4.41570e-01 Validation accuracy: 4.45000e-01 Loss 1.25539e-02 Time taken: 1 seconds
Epoch: 117/200 Train accuracy: 4.42354e-01 Validation accuracy: 4.48667e-01 Loss 1.25496e-02 Time taken: 1 seconds
Epoch: 118/200 Train accuracy: 4.40787e-01 Validation accuracy: 4.30333e-01 Loss 1.25597e-02 Time taken: 1 seconds
Epoch: 119/200 Train accuracy: 4.40074e-01 Validation accuracy: 4.52333e-01 Loss 1.25564e-02 Time taken: 1 seconds
Epoch: 120/200 Train accuracy: 4.36369e-01 Validation accuracy: 4.37667e-01 Loss 1.25624e-02 Time taken: 1 seconds
Epoch: 121/200 Train accuracy: 4.39718e-01 Validation accuracy: 4.35667e-01 Loss 1.25566e-02 Time taken: 1 seconds
Epoch: 122/200 Train accuracy: 4.42639e-01 Validation accuracy: 4.46000e-01 Loss 1.25489e-02 Time taken: 1 seconds
Epoch: 123/200 Train accuracy: 4.41570e-01 Validation accuracy: 4.51333e-01 Loss 1.25532e-02 Time taken: 1 seconds
Epoch: 124/200 Train accuracy: 4.42283e-01 Validation accuracy: 4.51333e-01 Loss 1.25417e-02 Time taken: 1 seconds
Epoch: 125/200 Train accuracy: 4.42924e-01 Validation accuracy: 4.25667e-01 Loss 1.25428e-02 Time taken: 1 seconds
Epoch: 126/200 Train accuracy: 4.41998e-01 Validation accuracy: 4.52333e-01 Loss 1.25419e-02 Time taken: 1 seconds
Epoch: 127/200 Train accuracy: 4.41428e-01 Validation accuracy: 4.44667e-01 Loss 1.25494e-02 Time taken: 1 seconds
Epoch: 128/200 Train accuracy: 4.44919e-01 Validation accuracy: 4.37000e-01 Loss 1.25301e-02 Time taken: 1 seconds
Epoch: 129/200 Train accuracy: 4.39504e-01 Validation accuracy: 4.45333e-01 Loss 1.25462e-02 Time taken: 1 seconds
Epoch: 130/200 Train accuracy: 4.43708e-01 Validation accuracy: 4.48000e-01 Loss 1.25350e-02 Time taken: 1 seconds
Epoch: 131/200 Train accuracy: 4.42996e-01 Validation accuracy: 4.35667e-01 Loss 1.25387e-02 Time taken: 1 seconds
Epoch: 132/200 Train accuracy: 4.47128e-01 Validation accuracy: 4.54333e-01 Loss 1.25329e-02 Time taken: 1 seconds
Epoch: 133/200 Train accuracy: 4.42212e-01 Validation accuracy: 4.42667e-01 Loss 1.25404e-02 Time taken: 1 seconds
Epoch: 134/200 Train accuracy: 4.42283e-01 Validation accuracy: 4.43000e-01 Loss 1.25327e-02 Time taken: 1 seconds
Epoch: 135/200 Train accuracy: 4.44848e-01 Validation accuracy: 4.25667e-01 Loss 1.25288e-02 Time taken: 1 seconds
Epoch: 136/200 Train accuracy: 4.43708e-01 Validation accuracy: 4.35667e-01 Loss 1.25328e-02 Time taken: 1 seconds
Epoch: 137/200 Train accuracy: 4.45988e-01 Validation accuracy: 4.34000e-01 Loss 1.25274e-02 Time taken: 1 seconds
Epoch: 138/200 Train accuracy: 4.44777e-01 Validation accuracy: 4.38667e-01 Loss 1.25306e-02 Time taken: 1 seconds
Epoch: 139/200 Train accuracy: 4.42497e-01 Validation accuracy: 4.53667e-01 Loss 1.25320e-02 Time taken: 1 seconds
Epoch: 140/200 Train accuracy: 4.45276e-01 Validation accuracy: 4.42000e-01 Loss 1.25204e-02 Time taken: 1 seconds
Epoch: 141/200 Train accuracy: 4.44492e-01 Validation accuracy: 4.43333e-01 Loss 1.25253e-02 Time taken: 1 seconds
Epoch: 142/200 Train accuracy: 4.46060e-01 Validation accuracy: 4.40667e-01 Loss 1.25123e-02 Time taken: 1 seconds
Epoch: 143/200 Train accuracy: 4.43423e-01 Validation accuracy: 4.39000e-01 Loss 1.25256e-02 Time taken: 1 seconds
Epoch: 144/200 Train accuracy: 4.46345e-01 Validation accuracy: 4.41667e-01 Loss 1.25202e-02 Time taken: 1 seconds
Epoch: 145/200 Train accuracy: 4.43851e-01 Validation accuracy: 4.56333e-01 Loss 1.25213e-02 Time taken: 1 seconds
Epoch: 146/200 Train accuracy: 4.41428e-01 Validation accuracy: 4.56000e-01 Loss 1.25522e-02 Time taken: 1 seconds
Epoch: 147/200 Train accuracy: 4.40288e-01 Validation accuracy: 4.38333e-01 Loss 1.25445e-02 Time taken: 1 seconds
Epoch: 148/200 Train accuracy: 4.45490e-01 Validation accuracy: 4.44333e-01 Loss 1.25216e-02 Time taken: 1 seconds
Epoch: 149/200 Train accuracy: 4.45347e-01 Validation accuracy: 4.49333e-01 Loss 1.25139e-02 Time taken: 1 seconds
Epoch: 150/200 Train accuracy: 4.46487e-01 Validation accuracy: 4.53667e-01 Loss 1.25102e-02 Time taken: 1 seconds
Epoch: 151/200 Train accuracy: 4.43067e-01 Validation accuracy: 4.41667e-01 Loss 1.25300e-02 Time taken: 1 seconds
Epoch: 152/200 Train accuracy: 4.47128e-01 Validation accuracy: 4.40000e-01 Loss 1.25078e-02 Time taken: 1 seconds
Epoch: 153/200 Train accuracy: 4.46273e-01 Validation accuracy: 4.45333e-01 Loss 1.25210e-02 Time taken: 1 seconds
Epoch: 154/200 Train accuracy: 4.44421e-01 Validation accuracy: 4.54000e-01 Loss 1.25182e-02 Time taken: 1 seconds
Epoch: 155/200 Train accuracy: 4.45775e-01 Validation accuracy: 4.47333e-01 Loss 1.25188e-02 Time taken: 1 seconds
Epoch: 156/200 Train accuracy: 4.39860e-01 Validation accuracy: 4.47000e-01 Loss 1.25483e-02 Time taken: 1 seconds
Epoch: 157/200 Train accuracy: 4.46131e-01 Validation accuracy: 4.51667e-01 Loss 1.25089e-02 Time taken: 1 seconds
Epoch: 158/200 Train accuracy: 4.46345e-01 Validation accuracy: 4.56333e-01 Loss 1.25147e-02 Time taken: 1 seconds
Epoch: 159/200 Train accuracy: 4.48910e-01 Validation accuracy: 4.50667e-01 Loss 1.24993e-02 Time taken: 1 seconds
Epoch: 160/200 Train accuracy: 4.45917e-01 Validation accuracy: 4.49667e-01 Loss 1.25121e-02 Time taken: 1 seconds
Epoch: 161/200 Train accuracy: 4.48482e-01 Validation accuracy: 4.45667e-01 Loss 1.25026e-02 Time taken: 1 seconds
Epoch: 162/200 Train accuracy: 4.47770e-01 Validation accuracy: 4.48333e-01 Loss 1.24998e-02 Time taken: 1 seconds
Epoch: 163/200 Train accuracy: 4.44848e-01 Validation accuracy: 4.40333e-01 Loss 1.25299e-02 Time taken: 1 seconds
Epoch: 164/200 Train accuracy: 4.46345e-01 Validation accuracy: 4.52333e-01 Loss 1.25044e-02 Time taken: 1 seconds
Epoch: 165/200 Train accuracy: 4.47200e-01 Validation accuracy: 4.52000e-01 Loss 1.25032e-02 Time taken: 1 seconds
Epoch: 166/200 Train accuracy: 4.46060e-01 Validation accuracy: 4.54000e-01 Loss 1.24942e-02 Time taken: 1 seconds
Epoch: 167/200 Train accuracy: 4.48981e-01 Validation accuracy: 4.47000e-01 Loss 1.24990e-02 Time taken: 1 seconds
Epoch: 168/200 Train accuracy: 4.42497e-01 Validation accuracy: 4.50000e-01 Loss 1.25200e-02 Time taken: 1 seconds
Epoch: 169/200 Train accuracy: 4.47627e-01 Validation accuracy: 4.49333e-01 Loss 1.24938e-02 Time taken: 1 seconds
Epoch: 170/200 Train accuracy: 4.49337e-01 Validation accuracy: 4.40333e-01 Loss 1.24892e-02 Time taken: 1 seconds
Epoch: 171/200 Train accuracy: 4.46487e-01 Validation accuracy: 4.54333e-01 Loss 1.25026e-02 Time taken: 1 seconds
Epoch: 172/200 Train accuracy: 4.49124e-01 Validation accuracy: 4.46333e-01 Loss 1.24982e-02 Time taken: 1 seconds
Epoch: 173/200 Train accuracy: 4.46416e-01 Validation accuracy: 4.53000e-01 Loss 1.24991e-02 Time taken: 1 seconds
Epoch: 174/200 Train accuracy: 4.49622e-01 Validation accuracy: 4.46000e-01 Loss 1.24990e-02 Time taken: 1 seconds
Epoch: 175/200 Train accuracy: 4.46986e-01 Validation accuracy: 4.49667e-01 Loss 1.25017e-02 Time taken: 1 seconds
Epoch: 176/200 Train accuracy: 4.44064e-01 Validation accuracy: 4.53333e-01 Loss 1.25069e-02 Time taken: 1 seconds
Epoch: 177/200 Train accuracy: 4.51190e-01 Validation accuracy: 4.57667e-01 Loss 1.24848e-02 Time taken: 1 seconds
Epoch: 178/200 Train accuracy: 4.45703e-01 Validation accuracy: 4.59333e-01 Loss 1.25053e-02 Time taken: 1 seconds
Epoch: 179/200 Train accuracy: 4.49694e-01 Validation accuracy: 4.55000e-01 Loss 1.24903e-02 Time taken: 1 seconds
Epoch: 180/200 Train accuracy: 4.50976e-01 Validation accuracy: 4.54000e-01 Loss 1.24870e-02 Time taken: 1 seconds
Epoch: 181/200 Train accuracy: 4.49551e-01 Validation accuracy: 4.58000e-01 Loss 1.24961e-02 Time taken: 1 seconds
Epoch: 182/200 Train accuracy: 4.48554e-01 Validation accuracy: 4.55000e-01 Loss 1.24918e-02 Time taken: 1 seconds
Epoch: 183/200 Train accuracy: 4.45490e-01 Validation accuracy: 4.49000e-01 Loss 1.25051e-02 Time taken: 1 seconds
Epoch: 184/200 Train accuracy: 4.47627e-01 Validation accuracy: 4.49000e-01 Loss 1.24958e-02 Time taken: 1 seconds
Epoch: 185/200 Train accuracy: 4.48411e-01 Validation accuracy: 4.59667e-01 Loss 1.24898e-02 Time taken: 1 seconds
Epoch: 186/200 Train accuracy: 4.50264e-01 Validation accuracy: 4.48333e-01 Loss 1.24753e-02 Time taken: 1 seconds
Epoch: 187/200 Train accuracy: 4.48268e-01 Validation accuracy: 4.46667e-01 Loss 1.24962e-02 Time taken: 1 seconds
Epoch: 188/200 Train accuracy: 4.48554e-01 Validation accuracy: 4.47667e-01 Loss 1.24827e-02 Time taken: 1 seconds
Epoch: 189/200 Train accuracy: 4.52259e-01 Validation accuracy: 4.52000e-01 Loss 1.24827e-02 Time taken: 1 seconds
Epoch: 190/200 Train accuracy: 4.48055e-01 Validation accuracy: 4.58667e-01 Loss 1.24926e-02 Time taken: 1 seconds
Epoch: 191/200 Train accuracy: 4.50477e-01 Validation accuracy: 4.48000e-01 Loss 1.24815e-02 Time taken: 1 seconds
Epoch: 192/200 Train accuracy: 4.50976e-01 Validation accuracy: 4.59667e-01 Loss 1.24751e-02 Time taken: 1 seconds
Epoch: 193/200 Train accuracy: 4.51119e-01 Validation accuracy: 4.52667e-01 Loss 1.24759e-02 Time taken: 1 seconds
Epoch: 194/200 Train accuracy: 4.51546e-01 Validation accuracy: 4.49000e-01 Loss 1.24835e-02 Time taken: 1 seconds
Epoch: 195/200 Train accuracy: 4.50976e-01 Validation accuracy: 4.53667e-01 Loss 1.24755e-02 Time taken: 1 seconds
Epoch: 196/200 Train accuracy: 4.52045e-01 Validation accuracy: 4.47667e-01 Loss 1.24681e-02 Time taken: 1 seconds
Epoch: 197/200 Train accuracy: 4.51404e-01 Validation accuracy: 4.62667e-01 Loss 1.24764e-02 Time taken: 1 seconds
Epoch: 198/200 Train accuracy: 4.50762e-01 Validation accuracy: 4.60667e-01 Loss 1.24761e-02 Time taken: 1 seconds
Epoch: 199/200 Train accuracy: 4.52401e-01 Validation accuracy: 4.44333e-01 Loss 1.24678e-02 Time taken: 1 seconds
Epoch: 200/200 Train accuracy: 4.48482e-01 Validation accuracy: 4.58333e-01 Loss 1.24855e-02 Time taken: 1 seconds
Total time taken 0:05:08.287194
Cleaning up intermediate feature (.pt) files
Done


working on file logs_PKT/iic-train-PKT-seed-5/jepa_iic_PKT_seed-5-ep300.pth.tar ...
