Directory classifiers/jepa-iic-PKT-seed-5-classifier-pretrained-vitb-ep300 is now present
VisionTransformer(
  (patch_embed): PatchEmbed(
    (proj): Conv2d(3, 768, kernel_size=(15, 15), stride=(15, 15))
  )
  (blocks): ModuleList(
    (0-11): 12 x Block(
      (norm1): LayerNorm((768,), eps=1e-06, elementwise_affine=True)
      (attn): Attention(
        (qkv): Linear(in_features=768, out_features=2304, bias=True)
        (attn_drop): Dropout(p=0.0, inplace=False)
        (proj): Linear(in_features=768, out_features=768, bias=True)
        (proj_drop): Dropout(p=0.0, inplace=False)
      )
      (drop_path): Identity()
      (norm2): LayerNorm((768,), eps=1e-06, elementwise_affine=True)
      (mlp): MLP(
        (fc1): Linear(in_features=768, out_features=3072, bias=True)
        (act): GELU(approximate='none')
        (fc2): Linear(in_features=3072, out_features=768, bias=True)
        (drop): Dropout(p=0.0, inplace=False)
      )
    )
  )
  (norm): LayerNorm((768,), eps=1e-06, elementwise_affine=True)
)
Extracting features and saving them locally..
Epoch: 1/200 Train accuracy: 2.86305e-01 Validation accuracy: 3.12000e-01 Loss 1.36916e-02 Time taken: 1 seconds
Epoch: 2/200 Train accuracy: 3.39105e-01 Validation accuracy: 3.14333e-01 Loss 1.33000e-02 Time taken: 1 seconds
Epoch: 3/200 Train accuracy: 3.46373e-01 Validation accuracy: 3.52333e-01 Loss 1.32122e-02 Time taken: 1 seconds
Epoch: 4/200 Train accuracy: 3.63332e-01 Validation accuracy: 3.55000e-01 Loss 1.31326e-02 Time taken: 1 seconds
Epoch: 5/200 Train accuracy: 3.63261e-01 Validation accuracy: 3.50000e-01 Loss 1.31038e-02 Time taken: 1 seconds
Epoch: 6/200 Train accuracy: 3.69460e-01 Validation accuracy: 3.64000e-01 Loss 1.30432e-02 Time taken: 1 seconds
Epoch: 7/200 Train accuracy: 3.71883e-01 Validation accuracy: 3.96667e-01 Loss 1.30208e-02 Time taken: 1 seconds
Epoch: 8/200 Train accuracy: 3.79649e-01 Validation accuracy: 3.93667e-01 Loss 1.29716e-02 Time taken: 1 seconds
Epoch: 9/200 Train accuracy: 3.87559e-01 Validation accuracy: 4.09667e-01 Loss 1.29390e-02 Time taken: 1 seconds
Epoch: 10/200 Train accuracy: 3.89696e-01 Validation accuracy: 3.97667e-01 Loss 1.29248e-02 Time taken: 1 seconds
Epoch: 11/200 Train accuracy: 3.91407e-01 Validation accuracy: 3.81000e-01 Loss 1.29142e-02 Time taken: 1 seconds
Epoch: 12/200 Train accuracy: 3.92974e-01 Validation accuracy: 4.13667e-01 Loss 1.28866e-02 Time taken: 1 seconds
Epoch: 13/200 Train accuracy: 3.97178e-01 Validation accuracy: 4.12667e-01 Loss 1.28728e-02 Time taken: 1 seconds
Epoch: 14/200 Train accuracy: 3.97250e-01 Validation accuracy: 3.91000e-01 Loss 1.28560e-02 Time taken: 1 seconds
Epoch: 15/200 Train accuracy: 3.96323e-01 Validation accuracy: 4.02333e-01 Loss 1.28543e-02 Time taken: 1 seconds
Epoch: 16/200 Train accuracy: 3.97748e-01 Validation accuracy: 4.11667e-01 Loss 1.28440e-02 Time taken: 1 seconds
Epoch: 17/200 Train accuracy: 4.07154e-01 Validation accuracy: 3.82667e-01 Loss 1.28137e-02 Time taken: 1 seconds
Epoch: 18/200 Train accuracy: 3.98746e-01 Validation accuracy: 4.13333e-01 Loss 1.28357e-02 Time taken: 1 seconds
Epoch: 19/200 Train accuracy: 4.07154e-01 Validation accuracy: 4.23000e-01 Loss 1.28027e-02 Time taken: 1 seconds
Epoch: 20/200 Train accuracy: 4.06869e-01 Validation accuracy: 4.24667e-01 Loss 1.27969e-02 Time taken: 1 seconds
Epoch: 21/200 Train accuracy: 4.08437e-01 Validation accuracy: 4.09667e-01 Loss 1.27921e-02 Time taken: 1 seconds
Epoch: 22/200 Train accuracy: 4.08793e-01 Validation accuracy: 4.15667e-01 Loss 1.27820e-02 Time taken: 1 seconds
Epoch: 23/200 Train accuracy: 4.07938e-01 Validation accuracy: 4.18000e-01 Loss 1.27880e-02 Time taken: 1 seconds
Epoch: 24/200 Train accuracy: 4.12213e-01 Validation accuracy: 4.17000e-01 Loss 1.27596e-02 Time taken: 1 seconds
Epoch: 25/200 Train accuracy: 4.08935e-01 Validation accuracy: 4.17333e-01 Loss 1.27696e-02 Time taken: 1 seconds
Epoch: 26/200 Train accuracy: 4.19481e-01 Validation accuracy: 4.11333e-01 Loss 1.27276e-02 Time taken: 1 seconds
Epoch: 27/200 Train accuracy: 4.15633e-01 Validation accuracy: 4.08333e-01 Loss 1.27317e-02 Time taken: 1 seconds
Epoch: 28/200 Train accuracy: 4.19481e-01 Validation accuracy: 4.18333e-01 Loss 1.27204e-02 Time taken: 1 seconds
Epoch: 29/200 Train accuracy: 4.17272e-01 Validation accuracy: 4.26333e-01 Loss 1.27293e-02 Time taken: 1 seconds
Epoch: 30/200 Train accuracy: 4.16845e-01 Validation accuracy: 4.00667e-01 Loss 1.27159e-02 Time taken: 1 seconds
Epoch: 31/200 Train accuracy: 4.17842e-01 Validation accuracy: 4.29333e-01 Loss 1.27108e-02 Time taken: 1 seconds
Epoch: 32/200 Train accuracy: 4.23899e-01 Validation accuracy: 4.32333e-01 Loss 1.26893e-02 Time taken: 1 seconds
Epoch: 33/200 Train accuracy: 4.28174e-01 Validation accuracy: 4.27333e-01 Loss 1.26827e-02 Time taken: 1 seconds
Epoch: 34/200 Train accuracy: 4.21904e-01 Validation accuracy: 4.31000e-01 Loss 1.26861e-02 Time taken: 1 seconds
Epoch: 35/200 Train accuracy: 4.26393e-01 Validation accuracy: 4.19333e-01 Loss 1.26786e-02 Time taken: 1 seconds
Epoch: 36/200 Train accuracy: 4.25680e-01 Validation accuracy: 4.31000e-01 Loss 1.26768e-02 Time taken: 1 seconds
Epoch: 37/200 Train accuracy: 4.25324e-01 Validation accuracy: 4.19333e-01 Loss 1.26722e-02 Time taken: 1 seconds
Epoch: 38/200 Train accuracy: 4.26892e-01 Validation accuracy: 4.35000e-01 Loss 1.26651e-02 Time taken: 1 seconds
Epoch: 39/200 Train accuracy: 4.22617e-01 Validation accuracy: 4.31000e-01 Loss 1.26765e-02 Time taken: 1 seconds
Epoch: 40/200 Train accuracy: 4.29671e-01 Validation accuracy: 4.23333e-01 Loss 1.26476e-02 Time taken: 1 seconds
Epoch: 41/200 Train accuracy: 4.29956e-01 Validation accuracy: 4.28333e-01 Loss 1.26534e-02 Time taken: 1 seconds
Epoch: 42/200 Train accuracy: 4.32735e-01 Validation accuracy: 4.24333e-01 Loss 1.26338e-02 Time taken: 1 seconds
Epoch: 43/200 Train accuracy: 4.30098e-01 Validation accuracy: 4.39333e-01 Loss 1.26419e-02 Time taken: 1 seconds
Epoch: 44/200 Train accuracy: 4.37438e-01 Validation accuracy: 4.36000e-01 Loss 1.26158e-02 Time taken: 1 seconds
Epoch: 45/200 Train accuracy: 4.32806e-01 Validation accuracy: 4.31000e-01 Loss 1.26207e-02 Time taken: 1 seconds
Epoch: 46/200 Train accuracy: 4.34089e-01 Validation accuracy: 4.36667e-01 Loss 1.26214e-02 Time taken: 1 seconds
Epoch: 47/200 Train accuracy: 4.36155e-01 Validation accuracy: 4.26667e-01 Loss 1.26111e-02 Time taken: 1 seconds
Epoch: 48/200 Train accuracy: 4.36654e-01 Validation accuracy: 4.40333e-01 Loss 1.26018e-02 Time taken: 1 seconds
Epoch: 49/200 Train accuracy: 4.40502e-01 Validation accuracy: 4.28667e-01 Loss 1.25924e-02 Time taken: 1 seconds
Epoch: 50/200 Train accuracy: 4.39789e-01 Validation accuracy: 4.38667e-01 Loss 1.25908e-02 Time taken: 1 seconds
Epoch: 51/200 Train accuracy: 4.38435e-01 Validation accuracy: 4.31333e-01 Loss 1.25932e-02 Time taken: 1 seconds
Epoch: 52/200 Train accuracy: 4.39148e-01 Validation accuracy: 4.31333e-01 Loss 1.25860e-02 Time taken: 1 seconds
Epoch: 53/200 Train accuracy: 4.36939e-01 Validation accuracy: 4.33333e-01 Loss 1.25919e-02 Time taken: 1 seconds
Epoch: 54/200 Train accuracy: 4.39932e-01 Validation accuracy: 4.37333e-01 Loss 1.25817e-02 Time taken: 1 seconds
Epoch: 55/200 Train accuracy: 4.42497e-01 Validation accuracy: 4.26667e-01 Loss 1.25751e-02 Time taken: 1 seconds
Epoch: 56/200 Train accuracy: 4.44706e-01 Validation accuracy: 4.40333e-01 Loss 1.25619e-02 Time taken: 1 seconds
Epoch: 57/200 Train accuracy: 4.41784e-01 Validation accuracy: 4.28333e-01 Loss 1.25699e-02 Time taken: 1 seconds
Epoch: 58/200 Train accuracy: 4.40359e-01 Validation accuracy: 4.40667e-01 Loss 1.25664e-02 Time taken: 1 seconds
Epoch: 59/200 Train accuracy: 4.42568e-01 Validation accuracy: 4.41000e-01 Loss 1.25642e-02 Time taken: 1 seconds
Epoch: 60/200 Train accuracy: 4.43494e-01 Validation accuracy: 4.30000e-01 Loss 1.25551e-02 Time taken: 1 seconds
Epoch: 61/200 Train accuracy: 4.45846e-01 Validation accuracy: 4.35667e-01 Loss 1.25586e-02 Time taken: 1 seconds
Epoch: 62/200 Train accuracy: 4.41927e-01 Validation accuracy: 4.35667e-01 Loss 1.25597e-02 Time taken: 1 seconds
Epoch: 63/200 Train accuracy: 4.44706e-01 Validation accuracy: 4.38667e-01 Loss 1.25572e-02 Time taken: 1 seconds
Epoch: 64/200 Train accuracy: 4.48910e-01 Validation accuracy: 4.45667e-01 Loss 1.25344e-02 Time taken: 1 seconds
Epoch: 65/200 Train accuracy: 4.48340e-01 Validation accuracy: 4.51000e-01 Loss 1.25288e-02 Time taken: 1 seconds
Epoch: 66/200 Train accuracy: 4.45276e-01 Validation accuracy: 4.50333e-01 Loss 1.25405e-02 Time taken: 1 seconds
Epoch: 67/200 Train accuracy: 4.50905e-01 Validation accuracy: 4.47333e-01 Loss 1.25241e-02 Time taken: 1 seconds
Epoch: 68/200 Train accuracy: 4.52330e-01 Validation accuracy: 4.45000e-01 Loss 1.25155e-02 Time taken: 1 seconds
Epoch: 69/200 Train accuracy: 4.42212e-01 Validation accuracy: 4.50333e-01 Loss 1.25474e-02 Time taken: 1 seconds
Epoch: 70/200 Train accuracy: 4.50335e-01 Validation accuracy: 4.35667e-01 Loss 1.25176e-02 Time taken: 1 seconds
Epoch: 71/200 Train accuracy: 4.48696e-01 Validation accuracy: 4.53333e-01 Loss 1.25204e-02 Time taken: 1 seconds
Epoch: 72/200 Train accuracy: 4.52900e-01 Validation accuracy: 4.55333e-01 Loss 1.25048e-02 Time taken: 1 seconds
Epoch: 73/200 Train accuracy: 4.46487e-01 Validation accuracy: 4.28000e-01 Loss 1.25196e-02 Time taken: 1 seconds
Epoch: 74/200 Train accuracy: 4.51546e-01 Validation accuracy: 4.42667e-01 Loss 1.25118e-02 Time taken: 1 seconds
Epoch: 75/200 Train accuracy: 4.51831e-01 Validation accuracy: 4.46667e-01 Loss 1.24971e-02 Time taken: 1 seconds
Epoch: 76/200 Train accuracy: 4.50691e-01 Validation accuracy: 4.45000e-01 Loss 1.25081e-02 Time taken: 1 seconds
Epoch: 77/200 Train accuracy: 4.55038e-01 Validation accuracy: 4.47000e-01 Loss 1.24879e-02 Time taken: 1 seconds
Epoch: 78/200 Train accuracy: 4.51332e-01 Validation accuracy: 4.54000e-01 Loss 1.25044e-02 Time taken: 1 seconds
Epoch: 79/200 Train accuracy: 4.51332e-01 Validation accuracy: 4.51000e-01 Loss 1.24979e-02 Time taken: 1 seconds
Epoch: 80/200 Train accuracy: 4.53328e-01 Validation accuracy: 4.42333e-01 Loss 1.24966e-02 Time taken: 1 seconds
Epoch: 81/200 Train accuracy: 4.52971e-01 Validation accuracy: 4.48000e-01 Loss 1.24893e-02 Time taken: 1 seconds
Epoch: 82/200 Train accuracy: 4.55394e-01 Validation accuracy: 4.50000e-01 Loss 1.24871e-02 Time taken: 1 seconds
Epoch: 83/200 Train accuracy: 4.55180e-01 Validation accuracy: 4.42000e-01 Loss 1.24835e-02 Time taken: 1 seconds
Epoch: 84/200 Train accuracy: 4.60168e-01 Validation accuracy: 4.53667e-01 Loss 1.24729e-02 Time taken: 1 seconds
Epoch: 85/200 Train accuracy: 4.53043e-01 Validation accuracy: 4.48000e-01 Loss 1.24884e-02 Time taken: 1 seconds
Epoch: 86/200 Train accuracy: 4.57745e-01 Validation accuracy: 4.37333e-01 Loss 1.24709e-02 Time taken: 1 seconds
Epoch: 87/200 Train accuracy: 4.55465e-01 Validation accuracy: 4.41333e-01 Loss 1.24775e-02 Time taken: 1 seconds
Epoch: 88/200 Train accuracy: 4.57817e-01 Validation accuracy: 4.48000e-01 Loss 1.24643e-02 Time taken: 1 seconds
Epoch: 89/200 Train accuracy: 4.57888e-01 Validation accuracy: 4.52667e-01 Loss 1.24685e-02 Time taken: 1 seconds
Epoch: 90/200 Train accuracy: 4.56392e-01 Validation accuracy: 4.50667e-01 Loss 1.24689e-02 Time taken: 1 seconds
Epoch: 91/200 Train accuracy: 4.58244e-01 Validation accuracy: 4.39333e-01 Loss 1.24557e-02 Time taken: 1 seconds
Epoch: 92/200 Train accuracy: 4.59669e-01 Validation accuracy: 4.44333e-01 Loss 1.24477e-02 Time taken: 1 seconds
Epoch: 93/200 Train accuracy: 4.51119e-01 Validation accuracy: 4.46333e-01 Loss 1.24819e-02 Time taken: 1 seconds
Epoch: 94/200 Train accuracy: 4.60524e-01 Validation accuracy: 4.52333e-01 Loss 1.24555e-02 Time taken: 1 seconds
Epoch: 95/200 Train accuracy: 4.53898e-01 Validation accuracy: 4.44667e-01 Loss 1.24667e-02 Time taken: 1 seconds
Epoch: 96/200 Train accuracy: 4.63517e-01 Validation accuracy: 4.59667e-01 Loss 1.24391e-02 Time taken: 1 seconds
Epoch: 97/200 Train accuracy: 4.57389e-01 Validation accuracy: 4.54333e-01 Loss 1.24570e-02 Time taken: 1 seconds
Epoch: 98/200 Train accuracy: 4.61380e-01 Validation accuracy: 4.46333e-01 Loss 1.24432e-02 Time taken: 1 seconds
Epoch: 99/200 Train accuracy: 4.60097e-01 Validation accuracy: 4.53667e-01 Loss 1.24387e-02 Time taken: 1 seconds
Epoch: 100/200 Train accuracy: 4.59384e-01 Validation accuracy: 4.53333e-01 Loss 1.24468e-02 Time taken: 1 seconds
Epoch: 101/200 Train accuracy: 4.56677e-01 Validation accuracy: 4.48333e-01 Loss 1.24539e-02 Time taken: 1 seconds
Epoch: 102/200 Train accuracy: 4.61094e-01 Validation accuracy: 4.37667e-01 Loss 1.24460e-02 Time taken: 1 seconds
Epoch: 103/200 Train accuracy: 4.62591e-01 Validation accuracy: 4.54333e-01 Loss 1.24314e-02 Time taken: 1 seconds
Epoch: 104/200 Train accuracy: 4.61807e-01 Validation accuracy: 4.49667e-01 Loss 1.24286e-02 Time taken: 1 seconds
Epoch: 105/200 Train accuracy: 4.60239e-01 Validation accuracy: 4.55667e-01 Loss 1.24396e-02 Time taken: 1 seconds
Epoch: 106/200 Train accuracy: 4.60952e-01 Validation accuracy: 4.58333e-01 Loss 1.24412e-02 Time taken: 1 seconds
Epoch: 107/200 Train accuracy: 4.60738e-01 Validation accuracy: 4.54333e-01 Loss 1.24302e-02 Time taken: 1 seconds
Epoch: 108/200 Train accuracy: 4.60168e-01 Validation accuracy: 4.58000e-01 Loss 1.24396e-02 Time taken: 1 seconds
Epoch: 109/200 Train accuracy: 4.61736e-01 Validation accuracy: 4.51667e-01 Loss 1.24264e-02 Time taken: 1 seconds
Epoch: 110/200 Train accuracy: 4.63660e-01 Validation accuracy: 4.57667e-01 Loss 1.24262e-02 Time taken: 1 seconds
Epoch: 111/200 Train accuracy: 4.62733e-01 Validation accuracy: 4.48000e-01 Loss 1.24260e-02 Time taken: 1 seconds
Epoch: 112/200 Train accuracy: 4.63375e-01 Validation accuracy: 4.42000e-01 Loss 1.24274e-02 Time taken: 1 seconds
Epoch: 113/200 Train accuracy: 4.61166e-01 Validation accuracy: 4.57333e-01 Loss 1.24310e-02 Time taken: 1 seconds
Epoch: 114/200 Train accuracy: 4.60738e-01 Validation accuracy: 4.52667e-01 Loss 1.24314e-02 Time taken: 1 seconds
Epoch: 115/200 Train accuracy: 4.60952e-01 Validation accuracy: 4.56000e-01 Loss 1.24150e-02 Time taken: 1 seconds
Epoch: 116/200 Train accuracy: 4.58601e-01 Validation accuracy: 4.58000e-01 Loss 1.24335e-02 Time taken: 1 seconds
Epoch: 117/200 Train accuracy: 4.64657e-01 Validation accuracy: 4.43333e-01 Loss 1.24127e-02 Time taken: 1 seconds
Epoch: 118/200 Train accuracy: 4.62235e-01 Validation accuracy: 4.49000e-01 Loss 1.24166e-02 Time taken: 1 seconds
Epoch: 119/200 Train accuracy: 4.63161e-01 Validation accuracy: 4.62667e-01 Loss 1.24156e-02 Time taken: 1 seconds
Epoch: 120/200 Train accuracy: 4.60026e-01 Validation accuracy: 4.56333e-01 Loss 1.24203e-02 Time taken: 1 seconds
Epoch: 121/200 Train accuracy: 4.64515e-01 Validation accuracy: 4.57333e-01 Loss 1.24064e-02 Time taken: 1 seconds
Epoch: 122/200 Train accuracy: 4.64372e-01 Validation accuracy: 4.45667e-01 Loss 1.24054e-02 Time taken: 1 seconds
Epoch: 123/200 Train accuracy: 4.66367e-01 Validation accuracy: 4.60000e-01 Loss 1.23984e-02 Time taken: 1 seconds
Epoch: 124/200 Train accuracy: 4.65227e-01 Validation accuracy: 4.26000e-01 Loss 1.24094e-02 Time taken: 1 seconds
Epoch: 125/200 Train accuracy: 4.59598e-01 Validation accuracy: 4.45000e-01 Loss 1.24235e-02 Time taken: 1 seconds
Epoch: 126/200 Train accuracy: 4.63232e-01 Validation accuracy: 4.45667e-01 Loss 1.24119e-02 Time taken: 1 seconds
Epoch: 127/200 Train accuracy: 4.65370e-01 Validation accuracy: 4.53667e-01 Loss 1.23974e-02 Time taken: 1 seconds
Epoch: 128/200 Train accuracy: 4.62520e-01 Validation accuracy: 4.46000e-01 Loss 1.24061e-02 Time taken: 1 seconds
Epoch: 129/200 Train accuracy: 4.64230e-01 Validation accuracy: 4.60333e-01 Loss 1.24064e-02 Time taken: 1 seconds
Epoch: 130/200 Train accuracy: 4.65014e-01 Validation accuracy: 4.50667e-01 Loss 1.23972e-02 Time taken: 1 seconds
Epoch: 131/200 Train accuracy: 4.66082e-01 Validation accuracy: 4.57333e-01 Loss 1.23897e-02 Time taken: 1 seconds
Epoch: 132/200 Train accuracy: 4.66011e-01 Validation accuracy: 4.62000e-01 Loss 1.24000e-02 Time taken: 1 seconds
Epoch: 133/200 Train accuracy: 4.67935e-01 Validation accuracy: 4.56000e-01 Loss 1.23904e-02 Time taken: 1 seconds
Epoch: 134/200 Train accuracy: 4.68719e-01 Validation accuracy: 4.50000e-01 Loss 1.23943e-02 Time taken: 1 seconds
Epoch: 135/200 Train accuracy: 4.67864e-01 Validation accuracy: 4.55333e-01 Loss 1.23890e-02 Time taken: 1 seconds
Epoch: 136/200 Train accuracy: 4.63018e-01 Validation accuracy: 4.55667e-01 Loss 1.23975e-02 Time taken: 1 seconds
Epoch: 137/200 Train accuracy: 4.62235e-01 Validation accuracy: 4.46333e-01 Loss 1.24086e-02 Time taken: 1 seconds
Epoch: 138/200 Train accuracy: 4.64942e-01 Validation accuracy: 4.52333e-01 Loss 1.23902e-02 Time taken: 1 seconds
Epoch: 139/200 Train accuracy: 4.67721e-01 Validation accuracy: 4.55333e-01 Loss 1.23862e-02 Time taken: 1 seconds
Epoch: 140/200 Train accuracy: 4.65726e-01 Validation accuracy: 4.58333e-01 Loss 1.23888e-02 Time taken: 1 seconds
Epoch: 141/200 Train accuracy: 4.68291e-01 Validation accuracy: 4.58333e-01 Loss 1.23902e-02 Time taken: 1 seconds
Epoch: 142/200 Train accuracy: 4.67721e-01 Validation accuracy: 4.63667e-01 Loss 1.23843e-02 Time taken: 1 seconds
Epoch: 143/200 Train accuracy: 4.68576e-01 Validation accuracy: 4.50333e-01 Loss 1.23839e-02 Time taken: 1 seconds
Epoch: 144/200 Train accuracy: 4.63660e-01 Validation accuracy: 4.59333e-01 Loss 1.23965e-02 Time taken: 1 seconds
Epoch: 145/200 Train accuracy: 4.68648e-01 Validation accuracy: 4.61667e-01 Loss 1.23778e-02 Time taken: 1 seconds
Epoch: 146/200 Train accuracy: 4.65655e-01 Validation accuracy: 4.61667e-01 Loss 1.23814e-02 Time taken: 1 seconds
Epoch: 147/200 Train accuracy: 4.68220e-01 Validation accuracy: 4.52333e-01 Loss 1.23823e-02 Time taken: 1 seconds
Epoch: 148/200 Train accuracy: 4.65797e-01 Validation accuracy: 4.55667e-01 Loss 1.23990e-02 Time taken: 1 seconds
Epoch: 149/200 Train accuracy: 4.66795e-01 Validation accuracy: 4.63000e-01 Loss 1.23835e-02 Time taken: 1 seconds
Epoch: 150/200 Train accuracy: 4.69289e-01 Validation accuracy: 4.54667e-01 Loss 1.23764e-02 Time taken: 1 seconds
Epoch: 151/200 Train accuracy: 4.69788e-01 Validation accuracy: 4.59333e-01 Loss 1.23646e-02 Time taken: 1 seconds
Epoch: 152/200 Train accuracy: 4.65940e-01 Validation accuracy: 4.49000e-01 Loss 1.23752e-02 Time taken: 1 seconds
Epoch: 153/200 Train accuracy: 4.65156e-01 Validation accuracy: 4.51000e-01 Loss 1.23936e-02 Time taken: 1 seconds
Epoch: 154/200 Train accuracy: 4.66581e-01 Validation accuracy: 4.59333e-01 Loss 1.23861e-02 Time taken: 1 seconds
Epoch: 155/200 Train accuracy: 4.68006e-01 Validation accuracy: 4.60667e-01 Loss 1.23701e-02 Time taken: 1 seconds
Epoch: 156/200 Train accuracy: 4.68576e-01 Validation accuracy: 4.49333e-01 Loss 1.23731e-02 Time taken: 1 seconds
Epoch: 157/200 Train accuracy: 4.65441e-01 Validation accuracy: 4.45000e-01 Loss 1.23840e-02 Time taken: 1 seconds
Epoch: 158/200 Train accuracy: 4.68291e-01 Validation accuracy: 4.51333e-01 Loss 1.23616e-02 Time taken: 1 seconds
Epoch: 159/200 Train accuracy: 4.69360e-01 Validation accuracy: 4.60000e-01 Loss 1.23615e-02 Time taken: 1 seconds
Epoch: 160/200 Train accuracy: 4.66652e-01 Validation accuracy: 4.57000e-01 Loss 1.23761e-02 Time taken: 1 seconds
Epoch: 161/200 Train accuracy: 4.67935e-01 Validation accuracy: 4.40000e-01 Loss 1.23736e-02 Time taken: 1 seconds
Epoch: 162/200 Train accuracy: 4.68790e-01 Validation accuracy: 4.59667e-01 Loss 1.23630e-02 Time taken: 1 seconds
Epoch: 163/200 Train accuracy: 4.68648e-01 Validation accuracy: 4.57667e-01 Loss 1.23580e-02 Time taken: 1 seconds
Epoch: 164/200 Train accuracy: 4.69431e-01 Validation accuracy: 4.57000e-01 Loss 1.23584e-02 Time taken: 1 seconds
Epoch: 165/200 Train accuracy: 4.71997e-01 Validation accuracy: 4.60000e-01 Loss 1.23549e-02 Time taken: 1 seconds
Epoch: 166/200 Train accuracy: 4.68149e-01 Validation accuracy: 4.49333e-01 Loss 1.23718e-02 Time taken: 1 seconds
Epoch: 167/200 Train accuracy: 4.67151e-01 Validation accuracy: 4.45667e-01 Loss 1.23710e-02 Time taken: 1 seconds
Epoch: 168/200 Train accuracy: 4.68790e-01 Validation accuracy: 4.58667e-01 Loss 1.23611e-02 Time taken: 1 seconds
Epoch: 169/200 Train accuracy: 4.72353e-01 Validation accuracy: 4.53000e-01 Loss 1.23560e-02 Time taken: 1 seconds
Epoch: 170/200 Train accuracy: 4.70928e-01 Validation accuracy: 4.57333e-01 Loss 1.23693e-02 Time taken: 1 seconds
Epoch: 171/200 Train accuracy: 4.71142e-01 Validation accuracy: 4.62667e-01 Loss 1.23545e-02 Time taken: 1 seconds
Epoch: 172/200 Train accuracy: 4.67365e-01 Validation accuracy: 4.60333e-01 Loss 1.23713e-02 Time taken: 1 seconds
Epoch: 173/200 Train accuracy: 4.69574e-01 Validation accuracy: 4.57000e-01 Loss 1.23527e-02 Time taken: 1 seconds
Epoch: 174/200 Train accuracy: 4.68220e-01 Validation accuracy: 4.55667e-01 Loss 1.23608e-02 Time taken: 1 seconds
Epoch: 175/200 Train accuracy: 4.68648e-01 Validation accuracy: 4.58333e-01 Loss 1.23576e-02 Time taken: 1 seconds
Epoch: 176/200 Train accuracy: 4.70215e-01 Validation accuracy: 4.61333e-01 Loss 1.23527e-02 Time taken: 1 seconds
Epoch: 177/200 Train accuracy: 4.69360e-01 Validation accuracy: 4.50000e-01 Loss 1.23498e-02 Time taken: 1 seconds
Epoch: 178/200 Train accuracy: 4.69930e-01 Validation accuracy: 4.57000e-01 Loss 1.23481e-02 Time taken: 1 seconds
Epoch: 179/200 Train accuracy: 4.68291e-01 Validation accuracy: 4.63333e-01 Loss 1.23519e-02 Time taken: 1 seconds
Epoch: 180/200 Train accuracy: 4.69218e-01 Validation accuracy: 4.53333e-01 Loss 1.23521e-02 Time taken: 1 seconds
Epoch: 181/200 Train accuracy: 4.71070e-01 Validation accuracy: 4.55333e-01 Loss 1.23579e-02 Time taken: 1 seconds
Epoch: 182/200 Train accuracy: 4.71783e-01 Validation accuracy: 4.62000e-01 Loss 1.23510e-02 Time taken: 1 seconds
Epoch: 183/200 Train accuracy: 4.72994e-01 Validation accuracy: 4.60000e-01 Loss 1.23456e-02 Time taken: 1 seconds
Epoch: 184/200 Train accuracy: 4.70571e-01 Validation accuracy: 4.61000e-01 Loss 1.23510e-02 Time taken: 1 seconds
Epoch: 185/200 Train accuracy: 4.70571e-01 Validation accuracy: 4.61667e-01 Loss 1.23484e-02 Time taken: 1 seconds
Epoch: 186/200 Train accuracy: 4.67793e-01 Validation accuracy: 4.53667e-01 Loss 1.23545e-02 Time taken: 1 seconds
Epoch: 187/200 Train accuracy: 4.72852e-01 Validation accuracy: 4.63667e-01 Loss 1.23421e-02 Time taken: 1 seconds
Epoch: 188/200 Train accuracy: 4.71355e-01 Validation accuracy: 4.61000e-01 Loss 1.23445e-02 Time taken: 1 seconds
Epoch: 189/200 Train accuracy: 4.71640e-01 Validation accuracy: 4.60667e-01 Loss 1.23379e-02 Time taken: 1 seconds
Epoch: 190/200 Train accuracy: 4.70073e-01 Validation accuracy: 4.51667e-01 Loss 1.23438e-02 Time taken: 1 seconds
Epoch: 191/200 Train accuracy: 4.70500e-01 Validation accuracy: 4.60333e-01 Loss 1.23399e-02 Time taken: 1 seconds
Epoch: 192/200 Train accuracy: 4.70785e-01 Validation accuracy: 4.61333e-01 Loss 1.23377e-02 Time taken: 1 seconds
Epoch: 193/200 Train accuracy: 4.73137e-01 Validation accuracy: 4.58667e-01 Loss 1.23385e-02 Time taken: 1 seconds
Epoch: 194/200 Train accuracy: 4.72780e-01 Validation accuracy: 4.59667e-01 Loss 1.23425e-02 Time taken: 1 seconds
Epoch: 195/200 Train accuracy: 4.70714e-01 Validation accuracy: 4.64000e-01 Loss 1.23421e-02 Time taken: 1 seconds
Epoch: 196/200 Train accuracy: 4.68790e-01 Validation accuracy: 4.43667e-01 Loss 1.23464e-02 Time taken: 1 seconds
Epoch: 197/200 Train accuracy: 4.72210e-01 Validation accuracy: 4.64000e-01 Loss 1.23373e-02 Time taken: 1 seconds
Epoch: 198/200 Train accuracy: 4.74847e-01 Validation accuracy: 4.65000e-01 Loss 1.23287e-02 Time taken: 1 seconds
Epoch: 199/200 Train accuracy: 4.70001e-01 Validation accuracy: 4.52667e-01 Loss 1.23381e-02 Time taken: 1 seconds
Epoch: 200/200 Train accuracy: 4.71427e-01 Validation accuracy: 4.51000e-01 Loss 1.23374e-02 Time taken: 1 seconds
Total time taken 0:05:07.029385
Cleaning up intermediate feature (.pt) files
Done


working on file logs_PKT/iic-train-PKT-seed-5/jepa_iic_PKT_seed-5-ep400.pth.tar ...
