Directory classifiers/jepa-iic-PKT-seed-5-classifier-pretrained-vitb-ep400 is now present
VisionTransformer(
  (patch_embed): PatchEmbed(
    (proj): Conv2d(3, 768, kernel_size=(15, 15), stride=(15, 15))
  )
  (blocks): ModuleList(
    (0-11): 12 x Block(
      (norm1): LayerNorm((768,), eps=1e-06, elementwise_affine=True)
      (attn): Attention(
        (qkv): Linear(in_features=768, out_features=2304, bias=True)
        (attn_drop): Dropout(p=0.0, inplace=False)
        (proj): Linear(in_features=768, out_features=768, bias=True)
        (proj_drop): Dropout(p=0.0, inplace=False)
      )
      (drop_path): Identity()
      (norm2): LayerNorm((768,), eps=1e-06, elementwise_affine=True)
      (mlp): MLP(
        (fc1): Linear(in_features=768, out_features=3072, bias=True)
        (act): GELU(approximate='none')
        (fc2): Linear(in_features=3072, out_features=768, bias=True)
        (drop): Dropout(p=0.0, inplace=False)
      )
    )
  )
  (norm): LayerNorm((768,), eps=1e-06, elementwise_affine=True)
)
Extracting features and saving them locally..
Epoch: 1/200 Train accuracy: 3.43808e-01 Validation accuracy: 4.16000e-01 Loss 1.34166e-02 Time taken: 1 seconds
Epoch: 2/200 Train accuracy: 4.30312e-01 Validation accuracy: 4.39333e-01 Loss 1.27891e-02 Time taken: 1 seconds
Epoch: 3/200 Train accuracy: 4.54111e-01 Validation accuracy: 4.47333e-01 Loss 1.25990e-02 Time taken: 1 seconds
Epoch: 4/200 Train accuracy: 4.67294e-01 Validation accuracy: 4.66667e-01 Loss 1.24823e-02 Time taken: 1 seconds
Epoch: 5/200 Train accuracy: 4.69716e-01 Validation accuracy: 4.44333e-01 Loss 1.24278e-02 Time taken: 1 seconds
Epoch: 6/200 Train accuracy: 4.70714e-01 Validation accuracy: 4.77667e-01 Loss 1.23741e-02 Time taken: 1 seconds
Epoch: 7/200 Train accuracy: 4.77555e-01 Validation accuracy: 4.68000e-01 Loss 1.23431e-02 Time taken: 1 seconds
Epoch: 8/200 Train accuracy: 4.76913e-01 Validation accuracy: 4.75667e-01 Loss 1.23192e-02 Time taken: 1 seconds
Epoch: 9/200 Train accuracy: 4.80832e-01 Validation accuracy: 4.72667e-01 Loss 1.22802e-02 Time taken: 1 seconds
Epoch: 10/200 Train accuracy: 4.82827e-01 Validation accuracy: 4.83667e-01 Loss 1.22658e-02 Time taken: 1 seconds
Epoch: 11/200 Train accuracy: 4.83968e-01 Validation accuracy: 4.79667e-01 Loss 1.22489e-02 Time taken: 1 seconds
Epoch: 12/200 Train accuracy: 4.86533e-01 Validation accuracy: 4.79333e-01 Loss 1.22387e-02 Time taken: 1 seconds
Epoch: 13/200 Train accuracy: 4.85393e-01 Validation accuracy: 4.86000e-01 Loss 1.22213e-02 Time taken: 1 seconds
Epoch: 14/200 Train accuracy: 4.87673e-01 Validation accuracy: 4.86333e-01 Loss 1.21979e-02 Time taken: 1 seconds
Epoch: 15/200 Train accuracy: 4.89882e-01 Validation accuracy: 4.92667e-01 Loss 1.21866e-02 Time taken: 1 seconds
Epoch: 16/200 Train accuracy: 4.91806e-01 Validation accuracy: 4.81000e-01 Loss 1.21765e-02 Time taken: 1 seconds
Epoch: 17/200 Train accuracy: 4.91663e-01 Validation accuracy: 4.82333e-01 Loss 1.21788e-02 Time taken: 1 seconds
Epoch: 18/200 Train accuracy: 4.95155e-01 Validation accuracy: 4.90000e-01 Loss 1.21576e-02 Time taken: 1 seconds
Epoch: 19/200 Train accuracy: 4.96081e-01 Validation accuracy: 4.93000e-01 Loss 1.21477e-02 Time taken: 1 seconds
Epoch: 20/200 Train accuracy: 4.95083e-01 Validation accuracy: 4.94000e-01 Loss 1.21392e-02 Time taken: 1 seconds
Epoch: 21/200 Train accuracy: 4.95938e-01 Validation accuracy: 4.88667e-01 Loss 1.21307e-02 Time taken: 1 seconds
Epoch: 22/200 Train accuracy: 4.94442e-01 Validation accuracy: 4.85667e-01 Loss 1.21275e-02 Time taken: 1 seconds
Epoch: 23/200 Train accuracy: 4.97720e-01 Validation accuracy: 4.97000e-01 Loss 1.21041e-02 Time taken: 1 seconds
Epoch: 24/200 Train accuracy: 5.28502e-01 Validation accuracy: 5.32333e-01 Loss 1.19180e-02 Time taken: 1 seconds
Epoch: 25/200 Train accuracy: 5.40331e-01 Validation accuracy: 5.34000e-01 Loss 1.18220e-02 Time taken: 1 seconds
Epoch: 26/200 Train accuracy: 5.47955e-01 Validation accuracy: 5.37000e-01 Loss 1.17639e-02 Time taken: 1 seconds
Epoch: 27/200 Train accuracy: 5.51233e-01 Validation accuracy: 5.38667e-01 Loss 1.17394e-02 Time taken: 1 seconds
Epoch: 28/200 Train accuracy: 5.51589e-01 Validation accuracy: 5.50667e-01 Loss 1.17189e-02 Time taken: 1 seconds
Epoch: 29/200 Train accuracy: 5.55294e-01 Validation accuracy: 5.53000e-01 Loss 1.17071e-02 Time taken: 1 seconds
Epoch: 30/200 Train accuracy: 5.57432e-01 Validation accuracy: 5.57000e-01 Loss 1.16897e-02 Time taken: 1 seconds
Epoch: 31/200 Train accuracy: 5.55294e-01 Validation accuracy: 5.56333e-01 Loss 1.16923e-02 Time taken: 1 seconds
Epoch: 32/200 Train accuracy: 5.61992e-01 Validation accuracy: 5.55333e-01 Loss 1.16622e-02 Time taken: 1 seconds
Epoch: 33/200 Train accuracy: 5.62776e-01 Validation accuracy: 5.54667e-01 Loss 1.16545e-02 Time taken: 1 seconds
Epoch: 34/200 Train accuracy: 5.58073e-01 Validation accuracy: 5.56333e-01 Loss 1.16605e-02 Time taken: 1 seconds
Epoch: 35/200 Train accuracy: 5.63275e-01 Validation accuracy: 5.56000e-01 Loss 1.16442e-02 Time taken: 1 seconds
Epoch: 36/200 Train accuracy: 5.64201e-01 Validation accuracy: 5.54000e-01 Loss 1.16354e-02 Time taken: 1 seconds
Epoch: 37/200 Train accuracy: 5.63346e-01 Validation accuracy: 5.55333e-01 Loss 1.16277e-02 Time taken: 1 seconds
Epoch: 38/200 Train accuracy: 5.66125e-01 Validation accuracy: 5.57667e-01 Loss 1.16163e-02 Time taken: 1 seconds
Epoch: 39/200 Train accuracy: 5.68120e-01 Validation accuracy: 5.62667e-01 Loss 1.16025e-02 Time taken: 1 seconds
Epoch: 40/200 Train accuracy: 5.69545e-01 Validation accuracy: 5.63667e-01 Loss 1.15985e-02 Time taken: 1 seconds
Epoch: 41/200 Train accuracy: 5.68192e-01 Validation accuracy: 5.61333e-01 Loss 1.15928e-02 Time taken: 1 seconds
Epoch: 42/200 Train accuracy: 5.70329e-01 Validation accuracy: 5.55000e-01 Loss 1.15864e-02 Time taken: 1 seconds
Epoch: 43/200 Train accuracy: 5.68263e-01 Validation accuracy: 5.60000e-01 Loss 1.15959e-02 Time taken: 1 seconds
Epoch: 44/200 Train accuracy: 5.72039e-01 Validation accuracy: 5.62333e-01 Loss 1.15747e-02 Time taken: 1 seconds
Epoch: 45/200 Train accuracy: 5.72396e-01 Validation accuracy: 5.59000e-01 Loss 1.15706e-02 Time taken: 1 seconds
Epoch: 46/200 Train accuracy: 5.70329e-01 Validation accuracy: 5.66333e-01 Loss 1.15793e-02 Time taken: 1 seconds
Epoch: 47/200 Train accuracy: 5.76885e-01 Validation accuracy: 5.64667e-01 Loss 1.15505e-02 Time taken: 1 seconds
Epoch: 48/200 Train accuracy: 5.71541e-01 Validation accuracy: 5.70667e-01 Loss 1.15583e-02 Time taken: 1 seconds
Epoch: 49/200 Train accuracy: 5.73821e-01 Validation accuracy: 5.73000e-01 Loss 1.15593e-02 Time taken: 1 seconds
Epoch: 50/200 Train accuracy: 5.74462e-01 Validation accuracy: 5.73000e-01 Loss 1.15544e-02 Time taken: 1 seconds
Epoch: 51/200 Train accuracy: 5.74106e-01 Validation accuracy: 5.64667e-01 Loss 1.15415e-02 Time taken: 1 seconds
Epoch: 52/200 Train accuracy: 5.75246e-01 Validation accuracy: 5.68333e-01 Loss 1.15453e-02 Time taken: 1 seconds
Epoch: 53/200 Train accuracy: 5.75103e-01 Validation accuracy: 5.62333e-01 Loss 1.15438e-02 Time taken: 1 seconds
Epoch: 54/200 Train accuracy: 5.77526e-01 Validation accuracy: 5.75667e-01 Loss 1.15293e-02 Time taken: 1 seconds
Epoch: 55/200 Train accuracy: 5.78737e-01 Validation accuracy: 5.77333e-01 Loss 1.15245e-02 Time taken: 1 seconds
Epoch: 56/200 Train accuracy: 5.77740e-01 Validation accuracy: 5.76000e-01 Loss 1.15264e-02 Time taken: 1 seconds
Epoch: 57/200 Train accuracy: 5.77740e-01 Validation accuracy: 5.69667e-01 Loss 1.15172e-02 Time taken: 1 seconds
Epoch: 58/200 Train accuracy: 5.79379e-01 Validation accuracy: 5.77333e-01 Loss 1.15104e-02 Time taken: 1 seconds
Epoch: 59/200 Train accuracy: 5.79094e-01 Validation accuracy: 5.73000e-01 Loss 1.15038e-02 Time taken: 1 seconds
Epoch: 60/200 Train accuracy: 5.78737e-01 Validation accuracy: 5.74333e-01 Loss 1.15034e-02 Time taken: 1 seconds
Epoch: 61/200 Train accuracy: 5.80661e-01 Validation accuracy: 5.76000e-01 Loss 1.15008e-02 Time taken: 1 seconds
Epoch: 62/200 Train accuracy: 5.79094e-01 Validation accuracy: 5.73000e-01 Loss 1.15000e-02 Time taken: 1 seconds
Epoch: 63/200 Train accuracy: 5.81160e-01 Validation accuracy: 5.74333e-01 Loss 1.14909e-02 Time taken: 1 seconds
Epoch: 64/200 Train accuracy: 5.80875e-01 Validation accuracy: 5.81333e-01 Loss 1.15000e-02 Time taken: 1 seconds
Epoch: 65/200 Train accuracy: 5.80590e-01 Validation accuracy: 5.70667e-01 Loss 1.14882e-02 Time taken: 1 seconds
Epoch: 66/200 Train accuracy: 5.80519e-01 Validation accuracy: 5.80333e-01 Loss 1.14859e-02 Time taken: 1 seconds
Epoch: 67/200 Train accuracy: 5.84082e-01 Validation accuracy: 5.80667e-01 Loss 1.14780e-02 Time taken: 1 seconds
Epoch: 68/200 Train accuracy: 5.82656e-01 Validation accuracy: 5.80667e-01 Loss 1.14767e-02 Time taken: 1 seconds
Epoch: 69/200 Train accuracy: 5.81445e-01 Validation accuracy: 5.74667e-01 Loss 1.14779e-02 Time taken: 1 seconds
Epoch: 70/200 Train accuracy: 5.84937e-01 Validation accuracy: 5.73667e-01 Loss 1.14739e-02 Time taken: 1 seconds
Epoch: 71/200 Train accuracy: 5.84082e-01 Validation accuracy: 5.80000e-01 Loss 1.14722e-02 Time taken: 1 seconds
Epoch: 72/200 Train accuracy: 5.83583e-01 Validation accuracy: 5.71667e-01 Loss 1.14702e-02 Time taken: 1 seconds
Epoch: 73/200 Train accuracy: 5.85222e-01 Validation accuracy: 5.76000e-01 Loss 1.14726e-02 Time taken: 1 seconds
Epoch: 74/200 Train accuracy: 5.86362e-01 Validation accuracy: 5.78667e-01 Loss 1.14675e-02 Time taken: 1 seconds
Epoch: 75/200 Train accuracy: 5.84580e-01 Validation accuracy: 5.80667e-01 Loss 1.14588e-02 Time taken: 1 seconds
Epoch: 76/200 Train accuracy: 5.85008e-01 Validation accuracy: 5.72333e-01 Loss 1.14605e-02 Time taken: 1 seconds
Epoch: 77/200 Train accuracy: 5.88784e-01 Validation accuracy: 5.84000e-01 Loss 1.14538e-02 Time taken: 1 seconds
Epoch: 78/200 Train accuracy: 5.89069e-01 Validation accuracy: 5.84000e-01 Loss 1.14460e-02 Time taken: 1 seconds
Epoch: 79/200 Train accuracy: 5.84652e-01 Validation accuracy: 5.84333e-01 Loss 1.14547e-02 Time taken: 1 seconds
Epoch: 80/200 Train accuracy: 5.86932e-01 Validation accuracy: 5.84333e-01 Loss 1.14511e-02 Time taken: 1 seconds
Epoch: 81/200 Train accuracy: 5.87074e-01 Validation accuracy: 5.82000e-01 Loss 1.14468e-02 Time taken: 1 seconds
Epoch: 82/200 Train accuracy: 5.84794e-01 Validation accuracy: 5.74333e-01 Loss 1.14505e-02 Time taken: 1 seconds
Epoch: 83/200 Train accuracy: 5.86860e-01 Validation accuracy: 5.75667e-01 Loss 1.14454e-02 Time taken: 1 seconds
Epoch: 84/200 Train accuracy: 5.86860e-01 Validation accuracy: 5.78667e-01 Loss 1.14462e-02 Time taken: 1 seconds
Epoch: 85/200 Train accuracy: 5.88214e-01 Validation accuracy: 5.78333e-01 Loss 1.14375e-02 Time taken: 1 seconds
Epoch: 86/200 Train accuracy: 5.89354e-01 Validation accuracy: 5.86000e-01 Loss 1.14350e-02 Time taken: 1 seconds
Epoch: 87/200 Train accuracy: 5.90566e-01 Validation accuracy: 5.81000e-01 Loss 1.14322e-02 Time taken: 1 seconds
Epoch: 88/200 Train accuracy: 5.83369e-01 Validation accuracy: 5.81000e-01 Loss 1.14401e-02 Time taken: 1 seconds
Epoch: 89/200 Train accuracy: 5.89497e-01 Validation accuracy: 5.67667e-01 Loss 1.14290e-02 Time taken: 1 seconds
Epoch: 90/200 Train accuracy: 5.88784e-01 Validation accuracy: 5.85667e-01 Loss 1.14289e-02 Time taken: 1 seconds
Epoch: 91/200 Train accuracy: 5.91920e-01 Validation accuracy: 5.83667e-01 Loss 1.14267e-02 Time taken: 1 seconds
Epoch: 92/200 Train accuracy: 5.89568e-01 Validation accuracy: 5.85333e-01 Loss 1.14252e-02 Time taken: 1 seconds
Epoch: 93/200 Train accuracy: 5.90423e-01 Validation accuracy: 5.81667e-01 Loss 1.14262e-02 Time taken: 1 seconds
Epoch: 94/200 Train accuracy: 5.88001e-01 Validation accuracy: 5.74333e-01 Loss 1.14290e-02 Time taken: 1 seconds
Epoch: 95/200 Train accuracy: 5.88214e-01 Validation accuracy: 5.83667e-01 Loss 1.14254e-02 Time taken: 1 seconds
Epoch: 96/200 Train accuracy: 5.90495e-01 Validation accuracy: 5.82333e-01 Loss 1.14193e-02 Time taken: 1 seconds
Epoch: 97/200 Train accuracy: 5.91136e-01 Validation accuracy: 5.91333e-01 Loss 1.14122e-02 Time taken: 1 seconds
Epoch: 98/200 Train accuracy: 5.89639e-01 Validation accuracy: 5.85333e-01 Loss 1.14179e-02 Time taken: 1 seconds
Epoch: 99/200 Train accuracy: 5.91492e-01 Validation accuracy: 5.82333e-01 Loss 1.14116e-02 Time taken: 1 seconds
Epoch: 100/200 Train accuracy: 5.91350e-01 Validation accuracy: 5.86667e-01 Loss 1.14109e-02 Time taken: 1 seconds
Epoch: 101/200 Train accuracy: 5.92133e-01 Validation accuracy: 5.82667e-01 Loss 1.14073e-02 Time taken: 1 seconds
Epoch: 102/200 Train accuracy: 5.91991e-01 Validation accuracy: 5.81000e-01 Loss 1.14079e-02 Time taken: 1 seconds
Epoch: 103/200 Train accuracy: 5.89639e-01 Validation accuracy: 5.79333e-01 Loss 1.14044e-02 Time taken: 1 seconds
Epoch: 104/200 Train accuracy: 5.92205e-01 Validation accuracy: 5.70667e-01 Loss 1.14033e-02 Time taken: 1 seconds
Epoch: 105/200 Train accuracy: 5.89639e-01 Validation accuracy: 5.84333e-01 Loss 1.14102e-02 Time taken: 1 seconds
Epoch: 106/200 Train accuracy: 5.87217e-01 Validation accuracy: 5.85000e-01 Loss 1.14135e-02 Time taken: 1 seconds
Epoch: 107/200 Train accuracy: 5.93345e-01 Validation accuracy: 5.88667e-01 Loss 1.13946e-02 Time taken: 1 seconds
Epoch: 108/200 Train accuracy: 5.92703e-01 Validation accuracy: 5.84000e-01 Loss 1.14017e-02 Time taken: 1 seconds
Epoch: 109/200 Train accuracy: 5.92775e-01 Validation accuracy: 5.89333e-01 Loss 1.14002e-02 Time taken: 1 seconds
Epoch: 110/200 Train accuracy: 5.93487e-01 Validation accuracy: 5.87000e-01 Loss 1.13923e-02 Time taken: 1 seconds
Epoch: 111/200 Train accuracy: 5.90566e-01 Validation accuracy: 5.77667e-01 Loss 1.14009e-02 Time taken: 1 seconds
Epoch: 112/200 Train accuracy: 5.90423e-01 Validation accuracy: 5.85000e-01 Loss 1.13947e-02 Time taken: 1 seconds
Epoch: 113/200 Train accuracy: 5.96622e-01 Validation accuracy: 5.83333e-01 Loss 1.13884e-02 Time taken: 1 seconds
Epoch: 114/200 Train accuracy: 5.91207e-01 Validation accuracy: 5.90667e-01 Loss 1.13888e-02 Time taken: 1 seconds
Epoch: 115/200 Train accuracy: 5.93915e-01 Validation accuracy: 5.80333e-01 Loss 1.13822e-02 Time taken: 1 seconds
Epoch: 116/200 Train accuracy: 5.94485e-01 Validation accuracy: 5.84333e-01 Loss 1.13919e-02 Time taken: 1 seconds
Epoch: 117/200 Train accuracy: 5.93772e-01 Validation accuracy: 5.75667e-01 Loss 1.13897e-02 Time taken: 1 seconds
Epoch: 118/200 Train accuracy: 5.92418e-01 Validation accuracy: 5.65333e-01 Loss 1.13893e-02 Time taken: 1 seconds
Epoch: 119/200 Train accuracy: 5.90209e-01 Validation accuracy: 5.82667e-01 Loss 1.13951e-02 Time taken: 1 seconds
Epoch: 120/200 Train accuracy: 5.91421e-01 Validation accuracy: 5.80333e-01 Loss 1.13856e-02 Time taken: 1 seconds
Epoch: 121/200 Train accuracy: 5.93559e-01 Validation accuracy: 5.86333e-01 Loss 1.13866e-02 Time taken: 1 seconds
Epoch: 122/200 Train accuracy: 5.93772e-01 Validation accuracy: 5.87667e-01 Loss 1.13847e-02 Time taken: 1 seconds
Epoch: 123/200 Train accuracy: 5.93772e-01 Validation accuracy: 5.79667e-01 Loss 1.13747e-02 Time taken: 1 seconds
Epoch: 124/200 Train accuracy: 5.93844e-01 Validation accuracy: 5.87000e-01 Loss 1.13805e-02 Time taken: 1 seconds
Epoch: 125/200 Train accuracy: 5.98119e-01 Validation accuracy: 5.80667e-01 Loss 1.13755e-02 Time taken: 1 seconds
Epoch: 126/200 Train accuracy: 5.89639e-01 Validation accuracy: 5.83667e-01 Loss 1.13894e-02 Time taken: 1 seconds
Epoch: 127/200 Train accuracy: 5.91920e-01 Validation accuracy: 5.89333e-01 Loss 1.13828e-02 Time taken: 1 seconds
Epoch: 128/200 Train accuracy: 5.95269e-01 Validation accuracy: 5.93667e-01 Loss 1.13770e-02 Time taken: 1 seconds
Epoch: 129/200 Train accuracy: 5.93986e-01 Validation accuracy: 5.85333e-01 Loss 1.13769e-02 Time taken: 1 seconds
Epoch: 130/200 Train accuracy: 5.96622e-01 Validation accuracy: 5.79000e-01 Loss 1.13657e-02 Time taken: 1 seconds
Epoch: 131/200 Train accuracy: 5.95482e-01 Validation accuracy: 5.83667e-01 Loss 1.13791e-02 Time taken: 1 seconds
Epoch: 132/200 Train accuracy: 5.95197e-01 Validation accuracy: 5.79667e-01 Loss 1.13664e-02 Time taken: 1 seconds
Epoch: 133/200 Train accuracy: 5.93844e-01 Validation accuracy: 5.93333e-01 Loss 1.13709e-02 Time taken: 1 seconds
Epoch: 134/200 Train accuracy: 5.94200e-01 Validation accuracy: 5.87000e-01 Loss 1.13717e-02 Time taken: 1 seconds
Epoch: 135/200 Train accuracy: 5.96124e-01 Validation accuracy: 5.83000e-01 Loss 1.13674e-02 Time taken: 1 seconds
Epoch: 136/200 Train accuracy: 5.93202e-01 Validation accuracy: 5.83333e-01 Loss 1.13814e-02 Time taken: 1 seconds
Epoch: 137/200 Train accuracy: 5.93772e-01 Validation accuracy: 5.75000e-01 Loss 1.13781e-02 Time taken: 1 seconds
Epoch: 138/200 Train accuracy: 5.94057e-01 Validation accuracy: 5.92000e-01 Loss 1.13677e-02 Time taken: 1 seconds
Epoch: 139/200 Train accuracy: 5.94984e-01 Validation accuracy: 5.92667e-01 Loss 1.13700e-02 Time taken: 1 seconds
Epoch: 140/200 Train accuracy: 5.97335e-01 Validation accuracy: 5.92000e-01 Loss 1.13627e-02 Time taken: 1 seconds
Epoch: 141/200 Train accuracy: 5.95910e-01 Validation accuracy: 5.77000e-01 Loss 1.13614e-02 Time taken: 1 seconds
Epoch: 142/200 Train accuracy: 5.97834e-01 Validation accuracy: 5.86667e-01 Loss 1.13600e-02 Time taken: 1 seconds
Epoch: 143/200 Train accuracy: 5.95767e-01 Validation accuracy: 5.93000e-01 Loss 1.13678e-02 Time taken: 1 seconds
Epoch: 144/200 Train accuracy: 5.94556e-01 Validation accuracy: 5.92667e-01 Loss 1.13651e-02 Time taken: 1 seconds
Epoch: 145/200 Train accuracy: 5.95411e-01 Validation accuracy: 5.93000e-01 Loss 1.13568e-02 Time taken: 1 seconds
Epoch: 146/200 Train accuracy: 5.93701e-01 Validation accuracy: 5.87667e-01 Loss 1.13717e-02 Time taken: 1 seconds
Epoch: 147/200 Train accuracy: 5.94057e-01 Validation accuracy: 5.78000e-01 Loss 1.13809e-02 Time taken: 1 seconds
Epoch: 148/200 Train accuracy: 5.98689e-01 Validation accuracy: 5.84000e-01 Loss 1.13601e-02 Time taken: 1 seconds
Epoch: 149/200 Train accuracy: 5.98903e-01 Validation accuracy: 5.86333e-01 Loss 1.13521e-02 Time taken: 1 seconds
Epoch: 150/200 Train accuracy: 5.99259e-01 Validation accuracy: 5.93667e-01 Loss 1.13539e-02 Time taken: 1 seconds
Epoch: 151/200 Train accuracy: 5.96622e-01 Validation accuracy: 5.90333e-01 Loss 1.13489e-02 Time taken: 1 seconds
Epoch: 152/200 Train accuracy: 5.95055e-01 Validation accuracy: 5.86000e-01 Loss 1.13597e-02 Time taken: 1 seconds
Epoch: 153/200 Train accuracy: 5.94699e-01 Validation accuracy: 5.88000e-01 Loss 1.13544e-02 Time taken: 1 seconds
Epoch: 154/200 Train accuracy: 5.98261e-01 Validation accuracy: 5.89667e-01 Loss 1.13535e-02 Time taken: 1 seconds
Epoch: 155/200 Train accuracy: 5.95269e-01 Validation accuracy: 5.86333e-01 Loss 1.13522e-02 Time taken: 1 seconds
Epoch: 156/200 Train accuracy: 5.98048e-01 Validation accuracy: 5.89333e-01 Loss 1.13493e-02 Time taken: 1 seconds
Epoch: 157/200 Train accuracy: 5.96836e-01 Validation accuracy: 5.82667e-01 Loss 1.13573e-02 Time taken: 1 seconds
Epoch: 158/200 Train accuracy: 5.90851e-01 Validation accuracy: 5.90667e-01 Loss 1.13801e-02 Time taken: 1 seconds
Epoch: 159/200 Train accuracy: 5.96052e-01 Validation accuracy: 5.84000e-01 Loss 1.13557e-02 Time taken: 1 seconds
Epoch: 160/200 Train accuracy: 5.96765e-01 Validation accuracy: 5.85667e-01 Loss 1.13487e-02 Time taken: 1 seconds
Epoch: 161/200 Train accuracy: 5.97193e-01 Validation accuracy: 5.90000e-01 Loss 1.13477e-02 Time taken: 1 seconds
Epoch: 162/200 Train accuracy: 5.96480e-01 Validation accuracy: 5.78333e-01 Loss 1.13565e-02 Time taken: 1 seconds
Epoch: 163/200 Train accuracy: 5.96266e-01 Validation accuracy: 5.79667e-01 Loss 1.13567e-02 Time taken: 1 seconds
Epoch: 164/200 Train accuracy: 5.96266e-01 Validation accuracy: 5.92333e-01 Loss 1.13473e-02 Time taken: 1 seconds
Epoch: 165/200 Train accuracy: 5.98119e-01 Validation accuracy: 5.96333e-01 Loss 1.13409e-02 Time taken: 1 seconds
Epoch: 166/200 Train accuracy: 5.98119e-01 Validation accuracy: 5.88000e-01 Loss 1.13478e-02 Time taken: 1 seconds
Epoch: 167/200 Train accuracy: 5.99615e-01 Validation accuracy: 5.89000e-01 Loss 1.13427e-02 Time taken: 1 seconds
Epoch: 168/200 Train accuracy: 5.98831e-01 Validation accuracy: 5.96667e-01 Loss 1.13433e-02 Time taken: 1 seconds
Epoch: 169/200 Train accuracy: 5.99330e-01 Validation accuracy: 5.96333e-01 Loss 1.13360e-02 Time taken: 1 seconds
Epoch: 170/200 Train accuracy: 5.98119e-01 Validation accuracy: 5.87333e-01 Loss 1.13463e-02 Time taken: 1 seconds
Epoch: 171/200 Train accuracy: 5.96765e-01 Validation accuracy: 5.91333e-01 Loss 1.13502e-02 Time taken: 1 seconds
Epoch: 172/200 Train accuracy: 6.01254e-01 Validation accuracy: 5.84333e-01 Loss 1.13383e-02 Time taken: 1 seconds
Epoch: 173/200 Train accuracy: 5.98261e-01 Validation accuracy: 5.92333e-01 Loss 1.13446e-02 Time taken: 1 seconds
Epoch: 174/200 Train accuracy: 5.99971e-01 Validation accuracy: 5.74000e-01 Loss 1.13402e-02 Time taken: 1 seconds
Epoch: 175/200 Train accuracy: 5.95126e-01 Validation accuracy: 5.92667e-01 Loss 1.13549e-02 Time taken: 1 seconds
Epoch: 176/200 Train accuracy: 5.97549e-01 Validation accuracy: 5.89000e-01 Loss 1.13507e-02 Time taken: 1 seconds
Epoch: 177/200 Train accuracy: 6.00257e-01 Validation accuracy: 5.81667e-01 Loss 1.13388e-02 Time taken: 1 seconds
Epoch: 178/200 Train accuracy: 5.99330e-01 Validation accuracy: 5.83000e-01 Loss 1.13322e-02 Time taken: 1 seconds
Epoch: 179/200 Train accuracy: 6.00542e-01 Validation accuracy: 5.87667e-01 Loss 1.13351e-02 Time taken: 1 seconds
Epoch: 180/200 Train accuracy: 5.99829e-01 Validation accuracy: 5.92333e-01 Loss 1.13404e-02 Time taken: 1 seconds
Epoch: 181/200 Train accuracy: 5.99829e-01 Validation accuracy: 5.78000e-01 Loss 1.13337e-02 Time taken: 1 seconds
Epoch: 182/200 Train accuracy: 5.99259e-01 Validation accuracy: 5.88333e-01 Loss 1.13406e-02 Time taken: 1 seconds
Epoch: 183/200 Train accuracy: 6.00399e-01 Validation accuracy: 5.84667e-01 Loss 1.13337e-02 Time taken: 1 seconds
Epoch: 184/200 Train accuracy: 6.01967e-01 Validation accuracy: 5.92333e-01 Loss 1.13235e-02 Time taken: 1 seconds
Epoch: 185/200 Train accuracy: 5.98475e-01 Validation accuracy: 5.95000e-01 Loss 1.13314e-02 Time taken: 1 seconds
Epoch: 186/200 Train accuracy: 5.98404e-01 Validation accuracy: 5.97667e-01 Loss 1.13302e-02 Time taken: 1 seconds
Epoch: 187/200 Train accuracy: 5.96480e-01 Validation accuracy: 5.88000e-01 Loss 1.13405e-02 Time taken: 1 seconds
Epoch: 188/200 Train accuracy: 5.99971e-01 Validation accuracy: 5.98667e-01 Loss 1.13274e-02 Time taken: 1 seconds
Epoch: 189/200 Train accuracy: 5.99473e-01 Validation accuracy: 5.91000e-01 Loss 1.13322e-02 Time taken: 1 seconds
Epoch: 190/200 Train accuracy: 5.99401e-01 Validation accuracy: 5.94000e-01 Loss 1.13361e-02 Time taken: 1 seconds
Epoch: 191/200 Train accuracy: 6.01610e-01 Validation accuracy: 5.90667e-01 Loss 1.13258e-02 Time taken: 1 seconds
Epoch: 192/200 Train accuracy: 6.03178e-01 Validation accuracy: 5.89333e-01 Loss 1.13219e-02 Time taken: 1 seconds
Epoch: 193/200 Train accuracy: 5.98190e-01 Validation accuracy: 5.96333e-01 Loss 1.13349e-02 Time taken: 1 seconds
Epoch: 194/200 Train accuracy: 5.98333e-01 Validation accuracy: 5.84000e-01 Loss 1.13323e-02 Time taken: 1 seconds
Epoch: 195/200 Train accuracy: 6.01967e-01 Validation accuracy: 5.93667e-01 Loss 1.13185e-02 Time taken: 1 seconds
Epoch: 196/200 Train accuracy: 5.99900e-01 Validation accuracy: 5.99667e-01 Loss 1.13263e-02 Time taken: 1 seconds
Epoch: 197/200 Train accuracy: 5.98974e-01 Validation accuracy: 5.79333e-01 Loss 1.13291e-02 Time taken: 1 seconds
Epoch: 198/200 Train accuracy: 6.00257e-01 Validation accuracy: 5.87667e-01 Loss 1.13235e-02 Time taken: 1 seconds
Epoch: 199/200 Train accuracy: 6.02679e-01 Validation accuracy: 5.89000e-01 Loss 1.13227e-02 Time taken: 1 seconds
Epoch: 200/200 Train accuracy: 5.99758e-01 Validation accuracy: 5.93333e-01 Loss 1.13225e-02 Time taken: 1 seconds
Total time taken 0:04:59.701759
Cleaning up intermediate feature (.pt) files
Done


working on file logs_PKT/iic-train-PKT-seed-5/jepa_iic_PKT_seed-5-ep500.pth.tar ...
