nohup: ignoring input
INFO:root:VisionTransformer(
  (patch_embed): PatchEmbed(
    (proj): Conv2d(3, 1280, kernel_size=(14, 14), stride=(14, 14))
  )
  (blocks): ModuleList(
    (0-31): 32 x Block(
      (norm1): LayerNorm((1280,), eps=1e-06, elementwise_affine=True)
      (attn): Attention(
        (qkv): Linear(in_features=1280, out_features=3840, bias=True)
        (attn_drop): Dropout(p=0.0, inplace=False)
        (proj): Linear(in_features=1280, out_features=1280, bias=True)
        (proj_drop): Dropout(p=0.0, inplace=False)
      )
      (drop_path): Identity()
      (norm2): LayerNorm((1280,), eps=1e-06, elementwise_affine=True)
      (mlp): MLP(
        (fc1): Linear(in_features=1280, out_features=5120, bias=True)
        (act): GELU(approximate='none')
        (fc2): Linear(in_features=5120, out_features=1280, bias=True)
        (drop): Dropout(p=0.0, inplace=False)
      )
    )
  )
  (norm): LayerNorm((1280,), eps=1e-06, elementwise_affine=True)
)
Epoch: 1/100 Train accuracy: 6.171441e-01 Validation accuracy: 8.626667e-01 Loss 1.248743e-02 Time taken: 0:09:43.813497
Epoch: 2/100 Train accuracy: 8.683911e-01 Validation accuracy: 8.953333e-01 Loss 1.032006e-02 Time taken: 0:09:46.886675
Epoch: 3/100 Train accuracy: 8.885564e-01 Validation accuracy: 9.046667e-01 Loss 9.712386e-03 Time taken: 0:09:46.521237
Epoch: 4/100 Train accuracy: 8.956107e-01 Validation accuracy: 9.123333e-01 Loss 9.474239e-03 Time taken: 0:09:46.357512
Epoch: 5/100 Train accuracy: 9.025937e-01 Validation accuracy: 9.156667e-01 Loss 9.324163e-03 Time taken: 0:09:46.579503
Epoch: 6/100 Train accuracy: 9.088642e-01 Validation accuracy: 9.180000e-01 Loss 9.222307e-03 Time taken: 0:09:46.106838
Epoch: 7/100 Train accuracy: 9.108593e-01 Validation accuracy: 9.213333e-01 Loss 9.160927e-03 Time taken: 0:09:46.769562
Epoch: 8/100 Train accuracy: 9.100755e-01 Validation accuracy: 9.230000e-01 Loss 9.119196e-03 Time taken: 0:09:45.522040
Epoch: 9/100 Train accuracy: 9.124982e-01 Validation accuracy: 9.220000e-01 Loss 9.070438e-03 Time taken: 0:09:41.312983
Epoch: 10/100 Train accuracy: 9.157760e-01 Validation accuracy: 9.233333e-01 Loss 9.039533e-03 Time taken: 0:09:40.950754
Epoch: 11/100 Train accuracy: 9.166310e-01 Validation accuracy: 9.246667e-01 Loss 9.014386e-03 Time taken: 0:09:40.683264
Epoch: 12/100 Train accuracy: 9.211201e-01 Validation accuracy: 9.263333e-01 Loss 8.981366e-03 Time taken: 0:09:41.361271
Epoch: 13/100 Train accuracy: 9.226878e-01 Validation accuracy: 9.263333e-01 Loss 8.960073e-03 Time taken: 0:09:40.709900
Epoch: 14/100 Train accuracy: 9.197663e-01 Validation accuracy: 9.266667e-01 Loss 8.955060e-03 Time taken: 0:09:40.781165
Epoch: 15/100 Train accuracy: 9.216902e-01 Validation accuracy: 9.280000e-01 Loss 8.927546e-03 Time taken: 0:09:40.553637
Epoch: 16/100 Train accuracy: 9.240416e-01 Validation accuracy: 9.286667e-01 Loss 8.913869e-03 Time taken: 0:09:40.641696
Epoch: 17/100 Train accuracy: 9.241841e-01 Validation accuracy: 9.296667e-01 Loss 8.903541e-03 Time taken: 0:09:40.298282
Epoch: 18/100 Train accuracy: 9.258943e-01 Validation accuracy: 9.316667e-01 Loss 8.889633e-03 Time taken: 0:09:40.801862
Epoch: 19/100 Train accuracy: 9.250392e-01 Validation accuracy: 9.306667e-01 Loss 8.888837e-03 Time taken: 0:09:41.037679
Epoch: 20/100 Train accuracy: 9.280319e-01 Validation accuracy: 9.320000e-01 Loss 8.868415e-03 Time taken: 0:09:40.560436
Epoch: 21/100 Train accuracy: 9.255380e-01 Validation accuracy: 9.310000e-01 Loss 8.866389e-03 Time taken: 0:09:40.144265
Epoch: 22/100 Train accuracy: 9.250392e-01 Validation accuracy: 9.316667e-01 Loss 8.865594e-03 Time taken: 0:09:40.252784
Epoch: 23/100 Train accuracy: 9.295995e-01 Validation accuracy: 9.323333e-01 Loss 8.847831e-03 Time taken: 0:09:40.220158
Epoch: 24/100 Train accuracy: 9.285307e-01 Validation accuracy: 9.326667e-01 Loss 8.842789e-03 Time taken: 0:09:40.081772
Epoch: 25/100 Train accuracy: 9.282457e-01 Validation accuracy: 9.323333e-01 Loss 8.833773e-03 Time taken: 0:09:40.157783
Epoch: 26/100 Train accuracy: 9.292433e-01 Validation accuracy: 9.333333e-01 Loss 8.828829e-03 Time taken: 0:09:40.318501
Epoch: 27/100 Train accuracy: 9.297421e-01 Validation accuracy: 9.330000e-01 Loss 8.818023e-03 Time taken: 0:09:40.030939
Epoch: 28/100 Train accuracy: 9.308109e-01 Validation accuracy: 9.336667e-01 Loss 8.815652e-03 Time taken: 0:09:40.075230
Epoch: 29/100 Train accuracy: 9.308821e-01 Validation accuracy: 9.340000e-01 Loss 8.806985e-03 Time taken: 0:09:40.023425
Epoch: 30/100 Train accuracy: 9.293145e-01 Validation accuracy: 9.340000e-01 Loss 8.809176e-03 Time taken: 0:09:40.080049
Epoch: 31/100 Train accuracy: 9.308109e-01 Validation accuracy: 9.350000e-01 Loss 8.798243e-03 Time taken: 0:09:40.161033
Epoch: 32/100 Train accuracy: 9.310247e-01 Validation accuracy: 9.333333e-01 Loss 8.798066e-03 Time taken: 0:09:40.469161
Epoch: 33/100 Train accuracy: 9.310247e-01 Validation accuracy: 9.340000e-01 Loss 8.792116e-03 Time taken: 0:09:40.218193
Epoch: 34/100 Train accuracy: 9.322360e-01 Validation accuracy: 9.343333e-01 Loss 8.792404e-03 Time taken: 0:09:40.385811
Epoch: 35/100 Train accuracy: 9.326635e-01 Validation accuracy: 9.340000e-01 Loss 8.781088e-03 Time taken: 0:09:40.146778
Epoch: 36/100 Train accuracy: 9.325923e-01 Validation accuracy: 9.346667e-01 Loss 8.777931e-03 Time taken: 0:09:39.778269
Epoch: 37/100 Train accuracy: 9.325923e-01 Validation accuracy: 9.336667e-01 Loss 8.781827e-03 Time taken: 0:09:40.208956
Epoch: 38/100 Train accuracy: 9.330911e-01 Validation accuracy: 9.343333e-01 Loss 8.774342e-03 Time taken: 0:09:40.798645
Epoch: 39/100 Train accuracy: 9.328060e-01 Validation accuracy: 9.340000e-01 Loss 8.773486e-03 Time taken: 0:09:40.751210
Epoch: 40/100 Train accuracy: 9.347299e-01 Validation accuracy: 9.346667e-01 Loss 8.765750e-03 Time taken: 0:09:40.580499
Epoch: 41/100 Train accuracy: 9.330911e-01 Validation accuracy: 9.350000e-01 Loss 8.763974e-03 Time taken: 0:09:40.405238
Epoch: 42/100 Train accuracy: 9.357275e-01 Validation accuracy: 9.350000e-01 Loss 8.752440e-03 Time taken: 0:09:40.214751
Epoch: 43/100 Train accuracy: 9.352287e-01 Validation accuracy: 9.360000e-01 Loss 8.759553e-03 Time taken: 0:09:40.188596
Epoch: 44/100 Train accuracy: 9.352287e-01 Validation accuracy: 9.360000e-01 Loss 8.756087e-03 Time taken: 0:09:40.593880
Epoch: 45/100 Train accuracy: 9.357275e-01 Validation accuracy: 9.363333e-01 Loss 8.749749e-03 Time taken: 0:09:39.956986
Epoch: 46/100 Train accuracy: 9.353712e-01 Validation accuracy: 9.353333e-01 Loss 8.747031e-03 Time taken: 0:09:40.147887
Epoch: 47/100 Train accuracy: 9.357988e-01 Validation accuracy: 9.353333e-01 Loss 8.745132e-03 Time taken: 0:09:39.875857
Epoch: 48/100 Train accuracy: 9.359413e-01 Validation accuracy: 9.356667e-01 Loss 8.740813e-03 Time taken: 0:09:40.022823
Epoch: 49/100 Train accuracy: 9.359413e-01 Validation accuracy: 9.360000e-01 Loss 8.744960e-03 Time taken: 0:09:40.527110
Epoch: 50/100 Train accuracy: 9.350862e-01 Validation accuracy: 9.353333e-01 Loss 8.741415e-03 Time taken: 0:09:40.594332
Epoch: 51/100 Train accuracy: 9.367251e-01 Validation accuracy: 9.360000e-01 Loss 8.736190e-03 Time taken: 0:09:39.791285
Epoch: 52/100 Train accuracy: 9.365826e-01 Validation accuracy: 9.340000e-01 Loss 8.736029e-03 Time taken: 0:09:39.976500
Epoch: 53/100 Train accuracy: 9.351575e-01 Validation accuracy: 9.346667e-01 Loss 8.734334e-03 Time taken: 0:09:40.140751
Epoch: 54/100 Train accuracy: 9.365826e-01 Validation accuracy: 9.343333e-01 Loss 8.730560e-03 Time taken: 0:09:40.143672
Epoch: 55/100 Train accuracy: 9.380077e-01 Validation accuracy: 9.360000e-01 Loss 8.730579e-03 Time taken: 0:09:39.767863
Epoch: 56/100 Train accuracy: 9.372239e-01 Validation accuracy: 9.363333e-01 Loss 8.728732e-03 Time taken: 0:09:39.734710
Epoch: 57/100 Train accuracy: 9.379364e-01 Validation accuracy: 9.360000e-01 Loss 8.726687e-03 Time taken: 0:09:39.732682
Epoch: 58/100 Train accuracy: 9.381502e-01 Validation accuracy: 9.353333e-01 Loss 8.717171e-03 Time taken: 0:09:39.819057
Epoch: 59/100 Train accuracy: 9.362263e-01 Validation accuracy: 9.366667e-01 Loss 8.726346e-03 Time taken: 0:09:39.674386
Epoch: 60/100 Train accuracy: 9.370814e-01 Validation accuracy: 9.356667e-01 Loss 8.722863e-03 Time taken: 0:09:39.256443
Epoch: 61/100 Train accuracy: 9.374377e-01 Validation accuracy: 9.350000e-01 Loss 8.713230e-03 Time taken: 0:09:39.916824
Epoch: 62/100 Train accuracy: 9.379364e-01 Validation accuracy: 9.363333e-01 Loss 8.720226e-03 Time taken: 0:09:39.740429
Epoch: 63/100 Train accuracy: 9.392903e-01 Validation accuracy: 9.356667e-01 Loss 8.713433e-03 Time taken: 0:09:39.360195
Epoch: 64/100 Train accuracy: 9.390053e-01 Validation accuracy: 9.346667e-01 Loss 8.712178e-03 Time taken: 0:09:39.643762
Epoch: 65/100 Train accuracy: 9.384352e-01 Validation accuracy: 9.356667e-01 Loss 8.709350e-03 Time taken: 0:09:39.867679
Epoch: 66/100 Train accuracy: 9.402879e-01 Validation accuracy: 9.363333e-01 Loss 8.703567e-03 Time taken: 0:09:40.102653
Epoch: 67/100 Train accuracy: 9.398603e-01 Validation accuracy: 9.350000e-01 Loss 8.707684e-03 Time taken: 0:09:39.782332
Epoch: 68/100 Train accuracy: 9.382927e-01 Validation accuracy: 9.360000e-01 Loss 8.709300e-03 Time taken: 0:09:39.644533
Epoch: 69/100 Train accuracy: 9.372239e-01 Validation accuracy: 9.370000e-01 Loss 8.709882e-03 Time taken: 0:09:39.407525
Epoch: 70/100 Train accuracy: 9.405729e-01 Validation accuracy: 9.360000e-01 Loss 8.695249e-03 Time taken: 0:09:39.356842
Epoch: 71/100 Train accuracy: 9.398603e-01 Validation accuracy: 9.363333e-01 Loss 8.701887e-03 Time taken: 0:09:39.456571
Epoch: 72/100 Train accuracy: 9.394328e-01 Validation accuracy: 9.353333e-01 Loss 8.699003e-03 Time taken: 0:09:39.468709
Epoch: 73/100 Train accuracy: 9.392190e-01 Validation accuracy: 9.363333e-01 Loss 8.697319e-03 Time taken: 0:09:39.451876
Epoch: 74/100 Train accuracy: 9.409292e-01 Validation accuracy: 9.350000e-01 Loss 8.694940e-03 Time taken: 0:09:39.372827
Epoch: 75/100 Train accuracy: 9.397178e-01 Validation accuracy: 9.363333e-01 Loss 8.700918e-03 Time taken: 0:09:39.331102
Epoch: 76/100 Train accuracy: 9.409292e-01 Validation accuracy: 9.353333e-01 Loss 8.692364e-03 Time taken: 0:09:39.261196
Epoch: 77/100 Train accuracy: 9.411429e-01 Validation accuracy: 9.360000e-01 Loss 8.690531e-03 Time taken: 0:09:39.159596
Epoch: 78/100 Train accuracy: 9.390765e-01 Validation accuracy: 9.353333e-01 Loss 8.698716e-03 Time taken: 0:09:39.254607
Epoch: 79/100 Train accuracy: 9.403591e-01 Validation accuracy: 9.363333e-01 Loss 8.694043e-03 Time taken: 0:09:39.490347
Epoch: 80/100 Train accuracy: 9.402879e-01 Validation accuracy: 9.366667e-01 Loss 8.694947e-03 Time taken: 0:09:39.507412
Epoch: 81/100 Train accuracy: 9.414992e-01 Validation accuracy: 9.370000e-01 Loss 8.689814e-03 Time taken: 0:09:38.943654
Epoch: 82/100 Train accuracy: 9.412142e-01 Validation accuracy: 9.353333e-01 Loss 8.689610e-03 Time taken: 0:09:39.262735
Epoch: 83/100 Train accuracy: 9.402879e-01 Validation accuracy: 9.363333e-01 Loss 8.689366e-03 Time taken: 0:09:39.248489
Epoch: 84/100 Train accuracy: 9.414992e-01 Validation accuracy: 9.356667e-01 Loss 8.688855e-03 Time taken: 0:09:38.855261
Epoch: 85/100 Train accuracy: 9.419267e-01 Validation accuracy: 9.353333e-01 Loss 8.682466e-03 Time taken: 0:09:39.186623
Epoch: 86/100 Train accuracy: 9.414280e-01 Validation accuracy: 9.360000e-01 Loss 8.685186e-03 Time taken: 0:09:39.457488
Epoch: 87/100 Train accuracy: 9.412854e-01 Validation accuracy: 9.373333e-01 Loss 8.683145e-03 Time taken: 0:09:38.997305
Epoch: 88/100 Train accuracy: 9.431381e-01 Validation accuracy: 9.363333e-01 Loss 8.684852e-03 Time taken: 0:09:38.904102
Epoch: 89/100 Train accuracy: 9.406441e-01 Validation accuracy: 9.373333e-01 Loss 8.685653e-03 Time taken: 0:09:39.015032
Epoch: 90/100 Train accuracy: 9.401454e-01 Validation accuracy: 9.373333e-01 Loss 8.689292e-03 Time taken: 0:09:39.113287
Epoch: 91/100 Train accuracy: 9.416417e-01 Validation accuracy: 9.370000e-01 Loss 8.683322e-03 Time taken: 0:09:38.902339
Epoch: 92/100 Train accuracy: 9.412854e-01 Validation accuracy: 9.373333e-01 Loss 8.682795e-03 Time taken: 0:09:39.284896
Epoch: 93/100 Train accuracy: 9.433519e-01 Validation accuracy: 9.360000e-01 Loss 8.672573e-03 Time taken: 0:09:39.444709
Epoch: 94/100 Train accuracy: 9.441357e-01 Validation accuracy: 9.350000e-01 Loss 8.666070e-03 Time taken: 0:09:39.636643
Epoch: 95/100 Train accuracy: 9.425680e-01 Validation accuracy: 9.356667e-01 Loss 8.673893e-03 Time taken: 0:09:39.516237
Epoch: 96/100 Train accuracy: 9.429243e-01 Validation accuracy: 9.356667e-01 Loss 8.676504e-03 Time taken: 0:09:39.408862
Epoch: 97/100 Train accuracy: 9.412142e-01 Validation accuracy: 9.360000e-01 Loss 8.681074e-03 Time taken: 0:09:39.625057
Epoch: 98/100 Train accuracy: 9.427818e-01 Validation accuracy: 9.360000e-01 Loss 8.675696e-03 Time taken: 0:09:39.531729
Epoch: 99/100 Train accuracy: 9.429956e-01 Validation accuracy: 9.360000e-01 Loss 8.673294e-03 Time taken: 0:09:39.748500
Epoch: 100/100 Train accuracy: 9.420693e-01 Validation accuracy: 9.376667e-01 Loss 8.675606e-03 Time taken: 0:09:40.035848
Total time taken 16:39:06.980469
Done
